BruceChen 10:56:25.524 [main] INFO  edu.bjut.homo.myMain - meterRegTime
BruceChen 10:56:25.992 [main] INFO  edu.bjut.homo.myMain - kgc:reg_response,reg_response,reg_response,reg_response,reg_response,reg_response,reg_response,reg_response,reg_response,reg_response,reg_response,reg_response,reg_response,reg_response,reg_response,reg_response,reg_response,reg_response,reg_response,reg_response,reg_response,reg_response,reg_response,reg_response,reg_response,reg_response,reg_response,reg_response,reg_response,reg_response,reg_response,reg_response,reg_response,reg_response,reg_response,reg_response,reg_response,reg_response,reg_response,reg_response,reg_response,reg_response,reg_response,reg_response,reg_response,reg_response,reg_response,reg_response,reg_response,reg_response,reg_response,reg_response,reg_response,reg_response,reg_response,reg_response,reg_response,reg_response,reg_response,reg_response
BruceChen 10:56:26.011 [main] INFO  edu.bjut.homo.myMain - kgc:7693600,11018900,7826500,7676500,7518200,7739700,7580700,7507700,8013200,7488200,7479000,7470500,7448400,7525300,7434100,7576000,7490300,7408900,7494000,7502400,7529400,7548700,7484600,7436200,7684300,7512800,7362100,7396200,7668100,7362400,7482000,7619700,7404900,7385400,7459400,7324500,7582400,7603400,7495600,7370500,7467200,7525600,7402900,7516900,7411900,7522100,7375000,7407100,7817700,7424900,7353300,7435000,7373500,7744900,7607100,7323000,7329000,7366300,7302900,7375100
BruceChen 10:56:26.011 [main] INFO  edu.bjut.homo.myMain - meter_2453470485240607119:reg,reg_response
BruceChen 10:56:26.011 [main] INFO  edu.bjut.homo.myMain - meter_2453470485240607119:253300,292800
BruceChen 10:56:26.011 [main] INFO  edu.bjut.homo.myMain - meter_1990677410453966865:reg,reg_response
BruceChen 10:56:26.011 [main] INFO  edu.bjut.homo.myMain - meter_1990677410453966865:1656200,158800
BruceChen 10:56:26.011 [main] INFO  edu.bjut.homo.myMain - meter_7902130865138515553:reg,reg_response
BruceChen 10:56:26.011 [main] INFO  edu.bjut.homo.myMain - meter_7902130865138515553:40400,154000
BruceChen 10:56:26.011 [main] INFO  edu.bjut.homo.myMain - meter_587853266248816631:reg,reg_response
BruceChen 10:56:26.011 [main] INFO  edu.bjut.homo.myMain - meter_587853266248816631:36900,137500
BruceChen 10:56:26.011 [main] INFO  edu.bjut.homo.myMain - meter_5964456052108862393:reg,reg_response
BruceChen 10:56:26.011 [main] INFO  edu.bjut.homo.myMain - meter_5964456052108862393:39100,114500
BruceChen 10:56:26.011 [main] INFO  edu.bjut.homo.myMain - meter_3376876757582935347:reg,reg_response
BruceChen 10:56:26.011 [main] INFO  edu.bjut.homo.myMain - meter_3376876757582935347:26700,107400
BruceChen 10:56:26.011 [main] INFO  edu.bjut.homo.myMain - meter_1350103017462578011:reg,reg_response
BruceChen 10:56:26.011 [main] INFO  edu.bjut.homo.myMain - meter_1350103017462578011:26300,113600
BruceChen 10:56:26.011 [main] INFO  edu.bjut.homo.myMain - meter_7460990171397636955:reg,reg_response
BruceChen 10:56:26.011 [main] INFO  edu.bjut.homo.myMain - meter_7460990171397636955:27500,108400
BruceChen 10:56:26.011 [main] INFO  edu.bjut.homo.myMain - meter_5491803132188959597:reg,reg_response
BruceChen 10:56:26.011 [main] INFO  edu.bjut.homo.myMain - meter_5491803132188959597:26000,114300
BruceChen 10:56:26.011 [main] INFO  edu.bjut.homo.myMain - meter_4709936388453025549:reg,reg_response
BruceChen 10:56:26.011 [main] INFO  edu.bjut.homo.myMain - meter_4709936388453025549:26500,106600
BruceChen 10:56:26.011 [main] INFO  edu.bjut.homo.myMain - meter_4570406266532820487:reg,reg_response
BruceChen 10:56:26.011 [main] INFO  edu.bjut.homo.myMain - meter_4570406266532820487:27300,98500
BruceChen 10:56:26.011 [main] INFO  edu.bjut.homo.myMain - meter_2672096312824065529:reg,reg_response
BruceChen 10:56:26.011 [main] INFO  edu.bjut.homo.myMain - meter_2672096312824065529:26200,98500
BruceChen 10:56:26.011 [main] INFO  edu.bjut.homo.myMain - meter_1400950765465254917:reg,reg_response
BruceChen 10:56:26.011 [main] INFO  edu.bjut.homo.myMain - meter_1400950765465254917:33800,103800
BruceChen 10:56:26.011 [main] INFO  edu.bjut.homo.myMain - meter_2254875103239117251:reg,reg_response
BruceChen 10:56:26.011 [main] INFO  edu.bjut.homo.myMain - meter_2254875103239117251:27300,114100
BruceChen 10:56:26.011 [main] INFO  edu.bjut.homo.myMain - meter_5407424340843658971:reg,reg_response
BruceChen 10:56:26.011 [main] INFO  edu.bjut.homo.myMain - meter_5407424340843658971:27400,103300
BruceChen 10:56:26.011 [main] INFO  edu.bjut.homo.myMain - meter_4251615172038311325:reg,reg_response
BruceChen 10:56:26.011 [main] INFO  edu.bjut.homo.myMain - meter_4251615172038311325:26600,94300
BruceChen 10:56:26.011 [main] INFO  edu.bjut.homo.myMain - meter_6678568788690841767:reg,reg_response
BruceChen 10:56:26.011 [main] INFO  edu.bjut.homo.myMain - meter_6678568788690841767:26300,96200
BruceChen 10:56:26.011 [main] INFO  edu.bjut.homo.myMain - meter_7329310479317860385:reg,reg_response
BruceChen 10:56:26.011 [main] INFO  edu.bjut.homo.myMain - meter_7329310479317860385:27100,94100
BruceChen 10:56:26.011 [main] INFO  edu.bjut.homo.myMain - meter_2164711966867244343:reg,reg_response
BruceChen 10:56:26.011 [main] INFO  edu.bjut.homo.myMain - meter_2164711966867244343:26300,95700
BruceChen 10:56:26.011 [main] INFO  edu.bjut.homo.myMain - meter_4188777176951643709:reg,reg_response
BruceChen 10:56:26.011 [main] INFO  edu.bjut.homo.myMain - meter_4188777176951643709:25300,95700
BruceChen 10:56:26.011 [main] INFO  edu.bjut.homo.myMain - meter_8944422562342471959:reg,reg_response
BruceChen 10:56:26.011 [main] INFO  edu.bjut.homo.myMain - meter_8944422562342471959:31200,91600
BruceChen 10:56:26.011 [main] INFO  edu.bjut.homo.myMain - meter_7610218563539052287:reg,reg_response
BruceChen 10:56:26.011 [main] INFO  edu.bjut.homo.myMain - meter_7610218563539052287:27400,103900
BruceChen 10:56:26.011 [main] INFO  edu.bjut.homo.myMain - meter_4053661131452327969:reg,reg_response
BruceChen 10:56:26.011 [main] INFO  edu.bjut.homo.myMain - meter_4053661131452327969:25800,97800
BruceChen 10:56:26.011 [main] INFO  edu.bjut.homo.myMain - meter_2854573178148287633:reg,reg_response
BruceChen 10:56:26.011 [main] INFO  edu.bjut.homo.myMain - meter_2854573178148287633:26300,94300
BruceChen 10:56:26.011 [main] INFO  edu.bjut.homo.myMain - meter_3094825400628362313:reg,reg_response
BruceChen 10:56:26.011 [main] INFO  edu.bjut.homo.myMain - meter_3094825400628362313:25400,103000
BruceChen 10:56:26.011 [main] INFO  edu.bjut.homo.myMain - meter_3557618484004872223:reg,reg_response
BruceChen 10:56:26.011 [main] INFO  edu.bjut.homo.myMain - meter_3557618484004872223:53400,90300
BruceChen 10:56:26.011 [main] INFO  edu.bjut.homo.myMain - meter_1342522616666789:reg,reg_response
BruceChen 10:56:26.011 [main] INFO  edu.bjut.homo.myMain - meter_1342522616666789:26500,96100
BruceChen 10:56:26.011 [main] INFO  edu.bjut.homo.myMain - meter_1708626049204427049:reg,reg_response
BruceChen 10:56:26.011 [main] INFO  edu.bjut.homo.myMain - meter_1708626049204427049:51500,103000
BruceChen 10:56:26.011 [main] INFO  edu.bjut.homo.myMain - meter_8401946251919941605:reg,reg_response
BruceChen 10:56:26.011 [main] INFO  edu.bjut.homo.myMain - meter_8401946251919941605:25600,99200
BruceChen 10:56:26.011 [main] INFO  edu.bjut.homo.myMain - meter_7745334609021590907:reg,reg_response
BruceChen 10:56:26.011 [main] INFO  edu.bjut.homo.myMain - meter_7745334609021590907:30000,112200
BruceChen 10:56:26.011 [main] INFO  edu.bjut.homo.myMain - meter_291244313723347321:reg,reg_response
BruceChen 10:56:26.011 [main] INFO  edu.bjut.homo.myMain - meter_291244313723347321:24700,81100
BruceChen 10:56:26.011 [main] INFO  edu.bjut.homo.myMain - meter_4277570049029511901:reg,reg_response
BruceChen 10:56:26.011 [main] INFO  edu.bjut.homo.myMain - meter_4277570049029511901:24200,80500
BruceChen 10:56:26.011 [main] INFO  edu.bjut.homo.myMain - meter_2543632517822660199:reg,reg_response
BruceChen 10:56:26.011 [main] INFO  edu.bjut.homo.myMain - meter_2543632517822660199:24800,84000
BruceChen 10:56:26.011 [main] INFO  edu.bjut.homo.myMain - meter_4409249736814387253:reg,reg_response
BruceChen 10:56:26.011 [main] INFO  edu.bjut.homo.myMain - meter_4409249736814387253:26900,79200
BruceChen 10:56:26.011 [main] INFO  edu.bjut.homo.myMain - meter_7618068997691223777:reg,reg_response
BruceChen 10:56:26.011 [main] INFO  edu.bjut.homo.myMain - meter_7618068997691223777:24300,77400
BruceChen 10:56:26.011 [main] INFO  edu.bjut.homo.myMain - meter_4437802654271074249:reg,reg_response
BruceChen 10:56:26.011 [main] INFO  edu.bjut.homo.myMain - meter_4437802654271074249:24000,85800
BruceChen 10:56:26.011 [main] INFO  edu.bjut.homo.myMain - meter_1932534966764898703:reg,reg_response
BruceChen 10:56:26.011 [main] INFO  edu.bjut.homo.myMain - meter_1932534966764898703:25900,77800
BruceChen 10:56:26.011 [main] INFO  edu.bjut.homo.myMain - meter_3016286541532316921:reg,reg_response
BruceChen 10:56:26.011 [main] INFO  edu.bjut.homo.myMain - meter_3016286541532316921:24200,100000
BruceChen 10:56:26.011 [main] INFO  edu.bjut.homo.myMain - meter_3864145059302897767:reg,reg_response
BruceChen 10:56:26.011 [main] INFO  edu.bjut.homo.myMain - meter_3864145059302897767:25500,84400
BruceChen 10:56:26.011 [main] INFO  edu.bjut.homo.myMain - meter_1998527840311170659:reg,reg_response
BruceChen 10:56:26.011 [main] INFO  edu.bjut.homo.myMain - meter_1998527840311170659:24800,83200
BruceChen 10:56:26.011 [main] INFO  edu.bjut.homo.myMain - meter_358941638437956829:reg,reg_response
BruceChen 10:56:26.011 [main] INFO  edu.bjut.homo.myMain - meter_358941638437956829:22500,94900
BruceChen 10:56:26.011 [main] INFO  edu.bjut.homo.myMain - meter_7837061903184409637:reg,reg_response
BruceChen 10:56:26.011 [main] INFO  edu.bjut.homo.myMain - meter_7837061903184409637:27700,82000
BruceChen 10:56:26.011 [main] INFO  edu.bjut.homo.myMain - meter_4815355144217154251:reg,reg_response
BruceChen 10:56:26.011 [main] INFO  edu.bjut.homo.myMain - meter_4815355144217154251:23200,76200
BruceChen 10:56:26.011 [main] INFO  edu.bjut.homo.myMain - meter_2879972312362030011:reg,reg_response
BruceChen 10:56:26.011 [main] INFO  edu.bjut.homo.myMain - meter_2879972312362030011:21400,83400
BruceChen 10:56:26.011 [main] INFO  edu.bjut.homo.myMain - meter_1875954552300476293:reg,reg_response
BruceChen 10:56:26.011 [main] INFO  edu.bjut.homo.myMain - meter_1875954552300476293:21600,5079400
BruceChen 10:56:26.011 [main] INFO  edu.bjut.homo.myMain - meter_5417897702081994595:reg,reg_response
BruceChen 10:56:26.011 [main] INFO  edu.bjut.homo.myMain - meter_5417897702081994595:31000,84900
BruceChen 10:56:26.011 [main] INFO  edu.bjut.homo.myMain - meter_2110428964956724665:reg,reg_response
BruceChen 10:56:26.011 [main] INFO  edu.bjut.homo.myMain - meter_2110428964956724665:22000,71400
BruceChen 10:56:26.011 [main] INFO  edu.bjut.homo.myMain - meter_6969307793240010075:reg,reg_response
BruceChen 10:56:26.011 [main] INFO  edu.bjut.homo.myMain - meter_6969307793240010075:21800,72200
BruceChen 10:56:26.011 [main] INFO  edu.bjut.homo.myMain - meter_2631166187610723311:reg,reg_response
BruceChen 10:56:26.011 [main] INFO  edu.bjut.homo.myMain - meter_2631166187610723311:21500,73200
BruceChen 10:56:26.011 [main] INFO  edu.bjut.homo.myMain - meter_6201555599464398447:reg,reg_response
BruceChen 10:56:26.011 [main] INFO  edu.bjut.homo.myMain - meter_6201555599464398447:22100,83000
BruceChen 10:56:26.011 [main] INFO  edu.bjut.homo.myMain - meter_275768237956437269:reg,reg_response
BruceChen 10:56:26.011 [main] INFO  edu.bjut.homo.myMain - meter_275768237956437269:22100,82900
BruceChen 10:56:26.011 [main] INFO  edu.bjut.homo.myMain - meter_3281070669090220545:reg,reg_response
BruceChen 10:56:26.011 [main] INFO  edu.bjut.homo.myMain - meter_3281070669090220545:23900,78600
BruceChen 10:56:26.011 [main] INFO  edu.bjut.homo.myMain - meter_8803968520240298269:reg,reg_response
BruceChen 10:56:26.011 [main] INFO  edu.bjut.homo.myMain - meter_8803968520240298269:23700,73300
BruceChen 10:56:26.011 [main] INFO  edu.bjut.homo.myMain - meter_3117932557996097669:reg,reg_response
BruceChen 10:56:26.011 [main] INFO  edu.bjut.homo.myMain - meter_3117932557996097669:22700,73500
BruceChen 10:56:26.011 [main] INFO  edu.bjut.homo.myMain - meter_8612164803095698153:reg,reg_response
BruceChen 10:56:26.011 [main] INFO  edu.bjut.homo.myMain - meter_8612164803095698153:22000,83800
BruceChen 10:56:26.011 [main] INFO  edu.bjut.homo.myMain - meter_2700711348411149861:reg,reg_response
BruceChen 10:56:26.011 [main] INFO  edu.bjut.homo.myMain - meter_2700711348411149861:21800,70600
BruceChen 10:56:26.011 [main] INFO  edu.bjut.homo.myMain - meter_7341019255736953637:reg,reg_response
BruceChen 10:56:26.011 [main] INFO  edu.bjut.homo.myMain - meter_7341019255736953637:21500,74900
BruceChen 10:56:26.011 [main] INFO  edu.bjut.homo.myMain - meter_3235279442730602883:reg,reg_response
BruceChen 10:56:26.011 [main] INFO  edu.bjut.homo.myMain - meter_3235279442730602883:21200,78800
BruceChen 10:56:26.011 [main] INFO  edu.bjut.homo.myMain - meter_321277985044442027:reg,reg_response
BruceChen 10:56:26.011 [main] INFO  edu.bjut.homo.myMain - meter_321277985044442027:21500,119800
BruceChen 10:56:26.011 [main] INFO  edu.bjut.homo.myMain - meter_6372042213376040039:reg,reg_response
BruceChen 10:56:26.011 [main] INFO  edu.bjut.homo.myMain - meter_6372042213376040039:28800,77500
BruceChen 10:56:26.011 [main] INFO  edu.bjut.homo.myMain - oneTimeMeterRepTime
BruceChen 10:56:26.949 [main] INFO  edu.bjut.homo.myMain - agg:resp_agg
BruceChen 10:56:26.949 [main] INFO  edu.bjut.homo.myMain - agg:308296000
BruceChen 10:56:26.949 [main] INFO  edu.bjut.homo.myMain - server:report_res
BruceChen 10:56:26.949 [main] INFO  edu.bjut.homo.myMain - server:14993700
BruceChen 10:56:26.949 [main] INFO  edu.bjut.homo.myMain - meter_2453470485240607119:report
BruceChen 10:56:26.949 [main] INFO  edu.bjut.homo.myMain - meter_2453470485240607119:22836000
BruceChen 10:56:26.949 [main] INFO  edu.bjut.homo.myMain - meter_1990677410453966865:report
BruceChen 10:56:26.949 [main] INFO  edu.bjut.homo.myMain - meter_1990677410453966865:10633800
BruceChen 10:56:26.949 [main] INFO  edu.bjut.homo.myMain - meter_7902130865138515553:report
BruceChen 10:56:26.949 [main] INFO  edu.bjut.homo.myMain - meter_7902130865138515553:10286300
BruceChen 10:56:26.949 [main] INFO  edu.bjut.homo.myMain - meter_587853266248816631:report
BruceChen 10:56:26.949 [main] INFO  edu.bjut.homo.myMain - meter_587853266248816631:10359600
BruceChen 10:56:26.949 [main] INFO  edu.bjut.homo.myMain - meter_5964456052108862393:report
BruceChen 10:56:26.949 [main] INFO  edu.bjut.homo.myMain - meter_5964456052108862393:10013700
BruceChen 10:56:26.949 [main] INFO  edu.bjut.homo.myMain - meter_3376876757582935347:report
BruceChen 10:56:26.949 [main] INFO  edu.bjut.homo.myMain - meter_3376876757582935347:10249300
BruceChen 10:56:26.949 [main] INFO  edu.bjut.homo.myMain - meter_1350103017462578011:report
BruceChen 10:56:26.949 [main] INFO  edu.bjut.homo.myMain - meter_1350103017462578011:9983300
BruceChen 10:56:26.949 [main] INFO  edu.bjut.homo.myMain - meter_7460990171397636955:report
BruceChen 10:56:26.949 [main] INFO  edu.bjut.homo.myMain - meter_7460990171397636955:9913200
BruceChen 10:56:26.949 [main] INFO  edu.bjut.homo.myMain - meter_5491803132188959597:report
BruceChen 10:56:26.949 [main] INFO  edu.bjut.homo.myMain - meter_5491803132188959597:9972500
BruceChen 10:56:26.965 [main] INFO  edu.bjut.homo.myMain - meter_4709936388453025549:report
BruceChen 10:56:26.965 [main] INFO  edu.bjut.homo.myMain - meter_4709936388453025549:9948000
BruceChen 10:56:26.965 [main] INFO  edu.bjut.homo.myMain - meter_4570406266532820487:report
BruceChen 10:56:26.965 [main] INFO  edu.bjut.homo.myMain - meter_4570406266532820487:9952500
BruceChen 10:56:26.965 [main] INFO  edu.bjut.homo.myMain - meter_2672096312824065529:report
BruceChen 10:56:26.965 [main] INFO  edu.bjut.homo.myMain - meter_2672096312824065529:10102000
BruceChen 10:56:26.965 [main] INFO  edu.bjut.homo.myMain - meter_1400950765465254917:report
BruceChen 10:56:26.965 [main] INFO  edu.bjut.homo.myMain - meter_1400950765465254917:10064100
BruceChen 10:56:26.965 [main] INFO  edu.bjut.homo.myMain - meter_2254875103239117251:report
BruceChen 10:56:26.965 [main] INFO  edu.bjut.homo.myMain - meter_2254875103239117251:12945800
BruceChen 10:56:26.965 [main] INFO  edu.bjut.homo.myMain - meter_5407424340843658971:report
BruceChen 10:56:26.965 [main] INFO  edu.bjut.homo.myMain - meter_5407424340843658971:10236300
BruceChen 10:56:26.965 [main] INFO  edu.bjut.homo.myMain - meter_4251615172038311325:report
BruceChen 10:56:26.965 [main] INFO  edu.bjut.homo.myMain - meter_4251615172038311325:9958600
BruceChen 10:56:26.965 [main] INFO  edu.bjut.homo.myMain - meter_6678568788690841767:report
BruceChen 10:56:26.965 [main] INFO  edu.bjut.homo.myMain - meter_6678568788690841767:9914900
BruceChen 10:56:26.965 [main] INFO  edu.bjut.homo.myMain - meter_7329310479317860385:report
BruceChen 10:56:26.965 [main] INFO  edu.bjut.homo.myMain - meter_7329310479317860385:10000900
BruceChen 10:56:26.965 [main] INFO  edu.bjut.homo.myMain - meter_2164711966867244343:report
BruceChen 10:56:26.965 [main] INFO  edu.bjut.homo.myMain - meter_2164711966867244343:9993800
BruceChen 10:56:26.965 [main] INFO  edu.bjut.homo.myMain - meter_4188777176951643709:report
BruceChen 10:56:26.965 [main] INFO  edu.bjut.homo.myMain - meter_4188777176951643709:9888200
BruceChen 10:56:26.965 [main] INFO  edu.bjut.homo.myMain - meter_8944422562342471959:report
BruceChen 10:56:26.965 [main] INFO  edu.bjut.homo.myMain - meter_8944422562342471959:9915600
BruceChen 10:56:26.965 [main] INFO  edu.bjut.homo.myMain - meter_7610218563539052287:report
BruceChen 10:56:26.965 [main] INFO  edu.bjut.homo.myMain - meter_7610218563539052287:9964900
BruceChen 10:56:26.965 [main] INFO  edu.bjut.homo.myMain - meter_4053661131452327969:report
BruceChen 10:56:26.965 [main] INFO  edu.bjut.homo.myMain - meter_4053661131452327969:9888500
BruceChen 10:56:26.965 [main] INFO  edu.bjut.homo.myMain - meter_2854573178148287633:report
BruceChen 10:56:26.965 [main] INFO  edu.bjut.homo.myMain - meter_2854573178148287633:9946000
BruceChen 10:56:26.965 [main] INFO  edu.bjut.homo.myMain - meter_3094825400628362313:report
BruceChen 10:56:26.965 [main] INFO  edu.bjut.homo.myMain - meter_3094825400628362313:10067800
BruceChen 10:56:26.965 [main] INFO  edu.bjut.homo.myMain - meter_3557618484004872223:report
BruceChen 10:56:26.965 [main] INFO  edu.bjut.homo.myMain - meter_3557618484004872223:9998500
BruceChen 10:56:26.965 [main] INFO  edu.bjut.homo.myMain - meter_1342522616666789:report
BruceChen 10:56:26.965 [main] INFO  edu.bjut.homo.myMain - meter_1342522616666789:10069100
BruceChen 10:56:26.965 [main] INFO  edu.bjut.homo.myMain - meter_1708626049204427049:report
BruceChen 10:56:26.965 [main] INFO  edu.bjut.homo.myMain - meter_1708626049204427049:9943400
BruceChen 10:56:26.965 [main] INFO  edu.bjut.homo.myMain - meter_8401946251919941605:report
BruceChen 10:56:26.965 [main] INFO  edu.bjut.homo.myMain - meter_8401946251919941605:9919500
BruceChen 10:56:26.965 [main] INFO  edu.bjut.homo.myMain - meter_7745334609021590907:report
BruceChen 10:56:26.965 [main] INFO  edu.bjut.homo.myMain - meter_7745334609021590907:10150800
BruceChen 10:56:26.965 [main] INFO  edu.bjut.homo.myMain - meter_291244313723347321:report
BruceChen 10:56:26.965 [main] INFO  edu.bjut.homo.myMain - meter_291244313723347321:9903700
BruceChen 10:56:26.965 [main] INFO  edu.bjut.homo.myMain - meter_4277570049029511901:report
BruceChen 10:56:26.965 [main] INFO  edu.bjut.homo.myMain - meter_4277570049029511901:9897700
BruceChen 10:56:26.965 [main] INFO  edu.bjut.homo.myMain - meter_2543632517822660199:report
BruceChen 10:56:26.965 [main] INFO  edu.bjut.homo.myMain - meter_2543632517822660199:9937600
BruceChen 10:56:26.965 [main] INFO  edu.bjut.homo.myMain - meter_4409249736814387253:report
BruceChen 10:56:26.965 [main] INFO  edu.bjut.homo.myMain - meter_4409249736814387253:9917000
BruceChen 10:56:26.965 [main] INFO  edu.bjut.homo.myMain - meter_7618068997691223777:report
BruceChen 10:56:26.965 [main] INFO  edu.bjut.homo.myMain - meter_7618068997691223777:9883700
BruceChen 10:56:26.965 [main] INFO  edu.bjut.homo.myMain - meter_4437802654271074249:report
BruceChen 10:56:26.965 [main] INFO  edu.bjut.homo.myMain - meter_4437802654271074249:9853000
BruceChen 10:56:26.965 [main] INFO  edu.bjut.homo.myMain - meter_1932534966764898703:report
BruceChen 10:56:26.965 [main] INFO  edu.bjut.homo.myMain - meter_1932534966764898703:9935100
BruceChen 10:56:26.965 [main] INFO  edu.bjut.homo.myMain - meter_3016286541532316921:report
BruceChen 10:56:26.965 [main] INFO  edu.bjut.homo.myMain - meter_3016286541532316921:10164100
BruceChen 10:56:26.965 [main] INFO  edu.bjut.homo.myMain - meter_3864145059302897767:report
BruceChen 10:56:26.965 [main] INFO  edu.bjut.homo.myMain - meter_3864145059302897767:9804000
BruceChen 10:56:26.965 [main] INFO  edu.bjut.homo.myMain - meter_1998527840311170659:report
BruceChen 10:56:26.965 [main] INFO  edu.bjut.homo.myMain - meter_1998527840311170659:9992700
BruceChen 10:56:26.965 [main] INFO  edu.bjut.homo.myMain - meter_358941638437956829:report
BruceChen 10:56:26.965 [main] INFO  edu.bjut.homo.myMain - meter_358941638437956829:9915400
BruceChen 10:56:26.965 [main] INFO  edu.bjut.homo.myMain - meter_7837061903184409637:report
BruceChen 10:56:26.965 [main] INFO  edu.bjut.homo.myMain - meter_7837061903184409637:9983300
BruceChen 10:56:26.965 [main] INFO  edu.bjut.homo.myMain - meter_4815355144217154251:report
BruceChen 10:56:26.965 [main] INFO  edu.bjut.homo.myMain - meter_4815355144217154251:9780800
BruceChen 10:56:26.965 [main] INFO  edu.bjut.homo.myMain - meter_2879972312362030011:report
BruceChen 10:56:26.965 [main] INFO  edu.bjut.homo.myMain - meter_2879972312362030011:9909700
BruceChen 10:56:26.965 [main] INFO  edu.bjut.homo.myMain - meter_1875954552300476293:report
BruceChen 10:56:26.965 [main] INFO  edu.bjut.homo.myMain - meter_1875954552300476293:9806000
BruceChen 10:56:26.965 [main] INFO  edu.bjut.homo.myMain - meter_5417897702081994595:report
BruceChen 10:56:26.965 [main] INFO  edu.bjut.homo.myMain - meter_5417897702081994595:9792000
BruceChen 10:56:26.965 [main] INFO  edu.bjut.homo.myMain - meter_2110428964956724665:report
BruceChen 10:56:26.965 [main] INFO  edu.bjut.homo.myMain - meter_2110428964956724665:9807400
BruceChen 10:56:26.965 [main] INFO  edu.bjut.homo.myMain - meter_6969307793240010075:report
BruceChen 10:56:26.965 [main] INFO  edu.bjut.homo.myMain - meter_6969307793240010075:9747100
BruceChen 10:56:26.965 [main] INFO  edu.bjut.homo.myMain - meter_2631166187610723311:report
BruceChen 10:56:26.965 [main] INFO  edu.bjut.homo.myMain - meter_2631166187610723311:9733800
BruceChen 10:56:26.965 [main] INFO  edu.bjut.homo.myMain - meter_6201555599464398447:report
BruceChen 10:56:26.965 [main] INFO  edu.bjut.homo.myMain - meter_6201555599464398447:12487000
BruceChen 10:56:26.965 [main] INFO  edu.bjut.homo.myMain - meter_275768237956437269:report
BruceChen 10:56:26.965 [main] INFO  edu.bjut.homo.myMain - meter_275768237956437269:10388000
BruceChen 10:56:26.965 [main] INFO  edu.bjut.homo.myMain - meter_3281070669090220545:report
BruceChen 10:56:26.965 [main] INFO  edu.bjut.homo.myMain - meter_3281070669090220545:10315400
BruceChen 10:56:26.965 [main] INFO  edu.bjut.homo.myMain - meter_8803968520240298269:report
BruceChen 10:56:26.965 [main] INFO  edu.bjut.homo.myMain - meter_8803968520240298269:9749400
BruceChen 10:56:26.965 [main] INFO  edu.bjut.homo.myMain - meter_3117932557996097669:report
BruceChen 10:56:26.965 [main] INFO  edu.bjut.homo.myMain - meter_3117932557996097669:9825500
BruceChen 10:56:26.965 [main] INFO  edu.bjut.homo.myMain - meter_8612164803095698153:report
BruceChen 10:56:26.965 [main] INFO  edu.bjut.homo.myMain - meter_8612164803095698153:10207300
BruceChen 10:56:26.965 [main] INFO  edu.bjut.homo.myMain - meter_2700711348411149861:report
BruceChen 10:56:26.965 [main] INFO  edu.bjut.homo.myMain - meter_2700711348411149861:10030200
BruceChen 10:56:26.965 [main] INFO  edu.bjut.homo.myMain - meter_7341019255736953637:report
BruceChen 10:56:26.965 [main] INFO  edu.bjut.homo.myMain - meter_7341019255736953637:9800200
BruceChen 10:56:26.965 [main] INFO  edu.bjut.homo.myMain - meter_3235279442730602883:report
BruceChen 10:56:26.965 [main] INFO  edu.bjut.homo.myMain - meter_3235279442730602883:9763500
BruceChen 10:56:26.965 [main] INFO  edu.bjut.homo.myMain - meter_321277985044442027:report
BruceChen 10:56:26.965 [main] INFO  edu.bjut.homo.myMain - meter_321277985044442027:9845700
BruceChen 10:56:26.965 [main] INFO  edu.bjut.homo.myMain - meter_6372042213376040039:report
BruceChen 10:56:26.965 [main] INFO  edu.bjut.homo.myMain - meter_6372042213376040039:9767600
BruceChen 10:56:30.211 [main] INFO  edu.bjut.homo.myMain - meterRegTime
BruceChen 10:56:30.586 [main] INFO  edu.bjut.homo.myMain - kgc:reg_response,reg_response,reg_response,reg_response,reg_response,reg_response,reg_response,reg_response,reg_response,reg_response,reg_response,reg_response,reg_response,reg_response,reg_response,reg_response,reg_response,reg_response,reg_response,reg_response,reg_response,reg_response,reg_response,reg_response,reg_response,reg_response,reg_response,reg_response,reg_response,reg_response,reg_response,reg_response,reg_response,reg_response,reg_response,reg_response,reg_response,reg_response,reg_response,reg_response,reg_response,reg_response,reg_response,reg_response,reg_response,reg_response,reg_response,reg_response,reg_response,reg_response
BruceChen 10:56:30.586 [main] INFO  edu.bjut.homo.myMain - kgc:7524300,7283800,7314200,7281900,7685500,7519800,7525200,7449800,7864400,7245700,7289700,7272200,8059600,7227000,7364100,7282700,7493100,7243600,7322500,7264000,7418200,7245600,7339800,7287600,7308400,7277700,7282700,7249500,7476500,7258200,7257500,7323700,7360700,7351500,7243400,7554400,7259000,7239000,7365700,7253500,7372600,7418900,7383600,7334900,7430500,7331600,10059500,7499900,7595400,7260200
BruceChen 10:56:30.586 [main] INFO  edu.bjut.homo.myMain - meter_2816690172169871929:reg,reg_response
BruceChen 10:56:30.586 [main] INFO  edu.bjut.homo.myMain - meter_2816690172169871929:38500,43200
BruceChen 10:56:30.586 [main] INFO  edu.bjut.homo.myMain - meter_5723060548288759765:reg,reg_response
BruceChen 10:56:30.586 [main] INFO  edu.bjut.homo.myMain - meter_5723060548288759765:9500,58600
BruceChen 10:56:30.586 [main] INFO  edu.bjut.homo.myMain - meter_8464784247006610451:reg,reg_response
BruceChen 10:56:30.586 [main] INFO  edu.bjut.homo.myMain - meter_8464784247006610451:10000,61600
BruceChen 10:56:30.586 [main] INFO  edu.bjut.homo.myMain - meter_8826150662192560615:reg,reg_response
BruceChen 10:56:30.586 [main] INFO  edu.bjut.homo.myMain - meter_8826150662192560615:13900,62300
BruceChen 10:56:30.586 [main] INFO  edu.bjut.homo.myMain - meter_382269247868668405:reg,reg_response
BruceChen 10:56:30.586 [main] INFO  edu.bjut.homo.myMain - meter_382269247868668405:8600,50200
BruceChen 10:56:30.586 [main] INFO  edu.bjut.homo.myMain - meter_3706424887298902355:reg,reg_response
BruceChen 10:56:30.586 [main] INFO  edu.bjut.homo.myMain - meter_3706424887298902355:9200,35600
BruceChen 10:56:30.586 [main] INFO  edu.bjut.homo.myMain - meter_3157241415474293539:reg,reg_response
BruceChen 10:56:30.586 [main] INFO  edu.bjut.homo.myMain - meter_3157241415474293539:8500,34900
BruceChen 10:56:30.586 [main] INFO  edu.bjut.homo.myMain - meter_4876565759609438839:reg,reg_response
BruceChen 10:56:30.586 [main] INFO  edu.bjut.homo.myMain - meter_4876565759609438839:8200,32600
BruceChen 10:56:30.586 [main] INFO  edu.bjut.homo.myMain - meter_8361066701448053057:reg,reg_response
BruceChen 10:56:30.586 [main] INFO  edu.bjut.homo.myMain - meter_8361066701448053057:7600,33500
BruceChen 10:56:30.586 [main] INFO  edu.bjut.homo.myMain - meter_2886454681243452561:reg,reg_response
BruceChen 10:56:30.586 [main] INFO  edu.bjut.homo.myMain - meter_2886454681243452561:7000,30200
BruceChen 10:56:30.586 [main] INFO  edu.bjut.homo.myMain - meter_7985366383750434935:reg,reg_response
BruceChen 10:56:30.586 [main] INFO  edu.bjut.homo.myMain - meter_7985366383750434935:6800,38600
BruceChen 10:56:30.586 [main] INFO  edu.bjut.homo.myMain - meter_3768338966515345171:reg,reg_response
BruceChen 10:56:30.586 [main] INFO  edu.bjut.homo.myMain - meter_3768338966515345171:8100,38400
BruceChen 10:56:30.586 [main] INFO  edu.bjut.homo.myMain - meter_2160302226609003659:reg,reg_response
BruceChen 10:56:30.586 [main] INFO  edu.bjut.homo.myMain - meter_2160302226609003659:8400,32200
BruceChen 10:56:30.586 [main] INFO  edu.bjut.homo.myMain - meter_1396536684732620627:reg,reg_response
BruceChen 10:56:30.586 [main] INFO  edu.bjut.homo.myMain - meter_1396536684732620627:7300,32300
BruceChen 10:56:30.586 [main] INFO  edu.bjut.homo.myMain - meter_7526341703511692135:reg,reg_response
BruceChen 10:56:30.586 [main] INFO  edu.bjut.homo.myMain - meter_7526341703511692135:7000,34400
BruceChen 10:56:30.586 [main] INFO  edu.bjut.homo.myMain - meter_9100357020686015383:reg,reg_response
BruceChen 10:56:30.586 [main] INFO  edu.bjut.homo.myMain - meter_9100357020686015383:7300,39000
BruceChen 10:56:30.586 [main] INFO  edu.bjut.homo.myMain - meter_3819743552478517943:reg,reg_response
BruceChen 10:56:30.586 [main] INFO  edu.bjut.homo.myMain - meter_3819743552478517943:7600,39800
BruceChen 10:56:30.586 [main] INFO  edu.bjut.homo.myMain - meter_3437091825583442797:reg,reg_response
BruceChen 10:56:30.586 [main] INFO  edu.bjut.homo.myMain - meter_3437091825583442797:7100,30600
BruceChen 10:56:30.586 [main] INFO  edu.bjut.homo.myMain - meter_4340261418269492307:reg,reg_response
BruceChen 10:56:30.586 [main] INFO  edu.bjut.homo.myMain - meter_4340261418269492307:6400,32700
BruceChen 10:56:30.586 [main] INFO  edu.bjut.homo.myMain - meter_1016387253815968593:reg,reg_response
BruceChen 10:56:30.586 [main] INFO  edu.bjut.homo.myMain - meter_1016387253815968593:6800,30800
BruceChen 10:56:30.586 [main] INFO  edu.bjut.homo.myMain - meter_5743085558196517343:reg,reg_response
BruceChen 10:56:30.586 [main] INFO  edu.bjut.homo.myMain - meter_5743085558196517343:6900,30800
BruceChen 10:56:30.586 [main] INFO  edu.bjut.homo.myMain - meter_4471941110349335207:reg,reg_response
BruceChen 10:56:30.586 [main] INFO  edu.bjut.homo.myMain - meter_4471941110349335207:7000,30400
BruceChen 10:56:30.586 [main] INFO  edu.bjut.homo.myMain - meter_7209427369908284171:reg,reg_response
BruceChen 10:56:30.586 [main] INFO  edu.bjut.homo.myMain - meter_7209427369908284171:10200,31400
BruceChen 10:56:30.586 [main] INFO  edu.bjut.homo.myMain - meter_2558741515646356269:reg,reg_response
BruceChen 10:56:30.586 [main] INFO  edu.bjut.homo.myMain - meter_2558741515646356269:6800,30100
BruceChen 10:56:30.586 [main] INFO  edu.bjut.homo.myMain - meter_3093591089254198907:reg,reg_response
BruceChen 10:56:30.586 [main] INFO  edu.bjut.homo.myMain - meter_3093591089254198907:6800,29900
BruceChen 10:56:30.586 [main] INFO  edu.bjut.homo.myMain - meter_463247817792458511:reg,reg_response
BruceChen 10:56:30.586 [main] INFO  edu.bjut.homo.myMain - meter_463247817792458511:6500,32600
BruceChen 10:56:30.586 [main] INFO  edu.bjut.homo.myMain - meter_3875175262813538751:reg,reg_response
BruceChen 10:56:30.586 [main] INFO  edu.bjut.homo.myMain - meter_3875175262813538751:6800,30500
BruceChen 10:56:30.586 [main] INFO  edu.bjut.homo.myMain - meter_318899301425335729:reg,reg_response
BruceChen 10:56:30.586 [main] INFO  edu.bjut.homo.myMain - meter_318899301425335729:6700,30400
BruceChen 10:56:30.586 [main] INFO  edu.bjut.homo.myMain - meter_5739129598292518657:reg,reg_response
BruceChen 10:56:30.586 [main] INFO  edu.bjut.homo.myMain - meter_5739129598292518657:7000,31100
BruceChen 10:56:30.586 [main] INFO  edu.bjut.homo.myMain - meter_8528153089660125433:reg,reg_response
BruceChen 10:56:30.586 [main] INFO  edu.bjut.homo.myMain - meter_8528153089660125433:6900,30600
BruceChen 10:56:30.586 [main] INFO  edu.bjut.homo.myMain - meter_5812850071548224509:reg,reg_response
BruceChen 10:56:30.586 [main] INFO  edu.bjut.homo.myMain - meter_5812850071548224509:6600,30400
BruceChen 10:56:30.586 [main] INFO  edu.bjut.homo.myMain - meter_3873512379300727569:reg,reg_response
BruceChen 10:56:30.586 [main] INFO  edu.bjut.homo.myMain - meter_3873512379300727569:6700,34400
BruceChen 10:56:30.586 [main] INFO  edu.bjut.homo.myMain - meter_5162945594363629457:reg,reg_response
BruceChen 10:56:30.586 [main] INFO  edu.bjut.homo.myMain - meter_5162945594363629457:6800,32600
BruceChen 10:56:30.586 [main] INFO  edu.bjut.homo.myMain - meter_6590478280925440549:reg,reg_response
BruceChen 10:56:30.586 [main] INFO  edu.bjut.homo.myMain - meter_6590478280925440549:6800,40200
BruceChen 10:56:30.586 [main] INFO  edu.bjut.homo.myMain - meter_1796306344856019447:reg,reg_response
BruceChen 10:56:30.586 [main] INFO  edu.bjut.homo.myMain - meter_1796306344856019447:7000,37100
BruceChen 10:56:30.586 [main] INFO  edu.bjut.homo.myMain - meter_5115363218669218423:reg,reg_response
BruceChen 10:56:30.586 [main] INFO  edu.bjut.homo.myMain - meter_5115363218669218423:8700,29900
BruceChen 10:56:30.586 [main] INFO  edu.bjut.homo.myMain - meter_479872606278771657:reg,reg_response
BruceChen 10:56:30.586 [main] INFO  edu.bjut.homo.myMain - meter_479872606278771657:6000,39300
BruceChen 10:56:30.586 [main] INFO  edu.bjut.homo.myMain - meter_7909205104467033513:reg,reg_response
BruceChen 10:56:30.586 [main] INFO  edu.bjut.homo.myMain - meter_7909205104467033513:6000,40500
BruceChen 10:56:30.586 [main] INFO  edu.bjut.homo.myMain - meter_3182506800086484961:reg,reg_response
BruceChen 10:56:30.586 [main] INFO  edu.bjut.homo.myMain - meter_3182506800086484961:6000,28000
BruceChen 10:56:30.586 [main] INFO  edu.bjut.homo.myMain - meter_5971530291437314773:reg,reg_response
BruceChen 10:56:30.586 [main] INFO  edu.bjut.homo.myMain - meter_5971530291437314773:5900,27400
BruceChen 10:56:30.586 [main] INFO  edu.bjut.homo.myMain - meter_2861189296631262787:reg,reg_response
BruceChen 10:56:30.586 [main] INFO  edu.bjut.homo.myMain - meter_2861189296631262787:6000,27400
BruceChen 10:56:30.586 [main] INFO  edu.bjut.homo.myMain - meter_2928661828808506971:reg,reg_response
BruceChen 10:56:30.586 [main] INFO  edu.bjut.homo.myMain - meter_2928661828808506971:6100,27400
BruceChen 10:56:30.586 [main] INFO  edu.bjut.homo.myMain - meter_541786681200181511:reg,reg_response
BruceChen 10:56:30.586 [main] INFO  edu.bjut.homo.myMain - meter_541786681200181511:5900,29800
BruceChen 10:56:30.586 [main] INFO  edu.bjut.homo.myMain - meter_3782303592110807819:reg,reg_response
BruceChen 10:56:30.586 [main] INFO  edu.bjut.homo.myMain - meter_3782303592110807819:6200,28100
BruceChen 10:56:30.586 [main] INFO  edu.bjut.homo.myMain - meter_8422612598931395303:reg,reg_response
BruceChen 10:56:30.586 [main] INFO  edu.bjut.homo.myMain - meter_8422612598931395303:6100,59100
BruceChen 10:56:30.602 [main] INFO  edu.bjut.homo.myMain - meter_5647920811102533033:reg,reg_response
BruceChen 10:56:30.602 [main] INFO  edu.bjut.homo.myMain - meter_5647920811102533033:6400,27200
BruceChen 10:56:30.602 [main] INFO  edu.bjut.homo.myMain - meter_6254829073948251623:reg,reg_response
BruceChen 10:56:30.602 [main] INFO  edu.bjut.homo.myMain - meter_6254829073948251623:6000,32400
BruceChen 10:56:30.602 [main] INFO  edu.bjut.homo.myMain - meter_343374519768787143:reg,reg_response
BruceChen 10:56:30.602 [main] INFO  edu.bjut.homo.myMain - meter_343374519768787143:6700,30700
BruceChen 10:56:30.602 [main] INFO  edu.bjut.homo.myMain - meter_906889699410264395:reg,reg_response
BruceChen 10:56:30.602 [main] INFO  edu.bjut.homo.myMain - meter_906889699410264395:6100,31600
BruceChen 10:56:30.602 [main] INFO  edu.bjut.homo.myMain - meter_2649949207653169685:reg,reg_response
BruceChen 10:56:30.602 [main] INFO  edu.bjut.homo.myMain - meter_2649949207653169685:6800,31600
BruceChen 10:56:30.602 [main] INFO  edu.bjut.homo.myMain - oneTimeMeterRepTime
BruceChen 10:56:31.351 [main] INFO  edu.bjut.homo.myMain - agg:resp_agg
BruceChen 10:56:31.351 [main] INFO  edu.bjut.homo.myMain - agg:248550300
BruceChen 10:56:31.351 [main] INFO  edu.bjut.homo.myMain - server:report_res
BruceChen 10:56:31.351 [main] INFO  edu.bjut.homo.myMain - server:14401700
BruceChen 10:56:31.351 [main] INFO  edu.bjut.homo.myMain - meter_2816690172169871929:report
BruceChen 10:56:31.351 [main] INFO  edu.bjut.homo.myMain - meter_2816690172169871929:10385500
BruceChen 10:56:31.351 [main] INFO  edu.bjut.homo.myMain - meter_5723060548288759765:report
BruceChen 10:56:31.351 [main] INFO  edu.bjut.homo.myMain - meter_5723060548288759765:9673400
BruceChen 10:56:31.351 [main] INFO  edu.bjut.homo.myMain - meter_8464784247006610451:report
BruceChen 10:56:31.351 [main] INFO  edu.bjut.homo.myMain - meter_8464784247006610451:9803900
BruceChen 10:56:31.351 [main] INFO  edu.bjut.homo.myMain - meter_8826150662192560615:report
BruceChen 10:56:31.351 [main] INFO  edu.bjut.homo.myMain - meter_8826150662192560615:9770200
BruceChen 10:56:31.351 [main] INFO  edu.bjut.homo.myMain - meter_382269247868668405:report
BruceChen 10:56:31.351 [main] INFO  edu.bjut.homo.myMain - meter_382269247868668405:9886100
BruceChen 10:56:31.351 [main] INFO  edu.bjut.homo.myMain - meter_3706424887298902355:report
BruceChen 10:56:31.351 [main] INFO  edu.bjut.homo.myMain - meter_3706424887298902355:10008100
BruceChen 10:56:31.351 [main] INFO  edu.bjut.homo.myMain - meter_3157241415474293539:report
BruceChen 10:56:31.351 [main] INFO  edu.bjut.homo.myMain - meter_3157241415474293539:10230200
BruceChen 10:56:31.351 [main] INFO  edu.bjut.homo.myMain - meter_4876565759609438839:report
BruceChen 10:56:31.351 [main] INFO  edu.bjut.homo.myMain - meter_4876565759609438839:10039200
BruceChen 10:56:31.351 [main] INFO  edu.bjut.homo.myMain - meter_8361066701448053057:report
BruceChen 10:56:31.351 [main] INFO  edu.bjut.homo.myMain - meter_8361066701448053057:9983100
BruceChen 10:56:31.351 [main] INFO  edu.bjut.homo.myMain - meter_2886454681243452561:report
BruceChen 10:56:31.351 [main] INFO  edu.bjut.homo.myMain - meter_2886454681243452561:9710800
BruceChen 10:56:31.351 [main] INFO  edu.bjut.homo.myMain - meter_7985366383750434935:report
BruceChen 10:56:31.351 [main] INFO  edu.bjut.homo.myMain - meter_7985366383750434935:9746500
BruceChen 10:56:31.351 [main] INFO  edu.bjut.homo.myMain - meter_3768338966515345171:report
BruceChen 10:56:31.351 [main] INFO  edu.bjut.homo.myMain - meter_3768338966515345171:9677000
BruceChen 10:56:31.351 [main] INFO  edu.bjut.homo.myMain - meter_2160302226609003659:report
BruceChen 10:56:31.351 [main] INFO  edu.bjut.homo.myMain - meter_2160302226609003659:9682600
BruceChen 10:56:31.351 [main] INFO  edu.bjut.homo.myMain - meter_1396536684732620627:report
BruceChen 10:56:31.351 [main] INFO  edu.bjut.homo.myMain - meter_1396536684732620627:9659700
BruceChen 10:56:31.351 [main] INFO  edu.bjut.homo.myMain - meter_7526341703511692135:report
BruceChen 10:56:31.351 [main] INFO  edu.bjut.homo.myMain - meter_7526341703511692135:9629600
BruceChen 10:56:31.351 [main] INFO  edu.bjut.homo.myMain - meter_9100357020686015383:report
BruceChen 10:56:31.351 [main] INFO  edu.bjut.homo.myMain - meter_9100357020686015383:9707000
BruceChen 10:56:31.351 [main] INFO  edu.bjut.homo.myMain - meter_3819743552478517943:report
BruceChen 10:56:31.351 [main] INFO  edu.bjut.homo.myMain - meter_3819743552478517943:9625700
BruceChen 10:56:31.351 [main] INFO  edu.bjut.homo.myMain - meter_3437091825583442797:report
BruceChen 10:56:31.351 [main] INFO  edu.bjut.homo.myMain - meter_3437091825583442797:9656000
BruceChen 10:56:31.351 [main] INFO  edu.bjut.homo.myMain - meter_4340261418269492307:report
BruceChen 10:56:31.351 [main] INFO  edu.bjut.homo.myMain - meter_4340261418269492307:9659100
BruceChen 10:56:31.351 [main] INFO  edu.bjut.homo.myMain - meter_1016387253815968593:report
BruceChen 10:56:31.351 [main] INFO  edu.bjut.homo.myMain - meter_1016387253815968593:9636000
BruceChen 10:56:31.351 [main] INFO  edu.bjut.homo.myMain - meter_5743085558196517343:report
BruceChen 10:56:31.351 [main] INFO  edu.bjut.homo.myMain - meter_5743085558196517343:9634700
BruceChen 10:56:31.351 [main] INFO  edu.bjut.homo.myMain - meter_4471941110349335207:report
BruceChen 10:56:31.351 [main] INFO  edu.bjut.homo.myMain - meter_4471941110349335207:9626700
BruceChen 10:56:31.351 [main] INFO  edu.bjut.homo.myMain - meter_7209427369908284171:report
BruceChen 10:56:31.351 [main] INFO  edu.bjut.homo.myMain - meter_7209427369908284171:9711200
BruceChen 10:56:31.351 [main] INFO  edu.bjut.homo.myMain - meter_2558741515646356269:report
BruceChen 10:56:31.351 [main] INFO  edu.bjut.homo.myMain - meter_2558741515646356269:9620800
BruceChen 10:56:31.351 [main] INFO  edu.bjut.homo.myMain - meter_3093591089254198907:report
BruceChen 10:56:31.351 [main] INFO  edu.bjut.homo.myMain - meter_3093591089254198907:9626300
BruceChen 10:56:31.351 [main] INFO  edu.bjut.homo.myMain - meter_463247817792458511:report
BruceChen 10:56:31.351 [main] INFO  edu.bjut.homo.myMain - meter_463247817792458511:9696000
BruceChen 10:56:31.351 [main] INFO  edu.bjut.homo.myMain - meter_3875175262813538751:report
BruceChen 10:56:31.351 [main] INFO  edu.bjut.homo.myMain - meter_3875175262813538751:9623400
BruceChen 10:56:31.351 [main] INFO  edu.bjut.homo.myMain - meter_318899301425335729:report
BruceChen 10:56:31.351 [main] INFO  edu.bjut.homo.myMain - meter_318899301425335729:9614700
BruceChen 10:56:31.351 [main] INFO  edu.bjut.homo.myMain - meter_5739129598292518657:report
BruceChen 10:56:31.351 [main] INFO  edu.bjut.homo.myMain - meter_5739129598292518657:9632100
BruceChen 10:56:31.351 [main] INFO  edu.bjut.homo.myMain - meter_8528153089660125433:report
BruceChen 10:56:31.351 [main] INFO  edu.bjut.homo.myMain - meter_8528153089660125433:9733300
BruceChen 10:56:31.351 [main] INFO  edu.bjut.homo.myMain - meter_5812850071548224509:report
BruceChen 10:56:31.351 [main] INFO  edu.bjut.homo.myMain - meter_5812850071548224509:9638100
BruceChen 10:56:31.351 [main] INFO  edu.bjut.homo.myMain - meter_3873512379300727569:report
BruceChen 10:56:31.351 [main] INFO  edu.bjut.homo.myMain - meter_3873512379300727569:9773600
BruceChen 10:56:31.351 [main] INFO  edu.bjut.homo.myMain - meter_5162945594363629457:report
BruceChen 10:56:31.351 [main] INFO  edu.bjut.homo.myMain - meter_5162945594363629457:9616200
BruceChen 10:56:31.351 [main] INFO  edu.bjut.homo.myMain - meter_6590478280925440549:report
BruceChen 10:56:31.351 [main] INFO  edu.bjut.homo.myMain - meter_6590478280925440549:9576000
BruceChen 10:56:31.351 [main] INFO  edu.bjut.homo.myMain - meter_1796306344856019447:report
BruceChen 10:56:31.351 [main] INFO  edu.bjut.homo.myMain - meter_1796306344856019447:9522900
BruceChen 10:56:31.351 [main] INFO  edu.bjut.homo.myMain - meter_5115363218669218423:report
BruceChen 10:56:31.351 [main] INFO  edu.bjut.homo.myMain - meter_5115363218669218423:12318700
BruceChen 10:56:31.351 [main] INFO  edu.bjut.homo.myMain - meter_479872606278771657:report
BruceChen 10:56:31.351 [main] INFO  edu.bjut.homo.myMain - meter_479872606278771657:9662100
BruceChen 10:56:31.351 [main] INFO  edu.bjut.homo.myMain - meter_7909205104467033513:report
BruceChen 10:56:31.351 [main] INFO  edu.bjut.homo.myMain - meter_7909205104467033513:9896500
BruceChen 10:56:31.351 [main] INFO  edu.bjut.homo.myMain - meter_3182506800086484961:report
BruceChen 10:56:31.351 [main] INFO  edu.bjut.homo.myMain - meter_3182506800086484961:9682500
BruceChen 10:56:31.351 [main] INFO  edu.bjut.homo.myMain - meter_5971530291437314773:report
BruceChen 10:56:31.351 [main] INFO  edu.bjut.homo.myMain - meter_5971530291437314773:9664500
BruceChen 10:56:31.351 [main] INFO  edu.bjut.homo.myMain - meter_2861189296631262787:report
BruceChen 10:56:31.351 [main] INFO  edu.bjut.homo.myMain - meter_2861189296631262787:9605500
BruceChen 10:56:31.351 [main] INFO  edu.bjut.homo.myMain - meter_2928661828808506971:report
BruceChen 10:56:31.351 [main] INFO  edu.bjut.homo.myMain - meter_2928661828808506971:9700900
BruceChen 10:56:31.351 [main] INFO  edu.bjut.homo.myMain - meter_541786681200181511:report
BruceChen 10:56:31.351 [main] INFO  edu.bjut.homo.myMain - meter_541786681200181511:9613800
BruceChen 10:56:31.351 [main] INFO  edu.bjut.homo.myMain - meter_3782303592110807819:report
BruceChen 10:56:31.351 [main] INFO  edu.bjut.homo.myMain - meter_3782303592110807819:9755100
BruceChen 10:56:31.351 [main] INFO  edu.bjut.homo.myMain - meter_8422612598931395303:report
BruceChen 10:56:31.351 [main] INFO  edu.bjut.homo.myMain - meter_8422612598931395303:9633600
BruceChen 10:56:31.351 [main] INFO  edu.bjut.homo.myMain - meter_5647920811102533033:report
BruceChen 10:56:31.351 [main] INFO  edu.bjut.homo.myMain - meter_5647920811102533033:9650600
BruceChen 10:56:31.351 [main] INFO  edu.bjut.homo.myMain - meter_6254829073948251623:report
BruceChen 10:56:31.351 [main] INFO  edu.bjut.homo.myMain - meter_6254829073948251623:9640200
BruceChen 10:56:31.351 [main] INFO  edu.bjut.homo.myMain - meter_343374519768787143:report
BruceChen 10:56:31.351 [main] INFO  edu.bjut.homo.myMain - meter_343374519768787143:9631900
BruceChen 10:56:31.351 [main] INFO  edu.bjut.homo.myMain - meter_906889699410264395:report
BruceChen 10:56:31.351 [main] INFO  edu.bjut.homo.myMain - meter_906889699410264395:9611700
BruceChen 10:56:31.351 [main] INFO  edu.bjut.homo.myMain - meter_2649949207653169685:report
BruceChen 10:56:31.351 [main] INFO  edu.bjut.homo.myMain - meter_2649949207653169685:9584600
BruceChen 10:56:33.901 [main] INFO  edu.bjut.homo.myMain - meterRegTime
BruceChen 10:56:34.197 [main] INFO  edu.bjut.homo.myMain - kgc:reg_response,reg_response,reg_response,reg_response,reg_response,reg_response,reg_response,reg_response,reg_response,reg_response,reg_response,reg_response,reg_response,reg_response,reg_response,reg_response,reg_response,reg_response,reg_response,reg_response,reg_response,reg_response,reg_response,reg_response,reg_response,reg_response,reg_response,reg_response,reg_response,reg_response,reg_response,reg_response,reg_response,reg_response,reg_response,reg_response,reg_response,reg_response,reg_response,reg_response
BruceChen 10:56:34.197 [main] INFO  edu.bjut.homo.myMain - kgc:7500700,7231500,7267900,7226600,8347900,7274000,7284800,7237100,7322200,7391900,7233300,7595600,7467800,7547400,7202100,7334600,7432800,7316500,7215400,7436300,7254300,7247300,7236000,7222600,7295400,7593200,7429800,7981300,7235200,7422900,7361800,7310500,7319800,7088700,7234900,7194000,7312800,7351300,7251400,7301900
BruceChen 10:56:34.197 [main] INFO  edu.bjut.homo.myMain - meter_7133179388180238479:reg,reg_response
BruceChen 10:56:34.197 [main] INFO  edu.bjut.homo.myMain - meter_7133179388180238479:28700,22700
BruceChen 10:56:34.197 [main] INFO  edu.bjut.homo.myMain - meter_8867118014620591085:reg,reg_response
BruceChen 10:56:34.197 [main] INFO  edu.bjut.homo.myMain - meter_8867118014620591085:8200,21000
BruceChen 10:56:34.197 [main] INFO  edu.bjut.homo.myMain - meter_5473886250394288301:reg,reg_response
BruceChen 10:56:34.197 [main] INFO  edu.bjut.homo.myMain - meter_5473886250394288301:6100,22200
BruceChen 10:56:34.197 [main] INFO  edu.bjut.homo.myMain - meter_6109459024073693709:reg,reg_response
BruceChen 10:56:34.197 [main] INFO  edu.bjut.homo.myMain - meter_6109459024073693709:6000,20400
BruceChen 10:56:34.197 [main] INFO  edu.bjut.homo.myMain - meter_8085532745861368555:reg,reg_response
BruceChen 10:56:34.197 [main] INFO  edu.bjut.homo.myMain - meter_8085532745861368555:7600,24400
BruceChen 10:56:34.197 [main] INFO  edu.bjut.homo.myMain - meter_7411561063423940123:reg,reg_response
BruceChen 10:56:34.197 [main] INFO  edu.bjut.homo.myMain - meter_7411561063423940123:7300,22500
BruceChen 10:56:34.197 [main] INFO  edu.bjut.homo.myMain - meter_958366549369624109:reg,reg_response
BruceChen 10:56:34.197 [main] INFO  edu.bjut.homo.myMain - meter_958366549369624109:6200,31300
BruceChen 10:56:34.197 [main] INFO  edu.bjut.homo.myMain - meter_7049082071811648845:reg,reg_response
BruceChen 10:56:34.197 [main] INFO  edu.bjut.homo.myMain - meter_7049082071811648845:6400,40000
BruceChen 10:56:34.197 [main] INFO  edu.bjut.homo.myMain - meter_8466239010443748013:reg,reg_response
BruceChen 10:56:34.197 [main] INFO  edu.bjut.homo.myMain - meter_8466239010443748013:6000,21200
BruceChen 10:56:34.197 [main] INFO  edu.bjut.homo.myMain - meter_8248170025115754877:reg,reg_response
BruceChen 10:56:34.197 [main] INFO  edu.bjut.homo.myMain - meter_8248170025115754877:6000,20800
BruceChen 10:56:34.197 [main] INFO  edu.bjut.homo.myMain - meter_6656349419523825517:reg,reg_response
BruceChen 10:56:34.197 [main] INFO  edu.bjut.homo.myMain - meter_6656349419523825517:5800,20600
BruceChen 10:56:34.197 [main] INFO  edu.bjut.homo.myMain - meter_3100073462430589503:reg,reg_response
BruceChen 10:56:34.197 [main] INFO  edu.bjut.homo.myMain - meter_3100073462430589503:5700,22900
BruceChen 10:56:34.197 [main] INFO  edu.bjut.homo.myMain - meter_2754219254992800131:reg,reg_response
BruceChen 10:56:34.197 [main] INFO  edu.bjut.homo.myMain - meter_2754219254992800131:5700,22500
BruceChen 10:56:34.197 [main] INFO  edu.bjut.homo.myMain - meter_1900985504814739171:reg,reg_response
BruceChen 10:56:34.197 [main] INFO  edu.bjut.homo.myMain - meter_1900985504814739171:5900,30200
BruceChen 10:56:34.197 [main] INFO  edu.bjut.homo.myMain - meter_5528909947621846171:reg,reg_response
BruceChen 10:56:34.197 [main] INFO  edu.bjut.homo.myMain - meter_5528909947621846171:5900,32500
BruceChen 10:56:34.197 [main] INFO  edu.bjut.homo.myMain - meter_3766602723806529527:reg,reg_response
BruceChen 10:56:34.197 [main] INFO  edu.bjut.homo.myMain - meter_3766602723806529527:7700,33800
BruceChen 10:56:34.197 [main] INFO  edu.bjut.homo.myMain - meter_7679427338425110685:reg,reg_response
BruceChen 10:56:34.197 [main] INFO  edu.bjut.homo.myMain - meter_7679427338425110685:6100,22300
BruceChen 10:56:34.197 [main] INFO  edu.bjut.homo.myMain - meter_7196707970862708201:reg,reg_response
BruceChen 10:56:34.197 [main] INFO  edu.bjut.homo.myMain - meter_7196707970862708201:6100,28200
BruceChen 10:56:34.197 [main] INFO  edu.bjut.homo.myMain - meter_5928865027321817631:reg,reg_response
BruceChen 10:56:34.197 [main] INFO  edu.bjut.homo.myMain - meter_5928865027321817631:6000,27900
BruceChen 10:56:34.197 [main] INFO  edu.bjut.homo.myMain - meter_3438705238161263161:reg,reg_response
BruceChen 10:56:34.197 [main] INFO  edu.bjut.homo.myMain - meter_3438705238161263161:5600,19500
BruceChen 10:56:34.197 [main] INFO  edu.bjut.homo.myMain - meter_9079959497177543311:reg,reg_response
BruceChen 10:56:34.197 [main] INFO  edu.bjut.homo.myMain - meter_9079959497177543311:5800,19600
BruceChen 10:56:34.197 [main] INFO  edu.bjut.homo.myMain - meter_6564437801001157451:reg,reg_response
BruceChen 10:56:34.197 [main] INFO  edu.bjut.homo.myMain - meter_6564437801001157451:5700,19900
BruceChen 10:56:34.197 [main] INFO  edu.bjut.homo.myMain - meter_5408347157219099115:reg,reg_response
BruceChen 10:56:34.197 [main] INFO  edu.bjut.homo.myMain - meter_5408347157219099115:5600,19900
BruceChen 10:56:34.197 [main] INFO  edu.bjut.homo.myMain - meter_7214342278185753187:reg,reg_response
BruceChen 10:56:34.197 [main] INFO  edu.bjut.homo.myMain - meter_7214342278185753187:5500,19900
BruceChen 10:56:34.197 [main] INFO  edu.bjut.homo.myMain - meter_3724247855161284803:reg,reg_response
BruceChen 10:56:34.197 [main] INFO  edu.bjut.homo.myMain - meter_3724247855161284803:5400,21700
BruceChen 10:56:34.197 [main] INFO  edu.bjut.homo.myMain - meter_949556063037454441:reg,reg_response
BruceChen 10:56:34.197 [main] INFO  edu.bjut.homo.myMain - meter_949556063037454441:5700,20000
BruceChen 10:56:34.197 [main] INFO  edu.bjut.homo.myMain - meter_4573622159299450581:reg,reg_response
BruceChen 10:56:34.197 [main] INFO  edu.bjut.homo.myMain - meter_4573622159299450581:5800,19400
BruceChen 10:56:34.197 [main] INFO  edu.bjut.homo.myMain - meter_7348313951423346663:reg,reg_response
BruceChen 10:56:34.197 [main] INFO  edu.bjut.homo.myMain - meter_7348313951423346663:5600,30300
BruceChen 10:56:34.197 [main] INFO  edu.bjut.homo.myMain - meter_5721544761937886577:reg,reg_response
BruceChen 10:56:34.197 [main] INFO  edu.bjut.homo.myMain - meter_5721544761937886577:5800,20200
BruceChen 10:56:34.197 [main] INFO  edu.bjut.homo.myMain - meter_8930364022814722971:reg,reg_response
BruceChen 10:56:34.197 [main] INFO  edu.bjut.homo.myMain - meter_8930364022814722971:5500,21000
BruceChen 10:56:34.197 [main] INFO  edu.bjut.homo.myMain - meter_8448935653360794359:reg,reg_response
BruceChen 10:56:34.197 [main] INFO  edu.bjut.homo.myMain - meter_8448935653360794359:6200,22600
BruceChen 10:56:34.197 [main] INFO  edu.bjut.homo.myMain - meter_1786609178424626749:reg,reg_response
BruceChen 10:56:34.197 [main] INFO  edu.bjut.homo.myMain - meter_1786609178424626749:5800,22000
BruceChen 10:56:34.197 [main] INFO  edu.bjut.homo.myMain - meter_5271110111673372491:reg,reg_response
BruceChen 10:56:34.197 [main] INFO  edu.bjut.homo.myMain - meter_5271110111673372491:5700,19100
BruceChen 10:56:34.197 [main] INFO  edu.bjut.homo.myMain - meter_1640560547051814663:reg,reg_response
BruceChen 10:56:34.197 [main] INFO  edu.bjut.homo.myMain - meter_1640560547051814663:19100,18700
BruceChen 10:56:34.197 [main] INFO  edu.bjut.homo.myMain - meter_2724593596779167079:reg,reg_response
BruceChen 10:56:34.197 [main] INFO  edu.bjut.homo.myMain - meter_2724593596779167079:5200,19200
BruceChen 10:56:34.197 [main] INFO  edu.bjut.homo.myMain - meter_3506177766043604931:reg,reg_response
BruceChen 10:56:34.197 [main] INFO  edu.bjut.homo.myMain - meter_3506177766043604931:5400,19600
BruceChen 10:56:34.197 [main] INFO  edu.bjut.homo.myMain - meter_6412830720928956969:reg,reg_response
BruceChen 10:56:34.197 [main] INFO  edu.bjut.homo.myMain - meter_6412830720928956969:15000,29100
BruceChen 10:56:34.197 [main] INFO  edu.bjut.homo.myMain - meter_9000410011143205233:reg,reg_response
BruceChen 10:56:34.197 [main] INFO  edu.bjut.homo.myMain - meter_9000410011143205233:6400,31800
BruceChen 10:56:34.197 [main] INFO  edu.bjut.homo.myMain - meter_4791692252712163511:reg,reg_response
BruceChen 10:56:34.197 [main] INFO  edu.bjut.homo.myMain - meter_4791692252712163511:5600,20200
BruceChen 10:56:34.197 [main] INFO  edu.bjut.homo.myMain - meter_6146897880651717797:reg,reg_response
BruceChen 10:56:34.197 [main] INFO  edu.bjut.homo.myMain - meter_6146897880651717797:5800,19700
BruceChen 10:56:34.213 [main] INFO  edu.bjut.homo.myMain - oneTimeMeterRepTime
BruceChen 10:56:34.807 [main] INFO  edu.bjut.homo.myMain - agg:resp_agg
BruceChen 10:56:34.807 [main] INFO  edu.bjut.homo.myMain - agg:200071700
BruceChen 10:56:34.807 [main] INFO  edu.bjut.homo.myMain - server:report_res
BruceChen 10:56:34.807 [main] INFO  edu.bjut.homo.myMain - server:14704600
BruceChen 10:56:34.807 [main] INFO  edu.bjut.homo.myMain - meter_7133179388180238479:report
BruceChen 10:56:34.807 [main] INFO  edu.bjut.homo.myMain - meter_7133179388180238479:9645600
BruceChen 10:56:34.807 [main] INFO  edu.bjut.homo.myMain - meter_8867118014620591085:report
BruceChen 10:56:34.807 [main] INFO  edu.bjut.homo.myMain - meter_8867118014620591085:9639600
BruceChen 10:56:34.807 [main] INFO  edu.bjut.homo.myMain - meter_5473886250394288301:report
BruceChen 10:56:34.807 [main] INFO  edu.bjut.homo.myMain - meter_5473886250394288301:9594300
BruceChen 10:56:34.807 [main] INFO  edu.bjut.homo.myMain - meter_6109459024073693709:report
BruceChen 10:56:34.807 [main] INFO  edu.bjut.homo.myMain - meter_6109459024073693709:9621500
BruceChen 10:56:34.807 [main] INFO  edu.bjut.homo.myMain - meter_8085532745861368555:report
BruceChen 10:56:34.807 [main] INFO  edu.bjut.homo.myMain - meter_8085532745861368555:9843900
BruceChen 10:56:34.807 [main] INFO  edu.bjut.homo.myMain - meter_7411561063423940123:report
BruceChen 10:56:34.807 [main] INFO  edu.bjut.homo.myMain - meter_7411561063423940123:9640200
BruceChen 10:56:34.807 [main] INFO  edu.bjut.homo.myMain - meter_958366549369624109:report
BruceChen 10:56:34.807 [main] INFO  edu.bjut.homo.myMain - meter_958366549369624109:9635600
BruceChen 10:56:34.807 [main] INFO  edu.bjut.homo.myMain - meter_7049082071811648845:report
BruceChen 10:56:34.807 [main] INFO  edu.bjut.homo.myMain - meter_7049082071811648845:9640800
BruceChen 10:56:34.807 [main] INFO  edu.bjut.homo.myMain - meter_8466239010443748013:report
BruceChen 10:56:34.807 [main] INFO  edu.bjut.homo.myMain - meter_8466239010443748013:9616500
BruceChen 10:56:34.807 [main] INFO  edu.bjut.homo.myMain - meter_8248170025115754877:report
BruceChen 10:56:34.807 [main] INFO  edu.bjut.homo.myMain - meter_8248170025115754877:9639700
BruceChen 10:56:34.807 [main] INFO  edu.bjut.homo.myMain - meter_6656349419523825517:report
BruceChen 10:56:34.807 [main] INFO  edu.bjut.homo.myMain - meter_6656349419523825517:9624700
BruceChen 10:56:34.807 [main] INFO  edu.bjut.homo.myMain - meter_3100073462430589503:report
BruceChen 10:56:34.807 [main] INFO  edu.bjut.homo.myMain - meter_3100073462430589503:9648100
BruceChen 10:56:34.807 [main] INFO  edu.bjut.homo.myMain - meter_2754219254992800131:report
BruceChen 10:56:34.807 [main] INFO  edu.bjut.homo.myMain - meter_2754219254992800131:9629200
BruceChen 10:56:34.807 [main] INFO  edu.bjut.homo.myMain - meter_1900985504814739171:report
BruceChen 10:56:34.807 [main] INFO  edu.bjut.homo.myMain - meter_1900985504814739171:9628500
BruceChen 10:56:34.807 [main] INFO  edu.bjut.homo.myMain - meter_5528909947621846171:report
BruceChen 10:56:34.807 [main] INFO  edu.bjut.homo.myMain - meter_5528909947621846171:9941700
BruceChen 10:56:34.807 [main] INFO  edu.bjut.homo.myMain - meter_3766602723806529527:report
BruceChen 10:56:34.807 [main] INFO  edu.bjut.homo.myMain - meter_3766602723806529527:9604600
BruceChen 10:56:34.807 [main] INFO  edu.bjut.homo.myMain - meter_7679427338425110685:report
BruceChen 10:56:34.807 [main] INFO  edu.bjut.homo.myMain - meter_7679427338425110685:9598100
BruceChen 10:56:34.807 [main] INFO  edu.bjut.homo.myMain - meter_7196707970862708201:report
BruceChen 10:56:34.807 [main] INFO  edu.bjut.homo.myMain - meter_7196707970862708201:9569000
BruceChen 10:56:34.807 [main] INFO  edu.bjut.homo.myMain - meter_5928865027321817631:report
BruceChen 10:56:34.807 [main] INFO  edu.bjut.homo.myMain - meter_5928865027321817631:9590200
BruceChen 10:56:34.807 [main] INFO  edu.bjut.homo.myMain - meter_3438705238161263161:report
BruceChen 10:56:34.807 [main] INFO  edu.bjut.homo.myMain - meter_3438705238161263161:12257900
BruceChen 10:56:34.807 [main] INFO  edu.bjut.homo.myMain - meter_9079959497177543311:report
BruceChen 10:56:34.807 [main] INFO  edu.bjut.homo.myMain - meter_9079959497177543311:10315300
BruceChen 10:56:34.807 [main] INFO  edu.bjut.homo.myMain - meter_6564437801001157451:report
BruceChen 10:56:34.807 [main] INFO  edu.bjut.homo.myMain - meter_6564437801001157451:9611000
BruceChen 10:56:34.807 [main] INFO  edu.bjut.homo.myMain - meter_5408347157219099115:report
BruceChen 10:56:34.807 [main] INFO  edu.bjut.homo.myMain - meter_5408347157219099115:9663300
BruceChen 10:56:34.807 [main] INFO  edu.bjut.homo.myMain - meter_7214342278185753187:report
BruceChen 10:56:34.807 [main] INFO  edu.bjut.homo.myMain - meter_7214342278185753187:9599400
BruceChen 10:56:34.807 [main] INFO  edu.bjut.homo.myMain - meter_3724247855161284803:report
BruceChen 10:56:34.807 [main] INFO  edu.bjut.homo.myMain - meter_3724247855161284803:9592100
BruceChen 10:56:34.807 [main] INFO  edu.bjut.homo.myMain - meter_949556063037454441:report
BruceChen 10:56:34.807 [main] INFO  edu.bjut.homo.myMain - meter_949556063037454441:9590700
BruceChen 10:56:34.807 [main] INFO  edu.bjut.homo.myMain - meter_4573622159299450581:report
BruceChen 10:56:34.807 [main] INFO  edu.bjut.homo.myMain - meter_4573622159299450581:9620800
BruceChen 10:56:34.807 [main] INFO  edu.bjut.homo.myMain - meter_7348313951423346663:report
BruceChen 10:56:34.807 [main] INFO  edu.bjut.homo.myMain - meter_7348313951423346663:9611000
BruceChen 10:56:34.807 [main] INFO  edu.bjut.homo.myMain - meter_5721544761937886577:report
BruceChen 10:56:34.807 [main] INFO  edu.bjut.homo.myMain - meter_5721544761937886577:9629400
BruceChen 10:56:34.807 [main] INFO  edu.bjut.homo.myMain - meter_8930364022814722971:report
BruceChen 10:56:34.807 [main] INFO  edu.bjut.homo.myMain - meter_8930364022814722971:9765400
BruceChen 10:56:34.807 [main] INFO  edu.bjut.homo.myMain - meter_8448935653360794359:report
BruceChen 10:56:34.807 [main] INFO  edu.bjut.homo.myMain - meter_8448935653360794359:9761100
BruceChen 10:56:34.807 [main] INFO  edu.bjut.homo.myMain - meter_1786609178424626749:report
BruceChen 10:56:34.807 [main] INFO  edu.bjut.homo.myMain - meter_1786609178424626749:9650700
BruceChen 10:56:34.807 [main] INFO  edu.bjut.homo.myMain - meter_5271110111673372491:report
BruceChen 10:56:34.807 [main] INFO  edu.bjut.homo.myMain - meter_5271110111673372491:9673900
BruceChen 10:56:34.807 [main] INFO  edu.bjut.homo.myMain - meter_1640560547051814663:report
BruceChen 10:56:34.807 [main] INFO  edu.bjut.homo.myMain - meter_1640560547051814663:9756100
BruceChen 10:56:34.807 [main] INFO  edu.bjut.homo.myMain - meter_2724593596779167079:report
BruceChen 10:56:34.807 [main] INFO  edu.bjut.homo.myMain - meter_2724593596779167079:9621400
BruceChen 10:56:34.807 [main] INFO  edu.bjut.homo.myMain - meter_3506177766043604931:report
BruceChen 10:56:34.807 [main] INFO  edu.bjut.homo.myMain - meter_3506177766043604931:9670700
BruceChen 10:56:34.807 [main] INFO  edu.bjut.homo.myMain - meter_6412830720928956969:report
BruceChen 10:56:34.807 [main] INFO  edu.bjut.homo.myMain - meter_6412830720928956969:9634500
BruceChen 10:56:34.807 [main] INFO  edu.bjut.homo.myMain - meter_9000410011143205233:report
BruceChen 10:56:34.807 [main] INFO  edu.bjut.homo.myMain - meter_9000410011143205233:9602100
BruceChen 10:56:34.807 [main] INFO  edu.bjut.homo.myMain - meter_4791692252712163511:report
BruceChen 10:56:34.807 [main] INFO  edu.bjut.homo.myMain - meter_4791692252712163511:9613900
BruceChen 10:56:34.807 [main] INFO  edu.bjut.homo.myMain - meter_6146897880651717797:report
BruceChen 10:56:34.807 [main] INFO  edu.bjut.homo.myMain - meter_6146897880651717797:9744400
BruceChen 10:56:36.806 [main] INFO  edu.bjut.homo.myMain - meterRegTime
BruceChen 10:56:37.025 [main] INFO  edu.bjut.homo.myMain - kgc:reg_response,reg_response,reg_response,reg_response,reg_response,reg_response,reg_response,reg_response,reg_response,reg_response,reg_response,reg_response,reg_response,reg_response,reg_response,reg_response,reg_response,reg_response,reg_response,reg_response,reg_response,reg_response,reg_response,reg_response,reg_response,reg_response,reg_response,reg_response,reg_response,reg_response
BruceChen 10:56:37.025 [main] INFO  edu.bjut.homo.myMain - kgc:7352300,7609100,7223800,7293500,7266400,7293400,7240000,7212900,7252400,7201000,7147500,7172800,7226700,7872000,7321700,7370800,7222900,7219000,7398400,7269900,7442300,7341700,7229900,7554200,7242700,7389000,7395500,7310000,7260900,7231100
BruceChen 10:56:37.025 [main] INFO  edu.bjut.homo.myMain - meter_4268239956229657333:reg,reg_response
BruceChen 10:56:37.025 [main] INFO  edu.bjut.homo.myMain - meter_4268239956229657333:38800,35400
BruceChen 10:56:37.025 [main] INFO  edu.bjut.homo.myMain - meter_6253496045458937227:reg,reg_response
BruceChen 10:56:37.025 [main] INFO  edu.bjut.homo.myMain - meter_6253496045458937227:5700,27500
BruceChen 10:56:37.025 [main] INFO  edu.bjut.homo.myMain - meter_1308079094762524623:reg,reg_response
BruceChen 10:56:37.025 [main] INFO  edu.bjut.homo.myMain - meter_1308079094762524623:6100,19900
BruceChen 10:56:37.025 [main] INFO  edu.bjut.homo.myMain - meter_3895659484488466119:reg,reg_response
BruceChen 10:56:37.025 [main] INFO  edu.bjut.homo.myMain - meter_3895659484488466119:5600,43900
BruceChen 10:56:37.025 [main] INFO  edu.bjut.homo.myMain - meter_8147411792557791617:reg,reg_response
BruceChen 10:56:37.025 [main] INFO  edu.bjut.homo.myMain - meter_8147411792557791617:7400,26400
BruceChen 10:56:37.025 [main] INFO  edu.bjut.homo.myMain - meter_5833333198006491699:reg,reg_response
BruceChen 10:56:37.025 [main] INFO  edu.bjut.homo.myMain - meter_5833333198006491699:7200,20500
BruceChen 10:56:37.025 [main] INFO  edu.bjut.homo.myMain - meter_3478437175408601165:reg,reg_response
BruceChen 10:56:37.025 [main] INFO  edu.bjut.homo.myMain - meter_3478437175408601165:5900,19500
BruceChen 10:56:37.025 [main] INFO  edu.bjut.homo.myMain - meter_6051683662606097285:reg,reg_response
BruceChen 10:56:37.025 [main] INFO  edu.bjut.homo.myMain - meter_6051683662606097285:5600,18900
BruceChen 10:56:37.025 [main] INFO  edu.bjut.homo.myMain - meter_4562188750159308527:reg,reg_response
BruceChen 10:56:37.025 [main] INFO  edu.bjut.homo.myMain - meter_4562188750159308527:5300,19300
BruceChen 10:56:37.025 [main] INFO  edu.bjut.homo.myMain - meter_1077969283297405753:reg,reg_response
BruceChen 10:56:37.025 [main] INFO  edu.bjut.homo.myMain - meter_1077969283297405753:5600,19600
BruceChen 10:56:37.025 [main] INFO  edu.bjut.homo.myMain - meter_1456750653238341925:reg,reg_response
BruceChen 10:56:37.025 [main] INFO  edu.bjut.homo.myMain - meter_1456750653238341925:5200,19300
BruceChen 10:56:37.025 [main] INFO  edu.bjut.homo.myMain - meter_6754728968462680551:reg,reg_response
BruceChen 10:56:37.025 [main] INFO  edu.bjut.homo.myMain - meter_6754728968462680551:5300,18800
BruceChen 10:56:37.025 [main] INFO  edu.bjut.homo.myMain - meter_7838762013895127743:reg,reg_response
BruceChen 10:56:37.025 [main] INFO  edu.bjut.homo.myMain - meter_7838762013895127743:5100,19300
BruceChen 10:56:37.025 [main] INFO  edu.bjut.homo.myMain - meter_4433169216675349219:reg,reg_response
BruceChen 10:56:37.025 [main] INFO  edu.bjut.homo.myMain - meter_4433169216675349219:5500,19600
BruceChen 10:56:37.025 [main] INFO  edu.bjut.homo.myMain - meter_7994916924318360365:reg,reg_response
BruceChen 10:56:37.025 [main] INFO  edu.bjut.homo.myMain - meter_7994916924318360365:5300,22200
BruceChen 10:56:37.025 [main] INFO  edu.bjut.homo.myMain - meter_7617513259225510399:reg,reg_response
BruceChen 10:56:37.025 [main] INFO  edu.bjut.homo.myMain - meter_7617513259225510399:5700,21000
BruceChen 10:56:37.025 [main] INFO  edu.bjut.homo.myMain - meter_5029932869499568477:reg,reg_response
BruceChen 10:56:37.025 [main] INFO  edu.bjut.homo.myMain - meter_5029932869499568477:5500,19000
BruceChen 10:56:37.025 [main] INFO  edu.bjut.homo.myMain - meter_8586209930399400511:reg,reg_response
BruceChen 10:56:37.025 [main] INFO  edu.bjut.homo.myMain - meter_8586209930399400511:5300,18700
BruceChen 10:56:37.025 [main] INFO  edu.bjut.homo.myMain - meter_8589389695462968335:reg,reg_response
BruceChen 10:56:37.025 [main] INFO  edu.bjut.homo.myMain - meter_8589389695462968335:5200,17900
BruceChen 10:56:37.025 [main] INFO  edu.bjut.homo.myMain - meter_4897971702443147027:reg,reg_response
BruceChen 10:56:37.025 [main] INFO  edu.bjut.homo.myMain - meter_4897971702443147027:4900,20800
BruceChen 10:56:37.025 [main] INFO  edu.bjut.homo.myMain - meter_7919679565216929523:reg,reg_response
BruceChen 10:56:37.025 [main] INFO  edu.bjut.homo.myMain - meter_7919679565216929523:5700,19600
BruceChen 10:56:37.025 [main] INFO  edu.bjut.homo.myMain - meter_860849078895909779:reg,reg_response
BruceChen 10:56:37.025 [main] INFO  edu.bjut.homo.myMain - meter_860849078895909779:5400,20900
BruceChen 10:56:37.025 [main] INFO  edu.bjut.homo.myMain - meter_2767765947228741543:reg,reg_response
BruceChen 10:56:37.025 [main] INFO  edu.bjut.homo.myMain - meter_2767765947228741543:6100,19400
BruceChen 10:56:37.025 [main] INFO  edu.bjut.homo.myMain - meter_5515772368021771247:reg,reg_response
BruceChen 10:56:37.025 [main] INFO  edu.bjut.homo.myMain - meter_5515772368021771247:5200,19400
BruceChen 10:56:37.025 [main] INFO  edu.bjut.homo.myMain - meter_2494064505247988249:reg,reg_response
BruceChen 10:56:37.025 [main] INFO  edu.bjut.homo.myMain - meter_2494064505247988249:5500,18700
BruceChen 10:56:37.040 [main] INFO  edu.bjut.homo.myMain - meter_1611956778423394579:reg,reg_response
BruceChen 10:56:37.040 [main] INFO  edu.bjut.homo.myMain - meter_1611956778423394579:5200,19100
BruceChen 10:56:37.040 [main] INFO  edu.bjut.homo.myMain - meter_5485014419013206519:reg,reg_response
BruceChen 10:56:37.040 [main] INFO  edu.bjut.homo.myMain - meter_5485014419013206519:5600,20600
BruceChen 10:56:37.040 [main] INFO  edu.bjut.homo.myMain - meter_8134308145949331795:reg,reg_response
BruceChen 10:56:37.040 [main] INFO  edu.bjut.homo.myMain - meter_8134308145949331795:7500,19100
BruceChen 10:56:37.040 [main] INFO  edu.bjut.homo.myMain - meter_5213323487542013909:reg,reg_response
BruceChen 10:56:37.040 [main] INFO  edu.bjut.homo.myMain - meter_5213323487542013909:5000,19400
BruceChen 10:56:37.040 [main] INFO  edu.bjut.homo.myMain - meter_2858145989950700419:reg,reg_response
BruceChen 10:56:37.040 [main] INFO  edu.bjut.homo.myMain - meter_2858145989950700419:5100,22700
BruceChen 10:56:37.040 [main] INFO  edu.bjut.homo.myMain - oneTimeMeterRepTime
BruceChen 10:56:37.486 [main] INFO  edu.bjut.homo.myMain - agg:resp_agg
BruceChen 10:56:37.486 [main] INFO  edu.bjut.homo.myMain - agg:145762400
BruceChen 10:56:37.486 [main] INFO  edu.bjut.homo.myMain - server:report_res
BruceChen 10:56:37.486 [main] INFO  edu.bjut.homo.myMain - server:14378400
BruceChen 10:56:37.486 [main] INFO  edu.bjut.homo.myMain - meter_4268239956229657333:report
BruceChen 10:56:37.486 [main] INFO  edu.bjut.homo.myMain - meter_4268239956229657333:10378100
BruceChen 10:56:37.486 [main] INFO  edu.bjut.homo.myMain - meter_6253496045458937227:report
BruceChen 10:56:37.486 [main] INFO  edu.bjut.homo.myMain - meter_6253496045458937227:11018600
BruceChen 10:56:37.486 [main] INFO  edu.bjut.homo.myMain - meter_1308079094762524623:report
BruceChen 10:56:37.486 [main] INFO  edu.bjut.homo.myMain - meter_1308079094762524623:10207700
BruceChen 10:56:37.486 [main] INFO  edu.bjut.homo.myMain - meter_3895659484488466119:report
BruceChen 10:56:37.486 [main] INFO  edu.bjut.homo.myMain - meter_3895659484488466119:9738200
BruceChen 10:56:37.486 [main] INFO  edu.bjut.homo.myMain - meter_8147411792557791617:report
BruceChen 10:56:37.486 [main] INFO  edu.bjut.homo.myMain - meter_8147411792557791617:9663000
BruceChen 10:56:37.486 [main] INFO  edu.bjut.homo.myMain - meter_5833333198006491699:report
BruceChen 10:56:37.486 [main] INFO  edu.bjut.homo.myMain - meter_5833333198006491699:9603200
BruceChen 10:56:37.486 [main] INFO  edu.bjut.homo.myMain - meter_3478437175408601165:report
BruceChen 10:56:37.486 [main] INFO  edu.bjut.homo.myMain - meter_3478437175408601165:9511200
BruceChen 10:56:37.486 [main] INFO  edu.bjut.homo.myMain - meter_6051683662606097285:report
BruceChen 10:56:37.486 [main] INFO  edu.bjut.homo.myMain - meter_6051683662606097285:9526200
BruceChen 10:56:37.486 [main] INFO  edu.bjut.homo.myMain - meter_4562188750159308527:report
BruceChen 10:56:37.486 [main] INFO  edu.bjut.homo.myMain - meter_4562188750159308527:9453500
BruceChen 10:56:37.486 [main] INFO  edu.bjut.homo.myMain - meter_1077969283297405753:report
BruceChen 10:56:37.486 [main] INFO  edu.bjut.homo.myMain - meter_1077969283297405753:9452900
BruceChen 10:56:37.486 [main] INFO  edu.bjut.homo.myMain - meter_1456750653238341925:report
BruceChen 10:56:37.486 [main] INFO  edu.bjut.homo.myMain - meter_1456750653238341925:9555700
BruceChen 10:56:37.486 [main] INFO  edu.bjut.homo.myMain - meter_6754728968462680551:report
BruceChen 10:56:37.486 [main] INFO  edu.bjut.homo.myMain - meter_6754728968462680551:9347600
BruceChen 10:56:37.486 [main] INFO  edu.bjut.homo.myMain - meter_7838762013895127743:report
BruceChen 10:56:37.486 [main] INFO  edu.bjut.homo.myMain - meter_7838762013895127743:9343000
BruceChen 10:56:37.486 [main] INFO  edu.bjut.homo.myMain - meter_4433169216675349219:report
BruceChen 10:56:37.486 [main] INFO  edu.bjut.homo.myMain - meter_4433169216675349219:9328100
BruceChen 10:56:37.486 [main] INFO  edu.bjut.homo.myMain - meter_7994916924318360365:report
BruceChen 10:56:37.486 [main] INFO  edu.bjut.homo.myMain - meter_7994916924318360365:9349000
BruceChen 10:56:37.486 [main] INFO  edu.bjut.homo.myMain - meter_7617513259225510399:report
BruceChen 10:56:37.486 [main] INFO  edu.bjut.homo.myMain - meter_7617513259225510399:9356800
BruceChen 10:56:37.486 [main] INFO  edu.bjut.homo.myMain - meter_5029932869499568477:report
BruceChen 10:56:37.486 [main] INFO  edu.bjut.homo.myMain - meter_5029932869499568477:9322400
BruceChen 10:56:37.486 [main] INFO  edu.bjut.homo.myMain - meter_8586209930399400511:report
BruceChen 10:56:37.486 [main] INFO  edu.bjut.homo.myMain - meter_8586209930399400511:9397800
BruceChen 10:56:37.486 [main] INFO  edu.bjut.homo.myMain - meter_8589389695462968335:report
BruceChen 10:56:37.486 [main] INFO  edu.bjut.homo.myMain - meter_8589389695462968335:9308500
BruceChen 10:56:37.486 [main] INFO  edu.bjut.homo.myMain - meter_4897971702443147027:report
BruceChen 10:56:37.486 [main] INFO  edu.bjut.homo.myMain - meter_4897971702443147027:9335300
BruceChen 10:56:37.486 [main] INFO  edu.bjut.homo.myMain - meter_7919679565216929523:report
BruceChen 10:56:37.486 [main] INFO  edu.bjut.homo.myMain - meter_7919679565216929523:9309300
BruceChen 10:56:37.486 [main] INFO  edu.bjut.homo.myMain - meter_860849078895909779:report
BruceChen 10:56:37.486 [main] INFO  edu.bjut.homo.myMain - meter_860849078895909779:9333400
BruceChen 10:56:37.486 [main] INFO  edu.bjut.homo.myMain - meter_2767765947228741543:report
BruceChen 10:56:37.486 [main] INFO  edu.bjut.homo.myMain - meter_2767765947228741543:9428900
BruceChen 10:56:37.486 [main] INFO  edu.bjut.homo.myMain - meter_5515772368021771247:report
BruceChen 10:56:37.486 [main] INFO  edu.bjut.homo.myMain - meter_5515772368021771247:9304500
BruceChen 10:56:37.486 [main] INFO  edu.bjut.homo.myMain - meter_2494064505247988249:report
BruceChen 10:56:37.486 [main] INFO  edu.bjut.homo.myMain - meter_2494064505247988249:9329700
BruceChen 10:56:37.486 [main] INFO  edu.bjut.homo.myMain - meter_1611956778423394579:report
BruceChen 10:56:37.486 [main] INFO  edu.bjut.homo.myMain - meter_1611956778423394579:9344500
BruceChen 10:56:37.486 [main] INFO  edu.bjut.homo.myMain - meter_5485014419013206519:report
BruceChen 10:56:37.486 [main] INFO  edu.bjut.homo.myMain - meter_5485014419013206519:9401900
BruceChen 10:56:37.486 [main] INFO  edu.bjut.homo.myMain - meter_8134308145949331795:report
BruceChen 10:56:37.486 [main] INFO  edu.bjut.homo.myMain - meter_8134308145949331795:9355100
BruceChen 10:56:37.486 [main] INFO  edu.bjut.homo.myMain - meter_5213323487542013909:report
BruceChen 10:56:37.486 [main] INFO  edu.bjut.homo.myMain - meter_5213323487542013909:9342200
BruceChen 10:56:37.486 [main] INFO  edu.bjut.homo.myMain - meter_2858145989950700419:report
BruceChen 10:56:37.486 [main] INFO  edu.bjut.homo.myMain - meter_2858145989950700419:9498000
BruceChen 10:56:38.831 [main] INFO  edu.bjut.homo.myMain - meterRegTime
BruceChen 10:56:39.284 [main] INFO  edu.bjut.homo.myMain - kgc:reg_response,reg_response,reg_response,reg_response,reg_response,reg_response,reg_response,reg_response,reg_response,reg_response,reg_response,reg_response,reg_response,reg_response,reg_response,reg_response,reg_response,reg_response,reg_response,reg_response
BruceChen 10:56:39.284 [main] INFO  edu.bjut.homo.myMain - kgc:7303500,7337100,7608300,7209200,7226100,7516200,7378500,7440200,7472200,7816900,7259100,306958900,7198400,7532000,7236200,7226600,7334700,7248100,7391400,7384300
BruceChen 10:56:39.284 [main] INFO  edu.bjut.homo.myMain - meter_7938422397790328135:reg,reg_response
BruceChen 10:56:39.284 [main] INFO  edu.bjut.homo.myMain - meter_7938422397790328135:29300,22100
BruceChen 10:56:39.284 [main] INFO  edu.bjut.homo.myMain - meter_5583244900199014347:reg,reg_response
BruceChen 10:56:39.284 [main] INFO  edu.bjut.homo.myMain - meter_5583244900199014347:5800,18700
BruceChen 10:56:39.284 [main] INFO  edu.bjut.homo.myMain - meter_4614266754065126249:reg,reg_response
BruceChen 10:56:39.284 [main] INFO  edu.bjut.homo.myMain - meter_4614266754065126249:5300,21300
BruceChen 10:56:39.284 [main] INFO  edu.bjut.homo.myMain - meter_4868358410699674969:reg,reg_response
BruceChen 10:56:39.284 [main] INFO  edu.bjut.homo.myMain - meter_4868358410699674969:6000,20300
BruceChen 10:56:39.284 [main] INFO  edu.bjut.homo.myMain - meter_6623998061621145791:reg,reg_response
BruceChen 10:56:39.284 [main] INFO  edu.bjut.homo.myMain - meter_6623998061621145791:5200,19500
BruceChen 10:56:39.284 [main] INFO  edu.bjut.homo.myMain - meter_8302503882493038919:reg,reg_response
BruceChen 10:56:39.284 [main] INFO  edu.bjut.homo.myMain - meter_8302503882493038919:5200,20100
BruceChen 10:56:39.284 [main] INFO  edu.bjut.homo.myMain - meter_7836643974119725825:reg,reg_response
BruceChen 10:56:39.284 [main] INFO  edu.bjut.homo.myMain - meter_7836643974119725825:6100,18900
BruceChen 10:56:39.284 [main] INFO  edu.bjut.homo.myMain - meter_1908565730948863755:reg,reg_response
BruceChen 10:56:39.284 [main] INFO  edu.bjut.homo.myMain - meter_1908565730948863755:5400,33800
BruceChen 10:56:39.284 [main] INFO  edu.bjut.homo.myMain - meter_679295034258937931:reg,reg_response
BruceChen 10:56:39.284 [main] INFO  edu.bjut.homo.myMain - meter_679295034258937931:5900,19300
BruceChen 10:56:39.284 [main] INFO  edu.bjut.homo.myMain - meter_9007066317112071447:reg,reg_response
BruceChen 10:56:39.284 [main] INFO  edu.bjut.homo.myMain - meter_9007066317112071447:5700,33800
BruceChen 10:56:39.284 [main] INFO  edu.bjut.homo.myMain - meter_520074398333623725:reg,reg_response
BruceChen 10:56:39.284 [main] INFO  edu.bjut.homo.myMain - meter_520074398333623725:6000,34300
BruceChen 10:56:39.284 [main] INFO  edu.bjut.homo.myMain - meter_3294765086667701245:reg,reg_response
BruceChen 10:56:39.284 [main] INFO  edu.bjut.homo.myMain - meter_3294765086667701245:5600,18100
BruceChen 10:56:39.284 [main] INFO  edu.bjut.homo.myMain - meter_4711922025316512257:reg,reg_response
BruceChen 10:56:39.284 [main] INFO  edu.bjut.homo.myMain - meter_4711922025316512257:6000,19100
BruceChen 10:56:39.284 [main] INFO  edu.bjut.homo.myMain - meter_6842990967114266499:reg,reg_response
BruceChen 10:56:39.284 [main] INFO  edu.bjut.homo.myMain - meter_6842990967114266499:5800,17500
BruceChen 10:56:39.284 [main] INFO  edu.bjut.homo.myMain - meter_7035219119307443901:reg,reg_response
BruceChen 10:56:39.284 [main] INFO  edu.bjut.homo.myMain - meter_7035219119307443901:5400,17100
BruceChen 10:56:39.284 [main] INFO  edu.bjut.homo.myMain - meter_1107140880431548753:reg,reg_response
BruceChen 10:56:39.284 [main] INFO  edu.bjut.homo.myMain - meter_1107140880431548753:5100,17400
BruceChen 10:56:39.284 [main] INFO  edu.bjut.homo.myMain - meter_4663698312501496017:reg,reg_response
BruceChen 10:56:39.284 [main] INFO  edu.bjut.homo.myMain - meter_4663698312501496017:5000,17400
BruceChen 10:56:39.284 [main] INFO  edu.bjut.homo.myMain - meter_1454879047329758507:reg,reg_response
BruceChen 10:56:39.284 [main] INFO  edu.bjut.homo.myMain - meter_1454879047329758507:5300,18100
BruceChen 10:56:39.284 [main] INFO  edu.bjut.homo.myMain - meter_2798081093509770539:reg,reg_response
BruceChen 10:56:39.284 [main] INFO  edu.bjut.homo.myMain - meter_2798081093509770539:5900,17600
BruceChen 10:56:39.284 [main] INFO  edu.bjut.homo.myMain - meter_1612400676334037941:reg,reg_response
BruceChen 10:56:39.284 [main] INFO  edu.bjut.homo.myMain - meter_1612400676334037941:5100,18700
BruceChen 10:56:39.284 [main] INFO  edu.bjut.homo.myMain - oneTimeMeterRepTime
BruceChen 10:56:39.597 [main] INFO  edu.bjut.homo.myMain - agg:resp_agg
BruceChen 10:56:39.597 [main] INFO  edu.bjut.homo.myMain - agg:100850300
BruceChen 10:56:39.597 [main] INFO  edu.bjut.homo.myMain - server:report_res
BruceChen 10:56:39.597 [main] INFO  edu.bjut.homo.myMain - server:14217300
BruceChen 10:56:39.597 [main] INFO  edu.bjut.homo.myMain - meter_7938422397790328135:report
BruceChen 10:56:39.597 [main] INFO  edu.bjut.homo.myMain - meter_7938422397790328135:9920300
BruceChen 10:56:39.597 [main] INFO  edu.bjut.homo.myMain - meter_5583244900199014347:report
BruceChen 10:56:39.597 [main] INFO  edu.bjut.homo.myMain - meter_5583244900199014347:9648800
BruceChen 10:56:39.597 [main] INFO  edu.bjut.homo.myMain - meter_4614266754065126249:report
BruceChen 10:56:39.597 [main] INFO  edu.bjut.homo.myMain - meter_4614266754065126249:9832700
BruceChen 10:56:39.597 [main] INFO  edu.bjut.homo.myMain - meter_4868358410699674969:report
BruceChen 10:56:39.597 [main] INFO  edu.bjut.homo.myMain - meter_4868358410699674969:9699500
BruceChen 10:56:39.597 [main] INFO  edu.bjut.homo.myMain - meter_6623998061621145791:report
BruceChen 10:56:39.597 [main] INFO  edu.bjut.homo.myMain - meter_6623998061621145791:9695700
BruceChen 10:56:39.597 [main] INFO  edu.bjut.homo.myMain - meter_8302503882493038919:report
BruceChen 10:56:39.597 [main] INFO  edu.bjut.homo.myMain - meter_8302503882493038919:9816600
BruceChen 10:56:39.597 [main] INFO  edu.bjut.homo.myMain - meter_7836643974119725825:report
BruceChen 10:56:39.597 [main] INFO  edu.bjut.homo.myMain - meter_7836643974119725825:9591300
BruceChen 10:56:39.597 [main] INFO  edu.bjut.homo.myMain - meter_1908565730948863755:report
BruceChen 10:56:39.597 [main] INFO  edu.bjut.homo.myMain - meter_1908565730948863755:9593200
BruceChen 10:56:39.597 [main] INFO  edu.bjut.homo.myMain - meter_679295034258937931:report
BruceChen 10:56:39.597 [main] INFO  edu.bjut.homo.myMain - meter_679295034258937931:9658500
BruceChen 10:56:39.597 [main] INFO  edu.bjut.homo.myMain - meter_9007066317112071447:report
BruceChen 10:56:39.597 [main] INFO  edu.bjut.homo.myMain - meter_9007066317112071447:9557600
BruceChen 10:56:39.597 [main] INFO  edu.bjut.homo.myMain - meter_520074398333623725:report
BruceChen 10:56:39.597 [main] INFO  edu.bjut.homo.myMain - meter_520074398333623725:9633900
BruceChen 10:56:39.597 [main] INFO  edu.bjut.homo.myMain - meter_3294765086667701245:report
BruceChen 10:56:39.597 [main] INFO  edu.bjut.homo.myMain - meter_3294765086667701245:9548000
BruceChen 10:56:39.597 [main] INFO  edu.bjut.homo.myMain - meter_4711922025316512257:report
BruceChen 10:56:39.597 [main] INFO  edu.bjut.homo.myMain - meter_4711922025316512257:9526300
BruceChen 10:56:39.597 [main] INFO  edu.bjut.homo.myMain - meter_6842990967114266499:report
BruceChen 10:56:39.597 [main] INFO  edu.bjut.homo.myMain - meter_6842990967114266499:9535000
BruceChen 10:56:39.597 [main] INFO  edu.bjut.homo.myMain - meter_7035219119307443901:report
BruceChen 10:56:39.597 [main] INFO  edu.bjut.homo.myMain - meter_7035219119307443901:9511900
BruceChen 10:56:39.597 [main] INFO  edu.bjut.homo.myMain - meter_1107140880431548753:report
BruceChen 10:56:39.597 [main] INFO  edu.bjut.homo.myMain - meter_1107140880431548753:9603800
BruceChen 10:56:39.597 [main] INFO  edu.bjut.homo.myMain - meter_4663698312501496017:report
BruceChen 10:56:39.597 [main] INFO  edu.bjut.homo.myMain - meter_4663698312501496017:10035700
BruceChen 10:56:39.597 [main] INFO  edu.bjut.homo.myMain - meter_1454879047329758507:report
BruceChen 10:56:39.597 [main] INFO  edu.bjut.homo.myMain - meter_1454879047329758507:9522900
BruceChen 10:56:39.597 [main] INFO  edu.bjut.homo.myMain - meter_2798081093509770539:report
BruceChen 10:56:39.597 [main] INFO  edu.bjut.homo.myMain - meter_2798081093509770539:9535500
BruceChen 10:56:39.597 [main] INFO  edu.bjut.homo.myMain - meter_1612400676334037941:report
BruceChen 10:56:39.597 [main] INFO  edu.bjut.homo.myMain - meter_1612400676334037941:10478600
