BruceChen 07:48:29.952 [main] INFO  edu.bjut.boudia.myMain - oneTimeMeterRegTime
BruceChen 07:48:30.739 [main] INFO  edu.bjut.boudia.myMain - server:pubkey
BruceChen 07:48:30.739 [main] INFO  edu.bjut.boudia.myMain - server:205000
BruceChen 07:48:30.739 [main] INFO  edu.bjut.boudia.myMain - agg:regMsg,regMsg,regMsg,regMsg,regMsg,regMsg,regMsg,regMsg,regMsg,regMsg,regMsg,regMsg,regMsg,regMsg,regMsg,regMsg,regMsg,regMsg,regMsg,regMsg,regMsg,regMsg,regMsg,regMsg,regMsg,regMsg,regMsg,regMsg,regMsg,regMsg,regMsg,regMsg,regMsg,regMsg,regMsg,regMsg,regMsg,regMsg,regMsg,regMsg,regMsg,regMsg,regMsg,regMsg,regMsg,regMsg,regMsg,regMsg,regMsg,regMsg,regMsg,regMsg,regMsg,regMsg,regMsg,regMsg,regMsg,regMsg,regMsg,regMsg
BruceChen 07:48:30.755 [main] INFO  edu.bjut.boudia.myMain - agg:6582200,6515800,6516700,6603300,6522600,6576400,6682700,6511100,6540700,6533700,6532000,6510500,6510900,6531400,6559600,6495100,6473300,6465800,6465900,6488500,6808400,6476900,6491400,6484300,6469700,6495700,6505800,6538100,6452600,6471500,6449800,6478200,9297200,6478100,6482600,6502300,6484900,6351400,6420000,6392200,6308200,6330500,6508500,6269700,7003100,6303700,6302900,6327900,6310500,6349600,6274300,6287000,6311500,6323700,6279500,6305400,6295800,6293100,6332500,6292400
BruceChen 07:48:30.755 [main] INFO  edu.bjut.boudia.myMain - meter_3550394231717396489:regMsg,reg_backagg,reg_cc
BruceChen 07:48:30.755 [main] INFO  edu.bjut.boudia.myMain - meter_3550394231717396489:2400,6562600,3600
BruceChen 07:48:30.755 [main] INFO  edu.bjut.boudia.myMain - meter_6514803518283523233:regMsg,reg_backagg,reg_cc
BruceChen 07:48:30.755 [main] INFO  edu.bjut.boudia.myMain - meter_6514803518283523233:400,6561900,400
BruceChen 07:48:30.755 [main] INFO  edu.bjut.boudia.myMain - meter_8484783552516267509:regMsg,reg_backagg,reg_cc
BruceChen 07:48:30.755 [main] INFO  edu.bjut.boudia.myMain - meter_8484783552516267509:200,7012500,600
BruceChen 07:48:30.755 [main] INFO  edu.bjut.boudia.myMain - meter_1443012620240526553:regMsg,reg_backagg,reg_cc
BruceChen 07:48:30.755 [main] INFO  edu.bjut.boudia.myMain - meter_1443012620240526553:1000,6592800,1100
BruceChen 07:48:30.755 [main] INFO  edu.bjut.boudia.myMain - meter_5600438717940325611:regMsg,reg_backagg,reg_cc
BruceChen 07:48:30.755 [main] INFO  edu.bjut.boudia.myMain - meter_5600438717940325611:600,6913300,700
BruceChen 07:48:30.755 [main] INFO  edu.bjut.boudia.myMain - meter_1545053841420634905:regMsg,reg_backagg,reg_cc
BruceChen 07:48:30.755 [main] INFO  edu.bjut.boudia.myMain - meter_1545053841420634905:500,7308900,700
BruceChen 07:48:30.755 [main] INFO  edu.bjut.boudia.myMain - meter_5525813179580893607:regMsg,reg_backagg,reg_cc
BruceChen 07:48:30.755 [main] INFO  edu.bjut.boudia.myMain - meter_5525813179580893607:600,6715300,700
BruceChen 07:48:30.755 [main] INFO  edu.bjut.boudia.myMain - meter_8567628247955678315:regMsg,reg_backagg,reg_cc
BruceChen 07:48:30.755 [main] INFO  edu.bjut.boudia.myMain - meter_8567628247955678315:600,6586500,400
BruceChen 07:48:30.755 [main] INFO  edu.bjut.boudia.myMain - meter_8243867623811944353:regMsg,reg_backagg,reg_cc
BruceChen 07:48:30.755 [main] INFO  edu.bjut.boudia.myMain - meter_8243867623811944353:400,6501100,300
BruceChen 07:48:30.755 [main] INFO  edu.bjut.boudia.myMain - meter_4011702752520493405:regMsg,reg_backagg,reg_cc
BruceChen 07:48:30.755 [main] INFO  edu.bjut.boudia.myMain - meter_4011702752520493405:400,6462900,500
BruceChen 07:48:30.755 [main] INFO  edu.bjut.boudia.myMain - meter_4975653550144703359:regMsg,reg_backagg,reg_cc
BruceChen 07:48:30.755 [main] INFO  edu.bjut.boudia.myMain - meter_4975653550144703359:300,6549800,500
BruceChen 07:48:30.755 [main] INFO  edu.bjut.boudia.myMain - meter_4070425769512394317:regMsg,reg_backagg,reg_cc
BruceChen 07:48:30.755 [main] INFO  edu.bjut.boudia.myMain - meter_4070425769512394317:300,6560400,400
BruceChen 07:48:30.755 [main] INFO  edu.bjut.boudia.myMain - meter_3611676303028805857:regMsg,reg_backagg,reg_cc
BruceChen 07:48:30.755 [main] INFO  edu.bjut.boudia.myMain - meter_3611676303028805857:300,6703300,400
BruceChen 07:48:30.755 [main] INFO  edu.bjut.boudia.myMain - meter_1569125577304008643:regMsg,reg_backagg,reg_cc
BruceChen 07:48:30.755 [main] INFO  edu.bjut.boudia.myMain - meter_1569125577304008643:300,7056200,400
BruceChen 07:48:30.755 [main] INFO  edu.bjut.boudia.myMain - meter_202210656698871717:regMsg,reg_backagg,reg_cc
BruceChen 07:48:30.755 [main] INFO  edu.bjut.boudia.myMain - meter_202210656698871717:500,6627800,300
BruceChen 07:48:30.755 [main] INFO  edu.bjut.boudia.myMain - meter_6737642935956239433:regMsg,reg_backagg,reg_cc
BruceChen 07:48:30.755 [main] INFO  edu.bjut.boudia.myMain - meter_6737642935956239433:300,6484600,300
BruceChen 07:48:30.755 [main] INFO  edu.bjut.boudia.myMain - meter_7453927297070091455:regMsg,reg_backagg,reg_cc
BruceChen 07:48:30.755 [main] INFO  edu.bjut.boudia.myMain - meter_7453927297070091455:200,6380400,300
BruceChen 07:48:30.755 [main] INFO  edu.bjut.boudia.myMain - meter_5586464960804376331:regMsg,reg_backagg,reg_cc
BruceChen 07:48:30.755 [main] INFO  edu.bjut.boudia.myMain - meter_5586464960804376331:200,6637800,300
BruceChen 07:48:30.755 [main] INFO  edu.bjut.boudia.myMain - meter_3795443460347004445:regMsg,reg_backagg,reg_cc
BruceChen 07:48:30.755 [main] INFO  edu.bjut.boudia.myMain - meter_3795443460347004445:200,6579200,400
BruceChen 07:48:30.755 [main] INFO  edu.bjut.boudia.myMain - meter_7513453096618850963:regMsg,reg_backagg,reg_cc
BruceChen 07:48:30.755 [main] INFO  edu.bjut.boudia.myMain - meter_7513453096618850963:300,6476500,400
BruceChen 07:48:30.755 [main] INFO  edu.bjut.boudia.myMain - meter_5616892173801799445:regMsg,reg_backagg,reg_cc
BruceChen 07:48:30.755 [main] INFO  edu.bjut.boudia.myMain - meter_5616892173801799445:400,6578900,500
BruceChen 07:48:30.755 [main] INFO  edu.bjut.boudia.myMain - meter_9121981845527507233:regMsg,reg_backagg,reg_cc
BruceChen 07:48:30.755 [main] INFO  edu.bjut.boudia.myMain - meter_9121981845527507233:400,6502400,400
BruceChen 07:48:30.755 [main] INFO  edu.bjut.boudia.myMain - meter_1817312099647899941:regMsg,reg_backagg,reg_cc
BruceChen 07:48:30.755 [main] INFO  edu.bjut.boudia.myMain - meter_1817312099647899941:300,6547400,500
BruceChen 07:48:30.755 [main] INFO  edu.bjut.boudia.myMain - meter_5407649486595187067:regMsg,reg_backagg,reg_cc
BruceChen 07:48:30.755 [main] INFO  edu.bjut.boudia.myMain - meter_5407649486595187067:200,6533400,300
BruceChen 07:48:30.755 [main] INFO  edu.bjut.boudia.myMain - meter_5863093566442434357:regMsg,reg_backagg,reg_cc
BruceChen 07:48:30.755 [main] INFO  edu.bjut.boudia.myMain - meter_5863093566442434357:200,6419500,500
BruceChen 07:48:30.755 [main] INFO  edu.bjut.boudia.myMain - meter_2930806892658374073:regMsg,reg_backagg,reg_cc
BruceChen 07:48:30.755 [main] INFO  edu.bjut.boudia.myMain - meter_2930806892658374073:300,6318200,300
BruceChen 07:48:30.755 [main] INFO  edu.bjut.boudia.myMain - meter_6111814039095612687:regMsg,reg_backagg,reg_cc
BruceChen 07:48:30.755 [main] INFO  edu.bjut.boudia.myMain - meter_6111814039095612687:300,6536400,300
BruceChen 07:48:30.755 [main] INFO  edu.bjut.boudia.myMain - meter_7701899437178027995:regMsg,reg_backagg,reg_cc
BruceChen 07:48:30.755 [main] INFO  edu.bjut.boudia.myMain - meter_7701899437178027995:200,6495100,400
BruceChen 07:48:30.755 [main] INFO  edu.bjut.boudia.myMain - meter_2402967601857991583:regMsg,reg_backagg,reg_cc
BruceChen 07:48:30.755 [main] INFO  edu.bjut.boudia.myMain - meter_2402967601857991583:400,6476400,400
BruceChen 07:48:30.755 [main] INFO  edu.bjut.boudia.myMain - meter_5485943814124731523:regMsg,reg_backagg,reg_cc
BruceChen 07:48:30.755 [main] INFO  edu.bjut.boudia.myMain - meter_5485943814124731523:300,6551600,300
BruceChen 07:48:30.755 [main] INFO  edu.bjut.boudia.myMain - meter_6995210369055942293:regMsg,reg_backagg,reg_cc
BruceChen 07:48:30.755 [main] INFO  edu.bjut.boudia.myMain - meter_6995210369055942293:200,6431500,300
BruceChen 07:48:30.755 [main] INFO  edu.bjut.boudia.myMain - meter_5860642496540657315:regMsg,reg_backagg,reg_cc
BruceChen 07:48:30.755 [main] INFO  edu.bjut.boudia.myMain - meter_5860642496540657315:1200,6468700,400
BruceChen 07:48:30.755 [main] INFO  edu.bjut.boudia.myMain - meter_2613228173462536557:regMsg,reg_backagg,reg_cc
BruceChen 07:48:30.755 [main] INFO  edu.bjut.boudia.myMain - meter_2613228173462536557:200,6553200,400
BruceChen 07:48:30.755 [main] INFO  edu.bjut.boudia.myMain - meter_975082398787588383:regMsg,reg_backagg,reg_cc
BruceChen 07:48:30.755 [main] INFO  edu.bjut.boudia.myMain - meter_975082398787588383:300,6492500,400
BruceChen 07:48:30.755 [main] INFO  edu.bjut.boudia.myMain - meter_3446549355882173485:regMsg,reg_backagg,reg_cc
BruceChen 07:48:30.755 [main] INFO  edu.bjut.boudia.myMain - meter_3446549355882173485:300,6498100,400
BruceChen 07:48:30.755 [main] INFO  edu.bjut.boudia.myMain - meter_100623355115099535:regMsg,reg_backagg,reg_cc
BruceChen 07:48:30.755 [main] INFO  edu.bjut.boudia.myMain - meter_100623355115099535:200,6510800,400
BruceChen 07:48:30.755 [main] INFO  edu.bjut.boudia.myMain - meter_1953600002545967791:regMsg,reg_backagg,reg_cc
BruceChen 07:48:30.755 [main] INFO  edu.bjut.boudia.myMain - meter_1953600002545967791:300,6496200,400
BruceChen 07:48:30.755 [main] INFO  edu.bjut.boudia.myMain - meter_6040825673843398785:regMsg,reg_backagg,reg_cc
BruceChen 07:48:30.755 [main] INFO  edu.bjut.boudia.myMain - meter_6040825673843398785:200,6541400,400
BruceChen 07:48:30.755 [main] INFO  edu.bjut.boudia.myMain - meter_4001387697869182285:regMsg,reg_backagg,reg_cc
BruceChen 07:48:30.755 [main] INFO  edu.bjut.boudia.myMain - meter_4001387697869182285:300,6402400,500
BruceChen 07:48:30.755 [main] INFO  edu.bjut.boudia.myMain - meter_7638475270957936537:regMsg,reg_backagg,reg_cc
BruceChen 07:48:30.755 [main] INFO  edu.bjut.boudia.myMain - meter_7638475270957936537:200,6377800,300
BruceChen 07:48:30.755 [main] INFO  edu.bjut.boudia.myMain - meter_8021705054451055685:regMsg,reg_backagg,reg_cc
BruceChen 07:48:30.755 [main] INFO  edu.bjut.boudia.myMain - meter_8021705054451055685:200,6381300,400
BruceChen 07:48:30.755 [main] INFO  edu.bjut.boudia.myMain - meter_1083171733119084889:regMsg,reg_backagg,reg_cc
BruceChen 07:48:30.755 [main] INFO  edu.bjut.boudia.myMain - meter_1083171733119084889:200,6348100,300
BruceChen 07:48:30.755 [main] INFO  edu.bjut.boudia.myMain - meter_2726292487509342503:regMsg,reg_backagg,reg_cc
BruceChen 07:48:30.755 [main] INFO  edu.bjut.boudia.myMain - meter_2726292487509342503:300,6398000,400
BruceChen 07:48:30.755 [main] INFO  edu.bjut.boudia.myMain - meter_4671913385046204085:regMsg,reg_backagg,reg_cc
BruceChen 07:48:30.755 [main] INFO  edu.bjut.boudia.myMain - meter_4671913385046204085:300,6439100,400
BruceChen 07:48:30.755 [main] INFO  edu.bjut.boudia.myMain - meter_3235259749462369359:regMsg,reg_backagg,reg_cc
BruceChen 07:48:30.755 [main] INFO  edu.bjut.boudia.myMain - meter_3235259749462369359:300,6376600,400
BruceChen 07:48:30.755 [main] INFO  edu.bjut.boudia.myMain - meter_7927663038936270397:regMsg,reg_backagg,reg_cc
BruceChen 07:48:30.755 [main] INFO  edu.bjut.boudia.myMain - meter_7927663038936270397:300,6266600,400
BruceChen 07:48:30.755 [main] INFO  edu.bjut.boudia.myMain - meter_8508150550240876827:regMsg,reg_backagg,reg_cc
BruceChen 07:48:30.755 [main] INFO  edu.bjut.boudia.myMain - meter_8508150550240876827:300,6303800,400
BruceChen 07:48:30.755 [main] INFO  edu.bjut.boudia.myMain - meter_3302142797310754759:regMsg,reg_backagg,reg_cc
BruceChen 07:48:30.755 [main] INFO  edu.bjut.boudia.myMain - meter_3302142797310754759:200,6322700,400
BruceChen 07:48:30.755 [main] INFO  edu.bjut.boudia.myMain - meter_6923413429189758491:regMsg,reg_backagg,reg_cc
BruceChen 07:48:30.755 [main] INFO  edu.bjut.boudia.myMain - meter_6923413429189758491:300,6355800,400
BruceChen 07:48:30.755 [main] INFO  edu.bjut.boudia.myMain - meter_5555760099666606625:regMsg,reg_backagg,reg_cc
BruceChen 07:48:30.755 [main] INFO  edu.bjut.boudia.myMain - meter_5555760099666606625:300,6304100,400
BruceChen 07:48:30.755 [main] INFO  edu.bjut.boudia.myMain - meter_67732291584602857:regMsg,reg_backagg,reg_cc
BruceChen 07:48:30.755 [main] INFO  edu.bjut.boudia.myMain - meter_67732291584602857:200,6401400,300
BruceChen 07:48:30.755 [main] INFO  edu.bjut.boudia.myMain - meter_8040251868662397619:regMsg,reg_backagg,reg_cc
BruceChen 07:48:30.755 [main] INFO  edu.bjut.boudia.myMain - meter_8040251868662397619:200,6293000,200
BruceChen 07:48:30.755 [main] INFO  edu.bjut.boudia.myMain - meter_5198555640551310859:regMsg,reg_backagg,reg_cc
BruceChen 07:48:30.755 [main] INFO  edu.bjut.boudia.myMain - meter_5198555640551310859:300,6198200,300
BruceChen 07:48:30.755 [main] INFO  edu.bjut.boudia.myMain - meter_6381920657191109815:regMsg,reg_backagg,reg_cc
BruceChen 07:48:30.755 [main] INFO  edu.bjut.boudia.myMain - meter_6381920657191109815:400,6397600,200
BruceChen 07:48:30.755 [main] INFO  edu.bjut.boudia.myMain - meter_5798431281257510383:regMsg,reg_backagg,reg_cc
BruceChen 07:48:30.755 [main] INFO  edu.bjut.boudia.myMain - meter_5798431281257510383:300,6299900,400
BruceChen 07:48:30.755 [main] INFO  edu.bjut.boudia.myMain - meter_1358522398807326675:regMsg,reg_backagg,reg_cc
BruceChen 07:48:30.755 [main] INFO  edu.bjut.boudia.myMain - meter_1358522398807326675:200,6395500,400
BruceChen 07:48:30.755 [main] INFO  edu.bjut.boudia.myMain - meter_9045417431543470769:regMsg,reg_backagg,reg_cc
BruceChen 07:48:30.755 [main] INFO  edu.bjut.boudia.myMain - meter_9045417431543470769:200,6310200,300
BruceChen 07:48:30.755 [main] INFO  edu.bjut.boudia.myMain - meter_5150961734773859337:regMsg,reg_backagg,reg_cc
BruceChen 07:48:30.755 [main] INFO  edu.bjut.boudia.myMain - meter_5150961734773859337:200,6359800,500
BruceChen 07:48:30.755 [main] INFO  edu.bjut.boudia.myMain - meter_5793377387794029953:regMsg,reg_backagg,reg_cc
BruceChen 07:48:30.755 [main] INFO  edu.bjut.boudia.myMain - meter_5793377387794029953:200,6256500,400
BruceChen 07:48:30.755 [main] INFO  edu.bjut.boudia.myMain - meter_8573390021613607253:regMsg,reg_backagg,reg_cc
BruceChen 07:48:30.755 [main] INFO  edu.bjut.boudia.myMain - meter_8573390021613607253:400,6304700,300
BruceChen 07:48:31.547 [main] INFO  edu.bjut.boudia.myMain - oneTimeMeterRepTime
BruceChen 07:48:33.578 [main] INFO  edu.bjut.boudia.myMain - server:repMsg
BruceChen 07:48:33.578 [main] INFO  edu.bjut.boudia.myMain - server:31488900
BruceChen 07:48:33.578 [main] INFO  edu.bjut.boudia.myMain - agg:repMsg
BruceChen 07:48:33.578 [main] INFO  edu.bjut.boudia.myMain - agg:417666900
BruceChen 07:48:33.578 [main] INFO  edu.bjut.boudia.myMain - meter_3550394231717396489:repMsg
BruceChen 07:48:33.578 [main] INFO  edu.bjut.boudia.myMain - meter_3550394231717396489:35373500
BruceChen 07:48:33.578 [main] INFO  edu.bjut.boudia.myMain - meter_6514803518283523233:repMsg
BruceChen 07:48:33.578 [main] INFO  edu.bjut.boudia.myMain - meter_6514803518283523233:26381400
BruceChen 07:48:33.578 [main] INFO  edu.bjut.boudia.myMain - meter_8484783552516267509:repMsg
BruceChen 07:48:33.578 [main] INFO  edu.bjut.boudia.myMain - meter_8484783552516267509:26200100
BruceChen 07:48:33.578 [main] INFO  edu.bjut.boudia.myMain - meter_1443012620240526553:repMsg
BruceChen 07:48:33.578 [main] INFO  edu.bjut.boudia.myMain - meter_1443012620240526553:26322800
BruceChen 07:48:33.578 [main] INFO  edu.bjut.boudia.myMain - meter_5600438717940325611:repMsg
BruceChen 07:48:33.578 [main] INFO  edu.bjut.boudia.myMain - meter_5600438717940325611:26456700
BruceChen 07:48:33.578 [main] INFO  edu.bjut.boudia.myMain - meter_1545053841420634905:repMsg
BruceChen 07:48:33.578 [main] INFO  edu.bjut.boudia.myMain - meter_1545053841420634905:26156700
BruceChen 07:48:33.578 [main] INFO  edu.bjut.boudia.myMain - meter_5525813179580893607:repMsg
BruceChen 07:48:33.578 [main] INFO  edu.bjut.boudia.myMain - meter_5525813179580893607:26168800
BruceChen 07:48:33.578 [main] INFO  edu.bjut.boudia.myMain - meter_8567628247955678315:repMsg
BruceChen 07:48:33.578 [main] INFO  edu.bjut.boudia.myMain - meter_8567628247955678315:26184900
BruceChen 07:48:33.578 [main] INFO  edu.bjut.boudia.myMain - meter_8243867623811944353:repMsg
BruceChen 07:48:33.578 [main] INFO  edu.bjut.boudia.myMain - meter_8243867623811944353:26162300
BruceChen 07:48:33.578 [main] INFO  edu.bjut.boudia.myMain - meter_4011702752520493405:repMsg
BruceChen 07:48:33.578 [main] INFO  edu.bjut.boudia.myMain - meter_4011702752520493405:26341300
BruceChen 07:48:33.578 [main] INFO  edu.bjut.boudia.myMain - meter_4975653550144703359:repMsg
BruceChen 07:48:33.578 [main] INFO  edu.bjut.boudia.myMain - meter_4975653550144703359:29109700
BruceChen 07:48:33.578 [main] INFO  edu.bjut.boudia.myMain - meter_4070425769512394317:repMsg
BruceChen 07:48:33.578 [main] INFO  edu.bjut.boudia.myMain - meter_4070425769512394317:26356300
BruceChen 07:48:33.578 [main] INFO  edu.bjut.boudia.myMain - meter_3611676303028805857:repMsg
BruceChen 07:48:33.578 [main] INFO  edu.bjut.boudia.myMain - meter_3611676303028805857:26341600
BruceChen 07:48:33.578 [main] INFO  edu.bjut.boudia.myMain - meter_1569125577304008643:repMsg
BruceChen 07:48:33.578 [main] INFO  edu.bjut.boudia.myMain - meter_1569125577304008643:26266400
BruceChen 07:48:33.578 [main] INFO  edu.bjut.boudia.myMain - meter_202210656698871717:repMsg
BruceChen 07:48:33.578 [main] INFO  edu.bjut.boudia.myMain - meter_202210656698871717:26082200
BruceChen 07:48:33.578 [main] INFO  edu.bjut.boudia.myMain - meter_6737642935956239433:repMsg
BruceChen 07:48:33.578 [main] INFO  edu.bjut.boudia.myMain - meter_6737642935956239433:26047900
BruceChen 07:48:33.578 [main] INFO  edu.bjut.boudia.myMain - meter_7453927297070091455:repMsg
BruceChen 07:48:33.578 [main] INFO  edu.bjut.boudia.myMain - meter_7453927297070091455:26160500
BruceChen 07:48:33.578 [main] INFO  edu.bjut.boudia.myMain - meter_5586464960804376331:repMsg
BruceChen 07:48:33.578 [main] INFO  edu.bjut.boudia.myMain - meter_5586464960804376331:26121300
BruceChen 07:48:33.578 [main] INFO  edu.bjut.boudia.myMain - meter_3795443460347004445:repMsg
BruceChen 07:48:33.578 [main] INFO  edu.bjut.boudia.myMain - meter_3795443460347004445:26743600
BruceChen 07:48:33.578 [main] INFO  edu.bjut.boudia.myMain - meter_7513453096618850963:repMsg
BruceChen 07:48:33.578 [main] INFO  edu.bjut.boudia.myMain - meter_7513453096618850963:26234200
BruceChen 07:48:33.578 [main] INFO  edu.bjut.boudia.myMain - meter_5616892173801799445:repMsg
BruceChen 07:48:33.578 [main] INFO  edu.bjut.boudia.myMain - meter_5616892173801799445:25918500
BruceChen 07:48:33.578 [main] INFO  edu.bjut.boudia.myMain - meter_9121981845527507233:repMsg
BruceChen 07:48:33.578 [main] INFO  edu.bjut.boudia.myMain - meter_9121981845527507233:25551000
BruceChen 07:48:33.578 [main] INFO  edu.bjut.boudia.myMain - meter_1817312099647899941:repMsg
BruceChen 07:48:33.578 [main] INFO  edu.bjut.boudia.myMain - meter_1817312099647899941:25531400
BruceChen 07:48:33.578 [main] INFO  edu.bjut.boudia.myMain - meter_5407649486595187067:repMsg
BruceChen 07:48:33.578 [main] INFO  edu.bjut.boudia.myMain - meter_5407649486595187067:25465800
BruceChen 07:48:33.578 [main] INFO  edu.bjut.boudia.myMain - meter_5863093566442434357:repMsg
BruceChen 07:48:33.578 [main] INFO  edu.bjut.boudia.myMain - meter_5863093566442434357:26036900
BruceChen 07:48:33.578 [main] INFO  edu.bjut.boudia.myMain - meter_2930806892658374073:repMsg
BruceChen 07:48:33.578 [main] INFO  edu.bjut.boudia.myMain - meter_2930806892658374073:25914400
BruceChen 07:48:33.578 [main] INFO  edu.bjut.boudia.myMain - meter_6111814039095612687:repMsg
BruceChen 07:48:33.578 [main] INFO  edu.bjut.boudia.myMain - meter_6111814039095612687:26029800
BruceChen 07:48:33.578 [main] INFO  edu.bjut.boudia.myMain - meter_7701899437178027995:repMsg
BruceChen 07:48:33.578 [main] INFO  edu.bjut.boudia.myMain - meter_7701899437178027995:26323700
BruceChen 07:48:33.578 [main] INFO  edu.bjut.boudia.myMain - meter_2402967601857991583:repMsg
BruceChen 07:48:33.578 [main] INFO  edu.bjut.boudia.myMain - meter_2402967601857991583:25805000
BruceChen 07:48:33.578 [main] INFO  edu.bjut.boudia.myMain - meter_5485943814124731523:repMsg
BruceChen 07:48:33.578 [main] INFO  edu.bjut.boudia.myMain - meter_5485943814124731523:25651400
BruceChen 07:48:33.578 [main] INFO  edu.bjut.boudia.myMain - meter_6995210369055942293:repMsg
BruceChen 07:48:33.578 [main] INFO  edu.bjut.boudia.myMain - meter_6995210369055942293:25316800
BruceChen 07:48:33.578 [main] INFO  edu.bjut.boudia.myMain - meter_5860642496540657315:repMsg
BruceChen 07:48:33.578 [main] INFO  edu.bjut.boudia.myMain - meter_5860642496540657315:25559100
BruceChen 07:48:33.578 [main] INFO  edu.bjut.boudia.myMain - meter_2613228173462536557:repMsg
BruceChen 07:48:33.578 [main] INFO  edu.bjut.boudia.myMain - meter_2613228173462536557:25553500
BruceChen 07:48:33.578 [main] INFO  edu.bjut.boudia.myMain - meter_975082398787588383:repMsg
BruceChen 07:48:33.578 [main] INFO  edu.bjut.boudia.myMain - meter_975082398787588383:25328200
BruceChen 07:48:33.578 [main] INFO  edu.bjut.boudia.myMain - meter_3446549355882173485:repMsg
BruceChen 07:48:33.578 [main] INFO  edu.bjut.boudia.myMain - meter_3446549355882173485:25594800
BruceChen 07:48:33.578 [main] INFO  edu.bjut.boudia.myMain - meter_100623355115099535:repMsg
BruceChen 07:48:33.578 [main] INFO  edu.bjut.boudia.myMain - meter_100623355115099535:25258100
BruceChen 07:48:33.578 [main] INFO  edu.bjut.boudia.myMain - meter_1953600002545967791:repMsg
BruceChen 07:48:33.578 [main] INFO  edu.bjut.boudia.myMain - meter_1953600002545967791:25198900
BruceChen 07:48:33.578 [main] INFO  edu.bjut.boudia.myMain - meter_6040825673843398785:repMsg
BruceChen 07:48:33.578 [main] INFO  edu.bjut.boudia.myMain - meter_6040825673843398785:25231200
BruceChen 07:48:33.578 [main] INFO  edu.bjut.boudia.myMain - meter_4001387697869182285:repMsg
BruceChen 07:48:33.578 [main] INFO  edu.bjut.boudia.myMain - meter_4001387697869182285:29357800
BruceChen 07:48:33.578 [main] INFO  edu.bjut.boudia.myMain - meter_7638475270957936537:repMsg
BruceChen 07:48:33.578 [main] INFO  edu.bjut.boudia.myMain - meter_7638475270957936537:26326600
BruceChen 07:48:33.578 [main] INFO  edu.bjut.boudia.myMain - meter_8021705054451055685:repMsg
BruceChen 07:48:33.578 [main] INFO  edu.bjut.boudia.myMain - meter_8021705054451055685:26012000
BruceChen 07:48:33.578 [main] INFO  edu.bjut.boudia.myMain - meter_1083171733119084889:repMsg
BruceChen 07:48:33.578 [main] INFO  edu.bjut.boudia.myMain - meter_1083171733119084889:25865600
BruceChen 07:48:33.578 [main] INFO  edu.bjut.boudia.myMain - meter_2726292487509342503:repMsg
BruceChen 07:48:33.578 [main] INFO  edu.bjut.boudia.myMain - meter_2726292487509342503:25735000
BruceChen 07:48:33.578 [main] INFO  edu.bjut.boudia.myMain - meter_4671913385046204085:repMsg
BruceChen 07:48:33.578 [main] INFO  edu.bjut.boudia.myMain - meter_4671913385046204085:26399300
BruceChen 07:48:33.578 [main] INFO  edu.bjut.boudia.myMain - meter_3235259749462369359:repMsg
BruceChen 07:48:33.578 [main] INFO  edu.bjut.boudia.myMain - meter_3235259749462369359:26330900
BruceChen 07:48:33.578 [main] INFO  edu.bjut.boudia.myMain - meter_7927663038936270397:repMsg
BruceChen 07:48:33.578 [main] INFO  edu.bjut.boudia.myMain - meter_7927663038936270397:25712300
BruceChen 07:48:33.578 [main] INFO  edu.bjut.boudia.myMain - meter_8508150550240876827:repMsg
BruceChen 07:48:33.578 [main] INFO  edu.bjut.boudia.myMain - meter_8508150550240876827:25581500
BruceChen 07:48:33.578 [main] INFO  edu.bjut.boudia.myMain - meter_3302142797310754759:repMsg
BruceChen 07:48:33.578 [main] INFO  edu.bjut.boudia.myMain - meter_3302142797310754759:25309100
BruceChen 07:48:33.578 [main] INFO  edu.bjut.boudia.myMain - meter_6923413429189758491:repMsg
BruceChen 07:48:33.578 [main] INFO  edu.bjut.boudia.myMain - meter_6923413429189758491:25408600
BruceChen 07:48:33.578 [main] INFO  edu.bjut.boudia.myMain - meter_5555760099666606625:repMsg
BruceChen 07:48:33.578 [main] INFO  edu.bjut.boudia.myMain - meter_5555760099666606625:25851500
BruceChen 07:48:33.578 [main] INFO  edu.bjut.boudia.myMain - meter_67732291584602857:repMsg
BruceChen 07:48:33.578 [main] INFO  edu.bjut.boudia.myMain - meter_67732291584602857:26067600
BruceChen 07:48:33.578 [main] INFO  edu.bjut.boudia.myMain - meter_8040251868662397619:repMsg
BruceChen 07:48:33.578 [main] INFO  edu.bjut.boudia.myMain - meter_8040251868662397619:30815700
BruceChen 07:48:33.578 [main] INFO  edu.bjut.boudia.myMain - meter_5198555640551310859:repMsg
BruceChen 07:48:33.578 [main] INFO  edu.bjut.boudia.myMain - meter_5198555640551310859:25570200
BruceChen 07:48:33.578 [main] INFO  edu.bjut.boudia.myMain - meter_6381920657191109815:repMsg
BruceChen 07:48:33.578 [main] INFO  edu.bjut.boudia.myMain - meter_6381920657191109815:25410900
BruceChen 07:48:33.578 [main] INFO  edu.bjut.boudia.myMain - meter_5798431281257510383:repMsg
BruceChen 07:48:33.578 [main] INFO  edu.bjut.boudia.myMain - meter_5798431281257510383:26284700
BruceChen 07:48:33.578 [main] INFO  edu.bjut.boudia.myMain - meter_1358522398807326675:repMsg
BruceChen 07:48:33.578 [main] INFO  edu.bjut.boudia.myMain - meter_1358522398807326675:26133900
BruceChen 07:48:33.578 [main] INFO  edu.bjut.boudia.myMain - meter_9045417431543470769:repMsg
BruceChen 07:48:33.578 [main] INFO  edu.bjut.boudia.myMain - meter_9045417431543470769:26740600
BruceChen 07:48:33.578 [main] INFO  edu.bjut.boudia.myMain - meter_5150961734773859337:repMsg
BruceChen 07:48:33.578 [main] INFO  edu.bjut.boudia.myMain - meter_5150961734773859337:26193400
BruceChen 07:48:33.578 [main] INFO  edu.bjut.boudia.myMain - meter_5793377387794029953:repMsg
BruceChen 07:48:33.578 [main] INFO  edu.bjut.boudia.myMain - meter_5793377387794029953:26087900
BruceChen 07:48:33.578 [main] INFO  edu.bjut.boudia.myMain - meter_8573390021613607253:repMsg
BruceChen 07:48:33.578 [main] INFO  edu.bjut.boudia.myMain - meter_8573390021613607253:26102200
BruceChen 07:48:36.862 [main] INFO  edu.bjut.boudia.myMain - oneTimeMeterRegTime
BruceChen 07:48:37.513 [main] INFO  edu.bjut.boudia.myMain - server:pubkey
BruceChen 07:48:37.513 [main] INFO  edu.bjut.boudia.myMain - server:1300
BruceChen 07:48:37.513 [main] INFO  edu.bjut.boudia.myMain - agg:regMsg,regMsg,regMsg,regMsg,regMsg,regMsg,regMsg,regMsg,regMsg,regMsg,regMsg,regMsg,regMsg,regMsg,regMsg,regMsg,regMsg,regMsg,regMsg,regMsg,regMsg,regMsg,regMsg,regMsg,regMsg,regMsg,regMsg,regMsg,regMsg,regMsg,regMsg,regMsg,regMsg,regMsg,regMsg,regMsg,regMsg,regMsg,regMsg,regMsg,regMsg,regMsg,regMsg,regMsg,regMsg,regMsg,regMsg,regMsg,regMsg,regMsg
BruceChen 07:48:37.513 [main] INFO  edu.bjut.boudia.myMain - agg:6457800,6488500,6465600,6437200,6484600,6463600,6672100,6432500,6286900,6431800,6280700,6261300,6312000,6277100,6303100,6296700,6288200,6323900,6303200,6282500,6288600,6279600,6291700,6318300,6287200,6280000,6307400,6375800,6490600,6477000,6472200,6510500,6455600,6451600,6381700,6281300,9331900,6469800,6454700,6465900,6472800,6448900,6466100,6481800,6501200,6449200,6482400,6459700,6508300,6461900
BruceChen 07:48:37.513 [main] INFO  edu.bjut.boudia.myMain - meter_1054372455882487145:regMsg,reg_backagg,reg_cc
BruceChen 07:48:37.513 [main] INFO  edu.bjut.boudia.myMain - meter_1054372455882487145:900,6508000,600
BruceChen 07:48:37.513 [main] INFO  edu.bjut.boudia.myMain - meter_6425514321125388125:regMsg,reg_backagg,reg_cc
BruceChen 07:48:37.513 [main] INFO  edu.bjut.boudia.myMain - meter_6425514321125388125:600,6508500,300
BruceChen 07:48:37.513 [main] INFO  edu.bjut.boudia.myMain - meter_4875102299726075611:regMsg,reg_backagg,reg_cc
BruceChen 07:48:37.513 [main] INFO  edu.bjut.boudia.myMain - meter_4875102299726075611:600,6401200,400
BruceChen 07:48:37.513 [main] INFO  edu.bjut.boudia.myMain - meter_6603455213379228487:regMsg,reg_backagg,reg_cc
BruceChen 07:48:37.513 [main] INFO  edu.bjut.boudia.myMain - meter_6603455213379228487:300,6472500,400
BruceChen 07:48:37.513 [main] INFO  edu.bjut.boudia.myMain - meter_5445461305941734613:regMsg,reg_backagg,reg_cc
BruceChen 07:48:37.513 [main] INFO  edu.bjut.boudia.myMain - meter_5445461305941734613:300,6371600,500
BruceChen 07:48:37.513 [main] INFO  edu.bjut.boudia.myMain - meter_8171876270740387405:regMsg,reg_backagg,reg_cc
BruceChen 07:48:37.513 [main] INFO  edu.bjut.boudia.myMain - meter_8171876270740387405:600,6571800,300
BruceChen 07:48:37.513 [main] INFO  edu.bjut.boudia.myMain - meter_7480737514206872309:regMsg,reg_backagg,reg_cc
BruceChen 07:48:37.513 [main] INFO  edu.bjut.boudia.myMain - meter_7480737514206872309:2900,6477400,400
BruceChen 07:48:37.513 [main] INFO  edu.bjut.boudia.myMain - meter_1310606292974587291:regMsg,reg_backagg,reg_cc
BruceChen 07:48:37.513 [main] INFO  edu.bjut.boudia.myMain - meter_1310606292974587291:700,6363100,6500
BruceChen 07:48:37.513 [main] INFO  edu.bjut.boudia.myMain - meter_6049642903052423191:regMsg,reg_backagg,reg_cc
BruceChen 07:48:37.513 [main] INFO  edu.bjut.boudia.myMain - meter_6049642903052423191:800,6258700,500
BruceChen 07:48:37.513 [main] INFO  edu.bjut.boudia.myMain - meter_8204153473900188533:regMsg,reg_backagg,reg_cc
BruceChen 07:48:37.513 [main] INFO  edu.bjut.boudia.myMain - meter_8204153473900188533:400,6330500,200
BruceChen 07:48:37.513 [main] INFO  edu.bjut.boudia.myMain - meter_6162606737470466109:regMsg,reg_backagg,reg_cc
BruceChen 07:48:37.513 [main] INFO  edu.bjut.boudia.myMain - meter_6162606737470466109:200,6366500,100
BruceChen 07:48:37.513 [main] INFO  edu.bjut.boudia.myMain - meter_447332646381516797:regMsg,reg_backagg,reg_cc
BruceChen 07:48:37.513 [main] INFO  edu.bjut.boudia.myMain - meter_447332646381516797:200,6327700,100
BruceChen 07:48:37.513 [main] INFO  edu.bjut.boudia.myMain - meter_8258013662484774525:regMsg,reg_backagg,reg_cc
BruceChen 07:48:37.513 [main] INFO  edu.bjut.boudia.myMain - meter_8258013662484774525:300,6361600,300
BruceChen 07:48:37.513 [main] INFO  edu.bjut.boudia.myMain - meter_5073267833947741591:regMsg,reg_backagg,reg_cc
BruceChen 07:48:37.513 [main] INFO  edu.bjut.boudia.myMain - meter_5073267833947741591:700,6255200,200
BruceChen 07:48:37.513 [main] INFO  edu.bjut.boudia.myMain - meter_7127590206817430575:regMsg,reg_backagg,reg_cc
BruceChen 07:48:37.513 [main] INFO  edu.bjut.boudia.myMain - meter_7127590206817430575:300,6247800,400
BruceChen 07:48:37.513 [main] INFO  edu.bjut.boudia.myMain - meter_6168133403153704489:regMsg,reg_backagg,reg_cc
BruceChen 07:48:37.513 [main] INFO  edu.bjut.boudia.myMain - meter_6168133403153704489:400,6358400,300
BruceChen 07:48:37.513 [main] INFO  edu.bjut.boudia.myMain - meter_756318867888342863:regMsg,reg_backagg,reg_cc
BruceChen 07:48:37.513 [main] INFO  edu.bjut.boudia.myMain - meter_756318867888342863:200,6268800,100
BruceChen 07:48:37.513 [main] INFO  edu.bjut.boudia.myMain - meter_7192892203079714223:regMsg,reg_backagg,reg_cc
BruceChen 07:48:37.513 [main] INFO  edu.bjut.boudia.myMain - meter_7192892203079714223:300,6279700,200
BruceChen 07:48:37.513 [main] INFO  edu.bjut.boudia.myMain - meter_1430312899683418815:regMsg,reg_backagg,reg_cc
BruceChen 07:48:37.513 [main] INFO  edu.bjut.boudia.myMain - meter_1430312899683418815:400,6289600,300
BruceChen 07:48:37.513 [main] INFO  edu.bjut.boudia.myMain - meter_6977601713311602025:regMsg,reg_backagg,reg_cc
BruceChen 07:48:37.513 [main] INFO  edu.bjut.boudia.myMain - meter_6977601713311602025:300,6305200,200
BruceChen 07:48:37.513 [main] INFO  edu.bjut.boudia.myMain - meter_1203280755022934279:regMsg,reg_backagg,reg_cc
BruceChen 07:48:37.513 [main] INFO  edu.bjut.boudia.myMain - meter_1203280755022934279:300,6351600,400
BruceChen 07:48:37.513 [main] INFO  edu.bjut.boudia.myMain - meter_4141572832433153651:regMsg,reg_backagg,reg_cc
BruceChen 07:48:37.513 [main] INFO  edu.bjut.boudia.myMain - meter_4141572832433153651:600,6391800,300
BruceChen 07:48:37.513 [main] INFO  edu.bjut.boudia.myMain - meter_7247021764866616637:regMsg,reg_backagg,reg_cc
BruceChen 07:48:37.513 [main] INFO  edu.bjut.boudia.myMain - meter_7247021764866616637:400,6287800,300
BruceChen 07:48:37.513 [main] INFO  edu.bjut.boudia.myMain - meter_7206954236368701897:regMsg,reg_backagg,reg_cc
BruceChen 07:48:37.513 [main] INFO  edu.bjut.boudia.myMain - meter_7206954236368701897:400,6388000,300
BruceChen 07:48:37.513 [main] INFO  edu.bjut.boudia.myMain - meter_4614609990974757839:regMsg,reg_backagg,reg_cc
BruceChen 07:48:37.513 [main] INFO  edu.bjut.boudia.myMain - meter_4614609990974757839:500,6384200,500
BruceChen 07:48:37.513 [main] INFO  edu.bjut.boudia.myMain - meter_3490585797695540199:regMsg,reg_backagg,reg_cc
BruceChen 07:48:37.513 [main] INFO  edu.bjut.boudia.myMain - meter_3490585797695540199:600,6225300,300
BruceChen 07:48:37.513 [main] INFO  edu.bjut.boudia.myMain - meter_4558296956057448221:regMsg,reg_backagg,reg_cc
BruceChen 07:48:37.513 [main] INFO  edu.bjut.boudia.myMain - meter_4558296956057448221:400,6255500,200
BruceChen 07:48:37.513 [main] INFO  edu.bjut.boudia.myMain - meter_4365509970167072847:regMsg,reg_backagg,reg_cc
BruceChen 07:48:37.513 [main] INFO  edu.bjut.boudia.myMain - meter_4365509970167072847:300,6510500,100
BruceChen 07:48:37.513 [main] INFO  edu.bjut.boudia.myMain - meter_8047912040210491803:regMsg,reg_backagg,reg_cc
BruceChen 07:48:37.513 [main] INFO  edu.bjut.boudia.myMain - meter_8047912040210491803:500,6533200,400
BruceChen 07:48:37.513 [main] INFO  edu.bjut.boudia.myMain - meter_3803073208839555287:regMsg,reg_backagg,reg_cc
BruceChen 07:48:37.513 [main] INFO  edu.bjut.boudia.myMain - meter_3803073208839555287:800,6565900,400
BruceChen 07:48:37.513 [main] INFO  edu.bjut.boudia.myMain - meter_5120770373425395837:regMsg,reg_backagg,reg_cc
BruceChen 07:48:37.513 [main] INFO  edu.bjut.boudia.myMain - meter_5120770373425395837:600,6488100,300
BruceChen 07:48:37.513 [main] INFO  edu.bjut.boudia.myMain - meter_3135417373173048827:regMsg,reg_backagg,reg_cc
BruceChen 07:48:37.513 [main] INFO  edu.bjut.boudia.myMain - meter_3135417373173048827:600,6446500,300
BruceChen 07:48:37.513 [main] INFO  edu.bjut.boudia.myMain - meter_3621341014533727139:regMsg,reg_backagg,reg_cc
BruceChen 07:48:37.513 [main] INFO  edu.bjut.boudia.myMain - meter_3621341014533727139:500,6484400,300
BruceChen 07:48:37.513 [main] INFO  edu.bjut.boudia.myMain - meter_7755091978492303647:regMsg,reg_backagg,reg_cc
BruceChen 07:48:37.513 [main] INFO  edu.bjut.boudia.myMain - meter_7755091978492303647:400,6519300,400
BruceChen 07:48:37.513 [main] INFO  edu.bjut.boudia.myMain - meter_5140786277089596357:regMsg,reg_backagg,reg_cc
BruceChen 07:48:37.513 [main] INFO  edu.bjut.boudia.myMain - meter_5140786277089596357:700,6251100,400
BruceChen 07:48:37.513 [main] INFO  edu.bjut.boudia.myMain - meter_6579959541640735323:regMsg,reg_backagg,reg_cc
BruceChen 07:48:37.513 [main] INFO  edu.bjut.boudia.myMain - meter_6579959541640735323:700,6293200,200
BruceChen 07:48:37.513 [main] INFO  edu.bjut.boudia.myMain - meter_327471679616573651:regMsg,reg_backagg,reg_cc
BruceChen 07:48:37.513 [main] INFO  edu.bjut.boudia.myMain - meter_327471679616573651:400,6591300,300
BruceChen 07:48:37.513 [main] INFO  edu.bjut.boudia.myMain - meter_6689631098729541351:regMsg,reg_backagg,reg_cc
BruceChen 07:48:37.513 [main] INFO  edu.bjut.boudia.myMain - meter_6689631098729541351:800,6512900,200
BruceChen 07:48:37.513 [main] INFO  edu.bjut.boudia.myMain - meter_6076652620332138423:regMsg,reg_backagg,reg_cc
BruceChen 07:48:37.513 [main] INFO  edu.bjut.boudia.myMain - meter_6076652620332138423:300,6559500,200
BruceChen 07:48:37.513 [main] INFO  edu.bjut.boudia.myMain - meter_1240980970706956033:regMsg,reg_backagg,reg_cc
BruceChen 07:48:37.513 [main] INFO  edu.bjut.boudia.myMain - meter_1240980970706956033:400,6489300,300
BruceChen 07:48:37.513 [main] INFO  edu.bjut.boudia.myMain - meter_901950632259071023:regMsg,reg_backagg,reg_cc
BruceChen 07:48:37.513 [main] INFO  edu.bjut.boudia.myMain - meter_901950632259071023:200,6520500,300
BruceChen 07:48:37.513 [main] INFO  edu.bjut.boudia.myMain - meter_4064130130680717747:regMsg,reg_backagg,reg_cc
BruceChen 07:48:37.513 [main] INFO  edu.bjut.boudia.myMain - meter_4064130130680717747:700,6493200,200
BruceChen 07:48:37.513 [main] INFO  edu.bjut.boudia.myMain - meter_8132814771608016953:regMsg,reg_backagg,reg_cc
BruceChen 07:48:37.513 [main] INFO  edu.bjut.boudia.myMain - meter_8132814771608016953:300,6250300,200
BruceChen 07:48:37.513 [main] INFO  edu.bjut.boudia.myMain - meter_9208431126447552005:regMsg,reg_backagg,reg_cc
BruceChen 07:48:37.513 [main] INFO  edu.bjut.boudia.myMain - meter_9208431126447552005:300,6488700,300
BruceChen 07:48:37.513 [main] INFO  edu.bjut.boudia.myMain - meter_6455898819317122019:regMsg,reg_backagg,reg_cc
BruceChen 07:48:37.513 [main] INFO  edu.bjut.boudia.myMain - meter_6455898819317122019:700,6585900,300
BruceChen 07:48:37.513 [main] INFO  edu.bjut.boudia.myMain - meter_8118017934138315253:regMsg,reg_backagg,reg_cc
BruceChen 07:48:37.513 [main] INFO  edu.bjut.boudia.myMain - meter_8118017934138315253:400,6501600,200
BruceChen 07:48:37.513 [main] INFO  edu.bjut.boudia.myMain - meter_8172711340734827775:regMsg,reg_backagg,reg_cc
BruceChen 07:48:37.513 [main] INFO  edu.bjut.boudia.myMain - meter_8172711340734827775:300,6378800,100
BruceChen 07:48:37.513 [main] INFO  edu.bjut.boudia.myMain - meter_584161710304572309:regMsg,reg_backagg,reg_cc
BruceChen 07:48:37.513 [main] INFO  edu.bjut.boudia.myMain - meter_584161710304572309:300,6494600,100
BruceChen 07:48:37.513 [main] INFO  edu.bjut.boudia.myMain - meter_1873568107744239005:regMsg,reg_backagg,reg_cc
BruceChen 07:48:37.513 [main] INFO  edu.bjut.boudia.myMain - meter_1873568107744239005:300,6445100,100
BruceChen 07:48:37.513 [main] INFO  edu.bjut.boudia.myMain - meter_5035382159727828027:regMsg,reg_backagg,reg_cc
BruceChen 07:48:37.513 [main] INFO  edu.bjut.boudia.myMain - meter_5035382159727828027:400,6460700,200
BruceChen 07:48:38.169 [main] INFO  edu.bjut.boudia.myMain - oneTimeMeterRepTime
BruceChen 07:48:39.842 [main] INFO  edu.bjut.boudia.myMain - server:repMsg
BruceChen 07:48:39.842 [main] INFO  edu.bjut.boudia.myMain - server:31155600
BruceChen 07:48:39.842 [main] INFO  edu.bjut.boudia.myMain - agg:repMsg
BruceChen 07:48:39.842 [main] INFO  edu.bjut.boudia.myMain - agg:342782400
BruceChen 07:48:39.842 [main] INFO  edu.bjut.boudia.myMain - meter_1054372455882487145:repMsg
BruceChen 07:48:39.842 [main] INFO  edu.bjut.boudia.myMain - meter_1054372455882487145:26190900
BruceChen 07:48:39.842 [main] INFO  edu.bjut.boudia.myMain - meter_6425514321125388125:repMsg
BruceChen 07:48:39.842 [main] INFO  edu.bjut.boudia.myMain - meter_6425514321125388125:26413400
BruceChen 07:48:39.842 [main] INFO  edu.bjut.boudia.myMain - meter_4875102299726075611:repMsg
BruceChen 07:48:39.842 [main] INFO  edu.bjut.boudia.myMain - meter_4875102299726075611:26265000
BruceChen 07:48:39.842 [main] INFO  edu.bjut.boudia.myMain - meter_6603455213379228487:repMsg
BruceChen 07:48:39.842 [main] INFO  edu.bjut.boudia.myMain - meter_6603455213379228487:26341500
BruceChen 07:48:39.842 [main] INFO  edu.bjut.boudia.myMain - meter_5445461305941734613:repMsg
BruceChen 07:48:39.842 [main] INFO  edu.bjut.boudia.myMain - meter_5445461305941734613:26170900
BruceChen 07:48:39.842 [main] INFO  edu.bjut.boudia.myMain - meter_8171876270740387405:repMsg
BruceChen 07:48:39.842 [main] INFO  edu.bjut.boudia.myMain - meter_8171876270740387405:26126800
BruceChen 07:48:39.842 [main] INFO  edu.bjut.boudia.myMain - meter_7480737514206872309:repMsg
BruceChen 07:48:39.842 [main] INFO  edu.bjut.boudia.myMain - meter_7480737514206872309:26213800
BruceChen 07:48:39.842 [main] INFO  edu.bjut.boudia.myMain - meter_1310606292974587291:repMsg
BruceChen 07:48:39.842 [main] INFO  edu.bjut.boudia.myMain - meter_1310606292974587291:26212600
BruceChen 07:48:39.842 [main] INFO  edu.bjut.boudia.myMain - meter_6049642903052423191:repMsg
BruceChen 07:48:39.842 [main] INFO  edu.bjut.boudia.myMain - meter_6049642903052423191:25998400
BruceChen 07:48:39.842 [main] INFO  edu.bjut.boudia.myMain - meter_8204153473900188533:repMsg
BruceChen 07:48:39.858 [main] INFO  edu.bjut.boudia.myMain - meter_8204153473900188533:26172600
BruceChen 07:48:39.858 [main] INFO  edu.bjut.boudia.myMain - meter_6162606737470466109:repMsg
BruceChen 07:48:39.858 [main] INFO  edu.bjut.boudia.myMain - meter_6162606737470466109:26105700
BruceChen 07:48:39.858 [main] INFO  edu.bjut.boudia.myMain - meter_447332646381516797:repMsg
BruceChen 07:48:39.858 [main] INFO  edu.bjut.boudia.myMain - meter_447332646381516797:25880100
BruceChen 07:48:39.858 [main] INFO  edu.bjut.boudia.myMain - meter_8258013662484774525:repMsg
BruceChen 07:48:39.858 [main] INFO  edu.bjut.boudia.myMain - meter_8258013662484774525:26204000
BruceChen 07:48:39.858 [main] INFO  edu.bjut.boudia.myMain - meter_5073267833947741591:repMsg
BruceChen 07:48:39.858 [main] INFO  edu.bjut.boudia.myMain - meter_5073267833947741591:26113300
BruceChen 07:48:39.858 [main] INFO  edu.bjut.boudia.myMain - meter_7127590206817430575:repMsg
BruceChen 07:48:39.858 [main] INFO  edu.bjut.boudia.myMain - meter_7127590206817430575:26092200
BruceChen 07:48:39.858 [main] INFO  edu.bjut.boudia.myMain - meter_6168133403153704489:repMsg
BruceChen 07:48:39.858 [main] INFO  edu.bjut.boudia.myMain - meter_6168133403153704489:26001300
BruceChen 07:48:39.858 [main] INFO  edu.bjut.boudia.myMain - meter_756318867888342863:repMsg
BruceChen 07:48:39.858 [main] INFO  edu.bjut.boudia.myMain - meter_756318867888342863:26195000
BruceChen 07:48:39.858 [main] INFO  edu.bjut.boudia.myMain - meter_7192892203079714223:repMsg
BruceChen 07:48:39.858 [main] INFO  edu.bjut.boudia.myMain - meter_7192892203079714223:26284000
BruceChen 07:48:39.858 [main] INFO  edu.bjut.boudia.myMain - meter_1430312899683418815:repMsg
BruceChen 07:48:39.858 [main] INFO  edu.bjut.boudia.myMain - meter_1430312899683418815:26160500
BruceChen 07:48:39.858 [main] INFO  edu.bjut.boudia.myMain - meter_6977601713311602025:repMsg
BruceChen 07:48:39.858 [main] INFO  edu.bjut.boudia.myMain - meter_6977601713311602025:26158600
BruceChen 07:48:39.858 [main] INFO  edu.bjut.boudia.myMain - meter_1203280755022934279:repMsg
BruceChen 07:48:39.858 [main] INFO  edu.bjut.boudia.myMain - meter_1203280755022934279:26233600
BruceChen 07:48:39.858 [main] INFO  edu.bjut.boudia.myMain - meter_4141572832433153651:repMsg
BruceChen 07:48:39.858 [main] INFO  edu.bjut.boudia.myMain - meter_4141572832433153651:26374000
BruceChen 07:48:39.858 [main] INFO  edu.bjut.boudia.myMain - meter_7247021764866616637:repMsg
BruceChen 07:48:39.858 [main] INFO  edu.bjut.boudia.myMain - meter_7247021764866616637:26438800
BruceChen 07:48:39.858 [main] INFO  edu.bjut.boudia.myMain - meter_7206954236368701897:repMsg
BruceChen 07:48:39.858 [main] INFO  edu.bjut.boudia.myMain - meter_7206954236368701897:29214800
BruceChen 07:48:39.858 [main] INFO  edu.bjut.boudia.myMain - meter_4614609990974757839:repMsg
BruceChen 07:48:39.858 [main] INFO  edu.bjut.boudia.myMain - meter_4614609990974757839:26133600
BruceChen 07:48:39.858 [main] INFO  edu.bjut.boudia.myMain - meter_3490585797695540199:repMsg
BruceChen 07:48:39.858 [main] INFO  edu.bjut.boudia.myMain - meter_3490585797695540199:26195800
BruceChen 07:48:39.858 [main] INFO  edu.bjut.boudia.myMain - meter_4558296956057448221:repMsg
BruceChen 07:48:39.858 [main] INFO  edu.bjut.boudia.myMain - meter_4558296956057448221:26007500
BruceChen 07:48:39.858 [main] INFO  edu.bjut.boudia.myMain - meter_4365509970167072847:repMsg
BruceChen 07:48:39.858 [main] INFO  edu.bjut.boudia.myMain - meter_4365509970167072847:26182600
BruceChen 07:48:39.858 [main] INFO  edu.bjut.boudia.myMain - meter_8047912040210491803:repMsg
BruceChen 07:48:39.858 [main] INFO  edu.bjut.boudia.myMain - meter_8047912040210491803:26180000
BruceChen 07:48:39.858 [main] INFO  edu.bjut.boudia.myMain - meter_3803073208839555287:repMsg
BruceChen 07:48:39.858 [main] INFO  edu.bjut.boudia.myMain - meter_3803073208839555287:25452100
BruceChen 07:48:39.858 [main] INFO  edu.bjut.boudia.myMain - meter_5120770373425395837:repMsg
BruceChen 07:48:39.858 [main] INFO  edu.bjut.boudia.myMain - meter_5120770373425395837:25641900
BruceChen 07:48:39.858 [main] INFO  edu.bjut.boudia.myMain - meter_3135417373173048827:repMsg
BruceChen 07:48:39.858 [main] INFO  edu.bjut.boudia.myMain - meter_3135417373173048827:25383700
BruceChen 07:48:39.858 [main] INFO  edu.bjut.boudia.myMain - meter_3621341014533727139:repMsg
BruceChen 07:48:39.858 [main] INFO  edu.bjut.boudia.myMain - meter_3621341014533727139:25278800
BruceChen 07:48:39.858 [main] INFO  edu.bjut.boudia.myMain - meter_7755091978492303647:repMsg
BruceChen 07:48:39.858 [main] INFO  edu.bjut.boudia.myMain - meter_7755091978492303647:25341600
BruceChen 07:48:39.858 [main] INFO  edu.bjut.boudia.myMain - meter_5140786277089596357:repMsg
BruceChen 07:48:39.858 [main] INFO  edu.bjut.boudia.myMain - meter_5140786277089596357:25509200
BruceChen 07:48:39.858 [main] INFO  edu.bjut.boudia.myMain - meter_6579959541640735323:repMsg
BruceChen 07:48:39.858 [main] INFO  edu.bjut.boudia.myMain - meter_6579959541640735323:25333400
BruceChen 07:48:39.858 [main] INFO  edu.bjut.boudia.myMain - meter_327471679616573651:repMsg
BruceChen 07:48:39.858 [main] INFO  edu.bjut.boudia.myMain - meter_327471679616573651:26267400
BruceChen 07:48:39.858 [main] INFO  edu.bjut.boudia.myMain - meter_6689631098729541351:repMsg
BruceChen 07:48:39.858 [main] INFO  edu.bjut.boudia.myMain - meter_6689631098729541351:26010400
BruceChen 07:48:39.858 [main] INFO  edu.bjut.boudia.myMain - meter_6076652620332138423:repMsg
BruceChen 07:48:39.858 [main] INFO  edu.bjut.boudia.myMain - meter_6076652620332138423:25916200
BruceChen 07:48:39.858 [main] INFO  edu.bjut.boudia.myMain - meter_1240980970706956033:repMsg
BruceChen 07:48:39.858 [main] INFO  edu.bjut.boudia.myMain - meter_1240980970706956033:25892900
BruceChen 07:48:39.858 [main] INFO  edu.bjut.boudia.myMain - meter_901950632259071023:repMsg
BruceChen 07:48:39.858 [main] INFO  edu.bjut.boudia.myMain - meter_901950632259071023:25332300
BruceChen 07:48:39.858 [main] INFO  edu.bjut.boudia.myMain - meter_4064130130680717747:repMsg
BruceChen 07:48:39.858 [main] INFO  edu.bjut.boudia.myMain - meter_4064130130680717747:26115000
BruceChen 07:48:39.858 [main] INFO  edu.bjut.boudia.myMain - meter_8132814771608016953:repMsg
BruceChen 07:48:39.858 [main] INFO  edu.bjut.boudia.myMain - meter_8132814771608016953:26394700
BruceChen 07:48:39.858 [main] INFO  edu.bjut.boudia.myMain - meter_9208431126447552005:repMsg
BruceChen 07:48:39.858 [main] INFO  edu.bjut.boudia.myMain - meter_9208431126447552005:26129200
BruceChen 07:48:39.858 [main] INFO  edu.bjut.boudia.myMain - meter_6455898819317122019:repMsg
BruceChen 07:48:39.858 [main] INFO  edu.bjut.boudia.myMain - meter_6455898819317122019:25962500
BruceChen 07:48:39.858 [main] INFO  edu.bjut.boudia.myMain - meter_8118017934138315253:repMsg
BruceChen 07:48:39.858 [main] INFO  edu.bjut.boudia.myMain - meter_8118017934138315253:25999700
BruceChen 07:48:39.858 [main] INFO  edu.bjut.boudia.myMain - meter_8172711340734827775:repMsg
BruceChen 07:48:39.858 [main] INFO  edu.bjut.boudia.myMain - meter_8172711340734827775:25947700
BruceChen 07:48:39.858 [main] INFO  edu.bjut.boudia.myMain - meter_584161710304572309:repMsg
BruceChen 07:48:39.858 [main] INFO  edu.bjut.boudia.myMain - meter_584161710304572309:26226600
BruceChen 07:48:39.858 [main] INFO  edu.bjut.boudia.myMain - meter_1873568107744239005:repMsg
BruceChen 07:48:39.858 [main] INFO  edu.bjut.boudia.myMain - meter_1873568107744239005:26211800
BruceChen 07:48:39.858 [main] INFO  edu.bjut.boudia.myMain - meter_5035382159727828027:repMsg
BruceChen 07:48:39.858 [main] INFO  edu.bjut.boudia.myMain - meter_5035382159727828027:26090900
BruceChen 07:48:43.000 [main] INFO  edu.bjut.boudia.myMain - oneTimeMeterRegTime
BruceChen 07:48:43.515 [main] INFO  edu.bjut.boudia.myMain - server:pubkey
BruceChen 07:48:43.515 [main] INFO  edu.bjut.boudia.myMain - server:1000
BruceChen 07:48:43.515 [main] INFO  edu.bjut.boudia.myMain - agg:regMsg,regMsg,regMsg,regMsg,regMsg,regMsg,regMsg,regMsg,regMsg,regMsg,regMsg,regMsg,regMsg,regMsg,regMsg,regMsg,regMsg,regMsg,regMsg,regMsg,regMsg,regMsg,regMsg,regMsg,regMsg,regMsg,regMsg,regMsg,regMsg,regMsg,regMsg,regMsg,regMsg,regMsg,regMsg,regMsg,regMsg,regMsg,regMsg,regMsg
BruceChen 07:48:43.515 [main] INFO  edu.bjut.boudia.myMain - agg:6481800,6469300,6459500,6488100,6479000,6492300,6464500,6464300,6472200,6476500,6486900,6472300,6441000,6480800,6483900,6475500,6482200,6453100,6459600,6456500,6460500,6528300,6552100,6461200,6477100,6463000,6497800,6490800,6501600,6480900,6476900,6453800,6484000,6506500,6478100,6453300,6487200,6455000,6502400,6480200
BruceChen 07:48:43.515 [main] INFO  edu.bjut.boudia.myMain - meter_2772945218485260941:regMsg,reg_backagg,reg_cc
BruceChen 07:48:43.515 [main] INFO  edu.bjut.boudia.myMain - meter_2772945218485260941:800,6555800,500
BruceChen 07:48:43.515 [main] INFO  edu.bjut.boudia.myMain - meter_2005004877838261521:regMsg,reg_backagg,reg_cc
BruceChen 07:48:43.515 [main] INFO  edu.bjut.boudia.myMain - meter_2005004877838261521:800,6442800,400
BruceChen 07:48:43.515 [main] INFO  edu.bjut.boudia.myMain - meter_8617026287688678531:regMsg,reg_backagg,reg_cc
BruceChen 07:48:43.515 [main] INFO  edu.bjut.boudia.myMain - meter_8617026287688678531:800,6561700,200
BruceChen 07:48:43.515 [main] INFO  edu.bjut.boudia.myMain - meter_7122081834793328135:regMsg,reg_backagg,reg_cc
BruceChen 07:48:43.515 [main] INFO  edu.bjut.boudia.myMain - meter_7122081834793328135:400,6513200,400
BruceChen 07:48:43.515 [main] INFO  edu.bjut.boudia.myMain - meter_8108424830434258961:regMsg,reg_backagg,reg_cc
BruceChen 07:48:43.515 [main] INFO  edu.bjut.boudia.myMain - meter_8108424830434258961:500,6413000,200
BruceChen 07:48:43.515 [main] INFO  edu.bjut.boudia.myMain - meter_5967137617125040663:regMsg,reg_backagg,reg_cc
BruceChen 07:48:43.515 [main] INFO  edu.bjut.boudia.myMain - meter_5967137617125040663:500,6616800,400
BruceChen 07:48:43.515 [main] INFO  edu.bjut.boudia.myMain - meter_160775059370469851:regMsg,reg_backagg,reg_cc
BruceChen 07:48:43.515 [main] INFO  edu.bjut.boudia.myMain - meter_160775059370469851:800,6511400,400
BruceChen 07:48:43.515 [main] INFO  edu.bjut.boudia.myMain - meter_9144290848707652687:regMsg,reg_backagg,reg_cc
BruceChen 07:48:43.515 [main] INFO  edu.bjut.boudia.myMain - meter_9144290848707652687:800,6509000,200
BruceChen 07:48:43.515 [main] INFO  edu.bjut.boudia.myMain - meter_6293339877576973589:regMsg,reg_backagg,reg_cc
BruceChen 07:48:43.515 [main] INFO  edu.bjut.boudia.myMain - meter_6293339877576973589:400,6512500,200
BruceChen 07:48:43.515 [main] INFO  edu.bjut.boudia.myMain - meter_4584868629398804573:regMsg,reg_backagg,reg_cc
BruceChen 07:48:43.515 [main] INFO  edu.bjut.boudia.myMain - meter_4584868629398804573:400,6470800,400
BruceChen 07:48:43.515 [main] INFO  edu.bjut.boudia.myMain - meter_4869373035234803501:regMsg,reg_backagg,reg_cc
BruceChen 07:48:43.515 [main] INFO  edu.bjut.boudia.myMain - meter_4869373035234803501:700,6421900,400
BruceChen 07:48:43.515 [main] INFO  edu.bjut.boudia.myMain - meter_4529904489197627119:regMsg,reg_backagg,reg_cc
BruceChen 07:48:43.515 [main] INFO  edu.bjut.boudia.myMain - meter_4529904489197627119:700,6510600,100
BruceChen 07:48:43.515 [main] INFO  edu.bjut.boudia.myMain - meter_1060778983641627959:regMsg,reg_backagg,reg_cc
BruceChen 07:48:43.515 [main] INFO  edu.bjut.boudia.myMain - meter_1060778983641627959:300,6523800,100
BruceChen 07:48:43.515 [main] INFO  edu.bjut.boudia.myMain - meter_5543312768112287053:regMsg,reg_backagg,reg_cc
BruceChen 07:48:43.515 [main] INFO  edu.bjut.boudia.myMain - meter_5543312768112287053:400,6508600,300
BruceChen 07:48:43.515 [main] INFO  edu.bjut.boudia.myMain - meter_3881212080848463407:regMsg,reg_backagg,reg_cc
BruceChen 07:48:43.515 [main] INFO  edu.bjut.boudia.myMain - meter_3881212080848463407:300,6555300,200
BruceChen 07:48:43.515 [main] INFO  edu.bjut.boudia.myMain - meter_1685377899781755359:regMsg,reg_backagg,reg_cc
BruceChen 07:48:43.515 [main] INFO  edu.bjut.boudia.myMain - meter_1685377899781755359:300,6503900,200
BruceChen 07:48:43.515 [main] INFO  edu.bjut.boudia.myMain - meter_3115986031783327901:regMsg,reg_backagg,reg_cc
BruceChen 07:48:43.515 [main] INFO  edu.bjut.boudia.myMain - meter_3115986031783327901:300,6455200,100
BruceChen 07:48:43.515 [main] INFO  edu.bjut.boudia.myMain - meter_4089021825029786313:regMsg,reg_backagg,reg_cc
BruceChen 07:48:43.515 [main] INFO  edu.bjut.boudia.myMain - meter_4089021825029786313:500,6474800,400
BruceChen 07:48:43.515 [main] INFO  edu.bjut.boudia.myMain - meter_2959539121038031035:regMsg,reg_backagg,reg_cc
BruceChen 07:48:43.515 [main] INFO  edu.bjut.boudia.myMain - meter_2959539121038031035:700,6401600,300
BruceChen 07:48:43.515 [main] INFO  edu.bjut.boudia.myMain - meter_4093889540280400475:regMsg,reg_backagg,reg_cc
BruceChen 07:48:43.515 [main] INFO  edu.bjut.boudia.myMain - meter_4093889540280400475:400,6517900,100
BruceChen 07:48:43.515 [main] INFO  edu.bjut.boudia.myMain - meter_1419805376805506561:regMsg,reg_backagg,reg_cc
BruceChen 07:48:43.515 [main] INFO  edu.bjut.boudia.myMain - meter_1419805376805506561:300,6389800,200
BruceChen 07:48:43.515 [main] INFO  edu.bjut.boudia.myMain - meter_6353178935804398433:regMsg,reg_backagg,reg_cc
BruceChen 07:48:43.515 [main] INFO  edu.bjut.boudia.myMain - meter_6353178935804398433:300,6468500,300
BruceChen 07:48:43.515 [main] INFO  edu.bjut.boudia.myMain - meter_6351503427501296411:regMsg,reg_backagg,reg_cc
BruceChen 07:48:43.515 [main] INFO  edu.bjut.boudia.myMain - meter_6351503427501296411:700,6577900,300
BruceChen 07:48:43.515 [main] INFO  edu.bjut.boudia.myMain - meter_7969485653386577567:regMsg,reg_backagg,reg_cc
BruceChen 07:48:43.515 [main] INFO  edu.bjut.boudia.myMain - meter_7969485653386577567:800,6485800,300
BruceChen 07:48:43.515 [main] INFO  edu.bjut.boudia.myMain - meter_1551384132658118559:regMsg,reg_backagg,reg_cc
BruceChen 07:48:43.515 [main] INFO  edu.bjut.boudia.myMain - meter_1551384132658118559:600,6557600,300
BruceChen 07:48:43.515 [main] INFO  edu.bjut.boudia.myMain - meter_7416564957769914421:regMsg,reg_backagg,reg_cc
BruceChen 07:48:43.515 [main] INFO  edu.bjut.boudia.myMain - meter_7416564957769914421:400,6491400,100
BruceChen 07:48:43.515 [main] INFO  edu.bjut.boudia.myMain - meter_1669441360250261125:regMsg,reg_backagg,reg_cc
BruceChen 07:48:43.515 [main] INFO  edu.bjut.boudia.myMain - meter_1669441360250261125:400,6531600,200
BruceChen 07:48:43.515 [main] INFO  edu.bjut.boudia.myMain - meter_5537845915978005661:regMsg,reg_backagg,reg_cc
BruceChen 07:48:43.515 [main] INFO  edu.bjut.boudia.myMain - meter_5537845915978005661:500,6521400,300
BruceChen 07:48:43.515 [main] INFO  edu.bjut.boudia.myMain - meter_5457315246416604141:regMsg,reg_backagg,reg_cc
BruceChen 07:48:43.515 [main] INFO  edu.bjut.boudia.myMain - meter_5457315246416604141:800,6514400,400
BruceChen 07:48:43.515 [main] INFO  edu.bjut.boudia.myMain - meter_6019146097779518653:regMsg,reg_backagg,reg_cc
BruceChen 07:48:43.515 [main] INFO  edu.bjut.boudia.myMain - meter_6019146097779518653:700,6447300,200
BruceChen 07:48:43.515 [main] INFO  edu.bjut.boudia.myMain - meter_7852036575813181815:regMsg,reg_backagg,reg_cc
BruceChen 07:48:43.515 [main] INFO  edu.bjut.boudia.myMain - meter_7852036575813181815:400,6503500,200
BruceChen 07:48:43.515 [main] INFO  edu.bjut.boudia.myMain - meter_9048026502964354623:regMsg,reg_backagg,reg_cc
BruceChen 07:48:43.515 [main] INFO  edu.bjut.boudia.myMain - meter_9048026502964354623:400,6535200,200
BruceChen 07:48:43.515 [main] INFO  edu.bjut.boudia.myMain - meter_4421665778834052005:regMsg,reg_backagg,reg_cc
BruceChen 07:48:43.515 [main] INFO  edu.bjut.boudia.myMain - meter_4421665778834052005:200,6954500,300
BruceChen 07:48:43.515 [main] INFO  edu.bjut.boudia.myMain - meter_6058670241667569029:regMsg,reg_backagg,reg_cc
BruceChen 07:48:43.515 [main] INFO  edu.bjut.boudia.myMain - meter_6058670241667569029:300,6512100,100
BruceChen 07:48:43.515 [main] INFO  edu.bjut.boudia.myMain - meter_3510187704179576211:regMsg,reg_backagg,reg_cc
BruceChen 07:48:43.515 [main] INFO  edu.bjut.boudia.myMain - meter_3510187704179576211:11200,6453600,100
BruceChen 07:48:43.515 [main] INFO  edu.bjut.boudia.myMain - meter_1186510857845664575:regMsg,reg_backagg,reg_cc
BruceChen 07:48:43.515 [main] INFO  edu.bjut.boudia.myMain - meter_1186510857845664575:500,6395500,200
BruceChen 07:48:43.515 [main] INFO  edu.bjut.boudia.myMain - meter_4858668891503402353:regMsg,reg_backagg,reg_cc
BruceChen 07:48:43.515 [main] INFO  edu.bjut.boudia.myMain - meter_4858668891503402353:8400,6532800,2300
BruceChen 07:48:43.515 [main] INFO  edu.bjut.boudia.myMain - meter_6684861278405682519:regMsg,reg_backagg,reg_cc
BruceChen 07:48:43.515 [main] INFO  edu.bjut.boudia.myMain - meter_6684861278405682519:100,6463800,0
BruceChen 07:48:43.515 [main] INFO  edu.bjut.boudia.myMain - meter_169855577572817969:regMsg,reg_backagg,reg_cc
BruceChen 07:48:43.515 [main] INFO  edu.bjut.boudia.myMain - meter_169855577572817969:0,6517600,100
BruceChen 07:48:43.515 [main] INFO  edu.bjut.boudia.myMain - meter_7645181549421395733:regMsg,reg_backagg,reg_cc
BruceChen 07:48:43.515 [main] INFO  edu.bjut.boudia.myMain - meter_7645181549421395733:0,6531500,100
BruceChen 07:48:44.040 [main] INFO  edu.bjut.boudia.myMain - oneTimeMeterRepTime
BruceChen 07:48:45.403 [main] INFO  edu.bjut.boudia.myMain - server:repMsg
BruceChen 07:48:45.403 [main] INFO  edu.bjut.boudia.myMain - server:32703900
BruceChen 07:48:45.403 [main] INFO  edu.bjut.boudia.myMain - agg:repMsg
BruceChen 07:48:45.403 [main] INFO  edu.bjut.boudia.myMain - agg:280138000
BruceChen 07:48:45.403 [main] INFO  edu.bjut.boudia.myMain - meter_2772945218485260941:repMsg
BruceChen 07:48:45.403 [main] INFO  edu.bjut.boudia.myMain - meter_2772945218485260941:26130600
BruceChen 07:48:45.403 [main] INFO  edu.bjut.boudia.myMain - meter_2005004877838261521:repMsg
BruceChen 07:48:45.403 [main] INFO  edu.bjut.boudia.myMain - meter_2005004877838261521:26417600
BruceChen 07:48:45.403 [main] INFO  edu.bjut.boudia.myMain - meter_8617026287688678531:repMsg
BruceChen 07:48:45.403 [main] INFO  edu.bjut.boudia.myMain - meter_8617026287688678531:26437600
BruceChen 07:48:45.403 [main] INFO  edu.bjut.boudia.myMain - meter_7122081834793328135:repMsg
BruceChen 07:48:45.403 [main] INFO  edu.bjut.boudia.myMain - meter_7122081834793328135:26000500
BruceChen 07:48:45.403 [main] INFO  edu.bjut.boudia.myMain - meter_8108424830434258961:repMsg
BruceChen 07:48:45.403 [main] INFO  edu.bjut.boudia.myMain - meter_8108424830434258961:26083200
BruceChen 07:48:45.403 [main] INFO  edu.bjut.boudia.myMain - meter_5967137617125040663:repMsg
BruceChen 07:48:45.403 [main] INFO  edu.bjut.boudia.myMain - meter_5967137617125040663:26119800
BruceChen 07:48:45.403 [main] INFO  edu.bjut.boudia.myMain - meter_160775059370469851:repMsg
BruceChen 07:48:45.403 [main] INFO  edu.bjut.boudia.myMain - meter_160775059370469851:26064300
BruceChen 07:48:45.403 [main] INFO  edu.bjut.boudia.myMain - meter_9144290848707652687:repMsg
BruceChen 07:48:45.403 [main] INFO  edu.bjut.boudia.myMain - meter_9144290848707652687:26334700
BruceChen 07:48:45.403 [main] INFO  edu.bjut.boudia.myMain - meter_6293339877576973589:repMsg
BruceChen 07:48:45.403 [main] INFO  edu.bjut.boudia.myMain - meter_6293339877576973589:26275300
BruceChen 07:48:45.403 [main] INFO  edu.bjut.boudia.myMain - meter_4584868629398804573:repMsg
BruceChen 07:48:45.403 [main] INFO  edu.bjut.boudia.myMain - meter_4584868629398804573:26109000
BruceChen 07:48:45.403 [main] INFO  edu.bjut.boudia.myMain - meter_4869373035234803501:repMsg
BruceChen 07:48:45.403 [main] INFO  edu.bjut.boudia.myMain - meter_4869373035234803501:26319400
BruceChen 07:48:45.403 [main] INFO  edu.bjut.boudia.myMain - meter_4529904489197627119:repMsg
BruceChen 07:48:45.403 [main] INFO  edu.bjut.boudia.myMain - meter_4529904489197627119:26223600
BruceChen 07:48:45.403 [main] INFO  edu.bjut.boudia.myMain - meter_1060778983641627959:repMsg
BruceChen 07:48:45.403 [main] INFO  edu.bjut.boudia.myMain - meter_1060778983641627959:26068300
BruceChen 07:48:45.403 [main] INFO  edu.bjut.boudia.myMain - meter_5543312768112287053:repMsg
BruceChen 07:48:45.403 [main] INFO  edu.bjut.boudia.myMain - meter_5543312768112287053:27266200
BruceChen 07:48:45.403 [main] INFO  edu.bjut.boudia.myMain - meter_3881212080848463407:repMsg
BruceChen 07:48:45.403 [main] INFO  edu.bjut.boudia.myMain - meter_3881212080848463407:26070300
BruceChen 07:48:45.403 [main] INFO  edu.bjut.boudia.myMain - meter_1685377899781755359:repMsg
BruceChen 07:48:45.403 [main] INFO  edu.bjut.boudia.myMain - meter_1685377899781755359:26091300
BruceChen 07:48:45.403 [main] INFO  edu.bjut.boudia.myMain - meter_3115986031783327901:repMsg
BruceChen 07:48:45.403 [main] INFO  edu.bjut.boudia.myMain - meter_3115986031783327901:26005800
BruceChen 07:48:45.403 [main] INFO  edu.bjut.boudia.myMain - meter_4089021825029786313:repMsg
BruceChen 07:48:45.403 [main] INFO  edu.bjut.boudia.myMain - meter_4089021825029786313:26108400
BruceChen 07:48:45.403 [main] INFO  edu.bjut.boudia.myMain - meter_2959539121038031035:repMsg
BruceChen 07:48:45.403 [main] INFO  edu.bjut.boudia.myMain - meter_2959539121038031035:25983800
BruceChen 07:48:45.403 [main] INFO  edu.bjut.boudia.myMain - meter_4093889540280400475:repMsg
BruceChen 07:48:45.403 [main] INFO  edu.bjut.boudia.myMain - meter_4093889540280400475:26204200
BruceChen 07:48:45.403 [main] INFO  edu.bjut.boudia.myMain - meter_1419805376805506561:repMsg
BruceChen 07:48:45.403 [main] INFO  edu.bjut.boudia.myMain - meter_1419805376805506561:26291400
BruceChen 07:48:45.403 [main] INFO  edu.bjut.boudia.myMain - meter_6353178935804398433:repMsg
BruceChen 07:48:45.403 [main] INFO  edu.bjut.boudia.myMain - meter_6353178935804398433:25905900
BruceChen 07:48:45.403 [main] INFO  edu.bjut.boudia.myMain - meter_6351503427501296411:repMsg
BruceChen 07:48:45.403 [main] INFO  edu.bjut.boudia.myMain - meter_6351503427501296411:26227600
BruceChen 07:48:45.403 [main] INFO  edu.bjut.boudia.myMain - meter_7969485653386577567:repMsg
BruceChen 07:48:45.403 [main] INFO  edu.bjut.boudia.myMain - meter_7969485653386577567:25911100
BruceChen 07:48:45.403 [main] INFO  edu.bjut.boudia.myMain - meter_1551384132658118559:repMsg
BruceChen 07:48:45.403 [main] INFO  edu.bjut.boudia.myMain - meter_1551384132658118559:26159500
BruceChen 07:48:45.403 [main] INFO  edu.bjut.boudia.myMain - meter_7416564957769914421:repMsg
BruceChen 07:48:45.403 [main] INFO  edu.bjut.boudia.myMain - meter_7416564957769914421:26251400
BruceChen 07:48:45.403 [main] INFO  edu.bjut.boudia.myMain - meter_1669441360250261125:repMsg
BruceChen 07:48:45.403 [main] INFO  edu.bjut.boudia.myMain - meter_1669441360250261125:25911800
BruceChen 07:48:45.403 [main] INFO  edu.bjut.boudia.myMain - meter_5537845915978005661:repMsg
BruceChen 07:48:45.403 [main] INFO  edu.bjut.boudia.myMain - meter_5537845915978005661:26051300
BruceChen 07:48:45.403 [main] INFO  edu.bjut.boudia.myMain - meter_5457315246416604141:repMsg
BruceChen 07:48:45.403 [main] INFO  edu.bjut.boudia.myMain - meter_5457315246416604141:26007900
BruceChen 07:48:45.403 [main] INFO  edu.bjut.boudia.myMain - meter_6019146097779518653:repMsg
BruceChen 07:48:45.403 [main] INFO  edu.bjut.boudia.myMain - meter_6019146097779518653:26193400
BruceChen 07:48:45.403 [main] INFO  edu.bjut.boudia.myMain - meter_7852036575813181815:repMsg
BruceChen 07:48:45.403 [main] INFO  edu.bjut.boudia.myMain - meter_7852036575813181815:26064200
BruceChen 07:48:45.403 [main] INFO  edu.bjut.boudia.myMain - meter_9048026502964354623:repMsg
BruceChen 07:48:45.403 [main] INFO  edu.bjut.boudia.myMain - meter_9048026502964354623:26150400
BruceChen 07:48:45.403 [main] INFO  edu.bjut.boudia.myMain - meter_4421665778834052005:repMsg
BruceChen 07:48:45.403 [main] INFO  edu.bjut.boudia.myMain - meter_4421665778834052005:26111100
BruceChen 07:48:45.403 [main] INFO  edu.bjut.boudia.myMain - meter_6058670241667569029:repMsg
BruceChen 07:48:45.403 [main] INFO  edu.bjut.boudia.myMain - meter_6058670241667569029:26173300
BruceChen 07:48:45.403 [main] INFO  edu.bjut.boudia.myMain - meter_3510187704179576211:repMsg
BruceChen 07:48:45.403 [main] INFO  edu.bjut.boudia.myMain - meter_3510187704179576211:26032500
BruceChen 07:48:45.403 [main] INFO  edu.bjut.boudia.myMain - meter_1186510857845664575:repMsg
BruceChen 07:48:45.403 [main] INFO  edu.bjut.boudia.myMain - meter_1186510857845664575:25947700
BruceChen 07:48:45.403 [main] INFO  edu.bjut.boudia.myMain - meter_4858668891503402353:repMsg
BruceChen 07:48:45.403 [main] INFO  edu.bjut.boudia.myMain - meter_4858668891503402353:25646200
BruceChen 07:48:45.403 [main] INFO  edu.bjut.boudia.myMain - meter_6684861278405682519:repMsg
BruceChen 07:48:45.403 [main] INFO  edu.bjut.boudia.myMain - meter_6684861278405682519:26190500
BruceChen 07:48:45.403 [main] INFO  edu.bjut.boudia.myMain - meter_169855577572817969:repMsg
BruceChen 07:48:45.403 [main] INFO  edu.bjut.boudia.myMain - meter_169855577572817969:26055500
BruceChen 07:48:45.403 [main] INFO  edu.bjut.boudia.myMain - meter_7645181549421395733:repMsg
BruceChen 07:48:45.403 [main] INFO  edu.bjut.boudia.myMain - meter_7645181549421395733:25994100
BruceChen 07:48:47.316 [main] INFO  edu.bjut.boudia.myMain - oneTimeMeterRegTime
BruceChen 07:48:47.706 [main] INFO  edu.bjut.boudia.myMain - server:pubkey
BruceChen 07:48:47.706 [main] INFO  edu.bjut.boudia.myMain - server:1200
BruceChen 07:48:47.706 [main] INFO  edu.bjut.boudia.myMain - agg:regMsg,regMsg,regMsg,regMsg,regMsg,regMsg,regMsg,regMsg,regMsg,regMsg,regMsg,regMsg,regMsg,regMsg,regMsg,regMsg,regMsg,regMsg,regMsg,regMsg,regMsg,regMsg,regMsg,regMsg,regMsg,regMsg,regMsg,regMsg,regMsg,regMsg
BruceChen 07:48:47.706 [main] INFO  edu.bjut.boudia.myMain - agg:6482900,6520500,6462500,6475700,6488000,6459600,6501900,6425300,6312600,6296700,6290600,6320500,6285600,6285300,6281200,6269400,6308600,6283100,6284600,6274800,6293000,6285600,6281200,6268300,6268000,6275500,6284400,7178800,6500400,6478700
BruceChen 07:48:47.706 [main] INFO  edu.bjut.boudia.myMain - meter_8625031518975521487:regMsg,reg_backagg,reg_cc
BruceChen 07:48:47.706 [main] INFO  edu.bjut.boudia.myMain - meter_8625031518975521487:100,6612600,100
BruceChen 07:48:47.706 [main] INFO  edu.bjut.boudia.myMain - meter_4014140016885313691:regMsg,reg_backagg,reg_cc
BruceChen 07:48:47.706 [main] INFO  edu.bjut.boudia.myMain - meter_4014140016885313691:100,6406300,200
BruceChen 07:48:47.706 [main] INFO  edu.bjut.boudia.myMain - meter_995513157499183411:regMsg,reg_backagg,reg_cc
BruceChen 07:48:47.706 [main] INFO  edu.bjut.boudia.myMain - meter_995513157499183411:100,6541300,100
BruceChen 07:48:47.706 [main] INFO  edu.bjut.boudia.myMain - meter_1008036137519948469:regMsg,reg_backagg,reg_cc
BruceChen 07:48:47.706 [main] INFO  edu.bjut.boudia.myMain - meter_1008036137519948469:100,6579100,100
BruceChen 07:48:47.706 [main] INFO  edu.bjut.boudia.myMain - meter_3945942762589240413:regMsg,reg_backagg,reg_cc
BruceChen 07:48:47.706 [main] INFO  edu.bjut.boudia.myMain - meter_3945942762589240413:100,6529600,100
BruceChen 07:48:47.706 [main] INFO  edu.bjut.boudia.myMain - meter_479822472105635313:regMsg,reg_backagg,reg_cc
BruceChen 07:48:47.706 [main] INFO  edu.bjut.boudia.myMain - meter_479822472105635313:0,6491800,0
BruceChen 07:48:47.706 [main] INFO  edu.bjut.boudia.myMain - meter_4548687149256183325:regMsg,reg_backagg,reg_cc
BruceChen 07:48:47.706 [main] INFO  edu.bjut.boudia.myMain - meter_4548687149256183325:0,6464000,100
BruceChen 07:48:47.706 [main] INFO  edu.bjut.boudia.myMain - meter_6702759049231202815:regMsg,reg_backagg,reg_cc
BruceChen 07:48:47.706 [main] INFO  edu.bjut.boudia.myMain - meter_6702759049231202815:0,6442300,0
BruceChen 07:48:47.706 [main] INFO  edu.bjut.boudia.myMain - meter_6225275554753265195:regMsg,reg_backagg,reg_cc
BruceChen 07:48:47.706 [main] INFO  edu.bjut.boudia.myMain - meter_6225275554753265195:0,6224100,100
BruceChen 07:48:47.706 [main] INFO  edu.bjut.boudia.myMain - meter_2352236141521857063:regMsg,reg_backagg,reg_cc
BruceChen 07:48:47.706 [main] INFO  edu.bjut.boudia.myMain - meter_2352236141521857063:100,6440700,100
BruceChen 07:48:47.706 [main] INFO  edu.bjut.boudia.myMain - meter_8619107018786488553:regMsg,reg_backagg,reg_cc
BruceChen 07:48:47.706 [main] INFO  edu.bjut.boudia.myMain - meter_8619107018786488553:100,6307200,0
BruceChen 07:48:47.706 [main] INFO  edu.bjut.boudia.myMain - meter_3527934833778616997:regMsg,reg_backagg,reg_cc
BruceChen 07:48:47.706 [main] INFO  edu.bjut.boudia.myMain - meter_3527934833778616997:100,6320000,0
BruceChen 07:48:47.706 [main] INFO  edu.bjut.boudia.myMain - meter_1228095571638536645:regMsg,reg_backagg,reg_cc
BruceChen 07:48:47.706 [main] INFO  edu.bjut.boudia.myMain - meter_1228095571638536645:0,6295600,0
BruceChen 07:48:47.706 [main] INFO  edu.bjut.boudia.myMain - meter_94409149474784071:regMsg,reg_backagg,reg_cc
BruceChen 07:48:47.706 [main] INFO  edu.bjut.boudia.myMain - meter_94409149474784071:0,6349500,0
BruceChen 07:48:47.706 [main] INFO  edu.bjut.boudia.myMain - meter_2437095839913552559:regMsg,reg_backagg,reg_cc
BruceChen 07:48:47.706 [main] INFO  edu.bjut.boudia.myMain - meter_2437095839913552559:0,6227600,0
BruceChen 07:48:47.706 [main] INFO  edu.bjut.boudia.myMain - meter_7100110199115355085:regMsg,reg_backagg,reg_cc
BruceChen 07:48:47.706 [main] INFO  edu.bjut.boudia.myMain - meter_7100110199115355085:0,6336100,100
BruceChen 07:48:47.706 [main] INFO  edu.bjut.boudia.myMain - meter_2105121979170200557:regMsg,reg_backagg,reg_cc
BruceChen 07:48:47.706 [main] INFO  edu.bjut.boudia.myMain - meter_2105121979170200557:0,6325300,0
BruceChen 07:48:47.706 [main] INFO  edu.bjut.boudia.myMain - meter_4489733745211944929:regMsg,reg_backagg,reg_cc
BruceChen 07:48:47.706 [main] INFO  edu.bjut.boudia.myMain - meter_4489733745211944929:0,6281100,100
BruceChen 07:48:47.706 [main] INFO  edu.bjut.boudia.myMain - meter_4948982840994014921:regMsg,reg_backagg,reg_cc
BruceChen 07:48:47.706 [main] INFO  edu.bjut.boudia.myMain - meter_4948982840994014921:100,6335300,100
BruceChen 07:48:47.706 [main] INFO  edu.bjut.boudia.myMain - meter_4247840070676754069:regMsg,reg_backagg,reg_cc
BruceChen 07:48:47.706 [main] INFO  edu.bjut.boudia.myMain - meter_4247840070676754069:0,6221000,100
BruceChen 07:48:47.706 [main] INFO  edu.bjut.boudia.myMain - meter_355043241435072637:regMsg,reg_backagg,reg_cc
BruceChen 07:48:47.706 [main] INFO  edu.bjut.boudia.myMain - meter_355043241435072637:100,6275600,0
BruceChen 07:48:47.706 [main] INFO  edu.bjut.boudia.myMain - meter_7602486757150670525:regMsg,reg_backagg,reg_cc
BruceChen 07:48:47.706 [main] INFO  edu.bjut.boudia.myMain - meter_7602486757150670525:0,6340500,100
BruceChen 07:48:47.706 [main] INFO  edu.bjut.boudia.myMain - meter_7627746755612880551:regMsg,reg_backagg,reg_cc
BruceChen 07:48:47.706 [main] INFO  edu.bjut.boudia.myMain - meter_7627746755612880551:0,6205100,0
BruceChen 07:48:47.706 [main] INFO  edu.bjut.boudia.myMain - meter_241954237524031059:regMsg,reg_backagg,reg_cc
BruceChen 07:48:47.706 [main] INFO  edu.bjut.boudia.myMain - meter_241954237524031059:100,6354300,0
BruceChen 07:48:47.706 [main] INFO  edu.bjut.boudia.myMain - meter_6150668414671459833:regMsg,reg_backagg,reg_cc
BruceChen 07:48:47.706 [main] INFO  edu.bjut.boudia.myMain - meter_6150668414671459833:0,6363700,100
BruceChen 07:48:47.706 [main] INFO  edu.bjut.boudia.myMain - meter_6786190641766226221:regMsg,reg_backagg,reg_cc
BruceChen 07:48:47.706 [main] INFO  edu.bjut.boudia.myMain - meter_6786190641766226221:0,6207500,100
BruceChen 07:48:47.706 [main] INFO  edu.bjut.boudia.myMain - meter_2065628941065077719:regMsg,reg_backagg,reg_cc
BruceChen 07:48:47.706 [main] INFO  edu.bjut.boudia.myMain - meter_2065628941065077719:0,6293400,100
BruceChen 07:48:47.706 [main] INFO  edu.bjut.boudia.myMain - meter_244711660257512845:regMsg,reg_backagg,reg_cc
BruceChen 07:48:47.706 [main] INFO  edu.bjut.boudia.myMain - meter_244711660257512845:100,6729100,100
BruceChen 07:48:47.706 [main] INFO  edu.bjut.boudia.myMain - meter_6757448711554017747:regMsg,reg_backagg,reg_cc
BruceChen 07:48:47.706 [main] INFO  edu.bjut.boudia.myMain - meter_6757448711554017747:0,6475000,0
BruceChen 07:48:47.706 [main] INFO  edu.bjut.boudia.myMain - meter_4943004256193259781:regMsg,reg_backagg,reg_cc
BruceChen 07:48:47.706 [main] INFO  edu.bjut.boudia.myMain - meter_4943004256193259781:0,6625800,0
BruceChen 07:48:48.090 [main] INFO  edu.bjut.boudia.myMain - oneTimeMeterRepTime
BruceChen 07:48:49.124 [main] INFO  edu.bjut.boudia.myMain - server:repMsg
BruceChen 07:48:49.128 [main] INFO  edu.bjut.boudia.myMain - server:32668900
BruceChen 07:48:49.128 [main] INFO  edu.bjut.boudia.myMain - agg:repMsg
BruceChen 07:48:49.128 [main] INFO  edu.bjut.boudia.myMain - agg:212153800
BruceChen 07:48:49.128 [main] INFO  edu.bjut.boudia.myMain - meter_8625031518975521487:repMsg
BruceChen 07:48:49.128 [main] INFO  edu.bjut.boudia.myMain - meter_8625031518975521487:25421000
BruceChen 07:48:49.128 [main] INFO  edu.bjut.boudia.myMain - meter_4014140016885313691:repMsg
BruceChen 07:48:49.128 [main] INFO  edu.bjut.boudia.myMain - meter_4014140016885313691:25328900
BruceChen 07:48:49.128 [main] INFO  edu.bjut.boudia.myMain - meter_995513157499183411:repMsg
BruceChen 07:48:49.128 [main] INFO  edu.bjut.boudia.myMain - meter_995513157499183411:25488200
BruceChen 07:48:49.128 [main] INFO  edu.bjut.boudia.myMain - meter_1008036137519948469:repMsg
BruceChen 07:48:49.128 [main] INFO  edu.bjut.boudia.myMain - meter_1008036137519948469:26205600
BruceChen 07:48:49.128 [main] INFO  edu.bjut.boudia.myMain - meter_3945942762589240413:repMsg
BruceChen 07:48:49.128 [main] INFO  edu.bjut.boudia.myMain - meter_3945942762589240413:26050500
BruceChen 07:48:49.128 [main] INFO  edu.bjut.boudia.myMain - meter_479822472105635313:repMsg
BruceChen 07:48:49.128 [main] INFO  edu.bjut.boudia.myMain - meter_479822472105635313:25944300
BruceChen 07:48:49.128 [main] INFO  edu.bjut.boudia.myMain - meter_4548687149256183325:repMsg
BruceChen 07:48:49.128 [main] INFO  edu.bjut.boudia.myMain - meter_4548687149256183325:25802300
BruceChen 07:48:49.128 [main] INFO  edu.bjut.boudia.myMain - meter_6702759049231202815:repMsg
BruceChen 07:48:49.128 [main] INFO  edu.bjut.boudia.myMain - meter_6702759049231202815:25914600
BruceChen 07:48:49.128 [main] INFO  edu.bjut.boudia.myMain - meter_6225275554753265195:repMsg
BruceChen 07:48:49.128 [main] INFO  edu.bjut.boudia.myMain - meter_6225275554753265195:26317900
BruceChen 07:48:49.128 [main] INFO  edu.bjut.boudia.myMain - meter_2352236141521857063:repMsg
BruceChen 07:48:49.128 [main] INFO  edu.bjut.boudia.myMain - meter_2352236141521857063:26048200
BruceChen 07:48:49.128 [main] INFO  edu.bjut.boudia.myMain - meter_8619107018786488553:repMsg
BruceChen 07:48:49.128 [main] INFO  edu.bjut.boudia.myMain - meter_8619107018786488553:26260800
BruceChen 07:48:49.128 [main] INFO  edu.bjut.boudia.myMain - meter_3527934833778616997:repMsg
BruceChen 07:48:49.128 [main] INFO  edu.bjut.boudia.myMain - meter_3527934833778616997:27138300
BruceChen 07:48:49.128 [main] INFO  edu.bjut.boudia.myMain - meter_1228095571638536645:repMsg
BruceChen 07:48:49.128 [main] INFO  edu.bjut.boudia.myMain - meter_1228095571638536645:26150200
BruceChen 07:48:49.128 [main] INFO  edu.bjut.boudia.myMain - meter_94409149474784071:repMsg
BruceChen 07:48:49.128 [main] INFO  edu.bjut.boudia.myMain - meter_94409149474784071:26023100
BruceChen 07:48:49.128 [main] INFO  edu.bjut.boudia.myMain - meter_2437095839913552559:repMsg
BruceChen 07:48:49.128 [main] INFO  edu.bjut.boudia.myMain - meter_2437095839913552559:25952600
BruceChen 07:48:49.128 [main] INFO  edu.bjut.boudia.myMain - meter_7100110199115355085:repMsg
BruceChen 07:48:49.128 [main] INFO  edu.bjut.boudia.myMain - meter_7100110199115355085:26100500
BruceChen 07:48:49.128 [main] INFO  edu.bjut.boudia.myMain - meter_2105121979170200557:repMsg
BruceChen 07:48:49.128 [main] INFO  edu.bjut.boudia.myMain - meter_2105121979170200557:26143800
BruceChen 07:48:49.128 [main] INFO  edu.bjut.boudia.myMain - meter_4489733745211944929:repMsg
BruceChen 07:48:49.128 [main] INFO  edu.bjut.boudia.myMain - meter_4489733745211944929:26149400
BruceChen 07:48:49.128 [main] INFO  edu.bjut.boudia.myMain - meter_4948982840994014921:repMsg
BruceChen 07:48:49.128 [main] INFO  edu.bjut.boudia.myMain - meter_4948982840994014921:26042300
BruceChen 07:48:49.128 [main] INFO  edu.bjut.boudia.myMain - meter_4247840070676754069:repMsg
BruceChen 07:48:49.128 [main] INFO  edu.bjut.boudia.myMain - meter_4247840070676754069:26181100
BruceChen 07:48:49.128 [main] INFO  edu.bjut.boudia.myMain - meter_355043241435072637:repMsg
BruceChen 07:48:49.128 [main] INFO  edu.bjut.boudia.myMain - meter_355043241435072637:25560000
BruceChen 07:48:49.128 [main] INFO  edu.bjut.boudia.myMain - meter_7602486757150670525:repMsg
BruceChen 07:48:49.128 [main] INFO  edu.bjut.boudia.myMain - meter_7602486757150670525:25354400
BruceChen 07:48:49.128 [main] INFO  edu.bjut.boudia.myMain - meter_7627746755612880551:repMsg
BruceChen 07:48:49.128 [main] INFO  edu.bjut.boudia.myMain - meter_7627746755612880551:25495600
BruceChen 07:48:49.128 [main] INFO  edu.bjut.boudia.myMain - meter_241954237524031059:repMsg
BruceChen 07:48:49.128 [main] INFO  edu.bjut.boudia.myMain - meter_241954237524031059:25360600
BruceChen 07:48:49.128 [main] INFO  edu.bjut.boudia.myMain - meter_6150668414671459833:repMsg
BruceChen 07:48:49.128 [main] INFO  edu.bjut.boudia.myMain - meter_6150668414671459833:25340800
BruceChen 07:48:49.128 [main] INFO  edu.bjut.boudia.myMain - meter_6786190641766226221:repMsg
BruceChen 07:48:49.128 [main] INFO  edu.bjut.boudia.myMain - meter_6786190641766226221:25326400
BruceChen 07:48:49.128 [main] INFO  edu.bjut.boudia.myMain - meter_2065628941065077719:repMsg
BruceChen 07:48:49.128 [main] INFO  edu.bjut.boudia.myMain - meter_2065628941065077719:25385300
BruceChen 07:48:49.128 [main] INFO  edu.bjut.boudia.myMain - meter_244711660257512845:repMsg
BruceChen 07:48:49.128 [main] INFO  edu.bjut.boudia.myMain - meter_244711660257512845:26115100
BruceChen 07:48:49.128 [main] INFO  edu.bjut.boudia.myMain - meter_6757448711554017747:repMsg
BruceChen 07:48:49.128 [main] INFO  edu.bjut.boudia.myMain - meter_6757448711554017747:25983700
BruceChen 07:48:49.128 [main] INFO  edu.bjut.boudia.myMain - meter_4943004256193259781:repMsg
BruceChen 07:48:49.128 [main] INFO  edu.bjut.boudia.myMain - meter_4943004256193259781:26162300
BruceChen 07:48:50.545 [main] INFO  edu.bjut.boudia.myMain - oneTimeMeterRegTime
BruceChen 07:48:50.812 [main] INFO  edu.bjut.boudia.myMain - server:pubkey
BruceChen 07:48:50.812 [main] INFO  edu.bjut.boudia.myMain - server:1000
BruceChen 07:48:50.812 [main] INFO  edu.bjut.boudia.myMain - agg:regMsg,regMsg,regMsg,regMsg,regMsg,regMsg,regMsg,regMsg,regMsg,regMsg,regMsg,regMsg,regMsg,regMsg,regMsg,regMsg,regMsg,regMsg,regMsg,regMsg
BruceChen 07:48:50.812 [main] INFO  edu.bjut.boudia.myMain - agg:6481300,6474100,6492500,6457800,6448200,6484500,6459300,6459900,6506400,6489300,6469400,6491000,6451700,6502500,6456100,6428100,6479900,6476300,6462500,6475600
BruceChen 07:48:50.812 [main] INFO  edu.bjut.boudia.myMain - meter_7972386952909257507:regMsg,reg_backagg,reg_cc
BruceChen 07:48:50.812 [main] INFO  edu.bjut.boudia.myMain - meter_7972386952909257507:0,6468100,100
BruceChen 07:48:50.812 [main] INFO  edu.bjut.boudia.myMain - meter_1676105438133374163:regMsg,reg_backagg,reg_cc
BruceChen 07:48:50.812 [main] INFO  edu.bjut.boudia.myMain - meter_1676105438133374163:0,6527800,200
BruceChen 07:48:50.812 [main] INFO  edu.bjut.boudia.myMain - meter_7897971140569901563:regMsg,reg_backagg,reg_cc
BruceChen 07:48:50.812 [main] INFO  edu.bjut.boudia.myMain - meter_7897971140569901563:0,6618800,100
BruceChen 07:48:50.812 [main] INFO  edu.bjut.boudia.myMain - meter_7991589781980266933:regMsg,reg_backagg,reg_cc
BruceChen 07:48:50.812 [main] INFO  edu.bjut.boudia.myMain - meter_7991589781980266933:100,6551400,100
BruceChen 07:48:50.812 [main] INFO  edu.bjut.boudia.myMain - meter_6953381051282938341:regMsg,reg_backagg,reg_cc
BruceChen 07:48:50.812 [main] INFO  edu.bjut.boudia.myMain - meter_6953381051282938341:0,6460400,0
BruceChen 07:48:50.812 [main] INFO  edu.bjut.boudia.myMain - meter_7701639230455045143:regMsg,reg_backagg,reg_cc
BruceChen 07:48:50.812 [main] INFO  edu.bjut.boudia.myMain - meter_7701639230455045143:0,6557000,0
BruceChen 07:48:50.812 [main] INFO  edu.bjut.boudia.myMain - meter_7205864856297316825:regMsg,reg_backagg,reg_cc
BruceChen 07:48:50.812 [main] INFO  edu.bjut.boudia.myMain - meter_7205864856297316825:0,6367200,0
BruceChen 07:48:50.812 [main] INFO  edu.bjut.boudia.myMain - meter_38934797983851281:regMsg,reg_backagg,reg_cc
BruceChen 07:48:50.812 [main] INFO  edu.bjut.boudia.myMain - meter_38934797983851281:0,6469900,100
BruceChen 07:48:50.812 [main] INFO  edu.bjut.boudia.myMain - meter_4519829599492717055:regMsg,reg_backagg,reg_cc
BruceChen 07:48:50.812 [main] INFO  edu.bjut.boudia.myMain - meter_4519829599492717055:0,6543400,100
BruceChen 07:48:50.812 [main] INFO  edu.bjut.boudia.myMain - meter_7425845743020781667:regMsg,reg_backagg,reg_cc
BruceChen 07:48:50.812 [main] INFO  edu.bjut.boudia.myMain - meter_7425845743020781667:100,6982700,0
BruceChen 07:48:50.812 [main] INFO  edu.bjut.boudia.myMain - meter_8747610639563818629:regMsg,reg_backagg,reg_cc
BruceChen 07:48:50.812 [main] INFO  edu.bjut.boudia.myMain - meter_8747610639563818629:0,6546100,100
BruceChen 07:48:50.812 [main] INFO  edu.bjut.boudia.myMain - meter_722179734731995619:regMsg,reg_backagg,reg_cc
BruceChen 07:48:50.812 [main] INFO  edu.bjut.boudia.myMain - meter_722179734731995619:0,6509700,0
BruceChen 07:48:50.812 [main] INFO  edu.bjut.boudia.myMain - meter_699662379357600299:regMsg,reg_backagg,reg_cc
BruceChen 07:48:50.812 [main] INFO  edu.bjut.boudia.myMain - meter_699662379357600299:0,7425800,0
BruceChen 07:48:50.812 [main] INFO  edu.bjut.boudia.myMain - meter_7143162310678295521:regMsg,reg_backagg,reg_cc
BruceChen 07:48:50.812 [main] INFO  edu.bjut.boudia.myMain - meter_7143162310678295521:100,6483200,0
BruceChen 07:48:50.812 [main] INFO  edu.bjut.boudia.myMain - meter_3720065059457862427:regMsg,reg_backagg,reg_cc
BruceChen 07:48:50.812 [main] INFO  edu.bjut.boudia.myMain - meter_3720065059457862427:100,6548900,0
BruceChen 07:48:50.812 [main] INFO  edu.bjut.boudia.myMain - meter_6364151377010951481:regMsg,reg_backagg,reg_cc
BruceChen 07:48:50.812 [main] INFO  edu.bjut.boudia.myMain - meter_6364151377010951481:0,6492200,100
BruceChen 07:48:50.812 [main] INFO  edu.bjut.boudia.myMain - meter_6350108870735726533:regMsg,reg_backagg,reg_cc
BruceChen 07:48:50.812 [main] INFO  edu.bjut.boudia.myMain - meter_6350108870735726533:100,6470900,0
BruceChen 07:48:50.812 [main] INFO  edu.bjut.boudia.myMain - meter_4078146299390609967:regMsg,reg_backagg,reg_cc
BruceChen 07:48:50.812 [main] INFO  edu.bjut.boudia.myMain - meter_4078146299390609967:0,6481300,0
BruceChen 07:48:50.812 [main] INFO  edu.bjut.boudia.myMain - meter_2997206841737186237:regMsg,reg_backagg,reg_cc
BruceChen 07:48:50.812 [main] INFO  edu.bjut.boudia.myMain - meter_2997206841737186237:100,6522500,100
BruceChen 07:48:50.812 [main] INFO  edu.bjut.boudia.myMain - meter_2104471714296536775:regMsg,reg_backagg,reg_cc
BruceChen 07:48:50.812 [main] INFO  edu.bjut.boudia.myMain - meter_2104471714296536775:100,6543100,100
BruceChen 07:48:51.071 [main] INFO  edu.bjut.boudia.myMain - oneTimeMeterRepTime
BruceChen 07:48:51.774 [main] INFO  edu.bjut.boudia.myMain - server:repMsg
BruceChen 07:48:51.774 [main] INFO  edu.bjut.boudia.myMain - server:33234600
BruceChen 07:48:51.774 [main] INFO  edu.bjut.boudia.myMain - agg:repMsg
BruceChen 07:48:51.774 [main] INFO  edu.bjut.boudia.myMain - agg:145529900
BruceChen 07:48:51.774 [main] INFO  edu.bjut.boudia.myMain - meter_7972386952909257507:repMsg
BruceChen 07:48:51.774 [main] INFO  edu.bjut.boudia.myMain - meter_7972386952909257507:25386700
BruceChen 07:48:51.774 [main] INFO  edu.bjut.boudia.myMain - meter_1676105438133374163:repMsg
BruceChen 07:48:51.774 [main] INFO  edu.bjut.boudia.myMain - meter_1676105438133374163:25342600
BruceChen 07:48:51.774 [main] INFO  edu.bjut.boudia.myMain - meter_7897971140569901563:repMsg
BruceChen 07:48:51.774 [main] INFO  edu.bjut.boudia.myMain - meter_7897971140569901563:25319800
BruceChen 07:48:51.774 [main] INFO  edu.bjut.boudia.myMain - meter_7991589781980266933:repMsg
BruceChen 07:48:51.774 [main] INFO  edu.bjut.boudia.myMain - meter_7991589781980266933:25514900
BruceChen 07:48:51.774 [main] INFO  edu.bjut.boudia.myMain - meter_6953381051282938341:repMsg
BruceChen 07:48:51.774 [main] INFO  edu.bjut.boudia.myMain - meter_6953381051282938341:25339800
BruceChen 07:48:51.774 [main] INFO  edu.bjut.boudia.myMain - meter_7701639230455045143:repMsg
BruceChen 07:48:51.774 [main] INFO  edu.bjut.boudia.myMain - meter_7701639230455045143:25588000
BruceChen 07:48:51.774 [main] INFO  edu.bjut.boudia.myMain - meter_7205864856297316825:repMsg
BruceChen 07:48:51.774 [main] INFO  edu.bjut.boudia.myMain - meter_7205864856297316825:26130400
BruceChen 07:48:51.774 [main] INFO  edu.bjut.boudia.myMain - meter_38934797983851281:repMsg
BruceChen 07:48:51.774 [main] INFO  edu.bjut.boudia.myMain - meter_38934797983851281:26118200
BruceChen 07:48:51.774 [main] INFO  edu.bjut.boudia.myMain - meter_4519829599492717055:repMsg
BruceChen 07:48:51.774 [main] INFO  edu.bjut.boudia.myMain - meter_4519829599492717055:25704300
BruceChen 07:48:51.774 [main] INFO  edu.bjut.boudia.myMain - meter_7425845743020781667:repMsg
BruceChen 07:48:51.774 [main] INFO  edu.bjut.boudia.myMain - meter_7425845743020781667:26045800
BruceChen 07:48:51.774 [main] INFO  edu.bjut.boudia.myMain - meter_8747610639563818629:repMsg
BruceChen 07:48:51.774 [main] INFO  edu.bjut.boudia.myMain - meter_8747610639563818629:26038100
BruceChen 07:48:51.774 [main] INFO  edu.bjut.boudia.myMain - meter_722179734731995619:repMsg
BruceChen 07:48:51.774 [main] INFO  edu.bjut.boudia.myMain - meter_722179734731995619:25952500
BruceChen 07:48:51.774 [main] INFO  edu.bjut.boudia.myMain - meter_699662379357600299:repMsg
BruceChen 07:48:51.774 [main] INFO  edu.bjut.boudia.myMain - meter_699662379357600299:25799800
BruceChen 07:48:51.774 [main] INFO  edu.bjut.boudia.myMain - meter_7143162310678295521:repMsg
BruceChen 07:48:51.774 [main] INFO  edu.bjut.boudia.myMain - meter_7143162310678295521:25607500
BruceChen 07:48:51.774 [main] INFO  edu.bjut.boudia.myMain - meter_3720065059457862427:repMsg
BruceChen 07:48:51.774 [main] INFO  edu.bjut.boudia.myMain - meter_3720065059457862427:27400300
BruceChen 07:48:51.774 [main] INFO  edu.bjut.boudia.myMain - meter_6364151377010951481:repMsg
BruceChen 07:48:51.774 [main] INFO  edu.bjut.boudia.myMain - meter_6364151377010951481:26262600
BruceChen 07:48:51.774 [main] INFO  edu.bjut.boudia.myMain - meter_6350108870735726533:repMsg
BruceChen 07:48:51.774 [main] INFO  edu.bjut.boudia.myMain - meter_6350108870735726533:26271500
BruceChen 07:48:51.774 [main] INFO  edu.bjut.boudia.myMain - meter_4078146299390609967:repMsg
BruceChen 07:48:51.774 [main] INFO  edu.bjut.boudia.myMain - meter_4078146299390609967:26091100
BruceChen 07:48:51.774 [main] INFO  edu.bjut.boudia.myMain - meter_2997206841737186237:repMsg
BruceChen 07:48:51.774 [main] INFO  edu.bjut.boudia.myMain - meter_2997206841737186237:26049200
BruceChen 07:48:51.774 [main] INFO  edu.bjut.boudia.myMain - meter_2104471714296536775:repMsg
BruceChen 07:48:51.774 [main] INFO  edu.bjut.boudia.myMain - meter_2104471714296536775:25955700
