BruceChen 10:26:12.856 [main] INFO  edu.bjut.homo.myMain - meterRegTime
BruceChen 10:26:13.310 [main] INFO  edu.bjut.homo.myMain - kgc:reg_response,reg_response,reg_response,reg_response,reg_response,reg_response,reg_response,reg_response,reg_response,reg_response,reg_response,reg_response,reg_response,reg_response,reg_response,reg_response,reg_response,reg_response,reg_response,reg_response,reg_response,reg_response,reg_response,reg_response,reg_response,reg_response,reg_response,reg_response,reg_response,reg_response,reg_response,reg_response,reg_response,reg_response,reg_response,reg_response,reg_response,reg_response,reg_response,reg_response,reg_response,reg_response,reg_response,reg_response,reg_response,reg_response,reg_response,reg_response,reg_response,reg_response,reg_response,reg_response,reg_response,reg_response,reg_response,reg_response,reg_response,reg_response,reg_response,reg_response
BruceChen 10:26:13.332 [main] INFO  edu.bjut.homo.myMain - kgc:7654900,7568900,7755500,7580800,10383000,7504900,7393100,7343800,7557100,7426900,7404800,7394200,7297000,7364400,7284600,7487200,7314200,7368700,7220900,7409800,7239100,7353400,7213400,7329000,7508700,7233200,7182200,7283600,7340200,7594000,7292500,7670200,7230400,7265400,7199000,7555800,7335000,7141800,7328600,7198800,7342600,7206400,7210900,7188500,7198900,7154000,7239700,7206900,7256600,7337100,7352700,7197200,7150500,7130200,7493200,7420000,7128800,7327800,7401900,7168800
BruceChen 10:26:13.332 [main] INFO  edu.bjut.homo.myMain - meter_1318492641271284717:reg,reg_response
BruceChen 10:26:13.332 [main] INFO  edu.bjut.homo.myMain - meter_1318492641271284717:297400,304100
BruceChen 10:26:13.332 [main] INFO  edu.bjut.homo.myMain - meter_1036684856336805657:reg,reg_response
BruceChen 10:26:13.332 [main] INFO  edu.bjut.homo.myMain - meter_1036684856336805657:1648700,140400
BruceChen 10:26:13.332 [main] INFO  edu.bjut.homo.myMain - meter_6812724886370949779:reg,reg_response
BruceChen 10:26:13.332 [main] INFO  edu.bjut.homo.myMain - meter_6812724886370949779:38100,203500
BruceChen 10:26:13.332 [main] INFO  edu.bjut.homo.myMain - meter_901271431686335673:reg,reg_response
BruceChen 10:26:13.332 [main] INFO  edu.bjut.homo.myMain - meter_901271431686335673:39000,140900
BruceChen 10:26:13.332 [main] INFO  edu.bjut.homo.myMain - meter_516448461210798565:reg,reg_response
BruceChen 10:26:13.332 [main] INFO  edu.bjut.homo.myMain - meter_516448461210798565:38400,138400
BruceChen 10:26:13.332 [main] INFO  edu.bjut.homo.myMain - meter_8355079152513015939:reg,reg_response
BruceChen 10:26:13.332 [main] INFO  edu.bjut.homo.myMain - meter_8355079152513015939:39400,135700
BruceChen 10:26:13.332 [main] INFO  edu.bjut.homo.myMain - meter_7257068460854195461:reg,reg_response
BruceChen 10:26:13.332 [main] INFO  edu.bjut.homo.myMain - meter_7257068460854195461:35300,113700
BruceChen 10:26:13.332 [main] INFO  edu.bjut.homo.myMain - meter_2616760553511614525:reg,reg_response
BruceChen 10:26:13.332 [main] INFO  edu.bjut.homo.myMain - meter_2616760553511614525:28500,108400
BruceChen 10:26:13.332 [main] INFO  edu.bjut.homo.myMain - meter_4422755674478333087:reg,reg_response
BruceChen 10:26:13.332 [main] INFO  edu.bjut.homo.myMain - meter_4422755674478333087:27000,114500
BruceChen 10:26:13.332 [main] INFO  edu.bjut.homo.myMain - meter_6374762186734987085:reg,reg_response
BruceChen 10:26:13.332 [main] INFO  edu.bjut.homo.myMain - meter_6374762186734987085:26900,107800
BruceChen 10:26:13.332 [main] INFO  edu.bjut.homo.myMain - meter_880529941618608723:reg,reg_response
BruceChen 10:26:13.332 [main] INFO  edu.bjut.homo.myMain - meter_880529941618608723:27600,98800
BruceChen 10:26:13.332 [main] INFO  edu.bjut.homo.myMain - meter_4437087377983524047:reg,reg_response
BruceChen 10:26:13.332 [main] INFO  edu.bjut.homo.myMain - meter_4437087377983524047:26500,120800
BruceChen 10:26:13.332 [main] INFO  edu.bjut.homo.myMain - meter_2323986827590914007:reg,reg_response
BruceChen 10:26:13.332 [main] INFO  edu.bjut.homo.myMain - meter_2323986827590914007:35700,105900
BruceChen 10:26:13.332 [main] INFO  edu.bjut.homo.myMain - meter_1124898874270031559:reg,reg_response
BruceChen 10:26:13.332 [main] INFO  edu.bjut.homo.myMain - meter_1124898874270031559:27100,107300
BruceChen 10:26:13.332 [main] INFO  edu.bjut.homo.myMain - meter_6537398370789489065:reg,reg_response
BruceChen 10:26:13.332 [main] INFO  edu.bjut.homo.myMain - meter_6537398370789489065:35600,102600
BruceChen 10:26:13.332 [main] INFO  edu.bjut.homo.myMain - meter_2199256765160202703:reg,reg_response
BruceChen 10:26:13.332 [main] INFO  edu.bjut.homo.myMain - meter_2199256765160202703:28600,98200
BruceChen 10:26:13.332 [main] INFO  edu.bjut.homo.myMain - meter_6633463922403291689:reg,reg_response
BruceChen 10:26:13.332 [main] INFO  edu.bjut.homo.myMain - meter_6633463922403291689:27000,131300
BruceChen 10:26:13.332 [main] INFO  edu.bjut.homo.myMain - meter_4671781151797701933:reg,reg_response
BruceChen 10:26:13.332 [main] INFO  edu.bjut.homo.myMain - meter_4671781151797701933:39200,96400
BruceChen 10:26:13.332 [main] INFO  edu.bjut.homo.myMain - meter_5657250328226412913:reg,reg_response
BruceChen 10:26:13.332 [main] INFO  edu.bjut.homo.myMain - meter_5657250328226412913:26600,96900
BruceChen 10:26:13.332 [main] INFO  edu.bjut.homo.myMain - meter_1036350245675929597:reg,reg_response
BruceChen 10:26:13.332 [main] INFO  edu.bjut.homo.myMain - meter_1036350245675929597:26300,97000
BruceChen 10:26:13.332 [main] INFO  edu.bjut.homo.myMain - meter_1247051137149067761:reg,reg_response
BruceChen 10:26:13.332 [main] INFO  edu.bjut.homo.myMain - meter_1247051137149067761:27200,92600
BruceChen 10:26:13.332 [main] INFO  edu.bjut.homo.myMain - meter_4875666158962041679:reg,reg_response
BruceChen 10:26:13.332 [main] INFO  edu.bjut.homo.myMain - meter_4875666158962041679:26600,107100
BruceChen 10:26:13.332 [main] INFO  edu.bjut.homo.myMain - meter_3487173726852015159:reg,reg_response
BruceChen 10:26:13.332 [main] INFO  edu.bjut.homo.myMain - meter_3487173726852015159:26600,93100
BruceChen 10:26:13.332 [main] INFO  edu.bjut.homo.myMain - meter_8460607726383814087:reg,reg_response
BruceChen 10:26:13.332 [main] INFO  edu.bjut.homo.myMain - meter_8460607726383814087:26600,105300
BruceChen 10:26:13.332 [main] INFO  edu.bjut.homo.myMain - meter_3895140453696753789:reg,reg_response
BruceChen 10:26:13.332 [main] INFO  edu.bjut.homo.myMain - meter_3895140453696753789:27600,94700
BruceChen 10:26:13.332 [main] INFO  edu.bjut.homo.myMain - meter_2623994902042974891:reg,reg_response
BruceChen 10:26:13.332 [main] INFO  edu.bjut.homo.myMain - meter_2623994902042974891:53300,94000
BruceChen 10:26:13.332 [main] INFO  edu.bjut.homo.myMain - meter_1568135303706376983:reg,reg_response
BruceChen 10:26:13.332 [main] INFO  edu.bjut.homo.myMain - meter_1568135303706376983:28200,99800
BruceChen 10:26:13.332 [main] INFO  edu.bjut.homo.myMain - meter_4475280413217897073:reg,reg_response
BruceChen 10:26:13.332 [main] INFO  edu.bjut.homo.myMain - meter_4475280413217897073:52400,100200
BruceChen 10:26:13.332 [main] INFO  edu.bjut.homo.myMain - meter_4318632248690358469:reg,reg_response
BruceChen 10:26:13.332 [main] INFO  edu.bjut.homo.myMain - meter_4318632248690358469:26800,103100
BruceChen 10:26:13.332 [main] INFO  edu.bjut.homo.myMain - meter_8424091686198073381:reg,reg_response
BruceChen 10:26:13.332 [main] INFO  edu.bjut.homo.myMain - meter_8424091686198073381:30200,115400
BruceChen 10:26:13.332 [main] INFO  edu.bjut.homo.myMain - meter_1932498263385733037:reg,reg_response
BruceChen 10:26:13.332 [main] INFO  edu.bjut.homo.myMain - meter_1932498263385733037:25900,83400
BruceChen 10:26:13.332 [main] INFO  edu.bjut.homo.myMain - meter_5416716630769562613:reg,reg_response
BruceChen 10:26:13.332 [main] INFO  edu.bjut.homo.myMain - meter_5416716630769562613:24600,82100
BruceChen 10:26:13.332 [main] INFO  edu.bjut.homo.myMain - meter_8924286534750531619:reg,reg_response
BruceChen 10:26:13.332 [main] INFO  edu.bjut.homo.myMain - meter_8924286534750531619:24600,86200
BruceChen 10:26:13.332 [main] INFO  edu.bjut.homo.myMain - meter_5902578676288427341:reg,reg_response
BruceChen 10:26:13.332 [main] INFO  edu.bjut.homo.myMain - meter_5902578676288427341:27700,91700
BruceChen 10:26:13.332 [main] INFO  edu.bjut.homo.myMain - meter_4100281788385720809:reg,reg_response
BruceChen 10:26:13.332 [main] INFO  edu.bjut.homo.myMain - meter_4100281788385720809:25500,80300
BruceChen 10:26:13.332 [main] INFO  edu.bjut.homo.myMain - meter_7121989646847824269:reg,reg_response
BruceChen 10:26:13.332 [main] INFO  edu.bjut.homo.myMain - meter_7121989646847824269:24300,89200
BruceChen 10:26:13.332 [main] INFO  edu.bjut.homo.myMain - meter_4032809256191700439:reg,reg_response
BruceChen 10:26:13.332 [main] INFO  edu.bjut.homo.myMain - meter_4032809256191700439:27000,86300
BruceChen 10:26:13.332 [main] INFO  edu.bjut.homo.myMain - meter_6735443454311157449:reg,reg_response
BruceChen 10:26:13.332 [main] INFO  edu.bjut.homo.myMain - meter_6735443454311157449:24900,87400
BruceChen 10:26:13.332 [main] INFO  edu.bjut.homo.myMain - meter_1241492684171490197:reg,reg_response
BruceChen 10:26:13.332 [main] INFO  edu.bjut.homo.myMain - meter_1241492684171490197:25900,86500
BruceChen 10:26:13.332 [main] INFO  edu.bjut.homo.myMain - meter_157460729644021463:reg,reg_response
BruceChen 10:26:13.332 [main] INFO  edu.bjut.homo.myMain - meter_157460729644021463:25700,86900
BruceChen 10:26:13.332 [main] INFO  edu.bjut.homo.myMain - meter_1245645980459533889:reg,reg_response
BruceChen 10:26:13.332 [main] INFO  edu.bjut.homo.myMain - meter_1245645980459533889:23900,109100
BruceChen 10:26:13.332 [main] INFO  edu.bjut.homo.myMain - meter_8989898851325822369:reg,reg_response
BruceChen 10:26:13.332 [main] INFO  edu.bjut.homo.myMain - meter_8989898851325822369:28400,83800
BruceChen 10:26:13.332 [main] INFO  edu.bjut.homo.myMain - meter_8840671554384357211:reg,reg_response
BruceChen 10:26:13.332 [main] INFO  edu.bjut.homo.myMain - meter_8840671554384357211:23700,80300
BruceChen 10:26:13.332 [main] INFO  edu.bjut.homo.myMain - meter_497952725288325633:reg,reg_response
BruceChen 10:26:13.332 [main] INFO  edu.bjut.homo.myMain - meter_497952725288325633:23000,84500
BruceChen 10:26:13.332 [main] INFO  edu.bjut.homo.myMain - meter_4329750254140430407:reg,reg_response
BruceChen 10:26:13.332 [main] INFO  edu.bjut.homo.myMain - meter_4329750254140430407:21700,5099400
BruceChen 10:26:13.332 [main] INFO  edu.bjut.homo.myMain - meter_7799917293467377233:reg,reg_response
BruceChen 10:26:13.332 [main] INFO  edu.bjut.homo.myMain - meter_7799917293467377233:32200,87700
BruceChen 10:26:13.332 [main] INFO  edu.bjut.homo.myMain - meter_6051807068429841677:reg,reg_response
BruceChen 10:26:13.332 [main] INFO  edu.bjut.homo.myMain - meter_6051807068429841677:22500,73900
BruceChen 10:26:13.332 [main] INFO  edu.bjut.homo.myMain - meter_4111680165022685757:reg,reg_response
BruceChen 10:26:13.332 [main] INFO  edu.bjut.homo.myMain - meter_4111680165022685757:22200,72600
BruceChen 10:26:13.332 [main] INFO  edu.bjut.homo.myMain - meter_2635061233256809795:reg,reg_response
BruceChen 10:26:13.332 [main] INFO  edu.bjut.homo.myMain - meter_2635061233256809795:22000,74800
BruceChen 10:26:13.332 [main] INFO  edu.bjut.homo.myMain - meter_358262489853468263:reg,reg_response
BruceChen 10:26:13.332 [main] INFO  edu.bjut.homo.myMain - meter_358262489853468263:21800,73400
BruceChen 10:26:13.332 [main] INFO  edu.bjut.homo.myMain - meter_2106532824110754935:reg,reg_response
BruceChen 10:26:13.332 [main] INFO  edu.bjut.homo.myMain - meter_2106532824110754935:22800,83100
BruceChen 10:26:13.332 [main] INFO  edu.bjut.homo.myMain - meter_8606137885478058953:reg,reg_response
BruceChen 10:26:13.332 [main] INFO  edu.bjut.homo.myMain - meter_8606137885478058953:24500,91000
BruceChen 10:26:13.332 [main] INFO  edu.bjut.homo.myMain - meter_9205033414568864227:reg,reg_response
BruceChen 10:26:13.332 [main] INFO  edu.bjut.homo.myMain - meter_9205033414568864227:23400,72100
BruceChen 10:26:13.332 [main] INFO  edu.bjut.homo.myMain - meter_4881224611939618935:reg,reg_response
BruceChen 10:26:13.332 [main] INFO  edu.bjut.homo.myMain - meter_4881224611939618935:22400,72500
BruceChen 10:26:13.332 [main] INFO  edu.bjut.homo.myMain - meter_7902931375201839907:reg,reg_response
BruceChen 10:26:13.332 [main] INFO  edu.bjut.homo.myMain - meter_7902931375201839907:21900,79400
BruceChen 10:26:13.332 [main] INFO  edu.bjut.homo.myMain - meter_3564789773867521211:reg,reg_response
BruceChen 10:26:13.332 [main] INFO  edu.bjut.homo.myMain - meter_3564789773867521211:21700,73100
BruceChen 10:26:13.332 [main] INFO  edu.bjut.homo.myMain - meter_5965256566467088495:reg,reg_response
BruceChen 10:26:13.332 [main] INFO  edu.bjut.homo.myMain - meter_5965256566467088495:20100,76000
BruceChen 10:26:13.332 [main] INFO  edu.bjut.homo.myMain - meter_3889580901207548947:reg,reg_response
BruceChen 10:26:13.332 [main] INFO  edu.bjut.homo.myMain - meter_3889580901207548947:20300,74500
BruceChen 10:26:13.332 [main] INFO  edu.bjut.homo.myMain - meter_4901557452113699533:reg,reg_response
BruceChen 10:26:13.332 [main] INFO  edu.bjut.homo.myMain - meter_4901557452113699533:22500,72000
BruceChen 10:26:13.332 [main] INFO  edu.bjut.homo.myMain - meter_866344863960107847:reg,reg_response
BruceChen 10:26:13.332 [main] INFO  edu.bjut.homo.myMain - meter_866344863960107847:27800,75800
BruceChen 10:26:13.332 [main] INFO  edu.bjut.homo.myMain - oneTimeMeterRepTime
BruceChen 10:26:14.279 [main] INFO  edu.bjut.homo.myMain - agg:resp_agg
BruceChen 10:26:14.279 [main] INFO  edu.bjut.homo.myMain - agg:305805200
BruceChen 10:26:14.279 [main] INFO  edu.bjut.homo.myMain - server:report_res
BruceChen 10:26:14.279 [main] INFO  edu.bjut.homo.myMain - server:14965700
BruceChen 10:26:14.279 [main] INFO  edu.bjut.homo.myMain - meter_1318492641271284717:report
BruceChen 10:26:14.279 [main] INFO  edu.bjut.homo.myMain - meter_1318492641271284717:22511400
BruceChen 10:26:14.279 [main] INFO  edu.bjut.homo.myMain - meter_1036684856336805657:report
BruceChen 10:26:14.279 [main] INFO  edu.bjut.homo.myMain - meter_1036684856336805657:10869200
BruceChen 10:26:14.279 [main] INFO  edu.bjut.homo.myMain - meter_6812724886370949779:report
BruceChen 10:26:14.279 [main] INFO  edu.bjut.homo.myMain - meter_6812724886370949779:10616000
BruceChen 10:26:14.279 [main] INFO  edu.bjut.homo.myMain - meter_901271431686335673:report
BruceChen 10:26:14.279 [main] INFO  edu.bjut.homo.myMain - meter_901271431686335673:10561800
BruceChen 10:26:14.279 [main] INFO  edu.bjut.homo.myMain - meter_516448461210798565:report
BruceChen 10:26:14.279 [main] INFO  edu.bjut.homo.myMain - meter_516448461210798565:10353900
BruceChen 10:26:14.279 [main] INFO  edu.bjut.homo.myMain - meter_8355079152513015939:report
BruceChen 10:26:14.279 [main] INFO  edu.bjut.homo.myMain - meter_8355079152513015939:10088700
BruceChen 10:26:14.279 [main] INFO  edu.bjut.homo.myMain - meter_7257068460854195461:report
BruceChen 10:26:14.279 [main] INFO  edu.bjut.homo.myMain - meter_7257068460854195461:10671200
BruceChen 10:26:14.279 [main] INFO  edu.bjut.homo.myMain - meter_2616760553511614525:report
BruceChen 10:26:14.279 [main] INFO  edu.bjut.homo.myMain - meter_2616760553511614525:9901300
BruceChen 10:26:14.279 [main] INFO  edu.bjut.homo.myMain - meter_4422755674478333087:report
BruceChen 10:26:14.279 [main] INFO  edu.bjut.homo.myMain - meter_4422755674478333087:9979500
BruceChen 10:26:14.279 [main] INFO  edu.bjut.homo.myMain - meter_6374762186734987085:report
BruceChen 10:26:14.279 [main] INFO  edu.bjut.homo.myMain - meter_6374762186734987085:9868200
BruceChen 10:26:14.279 [main] INFO  edu.bjut.homo.myMain - meter_880529941618608723:report
BruceChen 10:26:14.279 [main] INFO  edu.bjut.homo.myMain - meter_880529941618608723:9989300
BruceChen 10:26:14.279 [main] INFO  edu.bjut.homo.myMain - meter_4437087377983524047:report
BruceChen 10:26:14.279 [main] INFO  edu.bjut.homo.myMain - meter_4437087377983524047:9882300
BruceChen 10:26:14.279 [main] INFO  edu.bjut.homo.myMain - meter_2323986827590914007:report
BruceChen 10:26:14.279 [main] INFO  edu.bjut.homo.myMain - meter_2323986827590914007:10001300
BruceChen 10:26:14.279 [main] INFO  edu.bjut.homo.myMain - meter_1124898874270031559:report
BruceChen 10:26:14.279 [main] INFO  edu.bjut.homo.myMain - meter_1124898874270031559:9958300
BruceChen 10:26:14.279 [main] INFO  edu.bjut.homo.myMain - meter_6537398370789489065:report
BruceChen 10:26:14.279 [main] INFO  edu.bjut.homo.myMain - meter_6537398370789489065:12760800
BruceChen 10:26:14.279 [main] INFO  edu.bjut.homo.myMain - meter_2199256765160202703:report
BruceChen 10:26:14.279 [main] INFO  edu.bjut.homo.myMain - meter_2199256765160202703:10387400
BruceChen 10:26:14.279 [main] INFO  edu.bjut.homo.myMain - meter_6633463922403291689:report
BruceChen 10:26:14.279 [main] INFO  edu.bjut.homo.myMain - meter_6633463922403291689:9863000
BruceChen 10:26:14.279 [main] INFO  edu.bjut.homo.myMain - meter_4671781151797701933:report
BruceChen 10:26:14.279 [main] INFO  edu.bjut.homo.myMain - meter_4671781151797701933:9964300
BruceChen 10:26:14.279 [main] INFO  edu.bjut.homo.myMain - meter_5657250328226412913:report
BruceChen 10:26:14.279 [main] INFO  edu.bjut.homo.myMain - meter_5657250328226412913:9933400
BruceChen 10:26:14.279 [main] INFO  edu.bjut.homo.myMain - meter_1036350245675929597:report
BruceChen 10:26:14.279 [main] INFO  edu.bjut.homo.myMain - meter_1036350245675929597:9799600
BruceChen 10:26:14.279 [main] INFO  edu.bjut.homo.myMain - meter_1247051137149067761:report
BruceChen 10:26:14.279 [main] INFO  edu.bjut.homo.myMain - meter_1247051137149067761:9982800
BruceChen 10:26:14.279 [main] INFO  edu.bjut.homo.myMain - meter_4875666158962041679:report
BruceChen 10:26:14.279 [main] INFO  edu.bjut.homo.myMain - meter_4875666158962041679:10008000
BruceChen 10:26:14.279 [main] INFO  edu.bjut.homo.myMain - meter_3487173726852015159:report
BruceChen 10:26:14.279 [main] INFO  edu.bjut.homo.myMain - meter_3487173726852015159:9956000
BruceChen 10:26:14.279 [main] INFO  edu.bjut.homo.myMain - meter_8460607726383814087:report
BruceChen 10:26:14.279 [main] INFO  edu.bjut.homo.myMain - meter_8460607726383814087:9973300
BruceChen 10:26:14.279 [main] INFO  edu.bjut.homo.myMain - meter_3895140453696753789:report
BruceChen 10:26:14.279 [main] INFO  edu.bjut.homo.myMain - meter_3895140453696753789:9920700
BruceChen 10:26:14.279 [main] INFO  edu.bjut.homo.myMain - meter_2623994902042974891:report
BruceChen 10:26:14.279 [main] INFO  edu.bjut.homo.myMain - meter_2623994902042974891:10022700
BruceChen 10:26:14.279 [main] INFO  edu.bjut.homo.myMain - meter_1568135303706376983:report
BruceChen 10:26:14.279 [main] INFO  edu.bjut.homo.myMain - meter_1568135303706376983:9909700
BruceChen 10:26:14.279 [main] INFO  edu.bjut.homo.myMain - meter_4475280413217897073:report
BruceChen 10:26:14.279 [main] INFO  edu.bjut.homo.myMain - meter_4475280413217897073:10189700
BruceChen 10:26:14.279 [main] INFO  edu.bjut.homo.myMain - meter_4318632248690358469:report
BruceChen 10:26:14.279 [main] INFO  edu.bjut.homo.myMain - meter_4318632248690358469:10074100
BruceChen 10:26:14.279 [main] INFO  edu.bjut.homo.myMain - meter_8424091686198073381:report
BruceChen 10:26:14.279 [main] INFO  edu.bjut.homo.myMain - meter_8424091686198073381:10481400
BruceChen 10:26:14.279 [main] INFO  edu.bjut.homo.myMain - meter_1932498263385733037:report
BruceChen 10:26:14.279 [main] INFO  edu.bjut.homo.myMain - meter_1932498263385733037:10548500
BruceChen 10:26:14.279 [main] INFO  edu.bjut.homo.myMain - meter_5416716630769562613:report
BruceChen 10:26:14.279 [main] INFO  edu.bjut.homo.myMain - meter_5416716630769562613:10314600
BruceChen 10:26:14.279 [main] INFO  edu.bjut.homo.myMain - meter_8924286534750531619:report
BruceChen 10:26:14.279 [main] INFO  edu.bjut.homo.myMain - meter_8924286534750531619:10198200
BruceChen 10:26:14.279 [main] INFO  edu.bjut.homo.myMain - meter_5902578676288427341:report
BruceChen 10:26:14.279 [main] INFO  edu.bjut.homo.myMain - meter_5902578676288427341:9756400
BruceChen 10:26:14.279 [main] INFO  edu.bjut.homo.myMain - meter_4100281788385720809:report
BruceChen 10:26:14.279 [main] INFO  edu.bjut.homo.myMain - meter_4100281788385720809:9903900
BruceChen 10:26:14.279 [main] INFO  edu.bjut.homo.myMain - meter_7121989646847824269:report
BruceChen 10:26:14.279 [main] INFO  edu.bjut.homo.myMain - meter_7121989646847824269:9745800
BruceChen 10:26:14.279 [main] INFO  edu.bjut.homo.myMain - meter_4032809256191700439:report
BruceChen 10:26:14.279 [main] INFO  edu.bjut.homo.myMain - meter_4032809256191700439:9713300
BruceChen 10:26:14.279 [main] INFO  edu.bjut.homo.myMain - meter_6735443454311157449:report
BruceChen 10:26:14.279 [main] INFO  edu.bjut.homo.myMain - meter_6735443454311157449:9722100
BruceChen 10:26:14.279 [main] INFO  edu.bjut.homo.myMain - meter_1241492684171490197:report
BruceChen 10:26:14.279 [main] INFO  edu.bjut.homo.myMain - meter_1241492684171490197:9748400
BruceChen 10:26:14.279 [main] INFO  edu.bjut.homo.myMain - meter_157460729644021463:report
BruceChen 10:26:14.279 [main] INFO  edu.bjut.homo.myMain - meter_157460729644021463:9782500
BruceChen 10:26:14.279 [main] INFO  edu.bjut.homo.myMain - meter_1245645980459533889:report
BruceChen 10:26:14.279 [main] INFO  edu.bjut.homo.myMain - meter_1245645980459533889:9717400
BruceChen 10:26:14.279 [main] INFO  edu.bjut.homo.myMain - meter_8989898851325822369:report
BruceChen 10:26:14.279 [main] INFO  edu.bjut.homo.myMain - meter_8989898851325822369:9783500
BruceChen 10:26:14.279 [main] INFO  edu.bjut.homo.myMain - meter_8840671554384357211:report
BruceChen 10:26:14.279 [main] INFO  edu.bjut.homo.myMain - meter_8840671554384357211:9829500
BruceChen 10:26:14.279 [main] INFO  edu.bjut.homo.myMain - meter_497952725288325633:report
BruceChen 10:26:14.279 [main] INFO  edu.bjut.homo.myMain - meter_497952725288325633:9702700
BruceChen 10:26:14.279 [main] INFO  edu.bjut.homo.myMain - meter_4329750254140430407:report
BruceChen 10:26:14.279 [main] INFO  edu.bjut.homo.myMain - meter_4329750254140430407:9776500
BruceChen 10:26:14.279 [main] INFO  edu.bjut.homo.myMain - meter_7799917293467377233:report
BruceChen 10:26:14.279 [main] INFO  edu.bjut.homo.myMain - meter_7799917293467377233:9732800
BruceChen 10:26:14.279 [main] INFO  edu.bjut.homo.myMain - meter_6051807068429841677:report
BruceChen 10:26:14.279 [main] INFO  edu.bjut.homo.myMain - meter_6051807068429841677:9901400
BruceChen 10:26:14.279 [main] INFO  edu.bjut.homo.myMain - meter_4111680165022685757:report
BruceChen 10:26:14.279 [main] INFO  edu.bjut.homo.myMain - meter_4111680165022685757:9719700
BruceChen 10:26:14.279 [main] INFO  edu.bjut.homo.myMain - meter_2635061233256809795:report
BruceChen 10:26:14.279 [main] INFO  edu.bjut.homo.myMain - meter_2635061233256809795:9762300
BruceChen 10:26:14.279 [main] INFO  edu.bjut.homo.myMain - meter_358262489853468263:report
BruceChen 10:26:14.279 [main] INFO  edu.bjut.homo.myMain - meter_358262489853468263:9794100
BruceChen 10:26:14.279 [main] INFO  edu.bjut.homo.myMain - meter_2106532824110754935:report
BruceChen 10:26:14.279 [main] INFO  edu.bjut.homo.myMain - meter_2106532824110754935:9706300
BruceChen 10:26:14.279 [main] INFO  edu.bjut.homo.myMain - meter_8606137885478058953:report
BruceChen 10:26:14.279 [main] INFO  edu.bjut.homo.myMain - meter_8606137885478058953:12369800
BruceChen 10:26:14.279 [main] INFO  edu.bjut.homo.myMain - meter_9205033414568864227:report
BruceChen 10:26:14.279 [main] INFO  edu.bjut.homo.myMain - meter_9205033414568864227:9721700
BruceChen 10:26:14.279 [main] INFO  edu.bjut.homo.myMain - meter_4881224611939618935:report
BruceChen 10:26:14.279 [main] INFO  edu.bjut.homo.myMain - meter_4881224611939618935:9707000
BruceChen 10:26:14.279 [main] INFO  edu.bjut.homo.myMain - meter_7902931375201839907:report
BruceChen 10:26:14.279 [main] INFO  edu.bjut.homo.myMain - meter_7902931375201839907:9730400
BruceChen 10:26:14.279 [main] INFO  edu.bjut.homo.myMain - meter_3564789773867521211:report
BruceChen 10:26:14.279 [main] INFO  edu.bjut.homo.myMain - meter_3564789773867521211:9761500
BruceChen 10:26:14.279 [main] INFO  edu.bjut.homo.myMain - meter_5965256566467088495:report
BruceChen 10:26:14.279 [main] INFO  edu.bjut.homo.myMain - meter_5965256566467088495:9732400
BruceChen 10:26:14.279 [main] INFO  edu.bjut.homo.myMain - meter_3889580901207548947:report
BruceChen 10:26:14.279 [main] INFO  edu.bjut.homo.myMain - meter_3889580901207548947:9704700
BruceChen 10:26:14.279 [main] INFO  edu.bjut.homo.myMain - meter_4901557452113699533:report
BruceChen 10:26:14.279 [main] INFO  edu.bjut.homo.myMain - meter_4901557452113699533:9725600
BruceChen 10:26:14.279 [main] INFO  edu.bjut.homo.myMain - meter_866344863960107847:report
BruceChen 10:26:14.279 [main] INFO  edu.bjut.homo.myMain - meter_866344863960107847:9887000
BruceChen 10:26:17.728 [main] INFO  edu.bjut.homo.myMain - meterRegTime
BruceChen 10:26:18.103 [main] INFO  edu.bjut.homo.myMain - kgc:reg_response,reg_response,reg_response,reg_response,reg_response,reg_response,reg_response,reg_response,reg_response,reg_response,reg_response,reg_response,reg_response,reg_response,reg_response,reg_response,reg_response,reg_response,reg_response,reg_response,reg_response,reg_response,reg_response,reg_response,reg_response,reg_response,reg_response,reg_response,reg_response,reg_response,reg_response,reg_response,reg_response,reg_response,reg_response,reg_response,reg_response,reg_response,reg_response,reg_response,reg_response,reg_response,reg_response,reg_response,reg_response,reg_response,reg_response,reg_response,reg_response,reg_response
BruceChen 10:26:18.103 [main] INFO  edu.bjut.homo.myMain - kgc:7436700,7169600,7305700,7138500,7169600,7360400,7251200,7073400,7083000,7014800,7156000,7132100,7189300,7425900,7309900,7149900,7072900,7069600,7060100,7285200,7207600,7277100,7212100,7297000,7060200,7087000,7367400,7234800,7196600,7037800,7073300,7084500,7265100,7132500,7168400,7134000,7047400,7142700,7117900,7068800,7118400,7242200,7258800,7095000,7139700,7161500,7029300,7071900,7071200,9998600
BruceChen 10:26:18.103 [main] INFO  edu.bjut.homo.myMain - meter_3254933142926839483:reg,reg_response
BruceChen 10:26:18.103 [main] INFO  edu.bjut.homo.myMain - meter_3254933142926839483:41300,42900
BruceChen 10:26:18.103 [main] INFO  edu.bjut.homo.myMain - meter_7981631447307323365:reg,reg_response
BruceChen 10:26:18.103 [main] INFO  edu.bjut.homo.myMain - meter_7981631447307323365:10200,59500
BruceChen 10:26:18.103 [main] INFO  edu.bjut.homo.myMain - meter_3771792427981681155:reg,reg_response
BruceChen 10:26:18.103 [main] INFO  edu.bjut.homo.myMain - meter_3771792427981681155:13300,46400
BruceChen 10:26:18.103 [main] INFO  edu.bjut.homo.myMain - meter_9148677784035164143:reg,reg_response
BruceChen 10:26:18.103 [main] INFO  edu.bjut.homo.myMain - meter_9148677784035164143:14500,72800
BruceChen 10:26:18.103 [main] INFO  edu.bjut.homo.myMain - meter_7130281665179549269:reg,reg_response
BruceChen 10:26:18.103 [main] INFO  edu.bjut.homo.myMain - meter_7130281665179549269:9600,46500
BruceChen 10:26:18.103 [main] INFO  edu.bjut.homo.myMain - meter_3934711182229622561:reg,reg_response
BruceChen 10:26:18.103 [main] INFO  edu.bjut.homo.myMain - meter_3934711182229622561:8400,34500
BruceChen 10:26:18.103 [main] INFO  edu.bjut.homo.myMain - meter_6533516912860479837:reg,reg_response
BruceChen 10:26:18.103 [main] INFO  edu.bjut.homo.myMain - meter_6533516912860479837:8000,35900
BruceChen 10:26:18.103 [main] INFO  edu.bjut.homo.myMain - meter_3469626121990261039:reg,reg_response
BruceChen 10:26:18.103 [main] INFO  edu.bjut.homo.myMain - meter_3469626121990261039:8000,33500
BruceChen 10:26:18.103 [main] INFO  edu.bjut.homo.myMain - meter_7025902079083497709:reg,reg_response
BruceChen 10:26:18.103 [main] INFO  edu.bjut.homo.myMain - meter_7025902079083497709:7300,34600
BruceChen 10:26:18.103 [main] INFO  edu.bjut.homo.myMain - meter_2780912523933768895:reg,reg_response
BruceChen 10:26:18.103 [main] INFO  edu.bjut.homo.myMain - meter_2780912523933768895:7000,37000
BruceChen 10:26:18.103 [main] INFO  edu.bjut.homo.myMain - meter_3912688049968638621:reg,reg_response
BruceChen 10:26:18.103 [main] INFO  edu.bjut.homo.myMain - meter_3912688049968638621:7100,34900
BruceChen 10:26:18.103 [main] INFO  edu.bjut.homo.myMain - meter_6819059534172247071:reg,reg_response
BruceChen 10:26:18.103 [main] INFO  edu.bjut.homo.myMain - meter_6819059534172247071:7500,34700
BruceChen 10:26:18.103 [main] INFO  edu.bjut.homo.myMain - meter_915295304941978551:reg,reg_response
BruceChen 10:26:18.103 [main] INFO  edu.bjut.homo.myMain - meter_915295304941978551:7600,32400
BruceChen 10:26:18.103 [main] INFO  edu.bjut.homo.myMain - meter_8344628902625090693:reg,reg_response
BruceChen 10:26:18.103 [main] INFO  edu.bjut.homo.myMain - meter_8344628902625090693:7400,35600
BruceChen 10:26:18.103 [main] INFO  edu.bjut.homo.myMain - meter_61372066663032569:reg,reg_response
BruceChen 10:26:18.103 [main] INFO  edu.bjut.homo.myMain - meter_61372066663032569:7900,35300
BruceChen 10:26:18.103 [main] INFO  edu.bjut.homo.myMain - meter_6631948131757514219:reg,reg_response
BruceChen 10:26:18.103 [main] INFO  edu.bjut.homo.myMain - meter_6631948131757514219:7100,39600
BruceChen 10:26:18.103 [main] INFO  edu.bjut.homo.myMain - meter_2749956031942266087:reg,reg_response
BruceChen 10:26:18.103 [main] INFO  edu.bjut.homo.myMain - meter_2749956031942266087:7100,39500
BruceChen 10:26:18.103 [main] INFO  edu.bjut.homo.myMain - meter_4567066959352512835:reg,reg_response
BruceChen 10:26:18.103 [main] INFO  edu.bjut.homo.myMain - meter_4567066959352512835:7500,30800
BruceChen 10:26:18.103 [main] INFO  edu.bjut.homo.myMain - meter_4251320929489065763:reg,reg_response
BruceChen 10:26:18.103 [main] INFO  edu.bjut.homo.myMain - meter_4251320929489065763:7000,32100
BruceChen 10:26:18.103 [main] INFO  edu.bjut.homo.myMain - meter_622705899086223693:reg,reg_response
BruceChen 10:26:18.103 [main] INFO  edu.bjut.homo.myMain - meter_622705899086223693:6800,30200
BruceChen 10:26:18.103 [main] INFO  edu.bjut.homo.myMain - meter_5766154912673395051:reg,reg_response
BruceChen 10:26:18.103 [main] INFO  edu.bjut.homo.myMain - meter_5766154912673395051:6700,30900
BruceChen 10:26:18.103 [main] INFO  edu.bjut.homo.myMain - meter_927446760723797751:reg,reg_response
BruceChen 10:26:18.103 [main] INFO  edu.bjut.homo.myMain - meter_927446760723797751:7300,31400
BruceChen 10:26:18.103 [main] INFO  edu.bjut.homo.myMain - meter_8759197169396832863:reg,reg_response
BruceChen 10:26:18.103 [main] INFO  edu.bjut.homo.myMain - meter_8759197169396832863:10500,31100
BruceChen 10:26:18.103 [main] INFO  edu.bjut.homo.myMain - meter_8488458950991835375:reg,reg_response
BruceChen 10:26:18.103 [main] INFO  edu.bjut.homo.myMain - meter_8488458950991835375:7100,29800
BruceChen 10:26:18.103 [main] INFO  edu.bjut.homo.myMain - meter_6521366556573511807:reg,reg_response
BruceChen 10:26:18.103 [main] INFO  edu.bjut.homo.myMain - meter_6521366556573511807:6500,29400
BruceChen 10:26:18.103 [main] INFO  edu.bjut.homo.myMain - meter_1794667148386498275:reg,reg_response
BruceChen 10:26:18.103 [main] INFO  edu.bjut.homo.myMain - meter_1794667148386498275:6700,31800
BruceChen 10:26:18.103 [main] INFO  edu.bjut.homo.myMain - meter_2846203708909503961:reg,reg_response
BruceChen 10:26:18.103 [main] INFO  edu.bjut.homo.myMain - meter_2846203708909503961:6500,30900
BruceChen 10:26:18.103 [main] INFO  edu.bjut.homo.myMain - meter_7169732127450243517:reg,reg_response
BruceChen 10:26:18.103 [main] INFO  edu.bjut.homo.myMain - meter_7169732127450243517:6700,30400
BruceChen 10:26:18.103 [main] INFO  edu.bjut.homo.myMain - meter_4583691747838825549:reg,reg_response
BruceChen 10:26:18.103 [main] INFO  edu.bjut.homo.myMain - meter_4583691747838825549:6900,30100
BruceChen 10:26:18.103 [main] INFO  edu.bjut.homo.myMain - meter_6201036560082818171:reg,reg_response
BruceChen 10:26:18.103 [main] INFO  edu.bjut.homo.myMain - meter_6201036560082818171:6600,30300
BruceChen 10:26:18.103 [main] INFO  edu.bjut.homo.myMain - meter_4034509366902422113:reg,reg_response
BruceChen 10:26:18.103 [main] INFO  edu.bjut.homo.myMain - meter_4034509366902422113:6900,30500
BruceChen 10:26:18.103 [main] INFO  edu.bjut.homo.myMain - meter_9107406944774797563:reg,reg_response
BruceChen 10:26:18.103 [main] INFO  edu.bjut.homo.myMain - meter_9107406944774797563:6600,34800
BruceChen 10:26:18.103 [main] INFO  edu.bjut.homo.myMain - meter_3917162477856238577:reg,reg_response
BruceChen 10:26:18.103 [main] INFO  edu.bjut.homo.myMain - meter_3917162477856238577:6600,33900
BruceChen 10:26:18.103 [main] INFO  edu.bjut.homo.myMain - meter_7473719909942964015:reg,reg_response
BruceChen 10:26:18.103 [main] INFO  edu.bjut.homo.myMain - meter_7473719909942964015:6900,41000
BruceChen 10:26:18.103 [main] INFO  edu.bjut.homo.myMain - meter_19629618939687961:reg,reg_response
BruceChen 10:26:18.103 [main] INFO  edu.bjut.homo.myMain - meter_19629618939687961:6900,31100
BruceChen 10:26:18.103 [main] INFO  edu.bjut.homo.myMain - meter_4318793457388119431:reg,reg_response
BruceChen 10:26:18.103 [main] INFO  edu.bjut.homo.myMain - meter_4318793457388119431:8400,30500
BruceChen 10:26:18.103 [main] INFO  edu.bjut.homo.myMain - meter_762236025301395571:reg,reg_response
BruceChen 10:26:18.103 [main] INFO  edu.bjut.homo.myMain - meter_762236025301395571:6400,41700
BruceChen 10:26:18.103 [main] INFO  edu.bjut.homo.myMain - meter_7153388822530509253:reg,reg_response
BruceChen 10:26:18.103 [main] INFO  edu.bjut.homo.myMain - meter_7153388822530509253:6000,28200
BruceChen 10:26:18.103 [main] INFO  edu.bjut.homo.myMain - meter_6805650647042432457:reg,reg_response
BruceChen 10:26:18.103 [main] INFO  edu.bjut.homo.myMain - meter_6805650647042432457:6200,27200
BruceChen 10:26:18.103 [main] INFO  edu.bjut.homo.myMain - meter_4913266228532727383:reg,reg_response
BruceChen 10:26:18.103 [main] INFO  edu.bjut.homo.myMain - meter_4913266228532727383:6000,27200
BruceChen 10:26:18.103 [main] INFO  edu.bjut.homo.myMain - meter_1429046761670823811:reg,reg_response
BruceChen 10:26:18.103 [main] INFO  edu.bjut.homo.myMain - meter_1429046761670823811:6000,30400
BruceChen 10:26:18.103 [main] INFO  edu.bjut.homo.myMain - meter_2041401744042963615:reg,reg_response
BruceChen 10:26:18.103 [main] INFO  edu.bjut.homo.myMain - meter_2041401744042963615:5900,27400
BruceChen 10:26:18.103 [main] INFO  edu.bjut.homo.myMain - meter_8261615611329768019:reg,reg_response
BruceChen 10:26:18.103 [main] INFO  edu.bjut.homo.myMain - meter_8261615611329768019:6000,29000
BruceChen 10:26:18.103 [main] INFO  edu.bjut.homo.myMain - meter_4705339654236531535:reg,reg_response
BruceChen 10:26:18.103 [main] INFO  edu.bjut.homo.myMain - meter_4705339654236531535:6100,28700
BruceChen 10:26:18.103 [main] INFO  edu.bjut.homo.myMain - meter_5297803380614276109:reg,reg_response
BruceChen 10:26:18.103 [main] INFO  edu.bjut.homo.myMain - meter_5297803380614276109:6200,60400
BruceChen 10:26:18.103 [main] INFO  edu.bjut.homo.myMain - meter_8319511243371281657:reg,reg_response
BruceChen 10:26:18.103 [main] INFO  edu.bjut.homo.myMain - meter_8319511243371281657:6200,26600
BruceChen 10:26:18.103 [main] INFO  edu.bjut.homo.myMain - meter_4287835870179956057:reg,reg_response
BruceChen 10:26:18.103 [main] INFO  edu.bjut.homo.myMain - meter_4287835870179956057:5900,26000
BruceChen 10:26:18.103 [main] INFO  edu.bjut.homo.myMain - meter_7465588005109047315:reg,reg_response
BruceChen 10:26:18.103 [main] INFO  edu.bjut.homo.myMain - meter_7465588005109047315:5800,32400
BruceChen 10:26:18.103 [main] INFO  edu.bjut.homo.myMain - meter_1366851211772636893:reg,reg_response
BruceChen 10:26:18.103 [main] INFO  edu.bjut.homo.myMain - meter_1366851211772636893:8900,26100
BruceChen 10:26:18.103 [main] INFO  edu.bjut.homo.myMain - meter_95706759630487057:reg,reg_response
BruceChen 10:26:18.103 [main] INFO  edu.bjut.homo.myMain - meter_95706759630487057:6000,33900
BruceChen 10:26:18.103 [main] INFO  edu.bjut.homo.myMain - oneTimeMeterRepTime
BruceChen 10:26:18.853 [main] INFO  edu.bjut.homo.myMain - agg:resp_agg
BruceChen 10:26:18.853 [main] INFO  edu.bjut.homo.myMain - agg:248656400
BruceChen 10:26:18.853 [main] INFO  edu.bjut.homo.myMain - server:report_res
BruceChen 10:26:18.853 [main] INFO  edu.bjut.homo.myMain - server:14410800
BruceChen 10:26:18.853 [main] INFO  edu.bjut.homo.myMain - meter_3254933142926839483:report
BruceChen 10:26:18.853 [main] INFO  edu.bjut.homo.myMain - meter_3254933142926839483:10379600
BruceChen 10:26:18.853 [main] INFO  edu.bjut.homo.myMain - meter_7981631447307323365:report
BruceChen 10:26:18.853 [main] INFO  edu.bjut.homo.myMain - meter_7981631447307323365:9661100
BruceChen 10:26:18.853 [main] INFO  edu.bjut.homo.myMain - meter_3771792427981681155:report
BruceChen 10:26:18.853 [main] INFO  edu.bjut.homo.myMain - meter_3771792427981681155:9813500
BruceChen 10:26:18.853 [main] INFO  edu.bjut.homo.myMain - meter_9148677784035164143:report
BruceChen 10:26:18.853 [main] INFO  edu.bjut.homo.myMain - meter_9148677784035164143:9782400
BruceChen 10:26:18.853 [main] INFO  edu.bjut.homo.myMain - meter_7130281665179549269:report
BruceChen 10:26:18.853 [main] INFO  edu.bjut.homo.myMain - meter_7130281665179549269:9969900
BruceChen 10:26:18.853 [main] INFO  edu.bjut.homo.myMain - meter_3934711182229622561:report
BruceChen 10:26:18.853 [main] INFO  edu.bjut.homo.myMain - meter_3934711182229622561:10051300
BruceChen 10:26:18.853 [main] INFO  edu.bjut.homo.myMain - meter_6533516912860479837:report
BruceChen 10:26:18.853 [main] INFO  edu.bjut.homo.myMain - meter_6533516912860479837:9985700
BruceChen 10:26:18.853 [main] INFO  edu.bjut.homo.myMain - meter_3469626121990261039:report
BruceChen 10:26:18.853 [main] INFO  edu.bjut.homo.myMain - meter_3469626121990261039:9737900
BruceChen 10:26:18.853 [main] INFO  edu.bjut.homo.myMain - meter_7025902079083497709:report
BruceChen 10:26:18.853 [main] INFO  edu.bjut.homo.myMain - meter_7025902079083497709:9806300
BruceChen 10:26:18.853 [main] INFO  edu.bjut.homo.myMain - meter_2780912523933768895:report
BruceChen 10:26:18.853 [main] INFO  edu.bjut.homo.myMain - meter_2780912523933768895:9946800
BruceChen 10:26:18.853 [main] INFO  edu.bjut.homo.myMain - meter_3912688049968638621:report
BruceChen 10:26:18.853 [main] INFO  edu.bjut.homo.myMain - meter_3912688049968638621:9721800
BruceChen 10:26:18.853 [main] INFO  edu.bjut.homo.myMain - meter_6819059534172247071:report
BruceChen 10:26:18.853 [main] INFO  edu.bjut.homo.myMain - meter_6819059534172247071:9781700
BruceChen 10:26:18.853 [main] INFO  edu.bjut.homo.myMain - meter_915295304941978551:report
BruceChen 10:26:18.853 [main] INFO  edu.bjut.homo.myMain - meter_915295304941978551:9648800
BruceChen 10:26:18.853 [main] INFO  edu.bjut.homo.myMain - meter_8344628902625090693:report
BruceChen 10:26:18.853 [main] INFO  edu.bjut.homo.myMain - meter_8344628902625090693:9657600
BruceChen 10:26:18.853 [main] INFO  edu.bjut.homo.myMain - meter_61372066663032569:report
BruceChen 10:26:18.853 [main] INFO  edu.bjut.homo.myMain - meter_61372066663032569:9768800
BruceChen 10:26:18.853 [main] INFO  edu.bjut.homo.myMain - meter_6631948131757514219:report
BruceChen 10:26:18.853 [main] INFO  edu.bjut.homo.myMain - meter_6631948131757514219:9670900
BruceChen 10:26:18.853 [main] INFO  edu.bjut.homo.myMain - meter_2749956031942266087:report
BruceChen 10:26:18.853 [main] INFO  edu.bjut.homo.myMain - meter_2749956031942266087:9666200
BruceChen 10:26:18.853 [main] INFO  edu.bjut.homo.myMain - meter_4567066959352512835:report
BruceChen 10:26:18.853 [main] INFO  edu.bjut.homo.myMain - meter_4567066959352512835:9756200
BruceChen 10:26:18.853 [main] INFO  edu.bjut.homo.myMain - meter_4251320929489065763:report
BruceChen 10:26:18.853 [main] INFO  edu.bjut.homo.myMain - meter_4251320929489065763:9954200
BruceChen 10:26:18.853 [main] INFO  edu.bjut.homo.myMain - meter_622705899086223693:report
BruceChen 10:26:18.853 [main] INFO  edu.bjut.homo.myMain - meter_622705899086223693:9576800
BruceChen 10:26:18.853 [main] INFO  edu.bjut.homo.myMain - meter_5766154912673395051:report
BruceChen 10:26:18.853 [main] INFO  edu.bjut.homo.myMain - meter_5766154912673395051:9645500
BruceChen 10:26:18.853 [main] INFO  edu.bjut.homo.myMain - meter_927446760723797751:report
BruceChen 10:26:18.853 [main] INFO  edu.bjut.homo.myMain - meter_927446760723797751:9594900
BruceChen 10:26:18.853 [main] INFO  edu.bjut.homo.myMain - meter_8759197169396832863:report
BruceChen 10:26:18.853 [main] INFO  edu.bjut.homo.myMain - meter_8759197169396832863:9718600
BruceChen 10:26:18.853 [main] INFO  edu.bjut.homo.myMain - meter_8488458950991835375:report
BruceChen 10:26:18.853 [main] INFO  edu.bjut.homo.myMain - meter_8488458950991835375:9642300
BruceChen 10:26:18.853 [main] INFO  edu.bjut.homo.myMain - meter_6521366556573511807:report
BruceChen 10:26:18.853 [main] INFO  edu.bjut.homo.myMain - meter_6521366556573511807:9590400
BruceChen 10:26:18.853 [main] INFO  edu.bjut.homo.myMain - meter_1794667148386498275:report
BruceChen 10:26:18.853 [main] INFO  edu.bjut.homo.myMain - meter_1794667148386498275:9613200
BruceChen 10:26:18.853 [main] INFO  edu.bjut.homo.myMain - meter_2846203708909503961:report
BruceChen 10:26:18.853 [main] INFO  edu.bjut.homo.myMain - meter_2846203708909503961:9716700
BruceChen 10:26:18.853 [main] INFO  edu.bjut.homo.myMain - meter_7169732127450243517:report
BruceChen 10:26:18.853 [main] INFO  edu.bjut.homo.myMain - meter_7169732127450243517:9641600
BruceChen 10:26:18.853 [main] INFO  edu.bjut.homo.myMain - meter_4583691747838825549:report
BruceChen 10:26:18.853 [main] INFO  edu.bjut.homo.myMain - meter_4583691747838825549:9652000
BruceChen 10:26:18.853 [main] INFO  edu.bjut.homo.myMain - meter_6201036560082818171:report
BruceChen 10:26:18.853 [main] INFO  edu.bjut.homo.myMain - meter_6201036560082818171:9715000
BruceChen 10:26:18.853 [main] INFO  edu.bjut.homo.myMain - meter_4034509366902422113:report
BruceChen 10:26:18.853 [main] INFO  edu.bjut.homo.myMain - meter_4034509366902422113:9745800
BruceChen 10:26:18.853 [main] INFO  edu.bjut.homo.myMain - meter_9107406944774797563:report
BruceChen 10:26:18.853 [main] INFO  edu.bjut.homo.myMain - meter_9107406944774797563:9681900
BruceChen 10:26:18.853 [main] INFO  edu.bjut.homo.myMain - meter_3917162477856238577:report
BruceChen 10:26:18.853 [main] INFO  edu.bjut.homo.myMain - meter_3917162477856238577:9659300
BruceChen 10:26:18.853 [main] INFO  edu.bjut.homo.myMain - meter_7473719909942964015:report
BruceChen 10:26:18.853 [main] INFO  edu.bjut.homo.myMain - meter_7473719909942964015:9670300
BruceChen 10:26:18.853 [main] INFO  edu.bjut.homo.myMain - meter_19629618939687961:report
BruceChen 10:26:18.853 [main] INFO  edu.bjut.homo.myMain - meter_19629618939687961:9657300
BruceChen 10:26:18.853 [main] INFO  edu.bjut.homo.myMain - meter_4318793457388119431:report
BruceChen 10:26:18.853 [main] INFO  edu.bjut.homo.myMain - meter_4318793457388119431:9737000
BruceChen 10:26:18.853 [main] INFO  edu.bjut.homo.myMain - meter_762236025301395571:report
BruceChen 10:26:18.853 [main] INFO  edu.bjut.homo.myMain - meter_762236025301395571:12315700
BruceChen 10:26:18.853 [main] INFO  edu.bjut.homo.myMain - meter_7153388822530509253:report
BruceChen 10:26:18.853 [main] INFO  edu.bjut.homo.myMain - meter_7153388822530509253:9685700
BruceChen 10:26:18.853 [main] INFO  edu.bjut.homo.myMain - meter_6805650647042432457:report
BruceChen 10:26:18.853 [main] INFO  edu.bjut.homo.myMain - meter_6805650647042432457:9700400
BruceChen 10:26:18.853 [main] INFO  edu.bjut.homo.myMain - meter_4913266228532727383:report
BruceChen 10:26:18.853 [main] INFO  edu.bjut.homo.myMain - meter_4913266228532727383:9739200
BruceChen 10:26:18.853 [main] INFO  edu.bjut.homo.myMain - meter_1429046761670823811:report
BruceChen 10:26:18.853 [main] INFO  edu.bjut.homo.myMain - meter_1429046761670823811:9704200
BruceChen 10:26:18.853 [main] INFO  edu.bjut.homo.myMain - meter_2041401744042963615:report
BruceChen 10:26:18.853 [main] INFO  edu.bjut.homo.myMain - meter_2041401744042963615:9725600
BruceChen 10:26:18.853 [main] INFO  edu.bjut.homo.myMain - meter_8261615611329768019:report
BruceChen 10:26:18.853 [main] INFO  edu.bjut.homo.myMain - meter_8261615611329768019:9662100
BruceChen 10:26:18.853 [main] INFO  edu.bjut.homo.myMain - meter_4705339654236531535:report
BruceChen 10:26:18.853 [main] INFO  edu.bjut.homo.myMain - meter_4705339654236531535:9766900
BruceChen 10:26:18.853 [main] INFO  edu.bjut.homo.myMain - meter_5297803380614276109:report
BruceChen 10:26:18.853 [main] INFO  edu.bjut.homo.myMain - meter_5297803380614276109:9684300
BruceChen 10:26:18.853 [main] INFO  edu.bjut.homo.myMain - meter_8319511243371281657:report
BruceChen 10:26:18.853 [main] INFO  edu.bjut.homo.myMain - meter_8319511243371281657:9618300
BruceChen 10:26:18.853 [main] INFO  edu.bjut.homo.myMain - meter_4287835870179956057:report
BruceChen 10:26:18.853 [main] INFO  edu.bjut.homo.myMain - meter_4287835870179956057:9624300
BruceChen 10:26:18.853 [main] INFO  edu.bjut.homo.myMain - meter_7465588005109047315:report
BruceChen 10:26:18.853 [main] INFO  edu.bjut.homo.myMain - meter_7465588005109047315:9728900
BruceChen 10:26:18.853 [main] INFO  edu.bjut.homo.myMain - meter_1366851211772636893:report
BruceChen 10:26:18.853 [main] INFO  edu.bjut.homo.myMain - meter_1366851211772636893:9721300
BruceChen 10:26:18.853 [main] INFO  edu.bjut.homo.myMain - meter_95706759630487057:report
BruceChen 10:26:18.853 [main] INFO  edu.bjut.homo.myMain - meter_95706759630487057:9629300
BruceChen 10:26:21.839 [main] INFO  edu.bjut.homo.myMain - meterRegTime
BruceChen 10:26:22.112 [main] INFO  edu.bjut.homo.myMain - kgc:reg_response,reg_response,reg_response,reg_response,reg_response,reg_response,reg_response,reg_response,reg_response,reg_response,reg_response,reg_response,reg_response,reg_response,reg_response,reg_response,reg_response,reg_response,reg_response,reg_response,reg_response,reg_response,reg_response,reg_response,reg_response,reg_response,reg_response,reg_response,reg_response,reg_response,reg_response,reg_response,reg_response,reg_response,reg_response,reg_response,reg_response,reg_response,reg_response,reg_response
BruceChen 10:26:22.112 [main] INFO  edu.bjut.homo.myMain - kgc:7109600,7257400,7056600,7022700,7046100,7081100,7099000,7262900,7159900,7210800,7025800,7116200,7192400,7213800,7047500,7060300,7134300,7186100,7054300,7215100,7326700,7065000,7105800,7034600,7144900,7119600,7039600,6998800,7147400,7028500,7036900,7016300,7033000,7031400,7114900,7233000,7033700,7226800,7053400,7182500
BruceChen 10:26:22.112 [main] INFO  edu.bjut.homo.myMain - meter_5506948829113628439:reg,reg_response
BruceChen 10:26:22.112 [main] INFO  edu.bjut.homo.myMain - meter_5506948829113628439:29200,25800
BruceChen 10:26:22.112 [main] INFO  edu.bjut.homo.myMain - meter_5725017823031491257:reg,reg_response
BruceChen 10:26:22.112 [main] INFO  edu.bjut.homo.myMain - meter_5725017823031491257:6300,21400
BruceChen 10:26:22.112 [main] INFO  edu.bjut.homo.myMain - meter_8081417248152373769:reg,reg_response
BruceChen 10:26:22.112 [main] INFO  edu.bjut.homo.myMain - meter_8081417248152373769:6000,23700
BruceChen 10:26:22.112 [main] INFO  edu.bjut.homo.myMain - meter_751303443722799373:reg,reg_response
BruceChen 10:26:22.112 [main] INFO  edu.bjut.homo.myMain - meter_751303443722799373:6300,20800
BruceChen 10:26:22.112 [main] INFO  edu.bjut.homo.myMain - meter_3122035676138689659:reg,reg_response
BruceChen 10:26:22.112 [main] INFO  edu.bjut.homo.myMain - meter_3122035676138689659:8400,22800
BruceChen 10:26:22.112 [main] INFO  edu.bjut.homo.myMain - meter_6750368123480101237:reg,reg_response
BruceChen 10:26:22.112 [main] INFO  edu.bjut.homo.myMain - meter_6750368123480101237:6000,21500
BruceChen 10:26:22.112 [main] INFO  edu.bjut.homo.myMain - meter_1533169087963881917:reg,reg_response
BruceChen 10:26:22.112 [main] INFO  edu.bjut.homo.myMain - meter_1533169087963881917:6000,34000
BruceChen 10:26:22.112 [main] INFO  edu.bjut.homo.myMain - meter_3843997747377989891:reg,reg_response
BruceChen 10:26:22.112 [main] INFO  edu.bjut.homo.myMain - meter_3843997747377989891:6500,40200
BruceChen 10:26:22.112 [main] INFO  edu.bjut.homo.myMain - meter_5422851512745104481:reg,reg_response
BruceChen 10:26:22.112 [main] INFO  edu.bjut.homo.myMain - meter_5422851512745104481:6100,21300
BruceChen 10:26:22.112 [main] INFO  edu.bjut.homo.myMain - meter_172385407419611313:reg,reg_response
BruceChen 10:26:22.112 [main] INFO  edu.bjut.homo.myMain - meter_172385407419611313:6000,21000
BruceChen 10:26:22.112 [main] INFO  edu.bjut.homo.myMain - meter_7094592390280792409:reg,reg_response
BruceChen 10:26:22.112 [main] INFO  edu.bjut.homo.myMain - meter_7094592390280792409:5500,20200
BruceChen 10:26:22.112 [main] INFO  edu.bjut.homo.myMain - meter_2157641492337080657:reg,reg_response
BruceChen 10:26:22.112 [main] INFO  edu.bjut.homo.myMain - meter_2157641492337080657:5800,22900
BruceChen 10:26:22.112 [main] INFO  edu.bjut.homo.myMain - meter_2641395881058041905:reg,reg_response
BruceChen 10:26:22.112 [main] INFO  edu.bjut.homo.myMain - meter_2641395881058041905:5800,21900
BruceChen 10:26:22.112 [main] INFO  edu.bjut.homo.myMain - meter_3356729445657963351:reg,reg_response
BruceChen 10:26:22.112 [main] INFO  edu.bjut.homo.myMain - meter_3356729445657963351:5500,30400
BruceChen 10:26:22.112 [main] INFO  edu.bjut.homo.myMain - meter_5475990142410680177:reg,reg_response
BruceChen 10:26:22.112 [main] INFO  edu.bjut.homo.myMain - meter_5475990142410680177:5800,32700
BruceChen 10:26:22.112 [main] INFO  edu.bjut.homo.myMain - meter_6205657613817174603:reg,reg_response
BruceChen 10:26:22.112 [main] INFO  edu.bjut.homo.myMain - meter_6205657613817174603:7600,33000
BruceChen 10:26:22.112 [main] INFO  edu.bjut.homo.myMain - meter_1068084027707811437:reg,reg_response
BruceChen 10:26:22.112 [main] INFO  edu.bjut.homo.myMain - meter_1068084027707811437:5900,22200
BruceChen 10:26:22.112 [main] INFO  edu.bjut.homo.myMain - meter_3819224517391970767:reg,reg_response
BruceChen 10:26:22.112 [main] INFO  edu.bjut.homo.myMain - meter_3819224517391970767:6100,27700
BruceChen 10:26:22.112 [main] INFO  edu.bjut.homo.myMain - meter_8164591748128745601:reg,reg_response
BruceChen 10:26:22.112 [main] INFO  edu.bjut.homo.myMain - meter_8164591748128745601:5700,29000
BruceChen 10:26:22.112 [main] INFO  edu.bjut.homo.myMain - meter_6725595993005708815:reg,reg_response
BruceChen 10:26:22.112 [main] INFO  edu.bjut.homo.myMain - meter_6725595993005708815:6200,19000
BruceChen 10:26:22.112 [main] INFO  edu.bjut.homo.myMain - meter_6226916935099028991:reg,reg_response
BruceChen 10:26:22.112 [main] INFO  edu.bjut.homo.myMain - meter_6226916935099028991:5700,21100
BruceChen 10:26:22.112 [main] INFO  edu.bjut.homo.myMain - meter_6423428591797565105:reg,reg_response
BruceChen 10:26:22.112 [main] INFO  edu.bjut.homo.myMain - meter_6423428591797565105:7400,20000
BruceChen 10:26:22.112 [main] INFO  edu.bjut.homo.myMain - meter_2009039004440232747:reg,reg_response
BruceChen 10:26:22.112 [main] INFO  edu.bjut.homo.myMain - meter_2009039004440232747:6200,21000
BruceChen 10:26:22.112 [main] INFO  edu.bjut.homo.myMain - meter_1547799902606424389:reg,reg_response
BruceChen 10:26:22.112 [main] INFO  edu.bjut.homo.myMain - meter_1547799902606424389:6600,20400
BruceChen 10:26:22.112 [main] INFO  edu.bjut.homo.myMain - meter_6663680814294481779:reg,reg_response
BruceChen 10:26:22.112 [main] INFO  edu.bjut.homo.myMain - meter_6663680814294481779:6000,21200
BruceChen 10:26:22.112 [main] INFO  edu.bjut.homo.myMain - meter_4843353994117537827:reg,reg_response
BruceChen 10:26:22.112 [main] INFO  edu.bjut.homo.myMain - meter_4843353994117537827:6400,19600
BruceChen 10:26:22.112 [main] INFO  edu.bjut.homo.myMain - meter_8310603139418811095:reg,reg_response
BruceChen 10:26:22.112 [main] INFO  edu.bjut.homo.myMain - meter_8310603139418811095:5500,19300
BruceChen 10:26:22.112 [main] INFO  edu.bjut.homo.myMain - meter_6157151322235693613:reg,reg_response
BruceChen 10:26:22.112 [main] INFO  edu.bjut.homo.myMain - meter_6157151322235693613:5600,32900
BruceChen 10:26:22.112 [main] INFO  edu.bjut.homo.myMain - meter_379669536510482267:reg,reg_response
BruceChen 10:26:22.112 [main] INFO  edu.bjut.homo.myMain - meter_379669536510482267:5800,23300
BruceChen 10:26:22.112 [main] INFO  edu.bjut.homo.myMain - meter_6532001126509605761:reg,reg_response
BruceChen 10:26:22.112 [main] INFO  edu.bjut.homo.myMain - meter_6532001126509605761:5600,18800
BruceChen 10:26:22.112 [main] INFO  edu.bjut.homo.myMain - meter_1558286747200914517:reg,reg_response
BruceChen 10:26:22.112 [main] INFO  edu.bjut.homo.myMain - meter_1558286747200914517:5800,21700
BruceChen 10:26:22.112 [main] INFO  edu.bjut.homo.myMain - meter_1704579617762591203:reg,reg_response
BruceChen 10:26:22.112 [main] INFO  edu.bjut.homo.myMain - meter_1704579617762591203:5800,28900
BruceChen 10:26:22.112 [main] INFO  edu.bjut.homo.myMain - meter_4787576750708201367:reg,reg_response
BruceChen 10:26:22.112 [main] INFO  edu.bjut.homo.myMain - meter_4787576750708201367:6500,19000
BruceChen 10:26:22.112 [main] INFO  edu.bjut.homo.myMain - meter_172087395777109847:reg,reg_response
BruceChen 10:26:22.112 [main] INFO  edu.bjut.homo.myMain - meter_172087395777109847:5300,18700
BruceChen 10:26:22.112 [main] INFO  edu.bjut.homo.myMain - meter_3456527634625731853:reg,reg_response
BruceChen 10:26:22.112 [main] INFO  edu.bjut.homo.myMain - meter_3456527634625731853:5400,19500
BruceChen 10:26:22.112 [main] INFO  edu.bjut.homo.myMain - meter_223233151110543913:reg,reg_response
BruceChen 10:26:22.112 [main] INFO  edu.bjut.homo.myMain - meter_223233151110543913:5800,20500
BruceChen 10:26:22.112 [main] INFO  edu.bjut.homo.myMain - meter_7772189086660251919:reg,reg_response
BruceChen 10:26:22.112 [main] INFO  edu.bjut.homo.myMain - meter_7772189086660251919:6100,19000
BruceChen 10:26:22.112 [main] INFO  edu.bjut.homo.myMain - meter_3580340351592645337:reg,reg_response
BruceChen 10:26:22.112 [main] INFO  edu.bjut.homo.myMain - meter_3580340351592645337:5900,31600
BruceChen 10:26:22.112 [main] INFO  edu.bjut.homo.myMain - meter_525680932095451045:reg,reg_response
BruceChen 10:26:22.112 [main] INFO  edu.bjut.homo.myMain - meter_525680932095451045:5900,19300
BruceChen 10:26:22.112 [main] INFO  edu.bjut.homo.myMain - meter_1340217757578085233:reg,reg_response
BruceChen 10:26:22.112 [main] INFO  edu.bjut.homo.myMain - meter_1340217757578085233:5700,20900
BruceChen 10:26:22.128 [main] INFO  edu.bjut.homo.myMain - oneTimeMeterRepTime
BruceChen 10:26:22.729 [main] INFO  edu.bjut.homo.myMain - agg:resp_agg
BruceChen 10:26:22.729 [main] INFO  edu.bjut.homo.myMain - agg:199364400
BruceChen 10:26:22.729 [main] INFO  edu.bjut.homo.myMain - server:report_res
BruceChen 10:26:22.729 [main] INFO  edu.bjut.homo.myMain - server:14766000
BruceChen 10:26:22.729 [main] INFO  edu.bjut.homo.myMain - meter_5506948829113628439:report
BruceChen 10:26:22.729 [main] INFO  edu.bjut.homo.myMain - meter_5506948829113628439:9759800
BruceChen 10:26:22.729 [main] INFO  edu.bjut.homo.myMain - meter_5725017823031491257:report
BruceChen 10:26:22.729 [main] INFO  edu.bjut.homo.myMain - meter_5725017823031491257:9645300
BruceChen 10:26:22.729 [main] INFO  edu.bjut.homo.myMain - meter_8081417248152373769:report
BruceChen 10:26:22.729 [main] INFO  edu.bjut.homo.myMain - meter_8081417248152373769:9613200
BruceChen 10:26:22.729 [main] INFO  edu.bjut.homo.myMain - meter_751303443722799373:report
BruceChen 10:26:22.729 [main] INFO  edu.bjut.homo.myMain - meter_751303443722799373:9758600
BruceChen 10:26:22.729 [main] INFO  edu.bjut.homo.myMain - meter_3122035676138689659:report
BruceChen 10:26:22.729 [main] INFO  edu.bjut.homo.myMain - meter_3122035676138689659:9655200
BruceChen 10:26:22.729 [main] INFO  edu.bjut.homo.myMain - meter_6750368123480101237:report
BruceChen 10:26:22.729 [main] INFO  edu.bjut.homo.myMain - meter_6750368123480101237:9698400
BruceChen 10:26:22.729 [main] INFO  edu.bjut.homo.myMain - meter_1533169087963881917:report
BruceChen 10:26:22.729 [main] INFO  edu.bjut.homo.myMain - meter_1533169087963881917:9653600
BruceChen 10:26:22.729 [main] INFO  edu.bjut.homo.myMain - meter_3843997747377989891:report
BruceChen 10:26:22.729 [main] INFO  edu.bjut.homo.myMain - meter_3843997747377989891:9636200
BruceChen 10:26:22.729 [main] INFO  edu.bjut.homo.myMain - meter_5422851512745104481:report
BruceChen 10:26:22.729 [main] INFO  edu.bjut.homo.myMain - meter_5422851512745104481:9624400
BruceChen 10:26:22.729 [main] INFO  edu.bjut.homo.myMain - meter_172385407419611313:report
BruceChen 10:26:22.729 [main] INFO  edu.bjut.homo.myMain - meter_172385407419611313:9629500
BruceChen 10:26:22.729 [main] INFO  edu.bjut.homo.myMain - meter_7094592390280792409:report
BruceChen 10:26:22.729 [main] INFO  edu.bjut.homo.myMain - meter_7094592390280792409:9609800
BruceChen 10:26:22.729 [main] INFO  edu.bjut.homo.myMain - meter_2157641492337080657:report
BruceChen 10:26:22.729 [main] INFO  edu.bjut.homo.myMain - meter_2157641492337080657:9635500
BruceChen 10:26:22.729 [main] INFO  edu.bjut.homo.myMain - meter_2641395881058041905:report
BruceChen 10:26:22.729 [main] INFO  edu.bjut.homo.myMain - meter_2641395881058041905:9693500
BruceChen 10:26:22.729 [main] INFO  edu.bjut.homo.myMain - meter_3356729445657963351:report
BruceChen 10:26:22.729 [main] INFO  edu.bjut.homo.myMain - meter_3356729445657963351:9589900
BruceChen 10:26:22.729 [main] INFO  edu.bjut.homo.myMain - meter_5475990142410680177:report
BruceChen 10:26:22.729 [main] INFO  edu.bjut.homo.myMain - meter_5475990142410680177:9907200
BruceChen 10:26:22.729 [main] INFO  edu.bjut.homo.myMain - meter_6205657613817174603:report
BruceChen 10:26:22.729 [main] INFO  edu.bjut.homo.myMain - meter_6205657613817174603:9579300
BruceChen 10:26:22.729 [main] INFO  edu.bjut.homo.myMain - meter_1068084027707811437:report
BruceChen 10:26:22.729 [main] INFO  edu.bjut.homo.myMain - meter_1068084027707811437:9689400
BruceChen 10:26:22.729 [main] INFO  edu.bjut.homo.myMain - meter_3819224517391970767:report
BruceChen 10:26:22.729 [main] INFO  edu.bjut.homo.myMain - meter_3819224517391970767:9661300
BruceChen 10:26:22.729 [main] INFO  edu.bjut.homo.myMain - meter_8164591748128745601:report
BruceChen 10:26:22.729 [main] INFO  edu.bjut.homo.myMain - meter_8164591748128745601:9693400
BruceChen 10:26:22.729 [main] INFO  edu.bjut.homo.myMain - meter_6725595993005708815:report
BruceChen 10:26:22.729 [main] INFO  edu.bjut.homo.myMain - meter_6725595993005708815:12433600
BruceChen 10:26:22.729 [main] INFO  edu.bjut.homo.myMain - meter_6226916935099028991:report
BruceChen 10:26:22.729 [main] INFO  edu.bjut.homo.myMain - meter_6226916935099028991:9614400
BruceChen 10:26:22.729 [main] INFO  edu.bjut.homo.myMain - meter_6423428591797565105:report
BruceChen 10:26:22.729 [main] INFO  edu.bjut.homo.myMain - meter_6423428591797565105:9628900
BruceChen 10:26:22.729 [main] INFO  edu.bjut.homo.myMain - meter_2009039004440232747:report
BruceChen 10:26:22.729 [main] INFO  edu.bjut.homo.myMain - meter_2009039004440232747:9672900
BruceChen 10:26:22.729 [main] INFO  edu.bjut.homo.myMain - meter_1547799902606424389:report
BruceChen 10:26:22.729 [main] INFO  edu.bjut.homo.myMain - meter_1547799902606424389:9610600
BruceChen 10:26:22.729 [main] INFO  edu.bjut.homo.myMain - meter_6663680814294481779:report
BruceChen 10:26:22.729 [main] INFO  edu.bjut.homo.myMain - meter_6663680814294481779:9620300
BruceChen 10:26:22.729 [main] INFO  edu.bjut.homo.myMain - meter_4843353994117537827:report
BruceChen 10:26:22.729 [main] INFO  edu.bjut.homo.myMain - meter_4843353994117537827:9612900
BruceChen 10:26:22.729 [main] INFO  edu.bjut.homo.myMain - meter_8310603139418811095:report
BruceChen 10:26:22.729 [main] INFO  edu.bjut.homo.myMain - meter_8310603139418811095:9622500
BruceChen 10:26:22.729 [main] INFO  edu.bjut.homo.myMain - meter_6157151322235693613:report
BruceChen 10:26:22.729 [main] INFO  edu.bjut.homo.myMain - meter_6157151322235693613:9618300
BruceChen 10:26:22.729 [main] INFO  edu.bjut.homo.myMain - meter_379669536510482267:report
BruceChen 10:26:22.729 [main] INFO  edu.bjut.homo.myMain - meter_379669536510482267:9617300
BruceChen 10:26:22.729 [main] INFO  edu.bjut.homo.myMain - meter_6532001126509605761:report
BruceChen 10:26:22.729 [main] INFO  edu.bjut.homo.myMain - meter_6532001126509605761:9583200
BruceChen 10:26:22.729 [main] INFO  edu.bjut.homo.myMain - meter_1558286747200914517:report
BruceChen 10:26:22.729 [main] INFO  edu.bjut.homo.myMain - meter_1558286747200914517:9673200
BruceChen 10:26:22.729 [main] INFO  edu.bjut.homo.myMain - meter_1704579617762591203:report
BruceChen 10:26:22.729 [main] INFO  edu.bjut.homo.myMain - meter_1704579617762591203:9642100
BruceChen 10:26:22.729 [main] INFO  edu.bjut.homo.myMain - meter_4787576750708201367:report
BruceChen 10:26:22.729 [main] INFO  edu.bjut.homo.myMain - meter_4787576750708201367:9678700
BruceChen 10:26:22.729 [main] INFO  edu.bjut.homo.myMain - meter_172087395777109847:report
BruceChen 10:26:22.729 [main] INFO  edu.bjut.homo.myMain - meter_172087395777109847:9610300
BruceChen 10:26:22.729 [main] INFO  edu.bjut.homo.myMain - meter_3456527634625731853:report
BruceChen 10:26:22.729 [main] INFO  edu.bjut.homo.myMain - meter_3456527634625731853:9621900
BruceChen 10:26:22.729 [main] INFO  edu.bjut.homo.myMain - meter_223233151110543913:report
BruceChen 10:26:22.729 [main] INFO  edu.bjut.homo.myMain - meter_223233151110543913:9666900
BruceChen 10:26:22.729 [main] INFO  edu.bjut.homo.myMain - meter_7772189086660251919:report
BruceChen 10:26:22.729 [main] INFO  edu.bjut.homo.myMain - meter_7772189086660251919:9585200
BruceChen 10:26:22.729 [main] INFO  edu.bjut.homo.myMain - meter_3580340351592645337:report
BruceChen 10:26:22.729 [main] INFO  edu.bjut.homo.myMain - meter_3580340351592645337:9771000
BruceChen 10:26:22.729 [main] INFO  edu.bjut.homo.myMain - meter_525680932095451045:report
BruceChen 10:26:22.729 [main] INFO  edu.bjut.homo.myMain - meter_525680932095451045:9646200
BruceChen 10:26:22.729 [main] INFO  edu.bjut.homo.myMain - meter_1340217757578085233:report
BruceChen 10:26:22.729 [main] INFO  edu.bjut.homo.myMain - meter_1340217757578085233:9597700
BruceChen 10:26:24.792 [main] INFO  edu.bjut.homo.myMain - meterRegTime
BruceChen 10:26:25.014 [main] INFO  edu.bjut.homo.myMain - kgc:reg_response,reg_response,reg_response,reg_response,reg_response,reg_response,reg_response,reg_response,reg_response,reg_response,reg_response,reg_response,reg_response,reg_response,reg_response,reg_response,reg_response,reg_response,reg_response,reg_response,reg_response,reg_response,reg_response,reg_response,reg_response,reg_response,reg_response,reg_response,reg_response,reg_response
BruceChen 10:26:25.014 [main] INFO  edu.bjut.homo.myMain - kgc:7369500,7148900,7054400,7088600,7047300,7066200,7043600,7207400,7421100,7039400,7134700,7105800,7093700,7040700,7035000,7125600,7075300,7049600,7083400,7068000,7134100,7280700,7199900,7036900,7052600,7112300,7044400,7026200,7025000,7040800
BruceChen 10:26:25.014 [main] INFO  edu.bjut.homo.myMain - meter_3398161502205958113:reg,reg_response
BruceChen 10:26:25.014 [main] INFO  edu.bjut.homo.myMain - meter_3398161502205958113:40800,35900
BruceChen 10:26:25.014 [main] INFO  edu.bjut.homo.myMain - meter_9058590253411321069:reg,reg_response
BruceChen 10:26:25.014 [main] INFO  edu.bjut.homo.myMain - meter_9058590253411321069:6200,26300
BruceChen 10:26:25.014 [main] INFO  edu.bjut.homo.myMain - meter_6283898465582392579:reg,reg_response
BruceChen 10:26:25.014 [main] INFO  edu.bjut.homo.myMain - meter_6283898465582392579:6100,19100
BruceChen 10:26:25.014 [main] INFO  edu.bjut.homo.myMain - meter_2795837193119425565:reg,reg_response
BruceChen 10:26:25.014 [main] INFO  edu.bjut.homo.myMain - meter_2795837193119425565:5500,44200
BruceChen 10:26:25.014 [main] INFO  edu.bjut.homo.myMain - meter_7672390897692484071:reg,reg_response
BruceChen 10:26:25.014 [main] INFO  edu.bjut.homo.myMain - meter_7672390897692484071:8400,25400
BruceChen 10:26:25.014 [main] INFO  edu.bjut.homo.myMain - meter_5512804198533890303:reg,reg_response
BruceChen 10:26:25.014 [main] INFO  edu.bjut.homo.myMain - meter_5512804198533890303:7400,19000
BruceChen 10:26:25.014 [main] INFO  edu.bjut.homo.myMain - meter_5432267208477910639:reg,reg_response
BruceChen 10:26:25.014 [main] INFO  edu.bjut.homo.myMain - meter_5432267208477910639:5300,18800
BruceChen 10:26:25.014 [main] INFO  edu.bjut.homo.myMain - meter_1875991251384674637:reg,reg_response
BruceChen 10:26:25.014 [main] INFO  edu.bjut.homo.myMain - meter_1875991251384674637:5000,18300
BruceChen 10:26:25.014 [main] INFO  edu.bjut.homo.myMain - meter_8215439491836453467:reg,reg_response
BruceChen 10:26:25.014 [main] INFO  edu.bjut.homo.myMain - meter_8215439491836453467:5000,18400
BruceChen 10:26:25.014 [main] INFO  edu.bjut.homo.myMain - meter_3647186979525323559:reg,reg_response
BruceChen 10:26:25.014 [main] INFO  edu.bjut.homo.myMain - meter_3647186979525323559:5000,18400
BruceChen 10:26:25.014 [main] INFO  edu.bjut.homo.myMain - meter_3200276527903911277:reg,reg_response
BruceChen 10:26:25.014 [main] INFO  edu.bjut.homo.myMain - meter_3200276527903911277:5300,18100
BruceChen 10:26:25.014 [main] INFO  edu.bjut.homo.myMain - meter_6831531017780582857:reg,reg_response
BruceChen 10:26:25.014 [main] INFO  edu.bjut.homo.myMain - meter_6831531017780582857:6300,17900
BruceChen 10:26:25.014 [main] INFO  edu.bjut.homo.myMain - meter_8912577758331504475:reg,reg_response
BruceChen 10:26:25.014 [main] INFO  edu.bjut.homo.myMain - meter_8912577758331504475:5200,18900
BruceChen 10:26:25.014 [main] INFO  edu.bjut.homo.myMain - meter_4965913798772014169:reg,reg_response
BruceChen 10:26:25.014 [main] INFO  edu.bjut.homo.myMain - meter_4965913798772014169:5600,18000
BruceChen 10:26:25.014 [main] INFO  edu.bjut.homo.myMain - meter_3317624512166820047:reg,reg_response
BruceChen 10:26:25.014 [main] INFO  edu.bjut.homo.myMain - meter_3317624512166820047:5200,20500
BruceChen 10:26:25.014 [main] INFO  edu.bjut.homo.myMain - meter_65806842222752267:reg,reg_response
BruceChen 10:26:25.014 [main] INFO  edu.bjut.homo.myMain - meter_65806842222752267:5200,20000
BruceChen 10:26:25.014 [main] INFO  edu.bjut.homo.myMain - meter_3900698902362653659:reg,reg_response
BruceChen 10:26:25.014 [main] INFO  edu.bjut.homo.myMain - meter_3900698902362653659:5200,18200
BruceChen 10:26:25.014 [main] INFO  edu.bjut.homo.myMain - meter_416479435500750727:reg,reg_response
BruceChen 10:26:25.014 [main] INFO  edu.bjut.homo.myMain - meter_416479435500750727:5400,20000
BruceChen 10:26:25.014 [main] INFO  edu.bjut.homo.myMain - meter_4984730852611932857:reg,reg_response
BruceChen 10:26:25.014 [main] INFO  edu.bjut.homo.myMain - meter_4984730852611932857:5400,21500
BruceChen 10:26:25.014 [main] INFO  edu.bjut.homo.myMain - meter_2701610944763644861:reg,reg_response
BruceChen 10:26:25.014 [main] INFO  edu.bjut.homo.myMain - meter_2701610944763644861:5500,18300
BruceChen 10:26:25.014 [main] INFO  edu.bjut.homo.myMain - meter_8672967976744944887:reg,reg_response
BruceChen 10:26:25.014 [main] INFO  edu.bjut.homo.myMain - meter_8672967976744944887:5200,17900
BruceChen 10:26:25.014 [main] INFO  edu.bjut.homo.myMain - meter_7776047428927109541:reg,reg_response
BruceChen 10:26:25.014 [main] INFO  edu.bjut.homo.myMain - meter_7776047428927109541:5400,18200
BruceChen 10:26:25.014 [main] INFO  edu.bjut.homo.myMain - meter_5349093807996454303:reg,reg_response
BruceChen 10:26:25.014 [main] INFO  edu.bjut.homo.myMain - meter_5349093807996454303:5400,18000
BruceChen 10:26:25.014 [main] INFO  edu.bjut.homo.myMain - meter_6504902981079926469:reg,reg_response
BruceChen 10:26:25.014 [main] INFO  edu.bjut.homo.myMain - meter_6504902981079926469:5300,17600
BruceChen 10:26:25.014 [main] INFO  edu.bjut.homo.myMain - meter_3020683514218023419:reg,reg_response
BruceChen 10:26:25.014 [main] INFO  edu.bjut.homo.myMain - meter_3020683514218023419:7600,18100
BruceChen 10:26:25.014 [main] INFO  edu.bjut.homo.myMain - meter_1538101632402058319:reg,reg_response
BruceChen 10:26:25.014 [main] INFO  edu.bjut.homo.myMain - meter_1538101632402058319:5300,18200
BruceChen 10:26:25.014 [main] INFO  edu.bjut.homo.myMain - meter_382012088131562017:reg,reg_response
BruceChen 10:26:25.014 [main] INFO  edu.bjut.homo.myMain - meter_382012088131562017:5500,17700
BruceChen 10:26:25.014 [main] INFO  edu.bjut.homo.myMain - meter_4505312985044142907:reg,reg_response
BruceChen 10:26:25.014 [main] INFO  edu.bjut.homo.myMain - meter_4505312985044142907:8500,18200
BruceChen 10:26:25.014 [main] INFO  edu.bjut.homo.myMain - meter_9082771617245214417:reg,reg_response
BruceChen 10:26:25.014 [main] INFO  edu.bjut.homo.myMain - meter_9082771617245214417:5200,17700
BruceChen 10:26:25.014 [main] INFO  edu.bjut.homo.myMain - meter_6442987798073796257:reg,reg_response
BruceChen 10:26:25.014 [main] INFO  edu.bjut.homo.myMain - meter_6442987798073796257:5500,17900
BruceChen 10:26:25.014 [main] INFO  edu.bjut.homo.myMain - oneTimeMeterRepTime
BruceChen 10:26:25.469 [main] INFO  edu.bjut.homo.myMain - agg:resp_agg
BruceChen 10:26:25.469 [main] INFO  edu.bjut.homo.myMain - agg:148938900
BruceChen 10:26:25.469 [main] INFO  edu.bjut.homo.myMain - server:report_res
BruceChen 10:26:25.469 [main] INFO  edu.bjut.homo.myMain - server:14387400
BruceChen 10:26:25.469 [main] INFO  edu.bjut.homo.myMain - meter_3398161502205958113:report
BruceChen 10:26:25.469 [main] INFO  edu.bjut.homo.myMain - meter_3398161502205958113:10195600
BruceChen 10:26:25.469 [main] INFO  edu.bjut.homo.myMain - meter_9058590253411321069:report
BruceChen 10:26:25.469 [main] INFO  edu.bjut.homo.myMain - meter_9058590253411321069:9596400
BruceChen 10:26:25.469 [main] INFO  edu.bjut.homo.myMain - meter_6283898465582392579:report
BruceChen 10:26:25.469 [main] INFO  edu.bjut.homo.myMain - meter_6283898465582392579:10862200
BruceChen 10:26:25.469 [main] INFO  edu.bjut.homo.myMain - meter_2795837193119425565:report
BruceChen 10:26:25.469 [main] INFO  edu.bjut.homo.myMain - meter_2795837193119425565:10206700
BruceChen 10:26:25.469 [main] INFO  edu.bjut.homo.myMain - meter_7672390897692484071:report
BruceChen 10:26:25.469 [main] INFO  edu.bjut.homo.myMain - meter_7672390897692484071:9660900
BruceChen 10:26:25.469 [main] INFO  edu.bjut.homo.myMain - meter_5512804198533890303:report
BruceChen 10:26:25.469 [main] INFO  edu.bjut.homo.myMain - meter_5512804198533890303:9624100
BruceChen 10:26:25.469 [main] INFO  edu.bjut.homo.myMain - meter_5432267208477910639:report
BruceChen 10:26:25.469 [main] INFO  edu.bjut.homo.myMain - meter_5432267208477910639:9679200
BruceChen 10:26:25.469 [main] INFO  edu.bjut.homo.myMain - meter_1875991251384674637:report
BruceChen 10:26:25.469 [main] INFO  edu.bjut.homo.myMain - meter_1875991251384674637:9649500
BruceChen 10:26:25.469 [main] INFO  edu.bjut.homo.myMain - meter_8215439491836453467:report
BruceChen 10:26:25.469 [main] INFO  edu.bjut.homo.myMain - meter_8215439491836453467:9629400
BruceChen 10:26:25.469 [main] INFO  edu.bjut.homo.myMain - meter_3647186979525323559:report
BruceChen 10:26:25.469 [main] INFO  edu.bjut.homo.myMain - meter_3647186979525323559:9561000
BruceChen 10:26:25.469 [main] INFO  edu.bjut.homo.myMain - meter_3200276527903911277:report
BruceChen 10:26:25.469 [main] INFO  edu.bjut.homo.myMain - meter_3200276527903911277:9628400
BruceChen 10:26:25.469 [main] INFO  edu.bjut.homo.myMain - meter_6831531017780582857:report
BruceChen 10:26:25.469 [main] INFO  edu.bjut.homo.myMain - meter_6831531017780582857:9685600
BruceChen 10:26:25.469 [main] INFO  edu.bjut.homo.myMain - meter_8912577758331504475:report
BruceChen 10:26:25.469 [main] INFO  edu.bjut.homo.myMain - meter_8912577758331504475:9547600
BruceChen 10:26:25.469 [main] INFO  edu.bjut.homo.myMain - meter_4965913798772014169:report
BruceChen 10:26:25.469 [main] INFO  edu.bjut.homo.myMain - meter_4965913798772014169:9590900
BruceChen 10:26:25.469 [main] INFO  edu.bjut.homo.myMain - meter_3317624512166820047:report
BruceChen 10:26:25.469 [main] INFO  edu.bjut.homo.myMain - meter_3317624512166820047:9640900
BruceChen 10:26:25.469 [main] INFO  edu.bjut.homo.myMain - meter_65806842222752267:report
BruceChen 10:26:25.469 [main] INFO  edu.bjut.homo.myMain - meter_65806842222752267:9672000
BruceChen 10:26:25.469 [main] INFO  edu.bjut.homo.myMain - meter_3900698902362653659:report
BruceChen 10:26:25.469 [main] INFO  edu.bjut.homo.myMain - meter_3900698902362653659:9605100
BruceChen 10:26:25.469 [main] INFO  edu.bjut.homo.myMain - meter_416479435500750727:report
BruceChen 10:26:25.469 [main] INFO  edu.bjut.homo.myMain - meter_416479435500750727:9626800
BruceChen 10:26:25.469 [main] INFO  edu.bjut.homo.myMain - meter_4984730852611932857:report
BruceChen 10:26:25.469 [main] INFO  edu.bjut.homo.myMain - meter_4984730852611932857:9588800
BruceChen 10:26:25.469 [main] INFO  edu.bjut.homo.myMain - meter_2701610944763644861:report
BruceChen 10:26:25.469 [main] INFO  edu.bjut.homo.myMain - meter_2701610944763644861:9603100
BruceChen 10:26:25.469 [main] INFO  edu.bjut.homo.myMain - meter_8672967976744944887:report
BruceChen 10:26:25.469 [main] INFO  edu.bjut.homo.myMain - meter_8672967976744944887:9595700
BruceChen 10:26:25.469 [main] INFO  edu.bjut.homo.myMain - meter_7776047428927109541:report
BruceChen 10:26:25.469 [main] INFO  edu.bjut.homo.myMain - meter_7776047428927109541:9619400
BruceChen 10:26:25.469 [main] INFO  edu.bjut.homo.myMain - meter_5349093807996454303:report
BruceChen 10:26:25.469 [main] INFO  edu.bjut.homo.myMain - meter_5349093807996454303:9586800
BruceChen 10:26:25.469 [main] INFO  edu.bjut.homo.myMain - meter_6504902981079926469:report
BruceChen 10:26:25.469 [main] INFO  edu.bjut.homo.myMain - meter_6504902981079926469:9584200
BruceChen 10:26:25.469 [main] INFO  edu.bjut.homo.myMain - meter_3020683514218023419:report
BruceChen 10:26:25.469 [main] INFO  edu.bjut.homo.myMain - meter_3020683514218023419:9599400
BruceChen 10:26:25.469 [main] INFO  edu.bjut.homo.myMain - meter_1538101632402058319:report
BruceChen 10:26:25.469 [main] INFO  edu.bjut.homo.myMain - meter_1538101632402058319:9574500
BruceChen 10:26:25.469 [main] INFO  edu.bjut.homo.myMain - meter_382012088131562017:report
BruceChen 10:26:25.469 [main] INFO  edu.bjut.homo.myMain - meter_382012088131562017:9547300
BruceChen 10:26:25.469 [main] INFO  edu.bjut.homo.myMain - meter_4505312985044142907:report
BruceChen 10:26:25.469 [main] INFO  edu.bjut.homo.myMain - meter_4505312985044142907:9609900
BruceChen 10:26:25.469 [main] INFO  edu.bjut.homo.myMain - meter_9082771617245214417:report
BruceChen 10:26:25.469 [main] INFO  edu.bjut.homo.myMain - meter_9082771617245214417:9729900
BruceChen 10:26:25.469 [main] INFO  edu.bjut.homo.myMain - meter_6442987798073796257:report
BruceChen 10:26:25.469 [main] INFO  edu.bjut.homo.myMain - meter_6442987798073796257:9633500
BruceChen 10:26:26.900 [main] INFO  edu.bjut.homo.myMain - meterRegTime
BruceChen 10:26:27.040 [main] INFO  edu.bjut.homo.myMain - kgc:reg_response,reg_response,reg_response,reg_response,reg_response,reg_response,reg_response,reg_response,reg_response,reg_response,reg_response,reg_response,reg_response,reg_response,reg_response,reg_response,reg_response,reg_response,reg_response,reg_response
BruceChen 10:26:27.040 [main] INFO  edu.bjut.homo.myMain - kgc:7094000,7063600,7049300,7119800,7043800,7040400,7028500,6981500,7123100,7181900,9299500,7334500,7681800,7022200,7035400,7130900,7138500,7041200,7040600,7165600
BruceChen 10:26:27.040 [main] INFO  edu.bjut.homo.myMain - meter_6271282309942089879:reg,reg_response
BruceChen 10:26:27.040 [main] INFO  edu.bjut.homo.myMain - meter_6271282309942089879:36700,21700
BruceChen 10:26:27.040 [main] INFO  edu.bjut.homo.myMain - meter_6921469361615022469:reg,reg_response
BruceChen 10:26:27.040 [main] INFO  edu.bjut.homo.myMain - meter_6921469361615022469:5600,18400
BruceChen 10:26:27.040 [main] INFO  edu.bjut.homo.myMain - meter_7983331553723143593:reg,reg_response
BruceChen 10:26:27.040 [main] INFO  edu.bjut.homo.myMain - meter_7983331553723143593:5400,17900
BruceChen 10:26:27.040 [main] INFO  edu.bjut.homo.myMain - meter_6139602617879154419:reg,reg_response
BruceChen 10:26:27.040 [main] INFO  edu.bjut.homo.myMain - meter_6139602617879154419:5200,18100
BruceChen 10:26:27.040 [main] INFO  edu.bjut.homo.myMain - meter_8836973321320345217:reg,reg_response
BruceChen 10:26:27.040 [main] INFO  edu.bjut.homo.myMain - meter_8836973321320345217:5000,17800
BruceChen 10:26:27.040 [main] INFO  edu.bjut.homo.myMain - meter_2770439158383757257:reg,reg_response
BruceChen 10:26:27.040 [main] INFO  edu.bjut.homo.myMain - meter_2770439158383757257:5300,17600
BruceChen 10:26:27.040 [main] INFO  edu.bjut.homo.myMain - meter_5841772837335675751:reg,reg_response
BruceChen 10:26:27.040 [main] INFO  edu.bjut.homo.myMain - meter_5841772837335675751:4900,17300
BruceChen 10:26:27.040 [main] INFO  edu.bjut.homo.myMain - meter_966602268973236619:reg,reg_response
BruceChen 10:26:27.040 [main] INFO  edu.bjut.homo.myMain - meter_966602268973236619:5200,30000
BruceChen 10:26:27.040 [main] INFO  edu.bjut.homo.myMain - meter_3673988212824128015:reg,reg_response
BruceChen 10:26:27.040 [main] INFO  edu.bjut.homo.myMain - meter_3673988212824128015:5100,18300
BruceChen 10:26:27.040 [main] INFO  edu.bjut.homo.myMain - meter_5940316643986961215:reg,reg_response
BruceChen 10:26:27.040 [main] INFO  edu.bjut.homo.myMain - meter_5940316643986961215:5700,30700
BruceChen 10:26:27.040 [main] INFO  edu.bjut.homo.myMain - meter_8633369789132713837:reg,reg_response
BruceChen 10:26:27.040 [main] INFO  edu.bjut.homo.myMain - meter_8633369789132713837:5200,35100
BruceChen 10:26:27.040 [main] INFO  edu.bjut.homo.myMain - meter_899296424995198751:reg,reg_response
BruceChen 10:26:27.040 [main] INFO  edu.bjut.homo.myMain - meter_899296424995198751:6100,16200
BruceChen 10:26:27.040 [main] INFO  edu.bjut.homo.myMain - meter_518423467901935179:reg,reg_response
BruceChen 10:26:27.040 [main] INFO  edu.bjut.homo.myMain - meter_518423467901935179:5300,16800
BruceChen 10:26:27.040 [main] INFO  edu.bjut.homo.myMain - meter_335781245353719627:reg,reg_response
BruceChen 10:26:27.040 [main] INFO  edu.bjut.homo.myMain - meter_335781245353719627:5600,16600
BruceChen 10:26:27.040 [main] INFO  edu.bjut.homo.myMain - meter_2371718390074725863:reg,reg_response
BruceChen 10:26:27.040 [main] INFO  edu.bjut.homo.myMain - meter_2371718390074725863:5300,16400
BruceChen 10:26:27.040 [main] INFO  edu.bjut.homo.myMain - meter_1287967914818867915:reg,reg_response
BruceChen 10:26:27.040 [main] INFO  edu.bjut.homo.myMain - meter_1287967914818867915:4900,16500
BruceChen 10:26:27.040 [main] INFO  edu.bjut.homo.myMain - meter_6995570396136677659:reg,reg_response
BruceChen 10:26:27.040 [main] INFO  edu.bjut.homo.myMain - meter_6995570396136677659:5200,16000
BruceChen 10:26:27.040 [main] INFO  edu.bjut.homo.myMain - meter_3122513855041650629:reg,reg_response
BruceChen 10:26:27.040 [main] INFO  edu.bjut.homo.myMain - meter_3122513855041650629:5400,16200
BruceChen 10:26:27.040 [main] INFO  edu.bjut.homo.myMain - meter_3455751435507176103:reg,reg_response
BruceChen 10:26:27.040 [main] INFO  edu.bjut.homo.myMain - meter_3455751435507176103:5200,16700
BruceChen 10:26:27.040 [main] INFO  edu.bjut.homo.myMain - meter_7328807980897104299:reg,reg_response
BruceChen 10:26:27.040 [main] INFO  edu.bjut.homo.myMain - meter_7328807980897104299:5000,15800
BruceChen 10:26:27.040 [main] INFO  edu.bjut.homo.myMain - oneTimeMeterRepTime
BruceChen 10:26:27.353 [main] INFO  edu.bjut.homo.myMain - agg:resp_agg
BruceChen 10:26:27.353 [main] INFO  edu.bjut.homo.myMain - agg:101107000
BruceChen 10:26:27.353 [main] INFO  edu.bjut.homo.myMain - server:report_res
BruceChen 10:26:27.353 [main] INFO  edu.bjut.homo.myMain - server:14552200
BruceChen 10:26:27.353 [main] INFO  edu.bjut.homo.myMain - meter_6271282309942089879:report
BruceChen 10:26:27.353 [main] INFO  edu.bjut.homo.myMain - meter_6271282309942089879:9971300
BruceChen 10:26:27.353 [main] INFO  edu.bjut.homo.myMain - meter_6921469361615022469:report
BruceChen 10:26:27.353 [main] INFO  edu.bjut.homo.myMain - meter_6921469361615022469:9660000
BruceChen 10:26:27.353 [main] INFO  edu.bjut.homo.myMain - meter_7983331553723143593:report
BruceChen 10:26:27.353 [main] INFO  edu.bjut.homo.myMain - meter_7983331553723143593:9616700
BruceChen 10:26:27.353 [main] INFO  edu.bjut.homo.myMain - meter_6139602617879154419:report
BruceChen 10:26:27.353 [main] INFO  edu.bjut.homo.myMain - meter_6139602617879154419:9623200
BruceChen 10:26:27.353 [main] INFO  edu.bjut.homo.myMain - meter_8836973321320345217:report
BruceChen 10:26:27.353 [main] INFO  edu.bjut.homo.myMain - meter_8836973321320345217:9625600
BruceChen 10:26:27.353 [main] INFO  edu.bjut.homo.myMain - meter_2770439158383757257:report
BruceChen 10:26:27.353 [main] INFO  edu.bjut.homo.myMain - meter_2770439158383757257:9644900
BruceChen 10:26:27.353 [main] INFO  edu.bjut.homo.myMain - meter_5841772837335675751:report
BruceChen 10:26:27.353 [main] INFO  edu.bjut.homo.myMain - meter_5841772837335675751:9622300
BruceChen 10:26:27.353 [main] INFO  edu.bjut.homo.myMain - meter_966602268973236619:report
BruceChen 10:26:27.353 [main] INFO  edu.bjut.homo.myMain - meter_966602268973236619:9637200
BruceChen 10:26:27.353 [main] INFO  edu.bjut.homo.myMain - meter_3673988212824128015:report
BruceChen 10:26:27.353 [main] INFO  edu.bjut.homo.myMain - meter_3673988212824128015:9701400
BruceChen 10:26:27.353 [main] INFO  edu.bjut.homo.myMain - meter_5940316643986961215:report
BruceChen 10:26:27.353 [main] INFO  edu.bjut.homo.myMain - meter_5940316643986961215:9607200
BruceChen 10:26:27.353 [main] INFO  edu.bjut.homo.myMain - meter_8633369789132713837:report
BruceChen 10:26:27.353 [main] INFO  edu.bjut.homo.myMain - meter_8633369789132713837:9579000
BruceChen 10:26:27.353 [main] INFO  edu.bjut.homo.myMain - meter_899296424995198751:report
BruceChen 10:26:27.353 [main] INFO  edu.bjut.homo.myMain - meter_899296424995198751:9667100
BruceChen 10:26:27.353 [main] INFO  edu.bjut.homo.myMain - meter_518423467901935179:report
BruceChen 10:26:27.353 [main] INFO  edu.bjut.homo.myMain - meter_518423467901935179:9642700
BruceChen 10:26:27.353 [main] INFO  edu.bjut.homo.myMain - meter_335781245353719627:report
BruceChen 10:26:27.353 [main] INFO  edu.bjut.homo.myMain - meter_335781245353719627:9508700
BruceChen 10:26:27.353 [main] INFO  edu.bjut.homo.myMain - meter_2371718390074725863:report
BruceChen 10:26:27.353 [main] INFO  edu.bjut.homo.myMain - meter_2371718390074725863:9470700
BruceChen 10:26:27.353 [main] INFO  edu.bjut.homo.myMain - meter_1287967914818867915:report
BruceChen 10:26:27.353 [main] INFO  edu.bjut.homo.myMain - meter_1287967914818867915:9622200
BruceChen 10:26:27.353 [main] INFO  edu.bjut.homo.myMain - meter_6995570396136677659:report
BruceChen 10:26:27.353 [main] INFO  edu.bjut.homo.myMain - meter_6995570396136677659:9644300
BruceChen 10:26:27.353 [main] INFO  edu.bjut.homo.myMain - meter_3122513855041650629:report
BruceChen 10:26:27.353 [main] INFO  edu.bjut.homo.myMain - meter_3122513855041650629:9516200
BruceChen 10:26:27.353 [main] INFO  edu.bjut.homo.myMain - meter_3455751435507176103:report
BruceChen 10:26:27.353 [main] INFO  edu.bjut.homo.myMain - meter_3455751435507176103:9465700
BruceChen 10:26:27.353 [main] INFO  edu.bjut.homo.myMain - meter_7328807980897104299:report
BruceChen 10:26:27.353 [main] INFO  edu.bjut.homo.myMain - meter_7328807980897104299:9468900
