BruceChen 07:54:37.904 [main] INFO  edu.bjut.homo.myMain - meterRegTime
BruceChen 07:54:38.372 [main] INFO  edu.bjut.homo.myMain - kgc:reg_response,reg_response,reg_response,reg_response,reg_response,reg_response,reg_response,reg_response,reg_response,reg_response,reg_response,reg_response,reg_response,reg_response,reg_response,reg_response,reg_response,reg_response,reg_response,reg_response,reg_response,reg_response,reg_response,reg_response,reg_response,reg_response,reg_response,reg_response,reg_response,reg_response,reg_response,reg_response,reg_response,reg_response,reg_response,reg_response,reg_response,reg_response,reg_response,reg_response,reg_response,reg_response,reg_response,reg_response,reg_response,reg_response,reg_response,reg_response,reg_response,reg_response,reg_response,reg_response,reg_response,reg_response,reg_response,reg_response,reg_response,reg_response,reg_response,reg_response
BruceChen 07:54:38.387 [main] INFO  edu.bjut.homo.myMain - kgc:7749100,7534500,10174200,7744600,7604100,7416300,7498800,7639100,7749000,7471700,7477900,7674500,7512400,7437500,7339600,7495100,7435100,7352500,7430600,7319600,7324700,7406300,7394200,7414000,7579800,8236300,7311400,7525700,7281700,7358400,7426500,7244000,7451100,7268900,7451400,7244200,7378800,7284500,7213000,7231700,7379000,7623600,7251700,7264300,7214000,7326700,7285100,7336200,7501400,7337700,7295800,7499500,7271000,7270600,7634700,7609700,7425900,7259900,7385000,7258800
BruceChen 07:54:38.387 [main] INFO  edu.bjut.homo.myMain - meter_8427739907835261639:reg,reg_response
BruceChen 07:54:38.387 [main] INFO  edu.bjut.homo.myMain - meter_8427739907835261639:295200,339800
BruceChen 07:54:38.387 [main] INFO  edu.bjut.homo.myMain - meter_4110412383182456817:reg,reg_response
BruceChen 07:54:38.387 [main] INFO  edu.bjut.homo.myMain - meter_4110412383182456817:1675600,138000
BruceChen 07:54:38.387 [main] INFO  edu.bjut.homo.myMain - meter_973649616831920779:reg,reg_response
BruceChen 07:54:38.387 [main] INFO  edu.bjut.homo.myMain - meter_973649616831920779:36100,160900
BruceChen 07:54:38.387 [main] INFO  edu.bjut.homo.myMain - meter_2779644733486894679:reg,reg_response
BruceChen 07:54:38.387 [main] INFO  edu.bjut.homo.myMain - meter_2779644733486894679:38900,141600
BruceChen 07:54:38.387 [main] INFO  edu.bjut.homo.myMain - meter_1933002242853546123:reg,reg_response
BruceChen 07:54:38.387 [main] INFO  edu.bjut.homo.myMain - meter_1933002242853546123:37500,141400
BruceChen 07:54:38.387 [main] INFO  edu.bjut.homo.myMain - meter_3798619457550305455:reg,reg_response
BruceChen 07:54:38.387 [main] INFO  edu.bjut.homo.myMain - meter_3798619457550305455:37800,131600
BruceChen 07:54:38.387 [main] INFO  edu.bjut.homo.myMain - meter_1443443063765586365:reg,reg_response
BruceChen 07:54:38.387 [main] INFO  edu.bjut.homo.myMain - meter_1443443063765586365:34600,114500
BruceChen 07:54:38.387 [main] INFO  edu.bjut.homo.myMain - meter_4185166753910345301:reg,reg_response
BruceChen 07:54:38.387 [main] INFO  edu.bjut.homo.myMain - meter_4185166753910345301:29000,108300
BruceChen 07:54:38.387 [main] INFO  edu.bjut.homo.myMain - meter_9072085936337181095:reg,reg_response
BruceChen 07:54:38.387 [main] INFO  edu.bjut.homo.myMain - meter_9072085936337181095:26700,121700
BruceChen 07:54:38.387 [main] INFO  edu.bjut.homo.myMain - meter_6657691140547839371:reg,reg_response
BruceChen 07:54:38.387 [main] INFO  edu.bjut.homo.myMain - meter_6657691140547839371:27400,107600
BruceChen 07:54:38.387 [main] INFO  edu.bjut.homo.myMain - meter_6280770459516855185:reg,reg_response
BruceChen 07:54:38.387 [main] INFO  edu.bjut.homo.myMain - meter_6280770459516855185:28100,98400
BruceChen 07:54:38.387 [main] INFO  edu.bjut.homo.myMain - meter_1494167482622895507:reg,reg_response
BruceChen 07:54:38.387 [main] INFO  edu.bjut.homo.myMain - meter_1494167482622895507:26300,98200
BruceChen 07:54:38.387 [main] INFO  edu.bjut.homo.myMain - meter_6041677573144667295:reg,reg_response
BruceChen 07:54:38.387 [main] INFO  edu.bjut.homo.myMain - meter_6041677573144667295:34300,103600
BruceChen 07:54:38.387 [main] INFO  edu.bjut.homo.myMain - meter_2413344022013503261:reg,reg_response
BruceChen 07:54:38.387 [main] INFO  edu.bjut.homo.myMain - meter_2413344022013503261:26700,108400
BruceChen 07:54:38.387 [main] INFO  edu.bjut.homo.myMain - meter_3048916799987810281:reg,reg_response
BruceChen 07:54:38.387 [main] INFO  edu.bjut.homo.myMain - meter_3048916799987810281:26900,104600
BruceChen 07:54:38.387 [main] INFO  edu.bjut.homo.myMain - meter_3801835358906868743:reg,reg_response
BruceChen 07:54:38.387 [main] INFO  edu.bjut.homo.myMain - meter_3801835358906868743:27300,96200
BruceChen 07:54:38.387 [main] INFO  edu.bjut.homo.myMain - meter_8456477168761051207:reg,reg_response
BruceChen 07:54:38.387 [main] INFO  edu.bjut.homo.myMain - meter_8456477168761051207:26600,97000
BruceChen 07:54:38.387 [main] INFO  edu.bjut.homo.myMain - meter_4496034659832056661:reg,reg_response
BruceChen 07:54:38.387 [main] INFO  edu.bjut.homo.myMain - meter_4496034659832056661:27700,96900
BruceChen 07:54:38.387 [main] INFO  edu.bjut.homo.myMain - meter_6302029776503807843:reg,reg_response
BruceChen 07:54:38.387 [main] INFO  edu.bjut.homo.myMain - meter_6302029776503807843:27000,97700
BruceChen 07:54:38.387 [main] INFO  edu.bjut.homo.myMain - meter_391290421916673873:reg,reg_response
BruceChen 07:54:38.387 [main] INFO  edu.bjut.homo.myMain - meter_391290421916673873:26700,96800
BruceChen 07:54:38.387 [main] INFO  edu.bjut.homo.myMain - meter_7137750345219458615:reg,reg_response
BruceChen 07:54:38.387 [main] INFO  edu.bjut.homo.myMain - meter_7137750345219458615:27800,94900
BruceChen 07:54:38.387 [main] INFO  edu.bjut.homo.myMain - meter_3739921279707201813:reg,reg_response
BruceChen 07:54:38.387 [main] INFO  edu.bjut.homo.myMain - meter_3739921279707201813:26800,105700
BruceChen 07:54:38.387 [main] INFO  edu.bjut.homo.myMain - meter_1088063174698265989:reg,reg_response
BruceChen 07:54:38.387 [main] INFO  edu.bjut.homo.myMain - meter_1088063174698265989:28100,94100
BruceChen 07:54:38.387 [main] INFO  edu.bjut.homo.myMain - meter_228654237845460217:reg,reg_response
BruceChen 07:54:38.387 [main] INFO  edu.bjut.homo.myMain - meter_228654237845460217:26500,143000
BruceChen 07:54:38.387 [main] INFO  edu.bjut.homo.myMain - meter_3255846699698186367:reg,reg_response
BruceChen 07:54:38.387 [main] INFO  edu.bjut.homo.myMain - meter_3255846699698186367:26200,145300
BruceChen 07:54:38.387 [main] INFO  edu.bjut.homo.myMain - meter_5188034714642417893:reg,reg_response
BruceChen 07:54:38.387 [main] INFO  edu.bjut.homo.myMain - meter_5188034714642417893:41800,93700
BruceChen 07:54:38.387 [main] INFO  edu.bjut.homo.myMain - meter_2474262530433813589:reg,reg_response
BruceChen 07:54:38.387 [main] INFO  edu.bjut.homo.myMain - meter_2474262530433813589:27800,97300
BruceChen 07:54:38.387 [main] INFO  edu.bjut.homo.myMain - meter_2094271456837184179:reg,reg_response
BruceChen 07:54:38.387 [main] INFO  edu.bjut.homo.myMain - meter_2094271456837184179:54100,97100
BruceChen 07:54:38.387 [main] INFO  edu.bjut.homo.myMain - meter_1222033748440943113:reg,reg_response
BruceChen 07:54:38.387 [main] INFO  edu.bjut.homo.myMain - meter_1222033748440943113:26300,117700
BruceChen 07:54:38.387 [main] INFO  edu.bjut.homo.myMain - meter_3636907197956027427:reg,reg_response
BruceChen 07:54:38.387 [main] INFO  edu.bjut.homo.myMain - meter_3636907197956027427:30900,112300
BruceChen 07:54:38.387 [main] INFO  edu.bjut.homo.myMain - meter_4490548956963360919:reg,reg_response
BruceChen 07:54:38.387 [main] INFO  edu.bjut.homo.myMain - meter_4490548956963360919:26100,82900
BruceChen 07:54:38.387 [main] INFO  edu.bjut.homo.myMain - meter_3073392018314548967:reg,reg_response
BruceChen 07:54:38.387 [main] INFO  edu.bjut.homo.myMain - meter_3073392018314548967:25000,89100
BruceChen 07:54:38.387 [main] INFO  edu.bjut.homo.myMain - meter_4776300303142891415:reg,reg_response
BruceChen 07:54:38.387 [main] INFO  edu.bjut.homo.myMain - meter_4776300303142891415:24900,133700
BruceChen 07:54:38.387 [main] INFO  edu.bjut.homo.myMain - meter_1521981927173310301:reg,reg_response
BruceChen 07:54:38.387 [main] INFO  edu.bjut.homo.myMain - meter_1521981927173310301:30500,83800
BruceChen 07:54:38.387 [main] INFO  edu.bjut.homo.myMain - meter_6356093425862981945:reg,reg_response
BruceChen 07:54:38.387 [main] INFO  edu.bjut.homo.myMain - meter_6356093425862981945:24800,79800
BruceChen 07:54:38.387 [main] INFO  edu.bjut.homo.myMain - meter_5574509252303707437:reg,reg_response
BruceChen 07:54:38.387 [main] INFO  edu.bjut.homo.myMain - meter_5574509252303707437:24500,87900
BruceChen 07:54:38.387 [main] INFO  edu.bjut.homo.myMain - meter_312960274803687755:reg,reg_response
BruceChen 07:54:38.387 [main] INFO  edu.bjut.homo.myMain - meter_312960274803687755:26500,80500
BruceChen 07:54:38.387 [main] INFO  edu.bjut.homo.myMain - meter_3941293830229820133:reg,reg_response
BruceChen 07:54:38.387 [main] INFO  edu.bjut.homo.myMain - meter_3941293830229820133:24700,86300
BruceChen 07:54:38.387 [main] INFO  edu.bjut.homo.myMain - meter_1552938414869779431:reg,reg_response
BruceChen 07:54:38.387 [main] INFO  edu.bjut.homo.myMain - meter_1552938414869779431:26100,84500
BruceChen 07:54:38.387 [main] INFO  edu.bjut.homo.myMain - meter_7833414862049035075:reg,reg_response
BruceChen 07:54:38.387 [main] INFO  edu.bjut.homo.myMain - meter_7833414862049035075:25200,84300
BruceChen 07:54:38.387 [main] INFO  edu.bjut.homo.myMain - meter_1370487049565232227:reg,reg_response
BruceChen 07:54:38.387 [main] INFO  edu.bjut.homo.myMain - meter_1370487049565232227:23500,106600
BruceChen 07:54:38.387 [main] INFO  edu.bjut.homo.myMain - meter_4926763010953438801:reg,reg_response
BruceChen 07:54:38.387 [main] INFO  edu.bjut.homo.myMain - meter_4926763010953438801:28400,80800
BruceChen 07:54:38.387 [main] INFO  edu.bjut.homo.myMain - meter_3850525970553294189:reg,reg_response
BruceChen 07:54:38.387 [main] INFO  edu.bjut.homo.myMain - meter_3850525970553294189:28800,79200
BruceChen 07:54:38.387 [main] INFO  edu.bjut.homo.myMain - meter_6312962362394148463:reg,reg_response
BruceChen 07:54:38.387 [main] INFO  edu.bjut.homo.myMain - meter_6312962362394148463:22700,83700
BruceChen 07:54:38.387 [main] INFO  edu.bjut.homo.myMain - meter_2433086457432856691:reg,reg_response
BruceChen 07:54:38.387 [main] INFO  edu.bjut.homo.myMain - meter_2433086457432856691:22000,5132400
BruceChen 07:54:38.387 [main] INFO  edu.bjut.homo.myMain - meter_4625628870464581819:reg,reg_response
BruceChen 07:54:38.387 [main] INFO  edu.bjut.homo.myMain - meter_4625628870464581819:32800,89200
BruceChen 07:54:38.387 [main] INFO  edu.bjut.homo.myMain - meter_3354483323105772141:reg,reg_response
BruceChen 07:54:38.387 [main] INFO  edu.bjut.homo.myMain - meter_3354483323105772141:22500,73900
BruceChen 07:54:38.387 [main] INFO  edu.bjut.homo.myMain - meter_202355583940885869:reg,reg_response
BruceChen 07:54:38.387 [main] INFO  edu.bjut.homo.myMain - meter_202355583940885869:22200,72600
BruceChen 07:54:38.387 [main] INFO  edu.bjut.homo.myMain - meter_7850039650535282093:reg,reg_response
BruceChen 07:54:38.387 [main] INFO  edu.bjut.homo.myMain - meter_7850039650535282093:21900,74200
BruceChen 07:54:38.387 [main] INFO  edu.bjut.homo.myMain - meter_3526229752706153265:reg,reg_response
BruceChen 07:54:38.387 [main] INFO  edu.bjut.homo.myMain - meter_3526229752706153265:22000,83400
BruceChen 07:54:38.387 [main] INFO  edu.bjut.homo.myMain - meter_4943386691354963515:reg,reg_response
BruceChen 07:54:38.387 [main] INFO  edu.bjut.homo.myMain - meter_4943386691354963515:24500,83000
BruceChen 07:54:38.387 [main] INFO  edu.bjut.homo.myMain - meter_7965094554111969555:reg,reg_response
BruceChen 07:54:38.387 [main] INFO  edu.bjut.homo.myMain - meter_7965094554111969555:23700,84600
BruceChen 07:54:38.387 [main] INFO  edu.bjut.homo.myMain - meter_7747025564489141301:reg,reg_response
BruceChen 07:54:38.387 [main] INFO  edu.bjut.homo.myMain - meter_7747025564489141301:22900,71700
BruceChen 07:54:38.387 [main] INFO  edu.bjut.homo.myMain - meter_4709725087338321395:reg,reg_response
BruceChen 07:54:38.387 [main] INFO  edu.bjut.homo.myMain - meter_4709725087338321395:22200,72300
BruceChen 07:54:38.387 [main] INFO  edu.bjut.homo.myMain - meter_5345297861017726943:reg,reg_response
BruceChen 07:54:38.387 [main] INFO  edu.bjut.homo.myMain - meter_5345297861017726943:21700,110800
BruceChen 07:54:38.387 [main] INFO  edu.bjut.homo.myMain - meter_2317000483570200321:reg,reg_response
BruceChen 07:54:38.387 [main] INFO  edu.bjut.homo.myMain - meter_2317000483570200321:22700,71400
BruceChen 07:54:38.387 [main] INFO  edu.bjut.homo.myMain - meter_1299461625324837857:reg,reg_response
BruceChen 07:54:38.387 [main] INFO  edu.bjut.homo.myMain - meter_1299461625324837857:19500,74000
BruceChen 07:54:38.387 [main] INFO  edu.bjut.homo.myMain - meter_6011828226183419717:reg,reg_response
BruceChen 07:54:38.387 [main] INFO  edu.bjut.homo.myMain - meter_6011828226183419717:46700,72800
BruceChen 07:54:38.387 [main] INFO  edu.bjut.homo.myMain - meter_1650470118387727819:reg,reg_response
BruceChen 07:54:38.387 [main] INFO  edu.bjut.homo.myMain - meter_1650470118387727819:24600,70100
BruceChen 07:54:38.387 [main] INFO  edu.bjut.homo.myMain - meter_5523526659482754149:reg,reg_response
BruceChen 07:54:38.387 [main] INFO  edu.bjut.homo.myMain - meter_5523526659482754149:27300,74100
BruceChen 07:54:38.387 [main] INFO  edu.bjut.homo.myMain - oneTimeMeterRepTime
BruceChen 07:54:39.310 [main] INFO  edu.bjut.homo.myMain - agg:resp_agg
BruceChen 07:54:39.310 [main] INFO  edu.bjut.homo.myMain - agg:303280700
BruceChen 07:54:39.310 [main] INFO  edu.bjut.homo.myMain - server:report_res
BruceChen 07:54:39.310 [main] INFO  edu.bjut.homo.myMain - server:17809200
BruceChen 07:54:39.310 [main] INFO  edu.bjut.homo.myMain - meter_8427739907835261639:report
BruceChen 07:54:39.310 [main] INFO  edu.bjut.homo.myMain - meter_8427739907835261639:22124100
BruceChen 07:54:39.310 [main] INFO  edu.bjut.homo.myMain - meter_4110412383182456817:report
BruceChen 07:54:39.310 [main] INFO  edu.bjut.homo.myMain - meter_4110412383182456817:10637600
BruceChen 07:54:39.310 [main] INFO  edu.bjut.homo.myMain - meter_973649616831920779:report
BruceChen 07:54:39.310 [main] INFO  edu.bjut.homo.myMain - meter_973649616831920779:9780300
BruceChen 07:54:39.310 [main] INFO  edu.bjut.homo.myMain - meter_2779644733486894679:report
BruceChen 07:54:39.310 [main] INFO  edu.bjut.homo.myMain - meter_2779644733486894679:9696700
BruceChen 07:54:39.310 [main] INFO  edu.bjut.homo.myMain - meter_1933002242853546123:report
BruceChen 07:54:39.310 [main] INFO  edu.bjut.homo.myMain - meter_1933002242853546123:9721400
BruceChen 07:54:39.310 [main] INFO  edu.bjut.homo.myMain - meter_3798619457550305455:report
BruceChen 07:54:39.310 [main] INFO  edu.bjut.homo.myMain - meter_3798619457550305455:9712600
BruceChen 07:54:39.310 [main] INFO  edu.bjut.homo.myMain - meter_1443443063765586365:report
BruceChen 07:54:39.310 [main] INFO  edu.bjut.homo.myMain - meter_1443443063765586365:9677500
BruceChen 07:54:39.310 [main] INFO  edu.bjut.homo.myMain - meter_4185166753910345301:report
BruceChen 07:54:39.310 [main] INFO  edu.bjut.homo.myMain - meter_4185166753910345301:9590100
BruceChen 07:54:39.310 [main] INFO  edu.bjut.homo.myMain - meter_9072085936337181095:report
BruceChen 07:54:39.310 [main] INFO  edu.bjut.homo.myMain - meter_9072085936337181095:9643700
BruceChen 07:54:39.310 [main] INFO  edu.bjut.homo.myMain - meter_6657691140547839371:report
BruceChen 07:54:39.310 [main] INFO  edu.bjut.homo.myMain - meter_6657691140547839371:9567900
BruceChen 07:54:39.310 [main] INFO  edu.bjut.homo.myMain - meter_6280770459516855185:report
BruceChen 07:54:39.310 [main] INFO  edu.bjut.homo.myMain - meter_6280770459516855185:9582100
BruceChen 07:54:39.310 [main] INFO  edu.bjut.homo.myMain - meter_1494167482622895507:report
BruceChen 07:54:39.310 [main] INFO  edu.bjut.homo.myMain - meter_1494167482622895507:9531300
BruceChen 07:54:39.310 [main] INFO  edu.bjut.homo.myMain - meter_6041677573144667295:report
BruceChen 07:54:39.310 [main] INFO  edu.bjut.homo.myMain - meter_6041677573144667295:9534000
BruceChen 07:54:39.310 [main] INFO  edu.bjut.homo.myMain - meter_2413344022013503261:report
BruceChen 07:54:39.310 [main] INFO  edu.bjut.homo.myMain - meter_2413344022013503261:12228500
BruceChen 07:54:39.310 [main] INFO  edu.bjut.homo.myMain - meter_3048916799987810281:report
BruceChen 07:54:39.310 [main] INFO  edu.bjut.homo.myMain - meter_3048916799987810281:10092300
BruceChen 07:54:39.310 [main] INFO  edu.bjut.homo.myMain - meter_3801835358906868743:report
BruceChen 07:54:39.310 [main] INFO  edu.bjut.homo.myMain - meter_3801835358906868743:10262800
BruceChen 07:54:39.310 [main] INFO  edu.bjut.homo.myMain - meter_8456477168761051207:report
BruceChen 07:54:39.310 [main] INFO  edu.bjut.homo.myMain - meter_8456477168761051207:9920800
BruceChen 07:54:39.310 [main] INFO  edu.bjut.homo.myMain - meter_4496034659832056661:report
BruceChen 07:54:39.310 [main] INFO  edu.bjut.homo.myMain - meter_4496034659832056661:9511200
BruceChen 07:54:39.310 [main] INFO  edu.bjut.homo.myMain - meter_6302029776503807843:report
BruceChen 07:54:39.310 [main] INFO  edu.bjut.homo.myMain - meter_6302029776503807843:9543200
BruceChen 07:54:39.310 [main] INFO  edu.bjut.homo.myMain - meter_391290421916673873:report
BruceChen 07:54:39.310 [main] INFO  edu.bjut.homo.myMain - meter_391290421916673873:9652800
BruceChen 07:54:39.310 [main] INFO  edu.bjut.homo.myMain - meter_7137750345219458615:report
BruceChen 07:54:39.310 [main] INFO  edu.bjut.homo.myMain - meter_7137750345219458615:9603200
BruceChen 07:54:39.310 [main] INFO  edu.bjut.homo.myMain - meter_3739921279707201813:report
BruceChen 07:54:39.310 [main] INFO  edu.bjut.homo.myMain - meter_3739921279707201813:9560500
BruceChen 07:54:39.310 [main] INFO  edu.bjut.homo.myMain - meter_1088063174698265989:report
BruceChen 07:54:39.310 [main] INFO  edu.bjut.homo.myMain - meter_1088063174698265989:9603700
BruceChen 07:54:39.310 [main] INFO  edu.bjut.homo.myMain - meter_228654237845460217:report
BruceChen 07:54:39.310 [main] INFO  edu.bjut.homo.myMain - meter_228654237845460217:9564500
BruceChen 07:54:39.310 [main] INFO  edu.bjut.homo.myMain - meter_3255846699698186367:report
BruceChen 07:54:39.310 [main] INFO  edu.bjut.homo.myMain - meter_3255846699698186367:9558000
BruceChen 07:54:39.310 [main] INFO  edu.bjut.homo.myMain - meter_5188034714642417893:report
BruceChen 07:54:39.310 [main] INFO  edu.bjut.homo.myMain - meter_5188034714642417893:9608100
BruceChen 07:54:39.310 [main] INFO  edu.bjut.homo.myMain - meter_2474262530433813589:report
BruceChen 07:54:39.310 [main] INFO  edu.bjut.homo.myMain - meter_2474262530433813589:9696100
BruceChen 07:54:39.310 [main] INFO  edu.bjut.homo.myMain - meter_2094271456837184179:report
BruceChen 07:54:39.310 [main] INFO  edu.bjut.homo.myMain - meter_2094271456837184179:9539600
BruceChen 07:54:39.310 [main] INFO  edu.bjut.homo.myMain - meter_1222033748440943113:report
BruceChen 07:54:39.310 [main] INFO  edu.bjut.homo.myMain - meter_1222033748440943113:9615400
BruceChen 07:54:39.310 [main] INFO  edu.bjut.homo.myMain - meter_3636907197956027427:report
BruceChen 07:54:39.310 [main] INFO  edu.bjut.homo.myMain - meter_3636907197956027427:9531400
BruceChen 07:54:39.310 [main] INFO  edu.bjut.homo.myMain - meter_4490548956963360919:report
BruceChen 07:54:39.310 [main] INFO  edu.bjut.homo.myMain - meter_4490548956963360919:9535000
BruceChen 07:54:39.310 [main] INFO  edu.bjut.homo.myMain - meter_3073392018314548967:report
BruceChen 07:54:39.310 [main] INFO  edu.bjut.homo.myMain - meter_3073392018314548967:9550400
BruceChen 07:54:39.310 [main] INFO  edu.bjut.homo.myMain - meter_4776300303142891415:report
BruceChen 07:54:39.310 [main] INFO  edu.bjut.homo.myMain - meter_4776300303142891415:9549300
BruceChen 07:54:39.310 [main] INFO  edu.bjut.homo.myMain - meter_1521981927173310301:report
BruceChen 07:54:39.310 [main] INFO  edu.bjut.homo.myMain - meter_1521981927173310301:9480400
BruceChen 07:54:39.310 [main] INFO  edu.bjut.homo.myMain - meter_6356093425862981945:report
BruceChen 07:54:39.310 [main] INFO  edu.bjut.homo.myMain - meter_6356093425862981945:9754500
BruceChen 07:54:39.310 [main] INFO  edu.bjut.homo.myMain - meter_5574509252303707437:report
BruceChen 07:54:39.310 [main] INFO  edu.bjut.homo.myMain - meter_5574509252303707437:9480000
BruceChen 07:54:39.310 [main] INFO  edu.bjut.homo.myMain - meter_312960274803687755:report
BruceChen 07:54:39.310 [main] INFO  edu.bjut.homo.myMain - meter_312960274803687755:9428800
BruceChen 07:54:39.310 [main] INFO  edu.bjut.homo.myMain - meter_3941293830229820133:report
BruceChen 07:54:39.310 [main] INFO  edu.bjut.homo.myMain - meter_3941293830229820133:9567200
BruceChen 07:54:39.310 [main] INFO  edu.bjut.homo.myMain - meter_1552938414869779431:report
BruceChen 07:54:39.310 [main] INFO  edu.bjut.homo.myMain - meter_1552938414869779431:9402400
BruceChen 07:54:39.310 [main] INFO  edu.bjut.homo.myMain - meter_7833414862049035075:report
BruceChen 07:54:39.310 [main] INFO  edu.bjut.homo.myMain - meter_7833414862049035075:9431000
BruceChen 07:54:39.310 [main] INFO  edu.bjut.homo.myMain - meter_1370487049565232227:report
BruceChen 07:54:39.310 [main] INFO  edu.bjut.homo.myMain - meter_1370487049565232227:9522600
BruceChen 07:54:39.310 [main] INFO  edu.bjut.homo.myMain - meter_4926763010953438801:report
BruceChen 07:54:39.310 [main] INFO  edu.bjut.homo.myMain - meter_4926763010953438801:9440800
BruceChen 07:54:39.310 [main] INFO  edu.bjut.homo.myMain - meter_3850525970553294189:report
BruceChen 07:54:39.310 [main] INFO  edu.bjut.homo.myMain - meter_3850525970553294189:9384100
BruceChen 07:54:39.310 [main] INFO  edu.bjut.homo.myMain - meter_6312962362394148463:report
BruceChen 07:54:39.310 [main] INFO  edu.bjut.homo.myMain - meter_6312962362394148463:9384400
BruceChen 07:54:39.310 [main] INFO  edu.bjut.homo.myMain - meter_2433086457432856691:report
BruceChen 07:54:39.310 [main] INFO  edu.bjut.homo.myMain - meter_2433086457432856691:9393200
BruceChen 07:54:39.310 [main] INFO  edu.bjut.homo.myMain - meter_4625628870464581819:report
BruceChen 07:54:39.310 [main] INFO  edu.bjut.homo.myMain - meter_4625628870464581819:9389700
BruceChen 07:54:39.310 [main] INFO  edu.bjut.homo.myMain - meter_3354483323105772141:report
BruceChen 07:54:39.310 [main] INFO  edu.bjut.homo.myMain - meter_3354483323105772141:9401700
BruceChen 07:54:39.310 [main] INFO  edu.bjut.homo.myMain - meter_202355583940885869:report
BruceChen 07:54:39.310 [main] INFO  edu.bjut.homo.myMain - meter_202355583940885869:9524400
BruceChen 07:54:39.310 [main] INFO  edu.bjut.homo.myMain - meter_7850039650535282093:report
BruceChen 07:54:39.310 [main] INFO  edu.bjut.homo.myMain - meter_7850039650535282093:9346400
BruceChen 07:54:39.310 [main] INFO  edu.bjut.homo.myMain - meter_3526229752706153265:report
BruceChen 07:54:39.310 [main] INFO  edu.bjut.homo.myMain - meter_3526229752706153265:12087700
BruceChen 07:54:39.310 [main] INFO  edu.bjut.homo.myMain - meter_4943386691354963515:report
BruceChen 07:54:39.310 [main] INFO  edu.bjut.homo.myMain - meter_4943386691354963515:9935200
BruceChen 07:54:39.310 [main] INFO  edu.bjut.homo.myMain - meter_7965094554111969555:report
BruceChen 07:54:39.310 [main] INFO  edu.bjut.homo.myMain - meter_7965094554111969555:9877300
BruceChen 07:54:39.310 [main] INFO  edu.bjut.homo.myMain - meter_7747025564489141301:report
BruceChen 07:54:39.310 [main] INFO  edu.bjut.homo.myMain - meter_7747025564489141301:9418400
BruceChen 07:54:39.310 [main] INFO  edu.bjut.homo.myMain - meter_4709725087338321395:report
BruceChen 07:54:39.310 [main] INFO  edu.bjut.homo.myMain - meter_4709725087338321395:9366200
BruceChen 07:54:39.310 [main] INFO  edu.bjut.homo.myMain - meter_5345297861017726943:report
BruceChen 07:54:39.310 [main] INFO  edu.bjut.homo.myMain - meter_5345297861017726943:9381300
BruceChen 07:54:39.310 [main] INFO  edu.bjut.homo.myMain - meter_2317000483570200321:report
BruceChen 07:54:39.310 [main] INFO  edu.bjut.homo.myMain - meter_2317000483570200321:9412400
BruceChen 07:54:39.310 [main] INFO  edu.bjut.homo.myMain - meter_1299461625324837857:report
BruceChen 07:54:39.310 [main] INFO  edu.bjut.homo.myMain - meter_1299461625324837857:9387400
BruceChen 07:54:39.310 [main] INFO  edu.bjut.homo.myMain - meter_6011828226183419717:report
BruceChen 07:54:39.310 [main] INFO  edu.bjut.homo.myMain - meter_6011828226183419717:9424700
BruceChen 07:54:39.310 [main] INFO  edu.bjut.homo.myMain - meter_1650470118387727819:report
BruceChen 07:54:39.310 [main] INFO  edu.bjut.homo.myMain - meter_1650470118387727819:9392400
BruceChen 07:54:39.310 [main] INFO  edu.bjut.homo.myMain - meter_5523526659482754149:report
BruceChen 07:54:39.310 [main] INFO  edu.bjut.homo.myMain - meter_5523526659482754149:9424600
BruceChen 07:54:42.774 [main] INFO  edu.bjut.homo.myMain - meterRegTime
BruceChen 07:54:43.148 [main] INFO  edu.bjut.homo.myMain - kgc:reg_response,reg_response,reg_response,reg_response,reg_response,reg_response,reg_response,reg_response,reg_response,reg_response,reg_response,reg_response,reg_response,reg_response,reg_response,reg_response,reg_response,reg_response,reg_response,reg_response,reg_response,reg_response,reg_response,reg_response,reg_response,reg_response,reg_response,reg_response,reg_response,reg_response,reg_response,reg_response,reg_response,reg_response,reg_response,reg_response,reg_response,reg_response,reg_response,reg_response,reg_response,reg_response,reg_response,reg_response,reg_response,reg_response,reg_response,reg_response,reg_response,reg_response
BruceChen 07:54:43.148 [main] INFO  edu.bjut.homo.myMain - kgc:7239800,7159400,7225900,7270100,7189400,7323900,7238000,7130700,7132500,7122900,7143000,7427100,7120500,7191700,7137300,7174300,7235400,7280500,7126800,7170500,7106000,7137800,7122700,7125000,7135400,7221900,7142900,7116000,7286200,7130000,7201800,7216900,7143700,7183300,7399100,7219100,7602300,7172500,7220000,7189600,7127700,7236100,7131100,9983600,7417800,7304800,7304300,7135800,7062300,7507800
BruceChen 07:54:43.148 [main] INFO  edu.bjut.homo.myMain - meter_7172444053633894643:reg,reg_response
BruceChen 07:54:43.148 [main] INFO  edu.bjut.homo.myMain - meter_7172444053633894643:40600,39500
BruceChen 07:54:43.148 [main] INFO  edu.bjut.homo.myMain - meter_4584863663924796785:reg,reg_response
BruceChen 07:54:43.148 [main] INFO  edu.bjut.homo.myMain - meter_4584863663924796785:8900,61300
BruceChen 07:54:43.148 [main] INFO  edu.bjut.homo.myMain - meter_4480258820573246643:reg,reg_response
BruceChen 07:54:43.148 [main] INFO  edu.bjut.homo.myMain - meter_4480258820573246643:10100,63000
BruceChen 07:54:43.148 [main] INFO  edu.bjut.homo.myMain - meter_1610739276340273985:reg,reg_response
BruceChen 07:54:43.148 [main] INFO  edu.bjut.homo.myMain - meter_1610739276340273985:14200,55100
BruceChen 07:54:43.148 [main] INFO  edu.bjut.homo.myMain - meter_6672799034598494599:reg,reg_response
BruceChen 07:54:43.148 [main] INFO  edu.bjut.homo.myMain - meter_6672799034598494599:8400,43200
BruceChen 07:54:43.148 [main] INFO  edu.bjut.homo.myMain - meter_4866803917926808579:reg,reg_response
BruceChen 07:54:43.148 [main] INFO  edu.bjut.homo.myMain - meter_4866803917926808579:7500,32700
BruceChen 07:54:43.148 [main] INFO  edu.bjut.homo.myMain - meter_8318391178282789487:reg,reg_response
BruceChen 07:54:43.148 [main] INFO  edu.bjut.homo.myMain - meter_8318391178282789487:7700,34500
BruceChen 07:54:43.148 [main] INFO  edu.bjut.homo.myMain - meter_7536524434546855551:reg,reg_response
BruceChen 07:54:43.148 [main] INFO  edu.bjut.homo.myMain - meter_7536524434546855551:7700,30200
BruceChen 07:54:43.148 [main] INFO  edu.bjut.homo.myMain - meter_7001956335915659251:reg,reg_response
BruceChen 07:54:43.148 [main] INFO  edu.bjut.homo.myMain - meter_7001956335915659251:6600,32400
BruceChen 07:54:43.148 [main] INFO  edu.bjut.homo.myMain - meter_5670907215555129829:reg,reg_response
BruceChen 07:54:43.148 [main] INFO  edu.bjut.homo.myMain - meter_5670907215555129829:6900,30300
BruceChen 07:54:43.148 [main] INFO  edu.bjut.homo.myMain - meter_958541714191398347:reg,reg_response
BruceChen 07:54:43.148 [main] INFO  edu.bjut.homo.myMain - meter_958541714191398347:6900,32300
BruceChen 07:54:43.148 [main] INFO  edu.bjut.homo.myMain - meter_4704167733855528511:reg,reg_response
BruceChen 07:54:43.148 [main] INFO  edu.bjut.homo.myMain - meter_4704167733855528511:6700,32800
BruceChen 07:54:43.148 [main] INFO  edu.bjut.homo.myMain - meter_5267682913497006105:reg,reg_response
BruceChen 07:54:43.148 [main] INFO  edu.bjut.homo.myMain - meter_5267682913497006105:7100,30400
BruceChen 07:54:43.148 [main] INFO  edu.bjut.homo.myMain - meter_2322557832758089131:reg,reg_response
BruceChen 07:54:43.148 [main] INFO  edu.bjut.homo.myMain - meter_2322557832758089131:6900,32400
BruceChen 07:54:43.148 [main] INFO  edu.bjut.homo.myMain - meter_8320401688775509139:reg,reg_response
BruceChen 07:54:43.148 [main] INFO  edu.bjut.homo.myMain - meter_8320401688775509139:6800,33200
BruceChen 07:54:43.148 [main] INFO  edu.bjut.homo.myMain - meter_7277414221053024903:reg,reg_response
BruceChen 07:54:43.148 [main] INFO  edu.bjut.homo.myMain - meter_7277414221053024903:6900,37500
BruceChen 07:54:43.148 [main] INFO  edu.bjut.homo.myMain - meter_1828472370473242363:reg,reg_response
BruceChen 07:54:43.148 [main] INFO  edu.bjut.homo.myMain - meter_1828472370473242363:7200,30500
BruceChen 07:54:43.148 [main] INFO  edu.bjut.homo.myMain - meter_8335015962474069631:reg,reg_response
BruceChen 07:54:43.148 [main] INFO  edu.bjut.homo.myMain - meter_8335015962474069631:6700,29800
BruceChen 07:54:43.148 [main] INFO  edu.bjut.homo.myMain - meter_1495683268973769025:reg,reg_response
BruceChen 07:54:43.148 [main] INFO  edu.bjut.homo.myMain - meter_1495683268973769025:6900,32200
BruceChen 07:54:43.148 [main] INFO  edu.bjut.homo.myMain - meter_7409093913132735983:reg,reg_response
BruceChen 07:54:43.148 [main] INFO  edu.bjut.homo.myMain - meter_7409093913132735983:6700,30400
BruceChen 07:54:43.148 [main] INFO  edu.bjut.homo.myMain - meter_2483884730205706339:reg,reg_response
BruceChen 07:54:43.148 [main] INFO  edu.bjut.homo.myMain - meter_2483884730205706339:6600,29700
BruceChen 07:54:43.148 [main] INFO  edu.bjut.homo.myMain - meter_7202476625460140417:reg,reg_response
BruceChen 07:54:43.148 [main] INFO  edu.bjut.homo.myMain - meter_7202476625460140417:6800,30200
BruceChen 07:54:43.148 [main] INFO  edu.bjut.homo.myMain - meter_1708525855337251219:reg,reg_response
BruceChen 07:54:43.148 [main] INFO  edu.bjut.homo.myMain - meter_1708525855337251219:13100,30400
BruceChen 07:54:43.148 [main] INFO  edu.bjut.homo.myMain - meter_6998740438854128071:reg,reg_response
BruceChen 07:54:43.148 [main] INFO  edu.bjut.homo.myMain - meter_6998740438854128071:6800,29900
BruceChen 07:54:43.148 [main] INFO  edu.bjut.homo.myMain - meter_7068762026691340583:reg,reg_response
BruceChen 07:54:43.148 [main] INFO  edu.bjut.homo.myMain - meter_7068762026691340583:6800,29800
BruceChen 07:54:43.148 [main] INFO  edu.bjut.homo.myMain - meter_1041996589649564685:reg,reg_response
BruceChen 07:54:43.148 [main] INFO  edu.bjut.homo.myMain - meter_1041996589649564685:6800,31600
BruceChen 07:54:43.148 [main] INFO  edu.bjut.homo.myMain - meter_8726452671386936093:reg,reg_response
BruceChen 07:54:43.148 [main] INFO  edu.bjut.homo.myMain - meter_8726452671386936093:6600,31200
BruceChen 07:54:43.148 [main] INFO  edu.bjut.homo.myMain - meter_2955196184352543221:reg,reg_response
BruceChen 07:54:43.148 [main] INFO  edu.bjut.homo.myMain - meter_2955196184352543221:6700,30400
BruceChen 07:54:43.148 [main] INFO  edu.bjut.homo.myMain - meter_6774446154852027569:reg,reg_response
BruceChen 07:54:43.148 [main] INFO  edu.bjut.homo.myMain - meter_6774446154852027569:6900,30100
BruceChen 07:54:43.148 [main] INFO  edu.bjut.homo.myMain - meter_4907203796087335295:reg,reg_response
BruceChen 07:54:43.148 [main] INFO  edu.bjut.homo.myMain - meter_4907203796087335295:8700,31900
BruceChen 07:54:43.148 [main] INFO  edu.bjut.homo.myMain - meter_6712917446372180077:reg,reg_response
BruceChen 07:54:43.148 [main] INFO  edu.bjut.homo.myMain - meter_6712917446372180077:6700,30200
BruceChen 07:54:43.148 [main] INFO  edu.bjut.homo.myMain - meter_7984061894219363149:reg,reg_response
BruceChen 07:54:43.148 [main] INFO  edu.bjut.homo.myMain - meter_7984061894219363149:6900,34300
BruceChen 07:54:43.148 [main] INFO  edu.bjut.homo.myMain - meter_4312729929742845319:reg,reg_response
BruceChen 07:54:43.148 [main] INFO  edu.bjut.homo.myMain - meter_4312729929742845319:6700,32500
BruceChen 07:54:43.148 [main] INFO  edu.bjut.homo.myMain - meter_7015365223045407293:reg,reg_response
BruceChen 07:54:43.148 [main] INFO  edu.bjut.homo.myMain - meter_7015365223045407293:7000,40900
BruceChen 07:54:43.148 [main] INFO  edu.bjut.homo.myMain - meter_4892203052157328169:reg,reg_response
BruceChen 07:54:43.148 [main] INFO  edu.bjut.homo.myMain - meter_4892203052157328169:6900,37100
BruceChen 07:54:43.148 [main] INFO  edu.bjut.homo.myMain - meter_3923224906006661375:reg,reg_response
BruceChen 07:54:43.148 [main] INFO  edu.bjut.homo.myMain - meter_3923224906006661375:8300,30400
BruceChen 07:54:43.148 [main] INFO  edu.bjut.homo.myMain - meter_600018682449551375:reg,reg_response
BruceChen 07:54:43.148 [main] INFO  edu.bjut.homo.myMain - meter_600018682449551375:5900,39800
BruceChen 07:54:43.148 [main] INFO  edu.bjut.homo.myMain - meter_4228352237892459893:reg,reg_response
BruceChen 07:54:43.148 [main] INFO  edu.bjut.homo.myMain - meter_4228352237892459893:6100,29400
BruceChen 07:54:43.148 [main] INFO  edu.bjut.homo.myMain - meter_484295837959608883:reg,reg_response
BruceChen 07:54:43.148 [main] INFO  edu.bjut.homo.myMain - meter_484295837959608883:6300,28300
BruceChen 07:54:43.148 [main] INFO  edu.bjut.homo.myMain - meter_2290677424862741529:reg,reg_response
BruceChen 07:54:43.148 [main] INFO  edu.bjut.homo.myMain - meter_2290677424862741529:6000,27000
BruceChen 07:54:43.148 [main] INFO  edu.bjut.homo.myMain - meter_8830134694051299717:reg,reg_response
BruceChen 07:54:43.148 [main] INFO  edu.bjut.homo.myMain - meter_8830134694051299717:5900,29300
BruceChen 07:54:43.148 [main] INFO  edu.bjut.homo.myMain - meter_6060333418270048173:reg,reg_response
BruceChen 07:54:43.148 [main] INFO  edu.bjut.homo.myMain - meter_6060333418270048173:6100,28600
BruceChen 07:54:43.148 [main] INFO  edu.bjut.homo.myMain - meter_8647913807995988737:reg,reg_response
BruceChen 07:54:43.148 [main] INFO  edu.bjut.homo.myMain - meter_8647913807995988737:5900,29200
BruceChen 07:54:43.148 [main] INFO  edu.bjut.homo.myMain - meter_2165480105959354733:reg,reg_response
BruceChen 07:54:43.148 [main] INFO  edu.bjut.homo.myMain - meter_2165480105959354733:6100,29800
BruceChen 07:54:43.148 [main] INFO  edu.bjut.homo.myMain - meter_8851649994585224209:reg,reg_response
BruceChen 07:54:43.148 [main] INFO  edu.bjut.homo.myMain - meter_8851649994585224209:6300,63200
BruceChen 07:54:43.148 [main] INFO  edu.bjut.homo.myMain - meter_8511062133186726475:reg,reg_response
BruceChen 07:54:43.148 [main] INFO  edu.bjut.homo.myMain - meter_8511062133186726475:6300,26200
BruceChen 07:54:43.148 [main] INFO  edu.bjut.homo.myMain - meter_67459990521321257:reg,reg_response
BruceChen 07:54:43.148 [main] INFO  edu.bjut.homo.myMain - meter_67459990521321257:5800,25900
BruceChen 07:54:43.148 [main] INFO  edu.bjut.homo.myMain - meter_3551679457383225109:reg,reg_response
BruceChen 07:54:43.148 [main] INFO  edu.bjut.homo.myMain - meter_3551679457383225109:5900,27900
BruceChen 07:54:43.148 [main] INFO  edu.bjut.homo.myMain - meter_3204478736140702397:reg,reg_response
BruceChen 07:54:43.148 [main] INFO  edu.bjut.homo.myMain - meter_3204478736140702397:5600,25800
BruceChen 07:54:43.148 [main] INFO  edu.bjut.homo.myMain - meter_5142153549170357387:reg,reg_response
BruceChen 07:54:43.148 [main] INFO  edu.bjut.homo.myMain - meter_5142153549170357387:5400,26000
BruceChen 07:54:43.148 [main] INFO  edu.bjut.homo.myMain - oneTimeMeterRepTime
BruceChen 07:54:43.876 [main] INFO  edu.bjut.homo.myMain - agg:resp_agg
BruceChen 07:54:43.876 [main] INFO  edu.bjut.homo.myMain - agg:247324200
BruceChen 07:54:43.876 [main] INFO  edu.bjut.homo.myMain - server:report_res
BruceChen 07:54:43.876 [main] INFO  edu.bjut.homo.myMain - server:13970900
BruceChen 07:54:43.876 [main] INFO  edu.bjut.homo.myMain - meter_7172444053633894643:report
BruceChen 07:54:43.876 [main] INFO  edu.bjut.homo.myMain - meter_7172444053633894643:10116500
BruceChen 07:54:43.876 [main] INFO  edu.bjut.homo.myMain - meter_4584863663924796785:report
BruceChen 07:54:43.876 [main] INFO  edu.bjut.homo.myMain - meter_4584863663924796785:9441700
BruceChen 07:54:43.876 [main] INFO  edu.bjut.homo.myMain - meter_4480258820573246643:report
BruceChen 07:54:43.876 [main] INFO  edu.bjut.homo.myMain - meter_4480258820573246643:9488800
BruceChen 07:54:43.876 [main] INFO  edu.bjut.homo.myMain - meter_1610739276340273985:report
BruceChen 07:54:43.876 [main] INFO  edu.bjut.homo.myMain - meter_1610739276340273985:9415600
BruceChen 07:54:43.876 [main] INFO  edu.bjut.homo.myMain - meter_6672799034598494599:report
BruceChen 07:54:43.876 [main] INFO  edu.bjut.homo.myMain - meter_6672799034598494599:9467100
BruceChen 07:54:43.876 [main] INFO  edu.bjut.homo.myMain - meter_4866803917926808579:report
BruceChen 07:54:43.876 [main] INFO  edu.bjut.homo.myMain - meter_4866803917926808579:9671900
BruceChen 07:54:43.876 [main] INFO  edu.bjut.homo.myMain - meter_8318391178282789487:report
BruceChen 07:54:43.876 [main] INFO  edu.bjut.homo.myMain - meter_8318391178282789487:9433700
BruceChen 07:54:43.876 [main] INFO  edu.bjut.homo.myMain - meter_7536524434546855551:report
BruceChen 07:54:43.876 [main] INFO  edu.bjut.homo.myMain - meter_7536524434546855551:9434100
BruceChen 07:54:43.876 [main] INFO  edu.bjut.homo.myMain - meter_7001956335915659251:report
BruceChen 07:54:43.876 [main] INFO  edu.bjut.homo.myMain - meter_7001956335915659251:9442500
BruceChen 07:54:43.891 [main] INFO  edu.bjut.homo.myMain - meter_5670907215555129829:report
BruceChen 07:54:43.891 [main] INFO  edu.bjut.homo.myMain - meter_5670907215555129829:9397500
BruceChen 07:54:43.891 [main] INFO  edu.bjut.homo.myMain - meter_958541714191398347:report
BruceChen 07:54:43.891 [main] INFO  edu.bjut.homo.myMain - meter_958541714191398347:9376600
BruceChen 07:54:43.891 [main] INFO  edu.bjut.homo.myMain - meter_4704167733855528511:report
BruceChen 07:54:43.891 [main] INFO  edu.bjut.homo.myMain - meter_4704167733855528511:9381400
BruceChen 07:54:43.891 [main] INFO  edu.bjut.homo.myMain - meter_5267682913497006105:report
BruceChen 07:54:43.891 [main] INFO  edu.bjut.homo.myMain - meter_5267682913497006105:9367900
BruceChen 07:54:43.891 [main] INFO  edu.bjut.homo.myMain - meter_2322557832758089131:report
BruceChen 07:54:43.891 [main] INFO  edu.bjut.homo.myMain - meter_2322557832758089131:9382800
BruceChen 07:54:43.891 [main] INFO  edu.bjut.homo.myMain - meter_8320401688775509139:report
BruceChen 07:54:43.891 [main] INFO  edu.bjut.homo.myMain - meter_8320401688775509139:9341300
BruceChen 07:54:43.891 [main] INFO  edu.bjut.homo.myMain - meter_7277414221053024903:report
BruceChen 07:54:43.891 [main] INFO  edu.bjut.homo.myMain - meter_7277414221053024903:9353000
BruceChen 07:54:43.891 [main] INFO  edu.bjut.homo.myMain - meter_1828472370473242363:report
BruceChen 07:54:43.891 [main] INFO  edu.bjut.homo.myMain - meter_1828472370473242363:9435800
BruceChen 07:54:43.891 [main] INFO  edu.bjut.homo.myMain - meter_8335015962474069631:report
BruceChen 07:54:43.891 [main] INFO  edu.bjut.homo.myMain - meter_8335015962474069631:9444000
BruceChen 07:54:43.891 [main] INFO  edu.bjut.homo.myMain - meter_1495683268973769025:report
BruceChen 07:54:43.891 [main] INFO  edu.bjut.homo.myMain - meter_1495683268973769025:9390900
BruceChen 07:54:43.891 [main] INFO  edu.bjut.homo.myMain - meter_7409093913132735983:report
BruceChen 07:54:43.891 [main] INFO  edu.bjut.homo.myMain - meter_7409093913132735983:9330600
BruceChen 07:54:43.891 [main] INFO  edu.bjut.homo.myMain - meter_2483884730205706339:report
BruceChen 07:54:43.891 [main] INFO  edu.bjut.homo.myMain - meter_2483884730205706339:9350200
BruceChen 07:54:43.891 [main] INFO  edu.bjut.homo.myMain - meter_7202476625460140417:report
BruceChen 07:54:43.891 [main] INFO  edu.bjut.homo.myMain - meter_7202476625460140417:9272000
BruceChen 07:54:43.891 [main] INFO  edu.bjut.homo.myMain - meter_1708525855337251219:report
BruceChen 07:54:43.891 [main] INFO  edu.bjut.homo.myMain - meter_1708525855337251219:9341200
BruceChen 07:54:43.891 [main] INFO  edu.bjut.homo.myMain - meter_6998740438854128071:report
BruceChen 07:54:43.891 [main] INFO  edu.bjut.homo.myMain - meter_6998740438854128071:9283500
BruceChen 07:54:43.891 [main] INFO  edu.bjut.homo.myMain - meter_7068762026691340583:report
BruceChen 07:54:43.891 [main] INFO  edu.bjut.homo.myMain - meter_7068762026691340583:9287700
BruceChen 07:54:43.891 [main] INFO  edu.bjut.homo.myMain - meter_1041996589649564685:report
BruceChen 07:54:43.891 [main] INFO  edu.bjut.homo.myMain - meter_1041996589649564685:9302900
BruceChen 07:54:43.891 [main] INFO  edu.bjut.homo.myMain - meter_8726452671386936093:report
BruceChen 07:54:43.891 [main] INFO  edu.bjut.homo.myMain - meter_8726452671386936093:9279200
BruceChen 07:54:43.891 [main] INFO  edu.bjut.homo.myMain - meter_2955196184352543221:report
BruceChen 07:54:43.891 [main] INFO  edu.bjut.homo.myMain - meter_2955196184352543221:9286300
BruceChen 07:54:43.891 [main] INFO  edu.bjut.homo.myMain - meter_6774446154852027569:report
BruceChen 07:54:43.891 [main] INFO  edu.bjut.homo.myMain - meter_6774446154852027569:9261500
BruceChen 07:54:43.891 [main] INFO  edu.bjut.homo.myMain - meter_4907203796087335295:report
BruceChen 07:54:43.891 [main] INFO  edu.bjut.homo.myMain - meter_4907203796087335295:9323400
BruceChen 07:54:43.891 [main] INFO  edu.bjut.homo.myMain - meter_6712917446372180077:report
BruceChen 07:54:43.891 [main] INFO  edu.bjut.homo.myMain - meter_6712917446372180077:9378400
BruceChen 07:54:43.891 [main] INFO  edu.bjut.homo.myMain - meter_7984061894219363149:report
BruceChen 07:54:43.891 [main] INFO  edu.bjut.homo.myMain - meter_7984061894219363149:9345300
BruceChen 07:54:43.891 [main] INFO  edu.bjut.homo.myMain - meter_4312729929742845319:report
BruceChen 07:54:43.891 [main] INFO  edu.bjut.homo.myMain - meter_4312729929742845319:9265300
BruceChen 07:54:43.891 [main] INFO  edu.bjut.homo.myMain - meter_7015365223045407293:report
BruceChen 07:54:43.891 [main] INFO  edu.bjut.homo.myMain - meter_7015365223045407293:11869900
BruceChen 07:54:43.891 [main] INFO  edu.bjut.homo.myMain - meter_4892203052157328169:report
BruceChen 07:54:43.891 [main] INFO  edu.bjut.homo.myMain - meter_4892203052157328169:9403700
BruceChen 07:54:43.891 [main] INFO  edu.bjut.homo.myMain - meter_3923224906006661375:report
BruceChen 07:54:43.891 [main] INFO  edu.bjut.homo.myMain - meter_3923224906006661375:9388800
BruceChen 07:54:43.891 [main] INFO  edu.bjut.homo.myMain - meter_600018682449551375:report
BruceChen 07:54:43.891 [main] INFO  edu.bjut.homo.myMain - meter_600018682449551375:9356500
BruceChen 07:54:43.891 [main] INFO  edu.bjut.homo.myMain - meter_4228352237892459893:report
BruceChen 07:54:43.891 [main] INFO  edu.bjut.homo.myMain - meter_4228352237892459893:9377300
BruceChen 07:54:43.891 [main] INFO  edu.bjut.homo.myMain - meter_484295837959608883:report
BruceChen 07:54:43.891 [main] INFO  edu.bjut.homo.myMain - meter_484295837959608883:9439300
BruceChen 07:54:43.891 [main] INFO  edu.bjut.homo.myMain - meter_2290677424862741529:report
BruceChen 07:54:43.891 [main] INFO  edu.bjut.homo.myMain - meter_2290677424862741529:9385800
BruceChen 07:54:43.891 [main] INFO  edu.bjut.homo.myMain - meter_8830134694051299717:report
BruceChen 07:54:43.891 [main] INFO  edu.bjut.homo.myMain - meter_8830134694051299717:9360100
BruceChen 07:54:43.891 [main] INFO  edu.bjut.homo.myMain - meter_6060333418270048173:report
BruceChen 07:54:43.891 [main] INFO  edu.bjut.homo.myMain - meter_6060333418270048173:9384800
BruceChen 07:54:43.891 [main] INFO  edu.bjut.homo.myMain - meter_8647913807995988737:report
BruceChen 07:54:43.891 [main] INFO  edu.bjut.homo.myMain - meter_8647913807995988737:9392000
BruceChen 07:54:43.891 [main] INFO  edu.bjut.homo.myMain - meter_2165480105959354733:report
BruceChen 07:54:43.891 [main] INFO  edu.bjut.homo.myMain - meter_2165480105959354733:9540800
BruceChen 07:54:43.891 [main] INFO  edu.bjut.homo.myMain - meter_8851649994585224209:report
BruceChen 07:54:43.891 [main] INFO  edu.bjut.homo.myMain - meter_8851649994585224209:9366300
BruceChen 07:54:43.891 [main] INFO  edu.bjut.homo.myMain - meter_8511062133186726475:report
BruceChen 07:54:43.891 [main] INFO  edu.bjut.homo.myMain - meter_8511062133186726475:9349800
BruceChen 07:54:43.891 [main] INFO  edu.bjut.homo.myMain - meter_67459990521321257:report
BruceChen 07:54:43.891 [main] INFO  edu.bjut.homo.myMain - meter_67459990521321257:9356900
BruceChen 07:54:43.891 [main] INFO  edu.bjut.homo.myMain - meter_3551679457383225109:report
BruceChen 07:54:43.891 [main] INFO  edu.bjut.homo.myMain - meter_3551679457383225109:9442800
BruceChen 07:54:43.891 [main] INFO  edu.bjut.homo.myMain - meter_3204478736140702397:report
BruceChen 07:54:43.891 [main] INFO  edu.bjut.homo.myMain - meter_3204478736140702397:9329800
BruceChen 07:54:43.891 [main] INFO  edu.bjut.homo.myMain - meter_5142153549170357387:report
BruceChen 07:54:43.891 [main] INFO  edu.bjut.homo.myMain - meter_5142153549170357387:9336500
BruceChen 07:54:46.395 [main] INFO  edu.bjut.homo.myMain - meterRegTime
BruceChen 07:54:46.676 [main] INFO  edu.bjut.homo.myMain - kgc:reg_response,reg_response,reg_response,reg_response,reg_response,reg_response,reg_response,reg_response,reg_response,reg_response,reg_response,reg_response,reg_response,reg_response,reg_response,reg_response,reg_response,reg_response,reg_response,reg_response,reg_response,reg_response,reg_response,reg_response,reg_response,reg_response,reg_response,reg_response,reg_response,reg_response,reg_response,reg_response,reg_response,reg_response,reg_response,reg_response,reg_response,reg_response,reg_response,reg_response
BruceChen 07:54:46.676 [main] INFO  edu.bjut.homo.myMain - kgc:7251700,7297200,7183300,7101200,7293400,7141300,7240900,7089300,7123500,7087400,7448000,7103500,7145200,7487800,7102000,7127700,7139600,7193500,7419200,7293600,7093000,7241000,7337700,7112800,7088900,7126400,7107700,7137800,7282400,7081800,7137400,7192700,7146300,7103400,7205500,7120300,7186900,7111600,7147500,7109900
BruceChen 07:54:46.676 [main] INFO  edu.bjut.homo.myMain - meter_2366281866168801493:reg,reg_response
BruceChen 07:54:46.676 [main] INFO  edu.bjut.homo.myMain - meter_2366281866168801493:30600,25000
BruceChen 07:54:46.676 [main] INFO  edu.bjut.homo.myMain - meter_5850501328735803037:reg,reg_response
BruceChen 07:54:46.676 [main] INFO  edu.bjut.homo.myMain - meter_5850501328735803037:6200,24500
BruceChen 07:54:46.676 [main] INFO  edu.bjut.homo.myMain - meter_2593381180788036915:reg,reg_response
BruceChen 07:54:46.676 [main] INFO  edu.bjut.homo.myMain - meter_2593381180788036915:6200,21600
BruceChen 07:54:46.676 [main] INFO  edu.bjut.homo.myMain - meter_3282094783139432479:reg,reg_response
BruceChen 07:54:46.676 [main] INFO  edu.bjut.homo.myMain - meter_3282094783139432479:5600,21500
BruceChen 07:54:46.676 [main] INFO  edu.bjut.homo.myMain - meter_6418857549489968771:reg,reg_response
BruceChen 07:54:46.676 [main] INFO  edu.bjut.homo.myMain - meter_6418857549489968771:7800,22600
BruceChen 07:54:46.676 [main] INFO  edu.bjut.homo.myMain - meter_7387578616877002229:reg,reg_response
BruceChen 07:54:46.676 [main] INFO  edu.bjut.homo.myMain - meter_7387578616877002229:6300,22500
BruceChen 07:54:46.676 [main] INFO  edu.bjut.homo.myMain - meter_3063768719064584351:reg,reg_response
BruceChen 07:54:46.676 [main] INFO  edu.bjut.homo.myMain - meter_3063768719064584351:5900,32200
BruceChen 07:54:46.676 [main] INFO  edu.bjut.homo.myMain - meter_5147712002131223217:reg,reg_response
BruceChen 07:54:46.676 [main] INFO  edu.bjut.homo.myMain - meter_5147712002131223217:5900,41100
BruceChen 07:54:46.676 [main] INFO  edu.bjut.homo.myMain - meter_5783284775810628843:reg,reg_response
BruceChen 07:54:46.676 [main] INFO  edu.bjut.homo.myMain - meter_5783284775810628843:5600,20500
BruceChen 07:54:46.676 [main] INFO  edu.bjut.homo.myMain - meter_8356531263008059327:reg,reg_response
BruceChen 07:54:46.676 [main] INFO  edu.bjut.homo.myMain - meter_8356531263008059327:5400,20700
BruceChen 07:54:46.676 [main] INFO  edu.bjut.homo.myMain - meter_3699341492743989783:reg,reg_response
BruceChen 07:54:46.676 [main] INFO  edu.bjut.homo.myMain - meter_3699341492743989783:5400,20300
BruceChen 07:54:46.676 [main] INFO  edu.bjut.homo.myMain - meter_7085386815177653685:reg,reg_response
BruceChen 07:54:46.676 [main] INFO  edu.bjut.homo.myMain - meter_7085386815177653685:5700,23700
BruceChen 07:54:46.676 [main] INFO  edu.bjut.homo.myMain - meter_4668038159606266751:reg,reg_response
BruceChen 07:54:46.676 [main] INFO  edu.bjut.homo.myMain - meter_4668038159606266751:5300,22200
BruceChen 07:54:46.676 [main] INFO  edu.bjut.homo.myMain - meter_6449814041498246497:reg,reg_response
BruceChen 07:54:46.676 [main] INFO  edu.bjut.homo.myMain - meter_6449814041498246497:5700,31700
BruceChen 07:54:46.676 [main] INFO  edu.bjut.homo.myMain - meter_2329632076364667965:reg,reg_response
BruceChen 07:54:46.676 [main] INFO  edu.bjut.homo.myMain - meter_2329632076364667965:5500,33400
BruceChen 07:54:46.676 [main] INFO  edu.bjut.homo.myMain - meter_5898472329527637007:reg,reg_response
BruceChen 07:54:46.676 [main] INFO  edu.bjut.homo.myMain - meter_5898472329527637007:7500,34100
BruceChen 07:54:46.676 [main] INFO  edu.bjut.homo.myMain - meter_1807346798826492529:reg,reg_response
BruceChen 07:54:46.676 [main] INFO  edu.bjut.homo.myMain - meter_1807346798826492529:5900,21700
BruceChen 07:54:46.676 [main] INFO  edu.bjut.homo.myMain - meter_6766446895829977685:reg,reg_response
BruceChen 07:54:46.676 [main] INFO  edu.bjut.homo.myMain - meter_6766446895829977685:9100,27500
BruceChen 07:54:46.676 [main] INFO  edu.bjut.homo.myMain - meter_3469097931660477359:reg,reg_response
BruceChen 07:54:46.676 [main] INFO  edu.bjut.homo.myMain - meter_3469097931660477359:5500,26900
BruceChen 07:54:46.676 [main] INFO  edu.bjut.homo.myMain - meter_4881912915767280351:reg,reg_response
BruceChen 07:54:46.676 [main] INFO  edu.bjut.homo.myMain - meter_4881912915767280351:5900,18900
BruceChen 07:54:46.676 [main] INFO  edu.bjut.homo.myMain - meter_5281575421474998693:reg,reg_response
BruceChen 07:54:46.676 [main] INFO  edu.bjut.homo.myMain - meter_5281575421474998693:5400,19700
BruceChen 07:54:46.676 [main] INFO  edu.bjut.homo.myMain - meter_7305639532064548423:reg,reg_response
BruceChen 07:54:46.676 [main] INFO  edu.bjut.homo.myMain - meter_7305639532064548423:5700,18700
BruceChen 07:54:46.676 [main] INFO  edu.bjut.homo.myMain - meter_1593338297325274453:reg,reg_response
BruceChen 07:54:46.676 [main] INFO  edu.bjut.homo.myMain - meter_1593338297325274453:5600,19300
BruceChen 07:54:46.676 [main] INFO  edu.bjut.homo.myMain - meter_5100263380366885599:reg,reg_response
BruceChen 07:54:46.676 [main] INFO  edu.bjut.homo.myMain - meter_5100263380366885599:5500,19000
BruceChen 07:54:46.676 [main] INFO  edu.bjut.homo.myMain - meter_7934578361454324645:reg,reg_response
BruceChen 07:54:46.676 [main] INFO  edu.bjut.homo.myMain - meter_7934578361454324645:5400,18600
BruceChen 07:54:46.676 [main] INFO  edu.bjut.homo.myMain - meter_7303347546578339801:reg,reg_response
BruceChen 07:54:46.676 [main] INFO  edu.bjut.homo.myMain - meter_7303347546578339801:5400,19000
BruceChen 07:54:46.676 [main] INFO  edu.bjut.homo.myMain - meter_6570561147687750619:reg,reg_response
BruceChen 07:54:46.676 [main] INFO  edu.bjut.homo.myMain - meter_6570561147687750619:5500,19000
BruceChen 07:54:46.676 [main] INFO  edu.bjut.homo.myMain - meter_6686691542576486677:reg,reg_response
BruceChen 07:54:46.676 [main] INFO  edu.bjut.homo.myMain - meter_6686691542576486677:5100,33100
BruceChen 07:54:46.676 [main] INFO  edu.bjut.homo.myMain - meter_7654594197415102755:reg,reg_response
BruceChen 07:54:46.676 [main] INFO  edu.bjut.homo.myMain - meter_7654594197415102755:5900,26600
BruceChen 07:54:46.676 [main] INFO  edu.bjut.homo.myMain - meter_8436178362384574021:reg,reg_response
BruceChen 07:54:46.676 [main] INFO  edu.bjut.homo.myMain - meter_8436178362384574021:5800,19100
BruceChen 07:54:46.676 [main] INFO  edu.bjut.homo.myMain - meter_1192459297460110023:reg,reg_response
BruceChen 07:54:46.676 [main] INFO  edu.bjut.homo.myMain - meter_1192459297460110023:5300,22800
BruceChen 07:54:46.676 [main] INFO  edu.bjut.homo.myMain - meter_4979126541012018001:reg,reg_response
BruceChen 07:54:46.676 [main] INFO  edu.bjut.homo.myMain - meter_4979126541012018001:5900,29100
BruceChen 07:54:46.676 [main] INFO  edu.bjut.homo.myMain - meter_2391547250780994353:reg,reg_response
BruceChen 07:54:46.676 [main] INFO  edu.bjut.homo.myMain - meter_2391547250780994353:6100,20800
BruceChen 07:54:46.676 [main] INFO  edu.bjut.homo.myMain - meter_1581297471188083889:reg,reg_response
BruceChen 07:54:46.676 [main] INFO  edu.bjut.homo.myMain - meter_1581297471188083889:5800,18500
BruceChen 07:54:46.676 [main] INFO  edu.bjut.homo.myMain - meter_3494497065874284675:reg,reg_response
BruceChen 07:54:46.676 [main] INFO  edu.bjut.homo.myMain - meter_3494497065874284675:5600,19800
BruceChen 07:54:46.676 [main] INFO  edu.bjut.homo.myMain - meter_7050773022984297673:reg,reg_response
BruceChen 07:54:46.676 [main] INFO  edu.bjut.homo.myMain - meter_7050773022984297673:5800,19000
BruceChen 07:54:46.676 [main] INFO  edu.bjut.homo.myMain - meter_7825080811343522435:reg,reg_response
BruceChen 07:54:46.676 [main] INFO  edu.bjut.homo.myMain - meter_7825080811343522435:5400,23300
BruceChen 07:54:46.676 [main] INFO  edu.bjut.homo.myMain - meter_2338406422108938765:reg,reg_response
BruceChen 07:54:46.676 [main] INFO  edu.bjut.homo.myMain - meter_2338406422108938765:5400,30400
BruceChen 07:54:46.676 [main] INFO  edu.bjut.homo.myMain - meter_4144401547370558819:reg,reg_response
BruceChen 07:54:46.676 [main] INFO  edu.bjut.homo.myMain - meter_4144401547370558819:5400,19000
BruceChen 07:54:46.676 [main] INFO  edu.bjut.homo.myMain - meter_5050389019202979685:reg,reg_response
BruceChen 07:54:46.676 [main] INFO  edu.bjut.homo.myMain - meter_5050389019202979685:7400,17900
BruceChen 07:54:46.676 [main] INFO  edu.bjut.homo.myMain - oneTimeMeterRepTime
BruceChen 07:54:47.270 [main] INFO  edu.bjut.homo.myMain - agg:resp_agg
BruceChen 07:54:47.270 [main] INFO  edu.bjut.homo.myMain - agg:197929100
BruceChen 07:54:47.270 [main] INFO  edu.bjut.homo.myMain - server:report_res
BruceChen 07:54:47.270 [main] INFO  edu.bjut.homo.myMain - server:14210600
BruceChen 07:54:47.270 [main] INFO  edu.bjut.homo.myMain - meter_2366281866168801493:report
BruceChen 07:54:47.270 [main] INFO  edu.bjut.homo.myMain - meter_2366281866168801493:9391600
BruceChen 07:54:47.270 [main] INFO  edu.bjut.homo.myMain - meter_5850501328735803037:report
BruceChen 07:54:47.270 [main] INFO  edu.bjut.homo.myMain - meter_5850501328735803037:9338400
BruceChen 07:54:47.270 [main] INFO  edu.bjut.homo.myMain - meter_2593381180788036915:report
BruceChen 07:54:47.270 [main] INFO  edu.bjut.homo.myMain - meter_2593381180788036915:9277000
BruceChen 07:54:47.270 [main] INFO  edu.bjut.homo.myMain - meter_3282094783139432479:report
BruceChen 07:54:47.270 [main] INFO  edu.bjut.homo.myMain - meter_3282094783139432479:9378400
BruceChen 07:54:47.270 [main] INFO  edu.bjut.homo.myMain - meter_6418857549489968771:report
BruceChen 07:54:47.270 [main] INFO  edu.bjut.homo.myMain - meter_6418857549489968771:9328800
BruceChen 07:54:47.270 [main] INFO  edu.bjut.homo.myMain - meter_7387578616877002229:report
BruceChen 07:54:47.270 [main] INFO  edu.bjut.homo.myMain - meter_7387578616877002229:9351900
BruceChen 07:54:47.270 [main] INFO  edu.bjut.homo.myMain - meter_3063768719064584351:report
BruceChen 07:54:47.270 [main] INFO  edu.bjut.homo.myMain - meter_3063768719064584351:9319800
BruceChen 07:54:47.270 [main] INFO  edu.bjut.homo.myMain - meter_5147712002131223217:report
BruceChen 07:54:47.270 [main] INFO  edu.bjut.homo.myMain - meter_5147712002131223217:9380400
BruceChen 07:54:47.270 [main] INFO  edu.bjut.homo.myMain - meter_5783284775810628843:report
BruceChen 07:54:47.270 [main] INFO  edu.bjut.homo.myMain - meter_5783284775810628843:9272100
BruceChen 07:54:47.270 [main] INFO  edu.bjut.homo.myMain - meter_8356531263008059327:report
BruceChen 07:54:47.270 [main] INFO  edu.bjut.homo.myMain - meter_8356531263008059327:9233500
BruceChen 07:54:47.270 [main] INFO  edu.bjut.homo.myMain - meter_3699341492743989783:report
BruceChen 07:54:47.270 [main] INFO  edu.bjut.homo.myMain - meter_3699341492743989783:9244300
BruceChen 07:54:47.270 [main] INFO  edu.bjut.homo.myMain - meter_7085386815177653685:report
BruceChen 07:54:47.270 [main] INFO  edu.bjut.homo.myMain - meter_7085386815177653685:9265000
BruceChen 07:54:47.270 [main] INFO  edu.bjut.homo.myMain - meter_4668038159606266751:report
BruceChen 07:54:47.270 [main] INFO  edu.bjut.homo.myMain - meter_4668038159606266751:9298300
BruceChen 07:54:47.270 [main] INFO  edu.bjut.homo.myMain - meter_6449814041498246497:report
BruceChen 07:54:47.270 [main] INFO  edu.bjut.homo.myMain - meter_6449814041498246497:10269700
BruceChen 07:54:47.270 [main] INFO  edu.bjut.homo.myMain - meter_2329632076364667965:report
BruceChen 07:54:47.270 [main] INFO  edu.bjut.homo.myMain - meter_2329632076364667965:9342900
BruceChen 07:54:47.270 [main] INFO  edu.bjut.homo.myMain - meter_5898472329527637007:report
BruceChen 07:54:47.270 [main] INFO  edu.bjut.homo.myMain - meter_5898472329527637007:9443800
BruceChen 07:54:47.270 [main] INFO  edu.bjut.homo.myMain - meter_1807346798826492529:report
BruceChen 07:54:47.270 [main] INFO  edu.bjut.homo.myMain - meter_1807346798826492529:9392000
BruceChen 07:54:47.270 [main] INFO  edu.bjut.homo.myMain - meter_6766446895829977685:report
BruceChen 07:54:47.270 [main] INFO  edu.bjut.homo.myMain - meter_6766446895829977685:11921200
BruceChen 07:54:47.270 [main] INFO  edu.bjut.homo.myMain - meter_3469097931660477359:report
BruceChen 07:54:47.270 [main] INFO  edu.bjut.homo.myMain - meter_3469097931660477359:9360000
BruceChen 07:54:47.270 [main] INFO  edu.bjut.homo.myMain - meter_4881912915767280351:report
BruceChen 07:54:47.270 [main] INFO  edu.bjut.homo.myMain - meter_4881912915767280351:9364000
BruceChen 07:54:47.270 [main] INFO  edu.bjut.homo.myMain - meter_5281575421474998693:report
BruceChen 07:54:47.270 [main] INFO  edu.bjut.homo.myMain - meter_5281575421474998693:9335600
BruceChen 07:54:47.270 [main] INFO  edu.bjut.homo.myMain - meter_7305639532064548423:report
BruceChen 07:54:47.270 [main] INFO  edu.bjut.homo.myMain - meter_7305639532064548423:9362400
BruceChen 07:54:47.270 [main] INFO  edu.bjut.homo.myMain - meter_1593338297325274453:report
BruceChen 07:54:47.270 [main] INFO  edu.bjut.homo.myMain - meter_1593338297325274453:9317400
BruceChen 07:54:47.270 [main] INFO  edu.bjut.homo.myMain - meter_5100263380366885599:report
BruceChen 07:54:47.270 [main] INFO  edu.bjut.homo.myMain - meter_5100263380366885599:9389600
BruceChen 07:54:47.270 [main] INFO  edu.bjut.homo.myMain - meter_7934578361454324645:report
BruceChen 07:54:47.270 [main] INFO  edu.bjut.homo.myMain - meter_7934578361454324645:9371700
BruceChen 07:54:47.270 [main] INFO  edu.bjut.homo.myMain - meter_7303347546578339801:report
BruceChen 07:54:47.270 [main] INFO  edu.bjut.homo.myMain - meter_7303347546578339801:9317000
BruceChen 07:54:47.270 [main] INFO  edu.bjut.homo.myMain - meter_6570561147687750619:report
BruceChen 07:54:47.270 [main] INFO  edu.bjut.homo.myMain - meter_6570561147687750619:9223900
BruceChen 07:54:47.270 [main] INFO  edu.bjut.homo.myMain - meter_6686691542576486677:report
BruceChen 07:54:47.270 [main] INFO  edu.bjut.homo.myMain - meter_6686691542576486677:9244800
BruceChen 07:54:47.270 [main] INFO  edu.bjut.homo.myMain - meter_7654594197415102755:report
BruceChen 07:54:47.270 [main] INFO  edu.bjut.homo.myMain - meter_7654594197415102755:9218300
BruceChen 07:54:47.270 [main] INFO  edu.bjut.homo.myMain - meter_8436178362384574021:report
BruceChen 07:54:47.270 [main] INFO  edu.bjut.homo.myMain - meter_8436178362384574021:9196200
BruceChen 07:54:47.270 [main] INFO  edu.bjut.homo.myMain - meter_1192459297460110023:report
BruceChen 07:54:47.270 [main] INFO  edu.bjut.homo.myMain - meter_1192459297460110023:9351300
BruceChen 07:54:47.270 [main] INFO  edu.bjut.homo.myMain - meter_4979126541012018001:report
BruceChen 07:54:47.270 [main] INFO  edu.bjut.homo.myMain - meter_4979126541012018001:9272000
BruceChen 07:54:47.270 [main] INFO  edu.bjut.homo.myMain - meter_2391547250780994353:report
BruceChen 07:54:47.270 [main] INFO  edu.bjut.homo.myMain - meter_2391547250780994353:9372500
BruceChen 07:54:47.270 [main] INFO  edu.bjut.homo.myMain - meter_1581297471188083889:report
BruceChen 07:54:47.270 [main] INFO  edu.bjut.homo.myMain - meter_1581297471188083889:9226100
BruceChen 07:54:47.270 [main] INFO  edu.bjut.homo.myMain - meter_3494497065874284675:report
BruceChen 07:54:47.270 [main] INFO  edu.bjut.homo.myMain - meter_3494497065874284675:9248500
BruceChen 07:54:47.270 [main] INFO  edu.bjut.homo.myMain - meter_7050773022984297673:report
BruceChen 07:54:47.270 [main] INFO  edu.bjut.homo.myMain - meter_7050773022984297673:9258600
BruceChen 07:54:47.270 [main] INFO  edu.bjut.homo.myMain - meter_7825080811343522435:report
BruceChen 07:54:47.270 [main] INFO  edu.bjut.homo.myMain - meter_7825080811343522435:9247700
BruceChen 07:54:47.270 [main] INFO  edu.bjut.homo.myMain - meter_2338406422108938765:report
BruceChen 07:54:47.270 [main] INFO  edu.bjut.homo.myMain - meter_2338406422108938765:9340200
BruceChen 07:54:47.270 [main] INFO  edu.bjut.homo.myMain - meter_4144401547370558819:report
BruceChen 07:54:47.270 [main] INFO  edu.bjut.homo.myMain - meter_4144401547370558819:9383500
BruceChen 07:54:47.270 [main] INFO  edu.bjut.homo.myMain - meter_5050389019202979685:report
BruceChen 07:54:47.270 [main] INFO  edu.bjut.homo.myMain - meter_5050389019202979685:9306800
BruceChen 07:54:49.231 [main] INFO  edu.bjut.homo.myMain - meterRegTime
BruceChen 07:54:49.450 [main] INFO  edu.bjut.homo.myMain - kgc:reg_response,reg_response,reg_response,reg_response,reg_response,reg_response,reg_response,reg_response,reg_response,reg_response,reg_response,reg_response,reg_response,reg_response,reg_response,reg_response,reg_response,reg_response,reg_response,reg_response,reg_response,reg_response,reg_response,reg_response,reg_response,reg_response,reg_response,reg_response,reg_response,reg_response
BruceChen 07:54:49.450 [main] INFO  edu.bjut.homo.myMain - kgc:7217700,7118800,7533900,7120600,7231600,7084300,7187200,7150700,7103300,7109000,7096200,7266800,7132100,7177200,7130400,7327200,7095500,7163400,7119300,7165800,7186400,7113800,7205200,7403700,7186300,7183100,6914900,6892400,6888100,8296200
BruceChen 07:54:49.450 [main] INFO  edu.bjut.homo.myMain - meter_1872397445965800911:reg,reg_response
BruceChen 07:54:49.450 [main] INFO  edu.bjut.homo.myMain - meter_1872397445965800911:38200,34300
BruceChen 07:54:49.450 [main] INFO  edu.bjut.homo.myMain - meter_8767161849834608691:reg,reg_response
BruceChen 07:54:49.450 [main] INFO  edu.bjut.homo.myMain - meter_8767161849834608691:5900,25700
BruceChen 07:54:49.450 [main] INFO  edu.bjut.homo.myMain - meter_6195081286331294509:reg,reg_response
BruceChen 07:54:49.450 [main] INFO  edu.bjut.homo.myMain - meter_6195081286331294509:5700,19000
BruceChen 07:54:49.450 [main] INFO  edu.bjut.homo.myMain - meter_2724028703070283043:reg,reg_response
BruceChen 07:54:49.450 [main] INFO  edu.bjut.homo.myMain - meter_2724028703070283043:5800,43000
BruceChen 07:54:49.450 [main] INFO  edu.bjut.homo.myMain - meter_4530023824036870295:reg,reg_response
BruceChen 07:54:49.450 [main] INFO  edu.bjut.homo.myMain - meter_4530023824036870295:6900,25500
BruceChen 07:54:49.450 [main] INFO  edu.bjut.homo.myMain - meter_2684095719462973907:reg,reg_response
BruceChen 07:54:49.450 [main] INFO  edu.bjut.homo.myMain - meter_2684095719462973907:7300,17800
BruceChen 07:54:49.450 [main] INFO  edu.bjut.homo.myMain - meter_9010759877534720457:reg,reg_response
BruceChen 07:54:49.450 [main] INFO  edu.bjut.homo.myMain - meter_9010759877534720457:5300,18000
BruceChen 07:54:49.450 [main] INFO  edu.bjut.homo.myMain - meter_2452538513605153173:reg,reg_response
BruceChen 07:54:49.450 [main] INFO  edu.bjut.homo.myMain - meter_2452538513605153173:5000,21500
BruceChen 07:54:49.450 [main] INFO  edu.bjut.homo.myMain - meter_163987861931119731:reg,reg_response
BruceChen 07:54:49.450 [main] INFO  edu.bjut.homo.myMain - meter_163987861931119731:6100,21200
BruceChen 07:54:49.450 [main] INFO  edu.bjut.homo.myMain - meter_7075378149469348801:reg,reg_response
BruceChen 07:54:49.450 [main] INFO  edu.bjut.homo.myMain - meter_7075378149469348801:5800,17400
BruceChen 07:54:49.450 [main] INFO  edu.bjut.homo.myMain - meter_3590877207630734679:reg,reg_response
BruceChen 07:54:49.450 [main] INFO  edu.bjut.homo.myMain - meter_3590877207630734679:5200,17200
BruceChen 07:54:49.450 [main] INFO  edu.bjut.homo.myMain - meter_8464995548121314893:reg,reg_response
BruceChen 07:54:49.450 [main] INFO  edu.bjut.homo.myMain - meter_8464995548121314893:5000,18700
BruceChen 07:54:49.450 [main] INFO  edu.bjut.homo.myMain - meter_5328232777475877157:reg,reg_response
BruceChen 07:54:49.450 [main] INFO  edu.bjut.homo.myMain - meter_5328232777475877157:5000,17700
BruceChen 07:54:49.450 [main] INFO  edu.bjut.homo.myMain - meter_5723271849403464557:reg,reg_response
BruceChen 07:54:49.450 [main] INFO  edu.bjut.homo.myMain - meter_5723271849403464557:5300,17200
BruceChen 07:54:49.450 [main] INFO  edu.bjut.homo.myMain - meter_1010906348022955835:reg,reg_response
BruceChen 07:54:49.450 [main] INFO  edu.bjut.homo.myMain - meter_1010906348022955835:5300,19900
BruceChen 07:54:49.450 [main] INFO  edu.bjut.homo.myMain - meter_8744979712160536025:reg,reg_response
BruceChen 07:54:49.450 [main] INFO  edu.bjut.homo.myMain - meter_8744979712160536025:5100,19900
BruceChen 07:54:49.450 [main] INFO  edu.bjut.homo.myMain - meter_2051940984421797711:reg,reg_response
BruceChen 07:54:49.450 [main] INFO  edu.bjut.homo.myMain - meter_2051940984421797711:5200,17800
BruceChen 07:54:49.450 [main] INFO  edu.bjut.homo.myMain - meter_9138249181907537751:reg,reg_response
BruceChen 07:54:49.450 [main] INFO  edu.bjut.homo.myMain - meter_9138249181907537751:5100,19600
BruceChen 07:54:49.450 [main] INFO  edu.bjut.homo.myMain - meter_1636577610409736053:reg,reg_response
BruceChen 07:54:49.450 [main] INFO  edu.bjut.homo.myMain - meter_1636577610409736053:5300,20100
BruceChen 07:54:49.450 [main] INFO  edu.bjut.homo.myMain - meter_1919979821676987757:reg,reg_response
BruceChen 07:54:49.450 [main] INFO  edu.bjut.homo.myMain - meter_1919979821676987757:5300,17300
BruceChen 07:54:49.450 [main] INFO  edu.bjut.homo.myMain - meter_6898126587892977337:reg,reg_response
BruceChen 07:54:49.450 [main] INFO  edu.bjut.homo.myMain - meter_6898126587892977337:5200,17400
BruceChen 07:54:49.450 [main] INFO  edu.bjut.homo.myMain - meter_4637228293461452015:reg,reg_response
BruceChen 07:54:49.450 [main] INFO  edu.bjut.homo.myMain - meter_4637228293461452015:5100,17800
BruceChen 07:54:49.450 [main] INFO  edu.bjut.homo.myMain - meter_17976466346153191:reg,reg_response
BruceChen 07:54:49.450 [main] INFO  edu.bjut.homo.myMain - meter_17976466346153191:5500,19300
BruceChen 07:54:49.450 [main] INFO  edu.bjut.homo.myMain - meter_3938817524695378773:reg,reg_response
BruceChen 07:54:49.450 [main] INFO  edu.bjut.homo.myMain - meter_3938817524695378773:5700,17200
BruceChen 07:54:49.450 [main] INFO  edu.bjut.homo.myMain - meter_6641451718503156667:reg,reg_response
BruceChen 07:54:49.450 [main] INFO  edu.bjut.homo.myMain - meter_6641451718503156667:5200,17800
BruceChen 07:54:49.450 [main] INFO  edu.bjut.homo.myMain - meter_2725837067691469357:reg,reg_response
BruceChen 07:54:49.450 [main] INFO  edu.bjut.homo.myMain - meter_2725837067691469357:5200,17100
BruceChen 07:54:49.450 [main] INFO  edu.bjut.homo.myMain - meter_7613162145162076545:reg,reg_response
BruceChen 07:54:49.450 [main] INFO  edu.bjut.homo.myMain - meter_7613162145162076545:5000,16900
BruceChen 07:54:49.450 [main] INFO  edu.bjut.homo.myMain - meter_8075955224226841781:reg,reg_response
BruceChen 07:54:49.450 [main] INFO  edu.bjut.homo.myMain - meter_8075955224226841781:7600,16300
BruceChen 07:54:49.450 [main] INFO  edu.bjut.homo.myMain - meter_6046978951653514841:reg,reg_response
BruceChen 07:54:49.450 [main] INFO  edu.bjut.homo.myMain - meter_6046978951653514841:5000,16900
BruceChen 07:54:49.450 [main] INFO  edu.bjut.homo.myMain - meter_4896195148337545489:reg,reg_response
BruceChen 07:54:49.450 [main] INFO  edu.bjut.homo.myMain - meter_4896195148337545489:5000,21700
BruceChen 07:54:49.450 [main] INFO  edu.bjut.homo.myMain - oneTimeMeterRepTime
BruceChen 07:54:49.887 [main] INFO  edu.bjut.homo.myMain - agg:resp_agg
BruceChen 07:54:49.887 [main] INFO  edu.bjut.homo.myMain - agg:147996600
BruceChen 07:54:49.887 [main] INFO  edu.bjut.homo.myMain - server:report_res
BruceChen 07:54:49.887 [main] INFO  edu.bjut.homo.myMain - server:13939500
BruceChen 07:54:49.887 [main] INFO  edu.bjut.homo.myMain - meter_1872397445965800911:report
BruceChen 07:54:49.887 [main] INFO  edu.bjut.homo.myMain - meter_1872397445965800911:9370600
BruceChen 07:54:49.887 [main] INFO  edu.bjut.homo.myMain - meter_8767161849834608691:report
BruceChen 07:54:49.887 [main] INFO  edu.bjut.homo.myMain - meter_8767161849834608691:9299300
BruceChen 07:54:49.887 [main] INFO  edu.bjut.homo.myMain - meter_6195081286331294509:report
BruceChen 07:54:49.887 [main] INFO  edu.bjut.homo.myMain - meter_6195081286331294509:9513100
BruceChen 07:54:49.887 [main] INFO  edu.bjut.homo.myMain - meter_2724028703070283043:report
BruceChen 07:54:49.887 [main] INFO  edu.bjut.homo.myMain - meter_2724028703070283043:9378300
BruceChen 07:54:49.887 [main] INFO  edu.bjut.homo.myMain - meter_4530023824036870295:report
BruceChen 07:54:49.887 [main] INFO  edu.bjut.homo.myMain - meter_4530023824036870295:9292900
BruceChen 07:54:49.887 [main] INFO  edu.bjut.homo.myMain - meter_2684095719462973907:report
BruceChen 07:54:49.887 [main] INFO  edu.bjut.homo.myMain - meter_2684095719462973907:9337400
BruceChen 07:54:49.887 [main] INFO  edu.bjut.homo.myMain - meter_9010759877534720457:report
BruceChen 07:54:49.887 [main] INFO  edu.bjut.homo.myMain - meter_9010759877534720457:9309000
BruceChen 07:54:49.887 [main] INFO  edu.bjut.homo.myMain - meter_2452538513605153173:report
BruceChen 07:54:49.887 [main] INFO  edu.bjut.homo.myMain - meter_2452538513605153173:9313200
BruceChen 07:54:49.887 [main] INFO  edu.bjut.homo.myMain - meter_163987861931119731:report
BruceChen 07:54:49.887 [main] INFO  edu.bjut.homo.myMain - meter_163987861931119731:9292400
BruceChen 07:54:49.887 [main] INFO  edu.bjut.homo.myMain - meter_7075378149469348801:report
BruceChen 07:54:49.887 [main] INFO  edu.bjut.homo.myMain - meter_7075378149469348801:9322800
BruceChen 07:54:49.887 [main] INFO  edu.bjut.homo.myMain - meter_3590877207630734679:report
BruceChen 07:54:49.887 [main] INFO  edu.bjut.homo.myMain - meter_3590877207630734679:9227800
BruceChen 07:54:49.887 [main] INFO  edu.bjut.homo.myMain - meter_8464995548121314893:report
BruceChen 07:54:49.887 [main] INFO  edu.bjut.homo.myMain - meter_8464995548121314893:9260500
BruceChen 07:54:49.887 [main] INFO  edu.bjut.homo.myMain - meter_5328232777475877157:report
BruceChen 07:54:49.887 [main] INFO  edu.bjut.homo.myMain - meter_5328232777475877157:9228600
BruceChen 07:54:49.887 [main] INFO  edu.bjut.homo.myMain - meter_5723271849403464557:report
BruceChen 07:54:49.887 [main] INFO  edu.bjut.homo.myMain - meter_5723271849403464557:9215400
BruceChen 07:54:49.887 [main] INFO  edu.bjut.homo.myMain - meter_1010906348022955835:report
BruceChen 07:54:49.887 [main] INFO  edu.bjut.homo.myMain - meter_1010906348022955835:9121200
BruceChen 07:54:49.887 [main] INFO  edu.bjut.homo.myMain - meter_8744979712160536025:report
BruceChen 07:54:49.887 [main] INFO  edu.bjut.homo.myMain - meter_8744979712160536025:9242200
BruceChen 07:54:49.887 [main] INFO  edu.bjut.homo.myMain - meter_2051940984421797711:report
BruceChen 07:54:49.887 [main] INFO  edu.bjut.homo.myMain - meter_2051940984421797711:9105800
BruceChen 07:54:49.887 [main] INFO  edu.bjut.homo.myMain - meter_9138249181907537751:report
BruceChen 07:54:49.887 [main] INFO  edu.bjut.homo.myMain - meter_9138249181907537751:9156700
BruceChen 07:54:49.887 [main] INFO  edu.bjut.homo.myMain - meter_1636577610409736053:report
BruceChen 07:54:49.887 [main] INFO  edu.bjut.homo.myMain - meter_1636577610409736053:9135700
BruceChen 07:54:49.887 [main] INFO  edu.bjut.homo.myMain - meter_1919979821676987757:report
BruceChen 07:54:49.887 [main] INFO  edu.bjut.homo.myMain - meter_1919979821676987757:9154900
BruceChen 07:54:49.887 [main] INFO  edu.bjut.homo.myMain - meter_6898126587892977337:report
BruceChen 07:54:49.887 [main] INFO  edu.bjut.homo.myMain - meter_6898126587892977337:9077300
BruceChen 07:54:49.887 [main] INFO  edu.bjut.homo.myMain - meter_4637228293461452015:report
BruceChen 07:54:49.887 [main] INFO  edu.bjut.homo.myMain - meter_4637228293461452015:9028600
BruceChen 07:54:49.887 [main] INFO  edu.bjut.homo.myMain - meter_17976466346153191:report
BruceChen 07:54:49.887 [main] INFO  edu.bjut.homo.myMain - meter_17976466346153191:9058300
BruceChen 07:54:49.887 [main] INFO  edu.bjut.homo.myMain - meter_3938817524695378773:report
BruceChen 07:54:49.887 [main] INFO  edu.bjut.homo.myMain - meter_3938817524695378773:8993100
BruceChen 07:54:49.887 [main] INFO  edu.bjut.homo.myMain - meter_6641451718503156667:report
BruceChen 07:54:49.887 [main] INFO  edu.bjut.homo.myMain - meter_6641451718503156667:9025400
BruceChen 07:54:49.887 [main] INFO  edu.bjut.homo.myMain - meter_2725837067691469357:report
BruceChen 07:54:49.887 [main] INFO  edu.bjut.homo.myMain - meter_2725837067691469357:9109400
BruceChen 07:54:49.887 [main] INFO  edu.bjut.homo.myMain - meter_7613162145162076545:report
BruceChen 07:54:49.887 [main] INFO  edu.bjut.homo.myMain - meter_7613162145162076545:9219300
BruceChen 07:54:49.887 [main] INFO  edu.bjut.homo.myMain - meter_8075955224226841781:report
BruceChen 07:54:49.887 [main] INFO  edu.bjut.homo.myMain - meter_8075955224226841781:9152800
BruceChen 07:54:49.887 [main] INFO  edu.bjut.homo.myMain - meter_6046978951653514841:report
BruceChen 07:54:49.887 [main] INFO  edu.bjut.homo.myMain - meter_6046978951653514841:9178800
BruceChen 07:54:49.887 [main] INFO  edu.bjut.homo.myMain - meter_4896195148337545489:report
BruceChen 07:54:49.887 [main] INFO  edu.bjut.homo.myMain - meter_4896195148337545489:9224600
BruceChen 07:54:51.051 [main] INFO  edu.bjut.homo.myMain - meterRegTime
BruceChen 07:54:51.193 [main] INFO  edu.bjut.homo.myMain - kgc:reg_response,reg_response,reg_response,reg_response,reg_response,reg_response,reg_response,reg_response,reg_response,reg_response,reg_response,reg_response,reg_response,reg_response,reg_response,reg_response,reg_response,reg_response,reg_response,reg_response
BruceChen 07:54:51.193 [main] INFO  edu.bjut.homo.myMain - kgc:7362900,7281500,7179500,7420400,7207700,7103900,7262200,7417200,7124500,7138700,7245000,7129000,7444000,7306900,7239300,7281700,7113200,7144200,7175500,7460600
BruceChen 07:54:51.193 [main] INFO  edu.bjut.homo.myMain - meter_8845059371826825229:reg,reg_response
BruceChen 07:54:51.193 [main] INFO  edu.bjut.homo.myMain - meter_8845059371826825229:39200,21100
BruceChen 07:54:51.193 [main] INFO  edu.bjut.homo.myMain - meter_6117465239315789593:reg,reg_response
BruceChen 07:54:51.193 [main] INFO  edu.bjut.homo.myMain - meter_6117465239315789593:6000,20900
BruceChen 07:54:51.193 [main] INFO  edu.bjut.homo.myMain - meter_849637134039318679:reg,reg_response
BruceChen 07:54:51.193 [main] INFO  edu.bjut.homo.myMain - meter_849637134039318679:6000,19100
BruceChen 07:54:51.193 [main] INFO  edu.bjut.homo.myMain - meter_6053462420013012407:reg,reg_response
BruceChen 07:54:51.193 [main] INFO  edu.bjut.homo.myMain - meter_6053462420013012407:5800,18200
BruceChen 07:54:51.193 [main] INFO  edu.bjut.homo.myMain - meter_9147225673523343535:reg,reg_response
BruceChen 07:54:51.193 [main] INFO  edu.bjut.homo.myMain - meter_9147225673523343535:5300,20000
BruceChen 07:54:51.193 [main] INFO  edu.bjut.homo.myMain - meter_3829761373430060785:reg,reg_response
BruceChen 07:54:51.193 [main] INFO  edu.bjut.homo.myMain - meter_3829761373430060785:6000,17900
BruceChen 07:54:51.193 [main] INFO  edu.bjut.homo.myMain - meter_2227986051327795797:reg,reg_response
BruceChen 07:54:51.193 [main] INFO  edu.bjut.homo.myMain - meter_2227986051327795797:5500,21900
BruceChen 07:54:51.193 [main] INFO  edu.bjut.homo.myMain - meter_4698219556285676911:reg,reg_response
BruceChen 07:54:51.193 [main] INFO  edu.bjut.homo.myMain - meter_4698219556285676911:6300,32500
BruceChen 07:54:51.193 [main] INFO  edu.bjut.homo.myMain - meter_57909449953395035:reg,reg_response
BruceChen 07:54:51.193 [main] INFO  edu.bjut.homo.myMain - meter_57909449953395035:5800,18400
BruceChen 07:54:51.193 [main] INFO  edu.bjut.homo.myMain - meter_1863904570920047839:reg,reg_response
BruceChen 07:54:51.193 [main] INFO  edu.bjut.homo.myMain - meter_1863904570920047839:5400,31900
BruceChen 07:54:51.193 [main] INFO  edu.bjut.homo.myMain - meter_4829697102493922171:reg,reg_response
BruceChen 07:54:51.193 [main] INFO  edu.bjut.homo.myMain - meter_4829697102493922171:5600,34700
BruceChen 07:54:51.193 [main] INFO  edu.bjut.homo.myMain - meter_1345196164933432955:reg,reg_response
BruceChen 07:54:51.193 [main] INFO  edu.bjut.homo.myMain - meter_1345196164933432955:5700,16400
BruceChen 07:54:51.193 [main] INFO  edu.bjut.homo.myMain - meter_8173411956790322549:reg,reg_response
BruceChen 07:54:51.193 [main] INFO  edu.bjut.homo.myMain - meter_8173411956790322549:5700,17900
BruceChen 07:54:51.193 [main] INFO  edu.bjut.homo.myMain - meter_2043606938011251599:reg,reg_response
BruceChen 07:54:51.193 [main] INFO  edu.bjut.homo.myMain - meter_2043606938011251599:5800,16800
BruceChen 07:54:51.193 [main] INFO  edu.bjut.homo.myMain - meter_4631186223930598595:reg,reg_response
BruceChen 07:54:51.193 [main] INFO  edu.bjut.homo.myMain - meter_4631186223930598595:5500,17000
BruceChen 07:54:51.193 [main] INFO  edu.bjut.homo.myMain - meter_5252426194593120563:reg,reg_response
BruceChen 07:54:51.193 [main] INFO  edu.bjut.homo.myMain - meter_5252426194593120563:5600,17700
BruceChen 07:54:51.193 [main] INFO  edu.bjut.homo.myMain - meter_2825191107275624291:reg,reg_response
BruceChen 07:54:51.193 [main] INFO  edu.bjut.homo.myMain - meter_2825191107275624291:6100,16700
BruceChen 07:54:51.193 [main] INFO  edu.bjut.homo.myMain - meter_2177470357338315417:reg,reg_response
BruceChen 07:54:51.193 [main] INFO  edu.bjut.homo.myMain - meter_2177470357338315417:5400,16700
BruceChen 07:54:51.193 [main] INFO  edu.bjut.homo.myMain - meter_410391511642461993:reg,reg_response
BruceChen 07:54:51.193 [main] INFO  edu.bjut.homo.myMain - meter_410391511642461993:5600,16700
BruceChen 07:54:51.193 [main] INFO  edu.bjut.homo.myMain - meter_8002534514479746051:reg,reg_response
BruceChen 07:54:51.193 [main] INFO  edu.bjut.homo.myMain - meter_8002534514479746051:5700,19600
BruceChen 07:54:51.193 [main] INFO  edu.bjut.homo.myMain - oneTimeMeterRepTime
BruceChen 07:54:51.490 [main] INFO  edu.bjut.homo.myMain - agg:resp_agg
BruceChen 07:54:51.490 [main] INFO  edu.bjut.homo.myMain - agg:99261100
BruceChen 07:54:51.490 [main] INFO  edu.bjut.homo.myMain - server:report_res
BruceChen 07:54:51.490 [main] INFO  edu.bjut.homo.myMain - server:13969300
BruceChen 07:54:51.490 [main] INFO  edu.bjut.homo.myMain - meter_8845059371826825229:report
BruceChen 07:54:51.490 [main] INFO  edu.bjut.homo.myMain - meter_8845059371826825229:9672900
BruceChen 07:54:51.490 [main] INFO  edu.bjut.homo.myMain - meter_6117465239315789593:report
BruceChen 07:54:51.490 [main] INFO  edu.bjut.homo.myMain - meter_6117465239315789593:9586000
BruceChen 07:54:51.490 [main] INFO  edu.bjut.homo.myMain - meter_849637134039318679:report
BruceChen 07:54:51.490 [main] INFO  edu.bjut.homo.myMain - meter_849637134039318679:9595800
BruceChen 07:54:51.490 [main] INFO  edu.bjut.homo.myMain - meter_6053462420013012407:report
BruceChen 07:54:51.490 [main] INFO  edu.bjut.homo.myMain - meter_6053462420013012407:9581000
BruceChen 07:54:51.490 [main] INFO  edu.bjut.homo.myMain - meter_9147225673523343535:report
BruceChen 07:54:51.490 [main] INFO  edu.bjut.homo.myMain - meter_9147225673523343535:9607900
BruceChen 07:54:51.490 [main] INFO  edu.bjut.homo.myMain - meter_3829761373430060785:report
BruceChen 07:54:51.490 [main] INFO  edu.bjut.homo.myMain - meter_3829761373430060785:9742700
BruceChen 07:54:51.490 [main] INFO  edu.bjut.homo.myMain - meter_2227986051327795797:report
BruceChen 07:54:51.490 [main] INFO  edu.bjut.homo.myMain - meter_2227986051327795797:9399800
BruceChen 07:54:51.490 [main] INFO  edu.bjut.homo.myMain - meter_4698219556285676911:report
BruceChen 07:54:51.490 [main] INFO  edu.bjut.homo.myMain - meter_4698219556285676911:9337600
BruceChen 07:54:51.490 [main] INFO  edu.bjut.homo.myMain - meter_57909449953395035:report
BruceChen 07:54:51.490 [main] INFO  edu.bjut.homo.myMain - meter_57909449953395035:9299800
BruceChen 07:54:51.490 [main] INFO  edu.bjut.homo.myMain - meter_1863904570920047839:report
BruceChen 07:54:51.490 [main] INFO  edu.bjut.homo.myMain - meter_1863904570920047839:9287200
BruceChen 07:54:51.490 [main] INFO  edu.bjut.homo.myMain - meter_4829697102493922171:report
BruceChen 07:54:51.490 [main] INFO  edu.bjut.homo.myMain - meter_4829697102493922171:9298500
BruceChen 07:54:51.490 [main] INFO  edu.bjut.homo.myMain - meter_1345196164933432955:report
BruceChen 07:54:51.490 [main] INFO  edu.bjut.homo.myMain - meter_1345196164933432955:9228500
BruceChen 07:54:51.490 [main] INFO  edu.bjut.homo.myMain - meter_8173411956790322549:report
BruceChen 07:54:51.490 [main] INFO  edu.bjut.homo.myMain - meter_8173411956790322549:9248000
BruceChen 07:54:51.490 [main] INFO  edu.bjut.homo.myMain - meter_2043606938011251599:report
BruceChen 07:54:51.490 [main] INFO  edu.bjut.homo.myMain - meter_2043606938011251599:9111100
BruceChen 07:54:51.490 [main] INFO  edu.bjut.homo.myMain - meter_4631186223930598595:report
BruceChen 07:54:51.490 [main] INFO  edu.bjut.homo.myMain - meter_4631186223930598595:9048700
BruceChen 07:54:51.490 [main] INFO  edu.bjut.homo.myMain - meter_5252426194593120563:report
BruceChen 07:54:51.490 [main] INFO  edu.bjut.homo.myMain - meter_5252426194593120563:9059700
BruceChen 07:54:51.490 [main] INFO  edu.bjut.homo.myMain - meter_2825191107275624291:report
BruceChen 07:54:51.490 [main] INFO  edu.bjut.homo.myMain - meter_2825191107275624291:9216700
BruceChen 07:54:51.490 [main] INFO  edu.bjut.homo.myMain - meter_2177470357338315417:report
BruceChen 07:54:51.490 [main] INFO  edu.bjut.homo.myMain - meter_2177470357338315417:10033700
BruceChen 07:54:51.490 [main] INFO  edu.bjut.homo.myMain - meter_410391511642461993:report
BruceChen 07:54:51.490 [main] INFO  edu.bjut.homo.myMain - meter_410391511642461993:9729600
BruceChen 07:54:51.490 [main] INFO  edu.bjut.homo.myMain - meter_8002534514479746051:report
BruceChen 07:54:51.490 [main] INFO  edu.bjut.homo.myMain - meter_8002534514479746051:9304400
