BruceChen 12:37:48.256 [main] INFO  edu.bjut.homo.myMain - meterRegTime
BruceChen 12:37:48.726 [main] INFO  edu.bjut.homo.myMain - kgc:reg_response,reg_response,reg_response,reg_response,reg_response,reg_response,reg_response,reg_response,reg_response,reg_response,reg_response,reg_response,reg_response,reg_response,reg_response,reg_response,reg_response,reg_response,reg_response,reg_response,reg_response,reg_response,reg_response,reg_response,reg_response,reg_response,reg_response,reg_response,reg_response,reg_response,reg_response,reg_response,reg_response,reg_response,reg_response,reg_response,reg_response,reg_response,reg_response,reg_response,reg_response,reg_response,reg_response,reg_response,reg_response,reg_response,reg_response,reg_response,reg_response,reg_response,reg_response,reg_response,reg_response,reg_response,reg_response,reg_response,reg_response,reg_response,reg_response,reg_response
BruceChen 12:37:48.739 [main] INFO  edu.bjut.homo.myMain - kgc:7746800,7529800,7717700,7538500,8077500,7686900,10087700,7370200,7546400,7358900,7363800,7297400,7465700,7354500,7594500,7685500,7456800,7499300,7655900,7537200,7802200,7406000,7240300,12489000,7526100,7236200,7225700,7302700,7261500,7266800,7533400,7241100,7365600,7234800,7341100,7187900,7226600,7211800,7258300,7271800,7312900,7375800,7319800,7254600,7239600,7217600,7228600,7195100,7364900,7390800,7385900,7246200,7189200,7485300,7374900,7368100,7179900,7205600,7332400,7374800
BruceChen 12:37:48.739 [main] INFO  edu.bjut.homo.myMain - meter_4409355607440000675:reg,reg_response
BruceChen 12:37:48.739 [main] INFO  edu.bjut.homo.myMain - meter_4409355607440000675:258100,316400
BruceChen 12:37:48.739 [main] INFO  edu.bjut.homo.myMain - meter_2283964590997256533:reg,reg_response
BruceChen 12:37:48.739 [main] INFO  edu.bjut.homo.myMain - meter_2283964590997256533:1709400,145500
BruceChen 12:37:48.739 [main] INFO  edu.bjut.homo.myMain - meter_2210613400031967557:reg,reg_response
BruceChen 12:37:48.739 [main] INFO  edu.bjut.homo.myMain - meter_2210613400031967557:36600,150900
BruceChen 12:37:48.739 [main] INFO  edu.bjut.homo.myMain - meter_8646170302904348767:reg,reg_response
BruceChen 12:37:48.739 [main] INFO  edu.bjut.homo.myMain - meter_8646170302904348767:36800,145800
BruceChen 12:37:48.739 [main] INFO  edu.bjut.homo.myMain - meter_7156956865434335083:reg,reg_response
BruceChen 12:37:48.739 [main] INFO  edu.bjut.homo.myMain - meter_7156956865434335083:39700,150300
BruceChen 12:37:48.739 [main] INFO  edu.bjut.homo.myMain - meter_4454322667331590799:reg,reg_response
BruceChen 12:37:48.739 [main] INFO  edu.bjut.homo.myMain - meter_4454322667331590799:37100,107300
BruceChen 12:37:48.739 [main] INFO  edu.bjut.homo.myMain - meter_3608212231899396985:reg,reg_response
BruceChen 12:37:48.739 [main] INFO  edu.bjut.homo.myMain - meter_3608212231899396985:27100,117400
BruceChen 12:37:48.739 [main] INFO  edu.bjut.homo.myMain - meter_5224509555175658367:reg,reg_response
BruceChen 12:37:48.739 [main] INFO  edu.bjut.homo.myMain - meter_5224509555175658367:28500,106900
BruceChen 12:37:48.739 [main] INFO  edu.bjut.homo.myMain - meter_6382902920233475341:reg,reg_response
BruceChen 12:37:48.739 [main] INFO  edu.bjut.homo.myMain - meter_6382902920233475341:27100,112800
BruceChen 12:37:48.739 [main] INFO  edu.bjut.homo.myMain - meter_7800059867472157069:reg,reg_response
BruceChen 12:37:48.739 [main] INFO  edu.bjut.homo.myMain - meter_7800059867472157069:26800,106500
BruceChen 12:37:48.739 [main] INFO  edu.bjut.homo.myMain - meter_744544746940012451:reg,reg_response
BruceChen 12:37:48.739 [main] INFO  edu.bjut.homo.myMain - meter_744544746940012451:27500,97600
BruceChen 12:37:48.739 [main] INFO  edu.bjut.homo.myMain - meter_9186259218912802841:reg,reg_response
BruceChen 12:37:48.739 [main] INFO  edu.bjut.homo.myMain - meter_9186259218912802841:26700,106300
BruceChen 12:37:48.739 [main] INFO  edu.bjut.homo.myMain - meter_4941270758946181565:reg,reg_response
BruceChen 12:37:48.739 [main] INFO  edu.bjut.homo.myMain - meter_4941270758946181565:29400,104600
BruceChen 12:37:48.739 [main] INFO  edu.bjut.homo.myMain - meter_7643904952770735453:reg,reg_response
BruceChen 12:37:48.739 [main] INFO  edu.bjut.homo.myMain - meter_7643904952770735453:26700,111600
BruceChen 12:37:48.739 [main] INFO  edu.bjut.homo.myMain - meter_3075653539954454945:reg,reg_response
BruceChen 12:37:48.739 [main] INFO  edu.bjut.homo.myMain - meter_3075653539954454945:26700,107700
BruceChen 12:37:48.739 [main] INFO  edu.bjut.homo.myMain - meter_7781131258181809823:reg,reg_response
BruceChen 12:37:48.739 [main] INFO  edu.bjut.homo.myMain - meter_7781131258181809823:27400,94200
BruceChen 12:37:48.739 [main] INFO  edu.bjut.homo.myMain - meter_2221730301675443805:reg,reg_response
BruceChen 12:37:48.739 [main] INFO  edu.bjut.homo.myMain - meter_2221730301675443805:25900,163100
BruceChen 12:37:48.739 [main] INFO  edu.bjut.homo.myMain - meter_5778287738073912633:reg,reg_response
BruceChen 12:37:48.739 [main] INFO  edu.bjut.homo.myMain - meter_5778287738073912633:40700,100400
BruceChen 12:37:48.739 [main] INFO  edu.bjut.homo.myMain - meter_4622198193786705131:reg,reg_response
BruceChen 12:37:48.739 [main] INFO  edu.bjut.homo.myMain - meter_4622198193786705131:27300,100700
BruceChen 12:37:48.739 [main] INFO  edu.bjut.homo.myMain - meter_5773691936095285503:reg,reg_response
BruceChen 12:37:48.739 [main] INFO  edu.bjut.homo.myMain - meter_5773691936095285503:26900,100400
BruceChen 12:37:48.739 [main] INFO  edu.bjut.homo.myMain - meter_4905718469287861819:reg,reg_response
BruceChen 12:37:48.739 [main] INFO  edu.bjut.homo.myMain - meter_4905718469287861819:33800,89000
BruceChen 12:37:48.739 [main] INFO  edu.bjut.homo.myMain - meter_3701082798812310711:reg,reg_response
BruceChen 12:37:48.739 [main] INFO  edu.bjut.homo.myMain - meter_3701082798812310711:25600,92800
BruceChen 12:37:48.739 [main] INFO  edu.bjut.homo.myMain - meter_7647159584944280721:reg,reg_response
BruceChen 12:37:48.739 [main] INFO  edu.bjut.homo.myMain - meter_7647159584944280721:25700,97500
BruceChen 12:37:48.739 [main] INFO  edu.bjut.homo.myMain - meter_5940925017328299373:reg,reg_response
BruceChen 12:37:48.739 [main] INFO  edu.bjut.homo.myMain - meter_5940925017328299373:26600,113900
BruceChen 12:37:48.739 [main] INFO  edu.bjut.homo.myMain - meter_5159339748569075605:reg,reg_response
BruceChen 12:37:48.739 [main] INFO  edu.bjut.homo.myMain - meter_5159339748569075605:26200,98100
BruceChen 12:37:48.739 [main] INFO  edu.bjut.homo.myMain - meter_6576497791007705149:reg,reg_response
BruceChen 12:37:48.739 [main] INFO  edu.bjut.homo.myMain - meter_6576497791007705149:49500,89400
BruceChen 12:37:48.739 [main] INFO  edu.bjut.homo.myMain - meter_9095555590056090679:reg,reg_response
BruceChen 12:37:48.739 [main] INFO  edu.bjut.homo.myMain - meter_9095555590056090679:26100,96200
BruceChen 12:37:48.739 [main] INFO  edu.bjut.homo.myMain - meter_4638822982272952559:reg,reg_response
BruceChen 12:37:48.739 [main] INFO  edu.bjut.homo.myMain - meter_4638822982272952559:51000,96900
BruceChen 12:37:48.739 [main] INFO  edu.bjut.homo.myMain - meter_951828880325915565:reg,reg_response
BruceChen 12:37:48.739 [main] INFO  edu.bjut.homo.myMain - meter_951828880325915565:26100,99900
BruceChen 12:37:48.739 [main] INFO  edu.bjut.homo.myMain - meter_4160648141202751023:reg,reg_response
BruceChen 12:37:48.739 [main] INFO  edu.bjut.homo.myMain - meter_4160648141202751023:29500,111000
BruceChen 12:37:48.739 [main] INFO  edu.bjut.homo.myMain - meter_6994963122273413637:reg,reg_response
BruceChen 12:37:48.739 [main] INFO  edu.bjut.homo.myMain - meter_6994963122273413637:25900,80000
BruceChen 12:37:48.739 [main] INFO  edu.bjut.homo.myMain - meter_4137221877552951043:reg,reg_response
BruceChen 12:37:48.739 [main] INFO  edu.bjut.homo.myMain - meter_4137221877552951043:25300,80700
BruceChen 12:37:48.739 [main] INFO  edu.bjut.homo.myMain - meter_1852090368306898233:reg,reg_response
BruceChen 12:37:48.739 [main] INFO  edu.bjut.homo.myMain - meter_1852090368306898233:24700,133200
BruceChen 12:37:48.739 [main] INFO  edu.bjut.homo.myMain - meter_1357010367546714349:reg,reg_response
BruceChen 12:37:48.739 [main] INFO  edu.bjut.homo.myMain - meter_1357010367546714349:30800,80400
BruceChen 12:37:48.739 [main] INFO  edu.bjut.homo.myMain - meter_4554725661609461315:reg,reg_response
BruceChen 12:37:48.739 [main] INFO  edu.bjut.homo.myMain - meter_4554725661609461315:24800,78300
BruceChen 12:37:48.739 [main] INFO  edu.bjut.homo.myMain - meter_4019873893290042857:reg,reg_response
BruceChen 12:37:48.739 [main] INFO  edu.bjut.homo.myMain - meter_4019873893290042857:24700,86100
BruceChen 12:37:48.739 [main] INFO  edu.bjut.homo.myMain - meter_1638190116437954843:reg,reg_response
BruceChen 12:37:48.739 [main] INFO  edu.bjut.homo.myMain - meter_1638190116437954843:26300,76900
BruceChen 12:37:48.739 [main] INFO  edu.bjut.homo.myMain - meter_336088077070929359:reg,reg_response
BruceChen 12:37:48.739 [main] INFO  edu.bjut.homo.myMain - meter_336088077070929359:24600,84300
BruceChen 12:37:48.739 [main] INFO  edu.bjut.homo.myMain - meter_299766171568409701:reg,reg_response
BruceChen 12:37:48.739 [main] INFO  edu.bjut.homo.myMain - meter_299766171568409701:25900,84200
BruceChen 12:37:48.739 [main] INFO  edu.bjut.homo.myMain - meter_5612251332564476547:reg,reg_response
BruceChen 12:37:48.739 [main] INFO  edu.bjut.homo.myMain - meter_5612251332564476547:26100,88300
BruceChen 12:37:48.739 [main] INFO  edu.bjut.homo.myMain - meter_8633958095826632063:reg,reg_response
BruceChen 12:37:48.739 [main] INFO  edu.bjut.homo.myMain - meter_8633958095826632063:23400,93600
BruceChen 12:37:48.739 [main] INFO  edu.bjut.homo.myMain - meter_6046097330635672765:reg,reg_response
BruceChen 12:37:48.739 [main] INFO  edu.bjut.homo.myMain - meter_6046097330635672765:25500,80200
BruceChen 12:37:48.739 [main] INFO  edu.bjut.homo.myMain - meter_7852092451585549583:reg,reg_response
BruceChen 12:37:48.739 [main] INFO  edu.bjut.homo.myMain - meter_7852092451585549583:26800,76200
BruceChen 12:37:48.739 [main] INFO  edu.bjut.homo.myMain - meter_2590543474085529317:reg,reg_response
BruceChen 12:37:48.739 [main] INFO  edu.bjut.homo.myMain - meter_2590543474085529317:22900,80500
BruceChen 12:37:48.739 [main] INFO  edu.bjut.homo.myMain - meter_947185632423594183:reg,reg_response
BruceChen 12:37:48.739 [main] INFO  edu.bjut.homo.myMain - meter_947185632423594183:21800,83600
BruceChen 12:37:48.739 [main] INFO  edu.bjut.homo.myMain - meter_4503743068788508645:reg,reg_response
BruceChen 12:37:48.739 [main] INFO  edu.bjut.homo.myMain - meter_4503743068788508645:22200,84800
BruceChen 12:37:48.739 [main] INFO  edu.bjut.homo.myMain - meter_5702831022109392345:reg,reg_response
BruceChen 12:37:48.739 [main] INFO  edu.bjut.homo.myMain - meter_5702831022109392345:22700,72300
BruceChen 12:37:48.739 [main] INFO  edu.bjut.homo.myMain - meter_268808584360243871:reg,reg_response
BruceChen 12:37:48.739 [main] INFO  edu.bjut.homo.myMain - meter_268808584360243871:22000,72400
BruceChen 12:37:48.739 [main] INFO  edu.bjut.homo.myMain - meter_2815095932084698291:reg,reg_response
BruceChen 12:37:48.739 [main] INFO  edu.bjut.homo.myMain - meter_2815095932084698291:21900,73700
BruceChen 12:37:48.739 [main] INFO  edu.bjut.homo.myMain - meter_5468442383149036449:reg,reg_response
BruceChen 12:37:48.739 [main] INFO  edu.bjut.homo.myMain - meter_5468442383149036449:21800,73500
BruceChen 12:37:48.739 [main] INFO  edu.bjut.homo.myMain - meter_7628465008985075923:reg,reg_response
BruceChen 12:37:48.739 [main] INFO  edu.bjut.homo.myMain - meter_7628465008985075923:21900,74300
BruceChen 12:37:48.739 [main] INFO  edu.bjut.homo.myMain - meter_1710440745647476261:reg,reg_response
BruceChen 12:37:48.739 [main] INFO  edu.bjut.homo.myMain - meter_1710440745647476261:22900,82500
BruceChen 12:37:48.739 [main] INFO  edu.bjut.homo.myMain - meter_8525105185632730435:reg,reg_response
BruceChen 12:37:48.739 [main] INFO  edu.bjut.homo.myMain - meter_8525105185632730435:23400,70300
BruceChen 12:37:48.739 [main] INFO  edu.bjut.homo.myMain - meter_4201576758485344571:reg,reg_response
BruceChen 12:37:48.739 [main] INFO  edu.bjut.homo.myMain - meter_4201576758485344571:22100,71300
BruceChen 12:37:48.739 [main] INFO  edu.bjut.homo.myMain - meter_4544754627240129491:reg,reg_response
BruceChen 12:37:48.739 [main] INFO  edu.bjut.homo.myMain - meter_4544754627240129491:22400,82600
BruceChen 12:37:48.739 [main] INFO  edu.bjut.homo.myMain - meter_7753573892411867595:reg,reg_response
BruceChen 12:37:48.739 [main] INFO  edu.bjut.homo.myMain - meter_7753573892411867595:22500,71000
BruceChen 12:37:48.739 [main] INFO  edu.bjut.homo.myMain - meter_1842120433415574741:reg,reg_response
BruceChen 12:37:48.739 [main] INFO  edu.bjut.homo.myMain - meter_1842120433415574741:22500,76100
BruceChen 12:37:48.739 [main] INFO  edu.bjut.homo.myMain - meter_7858574820466972091:reg,reg_response
BruceChen 12:37:48.739 [main] INFO  edu.bjut.homo.myMain - meter_7858574820466972091:21800,77300
BruceChen 12:37:48.739 [main] INFO  edu.bjut.homo.myMain - meter_4497172255823778453:reg,reg_response
BruceChen 12:37:48.739 [main] INFO  edu.bjut.homo.myMain - meter_4497172255823778453:22300,71900
BruceChen 12:37:48.739 [main] INFO  edu.bjut.homo.myMain - meter_5045076106460945051:reg,reg_response
BruceChen 12:37:48.739 [main] INFO  edu.bjut.homo.myMain - meter_5045076106460945051:30300,76300
BruceChen 12:37:48.739 [main] INFO  edu.bjut.homo.myMain - oneTimeMeterRepTime
BruceChen 12:37:49.662 [main] INFO  edu.bjut.homo.myMain - agg:resp_agg
BruceChen 12:37:49.662 [main] INFO  edu.bjut.homo.myMain - agg:308096900
BruceChen 12:37:49.662 [main] INFO  edu.bjut.homo.myMain - server:report_res
BruceChen 12:37:49.662 [main] INFO  edu.bjut.homo.myMain - server:14462000
BruceChen 12:37:49.662 [main] INFO  edu.bjut.homo.myMain - meter_4409355607440000675:report
BruceChen 12:37:49.662 [main] INFO  edu.bjut.homo.myMain - meter_4409355607440000675:22373200
BruceChen 12:37:49.662 [main] INFO  edu.bjut.homo.myMain - meter_2283964590997256533:report
BruceChen 12:37:49.662 [main] INFO  edu.bjut.homo.myMain - meter_2283964590997256533:10369100
BruceChen 12:37:49.662 [main] INFO  edu.bjut.homo.myMain - meter_2210613400031967557:report
BruceChen 12:37:49.662 [main] INFO  edu.bjut.homo.myMain - meter_2210613400031967557:10009900
BruceChen 12:37:49.662 [main] INFO  edu.bjut.homo.myMain - meter_8646170302904348767:report
BruceChen 12:37:49.662 [main] INFO  edu.bjut.homo.myMain - meter_8646170302904348767:10143800
BruceChen 12:37:49.662 [main] INFO  edu.bjut.homo.myMain - meter_7156956865434335083:report
BruceChen 12:37:49.662 [main] INFO  edu.bjut.homo.myMain - meter_7156956865434335083:10018900
BruceChen 12:37:49.662 [main] INFO  edu.bjut.homo.myMain - meter_4454322667331590799:report
BruceChen 12:37:49.662 [main] INFO  edu.bjut.homo.myMain - meter_4454322667331590799:9861300
BruceChen 12:37:49.662 [main] INFO  edu.bjut.homo.myMain - meter_3608212231899396985:report
BruceChen 12:37:49.662 [main] INFO  edu.bjut.homo.myMain - meter_3608212231899396985:9814200
BruceChen 12:37:49.662 [main] INFO  edu.bjut.homo.myMain - meter_5224509555175658367:report
BruceChen 12:37:49.662 [main] INFO  edu.bjut.homo.myMain - meter_5224509555175658367:9840800
BruceChen 12:37:49.662 [main] INFO  edu.bjut.homo.myMain - meter_6382902920233475341:report
BruceChen 12:37:49.662 [main] INFO  edu.bjut.homo.myMain - meter_6382902920233475341:9904100
BruceChen 12:37:49.662 [main] INFO  edu.bjut.homo.myMain - meter_7800059867472157069:report
BruceChen 12:37:49.662 [main] INFO  edu.bjut.homo.myMain - meter_7800059867472157069:9666000
BruceChen 12:37:49.662 [main] INFO  edu.bjut.homo.myMain - meter_744544746940012451:report
BruceChen 12:37:49.662 [main] INFO  edu.bjut.homo.myMain - meter_744544746940012451:9675000
BruceChen 12:37:49.662 [main] INFO  edu.bjut.homo.myMain - meter_9186259218912802841:report
BruceChen 12:37:49.662 [main] INFO  edu.bjut.homo.myMain - meter_9186259218912802841:9721700
BruceChen 12:37:49.662 [main] INFO  edu.bjut.homo.myMain - meter_4941270758946181565:report
BruceChen 12:37:49.662 [main] INFO  edu.bjut.homo.myMain - meter_4941270758946181565:9745600
BruceChen 12:37:49.662 [main] INFO  edu.bjut.homo.myMain - meter_7643904952770735453:report
BruceChen 12:37:49.662 [main] INFO  edu.bjut.homo.myMain - meter_7643904952770735453:9702500
BruceChen 12:37:49.662 [main] INFO  edu.bjut.homo.myMain - meter_3075653539954454945:report
BruceChen 12:37:49.662 [main] INFO  edu.bjut.homo.myMain - meter_3075653539954454945:9663200
BruceChen 12:37:49.662 [main] INFO  edu.bjut.homo.myMain - meter_7781131258181809823:report
BruceChen 12:37:49.662 [main] INFO  edu.bjut.homo.myMain - meter_7781131258181809823:12256900
BruceChen 12:37:49.662 [main] INFO  edu.bjut.homo.myMain - meter_2221730301675443805:report
BruceChen 12:37:49.662 [main] INFO  edu.bjut.homo.myMain - meter_2221730301675443805:10353400
BruceChen 12:37:49.662 [main] INFO  edu.bjut.homo.myMain - meter_5778287738073912633:report
BruceChen 12:37:49.662 [main] INFO  edu.bjut.homo.myMain - meter_5778287738073912633:9828700
BruceChen 12:37:49.662 [main] INFO  edu.bjut.homo.myMain - meter_4622198193786705131:report
BruceChen 12:37:49.662 [main] INFO  edu.bjut.homo.myMain - meter_4622198193786705131:9679900
BruceChen 12:37:49.662 [main] INFO  edu.bjut.homo.myMain - meter_5773691936095285503:report
BruceChen 12:37:49.662 [main] INFO  edu.bjut.homo.myMain - meter_5773691936095285503:9652600
BruceChen 12:37:49.662 [main] INFO  edu.bjut.homo.myMain - meter_4905718469287861819:report
BruceChen 12:37:49.662 [main] INFO  edu.bjut.homo.myMain - meter_4905718469287861819:9737000
BruceChen 12:37:49.662 [main] INFO  edu.bjut.homo.myMain - meter_3701082798812310711:report
BruceChen 12:37:49.662 [main] INFO  edu.bjut.homo.myMain - meter_3701082798812310711:9856200
BruceChen 12:37:49.662 [main] INFO  edu.bjut.homo.myMain - meter_7647159584944280721:report
BruceChen 12:37:49.662 [main] INFO  edu.bjut.homo.myMain - meter_7647159584944280721:9872100
BruceChen 12:37:49.662 [main] INFO  edu.bjut.homo.myMain - meter_5940925017328299373:report
BruceChen 12:37:49.662 [main] INFO  edu.bjut.homo.myMain - meter_5940925017328299373:9671300
BruceChen 12:37:49.662 [main] INFO  edu.bjut.homo.myMain - meter_5159339748569075605:report
BruceChen 12:37:49.662 [main] INFO  edu.bjut.homo.myMain - meter_5159339748569075605:10303100
BruceChen 12:37:49.662 [main] INFO  edu.bjut.homo.myMain - meter_6576497791007705149:report
BruceChen 12:37:49.662 [main] INFO  edu.bjut.homo.myMain - meter_6576497791007705149:9872800
BruceChen 12:37:49.662 [main] INFO  edu.bjut.homo.myMain - meter_9095555590056090679:report
BruceChen 12:37:49.662 [main] INFO  edu.bjut.homo.myMain - meter_9095555590056090679:9715800
BruceChen 12:37:49.662 [main] INFO  edu.bjut.homo.myMain - meter_4638822982272952559:report
BruceChen 12:37:49.662 [main] INFO  edu.bjut.homo.myMain - meter_4638822982272952559:9826400
BruceChen 12:37:49.662 [main] INFO  edu.bjut.homo.myMain - meter_951828880325915565:report
BruceChen 12:37:49.662 [main] INFO  edu.bjut.homo.myMain - meter_951828880325915565:9736100
BruceChen 12:37:49.662 [main] INFO  edu.bjut.homo.myMain - meter_4160648141202751023:report
BruceChen 12:37:49.662 [main] INFO  edu.bjut.homo.myMain - meter_4160648141202751023:10230200
BruceChen 12:37:49.662 [main] INFO  edu.bjut.homo.myMain - meter_6994963122273413637:report
BruceChen 12:37:49.662 [main] INFO  edu.bjut.homo.myMain - meter_6994963122273413637:10193800
BruceChen 12:37:49.662 [main] INFO  edu.bjut.homo.myMain - meter_4137221877552951043:report
BruceChen 12:37:49.662 [main] INFO  edu.bjut.homo.myMain - meter_4137221877552951043:9893900
BruceChen 12:37:49.662 [main] INFO  edu.bjut.homo.myMain - meter_1852090368306898233:report
BruceChen 12:37:49.678 [main] INFO  edu.bjut.homo.myMain - meter_1852090368306898233:9962100
BruceChen 12:37:49.678 [main] INFO  edu.bjut.homo.myMain - meter_1357010367546714349:report
BruceChen 12:37:49.678 [main] INFO  edu.bjut.homo.myMain - meter_1357010367546714349:9659300
BruceChen 12:37:49.678 [main] INFO  edu.bjut.homo.myMain - meter_4554725661609461315:report
BruceChen 12:37:49.678 [main] INFO  edu.bjut.homo.myMain - meter_4554725661609461315:9566600
BruceChen 12:37:49.678 [main] INFO  edu.bjut.homo.myMain - meter_4019873893290042857:report
BruceChen 12:37:49.678 [main] INFO  edu.bjut.homo.myMain - meter_4019873893290042857:9597200
BruceChen 12:37:49.678 [main] INFO  edu.bjut.homo.myMain - meter_1638190116437954843:report
BruceChen 12:37:49.678 [main] INFO  edu.bjut.homo.myMain - meter_1638190116437954843:9531600
BruceChen 12:37:49.678 [main] INFO  edu.bjut.homo.myMain - meter_336088077070929359:report
BruceChen 12:37:49.678 [main] INFO  edu.bjut.homo.myMain - meter_336088077070929359:9528300
BruceChen 12:37:49.678 [main] INFO  edu.bjut.homo.myMain - meter_299766171568409701:report
BruceChen 12:37:49.678 [main] INFO  edu.bjut.homo.myMain - meter_299766171568409701:9527600
BruceChen 12:37:49.678 [main] INFO  edu.bjut.homo.myMain - meter_5612251332564476547:report
BruceChen 12:37:49.678 [main] INFO  edu.bjut.homo.myMain - meter_5612251332564476547:9507900
BruceChen 12:37:49.678 [main] INFO  edu.bjut.homo.myMain - meter_8633958095826632063:report
BruceChen 12:37:49.678 [main] INFO  edu.bjut.homo.myMain - meter_8633958095826632063:9523500
BruceChen 12:37:49.678 [main] INFO  edu.bjut.homo.myMain - meter_6046097330635672765:report
BruceChen 12:37:49.678 [main] INFO  edu.bjut.homo.myMain - meter_6046097330635672765:9545500
BruceChen 12:37:49.678 [main] INFO  edu.bjut.homo.myMain - meter_7852092451585549583:report
BruceChen 12:37:49.678 [main] INFO  edu.bjut.homo.myMain - meter_7852092451585549583:9511400
BruceChen 12:37:49.678 [main] INFO  edu.bjut.homo.myMain - meter_2590543474085529317:report
BruceChen 12:37:49.678 [main] INFO  edu.bjut.homo.myMain - meter_2590543474085529317:9444800
BruceChen 12:37:49.678 [main] INFO  edu.bjut.homo.myMain - meter_947185632423594183:report
BruceChen 12:37:49.678 [main] INFO  edu.bjut.homo.myMain - meter_947185632423594183:9393400
BruceChen 12:37:49.678 [main] INFO  edu.bjut.homo.myMain - meter_4503743068788508645:report
BruceChen 12:37:49.678 [main] INFO  edu.bjut.homo.myMain - meter_4503743068788508645:9292000
BruceChen 12:37:49.678 [main] INFO  edu.bjut.homo.myMain - meter_5702831022109392345:report
BruceChen 12:37:49.678 [main] INFO  edu.bjut.homo.myMain - meter_5702831022109392345:9363000
BruceChen 12:37:49.678 [main] INFO  edu.bjut.homo.myMain - meter_268808584360243871:report
BruceChen 12:37:49.678 [main] INFO  edu.bjut.homo.myMain - meter_268808584360243871:9624400
BruceChen 12:37:49.678 [main] INFO  edu.bjut.homo.myMain - meter_2815095932084698291:report
BruceChen 12:37:49.678 [main] INFO  edu.bjut.homo.myMain - meter_2815095932084698291:10288600
BruceChen 12:37:49.678 [main] INFO  edu.bjut.homo.myMain - meter_5468442383149036449:report
BruceChen 12:37:49.678 [main] INFO  edu.bjut.homo.myMain - meter_5468442383149036449:9590600
BruceChen 12:37:49.678 [main] INFO  edu.bjut.homo.myMain - meter_7628465008985075923:report
BruceChen 12:37:49.678 [main] INFO  edu.bjut.homo.myMain - meter_7628465008985075923:9513000
BruceChen 12:37:49.678 [main] INFO  edu.bjut.homo.myMain - meter_1710440745647476261:report
BruceChen 12:37:49.678 [main] INFO  edu.bjut.homo.myMain - meter_1710440745647476261:9459800
BruceChen 12:37:49.678 [main] INFO  edu.bjut.homo.myMain - meter_8525105185632730435:report
BruceChen 12:37:49.678 [main] INFO  edu.bjut.homo.myMain - meter_8525105185632730435:12197300
BruceChen 12:37:49.678 [main] INFO  edu.bjut.homo.myMain - meter_4201576758485344571:report
BruceChen 12:37:49.678 [main] INFO  edu.bjut.homo.myMain - meter_4201576758485344571:9547200
BruceChen 12:37:49.678 [main] INFO  edu.bjut.homo.myMain - meter_4544754627240129491:report
BruceChen 12:37:49.678 [main] INFO  edu.bjut.homo.myMain - meter_4544754627240129491:9526400
BruceChen 12:37:49.678 [main] INFO  edu.bjut.homo.myMain - meter_7753573892411867595:report
BruceChen 12:37:49.678 [main] INFO  edu.bjut.homo.myMain - meter_7753573892411867595:9526200
BruceChen 12:37:49.678 [main] INFO  edu.bjut.homo.myMain - meter_1842120433415574741:report
BruceChen 12:37:49.678 [main] INFO  edu.bjut.homo.myMain - meter_1842120433415574741:9671800
BruceChen 12:37:49.678 [main] INFO  edu.bjut.homo.myMain - meter_7858574820466972091:report
BruceChen 12:37:49.678 [main] INFO  edu.bjut.homo.myMain - meter_7858574820466972091:9426900
BruceChen 12:37:49.678 [main] INFO  edu.bjut.homo.myMain - meter_4497172255823778453:report
BruceChen 12:37:49.678 [main] INFO  edu.bjut.homo.myMain - meter_4497172255823778453:9472100
BruceChen 12:37:49.678 [main] INFO  edu.bjut.homo.myMain - meter_5045076106460945051:report
BruceChen 12:37:49.678 [main] INFO  edu.bjut.homo.myMain - meter_5045076106460945051:9489100
BruceChen 12:37:53.271 [main] INFO  edu.bjut.homo.myMain - meterRegTime
BruceChen 12:37:53.631 [main] INFO  edu.bjut.homo.myMain - kgc:reg_response,reg_response,reg_response,reg_response,reg_response,reg_response,reg_response,reg_response,reg_response,reg_response,reg_response,reg_response,reg_response,reg_response,reg_response,reg_response,reg_response,reg_response,reg_response,reg_response,reg_response,reg_response,reg_response,reg_response,reg_response,reg_response,reg_response,reg_response,reg_response,reg_response,reg_response,reg_response,reg_response,reg_response,reg_response,reg_response,reg_response,reg_response,reg_response,reg_response,reg_response,reg_response,reg_response,reg_response,reg_response,reg_response,reg_response,reg_response,reg_response,reg_response
BruceChen 12:37:53.631 [main] INFO  edu.bjut.homo.myMain - kgc:7297300,7154700,7786300,7562800,7302300,7154600,7118200,7124600,7111300,7126600,7181200,7133100,7109100,7093300,7475400,7504000,7174800,7109100,7195600,7201000,7495000,7455300,7089800,6939500,6892200,7011700,7276200,7121200,7165200,7190200,7155900,6923100,7362700,7103400,7222200,7157400,7127000,7102800,7109200,7273000,7084500,7095700,7104600,7088400,7099000,7113200,7338100,7124100,9851500,7087900
BruceChen 12:37:53.631 [main] INFO  edu.bjut.homo.myMain - meter_3562367602532806513:reg,reg_response
BruceChen 12:37:53.631 [main] INFO  edu.bjut.homo.myMain - meter_3562367602532806513:36900,39100
BruceChen 12:37:53.631 [main] INFO  edu.bjut.homo.myMain - meter_1649168007846605383:reg,reg_response
BruceChen 12:37:53.631 [main] INFO  edu.bjut.homo.myMain - meter_1649168007846605383:9300,57400
BruceChen 12:37:53.631 [main] INFO  edu.bjut.homo.myMain - meter_2184018680966140807:reg,reg_response
BruceChen 12:37:53.631 [main] INFO  edu.bjut.homo.myMain - meter_2184018680966140807:9700,60400
BruceChen 12:37:53.631 [main] INFO  edu.bjut.homo.myMain - meter_5317652886253537003:reg,reg_response
BruceChen 12:37:53.631 [main] INFO  edu.bjut.homo.myMain - meter_5317652886253537003:13900,57900
BruceChen 12:37:53.631 [main] INFO  edu.bjut.homo.myMain - meter_6648702010909097331:reg,reg_response
BruceChen 12:37:53.631 [main] INFO  edu.bjut.homo.myMain - meter_6648702010909097331:8800,43400
BruceChen 12:37:53.631 [main] INFO  edu.bjut.homo.myMain - meter_8373445797770218455:reg,reg_response
BruceChen 12:37:53.631 [main] INFO  edu.bjut.homo.myMain - meter_8373445797770218455:7700,34700
BruceChen 12:37:53.631 [main] INFO  edu.bjut.homo.myMain - meter_9009018571449623527:reg,reg_response
BruceChen 12:37:53.631 [main] INFO  edu.bjut.homo.myMain - meter_9009018571449623527:7800,33200
BruceChen 12:37:53.631 [main] INFO  edu.bjut.homo.myMain - meter_3169620511796458151:reg,reg_response
BruceChen 12:37:53.631 [main] INFO  edu.bjut.homo.myMain - meter_3169620511796458151:7500,31000
BruceChen 12:37:53.631 [main] INFO  edu.bjut.homo.myMain - meter_4338813804047849033:reg,reg_response
BruceChen 12:37:53.631 [main] INFO  edu.bjut.homo.myMain - meter_4338813804047849033:7000,32000
BruceChen 12:37:53.631 [main] INFO  edu.bjut.homo.myMain - meter_7967428834450691427:reg,reg_response
BruceChen 12:37:53.631 [main] INFO  edu.bjut.homo.myMain - meter_7967428834450691427:7300,29600
BruceChen 12:37:53.631 [main] INFO  edu.bjut.homo.myMain - meter_3352149042767116345:reg,reg_response
BruceChen 12:37:53.631 [main] INFO  edu.bjut.homo.myMain - meter_3352149042767116345:6700,31700
BruceChen 12:37:53.631 [main] INFO  edu.bjut.homo.myMain - meter_6811339285885293189:reg,reg_response
BruceChen 12:37:53.631 [main] INFO  edu.bjut.homo.myMain - meter_6811339285885293189:7300,32500
BruceChen 12:37:53.631 [main] INFO  edu.bjut.homo.myMain - meter_7762348242434264265:reg,reg_response
BruceChen 12:37:53.631 [main] INFO  edu.bjut.homo.myMain - meter_7762348242434264265:7200,29900
BruceChen 12:37:53.631 [main] INFO  edu.bjut.homo.myMain - meter_1389164634806844353:reg,reg_response
BruceChen 12:37:53.631 [main] INFO  edu.bjut.homo.myMain - meter_1389164634806844353:6900,29900
BruceChen 12:37:53.631 [main] INFO  edu.bjut.homo.myMain - meter_2934926733687316777:reg,reg_response
BruceChen 12:37:53.631 [main] INFO  edu.bjut.homo.myMain - meter_2934926733687316777:6800,34500
BruceChen 12:37:53.631 [main] INFO  edu.bjut.homo.myMain - meter_8818778612283496081:reg,reg_response
BruceChen 12:37:53.631 [main] INFO  edu.bjut.homo.myMain - meter_8818778612283496081:7300,38600
BruceChen 12:37:53.631 [main] INFO  edu.bjut.homo.myMain - meter_13942075296775065:reg,reg_response
BruceChen 12:37:53.631 [main] INFO  edu.bjut.homo.myMain - meter_13942075296775065:7500,29700
BruceChen 12:37:53.631 [main] INFO  edu.bjut.homo.myMain - meter_2371411554045838645:reg,reg_response
BruceChen 12:37:53.631 [main] INFO  edu.bjut.homo.myMain - meter_2371411554045838645:6800,30500
BruceChen 12:37:53.631 [main] INFO  edu.bjut.homo.myMain - meter_1330376917663838747:reg,reg_response
BruceChen 12:37:53.631 [main] INFO  edu.bjut.homo.myMain - meter_1330376917663838747:6600,33300
BruceChen 12:37:53.631 [main] INFO  edu.bjut.homo.myMain - meter_5329051267168691211:reg,reg_response
BruceChen 12:37:53.631 [main] INFO  edu.bjut.homo.myMain - meter_5329051267168691211:7000,30700
BruceChen 12:37:53.631 [main] INFO  edu.bjut.homo.myMain - meter_3966462499459500969:reg,reg_response
BruceChen 12:37:53.631 [main] INFO  edu.bjut.homo.myMain - meter_3966462499459500969:6900,31000
BruceChen 12:37:53.631 [main] INFO  edu.bjut.homo.myMain - meter_2842194081826122229:reg,reg_response
BruceChen 12:37:53.631 [main] INFO  edu.bjut.homo.myMain - meter_2842194081826122229:7000,31500
BruceChen 12:37:53.631 [main] INFO  edu.bjut.homo.myMain - meter_1870453994025945411:reg,reg_response
BruceChen 12:37:53.631 [main] INFO  edu.bjut.homo.myMain - meter_1870453994025945411:10500,29600
BruceChen 12:37:53.631 [main] INFO  edu.bjut.homo.myMain - meter_1386229113227108755:reg,reg_response
BruceChen 12:37:53.631 [main] INFO  edu.bjut.homo.myMain - meter_1386229113227108755:6800,29300
BruceChen 12:37:53.631 [main] INFO  edu.bjut.homo.myMain - meter_4306932300952683461:reg,reg_response
BruceChen 12:37:53.631 [main] INFO  edu.bjut.homo.myMain - meter_4306932300952683461:6800,28900
BruceChen 12:37:53.631 [main] INFO  edu.bjut.homo.myMain - meter_8228357218577469065:reg,reg_response
BruceChen 12:37:53.631 [main] INFO  edu.bjut.homo.myMain - meter_8228357218577469065:6800,31200
BruceChen 12:37:53.631 [main] INFO  edu.bjut.homo.myMain - meter_8762925317208600091:reg,reg_response
BruceChen 12:37:53.631 [main] INFO  edu.bjut.homo.myMain - meter_8762925317208600091:6600,31200
BruceChen 12:37:53.631 [main] INFO  edu.bjut.homo.myMain - meter_4724436084992416479:reg,reg_response
BruceChen 12:37:53.631 [main] INFO  edu.bjut.homo.myMain - meter_4724436084992416479:7000,29500
BruceChen 12:37:53.631 [main] INFO  edu.bjut.homo.myMain - meter_5988234628874521983:reg,reg_response
BruceChen 12:37:53.631 [main] INFO  edu.bjut.homo.myMain - meter_5988234628874521983:6800,30400
BruceChen 12:37:53.631 [main] INFO  edu.bjut.homo.myMain - meter_4789146671258738135:reg,reg_response
BruceChen 12:37:53.631 [main] INFO  edu.bjut.homo.myMain - meter_4789146671258738135:7100,29900
BruceChen 12:37:53.631 [main] INFO  edu.bjut.homo.myMain - meter_5446398156231716777:reg,reg_response
BruceChen 12:37:53.631 [main] INFO  edu.bjut.homo.myMain - meter_5446398156231716777:6800,29200
BruceChen 12:37:53.631 [main] INFO  edu.bjut.homo.myMain - meter_2237578895354882253:reg,reg_response
BruceChen 12:37:53.631 [main] INFO  edu.bjut.homo.myMain - meter_2237578895354882253:6700,32900
BruceChen 12:37:53.631 [main] INFO  edu.bjut.homo.myMain - meter_2789556683812823287:reg,reg_response
BruceChen 12:37:53.631 [main] INFO  edu.bjut.homo.myMain - meter_2789556683812823287:6600,33500
BruceChen 12:37:53.631 [main] INFO  edu.bjut.homo.myMain - meter_232431554426174055:reg,reg_response
BruceChen 12:37:53.631 [main] INFO  edu.bjut.homo.myMain - meter_232431554426174055:7000,39200
BruceChen 12:37:53.631 [main] INFO  edu.bjut.homo.myMain - meter_4727232592042360277:reg,reg_response
BruceChen 12:37:53.631 [main] INFO  edu.bjut.homo.myMain - meter_4727232592042360277:7500,35800
BruceChen 12:37:53.631 [main] INFO  edu.bjut.homo.myMain - meter_9151260064556009419:reg,reg_response
BruceChen 12:37:53.631 [main] INFO  edu.bjut.homo.myMain - meter_9151260064556009419:8300,30200
BruceChen 12:37:53.631 [main] INFO  edu.bjut.homo.myMain - meter_1938208001179902233:reg,reg_response
BruceChen 12:37:53.631 [main] INFO  edu.bjut.homo.myMain - meter_1938208001179902233:6100,39300
BruceChen 12:37:53.631 [main] INFO  edu.bjut.homo.myMain - meter_8225280336045665319:reg,reg_response
BruceChen 12:37:53.631 [main] INFO  edu.bjut.homo.myMain - meter_8225280336045665319:6200,27600
BruceChen 12:37:53.631 [main] INFO  edu.bjut.homo.myMain - meter_2487390377821338809:reg,reg_response
BruceChen 12:37:53.631 [main] INFO  edu.bjut.homo.myMain - meter_2487390377821338809:6100,27100
BruceChen 12:37:53.631 [main] INFO  edu.bjut.homo.myMain - meter_574190787413327475:reg,reg_response
BruceChen 12:37:53.631 [main] INFO  edu.bjut.homo.myMain - meter_574190787413327475:6200,27000
BruceChen 12:37:53.631 [main] INFO  edu.bjut.homo.myMain - meter_7816411887498535823:reg,reg_response
BruceChen 12:37:53.631 [main] INFO  edu.bjut.homo.myMain - meter_7816411887498535823:5800,29900
BruceChen 12:37:53.631 [main] INFO  edu.bjut.homo.myMain - meter_133719955769089621:reg,reg_response
BruceChen 12:37:53.631 [main] INFO  edu.bjut.homo.myMain - meter_133719955769089621:6400,26700
BruceChen 12:37:53.631 [main] INFO  edu.bjut.homo.myMain - meter_2764578034810618167:reg,reg_response
BruceChen 12:37:53.631 [main] INFO  edu.bjut.homo.myMain - meter_2764578034810618167:6200,28200
BruceChen 12:37:53.631 [main] INFO  edu.bjut.homo.myMain - meter_6763336424962570025:reg,reg_response
BruceChen 12:37:53.631 [main] INFO  edu.bjut.homo.myMain - meter_6763336424962570025:5900,27400
BruceChen 12:37:53.631 [main] INFO  edu.bjut.homo.myMain - meter_3207060472164235585:reg,reg_response
BruceChen 12:37:53.631 [main] INFO  edu.bjut.homo.myMain - meter_3207060472164235585:6000,60100
BruceChen 12:37:53.631 [main] INFO  edu.bjut.homo.myMain - meter_749733523172263083:reg,reg_response
BruceChen 12:37:53.631 [main] INFO  edu.bjut.homo.myMain - meter_749733523172263083:6300,27200
BruceChen 12:37:53.631 [main] INFO  edu.bjut.homo.myMain - meter_7776176515280765609:reg,reg_response
BruceChen 12:37:53.631 [main] INFO  edu.bjut.homo.myMain - meter_7776176515280765609:5900,25800
BruceChen 12:37:53.631 [main] INFO  edu.bjut.homo.myMain - meter_9047322062639575537:reg,reg_response
BruceChen 12:37:53.631 [main] INFO  edu.bjut.homo.myMain - meter_9047322062639575537:5900,34600
BruceChen 12:37:53.631 [main] INFO  edu.bjut.homo.myMain - meter_5842864574688283323:reg,reg_response
BruceChen 12:37:53.631 [main] INFO  edu.bjut.homo.myMain - meter_5842864574688283323:6000,39600
BruceChen 12:37:53.631 [main] INFO  edu.bjut.homo.myMain - meter_5425643365120112543:reg,reg_response
BruceChen 12:37:53.631 [main] INFO  edu.bjut.homo.myMain - meter_5425643365120112543:7000,27100
BruceChen 12:37:53.631 [main] INFO  edu.bjut.homo.myMain - oneTimeMeterRepTime
BruceChen 12:37:54.381 [main] INFO  edu.bjut.homo.myMain - agg:resp_agg
BruceChen 12:37:54.381 [main] INFO  edu.bjut.homo.myMain - agg:250934500
BruceChen 12:37:54.381 [main] INFO  edu.bjut.homo.myMain - server:report_res
BruceChen 12:37:54.381 [main] INFO  edu.bjut.homo.myMain - server:13962900
BruceChen 12:37:54.381 [main] INFO  edu.bjut.homo.myMain - meter_3562367602532806513:report
BruceChen 12:37:54.381 [main] INFO  edu.bjut.homo.myMain - meter_3562367602532806513:10091400
BruceChen 12:37:54.381 [main] INFO  edu.bjut.homo.myMain - meter_1649168007846605383:report
BruceChen 12:37:54.381 [main] INFO  edu.bjut.homo.myMain - meter_1649168007846605383:9470200
BruceChen 12:37:54.381 [main] INFO  edu.bjut.homo.myMain - meter_2184018680966140807:report
BruceChen 12:37:54.381 [main] INFO  edu.bjut.homo.myMain - meter_2184018680966140807:9585700
BruceChen 12:37:54.381 [main] INFO  edu.bjut.homo.myMain - meter_5317652886253537003:report
BruceChen 12:37:54.381 [main] INFO  edu.bjut.homo.myMain - meter_5317652886253537003:9582500
BruceChen 12:37:54.381 [main] INFO  edu.bjut.homo.myMain - meter_6648702010909097331:report
BruceChen 12:37:54.381 [main] INFO  edu.bjut.homo.myMain - meter_6648702010909097331:9714600
BruceChen 12:37:54.381 [main] INFO  edu.bjut.homo.myMain - meter_8373445797770218455:report
BruceChen 12:37:54.381 [main] INFO  edu.bjut.homo.myMain - meter_8373445797770218455:9903800
BruceChen 12:37:54.381 [main] INFO  edu.bjut.homo.myMain - meter_9009018571449623527:report
BruceChen 12:37:54.381 [main] INFO  edu.bjut.homo.myMain - meter_9009018571449623527:9907800
BruceChen 12:37:54.381 [main] INFO  edu.bjut.homo.myMain - meter_3169620511796458151:report
BruceChen 12:37:54.381 [main] INFO  edu.bjut.homo.myMain - meter_3169620511796458151:9560500
BruceChen 12:37:54.381 [main] INFO  edu.bjut.homo.myMain - meter_4338813804047849033:report
BruceChen 12:37:54.381 [main] INFO  edu.bjut.homo.myMain - meter_4338813804047849033:9467900
BruceChen 12:37:54.381 [main] INFO  edu.bjut.homo.myMain - meter_7967428834450691427:report
BruceChen 12:37:54.381 [main] INFO  edu.bjut.homo.myMain - meter_7967428834450691427:9534300
BruceChen 12:37:54.381 [main] INFO  edu.bjut.homo.myMain - meter_3352149042767116345:report
BruceChen 12:37:54.381 [main] INFO  edu.bjut.homo.myMain - meter_3352149042767116345:9455400
BruceChen 12:37:54.381 [main] INFO  edu.bjut.homo.myMain - meter_6811339285885293189:report
BruceChen 12:37:54.381 [main] INFO  edu.bjut.homo.myMain - meter_6811339285885293189:9459900
BruceChen 12:37:54.381 [main] INFO  edu.bjut.homo.myMain - meter_7762348242434264265:report
BruceChen 12:37:54.381 [main] INFO  edu.bjut.homo.myMain - meter_7762348242434264265:9454600
BruceChen 12:37:54.381 [main] INFO  edu.bjut.homo.myMain - meter_1389164634806844353:report
BruceChen 12:37:54.381 [main] INFO  edu.bjut.homo.myMain - meter_1389164634806844353:9419800
BruceChen 12:37:54.381 [main] INFO  edu.bjut.homo.myMain - meter_2934926733687316777:report
BruceChen 12:37:54.381 [main] INFO  edu.bjut.homo.myMain - meter_2934926733687316777:9434600
BruceChen 12:37:54.381 [main] INFO  edu.bjut.homo.myMain - meter_8818778612283496081:report
BruceChen 12:37:54.381 [main] INFO  edu.bjut.homo.myMain - meter_8818778612283496081:9446900
BruceChen 12:37:54.381 [main] INFO  edu.bjut.homo.myMain - meter_13942075296775065:report
BruceChen 12:37:54.381 [main] INFO  edu.bjut.homo.myMain - meter_13942075296775065:9519500
BruceChen 12:37:54.381 [main] INFO  edu.bjut.homo.myMain - meter_2371411554045838645:report
BruceChen 12:37:54.381 [main] INFO  edu.bjut.homo.myMain - meter_2371411554045838645:9423500
BruceChen 12:37:54.381 [main] INFO  edu.bjut.homo.myMain - meter_1330376917663838747:report
BruceChen 12:37:54.381 [main] INFO  edu.bjut.homo.myMain - meter_1330376917663838747:10193600
BruceChen 12:37:54.381 [main] INFO  edu.bjut.homo.myMain - meter_5329051267168691211:report
BruceChen 12:37:54.381 [main] INFO  edu.bjut.homo.myMain - meter_5329051267168691211:9413000
BruceChen 12:37:54.381 [main] INFO  edu.bjut.homo.myMain - meter_3966462499459500969:report
BruceChen 12:37:54.381 [main] INFO  edu.bjut.homo.myMain - meter_3966462499459500969:9366000
BruceChen 12:37:54.381 [main] INFO  edu.bjut.homo.myMain - meter_2842194081826122229:report
BruceChen 12:37:54.381 [main] INFO  edu.bjut.homo.myMain - meter_2842194081826122229:9411500
BruceChen 12:37:54.381 [main] INFO  edu.bjut.homo.myMain - meter_1870453994025945411:report
BruceChen 12:37:54.381 [main] INFO  edu.bjut.homo.myMain - meter_1870453994025945411:9469300
BruceChen 12:37:54.381 [main] INFO  edu.bjut.homo.myMain - meter_1386229113227108755:report
BruceChen 12:37:54.381 [main] INFO  edu.bjut.homo.myMain - meter_1386229113227108755:9410500
BruceChen 12:37:54.381 [main] INFO  edu.bjut.homo.myMain - meter_4306932300952683461:report
BruceChen 12:37:54.381 [main] INFO  edu.bjut.homo.myMain - meter_4306932300952683461:9360200
BruceChen 12:37:54.381 [main] INFO  edu.bjut.homo.myMain - meter_8228357218577469065:report
BruceChen 12:37:54.381 [main] INFO  edu.bjut.homo.myMain - meter_8228357218577469065:9429700
BruceChen 12:37:54.381 [main] INFO  edu.bjut.homo.myMain - meter_8762925317208600091:report
BruceChen 12:37:54.381 [main] INFO  edu.bjut.homo.myMain - meter_8762925317208600091:9434100
BruceChen 12:37:54.381 [main] INFO  edu.bjut.homo.myMain - meter_4724436084992416479:report
BruceChen 12:37:54.381 [main] INFO  edu.bjut.homo.myMain - meter_4724436084992416479:9416400
BruceChen 12:37:54.381 [main] INFO  edu.bjut.homo.myMain - meter_5988234628874521983:report
BruceChen 12:37:54.381 [main] INFO  edu.bjut.homo.myMain - meter_5988234628874521983:9336300
BruceChen 12:37:54.381 [main] INFO  edu.bjut.homo.myMain - meter_4789146671258738135:report
BruceChen 12:37:54.381 [main] INFO  edu.bjut.homo.myMain - meter_4789146671258738135:9349200
BruceChen 12:37:54.381 [main] INFO  edu.bjut.homo.myMain - meter_5446398156231716777:report
BruceChen 12:37:54.381 [main] INFO  edu.bjut.homo.myMain - meter_5446398156231716777:9360600
BruceChen 12:37:54.381 [main] INFO  edu.bjut.homo.myMain - meter_2237578895354882253:report
BruceChen 12:37:54.381 [main] INFO  edu.bjut.homo.myMain - meter_2237578895354882253:9354200
BruceChen 12:37:54.381 [main] INFO  edu.bjut.homo.myMain - meter_2789556683812823287:report
BruceChen 12:37:54.381 [main] INFO  edu.bjut.homo.myMain - meter_2789556683812823287:9385900
BruceChen 12:37:54.381 [main] INFO  edu.bjut.homo.myMain - meter_232431554426174055:report
BruceChen 12:37:54.381 [main] INFO  edu.bjut.homo.myMain - meter_232431554426174055:9339900
BruceChen 12:37:54.381 [main] INFO  edu.bjut.homo.myMain - meter_4727232592042360277:report
BruceChen 12:37:54.381 [main] INFO  edu.bjut.homo.myMain - meter_4727232592042360277:9334900
BruceChen 12:37:54.381 [main] INFO  edu.bjut.homo.myMain - meter_9151260064556009419:report
BruceChen 12:37:54.381 [main] INFO  edu.bjut.homo.myMain - meter_9151260064556009419:11943500
BruceChen 12:37:54.381 [main] INFO  edu.bjut.homo.myMain - meter_1938208001179902233:report
BruceChen 12:37:54.381 [main] INFO  edu.bjut.homo.myMain - meter_1938208001179902233:10016400
BruceChen 12:37:54.381 [main] INFO  edu.bjut.homo.myMain - meter_8225280336045665319:report
BruceChen 12:37:54.381 [main] INFO  edu.bjut.homo.myMain - meter_8225280336045665319:9502100
BruceChen 12:37:54.381 [main] INFO  edu.bjut.homo.myMain - meter_2487390377821338809:report
BruceChen 12:37:54.381 [main] INFO  edu.bjut.homo.myMain - meter_2487390377821338809:9622600
BruceChen 12:37:54.381 [main] INFO  edu.bjut.homo.myMain - meter_574190787413327475:report
BruceChen 12:37:54.381 [main] INFO  edu.bjut.homo.myMain - meter_574190787413327475:9456700
BruceChen 12:37:54.381 [main] INFO  edu.bjut.homo.myMain - meter_7816411887498535823:report
BruceChen 12:37:54.381 [main] INFO  edu.bjut.homo.myMain - meter_7816411887498535823:9437600
BruceChen 12:37:54.381 [main] INFO  edu.bjut.homo.myMain - meter_133719955769089621:report
BruceChen 12:37:54.381 [main] INFO  edu.bjut.homo.myMain - meter_133719955769089621:9447500
BruceChen 12:37:54.381 [main] INFO  edu.bjut.homo.myMain - meter_2764578034810618167:report
BruceChen 12:37:54.381 [main] INFO  edu.bjut.homo.myMain - meter_2764578034810618167:9472500
BruceChen 12:37:54.381 [main] INFO  edu.bjut.homo.myMain - meter_6763336424962570025:report
BruceChen 12:37:54.381 [main] INFO  edu.bjut.homo.myMain - meter_6763336424962570025:9473400
BruceChen 12:37:54.381 [main] INFO  edu.bjut.homo.myMain - meter_3207060472164235585:report
BruceChen 12:37:54.381 [main] INFO  edu.bjut.homo.myMain - meter_3207060472164235585:9441600
BruceChen 12:37:54.381 [main] INFO  edu.bjut.homo.myMain - meter_749733523172263083:report
BruceChen 12:37:54.381 [main] INFO  edu.bjut.homo.myMain - meter_749733523172263083:9438700
BruceChen 12:37:54.381 [main] INFO  edu.bjut.homo.myMain - meter_7776176515280765609:report
BruceChen 12:37:54.381 [main] INFO  edu.bjut.homo.myMain - meter_7776176515280765609:9432700
BruceChen 12:37:54.381 [main] INFO  edu.bjut.homo.myMain - meter_9047322062639575537:report
BruceChen 12:37:54.381 [main] INFO  edu.bjut.homo.myMain - meter_9047322062639575537:9433300
BruceChen 12:37:54.381 [main] INFO  edu.bjut.homo.myMain - meter_5842864574688283323:report
BruceChen 12:37:54.381 [main] INFO  edu.bjut.homo.myMain - meter_5842864574688283323:9441700
BruceChen 12:37:54.381 [main] INFO  edu.bjut.homo.myMain - meter_5425643365120112543:report
BruceChen 12:37:54.381 [main] INFO  edu.bjut.homo.myMain - meter_5425643365120112543:9444300
BruceChen 12:37:56.998 [main] INFO  edu.bjut.homo.myMain - meterRegTime
BruceChen 12:37:57.280 [main] INFO  edu.bjut.homo.myMain - kgc:reg_response,reg_response,reg_response,reg_response,reg_response,reg_response,reg_response,reg_response,reg_response,reg_response,reg_response,reg_response,reg_response,reg_response,reg_response,reg_response,reg_response,reg_response,reg_response,reg_response,reg_response,reg_response,reg_response,reg_response,reg_response,reg_response,reg_response,reg_response,reg_response,reg_response,reg_response,reg_response,reg_response,reg_response,reg_response,reg_response,reg_response,reg_response,reg_response,reg_response
BruceChen 12:37:57.280 [main] INFO  edu.bjut.homo.myMain - kgc:7351900,7132300,7087400,7104900,7155200,7419200,7191500,7108600,7090100,7101200,7541300,7215400,7410000,7320500,7095100,7102400,7144200,7326200,7301300,7446800,7323600,7241100,7058400,7193300,6867800,6902200,6971800,6935100,6968300,6876100,6963200,7050700,7007700,7346600,6904600,6892200,7042900,6862100,7121100,6938100
BruceChen 12:37:57.280 [main] INFO  edu.bjut.homo.myMain - meter_2464926765170555287:reg,reg_response
BruceChen 12:37:57.280 [main] INFO  edu.bjut.homo.myMain - meter_2464926765170555287:29500,23800
BruceChen 12:37:57.280 [main] INFO  edu.bjut.homo.myMain - meter_5197372674617318733:reg,reg_response
BruceChen 12:37:57.280 [main] INFO  edu.bjut.homo.myMain - meter_5197372674617318733:5800,23400
BruceChen 12:37:57.280 [main] INFO  edu.bjut.homo.myMain - meter_1193781217811744723:reg,reg_response
BruceChen 12:37:57.280 [main] INFO  edu.bjut.homo.myMain - meter_1193781217811744723:6300,22400
BruceChen 12:37:57.280 [main] INFO  edu.bjut.homo.myMain - meter_4330543979867313359:reg,reg_response
BruceChen 12:37:57.280 [main] INFO  edu.bjut.homo.myMain - meter_4330543979867313359:5900,22700
BruceChen 12:37:57.280 [main] INFO  edu.bjut.homo.myMain - meter_1509134455250934019:reg,reg_response
BruceChen 12:37:57.280 [main] INFO  edu.bjut.homo.myMain - meter_1509134455250934019:9100,21900
BruceChen 12:37:57.280 [main] INFO  edu.bjut.homo.myMain - meter_3131456026546429963:reg,reg_response
BruceChen 12:37:57.280 [main] INFO  edu.bjut.homo.myMain - meter_3131456026546429963:5800,21900
BruceChen 12:37:57.280 [main] INFO  edu.bjut.homo.myMain - meter_192699612883803845:reg,reg_response
BruceChen 12:37:57.280 [main] INFO  edu.bjut.homo.myMain - meter_192699612883803845:6100,33000
BruceChen 12:37:57.280 [main] INFO  edu.bjut.homo.myMain - meter_2781559623813898317:reg,reg_response
BruceChen 12:37:57.280 [main] INFO  edu.bjut.homo.myMain - meter_2781559623813898317:6300,40400
BruceChen 12:37:57.280 [main] INFO  edu.bjut.homo.myMain - meter_7453985203676490445:reg,reg_response
BruceChen 12:37:57.280 [main] INFO  edu.bjut.homo.myMain - meter_7453985203676490445:6000,21600
BruceChen 12:37:57.280 [main] INFO  edu.bjut.homo.myMain - meter_760666104750859193:reg,reg_response
BruceChen 12:37:57.280 [main] INFO  edu.bjut.homo.myMain - meter_760666104750859193:5800,20700
BruceChen 12:37:57.280 [main] INFO  edu.bjut.homo.myMain - meter_6137551460821052569:reg,reg_response
BruceChen 12:37:57.280 [main] INFO  edu.bjut.homo.myMain - meter_6137551460821052569:5700,21100
BruceChen 12:37:57.280 [main] INFO  edu.bjut.homo.myMain - meter_8752916655795262337:reg,reg_response
BruceChen 12:37:57.280 [main] INFO  edu.bjut.homo.myMain - meter_8752916655795262337:5500,26300
BruceChen 12:37:57.280 [main] INFO  edu.bjut.homo.myMain - meter_4734444750700721565:reg,reg_response
BruceChen 12:37:57.280 [main] INFO  edu.bjut.homo.myMain - meter_4734444750700721565:5700,23700
BruceChen 12:37:57.280 [main] INFO  edu.bjut.homo.myMain - meter_94136843374918209:reg,reg_response
BruceChen 12:37:57.280 [main] INFO  edu.bjut.homo.myMain - meter_94136843374918209:5900,30000
BruceChen 12:37:57.280 [main] INFO  edu.bjut.homo.myMain - meter_4560786445750943527:reg,reg_response
BruceChen 12:37:57.280 [main] INFO  edu.bjut.homo.myMain - meter_4560786445750943527:5300,32100
BruceChen 12:37:57.280 [main] INFO  edu.bjut.homo.myMain - meter_3418011007845219031:reg,reg_response
BruceChen 12:37:57.280 [main] INFO  edu.bjut.homo.myMain - meter_3418011007845219031:7800,33900
BruceChen 12:37:57.280 [main] INFO  edu.bjut.homo.myMain - meter_5949278882155936689:reg,reg_response
BruceChen 12:37:57.280 [main] INFO  edu.bjut.homo.myMain - meter_5949278882155936689:5900,22900
BruceChen 12:37:57.280 [main] INFO  edu.bjut.homo.myMain - meter_8141819100459309327:reg,reg_response
BruceChen 12:37:57.280 [main] INFO  edu.bjut.homo.myMain - meter_8141819100459309327:6200,27600
BruceChen 12:37:57.280 [main] INFO  edu.bjut.homo.myMain - meter_2021668137288118955:reg,reg_response
BruceChen 12:37:57.280 [main] INFO  edu.bjut.homo.myMain - meter_2021668137288118955:5700,27400
BruceChen 12:37:57.280 [main] INFO  edu.bjut.homo.myMain - meter_8691002576595596547:reg,reg_response
BruceChen 12:37:57.280 [main] INFO  edu.bjut.homo.myMain - meter_8691002576595596547:5900,21800
BruceChen 12:37:57.280 [main] INFO  edu.bjut.homo.myMain - meter_3386173710773577469:reg,reg_response
BruceChen 12:37:57.280 [main] INFO  edu.bjut.homo.myMain - meter_3386173710773577469:5600,19200
BruceChen 12:37:57.280 [main] INFO  edu.bjut.homo.myMain - meter_4168040454509446329:reg,reg_response
BruceChen 12:37:57.280 [main] INFO  edu.bjut.homo.myMain - meter_4168040454509446329:5500,19500
BruceChen 12:37:57.280 [main] INFO  edu.bjut.homo.myMain - meter_62299546303211629:reg,reg_response
BruceChen 12:37:57.280 [main] INFO  edu.bjut.homo.myMain - meter_62299546303211629:5500,19200
BruceChen 12:37:57.280 [main] INFO  edu.bjut.homo.myMain - meter_5251790929765303607:reg,reg_response
BruceChen 12:37:57.280 [main] INFO  edu.bjut.homo.myMain - meter_5251790929765303607:5400,18100
BruceChen 12:37:57.280 [main] INFO  edu.bjut.homo.myMain - meter_6501632945523766223:reg,reg_response
BruceChen 12:37:57.280 [main] INFO  edu.bjut.homo.myMain - meter_6501632945523766223:5200,19000
BruceChen 12:37:57.280 [main] INFO  edu.bjut.homo.myMain - meter_3667317960141425555:reg,reg_response
BruceChen 12:37:57.280 [main] INFO  edu.bjut.homo.myMain - meter_3667317960141425555:5100,21100
BruceChen 12:37:57.280 [main] INFO  edu.bjut.homo.myMain - meter_4062357032052237399:reg,reg_response
BruceChen 12:37:57.280 [main] INFO  edu.bjut.homo.myMain - meter_4062357032052237399:5800,19400
BruceChen 12:37:57.280 [main] INFO  edu.bjut.homo.myMain - meter_2124682219022516989:reg,reg_response
BruceChen 12:37:57.280 [main] INFO  edu.bjut.homo.myMain - meter_2124682219022516989:5300,30600
BruceChen 12:37:57.280 [main] INFO  edu.bjut.homo.myMain - meter_463178541890251987:reg,reg_response
BruceChen 12:37:57.280 [main] INFO  edu.bjut.homo.myMain - meter_463178541890251987:5900,20000
BruceChen 12:37:57.280 [main] INFO  edu.bjut.homo.myMain - meter_1343098049758210041:reg,reg_response
BruceChen 12:37:57.280 [main] INFO  edu.bjut.homo.myMain - meter_1343098049758210041:5400,18500
BruceChen 12:37:57.280 [main] INFO  edu.bjut.homo.myMain - meter_5870740014453246497:reg,reg_response
BruceChen 12:37:57.280 [main] INFO  edu.bjut.homo.myMain - meter_5870740014453246497:5300,20900
BruceChen 12:37:57.280 [main] INFO  edu.bjut.homo.myMain - meter_4364805908237091983:reg,reg_response
BruceChen 12:37:57.280 [main] INFO  edu.bjut.homo.myMain - meter_4364805908237091983:5100,27800
BruceChen 12:37:57.280 [main] INFO  edu.bjut.homo.myMain - meter_1129707811855996187:reg,reg_response
BruceChen 12:37:57.280 [main] INFO  edu.bjut.homo.myMain - meter_1129707811855996187:5800,20100
BruceChen 12:37:57.280 [main] INFO  edu.bjut.homo.myMain - meter_6532589433220236067:reg,reg_response
BruceChen 12:37:57.280 [main] INFO  edu.bjut.homo.myMain - meter_6532589433220236067:5800,18500
BruceChen 12:37:57.280 [main] INFO  edu.bjut.homo.myMain - meter_3871150027007265587:reg,reg_response
BruceChen 12:37:57.280 [main] INFO  edu.bjut.homo.myMain - meter_3871150027007265587:5400,20500
BruceChen 12:37:57.280 [main] INFO  edu.bjut.homo.myMain - meter_7240596060974225659:reg,reg_response
BruceChen 12:37:57.280 [main] INFO  edu.bjut.homo.myMain - meter_7240596060974225659:5700,18800
BruceChen 12:37:57.280 [main] INFO  edu.bjut.homo.myMain - meter_2922891172478300659:reg,reg_response
BruceChen 12:37:57.280 [main] INFO  edu.bjut.homo.myMain - meter_2922891172478300659:5300,20200
BruceChen 12:37:57.280 [main] INFO  edu.bjut.homo.myMain - meter_7789778437598884267:reg,reg_response
BruceChen 12:37:57.280 [main] INFO  edu.bjut.homo.myMain - meter_7789778437598884267:6000,34900
BruceChen 12:37:57.280 [main] INFO  edu.bjut.homo.myMain - meter_1057273953486511395:reg,reg_response
BruceChen 12:37:57.280 [main] INFO  edu.bjut.homo.myMain - meter_1057273953486511395:5500,19100
BruceChen 12:37:57.280 [main] INFO  edu.bjut.homo.myMain - meter_4672574877524580397:reg,reg_response
BruceChen 12:37:57.280 [main] INFO  edu.bjut.homo.myMain - meter_4672574877524580397:5600,20100
BruceChen 12:37:57.280 [main] INFO  edu.bjut.homo.myMain - oneTimeMeterRepTime
BruceChen 12:37:57.874 [main] INFO  edu.bjut.homo.myMain - agg:resp_agg
BruceChen 12:37:57.874 [main] INFO  edu.bjut.homo.myMain - agg:202312500
BruceChen 12:37:57.874 [main] INFO  edu.bjut.homo.myMain - server:report_res
BruceChen 12:37:57.874 [main] INFO  edu.bjut.homo.myMain - server:14316900
BruceChen 12:37:57.874 [main] INFO  edu.bjut.homo.myMain - meter_2464926765170555287:report
BruceChen 12:37:57.874 [main] INFO  edu.bjut.homo.myMain - meter_2464926765170555287:9509200
BruceChen 12:37:57.874 [main] INFO  edu.bjut.homo.myMain - meter_5197372674617318733:report
BruceChen 12:37:57.874 [main] INFO  edu.bjut.homo.myMain - meter_5197372674617318733:9354600
BruceChen 12:37:57.874 [main] INFO  edu.bjut.homo.myMain - meter_1193781217811744723:report
BruceChen 12:37:57.874 [main] INFO  edu.bjut.homo.myMain - meter_1193781217811744723:9384700
BruceChen 12:37:57.874 [main] INFO  edu.bjut.homo.myMain - meter_4330543979867313359:report
BruceChen 12:37:57.874 [main] INFO  edu.bjut.homo.myMain - meter_4330543979867313359:9422700
BruceChen 12:37:57.874 [main] INFO  edu.bjut.homo.myMain - meter_1509134455250934019:report
BruceChen 12:37:57.874 [main] INFO  edu.bjut.homo.myMain - meter_1509134455250934019:9407500
BruceChen 12:37:57.874 [main] INFO  edu.bjut.homo.myMain - meter_3131456026546429963:report
BruceChen 12:37:57.874 [main] INFO  edu.bjut.homo.myMain - meter_3131456026546429963:9379200
BruceChen 12:37:57.874 [main] INFO  edu.bjut.homo.myMain - meter_192699612883803845:report
BruceChen 12:37:57.874 [main] INFO  edu.bjut.homo.myMain - meter_192699612883803845:9213400
BruceChen 12:37:57.874 [main] INFO  edu.bjut.homo.myMain - meter_2781559623813898317:report
BruceChen 12:37:57.874 [main] INFO  edu.bjut.homo.myMain - meter_2781559623813898317:9179700
BruceChen 12:37:57.874 [main] INFO  edu.bjut.homo.myMain - meter_7453985203676490445:report
BruceChen 12:37:57.874 [main] INFO  edu.bjut.homo.myMain - meter_7453985203676490445:9267900
BruceChen 12:37:57.874 [main] INFO  edu.bjut.homo.myMain - meter_760666104750859193:report
BruceChen 12:37:57.874 [main] INFO  edu.bjut.homo.myMain - meter_760666104750859193:9145000
BruceChen 12:37:57.874 [main] INFO  edu.bjut.homo.myMain - meter_6137551460821052569:report
BruceChen 12:37:57.874 [main] INFO  edu.bjut.homo.myMain - meter_6137551460821052569:9155500
BruceChen 12:37:57.874 [main] INFO  edu.bjut.homo.myMain - meter_8752916655795262337:report
BruceChen 12:37:57.874 [main] INFO  edu.bjut.homo.myMain - meter_8752916655795262337:9110500
BruceChen 12:37:57.874 [main] INFO  edu.bjut.homo.myMain - meter_4734444750700721565:report
BruceChen 12:37:57.874 [main] INFO  edu.bjut.homo.myMain - meter_4734444750700721565:9167400
BruceChen 12:37:57.874 [main] INFO  edu.bjut.homo.myMain - meter_94136843374918209:report
BruceChen 12:37:57.874 [main] INFO  edu.bjut.homo.myMain - meter_94136843374918209:9279300
BruceChen 12:37:57.874 [main] INFO  edu.bjut.homo.myMain - meter_4560786445750943527:report
BruceChen 12:37:57.874 [main] INFO  edu.bjut.homo.myMain - meter_4560786445750943527:9182100
BruceChen 12:37:57.874 [main] INFO  edu.bjut.homo.myMain - meter_3418011007845219031:report
BruceChen 12:37:57.874 [main] INFO  edu.bjut.homo.myMain - meter_3418011007845219031:9141800
BruceChen 12:37:57.874 [main] INFO  edu.bjut.homo.myMain - meter_5949278882155936689:report
BruceChen 12:37:57.874 [main] INFO  edu.bjut.homo.myMain - meter_5949278882155936689:9132400
BruceChen 12:37:57.874 [main] INFO  edu.bjut.homo.myMain - meter_8141819100459309327:report
BruceChen 12:37:57.874 [main] INFO  edu.bjut.homo.myMain - meter_8141819100459309327:9138000
BruceChen 12:37:57.874 [main] INFO  edu.bjut.homo.myMain - meter_2021668137288118955:report
BruceChen 12:37:57.874 [main] INFO  edu.bjut.homo.myMain - meter_2021668137288118955:11798000
BruceChen 12:37:57.874 [main] INFO  edu.bjut.homo.myMain - meter_8691002576595596547:report
BruceChen 12:37:57.874 [main] INFO  edu.bjut.homo.myMain - meter_8691002576595596547:9985900
BruceChen 12:37:57.874 [main] INFO  edu.bjut.homo.myMain - meter_3386173710773577469:report
BruceChen 12:37:57.874 [main] INFO  edu.bjut.homo.myMain - meter_3386173710773577469:10907400
BruceChen 12:37:57.874 [main] INFO  edu.bjut.homo.myMain - meter_4168040454509446329:report
BruceChen 12:37:57.874 [main] INFO  edu.bjut.homo.myMain - meter_4168040454509446329:9460500
BruceChen 12:37:57.874 [main] INFO  edu.bjut.homo.myMain - meter_62299546303211629:report
BruceChen 12:37:57.874 [main] INFO  edu.bjut.homo.myMain - meter_62299546303211629:9463000
BruceChen 12:37:57.874 [main] INFO  edu.bjut.homo.myMain - meter_5251790929765303607:report
BruceChen 12:37:57.874 [main] INFO  edu.bjut.homo.myMain - meter_5251790929765303607:9454200
BruceChen 12:37:57.874 [main] INFO  edu.bjut.homo.myMain - meter_6501632945523766223:report
BruceChen 12:37:57.874 [main] INFO  edu.bjut.homo.myMain - meter_6501632945523766223:9411500
BruceChen 12:37:57.874 [main] INFO  edu.bjut.homo.myMain - meter_3667317960141425555:report
BruceChen 12:37:57.874 [main] INFO  edu.bjut.homo.myMain - meter_3667317960141425555:9393200
BruceChen 12:37:57.874 [main] INFO  edu.bjut.homo.myMain - meter_4062357032052237399:report
BruceChen 12:37:57.874 [main] INFO  edu.bjut.homo.myMain - meter_4062357032052237399:9510200
BruceChen 12:37:57.874 [main] INFO  edu.bjut.homo.myMain - meter_2124682219022516989:report
BruceChen 12:37:57.874 [main] INFO  edu.bjut.homo.myMain - meter_2124682219022516989:9439400
BruceChen 12:37:57.874 [main] INFO  edu.bjut.homo.myMain - meter_463178541890251987:report
BruceChen 12:37:57.874 [main] INFO  edu.bjut.homo.myMain - meter_463178541890251987:9410300
BruceChen 12:37:57.874 [main] INFO  edu.bjut.homo.myMain - meter_1343098049758210041:report
BruceChen 12:37:57.874 [main] INFO  edu.bjut.homo.myMain - meter_1343098049758210041:9381800
BruceChen 12:37:57.874 [main] INFO  edu.bjut.homo.myMain - meter_5870740014453246497:report
BruceChen 12:37:57.874 [main] INFO  edu.bjut.homo.myMain - meter_5870740014453246497:9449600
BruceChen 12:37:57.874 [main] INFO  edu.bjut.homo.myMain - meter_4364805908237091983:report
BruceChen 12:37:57.874 [main] INFO  edu.bjut.homo.myMain - meter_4364805908237091983:9389400
BruceChen 12:37:57.874 [main] INFO  edu.bjut.homo.myMain - meter_1129707811855996187:report
BruceChen 12:37:57.874 [main] INFO  edu.bjut.homo.myMain - meter_1129707811855996187:9466400
BruceChen 12:37:57.874 [main] INFO  edu.bjut.homo.myMain - meter_6532589433220236067:report
BruceChen 12:37:57.874 [main] INFO  edu.bjut.homo.myMain - meter_6532589433220236067:9427900
BruceChen 12:37:57.874 [main] INFO  edu.bjut.homo.myMain - meter_3871150027007265587:report
BruceChen 12:37:57.874 [main] INFO  edu.bjut.homo.myMain - meter_3871150027007265587:9329600
BruceChen 12:37:57.874 [main] INFO  edu.bjut.homo.myMain - meter_7240596060974225659:report
BruceChen 12:37:57.874 [main] INFO  edu.bjut.homo.myMain - meter_7240596060974225659:9344600
BruceChen 12:37:57.874 [main] INFO  edu.bjut.homo.myMain - meter_2922891172478300659:report
BruceChen 12:37:57.874 [main] INFO  edu.bjut.homo.myMain - meter_2922891172478300659:9348400
BruceChen 12:37:57.874 [main] INFO  edu.bjut.homo.myMain - meter_7789778437598884267:report
BruceChen 12:37:57.874 [main] INFO  edu.bjut.homo.myMain - meter_7789778437598884267:9471400
BruceChen 12:37:57.874 [main] INFO  edu.bjut.homo.myMain - meter_1057273953486511395:report
BruceChen 12:37:57.874 [main] INFO  edu.bjut.homo.myMain - meter_1057273953486511395:9410300
BruceChen 12:37:57.874 [main] INFO  edu.bjut.homo.myMain - meter_4672574877524580397:report
BruceChen 12:37:57.874 [main] INFO  edu.bjut.homo.myMain - meter_4672574877524580397:9405900
BruceChen 12:37:59.519 [main] INFO  edu.bjut.homo.myMain - meterRegTime
BruceChen 12:37:59.737 [main] INFO  edu.bjut.homo.myMain - kgc:reg_response,reg_response,reg_response,reg_response,reg_response,reg_response,reg_response,reg_response,reg_response,reg_response,reg_response,reg_response,reg_response,reg_response,reg_response,reg_response,reg_response,reg_response,reg_response,reg_response,reg_response,reg_response,reg_response,reg_response,reg_response,reg_response,reg_response,reg_response,reg_response,reg_response
BruceChen 12:37:59.737 [main] INFO  edu.bjut.homo.myMain - kgc:7440900,7005500,6963100,6979400,7045700,7107600,7076000,7407600,7112600,7086900,7016800,7173500,7019400,7021300,7067300,7069600,7071400,7088200,7091700,6988600,6874000,7113500,7118400,7172300,7333100,7112300,7181100,7080200,6921100,6909600
BruceChen 12:37:59.737 [main] INFO  edu.bjut.homo.myMain - meter_5896092743653828031:reg,reg_response
BruceChen 12:37:59.737 [main] INFO  edu.bjut.homo.myMain - meter_5896092743653828031:28400,22200
BruceChen 12:37:59.737 [main] INFO  edu.bjut.homo.myMain - meter_5476624862741181895:reg,reg_response
BruceChen 12:37:59.737 [main] INFO  edu.bjut.homo.myMain - meter_5476624862741181895:5500,25900
BruceChen 12:37:59.737 [main] INFO  edu.bjut.homo.myMain - meter_272519196973884805:reg,reg_response
BruceChen 12:37:59.737 [main] INFO  edu.bjut.homo.myMain - meter_272519196973884805:5900,18500
BruceChen 12:37:59.737 [main] INFO  edu.bjut.homo.myMain - meter_3370428632134030661:reg,reg_response
BruceChen 12:37:59.737 [main] INFO  edu.bjut.homo.myMain - meter_3370428632134030661:5500,46900
BruceChen 12:37:59.737 [main] INFO  edu.bjut.homo.myMain - meter_6854928474494570625:reg,reg_response
BruceChen 12:37:59.737 [main] INFO  edu.bjut.homo.myMain - meter_6854928474494570625:7500,24500
BruceChen 12:37:59.737 [main] INFO  edu.bjut.homo.myMain - meter_1516896449614766377:reg,reg_response
BruceChen 12:37:59.737 [main] INFO  edu.bjut.homo.myMain - meter_1516896449614766377:7100,20800
BruceChen 12:37:59.737 [main] INFO  edu.bjut.homo.myMain - meter_6073344305230198427:reg,reg_response
BruceChen 12:37:59.737 [main] INFO  edu.bjut.homo.myMain - meter_6073344305230198427:6100,19800
BruceChen 12:37:59.737 [main] INFO  edu.bjut.homo.myMain - meter_4989311251191166747:reg,reg_response
BruceChen 12:37:59.737 [main] INFO  edu.bjut.homo.myMain - meter_4989311251191166747:5400,18400
BruceChen 12:37:59.737 [main] INFO  edu.bjut.homo.myMain - meter_2703898271263240023:reg,reg_response
BruceChen 12:37:59.737 [main] INFO  edu.bjut.homo.myMain - meter_2703898271263240023:5300,18300
BruceChen 12:37:59.737 [main] INFO  edu.bjut.homo.myMain - meter_945485521712872779:reg,reg_response
BruceChen 12:37:59.737 [main] INFO  edu.bjut.homo.myMain - meter_945485521712872779:5400,18000
BruceChen 12:37:59.737 [main] INFO  edu.bjut.homo.myMain - meter_4316344930763857199:reg,reg_response
BruceChen 12:37:59.737 [main] INFO  edu.bjut.homo.myMain - meter_4316344930763857199:5200,22800
BruceChen 12:37:59.737 [main] INFO  edu.bjut.homo.myMain - meter_1454982370398323405:reg,reg_response
BruceChen 12:37:59.737 [main] INFO  edu.bjut.homo.myMain - meter_1454982370398323405:5200,17400
BruceChen 12:37:59.737 [main] INFO  edu.bjut.homo.myMain - meter_8780562461370255771:reg,reg_response
BruceChen 12:37:59.737 [main] INFO  edu.bjut.homo.myMain - meter_8780562461370255771:5000,19800
BruceChen 12:37:59.737 [main] INFO  edu.bjut.homo.myMain - meter_4456753663052689765:reg,reg_response
BruceChen 12:37:59.737 [main] INFO  edu.bjut.homo.myMain - meter_4456753663052689765:5800,19200
BruceChen 12:37:59.737 [main] INFO  edu.bjut.homo.myMain - meter_1037760057040399209:reg,reg_response
BruceChen 12:37:59.737 [main] INFO  edu.bjut.homo.myMain - meter_1037760057040399209:5600,21700
BruceChen 12:37:59.737 [main] INFO  edu.bjut.homo.myMain - meter_3538950049711463435:reg,reg_response
BruceChen 12:37:59.737 [main] INFO  edu.bjut.homo.myMain - meter_3538950049711463435:5300,20700
BruceChen 12:37:59.737 [main] INFO  edu.bjut.homo.myMain - meter_5988965509573219039:reg,reg_response
BruceChen 12:37:59.737 [main] INFO  edu.bjut.homo.myMain - meter_5988965509573219039:5300,18300
BruceChen 12:37:59.737 [main] INFO  edu.bjut.homo.myMain - meter_304400708675762243:reg,reg_response
BruceChen 12:37:59.737 [main] INFO  edu.bjut.homo.myMain - meter_304400708675762243:5500,18300
BruceChen 12:37:59.737 [main] INFO  edu.bjut.homo.myMain - meter_4944708616001500517:reg,reg_response
BruceChen 12:37:59.737 [main] INFO  edu.bjut.homo.myMain - meter_4944708616001500517:5300,18500
BruceChen 12:37:59.737 [main] INFO  edu.bjut.homo.myMain - meter_839250277971860069:reg,reg_response
BruceChen 12:37:59.737 [main] INFO  edu.bjut.homo.myMain - meter_839250277971860069:5300,18000
BruceChen 12:37:59.737 [main] INFO  edu.bjut.homo.myMain - meter_8847112177172059107:reg,reg_response
BruceChen 12:37:59.737 [main] INFO  edu.bjut.homo.myMain - meter_8847112177172059107:5100,18300
BruceChen 12:37:59.737 [main] INFO  edu.bjut.homo.myMain - meter_2170017923372520011:reg,reg_response
BruceChen 12:37:59.737 [main] INFO  edu.bjut.homo.myMain - meter_2170017923372520011:5000,19700
BruceChen 12:37:59.737 [main] INFO  edu.bjut.homo.myMain - meter_7458619736472099267:reg,reg_response
BruceChen 12:37:59.737 [main] INFO  edu.bjut.homo.myMain - meter_7458619736472099267:5600,19200
BruceChen 12:37:59.737 [main] INFO  edu.bjut.homo.myMain - meter_5611237877377440559:reg,reg_response
BruceChen 12:37:59.737 [main] INFO  edu.bjut.homo.myMain - meter_5611237877377440559:5500,18500
BruceChen 12:37:59.737 [main] INFO  edu.bjut.homo.myMain - meter_6357963002048250393:reg,reg_response
BruceChen 12:37:59.737 [main] INFO  edu.bjut.homo.myMain - meter_6357963002048250393:5700,19300
BruceChen 12:37:59.737 [main] INFO  edu.bjut.homo.myMain - meter_1717652895715968183:reg,reg_response
BruceChen 12:37:59.737 [main] INFO  edu.bjut.homo.myMain - meter_1717652895715968183:5500,19000
BruceChen 12:37:59.737 [main] INFO  edu.bjut.homo.myMain - meter_5202153837554581963:reg,reg_response
BruceChen 12:37:59.737 [main] INFO  edu.bjut.homo.myMain - meter_5202153837554581963:5400,18400
BruceChen 12:37:59.737 [main] INFO  edu.bjut.homo.myMain - meter_3009326883641291397:reg,reg_response
BruceChen 12:37:59.737 [main] INFO  edu.bjut.homo.myMain - meter_3009326883641291397:7200,18100
BruceChen 12:37:59.737 [main] INFO  edu.bjut.homo.myMain - meter_4580627127003885611:reg,reg_response
BruceChen 12:37:59.737 [main] INFO  edu.bjut.homo.myMain - meter_4580627127003885611:5300,18100
BruceChen 12:37:59.737 [main] INFO  edu.bjut.homo.myMain - meter_3081670113777509945:reg,reg_response
BruceChen 12:37:59.737 [main] INFO  edu.bjut.homo.myMain - meter_3081670113777509945:5400,19200
BruceChen 12:37:59.737 [main] INFO  edu.bjut.homo.myMain - oneTimeMeterRepTime
BruceChen 12:38:00.175 [main] INFO  edu.bjut.homo.myMain - agg:resp_agg
BruceChen 12:38:00.175 [main] INFO  edu.bjut.homo.myMain - agg:150464300
BruceChen 12:38:00.175 [main] INFO  edu.bjut.homo.myMain - server:report_res
BruceChen 12:38:00.175 [main] INFO  edu.bjut.homo.myMain - server:14096300
BruceChen 12:38:00.175 [main] INFO  edu.bjut.homo.myMain - meter_5896092743653828031:report
BruceChen 12:38:00.175 [main] INFO  edu.bjut.homo.myMain - meter_5896092743653828031:10064000
BruceChen 12:38:00.175 [main] INFO  edu.bjut.homo.myMain - meter_5476624862741181895:report
BruceChen 12:38:00.175 [main] INFO  edu.bjut.homo.myMain - meter_5476624862741181895:9545900
BruceChen 12:38:00.175 [main] INFO  edu.bjut.homo.myMain - meter_272519196973884805:report
BruceChen 12:38:00.175 [main] INFO  edu.bjut.homo.myMain - meter_272519196973884805:10557600
BruceChen 12:38:00.175 [main] INFO  edu.bjut.homo.myMain - meter_3370428632134030661:report
BruceChen 12:38:00.175 [main] INFO  edu.bjut.homo.myMain - meter_3370428632134030661:9421900
BruceChen 12:38:00.175 [main] INFO  edu.bjut.homo.myMain - meter_6854928474494570625:report
BruceChen 12:38:00.175 [main] INFO  edu.bjut.homo.myMain - meter_6854928474494570625:9457700
BruceChen 12:38:00.175 [main] INFO  edu.bjut.homo.myMain - meter_1516896449614766377:report
BruceChen 12:38:00.175 [main] INFO  edu.bjut.homo.myMain - meter_1516896449614766377:9361000
BruceChen 12:38:00.175 [main] INFO  edu.bjut.homo.myMain - meter_6073344305230198427:report
BruceChen 12:38:00.175 [main] INFO  edu.bjut.homo.myMain - meter_6073344305230198427:9395000
BruceChen 12:38:00.175 [main] INFO  edu.bjut.homo.myMain - meter_4989311251191166747:report
BruceChen 12:38:00.175 [main] INFO  edu.bjut.homo.myMain - meter_4989311251191166747:9135600
BruceChen 12:38:00.175 [main] INFO  edu.bjut.homo.myMain - meter_2703898271263240023:report
BruceChen 12:38:00.175 [main] INFO  edu.bjut.homo.myMain - meter_2703898271263240023:9130500
BruceChen 12:38:00.175 [main] INFO  edu.bjut.homo.myMain - meter_945485521712872779:report
BruceChen 12:38:00.175 [main] INFO  edu.bjut.homo.myMain - meter_945485521712872779:9223900
BruceChen 12:38:00.175 [main] INFO  edu.bjut.homo.myMain - meter_4316344930763857199:report
BruceChen 12:38:00.175 [main] INFO  edu.bjut.homo.myMain - meter_4316344930763857199:9147400
BruceChen 12:38:00.175 [main] INFO  edu.bjut.homo.myMain - meter_1454982370398323405:report
BruceChen 12:38:00.175 [main] INFO  edu.bjut.homo.myMain - meter_1454982370398323405:9229000
BruceChen 12:38:00.175 [main] INFO  edu.bjut.homo.myMain - meter_8780562461370255771:report
BruceChen 12:38:00.175 [main] INFO  edu.bjut.homo.myMain - meter_8780562461370255771:9145700
BruceChen 12:38:00.175 [main] INFO  edu.bjut.homo.myMain - meter_4456753663052689765:report
BruceChen 12:38:00.175 [main] INFO  edu.bjut.homo.myMain - meter_4456753663052689765:9315900
BruceChen 12:38:00.175 [main] INFO  edu.bjut.homo.myMain - meter_1037760057040399209:report
BruceChen 12:38:00.175 [main] INFO  edu.bjut.homo.myMain - meter_1037760057040399209:9453800
BruceChen 12:38:00.175 [main] INFO  edu.bjut.homo.myMain - meter_3538950049711463435:report
BruceChen 12:38:00.175 [main] INFO  edu.bjut.homo.myMain - meter_3538950049711463435:9330400
BruceChen 12:38:00.175 [main] INFO  edu.bjut.homo.myMain - meter_5988965509573219039:report
BruceChen 12:38:00.175 [main] INFO  edu.bjut.homo.myMain - meter_5988965509573219039:9343500
BruceChen 12:38:00.175 [main] INFO  edu.bjut.homo.myMain - meter_304400708675762243:report
BruceChen 12:38:00.175 [main] INFO  edu.bjut.homo.myMain - meter_304400708675762243:9359300
BruceChen 12:38:00.175 [main] INFO  edu.bjut.homo.myMain - meter_4944708616001500517:report
BruceChen 12:38:00.175 [main] INFO  edu.bjut.homo.myMain - meter_4944708616001500517:9310100
BruceChen 12:38:00.175 [main] INFO  edu.bjut.homo.myMain - meter_839250277971860069:report
BruceChen 12:38:00.175 [main] INFO  edu.bjut.homo.myMain - meter_839250277971860069:9334700
BruceChen 12:38:00.175 [main] INFO  edu.bjut.homo.myMain - meter_8847112177172059107:report
BruceChen 12:38:00.175 [main] INFO  edu.bjut.homo.myMain - meter_8847112177172059107:9368800
BruceChen 12:38:00.175 [main] INFO  edu.bjut.homo.myMain - meter_2170017923372520011:report
BruceChen 12:38:00.175 [main] INFO  edu.bjut.homo.myMain - meter_2170017923372520011:9378300
BruceChen 12:38:00.175 [main] INFO  edu.bjut.homo.myMain - meter_7458619736472099267:report
BruceChen 12:38:00.175 [main] INFO  edu.bjut.homo.myMain - meter_7458619736472099267:9351800
BruceChen 12:38:00.175 [main] INFO  edu.bjut.homo.myMain - meter_5611237877377440559:report
BruceChen 12:38:00.175 [main] INFO  edu.bjut.homo.myMain - meter_5611237877377440559:9305000
BruceChen 12:38:00.175 [main] INFO  edu.bjut.homo.myMain - meter_6357963002048250393:report
BruceChen 12:38:00.175 [main] INFO  edu.bjut.homo.myMain - meter_6357963002048250393:9334700
BruceChen 12:38:00.175 [main] INFO  edu.bjut.homo.myMain - meter_1717652895715968183:report
BruceChen 12:38:00.175 [main] INFO  edu.bjut.homo.myMain - meter_1717652895715968183:9353600
BruceChen 12:38:00.175 [main] INFO  edu.bjut.homo.myMain - meter_5202153837554581963:report
BruceChen 12:38:00.175 [main] INFO  edu.bjut.homo.myMain - meter_5202153837554581963:9438600
BruceChen 12:38:00.175 [main] INFO  edu.bjut.homo.myMain - meter_3009326883641291397:report
BruceChen 12:38:00.175 [main] INFO  edu.bjut.homo.myMain - meter_3009326883641291397:9396200
BruceChen 12:38:00.175 [main] INFO  edu.bjut.homo.myMain - meter_4580627127003885611:report
BruceChen 12:38:00.175 [main] INFO  edu.bjut.homo.myMain - meter_4580627127003885611:9497400
BruceChen 12:38:00.175 [main] INFO  edu.bjut.homo.myMain - meter_3081670113777509945:report
BruceChen 12:38:00.175 [main] INFO  edu.bjut.homo.myMain - meter_3081670113777509945:9447200
BruceChen 12:38:01.293 [main] INFO  edu.bjut.homo.myMain - meterRegTime
BruceChen 12:38:01.449 [main] INFO  edu.bjut.homo.myMain - kgc:reg_response,reg_response,reg_response,reg_response,reg_response,reg_response,reg_response,reg_response,reg_response,reg_response,reg_response,reg_response,reg_response,reg_response,reg_response,reg_response,reg_response,reg_response,reg_response,reg_response
BruceChen 12:38:01.449 [main] INFO  edu.bjut.homo.myMain - kgc:7316700,7327000,7105300,7247500,7172700,7085700,7103100,7070000,7189600,7126200,7126600,7078200,7152400,7219600,7081700,7101500,7058700,7511900,7082400,7164100
BruceChen 12:38:01.449 [main] INFO  edu.bjut.homo.myMain - meter_6197218868676246071:reg,reg_response
BruceChen 12:38:01.449 [main] INFO  edu.bjut.homo.myMain - meter_6197218868676246071:50100,20800
BruceChen 12:38:01.449 [main] INFO  edu.bjut.homo.myMain - meter_7925996782197729765:reg,reg_response
BruceChen 12:38:01.449 [main] INFO  edu.bjut.homo.myMain - meter_7925996782197729765:5800,18800
BruceChen 12:38:01.449 [main] INFO  edu.bjut.homo.myMain - meter_5266360997440338625:reg,reg_response
BruceChen 12:38:01.449 [main] INFO  edu.bjut.homo.myMain - meter_5266360997440338625:5200,19200
BruceChen 12:38:01.449 [main] INFO  edu.bjut.homo.myMain - meter_3566359690123089779:reg,reg_response
BruceChen 12:38:01.449 [main] INFO  edu.bjut.homo.myMain - meter_3566359690123089779:5400,19000
BruceChen 12:38:01.449 [main] INFO  edu.bjut.homo.myMain - meter_8425019161560126487:reg,reg_response
BruceChen 12:38:01.449 [main] INFO  edu.bjut.homo.myMain - meter_8425019161560126487:5200,18700
BruceChen 12:38:01.449 [main] INFO  edu.bjut.homo.myMain - meter_309958057846808959:reg,reg_response
BruceChen 12:38:01.449 [main] INFO  edu.bjut.homo.myMain - meter_309958057846808959:5300,18400
BruceChen 12:38:01.449 [main] INFO  edu.bjut.homo.myMain - meter_4300644062459580477:reg,reg_response
BruceChen 12:38:01.449 [main] INFO  edu.bjut.homo.myMain - meter_4300644062459580477:5200,19700
BruceChen 12:38:01.449 [main] INFO  edu.bjut.homo.myMain - meter_194903154270057809:reg,reg_response
BruceChen 12:38:01.449 [main] INFO  edu.bjut.homo.myMain - meter_194903154270057809:5800,29600
BruceChen 12:38:01.449 [main] INFO  edu.bjut.homo.myMain - meter_8478159990232181087:reg,reg_response
BruceChen 12:38:01.449 [main] INFO  edu.bjut.homo.myMain - meter_8478159990232181087:5400,20500
BruceChen 12:38:01.449 [main] INFO  edu.bjut.homo.myMain - meter_5400332670677932491:reg,reg_response
BruceChen 12:38:01.449 [main] INFO  edu.bjut.homo.myMain - meter_5400332670677932491:5600,32100
BruceChen 12:38:01.449 [main] INFO  edu.bjut.homo.myMain - meter_1076522768553836083:reg,reg_response
BruceChen 12:38:01.449 [main] INFO  edu.bjut.homo.myMain - meter_1076522768553836083:5600,33200
BruceChen 12:38:01.449 [main] INFO  edu.bjut.homo.myMain - meter_4546409432415699229:reg,reg_response
BruceChen 12:38:01.449 [main] INFO  edu.bjut.homo.myMain - meter_4546409432415699229:5400,16400
BruceChen 12:38:01.449 [main] INFO  edu.bjut.homo.myMain - meter_5196315009095144259:reg,reg_response
BruceChen 12:38:01.449 [main] INFO  edu.bjut.homo.myMain - meter_5196315009095144259:5500,16100
BruceChen 12:38:01.449 [main] INFO  edu.bjut.homo.myMain - meter_1497005193620305487:reg,reg_response
BruceChen 12:38:01.449 [main] INFO  edu.bjut.homo.myMain - meter_1497005193620305487:5000,16600
BruceChen 12:38:01.449 [main] INFO  edu.bjut.homo.myMain - meter_3612574004825008117:reg,reg_response
BruceChen 12:38:01.449 [main] INFO  edu.bjut.homo.myMain - meter_3612574004825008117:5600,16000
BruceChen 12:38:01.449 [main] INFO  edu.bjut.homo.myMain - meter_8324939506205516977:reg,reg_response
BruceChen 12:38:01.449 [main] INFO  edu.bjut.homo.myMain - meter_8324939506205516977:5400,16200
BruceChen 12:38:01.449 [main] INFO  edu.bjut.homo.myMain - meter_1910605325579905189:reg,reg_response
BruceChen 12:38:01.449 [main] INFO  edu.bjut.homo.myMain - meter_1910605325579905189:5400,16200
BruceChen 12:38:01.449 [main] INFO  edu.bjut.homo.myMain - meter_9106805150429757529:reg,reg_response
BruceChen 12:38:01.449 [main] INFO  edu.bjut.homo.myMain - meter_9106805150429757529:5100,16800
BruceChen 12:38:01.449 [main] INFO  edu.bjut.homo.myMain - meter_3049058825183529911:reg,reg_response
BruceChen 12:38:01.449 [main] INFO  edu.bjut.homo.myMain - meter_3049058825183529911:5100,16200
BruceChen 12:38:01.449 [main] INFO  edu.bjut.homo.myMain - meter_7707003872392799725:reg,reg_response
BruceChen 12:38:01.449 [main] INFO  edu.bjut.homo.myMain - meter_7707003872392799725:4900,19400
BruceChen 12:38:01.449 [main] INFO  edu.bjut.homo.myMain - oneTimeMeterRepTime
BruceChen 12:38:01.746 [main] INFO  edu.bjut.homo.myMain - agg:resp_agg
BruceChen 12:38:01.746 [main] INFO  edu.bjut.homo.myMain - agg:101974400
BruceChen 12:38:01.746 [main] INFO  edu.bjut.homo.myMain - server:report_res
BruceChen 12:38:01.746 [main] INFO  edu.bjut.homo.myMain - server:14032000
BruceChen 12:38:01.746 [main] INFO  edu.bjut.homo.myMain - meter_6197218868676246071:report
BruceChen 12:38:01.746 [main] INFO  edu.bjut.homo.myMain - meter_6197218868676246071:10221100
BruceChen 12:38:01.746 [main] INFO  edu.bjut.homo.myMain - meter_7925996782197729765:report
BruceChen 12:38:01.746 [main] INFO  edu.bjut.homo.myMain - meter_7925996782197729765:9685600
BruceChen 12:38:01.746 [main] INFO  edu.bjut.homo.myMain - meter_5266360997440338625:report
BruceChen 12:38:01.746 [main] INFO  edu.bjut.homo.myMain - meter_5266360997440338625:9437000
BruceChen 12:38:01.746 [main] INFO  edu.bjut.homo.myMain - meter_3566359690123089779:report
BruceChen 12:38:01.746 [main] INFO  edu.bjut.homo.myMain - meter_3566359690123089779:9396400
BruceChen 12:38:01.746 [main] INFO  edu.bjut.homo.myMain - meter_8425019161560126487:report
BruceChen 12:38:01.746 [main] INFO  edu.bjut.homo.myMain - meter_8425019161560126487:9461800
BruceChen 12:38:01.746 [main] INFO  edu.bjut.homo.myMain - meter_309958057846808959:report
BruceChen 12:38:01.746 [main] INFO  edu.bjut.homo.myMain - meter_309958057846808959:9370400
BruceChen 12:38:01.746 [main] INFO  edu.bjut.homo.myMain - meter_4300644062459580477:report
BruceChen 12:38:01.746 [main] INFO  edu.bjut.homo.myMain - meter_4300644062459580477:9419700
BruceChen 12:38:01.746 [main] INFO  edu.bjut.homo.myMain - meter_194903154270057809:report
BruceChen 12:38:01.746 [main] INFO  edu.bjut.homo.myMain - meter_194903154270057809:9423700
BruceChen 12:38:01.746 [main] INFO  edu.bjut.homo.myMain - meter_8478159990232181087:report
BruceChen 12:38:01.746 [main] INFO  edu.bjut.homo.myMain - meter_8478159990232181087:9470700
BruceChen 12:38:01.746 [main] INFO  edu.bjut.homo.myMain - meter_5400332670677932491:report
BruceChen 12:38:01.746 [main] INFO  edu.bjut.homo.myMain - meter_5400332670677932491:9397000
BruceChen 12:38:01.746 [main] INFO  edu.bjut.homo.myMain - meter_1076522768553836083:report
BruceChen 12:38:01.746 [main] INFO  edu.bjut.homo.myMain - meter_1076522768553836083:9468700
BruceChen 12:38:01.746 [main] INFO  edu.bjut.homo.myMain - meter_4546409432415699229:report
BruceChen 12:38:01.746 [main] INFO  edu.bjut.homo.myMain - meter_4546409432415699229:9423200
BruceChen 12:38:01.746 [main] INFO  edu.bjut.homo.myMain - meter_5196315009095144259:report
BruceChen 12:38:01.746 [main] INFO  edu.bjut.homo.myMain - meter_5196315009095144259:9431500
BruceChen 12:38:01.746 [main] INFO  edu.bjut.homo.myMain - meter_1497005193620305487:report
BruceChen 12:38:01.746 [main] INFO  edu.bjut.homo.myMain - meter_1497005193620305487:9283200
BruceChen 12:38:01.746 [main] INFO  edu.bjut.homo.myMain - meter_3612574004825008117:report
BruceChen 12:38:01.746 [main] INFO  edu.bjut.homo.myMain - meter_3612574004825008117:9356400
BruceChen 12:38:01.746 [main] INFO  edu.bjut.homo.myMain - meter_8324939506205516977:report
BruceChen 12:38:01.746 [main] INFO  edu.bjut.homo.myMain - meter_8324939506205516977:9393800
BruceChen 12:38:01.746 [main] INFO  edu.bjut.homo.myMain - meter_1910605325579905189:report
BruceChen 12:38:01.746 [main] INFO  edu.bjut.homo.myMain - meter_1910605325579905189:9650400
BruceChen 12:38:01.746 [main] INFO  edu.bjut.homo.myMain - meter_9106805150429757529:report
BruceChen 12:38:01.746 [main] INFO  edu.bjut.homo.myMain - meter_9106805150429757529:9320400
BruceChen 12:38:01.746 [main] INFO  edu.bjut.homo.myMain - meter_3049058825183529911:report
BruceChen 12:38:01.746 [main] INFO  edu.bjut.homo.myMain - meter_3049058825183529911:9322300
BruceChen 12:38:01.746 [main] INFO  edu.bjut.homo.myMain - meter_7707003872392799725:report
BruceChen 12:38:01.746 [main] INFO  edu.bjut.homo.myMain - meter_7707003872392799725:9383500
