BruceChen 08:35:07.708 [main] INFO  edu.bjut.homo.myMain - meterRegTime
BruceChen 08:35:08.177 [main] INFO  edu.bjut.homo.myMain - kgc:reg_response,reg_response,reg_response,reg_response,reg_response,reg_response,reg_response,reg_response,reg_response,reg_response,reg_response,reg_response,reg_response,reg_response,reg_response,reg_response,reg_response,reg_response,reg_response,reg_response,reg_response,reg_response,reg_response,reg_response,reg_response,reg_response,reg_response,reg_response,reg_response,reg_response,reg_response,reg_response,reg_response,reg_response,reg_response,reg_response,reg_response,reg_response,reg_response,reg_response,reg_response,reg_response,reg_response,reg_response,reg_response,reg_response,reg_response,reg_response,reg_response,reg_response,reg_response,reg_response,reg_response,reg_response,reg_response,reg_response,reg_response,reg_response,reg_response,reg_response
BruceChen 08:35:08.193 [main] INFO  edu.bjut.homo.myMain - kgc:7611200,7637300,7528200,7922100,7550100,7633500,7444900,7454800,7503600,7676100,7562300,9770600,7554900,7396900,7349700,7399100,7361700,7296400,7331300,7446700,7485300,7435500,7374400,12363100,7319900,7448200,7411900,7366400,7437400,7711900,7515300,7339000,7479300,7332000,7276200,7578500,7237600,7225800,7310500,7204300,7261000,7315800,7265900,7310600,7211200,7306500,7396700,7310100,7227600,7477000,7245300,7272900,7511100,7520300,7240400,7468900,7190400,7317500,7508500,7556000
BruceChen 08:35:08.193 [main] INFO  edu.bjut.homo.myMain - meter_4610966950947120197:reg,reg_response
BruceChen 08:35:08.193 [main] INFO  edu.bjut.homo.myMain - meter_4610966950947120197:272900,304100
BruceChen 08:35:08.193 [main] INFO  edu.bjut.homo.myMain - meter_7609833961460868521:reg,reg_response
BruceChen 08:35:08.193 [main] INFO  edu.bjut.homo.myMain - meter_7609833961460868521:1798100,137300
BruceChen 08:35:08.193 [main] INFO  edu.bjut.homo.myMain - meter_5532363820914937043:reg,reg_response
BruceChen 08:35:08.193 [main] INFO  edu.bjut.homo.myMain - meter_5532363820914937043:36500,145200
BruceChen 08:35:08.193 [main] INFO  edu.bjut.homo.myMain - meter_2539321568469691051:reg,reg_response
BruceChen 08:35:08.193 [main] INFO  edu.bjut.homo.myMain - meter_2539321568469691051:36700,144200
BruceChen 08:35:08.193 [main] INFO  edu.bjut.homo.myMain - meter_7492485977198025027:reg,reg_response
BruceChen 08:35:08.193 [main] INFO  edu.bjut.homo.myMain - meter_7492485977198025027:38700,139300
BruceChen 08:35:08.193 [main] INFO  edu.bjut.homo.myMain - meter_177926907609805771:reg,reg_response
BruceChen 08:35:08.193 [main] INFO  edu.bjut.homo.myMain - meter_177926907609805771:37900,113300
BruceChen 08:35:08.193 [main] INFO  edu.bjut.homo.myMain - meter_6126836587764577819:reg,reg_response
BruceChen 08:35:08.193 [main] INFO  edu.bjut.homo.myMain - meter_6126836587764577819:28300,116000
BruceChen 08:35:08.193 [main] INFO  edu.bjut.homo.myMain - meter_4246886570034159613:reg,reg_response
BruceChen 08:35:08.193 [main] INFO  edu.bjut.homo.myMain - meter_4246886570034159613:29500,112200
BruceChen 08:35:08.193 [main] INFO  edu.bjut.homo.myMain - meter_4314359102228180871:reg,reg_response
BruceChen 08:35:08.193 [main] INFO  edu.bjut.homo.myMain - meter_4314359102228180871:27900,118000
BruceChen 08:35:08.193 [main] INFO  edu.bjut.homo.myMain - meter_4949931875907585861:reg,reg_response
BruceChen 08:35:08.193 [main] INFO  edu.bjut.homo.myMain - meter_4949931875907585861:27900,110900
BruceChen 08:35:08.193 [main] INFO  edu.bjut.homo.myMain - meter_4604750891468300319:reg,reg_response
BruceChen 08:35:08.193 [main] INFO  edu.bjut.homo.myMain - meter_4604750891468300319:28900,102500
BruceChen 08:35:08.193 [main] INFO  edu.bjut.homo.myMain - meter_5501671435007947999:reg,reg_response
BruceChen 08:35:08.193 [main] INFO  edu.bjut.homo.myMain - meter_5501671435007947999:28000,109900
BruceChen 08:35:08.193 [main] INFO  edu.bjut.homo.myMain - meter_5369710272246359333:reg,reg_response
BruceChen 08:35:08.193 [main] INFO  edu.bjut.homo.myMain - meter_5369710272246359333:37600,106700
BruceChen 08:35:08.193 [main] INFO  edu.bjut.homo.myMain - meter_2782130982032176383:reg,reg_response
BruceChen 08:35:08.193 [main] INFO  edu.bjut.homo.myMain - meter_2782130982032176383:28400,122000
BruceChen 08:35:08.193 [main] INFO  edu.bjut.homo.myMain - meter_5429349739163696757:reg,reg_response
BruceChen 08:35:08.193 [main] INFO  edu.bjut.homo.myMain - meter_5429349739163696757:30200,108900
BruceChen 08:35:08.193 [main] INFO  edu.bjut.homo.myMain - meter_41347477155058441:reg,reg_response
BruceChen 08:35:08.193 [main] INFO  edu.bjut.homo.myMain - meter_41347477155058441:28300,97200
BruceChen 08:35:08.193 [main] INFO  edu.bjut.homo.myMain - meter_1910940518651396681:reg,reg_response
BruceChen 08:35:08.193 [main] INFO  edu.bjut.homo.myMain - meter_1910940518651396681:27200,101100
BruceChen 08:35:08.193 [main] INFO  edu.bjut.homo.myMain - meter_3716935635323148389:reg,reg_response
BruceChen 08:35:08.193 [main] INFO  edu.bjut.homo.myMain - meter_3716935635323148389:28700,97400
BruceChen 08:35:08.193 [main] INFO  edu.bjut.homo.myMain - meter_2633185164362258071:reg,reg_response
BruceChen 08:35:08.193 [main] INFO  edu.bjut.homo.myMain - meter_2633185164362258071:27600,108200
BruceChen 08:35:08.193 [main] INFO  edu.bjut.homo.myMain - meter_7835042935039520285:reg,reg_response
BruceChen 08:35:08.193 [main] INFO  edu.bjut.homo.myMain - meter_7835042935039520285:27700,114100
BruceChen 08:35:08.193 [main] INFO  edu.bjut.homo.myMain - meter_1244411248685652217:reg,reg_response
BruceChen 08:35:08.193 [main] INFO  edu.bjut.homo.myMain - meter_1244411248685652217:29600,90600
BruceChen 08:35:08.193 [main] INFO  edu.bjut.homo.myMain - meter_7185138457838148947:reg,reg_response
BruceChen 08:35:08.193 [main] INFO  edu.bjut.homo.myMain - meter_7185138457838148947:26400,101000
BruceChen 08:35:08.193 [main] INFO  edu.bjut.homo.myMain - meter_3642913824473275415:reg,reg_response
BruceChen 08:35:08.193 [main] INFO  edu.bjut.homo.myMain - meter_3642913824473275415:27800,106900
BruceChen 08:35:08.193 [main] INFO  edu.bjut.homo.myMain - meter_4019384520081095351:reg,reg_response
BruceChen 08:35:08.193 [main] INFO  edu.bjut.homo.myMain - meter_4019384520081095351:31100,130800
BruceChen 08:35:08.193 [main] INFO  edu.bjut.homo.myMain - meter_3782725425681869609:reg,reg_response
BruceChen 08:35:08.193 [main] INFO  edu.bjut.homo.myMain - meter_3782725425681869609:27300,105000
BruceChen 08:35:08.193 [main] INFO  edu.bjut.homo.myMain - meter_226167993611922683:reg,reg_response
BruceChen 08:35:08.193 [main] INFO  edu.bjut.homo.myMain - meter_226167993611922683:50600,89800
BruceChen 08:35:08.193 [main] INFO  edu.bjut.homo.myMain - meter_2813747279531269753:reg,reg_response
BruceChen 08:35:08.193 [main] INFO  edu.bjut.homo.myMain - meter_2813747279531269753:33900,97600
BruceChen 08:35:08.193 [main] INFO  edu.bjut.homo.myMain - meter_743092727027015389:reg,reg_response
BruceChen 08:35:08.193 [main] INFO  edu.bjut.homo.myMain - meter_743092727027015389:56600,97800
BruceChen 08:35:08.193 [main] INFO  edu.bjut.homo.myMain - meter_3097987650130055551:reg,reg_response
BruceChen 08:35:08.193 [main] INFO  edu.bjut.homo.myMain - meter_3097987650130055551:27100,123000
BruceChen 08:35:08.193 [main] INFO  edu.bjut.homo.myMain - meter_1542601732172458531:reg,reg_response
BruceChen 08:35:08.193 [main] INFO  edu.bjut.homo.myMain - meter_1542601732172458531:32300,118500
BruceChen 08:35:08.193 [main] INFO  edu.bjut.homo.myMain - meter_4751420993049294499:reg,reg_response
BruceChen 08:35:08.193 [main] INFO  edu.bjut.homo.myMain - meter_4751420993049294499:26200,83300
BruceChen 08:35:08.193 [main] INFO  edu.bjut.homo.myMain - meter_1160313936612029927:reg,reg_response
BruceChen 08:35:08.193 [main] INFO  edu.bjut.homo.myMain - meter_1160313936612029927:25400,88100
BruceChen 08:35:08.193 [main] INFO  edu.bjut.homo.myMain - meter_3480276545218889247:reg,reg_response
BruceChen 08:35:08.193 [main] INFO  edu.bjut.homo.myMain - meter_3480276545218889247:25300,86500
BruceChen 08:35:08.193 [main] INFO  edu.bjut.homo.myMain - meter_4223297141651407:reg,reg_response
BruceChen 08:35:08.193 [main] INFO  edu.bjut.homo.myMain - meter_4223297141651407:27900,83500
BruceChen 08:35:08.193 [main] INFO  edu.bjut.homo.myMain - meter_4261861813978111701:reg,reg_response
BruceChen 08:35:08.193 [main] INFO  edu.bjut.homo.myMain - meter_4261861813978111701:25100,79100
BruceChen 08:35:08.193 [main] INFO  edu.bjut.homo.myMain - meter_5352444146656283741:reg,reg_response
BruceChen 08:35:08.193 [main] INFO  edu.bjut.homo.myMain - meter_5352444146656283741:25200,90900
BruceChen 08:35:08.193 [main] INFO  edu.bjut.homo.myMain - meter_8507131748904602101:reg,reg_response
BruceChen 08:35:08.193 [main] INFO  edu.bjut.homo.myMain - meter_8507131748904602101:26800,80900
BruceChen 08:35:08.193 [main] INFO  edu.bjut.homo.myMain - meter_5022912286320888423:reg,reg_response
BruceChen 08:35:08.193 [main] INFO  edu.bjut.homo.myMain - meter_5022912286320888423:24900,86100
BruceChen 08:35:08.193 [main] INFO  edu.bjut.homo.myMain - meter_8001938611286858847:reg,reg_response
BruceChen 08:35:08.193 [main] INFO  edu.bjut.homo.myMain - meter_8001938611286858847:25400,85200
BruceChen 08:35:08.193 [main] INFO  edu.bjut.homo.myMain - meter_2782789692323106039:reg,reg_response
BruceChen 08:35:08.193 [main] INFO  edu.bjut.homo.myMain - meter_2782789692323106039:25500,83500
BruceChen 08:35:08.193 [main] INFO  edu.bjut.homo.myMain - meter_3418362466002511495:reg,reg_response
BruceChen 08:35:08.193 [main] INFO  edu.bjut.homo.myMain - meter_3418362466002511495:23400,93200
BruceChen 08:35:08.193 [main] INFO  edu.bjut.homo.myMain - meter_3564373861587478625:reg,reg_response
BruceChen 08:35:08.193 [main] INFO  edu.bjut.homo.myMain - meter_3564373861587478625:24600,78600
BruceChen 08:35:08.193 [main] INFO  edu.bjut.homo.myMain - meter_4011534081634022501:reg,reg_response
BruceChen 08:35:08.193 [main] INFO  edu.bjut.homo.myMain - meter_4011534081634022501:27200,79000
BruceChen 08:35:08.193 [main] INFO  edu.bjut.homo.myMain - meter_8523756537374137597:reg,reg_response
BruceChen 08:35:08.193 [main] INFO  edu.bjut.homo.myMain - meter_8523756537374137597:22500,82300
BruceChen 08:35:08.193 [main] INFO  edu.bjut.homo.myMain - meter_4981813379002752141:reg,reg_response
BruceChen 08:35:08.193 [main] INFO  edu.bjut.homo.myMain - meter_4981813379002752141:21800,83000
BruceChen 08:35:08.193 [main] INFO  edu.bjut.homo.myMain - meter_5181674953944559721:reg,reg_response
BruceChen 08:35:08.193 [main] INFO  edu.bjut.homo.myMain - meter_5181674953944559721:21900,83500
BruceChen 08:35:08.193 [main] INFO  edu.bjut.homo.myMain - meter_5114201326567432661:reg,reg_response
BruceChen 08:35:08.193 [main] INFO  edu.bjut.homo.myMain - meter_5114201326567432661:21600,74300
BruceChen 08:35:08.193 [main] INFO  edu.bjut.homo.myMain - meter_82763255732546241:reg,reg_response
BruceChen 08:35:08.193 [main] INFO  edu.bjut.homo.myMain - meter_82763255732546241:22600,73200
BruceChen 08:35:08.193 [main] INFO  edu.bjut.homo.myMain - meter_7817118094846772065:reg,reg_response
BruceChen 08:35:08.193 [main] INFO  edu.bjut.homo.myMain - meter_7817118094846772065:22400,73800
BruceChen 08:35:08.193 [main] INFO  edu.bjut.homo.myMain - meter_6661027451081425057:reg,reg_response
BruceChen 08:35:08.193 [main] INFO  edu.bjut.homo.myMain - meter_6661027451081425057:22200,75800
BruceChen 08:35:08.193 [main] INFO  edu.bjut.homo.myMain - meter_1783135438235955515:reg,reg_response
BruceChen 08:35:08.193 [main] INFO  edu.bjut.homo.myMain - meter_1783135438235955515:22800,75400
BruceChen 08:35:08.193 [main] INFO  edu.bjut.homo.myMain - meter_2322885849747106013:reg,reg_response
BruceChen 08:35:08.193 [main] INFO  edu.bjut.homo.myMain - meter_2322885849747106013:22400,78700
BruceChen 08:35:08.193 [main] INFO  edu.bjut.homo.myMain - meter_5879443281817052717:reg,reg_response
BruceChen 08:35:08.193 [main] INFO  edu.bjut.homo.myMain - meter_5879443281817052717:21800,72100
BruceChen 08:35:08.193 [main] INFO  edu.bjut.homo.myMain - meter_511990990388772223:reg,reg_response
BruceChen 08:35:08.193 [main] INFO  edu.bjut.homo.myMain - meter_511990990388772223:21900,77900
BruceChen 08:35:08.193 [main] INFO  edu.bjut.homo.myMain - meter_3720810246970641053:reg,reg_response
BruceChen 08:35:08.193 [main] INFO  edu.bjut.homo.myMain - meter_3720810246970641053:23400,82400
BruceChen 08:35:08.193 [main] INFO  edu.bjut.homo.myMain - meter_149593342721242129:reg,reg_response
BruceChen 08:35:08.193 [main] INFO  edu.bjut.homo.myMain - meter_149593342721242129:21000,70900
BruceChen 08:35:08.193 [main] INFO  edu.bjut.homo.myMain - meter_7897999509858797307:reg,reg_response
BruceChen 08:35:08.193 [main] INFO  edu.bjut.homo.myMain - meter_7897999509858797307:20800,75100
BruceChen 08:35:08.193 [main] INFO  edu.bjut.homo.myMain - meter_934721177687919319:reg,reg_response
BruceChen 08:35:08.193 [main] INFO  edu.bjut.homo.myMain - meter_934721177687919319:20400,73700
BruceChen 08:35:08.193 [main] INFO  edu.bjut.homo.myMain - meter_5200806288807682399:reg,reg_response
BruceChen 08:35:08.193 [main] INFO  edu.bjut.homo.myMain - meter_5200806288807682399:21100,86800
BruceChen 08:35:08.193 [main] INFO  edu.bjut.homo.myMain - meter_7984388807418693483:reg,reg_response
BruceChen 08:35:08.193 [main] INFO  edu.bjut.homo.myMain - meter_7984388807418693483:23800,126900
BruceChen 08:35:08.193 [main] INFO  edu.bjut.homo.myMain - oneTimeMeterRepTime
BruceChen 08:35:09.125 [main] INFO  edu.bjut.homo.myMain - agg:resp_agg
BruceChen 08:35:09.125 [main] INFO  edu.bjut.homo.myMain - agg:299713500
BruceChen 08:35:09.125 [main] INFO  edu.bjut.homo.myMain - server:report_res
BruceChen 08:35:09.125 [main] INFO  edu.bjut.homo.myMain - server:14821100
BruceChen 08:35:09.125 [main] INFO  edu.bjut.homo.myMain - meter_4610966950947120197:report
BruceChen 08:35:09.125 [main] INFO  edu.bjut.homo.myMain - meter_4610966950947120197:22749200
BruceChen 08:35:09.125 [main] INFO  edu.bjut.homo.myMain - meter_7609833961460868521:report
BruceChen 08:35:09.125 [main] INFO  edu.bjut.homo.myMain - meter_7609833961460868521:10993500
BruceChen 08:35:09.125 [main] INFO  edu.bjut.homo.myMain - meter_5532363820914937043:report
BruceChen 08:35:09.125 [main] INFO  edu.bjut.homo.myMain - meter_5532363820914937043:10510600
BruceChen 08:35:09.125 [main] INFO  edu.bjut.homo.myMain - meter_2539321568469691051:report
BruceChen 08:35:09.125 [main] INFO  edu.bjut.homo.myMain - meter_2539321568469691051:10482100
BruceChen 08:35:09.125 [main] INFO  edu.bjut.homo.myMain - meter_7492485977198025027:report
BruceChen 08:35:09.125 [main] INFO  edu.bjut.homo.myMain - meter_7492485977198025027:10404500
BruceChen 08:35:09.125 [main] INFO  edu.bjut.homo.myMain - meter_177926907609805771:report
BruceChen 08:35:09.125 [main] INFO  edu.bjut.homo.myMain - meter_177926907609805771:10012500
BruceChen 08:35:09.125 [main] INFO  edu.bjut.homo.myMain - meter_6126836587764577819:report
BruceChen 08:35:09.125 [main] INFO  edu.bjut.homo.myMain - meter_6126836587764577819:9834000
BruceChen 08:35:09.125 [main] INFO  edu.bjut.homo.myMain - meter_4246886570034159613:report
BruceChen 08:35:09.125 [main] INFO  edu.bjut.homo.myMain - meter_4246886570034159613:9770500
BruceChen 08:35:09.125 [main] INFO  edu.bjut.homo.myMain - meter_4314359102228180871:report
BruceChen 08:35:09.125 [main] INFO  edu.bjut.homo.myMain - meter_4314359102228180871:9782900
BruceChen 08:35:09.125 [main] INFO  edu.bjut.homo.myMain - meter_4949931875907585861:report
BruceChen 08:35:09.125 [main] INFO  edu.bjut.homo.myMain - meter_4949931875907585861:9875000
BruceChen 08:35:09.125 [main] INFO  edu.bjut.homo.myMain - meter_4604750891468300319:report
BruceChen 08:35:09.125 [main] INFO  edu.bjut.homo.myMain - meter_4604750891468300319:9738100
BruceChen 08:35:09.125 [main] INFO  edu.bjut.homo.myMain - meter_5501671435007947999:report
BruceChen 08:35:09.125 [main] INFO  edu.bjut.homo.myMain - meter_5501671435007947999:9880700
BruceChen 08:35:09.125 [main] INFO  edu.bjut.homo.myMain - meter_5369710272246359333:report
BruceChen 08:35:09.125 [main] INFO  edu.bjut.homo.myMain - meter_5369710272246359333:9750200
BruceChen 08:35:09.125 [main] INFO  edu.bjut.homo.myMain - meter_2782130982032176383:report
BruceChen 08:35:09.125 [main] INFO  edu.bjut.homo.myMain - meter_2782130982032176383:9783200
BruceChen 08:35:09.125 [main] INFO  edu.bjut.homo.myMain - meter_5429349739163696757:report
BruceChen 08:35:09.125 [main] INFO  edu.bjut.homo.myMain - meter_5429349739163696757:9722800
BruceChen 08:35:09.125 [main] INFO  edu.bjut.homo.myMain - meter_41347477155058441:report
BruceChen 08:35:09.125 [main] INFO  edu.bjut.homo.myMain - meter_41347477155058441:9764000
BruceChen 08:35:09.125 [main] INFO  edu.bjut.homo.myMain - meter_1910940518651396681:report
BruceChen 08:35:09.125 [main] INFO  edu.bjut.homo.myMain - meter_1910940518651396681:9767500
BruceChen 08:35:09.125 [main] INFO  edu.bjut.homo.myMain - meter_3716935635323148389:report
BruceChen 08:35:09.125 [main] INFO  edu.bjut.homo.myMain - meter_3716935635323148389:12444800
BruceChen 08:35:09.125 [main] INFO  edu.bjut.homo.myMain - meter_2633185164362258071:report
BruceChen 08:35:09.125 [main] INFO  edu.bjut.homo.myMain - meter_2633185164362258071:9749000
BruceChen 08:35:09.125 [main] INFO  edu.bjut.homo.myMain - meter_7835042935039520285:report
BruceChen 08:35:09.125 [main] INFO  edu.bjut.homo.myMain - meter_7835042935039520285:9798000
BruceChen 08:35:09.125 [main] INFO  edu.bjut.homo.myMain - meter_1244411248685652217:report
BruceChen 08:35:09.125 [main] INFO  edu.bjut.homo.myMain - meter_1244411248685652217:10332200
BruceChen 08:35:09.125 [main] INFO  edu.bjut.homo.myMain - meter_7185138457838148947:report
BruceChen 08:35:09.125 [main] INFO  edu.bjut.homo.myMain - meter_7185138457838148947:9910700
BruceChen 08:35:09.125 [main] INFO  edu.bjut.homo.myMain - meter_3642913824473275415:report
BruceChen 08:35:09.125 [main] INFO  edu.bjut.homo.myMain - meter_3642913824473275415:9843400
BruceChen 08:35:09.125 [main] INFO  edu.bjut.homo.myMain - meter_4019384520081095351:report
BruceChen 08:35:09.125 [main] INFO  edu.bjut.homo.myMain - meter_4019384520081095351:9769800
BruceChen 08:35:09.125 [main] INFO  edu.bjut.homo.myMain - meter_3782725425681869609:report
BruceChen 08:35:09.125 [main] INFO  edu.bjut.homo.myMain - meter_3782725425681869609:9741200
BruceChen 08:35:09.125 [main] INFO  edu.bjut.homo.myMain - meter_226167993611922683:report
BruceChen 08:35:09.125 [main] INFO  edu.bjut.homo.myMain - meter_226167993611922683:9841400
BruceChen 08:35:09.125 [main] INFO  edu.bjut.homo.myMain - meter_2813747279531269753:report
BruceChen 08:35:09.125 [main] INFO  edu.bjut.homo.myMain - meter_2813747279531269753:9766800
BruceChen 08:35:09.125 [main] INFO  edu.bjut.homo.myMain - meter_743092727027015389:report
BruceChen 08:35:09.125 [main] INFO  edu.bjut.homo.myMain - meter_743092727027015389:9831900
BruceChen 08:35:09.125 [main] INFO  edu.bjut.homo.myMain - meter_3097987650130055551:report
BruceChen 08:35:09.125 [main] INFO  edu.bjut.homo.myMain - meter_3097987650130055551:9862900
BruceChen 08:35:09.125 [main] INFO  edu.bjut.homo.myMain - meter_1542601732172458531:report
BruceChen 08:35:09.125 [main] INFO  edu.bjut.homo.myMain - meter_1542601732172458531:9907700
BruceChen 08:35:09.125 [main] INFO  edu.bjut.homo.myMain - meter_4751420993049294499:report
BruceChen 08:35:09.125 [main] INFO  edu.bjut.homo.myMain - meter_4751420993049294499:9746000
BruceChen 08:35:09.125 [main] INFO  edu.bjut.homo.myMain - meter_1160313936612029927:report
BruceChen 08:35:09.125 [main] INFO  edu.bjut.homo.myMain - meter_1160313936612029927:9743600
BruceChen 08:35:09.125 [main] INFO  edu.bjut.homo.myMain - meter_3480276545218889247:report
BruceChen 08:35:09.125 [main] INFO  edu.bjut.homo.myMain - meter_3480276545218889247:9707700
BruceChen 08:35:09.125 [main] INFO  edu.bjut.homo.myMain - meter_4223297141651407:report
BruceChen 08:35:09.125 [main] INFO  edu.bjut.homo.myMain - meter_4223297141651407:9767100
BruceChen 08:35:09.125 [main] INFO  edu.bjut.homo.myMain - meter_4261861813978111701:report
BruceChen 08:35:09.125 [main] INFO  edu.bjut.homo.myMain - meter_4261861813978111701:9710300
BruceChen 08:35:09.125 [main] INFO  edu.bjut.homo.myMain - meter_5352444146656283741:report
BruceChen 08:35:09.125 [main] INFO  edu.bjut.homo.myMain - meter_5352444146656283741:9808900
BruceChen 08:35:09.125 [main] INFO  edu.bjut.homo.myMain - meter_8507131748904602101:report
BruceChen 08:35:09.125 [main] INFO  edu.bjut.homo.myMain - meter_8507131748904602101:9708600
BruceChen 08:35:09.125 [main] INFO  edu.bjut.homo.myMain - meter_5022912286320888423:report
BruceChen 08:35:09.125 [main] INFO  edu.bjut.homo.myMain - meter_5022912286320888423:9954300
BruceChen 08:35:09.125 [main] INFO  edu.bjut.homo.myMain - meter_8001938611286858847:report
BruceChen 08:35:09.125 [main] INFO  edu.bjut.homo.myMain - meter_8001938611286858847:9821900
BruceChen 08:35:09.125 [main] INFO  edu.bjut.homo.myMain - meter_2782789692323106039:report
BruceChen 08:35:09.125 [main] INFO  edu.bjut.homo.myMain - meter_2782789692323106039:9849800
BruceChen 08:35:09.125 [main] INFO  edu.bjut.homo.myMain - meter_3418362466002511495:report
BruceChen 08:35:09.125 [main] INFO  edu.bjut.homo.myMain - meter_3418362466002511495:9716300
BruceChen 08:35:09.125 [main] INFO  edu.bjut.homo.myMain - meter_3564373861587478625:report
BruceChen 08:35:09.125 [main] INFO  edu.bjut.homo.myMain - meter_3564373861587478625:9796600
BruceChen 08:35:09.125 [main] INFO  edu.bjut.homo.myMain - meter_4011534081634022501:report
BruceChen 08:35:09.125 [main] INFO  edu.bjut.homo.myMain - meter_4011534081634022501:9643500
BruceChen 08:35:09.125 [main] INFO  edu.bjut.homo.myMain - meter_8523756537374137597:report
BruceChen 08:35:09.125 [main] INFO  edu.bjut.homo.myMain - meter_8523756537374137597:9585600
BruceChen 08:35:09.125 [main] INFO  edu.bjut.homo.myMain - meter_4981813379002752141:report
BruceChen 08:35:09.125 [main] INFO  edu.bjut.homo.myMain - meter_4981813379002752141:9585500
BruceChen 08:35:09.125 [main] INFO  edu.bjut.homo.myMain - meter_5181674953944559721:report
BruceChen 08:35:09.125 [main] INFO  edu.bjut.homo.myMain - meter_5181674953944559721:9580800
BruceChen 08:35:09.125 [main] INFO  edu.bjut.homo.myMain - meter_5114201326567432661:report
BruceChen 08:35:09.125 [main] INFO  edu.bjut.homo.myMain - meter_5114201326567432661:9591300
BruceChen 08:35:09.125 [main] INFO  edu.bjut.homo.myMain - meter_82763255732546241:report
BruceChen 08:35:09.125 [main] INFO  edu.bjut.homo.myMain - meter_82763255732546241:9591100
BruceChen 08:35:09.125 [main] INFO  edu.bjut.homo.myMain - meter_7817118094846772065:report
BruceChen 08:35:09.125 [main] INFO  edu.bjut.homo.myMain - meter_7817118094846772065:9621300
BruceChen 08:35:09.125 [main] INFO  edu.bjut.homo.myMain - meter_6661027451081425057:report
BruceChen 08:35:09.125 [main] INFO  edu.bjut.homo.myMain - meter_6661027451081425057:9584900
BruceChen 08:35:09.125 [main] INFO  edu.bjut.homo.myMain - meter_1783135438235955515:report
BruceChen 08:35:09.125 [main] INFO  edu.bjut.homo.myMain - meter_1783135438235955515:9583900
BruceChen 08:35:09.125 [main] INFO  edu.bjut.homo.myMain - meter_2322885849747106013:report
BruceChen 08:35:09.125 [main] INFO  edu.bjut.homo.myMain - meter_2322885849747106013:9689100
BruceChen 08:35:09.125 [main] INFO  edu.bjut.homo.myMain - meter_5879443281817052717:report
BruceChen 08:35:09.125 [main] INFO  edu.bjut.homo.myMain - meter_5879443281817052717:9408700
BruceChen 08:35:09.125 [main] INFO  edu.bjut.homo.myMain - meter_511990990388772223:report
BruceChen 08:35:09.125 [main] INFO  edu.bjut.homo.myMain - meter_511990990388772223:11726300
BruceChen 08:35:09.125 [main] INFO  edu.bjut.homo.myMain - meter_3720810246970641053:report
BruceChen 08:35:09.125 [main] INFO  edu.bjut.homo.myMain - meter_3720810246970641053:9882200
BruceChen 08:35:09.125 [main] INFO  edu.bjut.homo.myMain - meter_149593342721242129:report
BruceChen 08:35:09.125 [main] INFO  edu.bjut.homo.myMain - meter_149593342721242129:9603200
BruceChen 08:35:09.125 [main] INFO  edu.bjut.homo.myMain - meter_7897999509858797307:report
BruceChen 08:35:09.125 [main] INFO  edu.bjut.homo.myMain - meter_7897999509858797307:9631700
BruceChen 08:35:09.125 [main] INFO  edu.bjut.homo.myMain - meter_934721177687919319:report
BruceChen 08:35:09.125 [main] INFO  edu.bjut.homo.myMain - meter_934721177687919319:9736700
BruceChen 08:35:09.125 [main] INFO  edu.bjut.homo.myMain - meter_5200806288807682399:report
BruceChen 08:35:09.125 [main] INFO  edu.bjut.homo.myMain - meter_5200806288807682399:9674000
BruceChen 08:35:09.125 [main] INFO  edu.bjut.homo.myMain - meter_7984388807418693483:report
BruceChen 08:35:09.125 [main] INFO  edu.bjut.homo.myMain - meter_7984388807418693483:9513800
BruceChen 08:35:12.517 [main] INFO  edu.bjut.homo.myMain - meterRegTime
BruceChen 08:35:12.877 [main] INFO  edu.bjut.homo.myMain - kgc:reg_response,reg_response,reg_response,reg_response,reg_response,reg_response,reg_response,reg_response,reg_response,reg_response,reg_response,reg_response,reg_response,reg_response,reg_response,reg_response,reg_response,reg_response,reg_response,reg_response,reg_response,reg_response,reg_response,reg_response,reg_response,reg_response,reg_response,reg_response,reg_response,reg_response,reg_response,reg_response,reg_response,reg_response,reg_response,reg_response,reg_response,reg_response,reg_response,reg_response,reg_response,reg_response,reg_response,reg_response,reg_response,reg_response,reg_response,reg_response,reg_response,reg_response
BruceChen 08:35:12.877 [main] INFO  edu.bjut.homo.myMain - kgc:7558900,7157000,7224400,7273700,7176900,7230400,7266200,7236200,7209200,7378800,7115300,7112700,7453800,7183900,7204900,7150400,7218000,7084400,7260000,7134100,7419800,7120600,8088300,7289200,7190600,7206100,7312200,7195400,7135500,7364800,7290200,7110300,7219400,7117900,7200700,7200400,7294400,7196500,7139300,7136300,7110500,7137900,7121300,7578200,7119400,7291200,7203600,7282000,7185700,7213200
BruceChen 08:35:12.877 [main] INFO  edu.bjut.homo.myMain - meter_3326414715481816005:reg,reg_response
BruceChen 08:35:12.877 [main] INFO  edu.bjut.homo.myMain - meter_3326414715481816005:38200,40500
BruceChen 08:35:12.877 [main] INFO  edu.bjut.homo.myMain - meter_230425291093312297:reg,reg_response
BruceChen 08:35:12.877 [main] INFO  edu.bjut.homo.myMain - meter_230425291093312297:9500,57500
BruceChen 08:35:12.877 [main] INFO  edu.bjut.homo.myMain - meter_4556459160794136041:reg,reg_response
BruceChen 08:35:12.877 [main] INFO  edu.bjut.homo.myMain - meter_4556459160794136041:9600,150200
BruceChen 08:35:12.877 [main] INFO  edu.bjut.homo.myMain - meter_5192031934473541527:reg,reg_response
BruceChen 08:35:12.877 [main] INFO  edu.bjut.homo.myMain - meter_5192031934473541527:18500,59000
BruceChen 08:35:12.877 [main] INFO  edu.bjut.homo.myMain - meter_8931183712105401849:reg,reg_response
BruceChen 08:35:12.877 [main] INFO  edu.bjut.homo.myMain - meter_8931183712105401849:8600,43400
BruceChen 08:35:12.877 [main] INFO  edu.bjut.homo.myMain - meter_4290594334081143327:reg,reg_response
BruceChen 08:35:12.877 [main] INFO  edu.bjut.homo.myMain - meter_4290594334081143327:7700,37100
BruceChen 08:35:12.877 [main] INFO  edu.bjut.homo.myMain - meter_6242600846337795743:reg,reg_response
BruceChen 08:35:12.877 [main] INFO  edu.bjut.homo.myMain - meter_6242600846337795743:8300,33800
BruceChen 08:35:12.877 [main] INFO  edu.bjut.homo.myMain - meter_4424713728382020231:reg,reg_response
BruceChen 08:35:12.877 [main] INFO  edu.bjut.homo.myMain - meter_4424713728382020231:7700,32700
BruceChen 08:35:12.877 [main] INFO  edu.bjut.homo.myMain - meter_2270980436239033779:reg,reg_response
BruceChen 08:35:12.877 [main] INFO  edu.bjut.homo.myMain - meter_2270980436239033779:7700,34400
BruceChen 08:35:12.877 [main] INFO  edu.bjut.homo.myMain - meter_4422339762198223413:reg,reg_response
BruceChen 08:35:12.877 [main] INFO  edu.bjut.homo.myMain - meter_4422339762198223413:7300,33200
BruceChen 08:35:12.877 [main] INFO  edu.bjut.homo.myMain - meter_448561120526552999:reg,reg_response
BruceChen 08:35:12.877 [main] INFO  edu.bjut.homo.myMain - meter_448561120526552999:7700,33600
BruceChen 08:35:12.877 [main] INFO  edu.bjut.homo.myMain - meter_2805749124315683613:reg,reg_response
BruceChen 08:35:12.877 [main] INFO  edu.bjut.homo.myMain - meter_2805749124315683613:7400,33300
BruceChen 08:35:12.877 [main] INFO  edu.bjut.homo.myMain - meter_5306938017492028539:reg,reg_response
BruceChen 08:35:12.877 [main] INFO  edu.bjut.homo.myMain - meter_5306938017492028539:7500,31700
BruceChen 08:35:12.877 [main] INFO  edu.bjut.homo.myMain - meter_2386235933573049325:reg,reg_response
BruceChen 08:35:12.877 [main] INFO  edu.bjut.homo.myMain - meter_2386235933573049325:8800,32700
BruceChen 08:35:12.877 [main] INFO  edu.bjut.homo.myMain - meter_1791844043647890355:reg,reg_response
BruceChen 08:35:12.877 [main] INFO  edu.bjut.homo.myMain - meter_1791844043647890355:7400,34400
BruceChen 08:35:12.877 [main] INFO  edu.bjut.homo.myMain - meter_5122200581277869003:reg,reg_response
BruceChen 08:35:12.877 [main] INFO  edu.bjut.homo.myMain - meter_5122200581277869003:7100,38600
BruceChen 08:35:12.877 [main] INFO  edu.bjut.homo.myMain - meter_7485146532290211437:reg,reg_response
BruceChen 08:35:12.877 [main] INFO  edu.bjut.homo.myMain - meter_7485146532290211437:7300,31000
BruceChen 08:35:12.877 [main] INFO  edu.bjut.homo.myMain - meter_2287605220413602427:reg,reg_response
BruceChen 08:35:12.877 [main] INFO  edu.bjut.homo.myMain - meter_2287605220413602427:7000,32700
BruceChen 08:35:12.877 [main] INFO  edu.bjut.homo.myMain - meter_5772106162268994959:reg,reg_response
BruceChen 08:35:12.877 [main] INFO  edu.bjut.homo.myMain - meter_5772106162268994959:6900,32600
BruceChen 08:35:12.877 [main] INFO  edu.bjut.homo.myMain - meter_7779544384843823387:reg,reg_response
BruceChen 08:35:12.877 [main] INFO  edu.bjut.homo.myMain - meter_7779544384843823387:6800,30600
BruceChen 08:35:12.877 [main] INFO  edu.bjut.homo.myMain - meter_503992826583383049:reg,reg_response
BruceChen 08:35:12.877 [main] INFO  edu.bjut.homo.myMain - meter_503992826583383049:7000,31500
BruceChen 08:35:12.877 [main] INFO  edu.bjut.homo.myMain - meter_3052846080480117105:reg,reg_response
BruceChen 08:35:12.877 [main] INFO  edu.bjut.homo.myMain - meter_3052846080480117105:6900,30900
BruceChen 08:35:12.877 [main] INFO  edu.bjut.homo.myMain - meter_7090831882020835137:reg,reg_response
BruceChen 08:35:12.877 [main] INFO  edu.bjut.homo.myMain - meter_7090831882020835137:10200,32100
BruceChen 08:35:12.877 [main] INFO  edu.bjut.homo.myMain - meter_8032036927740340891:reg,reg_response
BruceChen 08:35:12.877 [main] INFO  edu.bjut.homo.myMain - meter_8032036927740340891:7300,30900
BruceChen 08:35:12.877 [main] INFO  edu.bjut.homo.myMain - meter_4446814984819933591:reg,reg_response
BruceChen 08:35:12.877 [main] INFO  edu.bjut.homo.myMain - meter_4446814984819933591:6900,30900
BruceChen 08:35:12.877 [main] INFO  edu.bjut.homo.myMain - meter_341355551607121475:reg,reg_response
BruceChen 08:35:12.877 [main] INFO  edu.bjut.homo.myMain - meter_341355551607121475:6800,33100
BruceChen 08:35:12.877 [main] INFO  edu.bjut.homo.myMain - meter_1464921048631210147:reg,reg_response
BruceChen 08:35:12.877 [main] INFO  edu.bjut.homo.myMain - meter_1464921048631210147:6800,31700
BruceChen 08:35:12.877 [main] INFO  edu.bjut.homo.myMain - meter_2433898086680313033:reg,reg_response
BruceChen 08:35:12.877 [main] INFO  edu.bjut.homo.myMain - meter_2433898086680313033:7100,30800
BruceChen 08:35:12.877 [main] INFO  edu.bjut.homo.myMain - meter_2206972770598846127:reg,reg_response
BruceChen 08:35:12.877 [main] INFO  edu.bjut.homo.myMain - meter_2206972770598846127:8000,30500
BruceChen 08:35:12.877 [main] INFO  edu.bjut.homo.myMain - meter_5836311118853369501:reg,reg_response
BruceChen 08:35:12.877 [main] INFO  edu.bjut.homo.myMain - meter_5836311118853369501:6600,30500
BruceChen 08:35:12.877 [main] INFO  edu.bjut.homo.myMain - meter_9126213487994278999:reg,reg_response
BruceChen 08:35:12.877 [main] INFO  edu.bjut.homo.myMain - meter_9126213487994278999:6800,33000
BruceChen 08:35:12.892 [main] INFO  edu.bjut.homo.myMain - meter_6771034895203082961:reg,reg_response
BruceChen 08:35:12.892 [main] INFO  edu.bjut.homo.myMain - meter_6771034895203082961:6900,34500
BruceChen 08:35:12.892 [main] INFO  edu.bjut.homo.myMain - meter_7107456666195337841:reg,reg_response
BruceChen 08:35:12.892 [main] INFO  edu.bjut.homo.myMain - meter_7107456666195337841:6700,33600
BruceChen 08:35:12.892 [main] INFO  edu.bjut.homo.myMain - meter_3677270537919774681:reg,reg_response
BruceChen 08:35:12.892 [main] INFO  edu.bjut.homo.myMain - meter_3677270537919774681:7100,45500
BruceChen 08:35:12.892 [main] INFO  edu.bjut.homo.myMain - meter_5847628614254108657:reg,reg_response
BruceChen 08:35:12.892 [main] INFO  edu.bjut.homo.myMain - meter_5847628614254108657:7200,37300
BruceChen 08:35:12.892 [main] INFO  edu.bjut.homo.myMain - meter_1814669726022137753:reg,reg_response
BruceChen 08:35:12.892 [main] INFO  edu.bjut.homo.myMain - meter_1814669726022137753:9300,29600
BruceChen 08:35:12.892 [main] INFO  edu.bjut.homo.myMain - meter_6931380193316494807:reg,reg_response
BruceChen 08:35:12.892 [main] INFO  edu.bjut.homo.myMain - meter_6931380193316494807:5900,39800
BruceChen 08:35:12.892 [main] INFO  edu.bjut.homo.myMain - meter_3061539549283065737:reg,reg_response
BruceChen 08:35:12.892 [main] INFO  edu.bjut.homo.myMain - meter_3061539549283065737:6100,27900
BruceChen 08:35:12.892 [main] INFO  edu.bjut.homo.myMain - meter_3697111223467620217:reg,reg_response
BruceChen 08:35:12.892 [main] INFO  edu.bjut.homo.myMain - meter_3697111223467620217:6100,28000
BruceChen 08:35:12.892 [main] INFO  edu.bjut.homo.myMain - meter_5785513945592148053:reg,reg_response
BruceChen 08:35:12.892 [main] INFO  edu.bjut.homo.myMain - meter_5785513945592148053:8100,29900
BruceChen 08:35:12.892 [main] INFO  edu.bjut.homo.myMain - meter_1130872135737965353:reg,reg_response
BruceChen 08:35:12.892 [main] INFO  edu.bjut.homo.myMain - meter_1130872135737965353:6400,29100
BruceChen 08:35:12.892 [main] INFO  edu.bjut.homo.myMain - meter_6864831577009542755:reg,reg_response
BruceChen 08:35:12.892 [main] INFO  edu.bjut.homo.myMain - meter_6864831577009542755:5900,29400
BruceChen 08:35:12.892 [main] INFO  edu.bjut.homo.myMain - meter_4888874872751087731:reg,reg_response
BruceChen 08:35:12.892 [main] INFO  edu.bjut.homo.myMain - meter_4888874872751087731:6200,30300
BruceChen 08:35:12.892 [main] INFO  edu.bjut.homo.myMain - meter_6622812399679813041:reg,reg_response
BruceChen 08:35:12.892 [main] INFO  edu.bjut.homo.myMain - meter_6622812399679813041:6200,28800
BruceChen 08:35:12.892 [main] INFO  edu.bjut.homo.myMain - meter_6087962826071971671:reg,reg_response
BruceChen 08:35:12.892 [main] INFO  edu.bjut.homo.myMain - meter_6087962826071971671:6100,62100
BruceChen 08:35:12.892 [main] INFO  edu.bjut.homo.myMain - meter_759501776573987589:reg,reg_response
BruceChen 08:35:12.892 [main] INFO  edu.bjut.homo.myMain - meter_759501776573987589:6400,35700
BruceChen 08:35:12.892 [main] INFO  edu.bjut.homo.myMain - meter_6253734021673588485:reg,reg_response
BruceChen 08:35:12.892 [main] INFO  edu.bjut.homo.myMain - meter_6253734021673588485:6500,27700
BruceChen 08:35:12.892 [main] INFO  edu.bjut.homo.myMain - meter_3300948737112362555:reg,reg_response
BruceChen 08:35:12.892 [main] INFO  edu.bjut.homo.myMain - meter_3300948737112362555:6300,29600
BruceChen 08:35:12.892 [main] INFO  edu.bjut.homo.myMain - meter_6785449678950976819:reg,reg_response
BruceChen 08:35:12.892 [main] INFO  edu.bjut.homo.myMain - meter_6785449678950976819:6000,26600
BruceChen 08:35:12.892 [main] INFO  edu.bjut.homo.myMain - meter_8504774027381025157:reg,reg_response
BruceChen 08:35:12.892 [main] INFO  edu.bjut.homo.myMain - meter_8504774027381025157:6100,26600
BruceChen 08:35:12.892 [main] INFO  edu.bjut.homo.myMain - oneTimeMeterRepTime
BruceChen 08:35:13.629 [main] INFO  edu.bjut.homo.myMain - agg:resp_agg
BruceChen 08:35:13.629 [main] INFO  edu.bjut.homo.myMain - agg:244974600
BruceChen 08:35:13.629 [main] INFO  edu.bjut.homo.myMain - server:report_res
BruceChen 08:35:13.629 [main] INFO  edu.bjut.homo.myMain - server:14075500
BruceChen 08:35:13.629 [main] INFO  edu.bjut.homo.myMain - meter_3326414715481816005:report
BruceChen 08:35:13.629 [main] INFO  edu.bjut.homo.myMain - meter_3326414715481816005:10233400
BruceChen 08:35:13.629 [main] INFO  edu.bjut.homo.myMain - meter_230425291093312297:report
BruceChen 08:35:13.629 [main] INFO  edu.bjut.homo.myMain - meter_230425291093312297:12307200
BruceChen 08:35:13.629 [main] INFO  edu.bjut.homo.myMain - meter_4556459160794136041:report
BruceChen 08:35:13.629 [main] INFO  edu.bjut.homo.myMain - meter_4556459160794136041:10219100
BruceChen 08:35:13.629 [main] INFO  edu.bjut.homo.myMain - meter_5192031934473541527:report
BruceChen 08:35:13.629 [main] INFO  edu.bjut.homo.myMain - meter_5192031934473541527:9784900
BruceChen 08:35:13.629 [main] INFO  edu.bjut.homo.myMain - meter_8931183712105401849:report
BruceChen 08:35:13.629 [main] INFO  edu.bjut.homo.myMain - meter_8931183712105401849:10140500
BruceChen 08:35:13.629 [main] INFO  edu.bjut.homo.myMain - meter_4290594334081143327:report
BruceChen 08:35:13.629 [main] INFO  edu.bjut.homo.myMain - meter_4290594334081143327:9957400
BruceChen 08:35:13.629 [main] INFO  edu.bjut.homo.myMain - meter_6242600846337795743:report
BruceChen 08:35:13.629 [main] INFO  edu.bjut.homo.myMain - meter_6242600846337795743:10078500
BruceChen 08:35:13.629 [main] INFO  edu.bjut.homo.myMain - meter_4424713728382020231:report
BruceChen 08:35:13.629 [main] INFO  edu.bjut.homo.myMain - meter_4424713728382020231:10098500
BruceChen 08:35:13.629 [main] INFO  edu.bjut.homo.myMain - meter_2270980436239033779:report
BruceChen 08:35:13.629 [main] INFO  edu.bjut.homo.myMain - meter_2270980436239033779:9937900
BruceChen 08:35:13.629 [main] INFO  edu.bjut.homo.myMain - meter_4422339762198223413:report
BruceChen 08:35:13.629 [main] INFO  edu.bjut.homo.myMain - meter_4422339762198223413:9658100
BruceChen 08:35:13.629 [main] INFO  edu.bjut.homo.myMain - meter_448561120526552999:report
BruceChen 08:35:13.629 [main] INFO  edu.bjut.homo.myMain - meter_448561120526552999:9612200
BruceChen 08:35:13.629 [main] INFO  edu.bjut.homo.myMain - meter_2805749124315683613:report
BruceChen 08:35:13.629 [main] INFO  edu.bjut.homo.myMain - meter_2805749124315683613:9541800
BruceChen 08:35:13.629 [main] INFO  edu.bjut.homo.myMain - meter_5306938017492028539:report
BruceChen 08:35:13.629 [main] INFO  edu.bjut.homo.myMain - meter_5306938017492028539:9566400
BruceChen 08:35:13.629 [main] INFO  edu.bjut.homo.myMain - meter_2386235933573049325:report
BruceChen 08:35:13.629 [main] INFO  edu.bjut.homo.myMain - meter_2386235933573049325:9524800
BruceChen 08:35:13.629 [main] INFO  edu.bjut.homo.myMain - meter_1791844043647890355:report
BruceChen 08:35:13.629 [main] INFO  edu.bjut.homo.myMain - meter_1791844043647890355:9498700
BruceChen 08:35:13.629 [main] INFO  edu.bjut.homo.myMain - meter_5122200581277869003:report
BruceChen 08:35:13.629 [main] INFO  edu.bjut.homo.myMain - meter_5122200581277869003:9558600
BruceChen 08:35:13.629 [main] INFO  edu.bjut.homo.myMain - meter_7485146532290211437:report
BruceChen 08:35:13.629 [main] INFO  edu.bjut.homo.myMain - meter_7485146532290211437:9515900
BruceChen 08:35:13.629 [main] INFO  edu.bjut.homo.myMain - meter_2287605220413602427:report
BruceChen 08:35:13.629 [main] INFO  edu.bjut.homo.myMain - meter_2287605220413602427:9521700
BruceChen 08:35:13.629 [main] INFO  edu.bjut.homo.myMain - meter_5772106162268994959:report
BruceChen 08:35:13.629 [main] INFO  edu.bjut.homo.myMain - meter_5772106162268994959:9525200
BruceChen 08:35:13.629 [main] INFO  edu.bjut.homo.myMain - meter_7779544384843823387:report
BruceChen 08:35:13.629 [main] INFO  edu.bjut.homo.myMain - meter_7779544384843823387:9519100
BruceChen 08:35:13.629 [main] INFO  edu.bjut.homo.myMain - meter_503992826583383049:report
BruceChen 08:35:13.629 [main] INFO  edu.bjut.homo.myMain - meter_503992826583383049:9520100
BruceChen 08:35:13.629 [main] INFO  edu.bjut.homo.myMain - meter_3052846080480117105:report
BruceChen 08:35:13.629 [main] INFO  edu.bjut.homo.myMain - meter_3052846080480117105:9412500
BruceChen 08:35:13.629 [main] INFO  edu.bjut.homo.myMain - meter_7090831882020835137:report
BruceChen 08:35:13.629 [main] INFO  edu.bjut.homo.myMain - meter_7090831882020835137:9440000
BruceChen 08:35:13.629 [main] INFO  edu.bjut.homo.myMain - meter_8032036927740340891:report
BruceChen 08:35:13.629 [main] INFO  edu.bjut.homo.myMain - meter_8032036927740340891:9546900
BruceChen 08:35:13.629 [main] INFO  edu.bjut.homo.myMain - meter_4446814984819933591:report
BruceChen 08:35:13.629 [main] INFO  edu.bjut.homo.myMain - meter_4446814984819933591:9524800
BruceChen 08:35:13.629 [main] INFO  edu.bjut.homo.myMain - meter_341355551607121475:report
BruceChen 08:35:13.629 [main] INFO  edu.bjut.homo.myMain - meter_341355551607121475:9590300
BruceChen 08:35:13.629 [main] INFO  edu.bjut.homo.myMain - meter_1464921048631210147:report
BruceChen 08:35:13.629 [main] INFO  edu.bjut.homo.myMain - meter_1464921048631210147:9531800
BruceChen 08:35:13.629 [main] INFO  edu.bjut.homo.myMain - meter_2433898086680313033:report
BruceChen 08:35:13.629 [main] INFO  edu.bjut.homo.myMain - meter_2433898086680313033:9593000
BruceChen 08:35:13.629 [main] INFO  edu.bjut.homo.myMain - meter_2206972770598846127:report
BruceChen 08:35:13.629 [main] INFO  edu.bjut.homo.myMain - meter_2206972770598846127:9524600
BruceChen 08:35:13.629 [main] INFO  edu.bjut.homo.myMain - meter_5836311118853369501:report
BruceChen 08:35:13.629 [main] INFO  edu.bjut.homo.myMain - meter_5836311118853369501:9454800
BruceChen 08:35:13.629 [main] INFO  edu.bjut.homo.myMain - meter_9126213487994278999:report
BruceChen 08:35:13.629 [main] INFO  edu.bjut.homo.myMain - meter_9126213487994278999:9443600
BruceChen 08:35:13.629 [main] INFO  edu.bjut.homo.myMain - meter_6771034895203082961:report
BruceChen 08:35:13.629 [main] INFO  edu.bjut.homo.myMain - meter_6771034895203082961:9500900
BruceChen 08:35:13.629 [main] INFO  edu.bjut.homo.myMain - meter_7107456666195337841:report
BruceChen 08:35:13.629 [main] INFO  edu.bjut.homo.myMain - meter_7107456666195337841:9484100
BruceChen 08:35:13.629 [main] INFO  edu.bjut.homo.myMain - meter_3677270537919774681:report
BruceChen 08:35:13.629 [main] INFO  edu.bjut.homo.myMain - meter_3677270537919774681:9420800
BruceChen 08:35:13.629 [main] INFO  edu.bjut.homo.myMain - meter_5847628614254108657:report
BruceChen 08:35:13.629 [main] INFO  edu.bjut.homo.myMain - meter_5847628614254108657:9536700
BruceChen 08:35:13.629 [main] INFO  edu.bjut.homo.myMain - meter_1814669726022137753:report
BruceChen 08:35:13.629 [main] INFO  edu.bjut.homo.myMain - meter_1814669726022137753:9441100
BruceChen 08:35:13.629 [main] INFO  edu.bjut.homo.myMain - meter_6931380193316494807:report
BruceChen 08:35:13.629 [main] INFO  edu.bjut.homo.myMain - meter_6931380193316494807:9590800
BruceChen 08:35:13.629 [main] INFO  edu.bjut.homo.myMain - meter_3061539549283065737:report
BruceChen 08:35:13.629 [main] INFO  edu.bjut.homo.myMain - meter_3061539549283065737:9550900
BruceChen 08:35:13.629 [main] INFO  edu.bjut.homo.myMain - meter_3697111223467620217:report
BruceChen 08:35:13.629 [main] INFO  edu.bjut.homo.myMain - meter_3697111223467620217:12343500
BruceChen 08:35:13.629 [main] INFO  edu.bjut.homo.myMain - meter_5785513945592148053:report
BruceChen 08:35:13.629 [main] INFO  edu.bjut.homo.myMain - meter_5785513945592148053:10140300
BruceChen 08:35:13.629 [main] INFO  edu.bjut.homo.myMain - meter_1130872135737965353:report
BruceChen 08:35:13.629 [main] INFO  edu.bjut.homo.myMain - meter_1130872135737965353:9505500
BruceChen 08:35:13.629 [main] INFO  edu.bjut.homo.myMain - meter_6864831577009542755:report
BruceChen 08:35:13.629 [main] INFO  edu.bjut.homo.myMain - meter_6864831577009542755:9497000
BruceChen 08:35:13.629 [main] INFO  edu.bjut.homo.myMain - meter_4888874872751087731:report
BruceChen 08:35:13.629 [main] INFO  edu.bjut.homo.myMain - meter_4888874872751087731:9528700
BruceChen 08:35:13.629 [main] INFO  edu.bjut.homo.myMain - meter_6622812399679813041:report
BruceChen 08:35:13.629 [main] INFO  edu.bjut.homo.myMain - meter_6622812399679813041:9636600
BruceChen 08:35:13.629 [main] INFO  edu.bjut.homo.myMain - meter_6087962826071971671:report
BruceChen 08:35:13.629 [main] INFO  edu.bjut.homo.myMain - meter_6087962826071971671:9545800
BruceChen 08:35:13.629 [main] INFO  edu.bjut.homo.myMain - meter_759501776573987589:report
BruceChen 08:35:13.629 [main] INFO  edu.bjut.homo.myMain - meter_759501776573987589:9528300
BruceChen 08:35:13.629 [main] INFO  edu.bjut.homo.myMain - meter_6253734021673588485:report
BruceChen 08:35:13.629 [main] INFO  edu.bjut.homo.myMain - meter_6253734021673588485:9505300
BruceChen 08:35:13.629 [main] INFO  edu.bjut.homo.myMain - meter_3300948737112362555:report
BruceChen 08:35:13.629 [main] INFO  edu.bjut.homo.myMain - meter_3300948737112362555:9574900
BruceChen 08:35:13.629 [main] INFO  edu.bjut.homo.myMain - meter_6785449678950976819:report
BruceChen 08:35:13.629 [main] INFO  edu.bjut.homo.myMain - meter_6785449678950976819:9496500
BruceChen 08:35:13.629 [main] INFO  edu.bjut.homo.myMain - meter_8504774027381025157:report
BruceChen 08:35:13.629 [main] INFO  edu.bjut.homo.myMain - meter_8504774027381025157:9517300
BruceChen 08:35:15.778 [main] INFO  edu.bjut.homo.myMain - meterRegTime
BruceChen 08:35:16.075 [main] INFO  edu.bjut.homo.myMain - kgc:reg_response,reg_response,reg_response,reg_response,reg_response,reg_response,reg_response,reg_response,reg_response,reg_response,reg_response,reg_response,reg_response,reg_response,reg_response,reg_response,reg_response,reg_response,reg_response,reg_response,reg_response,reg_response,reg_response,reg_response,reg_response,reg_response,reg_response,reg_response,reg_response,reg_response,reg_response,reg_response,reg_response,reg_response,reg_response,reg_response,reg_response,reg_response,reg_response,reg_response
BruceChen 08:35:16.075 [main] INFO  edu.bjut.homo.myMain - kgc:7510700,7441200,7251100,7432800,7199400,7138600,9889700,7234000,7139500,7095800,7249400,7169400,7144700,7507200,7265700,7208200,7307100,7087900,7071800,7090400,7226000,7113300,7205100,7265000,7194200,7069200,7115500,7087000,7231800,7257900,6983700,6966500,7211000,6909000,6892700,6966700,6910100,6888300,7209400,7049900
BruceChen 08:35:16.075 [main] INFO  edu.bjut.homo.myMain - meter_947538194370639609:reg,reg_response
BruceChen 08:35:16.075 [main] INFO  edu.bjut.homo.myMain - meter_947538194370639609:28800,23600
BruceChen 08:35:16.075 [main] INFO  edu.bjut.homo.myMain - meter_1093549589955606725:reg,reg_response
BruceChen 08:35:16.075 [main] INFO  edu.bjut.homo.myMain - meter_1093549589955606725:6100,22500
BruceChen 08:35:16.075 [main] INFO  edu.bjut.homo.myMain - meter_251831233926954045:reg,reg_response
BruceChen 08:35:16.075 [main] INFO  edu.bjut.homo.myMain - meter_251831233926954045:6500,23200
BruceChen 08:35:16.075 [main] INFO  edu.bjut.homo.myMain - meter_6587781835055206825:reg,reg_response
BruceChen 08:35:16.075 [main] INFO  edu.bjut.homo.myMain - meter_6587781835055206825:6200,21200
BruceChen 08:35:16.075 [main] INFO  edu.bjut.homo.myMain - meter_2954466527229517311:reg,reg_response
BruceChen 08:35:16.075 [main] INFO  edu.bjut.homo.myMain - meter_2954466527229517311:9000,23100
BruceChen 08:35:16.075 [main] INFO  edu.bjut.homo.myMain - meter_5937877353575709453:reg,reg_response
BruceChen 08:35:16.075 [main] INFO  edu.bjut.homo.myMain - meter_5937877353575709453:6400,23000
BruceChen 08:35:16.075 [main] INFO  edu.bjut.homo.myMain - meter_3985869741824205999:reg,reg_response
BruceChen 08:35:16.075 [main] INFO  edu.bjut.homo.myMain - meter_3985869741824205999:6500,37600
BruceChen 08:35:16.075 [main] INFO  edu.bjut.homo.myMain - meter_2105408730588017381:reg,reg_response
BruceChen 08:35:16.075 [main] INFO  edu.bjut.homo.myMain - meter_2105408730588017381:7200,42900
BruceChen 08:35:16.075 [main] INFO  edu.bjut.homo.myMain - meter_6558606339305683939:reg,reg_response
BruceChen 08:35:16.075 [main] INFO  edu.bjut.homo.myMain - meter_6558606339305683939:6300,21900
BruceChen 08:35:16.075 [main] INFO  edu.bjut.homo.myMain - meter_8331861777310631601:reg,reg_response
BruceChen 08:35:16.075 [main] INFO  edu.bjut.homo.myMain - meter_8331861777310631601:5900,20800
BruceChen 08:35:16.075 [main] INFO  edu.bjut.homo.myMain - meter_2333737550089475715:reg,reg_response
BruceChen 08:35:16.075 [main] INFO  edu.bjut.homo.myMain - meter_2333737550089475715:5800,20800
BruceChen 08:35:16.075 [main] INFO  edu.bjut.homo.myMain - meter_4012125956409572795:reg,reg_response
BruceChen 08:35:16.075 [main] INFO  edu.bjut.homo.myMain - meter_4012125956409572795:5700,22100
BruceChen 08:35:16.075 [main] INFO  edu.bjut.homo.myMain - meter_7496345418976508287:reg,reg_response
BruceChen 08:35:16.075 [main] INFO  edu.bjut.homo.myMain - meter_7496345418976508287:6000,22900
BruceChen 08:35:16.075 [main] INFO  edu.bjut.homo.myMain - meter_787192896257227277:reg,reg_response
BruceChen 08:35:16.075 [main] INFO  edu.bjut.homo.myMain - meter_787192896257227277:6000,31400
BruceChen 08:35:16.075 [main] INFO  edu.bjut.homo.myMain - meter_9158736336799984111:reg,reg_response
BruceChen 08:35:16.075 [main] INFO  edu.bjut.homo.myMain - meter_9158736336799984111:5900,35400
BruceChen 08:35:16.075 [main] INFO  edu.bjut.homo.myMain - meter_6758268448983625707:reg,reg_response
BruceChen 08:35:16.075 [main] INFO  edu.bjut.homo.myMain - meter_6758268448983625707:8700,35800
BruceChen 08:35:16.075 [main] INFO  edu.bjut.homo.myMain - meter_8527237640031872793:reg,reg_response
BruceChen 08:35:16.075 [main] INFO  edu.bjut.homo.myMain - meter_8527237640031872793:6400,22700
BruceChen 08:35:16.075 [main] INFO  edu.bjut.homo.myMain - meter_1833917437316423349:reg,reg_response
BruceChen 08:35:16.075 [main] INFO  edu.bjut.homo.myMain - meter_1833917437316423349:6300,27300
BruceChen 08:35:16.075 [main] INFO  edu.bjut.homo.myMain - meter_1284735060674986415:reg,reg_response
BruceChen 08:35:16.075 [main] INFO  edu.bjut.homo.myMain - meter_1284735060674986415:5900,27600
BruceChen 08:35:16.075 [main] INFO  edu.bjut.homo.myMain - meter_1072734413779175073:reg,reg_response
BruceChen 08:35:16.075 [main] INFO  edu.bjut.homo.myMain - meter_1072734413779175073:5800,21200
BruceChen 08:35:16.075 [main] INFO  edu.bjut.homo.myMain - meter_3306507190090005943:reg,reg_response
BruceChen 08:35:16.075 [main] INFO  edu.bjut.homo.myMain - meter_3306507190090005943:5500,21400
BruceChen 08:35:16.075 [main] INFO  edu.bjut.homo.myMain - meter_5525932022496777459:reg,reg_response
BruceChen 08:35:16.075 [main] INFO  edu.bjut.homo.myMain - meter_5525932022496777459:5800,18600
BruceChen 08:35:16.075 [main] INFO  edu.bjut.homo.myMain - meter_6227492952287142031:reg,reg_response
BruceChen 08:35:16.075 [main] INFO  edu.bjut.homo.myMain - meter_6227492952287142031:5600,19500
BruceChen 08:35:16.075 [main] INFO  edu.bjut.homo.myMain - meter_8113792787687736425:reg,reg_response
BruceChen 08:35:16.075 [main] INFO  edu.bjut.homo.myMain - meter_8113792787687736425:5900,19100
BruceChen 08:35:16.075 [main] INFO  edu.bjut.homo.myMain - meter_299413609621364569:reg,reg_response
BruceChen 08:35:16.075 [main] INFO  edu.bjut.homo.myMain - meter_299413609621364569:5800,19300
BruceChen 08:35:16.075 [main] INFO  edu.bjut.homo.myMain - meter_4355791150186240357:reg,reg_response
BruceChen 08:35:16.075 [main] INFO  edu.bjut.homo.myMain - meter_4355791150186240357:5700,19300
BruceChen 08:35:16.075 [main] INFO  edu.bjut.homo.myMain - meter_159602008429547771:reg,reg_response
BruceChen 08:35:16.075 [main] INFO  edu.bjut.homo.myMain - meter_159602008429547771:5600,21300
BruceChen 08:35:16.075 [main] INFO  edu.bjut.homo.myMain - meter_2977442232897764675:reg,reg_response
BruceChen 08:35:16.075 [main] INFO  edu.bjut.homo.myMain - meter_2977442232897764675:5900,29600
BruceChen 08:35:16.075 [main] INFO  edu.bjut.homo.myMain - meter_1171447107652921587:reg,reg_response
BruceChen 08:35:16.075 [main] INFO  edu.bjut.homo.myMain - meter_1171447107652921587:5900,21700
BruceChen 08:35:16.075 [main] INFO  edu.bjut.homo.myMain - meter_8457473126663323703:reg,reg_response
BruceChen 08:35:16.075 [main] INFO  edu.bjut.homo.myMain - meter_8457473126663323703:6300,19800
BruceChen 08:35:16.075 [main] INFO  edu.bjut.homo.myMain - meter_6360938491098170259:reg,reg_response
BruceChen 08:35:16.075 [main] INFO  edu.bjut.homo.myMain - meter_6360938491098170259:5700,21000
BruceChen 08:35:16.075 [main] INFO  edu.bjut.homo.myMain - meter_5320710360312722601:reg,reg_response
BruceChen 08:35:16.075 [main] INFO  edu.bjut.homo.myMain - meter_5320710360312722601:5400,27600
BruceChen 08:35:16.075 [main] INFO  edu.bjut.homo.myMain - meter_7214580254400470767:reg,reg_response
BruceChen 08:35:16.075 [main] INFO  edu.bjut.homo.myMain - meter_7214580254400470767:6100,18700
BruceChen 08:35:16.075 [main] INFO  edu.bjut.homo.myMain - meter_7749429832303279749:reg,reg_response
BruceChen 08:35:16.075 [main] INFO  edu.bjut.homo.myMain - meter_7749429832303279749:5600,18400
BruceChen 08:35:16.075 [main] INFO  edu.bjut.homo.myMain - meter_319815854843405743:reg,reg_response
BruceChen 08:35:16.075 [main] INFO  edu.bjut.homo.myMain - meter_319815854843405743:5400,18200
BruceChen 08:35:16.075 [main] INFO  edu.bjut.homo.myMain - meter_3236741581521507973:reg,reg_response
BruceChen 08:35:16.075 [main] INFO  edu.bjut.homo.myMain - meter_3236741581521507973:5500,18500
BruceChen 08:35:16.075 [main] INFO  edu.bjut.homo.myMain - meter_4654179999441996601:reg,reg_response
BruceChen 08:35:16.075 [main] INFO  edu.bjut.homo.myMain - meter_4654179999441996601:15100,27500
BruceChen 08:35:16.075 [main] INFO  edu.bjut.homo.myMain - meter_2466555793205844427:reg,reg_response
BruceChen 08:35:16.075 [main] INFO  edu.bjut.homo.myMain - meter_2466555793205844427:6200,29900
BruceChen 08:35:16.075 [main] INFO  edu.bjut.homo.myMain - meter_1830983019526439073:reg,reg_response
BruceChen 08:35:16.075 [main] INFO  edu.bjut.homo.myMain - meter_1830983019526439073:5800,18700
BruceChen 08:35:16.075 [main] INFO  edu.bjut.homo.myMain - meter_8881687694340498963:reg,reg_response
BruceChen 08:35:16.075 [main] INFO  edu.bjut.homo.myMain - meter_8881687694340498963:5700,20200
BruceChen 08:35:16.075 [main] INFO  edu.bjut.homo.myMain - oneTimeMeterRepTime
BruceChen 08:35:16.661 [main] INFO  edu.bjut.homo.myMain - agg:resp_agg
BruceChen 08:35:16.661 [main] INFO  edu.bjut.homo.myMain - agg:196469600
BruceChen 08:35:16.661 [main] INFO  edu.bjut.homo.myMain - server:report_res
BruceChen 08:35:16.661 [main] INFO  edu.bjut.homo.myMain - server:14614800
BruceChen 08:35:16.661 [main] INFO  edu.bjut.homo.myMain - meter_947538194370639609:report
BruceChen 08:35:16.661 [main] INFO  edu.bjut.homo.myMain - meter_947538194370639609:9642900
BruceChen 08:35:16.661 [main] INFO  edu.bjut.homo.myMain - meter_1093549589955606725:report
BruceChen 08:35:16.661 [main] INFO  edu.bjut.homo.myMain - meter_1093549589955606725:9565800
BruceChen 08:35:16.661 [main] INFO  edu.bjut.homo.myMain - meter_251831233926954045:report
BruceChen 08:35:16.661 [main] INFO  edu.bjut.homo.myMain - meter_251831233926954045:9548200
BruceChen 08:35:16.661 [main] INFO  edu.bjut.homo.myMain - meter_6587781835055206825:report
BruceChen 08:35:16.661 [main] INFO  edu.bjut.homo.myMain - meter_6587781835055206825:9610100
BruceChen 08:35:16.661 [main] INFO  edu.bjut.homo.myMain - meter_2954466527229517311:report
BruceChen 08:35:16.661 [main] INFO  edu.bjut.homo.myMain - meter_2954466527229517311:9539300
BruceChen 08:35:16.661 [main] INFO  edu.bjut.homo.myMain - meter_5937877353575709453:report
BruceChen 08:35:16.661 [main] INFO  edu.bjut.homo.myMain - meter_5937877353575709453:9536500
BruceChen 08:35:16.661 [main] INFO  edu.bjut.homo.myMain - meter_3985869741824205999:report
BruceChen 08:35:16.661 [main] INFO  edu.bjut.homo.myMain - meter_3985869741824205999:9503100
BruceChen 08:35:16.661 [main] INFO  edu.bjut.homo.myMain - meter_2105408730588017381:report
BruceChen 08:35:16.661 [main] INFO  edu.bjut.homo.myMain - meter_2105408730588017381:9539900
BruceChen 08:35:16.661 [main] INFO  edu.bjut.homo.myMain - meter_6558606339305683939:report
BruceChen 08:35:16.661 [main] INFO  edu.bjut.homo.myMain - meter_6558606339305683939:9453100
BruceChen 08:35:16.661 [main] INFO  edu.bjut.homo.myMain - meter_8331861777310631601:report
BruceChen 08:35:16.661 [main] INFO  edu.bjut.homo.myMain - meter_8331861777310631601:9601900
BruceChen 08:35:16.661 [main] INFO  edu.bjut.homo.myMain - meter_2333737550089475715:report
BruceChen 08:35:16.661 [main] INFO  edu.bjut.homo.myMain - meter_2333737550089475715:9309900
BruceChen 08:35:16.661 [main] INFO  edu.bjut.homo.myMain - meter_4012125956409572795:report
BruceChen 08:35:16.661 [main] INFO  edu.bjut.homo.myMain - meter_4012125956409572795:9349500
BruceChen 08:35:16.661 [main] INFO  edu.bjut.homo.myMain - meter_7496345418976508287:report
BruceChen 08:35:16.661 [main] INFO  edu.bjut.homo.myMain - meter_7496345418976508287:9552700
BruceChen 08:35:16.661 [main] INFO  edu.bjut.homo.myMain - meter_787192896257227277:report
BruceChen 08:35:16.661 [main] INFO  edu.bjut.homo.myMain - meter_787192896257227277:9495200
BruceChen 08:35:16.661 [main] INFO  edu.bjut.homo.myMain - meter_9158736336799984111:report
BruceChen 08:35:16.661 [main] INFO  edu.bjut.homo.myMain - meter_9158736336799984111:9529000
BruceChen 08:35:16.661 [main] INFO  edu.bjut.homo.myMain - meter_6758268448983625707:report
BruceChen 08:35:16.661 [main] INFO  edu.bjut.homo.myMain - meter_6758268448983625707:9590700
BruceChen 08:35:16.661 [main] INFO  edu.bjut.homo.myMain - meter_8527237640031872793:report
BruceChen 08:35:16.661 [main] INFO  edu.bjut.homo.myMain - meter_8527237640031872793:9495700
BruceChen 08:35:16.661 [main] INFO  edu.bjut.homo.myMain - meter_1833917437316423349:report
BruceChen 08:35:16.661 [main] INFO  edu.bjut.homo.myMain - meter_1833917437316423349:9510400
BruceChen 08:35:16.661 [main] INFO  edu.bjut.homo.myMain - meter_1284735060674986415:report
BruceChen 08:35:16.661 [main] INFO  edu.bjut.homo.myMain - meter_1284735060674986415:9388900
BruceChen 08:35:16.661 [main] INFO  edu.bjut.homo.myMain - meter_1072734413779175073:report
BruceChen 08:35:16.661 [main] INFO  edu.bjut.homo.myMain - meter_1072734413779175073:9396800
BruceChen 08:35:16.661 [main] INFO  edu.bjut.homo.myMain - meter_3306507190090005943:report
BruceChen 08:35:16.661 [main] INFO  edu.bjut.homo.myMain - meter_3306507190090005943:9373300
BruceChen 08:35:16.661 [main] INFO  edu.bjut.homo.myMain - meter_5525932022496777459:report
BruceChen 08:35:16.661 [main] INFO  edu.bjut.homo.myMain - meter_5525932022496777459:9358800
BruceChen 08:35:16.661 [main] INFO  edu.bjut.homo.myMain - meter_6227492952287142031:report
BruceChen 08:35:16.661 [main] INFO  edu.bjut.homo.myMain - meter_6227492952287142031:9302000
BruceChen 08:35:16.661 [main] INFO  edu.bjut.homo.myMain - meter_8113792787687736425:report
BruceChen 08:35:16.661 [main] INFO  edu.bjut.homo.myMain - meter_8113792787687736425:12062500
BruceChen 08:35:16.661 [main] INFO  edu.bjut.homo.myMain - meter_299413609621364569:report
BruceChen 08:35:16.661 [main] INFO  edu.bjut.homo.myMain - meter_299413609621364569:10213500
BruceChen 08:35:16.661 [main] INFO  edu.bjut.homo.myMain - meter_4355791150186240357:report
BruceChen 08:35:16.661 [main] INFO  edu.bjut.homo.myMain - meter_4355791150186240357:9481700
BruceChen 08:35:16.661 [main] INFO  edu.bjut.homo.myMain - meter_159602008429547771:report
BruceChen 08:35:16.661 [main] INFO  edu.bjut.homo.myMain - meter_159602008429547771:9427000
BruceChen 08:35:16.661 [main] INFO  edu.bjut.homo.myMain - meter_2977442232897764675:report
BruceChen 08:35:16.661 [main] INFO  edu.bjut.homo.myMain - meter_2977442232897764675:9450800
BruceChen 08:35:16.661 [main] INFO  edu.bjut.homo.myMain - meter_1171447107652921587:report
BruceChen 08:35:16.661 [main] INFO  edu.bjut.homo.myMain - meter_1171447107652921587:9476000
BruceChen 08:35:16.661 [main] INFO  edu.bjut.homo.myMain - meter_8457473126663323703:report
BruceChen 08:35:16.661 [main] INFO  edu.bjut.homo.myMain - meter_8457473126663323703:9419800
BruceChen 08:35:16.661 [main] INFO  edu.bjut.homo.myMain - meter_6360938491098170259:report
BruceChen 08:35:16.661 [main] INFO  edu.bjut.homo.myMain - meter_6360938491098170259:9372000
BruceChen 08:35:16.661 [main] INFO  edu.bjut.homo.myMain - meter_5320710360312722601:report
BruceChen 08:35:16.661 [main] INFO  edu.bjut.homo.myMain - meter_5320710360312722601:9386600
BruceChen 08:35:16.661 [main] INFO  edu.bjut.homo.myMain - meter_7214580254400470767:report
BruceChen 08:35:16.661 [main] INFO  edu.bjut.homo.myMain - meter_7214580254400470767:9411100
BruceChen 08:35:16.661 [main] INFO  edu.bjut.homo.myMain - meter_7749429832303279749:report
BruceChen 08:35:16.661 [main] INFO  edu.bjut.homo.myMain - meter_7749429832303279749:9340700
BruceChen 08:35:16.661 [main] INFO  edu.bjut.homo.myMain - meter_319815854843405743:report
BruceChen 08:35:16.661 [main] INFO  edu.bjut.homo.myMain - meter_319815854843405743:9412100
BruceChen 08:35:16.661 [main] INFO  edu.bjut.homo.myMain - meter_3236741581521507973:report
BruceChen 08:35:16.661 [main] INFO  edu.bjut.homo.myMain - meter_3236741581521507973:9335400
BruceChen 08:35:16.661 [main] INFO  edu.bjut.homo.myMain - meter_4654179999441996601:report
BruceChen 08:35:16.661 [main] INFO  edu.bjut.homo.myMain - meter_4654179999441996601:9491700
BruceChen 08:35:16.661 [main] INFO  edu.bjut.homo.myMain - meter_2466555793205844427:report
BruceChen 08:35:16.661 [main] INFO  edu.bjut.homo.myMain - meter_2466555793205844427:9506900
BruceChen 08:35:16.661 [main] INFO  edu.bjut.homo.myMain - meter_1830983019526439073:report
BruceChen 08:35:16.661 [main] INFO  edu.bjut.homo.myMain - meter_1830983019526439073:9522100
BruceChen 08:35:16.661 [main] INFO  edu.bjut.homo.myMain - meter_8881687694340498963:report
BruceChen 08:35:16.661 [main] INFO  edu.bjut.homo.myMain - meter_8881687694340498963:9463900
BruceChen 08:35:18.606 [main] INFO  edu.bjut.homo.myMain - meterRegTime
BruceChen 08:35:18.825 [main] INFO  edu.bjut.homo.myMain - kgc:reg_response,reg_response,reg_response,reg_response,reg_response,reg_response,reg_response,reg_response,reg_response,reg_response,reg_response,reg_response,reg_response,reg_response,reg_response,reg_response,reg_response,reg_response,reg_response,reg_response,reg_response,reg_response,reg_response,reg_response,reg_response,reg_response,reg_response,reg_response,reg_response,reg_response
BruceChen 08:35:18.825 [main] INFO  edu.bjut.homo.myMain - kgc:7281000,6939800,6922700,7025100,7164000,7135600,7146900,7128200,7120100,7139000,7579700,7115200,7216200,7322100,7227500,7078800,7154100,7076200,7115000,7087300,7079700,7275900,7167000,7101100,7120500,7028200,7067100,7233800,6976500,6953200
BruceChen 08:35:18.825 [main] INFO  edu.bjut.homo.myMain - meter_8775340300975862757:reg,reg_response
BruceChen 08:35:18.825 [main] INFO  edu.bjut.homo.myMain - meter_8775340300975862757:32600,19800
BruceChen 08:35:18.825 [main] INFO  edu.bjut.homo.myMain - meter_129436885425675281:reg,reg_response
BruceChen 08:35:18.825 [main] INFO  edu.bjut.homo.myMain - meter_129436885425675281:6100,24000
BruceChen 08:35:18.825 [main] INFO  edu.bjut.homo.myMain - meter_4915758387342925211:reg,reg_response
BruceChen 08:35:18.825 [main] INFO  edu.bjut.homo.myMain - meter_4915758387342925211:5300,17600
BruceChen 08:35:18.825 [main] INFO  edu.bjut.homo.myMain - meter_1214046635731113041:reg,reg_response
BruceChen 08:35:18.825 [main] INFO  edu.bjut.homo.myMain - meter_1214046635731113041:5300,44400
BruceChen 08:35:18.825 [main] INFO  edu.bjut.homo.myMain - meter_5479273566984401241:reg,reg_response
BruceChen 08:35:18.825 [main] INFO  edu.bjut.homo.myMain - meter_5479273566984401241:6900,24400
BruceChen 08:35:18.825 [main] INFO  edu.bjut.homo.myMain - meter_7559627559168668225:reg,reg_response
BruceChen 08:35:18.825 [main] INFO  edu.bjut.homo.myMain - meter_7559627559168668225:8100,19800
BruceChen 08:35:18.825 [main] INFO  edu.bjut.homo.myMain - meter_2040344494642314173:reg,reg_response
BruceChen 08:35:18.825 [main] INFO  edu.bjut.homo.myMain - meter_2040344494642314173:6400,18400
BruceChen 08:35:18.825 [main] INFO  edu.bjut.homo.myMain - meter_7067199698328094851:reg,reg_response
BruceChen 08:35:18.825 [main] INFO  edu.bjut.homo.myMain - meter_7067199698328094851:5400,19600
BruceChen 08:35:18.825 [main] INFO  edu.bjut.homo.myMain - meter_8734240294146032909:reg,reg_response
BruceChen 08:35:18.825 [main] INFO  edu.bjut.homo.myMain - meter_8734240294146032909:5900,17800
BruceChen 08:35:18.825 [main] INFO  edu.bjut.homo.myMain - meter_8170725114504555301:reg,reg_response
BruceChen 08:35:18.825 [main] INFO  edu.bjut.homo.myMain - meter_8170725114504555301:5100,17700
BruceChen 08:35:18.825 [main] INFO  edu.bjut.homo.myMain - meter_2614002089610558387:reg,reg_response
BruceChen 08:35:18.825 [main] INFO  edu.bjut.homo.myMain - meter_2614002089610558387:5300,18500
BruceChen 08:35:18.825 [main] INFO  edu.bjut.homo.myMain - meter_1414915235784526427:reg,reg_response
BruceChen 08:35:18.825 [main] INFO  edu.bjut.homo.myMain - meter_1414915235784526427:5400,17600
BruceChen 08:35:18.825 [main] INFO  edu.bjut.homo.myMain - meter_8588228898561065539:reg,reg_response
BruceChen 08:35:18.825 [main] INFO  edu.bjut.homo.myMain - meter_8588228898561065539:5400,26200
BruceChen 08:35:18.825 [main] INFO  edu.bjut.homo.myMain - meter_2196499405048899467:reg,reg_response
BruceChen 08:35:18.825 [main] INFO  edu.bjut.homo.myMain - meter_2196499405048899467:6200,21500
BruceChen 08:35:18.825 [main] INFO  edu.bjut.homo.myMain - meter_1227521263209912529:reg,reg_response
BruceChen 08:35:18.825 [main] INFO  edu.bjut.homo.myMain - meter_1227521263209912529:5600,19600
BruceChen 08:35:18.825 [main] INFO  edu.bjut.homo.myMain - meter_2950276143834366225:reg,reg_response
BruceChen 08:35:18.825 [main] INFO  edu.bjut.homo.myMain - meter_2950276143834366225:5500,18900
BruceChen 08:35:18.825 [main] INFO  edu.bjut.homo.myMain - meter_3887439622422021593:reg,reg_response
BruceChen 08:35:18.825 [main] INFO  edu.bjut.homo.myMain - meter_3887439622422021593:5100,18800
BruceChen 08:35:18.825 [main] INFO  edu.bjut.homo.myMain - meter_3609206135261949319:reg,reg_response
BruceChen 08:35:18.825 [main] INFO  edu.bjut.homo.myMain - meter_3609206135261949319:5800,17700
BruceChen 08:35:18.825 [main] INFO  edu.bjut.homo.myMain - meter_5966675614011013177:reg,reg_response
BruceChen 08:35:18.825 [main] INFO  edu.bjut.homo.myMain - meter_5966675614011013177:5000,18900
BruceChen 08:35:18.825 [main] INFO  edu.bjut.homo.myMain - meter_9103438380361548667:reg,reg_response
BruceChen 08:35:18.825 [main] INFO  edu.bjut.homo.myMain - meter_9103438380361548667:5700,17400
BruceChen 08:35:18.825 [main] INFO  edu.bjut.homo.myMain - meter_2331195504222762739:reg,reg_response
BruceChen 08:35:18.825 [main] INFO  edu.bjut.homo.myMain - meter_2331195504222762739:5000,17600
BruceChen 08:35:18.825 [main] INFO  edu.bjut.homo.myMain - meter_5887751836814636091:reg,reg_response
BruceChen 08:35:18.825 [main] INFO  edu.bjut.homo.myMain - meter_5887751836814636091:5200,17400
BruceChen 08:35:18.825 [main] INFO  edu.bjut.homo.myMain - meter_1549610231168573117:reg,reg_response
BruceChen 08:35:18.825 [main] INFO  edu.bjut.homo.myMain - meter_1549610231168573117:5000,17100
BruceChen 08:35:18.825 [main] INFO  edu.bjut.homo.myMain - meter_4499260499904558663:reg,reg_response
BruceChen 08:35:18.825 [main] INFO  edu.bjut.homo.myMain - meter_4499260499904558663:5100,17200
BruceChen 08:35:18.825 [main] INFO  edu.bjut.homo.myMain - meter_2306720285879246011:reg,reg_response
BruceChen 08:35:18.825 [main] INFO  edu.bjut.homo.myMain - meter_2306720285879246011:5000,16600
BruceChen 08:35:18.825 [main] INFO  edu.bjut.homo.myMain - meter_8405950427987690847:reg,reg_response
BruceChen 08:35:18.825 [main] INFO  edu.bjut.homo.myMain - meter_8405950427987690847:4700,17600
BruceChen 08:35:18.825 [main] INFO  edu.bjut.homo.myMain - meter_108361884208700625:reg,reg_response
BruceChen 08:35:18.825 [main] INFO  edu.bjut.homo.myMain - meter_108361884208700625:5100,16700
BruceChen 08:35:18.825 [main] INFO  edu.bjut.homo.myMain - meter_9144537287696463449:reg,reg_response
BruceChen 08:35:18.825 [main] INFO  edu.bjut.homo.myMain - meter_9144537287696463449:6800,16700
BruceChen 08:35:18.825 [main] INFO  edu.bjut.homo.myMain - meter_8738691606371610649:reg,reg_response
BruceChen 08:35:18.825 [main] INFO  edu.bjut.homo.myMain - meter_8738691606371610649:5000,16600
BruceChen 08:35:18.825 [main] INFO  edu.bjut.homo.myMain - meter_4415163183519127373:reg,reg_response
BruceChen 08:35:18.825 [main] INFO  edu.bjut.homo.myMain - meter_4415163183519127373:4900,16600
BruceChen 08:35:18.825 [main] INFO  edu.bjut.homo.myMain - oneTimeMeterRepTime
BruceChen 08:35:19.271 [main] INFO  edu.bjut.homo.myMain - agg:resp_agg
BruceChen 08:35:19.271 [main] INFO  edu.bjut.homo.myMain - agg:146456000
BruceChen 08:35:19.271 [main] INFO  edu.bjut.homo.myMain - server:report_res
BruceChen 08:35:19.271 [main] INFO  edu.bjut.homo.myMain - server:14286200
BruceChen 08:35:19.271 [main] INFO  edu.bjut.homo.myMain - meter_8775340300975862757:report
BruceChen 08:35:19.271 [main] INFO  edu.bjut.homo.myMain - meter_8775340300975862757:10106500
BruceChen 08:35:19.271 [main] INFO  edu.bjut.homo.myMain - meter_129436885425675281:report
BruceChen 08:35:19.271 [main] INFO  edu.bjut.homo.myMain - meter_129436885425675281:9590600
BruceChen 08:35:19.271 [main] INFO  edu.bjut.homo.myMain - meter_4915758387342925211:report
BruceChen 08:35:19.271 [main] INFO  edu.bjut.homo.myMain - meter_4915758387342925211:9527500
BruceChen 08:35:19.271 [main] INFO  edu.bjut.homo.myMain - meter_1214046635731113041:report
BruceChen 08:35:19.271 [main] INFO  edu.bjut.homo.myMain - meter_1214046635731113041:9563800
BruceChen 08:35:19.271 [main] INFO  edu.bjut.homo.myMain - meter_5479273566984401241:report
BruceChen 08:35:19.271 [main] INFO  edu.bjut.homo.myMain - meter_5479273566984401241:9524800
BruceChen 08:35:19.271 [main] INFO  edu.bjut.homo.myMain - meter_7559627559168668225:report
BruceChen 08:35:19.271 [main] INFO  edu.bjut.homo.myMain - meter_7559627559168668225:9563300
BruceChen 08:35:19.271 [main] INFO  edu.bjut.homo.myMain - meter_2040344494642314173:report
BruceChen 08:35:19.271 [main] INFO  edu.bjut.homo.myMain - meter_2040344494642314173:10791900
BruceChen 08:35:19.271 [main] INFO  edu.bjut.homo.myMain - meter_7067199698328094851:report
BruceChen 08:35:19.271 [main] INFO  edu.bjut.homo.myMain - meter_7067199698328094851:10046000
BruceChen 08:35:19.271 [main] INFO  edu.bjut.homo.myMain - meter_8734240294146032909:report
BruceChen 08:35:19.271 [main] INFO  edu.bjut.homo.myMain - meter_8734240294146032909:9551300
BruceChen 08:35:19.271 [main] INFO  edu.bjut.homo.myMain - meter_8170725114504555301:report
BruceChen 08:35:19.271 [main] INFO  edu.bjut.homo.myMain - meter_8170725114504555301:9489900
BruceChen 08:35:19.271 [main] INFO  edu.bjut.homo.myMain - meter_2614002089610558387:report
BruceChen 08:35:19.271 [main] INFO  edu.bjut.homo.myMain - meter_2614002089610558387:9574500
BruceChen 08:35:19.271 [main] INFO  edu.bjut.homo.myMain - meter_1414915235784526427:report
BruceChen 08:35:19.271 [main] INFO  edu.bjut.homo.myMain - meter_1414915235784526427:9410300
BruceChen 08:35:19.271 [main] INFO  edu.bjut.homo.myMain - meter_8588228898561065539:report
BruceChen 08:35:19.271 [main] INFO  edu.bjut.homo.myMain - meter_8588228898561065539:9409400
BruceChen 08:35:19.271 [main] INFO  edu.bjut.homo.myMain - meter_2196499405048899467:report
BruceChen 08:35:19.271 [main] INFO  edu.bjut.homo.myMain - meter_2196499405048899467:9373600
BruceChen 08:35:19.271 [main] INFO  edu.bjut.homo.myMain - meter_1227521263209912529:report
BruceChen 08:35:19.271 [main] INFO  edu.bjut.homo.myMain - meter_1227521263209912529:9367300
BruceChen 08:35:19.271 [main] INFO  edu.bjut.homo.myMain - meter_2950276143834366225:report
BruceChen 08:35:19.271 [main] INFO  edu.bjut.homo.myMain - meter_2950276143834366225:9451200
BruceChen 08:35:19.271 [main] INFO  edu.bjut.homo.myMain - meter_3887439622422021593:report
BruceChen 08:35:19.271 [main] INFO  edu.bjut.homo.myMain - meter_3887439622422021593:9409200
BruceChen 08:35:19.271 [main] INFO  edu.bjut.homo.myMain - meter_3609206135261949319:report
BruceChen 08:35:19.271 [main] INFO  edu.bjut.homo.myMain - meter_3609206135261949319:9380100
BruceChen 08:35:19.271 [main] INFO  edu.bjut.homo.myMain - meter_5966675614011013177:report
BruceChen 08:35:19.271 [main] INFO  edu.bjut.homo.myMain - meter_5966675614011013177:9355800
BruceChen 08:35:19.271 [main] INFO  edu.bjut.homo.myMain - meter_9103438380361548667:report
BruceChen 08:35:19.271 [main] INFO  edu.bjut.homo.myMain - meter_9103438380361548667:9398000
BruceChen 08:35:19.271 [main] INFO  edu.bjut.homo.myMain - meter_2331195504222762739:report
BruceChen 08:35:19.271 [main] INFO  edu.bjut.homo.myMain - meter_2331195504222762739:9243600
BruceChen 08:35:19.271 [main] INFO  edu.bjut.homo.myMain - meter_5887751836814636091:report
BruceChen 08:35:19.271 [main] INFO  edu.bjut.homo.myMain - meter_5887751836814636091:9275300
BruceChen 08:35:19.271 [main] INFO  edu.bjut.homo.myMain - meter_1549610231168573117:report
BruceChen 08:35:19.271 [main] INFO  edu.bjut.homo.myMain - meter_1549610231168573117:9290400
BruceChen 08:35:19.271 [main] INFO  edu.bjut.homo.myMain - meter_4499260499904558663:report
BruceChen 08:35:19.271 [main] INFO  edu.bjut.homo.myMain - meter_4499260499904558663:9279400
BruceChen 08:35:19.271 [main] INFO  edu.bjut.homo.myMain - meter_2306720285879246011:report
BruceChen 08:35:19.271 [main] INFO  edu.bjut.homo.myMain - meter_2306720285879246011:9254000
BruceChen 08:35:19.271 [main] INFO  edu.bjut.homo.myMain - meter_8405950427987690847:report
BruceChen 08:35:19.271 [main] INFO  edu.bjut.homo.myMain - meter_8405950427987690847:9200600
BruceChen 08:35:19.271 [main] INFO  edu.bjut.homo.myMain - meter_108361884208700625:report
BruceChen 08:35:19.271 [main] INFO  edu.bjut.homo.myMain - meter_108361884208700625:9247700
BruceChen 08:35:19.271 [main] INFO  edu.bjut.homo.myMain - meter_9144537287696463449:report
BruceChen 08:35:19.271 [main] INFO  edu.bjut.homo.myMain - meter_9144537287696463449:9325500
BruceChen 08:35:19.271 [main] INFO  edu.bjut.homo.myMain - meter_8738691606371610649:report
BruceChen 08:35:19.271 [main] INFO  edu.bjut.homo.myMain - meter_8738691606371610649:9282100
BruceChen 08:35:19.271 [main] INFO  edu.bjut.homo.myMain - meter_4415163183519127373:report
BruceChen 08:35:19.271 [main] INFO  edu.bjut.homo.myMain - meter_4415163183519127373:9242900
BruceChen 08:35:21.092 [main] INFO  edu.bjut.homo.myMain - meterRegTime
BruceChen 08:35:21.233 [main] INFO  edu.bjut.homo.myMain - kgc:reg_response,reg_response,reg_response,reg_response,reg_response,reg_response,reg_response,reg_response,reg_response,reg_response,reg_response,reg_response,reg_response,reg_response,reg_response,reg_response,reg_response,reg_response,reg_response,reg_response
BruceChen 08:35:21.233 [main] INFO  edu.bjut.homo.myMain - kgc:7312500,7249300,7196300,7126700,7318100,7102100,7187200,7279800,7088600,7485800,7114400,7364800,7083200,7277100,7072500,7228100,7465500,7532300,7200900,7134400
BruceChen 08:35:21.233 [main] INFO  edu.bjut.homo.myMain - meter_6013874171099943913:reg,reg_response
BruceChen 08:35:21.233 [main] INFO  edu.bjut.homo.myMain - meter_6013874171099943913:30300,21300
BruceChen 08:35:21.233 [main] INFO  edu.bjut.homo.myMain - meter_3858129277542411613:reg,reg_response
BruceChen 08:35:21.233 [main] INFO  edu.bjut.homo.myMain - meter_3858129277542411613:5900,18900
BruceChen 08:35:21.233 [main] INFO  edu.bjut.homo.myMain - meter_4353350348453447375:reg,reg_response
BruceChen 08:35:21.233 [main] INFO  edu.bjut.homo.myMain - meter_4353350348453447375:5400,19800
BruceChen 08:35:21.233 [main] INFO  edu.bjut.homo.myMain - meter_7400073526835557693:reg,reg_response
BruceChen 08:35:21.233 [main] INFO  edu.bjut.homo.myMain - meter_7400073526835557693:5700,20400
BruceChen 08:35:21.233 [main] INFO  edu.bjut.homo.myMain - meter_5775963400729319531:reg,reg_response
BruceChen 08:35:21.233 [main] INFO  edu.bjut.homo.myMain - meter_5775963400729319531:5900,19400
BruceChen 08:35:21.233 [main] INFO  edu.bjut.homo.myMain - meter_4936706209347865877:reg,reg_response
BruceChen 08:35:21.233 [main] INFO  edu.bjut.homo.myMain - meter_4936706209347865877:5600,23300
BruceChen 08:35:21.233 [main] INFO  edu.bjut.homo.myMain - meter_3910346181737529565:reg,reg_response
BruceChen 08:35:21.233 [main] INFO  edu.bjut.homo.myMain - meter_3910346181737529565:6100,19600
BruceChen 08:35:21.233 [main] INFO  edu.bjut.homo.myMain - meter_5181490629584711815:reg,reg_response
BruceChen 08:35:21.233 [main] INFO  edu.bjut.homo.myMain - meter_5181490629584711815:5900,35800
BruceChen 08:35:21.233 [main] INFO  edu.bjut.homo.myMain - meter_1972671373002842447:reg,reg_response
BruceChen 08:35:21.233 [main] INFO  edu.bjut.homo.myMain - meter_1972671373002842447:6700,19400
BruceChen 08:35:21.233 [main] INFO  edu.bjut.homo.myMain - meter_6078412281209077123:reg,reg_response
BruceChen 08:35:21.233 [main] INFO  edu.bjut.homo.myMain - meter_6078412281209077123:5600,31900
BruceChen 08:35:21.233 [main] INFO  edu.bjut.homo.myMain - meter_6456878337815925255:reg,reg_response
BruceChen 08:35:21.233 [main] INFO  edu.bjut.homo.myMain - meter_6456878337815925255:5800,34800
BruceChen 08:35:21.233 [main] INFO  edu.bjut.homo.myMain - meter_1483163958507233407:reg,reg_response
BruceChen 08:35:21.233 [main] INFO  edu.bjut.homo.myMain - meter_1483163958507233407:5700,17100
BruceChen 08:35:21.233 [main] INFO  edu.bjut.homo.myMain - meter_4072983465303659529:reg,reg_response
BruceChen 08:35:21.233 [main] INFO  edu.bjut.homo.myMain - meter_4072983465303659529:5700,18500
BruceChen 08:35:21.233 [main] INFO  edu.bjut.homo.myMain - meter_3972261360448824005:reg,reg_response
BruceChen 08:35:21.233 [main] INFO  edu.bjut.homo.myMain - meter_3972261360448824005:5300,16500
BruceChen 08:35:21.233 [main] INFO  edu.bjut.homo.myMain - meter_9030073056126039003:reg,reg_response
BruceChen 08:35:21.233 [main] INFO  edu.bjut.homo.myMain - meter_9030073056126039003:5100,16300
BruceChen 08:35:21.233 [main] INFO  edu.bjut.homo.myMain - meter_265159239820476599:reg,reg_response
BruceChen 08:35:21.233 [main] INFO  edu.bjut.homo.myMain - meter_265159239820476599:4800,16800
BruceChen 08:35:21.233 [main] INFO  edu.bjut.homo.myMain - meter_7639341502650495045:reg,reg_response
BruceChen 08:35:21.233 [main] INFO  edu.bjut.homo.myMain - meter_7639341502650495045:5400,15900
BruceChen 08:35:21.233 [main] INFO  edu.bjut.homo.myMain - meter_1186555010276665445:reg,reg_response
BruceChen 08:35:21.233 [main] INFO  edu.bjut.homo.myMain - meter_1186555010276665445:5200,15900
BruceChen 08:35:21.233 [main] INFO  edu.bjut.homo.myMain - meter_3124229819028194823:reg,reg_response
BruceChen 08:35:21.233 [main] INFO  edu.bjut.homo.myMain - meter_3124229819028194823:5300,16500
BruceChen 08:35:21.233 [main] INFO  edu.bjut.homo.myMain - meter_3770816055522423537:reg,reg_response
BruceChen 08:35:21.233 [main] INFO  edu.bjut.homo.myMain - meter_3770816055522423537:5400,15800
BruceChen 08:35:21.249 [main] INFO  edu.bjut.homo.myMain - oneTimeMeterRepTime
BruceChen 08:35:21.546 [main] INFO  edu.bjut.homo.myMain - agg:resp_agg
BruceChen 08:35:21.546 [main] INFO  edu.bjut.homo.myMain - agg:100010400
BruceChen 08:35:21.546 [main] INFO  edu.bjut.homo.myMain - server:report_res
BruceChen 08:35:21.546 [main] INFO  edu.bjut.homo.myMain - server:14405900
BruceChen 08:35:21.546 [main] INFO  edu.bjut.homo.myMain - meter_6013874171099943913:report
BruceChen 08:35:21.546 [main] INFO  edu.bjut.homo.myMain - meter_6013874171099943913:9753800
BruceChen 08:35:21.546 [main] INFO  edu.bjut.homo.myMain - meter_3858129277542411613:report
BruceChen 08:35:21.546 [main] INFO  edu.bjut.homo.myMain - meter_3858129277542411613:9537800
BruceChen 08:35:21.546 [main] INFO  edu.bjut.homo.myMain - meter_4353350348453447375:report
BruceChen 08:35:21.546 [main] INFO  edu.bjut.homo.myMain - meter_4353350348453447375:9466000
BruceChen 08:35:21.546 [main] INFO  edu.bjut.homo.myMain - meter_7400073526835557693:report
BruceChen 08:35:21.546 [main] INFO  edu.bjut.homo.myMain - meter_7400073526835557693:9467900
BruceChen 08:35:21.546 [main] INFO  edu.bjut.homo.myMain - meter_5775963400729319531:report
BruceChen 08:35:21.546 [main] INFO  edu.bjut.homo.myMain - meter_5775963400729319531:9481200
BruceChen 08:35:21.546 [main] INFO  edu.bjut.homo.myMain - meter_4936706209347865877:report
BruceChen 08:35:21.546 [main] INFO  edu.bjut.homo.myMain - meter_4936706209347865877:9513700
BruceChen 08:35:21.546 [main] INFO  edu.bjut.homo.myMain - meter_3910346181737529565:report
BruceChen 08:35:21.546 [main] INFO  edu.bjut.homo.myMain - meter_3910346181737529565:9517300
BruceChen 08:35:21.546 [main] INFO  edu.bjut.homo.myMain - meter_5181490629584711815:report
BruceChen 08:35:21.546 [main] INFO  edu.bjut.homo.myMain - meter_5181490629584711815:9438700
BruceChen 08:35:21.546 [main] INFO  edu.bjut.homo.myMain - meter_1972671373002842447:report
BruceChen 08:35:21.546 [main] INFO  edu.bjut.homo.myMain - meter_1972671373002842447:9486900
BruceChen 08:35:21.546 [main] INFO  edu.bjut.homo.myMain - meter_6078412281209077123:report
BruceChen 08:35:21.546 [main] INFO  edu.bjut.homo.myMain - meter_6078412281209077123:9493900
BruceChen 08:35:21.546 [main] INFO  edu.bjut.homo.myMain - meter_6456878337815925255:report
BruceChen 08:35:21.546 [main] INFO  edu.bjut.homo.myMain - meter_6456878337815925255:9473000
BruceChen 08:35:21.546 [main] INFO  edu.bjut.homo.myMain - meter_1483163958507233407:report
BruceChen 08:35:21.546 [main] INFO  edu.bjut.homo.myMain - meter_1483163958507233407:9455000
BruceChen 08:35:21.546 [main] INFO  edu.bjut.homo.myMain - meter_4072983465303659529:report
BruceChen 08:35:21.546 [main] INFO  edu.bjut.homo.myMain - meter_4072983465303659529:9449000
BruceChen 08:35:21.546 [main] INFO  edu.bjut.homo.myMain - meter_3972261360448824005:report
BruceChen 08:35:21.546 [main] INFO  edu.bjut.homo.myMain - meter_3972261360448824005:9475800
BruceChen 08:35:21.546 [main] INFO  edu.bjut.homo.myMain - meter_9030073056126039003:report
BruceChen 08:35:21.546 [main] INFO  edu.bjut.homo.myMain - meter_9030073056126039003:9467400
BruceChen 08:35:21.546 [main] INFO  edu.bjut.homo.myMain - meter_265159239820476599:report
BruceChen 08:35:21.546 [main] INFO  edu.bjut.homo.myMain - meter_265159239820476599:9510600
BruceChen 08:35:21.546 [main] INFO  edu.bjut.homo.myMain - meter_7639341502650495045:report
BruceChen 08:35:21.546 [main] INFO  edu.bjut.homo.myMain - meter_7639341502650495045:9526500
BruceChen 08:35:21.546 [main] INFO  edu.bjut.homo.myMain - meter_1186555010276665445:report
BruceChen 08:35:21.546 [main] INFO  edu.bjut.homo.myMain - meter_1186555010276665445:9456900
BruceChen 08:35:21.546 [main] INFO  edu.bjut.homo.myMain - meter_3124229819028194823:report
BruceChen 08:35:21.546 [main] INFO  edu.bjut.homo.myMain - meter_3124229819028194823:9461600
BruceChen 08:35:21.546 [main] INFO  edu.bjut.homo.myMain - meter_3770816055522423537:report
BruceChen 08:35:21.546 [main] INFO  edu.bjut.homo.myMain - meter_3770816055522423537:9480000
