BruceChen 10:01:05.874 [main] INFO  edu.bjut.homo.myMain - meterRegTime
BruceChen 10:01:06.327 [main] INFO  edu.bjut.homo.myMain - kgc:reg_response,reg_response,reg_response,reg_response,reg_response,reg_response,reg_response,reg_response,reg_response,reg_response,reg_response,reg_response,reg_response,reg_response,reg_response,reg_response,reg_response,reg_response,reg_response,reg_response,reg_response,reg_response,reg_response,reg_response,reg_response,reg_response,reg_response,reg_response,reg_response,reg_response,reg_response,reg_response,reg_response,reg_response,reg_response,reg_response,reg_response,reg_response,reg_response,reg_response,reg_response,reg_response,reg_response,reg_response,reg_response,reg_response,reg_response,reg_response,reg_response,reg_response,reg_response,reg_response,reg_response,reg_response,reg_response,reg_response,reg_response,reg_response,reg_response,reg_response
BruceChen 10:01:06.340 [main] INFO  edu.bjut.homo.myMain - kgc:7426300,7443000,7341200,7596600,9744100,7477900,7416300,7555200,7589100,7219500,7152100,7213800,7301700,7480200,7255700,7274200,7181800,7231800,7095700,7311700,7397000,7274300,7307200,7198400,7318000,7205200,7176400,7076100,7110300,7553900,7165000,7069700,7073900,7356900,7112800,7091000,7229700,7127200,7201800,7158700,7160100,7214000,7164800,7127800,7119800,7168700,7081800,7060900,7131200,7229200,7142400,7067200,7420500,7160900,7050900,7209700,7254300,7078500,7112900,7877500
BruceChen 10:01:06.340 [main] INFO  edu.bjut.homo.myMain - meter_4519122189399063667:reg,reg_response
BruceChen 10:01:06.340 [main] INFO  edu.bjut.homo.myMain - meter_4519122189399063667:258700,300300
BruceChen 10:01:06.340 [main] INFO  edu.bjut.homo.myMain - meter_368202888071608631:reg,reg_response
BruceChen 10:01:06.340 [main] INFO  edu.bjut.homo.myMain - meter_368202888071608631:1623200,137900
BruceChen 10:01:06.340 [main] INFO  edu.bjut.homo.myMain - meter_5298919953529731447:reg,reg_response
BruceChen 10:01:06.340 [main] INFO  edu.bjut.homo.myMain - meter_5298919953529731447:36800,141900
BruceChen 10:01:06.340 [main] INFO  edu.bjut.homo.myMain - meter_4387442501614187985:reg,reg_response
BruceChen 10:01:06.340 [main] INFO  edu.bjut.homo.myMain - meter_4387442501614187985:36600,144200
BruceChen 10:01:06.340 [main] INFO  edu.bjut.homo.myMain - meter_5539172176026648101:reg,reg_response
BruceChen 10:01:06.340 [main] INFO  edu.bjut.homo.myMain - meter_5539172176026648101:40000,137100
BruceChen 10:01:06.340 [main] INFO  edu.bjut.homo.myMain - meter_5765792518414357315:reg,reg_response
BruceChen 10:01:06.340 [main] INFO  edu.bjut.homo.myMain - meter_5765792518414357315:35700,110700
BruceChen 10:01:06.340 [main] INFO  edu.bjut.homo.myMain - meter_2931477533031950281:reg,reg_response
BruceChen 10:01:06.340 [main] INFO  edu.bjut.homo.myMain - meter_2931477533031950281:27200,112200
BruceChen 10:01:06.340 [main] INFO  edu.bjut.homo.myMain - meter_6415696999893853471:reg,reg_response
BruceChen 10:01:06.340 [main] INFO  edu.bjut.homo.myMain - meter_6415696999893853471:28100,108800
BruceChen 10:01:06.340 [main] INFO  edu.bjut.homo.myMain - meter_3365324630598063165:reg,reg_response
BruceChen 10:01:06.340 [main] INFO  edu.bjut.homo.myMain - meter_3365324630598063165:27600,121700
BruceChen 10:01:06.340 [main] INFO  edu.bjut.homo.myMain - meter_7651805469946516243:reg,reg_response
BruceChen 10:01:06.340 [main] INFO  edu.bjut.homo.myMain - meter_7651805469946516243:28200,108300
BruceChen 10:01:06.340 [main] INFO  edu.bjut.homo.myMain - meter_6082572002904453165:reg,reg_response
BruceChen 10:01:06.340 [main] INFO  edu.bjut.homo.myMain - meter_6082572002904453165:27200,99100
BruceChen 10:01:06.340 [main] INFO  edu.bjut.homo.myMain - meter_2678091090637822141:reg,reg_response
BruceChen 10:01:06.340 [main] INFO  edu.bjut.homo.myMain - meter_2678091090637822141:26300,97700
BruceChen 10:01:06.340 [main] INFO  edu.bjut.homo.myMain - meter_5868954325507137019:reg,reg_response
BruceChen 10:01:06.340 [main] INFO  edu.bjut.homo.myMain - meter_5868954325507137019:33900,104300
BruceChen 10:01:06.340 [main] INFO  edu.bjut.homo.myMain - meter_4538186684401443963:reg,reg_response
BruceChen 10:01:06.340 [main] INFO  edu.bjut.homo.myMain - meter_4538186684401443963:26600,107900
BruceChen 10:01:06.340 [main] INFO  edu.bjut.homo.myMain - meter_5434825752964312933:reg,reg_response
BruceChen 10:01:06.340 [main] INFO  edu.bjut.homo.myMain - meter_5434825752964312933:26800,102600
BruceChen 10:01:06.340 [main] INFO  edu.bjut.homo.myMain - meter_4599273769599741125:reg,reg_response
BruceChen 10:01:06.340 [main] INFO  edu.bjut.homo.myMain - meter_4599273769599741125:26200,100200
BruceChen 10:01:06.340 [main] INFO  edu.bjut.homo.myMain - meter_6171120631498555699:reg,reg_response
BruceChen 10:01:06.340 [main] INFO  edu.bjut.homo.myMain - meter_6171120631498555699:26600,162800
BruceChen 10:01:06.340 [main] INFO  edu.bjut.homo.myMain - meter_315099986660588499:reg,reg_response
BruceChen 10:01:06.340 [main] INFO  edu.bjut.homo.myMain - meter_315099986660588499:40900,95000
BruceChen 10:01:06.340 [main] INFO  edu.bjut.homo.myMain - meter_1838633309794076005:reg,reg_response
BruceChen 10:01:06.340 [main] INFO  edu.bjut.homo.myMain - meter_1838633309794076005:25700,94100
BruceChen 10:01:06.340 [main] INFO  edu.bjut.homo.myMain - meter_6305092304752926705:reg,reg_response
BruceChen 10:01:06.340 [main] INFO  edu.bjut.homo.myMain - meter_6305092304752926705:26400,158000
BruceChen 10:01:06.340 [main] INFO  edu.bjut.homo.myMain - meter_2527628382827344093:reg,reg_response
BruceChen 10:01:06.340 [main] INFO  edu.bjut.homo.myMain - meter_2527628382827344093:45100,96200
BruceChen 10:01:06.340 [main] INFO  edu.bjut.homo.myMain - meter_3381269050912985009:reg,reg_response
BruceChen 10:01:06.340 [main] INFO  edu.bjut.homo.myMain - meter_3381269050912985009:31900,88400
BruceChen 10:01:06.340 [main] INFO  edu.bjut.homo.myMain - meter_8021579157245201185:reg,reg_response
BruceChen 10:01:06.340 [main] INFO  edu.bjut.homo.myMain - meter_8021579157245201185:26700,85000
BruceChen 10:01:06.340 [main] INFO  edu.bjut.homo.myMain - meter_359562287633986177:reg,reg_response
BruceChen 10:01:06.340 [main] INFO  edu.bjut.homo.myMain - meter_359562287633986177:25700,86300
BruceChen 10:01:06.340 [main] INFO  edu.bjut.homo.myMain - meter_1141146456898358751:reg,reg_response
BruceChen 10:01:06.340 [main] INFO  edu.bjut.homo.myMain - meter_1141146456898358751:26200,96000
BruceChen 10:01:06.340 [main] INFO  edu.bjut.homo.myMain - meter_3975741817762559671:reg,reg_response
BruceChen 10:01:06.340 [main] INFO  edu.bjut.homo.myMain - meter_3975741817762559671:55200,86000
BruceChen 10:01:06.340 [main] INFO  edu.bjut.homo.myMain - meter_7184561078639395081:reg,reg_response
BruceChen 10:01:06.340 [main] INFO  edu.bjut.homo.myMain - meter_7184561078639395081:26200,88600
BruceChen 10:01:06.340 [main] INFO  edu.bjut.homo.myMain - meter_8535072483424075229:reg,reg_response
BruceChen 10:01:06.340 [main] INFO  edu.bjut.homo.myMain - meter_8535072483424075229:52200,100600
BruceChen 10:01:06.340 [main] INFO  edu.bjut.homo.myMain - meter_6355395637487140689:reg,reg_response
BruceChen 10:01:06.340 [main] INFO  edu.bjut.homo.myMain - meter_6355395637487140689:26300,136800
BruceChen 10:01:06.340 [main] INFO  edu.bjut.homo.myMain - meter_8952576267480585011:reg,reg_response
BruceChen 10:01:06.340 [main] INFO  edu.bjut.homo.myMain - meter_8952576267480585011:31600,105400
BruceChen 10:01:06.340 [main] INFO  edu.bjut.homo.myMain - meter_5865834255097801841:reg,reg_response
BruceChen 10:01:06.340 [main] INFO  edu.bjut.homo.myMain - meter_5865834255097801841:26100,82600
BruceChen 10:01:06.340 [main] INFO  edu.bjut.homo.myMain - meter_8772205735006443109:reg,reg_response
BruceChen 10:01:06.340 [main] INFO  edu.bjut.homo.myMain - meter_8772205735006443109:25500,81400
BruceChen 10:01:06.340 [main] INFO  edu.bjut.homo.myMain - meter_7086959048488795363:reg,reg_response
BruceChen 10:01:06.340 [main] INFO  edu.bjut.homo.myMain - meter_7086959048488795363:25400,123900
BruceChen 10:01:06.340 [main] INFO  edu.bjut.homo.myMain - meter_167719426276468613:reg,reg_response
BruceChen 10:01:06.340 [main] INFO  edu.bjut.homo.myMain - meter_167719426276468613:29900,81900
BruceChen 10:01:06.340 [main] INFO  edu.bjut.homo.myMain - meter_2897267225307752073:reg,reg_response
BruceChen 10:01:06.340 [main] INFO  edu.bjut.homo.myMain - meter_2897267225307752073:24600,79300
BruceChen 10:01:06.340 [main] INFO  edu.bjut.homo.myMain - meter_6064841173160993867:reg,reg_response
BruceChen 10:01:06.340 [main] INFO  edu.bjut.homo.myMain - meter_6064841173160993867:24800,87400
BruceChen 10:01:06.340 [main] INFO  edu.bjut.homo.myMain - meter_2652825706025698773:reg,reg_response
BruceChen 10:01:06.340 [main] INFO  edu.bjut.homo.myMain - meter_2652825706025698773:26900,79100
BruceChen 10:01:06.340 [main] INFO  edu.bjut.homo.myMain - meter_7451040528896605563:reg,reg_response
BruceChen 10:01:06.340 [main] INFO  edu.bjut.homo.myMain - meter_7451040528896605563:24700,86900
BruceChen 10:01:06.340 [main] INFO  edu.bjut.homo.myMain - meter_1309623664140588203:reg,reg_response
BruceChen 10:01:06.340 [main] INFO  edu.bjut.homo.myMain - meter_1309623664140588203:26400,85700
BruceChen 10:01:06.340 [main] INFO  edu.bjut.homo.myMain - meter_3897202954371612487:reg,reg_response
BruceChen 10:01:06.340 [main] INFO  edu.bjut.homo.myMain - meter_3897202954371612487:25500,79600
BruceChen 10:01:06.340 [main] INFO  edu.bjut.homo.myMain - meter_5288911287821424347:reg,reg_response
BruceChen 10:01:06.340 [main] INFO  edu.bjut.homo.myMain - meter_5288911287821424347:23400,90300
BruceChen 10:01:06.340 [main] INFO  edu.bjut.homo.myMain - meter_4871407503764916225:reg,reg_response
BruceChen 10:01:06.340 [main] INFO  edu.bjut.homo.myMain - meter_4871407503764916225:24700,83500
BruceChen 10:01:06.340 [main] INFO  edu.bjut.homo.myMain - meter_6882297846484086355:reg,reg_response
BruceChen 10:01:06.340 [main] INFO  edu.bjut.homo.myMain - meter_6882297846484086355:24000,77400
BruceChen 10:01:06.340 [main] INFO  edu.bjut.homo.myMain - meter_7458987893490789091:reg,reg_response
BruceChen 10:01:06.340 [main] INFO  edu.bjut.homo.myMain - meter_7458987893490789091:22600,83700
BruceChen 10:01:06.340 [main] INFO  edu.bjut.homo.myMain - meter_5907858177797858319:reg,reg_response
BruceChen 10:01:06.340 [main] INFO  edu.bjut.homo.myMain - meter_5907858177797858319:22200,5094800
BruceChen 10:01:06.340 [main] INFO  edu.bjut.homo.myMain - meter_5773789578413151371:reg,reg_response
BruceChen 10:01:06.340 [main] INFO  edu.bjut.homo.myMain - meter_5773789578413151371:32000,84400
BruceChen 10:01:06.340 [main] INFO  edu.bjut.homo.myMain - meter_6761499941100158715:reg,reg_response
BruceChen 10:01:06.340 [main] INFO  edu.bjut.homo.myMain - meter_6761499941100158715:22800,73400
BruceChen 10:01:06.340 [main] INFO  edu.bjut.homo.myMain - meter_7116991620298261961:reg,reg_response
BruceChen 10:01:06.340 [main] INFO  edu.bjut.homo.myMain - meter_7116991620298261961:22400,73500
BruceChen 10:01:06.340 [main] INFO  edu.bjut.homo.myMain - meter_8850929147227052289:reg,reg_response
BruceChen 10:01:06.340 [main] INFO  edu.bjut.homo.myMain - meter_8850929147227052289:23100,74900
BruceChen 10:01:06.340 [main] INFO  edu.bjut.homo.myMain - meter_2157610044006453089:reg,reg_response
BruceChen 10:01:06.340 [main] INFO  edu.bjut.homo.myMain - meter_2157610044006453089:22400,73700
BruceChen 10:01:06.340 [main] INFO  edu.bjut.homo.myMain - meter_8627117155813692559:reg,reg_response
BruceChen 10:01:06.340 [main] INFO  edu.bjut.homo.myMain - meter_8627117155813692559:23000,75100
BruceChen 10:01:06.340 [main] INFO  edu.bjut.homo.myMain - meter_7355972707966576357:reg,reg_response
BruceChen 10:01:06.340 [main] INFO  edu.bjut.homo.myMain - meter_7355972707966576357:22700,79000
BruceChen 10:01:06.340 [main] INFO  edu.bjut.homo.myMain - meter_4325676143477937411:reg,reg_response
BruceChen 10:01:06.340 [main] INFO  edu.bjut.homo.myMain - meter_4325676143477937411:22000,81000
BruceChen 10:01:06.340 [main] INFO  edu.bjut.homo.myMain - meter_469058742544774993:reg,reg_response
BruceChen 10:01:06.340 [main] INFO  edu.bjut.homo.myMain - meter_469058742544774993:25600,72600
BruceChen 10:01:06.340 [main] INFO  edu.bjut.homo.myMain - meter_8912659777108683003:reg,reg_response
BruceChen 10:01:06.340 [main] INFO  edu.bjut.homo.myMain - meter_8912659777108683003:21300,81000
BruceChen 10:01:06.340 [main] INFO  edu.bjut.homo.myMain - meter_2320247327572518647:reg,reg_response
BruceChen 10:01:06.340 [main] INFO  edu.bjut.homo.myMain - meter_2320247327572518647:21000,70600
BruceChen 10:01:06.340 [main] INFO  edu.bjut.homo.myMain - meter_6512473359990974099:reg,reg_response
BruceChen 10:01:06.340 [main] INFO  edu.bjut.homo.myMain - meter_6512473359990974099:21300,75800
BruceChen 10:01:06.340 [main] INFO  edu.bjut.homo.myMain - meter_8795497436892097989:reg,reg_response
BruceChen 10:01:06.340 [main] INFO  edu.bjut.homo.myMain - meter_8795497436892097989:28100,77800
BruceChen 10:01:06.340 [main] INFO  edu.bjut.homo.myMain - meter_6022913081391322259:reg,reg_response
BruceChen 10:01:06.340 [main] INFO  edu.bjut.homo.myMain - meter_6022913081391322259:21900,82300
BruceChen 10:01:06.340 [main] INFO  edu.bjut.homo.myMain - meter_9159675847741923141:reg,reg_response
BruceChen 10:01:06.340 [main] INFO  edu.bjut.homo.myMain - meter_9159675847741923141:23900,80100
BruceChen 10:01:06.340 [main] INFO  edu.bjut.homo.myMain - oneTimeMeterRepTime
BruceChen 10:01:07.257 [main] INFO  edu.bjut.homo.myMain - agg:resp_agg
BruceChen 10:01:07.257 [main] INFO  edu.bjut.homo.myMain - agg:302073700
BruceChen 10:01:07.257 [main] INFO  edu.bjut.homo.myMain - server:report_res
BruceChen 10:01:07.257 [main] INFO  edu.bjut.homo.myMain - server:14221400
BruceChen 10:01:07.257 [main] INFO  edu.bjut.homo.myMain - meter_4519122189399063667:report
BruceChen 10:01:07.257 [main] INFO  edu.bjut.homo.myMain - meter_4519122189399063667:22510100
BruceChen 10:01:07.257 [main] INFO  edu.bjut.homo.myMain - meter_368202888071608631:report
BruceChen 10:01:07.257 [main] INFO  edu.bjut.homo.myMain - meter_368202888071608631:10373200
BruceChen 10:01:07.257 [main] INFO  edu.bjut.homo.myMain - meter_5298919953529731447:report
BruceChen 10:01:07.257 [main] INFO  edu.bjut.homo.myMain - meter_5298919953529731447:10070500
BruceChen 10:01:07.257 [main] INFO  edu.bjut.homo.myMain - meter_4387442501614187985:report
BruceChen 10:01:07.257 [main] INFO  edu.bjut.homo.myMain - meter_4387442501614187985:10028300
BruceChen 10:01:07.257 [main] INFO  edu.bjut.homo.myMain - meter_5539172176026648101:report
BruceChen 10:01:07.257 [main] INFO  edu.bjut.homo.myMain - meter_5539172176026648101:9594900
BruceChen 10:01:07.257 [main] INFO  edu.bjut.homo.myMain - meter_5765792518414357315:report
BruceChen 10:01:07.257 [main] INFO  edu.bjut.homo.myMain - meter_5765792518414357315:9729700
BruceChen 10:01:07.257 [main] INFO  edu.bjut.homo.myMain - meter_2931477533031950281:report
BruceChen 10:01:07.257 [main] INFO  edu.bjut.homo.myMain - meter_2931477533031950281:9515600
BruceChen 10:01:07.257 [main] INFO  edu.bjut.homo.myMain - meter_6415696999893853471:report
BruceChen 10:01:07.257 [main] INFO  edu.bjut.homo.myMain - meter_6415696999893853471:9500100
BruceChen 10:01:07.257 [main] INFO  edu.bjut.homo.myMain - meter_3365324630598063165:report
BruceChen 10:01:07.257 [main] INFO  edu.bjut.homo.myMain - meter_3365324630598063165:9678200
BruceChen 10:01:07.257 [main] INFO  edu.bjut.homo.myMain - meter_7651805469946516243:report
BruceChen 10:01:07.257 [main] INFO  edu.bjut.homo.myMain - meter_7651805469946516243:9593400
BruceChen 10:01:07.257 [main] INFO  edu.bjut.homo.myMain - meter_6082572002904453165:report
BruceChen 10:01:07.257 [main] INFO  edu.bjut.homo.myMain - meter_6082572002904453165:9530700
BruceChen 10:01:07.257 [main] INFO  edu.bjut.homo.myMain - meter_2678091090637822141:report
BruceChen 10:01:07.257 [main] INFO  edu.bjut.homo.myMain - meter_2678091090637822141:9533300
BruceChen 10:01:07.257 [main] INFO  edu.bjut.homo.myMain - meter_5868954325507137019:report
BruceChen 10:01:07.257 [main] INFO  edu.bjut.homo.myMain - meter_5868954325507137019:9516000
BruceChen 10:01:07.257 [main] INFO  edu.bjut.homo.myMain - meter_4538186684401443963:report
BruceChen 10:01:07.257 [main] INFO  edu.bjut.homo.myMain - meter_4538186684401443963:9589300
BruceChen 10:01:07.257 [main] INFO  edu.bjut.homo.myMain - meter_5434825752964312933:report
BruceChen 10:01:07.257 [main] INFO  edu.bjut.homo.myMain - meter_5434825752964312933:11984600
BruceChen 10:01:07.257 [main] INFO  edu.bjut.homo.myMain - meter_4599273769599741125:report
BruceChen 10:01:07.257 [main] INFO  edu.bjut.homo.myMain - meter_4599273769599741125:9492400
BruceChen 10:01:07.257 [main] INFO  edu.bjut.homo.myMain - meter_6171120631498555699:report
BruceChen 10:01:07.257 [main] INFO  edu.bjut.homo.myMain - meter_6171120631498555699:9526400
BruceChen 10:01:07.257 [main] INFO  edu.bjut.homo.myMain - meter_315099986660588499:report
BruceChen 10:01:07.257 [main] INFO  edu.bjut.homo.myMain - meter_315099986660588499:9483600
BruceChen 10:01:07.257 [main] INFO  edu.bjut.homo.myMain - meter_1838633309794076005:report
BruceChen 10:01:07.257 [main] INFO  edu.bjut.homo.myMain - meter_1838633309794076005:9527500
BruceChen 10:01:07.257 [main] INFO  edu.bjut.homo.myMain - meter_6305092304752926705:report
BruceChen 10:01:07.257 [main] INFO  edu.bjut.homo.myMain - meter_6305092304752926705:9538900
BruceChen 10:01:07.257 [main] INFO  edu.bjut.homo.myMain - meter_2527628382827344093:report
BruceChen 10:01:07.257 [main] INFO  edu.bjut.homo.myMain - meter_2527628382827344093:9501300
BruceChen 10:01:07.257 [main] INFO  edu.bjut.homo.myMain - meter_3381269050912985009:report
BruceChen 10:01:07.257 [main] INFO  edu.bjut.homo.myMain - meter_3381269050912985009:9481100
BruceChen 10:01:07.257 [main] INFO  edu.bjut.homo.myMain - meter_8021579157245201185:report
BruceChen 10:01:07.257 [main] INFO  edu.bjut.homo.myMain - meter_8021579157245201185:9500200
BruceChen 10:01:07.257 [main] INFO  edu.bjut.homo.myMain - meter_359562287633986177:report
BruceChen 10:01:07.257 [main] INFO  edu.bjut.homo.myMain - meter_359562287633986177:9649900
BruceChen 10:01:07.257 [main] INFO  edu.bjut.homo.myMain - meter_1141146456898358751:report
BruceChen 10:01:07.257 [main] INFO  edu.bjut.homo.myMain - meter_1141146456898358751:9629700
BruceChen 10:01:07.257 [main] INFO  edu.bjut.homo.myMain - meter_3975741817762559671:report
BruceChen 10:01:07.257 [main] INFO  edu.bjut.homo.myMain - meter_3975741817762559671:9522100
BruceChen 10:01:07.257 [main] INFO  edu.bjut.homo.myMain - meter_7184561078639395081:report
BruceChen 10:01:07.257 [main] INFO  edu.bjut.homo.myMain - meter_7184561078639395081:9478900
BruceChen 10:01:07.257 [main] INFO  edu.bjut.homo.myMain - meter_8535072483424075229:report
BruceChen 10:01:07.257 [main] INFO  edu.bjut.homo.myMain - meter_8535072483424075229:9586300
BruceChen 10:01:07.257 [main] INFO  edu.bjut.homo.myMain - meter_6355395637487140689:report
BruceChen 10:01:07.257 [main] INFO  edu.bjut.homo.myMain - meter_6355395637487140689:9607400
BruceChen 10:01:07.257 [main] INFO  edu.bjut.homo.myMain - meter_8952576267480585011:report
BruceChen 10:01:07.257 [main] INFO  edu.bjut.homo.myMain - meter_8952576267480585011:9695300
BruceChen 10:01:07.257 [main] INFO  edu.bjut.homo.myMain - meter_5865834255097801841:report
BruceChen 10:01:07.257 [main] INFO  edu.bjut.homo.myMain - meter_5865834255097801841:9504700
BruceChen 10:01:07.257 [main] INFO  edu.bjut.homo.myMain - meter_8772205735006443109:report
BruceChen 10:01:07.257 [main] INFO  edu.bjut.homo.myMain - meter_8772205735006443109:9608500
BruceChen 10:01:07.257 [main] INFO  edu.bjut.homo.myMain - meter_7086959048488795363:report
BruceChen 10:01:07.257 [main] INFO  edu.bjut.homo.myMain - meter_7086959048488795363:9490600
BruceChen 10:01:07.257 [main] INFO  edu.bjut.homo.myMain - meter_167719426276468613:report
BruceChen 10:01:07.257 [main] INFO  edu.bjut.homo.myMain - meter_167719426276468613:9537000
BruceChen 10:01:07.257 [main] INFO  edu.bjut.homo.myMain - meter_2897267225307752073:report
BruceChen 10:01:07.257 [main] INFO  edu.bjut.homo.myMain - meter_2897267225307752073:9423000
BruceChen 10:01:07.257 [main] INFO  edu.bjut.homo.myMain - meter_6064841173160993867:report
BruceChen 10:01:07.257 [main] INFO  edu.bjut.homo.myMain - meter_6064841173160993867:9390600
BruceChen 10:01:07.257 [main] INFO  edu.bjut.homo.myMain - meter_2652825706025698773:report
BruceChen 10:01:07.257 [main] INFO  edu.bjut.homo.myMain - meter_2652825706025698773:9462200
BruceChen 10:01:07.257 [main] INFO  edu.bjut.homo.myMain - meter_7451040528896605563:report
BruceChen 10:01:07.257 [main] INFO  edu.bjut.homo.myMain - meter_7451040528896605563:9542000
BruceChen 10:01:07.257 [main] INFO  edu.bjut.homo.myMain - meter_1309623664140588203:report
BruceChen 10:01:07.257 [main] INFO  edu.bjut.homo.myMain - meter_1309623664140588203:9452200
BruceChen 10:01:07.257 [main] INFO  edu.bjut.homo.myMain - meter_3897202954371612487:report
BruceChen 10:01:07.257 [main] INFO  edu.bjut.homo.myMain - meter_3897202954371612487:9421500
BruceChen 10:01:07.257 [main] INFO  edu.bjut.homo.myMain - meter_5288911287821424347:report
BruceChen 10:01:07.257 [main] INFO  edu.bjut.homo.myMain - meter_5288911287821424347:9424200
BruceChen 10:01:07.257 [main] INFO  edu.bjut.homo.myMain - meter_4871407503764916225:report
BruceChen 10:01:07.257 [main] INFO  edu.bjut.homo.myMain - meter_4871407503764916225:9487600
BruceChen 10:01:07.257 [main] INFO  edu.bjut.homo.myMain - meter_6882297846484086355:report
BruceChen 10:01:07.257 [main] INFO  edu.bjut.homo.myMain - meter_6882297846484086355:9691000
BruceChen 10:01:07.257 [main] INFO  edu.bjut.homo.myMain - meter_7458987893490789091:report
BruceChen 10:01:07.257 [main] INFO  edu.bjut.homo.myMain - meter_7458987893490789091:9482300
BruceChen 10:01:07.257 [main] INFO  edu.bjut.homo.myMain - meter_5907858177797858319:report
BruceChen 10:01:07.257 [main] INFO  edu.bjut.homo.myMain - meter_5907858177797858319:9567100
BruceChen 10:01:07.257 [main] INFO  edu.bjut.homo.myMain - meter_5773789578413151371:report
BruceChen 10:01:07.257 [main] INFO  edu.bjut.homo.myMain - meter_5773789578413151371:9392100
BruceChen 10:01:07.257 [main] INFO  edu.bjut.homo.myMain - meter_6761499941100158715:report
BruceChen 10:01:07.257 [main] INFO  edu.bjut.homo.myMain - meter_6761499941100158715:9447600
BruceChen 10:01:07.257 [main] INFO  edu.bjut.homo.myMain - meter_7116991620298261961:report
BruceChen 10:01:07.257 [main] INFO  edu.bjut.homo.myMain - meter_7116991620298261961:9483700
BruceChen 10:01:07.257 [main] INFO  edu.bjut.homo.myMain - meter_8850929147227052289:report
BruceChen 10:01:07.257 [main] INFO  edu.bjut.homo.myMain - meter_8850929147227052289:9426200
BruceChen 10:01:07.257 [main] INFO  edu.bjut.homo.myMain - meter_2157610044006453089:report
BruceChen 10:01:07.257 [main] INFO  edu.bjut.homo.myMain - meter_2157610044006453089:9370400
BruceChen 10:01:07.257 [main] INFO  edu.bjut.homo.myMain - meter_8627117155813692559:report
BruceChen 10:01:07.257 [main] INFO  edu.bjut.homo.myMain - meter_8627117155813692559:9387300
BruceChen 10:01:07.257 [main] INFO  edu.bjut.homo.myMain - meter_7355972707966576357:report
BruceChen 10:01:07.257 [main] INFO  edu.bjut.homo.myMain - meter_7355972707966576357:11927100
BruceChen 10:01:07.257 [main] INFO  edu.bjut.homo.myMain - meter_4325676143477937411:report
BruceChen 10:01:07.257 [main] INFO  edu.bjut.homo.myMain - meter_4325676143477937411:9358500
BruceChen 10:01:07.257 [main] INFO  edu.bjut.homo.myMain - meter_469058742544774993:report
BruceChen 10:01:07.257 [main] INFO  edu.bjut.homo.myMain - meter_469058742544774993:9319100
BruceChen 10:01:07.257 [main] INFO  edu.bjut.homo.myMain - meter_8912659777108683003:report
BruceChen 10:01:07.257 [main] INFO  edu.bjut.homo.myMain - meter_8912659777108683003:9374900
BruceChen 10:01:07.257 [main] INFO  edu.bjut.homo.myMain - meter_2320247327572518647:report
BruceChen 10:01:07.257 [main] INFO  edu.bjut.homo.myMain - meter_2320247327572518647:9345300
BruceChen 10:01:07.257 [main] INFO  edu.bjut.homo.myMain - meter_6512473359990974099:report
BruceChen 10:01:07.257 [main] INFO  edu.bjut.homo.myMain - meter_6512473359990974099:9365500
BruceChen 10:01:07.257 [main] INFO  edu.bjut.homo.myMain - meter_8795497436892097989:report
BruceChen 10:01:07.257 [main] INFO  edu.bjut.homo.myMain - meter_8795497436892097989:9361000
BruceChen 10:01:07.257 [main] INFO  edu.bjut.homo.myMain - meter_6022913081391322259:report
BruceChen 10:01:07.257 [main] INFO  edu.bjut.homo.myMain - meter_6022913081391322259:9464900
BruceChen 10:01:07.257 [main] INFO  edu.bjut.homo.myMain - meter_9159675847741923141:report
BruceChen 10:01:07.257 [main] INFO  edu.bjut.homo.myMain - meter_9159675847741923141:9372700
BruceChen 10:01:10.960 [main] INFO  edu.bjut.homo.myMain - meterRegTime
BruceChen 10:01:11.320 [main] INFO  edu.bjut.homo.myMain - kgc:reg_response,reg_response,reg_response,reg_response,reg_response,reg_response,reg_response,reg_response,reg_response,reg_response,reg_response,reg_response,reg_response,reg_response,reg_response,reg_response,reg_response,reg_response,reg_response,reg_response,reg_response,reg_response,reg_response,reg_response,reg_response,reg_response,reg_response,reg_response,reg_response,reg_response,reg_response,reg_response,reg_response,reg_response,reg_response,reg_response,reg_response,reg_response,reg_response,reg_response,reg_response,reg_response,reg_response,reg_response,reg_response,reg_response,reg_response,reg_response,reg_response,reg_response
BruceChen 10:01:11.320 [main] INFO  edu.bjut.homo.myMain - kgc:7213500,7014900,6994400,7005500,7048100,6997900,7078600,7054900,7014300,6942200,6963600,7008400,7206100,6956400,7058500,6982600,6941900,6970100,6963100,7029500,6983700,6985500,7141500,7337700,7489300,7194600,7142600,6946100,7058200,6947200,7135400,6788100,7298200,7194400,6983300,7034000,7040200,6938100,6948200,7012100,7028400,6994800,6961200,7032100,6971900,7042600,7071100,9789600,6969500,7072600
BruceChen 10:01:11.320 [main] INFO  edu.bjut.homo.myMain - meter_3070231464423468363:reg,reg_response
BruceChen 10:01:11.320 [main] INFO  edu.bjut.homo.myMain - meter_3070231464423468363:40400,40900
BruceChen 10:01:11.320 [main] INFO  edu.bjut.homo.myMain - meter_5762488127923299865:reg,reg_response
BruceChen 10:01:11.320 [main] INFO  edu.bjut.homo.myMain - meter_5762488127923299865:9200,59800
BruceChen 10:01:11.320 [main] INFO  edu.bjut.homo.myMain - meter_5280779378692543653:reg,reg_response
BruceChen 10:01:11.320 [main] INFO  edu.bjut.homo.myMain - meter_5280779378692543653:10100,62500
BruceChen 10:01:11.320 [main] INFO  edu.bjut.homo.myMain - meter_4384139206356633239:reg,reg_response
BruceChen 10:01:11.320 [main] INFO  edu.bjut.homo.myMain - meter_4384139206356633239:13900,57900
BruceChen 10:01:11.320 [main] INFO  edu.bjut.homo.myMain - meter_1527595723321402699:reg,reg_response
BruceChen 10:01:11.320 [main] INFO  edu.bjut.homo.myMain - meter_1527595723321402699:8700,47100
BruceChen 10:01:11.320 [main] INFO  edu.bjut.homo.myMain - meter_3040937160176619983:reg,reg_response
BruceChen 10:01:11.320 [main] INFO  edu.bjut.homo.myMain - meter_3040937160176619983:8000,35900
BruceChen 10:01:11.320 [main] INFO  edu.bjut.homo.myMain - meter_338302966368842297:reg,reg_response
BruceChen 10:01:11.320 [main] INFO  edu.bjut.homo.myMain - meter_338302966368842297:7800,35600
BruceChen 10:01:11.320 [main] INFO  edu.bjut.homo.myMain - meter_5832253736491797811:reg,reg_response
BruceChen 10:01:11.320 [main] INFO  edu.bjut.homo.myMain - meter_5832253736491797811:8400,31700
BruceChen 10:01:11.320 [main] INFO  edu.bjut.homo.myMain - meter_4331234596455579107:reg,reg_response
BruceChen 10:01:11.320 [main] INFO  edu.bjut.homo.myMain - meter_4331234596455579107:7200,33800
BruceChen 10:01:11.320 [main] INFO  edu.bjut.homo.myMain - meter_7959567048091958487:reg,reg_response
BruceChen 10:01:11.320 [main] INFO  edu.bjut.homo.myMain - meter_7959567048091958487:7300,30300
BruceChen 10:01:11.320 [main] INFO  edu.bjut.homo.myMain - meter_4396180028198921967:reg,reg_response
BruceChen 10:01:11.320 [main] INFO  edu.bjut.homo.myMain - meter_4396180028198921967:7000,31900
BruceChen 10:01:11.320 [main] INFO  edu.bjut.homo.myMain - meter_4913666545757898847:reg,reg_response
BruceChen 10:01:11.320 [main] INFO  edu.bjut.homo.myMain - meter_4913666545757898847:7000,33300
BruceChen 10:01:11.320 [main] INFO  edu.bjut.homo.myMain - meter_8559644627914705533:reg,reg_response
BruceChen 10:01:11.320 [main] INFO  edu.bjut.homo.myMain - meter_8559644627914705533:7300,31100
BruceChen 10:01:11.320 [main] INFO  edu.bjut.homo.myMain - meter_4614249017821818445:reg,reg_response
BruceChen 10:01:11.320 [main] INFO  edu.bjut.homo.myMain - meter_4614249017821818445:7100,30600
BruceChen 10:01:11.320 [main] INFO  edu.bjut.homo.myMain - meter_1130030654749733059:reg,reg_response
BruceChen 10:01:11.320 [main] INFO  edu.bjut.homo.myMain - meter_1130030654749733059:7200,41900
BruceChen 10:01:11.320 [main] INFO  edu.bjut.homo.myMain - meter_3048049326766107637:reg,reg_response
BruceChen 10:01:11.320 [main] INFO  edu.bjut.homo.myMain - meter_3048049326766107637:7200,38900
BruceChen 10:01:11.320 [main] INFO  edu.bjut.homo.myMain - meter_5765016323590703353:reg,reg_response
BruceChen 10:01:11.320 [main] INFO  edu.bjut.homo.myMain - meter_5765016323590703353:7800,37400
BruceChen 10:01:11.320 [main] INFO  edu.bjut.homo.myMain - meter_7167840467795787999:reg,reg_response
BruceChen 10:01:11.320 [main] INFO  edu.bjut.homo.myMain - meter_7167840467795787999:7500,32200
BruceChen 10:01:11.320 [main] INFO  edu.bjut.homo.myMain - meter_3766116232250492247:reg,reg_response
BruceChen 10:01:11.320 [main] INFO  edu.bjut.homo.myMain - meter_3766116232250492247:6600,32200
BruceChen 10:01:11.320 [main] INFO  edu.bjut.homo.myMain - meter_2797136995194844123:reg,reg_response
BruceChen 10:01:11.320 [main] INFO  edu.bjut.homo.myMain - meter_2797136995194844123:6600,32400
BruceChen 10:01:11.320 [main] INFO  edu.bjut.homo.myMain - meter_6413317620506591091:reg,reg_response
BruceChen 10:01:11.320 [main] INFO  edu.bjut.homo.myMain - meter_6413317620506591091:7400,31000
BruceChen 10:01:11.320 [main] INFO  edu.bjut.homo.myMain - meter_2307577807517015819:reg,reg_response
BruceChen 10:01:11.320 [main] INFO  edu.bjut.homo.myMain - meter_2307577807517015819:7100,31100
BruceChen 10:01:11.320 [main] INFO  edu.bjut.homo.myMain - meter_3696069148722126101:reg,reg_response
BruceChen 10:01:11.320 [main] INFO  edu.bjut.homo.myMain - meter_3696069148722126101:10600,31300
BruceChen 10:01:11.320 [main] INFO  edu.bjut.homo.myMain - meter_4385063122226923493:reg,reg_response
BruceChen 10:01:11.320 [main] INFO  edu.bjut.homo.myMain - meter_4385063122226923493:6600,48600
BruceChen 10:01:11.320 [main] INFO  edu.bjut.homo.myMain - meter_4197670249147160999:reg,reg_response
BruceChen 10:01:11.320 [main] INFO  edu.bjut.homo.myMain - meter_4197670249147160999:10500,32400
BruceChen 10:01:11.320 [main] INFO  edu.bjut.homo.myMain - meter_727783589597042035:reg,reg_response
BruceChen 10:01:11.320 [main] INFO  edu.bjut.homo.myMain - meter_727783589597042035:7300,33100
BruceChen 10:01:11.320 [main] INFO  edu.bjut.homo.myMain - meter_3027529376836622197:reg,reg_response
BruceChen 10:01:11.320 [main] INFO  edu.bjut.homo.myMain - meter_3027529376836622197:6900,30700
BruceChen 10:01:11.320 [main] INFO  edu.bjut.homo.myMain - meter_8841231980795595159:reg,reg_response
BruceChen 10:01:11.320 [main] INFO  edu.bjut.homo.myMain - meter_8841231980795595159:6700,30600
BruceChen 10:01:11.320 [main] INFO  edu.bjut.homo.myMain - meter_5679993991823482915:reg,reg_response
BruceChen 10:01:11.320 [main] INFO  edu.bjut.homo.myMain - meter_5679993991823482915:6900,33200
BruceChen 10:01:11.320 [main] INFO  edu.bjut.homo.myMain - meter_3586572693811272699:reg,reg_response
BruceChen 10:01:11.320 [main] INFO  edu.bjut.homo.myMain - meter_3586572693811272699:6700,32300
BruceChen 10:01:11.320 [main] INFO  edu.bjut.homo.myMain - meter_8241495978642231975:reg,reg_response
BruceChen 10:01:11.320 [main] INFO  edu.bjut.homo.myMain - meter_8241495978642231975:6900,29400
BruceChen 10:01:11.320 [main] INFO  edu.bjut.homo.myMain - meter_7042408025321350095:reg,reg_response
BruceChen 10:01:11.320 [main] INFO  edu.bjut.homo.myMain - meter_7042408025321350095:6500,33700
BruceChen 10:01:11.320 [main] INFO  edu.bjut.homo.myMain - meter_4711298424439281257:reg,reg_response
BruceChen 10:01:11.320 [main] INFO  edu.bjut.homo.myMain - meter_4711298424439281257:6700,33200
BruceChen 10:01:11.320 [main] INFO  edu.bjut.homo.myMain - meter_4802284336106774673:reg,reg_response
BruceChen 10:01:11.320 [main] INFO  edu.bjut.homo.myMain - meter_4802284336106774673:7200,40900
BruceChen 10:01:11.320 [main] INFO  edu.bjut.homo.myMain - meter_473877824169981477:reg,reg_response
BruceChen 10:01:11.320 [main] INFO  edu.bjut.homo.myMain - meter_473877824169981477:7300,36800
BruceChen 10:01:11.320 [main] INFO  edu.bjut.homo.myMain - meter_1852226741441745399:reg,reg_response
BruceChen 10:01:11.320 [main] INFO  edu.bjut.homo.myMain - meter_1852226741441745399:8300,28900
BruceChen 10:01:11.320 [main] INFO  edu.bjut.homo.myMain - meter_2574188812681044299:reg,reg_response
BruceChen 10:01:11.320 [main] INFO  edu.bjut.homo.myMain - meter_2574188812681044299:7500,37700
BruceChen 10:01:11.320 [main] INFO  edu.bjut.homo.myMain - meter_6679929725165470515:reg,reg_response
BruceChen 10:01:11.320 [main] INFO  edu.bjut.homo.myMain - meter_6679929725165470515:6200,42700
BruceChen 10:01:11.320 [main] INFO  edu.bjut.homo.myMain - meter_4742254912135815831:reg,reg_response
BruceChen 10:01:11.320 [main] INFO  edu.bjut.homo.myMain - meter_4742254912135815831:6400,27600
BruceChen 10:01:11.320 [main] INFO  edu.bjut.homo.myMain - meter_3701909072364736181:reg,reg_response
BruceChen 10:01:11.320 [main] INFO  edu.bjut.homo.myMain - meter_3701909072364736181:6100,28100
BruceChen 10:01:11.320 [main] INFO  edu.bjut.homo.myMain - meter_3425820074080429297:reg,reg_response
BruceChen 10:01:11.320 [main] INFO  edu.bjut.homo.myMain - meter_3425820074080429297:5900,27600
BruceChen 10:01:11.320 [main] INFO  edu.bjut.homo.myMain - meter_5334843023756881057:reg,reg_response
BruceChen 10:01:11.320 [main] INFO  edu.bjut.homo.myMain - meter_5334843023756881057:6000,30300
BruceChen 10:01:11.320 [main] INFO  edu.bjut.homo.myMain - meter_5077537036908309085:reg,reg_response
BruceChen 10:01:11.320 [main] INFO  edu.bjut.homo.myMain - meter_5077537036908309085:6500,29500
BruceChen 10:01:11.320 [main] INFO  edu.bjut.homo.myMain - meter_3682844581657258187:reg,reg_response
BruceChen 10:01:11.320 [main] INFO  edu.bjut.homo.myMain - meter_3682844581657258187:6000,28300
BruceChen 10:01:11.320 [main] INFO  edu.bjut.homo.myMain - meter_8395491557997700429:reg,reg_response
BruceChen 10:01:11.320 [main] INFO  edu.bjut.homo.myMain - meter_8395491557997700429:6000,60000
BruceChen 10:01:11.320 [main] INFO  edu.bjut.homo.myMain - meter_6040314064701354133:reg,reg_response
BruceChen 10:01:11.320 [main] INFO  edu.bjut.homo.myMain - meter_6040314064701354133:6500,27600
BruceChen 10:01:11.320 [main] INFO  edu.bjut.homo.myMain - meter_1443002363124557239:reg,reg_response
BruceChen 10:01:11.320 [main] INFO  edu.bjut.homo.myMain - meter_1443002363124557239:6000,25700
BruceChen 10:01:11.320 [main] INFO  edu.bjut.homo.myMain - meter_7404050027960903875:reg,reg_response
BruceChen 10:01:11.320 [main] INFO  edu.bjut.homo.myMain - meter_7404050027960903875:5800,35400
BruceChen 10:01:11.320 [main] INFO  edu.bjut.homo.myMain - meter_5738147754414903207:reg,reg_response
BruceChen 10:01:11.320 [main] INFO  edu.bjut.homo.myMain - meter_5738147754414903207:6400,27000
BruceChen 10:01:11.320 [main] INFO  edu.bjut.homo.myMain - meter_2181590326639857625:reg,reg_response
BruceChen 10:01:11.320 [main] INFO  edu.bjut.homo.myMain - meter_2181590326639857625:6200,28000
BruceChen 10:01:11.320 [main] INFO  edu.bjut.homo.myMain - oneTimeMeterRepTime
BruceChen 10:01:12.054 [main] INFO  edu.bjut.homo.myMain - agg:resp_agg
BruceChen 10:01:12.054 [main] INFO  edu.bjut.homo.myMain - agg:245166400
BruceChen 10:01:12.054 [main] INFO  edu.bjut.homo.myMain - server:report_res
BruceChen 10:01:12.054 [main] INFO  edu.bjut.homo.myMain - server:13812000
BruceChen 10:01:12.054 [main] INFO  edu.bjut.homo.myMain - meter_3070231464423468363:report
BruceChen 10:01:12.054 [main] INFO  edu.bjut.homo.myMain - meter_3070231464423468363:10103200
BruceChen 10:01:12.054 [main] INFO  edu.bjut.homo.myMain - meter_5762488127923299865:report
BruceChen 10:01:12.054 [main] INFO  edu.bjut.homo.myMain - meter_5762488127923299865:9587200
BruceChen 10:01:12.054 [main] INFO  edu.bjut.homo.myMain - meter_5280779378692543653:report
BruceChen 10:01:12.054 [main] INFO  edu.bjut.homo.myMain - meter_5280779378692543653:9392600
BruceChen 10:01:12.054 [main] INFO  edu.bjut.homo.myMain - meter_4384139206356633239:report
BruceChen 10:01:12.054 [main] INFO  edu.bjut.homo.myMain - meter_4384139206356633239:9734600
BruceChen 10:01:12.054 [main] INFO  edu.bjut.homo.myMain - meter_1527595723321402699:report
BruceChen 10:01:12.054 [main] INFO  edu.bjut.homo.myMain - meter_1527595723321402699:9754500
BruceChen 10:01:12.054 [main] INFO  edu.bjut.homo.myMain - meter_3040937160176619983:report
BruceChen 10:01:12.054 [main] INFO  edu.bjut.homo.myMain - meter_3040937160176619983:9781200
BruceChen 10:01:12.054 [main] INFO  edu.bjut.homo.myMain - meter_338302966368842297:report
BruceChen 10:01:12.054 [main] INFO  edu.bjut.homo.myMain - meter_338302966368842297:9790100
BruceChen 10:01:12.054 [main] INFO  edu.bjut.homo.myMain - meter_5832253736491797811:report
BruceChen 10:01:12.054 [main] INFO  edu.bjut.homo.myMain - meter_5832253736491797811:9631300
BruceChen 10:01:12.054 [main] INFO  edu.bjut.homo.myMain - meter_4331234596455579107:report
BruceChen 10:01:12.054 [main] INFO  edu.bjut.homo.myMain - meter_4331234596455579107:9417100
BruceChen 10:01:12.054 [main] INFO  edu.bjut.homo.myMain - meter_7959567048091958487:report
BruceChen 10:01:12.054 [main] INFO  edu.bjut.homo.myMain - meter_7959567048091958487:9484800
BruceChen 10:01:12.054 [main] INFO  edu.bjut.homo.myMain - meter_4396180028198921967:report
BruceChen 10:01:12.054 [main] INFO  edu.bjut.homo.myMain - meter_4396180028198921967:9297500
BruceChen 10:01:12.054 [main] INFO  edu.bjut.homo.myMain - meter_4913666545757898847:report
BruceChen 10:01:12.054 [main] INFO  edu.bjut.homo.myMain - meter_4913666545757898847:9316100
BruceChen 10:01:12.054 [main] INFO  edu.bjut.homo.myMain - meter_8559644627914705533:report
BruceChen 10:01:12.054 [main] INFO  edu.bjut.homo.myMain - meter_8559644627914705533:9272500
BruceChen 10:01:12.054 [main] INFO  edu.bjut.homo.myMain - meter_4614249017821818445:report
BruceChen 10:01:12.054 [main] INFO  edu.bjut.homo.myMain - meter_4614249017821818445:9349400
BruceChen 10:01:12.054 [main] INFO  edu.bjut.homo.myMain - meter_1130030654749733059:report
BruceChen 10:01:12.054 [main] INFO  edu.bjut.homo.myMain - meter_1130030654749733059:9312200
BruceChen 10:01:12.054 [main] INFO  edu.bjut.homo.myMain - meter_3048049326766107637:report
BruceChen 10:01:12.054 [main] INFO  edu.bjut.homo.myMain - meter_3048049326766107637:9411100
BruceChen 10:01:12.054 [main] INFO  edu.bjut.homo.myMain - meter_5765016323590703353:report
BruceChen 10:01:12.054 [main] INFO  edu.bjut.homo.myMain - meter_5765016323590703353:9261200
BruceChen 10:01:12.054 [main] INFO  edu.bjut.homo.myMain - meter_7167840467795787999:report
BruceChen 10:01:12.054 [main] INFO  edu.bjut.homo.myMain - meter_7167840467795787999:9276800
BruceChen 10:01:12.054 [main] INFO  edu.bjut.homo.myMain - meter_3766116232250492247:report
BruceChen 10:01:12.054 [main] INFO  edu.bjut.homo.myMain - meter_3766116232250492247:9174800
BruceChen 10:01:12.054 [main] INFO  edu.bjut.homo.myMain - meter_2797136995194844123:report
BruceChen 10:01:12.054 [main] INFO  edu.bjut.homo.myMain - meter_2797136995194844123:9214100
BruceChen 10:01:12.054 [main] INFO  edu.bjut.homo.myMain - meter_6413317620506591091:report
BruceChen 10:01:12.054 [main] INFO  edu.bjut.homo.myMain - meter_6413317620506591091:9258600
BruceChen 10:01:12.054 [main] INFO  edu.bjut.homo.myMain - meter_2307577807517015819:report
BruceChen 10:01:12.054 [main] INFO  edu.bjut.homo.myMain - meter_2307577807517015819:9174300
BruceChen 10:01:12.054 [main] INFO  edu.bjut.homo.myMain - meter_3696069148722126101:report
BruceChen 10:01:12.054 [main] INFO  edu.bjut.homo.myMain - meter_3696069148722126101:9205300
BruceChen 10:01:12.054 [main] INFO  edu.bjut.homo.myMain - meter_4385063122226923493:report
BruceChen 10:01:12.054 [main] INFO  edu.bjut.homo.myMain - meter_4385063122226923493:9181600
BruceChen 10:01:12.054 [main] INFO  edu.bjut.homo.myMain - meter_4197670249147160999:report
BruceChen 10:01:12.054 [main] INFO  edu.bjut.homo.myMain - meter_4197670249147160999:9207600
BruceChen 10:01:12.054 [main] INFO  edu.bjut.homo.myMain - meter_727783589597042035:report
BruceChen 10:01:12.054 [main] INFO  edu.bjut.homo.myMain - meter_727783589597042035:9160000
BruceChen 10:01:12.054 [main] INFO  edu.bjut.homo.myMain - meter_3027529376836622197:report
BruceChen 10:01:12.054 [main] INFO  edu.bjut.homo.myMain - meter_3027529376836622197:9303600
BruceChen 10:01:12.054 [main] INFO  edu.bjut.homo.myMain - meter_8841231980795595159:report
BruceChen 10:01:12.054 [main] INFO  edu.bjut.homo.myMain - meter_8841231980795595159:9211100
BruceChen 10:01:12.054 [main] INFO  edu.bjut.homo.myMain - meter_5679993991823482915:report
BruceChen 10:01:12.054 [main] INFO  edu.bjut.homo.myMain - meter_5679993991823482915:9262600
BruceChen 10:01:12.054 [main] INFO  edu.bjut.homo.myMain - meter_3586572693811272699:report
BruceChen 10:01:12.054 [main] INFO  edu.bjut.homo.myMain - meter_3586572693811272699:9258400
BruceChen 10:01:12.054 [main] INFO  edu.bjut.homo.myMain - meter_8241495978642231975:report
BruceChen 10:01:12.054 [main] INFO  edu.bjut.homo.myMain - meter_8241495978642231975:9260400
BruceChen 10:01:12.054 [main] INFO  edu.bjut.homo.myMain - meter_7042408025321350095:report
BruceChen 10:01:12.054 [main] INFO  edu.bjut.homo.myMain - meter_7042408025321350095:9214300
BruceChen 10:01:12.054 [main] INFO  edu.bjut.homo.myMain - meter_4711298424439281257:report
BruceChen 10:01:12.054 [main] INFO  edu.bjut.homo.myMain - meter_4711298424439281257:9233800
BruceChen 10:01:12.054 [main] INFO  edu.bjut.homo.myMain - meter_4802284336106774673:report
BruceChen 10:01:12.054 [main] INFO  edu.bjut.homo.myMain - meter_4802284336106774673:9261600
BruceChen 10:01:12.054 [main] INFO  edu.bjut.homo.myMain - meter_473877824169981477:report
BruceChen 10:01:12.054 [main] INFO  edu.bjut.homo.myMain - meter_473877824169981477:9347600
BruceChen 10:01:12.054 [main] INFO  edu.bjut.homo.myMain - meter_1852226741441745399:report
BruceChen 10:01:12.054 [main] INFO  edu.bjut.homo.myMain - meter_1852226741441745399:11808500
BruceChen 10:01:12.054 [main] INFO  edu.bjut.homo.myMain - meter_2574188812681044299:report
BruceChen 10:01:12.054 [main] INFO  edu.bjut.homo.myMain - meter_2574188812681044299:9841000
BruceChen 10:01:12.054 [main] INFO  edu.bjut.homo.myMain - meter_6679929725165470515:report
BruceChen 10:01:12.054 [main] INFO  edu.bjut.homo.myMain - meter_6679929725165470515:9344300
BruceChen 10:01:12.054 [main] INFO  edu.bjut.homo.myMain - meter_4742254912135815831:report
BruceChen 10:01:12.054 [main] INFO  edu.bjut.homo.myMain - meter_4742254912135815831:9342700
BruceChen 10:01:12.054 [main] INFO  edu.bjut.homo.myMain - meter_3701909072364736181:report
BruceChen 10:01:12.054 [main] INFO  edu.bjut.homo.myMain - meter_3701909072364736181:9257600
BruceChen 10:01:12.054 [main] INFO  edu.bjut.homo.myMain - meter_3425820074080429297:report
BruceChen 10:01:12.054 [main] INFO  edu.bjut.homo.myMain - meter_3425820074080429297:9244900
BruceChen 10:01:12.054 [main] INFO  edu.bjut.homo.myMain - meter_5334843023756881057:report
BruceChen 10:01:12.054 [main] INFO  edu.bjut.homo.myMain - meter_5334843023756881057:9237000
BruceChen 10:01:12.054 [main] INFO  edu.bjut.homo.myMain - meter_5077537036908309085:report
BruceChen 10:01:12.054 [main] INFO  edu.bjut.homo.myMain - meter_5077537036908309085:9302000
BruceChen 10:01:12.054 [main] INFO  edu.bjut.homo.myMain - meter_3682844581657258187:report
BruceChen 10:01:12.054 [main] INFO  edu.bjut.homo.myMain - meter_3682844581657258187:9412200
BruceChen 10:01:12.054 [main] INFO  edu.bjut.homo.myMain - meter_8395491557997700429:report
BruceChen 10:01:12.054 [main] INFO  edu.bjut.homo.myMain - meter_8395491557997700429:9259500
BruceChen 10:01:12.054 [main] INFO  edu.bjut.homo.myMain - meter_6040314064701354133:report
BruceChen 10:01:12.054 [main] INFO  edu.bjut.homo.myMain - meter_6040314064701354133:9248700
BruceChen 10:01:12.054 [main] INFO  edu.bjut.homo.myMain - meter_1443002363124557239:report
BruceChen 10:01:12.054 [main] INFO  edu.bjut.homo.myMain - meter_1443002363124557239:9245100
BruceChen 10:01:12.054 [main] INFO  edu.bjut.homo.myMain - meter_7404050027960903875:report
BruceChen 10:01:12.054 [main] INFO  edu.bjut.homo.myMain - meter_7404050027960903875:9304700
BruceChen 10:01:12.054 [main] INFO  edu.bjut.homo.myMain - meter_5738147754414903207:report
BruceChen 10:01:12.054 [main] INFO  edu.bjut.homo.myMain - meter_5738147754414903207:9289600
BruceChen 10:01:12.054 [main] INFO  edu.bjut.homo.myMain - meter_2181590326639857625:report
BruceChen 10:01:12.054 [main] INFO  edu.bjut.homo.myMain - meter_2181590326639857625:9999600
BruceChen 10:01:14.877 [main] INFO  edu.bjut.homo.myMain - meterRegTime
BruceChen 10:01:15.159 [main] INFO  edu.bjut.homo.myMain - kgc:reg_response,reg_response,reg_response,reg_response,reg_response,reg_response,reg_response,reg_response,reg_response,reg_response,reg_response,reg_response,reg_response,reg_response,reg_response,reg_response,reg_response,reg_response,reg_response,reg_response,reg_response,reg_response,reg_response,reg_response,reg_response,reg_response,reg_response,reg_response,reg_response,reg_response,reg_response,reg_response,reg_response,reg_response,reg_response,reg_response,reg_response,reg_response,reg_response,reg_response
BruceChen 10:01:15.159 [main] INFO  edu.bjut.homo.myMain - kgc:7036700,7145500,6965700,6943500,6931500,6976500,8185300,6942000,7103500,7037800,7173300,6948000,6957500,7080600,7153300,6962500,7127400,6924400,7020500,6959600,7108800,7105400,6968400,7018200,7024100,6974200,7024900,7002000,6967100,6949100,6961500,6909100,6970800,7008900,7210900,7036500,7040600,6988900,7191000,7037200
BruceChen 10:01:15.159 [main] INFO  edu.bjut.homo.myMain - meter_8921567881061218509:reg,reg_response
BruceChen 10:01:15.159 [main] INFO  edu.bjut.homo.myMain - meter_8921567881061218509:31200,25400
BruceChen 10:01:15.159 [main] INFO  edu.bjut.homo.myMain - meter_4638132590154436299:reg,reg_response
BruceChen 10:01:15.159 [main] INFO  edu.bjut.homo.myMain - meter_4638132590154436299:5900,24200
BruceChen 10:01:15.159 [main] INFO  edu.bjut.homo.myMain - meter_2739366636414473:reg,reg_response
BruceChen 10:01:15.159 [main] INFO  edu.bjut.homo.myMain - meter_2739366636414473:6400,21900
BruceChen 10:01:15.159 [main] INFO  edu.bjut.homo.myMain - meter_8077062761991242017:reg,reg_response
BruceChen 10:01:15.159 [main] INFO  edu.bjut.homo.myMain - meter_8077062761991242017:5900,21400
BruceChen 10:01:15.159 [main] INFO  edu.bjut.homo.myMain - meter_1383742563570759817:reg,reg_response
BruceChen 10:01:15.159 [main] INFO  edu.bjut.homo.myMain - meter_1383742563570759817:8200,22100
BruceChen 10:01:15.159 [main] INFO  edu.bjut.homo.myMain - meter_5325921172812232453:reg,reg_response
BruceChen 10:01:15.159 [main] INFO  edu.bjut.homo.myMain - meter_5325921172812232453:5800,23900
BruceChen 10:01:15.159 [main] INFO  edu.bjut.homo.myMain - meter_613555671448501073:reg,reg_response
BruceChen 10:01:15.159 [main] INFO  edu.bjut.homo.myMain - meter_613555671448501073:6100,33200
BruceChen 10:01:15.159 [main] INFO  edu.bjut.homo.myMain - meter_8347629031291113737:reg,reg_response
BruceChen 10:01:15.159 [main] INFO  edu.bjut.homo.myMain - meter_8347629031291113737:6600,41500
BruceChen 10:01:15.159 [main] INFO  edu.bjut.homo.myMain - meter_8667625292179651465:reg,reg_response
BruceChen 10:01:15.159 [main] INFO  edu.bjut.homo.myMain - meter_8667625292179651465:6000,21000
BruceChen 10:01:15.159 [main] INFO  edu.bjut.homo.myMain - meter_3377410708646128167:reg,reg_response
BruceChen 10:01:15.159 [main] INFO  edu.bjut.homo.myMain - meter_3377410708646128167:6000,20900
BruceChen 10:01:15.159 [main] INFO  edu.bjut.homo.myMain - meter_5676875020908999755:reg,reg_response
BruceChen 10:01:15.159 [main] INFO  edu.bjut.homo.myMain - meter_5676875020908999755:5600,20700
BruceChen 10:01:15.159 [main] INFO  edu.bjut.homo.myMain - meter_1571415587679409073:reg,reg_response
BruceChen 10:01:15.159 [main] INFO  edu.bjut.homo.myMain - meter_1571415587679409073:5800,23800
BruceChen 10:01:15.159 [main] INFO  edu.bjut.homo.myMain - meter_935842814000004315:reg,reg_response
BruceChen 10:01:15.159 [main] INFO  edu.bjut.homo.myMain - meter_935842814000004315:5800,22900
BruceChen 10:01:15.159 [main] INFO  edu.bjut.homo.myMain - meter_8711710520288795315:reg,reg_response
BruceChen 10:01:15.159 [main] INFO  edu.bjut.homo.myMain - meter_8711710520288795315:5900,31300
BruceChen 10:01:15.159 [main] INFO  edu.bjut.homo.myMain - meter_3217759750149063279:reg,reg_response
BruceChen 10:01:15.159 [main] INFO  edu.bjut.homo.myMain - meter_3217759750149063279:6200,33000
BruceChen 10:01:15.159 [main] INFO  edu.bjut.homo.myMain - meter_4488905297507872727:reg,reg_response
BruceChen 10:01:15.159 [main] INFO  edu.bjut.homo.myMain - meter_4488905297507872727:8000,32600
BruceChen 10:01:15.159 [main] INFO  edu.bjut.homo.myMain - meter_8045181254601109337:reg,reg_response
BruceChen 10:01:15.159 [main] INFO  edu.bjut.homo.myMain - meter_8045181254601109337:6200,22800
BruceChen 10:01:15.159 [main] INFO  edu.bjut.homo.myMain - meter_2783632277117867693:reg,reg_response
BruceChen 10:01:15.159 [main] INFO  edu.bjut.homo.myMain - meter_2783632277117867693:6100,27800
BruceChen 10:01:15.159 [main] INFO  edu.bjut.homo.myMain - meter_4228760490773835453:reg,reg_response
BruceChen 10:01:15.159 [main] INFO  edu.bjut.homo.myMain - meter_4228760490773835453:5800,27900
BruceChen 10:01:15.159 [main] INFO  edu.bjut.homo.myMain - meter_257967061808317297:reg,reg_response
BruceChen 10:01:15.159 [main] INFO  edu.bjut.homo.myMain - meter_257967061808317297:5700,21500
BruceChen 10:01:15.159 [main] INFO  edu.bjut.homo.myMain - meter_4396956223022576747:reg,reg_response
BruceChen 10:01:15.159 [main] INFO  edu.bjut.homo.myMain - meter_4396956223022576747:5700,19800
BruceChen 10:01:15.159 [main] INFO  edu.bjut.homo.myMain - meter_5634570947179991507:reg,reg_response
BruceChen 10:01:15.159 [main] INFO  edu.bjut.homo.myMain - meter_5634570947179991507:5800,19900
BruceChen 10:01:15.159 [main] INFO  edu.bjut.homo.myMain - meter_8627613199608459957:reg,reg_response
BruceChen 10:01:15.159 [main] INFO  edu.bjut.homo.myMain - meter_8627613199608459957:5600,19500
BruceChen 10:01:15.159 [main] INFO  edu.bjut.homo.myMain - meter_4303803306091075755:reg,reg_response
BruceChen 10:01:15.159 [main] INFO  edu.bjut.homo.myMain - meter_4303803306091075755:5700,23700
BruceChen 10:01:15.159 [main] INFO  edu.bjut.homo.myMain - meter_958027146385654889:reg,reg_response
BruceChen 10:01:15.159 [main] INFO  edu.bjut.homo.myMain - meter_958027146385654889:6500,23600
BruceChen 10:01:15.159 [main] INFO  edu.bjut.homo.myMain - meter_3545606440911581553:reg,reg_response
BruceChen 10:01:15.159 [main] INFO  edu.bjut.homo.myMain - meter_3545606440911581553:6200,19900
BruceChen 10:01:15.159 [main] INFO  edu.bjut.homo.myMain - meter_1739611319944994457:reg,reg_response
BruceChen 10:01:15.159 [main] INFO  edu.bjut.homo.myMain - meter_1739611319944994457:5800,19900
BruceChen 10:01:15.159 [main] INFO  edu.bjut.homo.myMain - meter_2274460893552770445:reg,reg_response
BruceChen 10:01:15.159 [main] INFO  edu.bjut.homo.myMain - meter_2274460893552770445:5600,29900
BruceChen 10:01:15.159 [main] INFO  edu.bjut.homo.myMain - meter_7068914304598901893:reg,reg_response
BruceChen 10:01:15.159 [main] INFO  edu.bjut.homo.myMain - meter_7068914304598901893:5900,20900
BruceChen 10:01:15.159 [main] INFO  edu.bjut.homo.myMain - meter_9020641765321519001:reg,reg_response
BruceChen 10:01:15.159 [main] INFO  edu.bjut.homo.myMain - meter_9020641765321519001:5700,22100
BruceChen 10:01:15.159 [main] INFO  edu.bjut.homo.myMain - meter_4365718480507335851:reg,reg_response
BruceChen 10:01:15.159 [main] INFO  edu.bjut.homo.myMain - meter_4365718480507335851:6000,22000
BruceChen 10:01:15.159 [main] INFO  edu.bjut.homo.myMain - meter_7689874124232537785:reg,reg_response
BruceChen 10:01:15.159 [main] INFO  edu.bjut.homo.myMain - meter_7689874124232537785:5800,21400
BruceChen 10:01:15.159 [main] INFO  edu.bjut.homo.myMain - meter_7082966956586767699:reg,reg_response
BruceChen 10:01:15.159 [main] INFO  edu.bjut.homo.myMain - meter_7082966956586767699:5500,20000
BruceChen 10:01:15.159 [main] INFO  edu.bjut.homo.myMain - meter_6301100208555931769:reg,reg_response
BruceChen 10:01:15.159 [main] INFO  edu.bjut.homo.myMain - meter_6301100208555931769:5700,19800
BruceChen 10:01:15.159 [main] INFO  edu.bjut.homo.myMain - meter_8589086428771928101:reg,reg_response
BruceChen 10:01:15.159 [main] INFO  edu.bjut.homo.myMain - meter_8589086428771928101:5500,21400
BruceChen 10:01:15.159 [main] INFO  edu.bjut.homo.myMain - meter_9087190381628471783:reg,reg_response
BruceChen 10:01:15.159 [main] INFO  edu.bjut.homo.myMain - meter_9087190381628471783:6200,20800
BruceChen 10:01:15.159 [main] INFO  edu.bjut.homo.myMain - meter_6366511439652609785:reg,reg_response
BruceChen 10:01:15.159 [main] INFO  edu.bjut.homo.myMain - meter_6366511439652609785:5900,21600
BruceChen 10:01:15.159 [main] INFO  edu.bjut.homo.myMain - meter_6586000388957275501:reg,reg_response
BruceChen 10:01:15.159 [main] INFO  edu.bjut.homo.myMain - meter_6586000388957275501:19800,40700
BruceChen 10:01:15.159 [main] INFO  edu.bjut.homo.myMain - meter_5949008755090951111:reg,reg_response
BruceChen 10:01:15.159 [main] INFO  edu.bjut.homo.myMain - meter_5949008755090951111:6700,20700
BruceChen 10:01:15.159 [main] INFO  edu.bjut.homo.myMain - meter_2306342400942969825:reg,reg_response
BruceChen 10:01:15.159 [main] INFO  edu.bjut.homo.myMain - meter_2306342400942969825:6000,20400
BruceChen 10:01:15.159 [main] INFO  edu.bjut.homo.myMain - oneTimeMeterRepTime
BruceChen 10:01:15.752 [main] INFO  edu.bjut.homo.myMain - agg:resp_agg
BruceChen 10:01:15.752 [main] INFO  edu.bjut.homo.myMain - agg:196511600
BruceChen 10:01:15.752 [main] INFO  edu.bjut.homo.myMain - server:report_res
BruceChen 10:01:15.752 [main] INFO  edu.bjut.homo.myMain - server:14116500
BruceChen 10:01:15.752 [main] INFO  edu.bjut.homo.myMain - meter_8921567881061218509:report
BruceChen 10:01:15.752 [main] INFO  edu.bjut.homo.myMain - meter_8921567881061218509:9304800
BruceChen 10:01:15.752 [main] INFO  edu.bjut.homo.myMain - meter_4638132590154436299:report
BruceChen 10:01:15.752 [main] INFO  edu.bjut.homo.myMain - meter_4638132590154436299:9265500
BruceChen 10:01:15.752 [main] INFO  edu.bjut.homo.myMain - meter_2739366636414473:report
BruceChen 10:01:15.752 [main] INFO  edu.bjut.homo.myMain - meter_2739366636414473:9256700
BruceChen 10:01:15.752 [main] INFO  edu.bjut.homo.myMain - meter_8077062761991242017:report
BruceChen 10:01:15.752 [main] INFO  edu.bjut.homo.myMain - meter_8077062761991242017:9267600
BruceChen 10:01:15.752 [main] INFO  edu.bjut.homo.myMain - meter_1383742563570759817:report
BruceChen 10:01:15.752 [main] INFO  edu.bjut.homo.myMain - meter_1383742563570759817:9364700
BruceChen 10:01:15.752 [main] INFO  edu.bjut.homo.myMain - meter_5325921172812232453:report
BruceChen 10:01:15.752 [main] INFO  edu.bjut.homo.myMain - meter_5325921172812232453:9321200
BruceChen 10:01:15.752 [main] INFO  edu.bjut.homo.myMain - meter_613555671448501073:report
BruceChen 10:01:15.752 [main] INFO  edu.bjut.homo.myMain - meter_613555671448501073:9247200
BruceChen 10:01:15.752 [main] INFO  edu.bjut.homo.myMain - meter_8347629031291113737:report
BruceChen 10:01:15.752 [main] INFO  edu.bjut.homo.myMain - meter_8347629031291113737:9253800
BruceChen 10:01:15.752 [main] INFO  edu.bjut.homo.myMain - meter_8667625292179651465:report
BruceChen 10:01:15.752 [main] INFO  edu.bjut.homo.myMain - meter_8667625292179651465:9272200
BruceChen 10:01:15.752 [main] INFO  edu.bjut.homo.myMain - meter_3377410708646128167:report
BruceChen 10:01:15.752 [main] INFO  edu.bjut.homo.myMain - meter_3377410708646128167:9257000
BruceChen 10:01:15.752 [main] INFO  edu.bjut.homo.myMain - meter_5676875020908999755:report
BruceChen 10:01:15.752 [main] INFO  edu.bjut.homo.myMain - meter_5676875020908999755:9325200
BruceChen 10:01:15.752 [main] INFO  edu.bjut.homo.myMain - meter_1571415587679409073:report
BruceChen 10:01:15.752 [main] INFO  edu.bjut.homo.myMain - meter_1571415587679409073:9269200
BruceChen 10:01:15.752 [main] INFO  edu.bjut.homo.myMain - meter_935842814000004315:report
BruceChen 10:01:15.752 [main] INFO  edu.bjut.homo.myMain - meter_935842814000004315:9262400
BruceChen 10:01:15.752 [main] INFO  edu.bjut.homo.myMain - meter_8711710520288795315:report
BruceChen 10:01:15.752 [main] INFO  edu.bjut.homo.myMain - meter_8711710520288795315:9254100
BruceChen 10:01:15.752 [main] INFO  edu.bjut.homo.myMain - meter_3217759750149063279:report
BruceChen 10:01:15.752 [main] INFO  edu.bjut.homo.myMain - meter_3217759750149063279:9260600
BruceChen 10:01:15.752 [main] INFO  edu.bjut.homo.myMain - meter_4488905297507872727:report
BruceChen 10:01:15.752 [main] INFO  edu.bjut.homo.myMain - meter_4488905297507872727:9259000
BruceChen 10:01:15.752 [main] INFO  edu.bjut.homo.myMain - meter_8045181254601109337:report
BruceChen 10:01:15.752 [main] INFO  edu.bjut.homo.myMain - meter_8045181254601109337:9241000
BruceChen 10:01:15.752 [main] INFO  edu.bjut.homo.myMain - meter_2783632277117867693:report
BruceChen 10:01:15.752 [main] INFO  edu.bjut.homo.myMain - meter_2783632277117867693:9252300
BruceChen 10:01:15.752 [main] INFO  edu.bjut.homo.myMain - meter_4228760490773835453:report
BruceChen 10:01:15.752 [main] INFO  edu.bjut.homo.myMain - meter_4228760490773835453:9254200
BruceChen 10:01:15.752 [main] INFO  edu.bjut.homo.myMain - meter_257967061808317297:report
BruceChen 10:01:15.752 [main] INFO  edu.bjut.homo.myMain - meter_257967061808317297:11972300
BruceChen 10:01:15.752 [main] INFO  edu.bjut.homo.myMain - meter_4396956223022576747:report
BruceChen 10:01:15.752 [main] INFO  edu.bjut.homo.myMain - meter_4396956223022576747:9651900
BruceChen 10:01:15.752 [main] INFO  edu.bjut.homo.myMain - meter_5634570947179991507:report
BruceChen 10:01:15.752 [main] INFO  edu.bjut.homo.myMain - meter_5634570947179991507:9332700
BruceChen 10:01:15.752 [main] INFO  edu.bjut.homo.myMain - meter_8627613199608459957:report
BruceChen 10:01:15.752 [main] INFO  edu.bjut.homo.myMain - meter_8627613199608459957:9336100
BruceChen 10:01:15.752 [main] INFO  edu.bjut.homo.myMain - meter_4303803306091075755:report
BruceChen 10:01:15.752 [main] INFO  edu.bjut.homo.myMain - meter_4303803306091075755:9284400
BruceChen 10:01:15.752 [main] INFO  edu.bjut.homo.myMain - meter_958027146385654889:report
BruceChen 10:01:15.752 [main] INFO  edu.bjut.homo.myMain - meter_958027146385654889:9264500
BruceChen 10:01:15.752 [main] INFO  edu.bjut.homo.myMain - meter_3545606440911581553:report
BruceChen 10:01:15.752 [main] INFO  edu.bjut.homo.myMain - meter_3545606440911581553:9226100
BruceChen 10:01:15.752 [main] INFO  edu.bjut.homo.myMain - meter_1739611319944994457:report
BruceChen 10:01:15.752 [main] INFO  edu.bjut.homo.myMain - meter_1739611319944994457:9235100
BruceChen 10:01:15.752 [main] INFO  edu.bjut.homo.myMain - meter_2274460893552770445:report
BruceChen 10:01:15.752 [main] INFO  edu.bjut.homo.myMain - meter_2274460893552770445:9234600
BruceChen 10:01:15.752 [main] INFO  edu.bjut.homo.myMain - meter_7068914304598901893:report
BruceChen 10:01:15.752 [main] INFO  edu.bjut.homo.myMain - meter_7068914304598901893:9262500
BruceChen 10:01:15.752 [main] INFO  edu.bjut.homo.myMain - meter_9020641765321519001:report
BruceChen 10:01:15.752 [main] INFO  edu.bjut.homo.myMain - meter_9020641765321519001:9154600
BruceChen 10:01:15.752 [main] INFO  edu.bjut.homo.myMain - meter_4365718480507335851:report
BruceChen 10:01:15.752 [main] INFO  edu.bjut.homo.myMain - meter_4365718480507335851:9215900
BruceChen 10:01:15.752 [main] INFO  edu.bjut.homo.myMain - meter_7689874124232537785:report
BruceChen 10:01:15.752 [main] INFO  edu.bjut.homo.myMain - meter_7689874124232537785:9271600
BruceChen 10:01:15.752 [main] INFO  edu.bjut.homo.myMain - meter_7082966956586767699:report
BruceChen 10:01:15.752 [main] INFO  edu.bjut.homo.myMain - meter_7082966956586767699:9271900
BruceChen 10:01:15.752 [main] INFO  edu.bjut.homo.myMain - meter_6301100208555931769:report
BruceChen 10:01:15.752 [main] INFO  edu.bjut.homo.myMain - meter_6301100208555931769:9251300
BruceChen 10:01:15.752 [main] INFO  edu.bjut.homo.myMain - meter_8589086428771928101:report
BruceChen 10:01:15.752 [main] INFO  edu.bjut.homo.myMain - meter_8589086428771928101:9313100
BruceChen 10:01:15.752 [main] INFO  edu.bjut.homo.myMain - meter_9087190381628471783:report
BruceChen 10:01:15.752 [main] INFO  edu.bjut.homo.myMain - meter_9087190381628471783:9281300
BruceChen 10:01:15.752 [main] INFO  edu.bjut.homo.myMain - meter_6366511439652609785:report
BruceChen 10:01:15.752 [main] INFO  edu.bjut.homo.myMain - meter_6366511439652609785:9299600
BruceChen 10:01:15.752 [main] INFO  edu.bjut.homo.myMain - meter_6586000388957275501:report
BruceChen 10:01:15.752 [main] INFO  edu.bjut.homo.myMain - meter_6586000388957275501:9276700
BruceChen 10:01:15.752 [main] INFO  edu.bjut.homo.myMain - meter_5949008755090951111:report
BruceChen 10:01:15.752 [main] INFO  edu.bjut.homo.myMain - meter_5949008755090951111:9259700
BruceChen 10:01:15.752 [main] INFO  edu.bjut.homo.myMain - meter_2306342400942969825:report
BruceChen 10:01:15.752 [main] INFO  edu.bjut.homo.myMain - meter_2306342400942969825:9322700
BruceChen 10:01:17.495 [main] INFO  edu.bjut.homo.myMain - meterRegTime
BruceChen 10:01:17.713 [main] INFO  edu.bjut.homo.myMain - kgc:reg_response,reg_response,reg_response,reg_response,reg_response,reg_response,reg_response,reg_response,reg_response,reg_response,reg_response,reg_response,reg_response,reg_response,reg_response,reg_response,reg_response,reg_response,reg_response,reg_response,reg_response,reg_response,reg_response,reg_response,reg_response,reg_response,reg_response,reg_response,reg_response,reg_response
BruceChen 10:01:17.713 [main] INFO  edu.bjut.homo.myMain - kgc:6947500,6947600,6999300,6925400,6968100,6936500,6920800,6926500,6915000,7115800,7159400,7047100,6953000,7086100,7008500,7076600,7006900,7255000,7172000,7040400,6992000,7027600,6971000,7227800,7107300,7018300,7019700,6949200,6898300,6807700
BruceChen 10:01:17.713 [main] INFO  edu.bjut.homo.myMain - meter_7590074611300232607:reg,reg_response
BruceChen 10:01:17.713 [main] INFO  edu.bjut.homo.myMain - meter_7590074611300232607:44500,22300
BruceChen 10:01:17.713 [main] INFO  edu.bjut.homo.myMain - meter_8978565952505277885:reg,reg_response
BruceChen 10:01:17.713 [main] INFO  edu.bjut.homo.myMain - meter_8978565952505277885:6300,25600
BruceChen 10:01:17.713 [main] INFO  edu.bjut.homo.myMain - meter_6561525170613823395:reg,reg_response
BruceChen 10:01:17.713 [main] INFO  edu.bjut.homo.myMain - meter_6561525170613823395:5900,21200
BruceChen 10:01:17.713 [main] INFO  edu.bjut.homo.myMain - meter_4060335177942692703:reg,reg_response
BruceChen 10:01:17.713 [main] INFO  edu.bjut.homo.myMain - meter_4060335177942692703:6200,46300
BruceChen 10:01:17.713 [main] INFO  edu.bjut.homo.myMain - meter_8791454550090546135:reg,reg_response
BruceChen 10:01:17.713 [main] INFO  edu.bjut.homo.myMain - meter_8791454550090546135:7500,25500
BruceChen 10:01:17.713 [main] INFO  edu.bjut.homo.myMain - meter_719784334886671673:reg,reg_response
BruceChen 10:01:17.713 [main] INFO  edu.bjut.homo.myMain - meter_719784334886671673:7000,19700
BruceChen 10:01:17.713 [main] INFO  edu.bjut.homo.myMain - meter_1232503660936625893:reg,reg_response
BruceChen 10:01:17.713 [main] INFO  edu.bjut.homo.myMain - meter_1232503660936625893:5800,19500
BruceChen 10:01:17.713 [main] INFO  edu.bjut.homo.myMain - meter_3038498777608311707:reg,reg_response
BruceChen 10:01:17.713 [main] INFO  edu.bjut.homo.myMain - meter_3038498777608311707:5700,19200
BruceChen 10:01:17.713 [main] INFO  edu.bjut.homo.myMain - meter_3655102895805658705:reg,reg_response
BruceChen 10:01:17.713 [main] INFO  edu.bjut.homo.myMain - meter_3655102895805658705:5600,18900
BruceChen 10:01:17.713 [main] INFO  edu.bjut.homo.myMain - meter_6508384341941769237:reg,reg_response
BruceChen 10:01:17.713 [main] INFO  edu.bjut.homo.myMain - meter_6508384341941769237:5600,19400
BruceChen 10:01:17.713 [main] INFO  edu.bjut.homo.myMain - meter_2256633137662196429:reg,reg_response
BruceChen 10:01:17.713 [main] INFO  edu.bjut.homo.myMain - meter_2256633137662196429:5400,19200
BruceChen 10:01:17.713 [main] INFO  edu.bjut.homo.myMain - meter_5206282302591521455:reg,reg_response
BruceChen 10:01:17.713 [main] INFO  edu.bjut.homo.myMain - meter_5206282302591521455:5400,19100
BruceChen 10:01:17.713 [main] INFO  edu.bjut.homo.myMain - meter_1487036796334176039:reg,reg_response
BruceChen 10:01:17.713 [main] INFO  edu.bjut.homo.myMain - meter_1487036796334176039:5400,19200
BruceChen 10:01:17.713 [main] INFO  edu.bjut.homo.myMain - meter_318958324632542667:reg,reg_response
BruceChen 10:01:17.713 [main] INFO  edu.bjut.homo.myMain - meter_318958324632542667:5700,19400
BruceChen 10:01:17.713 [main] INFO  edu.bjut.homo.myMain - meter_8499148084937487275:reg,reg_response
BruceChen 10:01:17.713 [main] INFO  edu.bjut.homo.myMain - meter_8499148084937487275:5500,20800
BruceChen 10:01:17.713 [main] INFO  edu.bjut.homo.myMain - meter_6112422449343774609:reg,reg_response
BruceChen 10:01:17.713 [main] INFO  edu.bjut.homo.myMain - meter_6112422449343774609:5700,20600
BruceChen 10:01:17.713 [main] INFO  edu.bjut.homo.myMain - meter_6422868165369484491:reg,reg_response
BruceChen 10:01:17.713 [main] INFO  edu.bjut.homo.myMain - meter_6422868165369484491:5600,18800
BruceChen 10:01:17.713 [main] INFO  edu.bjut.homo.myMain - meter_9010447455600444141:reg,reg_response
BruceChen 10:01:17.713 [main] INFO  edu.bjut.homo.myMain - meter_9010447455600444141:5500,19100
BruceChen 10:01:17.713 [main] INFO  edu.bjut.homo.myMain - meter_5525946518056798073:reg,reg_response
BruceChen 10:01:17.713 [main] INFO  edu.bjut.homo.myMain - meter_5525946518056798073:5700,19100
BruceChen 10:01:17.713 [main] INFO  edu.bjut.homo.myMain - meter_472177713459258901:reg,reg_response
BruceChen 10:01:17.713 [main] INFO  edu.bjut.homo.myMain - meter_472177713459258901:5700,18900
BruceChen 10:01:17.713 [main] INFO  edu.bjut.homo.myMain - meter_7426565310553088717:reg,reg_response
BruceChen 10:01:17.713 [main] INFO  edu.bjut.homo.myMain - meter_7426565310553088717:5500,19100
BruceChen 10:01:17.713 [main] INFO  edu.bjut.homo.myMain - meter_1465778574547039431:reg,reg_response
BruceChen 10:01:17.713 [main] INFO  edu.bjut.homo.myMain - meter_1465778574547039431:5600,18800
BruceChen 10:01:17.713 [main] INFO  edu.bjut.homo.myMain - meter_6577226034623199183:reg,reg_response
BruceChen 10:01:17.713 [main] INFO  edu.bjut.homo.myMain - meter_6577226034623199183:5400,19600
BruceChen 10:01:17.713 [main] INFO  edu.bjut.homo.myMain - meter_1706030801338923045:reg,reg_response
BruceChen 10:01:17.713 [main] INFO  edu.bjut.homo.myMain - meter_1706030801338923045:5600,22300
BruceChen 10:01:17.713 [main] INFO  edu.bjut.homo.myMain - meter_7227413090591034875:reg,reg_response
BruceChen 10:01:17.713 [main] INFO  edu.bjut.homo.myMain - meter_7227413090591034875:5500,19000
BruceChen 10:01:17.713 [main] INFO  edu.bjut.homo.myMain - meter_8196108657958394489:reg,reg_response
BruceChen 10:01:17.713 [main] INFO  edu.bjut.homo.myMain - meter_8196108657958394489:5700,21600
BruceChen 10:01:17.713 [main] INFO  edu.bjut.homo.myMain - meter_3555800750632656705:reg,reg_response
BruceChen 10:01:17.713 [main] INFO  edu.bjut.homo.myMain - meter_3555800750632656705:5500,18700
BruceChen 10:01:17.713 [main] INFO  edu.bjut.homo.myMain - meter_8979489868392346435:reg,reg_response
BruceChen 10:01:17.713 [main] INFO  edu.bjut.homo.myMain - meter_8979489868392346435:8300,19200
BruceChen 10:01:17.713 [main] INFO  edu.bjut.homo.myMain - meter_2702157887835505237:reg,reg_response
BruceChen 10:01:17.713 [main] INFO  edu.bjut.homo.myMain - meter_2702157887835505237:5500,18700
BruceChen 10:01:17.713 [main] INFO  edu.bjut.homo.myMain - meter_4507871533825447619:reg,reg_response
BruceChen 10:01:17.713 [main] INFO  edu.bjut.homo.myMain - meter_4507871533825447619:5300,18500
BruceChen 10:01:17.713 [main] INFO  edu.bjut.homo.myMain - oneTimeMeterRepTime
BruceChen 10:01:18.151 [main] INFO  edu.bjut.homo.myMain - agg:resp_agg
BruceChen 10:01:18.151 [main] INFO  edu.bjut.homo.myMain - agg:146178600
BruceChen 10:01:18.151 [main] INFO  edu.bjut.homo.myMain - server:report_res
BruceChen 10:01:18.151 [main] INFO  edu.bjut.homo.myMain - server:13877000
BruceChen 10:01:18.151 [main] INFO  edu.bjut.homo.myMain - meter_7590074611300232607:report
BruceChen 10:01:18.151 [main] INFO  edu.bjut.homo.myMain - meter_7590074611300232607:10088500
BruceChen 10:01:18.151 [main] INFO  edu.bjut.homo.myMain - meter_8978565952505277885:report
BruceChen 10:01:18.151 [main] INFO  edu.bjut.homo.myMain - meter_8978565952505277885:9336300
BruceChen 10:01:18.151 [main] INFO  edu.bjut.homo.myMain - meter_6561525170613823395:report
BruceChen 10:01:18.151 [main] INFO  edu.bjut.homo.myMain - meter_6561525170613823395:10594300
BruceChen 10:01:18.151 [main] INFO  edu.bjut.homo.myMain - meter_4060335177942692703:report
BruceChen 10:01:18.151 [main] INFO  edu.bjut.homo.myMain - meter_4060335177942692703:9958900
BruceChen 10:01:18.151 [main] INFO  edu.bjut.homo.myMain - meter_8791454550090546135:report
BruceChen 10:01:18.151 [main] INFO  edu.bjut.homo.myMain - meter_8791454550090546135:9209400
BruceChen 10:01:18.151 [main] INFO  edu.bjut.homo.myMain - meter_719784334886671673:report
BruceChen 10:01:18.151 [main] INFO  edu.bjut.homo.myMain - meter_719784334886671673:9292800
BruceChen 10:01:18.151 [main] INFO  edu.bjut.homo.myMain - meter_1232503660936625893:report
BruceChen 10:01:18.151 [main] INFO  edu.bjut.homo.myMain - meter_1232503660936625893:9255500
BruceChen 10:01:18.151 [main] INFO  edu.bjut.homo.myMain - meter_3038498777608311707:report
BruceChen 10:01:18.151 [main] INFO  edu.bjut.homo.myMain - meter_3038498777608311707:9263000
BruceChen 10:01:18.151 [main] INFO  edu.bjut.homo.myMain - meter_3655102895805658705:report
BruceChen 10:01:18.151 [main] INFO  edu.bjut.homo.myMain - meter_3655102895805658705:9315600
BruceChen 10:01:18.151 [main] INFO  edu.bjut.homo.myMain - meter_6508384341941769237:report
BruceChen 10:01:18.151 [main] INFO  edu.bjut.homo.myMain - meter_6508384341941769237:9237300
BruceChen 10:01:18.151 [main] INFO  edu.bjut.homo.myMain - meter_2256633137662196429:report
BruceChen 10:01:18.151 [main] INFO  edu.bjut.homo.myMain - meter_2256633137662196429:9276000
BruceChen 10:01:18.151 [main] INFO  edu.bjut.homo.myMain - meter_5206282302591521455:report
BruceChen 10:01:18.151 [main] INFO  edu.bjut.homo.myMain - meter_5206282302591521455:9142200
BruceChen 10:01:18.151 [main] INFO  edu.bjut.homo.myMain - meter_1487036796334176039:report
BruceChen 10:01:18.151 [main] INFO  edu.bjut.homo.myMain - meter_1487036796334176039:9226900
BruceChen 10:01:18.151 [main] INFO  edu.bjut.homo.myMain - meter_318958324632542667:report
BruceChen 10:01:18.151 [main] INFO  edu.bjut.homo.myMain - meter_318958324632542667:9178700
BruceChen 10:01:18.151 [main] INFO  edu.bjut.homo.myMain - meter_8499148084937487275:report
BruceChen 10:01:18.151 [main] INFO  edu.bjut.homo.myMain - meter_8499148084937487275:9070000
BruceChen 10:01:18.151 [main] INFO  edu.bjut.homo.myMain - meter_6112422449343774609:report
BruceChen 10:01:18.151 [main] INFO  edu.bjut.homo.myMain - meter_6112422449343774609:9027000
BruceChen 10:01:18.151 [main] INFO  edu.bjut.homo.myMain - meter_6422868165369484491:report
BruceChen 10:01:18.151 [main] INFO  edu.bjut.homo.myMain - meter_6422868165369484491:8948000
BruceChen 10:01:18.151 [main] INFO  edu.bjut.homo.myMain - meter_9010447455600444141:report
BruceChen 10:01:18.151 [main] INFO  edu.bjut.homo.myMain - meter_9010447455600444141:9057100
BruceChen 10:01:18.151 [main] INFO  edu.bjut.homo.myMain - meter_5525946518056798073:report
BruceChen 10:01:18.151 [main] INFO  edu.bjut.homo.myMain - meter_5525946518056798073:8967900
BruceChen 10:01:18.151 [main] INFO  edu.bjut.homo.myMain - meter_472177713459258901:report
BruceChen 10:01:18.151 [main] INFO  edu.bjut.homo.myMain - meter_472177713459258901:8998400
BruceChen 10:01:18.151 [main] INFO  edu.bjut.homo.myMain - meter_7426565310553088717:report
BruceChen 10:01:18.151 [main] INFO  edu.bjut.homo.myMain - meter_7426565310553088717:9079400
BruceChen 10:01:18.151 [main] INFO  edu.bjut.homo.myMain - meter_1465778574547039431:report
BruceChen 10:01:18.151 [main] INFO  edu.bjut.homo.myMain - meter_1465778574547039431:8968500
BruceChen 10:01:18.151 [main] INFO  edu.bjut.homo.myMain - meter_6577226034623199183:report
BruceChen 10:01:18.151 [main] INFO  edu.bjut.homo.myMain - meter_6577226034623199183:8968700
BruceChen 10:01:18.151 [main] INFO  edu.bjut.homo.myMain - meter_1706030801338923045:report
BruceChen 10:01:18.151 [main] INFO  edu.bjut.homo.myMain - meter_1706030801338923045:8967100
BruceChen 10:01:18.151 [main] INFO  edu.bjut.homo.myMain - meter_7227413090591034875:report
BruceChen 10:01:18.151 [main] INFO  edu.bjut.homo.myMain - meter_7227413090591034875:8975900
BruceChen 10:01:18.151 [main] INFO  edu.bjut.homo.myMain - meter_8196108657958394489:report
BruceChen 10:01:18.151 [main] INFO  edu.bjut.homo.myMain - meter_8196108657958394489:8966600
BruceChen 10:01:18.151 [main] INFO  edu.bjut.homo.myMain - meter_3555800750632656705:report
BruceChen 10:01:18.151 [main] INFO  edu.bjut.homo.myMain - meter_3555800750632656705:9041100
BruceChen 10:01:18.151 [main] INFO  edu.bjut.homo.myMain - meter_8979489868392346435:report
BruceChen 10:01:18.151 [main] INFO  edu.bjut.homo.myMain - meter_8979489868392346435:8998600
BruceChen 10:01:18.151 [main] INFO  edu.bjut.homo.myMain - meter_2702157887835505237:report
BruceChen 10:01:18.151 [main] INFO  edu.bjut.homo.myMain - meter_2702157887835505237:9115500
BruceChen 10:01:18.151 [main] INFO  edu.bjut.homo.myMain - meter_4507871533825447619:report
BruceChen 10:01:18.151 [main] INFO  edu.bjut.homo.myMain - meter_4507871533825447619:9036300
BruceChen 10:01:19.794 [main] INFO  edu.bjut.homo.myMain - meterRegTime
BruceChen 10:01:19.934 [main] INFO  edu.bjut.homo.myMain - kgc:reg_response,reg_response,reg_response,reg_response,reg_response,reg_response,reg_response,reg_response,reg_response,reg_response,reg_response,reg_response,reg_response,reg_response,reg_response,reg_response,reg_response,reg_response,reg_response,reg_response
BruceChen 10:01:19.934 [main] INFO  edu.bjut.homo.myMain - kgc:7051200,7192600,7148100,7015000,7079500,7001600,6969500,7086600,6946500,7145000,6985000,6980500,7173600,7017100,7033700,6987600,7069100,7171600,6981500,6925000
BruceChen 10:01:19.934 [main] INFO  edu.bjut.homo.myMain - meter_2075951110206173263:reg,reg_response
BruceChen 10:01:19.934 [main] INFO  edu.bjut.homo.myMain - meter_2075951110206173263:31300,23200
BruceChen 10:01:19.934 [main] INFO  edu.bjut.homo.myMain - meter_1480606321880551627:reg,reg_response
BruceChen 10:01:19.934 [main] INFO  edu.bjut.homo.myMain - meter_1480606321880551627:6400,20100
BruceChen 10:01:19.934 [main] INFO  edu.bjut.homo.myMain - meter_8375370725732582579:reg,reg_response
BruceChen 10:01:19.934 [main] INFO  edu.bjut.homo.myMain - meter_8375370725732582579:5600,21800
BruceChen 10:01:19.934 [main] INFO  edu.bjut.homo.myMain - meter_8337435825343145971:reg,reg_response
BruceChen 10:01:19.934 [main] INFO  edu.bjut.homo.myMain - meter_8337435825343145971:6100,19800
BruceChen 10:01:19.934 [main] INFO  edu.bjut.homo.myMain - meter_1898109006442212829:reg,reg_response
BruceChen 10:01:19.934 [main] INFO  edu.bjut.homo.myMain - meter_1898109006442212829:5800,22600
BruceChen 10:01:19.934 [main] INFO  edu.bjut.homo.myMain - meter_5789949667057756399:reg,reg_response
BruceChen 10:01:19.934 [main] INFO  edu.bjut.homo.myMain - meter_5789949667057756399:6300,20800
BruceChen 10:01:19.934 [main] INFO  edu.bjut.homo.myMain - meter_5327438058657957987:reg,reg_response
BruceChen 10:01:19.934 [main] INFO  edu.bjut.homo.myMain - meter_5327438058657957987:5800,31200
BruceChen 10:01:19.934 [main] INFO  edu.bjut.homo.myMain - meter_2118618797781121483:reg,reg_response
BruceChen 10:01:19.934 [main] INFO  edu.bjut.homo.myMain - meter_2118618797781121483:6400,34600
BruceChen 10:01:19.934 [main] INFO  edu.bjut.homo.myMain - meter_8363942100342508159:reg,reg_response
BruceChen 10:01:19.934 [main] INFO  edu.bjut.homo.myMain - meter_8363942100342508159:6000,20600
BruceChen 10:01:19.934 [main] INFO  edu.bjut.homo.myMain - meter_5342235337063574113:reg,reg_response
BruceChen 10:01:19.934 [main] INFO  edu.bjut.homo.myMain - meter_5342235337063574113:5500,35300
BruceChen 10:01:19.934 [main] INFO  edu.bjut.homo.myMain - meter_8349609297308912481:reg,reg_response
BruceChen 10:01:19.950 [main] INFO  edu.bjut.homo.myMain - meter_8349609297308912481:6300,35000
BruceChen 10:01:19.950 [main] INFO  edu.bjut.homo.myMain - meter_919995319849037983:reg,reg_response
BruceChen 10:01:19.950 [main] INFO  edu.bjut.homo.myMain - meter_919995319849037983:5900,18000
BruceChen 10:01:19.950 [main] INFO  edu.bjut.homo.myMain - meter_5193930860809164017:reg,reg_response
BruceChen 10:01:19.950 [main] INFO  edu.bjut.homo.myMain - meter_5193930860809164017:5500,17600
BruceChen 10:01:19.950 [main] INFO  edu.bjut.homo.myMain - meter_3445660530863687077:reg,reg_response
BruceChen 10:01:19.950 [main] INFO  edu.bjut.homo.myMain - meter_3445660530863687077:5400,17800
BruceChen 10:01:19.950 [main] INFO  edu.bjut.homo.myMain - meter_7758580967800722497:reg,reg_response
BruceChen 10:01:19.950 [main] INFO  edu.bjut.homo.myMain - meter_7758580967800722497:5300,18600
BruceChen 10:01:19.950 [main] INFO  edu.bjut.homo.myMain - meter_4776427076752653777:reg,reg_response
BruceChen 10:01:19.950 [main] INFO  edu.bjut.homo.myMain - meter_4776427076752653777:6000,18700
BruceChen 10:01:19.950 [main] INFO  edu.bjut.homo.myMain - meter_5860460126480070887:reg,reg_response
BruceChen 10:01:19.950 [main] INFO  edu.bjut.homo.myMain - meter_5860460126480070887:5900,18000
BruceChen 10:01:19.950 [main] INFO  edu.bjut.homo.myMain - meter_7092051702113103609:reg,reg_response
BruceChen 10:01:19.950 [main] INFO  edu.bjut.homo.myMain - meter_7092051702113103609:5600,17500
BruceChen 10:01:19.950 [main] INFO  edu.bjut.homo.myMain - meter_4971849453312675801:reg,reg_response
BruceChen 10:01:19.950 [main] INFO  edu.bjut.homo.myMain - meter_4971849453312675801:5600,17300
BruceChen 10:01:19.950 [main] INFO  edu.bjut.homo.myMain - meter_3815758813842362341:reg,reg_response
BruceChen 10:01:19.950 [main] INFO  edu.bjut.homo.myMain - meter_3815758813842362341:5700,17900
BruceChen 10:01:19.950 [main] INFO  edu.bjut.homo.myMain - oneTimeMeterRepTime
BruceChen 10:01:20.241 [main] INFO  edu.bjut.homo.myMain - agg:resp_agg
BruceChen 10:01:20.241 [main] INFO  edu.bjut.homo.myMain - agg:100107800
BruceChen 10:01:20.241 [main] INFO  edu.bjut.homo.myMain - server:report_res
BruceChen 10:01:20.241 [main] INFO  edu.bjut.homo.myMain - server:13714800
BruceChen 10:01:20.241 [main] INFO  edu.bjut.homo.myMain - meter_2075951110206173263:report
BruceChen 10:01:20.241 [main] INFO  edu.bjut.homo.myMain - meter_2075951110206173263:10234800
BruceChen 10:01:20.241 [main] INFO  edu.bjut.homo.myMain - meter_1480606321880551627:report
BruceChen 10:01:20.241 [main] INFO  edu.bjut.homo.myMain - meter_1480606321880551627:9409000
BruceChen 10:01:20.241 [main] INFO  edu.bjut.homo.myMain - meter_8375370725732582579:report
BruceChen 10:01:20.241 [main] INFO  edu.bjut.homo.myMain - meter_8375370725732582579:9609500
BruceChen 10:01:20.241 [main] INFO  edu.bjut.homo.myMain - meter_8337435825343145971:report
BruceChen 10:01:20.241 [main] INFO  edu.bjut.homo.myMain - meter_8337435825343145971:9632000
BruceChen 10:01:20.241 [main] INFO  edu.bjut.homo.myMain - meter_1898109006442212829:report
BruceChen 10:01:20.241 [main] INFO  edu.bjut.homo.myMain - meter_1898109006442212829:9350500
BruceChen 10:01:20.241 [main] INFO  edu.bjut.homo.myMain - meter_5789949667057756399:report
BruceChen 10:01:20.241 [main] INFO  edu.bjut.homo.myMain - meter_5789949667057756399:9357300
BruceChen 10:01:20.241 [main] INFO  edu.bjut.homo.myMain - meter_5327438058657957987:report
BruceChen 10:01:20.241 [main] INFO  edu.bjut.homo.myMain - meter_5327438058657957987:9254900
BruceChen 10:01:20.241 [main] INFO  edu.bjut.homo.myMain - meter_2118618797781121483:report
BruceChen 10:01:20.241 [main] INFO  edu.bjut.homo.myMain - meter_2118618797781121483:9293700
BruceChen 10:01:20.241 [main] INFO  edu.bjut.homo.myMain - meter_8363942100342508159:report
BruceChen 10:01:20.241 [main] INFO  edu.bjut.homo.myMain - meter_8363942100342508159:9261600
BruceChen 10:01:20.241 [main] INFO  edu.bjut.homo.myMain - meter_5342235337063574113:report
BruceChen 10:01:20.241 [main] INFO  edu.bjut.homo.myMain - meter_5342235337063574113:9341800
BruceChen 10:01:20.241 [main] INFO  edu.bjut.homo.myMain - meter_8349609297308912481:report
BruceChen 10:01:20.241 [main] INFO  edu.bjut.homo.myMain - meter_8349609297308912481:9229700
BruceChen 10:01:20.241 [main] INFO  edu.bjut.homo.myMain - meter_919995319849037983:report
BruceChen 10:01:20.241 [main] INFO  edu.bjut.homo.myMain - meter_919995319849037983:9211500
BruceChen 10:01:20.241 [main] INFO  edu.bjut.homo.myMain - meter_5193930860809164017:report
BruceChen 10:01:20.241 [main] INFO  edu.bjut.homo.myMain - meter_5193930860809164017:9186300
BruceChen 10:01:20.241 [main] INFO  edu.bjut.homo.myMain - meter_3445660530863687077:report
BruceChen 10:01:20.241 [main] INFO  edu.bjut.homo.myMain - meter_3445660530863687077:9290200
BruceChen 10:01:20.241 [main] INFO  edu.bjut.homo.myMain - meter_7758580967800722497:report
BruceChen 10:01:20.241 [main] INFO  edu.bjut.homo.myMain - meter_7758580967800722497:9241600
BruceChen 10:01:20.241 [main] INFO  edu.bjut.homo.myMain - meter_4776427076752653777:report
BruceChen 10:01:20.241 [main] INFO  edu.bjut.homo.myMain - meter_4776427076752653777:9269800
BruceChen 10:01:20.241 [main] INFO  edu.bjut.homo.myMain - meter_5860460126480070887:report
BruceChen 10:01:20.241 [main] INFO  edu.bjut.homo.myMain - meter_5860460126480070887:9522800
BruceChen 10:01:20.241 [main] INFO  edu.bjut.homo.myMain - meter_7092051702113103609:report
BruceChen 10:01:20.241 [main] INFO  edu.bjut.homo.myMain - meter_7092051702113103609:9259800
BruceChen 10:01:20.241 [main] INFO  edu.bjut.homo.myMain - meter_4971849453312675801:report
BruceChen 10:01:20.241 [main] INFO  edu.bjut.homo.myMain - meter_4971849453312675801:9324100
BruceChen 10:01:20.241 [main] INFO  edu.bjut.homo.myMain - meter_3815758813842362341:report
BruceChen 10:01:20.241 [main] INFO  edu.bjut.homo.myMain - meter_3815758813842362341:9230800
