BruceChen 11:16:42.414 [main] INFO  edu.bjut.homo.myMain - meterRegTime
BruceChen 11:16:42.883 [main] INFO  edu.bjut.homo.myMain - kgc:reg_response,reg_response,reg_response,reg_response,reg_response,reg_response,reg_response,reg_response,reg_response,reg_response,reg_response,reg_response,reg_response,reg_response,reg_response,reg_response,reg_response,reg_response,reg_response,reg_response,reg_response,reg_response,reg_response,reg_response,reg_response,reg_response,reg_response,reg_response,reg_response,reg_response,reg_response,reg_response,reg_response,reg_response,reg_response,reg_response,reg_response,reg_response,reg_response,reg_response,reg_response,reg_response,reg_response,reg_response,reg_response,reg_response,reg_response,reg_response,reg_response,reg_response,reg_response,reg_response,reg_response,reg_response,reg_response,reg_response,reg_response,reg_response,reg_response,reg_response
BruceChen 11:16:42.900 [main] INFO  edu.bjut.homo.myMain - kgc:7562900,7592400,8424800,7699000,7529900,9976700,7615800,7430800,7501300,7414000,7397500,7723900,7357800,7373200,7414300,7593200,7592900,7404900,7416300,7324200,7459600,7319600,7309400,12545700,7477200,7372800,7851700,7275800,7310100,7505800,7342100,7263300,7297200,7441500,8045600,7283000,7342600,7247100,7277100,7253100,7346900,7331200,7360000,7276900,7519600,7251400,7343600,7321200,7618400,7603200,7471900,7225300,7333800,7398600,7294500,7479400,7329700,7260900,7223800,7489400
BruceChen 11:16:42.900 [main] INFO  edu.bjut.homo.myMain - meter_7555200937203593597:reg,reg_response
BruceChen 11:16:42.900 [main] INFO  edu.bjut.homo.myMain - meter_7555200937203593597:253800,298300
BruceChen 11:16:42.900 [main] INFO  edu.bjut.homo.myMain - meter_5749205816236874745:reg,reg_response
BruceChen 11:16:42.900 [main] INFO  edu.bjut.homo.myMain - meter_5749205816236874745:1630400,145400
BruceChen 11:16:42.900 [main] INFO  edu.bjut.homo.myMain - meter_5483700188949476383:reg,reg_response
BruceChen 11:16:42.900 [main] INFO  edu.bjut.homo.myMain - meter_5483700188949476383:37600,191900
BruceChen 11:16:42.900 [main] INFO  edu.bjut.homo.myMain - meter_4929737541516011619:reg,reg_response
BruceChen 11:16:42.900 [main] INFO  edu.bjut.homo.myMain - meter_4929737541516011619:39400,146200
BruceChen 11:16:42.900 [main] INFO  edu.bjut.homo.myMain - meter_6867412354545731685:reg,reg_response
BruceChen 11:16:42.900 [main] INFO  edu.bjut.homo.myMain - meter_6867412354545731685:40400,135400
BruceChen 11:16:42.900 [main] INFO  edu.bjut.homo.myMain - meter_794885990042193521:reg,reg_response
BruceChen 11:16:42.900 [main] INFO  edu.bjut.homo.myMain - meter_794885990042193521:35000,171700
BruceChen 11:16:42.900 [main] INFO  edu.bjut.homo.myMain - meter_7488370850214831575:reg,reg_response
BruceChen 11:16:42.900 [main] INFO  edu.bjut.homo.myMain - meter_7488370850214831575:44900,113700
BruceChen 11:16:42.900 [main] INFO  edu.bjut.homo.myMain - meter_2066030437889376503:reg,reg_response
BruceChen 11:16:42.900 [main] INFO  edu.bjut.homo.myMain - meter_2066030437889376503:28500,105900
BruceChen 11:16:42.900 [main] INFO  edu.bjut.homo.myMain - meter_1430457664209972481:reg,reg_response
BruceChen 11:16:42.900 [main] INFO  edu.bjut.homo.myMain - meter_1430457664209972481:26700,113600
BruceChen 11:16:42.900 [main] INFO  edu.bjut.homo.myMain - meter_2152701210425982121:reg,reg_response
BruceChen 11:16:42.900 [main] INFO  edu.bjut.homo.myMain - meter_2152701210425982121:26500,107400
BruceChen 11:16:42.900 [main] INFO  edu.bjut.homo.myMain - meter_4065900805112184061:reg,reg_response
BruceChen 11:16:42.900 [main] INFO  edu.bjut.homo.myMain - meter_4065900805112184061:27600,97100
BruceChen 11:16:42.900 [main] INFO  edu.bjut.homo.myMain - meter_5264988758433066003:reg,reg_response
BruceChen 11:16:42.900 [main] INFO  edu.bjut.homo.myMain - meter_5264988758433066003:25800,96800
BruceChen 11:16:42.900 [main] INFO  edu.bjut.homo.myMain - meter_1428612914980969389:reg,reg_response
BruceChen 11:16:42.900 [main] INFO  edu.bjut.homo.myMain - meter_1428612914980969389:33400,102400
BruceChen 11:16:42.900 [main] INFO  edu.bjut.homo.myMain - meter_6233685429590178345:reg,reg_response
BruceChen 11:16:42.900 [main] INFO  edu.bjut.homo.myMain - meter_6233685429590178345:26300,107700
BruceChen 11:16:42.900 [main] INFO  edu.bjut.homo.myMain - meter_1593376418474688291:reg,reg_response
BruceChen 11:16:42.900 [main] INFO  edu.bjut.homo.myMain - meter_1593376418474688291:26500,102200
BruceChen 11:16:42.900 [main] INFO  edu.bjut.homo.myMain - meter_3366287728010622601:reg,reg_response
BruceChen 11:16:42.900 [main] INFO  edu.bjut.homo.myMain - meter_3366287728010622601:27000,93300
BruceChen 11:16:42.900 [main] INFO  edu.bjut.homo.myMain - meter_2545448301162329695:reg,reg_response
BruceChen 11:16:42.900 [main] INFO  edu.bjut.homo.myMain - meter_2545448301162329695:26000,95500
BruceChen 11:16:42.900 [main] INFO  edu.bjut.homo.myMain - meter_2082655226375689703:reg,reg_response
BruceChen 11:16:42.900 [main] INFO  edu.bjut.homo.myMain - meter_2082655226375689703:28100,93400
BruceChen 11:16:42.900 [main] INFO  edu.bjut.homo.myMain - meter_1126445509477922123:reg,reg_response
BruceChen 11:16:42.900 [main] INFO  edu.bjut.homo.myMain - meter_1126445509477922123:26300,93400
BruceChen 11:16:42.900 [main] INFO  edu.bjut.homo.myMain - meter_4864109758567835847:reg,reg_response
BruceChen 11:16:42.900 [main] INFO  edu.bjut.homo.myMain - meter_4864109758567835847:26300,95200
BruceChen 11:16:42.900 [main] INFO  edu.bjut.homo.myMain - meter_8420385719956039415:reg,reg_response
BruceChen 11:16:42.900 [main] INFO  edu.bjut.homo.myMain - meter_8420385719956039415:30500,89800
BruceChen 11:16:42.900 [main] INFO  edu.bjut.homo.myMain - meter_2047560904469029391:reg,reg_response
BruceChen 11:16:42.900 [main] INFO  edu.bjut.homo.myMain - meter_2047560904469029391:26700,92900
BruceChen 11:16:42.900 [main] INFO  edu.bjut.homo.myMain - meter_1508996527617695295:reg,reg_response
BruceChen 11:16:42.900 [main] INFO  edu.bjut.homo.myMain - meter_1508996527617695295:26400,98100
BruceChen 11:16:42.900 [main] INFO  edu.bjut.homo.myMain - meter_6037964334610236829:reg,reg_response
BruceChen 11:16:42.900 [main] INFO  edu.bjut.homo.myMain - meter_6037964334610236829:26900,118800
BruceChen 11:16:42.900 [main] INFO  edu.bjut.homo.myMain - meter_4232250688620229891:reg,reg_response
BruceChen 11:16:42.900 [main] INFO  edu.bjut.homo.myMain - meter_4232250688620229891:27200,100000
BruceChen 11:16:42.900 [main] INFO  edu.bjut.homo.myMain - meter_5468724945022301093:reg,reg_response
BruceChen 11:16:42.900 [main] INFO  edu.bjut.homo.myMain - meter_5468724945022301093:48500,90500
BruceChen 11:16:42.900 [main] INFO  edu.bjut.homo.myMain - meter_3436052241362328535:reg,reg_response
BruceChen 11:16:42.900 [main] INFO  edu.bjut.homo.myMain - meter_3436052241362328535:26500,93500
BruceChen 11:16:42.900 [main] INFO  edu.bjut.homo.myMain - meter_1985645725757735317:reg,reg_response
BruceChen 11:16:42.900 [main] INFO  edu.bjut.homo.myMain - meter_1985645725757735317:51200,105600
BruceChen 11:16:42.900 [main] INFO  edu.bjut.homo.myMain - meter_179650609086049307:reg,reg_response
BruceChen 11:16:42.900 [main] INFO  edu.bjut.homo.myMain - meter_179650609086049307:26400,139100
BruceChen 11:16:42.900 [main] INFO  edu.bjut.homo.myMain - meter_789326437552988571:reg,reg_response
BruceChen 11:16:42.900 [main] INFO  edu.bjut.homo.myMain - meter_789326437552988571:31000,114900
BruceChen 11:16:42.900 [main] INFO  edu.bjut.homo.myMain - meter_2117325417820735597:reg,reg_response
BruceChen 11:16:42.900 [main] INFO  edu.bjut.homo.myMain - meter_2117325417820735597:26700,80600
BruceChen 11:16:42.900 [main] INFO  edu.bjut.homo.myMain - meter_4704905807546675629:reg,reg_response
BruceChen 11:16:42.900 [main] INFO  edu.bjut.homo.myMain - meter_4704905807546675629:25400,82000
BruceChen 11:16:42.900 [main] INFO  edu.bjut.homo.myMain - meter_6570523026538402225:reg,reg_response
BruceChen 11:16:42.900 [main] INFO  edu.bjut.homo.myMain - meter_6570523026538402225:25300,118200
BruceChen 11:16:42.900 [main] INFO  edu.bjut.homo.myMain - meter_1239946044668762463:reg,reg_response
BruceChen 11:16:42.900 [main] INFO  edu.bjut.homo.myMain - meter_1239946044668762463:30900,82300
BruceChen 11:16:42.900 [main] INFO  edu.bjut.homo.myMain - meter_4796503476755486189:reg,reg_response
BruceChen 11:16:42.900 [main] INFO  edu.bjut.homo.myMain - meter_4796503476755486189:25500,91200
BruceChen 11:16:42.900 [main] INFO  edu.bjut.homo.myMain - meter_3647379037080034295:reg,reg_response
BruceChen 11:16:42.900 [main] INFO  edu.bjut.homo.myMain - meter_3647379037080034295:30200,95400
BruceChen 11:16:42.900 [main] INFO  edu.bjut.homo.myMain - meter_4014919307491113987:reg,reg_response
BruceChen 11:16:42.900 [main] INFO  edu.bjut.homo.myMain - meter_4014919307491113987:28000,77700
BruceChen 11:16:42.900 [main] INFO  edu.bjut.homo.myMain - meter_1108266348310794697:reg,reg_response
BruceChen 11:16:42.900 [main] INFO  edu.bjut.homo.myMain - meter_1108266348310794697:24400,84300
BruceChen 11:16:42.900 [main] INFO  edu.bjut.homo.myMain - meter_5585053850109686485:reg,reg_response
BruceChen 11:16:42.900 [main] INFO  edu.bjut.homo.myMain - meter_5585053850109686485:25400,84100
BruceChen 11:16:42.900 [main] INFO  edu.bjut.homo.myMain - meter_757632341362673791:reg,reg_response
BruceChen 11:16:42.900 [main] INFO  edu.bjut.homo.myMain - meter_757632341362673791:25400,82000
BruceChen 11:16:42.900 [main] INFO  edu.bjut.homo.myMain - meter_3345211631593763653:reg,reg_response
BruceChen 11:16:42.900 [main] INFO  edu.bjut.homo.myMain - meter_3345211631593763653:23100,94700
BruceChen 11:16:42.900 [main] INFO  edu.bjut.homo.myMain - meter_4105981728471458467:reg,reg_response
BruceChen 11:16:42.900 [main] INFO  edu.bjut.homo.myMain - meter_4105981728471458467:24800,77500
BruceChen 11:16:42.900 [main] INFO  edu.bjut.homo.myMain - meter_8372066835279477619:reg,reg_response
BruceChen 11:16:42.900 [main] INFO  edu.bjut.homo.myMain - meter_8372066835279477619:27100,77600
BruceChen 11:16:42.900 [main] INFO  edu.bjut.homo.myMain - meter_1170181527022023433:reg,reg_response
BruceChen 11:16:42.900 [main] INFO  edu.bjut.homo.myMain - meter_1170181527022023433:22200,79900
BruceChen 11:16:42.900 [main] INFO  edu.bjut.homo.myMain - meter_6619123381896707539:reg,reg_response
BruceChen 11:16:42.900 [main] INFO  edu.bjut.homo.myMain - meter_6619123381896707539:21900,85400
BruceChen 11:16:42.900 [main] INFO  edu.bjut.homo.myMain - meter_6204001835302845665:reg,reg_response
BruceChen 11:16:42.900 [main] INFO  edu.bjut.homo.myMain - meter_6204001835302845665:22200,83400
BruceChen 11:16:42.900 [main] INFO  edu.bjut.homo.myMain - meter_4031544091665682177:reg,reg_response
BruceChen 11:16:42.900 [main] INFO  edu.bjut.homo.myMain - meter_4031544091665682177:21800,74100
BruceChen 11:16:42.900 [main] INFO  edu.bjut.homo.myMain - meter_7515762459049512021:reg,reg_response
BruceChen 11:16:42.900 [main] INFO  edu.bjut.homo.myMain - meter_7515762459049512021:22300,72500
BruceChen 11:16:42.900 [main] INFO  edu.bjut.homo.myMain - meter_1587684215878586023:reg,reg_response
BruceChen 11:16:42.900 [main] INFO  edu.bjut.homo.myMain - meter_1587684215878586023:21500,73900
BruceChen 11:16:42.900 [main] INFO  edu.bjut.homo.myMain - meter_2388186250003681211:reg,reg_response
BruceChen 11:16:42.900 [main] INFO  edu.bjut.homo.myMain - meter_2388186250003681211:22100,74100
BruceChen 11:16:42.900 [main] INFO  edu.bjut.homo.myMain - meter_6031132983911713125:reg,reg_response
BruceChen 11:16:42.900 [main] INFO  edu.bjut.homo.myMain - meter_6031132983911713125:21900,71800
BruceChen 11:16:42.900 [main] INFO  edu.bjut.homo.myMain - meter_2252405327027055377:reg,reg_response
BruceChen 11:16:42.900 [main] INFO  edu.bjut.homo.myMain - meter_2252405327027055377:21300,90300
BruceChen 11:16:42.900 [main] INFO  edu.bjut.homo.myMain - meter_1071750308125053741:reg,reg_response
BruceChen 11:16:42.900 [main] INFO  edu.bjut.homo.myMain - meter_1071750308125053741:23900,71000
BruceChen 11:16:42.900 [main] INFO  edu.bjut.homo.myMain - meter_7139730408775852573:reg,reg_response
BruceChen 11:16:42.900 [main] INFO  edu.bjut.homo.myMain - meter_7139730408775852573:21700,71400
BruceChen 11:16:42.900 [main] INFO  edu.bjut.homo.myMain - meter_3655510946208916751:reg,reg_response
BruceChen 11:16:42.900 [main] INFO  edu.bjut.homo.myMain - meter_3655510946208916751:21700,81700
BruceChen 11:16:42.900 [main] INFO  edu.bjut.homo.myMain - meter_2270838261445939611:reg,reg_response
BruceChen 11:16:42.900 [main] INFO  edu.bjut.homo.myMain - meter_2270838261445939611:21500,71300
BruceChen 11:16:42.900 [main] INFO  edu.bjut.homo.myMain - meter_1787600646547811867:reg,reg_response
BruceChen 11:16:42.900 [main] INFO  edu.bjut.homo.myMain - meter_1787600646547811867:22000,75600
BruceChen 11:16:42.900 [main] INFO  edu.bjut.homo.myMain - meter_2943409815336381603:reg,reg_response
BruceChen 11:16:42.900 [main] INFO  edu.bjut.homo.myMain - meter_2943409815336381603:21500,78400
BruceChen 11:16:42.900 [main] INFO  edu.bjut.homo.myMain - meter_3725275455282498683:reg,reg_response
BruceChen 11:16:42.900 [main] INFO  edu.bjut.homo.myMain - meter_3725275455282498683:22300,71700
BruceChen 11:16:42.900 [main] INFO  edu.bjut.homo.myMain - meter_168718027507452819:reg,reg_response
BruceChen 11:16:42.900 [main] INFO  edu.bjut.homo.myMain - meter_168718027507452819:28500,77700
BruceChen 11:16:42.900 [main] INFO  edu.bjut.homo.myMain - oneTimeMeterRepTime
BruceChen 11:16:43.823 [main] INFO  edu.bjut.homo.myMain - agg:resp_agg
BruceChen 11:16:43.823 [main] INFO  edu.bjut.homo.myMain - agg:305925400
BruceChen 11:16:43.823 [main] INFO  edu.bjut.homo.myMain - server:report_res
BruceChen 11:16:43.823 [main] INFO  edu.bjut.homo.myMain - server:14263400
BruceChen 11:16:43.823 [main] INFO  edu.bjut.homo.myMain - meter_7555200937203593597:report
BruceChen 11:16:43.823 [main] INFO  edu.bjut.homo.myMain - meter_7555200937203593597:23140600
BruceChen 11:16:43.823 [main] INFO  edu.bjut.homo.myMain - meter_5749205816236874745:report
BruceChen 11:16:43.823 [main] INFO  edu.bjut.homo.myMain - meter_5749205816236874745:10733200
BruceChen 11:16:43.823 [main] INFO  edu.bjut.homo.myMain - meter_5483700188949476383:report
BruceChen 11:16:43.823 [main] INFO  edu.bjut.homo.myMain - meter_5483700188949476383:10732500
BruceChen 11:16:43.823 [main] INFO  edu.bjut.homo.myMain - meter_4929737541516011619:report
BruceChen 11:16:43.823 [main] INFO  edu.bjut.homo.myMain - meter_4929737541516011619:10518400
BruceChen 11:16:43.823 [main] INFO  edu.bjut.homo.myMain - meter_6867412354545731685:report
BruceChen 11:16:43.823 [main] INFO  edu.bjut.homo.myMain - meter_6867412354545731685:10179100
BruceChen 11:16:43.823 [main] INFO  edu.bjut.homo.myMain - meter_794885990042193521:report
BruceChen 11:16:43.823 [main] INFO  edu.bjut.homo.myMain - meter_794885990042193521:10280800
BruceChen 11:16:43.823 [main] INFO  edu.bjut.homo.myMain - meter_7488370850214831575:report
BruceChen 11:16:43.823 [main] INFO  edu.bjut.homo.myMain - meter_7488370850214831575:9669000
BruceChen 11:16:43.823 [main] INFO  edu.bjut.homo.myMain - meter_2066030437889376503:report
BruceChen 11:16:43.823 [main] INFO  edu.bjut.homo.myMain - meter_2066030437889376503:9575500
BruceChen 11:16:43.823 [main] INFO  edu.bjut.homo.myMain - meter_1430457664209972481:report
BruceChen 11:16:43.823 [main] INFO  edu.bjut.homo.myMain - meter_1430457664209972481:9606100
BruceChen 11:16:43.823 [main] INFO  edu.bjut.homo.myMain - meter_2152701210425982121:report
BruceChen 11:16:43.823 [main] INFO  edu.bjut.homo.myMain - meter_2152701210425982121:9608300
BruceChen 11:16:43.823 [main] INFO  edu.bjut.homo.myMain - meter_4065900805112184061:report
BruceChen 11:16:43.823 [main] INFO  edu.bjut.homo.myMain - meter_4065900805112184061:9511500
BruceChen 11:16:43.823 [main] INFO  edu.bjut.homo.myMain - meter_5264988758433066003:report
BruceChen 11:16:43.823 [main] INFO  edu.bjut.homo.myMain - meter_5264988758433066003:9509800
BruceChen 11:16:43.823 [main] INFO  edu.bjut.homo.myMain - meter_1428612914980969389:report
BruceChen 11:16:43.823 [main] INFO  edu.bjut.homo.myMain - meter_1428612914980969389:9545600
BruceChen 11:16:43.823 [main] INFO  edu.bjut.homo.myMain - meter_6233685429590178345:report
BruceChen 11:16:43.823 [main] INFO  edu.bjut.homo.myMain - meter_6233685429590178345:9512100
BruceChen 11:16:43.823 [main] INFO  edu.bjut.homo.myMain - meter_1593376418474688291:report
BruceChen 11:16:43.823 [main] INFO  edu.bjut.homo.myMain - meter_1593376418474688291:12397600
BruceChen 11:16:43.823 [main] INFO  edu.bjut.homo.myMain - meter_3366287728010622601:report
BruceChen 11:16:43.823 [main] INFO  edu.bjut.homo.myMain - meter_3366287728010622601:9533000
BruceChen 11:16:43.823 [main] INFO  edu.bjut.homo.myMain - meter_2545448301162329695:report
BruceChen 11:16:43.823 [main] INFO  edu.bjut.homo.myMain - meter_2545448301162329695:9552500
BruceChen 11:16:43.823 [main] INFO  edu.bjut.homo.myMain - meter_2082655226375689703:report
BruceChen 11:16:43.823 [main] INFO  edu.bjut.homo.myMain - meter_2082655226375689703:9622400
BruceChen 11:16:43.823 [main] INFO  edu.bjut.homo.myMain - meter_1126445509477922123:report
BruceChen 11:16:43.823 [main] INFO  edu.bjut.homo.myMain - meter_1126445509477922123:9632400
BruceChen 11:16:43.823 [main] INFO  edu.bjut.homo.myMain - meter_4864109758567835847:report
BruceChen 11:16:43.823 [main] INFO  edu.bjut.homo.myMain - meter_4864109758567835847:9649700
BruceChen 11:16:43.823 [main] INFO  edu.bjut.homo.myMain - meter_8420385719956039415:report
BruceChen 11:16:43.823 [main] INFO  edu.bjut.homo.myMain - meter_8420385719956039415:9590400
BruceChen 11:16:43.823 [main] INFO  edu.bjut.homo.myMain - meter_2047560904469029391:report
BruceChen 11:16:43.823 [main] INFO  edu.bjut.homo.myMain - meter_2047560904469029391:9660300
BruceChen 11:16:43.823 [main] INFO  edu.bjut.homo.myMain - meter_1508996527617695295:report
BruceChen 11:16:43.823 [main] INFO  edu.bjut.homo.myMain - meter_1508996527617695295:9722800
BruceChen 11:16:43.823 [main] INFO  edu.bjut.homo.myMain - meter_6037964334610236829:report
BruceChen 11:16:43.823 [main] INFO  edu.bjut.homo.myMain - meter_6037964334610236829:9917200
BruceChen 11:16:43.823 [main] INFO  edu.bjut.homo.myMain - meter_4232250688620229891:report
BruceChen 11:16:43.823 [main] INFO  edu.bjut.homo.myMain - meter_4232250688620229891:9666600
BruceChen 11:16:43.823 [main] INFO  edu.bjut.homo.myMain - meter_5468724945022301093:report
BruceChen 11:16:43.823 [main] INFO  edu.bjut.homo.myMain - meter_5468724945022301093:9662000
BruceChen 11:16:43.823 [main] INFO  edu.bjut.homo.myMain - meter_3436052241362328535:report
BruceChen 11:16:43.823 [main] INFO  edu.bjut.homo.myMain - meter_3436052241362328535:10174200
BruceChen 11:16:43.823 [main] INFO  edu.bjut.homo.myMain - meter_1985645725757735317:report
BruceChen 11:16:43.823 [main] INFO  edu.bjut.homo.myMain - meter_1985645725757735317:10189100
BruceChen 11:16:43.823 [main] INFO  edu.bjut.homo.myMain - meter_179650609086049307:report
BruceChen 11:16:43.823 [main] INFO  edu.bjut.homo.myMain - meter_179650609086049307:10251100
BruceChen 11:16:43.823 [main] INFO  edu.bjut.homo.myMain - meter_789326437552988571:report
BruceChen 11:16:43.823 [main] INFO  edu.bjut.homo.myMain - meter_789326437552988571:9900800
BruceChen 11:16:43.823 [main] INFO  edu.bjut.homo.myMain - meter_2117325417820735597:report
BruceChen 11:16:43.823 [main] INFO  edu.bjut.homo.myMain - meter_2117325417820735597:10011600
BruceChen 11:16:43.823 [main] INFO  edu.bjut.homo.myMain - meter_4704905807546675629:report
BruceChen 11:16:43.823 [main] INFO  edu.bjut.homo.myMain - meter_4704905807546675629:9883500
BruceChen 11:16:43.823 [main] INFO  edu.bjut.homo.myMain - meter_6570523026538402225:report
BruceChen 11:16:43.823 [main] INFO  edu.bjut.homo.myMain - meter_6570523026538402225:9537800
BruceChen 11:16:43.823 [main] INFO  edu.bjut.homo.myMain - meter_1239946044668762463:report
BruceChen 11:16:43.823 [main] INFO  edu.bjut.homo.myMain - meter_1239946044668762463:9696000
BruceChen 11:16:43.823 [main] INFO  edu.bjut.homo.myMain - meter_4796503476755486189:report
BruceChen 11:16:43.823 [main] INFO  edu.bjut.homo.myMain - meter_4796503476755486189:9393900
BruceChen 11:16:43.823 [main] INFO  edu.bjut.homo.myMain - meter_3647379037080034295:report
BruceChen 11:16:43.823 [main] INFO  edu.bjut.homo.myMain - meter_3647379037080034295:9357000
BruceChen 11:16:43.823 [main] INFO  edu.bjut.homo.myMain - meter_4014919307491113987:report
BruceChen 11:16:43.823 [main] INFO  edu.bjut.homo.myMain - meter_4014919307491113987:9412600
BruceChen 11:16:43.823 [main] INFO  edu.bjut.homo.myMain - meter_1108266348310794697:report
BruceChen 11:16:43.823 [main] INFO  edu.bjut.homo.myMain - meter_1108266348310794697:9415600
BruceChen 11:16:43.823 [main] INFO  edu.bjut.homo.myMain - meter_5585053850109686485:report
BruceChen 11:16:43.823 [main] INFO  edu.bjut.homo.myMain - meter_5585053850109686485:9435700
BruceChen 11:16:43.823 [main] INFO  edu.bjut.homo.myMain - meter_757632341362673791:report
BruceChen 11:16:43.823 [main] INFO  edu.bjut.homo.myMain - meter_757632341362673791:9360000
BruceChen 11:16:43.823 [main] INFO  edu.bjut.homo.myMain - meter_3345211631593763653:report
BruceChen 11:16:43.823 [main] INFO  edu.bjut.homo.myMain - meter_3345211631593763653:9370000
BruceChen 11:16:43.823 [main] INFO  edu.bjut.homo.myMain - meter_4105981728471458467:report
BruceChen 11:16:43.823 [main] INFO  edu.bjut.homo.myMain - meter_4105981728471458467:9416600
BruceChen 11:16:43.823 [main] INFO  edu.bjut.homo.myMain - meter_8372066835279477619:report
BruceChen 11:16:43.823 [main] INFO  edu.bjut.homo.myMain - meter_8372066835279477619:9410200
BruceChen 11:16:43.823 [main] INFO  edu.bjut.homo.myMain - meter_1170181527022023433:report
BruceChen 11:16:43.823 [main] INFO  edu.bjut.homo.myMain - meter_1170181527022023433:9384700
BruceChen 11:16:43.823 [main] INFO  edu.bjut.homo.myMain - meter_6619123381896707539:report
BruceChen 11:16:43.823 [main] INFO  edu.bjut.homo.myMain - meter_6619123381896707539:9382700
BruceChen 11:16:43.823 [main] INFO  edu.bjut.homo.myMain - meter_6204001835302845665:report
BruceChen 11:16:43.823 [main] INFO  edu.bjut.homo.myMain - meter_6204001835302845665:9432800
BruceChen 11:16:43.823 [main] INFO  edu.bjut.homo.myMain - meter_4031544091665682177:report
BruceChen 11:16:43.823 [main] INFO  edu.bjut.homo.myMain - meter_4031544091665682177:9460800
BruceChen 11:16:43.823 [main] INFO  edu.bjut.homo.myMain - meter_7515762459049512021:report
BruceChen 11:16:43.823 [main] INFO  edu.bjut.homo.myMain - meter_7515762459049512021:9354300
BruceChen 11:16:43.823 [main] INFO  edu.bjut.homo.myMain - meter_1587684215878586023:report
BruceChen 11:16:43.823 [main] INFO  edu.bjut.homo.myMain - meter_1587684215878586023:9405000
BruceChen 11:16:43.823 [main] INFO  edu.bjut.homo.myMain - meter_2388186250003681211:report
BruceChen 11:16:43.823 [main] INFO  edu.bjut.homo.myMain - meter_2388186250003681211:9337900
BruceChen 11:16:43.823 [main] INFO  edu.bjut.homo.myMain - meter_6031132983911713125:report
BruceChen 11:16:43.823 [main] INFO  edu.bjut.homo.myMain - meter_6031132983911713125:12143200
BruceChen 11:16:43.823 [main] INFO  edu.bjut.homo.myMain - meter_2252405327027055377:report
BruceChen 11:16:43.823 [main] INFO  edu.bjut.homo.myMain - meter_2252405327027055377:9382100
BruceChen 11:16:43.823 [main] INFO  edu.bjut.homo.myMain - meter_1071750308125053741:report
BruceChen 11:16:43.823 [main] INFO  edu.bjut.homo.myMain - meter_1071750308125053741:9426000
BruceChen 11:16:43.823 [main] INFO  edu.bjut.homo.myMain - meter_7139730408775852573:report
BruceChen 11:16:43.823 [main] INFO  edu.bjut.homo.myMain - meter_7139730408775852573:9366800
BruceChen 11:16:43.823 [main] INFO  edu.bjut.homo.myMain - meter_3655510946208916751:report
BruceChen 11:16:43.823 [main] INFO  edu.bjut.homo.myMain - meter_3655510946208916751:9379500
BruceChen 11:16:43.823 [main] INFO  edu.bjut.homo.myMain - meter_2270838261445939611:report
BruceChen 11:16:43.823 [main] INFO  edu.bjut.homo.myMain - meter_2270838261445939611:9434900
BruceChen 11:16:43.823 [main] INFO  edu.bjut.homo.myMain - meter_1787600646547811867:report
BruceChen 11:16:43.823 [main] INFO  edu.bjut.homo.myMain - meter_1787600646547811867:9420600
BruceChen 11:16:43.823 [main] INFO  edu.bjut.homo.myMain - meter_2943409815336381603:report
BruceChen 11:16:43.823 [main] INFO  edu.bjut.homo.myMain - meter_2943409815336381603:9389500
BruceChen 11:16:43.823 [main] INFO  edu.bjut.homo.myMain - meter_3725275455282498683:report
BruceChen 11:16:43.823 [main] INFO  edu.bjut.homo.myMain - meter_3725275455282498683:9501500
BruceChen 11:16:43.823 [main] INFO  edu.bjut.homo.myMain - meter_168718027507452819:report
BruceChen 11:16:43.823 [main] INFO  edu.bjut.homo.myMain - meter_168718027507452819:9476100
BruceChen 11:16:47.393 [main] INFO  edu.bjut.homo.myMain - meterRegTime
BruceChen 11:16:47.768 [main] INFO  edu.bjut.homo.myMain - kgc:reg_response,reg_response,reg_response,reg_response,reg_response,reg_response,reg_response,reg_response,reg_response,reg_response,reg_response,reg_response,reg_response,reg_response,reg_response,reg_response,reg_response,reg_response,reg_response,reg_response,reg_response,reg_response,reg_response,reg_response,reg_response,reg_response,reg_response,reg_response,reg_response,reg_response,reg_response,reg_response,reg_response,reg_response,reg_response,reg_response,reg_response,reg_response,reg_response,reg_response,reg_response,reg_response,reg_response,reg_response,reg_response,reg_response,reg_response,reg_response,reg_response,reg_response
BruceChen 11:16:47.768 [main] INFO  edu.bjut.homo.myMain - kgc:7548100,7301500,7264100,7368900,7304000,7350300,7368200,7545900,7261200,7334500,7169700,7151900,7247900,7148100,7434200,7623000,7217600,7164200,7226500,7241800,7250800,7222000,7136200,7472700,7385100,7145900,7275400,7159400,7248900,7220900,7127000,7213800,7184100,7610700,7213900,7213700,7155500,7480100,7154200,7424200,7484200,10077600,7467800,7355400,7387300,7157600,7242900,7146200,7218200,7179500
BruceChen 11:16:47.768 [main] INFO  edu.bjut.homo.myMain - meter_1325732582864900359:reg,reg_response
BruceChen 11:16:47.768 [main] INFO  edu.bjut.homo.myMain - meter_1325732582864900359:38100,39600
BruceChen 11:16:47.768 [main] INFO  edu.bjut.homo.myMain - meter_4462494249703808331:reg,reg_response
BruceChen 11:16:47.768 [main] INFO  edu.bjut.homo.myMain - meter_4462494249703808331:8800,59000
BruceChen 11:16:47.768 [main] INFO  edu.bjut.homo.myMain - meter_9125870728050632485:reg,reg_response
BruceChen 11:16:47.768 [main] INFO  edu.bjut.homo.myMain - meter_9125870728050632485:9800,61100
BruceChen 11:16:47.768 [main] INFO  edu.bjut.homo.myMain - meter_488433033577350573:reg,reg_response
BruceChen 11:16:47.768 [main] INFO  edu.bjut.homo.myMain - meter_488433033577350573:13500,58800
BruceChen 11:16:47.768 [main] INFO  edu.bjut.homo.myMain - meter_4518530914114031201:reg,reg_response
BruceChen 11:16:47.768 [main] INFO  edu.bjut.homo.myMain - meter_4518530914114031201:8800,44100
BruceChen 11:16:47.768 [main] INFO  edu.bjut.homo.myMain - meter_1944679472841332635:reg,reg_response
BruceChen 11:16:47.768 [main] INFO  edu.bjut.homo.myMain - meter_1944679472841332635:7300,36000
BruceChen 11:16:47.768 [main] INFO  edu.bjut.homo.myMain - meter_8218807764906096747:reg,reg_response
BruceChen 11:16:47.768 [main] INFO  edu.bjut.homo.myMain - meter_8218807764906096747:7500,31500
BruceChen 11:16:47.768 [main] INFO  edu.bjut.homo.myMain - meter_4936033602970592347:reg,reg_response
BruceChen 11:16:47.768 [main] INFO  edu.bjut.homo.myMain - meter_4936033602970592347:6800,31800
BruceChen 11:16:47.768 [main] INFO  edu.bjut.homo.myMain - meter_7987812619605657773:reg,reg_response
BruceChen 11:16:47.768 [main] INFO  edu.bjut.homo.myMain - meter_7987812619605657773:7200,33800
BruceChen 11:16:47.768 [main] INFO  edu.bjut.homo.myMain - meter_7104098598635611731:reg,reg_response
BruceChen 11:16:47.768 [main] INFO  edu.bjut.homo.myMain - meter_7104098598635611731:7100,33600
BruceChen 11:16:47.768 [main] INFO  edu.bjut.homo.myMain - meter_310057399150045249:reg,reg_response
BruceChen 11:16:47.768 [main] INFO  edu.bjut.homo.myMain - meter_310057399150045249:7200,33600
BruceChen 11:16:47.768 [main] INFO  edu.bjut.homo.myMain - meter_1043416751809583091:reg,reg_response
BruceChen 11:16:47.768 [main] INFO  edu.bjut.homo.myMain - meter_1043416751809583091:7000,33700
BruceChen 11:16:47.768 [main] INFO  edu.bjut.homo.myMain - meter_7921264007593672331:reg,reg_response
BruceChen 11:16:47.768 [main] INFO  edu.bjut.homo.myMain - meter_7921264007593672331:6700,31800
BruceChen 11:16:47.768 [main] INFO  edu.bjut.homo.myMain - meter_5103585790519224209:reg,reg_response
BruceChen 11:16:47.768 [main] INFO  edu.bjut.homo.myMain - meter_5103585790519224209:6900,31500
BruceChen 11:16:47.768 [main] INFO  edu.bjut.homo.myMain - meter_6000225962855199385:reg,reg_response
BruceChen 11:16:47.768 [main] INFO  edu.bjut.homo.myMain - meter_6000225962855199385:6500,35300
BruceChen 11:16:47.768 [main] INFO  edu.bjut.homo.myMain - meter_1748755134057420627:reg,reg_response
BruceChen 11:16:47.768 [main] INFO  edu.bjut.homo.myMain - meter_1748755134057420627:7100,39000
BruceChen 11:16:47.768 [main] INFO  edu.bjut.homo.myMain - meter_6997576255962889791:reg,reg_response
BruceChen 11:16:47.768 [main] INFO  edu.bjut.homo.myMain - meter_6997576255962889791:7600,30200
BruceChen 11:16:47.768 [main] INFO  edu.bjut.homo.myMain - meter_973370759169422011:reg,reg_response
BruceChen 11:16:47.768 [main] INFO  edu.bjut.homo.myMain - meter_973370759169422011:6800,30300
BruceChen 11:16:47.768 [main] INFO  edu.bjut.homo.myMain - meter_8321861528187224919:reg,reg_response
BruceChen 11:16:47.768 [main] INFO  edu.bjut.homo.myMain - meter_8321861528187224919:6700,35500
BruceChen 11:16:47.768 [main] INFO  edu.bjut.homo.myMain - meter_9175784766466171131:reg,reg_response
BruceChen 11:16:47.768 [main] INFO  edu.bjut.homo.myMain - meter_9175784766466171131:7000,31200
BruceChen 11:16:47.768 [main] INFO  edu.bjut.homo.myMain - meter_6769769314572184609:reg,reg_response
BruceChen 11:16:47.768 [main] INFO  edu.bjut.homo.myMain - meter_6769769314572184609:6400,31400
BruceChen 11:16:47.768 [main] INFO  edu.bjut.homo.myMain - meter_306841497793481159:reg,reg_response
BruceChen 11:16:47.768 [main] INFO  edu.bjut.homo.myMain - meter_306841497793481159:6800,30600
BruceChen 11:16:47.768 [main] INFO  edu.bjut.homo.myMain - meter_6935661077251661329:reg,reg_response
BruceChen 11:16:47.768 [main] INFO  edu.bjut.homo.myMain - meter_6935661077251661329:9500,29300
BruceChen 11:16:47.768 [main] INFO  edu.bjut.homo.myMain - meter_6285756595772165469:reg,reg_response
BruceChen 11:16:47.768 [main] INFO  edu.bjut.homo.myMain - meter_6285756595772165469:6300,30900
BruceChen 11:16:47.768 [main] INFO  edu.bjut.homo.myMain - meter_2108240672294465269:reg,reg_response
BruceChen 11:16:47.768 [main] INFO  edu.bjut.homo.myMain - meter_2108240672294465269:6700,30500
BruceChen 11:16:47.768 [main] INFO  edu.bjut.homo.myMain - meter_2883343572205820321:reg,reg_response
BruceChen 11:16:47.768 [main] INFO  edu.bjut.homo.myMain - meter_2883343572205820321:6200,32600
BruceChen 11:16:47.768 [main] INFO  edu.bjut.homo.myMain - meter_7135095871685277523:reg,reg_response
BruceChen 11:16:47.768 [main] INFO  edu.bjut.homo.myMain - meter_7135095871685277523:6600,33300
BruceChen 11:16:47.768 [main] INFO  edu.bjut.homo.myMain - meter_4474496485199381375:reg,reg_response
BruceChen 11:16:47.768 [main] INFO  edu.bjut.homo.myMain - meter_4474496485199381375:7100,31100
BruceChen 11:16:47.768 [main] INFO  edu.bjut.homo.myMain - meter_5817698531379392889:reg,reg_response
BruceChen 11:16:47.768 [main] INFO  edu.bjut.homo.myMain - meter_5817698531379392889:6800,32700
BruceChen 11:16:47.768 [main] INFO  edu.bjut.homo.myMain - meter_9144827179241296251:reg,reg_response
BruceChen 11:16:47.768 [main] INFO  edu.bjut.homo.myMain - meter_9144827179241296251:6900,34400
BruceChen 11:16:47.768 [main] INFO  edu.bjut.homo.myMain - meter_2608879270502556933:reg,reg_response
BruceChen 11:16:47.768 [main] INFO  edu.bjut.homo.myMain - meter_2608879270502556933:6600,30600
BruceChen 11:16:47.768 [main] INFO  edu.bjut.homo.myMain - meter_6165154128117719621:reg,reg_response
BruceChen 11:16:47.768 [main] INFO  edu.bjut.homo.myMain - meter_6165154128117719621:6600,36500
BruceChen 11:16:47.768 [main] INFO  edu.bjut.homo.myMain - meter_3880022618854890451:reg,reg_response
BruceChen 11:16:47.768 [main] INFO  edu.bjut.homo.myMain - meter_3880022618854890451:6900,33700
BruceChen 11:16:47.768 [main] INFO  edu.bjut.homo.myMain - meter_4919447405125964511:reg,reg_response
BruceChen 11:16:47.768 [main] INFO  edu.bjut.homo.myMain - meter_4919447405125964511:6900,40400
BruceChen 11:16:47.768 [main] INFO  edu.bjut.homo.myMain - meter_5244039832621464313:reg,reg_response
BruceChen 11:16:47.768 [main] INFO  edu.bjut.homo.myMain - meter_5244039832621464313:7000,36600
BruceChen 11:16:47.768 [main] INFO  edu.bjut.homo.myMain - meter_8033064423483921443:reg,reg_response
BruceChen 11:16:47.768 [main] INFO  edu.bjut.homo.myMain - meter_8033064423483921443:8300,29100
BruceChen 11:16:47.768 [main] INFO  edu.bjut.homo.myMain - meter_4355932221189584717:reg,reg_response
BruceChen 11:16:47.768 [main] INFO  edu.bjut.homo.myMain - meter_4355932221189584717:6100,39500
BruceChen 11:16:47.768 [main] INFO  edu.bjut.homo.myMain - meter_8901320464762973761:reg,reg_response
BruceChen 11:16:47.768 [main] INFO  edu.bjut.homo.myMain - meter_8901320464762973761:6300,30500
BruceChen 11:16:47.768 [main] INFO  edu.bjut.homo.myMain - meter_4042660993342713547:reg,reg_response
BruceChen 11:16:47.768 [main] INFO  edu.bjut.homo.myMain - meter_4042660993342713547:6500,28600
BruceChen 11:16:47.768 [main] INFO  edu.bjut.homo.myMain - meter_2886570353872400469:reg,reg_response
BruceChen 11:16:47.768 [main] INFO  edu.bjut.homo.myMain - meter_2886570353872400469:6000,27700
BruceChen 11:16:47.768 [main] INFO  edu.bjut.homo.myMain - meter_3160353628301811159:reg,reg_response
BruceChen 11:16:47.768 [main] INFO  edu.bjut.homo.myMain - meter_3160353628301811159:6100,27700
BruceChen 11:16:47.768 [main] INFO  edu.bjut.homo.myMain - meter_5720872255626501839:reg,reg_response
BruceChen 11:16:47.768 [main] INFO  edu.bjut.homo.myMain - meter_5720872255626501839:6000,32700
BruceChen 11:16:47.768 [main] INFO  edu.bjut.homo.myMain - meter_3821375011458338717:reg,reg_response
BruceChen 11:16:47.768 [main] INFO  edu.bjut.homo.myMain - meter_3821375011458338717:10100,32900
BruceChen 11:16:47.768 [main] INFO  edu.bjut.homo.myMain - meter_7426146375528135893:reg,reg_response
BruceChen 11:16:47.768 [main] INFO  edu.bjut.homo.myMain - meter_7426146375528135893:6400,28100
BruceChen 11:16:47.768 [main] INFO  edu.bjut.homo.myMain - meter_2576997763112425197:reg,reg_response
BruceChen 11:16:47.768 [main] INFO  edu.bjut.homo.myMain - meter_2576997763112425197:5900,62000
BruceChen 11:16:47.768 [main] INFO  edu.bjut.homo.myMain - meter_7332642053303370913:reg,reg_response
BruceChen 11:16:47.768 [main] INFO  edu.bjut.homo.myMain - meter_7332642053303370913:6600,27700
BruceChen 11:16:47.768 [main] INFO  edu.bjut.homo.myMain - meter_4219336521337488931:reg,reg_response
BruceChen 11:16:47.768 [main] INFO  edu.bjut.homo.myMain - meter_4219336521337488931:6100,26500
BruceChen 11:16:47.768 [main] INFO  edu.bjut.homo.myMain - meter_1226575743885665277:reg,reg_response
BruceChen 11:16:47.768 [main] INFO  edu.bjut.homo.myMain - meter_1226575743885665277:6100,28700
BruceChen 11:16:47.768 [main] INFO  edu.bjut.homo.myMain - meter_6961060215777148575:reg,reg_response
BruceChen 11:16:47.768 [main] INFO  edu.bjut.homo.myMain - meter_6961060215777148575:6000,26200
BruceChen 11:16:47.768 [main] INFO  edu.bjut.homo.myMain - meter_1987345836468522771:reg,reg_response
BruceChen 11:16:47.768 [main] INFO  edu.bjut.homo.myMain - meter_1987345836468522771:6100,26500
BruceChen 11:16:47.768 [main] INFO  edu.bjut.homo.myMain - oneTimeMeterRepTime
BruceChen 11:16:48.502 [main] INFO  edu.bjut.homo.myMain - agg:resp_agg
BruceChen 11:16:48.502 [main] INFO  edu.bjut.homo.myMain - agg:248448900
BruceChen 11:16:48.502 [main] INFO  edu.bjut.homo.myMain - server:report_res
BruceChen 11:16:48.502 [main] INFO  edu.bjut.homo.myMain - server:13907900
BruceChen 11:16:48.502 [main] INFO  edu.bjut.homo.myMain - meter_1325732582864900359:report
BruceChen 11:16:48.502 [main] INFO  edu.bjut.homo.myMain - meter_1325732582864900359:9753500
BruceChen 11:16:48.502 [main] INFO  edu.bjut.homo.myMain - meter_4462494249703808331:report
BruceChen 11:16:48.502 [main] INFO  edu.bjut.homo.myMain - meter_4462494249703808331:9417100
BruceChen 11:16:48.502 [main] INFO  edu.bjut.homo.myMain - meter_9125870728050632485:report
BruceChen 11:16:48.502 [main] INFO  edu.bjut.homo.myMain - meter_9125870728050632485:9530400
BruceChen 11:16:48.502 [main] INFO  edu.bjut.homo.myMain - meter_488433033577350573:report
BruceChen 11:16:48.502 [main] INFO  edu.bjut.homo.myMain - meter_488433033577350573:9376600
BruceChen 11:16:48.502 [main] INFO  edu.bjut.homo.myMain - meter_4518530914114031201:report
BruceChen 11:16:48.502 [main] INFO  edu.bjut.homo.myMain - meter_4518530914114031201:9427000
BruceChen 11:16:48.502 [main] INFO  edu.bjut.homo.myMain - meter_1944679472841332635:report
BruceChen 11:16:48.502 [main] INFO  edu.bjut.homo.myMain - meter_1944679472841332635:9676400
BruceChen 11:16:48.502 [main] INFO  edu.bjut.homo.myMain - meter_8218807764906096747:report
BruceChen 11:16:48.502 [main] INFO  edu.bjut.homo.myMain - meter_8218807764906096747:9505000
BruceChen 11:16:48.502 [main] INFO  edu.bjut.homo.myMain - meter_4936033602970592347:report
BruceChen 11:16:48.502 [main] INFO  edu.bjut.homo.myMain - meter_4936033602970592347:9353100
BruceChen 11:16:48.502 [main] INFO  edu.bjut.homo.myMain - meter_7987812619605657773:report
BruceChen 11:16:48.502 [main] INFO  edu.bjut.homo.myMain - meter_7987812619605657773:9333200
BruceChen 11:16:48.502 [main] INFO  edu.bjut.homo.myMain - meter_7104098598635611731:report
BruceChen 11:16:48.502 [main] INFO  edu.bjut.homo.myMain - meter_7104098598635611731:9417300
BruceChen 11:16:48.502 [main] INFO  edu.bjut.homo.myMain - meter_310057399150045249:report
BruceChen 11:16:48.502 [main] INFO  edu.bjut.homo.myMain - meter_310057399150045249:9293900
BruceChen 11:16:48.502 [main] INFO  edu.bjut.homo.myMain - meter_1043416751809583091:report
BruceChen 11:16:48.502 [main] INFO  edu.bjut.homo.myMain - meter_1043416751809583091:9531100
BruceChen 11:16:48.502 [main] INFO  edu.bjut.homo.myMain - meter_7921264007593672331:report
BruceChen 11:16:48.502 [main] INFO  edu.bjut.homo.myMain - meter_7921264007593672331:9354100
BruceChen 11:16:48.502 [main] INFO  edu.bjut.homo.myMain - meter_5103585790519224209:report
BruceChen 11:16:48.502 [main] INFO  edu.bjut.homo.myMain - meter_5103585790519224209:9271000
BruceChen 11:16:48.502 [main] INFO  edu.bjut.homo.myMain - meter_6000225962855199385:report
BruceChen 11:16:48.502 [main] INFO  edu.bjut.homo.myMain - meter_6000225962855199385:9281700
BruceChen 11:16:48.502 [main] INFO  edu.bjut.homo.myMain - meter_1748755134057420627:report
BruceChen 11:16:48.502 [main] INFO  edu.bjut.homo.myMain - meter_1748755134057420627:9280400
BruceChen 11:16:48.502 [main] INFO  edu.bjut.homo.myMain - meter_6997576255962889791:report
BruceChen 11:16:48.502 [main] INFO  edu.bjut.homo.myMain - meter_6997576255962889791:9274500
BruceChen 11:16:48.502 [main] INFO  edu.bjut.homo.myMain - meter_973370759169422011:report
BruceChen 11:16:48.502 [main] INFO  edu.bjut.homo.myMain - meter_973370759169422011:9277300
BruceChen 11:16:48.502 [main] INFO  edu.bjut.homo.myMain - meter_8321861528187224919:report
BruceChen 11:16:48.502 [main] INFO  edu.bjut.homo.myMain - meter_8321861528187224919:9259000
BruceChen 11:16:48.502 [main] INFO  edu.bjut.homo.myMain - meter_9175784766466171131:report
BruceChen 11:16:48.502 [main] INFO  edu.bjut.homo.myMain - meter_9175784766466171131:9275600
BruceChen 11:16:48.502 [main] INFO  edu.bjut.homo.myMain - meter_6769769314572184609:report
BruceChen 11:16:48.502 [main] INFO  edu.bjut.homo.myMain - meter_6769769314572184609:9347000
BruceChen 11:16:48.502 [main] INFO  edu.bjut.homo.myMain - meter_306841497793481159:report
BruceChen 11:16:48.502 [main] INFO  edu.bjut.homo.myMain - meter_306841497793481159:9345300
BruceChen 11:16:48.502 [main] INFO  edu.bjut.homo.myMain - meter_6935661077251661329:report
BruceChen 11:16:48.502 [main] INFO  edu.bjut.homo.myMain - meter_6935661077251661329:9296700
BruceChen 11:16:48.502 [main] INFO  edu.bjut.homo.myMain - meter_6285756595772165469:report
BruceChen 11:16:48.502 [main] INFO  edu.bjut.homo.myMain - meter_6285756595772165469:9301600
BruceChen 11:16:48.502 [main] INFO  edu.bjut.homo.myMain - meter_2108240672294465269:report
BruceChen 11:16:48.502 [main] INFO  edu.bjut.homo.myMain - meter_2108240672294465269:9283900
BruceChen 11:16:48.502 [main] INFO  edu.bjut.homo.myMain - meter_2883343572205820321:report
BruceChen 11:16:48.502 [main] INFO  edu.bjut.homo.myMain - meter_2883343572205820321:9321900
BruceChen 11:16:48.502 [main] INFO  edu.bjut.homo.myMain - meter_7135095871685277523:report
BruceChen 11:16:48.502 [main] INFO  edu.bjut.homo.myMain - meter_7135095871685277523:9288500
BruceChen 11:16:48.502 [main] INFO  edu.bjut.homo.myMain - meter_4474496485199381375:report
BruceChen 11:16:48.502 [main] INFO  edu.bjut.homo.myMain - meter_4474496485199381375:9291200
BruceChen 11:16:48.502 [main] INFO  edu.bjut.homo.myMain - meter_5817698531379392889:report
BruceChen 11:16:48.502 [main] INFO  edu.bjut.homo.myMain - meter_5817698531379392889:9253500
BruceChen 11:16:48.502 [main] INFO  edu.bjut.homo.myMain - meter_9144827179241296251:report
BruceChen 11:16:48.502 [main] INFO  edu.bjut.homo.myMain - meter_9144827179241296251:9280200
BruceChen 11:16:48.502 [main] INFO  edu.bjut.homo.myMain - meter_2608879270502556933:report
BruceChen 11:16:48.502 [main] INFO  edu.bjut.homo.myMain - meter_2608879270502556933:9273800
BruceChen 11:16:48.502 [main] INFO  edu.bjut.homo.myMain - meter_6165154128117719621:report
BruceChen 11:16:48.502 [main] INFO  edu.bjut.homo.myMain - meter_6165154128117719621:9275700
BruceChen 11:16:48.502 [main] INFO  edu.bjut.homo.myMain - meter_3880022618854890451:report
BruceChen 11:16:48.502 [main] INFO  edu.bjut.homo.myMain - meter_3880022618854890451:11954100
BruceChen 11:16:48.502 [main] INFO  edu.bjut.homo.myMain - meter_4919447405125964511:report
BruceChen 11:16:48.502 [main] INFO  edu.bjut.homo.myMain - meter_4919447405125964511:9942200
BruceChen 11:16:48.502 [main] INFO  edu.bjut.homo.myMain - meter_5244039832621464313:report
BruceChen 11:16:48.502 [main] INFO  edu.bjut.homo.myMain - meter_5244039832621464313:9965300
BruceChen 11:16:48.502 [main] INFO  edu.bjut.homo.myMain - meter_8033064423483921443:report
BruceChen 11:16:48.502 [main] INFO  edu.bjut.homo.myMain - meter_8033064423483921443:10596400
BruceChen 11:16:48.502 [main] INFO  edu.bjut.homo.myMain - meter_4355932221189584717:report
BruceChen 11:16:48.502 [main] INFO  edu.bjut.homo.myMain - meter_4355932221189584717:9942500
BruceChen 11:16:48.502 [main] INFO  edu.bjut.homo.myMain - meter_8901320464762973761:report
BruceChen 11:16:48.502 [main] INFO  edu.bjut.homo.myMain - meter_8901320464762973761:9938500
BruceChen 11:16:48.502 [main] INFO  edu.bjut.homo.myMain - meter_4042660993342713547:report
BruceChen 11:16:48.502 [main] INFO  edu.bjut.homo.myMain - meter_4042660993342713547:9409100
BruceChen 11:16:48.502 [main] INFO  edu.bjut.homo.myMain - meter_2886570353872400469:report
BruceChen 11:16:48.502 [main] INFO  edu.bjut.homo.myMain - meter_2886570353872400469:9408200
BruceChen 11:16:48.502 [main] INFO  edu.bjut.homo.myMain - meter_3160353628301811159:report
BruceChen 11:16:48.502 [main] INFO  edu.bjut.homo.myMain - meter_3160353628301811159:9281700
BruceChen 11:16:48.502 [main] INFO  edu.bjut.homo.myMain - meter_5720872255626501839:report
BruceChen 11:16:48.502 [main] INFO  edu.bjut.homo.myMain - meter_5720872255626501839:9437800
BruceChen 11:16:48.502 [main] INFO  edu.bjut.homo.myMain - meter_3821375011458338717:report
BruceChen 11:16:48.502 [main] INFO  edu.bjut.homo.myMain - meter_3821375011458338717:9302900
BruceChen 11:16:48.502 [main] INFO  edu.bjut.homo.myMain - meter_7426146375528135893:report
BruceChen 11:16:48.502 [main] INFO  edu.bjut.homo.myMain - meter_7426146375528135893:9419700
BruceChen 11:16:48.502 [main] INFO  edu.bjut.homo.myMain - meter_2576997763112425197:report
BruceChen 11:16:48.502 [main] INFO  edu.bjut.homo.myMain - meter_2576997763112425197:9285100
BruceChen 11:16:48.502 [main] INFO  edu.bjut.homo.myMain - meter_7332642053303370913:report
BruceChen 11:16:48.502 [main] INFO  edu.bjut.homo.myMain - meter_7332642053303370913:9297000
BruceChen 11:16:48.502 [main] INFO  edu.bjut.homo.myMain - meter_4219336521337488931:report
BruceChen 11:16:48.502 [main] INFO  edu.bjut.homo.myMain - meter_4219336521337488931:9240600
BruceChen 11:16:48.502 [main] INFO  edu.bjut.homo.myMain - meter_1226575743885665277:report
BruceChen 11:16:48.502 [main] INFO  edu.bjut.homo.myMain - meter_1226575743885665277:9374600
BruceChen 11:16:48.502 [main] INFO  edu.bjut.homo.myMain - meter_6961060215777148575:report
BruceChen 11:16:48.502 [main] INFO  edu.bjut.homo.myMain - meter_6961060215777148575:9444300
BruceChen 11:16:48.502 [main] INFO  edu.bjut.homo.myMain - meter_1987345836468522771:report
BruceChen 11:16:48.502 [main] INFO  edu.bjut.homo.myMain - meter_1987345836468522771:9289500
BruceChen 11:16:51.378 [main] INFO  edu.bjut.homo.myMain - meterRegTime
BruceChen 11:16:51.667 [main] INFO  edu.bjut.homo.myMain - kgc:reg_response,reg_response,reg_response,reg_response,reg_response,reg_response,reg_response,reg_response,reg_response,reg_response,reg_response,reg_response,reg_response,reg_response,reg_response,reg_response,reg_response,reg_response,reg_response,reg_response,reg_response,reg_response,reg_response,reg_response,reg_response,reg_response,reg_response,reg_response,reg_response,reg_response,reg_response,reg_response,reg_response,reg_response,reg_response,reg_response,reg_response,reg_response,reg_response,reg_response
BruceChen 11:16:51.667 [main] INFO  edu.bjut.homo.myMain - kgc:7366700,7132100,7295700,7233900,7163100,7455600,7152100,7116600,7264100,7153300,7114500,7147200,7275000,7233700,7129200,7482100,7172900,7159500,8005700,7136800,7325100,7217000,7159800,7295900,7500000,7134000,7210500,7261300,7240700,7147100,7218600,7305000,7355100,7389300,7281300,7279000,7087800,7186800,7152900,7134100
BruceChen 11:16:51.667 [main] INFO  edu.bjut.homo.myMain - meter_894831895778476087:reg,reg_response
BruceChen 11:16:51.683 [main] INFO  edu.bjut.homo.myMain - meter_894831895778476087:31000,26400
BruceChen 11:16:51.683 [main] INFO  edu.bjut.homo.myMain - meter_8705141257527489999:reg,reg_response
BruceChen 11:16:51.683 [main] INFO  edu.bjut.homo.myMain - meter_8705141257527489999:6300,22100
BruceChen 11:16:51.683 [main] INFO  edu.bjut.homo.myMain - meter_2793405224076346909:reg,reg_response
BruceChen 11:16:51.683 [main] INFO  edu.bjut.homo.myMain - meter_2793405224076346909:5800,21800
BruceChen 11:16:51.683 [main] INFO  edu.bjut.homo.myMain - meter_1752652066949182765:reg,reg_response
BruceChen 11:16:51.683 [main] INFO  edu.bjut.homo.myMain - meter_1752652066949182765:5800,21000
BruceChen 11:16:51.683 [main] INFO  edu.bjut.homo.myMain - meter_635503198457534057:reg,reg_response
BruceChen 11:16:51.683 [main] INFO  edu.bjut.homo.myMain - meter_635503198457534057:7600,23000
BruceChen 11:16:51.683 [main] INFO  edu.bjut.homo.myMain - meter_5276514309970319505:reg,reg_response
BruceChen 11:16:51.683 [main] INFO  edu.bjut.homo.myMain - meter_5276514309970319505:6200,22400
BruceChen 11:16:51.683 [main] INFO  edu.bjut.homo.myMain - meter_6693670153402403729:reg,reg_response
BruceChen 11:16:51.683 [main] INFO  edu.bjut.homo.myMain - meter_6693670153402403729:6100,32700
BruceChen 11:16:51.683 [main] INFO  edu.bjut.homo.myMain - meter_4251402348792567779:reg,reg_response
BruceChen 11:16:51.683 [main] INFO  edu.bjut.homo.myMain - meter_4251402348792567779:5800,39300
BruceChen 11:16:51.683 [main] INFO  edu.bjut.homo.myMain - meter_2254806447213247511:reg,reg_response
BruceChen 11:16:51.683 [main] INFO  edu.bjut.homo.myMain - meter_2254806447213247511:5700,22600
BruceChen 11:16:51.683 [main] INFO  edu.bjut.homo.myMain - meter_4609983944787783693:reg,reg_response
BruceChen 11:16:51.683 [main] INFO  edu.bjut.homo.myMain - meter_4609983944787783693:5900,21600
BruceChen 11:16:51.683 [main] INFO  edu.bjut.homo.myMain - meter_1401164683910947603:reg,reg_response
BruceChen 11:16:51.683 [main] INFO  edu.bjut.homo.myMain - meter_1401164683910947603:5700,20700
BruceChen 11:16:51.683 [main] INFO  edu.bjut.homo.myMain - meter_6400945257557181659:reg,reg_response
BruceChen 11:16:51.683 [main] INFO  edu.bjut.homo.myMain - meter_6400945257557181659:5500,23600
BruceChen 11:16:51.683 [main] INFO  edu.bjut.homo.myMain - meter_2772330227154339973:reg,reg_response
BruceChen 11:16:51.683 [main] INFO  edu.bjut.homo.myMain - meter_2772330227154339973:5500,22600
BruceChen 11:16:51.683 [main] INFO  edu.bjut.homo.myMain - meter_8981093648134729729:reg,reg_response
BruceChen 11:16:51.683 [main] INFO  edu.bjut.homo.myMain - meter_8981093648134729729:5400,33200
BruceChen 11:16:51.683 [main] INFO  edu.bjut.homo.myMain - meter_7731712902940999141:reg,reg_response
BruceChen 11:16:51.683 [main] INFO  edu.bjut.homo.myMain - meter_7731712902940999141:6300,34000
BruceChen 11:16:51.683 [main] INFO  edu.bjut.homo.myMain - meter_4160821568359384159:reg,reg_response
BruceChen 11:16:51.683 [main] INFO  edu.bjut.homo.myMain - meter_4160821568359384159:8100,34600
BruceChen 11:16:51.683 [main] INFO  edu.bjut.homo.myMain - meter_5525539787306463075:reg,reg_response
BruceChen 11:16:51.683 [main] INFO  edu.bjut.homo.myMain - meter_5525539787306463075:6100,21900
BruceChen 11:16:51.683 [main] INFO  edu.bjut.homo.myMain - meter_7693324411784522659:reg,reg_response
BruceChen 11:16:51.683 [main] INFO  edu.bjut.homo.myMain - meter_7693324411784522659:5800,27700
BruceChen 11:16:51.683 [main] INFO  edu.bjut.homo.myMain - meter_6911739143025300195:reg,reg_response
BruceChen 11:16:51.683 [main] INFO  edu.bjut.homo.myMain - meter_6911739143025300195:5600,28300
BruceChen 11:16:51.683 [main] INFO  edu.bjut.homo.myMain - meter_5688177070872591805:reg,reg_response
BruceChen 11:16:51.683 [main] INFO  edu.bjut.homo.myMain - meter_5688177070872591805:5700,21200
BruceChen 11:16:51.683 [main] INFO  edu.bjut.homo.myMain - meter_6700819578079103943:reg,reg_response
BruceChen 11:16:51.683 [main] INFO  edu.bjut.homo.myMain - meter_6700819578079103943:5700,21500
BruceChen 11:16:51.683 [main] INFO  edu.bjut.homo.myMain - meter_1324215697019175927:reg,reg_response
BruceChen 11:16:51.683 [main] INFO  edu.bjut.homo.myMain - meter_1324215697019175927:6000,19900
BruceChen 11:16:51.683 [main] INFO  edu.bjut.homo.myMain - meter_8017254420463013515:reg,reg_response
BruceChen 11:16:51.683 [main] INFO  edu.bjut.homo.myMain - meter_8017254420463013515:5400,19600
BruceChen 11:16:51.683 [main] INFO  edu.bjut.homo.myMain - meter_5662358397848345091:reg,reg_response
BruceChen 11:16:51.683 [main] INFO  edu.bjut.homo.myMain - meter_5662358397848345091:5500,19500
BruceChen 11:16:51.683 [main] INFO  edu.bjut.homo.myMain - meter_6818447942118838785:reg,reg_response
BruceChen 11:16:51.683 [main] INFO  edu.bjut.homo.myMain - meter_6818447942118838785:5700,19100
BruceChen 11:16:51.683 [main] INFO  edu.bjut.homo.myMain - meter_5517689353154289777:reg,reg_response
BruceChen 11:16:51.683 [main] INFO  edu.bjut.homo.myMain - meter_5517689353154289777:5100,19100
BruceChen 11:16:51.683 [main] INFO  edu.bjut.homo.myMain - meter_2693791363746616287:reg,reg_response
BruceChen 11:16:51.683 [main] INFO  edu.bjut.homo.myMain - meter_2693791363746616287:5600,19200
BruceChen 11:16:51.683 [main] INFO  edu.bjut.homo.myMain - meter_8539115736639683331:reg,reg_response
BruceChen 11:16:51.683 [main] INFO  edu.bjut.homo.myMain - meter_8539115736639683331:5400,28700
BruceChen 11:16:51.683 [main] INFO  edu.bjut.homo.myMain - meter_6716777306475173147:reg,reg_response
BruceChen 11:16:51.683 [main] INFO  edu.bjut.homo.myMain - meter_6716777306475173147:5200,20300
BruceChen 11:16:51.683 [main] INFO  edu.bjut.homo.myMain - meter_6149626699551595081:reg,reg_response
BruceChen 11:16:51.683 [main] INFO  edu.bjut.homo.myMain - meter_6149626699551595081:7400,20800
BruceChen 11:16:51.683 [main] INFO  edu.bjut.homo.myMain - meter_1829452229004566375:reg,reg_response
BruceChen 11:16:51.683 [main] INFO  edu.bjut.homo.myMain - meter_1829452229004566375:5900,22000
BruceChen 11:16:51.683 [main] INFO  edu.bjut.homo.myMain - meter_7538118032166769237:reg,reg_response
BruceChen 11:16:51.683 [main] INFO  edu.bjut.homo.myMain - meter_7538118032166769237:5800,31100
BruceChen 11:16:51.683 [main] INFO  edu.bjut.homo.myMain - meter_8868885677567429575:reg,reg_response
BruceChen 11:16:51.683 [main] INFO  edu.bjut.homo.myMain - meter_8868885677567429575:7000,20000
BruceChen 11:16:51.683 [main] INFO  edu.bjut.homo.myMain - meter_6219811842618721219:reg,reg_response
BruceChen 11:16:51.683 [main] INFO  edu.bjut.homo.myMain - meter_6219811842618721219:5400,20500
BruceChen 11:16:51.683 [main] INFO  edu.bjut.homo.myMain - meter_2063726472615014151:reg,reg_response
BruceChen 11:16:51.683 [main] INFO  edu.bjut.homo.myMain - meter_2063726472615014151:6100,19700
BruceChen 11:16:51.683 [main] INFO  edu.bjut.homo.myMain - meter_7490955190971054253:reg,reg_response
BruceChen 11:16:51.683 [main] INFO  edu.bjut.homo.myMain - meter_7490955190971054253:5500,19100
BruceChen 11:16:51.683 [main] INFO  edu.bjut.homo.myMain - meter_8387876838300451403:reg,reg_response
BruceChen 11:16:51.683 [main] INFO  edu.bjut.homo.myMain - meter_8387876838300451403:5600,18100
BruceChen 11:16:51.683 [main] INFO  edu.bjut.homo.myMain - meter_4136124534509250597:reg,reg_response
BruceChen 11:16:51.683 [main] INFO  edu.bjut.homo.myMain - meter_4136124534509250597:5400,41200
BruceChen 11:16:51.683 [main] INFO  edu.bjut.homo.myMain - meter_5481223883415037293:reg,reg_response
BruceChen 11:16:51.683 [main] INFO  edu.bjut.homo.myMain - meter_5481223883415037293:6900,19900
BruceChen 11:16:51.683 [main] INFO  edu.bjut.homo.myMain - meter_2047101688423669053:reg,reg_response
BruceChen 11:16:51.683 [main] INFO  edu.bjut.homo.myMain - meter_2047101688423669053:7300,19400
BruceChen 11:16:51.683 [main] INFO  edu.bjut.homo.myMain - oneTimeMeterRepTime
BruceChen 11:16:52.264 [main] INFO  edu.bjut.homo.myMain - agg:resp_agg
BruceChen 11:16:52.264 [main] INFO  edu.bjut.homo.myMain - agg:199518200
BruceChen 11:16:52.264 [main] INFO  edu.bjut.homo.myMain - server:report_res
BruceChen 11:16:52.264 [main] INFO  edu.bjut.homo.myMain - server:14034300
BruceChen 11:16:52.264 [main] INFO  edu.bjut.homo.myMain - meter_894831895778476087:report
BruceChen 11:16:52.264 [main] INFO  edu.bjut.homo.myMain - meter_894831895778476087:9314900
BruceChen 11:16:52.264 [main] INFO  edu.bjut.homo.myMain - meter_8705141257527489999:report
BruceChen 11:16:52.264 [main] INFO  edu.bjut.homo.myMain - meter_8705141257527489999:9319600
BruceChen 11:16:52.264 [main] INFO  edu.bjut.homo.myMain - meter_2793405224076346909:report
BruceChen 11:16:52.264 [main] INFO  edu.bjut.homo.myMain - meter_2793405224076346909:9308600
BruceChen 11:16:52.264 [main] INFO  edu.bjut.homo.myMain - meter_1752652066949182765:report
BruceChen 11:16:52.264 [main] INFO  edu.bjut.homo.myMain - meter_1752652066949182765:9297100
BruceChen 11:16:52.264 [main] INFO  edu.bjut.homo.myMain - meter_635503198457534057:report
BruceChen 11:16:52.264 [main] INFO  edu.bjut.homo.myMain - meter_635503198457534057:9303900
BruceChen 11:16:52.264 [main] INFO  edu.bjut.homo.myMain - meter_5276514309970319505:report
BruceChen 11:16:52.264 [main] INFO  edu.bjut.homo.myMain - meter_5276514309970319505:9310500
BruceChen 11:16:52.264 [main] INFO  edu.bjut.homo.myMain - meter_6693670153402403729:report
BruceChen 11:16:52.264 [main] INFO  edu.bjut.homo.myMain - meter_6693670153402403729:9268000
BruceChen 11:16:52.264 [main] INFO  edu.bjut.homo.myMain - meter_4251402348792567779:report
BruceChen 11:16:52.264 [main] INFO  edu.bjut.homo.myMain - meter_4251402348792567779:9167300
BruceChen 11:16:52.264 [main] INFO  edu.bjut.homo.myMain - meter_2254806447213247511:report
BruceChen 11:16:52.264 [main] INFO  edu.bjut.homo.myMain - meter_2254806447213247511:9189700
BruceChen 11:16:52.264 [main] INFO  edu.bjut.homo.myMain - meter_4609983944787783693:report
BruceChen 11:16:52.264 [main] INFO  edu.bjut.homo.myMain - meter_4609983944787783693:9128100
BruceChen 11:16:52.264 [main] INFO  edu.bjut.homo.myMain - meter_1401164683910947603:report
BruceChen 11:16:52.264 [main] INFO  edu.bjut.homo.myMain - meter_1401164683910947603:8972900
BruceChen 11:16:52.264 [main] INFO  edu.bjut.homo.myMain - meter_6400945257557181659:report
BruceChen 11:16:52.264 [main] INFO  edu.bjut.homo.myMain - meter_6400945257557181659:9011100
BruceChen 11:16:52.264 [main] INFO  edu.bjut.homo.myMain - meter_2772330227154339973:report
BruceChen 11:16:52.264 [main] INFO  edu.bjut.homo.myMain - meter_2772330227154339973:8997500
BruceChen 11:16:52.264 [main] INFO  edu.bjut.homo.myMain - meter_8981093648134729729:report
BruceChen 11:16:52.264 [main] INFO  edu.bjut.homo.myMain - meter_8981093648134729729:11949200
BruceChen 11:16:52.264 [main] INFO  edu.bjut.homo.myMain - meter_7731712902940999141:report
BruceChen 11:16:52.264 [main] INFO  edu.bjut.homo.myMain - meter_7731712902940999141:9894400
BruceChen 11:16:52.264 [main] INFO  edu.bjut.homo.myMain - meter_4160821568359384159:report
BruceChen 11:16:52.264 [main] INFO  edu.bjut.homo.myMain - meter_4160821568359384159:9866700
BruceChen 11:16:52.264 [main] INFO  edu.bjut.homo.myMain - meter_5525539787306463075:report
BruceChen 11:16:52.264 [main] INFO  edu.bjut.homo.myMain - meter_5525539787306463075:9400300
BruceChen 11:16:52.264 [main] INFO  edu.bjut.homo.myMain - meter_7693324411784522659:report
BruceChen 11:16:52.264 [main] INFO  edu.bjut.homo.myMain - meter_7693324411784522659:9289000
BruceChen 11:16:52.264 [main] INFO  edu.bjut.homo.myMain - meter_6911739143025300195:report
BruceChen 11:16:52.264 [main] INFO  edu.bjut.homo.myMain - meter_6911739143025300195:9254700
BruceChen 11:16:52.264 [main] INFO  edu.bjut.homo.myMain - meter_5688177070872591805:report
BruceChen 11:16:52.264 [main] INFO  edu.bjut.homo.myMain - meter_5688177070872591805:9253200
BruceChen 11:16:52.264 [main] INFO  edu.bjut.homo.myMain - meter_6700819578079103943:report
BruceChen 11:16:52.264 [main] INFO  edu.bjut.homo.myMain - meter_6700819578079103943:9332500
BruceChen 11:16:52.264 [main] INFO  edu.bjut.homo.myMain - meter_1324215697019175927:report
BruceChen 11:16:52.264 [main] INFO  edu.bjut.homo.myMain - meter_1324215697019175927:9323000
BruceChen 11:16:52.264 [main] INFO  edu.bjut.homo.myMain - meter_8017254420463013515:report
BruceChen 11:16:52.264 [main] INFO  edu.bjut.homo.myMain - meter_8017254420463013515:9279400
BruceChen 11:16:52.264 [main] INFO  edu.bjut.homo.myMain - meter_5662358397848345091:report
BruceChen 11:16:52.264 [main] INFO  edu.bjut.homo.myMain - meter_5662358397848345091:9299900
BruceChen 11:16:52.264 [main] INFO  edu.bjut.homo.myMain - meter_6818447942118838785:report
BruceChen 11:16:52.264 [main] INFO  edu.bjut.homo.myMain - meter_6818447942118838785:9212600
BruceChen 11:16:52.264 [main] INFO  edu.bjut.homo.myMain - meter_5517689353154289777:report
BruceChen 11:16:52.264 [main] INFO  edu.bjut.homo.myMain - meter_5517689353154289777:9175000
BruceChen 11:16:52.264 [main] INFO  edu.bjut.homo.myMain - meter_2693791363746616287:report
BruceChen 11:16:52.264 [main] INFO  edu.bjut.homo.myMain - meter_2693791363746616287:9199400
BruceChen 11:16:52.264 [main] INFO  edu.bjut.homo.myMain - meter_8539115736639683331:report
BruceChen 11:16:52.264 [main] INFO  edu.bjut.homo.myMain - meter_8539115736639683331:9263400
BruceChen 11:16:52.264 [main] INFO  edu.bjut.homo.myMain - meter_6716777306475173147:report
BruceChen 11:16:52.264 [main] INFO  edu.bjut.homo.myMain - meter_6716777306475173147:9329600
BruceChen 11:16:52.264 [main] INFO  edu.bjut.homo.myMain - meter_6149626699551595081:report
BruceChen 11:16:52.264 [main] INFO  edu.bjut.homo.myMain - meter_6149626699551595081:9286700
BruceChen 11:16:52.264 [main] INFO  edu.bjut.homo.myMain - meter_1829452229004566375:report
BruceChen 11:16:52.264 [main] INFO  edu.bjut.homo.myMain - meter_1829452229004566375:9281100
BruceChen 11:16:52.264 [main] INFO  edu.bjut.homo.myMain - meter_7538118032166769237:report
BruceChen 11:16:52.264 [main] INFO  edu.bjut.homo.myMain - meter_7538118032166769237:9398000
BruceChen 11:16:52.264 [main] INFO  edu.bjut.homo.myMain - meter_8868885677567429575:report
BruceChen 11:16:52.264 [main] INFO  edu.bjut.homo.myMain - meter_8868885677567429575:9353400
BruceChen 11:16:52.264 [main] INFO  edu.bjut.homo.myMain - meter_6219811842618721219:report
BruceChen 11:16:52.264 [main] INFO  edu.bjut.homo.myMain - meter_6219811842618721219:9265900
BruceChen 11:16:52.264 [main] INFO  edu.bjut.homo.myMain - meter_2063726472615014151:report
BruceChen 11:16:52.264 [main] INFO  edu.bjut.homo.myMain - meter_2063726472615014151:9229900
BruceChen 11:16:52.264 [main] INFO  edu.bjut.homo.myMain - meter_7490955190971054253:report
BruceChen 11:16:52.264 [main] INFO  edu.bjut.homo.myMain - meter_7490955190971054253:9379200
BruceChen 11:16:52.264 [main] INFO  edu.bjut.homo.myMain - meter_8387876838300451403:report
BruceChen 11:16:52.264 [main] INFO  edu.bjut.homo.myMain - meter_8387876838300451403:9273400
BruceChen 11:16:52.264 [main] INFO  edu.bjut.homo.myMain - meter_4136124534509250597:report
BruceChen 11:16:52.264 [main] INFO  edu.bjut.homo.myMain - meter_4136124534509250597:9273600
BruceChen 11:16:52.264 [main] INFO  edu.bjut.homo.myMain - meter_5481223883415037293:report
BruceChen 11:16:52.264 [main] INFO  edu.bjut.homo.myMain - meter_5481223883415037293:9307800
BruceChen 11:16:52.264 [main] INFO  edu.bjut.homo.myMain - meter_2047101688423669053:report
BruceChen 11:16:52.264 [main] INFO  edu.bjut.homo.myMain - meter_2047101688423669053:9274900
BruceChen 11:16:54.569 [main] INFO  edu.bjut.homo.myMain - meterRegTime
BruceChen 11:16:54.788 [main] INFO  edu.bjut.homo.myMain - kgc:reg_response,reg_response,reg_response,reg_response,reg_response,reg_response,reg_response,reg_response,reg_response,reg_response,reg_response,reg_response,reg_response,reg_response,reg_response,reg_response,reg_response,reg_response,reg_response,reg_response,reg_response,reg_response,reg_response,reg_response,reg_response,reg_response,reg_response,reg_response,reg_response,reg_response
BruceChen 11:16:54.788 [main] INFO  edu.bjut.homo.myMain - kgc:7302300,7227300,7453900,7172300,7176300,7210700,7820300,7364000,7244800,7267700,7154400,7135600,7257700,7250100,7149200,8564500,7139100,7236500,7127600,7159000,7113000,7166500,7143500,7226900,7112000,7123900,7643700,7140300,7117500,7005600
BruceChen 11:16:54.788 [main] INFO  edu.bjut.homo.myMain - meter_773442348678615113:reg,reg_response
BruceChen 11:16:54.788 [main] INFO  edu.bjut.homo.myMain - meter_773442348678615113:29300,23700
BruceChen 11:16:54.788 [main] INFO  edu.bjut.homo.myMain - meter_238592770775805801:reg,reg_response
BruceChen 11:16:54.788 [main] INFO  edu.bjut.homo.myMain - meter_238592770775805801:6200,27600
BruceChen 11:16:54.788 [main] INFO  edu.bjut.homo.myMain - meter_705688341524660665:reg,reg_response
BruceChen 11:16:54.788 [main] INFO  edu.bjut.homo.myMain - meter_705688341524660665:6200,21700
BruceChen 11:16:54.788 [main] INFO  edu.bjut.homo.myMain - meter_70115567845255487:reg,reg_response
BruceChen 11:16:54.788 [main] INFO  edu.bjut.homo.myMain - meter_70115567845255487:5800,49700
BruceChen 11:16:54.788 [main] INFO  edu.bjut.homo.myMain - meter_8894284816076140499:reg,reg_response
BruceChen 11:16:54.788 [main] INFO  edu.bjut.homo.myMain - meter_8894284816076140499:8200,27600
BruceChen 11:16:54.788 [main] INFO  edu.bjut.homo.myMain - meter_1232267946481703505:reg,reg_response
BruceChen 11:16:54.788 [main] INFO  edu.bjut.homo.myMain - meter_1232267946481703505:7500,20200
BruceChen 11:16:54.788 [main] INFO  edu.bjut.homo.myMain - meter_7997363164468551509:reg,reg_response
BruceChen 11:16:54.788 [main] INFO  edu.bjut.homo.myMain - meter_7997363164468551509:8600,20000
BruceChen 11:16:54.788 [main] INFO  edu.bjut.homo.myMain - meter_7614784448898725421:reg,reg_response
BruceChen 11:16:54.788 [main] INFO  edu.bjut.homo.myMain - meter_7614784448898725421:5800,19600
BruceChen 11:16:54.788 [main] INFO  edu.bjut.homo.myMain - meter_4405966287516674155:reg,reg_response
BruceChen 11:16:54.788 [main] INFO  edu.bjut.homo.myMain - meter_4405966287516674155:5500,20000
BruceChen 11:16:54.788 [main] INFO  edu.bjut.homo.myMain - meter_8129042856531550659:reg,reg_response
BruceChen 11:16:54.788 [main] INFO  edu.bjut.homo.myMain - meter_8129042856531550659:5400,19400
BruceChen 11:16:54.788 [main] INFO  edu.bjut.homo.myMain - meter_2335860202485287585:reg,reg_response
BruceChen 11:16:54.788 [main] INFO  edu.bjut.homo.myMain - meter_2335860202485287585:5300,21300
BruceChen 11:16:54.788 [main] INFO  edu.bjut.homo.myMain - meter_19599865282684843:reg,reg_response
BruceChen 11:16:54.788 [main] INFO  edu.bjut.homo.myMain - meter_19599865282684843:6100,20200
BruceChen 11:16:54.788 [main] INFO  edu.bjut.homo.myMain - meter_7681615635365495279:reg,reg_response
BruceChen 11:16:54.788 [main] INFO  edu.bjut.homo.myMain - meter_7681615635365495279:6100,20400
BruceChen 11:16:54.788 [main] INFO  edu.bjut.homo.myMain - meter_6062733012030233913:reg,reg_response
BruceChen 11:16:54.788 [main] INFO  edu.bjut.homo.myMain - meter_6062733012030233913:5800,19600
BruceChen 11:16:54.788 [main] INFO  edu.bjut.homo.myMain - meter_7796670543253926161:reg,reg_response
BruceChen 11:16:54.788 [main] INFO  edu.bjut.homo.myMain - meter_7796670543253926161:5600,22000
BruceChen 11:16:54.788 [main] INFO  edu.bjut.homo.myMain - meter_206711267680639431:reg,reg_response
BruceChen 11:16:54.788 [main] INFO  edu.bjut.homo.myMain - meter_206711267680639431:5400,27300
BruceChen 11:16:54.788 [main] INFO  edu.bjut.homo.myMain - meter_3691212205241064665:reg,reg_response
BruceChen 11:16:54.788 [main] INFO  edu.bjut.homo.myMain - meter_3691212205241064665:6900,22600
BruceChen 11:16:54.788 [main] INFO  edu.bjut.homo.myMain - meter_8432243316933266065:reg,reg_response
BruceChen 11:16:54.788 [main] INFO  edu.bjut.homo.myMain - meter_8432243316933266065:6100,20300
BruceChen 11:16:54.788 [main] INFO  edu.bjut.homo.myMain - meter_4793880549652546889:reg,reg_response
BruceChen 11:16:54.788 [main] INFO  edu.bjut.homo.myMain - meter_4793880549652546889:5600,18600
BruceChen 11:16:54.788 [main] INFO  edu.bjut.homo.myMain - meter_1657117779007109849:reg,reg_response
BruceChen 11:16:54.788 [main] INFO  edu.bjut.homo.myMain - meter_1657117779007109849:5300,20700
BruceChen 11:16:54.788 [main] INFO  edu.bjut.homo.myMain - meter_8479824588821213137:reg,reg_response
BruceChen 11:16:54.788 [main] INFO  edu.bjut.homo.myMain - meter_8479824588821213137:5600,19300
BruceChen 11:16:54.788 [main] INFO  edu.bjut.homo.myMain - meter_4055466025908888115:reg,reg_response
BruceChen 11:16:54.788 [main] INFO  edu.bjut.homo.myMain - meter_4055466025908888115:5400,20500
BruceChen 11:16:54.788 [main] INFO  edu.bjut.homo.myMain - meter_5645510702950435361:reg,reg_response
BruceChen 11:16:54.788 [main] INFO  edu.bjut.homo.myMain - meter_5645510702950435361:5600,18900
BruceChen 11:16:54.788 [main] INFO  edu.bjut.homo.myMain - meter_4242405088046763311:reg,reg_response
BruceChen 11:16:54.788 [main] INFO  edu.bjut.homo.myMain - meter_4242405088046763311:5000,18600
BruceChen 11:16:54.788 [main] INFO  edu.bjut.homo.myMain - meter_398185393750601679:reg,reg_response
BruceChen 11:16:54.788 [main] INFO  edu.bjut.homo.myMain - meter_398185393750601679:5400,19100
BruceChen 11:16:54.788 [main] INFO  edu.bjut.homo.myMain - meter_7264111851325695657:reg,reg_response
BruceChen 11:16:54.788 [main] INFO  edu.bjut.homo.myMain - meter_7264111851325695657:5600,19000
BruceChen 11:16:54.788 [main] INFO  edu.bjut.homo.myMain - meter_69473126934966345:reg,reg_response
BruceChen 11:16:54.788 [main] INFO  edu.bjut.homo.myMain - meter_69473126934966345:5400,18700
BruceChen 11:16:54.788 [main] INFO  edu.bjut.homo.myMain - meter_2722405299838782305:reg,reg_response
BruceChen 11:16:54.788 [main] INFO  edu.bjut.homo.myMain - meter_2722405299838782305:7700,18600
BruceChen 11:16:54.788 [main] INFO  edu.bjut.homo.myMain - meter_4660080112868500129:reg,reg_response
BruceChen 11:16:54.788 [main] INFO  edu.bjut.homo.myMain - meter_4660080112868500129:5100,18800
BruceChen 11:16:54.788 [main] INFO  edu.bjut.homo.myMain - meter_1764322252726591941:reg,reg_response
BruceChen 11:16:54.788 [main] INFO  edu.bjut.homo.myMain - meter_1764322252726591941:5200,18000
BruceChen 11:16:54.804 [main] INFO  edu.bjut.homo.myMain - oneTimeMeterRepTime
BruceChen 11:16:55.241 [main] INFO  edu.bjut.homo.myMain - agg:resp_agg
BruceChen 11:16:55.241 [main] INFO  edu.bjut.homo.myMain - agg:148804500
BruceChen 11:16:55.241 [main] INFO  edu.bjut.homo.myMain - server:report_res
BruceChen 11:16:55.241 [main] INFO  edu.bjut.homo.myMain - server:13855100
BruceChen 11:16:55.241 [main] INFO  edu.bjut.homo.myMain - meter_773442348678615113:report
BruceChen 11:16:55.241 [main] INFO  edu.bjut.homo.myMain - meter_773442348678615113:9899300
BruceChen 11:16:55.241 [main] INFO  edu.bjut.homo.myMain - meter_238592770775805801:report
BruceChen 11:16:55.241 [main] INFO  edu.bjut.homo.myMain - meter_238592770775805801:9276300
BruceChen 11:16:55.241 [main] INFO  edu.bjut.homo.myMain - meter_705688341524660665:report
BruceChen 11:16:55.241 [main] INFO  edu.bjut.homo.myMain - meter_705688341524660665:9375300
BruceChen 11:16:55.241 [main] INFO  edu.bjut.homo.myMain - meter_70115567845255487:report
BruceChen 11:16:55.241 [main] INFO  edu.bjut.homo.myMain - meter_70115567845255487:9263900
BruceChen 11:16:55.241 [main] INFO  edu.bjut.homo.myMain - meter_8894284816076140499:report
BruceChen 11:16:55.241 [main] INFO  edu.bjut.homo.myMain - meter_8894284816076140499:9299300
BruceChen 11:16:55.241 [main] INFO  edu.bjut.homo.myMain - meter_1232267946481703505:report
BruceChen 11:16:55.241 [main] INFO  edu.bjut.homo.myMain - meter_1232267946481703505:9338800
BruceChen 11:16:55.241 [main] INFO  edu.bjut.homo.myMain - meter_7997363164468551509:report
BruceChen 11:16:55.241 [main] INFO  edu.bjut.homo.myMain - meter_7997363164468551509:9264000
BruceChen 11:16:55.241 [main] INFO  edu.bjut.homo.myMain - meter_7614784448898725421:report
BruceChen 11:16:55.241 [main] INFO  edu.bjut.homo.myMain - meter_7614784448898725421:9250900
BruceChen 11:16:55.241 [main] INFO  edu.bjut.homo.myMain - meter_4405966287516674155:report
BruceChen 11:16:55.241 [main] INFO  edu.bjut.homo.myMain - meter_4405966287516674155:9243400
BruceChen 11:16:55.241 [main] INFO  edu.bjut.homo.myMain - meter_8129042856531550659:report
BruceChen 11:16:55.241 [main] INFO  edu.bjut.homo.myMain - meter_8129042856531550659:9501100
BruceChen 11:16:55.241 [main] INFO  edu.bjut.homo.myMain - meter_2335860202485287585:report
BruceChen 11:16:55.241 [main] INFO  edu.bjut.homo.myMain - meter_2335860202485287585:9215200
BruceChen 11:16:55.241 [main] INFO  edu.bjut.homo.myMain - meter_19599865282684843:report
BruceChen 11:16:55.241 [main] INFO  edu.bjut.homo.myMain - meter_19599865282684843:9199600
BruceChen 11:16:55.241 [main] INFO  edu.bjut.homo.myMain - meter_7681615635365495279:report
BruceChen 11:16:55.241 [main] INFO  edu.bjut.homo.myMain - meter_7681615635365495279:9258700
BruceChen 11:16:55.241 [main] INFO  edu.bjut.homo.myMain - meter_6062733012030233913:report
BruceChen 11:16:55.241 [main] INFO  edu.bjut.homo.myMain - meter_6062733012030233913:9262700
BruceChen 11:16:55.241 [main] INFO  edu.bjut.homo.myMain - meter_7796670543253926161:report
BruceChen 11:16:55.241 [main] INFO  edu.bjut.homo.myMain - meter_7796670543253926161:9327200
BruceChen 11:16:55.241 [main] INFO  edu.bjut.homo.myMain - meter_206711267680639431:report
BruceChen 11:16:55.241 [main] INFO  edu.bjut.homo.myMain - meter_206711267680639431:9371400
BruceChen 11:16:55.241 [main] INFO  edu.bjut.homo.myMain - meter_3691212205241064665:report
BruceChen 11:16:55.241 [main] INFO  edu.bjut.homo.myMain - meter_3691212205241064665:9312300
BruceChen 11:16:55.241 [main] INFO  edu.bjut.homo.myMain - meter_8432243316933266065:report
BruceChen 11:16:55.241 [main] INFO  edu.bjut.homo.myMain - meter_8432243316933266065:9255500
BruceChen 11:16:55.241 [main] INFO  edu.bjut.homo.myMain - meter_4793880549652546889:report
BruceChen 11:16:55.241 [main] INFO  edu.bjut.homo.myMain - meter_4793880549652546889:9276300
BruceChen 11:16:55.241 [main] INFO  edu.bjut.homo.myMain - meter_1657117779007109849:report
BruceChen 11:16:55.241 [main] INFO  edu.bjut.homo.myMain - meter_1657117779007109849:9250400
BruceChen 11:16:55.241 [main] INFO  edu.bjut.homo.myMain - meter_8479824588821213137:report
BruceChen 11:16:55.241 [main] INFO  edu.bjut.homo.myMain - meter_8479824588821213137:9356400
BruceChen 11:16:55.241 [main] INFO  edu.bjut.homo.myMain - meter_4055466025908888115:report
BruceChen 11:16:55.241 [main] INFO  edu.bjut.homo.myMain - meter_4055466025908888115:9260900
BruceChen 11:16:55.241 [main] INFO  edu.bjut.homo.myMain - meter_5645510702950435361:report
BruceChen 11:16:55.241 [main] INFO  edu.bjut.homo.myMain - meter_5645510702950435361:9250000
BruceChen 11:16:55.241 [main] INFO  edu.bjut.homo.myMain - meter_4242405088046763311:report
BruceChen 11:16:55.241 [main] INFO  edu.bjut.homo.myMain - meter_4242405088046763311:9385600
BruceChen 11:16:55.241 [main] INFO  edu.bjut.homo.myMain - meter_398185393750601679:report
BruceChen 11:16:55.241 [main] INFO  edu.bjut.homo.myMain - meter_398185393750601679:9314100
BruceChen 11:16:55.241 [main] INFO  edu.bjut.homo.myMain - meter_7264111851325695657:report
BruceChen 11:16:55.241 [main] INFO  edu.bjut.homo.myMain - meter_7264111851325695657:9247400
BruceChen 11:16:55.241 [main] INFO  edu.bjut.homo.myMain - meter_69473126934966345:report
BruceChen 11:16:55.241 [main] INFO  edu.bjut.homo.myMain - meter_69473126934966345:9265900
BruceChen 11:16:55.241 [main] INFO  edu.bjut.homo.myMain - meter_2722405299838782305:report
BruceChen 11:16:55.241 [main] INFO  edu.bjut.homo.myMain - meter_2722405299838782305:9257100
BruceChen 11:16:55.241 [main] INFO  edu.bjut.homo.myMain - meter_4660080112868500129:report
BruceChen 11:16:55.241 [main] INFO  edu.bjut.homo.myMain - meter_4660080112868500129:9273200
BruceChen 11:16:55.241 [main] INFO  edu.bjut.homo.myMain - meter_1764322252726591941:report
BruceChen 11:16:55.241 [main] INFO  edu.bjut.homo.myMain - meter_1764322252726591941:9262200
BruceChen 11:16:57.156 [main] INFO  edu.bjut.homo.myMain - meterRegTime
BruceChen 11:16:57.297 [main] INFO  edu.bjut.homo.myMain - kgc:reg_response,reg_response,reg_response,reg_response,reg_response,reg_response,reg_response,reg_response,reg_response,reg_response,reg_response,reg_response,reg_response,reg_response,reg_response,reg_response,reg_response,reg_response,reg_response,reg_response
BruceChen 11:16:57.297 [main] INFO  edu.bjut.homo.myMain - kgc:7326500,7140100,7268200,7155800,7217400,7120600,7203000,7269200,7222200,7139100,7177500,7254800,7130300,7275700,7257900,7135300,7307100,7111200,7205900,7144500
BruceChen 11:16:57.297 [main] INFO  edu.bjut.homo.myMain - meter_6382620358360146299:reg,reg_response
BruceChen 11:16:57.297 [main] INFO  edu.bjut.homo.myMain - meter_6382620358360146299:27900,21900
BruceChen 11:16:57.297 [main] INFO  edu.bjut.homo.myMain - meter_1351734476459177041:reg,reg_response
BruceChen 11:16:57.297 [main] INFO  edu.bjut.homo.myMain - meter_1351734476459177041:5800,19000
BruceChen 11:16:57.297 [main] INFO  edu.bjut.homo.myMain - meter_7277802213415447363:reg,reg_response
BruceChen 11:16:57.297 [main] INFO  edu.bjut.homo.myMain - meter_7277802213415447363:5000,18400
BruceChen 11:16:57.297 [main] INFO  edu.bjut.homo.myMain - meter_958153730418848099:reg,reg_response
BruceChen 11:16:57.297 [main] INFO  edu.bjut.homo.myMain - meter_958153730418848099:5200,18200
BruceChen 11:16:57.297 [main] INFO  edu.bjut.homo.myMain - meter_8656152230215614111:reg,reg_response
BruceChen 11:16:57.297 [main] INFO  edu.bjut.homo.myMain - meter_8656152230215614111:5300,18700
BruceChen 11:16:57.297 [main] INFO  edu.bjut.homo.myMain - meter_236190555389795083:reg,reg_response
BruceChen 11:16:57.297 [main] INFO  edu.bjut.homo.myMain - meter_236190555389795083:5100,17600
BruceChen 11:16:57.297 [main] INFO  edu.bjut.homo.myMain - meter_2612736508979660393:reg,reg_response
BruceChen 11:16:57.297 [main] INFO  edu.bjut.homo.myMain - meter_2612736508979660393:5200,18100
BruceChen 11:16:57.297 [main] INFO  edu.bjut.homo.myMain - meter_5730422800506172459:reg,reg_response
BruceChen 11:16:57.297 [main] INFO  edu.bjut.homo.myMain - meter_5730422800506172459:5100,31300
BruceChen 11:16:57.297 [main] INFO  edu.bjut.homo.myMain - meter_3955938550864772527:reg,reg_response
BruceChen 11:16:57.297 [main] INFO  edu.bjut.homo.myMain - meter_3955938550864772527:5300,20200
BruceChen 11:16:57.297 [main] INFO  edu.bjut.homo.myMain - meter_5262230977905137617:reg,reg_response
BruceChen 11:16:57.297 [main] INFO  edu.bjut.homo.myMain - meter_5262230977905137617:5900,32300
BruceChen 11:16:57.297 [main] INFO  edu.bjut.homo.myMain - meter_4480646808640765185:reg,reg_response
BruceChen 11:16:57.297 [main] INFO  edu.bjut.homo.myMain - meter_4480646808640765185:5400,33100
BruceChen 11:16:57.297 [main] INFO  edu.bjut.homo.myMain - meter_3396613763208379135:reg,reg_response
BruceChen 11:16:57.297 [main] INFO  edu.bjut.homo.myMain - meter_3396613763208379135:5400,17200
BruceChen 11:16:57.297 [main] INFO  edu.bjut.homo.myMain - meter_5130551285842139021:reg,reg_response
BruceChen 11:16:57.297 [main] INFO  edu.bjut.homo.myMain - meter_5130551285842139021:5500,16700
BruceChen 11:16:57.297 [main] INFO  edu.bjut.homo.myMain - meter_3264934066850411417:reg,reg_response
BruceChen 11:16:57.297 [main] INFO  edu.bjut.homo.myMain - meter_3264934066850411417:5100,16800
BruceChen 11:16:57.297 [main] INFO  edu.bjut.homo.myMain - meter_3977568508211507875:reg,reg_response
BruceChen 11:16:57.297 [main] INFO  edu.bjut.homo.myMain - meter_3977568508211507875:5200,16600
BruceChen 11:16:57.297 [main] INFO  edu.bjut.homo.myMain - meter_6667348198501475763:reg,reg_response
BruceChen 11:16:57.297 [main] INFO  edu.bjut.homo.myMain - meter_6667348198501475763:4700,16100
BruceChen 11:16:57.297 [main] INFO  edu.bjut.homo.myMain - meter_7673656062201724087:reg,reg_response
BruceChen 11:16:57.297 [main] INFO  edu.bjut.homo.myMain - meter_7673656062201724087:4800,16500
BruceChen 11:16:57.297 [main] INFO  edu.bjut.homo.myMain - meter_7023751585017127117:reg,reg_response
BruceChen 11:16:57.297 [main] INFO  edu.bjut.homo.myMain - meter_7023751585017127117:5200,16200
BruceChen 11:16:57.297 [main] INFO  edu.bjut.homo.myMain - meter_3847366020447634629:reg,reg_response
BruceChen 11:16:57.297 [main] INFO  edu.bjut.homo.myMain - meter_3847366020447634629:4900,16500
BruceChen 11:16:57.297 [main] INFO  edu.bjut.homo.myMain - meter_5686476960161805043:reg,reg_response
BruceChen 11:16:57.297 [main] INFO  edu.bjut.homo.myMain - meter_5686476960161805043:5000,16200
BruceChen 11:16:57.297 [main] INFO  edu.bjut.homo.myMain - oneTimeMeterRepTime
BruceChen 11:16:57.594 [main] INFO  edu.bjut.homo.myMain - agg:resp_agg
BruceChen 11:16:57.594 [main] INFO  edu.bjut.homo.myMain - agg:99200300
BruceChen 11:16:57.594 [main] INFO  edu.bjut.homo.myMain - server:report_res
BruceChen 11:16:57.594 [main] INFO  edu.bjut.homo.myMain - server:13863400
BruceChen 11:16:57.594 [main] INFO  edu.bjut.homo.myMain - meter_6382620358360146299:report
BruceChen 11:16:57.594 [main] INFO  edu.bjut.homo.myMain - meter_6382620358360146299:9316700
BruceChen 11:16:57.594 [main] INFO  edu.bjut.homo.myMain - meter_1351734476459177041:report
BruceChen 11:16:57.594 [main] INFO  edu.bjut.homo.myMain - meter_1351734476459177041:9274000
BruceChen 11:16:57.594 [main] INFO  edu.bjut.homo.myMain - meter_7277802213415447363:report
BruceChen 11:16:57.594 [main] INFO  edu.bjut.homo.myMain - meter_7277802213415447363:9266000
BruceChen 11:16:57.594 [main] INFO  edu.bjut.homo.myMain - meter_958153730418848099:report
BruceChen 11:16:57.594 [main] INFO  edu.bjut.homo.myMain - meter_958153730418848099:9262800
BruceChen 11:16:57.594 [main] INFO  edu.bjut.homo.myMain - meter_8656152230215614111:report
BruceChen 11:16:57.594 [main] INFO  edu.bjut.homo.myMain - meter_8656152230215614111:9212000
BruceChen 11:16:57.594 [main] INFO  edu.bjut.homo.myMain - meter_236190555389795083:report
BruceChen 11:16:57.594 [main] INFO  edu.bjut.homo.myMain - meter_236190555389795083:9256600
BruceChen 11:16:57.594 [main] INFO  edu.bjut.homo.myMain - meter_2612736508979660393:report
BruceChen 11:16:57.594 [main] INFO  edu.bjut.homo.myMain - meter_2612736508979660393:9294100
BruceChen 11:16:57.594 [main] INFO  edu.bjut.homo.myMain - meter_5730422800506172459:report
BruceChen 11:16:57.594 [main] INFO  edu.bjut.homo.myMain - meter_5730422800506172459:9286400
BruceChen 11:16:57.594 [main] INFO  edu.bjut.homo.myMain - meter_3955938550864772527:report
BruceChen 11:16:57.594 [main] INFO  edu.bjut.homo.myMain - meter_3955938550864772527:9379900
BruceChen 11:16:57.594 [main] INFO  edu.bjut.homo.myMain - meter_5262230977905137617:report
BruceChen 11:16:57.594 [main] INFO  edu.bjut.homo.myMain - meter_5262230977905137617:9240300
BruceChen 11:16:57.594 [main] INFO  edu.bjut.homo.myMain - meter_4480646808640765185:report
BruceChen 11:16:57.594 [main] INFO  edu.bjut.homo.myMain - meter_4480646808640765185:10253700
BruceChen 11:16:57.594 [main] INFO  edu.bjut.homo.myMain - meter_3396613763208379135:report
BruceChen 11:16:57.594 [main] INFO  edu.bjut.homo.myMain - meter_3396613763208379135:9235800
BruceChen 11:16:57.594 [main] INFO  edu.bjut.homo.myMain - meter_5130551285842139021:report
BruceChen 11:16:57.594 [main] INFO  edu.bjut.homo.myMain - meter_5130551285842139021:9204800
BruceChen 11:16:57.594 [main] INFO  edu.bjut.homo.myMain - meter_3264934066850411417:report
BruceChen 11:16:57.594 [main] INFO  edu.bjut.homo.myMain - meter_3264934066850411417:9234900
BruceChen 11:16:57.594 [main] INFO  edu.bjut.homo.myMain - meter_3977568508211507875:report
BruceChen 11:16:57.594 [main] INFO  edu.bjut.homo.myMain - meter_3977568508211507875:9231500
BruceChen 11:16:57.594 [main] INFO  edu.bjut.homo.myMain - meter_6667348198501475763:report
BruceChen 11:16:57.594 [main] INFO  edu.bjut.homo.myMain - meter_6667348198501475763:9374900
BruceChen 11:16:57.594 [main] INFO  edu.bjut.homo.myMain - meter_7673656062201724087:report
BruceChen 11:16:57.594 [main] INFO  edu.bjut.homo.myMain - meter_7673656062201724087:9313400
BruceChen 11:16:57.594 [main] INFO  edu.bjut.homo.myMain - meter_7023751585017127117:report
BruceChen 11:16:57.594 [main] INFO  edu.bjut.homo.myMain - meter_7023751585017127117:9249700
BruceChen 11:16:57.594 [main] INFO  edu.bjut.homo.myMain - meter_3847366020447634629:report
BruceChen 11:16:57.594 [main] INFO  edu.bjut.homo.myMain - meter_3847366020447634629:9318300
BruceChen 11:16:57.594 [main] INFO  edu.bjut.homo.myMain - meter_5686476960161805043:report
BruceChen 11:16:57.594 [main] INFO  edu.bjut.homo.myMain - meter_5686476960161805043:9245100
