BruceChen 11:05:31.351 [main] INFO  edu.bjut.boudia.myMain - oneTimeMeterRegTime
BruceChen 11:05:32.125 [main] INFO  edu.bjut.boudia.myMain - server:pubkey
BruceChen 11:05:32.125 [main] INFO  edu.bjut.boudia.myMain - server:204800
BruceChen 11:05:32.141 [main] INFO  edu.bjut.boudia.myMain - agg:regMsg,regMsg,regMsg,regMsg,regMsg,regMsg,regMsg,regMsg,regMsg,regMsg,regMsg,regMsg,regMsg,regMsg,regMsg,regMsg,regMsg,regMsg,regMsg,regMsg,regMsg,regMsg,regMsg,regMsg,regMsg,regMsg,regMsg,regMsg,regMsg,regMsg,regMsg,regMsg,regMsg,regMsg,regMsg,regMsg,regMsg,regMsg,regMsg,regMsg,regMsg,regMsg,regMsg,regMsg,regMsg,regMsg,regMsg,regMsg,regMsg,regMsg,regMsg,regMsg,regMsg,regMsg,regMsg,regMsg,regMsg,regMsg,regMsg,regMsg
BruceChen 11:05:32.149 [main] INFO  edu.bjut.boudia.myMain - agg:6601800,6486400,6522200,6433400,6485000,6594800,6549000,6625900,6554600,6574300,6601700,6529100,6526300,6522100,6901500,6512100,6482100,6458400,6487500,6317500,6339500,6324000,6298700,6318600,6297900,6324100,6353000,6337800,6331200,6300400,6315900,8716100,6518700,6516000,6503600,6482400,6493400,6323000,6330300,6330900,6329800,6310800,6298000,6291900,6348000,6578200,6311000,6307900,6366800,6386500,6300000,6321600,6317500,6325100,6317600,6293600,6296200,6323000,6469600,6522900
BruceChen 11:05:32.149 [main] INFO  edu.bjut.boudia.myMain - meter_6632442730799637127:regMsg,reg_backagg,reg_cc
BruceChen 11:05:32.149 [main] INFO  edu.bjut.boudia.myMain - meter_6632442730799637127:2700,6621200,3900
BruceChen 11:05:32.149 [main] INFO  edu.bjut.boudia.myMain - meter_6726530586756790183:regMsg,reg_backagg,reg_cc
BruceChen 11:05:32.149 [main] INFO  edu.bjut.boudia.myMain - meter_6726530586756790183:400,6596700,400
BruceChen 11:05:32.149 [main] INFO  edu.bjut.boudia.myMain - meter_1871297370866495887:regMsg,reg_backagg,reg_cc
BruceChen 11:05:32.149 [main] INFO  edu.bjut.boudia.myMain - meter_1871297370866495887:300,6485900,500
BruceChen 11:05:32.149 [main] INFO  edu.bjut.boudia.myMain - meter_1185423401598706553:regMsg,reg_backagg,reg_cc
BruceChen 11:05:32.149 [main] INFO  edu.bjut.boudia.myMain - meter_1185423401598706553:300,6409200,400
BruceChen 11:05:32.149 [main] INFO  edu.bjut.boudia.myMain - meter_6625150071140380771:regMsg,reg_backagg,reg_cc
BruceChen 11:05:32.149 [main] INFO  edu.bjut.boudia.myMain - meter_6625150071140380771:200,6536300,400
BruceChen 11:05:32.149 [main] INFO  edu.bjut.boudia.myMain - meter_2128253017366731157:regMsg,reg_backagg,reg_cc
BruceChen 11:05:32.149 [main] INFO  edu.bjut.boudia.myMain - meter_2128253017366731157:400,6576700,400
BruceChen 11:05:32.149 [main] INFO  edu.bjut.boudia.myMain - meter_6734374391872007483:regMsg,reg_backagg,reg_cc
BruceChen 11:05:32.149 [main] INFO  edu.bjut.boudia.myMain - meter_6734374391872007483:300,6662600,700
BruceChen 11:05:32.149 [main] INFO  edu.bjut.boudia.myMain - meter_2724429011581155987:regMsg,reg_backagg,reg_cc
BruceChen 11:05:32.149 [main] INFO  edu.bjut.boudia.myMain - meter_2724429011581155987:400,6665700,600
BruceChen 11:05:32.149 [main] INFO  edu.bjut.boudia.myMain - meter_2592084751741780301:regMsg,reg_backagg,reg_cc
BruceChen 11:05:32.149 [main] INFO  edu.bjut.boudia.myMain - meter_2592084751741780301:300,6724000,500
BruceChen 11:05:32.149 [main] INFO  edu.bjut.boudia.myMain - meter_1808991232995996239:regMsg,reg_backagg,reg_cc
BruceChen 11:05:32.149 [main] INFO  edu.bjut.boudia.myMain - meter_1808991232995996239:400,6586800,500
BruceChen 11:05:32.149 [main] INFO  edu.bjut.boudia.myMain - meter_5576480590316200253:regMsg,reg_backagg,reg_cc
BruceChen 11:05:32.149 [main] INFO  edu.bjut.boudia.myMain - meter_5576480590316200253:400,6630500,600
BruceChen 11:05:32.149 [main] INFO  edu.bjut.boudia.myMain - meter_721170685604537787:regMsg,reg_backagg,reg_cc
BruceChen 11:05:32.149 [main] INFO  edu.bjut.boudia.myMain - meter_721170685604537787:300,6604800,500
BruceChen 11:05:32.149 [main] INFO  edu.bjut.boudia.myMain - meter_1267674298168369847:regMsg,reg_backagg,reg_cc
BruceChen 11:05:32.149 [main] INFO  edu.bjut.boudia.myMain - meter_1267674298168369847:300,6593700,500
BruceChen 11:05:32.149 [main] INFO  edu.bjut.boudia.myMain - meter_8021527992284310205:regMsg,reg_backagg,reg_cc
BruceChen 11:05:32.149 [main] INFO  edu.bjut.boudia.myMain - meter_8021527992284310205:300,6798500,400
BruceChen 11:05:32.149 [main] INFO  edu.bjut.boudia.myMain - meter_8861336351343450477:regMsg,reg_backagg,reg_cc
BruceChen 11:05:32.149 [main] INFO  edu.bjut.boudia.myMain - meter_8861336351343450477:400,6521100,500
BruceChen 11:05:32.149 [main] INFO  edu.bjut.boudia.myMain - meter_8727849577502626853:regMsg,reg_backagg,reg_cc
BruceChen 11:05:32.149 [main] INFO  edu.bjut.boudia.myMain - meter_8727849577502626853:300,6436300,500
BruceChen 11:05:32.149 [main] INFO  edu.bjut.boudia.myMain - meter_6745383476959987987:regMsg,reg_backagg,reg_cc
BruceChen 11:05:32.149 [main] INFO  edu.bjut.boudia.myMain - meter_6745383476959987987:200,6502200,400
BruceChen 11:05:32.149 [main] INFO  edu.bjut.boudia.myMain - meter_8587562234778780001:regMsg,reg_backagg,reg_cc
BruceChen 11:05:32.149 [main] INFO  edu.bjut.boudia.myMain - meter_8587562234778780001:300,6545400,600
BruceChen 11:05:32.149 [main] INFO  edu.bjut.boudia.myMain - meter_4583767472888588255:regMsg,reg_backagg,reg_cc
BruceChen 11:05:32.149 [main] INFO  edu.bjut.boudia.myMain - meter_4583767472888588255:200,6668000,400
BruceChen 11:05:32.149 [main] INFO  edu.bjut.boudia.myMain - meter_9011426557527422231:regMsg,reg_backagg,reg_cc
BruceChen 11:05:32.149 [main] INFO  edu.bjut.boudia.myMain - meter_9011426557527422231:200,6342700,300
BruceChen 11:05:32.149 [main] INFO  edu.bjut.boudia.myMain - meter_5388440883402600217:regMsg,reg_backagg,reg_cc
BruceChen 11:05:32.149 [main] INFO  edu.bjut.boudia.myMain - meter_5388440883402600217:200,6372200,400
BruceChen 11:05:32.149 [main] INFO  edu.bjut.boudia.myMain - meter_6919240573732893981:regMsg,reg_backagg,reg_cc
BruceChen 11:05:32.149 [main] INFO  edu.bjut.boudia.myMain - meter_6919240573732893981:200,6303800,500
BruceChen 11:05:32.149 [main] INFO  edu.bjut.boudia.myMain - meter_6089716382257806641:regMsg,reg_backagg,reg_cc
BruceChen 11:05:32.149 [main] INFO  edu.bjut.boudia.myMain - meter_6089716382257806641:200,6410600,300
BruceChen 11:05:32.149 [main] INFO  edu.bjut.boudia.myMain - meter_825590209088573291:regMsg,reg_backagg,reg_cc
BruceChen 11:05:32.149 [main] INFO  edu.bjut.boudia.myMain - meter_825590209088573291:200,6382500,500
BruceChen 11:05:32.149 [main] INFO  edu.bjut.boudia.myMain - meter_4900956171068511629:regMsg,reg_backagg,reg_cc
BruceChen 11:05:32.149 [main] INFO  edu.bjut.boudia.myMain - meter_4900956171068511629:200,6393500,300
BruceChen 11:05:32.149 [main] INFO  edu.bjut.boudia.myMain - meter_3310800278571630473:regMsg,reg_backagg,reg_cc
BruceChen 11:05:32.149 [main] INFO  edu.bjut.boudia.myMain - meter_3310800278571630473:200,6416900,300
BruceChen 11:05:32.149 [main] INFO  edu.bjut.boudia.myMain - meter_2094749056961257863:regMsg,reg_backagg,reg_cc
BruceChen 11:05:32.149 [main] INFO  edu.bjut.boudia.myMain - meter_2094749056961257863:200,6418300,400
BruceChen 11:05:32.149 [main] INFO  edu.bjut.boudia.myMain - meter_7347521061748200985:regMsg,reg_backagg,reg_cc
BruceChen 11:05:32.149 [main] INFO  edu.bjut.boudia.myMain - meter_7347521061748200985:300,6341700,400
BruceChen 11:05:32.149 [main] INFO  edu.bjut.boudia.myMain - meter_2429633969654001759:regMsg,reg_backagg,reg_cc
BruceChen 11:05:32.149 [main] INFO  edu.bjut.boudia.myMain - meter_2429633969654001759:300,6391100,500
BruceChen 11:05:32.149 [main] INFO  edu.bjut.boudia.myMain - meter_4591882259447410105:regMsg,reg_backagg,reg_cc
BruceChen 11:05:32.149 [main] INFO  edu.bjut.boudia.myMain - meter_4591882259447410105:200,6337600,500
BruceChen 11:05:32.149 [main] INFO  edu.bjut.boudia.myMain - meter_6172436393873340205:regMsg,reg_backagg,reg_cc
BruceChen 11:05:32.149 [main] INFO  edu.bjut.boudia.myMain - meter_6172436393873340205:200,6206900,300
BruceChen 11:05:32.149 [main] INFO  edu.bjut.boudia.myMain - meter_4186874301602653583:regMsg,reg_backagg,reg_cc
BruceChen 11:05:32.149 [main] INFO  edu.bjut.boudia.myMain - meter_4186874301602653583:1100,6467500,500
BruceChen 11:05:32.149 [main] INFO  edu.bjut.boudia.myMain - meter_1488114482151500971:regMsg,reg_backagg,reg_cc
BruceChen 11:05:32.149 [main] INFO  edu.bjut.boudia.myMain - meter_1488114482151500971:400,6441900,400
BruceChen 11:05:32.149 [main] INFO  edu.bjut.boudia.myMain - meter_2849243082034078403:regMsg,reg_backagg,reg_cc
BruceChen 11:05:32.149 [main] INFO  edu.bjut.boudia.myMain - meter_2849243082034078403:300,6568800,200
BruceChen 11:05:32.149 [main] INFO  edu.bjut.boudia.myMain - meter_778849053790646659:regMsg,reg_backagg,reg_cc
BruceChen 11:05:32.149 [main] INFO  edu.bjut.boudia.myMain - meter_778849053790646659:200,6540400,400
BruceChen 11:05:32.149 [main] INFO  edu.bjut.boudia.myMain - meter_8870564033784820867:regMsg,reg_backagg,reg_cc
BruceChen 11:05:32.149 [main] INFO  edu.bjut.boudia.myMain - meter_8870564033784820867:300,6474600,300
BruceChen 11:05:32.149 [main] INFO  edu.bjut.boudia.myMain - meter_3991282601249181645:regMsg,reg_backagg,reg_cc
BruceChen 11:05:32.149 [main] INFO  edu.bjut.boudia.myMain - meter_3991282601249181645:300,6511500,400
BruceChen 11:05:32.149 [main] INFO  edu.bjut.boudia.myMain - meter_147827630872580679:regMsg,reg_backagg,reg_cc
BruceChen 11:05:32.149 [main] INFO  edu.bjut.boudia.myMain - meter_147827630872580679:200,6387300,300
BruceChen 11:05:32.149 [main] INFO  edu.bjut.boudia.myMain - meter_3532919888197974997:regMsg,reg_backagg,reg_cc
BruceChen 11:05:32.149 [main] INFO  edu.bjut.boudia.myMain - meter_3532919888197974997:200,6349900,300
BruceChen 11:05:32.149 [main] INFO  edu.bjut.boudia.myMain - meter_8980688242035597467:regMsg,reg_backagg,reg_cc
BruceChen 11:05:32.149 [main] INFO  edu.bjut.boudia.myMain - meter_8980688242035597467:300,6392500,400
BruceChen 11:05:32.149 [main] INFO  edu.bjut.boudia.myMain - meter_6540770968610041671:regMsg,reg_backagg,reg_cc
BruceChen 11:05:32.149 [main] INFO  edu.bjut.boudia.myMain - meter_6540770968610041671:200,6181400,200
BruceChen 11:05:32.149 [main] INFO  edu.bjut.boudia.myMain - meter_1462166849463610947:regMsg,reg_backagg,reg_cc
BruceChen 11:05:32.149 [main] INFO  edu.bjut.boudia.myMain - meter_1462166849463610947:200,6405000,400
BruceChen 11:05:32.149 [main] INFO  edu.bjut.boudia.myMain - meter_1198851535502356971:regMsg,reg_backagg,reg_cc
BruceChen 11:05:32.149 [main] INFO  edu.bjut.boudia.myMain - meter_1198851535502356971:300,6324600,200
BruceChen 11:05:32.149 [main] INFO  edu.bjut.boudia.myMain - meter_7921919592814739433:regMsg,reg_backagg,reg_cc
BruceChen 11:05:32.149 [main] INFO  edu.bjut.boudia.myMain - meter_7921919592814739433:200,6365100,300
BruceChen 11:05:32.149 [main] INFO  edu.bjut.boudia.myMain - meter_3837148942602054191:regMsg,reg_backagg,reg_cc
BruceChen 11:05:32.149 [main] INFO  edu.bjut.boudia.myMain - meter_3837148942602054191:200,6513100,400
BruceChen 11:05:32.149 [main] INFO  edu.bjut.boudia.myMain - meter_3079354522651119105:regMsg,reg_backagg,reg_cc
BruceChen 11:05:32.149 [main] INFO  edu.bjut.boudia.myMain - meter_3079354522651119105:400,6452000,400
BruceChen 11:05:32.149 [main] INFO  edu.bjut.boudia.myMain - meter_7835691700563113043:regMsg,reg_backagg,reg_cc
BruceChen 11:05:32.149 [main] INFO  edu.bjut.boudia.myMain - meter_7835691700563113043:300,6346400,400
BruceChen 11:05:32.149 [main] INFO  edu.bjut.boudia.myMain - meter_9209070795536369403:regMsg,reg_backagg,reg_cc
BruceChen 11:05:32.149 [main] INFO  edu.bjut.boudia.myMain - meter_9209070795536369403:200,6358800,300
BruceChen 11:05:32.149 [main] INFO  edu.bjut.boudia.myMain - meter_5695850954205912231:regMsg,reg_backagg,reg_cc
BruceChen 11:05:32.149 [main] INFO  edu.bjut.boudia.myMain - meter_5695850954205912231:300,6357300,400
BruceChen 11:05:32.149 [main] INFO  edu.bjut.boudia.myMain - meter_5022394957400095119:regMsg,reg_backagg,reg_cc
BruceChen 11:05:32.149 [main] INFO  edu.bjut.boudia.myMain - meter_5022394957400095119:300,6311700,600
BruceChen 11:05:32.149 [main] INFO  edu.bjut.boudia.myMain - meter_7912376719764832155:regMsg,reg_backagg,reg_cc
BruceChen 11:05:32.149 [main] INFO  edu.bjut.boudia.myMain - meter_7912376719764832155:300,6351600,400
BruceChen 11:05:32.149 [main] INFO  edu.bjut.boudia.myMain - meter_656428351492132925:regMsg,reg_backagg,reg_cc
BruceChen 11:05:32.149 [main] INFO  edu.bjut.boudia.myMain - meter_656428351492132925:200,6294200,400
BruceChen 11:05:32.149 [main] INFO  edu.bjut.boudia.myMain - meter_330448509947120947:regMsg,reg_backagg,reg_cc
BruceChen 11:05:32.149 [main] INFO  edu.bjut.boudia.myMain - meter_330448509947120947:300,6357800,300
BruceChen 11:05:32.149 [main] INFO  edu.bjut.boudia.myMain - meter_2353609973804279953:regMsg,reg_backagg,reg_cc
BruceChen 11:05:32.149 [main] INFO  edu.bjut.boudia.myMain - meter_2353609973804279953:200,6355600,400
BruceChen 11:05:32.149 [main] INFO  edu.bjut.boudia.myMain - meter_7050458655557532517:regMsg,reg_backagg,reg_cc
BruceChen 11:05:32.149 [main] INFO  edu.bjut.boudia.myMain - meter_7050458655557532517:300,6266500,500
BruceChen 11:05:32.149 [main] INFO  edu.bjut.boudia.myMain - meter_7496878859540824333:regMsg,reg_backagg,reg_cc
BruceChen 11:05:32.149 [main] INFO  edu.bjut.boudia.myMain - meter_7496878859540824333:200,6361300,400
BruceChen 11:05:32.149 [main] INFO  edu.bjut.boudia.myMain - meter_8626720450314353003:regMsg,reg_backagg,reg_cc
BruceChen 11:05:32.149 [main] INFO  edu.bjut.boudia.myMain - meter_8626720450314353003:200,6349900,500
BruceChen 11:05:32.149 [main] INFO  edu.bjut.boudia.myMain - meter_4145865198070489:regMsg,reg_backagg,reg_cc
BruceChen 11:05:32.149 [main] INFO  edu.bjut.boudia.myMain - meter_4145865198070489:300,6348100,300
BruceChen 11:05:32.149 [main] INFO  edu.bjut.boudia.myMain - meter_1877271955965581993:regMsg,reg_backagg,reg_cc
BruceChen 11:05:32.149 [main] INFO  edu.bjut.boudia.myMain - meter_1877271955965581993:300,6487700,400
BruceChen 11:05:32.149 [main] INFO  edu.bjut.boudia.myMain - meter_3237062808502178429:regMsg,reg_backagg,reg_cc
BruceChen 11:05:32.149 [main] INFO  edu.bjut.boudia.myMain - meter_3237062808502178429:300,6626100,400
BruceChen 11:05:32.927 [main] INFO  edu.bjut.boudia.myMain - oneTimeMeterRepTime
BruceChen 11:05:34.944 [main] INFO  edu.bjut.boudia.myMain - server:repMsg
BruceChen 11:05:34.944 [main] INFO  edu.bjut.boudia.myMain - server:31238700
BruceChen 11:05:34.944 [main] INFO  edu.bjut.boudia.myMain - agg:repMsg
BruceChen 11:05:34.944 [main] INFO  edu.bjut.boudia.myMain - agg:416137300
BruceChen 11:05:34.944 [main] INFO  edu.bjut.boudia.myMain - meter_6632442730799637127:repMsg
BruceChen 11:05:34.944 [main] INFO  edu.bjut.boudia.myMain - meter_6632442730799637127:35000100
BruceChen 11:05:34.944 [main] INFO  edu.bjut.boudia.myMain - meter_6726530586756790183:repMsg
BruceChen 11:05:34.944 [main] INFO  edu.bjut.boudia.myMain - meter_6726530586756790183:26500500
BruceChen 11:05:34.944 [main] INFO  edu.bjut.boudia.myMain - meter_1871297370866495887:repMsg
BruceChen 11:05:34.944 [main] INFO  edu.bjut.boudia.myMain - meter_1871297370866495887:26793200
BruceChen 11:05:34.944 [main] INFO  edu.bjut.boudia.myMain - meter_1185423401598706553:repMsg
BruceChen 11:05:34.944 [main] INFO  edu.bjut.boudia.myMain - meter_1185423401598706553:26512000
BruceChen 11:05:34.944 [main] INFO  edu.bjut.boudia.myMain - meter_6625150071140380771:repMsg
BruceChen 11:05:34.944 [main] INFO  edu.bjut.boudia.myMain - meter_6625150071140380771:26376700
BruceChen 11:05:34.944 [main] INFO  edu.bjut.boudia.myMain - meter_2128253017366731157:repMsg
BruceChen 11:05:34.944 [main] INFO  edu.bjut.boudia.myMain - meter_2128253017366731157:26409600
BruceChen 11:05:34.944 [main] INFO  edu.bjut.boudia.myMain - meter_6734374391872007483:repMsg
BruceChen 11:05:34.944 [main] INFO  edu.bjut.boudia.myMain - meter_6734374391872007483:26386300
BruceChen 11:05:34.944 [main] INFO  edu.bjut.boudia.myMain - meter_2724429011581155987:repMsg
BruceChen 11:05:34.944 [main] INFO  edu.bjut.boudia.myMain - meter_2724429011581155987:26329200
BruceChen 11:05:34.944 [main] INFO  edu.bjut.boudia.myMain - meter_2592084751741780301:repMsg
BruceChen 11:05:34.944 [main] INFO  edu.bjut.boudia.myMain - meter_2592084751741780301:26347700
BruceChen 11:05:34.944 [main] INFO  edu.bjut.boudia.myMain - meter_1808991232995996239:repMsg
BruceChen 11:05:34.944 [main] INFO  edu.bjut.boudia.myMain - meter_1808991232995996239:29013800
BruceChen 11:05:34.944 [main] INFO  edu.bjut.boudia.myMain - meter_5576480590316200253:repMsg
BruceChen 11:05:34.944 [main] INFO  edu.bjut.boudia.myMain - meter_5576480590316200253:26281100
BruceChen 11:05:34.944 [main] INFO  edu.bjut.boudia.myMain - meter_721170685604537787:repMsg
BruceChen 11:05:34.944 [main] INFO  edu.bjut.boudia.myMain - meter_721170685604537787:25919200
BruceChen 11:05:34.944 [main] INFO  edu.bjut.boudia.myMain - meter_1267674298168369847:repMsg
BruceChen 11:05:34.944 [main] INFO  edu.bjut.boudia.myMain - meter_1267674298168369847:25520300
BruceChen 11:05:34.944 [main] INFO  edu.bjut.boudia.myMain - meter_8021527992284310205:repMsg
BruceChen 11:05:34.944 [main] INFO  edu.bjut.boudia.myMain - meter_8021527992284310205:25626600
BruceChen 11:05:34.944 [main] INFO  edu.bjut.boudia.myMain - meter_8861336351343450477:repMsg
BruceChen 11:05:34.944 [main] INFO  edu.bjut.boudia.myMain - meter_8861336351343450477:25322200
BruceChen 11:05:34.944 [main] INFO  edu.bjut.boudia.myMain - meter_8727849577502626853:repMsg
BruceChen 11:05:34.944 [main] INFO  edu.bjut.boudia.myMain - meter_8727849577502626853:25662500
BruceChen 11:05:34.944 [main] INFO  edu.bjut.boudia.myMain - meter_6745383476959987987:repMsg
BruceChen 11:05:34.944 [main] INFO  edu.bjut.boudia.myMain - meter_6745383476959987987:25472400
BruceChen 11:05:34.944 [main] INFO  edu.bjut.boudia.myMain - meter_8587562234778780001:repMsg
BruceChen 11:05:34.944 [main] INFO  edu.bjut.boudia.myMain - meter_8587562234778780001:25404200
BruceChen 11:05:34.944 [main] INFO  edu.bjut.boudia.myMain - meter_4583767472888588255:repMsg
BruceChen 11:05:34.944 [main] INFO  edu.bjut.boudia.myMain - meter_4583767472888588255:25504500
BruceChen 11:05:34.944 [main] INFO  edu.bjut.boudia.myMain - meter_9011426557527422231:repMsg
BruceChen 11:05:34.944 [main] INFO  edu.bjut.boudia.myMain - meter_9011426557527422231:25689700
BruceChen 11:05:34.944 [main] INFO  edu.bjut.boudia.myMain - meter_5388440883402600217:repMsg
BruceChen 11:05:34.944 [main] INFO  edu.bjut.boudia.myMain - meter_5388440883402600217:25586500
BruceChen 11:05:34.944 [main] INFO  edu.bjut.boudia.myMain - meter_6919240573732893981:repMsg
BruceChen 11:05:34.944 [main] INFO  edu.bjut.boudia.myMain - meter_6919240573732893981:25494300
BruceChen 11:05:34.944 [main] INFO  edu.bjut.boudia.myMain - meter_6089716382257806641:repMsg
BruceChen 11:05:34.944 [main] INFO  edu.bjut.boudia.myMain - meter_6089716382257806641:25301100
BruceChen 11:05:34.944 [main] INFO  edu.bjut.boudia.myMain - meter_825590209088573291:repMsg
BruceChen 11:05:34.944 [main] INFO  edu.bjut.boudia.myMain - meter_825590209088573291:25726000
BruceChen 11:05:34.944 [main] INFO  edu.bjut.boudia.myMain - meter_4900956171068511629:repMsg
BruceChen 11:05:34.944 [main] INFO  edu.bjut.boudia.myMain - meter_4900956171068511629:25580500
BruceChen 11:05:34.944 [main] INFO  edu.bjut.boudia.myMain - meter_3310800278571630473:repMsg
BruceChen 11:05:34.944 [main] INFO  edu.bjut.boudia.myMain - meter_3310800278571630473:26076300
BruceChen 11:05:34.944 [main] INFO  edu.bjut.boudia.myMain - meter_2094749056961257863:repMsg
BruceChen 11:05:34.944 [main] INFO  edu.bjut.boudia.myMain - meter_2094749056961257863:25557600
BruceChen 11:05:34.944 [main] INFO  edu.bjut.boudia.myMain - meter_7347521061748200985:repMsg
BruceChen 11:05:34.944 [main] INFO  edu.bjut.boudia.myMain - meter_7347521061748200985:25521500
BruceChen 11:05:34.944 [main] INFO  edu.bjut.boudia.myMain - meter_2429633969654001759:repMsg
BruceChen 11:05:34.944 [main] INFO  edu.bjut.boudia.myMain - meter_2429633969654001759:25546500
BruceChen 11:05:34.944 [main] INFO  edu.bjut.boudia.myMain - meter_4591882259447410105:repMsg
BruceChen 11:05:34.944 [main] INFO  edu.bjut.boudia.myMain - meter_4591882259447410105:25439400
BruceChen 11:05:34.944 [main] INFO  edu.bjut.boudia.myMain - meter_6172436393873340205:repMsg
BruceChen 11:05:34.944 [main] INFO  edu.bjut.boudia.myMain - meter_6172436393873340205:25537600
BruceChen 11:05:34.944 [main] INFO  edu.bjut.boudia.myMain - meter_4186874301602653583:repMsg
BruceChen 11:05:34.944 [main] INFO  edu.bjut.boudia.myMain - meter_4186874301602653583:25506300
BruceChen 11:05:34.944 [main] INFO  edu.bjut.boudia.myMain - meter_1488114482151500971:repMsg
BruceChen 11:05:34.944 [main] INFO  edu.bjut.boudia.myMain - meter_1488114482151500971:25587400
BruceChen 11:05:34.944 [main] INFO  edu.bjut.boudia.myMain - meter_2849243082034078403:repMsg
BruceChen 11:05:34.944 [main] INFO  edu.bjut.boudia.myMain - meter_2849243082034078403:25357900
BruceChen 11:05:34.944 [main] INFO  edu.bjut.boudia.myMain - meter_778849053790646659:repMsg
BruceChen 11:05:34.944 [main] INFO  edu.bjut.boudia.myMain - meter_778849053790646659:25285900
BruceChen 11:05:34.944 [main] INFO  edu.bjut.boudia.myMain - meter_8870564033784820867:repMsg
BruceChen 11:05:34.944 [main] INFO  edu.bjut.boudia.myMain - meter_8870564033784820867:25455300
BruceChen 11:05:34.944 [main] INFO  edu.bjut.boudia.myMain - meter_3991282601249181645:repMsg
BruceChen 11:05:34.944 [main] INFO  edu.bjut.boudia.myMain - meter_3991282601249181645:28506100
BruceChen 11:05:34.944 [main] INFO  edu.bjut.boudia.myMain - meter_147827630872580679:repMsg
BruceChen 11:05:34.944 [main] INFO  edu.bjut.boudia.myMain - meter_147827630872580679:26064100
BruceChen 11:05:34.944 [main] INFO  edu.bjut.boudia.myMain - meter_3532919888197974997:repMsg
BruceChen 11:05:34.944 [main] INFO  edu.bjut.boudia.myMain - meter_3532919888197974997:25682900
BruceChen 11:05:34.944 [main] INFO  edu.bjut.boudia.myMain - meter_8980688242035597467:repMsg
BruceChen 11:05:34.944 [main] INFO  edu.bjut.boudia.myMain - meter_8980688242035597467:26143100
BruceChen 11:05:34.944 [main] INFO  edu.bjut.boudia.myMain - meter_6540770968610041671:repMsg
BruceChen 11:05:34.944 [main] INFO  edu.bjut.boudia.myMain - meter_6540770968610041671:26398800
BruceChen 11:05:34.944 [main] INFO  edu.bjut.boudia.myMain - meter_1462166849463610947:repMsg
BruceChen 11:05:34.944 [main] INFO  edu.bjut.boudia.myMain - meter_1462166849463610947:26293600
BruceChen 11:05:34.944 [main] INFO  edu.bjut.boudia.myMain - meter_1198851535502356971:repMsg
BruceChen 11:05:34.944 [main] INFO  edu.bjut.boudia.myMain - meter_1198851535502356971:26343700
BruceChen 11:05:34.944 [main] INFO  edu.bjut.boudia.myMain - meter_7921919592814739433:repMsg
BruceChen 11:05:34.944 [main] INFO  edu.bjut.boudia.myMain - meter_7921919592814739433:26781300
BruceChen 11:05:34.944 [main] INFO  edu.bjut.boudia.myMain - meter_3837148942602054191:repMsg
BruceChen 11:05:34.944 [main] INFO  edu.bjut.boudia.myMain - meter_3837148942602054191:26084100
BruceChen 11:05:34.944 [main] INFO  edu.bjut.boudia.myMain - meter_3079354522651119105:repMsg
BruceChen 11:05:34.944 [main] INFO  edu.bjut.boudia.myMain - meter_3079354522651119105:26260000
BruceChen 11:05:34.944 [main] INFO  edu.bjut.boudia.myMain - meter_7835691700563113043:repMsg
BruceChen 11:05:34.944 [main] INFO  edu.bjut.boudia.myMain - meter_7835691700563113043:25882300
BruceChen 11:05:34.944 [main] INFO  edu.bjut.boudia.myMain - meter_9209070795536369403:repMsg
BruceChen 11:05:34.944 [main] INFO  edu.bjut.boudia.myMain - meter_9209070795536369403:25585000
BruceChen 11:05:34.944 [main] INFO  edu.bjut.boudia.myMain - meter_5695850954205912231:repMsg
BruceChen 11:05:34.944 [main] INFO  edu.bjut.boudia.myMain - meter_5695850954205912231:25385100
BruceChen 11:05:34.944 [main] INFO  edu.bjut.boudia.myMain - meter_5022394957400095119:repMsg
BruceChen 11:05:34.944 [main] INFO  edu.bjut.boudia.myMain - meter_5022394957400095119:25660500
BruceChen 11:05:34.944 [main] INFO  edu.bjut.boudia.myMain - meter_7912376719764832155:repMsg
BruceChen 11:05:34.944 [main] INFO  edu.bjut.boudia.myMain - meter_7912376719764832155:25699700
BruceChen 11:05:34.944 [main] INFO  edu.bjut.boudia.myMain - meter_656428351492132925:repMsg
BruceChen 11:05:34.944 [main] INFO  edu.bjut.boudia.myMain - meter_656428351492132925:30572200
BruceChen 11:05:34.944 [main] INFO  edu.bjut.boudia.myMain - meter_330448509947120947:repMsg
BruceChen 11:05:34.944 [main] INFO  edu.bjut.boudia.myMain - meter_330448509947120947:25679200
BruceChen 11:05:34.944 [main] INFO  edu.bjut.boudia.myMain - meter_2353609973804279953:repMsg
BruceChen 11:05:34.944 [main] INFO  edu.bjut.boudia.myMain - meter_2353609973804279953:25648500
BruceChen 11:05:34.944 [main] INFO  edu.bjut.boudia.myMain - meter_7050458655557532517:repMsg
BruceChen 11:05:34.944 [main] INFO  edu.bjut.boudia.myMain - meter_7050458655557532517:25509700
BruceChen 11:05:34.944 [main] INFO  edu.bjut.boudia.myMain - meter_7496878859540824333:repMsg
BruceChen 11:05:34.944 [main] INFO  edu.bjut.boudia.myMain - meter_7496878859540824333:25492100
BruceChen 11:05:34.944 [main] INFO  edu.bjut.boudia.myMain - meter_8626720450314353003:repMsg
BruceChen 11:05:34.944 [main] INFO  edu.bjut.boudia.myMain - meter_8626720450314353003:25458800
BruceChen 11:05:34.944 [main] INFO  edu.bjut.boudia.myMain - meter_4145865198070489:repMsg
BruceChen 11:05:34.944 [main] INFO  edu.bjut.boudia.myMain - meter_4145865198070489:25538700
BruceChen 11:05:34.944 [main] INFO  edu.bjut.boudia.myMain - meter_1877271955965581993:repMsg
BruceChen 11:05:34.944 [main] INFO  edu.bjut.boudia.myMain - meter_1877271955965581993:25577000
BruceChen 11:05:34.944 [main] INFO  edu.bjut.boudia.myMain - meter_3237062808502178429:repMsg
BruceChen 11:05:34.944 [main] INFO  edu.bjut.boudia.myMain - meter_3237062808502178429:25372800
BruceChen 11:05:38.602 [main] INFO  edu.bjut.boudia.myMain - oneTimeMeterRegTime
BruceChen 11:05:39.261 [main] INFO  edu.bjut.boudia.myMain - server:pubkey
BruceChen 11:05:39.261 [main] INFO  edu.bjut.boudia.myMain - server:900
BruceChen 11:05:39.261 [main] INFO  edu.bjut.boudia.myMain - agg:regMsg,regMsg,regMsg,regMsg,regMsg,regMsg,regMsg,regMsg,regMsg,regMsg,regMsg,regMsg,regMsg,regMsg,regMsg,regMsg,regMsg,regMsg,regMsg,regMsg,regMsg,regMsg,regMsg,regMsg,regMsg,regMsg,regMsg,regMsg,regMsg,regMsg,regMsg,regMsg,regMsg,regMsg,regMsg,regMsg,regMsg,regMsg,regMsg,regMsg,regMsg,regMsg,regMsg,regMsg,regMsg,regMsg,regMsg,regMsg,regMsg,regMsg
BruceChen 11:05:39.261 [main] INFO  edu.bjut.boudia.myMain - agg:6520900,6472300,6486000,6320800,6366900,6443900,6438000,6497500,6478200,6476000,6499400,6507700,6494400,6489100,6409200,6479600,6469000,6461200,6672400,6512900,6462800,6474500,6498700,6466800,6475000,6479900,6483400,6401900,6445700,6409800,9173000,6488900,6482500,6483700,6495900,6500500,6490900,6486400,6482900,6469400,6492700,6498000,6496600,6399500,6435800,6474900,6415200,6475200,6454000,6446600
BruceChen 11:05:39.261 [main] INFO  edu.bjut.boudia.myMain - meter_6443471927339388073:regMsg,reg_backagg,reg_cc
BruceChen 11:05:39.261 [main] INFO  edu.bjut.boudia.myMain - meter_6443471927339388073:1000,6579000,600
BruceChen 11:05:39.261 [main] INFO  edu.bjut.boudia.myMain - meter_4427932160160690121:regMsg,reg_backagg,reg_cc
BruceChen 11:05:39.261 [main] INFO  edu.bjut.boudia.myMain - meter_4427932160160690121:900,6510400,300
BruceChen 11:05:39.261 [main] INFO  edu.bjut.boudia.myMain - meter_4251893031753215465:regMsg,reg_backagg,reg_cc
BruceChen 11:05:39.261 [main] INFO  edu.bjut.boudia.myMain - meter_4251893031753215465:300,6530700,400
BruceChen 11:05:39.261 [main] INFO  edu.bjut.boudia.myMain - meter_7912451031698490297:regMsg,reg_backagg,reg_cc
BruceChen 11:05:39.261 [main] INFO  edu.bjut.boudia.myMain - meter_7912451031698490297:300,6375900,200
BruceChen 11:05:39.261 [main] INFO  edu.bjut.boudia.myMain - meter_2031084032385749955:regMsg,reg_backagg,reg_cc
BruceChen 11:05:39.261 [main] INFO  edu.bjut.boudia.myMain - meter_2031084032385749955:300,6475400,200
BruceChen 11:05:39.261 [main] INFO  edu.bjut.boudia.myMain - meter_1031954413965969241:regMsg,reg_backagg,reg_cc
BruceChen 11:05:39.261 [main] INFO  edu.bjut.boudia.myMain - meter_1031954413965969241:400,6494300,300
BruceChen 11:05:39.261 [main] INFO  edu.bjut.boudia.myMain - meter_1506381665629173909:regMsg,reg_backagg,reg_cc
BruceChen 11:05:39.261 [main] INFO  edu.bjut.boudia.myMain - meter_1506381665629173909:2400,6467600,300
BruceChen 11:05:39.261 [main] INFO  edu.bjut.boudia.myMain - meter_8950346655080664283:regMsg,reg_backagg,reg_cc
BruceChen 11:05:39.261 [main] INFO  edu.bjut.boudia.myMain - meter_8950346655080664283:400,6557300,5200
BruceChen 11:05:39.261 [main] INFO  edu.bjut.boudia.myMain - meter_4056049576549655317:regMsg,reg_backagg,reg_cc
BruceChen 11:05:39.261 [main] INFO  edu.bjut.boudia.myMain - meter_4056049576549655317:400,6599400,600
BruceChen 11:05:39.261 [main] INFO  edu.bjut.boudia.myMain - meter_4083235510047410179:regMsg,reg_backagg,reg_cc
BruceChen 11:05:39.261 [main] INFO  edu.bjut.boudia.myMain - meter_4083235510047410179:300,6547500,300
BruceChen 11:05:39.261 [main] INFO  edu.bjut.boudia.myMain - meter_6963415207840228389:regMsg,reg_backagg,reg_cc
BruceChen 11:05:39.261 [main] INFO  edu.bjut.boudia.myMain - meter_6963415207840228389:400,6513400,200
BruceChen 11:05:39.261 [main] INFO  edu.bjut.boudia.myMain - meter_6141324097999163003:regMsg,reg_backagg,reg_cc
BruceChen 11:05:39.261 [main] INFO  edu.bjut.boudia.myMain - meter_6141324097999163003:300,6452500,200
BruceChen 11:05:39.261 [main] INFO  edu.bjut.boudia.myMain - meter_4733062306731908909:regMsg,reg_backagg,reg_cc
BruceChen 11:05:39.261 [main] INFO  edu.bjut.boudia.myMain - meter_4733062306731908909:300,6539000,300
BruceChen 11:05:39.261 [main] INFO  edu.bjut.boudia.myMain - meter_8092841735157756677:regMsg,reg_backagg,reg_cc
BruceChen 11:05:39.261 [main] INFO  edu.bjut.boudia.myMain - meter_8092841735157756677:300,6505700,400
BruceChen 11:05:39.261 [main] INFO  edu.bjut.boudia.myMain - meter_5947524206952976481:regMsg,reg_backagg,reg_cc
BruceChen 11:05:39.261 [main] INFO  edu.bjut.boudia.myMain - meter_5947524206952976481:200,6499600,400
BruceChen 11:05:39.261 [main] INFO  edu.bjut.boudia.myMain - meter_6644298159946413287:regMsg,reg_backagg,reg_cc
BruceChen 11:05:39.261 [main] INFO  edu.bjut.boudia.myMain - meter_6644298159946413287:300,6582200,400
BruceChen 11:05:39.261 [main] INFO  edu.bjut.boudia.myMain - meter_8696711682599180131:regMsg,reg_backagg,reg_cc
BruceChen 11:05:39.261 [main] INFO  edu.bjut.boudia.myMain - meter_8696711682599180131:500,6433700,500
BruceChen 11:05:39.261 [main] INFO  edu.bjut.boudia.myMain - meter_1427882621821483813:regMsg,reg_backagg,reg_cc
BruceChen 11:05:39.261 [main] INFO  edu.bjut.boudia.myMain - meter_1427882621821483813:600,6405800,400
BruceChen 11:05:39.261 [main] INFO  edu.bjut.boudia.myMain - meter_1688827839410933623:regMsg,reg_backagg,reg_cc
BruceChen 11:05:39.261 [main] INFO  edu.bjut.boudia.myMain - meter_1688827839410933623:400,6505100,200
BruceChen 11:05:39.261 [main] INFO  edu.bjut.boudia.myMain - meter_584654249733577177:regMsg,reg_backagg,reg_cc
BruceChen 11:05:39.261 [main] INFO  edu.bjut.boudia.myMain - meter_584654249733577177:400,6585700,200
BruceChen 11:05:39.261 [main] INFO  edu.bjut.boudia.myMain - meter_7441005124879131771:regMsg,reg_backagg,reg_cc
BruceChen 11:05:39.261 [main] INFO  edu.bjut.boudia.myMain - meter_7441005124879131771:400,6545900,200
BruceChen 11:05:39.261 [main] INFO  edu.bjut.boudia.myMain - meter_432427918973124493:regMsg,reg_backagg,reg_cc
BruceChen 11:05:39.261 [main] INFO  edu.bjut.boudia.myMain - meter_432427918973124493:200,6590100,200
BruceChen 11:05:39.261 [main] INFO  edu.bjut.boudia.myMain - meter_270753273573772643:regMsg,reg_backagg,reg_cc
BruceChen 11:05:39.261 [main] INFO  edu.bjut.boudia.myMain - meter_270753273573772643:300,6549700,100
BruceChen 11:05:39.261 [main] INFO  edu.bjut.boudia.myMain - meter_8788690198166858125:regMsg,reg_backagg,reg_cc
BruceChen 11:05:39.261 [main] INFO  edu.bjut.boudia.myMain - meter_8788690198166858125:300,6467700,200
BruceChen 11:05:39.261 [main] INFO  edu.bjut.boudia.myMain - meter_5732022503152124387:regMsg,reg_backagg,reg_cc
BruceChen 11:05:39.261 [main] INFO  edu.bjut.boudia.myMain - meter_5732022503152124387:300,6509800,200
BruceChen 11:05:39.261 [main] INFO  edu.bjut.boudia.myMain - meter_6763355665551678845:regMsg,reg_backagg,reg_cc
BruceChen 11:05:39.261 [main] INFO  edu.bjut.boudia.myMain - meter_6763355665551678845:200,6453600,100
BruceChen 11:05:39.261 [main] INFO  edu.bjut.boudia.myMain - meter_9106080498365047433:regMsg,reg_backagg,reg_cc
BruceChen 11:05:39.261 [main] INFO  edu.bjut.boudia.myMain - meter_9106080498365047433:200,6544200,100
BruceChen 11:05:39.261 [main] INFO  edu.bjut.boudia.myMain - meter_2750407693080550467:regMsg,reg_backagg,reg_cc
BruceChen 11:05:39.261 [main] INFO  edu.bjut.boudia.myMain - meter_2750407693080550467:300,6464400,300
BruceChen 11:05:39.261 [main] INFO  edu.bjut.boudia.myMain - meter_8365364230325347749:regMsg,reg_backagg,reg_cc
BruceChen 11:05:39.261 [main] INFO  edu.bjut.boudia.myMain - meter_8365364230325347749:300,6514100,200
BruceChen 11:05:39.261 [main] INFO  edu.bjut.boudia.myMain - meter_5992901961489089169:regMsg,reg_backagg,reg_cc
BruceChen 11:05:39.261 [main] INFO  edu.bjut.boudia.myMain - meter_5992901961489089169:300,6383200,200
BruceChen 11:05:39.261 [main] INFO  edu.bjut.boudia.myMain - meter_311643177320240999:regMsg,reg_backagg,reg_cc
BruceChen 11:05:39.261 [main] INFO  edu.bjut.boudia.myMain - meter_311643177320240999:200,6619400,500
BruceChen 11:05:39.261 [main] INFO  edu.bjut.boudia.myMain - meter_2055349334429310595:regMsg,reg_backagg,reg_cc
BruceChen 11:05:39.261 [main] INFO  edu.bjut.boudia.myMain - meter_2055349334429310595:800,6490700,200
BruceChen 11:05:39.261 [main] INFO  edu.bjut.boudia.myMain - meter_152143748763514379:regMsg,reg_backagg,reg_cc
BruceChen 11:05:39.261 [main] INFO  edu.bjut.boudia.myMain - meter_152143748763514379:300,6506400,300
BruceChen 11:05:39.261 [main] INFO  edu.bjut.boudia.myMain - meter_3533871461906697213:regMsg,reg_backagg,reg_cc
BruceChen 11:05:39.261 [main] INFO  edu.bjut.boudia.myMain - meter_3533871461906697213:300,6649400,300
BruceChen 11:05:39.261 [main] INFO  edu.bjut.boudia.myMain - meter_1370056250147363679:regMsg,reg_backagg,reg_cc
BruceChen 11:05:39.261 [main] INFO  edu.bjut.boudia.myMain - meter_1370056250147363679:300,6548300,200
BruceChen 11:05:39.261 [main] INFO  edu.bjut.boudia.myMain - meter_7207247059671654811:regMsg,reg_backagg,reg_cc
BruceChen 11:05:39.261 [main] INFO  edu.bjut.boudia.myMain - meter_7207247059671654811:300,6518200,100
BruceChen 11:05:39.261 [main] INFO  edu.bjut.boudia.myMain - meter_7774632652643886517:regMsg,reg_backagg,reg_cc
BruceChen 11:05:39.261 [main] INFO  edu.bjut.boudia.myMain - meter_7774632652643886517:300,6407400,100
BruceChen 11:05:39.261 [main] INFO  edu.bjut.boudia.myMain - meter_6707167672835901127:regMsg,reg_backagg,reg_cc
BruceChen 11:05:39.261 [main] INFO  edu.bjut.boudia.myMain - meter_6707167672835901127:200,6469500,200
BruceChen 11:05:39.261 [main] INFO  edu.bjut.boudia.myMain - meter_6810641765283019949:regMsg,reg_backagg,reg_cc
BruceChen 11:05:39.261 [main] INFO  edu.bjut.boudia.myMain - meter_6810641765283019949:400,6596100,400
BruceChen 11:05:39.261 [main] INFO  edu.bjut.boudia.myMain - meter_7716912680344857405:regMsg,reg_backagg,reg_cc
BruceChen 11:05:39.261 [main] INFO  edu.bjut.boudia.myMain - meter_7716912680344857405:700,6572000,300
BruceChen 11:05:39.261 [main] INFO  edu.bjut.boudia.myMain - meter_5888178936491864453:regMsg,reg_backagg,reg_cc
BruceChen 11:05:39.261 [main] INFO  edu.bjut.boudia.myMain - meter_5888178936491864453:300,6520500,400
BruceChen 11:05:39.261 [main] INFO  edu.bjut.boudia.myMain - meter_4418565444878132163:regMsg,reg_backagg,reg_cc
BruceChen 11:05:39.261 [main] INFO  edu.bjut.boudia.myMain - meter_4418565444878132163:300,6600400,200
BruceChen 11:05:39.261 [main] INFO  edu.bjut.boudia.myMain - meter_2587823948935082837:regMsg,reg_backagg,reg_cc
BruceChen 11:05:39.261 [main] INFO  edu.bjut.boudia.myMain - meter_2587823948935082837:200,6472000,200
BruceChen 11:05:39.261 [main] INFO  edu.bjut.boudia.myMain - meter_5121494671164444769:regMsg,reg_backagg,reg_cc
BruceChen 11:05:39.261 [main] INFO  edu.bjut.boudia.myMain - meter_5121494671164444769:300,6291300,300
BruceChen 11:05:39.261 [main] INFO  edu.bjut.boudia.myMain - meter_251090709258493255:regMsg,reg_backagg,reg_cc
BruceChen 11:05:39.261 [main] INFO  edu.bjut.boudia.myMain - meter_251090709258493255:300,6518600,200
BruceChen 11:05:39.261 [main] INFO  edu.bjut.boudia.myMain - meter_736749252704827973:regMsg,reg_backagg,reg_cc
BruceChen 11:05:39.261 [main] INFO  edu.bjut.boudia.myMain - meter_736749252704827973:300,6547100,100
BruceChen 11:05:39.261 [main] INFO  edu.bjut.boudia.myMain - meter_14080805482710325:regMsg,reg_backagg,reg_cc
BruceChen 11:05:39.261 [main] INFO  edu.bjut.boudia.myMain - meter_14080805482710325:300,6422900,300
BruceChen 11:05:39.261 [main] INFO  edu.bjut.boudia.myMain - meter_5088283377205741265:regMsg,reg_backagg,reg_cc
BruceChen 11:05:39.261 [main] INFO  edu.bjut.boudia.myMain - meter_5088283377205741265:400,6476600,200
BruceChen 11:05:39.261 [main] INFO  edu.bjut.boudia.myMain - meter_5840480369915593959:regMsg,reg_backagg,reg_cc
BruceChen 11:05:39.261 [main] INFO  edu.bjut.boudia.myMain - meter_5840480369915593959:300,6373600,200
BruceChen 11:05:39.261 [main] INFO  edu.bjut.boudia.myMain - meter_4027396175965830953:regMsg,reg_backagg,reg_cc
BruceChen 11:05:39.261 [main] INFO  edu.bjut.boudia.myMain - meter_4027396175965830953:200,6544700,100
BruceChen 11:05:39.920 [main] INFO  edu.bjut.boudia.myMain - oneTimeMeterRepTime
BruceChen 11:05:41.578 [main] INFO  edu.bjut.boudia.myMain - server:repMsg
BruceChen 11:05:41.578 [main] INFO  edu.bjut.boudia.myMain - server:30841300
BruceChen 11:05:41.578 [main] INFO  edu.bjut.boudia.myMain - agg:repMsg
BruceChen 11:05:41.578 [main] INFO  edu.bjut.boudia.myMain - agg:341086200
BruceChen 11:05:41.578 [main] INFO  edu.bjut.boudia.myMain - meter_6443471927339388073:repMsg
BruceChen 11:05:41.578 [main] INFO  edu.bjut.boudia.myMain - meter_6443471927339388073:25780700
BruceChen 11:05:41.578 [main] INFO  edu.bjut.boudia.myMain - meter_4427932160160690121:repMsg
BruceChen 11:05:41.578 [main] INFO  edu.bjut.boudia.myMain - meter_4427932160160690121:25674000
BruceChen 11:05:41.578 [main] INFO  edu.bjut.boudia.myMain - meter_4251893031753215465:repMsg
BruceChen 11:05:41.578 [main] INFO  edu.bjut.boudia.myMain - meter_4251893031753215465:25690600
BruceChen 11:05:41.578 [main] INFO  edu.bjut.boudia.myMain - meter_7912451031698490297:repMsg
BruceChen 11:05:41.578 [main] INFO  edu.bjut.boudia.myMain - meter_7912451031698490297:26295600
BruceChen 11:05:41.578 [main] INFO  edu.bjut.boudia.myMain - meter_2031084032385749955:repMsg
BruceChen 11:05:41.578 [main] INFO  edu.bjut.boudia.myMain - meter_2031084032385749955:26098400
BruceChen 11:05:41.578 [main] INFO  edu.bjut.boudia.myMain - meter_1031954413965969241:repMsg
BruceChen 11:05:41.578 [main] INFO  edu.bjut.boudia.myMain - meter_1031954413965969241:26217100
BruceChen 11:05:41.578 [main] INFO  edu.bjut.boudia.myMain - meter_1506381665629173909:repMsg
BruceChen 11:05:41.578 [main] INFO  edu.bjut.boudia.myMain - meter_1506381665629173909:26155600
BruceChen 11:05:41.578 [main] INFO  edu.bjut.boudia.myMain - meter_8950346655080664283:repMsg
BruceChen 11:05:41.578 [main] INFO  edu.bjut.boudia.myMain - meter_8950346655080664283:26288400
BruceChen 11:05:41.578 [main] INFO  edu.bjut.boudia.myMain - meter_4056049576549655317:repMsg
BruceChen 11:05:41.578 [main] INFO  edu.bjut.boudia.myMain - meter_4056049576549655317:26218800
BruceChen 11:05:41.578 [main] INFO  edu.bjut.boudia.myMain - meter_4083235510047410179:repMsg
BruceChen 11:05:41.578 [main] INFO  edu.bjut.boudia.myMain - meter_4083235510047410179:25791900
BruceChen 11:05:41.578 [main] INFO  edu.bjut.boudia.myMain - meter_6963415207840228389:repMsg
BruceChen 11:05:41.578 [main] INFO  edu.bjut.boudia.myMain - meter_6963415207840228389:26207800
BruceChen 11:05:41.578 [main] INFO  edu.bjut.boudia.myMain - meter_6141324097999163003:repMsg
BruceChen 11:05:41.578 [main] INFO  edu.bjut.boudia.myMain - meter_6141324097999163003:25624200
BruceChen 11:05:41.578 [main] INFO  edu.bjut.boudia.myMain - meter_4733062306731908909:repMsg
BruceChen 11:05:41.578 [main] INFO  edu.bjut.boudia.myMain - meter_4733062306731908909:25378000
BruceChen 11:05:41.578 [main] INFO  edu.bjut.boudia.myMain - meter_8092841735157756677:repMsg
BruceChen 11:05:41.578 [main] INFO  edu.bjut.boudia.myMain - meter_8092841735157756677:25538100
BruceChen 11:05:41.578 [main] INFO  edu.bjut.boudia.myMain - meter_5947524206952976481:repMsg
BruceChen 11:05:41.578 [main] INFO  edu.bjut.boudia.myMain - meter_5947524206952976481:25597400
BruceChen 11:05:41.578 [main] INFO  edu.bjut.boudia.myMain - meter_6644298159946413287:repMsg
BruceChen 11:05:41.578 [main] INFO  edu.bjut.boudia.myMain - meter_6644298159946413287:25387200
BruceChen 11:05:41.578 [main] INFO  edu.bjut.boudia.myMain - meter_8696711682599180131:repMsg
BruceChen 11:05:41.578 [main] INFO  edu.bjut.boudia.myMain - meter_8696711682599180131:25396900
BruceChen 11:05:41.578 [main] INFO  edu.bjut.boudia.myMain - meter_1427882621821483813:repMsg
BruceChen 11:05:41.578 [main] INFO  edu.bjut.boudia.myMain - meter_1427882621821483813:25245500
BruceChen 11:05:41.578 [main] INFO  edu.bjut.boudia.myMain - meter_1688827839410933623:repMsg
BruceChen 11:05:41.578 [main] INFO  edu.bjut.boudia.myMain - meter_1688827839410933623:25531800
BruceChen 11:05:41.578 [main] INFO  edu.bjut.boudia.myMain - meter_584654249733577177:repMsg
BruceChen 11:05:41.578 [main] INFO  edu.bjut.boudia.myMain - meter_584654249733577177:28562000
BruceChen 11:05:41.578 [main] INFO  edu.bjut.boudia.myMain - meter_7441005124879131771:repMsg
BruceChen 11:05:41.578 [main] INFO  edu.bjut.boudia.myMain - meter_7441005124879131771:25911000
BruceChen 11:05:41.578 [main] INFO  edu.bjut.boudia.myMain - meter_432427918973124493:repMsg
BruceChen 11:05:41.578 [main] INFO  edu.bjut.boudia.myMain - meter_432427918973124493:25533100
BruceChen 11:05:41.578 [main] INFO  edu.bjut.boudia.myMain - meter_270753273573772643:repMsg
BruceChen 11:05:41.578 [main] INFO  edu.bjut.boudia.myMain - meter_270753273573772643:25520600
BruceChen 11:05:41.578 [main] INFO  edu.bjut.boudia.myMain - meter_8788690198166858125:repMsg
BruceChen 11:05:41.578 [main] INFO  edu.bjut.boudia.myMain - meter_8788690198166858125:25420900
BruceChen 11:05:41.578 [main] INFO  edu.bjut.boudia.myMain - meter_5732022503152124387:repMsg
BruceChen 11:05:41.578 [main] INFO  edu.bjut.boudia.myMain - meter_5732022503152124387:25656500
BruceChen 11:05:41.578 [main] INFO  edu.bjut.boudia.myMain - meter_6763355665551678845:repMsg
BruceChen 11:05:41.578 [main] INFO  edu.bjut.boudia.myMain - meter_6763355665551678845:25508000
BruceChen 11:05:41.578 [main] INFO  edu.bjut.boudia.myMain - meter_9106080498365047433:repMsg
BruceChen 11:05:41.578 [main] INFO  edu.bjut.boudia.myMain - meter_9106080498365047433:25495000
BruceChen 11:05:41.578 [main] INFO  edu.bjut.boudia.myMain - meter_2750407693080550467:repMsg
BruceChen 11:05:41.578 [main] INFO  edu.bjut.boudia.myMain - meter_2750407693080550467:26128700
BruceChen 11:05:41.578 [main] INFO  edu.bjut.boudia.myMain - meter_8365364230325347749:repMsg
BruceChen 11:05:41.578 [main] INFO  edu.bjut.boudia.myMain - meter_8365364230325347749:25450300
BruceChen 11:05:41.578 [main] INFO  edu.bjut.boudia.myMain - meter_5992901961489089169:repMsg
BruceChen 11:05:41.578 [main] INFO  edu.bjut.boudia.myMain - meter_5992901961489089169:25642700
BruceChen 11:05:41.578 [main] INFO  edu.bjut.boudia.myMain - meter_311643177320240999:repMsg
BruceChen 11:05:41.578 [main] INFO  edu.bjut.boudia.myMain - meter_311643177320240999:25335900
BruceChen 11:05:41.578 [main] INFO  edu.bjut.boudia.myMain - meter_2055349334429310595:repMsg
BruceChen 11:05:41.578 [main] INFO  edu.bjut.boudia.myMain - meter_2055349334429310595:25470100
BruceChen 11:05:41.578 [main] INFO  edu.bjut.boudia.myMain - meter_152143748763514379:repMsg
BruceChen 11:05:41.578 [main] INFO  edu.bjut.boudia.myMain - meter_152143748763514379:25292900
BruceChen 11:05:41.578 [main] INFO  edu.bjut.boudia.myMain - meter_3533871461906697213:repMsg
BruceChen 11:05:41.578 [main] INFO  edu.bjut.boudia.myMain - meter_3533871461906697213:25638300
BruceChen 11:05:41.578 [main] INFO  edu.bjut.boudia.myMain - meter_1370056250147363679:repMsg
BruceChen 11:05:41.578 [main] INFO  edu.bjut.boudia.myMain - meter_1370056250147363679:25844700
BruceChen 11:05:41.578 [main] INFO  edu.bjut.boudia.myMain - meter_7207247059671654811:repMsg
BruceChen 11:05:41.578 [main] INFO  edu.bjut.boudia.myMain - meter_7207247059671654811:26477200
BruceChen 11:05:41.578 [main] INFO  edu.bjut.boudia.myMain - meter_7774632652643886517:repMsg
BruceChen 11:05:41.578 [main] INFO  edu.bjut.boudia.myMain - meter_7774632652643886517:26087400
BruceChen 11:05:41.578 [main] INFO  edu.bjut.boudia.myMain - meter_6707167672835901127:repMsg
BruceChen 11:05:41.578 [main] INFO  edu.bjut.boudia.myMain - meter_6707167672835901127:25505600
BruceChen 11:05:41.578 [main] INFO  edu.bjut.boudia.myMain - meter_6810641765283019949:repMsg
BruceChen 11:05:41.578 [main] INFO  edu.bjut.boudia.myMain - meter_6810641765283019949:25499500
BruceChen 11:05:41.578 [main] INFO  edu.bjut.boudia.myMain - meter_7716912680344857405:repMsg
BruceChen 11:05:41.578 [main] INFO  edu.bjut.boudia.myMain - meter_7716912680344857405:25622500
BruceChen 11:05:41.578 [main] INFO  edu.bjut.boudia.myMain - meter_5888178936491864453:repMsg
BruceChen 11:05:41.578 [main] INFO  edu.bjut.boudia.myMain - meter_5888178936491864453:25507800
BruceChen 11:05:41.578 [main] INFO  edu.bjut.boudia.myMain - meter_4418565444878132163:repMsg
BruceChen 11:05:41.578 [main] INFO  edu.bjut.boudia.myMain - meter_4418565444878132163:25178500
BruceChen 11:05:41.578 [main] INFO  edu.bjut.boudia.myMain - meter_2587823948935082837:repMsg
BruceChen 11:05:41.578 [main] INFO  edu.bjut.boudia.myMain - meter_2587823948935082837:25421900
BruceChen 11:05:41.578 [main] INFO  edu.bjut.boudia.myMain - meter_5121494671164444769:repMsg
BruceChen 11:05:41.578 [main] INFO  edu.bjut.boudia.myMain - meter_5121494671164444769:25473800
BruceChen 11:05:41.578 [main] INFO  edu.bjut.boudia.myMain - meter_251090709258493255:repMsg
BruceChen 11:05:41.578 [main] INFO  edu.bjut.boudia.myMain - meter_251090709258493255:25353300
BruceChen 11:05:41.578 [main] INFO  edu.bjut.boudia.myMain - meter_736749252704827973:repMsg
BruceChen 11:05:41.578 [main] INFO  edu.bjut.boudia.myMain - meter_736749252704827973:25523400
BruceChen 11:05:41.578 [main] INFO  edu.bjut.boudia.myMain - meter_14080805482710325:repMsg
BruceChen 11:05:41.578 [main] INFO  edu.bjut.boudia.myMain - meter_14080805482710325:28674300
BruceChen 11:05:41.578 [main] INFO  edu.bjut.boudia.myMain - meter_5088283377205741265:repMsg
BruceChen 11:05:41.578 [main] INFO  edu.bjut.boudia.myMain - meter_5088283377205741265:26231400
BruceChen 11:05:41.578 [main] INFO  edu.bjut.boudia.myMain - meter_5840480369915593959:repMsg
BruceChen 11:05:41.578 [main] INFO  edu.bjut.boudia.myMain - meter_5840480369915593959:26068200
BruceChen 11:05:41.578 [main] INFO  edu.bjut.boudia.myMain - meter_4027396175965830953:repMsg
BruceChen 11:05:41.578 [main] INFO  edu.bjut.boudia.myMain - meter_4027396175965830953:26166400
BruceChen 11:05:43.913 [main] INFO  edu.bjut.boudia.myMain - oneTimeMeterRegTime
BruceChen 11:05:44.429 [main] INFO  edu.bjut.boudia.myMain - server:pubkey
BruceChen 11:05:44.429 [main] INFO  edu.bjut.boudia.myMain - server:900
BruceChen 11:05:44.429 [main] INFO  edu.bjut.boudia.myMain - agg:regMsg,regMsg,regMsg,regMsg,regMsg,regMsg,regMsg,regMsg,regMsg,regMsg,regMsg,regMsg,regMsg,regMsg,regMsg,regMsg,regMsg,regMsg,regMsg,regMsg,regMsg,regMsg,regMsg,regMsg,regMsg,regMsg,regMsg,regMsg,regMsg,regMsg,regMsg,regMsg,regMsg,regMsg,regMsg,regMsg,regMsg,regMsg,regMsg,regMsg
BruceChen 11:05:44.429 [main] INFO  edu.bjut.boudia.myMain - agg:6318900,6358900,6305800,6283600,6315800,6328400,6302800,6308600,6295600,6304900,6289400,6313700,6301000,6281900,6356000,6461300,6345400,6296900,6322600,6323100,6271000,6321300,6292600,6284400,6310500,6311400,6300500,6312700,6286600,6321000,6325400,6299000,6278100,6330500,6302800,6299500,6339100,6298700,6292500,6285800
BruceChen 11:05:44.429 [main] INFO  edu.bjut.boudia.myMain - meter_2312512283689672637:regMsg,reg_backagg,reg_cc
BruceChen 11:05:44.429 [main] INFO  edu.bjut.boudia.myMain - meter_2312512283689672637:500,6386400,600
BruceChen 11:05:44.429 [main] INFO  edu.bjut.boudia.myMain - meter_6785744717139393707:regMsg,reg_backagg,reg_cc
BruceChen 11:05:44.429 [main] INFO  edu.bjut.boudia.myMain - meter_6785744717139393707:400,6256400,200
BruceChen 11:05:44.429 [main] INFO  edu.bjut.boudia.myMain - meter_5999718981103662167:regMsg,reg_backagg,reg_cc
BruceChen 11:05:44.429 [main] INFO  edu.bjut.boudia.myMain - meter_5999718981103662167:600,6253500,400
BruceChen 11:05:44.429 [main] INFO  edu.bjut.boudia.myMain - meter_5626799978787821093:regMsg,reg_backagg,reg_cc
BruceChen 11:05:44.429 [main] INFO  edu.bjut.boudia.myMain - meter_5626799978787821093:400,6313500,500
BruceChen 11:05:44.429 [main] INFO  edu.bjut.boudia.myMain - meter_570958153375055723:regMsg,reg_backagg,reg_cc
BruceChen 11:05:44.429 [main] INFO  edu.bjut.boudia.myMain - meter_570958153375055723:700,6366800,300
BruceChen 11:05:44.429 [main] INFO  edu.bjut.boudia.myMain - meter_4284945396639754911:regMsg,reg_backagg,reg_cc
BruceChen 11:05:44.429 [main] INFO  edu.bjut.boudia.myMain - meter_4284945396639754911:200,6299300,400
BruceChen 11:05:44.429 [main] INFO  edu.bjut.boudia.myMain - meter_9044128805303638801:regMsg,reg_backagg,reg_cc
BruceChen 11:05:44.429 [main] INFO  edu.bjut.boudia.myMain - meter_9044128805303638801:500,6411200,400
BruceChen 11:05:44.429 [main] INFO  edu.bjut.boudia.myMain - meter_7970205487400316109:regMsg,reg_backagg,reg_cc
BruceChen 11:05:44.429 [main] INFO  edu.bjut.boudia.myMain - meter_7970205487400316109:200,6279000,300
BruceChen 11:05:44.429 [main] INFO  edu.bjut.boudia.myMain - meter_8073478710440266393:regMsg,reg_backagg,reg_cc
BruceChen 11:05:44.429 [main] INFO  edu.bjut.boudia.myMain - meter_8073478710440266393:300,6395600,200
BruceChen 11:05:44.429 [main] INFO  edu.bjut.boudia.myMain - meter_5148018614433822069:regMsg,reg_backagg,reg_cc
BruceChen 11:05:44.429 [main] INFO  edu.bjut.boudia.myMain - meter_5148018614433822069:300,6306600,200
BruceChen 11:05:44.429 [main] INFO  edu.bjut.boudia.myMain - meter_3423108349322797185:regMsg,reg_backagg,reg_cc
BruceChen 11:05:44.429 [main] INFO  edu.bjut.boudia.myMain - meter_3423108349322797185:200,6345300,200
BruceChen 11:05:44.429 [main] INFO  edu.bjut.boudia.myMain - meter_2508623408271192889:regMsg,reg_backagg,reg_cc
BruceChen 11:05:44.429 [main] INFO  edu.bjut.boudia.myMain - meter_2508623408271192889:200,6287700,200
BruceChen 11:05:44.429 [main] INFO  edu.bjut.boudia.myMain - meter_2143311417148112285:regMsg,reg_backagg,reg_cc
BruceChen 11:05:44.429 [main] INFO  edu.bjut.boudia.myMain - meter_2143311417148112285:200,6365000,200
BruceChen 11:05:44.429 [main] INFO  edu.bjut.boudia.myMain - meter_7869694568757423263:regMsg,reg_backagg,reg_cc
BruceChen 11:05:44.429 [main] INFO  edu.bjut.boudia.myMain - meter_7869694568757423263:200,6304200,200
BruceChen 11:05:44.429 [main] INFO  edu.bjut.boudia.myMain - meter_948913766312348855:regMsg,reg_backagg,reg_cc
BruceChen 11:05:44.429 [main] INFO  edu.bjut.boudia.myMain - meter_948913766312348855:700,6371600,400
BruceChen 11:05:44.429 [main] INFO  edu.bjut.boudia.myMain - meter_5568449870906835427:regMsg,reg_backagg,reg_cc
BruceChen 11:05:44.429 [main] INFO  edu.bjut.boudia.myMain - meter_5568449870906835427:500,6348200,400
BruceChen 11:05:44.429 [main] INFO  edu.bjut.boudia.myMain - meter_8446653534529058009:regMsg,reg_backagg,reg_cc
BruceChen 11:05:44.429 [main] INFO  edu.bjut.boudia.myMain - meter_8446653534529058009:600,6432300,400
BruceChen 11:05:44.429 [main] INFO  edu.bjut.boudia.myMain - meter_8481405907795814095:regMsg,reg_backagg,reg_cc
BruceChen 11:05:44.429 [main] INFO  edu.bjut.boudia.myMain - meter_8481405907795814095:600,6413900,400
BruceChen 11:05:44.429 [main] INFO  edu.bjut.boudia.myMain - meter_1224843200648574011:regMsg,reg_backagg,reg_cc
BruceChen 11:05:44.429 [main] INFO  edu.bjut.boudia.myMain - meter_1224843200648574011:600,6335600,300
BruceChen 11:05:44.429 [main] INFO  edu.bjut.boudia.myMain - meter_1092892832728241161:regMsg,reg_backagg,reg_cc
BruceChen 11:05:44.429 [main] INFO  edu.bjut.boudia.myMain - meter_1092892832728241161:400,6368900,300
BruceChen 11:05:44.429 [main] INFO  edu.bjut.boudia.myMain - meter_2013163517031272875:regMsg,reg_backagg,reg_cc
BruceChen 11:05:44.429 [main] INFO  edu.bjut.boudia.myMain - meter_2013163517031272875:600,6409700,300
BruceChen 11:05:44.429 [main] INFO  edu.bjut.boudia.myMain - meter_1005151404585695199:regMsg,reg_backagg,reg_cc
BruceChen 11:05:44.429 [main] INFO  edu.bjut.boudia.myMain - meter_1005151404585695199:400,6358300,300
BruceChen 11:05:44.429 [main] INFO  edu.bjut.boudia.myMain - meter_4635466009838332689:regMsg,reg_backagg,reg_cc
BruceChen 11:05:44.429 [main] INFO  edu.bjut.boudia.myMain - meter_4635466009838332689:400,6326700,200
BruceChen 11:05:44.429 [main] INFO  edu.bjut.boudia.myMain - meter_9029618724681354401:regMsg,reg_backagg,reg_cc
BruceChen 11:05:44.429 [main] INFO  edu.bjut.boudia.myMain - meter_9029618724681354401:400,6378600,200
BruceChen 11:05:44.429 [main] INFO  edu.bjut.boudia.myMain - meter_6121409285480131877:regMsg,reg_backagg,reg_cc
BruceChen 11:05:44.429 [main] INFO  edu.bjut.boudia.myMain - meter_6121409285480131877:300,6346300,200
BruceChen 11:05:44.429 [main] INFO  edu.bjut.boudia.myMain - meter_2414726181119350197:regMsg,reg_backagg,reg_cc
BruceChen 11:05:44.429 [main] INFO  edu.bjut.boudia.myMain - meter_2414726181119350197:300,6345300,200
BruceChen 11:05:44.429 [main] INFO  edu.bjut.boudia.myMain - meter_4726239245590277137:regMsg,reg_backagg,reg_cc
BruceChen 11:05:44.429 [main] INFO  edu.bjut.boudia.myMain - meter_4726239245590277137:200,6352200,200
BruceChen 11:05:44.429 [main] INFO  edu.bjut.boudia.myMain - meter_7749347268275451061:regMsg,reg_backagg,reg_cc
BruceChen 11:05:44.429 [main] INFO  edu.bjut.boudia.myMain - meter_7749347268275451061:300,6320700,300
BruceChen 11:05:44.429 [main] INFO  edu.bjut.boudia.myMain - meter_3044890310380995641:regMsg,reg_backagg,reg_cc
BruceChen 11:05:44.429 [main] INFO  edu.bjut.boudia.myMain - meter_3044890310380995641:200,6207400,300
BruceChen 11:05:44.429 [main] INFO  edu.bjut.boudia.myMain - meter_952019953445129769:regMsg,reg_backagg,reg_cc
BruceChen 11:05:44.429 [main] INFO  edu.bjut.boudia.myMain - meter_952019953445129769:300,6327100,100
BruceChen 11:05:44.429 [main] INFO  edu.bjut.boudia.myMain - meter_6128935751069296961:regMsg,reg_backagg,reg_cc
BruceChen 11:05:44.429 [main] INFO  edu.bjut.boudia.myMain - meter_6128935751069296961:400,6260200,200
BruceChen 11:05:44.429 [main] INFO  edu.bjut.boudia.myMain - meter_5321081902985941701:regMsg,reg_backagg,reg_cc
BruceChen 11:05:44.429 [main] INFO  edu.bjut.boudia.myMain - meter_5321081902985941701:200,6377200,200
BruceChen 11:05:44.429 [main] INFO  edu.bjut.boudia.myMain - meter_4796293878949597831:regMsg,reg_backagg,reg_cc
BruceChen 11:05:44.429 [main] INFO  edu.bjut.boudia.myMain - meter_4796293878949597831:200,6314500,200
BruceChen 11:05:44.429 [main] INFO  edu.bjut.boudia.myMain - meter_3672526792104457699:regMsg,reg_backagg,reg_cc
BruceChen 11:05:44.429 [main] INFO  edu.bjut.boudia.myMain - meter_3672526792104457699:300,6308100,400
BruceChen 11:05:44.429 [main] INFO  edu.bjut.boudia.myMain - meter_46298442347938985:regMsg,reg_backagg,reg_cc
BruceChen 11:05:44.429 [main] INFO  edu.bjut.boudia.myMain - meter_46298442347938985:12100,6356600,400
BruceChen 11:05:44.429 [main] INFO  edu.bjut.boudia.myMain - meter_7565822221363097215:regMsg,reg_backagg,reg_cc
BruceChen 11:05:44.429 [main] INFO  edu.bjut.boudia.myMain - meter_7565822221363097215:700,6304900,300
BruceChen 11:05:44.429 [main] INFO  edu.bjut.boudia.myMain - meter_8243978942784493219:regMsg,reg_backagg,reg_cc
BruceChen 11:05:44.429 [main] INFO  edu.bjut.boudia.myMain - meter_8243978942784493219:7900,6316700,2200
BruceChen 11:05:44.429 [main] INFO  edu.bjut.boudia.myMain - meter_4863599527054754875:regMsg,reg_backagg,reg_cc
BruceChen 11:05:44.429 [main] INFO  edu.bjut.boudia.myMain - meter_4863599527054754875:100,6302200,100
BruceChen 11:05:44.429 [main] INFO  edu.bjut.boudia.myMain - meter_2272068159434605559:regMsg,reg_backagg,reg_cc
BruceChen 11:05:44.429 [main] INFO  edu.bjut.boudia.myMain - meter_2272068159434605559:300,6276100,100
BruceChen 11:05:44.429 [main] INFO  edu.bjut.boudia.myMain - meter_1495612537115612125:regMsg,reg_backagg,reg_cc
BruceChen 11:05:44.429 [main] INFO  edu.bjut.boudia.myMain - meter_1495612537115612125:100,6317800,0
BruceChen 11:05:44.931 [main] INFO  edu.bjut.boudia.myMain - oneTimeMeterRepTime
BruceChen 11:05:46.262 [main] INFO  edu.bjut.boudia.myMain - server:repMsg
BruceChen 11:05:46.262 [main] INFO  edu.bjut.boudia.myMain - server:32457500
BruceChen 11:05:46.262 [main] INFO  edu.bjut.boudia.myMain - agg:repMsg
BruceChen 11:05:46.262 [main] INFO  edu.bjut.boudia.myMain - agg:276739900
BruceChen 11:05:46.262 [main] INFO  edu.bjut.boudia.myMain - meter_2312512283689672637:repMsg
BruceChen 11:05:46.262 [main] INFO  edu.bjut.boudia.myMain - meter_2312512283689672637:25568000
BruceChen 11:05:46.262 [main] INFO  edu.bjut.boudia.myMain - meter_6785744717139393707:repMsg
BruceChen 11:05:46.262 [main] INFO  edu.bjut.boudia.myMain - meter_6785744717139393707:25588300
BruceChen 11:05:46.262 [main] INFO  edu.bjut.boudia.myMain - meter_5999718981103662167:repMsg
BruceChen 11:05:46.262 [main] INFO  edu.bjut.boudia.myMain - meter_5999718981103662167:25593000
BruceChen 11:05:46.262 [main] INFO  edu.bjut.boudia.myMain - meter_5626799978787821093:repMsg
BruceChen 11:05:46.262 [main] INFO  edu.bjut.boudia.myMain - meter_5626799978787821093:25681300
BruceChen 11:05:46.262 [main] INFO  edu.bjut.boudia.myMain - meter_570958153375055723:repMsg
BruceChen 11:05:46.262 [main] INFO  edu.bjut.boudia.myMain - meter_570958153375055723:25450700
BruceChen 11:05:46.262 [main] INFO  edu.bjut.boudia.myMain - meter_4284945396639754911:repMsg
BruceChen 11:05:46.262 [main] INFO  edu.bjut.boudia.myMain - meter_4284945396639754911:25640400
BruceChen 11:05:46.262 [main] INFO  edu.bjut.boudia.myMain - meter_9044128805303638801:repMsg
BruceChen 11:05:46.262 [main] INFO  edu.bjut.boudia.myMain - meter_9044128805303638801:25570700
BruceChen 11:05:46.262 [main] INFO  edu.bjut.boudia.myMain - meter_7970205487400316109:repMsg
BruceChen 11:05:46.262 [main] INFO  edu.bjut.boudia.myMain - meter_7970205487400316109:25412900
BruceChen 11:05:46.262 [main] INFO  edu.bjut.boudia.myMain - meter_8073478710440266393:repMsg
BruceChen 11:05:46.262 [main] INFO  edu.bjut.boudia.myMain - meter_8073478710440266393:25343800
BruceChen 11:05:46.262 [main] INFO  edu.bjut.boudia.myMain - meter_5148018614433822069:repMsg
BruceChen 11:05:46.262 [main] INFO  edu.bjut.boudia.myMain - meter_5148018614433822069:26323800
BruceChen 11:05:46.262 [main] INFO  edu.bjut.boudia.myMain - meter_3423108349322797185:repMsg
BruceChen 11:05:46.262 [main] INFO  edu.bjut.boudia.myMain - meter_3423108349322797185:25692700
BruceChen 11:05:46.262 [main] INFO  edu.bjut.boudia.myMain - meter_2508623408271192889:repMsg
BruceChen 11:05:46.262 [main] INFO  edu.bjut.boudia.myMain - meter_2508623408271192889:25431100
BruceChen 11:05:46.262 [main] INFO  edu.bjut.boudia.myMain - meter_2143311417148112285:repMsg
BruceChen 11:05:46.262 [main] INFO  edu.bjut.boudia.myMain - meter_2143311417148112285:25503800
BruceChen 11:05:46.262 [main] INFO  edu.bjut.boudia.myMain - meter_7869694568757423263:repMsg
BruceChen 11:05:46.262 [main] INFO  edu.bjut.boudia.myMain - meter_7869694568757423263:25411300
BruceChen 11:05:46.262 [main] INFO  edu.bjut.boudia.myMain - meter_948913766312348855:repMsg
BruceChen 11:05:46.262 [main] INFO  edu.bjut.boudia.myMain - meter_948913766312348855:25450700
BruceChen 11:05:46.262 [main] INFO  edu.bjut.boudia.myMain - meter_5568449870906835427:repMsg
BruceChen 11:05:46.262 [main] INFO  edu.bjut.boudia.myMain - meter_5568449870906835427:25476200
BruceChen 11:05:46.262 [main] INFO  edu.bjut.boudia.myMain - meter_8446653534529058009:repMsg
BruceChen 11:05:46.262 [main] INFO  edu.bjut.boudia.myMain - meter_8446653534529058009:25568800
BruceChen 11:05:46.262 [main] INFO  edu.bjut.boudia.myMain - meter_8481405907795814095:repMsg
BruceChen 11:05:46.262 [main] INFO  edu.bjut.boudia.myMain - meter_8481405907795814095:25397500
BruceChen 11:05:46.262 [main] INFO  edu.bjut.boudia.myMain - meter_1224843200648574011:repMsg
BruceChen 11:05:46.262 [main] INFO  edu.bjut.boudia.myMain - meter_1224843200648574011:25559500
BruceChen 11:05:46.262 [main] INFO  edu.bjut.boudia.myMain - meter_1092892832728241161:repMsg
BruceChen 11:05:46.262 [main] INFO  edu.bjut.boudia.myMain - meter_1092892832728241161:25182300
BruceChen 11:05:46.262 [main] INFO  edu.bjut.boudia.myMain - meter_2013163517031272875:repMsg
BruceChen 11:05:46.262 [main] INFO  edu.bjut.boudia.myMain - meter_2013163517031272875:25544700
BruceChen 11:05:46.262 [main] INFO  edu.bjut.boudia.myMain - meter_1005151404585695199:repMsg
BruceChen 11:05:46.262 [main] INFO  edu.bjut.boudia.myMain - meter_1005151404585695199:25488700
BruceChen 11:05:46.262 [main] INFO  edu.bjut.boudia.myMain - meter_4635466009838332689:repMsg
BruceChen 11:05:46.262 [main] INFO  edu.bjut.boudia.myMain - meter_4635466009838332689:25549600
BruceChen 11:05:46.262 [main] INFO  edu.bjut.boudia.myMain - meter_9029618724681354401:repMsg
BruceChen 11:05:46.262 [main] INFO  edu.bjut.boudia.myMain - meter_9029618724681354401:25373900
BruceChen 11:05:46.262 [main] INFO  edu.bjut.boudia.myMain - meter_6121409285480131877:repMsg
BruceChen 11:05:46.262 [main] INFO  edu.bjut.boudia.myMain - meter_6121409285480131877:25490300
BruceChen 11:05:46.262 [main] INFO  edu.bjut.boudia.myMain - meter_2414726181119350197:repMsg
BruceChen 11:05:46.262 [main] INFO  edu.bjut.boudia.myMain - meter_2414726181119350197:25290600
BruceChen 11:05:46.262 [main] INFO  edu.bjut.boudia.myMain - meter_4726239245590277137:repMsg
BruceChen 11:05:46.262 [main] INFO  edu.bjut.boudia.myMain - meter_4726239245590277137:25505300
BruceChen 11:05:46.262 [main] INFO  edu.bjut.boudia.myMain - meter_7749347268275451061:repMsg
BruceChen 11:05:46.262 [main] INFO  edu.bjut.boudia.myMain - meter_7749347268275451061:25367600
BruceChen 11:05:46.262 [main] INFO  edu.bjut.boudia.myMain - meter_3044890310380995641:repMsg
BruceChen 11:05:46.262 [main] INFO  edu.bjut.boudia.myMain - meter_3044890310380995641:25613900
BruceChen 11:05:46.262 [main] INFO  edu.bjut.boudia.myMain - meter_952019953445129769:repMsg
BruceChen 11:05:46.262 [main] INFO  edu.bjut.boudia.myMain - meter_952019953445129769:25845800
BruceChen 11:05:46.262 [main] INFO  edu.bjut.boudia.myMain - meter_6128935751069296961:repMsg
BruceChen 11:05:46.262 [main] INFO  edu.bjut.boudia.myMain - meter_6128935751069296961:25777200
BruceChen 11:05:46.262 [main] INFO  edu.bjut.boudia.myMain - meter_5321081902985941701:repMsg
BruceChen 11:05:46.262 [main] INFO  edu.bjut.boudia.myMain - meter_5321081902985941701:25934800
BruceChen 11:05:46.262 [main] INFO  edu.bjut.boudia.myMain - meter_4796293878949597831:repMsg
BruceChen 11:05:46.262 [main] INFO  edu.bjut.boudia.myMain - meter_4796293878949597831:25737200
BruceChen 11:05:46.262 [main] INFO  edu.bjut.boudia.myMain - meter_3672526792104457699:repMsg
BruceChen 11:05:46.262 [main] INFO  edu.bjut.boudia.myMain - meter_3672526792104457699:25265700
BruceChen 11:05:46.262 [main] INFO  edu.bjut.boudia.myMain - meter_46298442347938985:repMsg
BruceChen 11:05:46.262 [main] INFO  edu.bjut.boudia.myMain - meter_46298442347938985:25193500
BruceChen 11:05:46.262 [main] INFO  edu.bjut.boudia.myMain - meter_7565822221363097215:repMsg
BruceChen 11:05:46.262 [main] INFO  edu.bjut.boudia.myMain - meter_7565822221363097215:25492600
BruceChen 11:05:46.262 [main] INFO  edu.bjut.boudia.myMain - meter_8243978942784493219:repMsg
BruceChen 11:05:46.262 [main] INFO  edu.bjut.boudia.myMain - meter_8243978942784493219:25467100
BruceChen 11:05:46.277 [main] INFO  edu.bjut.boudia.myMain - meter_4863599527054754875:repMsg
BruceChen 11:05:46.277 [main] INFO  edu.bjut.boudia.myMain - meter_4863599527054754875:26552900
BruceChen 11:05:46.277 [main] INFO  edu.bjut.boudia.myMain - meter_2272068159434605559:repMsg
BruceChen 11:05:46.277 [main] INFO  edu.bjut.boudia.myMain - meter_2272068159434605559:25440100
BruceChen 11:05:46.277 [main] INFO  edu.bjut.boudia.myMain - meter_1495612537115612125:repMsg
BruceChen 11:05:46.277 [main] INFO  edu.bjut.boudia.myMain - meter_1495612537115612125:25640000
BruceChen 11:05:48.098 [main] INFO  edu.bjut.boudia.myMain - oneTimeMeterRegTime
BruceChen 11:05:48.473 [main] INFO  edu.bjut.boudia.myMain - server:pubkey
BruceChen 11:05:48.473 [main] INFO  edu.bjut.boudia.myMain - server:1200
BruceChen 11:05:48.473 [main] INFO  edu.bjut.boudia.myMain - agg:regMsg,regMsg,regMsg,regMsg,regMsg,regMsg,regMsg,regMsg,regMsg,regMsg,regMsg,regMsg,regMsg,regMsg,regMsg,regMsg,regMsg,regMsg,regMsg,regMsg,regMsg,regMsg,regMsg,regMsg,regMsg,regMsg,regMsg,regMsg,regMsg,regMsg
BruceChen 11:05:48.473 [main] INFO  edu.bjut.boudia.myMain - agg:6549700,6571400,6494600,6408800,6398800,6305600,6301700,6305200,6312600,6327600,6296100,6306600,6318800,6308500,6307700,6287300,6302200,6290400,6478600,6442100,6322100,6360100,6310500,6312400,6326400,6290500,6313200,6266600,6302300,6302300
BruceChen 11:05:48.473 [main] INFO  edu.bjut.boudia.myMain - meter_5848425693682386051:regMsg,reg_backagg,reg_cc
BruceChen 11:05:48.473 [main] INFO  edu.bjut.boudia.myMain - meter_5848425693682386051:200,7142400,100
BruceChen 11:05:48.473 [main] INFO  edu.bjut.boudia.myMain - meter_2136755732348150881:regMsg,reg_backagg,reg_cc
BruceChen 11:05:48.473 [main] INFO  edu.bjut.boudia.myMain - meter_2136755732348150881:0,6596600,100
BruceChen 11:05:48.473 [main] INFO  edu.bjut.boudia.myMain - meter_5193692317573695277:regMsg,reg_backagg,reg_cc
BruceChen 11:05:48.473 [main] INFO  edu.bjut.boudia.myMain - meter_5193692317573695277:0,6355500,100
BruceChen 11:05:48.473 [main] INFO  edu.bjut.boudia.myMain - meter_5618431574349449339:regMsg,reg_backagg,reg_cc
BruceChen 11:05:48.473 [main] INFO  edu.bjut.boudia.myMain - meter_5618431574349449339:0,6353000,100
BruceChen 11:05:48.473 [main] INFO  edu.bjut.boudia.myMain - meter_3211621264330321333:regMsg,reg_backagg,reg_cc
BruceChen 11:05:48.473 [main] INFO  edu.bjut.boudia.myMain - meter_3211621264330321333:0,6355300,100
BruceChen 11:05:48.473 [main] INFO  edu.bjut.boudia.myMain - meter_5040404110773265633:regMsg,reg_backagg,reg_cc
BruceChen 11:05:48.473 [main] INFO  edu.bjut.boudia.myMain - meter_5040404110773265633:100,6296800,0
BruceChen 11:05:48.473 [main] INFO  edu.bjut.boudia.myMain - meter_3952369169646096675:regMsg,reg_backagg,reg_cc
BruceChen 11:05:48.473 [main] INFO  edu.bjut.boudia.myMain - meter_3952369169646096675:100,6395500,100
BruceChen 11:05:48.473 [main] INFO  edu.bjut.boudia.myMain - meter_1879512950750975305:regMsg,reg_backagg,reg_cc
BruceChen 11:05:48.473 [main] INFO  edu.bjut.boudia.myMain - meter_1879512950750975305:0,6363300,100
BruceChen 11:05:48.473 [main] INFO  edu.bjut.boudia.myMain - meter_2063831813892153295:regMsg,reg_backagg,reg_cc
BruceChen 11:05:48.473 [main] INFO  edu.bjut.boudia.myMain - meter_2063831813892153295:0,6249200,100
BruceChen 11:05:48.473 [main] INFO  edu.bjut.boudia.myMain - meter_7334840422069302579:regMsg,reg_backagg,reg_cc
BruceChen 11:05:48.473 [main] INFO  edu.bjut.boudia.myMain - meter_7334840422069302579:100,6328700,100
BruceChen 11:05:48.473 [main] INFO  edu.bjut.boudia.myMain - meter_1365395344259090015:regMsg,reg_backagg,reg_cc
BruceChen 11:05:48.473 [main] INFO  edu.bjut.boudia.myMain - meter_1365395344259090015:100,6365800,100
BruceChen 11:05:48.473 [main] INFO  edu.bjut.boudia.myMain - meter_8175222665193988287:regMsg,reg_backagg,reg_cc
BruceChen 11:05:48.473 [main] INFO  edu.bjut.boudia.myMain - meter_8175222665193988287:0,6440300,0
BruceChen 11:05:48.473 [main] INFO  edu.bjut.boudia.myMain - meter_3924120182960577609:regMsg,reg_backagg,reg_cc
BruceChen 11:05:48.473 [main] INFO  edu.bjut.boudia.myMain - meter_3924120182960577609:100,6346000,100
BruceChen 11:05:48.473 [main] INFO  edu.bjut.boudia.myMain - meter_5518914202180870495:regMsg,reg_backagg,reg_cc
BruceChen 11:05:48.473 [main] INFO  edu.bjut.boudia.myMain - meter_5518914202180870495:0,6328400,0
BruceChen 11:05:48.473 [main] INFO  edu.bjut.boudia.myMain - meter_884059624406275923:regMsg,reg_backagg,reg_cc
BruceChen 11:05:48.473 [main] INFO  edu.bjut.boudia.myMain - meter_884059624406275923:100,6277100,0
BruceChen 11:05:48.473 [main] INFO  edu.bjut.boudia.myMain - meter_9025906080593747653:regMsg,reg_backagg,reg_cc
BruceChen 11:05:48.473 [main] INFO  edu.bjut.boudia.myMain - meter_9025906080593747653:100,6412500,100
BruceChen 11:05:48.473 [main] INFO  edu.bjut.boudia.myMain - meter_4415240282184107145:regMsg,reg_backagg,reg_cc
BruceChen 11:05:48.473 [main] INFO  edu.bjut.boudia.myMain - meter_4415240282184107145:0,6292100,100
BruceChen 11:05:48.473 [main] INFO  edu.bjut.boudia.myMain - meter_597603842638110623:regMsg,reg_backagg,reg_cc
BruceChen 11:05:48.473 [main] INFO  edu.bjut.boudia.myMain - meter_597603842638110623:0,6344000,0
BruceChen 11:05:48.473 [main] INFO  edu.bjut.boudia.myMain - meter_5572312516220523447:regMsg,reg_backagg,reg_cc
BruceChen 11:05:48.473 [main] INFO  edu.bjut.boudia.myMain - meter_5572312516220523447:0,7395400,0
BruceChen 11:05:48.473 [main] INFO  edu.bjut.boudia.myMain - meter_926570515696435985:regMsg,reg_backagg,reg_cc
BruceChen 11:05:48.473 [main] INFO  edu.bjut.boudia.myMain - meter_926570515696435985:100,6271500,100
BruceChen 11:05:48.473 [main] INFO  edu.bjut.boudia.myMain - meter_2647431998969677123:regMsg,reg_backagg,reg_cc
BruceChen 11:05:48.473 [main] INFO  edu.bjut.boudia.myMain - meter_2647431998969677123:100,6309300,0
BruceChen 11:05:48.473 [main] INFO  edu.bjut.boudia.myMain - meter_360154823794920893:regMsg,reg_backagg,reg_cc
BruceChen 11:05:48.473 [main] INFO  edu.bjut.boudia.myMain - meter_360154823794920893:0,6429000,0
BruceChen 11:05:48.473 [main] INFO  edu.bjut.boudia.myMain - meter_3515606112655628919:regMsg,reg_backagg,reg_cc
BruceChen 11:05:48.473 [main] INFO  edu.bjut.boudia.myMain - meter_3515606112655628919:0,6292500,100
BruceChen 11:05:48.473 [main] INFO  edu.bjut.boudia.myMain - meter_2343946072277841737:regMsg,reg_backagg,reg_cc
BruceChen 11:05:48.473 [main] INFO  edu.bjut.boudia.myMain - meter_2343946072277841737:0,6288800,0
BruceChen 11:05:48.473 [main] INFO  edu.bjut.boudia.myMain - meter_5395758815676807601:regMsg,reg_backagg,reg_cc
BruceChen 11:05:48.473 [main] INFO  edu.bjut.boudia.myMain - meter_5395758815676807601:100,6331000,0
BruceChen 11:05:48.473 [main] INFO  edu.bjut.boudia.myMain - meter_6015019706737875363:regMsg,reg_backagg,reg_cc
BruceChen 11:05:48.473 [main] INFO  edu.bjut.boudia.myMain - meter_6015019706737875363:0,6235500,100
BruceChen 11:05:48.473 [main] INFO  edu.bjut.boudia.myMain - meter_3559686133772552615:regMsg,reg_backagg,reg_cc
BruceChen 11:05:48.473 [main] INFO  edu.bjut.boudia.myMain - meter_3559686133772552615:0,6394100,0
BruceChen 11:05:48.473 [main] INFO  edu.bjut.boudia.myMain - meter_3969004215347929229:regMsg,reg_backagg,reg_cc
BruceChen 11:05:48.473 [main] INFO  edu.bjut.boudia.myMain - meter_3969004215347929229:100,6431900,100
BruceChen 11:05:48.473 [main] INFO  edu.bjut.boudia.myMain - meter_3565216693734131895:regMsg,reg_backagg,reg_cc
BruceChen 11:05:48.473 [main] INFO  edu.bjut.boudia.myMain - meter_3565216693734131895:0,6401200,100
BruceChen 11:05:48.473 [main] INFO  edu.bjut.boudia.myMain - meter_4552174774203526913:regMsg,reg_backagg,reg_cc
BruceChen 11:05:48.473 [main] INFO  edu.bjut.boudia.myMain - meter_4552174774203526913:0,6193800,0
BruceChen 11:05:48.873 [main] INFO  edu.bjut.boudia.myMain - oneTimeMeterRepTime
BruceChen 11:05:49.898 [main] INFO  edu.bjut.boudia.myMain - server:repMsg
BruceChen 11:05:49.898 [main] INFO  edu.bjut.boudia.myMain - server:32393000
BruceChen 11:05:49.898 [main] INFO  edu.bjut.boudia.myMain - agg:repMsg
BruceChen 11:05:49.898 [main] INFO  edu.bjut.boudia.myMain - agg:210335600
BruceChen 11:05:49.898 [main] INFO  edu.bjut.boudia.myMain - meter_5848425693682386051:repMsg
BruceChen 11:05:49.898 [main] INFO  edu.bjut.boudia.myMain - meter_5848425693682386051:25921200
BruceChen 11:05:49.898 [main] INFO  edu.bjut.boudia.myMain - meter_2136755732348150881:repMsg
BruceChen 11:05:49.898 [main] INFO  edu.bjut.boudia.myMain - meter_2136755732348150881:25811000
BruceChen 11:05:49.898 [main] INFO  edu.bjut.boudia.myMain - meter_5193692317573695277:repMsg
BruceChen 11:05:49.898 [main] INFO  edu.bjut.boudia.myMain - meter_5193692317573695277:26291800
BruceChen 11:05:49.898 [main] INFO  edu.bjut.boudia.myMain - meter_5618431574349449339:repMsg
BruceChen 11:05:49.898 [main] INFO  edu.bjut.boudia.myMain - meter_5618431574349449339:26001500
BruceChen 11:05:49.898 [main] INFO  edu.bjut.boudia.myMain - meter_3211621264330321333:repMsg
BruceChen 11:05:49.898 [main] INFO  edu.bjut.boudia.myMain - meter_3211621264330321333:26170300
BruceChen 11:05:49.898 [main] INFO  edu.bjut.boudia.myMain - meter_5040404110773265633:repMsg
BruceChen 11:05:49.898 [main] INFO  edu.bjut.boudia.myMain - meter_5040404110773265633:26073100
BruceChen 11:05:49.898 [main] INFO  edu.bjut.boudia.myMain - meter_3952369169646096675:repMsg
BruceChen 11:05:49.898 [main] INFO  edu.bjut.boudia.myMain - meter_3952369169646096675:27424800
BruceChen 11:05:49.898 [main] INFO  edu.bjut.boudia.myMain - meter_1879512950750975305:repMsg
BruceChen 11:05:49.898 [main] INFO  edu.bjut.boudia.myMain - meter_1879512950750975305:26385000
BruceChen 11:05:49.898 [main] INFO  edu.bjut.boudia.myMain - meter_2063831813892153295:repMsg
BruceChen 11:05:49.898 [main] INFO  edu.bjut.boudia.myMain - meter_2063831813892153295:26311500
BruceChen 11:05:49.898 [main] INFO  edu.bjut.boudia.myMain - meter_7334840422069302579:repMsg
BruceChen 11:05:49.898 [main] INFO  edu.bjut.boudia.myMain - meter_7334840422069302579:26348900
BruceChen 11:05:49.898 [main] INFO  edu.bjut.boudia.myMain - meter_1365395344259090015:repMsg
BruceChen 11:05:49.898 [main] INFO  edu.bjut.boudia.myMain - meter_1365395344259090015:26339700
BruceChen 11:05:49.898 [main] INFO  edu.bjut.boudia.myMain - meter_8175222665193988287:repMsg
BruceChen 11:05:49.898 [main] INFO  edu.bjut.boudia.myMain - meter_8175222665193988287:26300100
BruceChen 11:05:49.898 [main] INFO  edu.bjut.boudia.myMain - meter_3924120182960577609:repMsg
BruceChen 11:05:49.898 [main] INFO  edu.bjut.boudia.myMain - meter_3924120182960577609:26070800
BruceChen 11:05:49.898 [main] INFO  edu.bjut.boudia.myMain - meter_5518914202180870495:repMsg
BruceChen 11:05:49.898 [main] INFO  edu.bjut.boudia.myMain - meter_5518914202180870495:25410700
BruceChen 11:05:49.898 [main] INFO  edu.bjut.boudia.myMain - meter_884059624406275923:repMsg
BruceChen 11:05:49.898 [main] INFO  edu.bjut.boudia.myMain - meter_884059624406275923:26205700
BruceChen 11:05:49.898 [main] INFO  edu.bjut.boudia.myMain - meter_9025906080593747653:repMsg
BruceChen 11:05:49.898 [main] INFO  edu.bjut.boudia.myMain - meter_9025906080593747653:25526600
BruceChen 11:05:49.898 [main] INFO  edu.bjut.boudia.myMain - meter_4415240282184107145:repMsg
BruceChen 11:05:49.898 [main] INFO  edu.bjut.boudia.myMain - meter_4415240282184107145:25649500
BruceChen 11:05:49.898 [main] INFO  edu.bjut.boudia.myMain - meter_597603842638110623:repMsg
BruceChen 11:05:49.898 [main] INFO  edu.bjut.boudia.myMain - meter_597603842638110623:25394300
BruceChen 11:05:49.898 [main] INFO  edu.bjut.boudia.myMain - meter_5572312516220523447:repMsg
BruceChen 11:05:49.898 [main] INFO  edu.bjut.boudia.myMain - meter_5572312516220523447:25327000
BruceChen 11:05:49.898 [main] INFO  edu.bjut.boudia.myMain - meter_926570515696435985:repMsg
BruceChen 11:05:49.898 [main] INFO  edu.bjut.boudia.myMain - meter_926570515696435985:25316700
BruceChen 11:05:49.898 [main] INFO  edu.bjut.boudia.myMain - meter_2647431998969677123:repMsg
BruceChen 11:05:49.898 [main] INFO  edu.bjut.boudia.myMain - meter_2647431998969677123:25388400
BruceChen 11:05:49.898 [main] INFO  edu.bjut.boudia.myMain - meter_360154823794920893:repMsg
BruceChen 11:05:49.898 [main] INFO  edu.bjut.boudia.myMain - meter_360154823794920893:25575000
BruceChen 11:05:49.898 [main] INFO  edu.bjut.boudia.myMain - meter_3515606112655628919:repMsg
BruceChen 11:05:49.898 [main] INFO  edu.bjut.boudia.myMain - meter_3515606112655628919:25502000
BruceChen 11:05:49.898 [main] INFO  edu.bjut.boudia.myMain - meter_2343946072277841737:repMsg
BruceChen 11:05:49.898 [main] INFO  edu.bjut.boudia.myMain - meter_2343946072277841737:25597000
BruceChen 11:05:49.898 [main] INFO  edu.bjut.boudia.myMain - meter_5395758815676807601:repMsg
BruceChen 11:05:49.898 [main] INFO  edu.bjut.boudia.myMain - meter_5395758815676807601:25227700
BruceChen 11:05:49.898 [main] INFO  edu.bjut.boudia.myMain - meter_6015019706737875363:repMsg
BruceChen 11:05:49.898 [main] INFO  edu.bjut.boudia.myMain - meter_6015019706737875363:25330300
BruceChen 11:05:49.898 [main] INFO  edu.bjut.boudia.myMain - meter_3559686133772552615:repMsg
BruceChen 11:05:49.898 [main] INFO  edu.bjut.boudia.myMain - meter_3559686133772552615:25574100
BruceChen 11:05:49.898 [main] INFO  edu.bjut.boudia.myMain - meter_3969004215347929229:repMsg
BruceChen 11:05:49.898 [main] INFO  edu.bjut.boudia.myMain - meter_3969004215347929229:26082000
BruceChen 11:05:49.898 [main] INFO  edu.bjut.boudia.myMain - meter_3565216693734131895:repMsg
BruceChen 11:05:49.898 [main] INFO  edu.bjut.boudia.myMain - meter_3565216693734131895:26122800
BruceChen 11:05:49.898 [main] INFO  edu.bjut.boudia.myMain - meter_4552174774203526913:repMsg
BruceChen 11:05:49.898 [main] INFO  edu.bjut.boudia.myMain - meter_4552174774203526913:25455100
BruceChen 11:05:51.054 [main] INFO  edu.bjut.boudia.myMain - oneTimeMeterRegTime
BruceChen 11:05:51.304 [main] INFO  edu.bjut.boudia.myMain - server:pubkey
BruceChen 11:05:51.304 [main] INFO  edu.bjut.boudia.myMain - server:1200
BruceChen 11:05:51.304 [main] INFO  edu.bjut.boudia.myMain - agg:regMsg,regMsg,regMsg,regMsg,regMsg,regMsg,regMsg,regMsg,regMsg,regMsg,regMsg,regMsg,regMsg,regMsg,regMsg,regMsg,regMsg,regMsg,regMsg,regMsg
BruceChen 11:05:51.304 [main] INFO  edu.bjut.boudia.myMain - agg:6496100,6305800,6306000,7459800,6500900,6581300,6506400,7071900,6426100,6380600,6288800,6302000,6304400,6317300,6329100,6309600,6298100,6277700,6261100,6328600
BruceChen 11:05:51.304 [main] INFO  edu.bjut.boudia.myMain - meter_6959829240491510429:regMsg,reg_backagg,reg_cc
BruceChen 11:05:51.304 [main] INFO  edu.bjut.boudia.myMain - meter_6959829240491510429:200,6469300,100
BruceChen 11:05:51.304 [main] INFO  edu.bjut.boudia.myMain - meter_6262053037926771761:regMsg,reg_backagg,reg_cc
BruceChen 11:05:51.304 [main] INFO  edu.bjut.boudia.myMain - meter_6262053037926771761:100,6322900,0
BruceChen 11:05:51.304 [main] INFO  edu.bjut.boudia.myMain - meter_448736807921476111:regMsg,reg_backagg,reg_cc
BruceChen 11:05:51.304 [main] INFO  edu.bjut.boudia.myMain - meter_448736807921476111:100,6274300,100
BruceChen 11:05:51.304 [main] INFO  edu.bjut.boudia.myMain - meter_3586902993631008111:regMsg,reg_backagg,reg_cc
BruceChen 11:05:51.304 [main] INFO  edu.bjut.boudia.myMain - meter_3586902993631008111:0,6548100,100
BruceChen 11:05:51.304 [main] INFO  edu.bjut.boudia.myMain - meter_7883862567078203027:regMsg,reg_backagg,reg_cc
BruceChen 11:05:51.304 [main] INFO  edu.bjut.boudia.myMain - meter_7883862567078203027:100,6477400,100
BruceChen 11:05:51.304 [main] INFO  edu.bjut.boudia.myMain - meter_7049290747851140113:regMsg,reg_backagg,reg_cc
BruceChen 11:05:51.304 [main] INFO  edu.bjut.boudia.myMain - meter_7049290747851140113:0,6550800,100
BruceChen 11:05:51.304 [main] INFO  edu.bjut.boudia.myMain - meter_4387784094824864863:regMsg,reg_backagg,reg_cc
BruceChen 11:05:51.304 [main] INFO  edu.bjut.boudia.myMain - meter_4387784094824864863:0,6552400,100
BruceChen 11:05:51.304 [main] INFO  edu.bjut.boudia.myMain - meter_449868321784891955:regMsg,reg_backagg,reg_cc
BruceChen 11:05:51.304 [main] INFO  edu.bjut.boudia.myMain - meter_449868321784891955:0,6499300,100
BruceChen 11:05:51.304 [main] INFO  edu.bjut.boudia.myMain - meter_7808789530047963813:regMsg,reg_backagg,reg_cc
BruceChen 11:05:51.304 [main] INFO  edu.bjut.boudia.myMain - meter_7808789530047963813:0,6331200,100
BruceChen 11:05:51.304 [main] INFO  edu.bjut.boudia.myMain - meter_3556493820838159757:regMsg,reg_backagg,reg_cc
BruceChen 11:05:51.304 [main] INFO  edu.bjut.boudia.myMain - meter_3556493820838159757:0,6362100,100
BruceChen 11:05:51.304 [main] INFO  edu.bjut.boudia.myMain - meter_495540055478970181:regMsg,reg_backagg,reg_cc
BruceChen 11:05:51.304 [main] INFO  edu.bjut.boudia.myMain - meter_495540055478970181:100,6326100,100
BruceChen 11:05:51.304 [main] INFO  edu.bjut.boudia.myMain - meter_5687366492489680981:regMsg,reg_backagg,reg_cc
BruceChen 11:05:51.304 [main] INFO  edu.bjut.boudia.myMain - meter_5687366492489680981:100,6376000,0
BruceChen 11:05:51.304 [main] INFO  edu.bjut.boudia.myMain - meter_3376515711634667611:regMsg,reg_backagg,reg_cc
BruceChen 11:05:51.304 [main] INFO  edu.bjut.boudia.myMain - meter_3376515711634667611:0,6359300,100
BruceChen 11:05:51.304 [main] INFO  edu.bjut.boudia.myMain - meter_1753483164312395571:regMsg,reg_backagg,reg_cc
BruceChen 11:05:51.304 [main] INFO  edu.bjut.boudia.myMain - meter_1753483164312395571:100,6334900,0
BruceChen 11:05:51.304 [main] INFO  edu.bjut.boudia.myMain - meter_8432451546347427203:regMsg,reg_backagg,reg_cc
BruceChen 11:05:51.304 [main] INFO  edu.bjut.boudia.myMain - meter_8432451546347427203:100,6348000,100
BruceChen 11:05:51.304 [main] INFO  edu.bjut.boudia.myMain - meter_588062645839222145:regMsg,reg_backagg,reg_cc
BruceChen 11:05:51.304 [main] INFO  edu.bjut.boudia.myMain - meter_588062645839222145:100,6364900,0
BruceChen 11:05:51.304 [main] INFO  edu.bjut.boudia.myMain - meter_1724364921985975653:regMsg,reg_backagg,reg_cc
BruceChen 11:05:51.304 [main] INFO  edu.bjut.boudia.myMain - meter_1724364921985975653:0,6274200,100
BruceChen 11:05:51.304 [main] INFO  edu.bjut.boudia.myMain - meter_5624638122245492437:regMsg,reg_backagg,reg_cc
BruceChen 11:05:51.304 [main] INFO  edu.bjut.boudia.myMain - meter_5624638122245492437:100,6304200,0
BruceChen 11:05:51.304 [main] INFO  edu.bjut.boudia.myMain - meter_777251362184380961:regMsg,reg_backagg,reg_cc
BruceChen 11:05:51.304 [main] INFO  edu.bjut.boudia.myMain - meter_777251362184380961:100,6393600,100
BruceChen 11:05:51.304 [main] INFO  edu.bjut.boudia.myMain - meter_483649156714733221:regMsg,reg_backagg,reg_cc
BruceChen 11:05:51.304 [main] INFO  edu.bjut.boudia.myMain - meter_483649156714733221:0,6317300,0
BruceChen 11:05:51.569 [main] INFO  edu.bjut.boudia.myMain - oneTimeMeterRepTime
BruceChen 11:05:52.257 [main] INFO  edu.bjut.boudia.myMain - server:repMsg
BruceChen 11:05:52.257 [main] INFO  edu.bjut.boudia.myMain - server:32314600
BruceChen 11:05:52.257 [main] INFO  edu.bjut.boudia.myMain - agg:repMsg
BruceChen 11:05:52.257 [main] INFO  edu.bjut.boudia.myMain - agg:144655200
BruceChen 11:05:52.257 [main] INFO  edu.bjut.boudia.myMain - meter_6959829240491510429:repMsg
BruceChen 11:05:52.257 [main] INFO  edu.bjut.boudia.myMain - meter_6959829240491510429:26359700
BruceChen 11:05:52.257 [main] INFO  edu.bjut.boudia.myMain - meter_6262053037926771761:repMsg
BruceChen 11:05:52.257 [main] INFO  edu.bjut.boudia.myMain - meter_6262053037926771761:25516800
BruceChen 11:05:52.257 [main] INFO  edu.bjut.boudia.myMain - meter_448736807921476111:repMsg
BruceChen 11:05:52.257 [main] INFO  edu.bjut.boudia.myMain - meter_448736807921476111:25591600
BruceChen 11:05:52.257 [main] INFO  edu.bjut.boudia.myMain - meter_3586902993631008111:repMsg
BruceChen 11:05:52.257 [main] INFO  edu.bjut.boudia.myMain - meter_3586902993631008111:25246900
BruceChen 11:05:52.257 [main] INFO  edu.bjut.boudia.myMain - meter_7883862567078203027:repMsg
BruceChen 11:05:52.257 [main] INFO  edu.bjut.boudia.myMain - meter_7883862567078203027:25605900
BruceChen 11:05:52.257 [main] INFO  edu.bjut.boudia.myMain - meter_7049290747851140113:repMsg
BruceChen 11:05:52.257 [main] INFO  edu.bjut.boudia.myMain - meter_7049290747851140113:25405100
BruceChen 11:05:52.257 [main] INFO  edu.bjut.boudia.myMain - meter_4387784094824864863:repMsg
BruceChen 11:05:52.257 [main] INFO  edu.bjut.boudia.myMain - meter_4387784094824864863:25370200
BruceChen 11:05:52.257 [main] INFO  edu.bjut.boudia.myMain - meter_449868321784891955:repMsg
BruceChen 11:05:52.257 [main] INFO  edu.bjut.boudia.myMain - meter_449868321784891955:25615700
BruceChen 11:05:52.257 [main] INFO  edu.bjut.boudia.myMain - meter_7808789530047963813:repMsg
BruceChen 11:05:52.257 [main] INFO  edu.bjut.boudia.myMain - meter_7808789530047963813:25320400
BruceChen 11:05:52.257 [main] INFO  edu.bjut.boudia.myMain - meter_3556493820838159757:repMsg
BruceChen 11:05:52.257 [main] INFO  edu.bjut.boudia.myMain - meter_3556493820838159757:26450200
BruceChen 11:05:52.257 [main] INFO  edu.bjut.boudia.myMain - meter_495540055478970181:repMsg
BruceChen 11:05:52.257 [main] INFO  edu.bjut.boudia.myMain - meter_495540055478970181:25314800
BruceChen 11:05:52.257 [main] INFO  edu.bjut.boudia.myMain - meter_5687366492489680981:repMsg
BruceChen 11:05:52.257 [main] INFO  edu.bjut.boudia.myMain - meter_5687366492489680981:25433800
BruceChen 11:05:52.257 [main] INFO  edu.bjut.boudia.myMain - meter_3376515711634667611:repMsg
BruceChen 11:05:52.257 [main] INFO  edu.bjut.boudia.myMain - meter_3376515711634667611:25426500
BruceChen 11:05:52.257 [main] INFO  edu.bjut.boudia.myMain - meter_1753483164312395571:repMsg
BruceChen 11:05:52.257 [main] INFO  edu.bjut.boudia.myMain - meter_1753483164312395571:25225000
BruceChen 11:05:52.257 [main] INFO  edu.bjut.boudia.myMain - meter_8432451546347427203:repMsg
BruceChen 11:05:52.257 [main] INFO  edu.bjut.boudia.myMain - meter_8432451546347427203:25541900
BruceChen 11:05:52.257 [main] INFO  edu.bjut.boudia.myMain - meter_588062645839222145:repMsg
BruceChen 11:05:52.257 [main] INFO  edu.bjut.boudia.myMain - meter_588062645839222145:25534900
BruceChen 11:05:52.257 [main] INFO  edu.bjut.boudia.myMain - meter_1724364921985975653:repMsg
BruceChen 11:05:52.257 [main] INFO  edu.bjut.boudia.myMain - meter_1724364921985975653:25515900
BruceChen 11:05:52.257 [main] INFO  edu.bjut.boudia.myMain - meter_5624638122245492437:repMsg
BruceChen 11:05:52.257 [main] INFO  edu.bjut.boudia.myMain - meter_5624638122245492437:25413800
BruceChen 11:05:52.257 [main] INFO  edu.bjut.boudia.myMain - meter_777251362184380961:repMsg
BruceChen 11:05:52.257 [main] INFO  edu.bjut.boudia.myMain - meter_777251362184380961:25403000
BruceChen 11:05:52.257 [main] INFO  edu.bjut.boudia.myMain - meter_483649156714733221:repMsg
BruceChen 11:05:52.257 [main] INFO  edu.bjut.boudia.myMain - meter_483649156714733221:25349100
