BruceChen 14:28:14.964 [main] INFO  edu.bjut.boudia.myMain - oneTimeMeterRegTime
BruceChen 14:28:15.776 [main] INFO  edu.bjut.boudia.myMain - server:pubkey
BruceChen 14:28:15.776 [main] INFO  edu.bjut.boudia.myMain - server:203400
BruceChen 14:28:15.776 [main] INFO  edu.bjut.boudia.myMain - agg:regMsg,regMsg,regMsg,regMsg,regMsg,regMsg,regMsg,regMsg,regMsg,regMsg,regMsg,regMsg,regMsg,regMsg,regMsg,regMsg,regMsg,regMsg,regMsg,regMsg,regMsg,regMsg,regMsg,regMsg,regMsg,regMsg,regMsg,regMsg,regMsg,regMsg,regMsg,regMsg,regMsg,regMsg,regMsg,regMsg,regMsg,regMsg,regMsg,regMsg,regMsg,regMsg,regMsg,regMsg,regMsg,regMsg,regMsg,regMsg,regMsg,regMsg,regMsg,regMsg,regMsg,regMsg,regMsg,regMsg,regMsg,regMsg,regMsg,regMsg
BruceChen 14:28:15.781 [main] INFO  edu.bjut.boudia.myMain - agg:6714100,6660300,6636600,6673600,6638500,6654600,6638500,6616400,6623200,6713500,6640100,6642600,6614700,7320100,6648300,6609000,6574400,6613900,6590400,6628500,6604400,6599600,6594800,6589600,6559800,6571100,6625700,6598900,6596600,9387400,6717100,6560400,6575300,6571100,6659600,6595500,6589900,6600800,6609800,6577900,6574700,6591400,6576900,6589500,6579900,6561000,6546800,6567900,6601300,6583200,6575500,6561700,6551800,6550300,6567600,6554700,6577000,6562600,6563200,6605800
BruceChen 14:28:15.781 [main] INFO  edu.bjut.boudia.myMain - meter_1122739480363976927:regMsg,reg_backagg,reg_cc
BruceChen 14:28:15.781 [main] INFO  edu.bjut.boudia.myMain - meter_1122739480363976927:2600,6649500,4000
BruceChen 14:28:15.781 [main] INFO  edu.bjut.boudia.myMain - meter_5550205689903396469:regMsg,reg_backagg,reg_cc
BruceChen 14:28:15.781 [main] INFO  edu.bjut.boudia.myMain - meter_5550205689903396469:600,6666700,500
BruceChen 14:28:15.781 [main] INFO  edu.bjut.boudia.myMain - meter_1057538406499668491:regMsg,reg_backagg,reg_cc
BruceChen 14:28:15.781 [main] INFO  edu.bjut.boudia.myMain - meter_1057538406499668491:300,6696400,300
BruceChen 14:28:15.781 [main] INFO  edu.bjut.boudia.myMain - meter_618468406828870481:regMsg,reg_backagg,reg_cc
BruceChen 14:28:15.781 [main] INFO  edu.bjut.boudia.myMain - meter_618468406828870481:400,6658100,400
BruceChen 14:28:15.781 [main] INFO  edu.bjut.boudia.myMain - meter_4341909439148144287:regMsg,reg_backagg,reg_cc
BruceChen 14:28:15.781 [main] INFO  edu.bjut.boudia.myMain - meter_4341909439148144287:400,6633600,400
BruceChen 14:28:15.781 [main] INFO  edu.bjut.boudia.myMain - meter_6622107419962304661:regMsg,reg_backagg,reg_cc
BruceChen 14:28:15.781 [main] INFO  edu.bjut.boudia.myMain - meter_6622107419962304661:300,6581300,500
BruceChen 14:28:15.781 [main] INFO  edu.bjut.boudia.myMain - meter_9162659411533245153:regMsg,reg_backagg,reg_cc
BruceChen 14:28:15.781 [main] INFO  edu.bjut.boudia.myMain - meter_9162659411533245153:300,6577800,400
BruceChen 14:28:15.781 [main] INFO  edu.bjut.boudia.myMain - meter_8815083631994985515:regMsg,reg_backagg,reg_cc
BruceChen 14:28:15.781 [main] INFO  edu.bjut.boudia.myMain - meter_8815083631994985515:300,6652100,400
BruceChen 14:28:15.781 [main] INFO  edu.bjut.boudia.myMain - meter_2748834946509702107:regMsg,reg_backagg,reg_cc
BruceChen 14:28:15.781 [main] INFO  edu.bjut.boudia.myMain - meter_2748834946509702107:300,6710000,400
BruceChen 14:28:15.781 [main] INFO  edu.bjut.boudia.myMain - meter_8410396692943434271:regMsg,reg_backagg,reg_cc
BruceChen 14:28:15.781 [main] INFO  edu.bjut.boudia.myMain - meter_8410396692943434271:300,6653600,400
BruceChen 14:28:15.781 [main] INFO  edu.bjut.boudia.myMain - meter_1460242348768873743:regMsg,reg_backagg,reg_cc
BruceChen 14:28:15.781 [main] INFO  edu.bjut.boudia.myMain - meter_1460242348768873743:300,6602400,400
BruceChen 14:28:15.781 [main] INFO  edu.bjut.boudia.myMain - meter_1422718667709517053:regMsg,reg_backagg,reg_cc
BruceChen 14:28:15.781 [main] INFO  edu.bjut.boudia.myMain - meter_1422718667709517053:300,6668500,400
BruceChen 14:28:15.781 [main] INFO  edu.bjut.boudia.myMain - meter_1546640384503432011:regMsg,reg_backagg,reg_cc
BruceChen 14:28:15.781 [main] INFO  edu.bjut.boudia.myMain - meter_1546640384503432011:300,6631100,600
BruceChen 14:28:15.781 [main] INFO  edu.bjut.boudia.myMain - meter_8808416617155991699:regMsg,reg_backagg,reg_cc
BruceChen 14:28:15.781 [main] INFO  edu.bjut.boudia.myMain - meter_8808416617155991699:300,6715100,300
BruceChen 14:28:15.781 [main] INFO  edu.bjut.boudia.myMain - meter_2795346634676889271:regMsg,reg_backagg,reg_cc
BruceChen 14:28:15.781 [main] INFO  edu.bjut.boudia.myMain - meter_2795346634676889271:300,6541600,300
BruceChen 14:28:15.781 [main] INFO  edu.bjut.boudia.myMain - meter_8768129283221680917:regMsg,reg_backagg,reg_cc
BruceChen 14:28:15.781 [main] INFO  edu.bjut.boudia.myMain - meter_8768129283221680917:400,6562100,300
BruceChen 14:28:15.781 [main] INFO  edu.bjut.boudia.myMain - meter_5130543309701706845:regMsg,reg_backagg,reg_cc
BruceChen 14:28:15.781 [main] INFO  edu.bjut.boudia.myMain - meter_5130543309701706845:300,6620900,400
BruceChen 14:28:15.781 [main] INFO  edu.bjut.boudia.myMain - meter_7235996685578398235:regMsg,reg_backagg,reg_cc
BruceChen 14:28:15.781 [main] INFO  edu.bjut.boudia.myMain - meter_7235996685578398235:400,6666900,400
BruceChen 14:28:15.781 [main] INFO  edu.bjut.boudia.myMain - meter_7391739147562687293:regMsg,reg_backagg,reg_cc
BruceChen 14:28:15.781 [main] INFO  edu.bjut.boudia.myMain - meter_7391739147562687293:400,6943900,500
BruceChen 14:28:15.781 [main] INFO  edu.bjut.boudia.myMain - meter_211784669157477231:regMsg,reg_backagg,reg_cc
BruceChen 14:28:15.781 [main] INFO  edu.bjut.boudia.myMain - meter_211784669157477231:400,6619300,400
BruceChen 14:28:15.781 [main] INFO  edu.bjut.boudia.myMain - meter_7774493894105141145:regMsg,reg_backagg,reg_cc
BruceChen 14:28:15.781 [main] INFO  edu.bjut.boudia.myMain - meter_7774493894105141145:300,6592700,300
BruceChen 14:28:15.781 [main] INFO  edu.bjut.boudia.myMain - meter_6618563876477361761:regMsg,reg_backagg,reg_cc
BruceChen 14:28:15.781 [main] INFO  edu.bjut.boudia.myMain - meter_6618563876477361761:400,6862000,400
BruceChen 14:28:15.781 [main] INFO  edu.bjut.boudia.myMain - meter_8876760396096814635:regMsg,reg_backagg,reg_cc
BruceChen 14:28:15.781 [main] INFO  edu.bjut.boudia.myMain - meter_8876760396096814635:400,6514400,400
BruceChen 14:28:15.781 [main] INFO  edu.bjut.boudia.myMain - meter_4319288473749989175:regMsg,reg_backagg,reg_cc
BruceChen 14:28:15.781 [main] INFO  edu.bjut.boudia.myMain - meter_4319288473749989175:300,6530500,400
BruceChen 14:28:15.781 [main] INFO  edu.bjut.boudia.myMain - meter_5058771104567841867:regMsg,reg_backagg,reg_cc
BruceChen 14:28:15.781 [main] INFO  edu.bjut.boudia.myMain - meter_5058771104567841867:300,6559200,500
BruceChen 14:28:15.781 [main] INFO  edu.bjut.boudia.myMain - meter_6794246895746694841:regMsg,reg_backagg,reg_cc
BruceChen 14:28:15.781 [main] INFO  edu.bjut.boudia.myMain - meter_6794246895746694841:400,6511700,500
BruceChen 14:28:15.781 [main] INFO  edu.bjut.boudia.myMain - meter_4528431371801917547:regMsg,reg_backagg,reg_cc
BruceChen 14:28:15.781 [main] INFO  edu.bjut.boudia.myMain - meter_4528431371801917547:400,6483500,400
BruceChen 14:28:15.781 [main] INFO  edu.bjut.boudia.myMain - meter_3872450676894533799:regMsg,reg_backagg,reg_cc
BruceChen 14:28:15.781 [main] INFO  edu.bjut.boudia.myMain - meter_3872450676894533799:300,6499900,400
BruceChen 14:28:15.781 [main] INFO  edu.bjut.boudia.myMain - meter_5321994876927799519:regMsg,reg_backagg,reg_cc
BruceChen 14:28:15.781 [main] INFO  edu.bjut.boudia.myMain - meter_5321994876927799519:300,6552900,300
BruceChen 14:28:15.781 [main] INFO  edu.bjut.boudia.myMain - meter_5366867558398174761:regMsg,reg_backagg,reg_cc
BruceChen 14:28:15.781 [main] INFO  edu.bjut.boudia.myMain - meter_5366867558398174761:400,6868400,500
BruceChen 14:28:15.781 [main] INFO  edu.bjut.boudia.myMain - meter_8397353681379677809:regMsg,reg_backagg,reg_cc
BruceChen 14:28:15.781 [main] INFO  edu.bjut.boudia.myMain - meter_8397353681379677809:400,6597000,300
BruceChen 14:28:15.781 [main] INFO  edu.bjut.boudia.myMain - meter_3769357244423303567:regMsg,reg_backagg,reg_cc
BruceChen 14:28:15.781 [main] INFO  edu.bjut.boudia.myMain - meter_3769357244423303567:1300,6651200,300
BruceChen 14:28:15.781 [main] INFO  edu.bjut.boudia.myMain - meter_3494893541001080159:regMsg,reg_backagg,reg_cc
BruceChen 14:28:15.781 [main] INFO  edu.bjut.boudia.myMain - meter_3494893541001080159:400,6579100,400
BruceChen 14:28:15.781 [main] INFO  edu.bjut.boudia.myMain - meter_1537682833658837855:regMsg,reg_backagg,reg_cc
BruceChen 14:28:15.781 [main] INFO  edu.bjut.boudia.myMain - meter_1537682833658837855:300,6611900,300
BruceChen 14:28:15.781 [main] INFO  edu.bjut.boudia.myMain - meter_7846608227055479455:regMsg,reg_backagg,reg_cc
BruceChen 14:28:15.781 [main] INFO  edu.bjut.boudia.myMain - meter_7846608227055479455:300,6611200,400
BruceChen 14:28:15.781 [main] INFO  edu.bjut.boudia.myMain - meter_9013587824525164941:regMsg,reg_backagg,reg_cc
BruceChen 14:28:15.781 [main] INFO  edu.bjut.boudia.myMain - meter_9013587824525164941:400,6616800,400
BruceChen 14:28:15.781 [main] INFO  edu.bjut.boudia.myMain - meter_83987301252151019:regMsg,reg_backagg,reg_cc
BruceChen 14:28:15.781 [main] INFO  edu.bjut.boudia.myMain - meter_83987301252151019:300,6576900,300
BruceChen 14:28:15.781 [main] INFO  edu.bjut.boudia.myMain - meter_671451295563657145:regMsg,reg_backagg,reg_cc
BruceChen 14:28:15.781 [main] INFO  edu.bjut.boudia.myMain - meter_671451295563657145:300,6628700,400
BruceChen 14:28:15.781 [main] INFO  edu.bjut.boudia.myMain - meter_4754972491046650051:regMsg,reg_backagg,reg_cc
BruceChen 14:28:15.781 [main] INFO  edu.bjut.boudia.myMain - meter_4754972491046650051:300,6562400,400
BruceChen 14:28:15.781 [main] INFO  edu.bjut.boudia.myMain - meter_432038748296164061:regMsg,reg_backagg,reg_cc
BruceChen 14:28:15.781 [main] INFO  edu.bjut.boudia.myMain - meter_432038748296164061:400,6489000,400
BruceChen 14:28:15.781 [main] INFO  edu.bjut.boudia.myMain - meter_2736320482850721293:regMsg,reg_backagg,reg_cc
BruceChen 14:28:15.781 [main] INFO  edu.bjut.boudia.myMain - meter_2736320482850721293:200,6581900,300
BruceChen 14:28:15.781 [main] INFO  edu.bjut.boudia.myMain - meter_6314715118094427867:regMsg,reg_backagg,reg_cc
BruceChen 14:28:15.781 [main] INFO  edu.bjut.boudia.myMain - meter_6314715118094427867:200,6568300,300
BruceChen 14:28:15.781 [main] INFO  edu.bjut.boudia.myMain - meter_6621555869797563841:regMsg,reg_backagg,reg_cc
BruceChen 14:28:15.781 [main] INFO  edu.bjut.boudia.myMain - meter_6621555869797563841:300,6496000,300
BruceChen 14:28:15.781 [main] INFO  edu.bjut.boudia.myMain - meter_1665587702679275443:regMsg,reg_backagg,reg_cc
BruceChen 14:28:15.781 [main] INFO  edu.bjut.boudia.myMain - meter_1665587702679275443:300,6501000,400
BruceChen 14:28:15.781 [main] INFO  edu.bjut.boudia.myMain - meter_8907986804424870277:regMsg,reg_backagg,reg_cc
BruceChen 14:28:15.781 [main] INFO  edu.bjut.boudia.myMain - meter_8907986804424870277:200,6588800,300
BruceChen 14:28:15.781 [main] INFO  edu.bjut.boudia.myMain - meter_2633258266998323295:regMsg,reg_backagg,reg_cc
BruceChen 14:28:15.781 [main] INFO  edu.bjut.boudia.myMain - meter_2633258266998323295:300,6462200,400
BruceChen 14:28:15.781 [main] INFO  edu.bjut.boudia.myMain - meter_8915611480784070439:regMsg,reg_backagg,reg_cc
BruceChen 14:28:15.781 [main] INFO  edu.bjut.boudia.myMain - meter_8915611480784070439:200,6565300,300
BruceChen 14:28:15.781 [main] INFO  edu.bjut.boudia.myMain - meter_4946077196662199091:regMsg,reg_backagg,reg_cc
BruceChen 14:28:15.781 [main] INFO  edu.bjut.boudia.myMain - meter_4946077196662199091:200,6639700,300
BruceChen 14:28:15.781 [main] INFO  edu.bjut.boudia.myMain - meter_6107474154940374297:regMsg,reg_backagg,reg_cc
BruceChen 14:28:15.781 [main] INFO  edu.bjut.boudia.myMain - meter_6107474154940374297:200,6539300,300
BruceChen 14:28:15.781 [main] INFO  edu.bjut.boudia.myMain - meter_649419200701444219:regMsg,reg_backagg,reg_cc
BruceChen 14:28:15.781 [main] INFO  edu.bjut.boudia.myMain - meter_649419200701444219:300,6551300,300
BruceChen 14:28:15.781 [main] INFO  edu.bjut.boudia.myMain - meter_988932386142534015:regMsg,reg_backagg,reg_cc
BruceChen 14:28:15.781 [main] INFO  edu.bjut.boudia.myMain - meter_988932386142534015:200,6569100,300
BruceChen 14:28:15.781 [main] INFO  edu.bjut.boudia.myMain - meter_2215028705172021781:regMsg,reg_backagg,reg_cc
BruceChen 14:28:15.781 [main] INFO  edu.bjut.boudia.myMain - meter_2215028705172021781:200,6560300,300
BruceChen 14:28:15.781 [main] INFO  edu.bjut.boudia.myMain - meter_8826751208277125031:regMsg,reg_backagg,reg_cc
BruceChen 14:28:15.781 [main] INFO  edu.bjut.boudia.myMain - meter_8826751208277125031:200,6418200,200
BruceChen 14:28:15.781 [main] INFO  edu.bjut.boudia.myMain - meter_3600593702869817905:regMsg,reg_backagg,reg_cc
BruceChen 14:28:15.781 [main] INFO  edu.bjut.boudia.myMain - meter_3600593702869817905:200,6550200,400
BruceChen 14:28:15.781 [main] INFO  edu.bjut.boudia.myMain - meter_8763550926975867463:regMsg,reg_backagg,reg_cc
BruceChen 14:28:15.781 [main] INFO  edu.bjut.boudia.myMain - meter_8763550926975867463:200,6496500,300
BruceChen 14:28:15.781 [main] INFO  edu.bjut.boudia.myMain - meter_8487350126964471053:regMsg,reg_backagg,reg_cc
BruceChen 14:28:15.781 [main] INFO  edu.bjut.boudia.myMain - meter_8487350126964471053:200,6600900,200
BruceChen 14:28:15.781 [main] INFO  edu.bjut.boudia.myMain - meter_605501481220561395:regMsg,reg_backagg,reg_cc
BruceChen 14:28:15.781 [main] INFO  edu.bjut.boudia.myMain - meter_605501481220561395:200,6579700,300
BruceChen 14:28:15.781 [main] INFO  edu.bjut.boudia.myMain - meter_8639740283442534395:regMsg,reg_backagg,reg_cc
BruceChen 14:28:15.781 [main] INFO  edu.bjut.boudia.myMain - meter_8639740283442534395:200,6512000,200
BruceChen 14:28:15.781 [main] INFO  edu.bjut.boudia.myMain - meter_8895058712585215699:regMsg,reg_backagg,reg_cc
BruceChen 14:28:15.781 [main] INFO  edu.bjut.boudia.myMain - meter_8895058712585215699:200,6581400,400
BruceChen 14:28:15.781 [main] INFO  edu.bjut.boudia.myMain - meter_2637852765592458193:regMsg,reg_backagg,reg_cc
BruceChen 14:28:15.781 [main] INFO  edu.bjut.boudia.myMain - meter_2637852765592458193:300,6506900,300
BruceChen 14:28:16.579 [main] INFO  edu.bjut.boudia.myMain - oneTimeMeterRepTime
BruceChen 14:28:18.628 [main] INFO  edu.bjut.boudia.myMain - server:repMsg
BruceChen 14:28:18.628 [main] INFO  edu.bjut.boudia.myMain - server:31704100
BruceChen 14:28:18.628 [main] INFO  edu.bjut.boudia.myMain - agg:repMsg
BruceChen 14:28:18.628 [main] INFO  edu.bjut.boudia.myMain - agg:420234500
BruceChen 14:28:18.628 [main] INFO  edu.bjut.boudia.myMain - meter_1122739480363976927:repMsg
BruceChen 14:28:18.628 [main] INFO  edu.bjut.boudia.myMain - meter_1122739480363976927:35767200
BruceChen 14:28:18.628 [main] INFO  edu.bjut.boudia.myMain - meter_5550205689903396469:repMsg
BruceChen 14:28:18.628 [main] INFO  edu.bjut.boudia.myMain - meter_5550205689903396469:26730400
BruceChen 14:28:18.628 [main] INFO  edu.bjut.boudia.myMain - meter_1057538406499668491:repMsg
BruceChen 14:28:18.628 [main] INFO  edu.bjut.boudia.myMain - meter_1057538406499668491:26550500
BruceChen 14:28:18.628 [main] INFO  edu.bjut.boudia.myMain - meter_618468406828870481:repMsg
BruceChen 14:28:18.628 [main] INFO  edu.bjut.boudia.myMain - meter_618468406828870481:26523400
BruceChen 14:28:18.628 [main] INFO  edu.bjut.boudia.myMain - meter_4341909439148144287:repMsg
BruceChen 14:28:18.628 [main] INFO  edu.bjut.boudia.myMain - meter_4341909439148144287:26614400
BruceChen 14:28:18.628 [main] INFO  edu.bjut.boudia.myMain - meter_6622107419962304661:repMsg
BruceChen 14:28:18.628 [main] INFO  edu.bjut.boudia.myMain - meter_6622107419962304661:26356000
BruceChen 14:28:18.628 [main] INFO  edu.bjut.boudia.myMain - meter_9162659411533245153:repMsg
BruceChen 14:28:18.628 [main] INFO  edu.bjut.boudia.myMain - meter_9162659411533245153:26651800
BruceChen 14:28:18.628 [main] INFO  edu.bjut.boudia.myMain - meter_8815083631994985515:repMsg
BruceChen 14:28:18.628 [main] INFO  edu.bjut.boudia.myMain - meter_8815083631994985515:26407600
BruceChen 14:28:18.628 [main] INFO  edu.bjut.boudia.myMain - meter_2748834946509702107:repMsg
BruceChen 14:28:18.628 [main] INFO  edu.bjut.boudia.myMain - meter_2748834946509702107:29425400
BruceChen 14:28:18.628 [main] INFO  edu.bjut.boudia.myMain - meter_8410396692943434271:repMsg
BruceChen 14:28:18.628 [main] INFO  edu.bjut.boudia.myMain - meter_8410396692943434271:26434100
BruceChen 14:28:18.628 [main] INFO  edu.bjut.boudia.myMain - meter_1460242348768873743:repMsg
BruceChen 14:28:18.628 [main] INFO  edu.bjut.boudia.myMain - meter_1460242348768873743:26640500
BruceChen 14:28:18.628 [main] INFO  edu.bjut.boudia.myMain - meter_1422718667709517053:repMsg
BruceChen 14:28:18.628 [main] INFO  edu.bjut.boudia.myMain - meter_1422718667709517053:26486200
BruceChen 14:28:18.628 [main] INFO  edu.bjut.boudia.myMain - meter_1546640384503432011:repMsg
BruceChen 14:28:18.628 [main] INFO  edu.bjut.boudia.myMain - meter_1546640384503432011:26296600
BruceChen 14:28:18.628 [main] INFO  edu.bjut.boudia.myMain - meter_8808416617155991699:repMsg
BruceChen 14:28:18.628 [main] INFO  edu.bjut.boudia.myMain - meter_8808416617155991699:26515400
BruceChen 14:28:18.628 [main] INFO  edu.bjut.boudia.myMain - meter_2795346634676889271:repMsg
BruceChen 14:28:18.628 [main] INFO  edu.bjut.boudia.myMain - meter_2795346634676889271:26388700
BruceChen 14:28:18.628 [main] INFO  edu.bjut.boudia.myMain - meter_8768129283221680917:repMsg
BruceChen 14:28:18.628 [main] INFO  edu.bjut.boudia.myMain - meter_8768129283221680917:26584600
BruceChen 14:28:18.628 [main] INFO  edu.bjut.boudia.myMain - meter_5130543309701706845:repMsg
BruceChen 14:28:18.628 [main] INFO  edu.bjut.boudia.myMain - meter_5130543309701706845:26503800
BruceChen 14:28:18.628 [main] INFO  edu.bjut.boudia.myMain - meter_7235996685578398235:repMsg
BruceChen 14:28:18.628 [main] INFO  edu.bjut.boudia.myMain - meter_7235996685578398235:26545500
BruceChen 14:28:18.628 [main] INFO  edu.bjut.boudia.myMain - meter_7391739147562687293:repMsg
BruceChen 14:28:18.628 [main] INFO  edu.bjut.boudia.myMain - meter_7391739147562687293:26364000
BruceChen 14:28:18.628 [main] INFO  edu.bjut.boudia.myMain - meter_211784669157477231:repMsg
BruceChen 14:28:18.628 [main] INFO  edu.bjut.boudia.myMain - meter_211784669157477231:26659900
BruceChen 14:28:18.628 [main] INFO  edu.bjut.boudia.myMain - meter_7774493894105141145:repMsg
BruceChen 14:28:18.628 [main] INFO  edu.bjut.boudia.myMain - meter_7774493894105141145:26596300
BruceChen 14:28:18.628 [main] INFO  edu.bjut.boudia.myMain - meter_6618563876477361761:repMsg
BruceChen 14:28:18.628 [main] INFO  edu.bjut.boudia.myMain - meter_6618563876477361761:26501900
BruceChen 14:28:18.628 [main] INFO  edu.bjut.boudia.myMain - meter_8876760396096814635:repMsg
BruceChen 14:28:18.628 [main] INFO  edu.bjut.boudia.myMain - meter_8876760396096814635:26464500
BruceChen 14:28:18.628 [main] INFO  edu.bjut.boudia.myMain - meter_4319288473749989175:repMsg
BruceChen 14:28:18.628 [main] INFO  edu.bjut.boudia.myMain - meter_4319288473749989175:25884300
BruceChen 14:28:18.628 [main] INFO  edu.bjut.boudia.myMain - meter_5058771104567841867:repMsg
BruceChen 14:28:18.628 [main] INFO  edu.bjut.boudia.myMain - meter_5058771104567841867:26127900
BruceChen 14:28:18.628 [main] INFO  edu.bjut.boudia.myMain - meter_6794246895746694841:repMsg
BruceChen 14:28:18.628 [main] INFO  edu.bjut.boudia.myMain - meter_6794246895746694841:26468400
BruceChen 14:28:18.628 [main] INFO  edu.bjut.boudia.myMain - meter_4528431371801917547:repMsg
BruceChen 14:28:18.628 [main] INFO  edu.bjut.boudia.myMain - meter_4528431371801917547:26448100
BruceChen 14:28:18.628 [main] INFO  edu.bjut.boudia.myMain - meter_3872450676894533799:repMsg
BruceChen 14:28:18.628 [main] INFO  edu.bjut.boudia.myMain - meter_3872450676894533799:26400300
BruceChen 14:28:18.628 [main] INFO  edu.bjut.boudia.myMain - meter_5321994876927799519:repMsg
BruceChen 14:28:18.628 [main] INFO  edu.bjut.boudia.myMain - meter_5321994876927799519:26495600
BruceChen 14:28:18.628 [main] INFO  edu.bjut.boudia.myMain - meter_5366867558398174761:repMsg
BruceChen 14:28:18.628 [main] INFO  edu.bjut.boudia.myMain - meter_5366867558398174761:26456500
BruceChen 14:28:18.628 [main] INFO  edu.bjut.boudia.myMain - meter_8397353681379677809:repMsg
BruceChen 14:28:18.628 [main] INFO  edu.bjut.boudia.myMain - meter_8397353681379677809:26316800
BruceChen 14:28:18.628 [main] INFO  edu.bjut.boudia.myMain - meter_3769357244423303567:repMsg
BruceChen 14:28:18.628 [main] INFO  edu.bjut.boudia.myMain - meter_3769357244423303567:26327700
BruceChen 14:28:18.628 [main] INFO  edu.bjut.boudia.myMain - meter_3494893541001080159:repMsg
BruceChen 14:28:18.628 [main] INFO  edu.bjut.boudia.myMain - meter_3494893541001080159:26571600
BruceChen 14:28:18.628 [main] INFO  edu.bjut.boudia.myMain - meter_1537682833658837855:repMsg
BruceChen 14:28:18.628 [main] INFO  edu.bjut.boudia.myMain - meter_1537682833658837855:26471200
BruceChen 14:28:18.628 [main] INFO  edu.bjut.boudia.myMain - meter_7846608227055479455:repMsg
BruceChen 14:28:18.628 [main] INFO  edu.bjut.boudia.myMain - meter_7846608227055479455:26304000
BruceChen 14:28:18.628 [main] INFO  edu.bjut.boudia.myMain - meter_9013587824525164941:repMsg
BruceChen 14:28:18.628 [main] INFO  edu.bjut.boudia.myMain - meter_9013587824525164941:29271100
BruceChen 14:28:18.628 [main] INFO  edu.bjut.boudia.myMain - meter_83987301252151019:repMsg
BruceChen 14:28:18.628 [main] INFO  edu.bjut.boudia.myMain - meter_83987301252151019:26706600
BruceChen 14:28:18.628 [main] INFO  edu.bjut.boudia.myMain - meter_671451295563657145:repMsg
BruceChen 14:28:18.628 [main] INFO  edu.bjut.boudia.myMain - meter_671451295563657145:26168900
BruceChen 14:28:18.628 [main] INFO  edu.bjut.boudia.myMain - meter_4754972491046650051:repMsg
BruceChen 14:28:18.628 [main] INFO  edu.bjut.boudia.myMain - meter_4754972491046650051:25643100
BruceChen 14:28:18.628 [main] INFO  edu.bjut.boudia.myMain - meter_432038748296164061:repMsg
BruceChen 14:28:18.628 [main] INFO  edu.bjut.boudia.myMain - meter_432038748296164061:25769600
BruceChen 14:28:18.628 [main] INFO  edu.bjut.boudia.myMain - meter_2736320482850721293:repMsg
BruceChen 14:28:18.628 [main] INFO  edu.bjut.boudia.myMain - meter_2736320482850721293:25733300
BruceChen 14:28:18.628 [main] INFO  edu.bjut.boudia.myMain - meter_6314715118094427867:repMsg
BruceChen 14:28:18.628 [main] INFO  edu.bjut.boudia.myMain - meter_6314715118094427867:26047600
BruceChen 14:28:18.628 [main] INFO  edu.bjut.boudia.myMain - meter_6621555869797563841:repMsg
BruceChen 14:28:18.628 [main] INFO  edu.bjut.boudia.myMain - meter_6621555869797563841:25773200
BruceChen 14:28:18.628 [main] INFO  edu.bjut.boudia.myMain - meter_1665587702679275443:repMsg
BruceChen 14:28:18.628 [main] INFO  edu.bjut.boudia.myMain - meter_1665587702679275443:27779000
BruceChen 14:28:18.628 [main] INFO  edu.bjut.boudia.myMain - meter_8907986804424870277:repMsg
BruceChen 14:28:18.628 [main] INFO  edu.bjut.boudia.myMain - meter_8907986804424870277:26330000
BruceChen 14:28:18.628 [main] INFO  edu.bjut.boudia.myMain - meter_2633258266998323295:repMsg
BruceChen 14:28:18.628 [main] INFO  edu.bjut.boudia.myMain - meter_2633258266998323295:26512500
BruceChen 14:28:18.628 [main] INFO  edu.bjut.boudia.myMain - meter_8915611480784070439:repMsg
BruceChen 14:28:18.628 [main] INFO  edu.bjut.boudia.myMain - meter_8915611480784070439:26360100
BruceChen 14:28:18.628 [main] INFO  edu.bjut.boudia.myMain - meter_4946077196662199091:repMsg
BruceChen 14:28:18.628 [main] INFO  edu.bjut.boudia.myMain - meter_4946077196662199091:26053900
BruceChen 14:28:18.628 [main] INFO  edu.bjut.boudia.myMain - meter_6107474154940374297:repMsg
BruceChen 14:28:18.628 [main] INFO  edu.bjut.boudia.myMain - meter_6107474154940374297:25451400
BruceChen 14:28:18.628 [main] INFO  edu.bjut.boudia.myMain - meter_649419200701444219:repMsg
BruceChen 14:28:18.628 [main] INFO  edu.bjut.boudia.myMain - meter_649419200701444219:25794400
BruceChen 14:28:18.628 [main] INFO  edu.bjut.boudia.myMain - meter_988932386142534015:repMsg
BruceChen 14:28:18.628 [main] INFO  edu.bjut.boudia.myMain - meter_988932386142534015:26397900
BruceChen 14:28:18.628 [main] INFO  edu.bjut.boudia.myMain - meter_2215028705172021781:repMsg
BruceChen 14:28:18.628 [main] INFO  edu.bjut.boudia.myMain - meter_2215028705172021781:30594500
BruceChen 14:28:18.628 [main] INFO  edu.bjut.boudia.myMain - meter_8826751208277125031:repMsg
BruceChen 14:28:18.628 [main] INFO  edu.bjut.boudia.myMain - meter_8826751208277125031:25574400
BruceChen 14:28:18.628 [main] INFO  edu.bjut.boudia.myMain - meter_3600593702869817905:repMsg
BruceChen 14:28:18.628 [main] INFO  edu.bjut.boudia.myMain - meter_3600593702869817905:25630700
BruceChen 14:28:18.628 [main] INFO  edu.bjut.boudia.myMain - meter_8763550926975867463:repMsg
BruceChen 14:28:18.628 [main] INFO  edu.bjut.boudia.myMain - meter_8763550926975867463:25818200
BruceChen 14:28:18.628 [main] INFO  edu.bjut.boudia.myMain - meter_8487350126964471053:repMsg
BruceChen 14:28:18.628 [main] INFO  edu.bjut.boudia.myMain - meter_8487350126964471053:25793200
BruceChen 14:28:18.628 [main] INFO  edu.bjut.boudia.myMain - meter_605501481220561395:repMsg
BruceChen 14:28:18.628 [main] INFO  edu.bjut.boudia.myMain - meter_605501481220561395:25819200
BruceChen 14:28:18.628 [main] INFO  edu.bjut.boudia.myMain - meter_8639740283442534395:repMsg
BruceChen 14:28:18.628 [main] INFO  edu.bjut.boudia.myMain - meter_8639740283442534395:26252000
BruceChen 14:28:18.628 [main] INFO  edu.bjut.boudia.myMain - meter_8895058712585215699:repMsg
BruceChen 14:28:18.628 [main] INFO  edu.bjut.boudia.myMain - meter_8895058712585215699:26508200
BruceChen 14:28:18.628 [main] INFO  edu.bjut.boudia.myMain - meter_2637852765592458193:repMsg
BruceChen 14:28:18.628 [main] INFO  edu.bjut.boudia.myMain - meter_2637852765592458193:26223800
BruceChen 14:28:21.664 [main] INFO  edu.bjut.boudia.myMain - oneTimeMeterRegTime
BruceChen 14:28:22.323 [main] INFO  edu.bjut.boudia.myMain - server:pubkey
BruceChen 14:28:22.323 [main] INFO  edu.bjut.boudia.myMain - server:1200
BruceChen 14:28:22.323 [main] INFO  edu.bjut.boudia.myMain - agg:regMsg,regMsg,regMsg,regMsg,regMsg,regMsg,regMsg,regMsg,regMsg,regMsg,regMsg,regMsg,regMsg,regMsg,regMsg,regMsg,regMsg,regMsg,regMsg,regMsg,regMsg,regMsg,regMsg,regMsg,regMsg,regMsg,regMsg,regMsg,regMsg,regMsg,regMsg,regMsg,regMsg,regMsg,regMsg,regMsg,regMsg,regMsg,regMsg,regMsg,regMsg,regMsg,regMsg,regMsg,regMsg,regMsg,regMsg,regMsg,regMsg,regMsg
BruceChen 14:28:22.323 [main] INFO  edu.bjut.boudia.myMain - agg:6593200,6506100,6511100,6414900,6454500,6376400,6394200,6368200,6395000,6449200,6420400,6574900,6598100,6589300,6599800,7244200,6587300,6564700,6540600,6424600,6458500,6383900,6388700,6388100,6555800,6461400,6466100,6391100,6384100,8802200,6554700,6548700,6553200,6796500,6556500,6546000,6572600,6564200,6571400,6559100,6574900,6581700,6553000,6565800,6546200,6595000,6595600,6578400,6570000,6570300
BruceChen 14:28:22.323 [main] INFO  edu.bjut.boudia.myMain - meter_3036728489886351117:regMsg,reg_backagg,reg_cc
BruceChen 14:28:22.323 [main] INFO  edu.bjut.boudia.myMain - meter_3036728489886351117:400,6614400,600
BruceChen 14:28:22.323 [main] INFO  edu.bjut.boudia.myMain - meter_8385911282832204289:regMsg,reg_backagg,reg_cc
BruceChen 14:28:22.323 [main] INFO  edu.bjut.boudia.myMain - meter_8385911282832204289:300,6579900,200
BruceChen 14:28:22.323 [main] INFO  edu.bjut.boudia.myMain - meter_3859102767788846413:regMsg,reg_backagg,reg_cc
BruceChen 14:28:22.323 [main] INFO  edu.bjut.boudia.myMain - meter_3859102767788846413:200,6516200,400
BruceChen 14:28:22.323 [main] INFO  edu.bjut.boudia.myMain - meter_1228632739320990627:regMsg,reg_backagg,reg_cc
BruceChen 14:28:22.323 [main] INFO  edu.bjut.boudia.myMain - meter_1228632739320990627:200,6406700,300
BruceChen 14:28:22.323 [main] INFO  edu.bjut.boudia.myMain - meter_5609825967678163313:regMsg,reg_backagg,reg_cc
BruceChen 14:28:22.323 [main] INFO  edu.bjut.boudia.myMain - meter_5609825967678163313:300,6373200,300
BruceChen 14:28:22.323 [main] INFO  edu.bjut.boudia.myMain - meter_8502729834589570881:regMsg,reg_backagg,reg_cc
BruceChen 14:28:22.323 [main] INFO  edu.bjut.boudia.myMain - meter_8502729834589570881:400,6441300,300
BruceChen 14:28:22.323 [main] INFO  edu.bjut.boudia.myMain - meter_2450297061577623727:regMsg,reg_backagg,reg_cc
BruceChen 14:28:22.323 [main] INFO  edu.bjut.boudia.myMain - meter_2450297061577623727:2500,6324000,400
BruceChen 14:28:22.323 [main] INFO  edu.bjut.boudia.myMain - meter_3600065450742476321:regMsg,reg_backagg,reg_cc
BruceChen 14:28:22.323 [main] INFO  edu.bjut.boudia.myMain - meter_3600065450742476321:300,6349100,5100
BruceChen 14:28:22.323 [main] INFO  edu.bjut.boudia.myMain - meter_2462942623243784899:regMsg,reg_backagg,reg_cc
BruceChen 14:28:22.323 [main] INFO  edu.bjut.boudia.myMain - meter_2462942623243784899:500,6289600,500
BruceChen 14:28:22.323 [main] INFO  edu.bjut.boudia.myMain - meter_5861402413836064871:regMsg,reg_backagg,reg_cc
BruceChen 14:28:22.323 [main] INFO  edu.bjut.boudia.myMain - meter_5861402413836064871:300,6424100,400
BruceChen 14:28:22.323 [main] INFO  edu.bjut.boudia.myMain - meter_6335532331371527685:regMsg,reg_backagg,reg_cc
BruceChen 14:28:22.323 [main] INFO  edu.bjut.boudia.myMain - meter_6335532331371527685:400,6686200,500
BruceChen 14:28:22.323 [main] INFO  edu.bjut.boudia.myMain - meter_7235544664136035033:regMsg,reg_backagg,reg_cc
BruceChen 14:28:22.323 [main] INFO  edu.bjut.boudia.myMain - meter_7235544664136035033:1000,6710200,800
BruceChen 14:28:22.323 [main] INFO  edu.bjut.boudia.myMain - meter_8905818287033718675:regMsg,reg_backagg,reg_cc
BruceChen 14:28:22.323 [main] INFO  edu.bjut.boudia.myMain - meter_8905818287033718675:1800,6558700,500
BruceChen 14:28:22.323 [main] INFO  edu.bjut.boudia.myMain - meter_7858006446563022303:regMsg,reg_backagg,reg_cc
BruceChen 14:28:22.323 [main] INFO  edu.bjut.boudia.myMain - meter_7858006446563022303:700,6619600,500
BruceChen 14:28:22.323 [main] INFO  edu.bjut.boudia.myMain - meter_2223907985484400279:regMsg,reg_backagg,reg_cc
BruceChen 14:28:22.323 [main] INFO  edu.bjut.boudia.myMain - meter_2223907985484400279:1500,6523700,300
BruceChen 14:28:22.323 [main] INFO  edu.bjut.boudia.myMain - meter_6928546391197473697:regMsg,reg_backagg,reg_cc
BruceChen 14:28:22.323 [main] INFO  edu.bjut.boudia.myMain - meter_6928546391197473697:600,6537300,400
BruceChen 14:28:22.323 [main] INFO  edu.bjut.boudia.myMain - meter_2028740281557131265:regMsg,reg_backagg,reg_cc
BruceChen 14:28:22.323 [main] INFO  edu.bjut.boudia.myMain - meter_2028740281557131265:500,6537800,200
BruceChen 14:28:22.323 [main] INFO  edu.bjut.boudia.myMain - meter_7273063554845056641:regMsg,reg_backagg,reg_cc
BruceChen 14:28:22.323 [main] INFO  edu.bjut.boudia.myMain - meter_7273063554845056641:300,6614800,300
BruceChen 14:28:22.323 [main] INFO  edu.bjut.boudia.myMain - meter_3770004163819578287:regMsg,reg_backagg,reg_cc
BruceChen 14:28:22.323 [main] INFO  edu.bjut.boudia.myMain - meter_3770004163819578287:200,6612800,200
BruceChen 14:28:22.323 [main] INFO  edu.bjut.boudia.myMain - meter_3401592041071035027:regMsg,reg_backagg,reg_cc
BruceChen 14:28:22.323 [main] INFO  edu.bjut.boudia.myMain - meter_3401592041071035027:300,6382800,400
BruceChen 14:28:22.323 [main] INFO  edu.bjut.boudia.myMain - meter_2381060646384001527:regMsg,reg_backagg,reg_cc
BruceChen 14:28:22.323 [main] INFO  edu.bjut.boudia.myMain - meter_2381060646384001527:300,6413800,200
BruceChen 14:28:22.323 [main] INFO  edu.bjut.boudia.myMain - meter_9111196577955115881:regMsg,reg_backagg,reg_cc
BruceChen 14:28:22.323 [main] INFO  edu.bjut.boudia.myMain - meter_9111196577955115881:200,6382300,300
BruceChen 14:28:22.323 [main] INFO  edu.bjut.boudia.myMain - meter_6664231636932927353:regMsg,reg_backagg,reg_cc
BruceChen 14:28:22.323 [main] INFO  edu.bjut.boudia.myMain - meter_6664231636932927353:400,6338600,200
BruceChen 14:28:22.323 [main] INFO  edu.bjut.boudia.myMain - meter_8538288517640892833:regMsg,reg_backagg,reg_cc
BruceChen 14:28:22.323 [main] INFO  edu.bjut.boudia.myMain - meter_8538288517640892833:200,6539900,200
BruceChen 14:28:22.323 [main] INFO  edu.bjut.boudia.myMain - meter_8827170247665183765:regMsg,reg_backagg,reg_cc
BruceChen 14:28:22.323 [main] INFO  edu.bjut.boudia.myMain - meter_8827170247665183765:300,6656600,300
BruceChen 14:28:22.323 [main] INFO  edu.bjut.boudia.myMain - meter_8062530577611408105:regMsg,reg_backagg,reg_cc
BruceChen 14:28:22.323 [main] INFO  edu.bjut.boudia.myMain - meter_8062530577611408105:300,6608600,300
BruceChen 14:28:22.323 [main] INFO  edu.bjut.boudia.myMain - meter_8922076582061164255:regMsg,reg_backagg,reg_cc
BruceChen 14:28:22.323 [main] INFO  edu.bjut.boudia.myMain - meter_8922076582061164255:200,6359000,200
BruceChen 14:28:22.323 [main] INFO  edu.bjut.boudia.myMain - meter_3888905523405354275:regMsg,reg_backagg,reg_cc
BruceChen 14:28:22.323 [main] INFO  edu.bjut.boudia.myMain - meter_3888905523405354275:300,6364000,200
BruceChen 14:28:22.323 [main] INFO  edu.bjut.boudia.myMain - meter_1706760492015002975:regMsg,reg_backagg,reg_cc
BruceChen 14:28:22.323 [main] INFO  edu.bjut.boudia.myMain - meter_1706760492015002975:300,6363400,300
BruceChen 14:28:22.323 [main] INFO  edu.bjut.boudia.myMain - meter_2302940950753329287:regMsg,reg_backagg,reg_cc
BruceChen 14:28:22.323 [main] INFO  edu.bjut.boudia.myMain - meter_2302940950753329287:200,6604400,800
BruceChen 14:28:22.323 [main] INFO  edu.bjut.boudia.myMain - meter_6638859462200231649:regMsg,reg_backagg,reg_cc
BruceChen 14:28:22.323 [main] INFO  edu.bjut.boudia.myMain - meter_6638859462200231649:800,6618100,400
BruceChen 14:28:22.323 [main] INFO  edu.bjut.boudia.myMain - meter_3104006033033667337:regMsg,reg_backagg,reg_cc
BruceChen 14:28:22.323 [main] INFO  edu.bjut.boudia.myMain - meter_3104006033033667337:600,6528000,300
BruceChen 14:28:22.323 [main] INFO  edu.bjut.boudia.myMain - meter_5171193495376753329:regMsg,reg_backagg,reg_cc
BruceChen 14:28:22.323 [main] INFO  edu.bjut.boudia.myMain - meter_5171193495376753329:600,6558400,300
BruceChen 14:28:22.323 [main] INFO  edu.bjut.boudia.myMain - meter_7068062031605038119:regMsg,reg_backagg,reg_cc
BruceChen 14:28:22.323 [main] INFO  edu.bjut.boudia.myMain - meter_7068062031605038119:400,6577500,300
BruceChen 14:28:22.323 [main] INFO  edu.bjut.boudia.myMain - meter_1755418872743947775:regMsg,reg_backagg,reg_cc
BruceChen 14:28:22.323 [main] INFO  edu.bjut.boudia.myMain - meter_1755418872743947775:800,6585200,300
BruceChen 14:28:22.323 [main] INFO  edu.bjut.boudia.myMain - meter_1207348859958047961:regMsg,reg_backagg,reg_cc
BruceChen 14:28:22.323 [main] INFO  edu.bjut.boudia.myMain - meter_1207348859958047961:500,6509400,300
BruceChen 14:28:22.323 [main] INFO  edu.bjut.boudia.myMain - meter_3647379408384122349:regMsg,reg_backagg,reg_cc
BruceChen 14:28:22.323 [main] INFO  edu.bjut.boudia.myMain - meter_3647379408384122349:600,6595500,200
BruceChen 14:28:22.323 [main] INFO  edu.bjut.boudia.myMain - meter_719417928405558695:regMsg,reg_backagg,reg_cc
BruceChen 14:28:22.323 [main] INFO  edu.bjut.boudia.myMain - meter_719417928405558695:400,6567500,300
BruceChen 14:28:22.323 [main] INFO  edu.bjut.boudia.myMain - meter_2991396303551949259:regMsg,reg_backagg,reg_cc
BruceChen 14:28:22.323 [main] INFO  edu.bjut.boudia.myMain - meter_2991396303551949259:500,6646500,300
BruceChen 14:28:22.323 [main] INFO  edu.bjut.boudia.myMain - meter_4639273115366173609:regMsg,reg_backagg,reg_cc
BruceChen 14:28:22.323 [main] INFO  edu.bjut.boudia.myMain - meter_4639273115366173609:500,6574300,300
BruceChen 14:28:22.323 [main] INFO  edu.bjut.boudia.myMain - meter_3731405221555943347:regMsg,reg_backagg,reg_cc
BruceChen 14:28:22.323 [main] INFO  edu.bjut.boudia.myMain - meter_3731405221555943347:500,6470500,200
BruceChen 14:28:22.323 [main] INFO  edu.bjut.boudia.myMain - meter_2305922590656292239:regMsg,reg_backagg,reg_cc
BruceChen 14:28:22.323 [main] INFO  edu.bjut.boudia.myMain - meter_2305922590656292239:400,6589600,400
BruceChen 14:28:22.323 [main] INFO  edu.bjut.boudia.myMain - meter_9172113512136286153:regMsg,reg_backagg,reg_cc
BruceChen 14:28:22.323 [main] INFO  edu.bjut.boudia.myMain - meter_9172113512136286153:500,6437100,400
BruceChen 14:28:22.323 [main] INFO  edu.bjut.boudia.myMain - meter_5310318445907582697:regMsg,reg_backagg,reg_cc
BruceChen 14:28:22.323 [main] INFO  edu.bjut.boudia.myMain - meter_5310318445907582697:500,6574100,400
BruceChen 14:28:22.323 [main] INFO  edu.bjut.boudia.myMain - meter_426217612814771843:regMsg,reg_backagg,reg_cc
BruceChen 14:28:22.323 [main] INFO  edu.bjut.boudia.myMain - meter_426217612814771843:600,6483000,300
BruceChen 14:28:22.323 [main] INFO  edu.bjut.boudia.myMain - meter_7802775250519698329:regMsg,reg_backagg,reg_cc
BruceChen 14:28:22.323 [main] INFO  edu.bjut.boudia.myMain - meter_7802775250519698329:400,6583900,300
BruceChen 14:28:22.323 [main] INFO  edu.bjut.boudia.myMain - meter_2061220060711867469:regMsg,reg_backagg,reg_cc
BruceChen 14:28:22.323 [main] INFO  edu.bjut.boudia.myMain - meter_2061220060711867469:500,6558700,400
BruceChen 14:28:22.323 [main] INFO  edu.bjut.boudia.myMain - meter_6253803615769701263:regMsg,reg_backagg,reg_cc
BruceChen 14:28:22.323 [main] INFO  edu.bjut.boudia.myMain - meter_6253803615769701263:600,6553400,400
BruceChen 14:28:22.323 [main] INFO  edu.bjut.boudia.myMain - meter_6525504719986868727:regMsg,reg_backagg,reg_cc
BruceChen 14:28:22.323 [main] INFO  edu.bjut.boudia.myMain - meter_6525504719986868727:500,6499200,300
BruceChen 14:28:22.323 [main] INFO  edu.bjut.boudia.myMain - meter_545532431339898599:regMsg,reg_backagg,reg_cc
BruceChen 14:28:22.323 [main] INFO  edu.bjut.boudia.myMain - meter_545532431339898599:500,6598600,400
BruceChen 14:28:22.979 [main] INFO  edu.bjut.boudia.myMain - oneTimeMeterRepTime
BruceChen 14:28:24.690 [main] INFO  edu.bjut.boudia.myMain - server:repMsg
BruceChen 14:28:24.690 [main] INFO  edu.bjut.boudia.myMain - server:31016300
BruceChen 14:28:24.690 [main] INFO  edu.bjut.boudia.myMain - agg:repMsg
BruceChen 14:28:24.690 [main] INFO  edu.bjut.boudia.myMain - agg:349722900
BruceChen 14:28:24.690 [main] INFO  edu.bjut.boudia.myMain - meter_3036728489886351117:repMsg
BruceChen 14:28:24.690 [main] INFO  edu.bjut.boudia.myMain - meter_3036728489886351117:26253500
BruceChen 14:28:24.690 [main] INFO  edu.bjut.boudia.myMain - meter_8385911282832204289:repMsg
BruceChen 14:28:24.690 [main] INFO  edu.bjut.boudia.myMain - meter_8385911282832204289:26149300
BruceChen 14:28:24.690 [main] INFO  edu.bjut.boudia.myMain - meter_3859102767788846413:repMsg
BruceChen 14:28:24.690 [main] INFO  edu.bjut.boudia.myMain - meter_3859102767788846413:26307500
BruceChen 14:28:24.690 [main] INFO  edu.bjut.boudia.myMain - meter_1228632739320990627:repMsg
BruceChen 14:28:24.690 [main] INFO  edu.bjut.boudia.myMain - meter_1228632739320990627:26349300
BruceChen 14:28:24.690 [main] INFO  edu.bjut.boudia.myMain - meter_5609825967678163313:repMsg
BruceChen 14:28:24.690 [main] INFO  edu.bjut.boudia.myMain - meter_5609825967678163313:26458000
BruceChen 14:28:24.690 [main] INFO  edu.bjut.boudia.myMain - meter_8502729834589570881:repMsg
BruceChen 14:28:24.690 [main] INFO  edu.bjut.boudia.myMain - meter_8502729834589570881:26560500
BruceChen 14:28:24.690 [main] INFO  edu.bjut.boudia.myMain - meter_2450297061577623727:repMsg
BruceChen 14:28:24.690 [main] INFO  edu.bjut.boudia.myMain - meter_2450297061577623727:26507800
BruceChen 14:28:24.690 [main] INFO  edu.bjut.boudia.myMain - meter_3600065450742476321:repMsg
BruceChen 14:28:24.690 [main] INFO  edu.bjut.boudia.myMain - meter_3600065450742476321:26421500
BruceChen 14:28:24.690 [main] INFO  edu.bjut.boudia.myMain - meter_2462942623243784899:repMsg
BruceChen 14:28:24.690 [main] INFO  edu.bjut.boudia.myMain - meter_2462942623243784899:26300600
BruceChen 14:28:24.690 [main] INFO  edu.bjut.boudia.myMain - meter_5861402413836064871:repMsg
BruceChen 14:28:24.690 [main] INFO  edu.bjut.boudia.myMain - meter_5861402413836064871:26268500
BruceChen 14:28:24.690 [main] INFO  edu.bjut.boudia.myMain - meter_6335532331371527685:repMsg
BruceChen 14:28:24.690 [main] INFO  edu.bjut.boudia.myMain - meter_6335532331371527685:26442700
BruceChen 14:28:24.690 [main] INFO  edu.bjut.boudia.myMain - meter_7235544664136035033:repMsg
BruceChen 14:28:24.690 [main] INFO  edu.bjut.boudia.myMain - meter_7235544664136035033:26154700
BruceChen 14:28:24.690 [main] INFO  edu.bjut.boudia.myMain - meter_8905818287033718675:repMsg
BruceChen 14:28:24.690 [main] INFO  edu.bjut.boudia.myMain - meter_8905818287033718675:26528800
BruceChen 14:28:24.690 [main] INFO  edu.bjut.boudia.myMain - meter_7858006446563022303:repMsg
BruceChen 14:28:24.690 [main] INFO  edu.bjut.boudia.myMain - meter_7858006446563022303:26309800
BruceChen 14:28:24.690 [main] INFO  edu.bjut.boudia.myMain - meter_2223907985484400279:repMsg
BruceChen 14:28:24.690 [main] INFO  edu.bjut.boudia.myMain - meter_2223907985484400279:26418900
BruceChen 14:28:24.690 [main] INFO  edu.bjut.boudia.myMain - meter_6928546391197473697:repMsg
BruceChen 14:28:24.690 [main] INFO  edu.bjut.boudia.myMain - meter_6928546391197473697:26192000
BruceChen 14:28:24.690 [main] INFO  edu.bjut.boudia.myMain - meter_2028740281557131265:repMsg
BruceChen 14:28:24.690 [main] INFO  edu.bjut.boudia.myMain - meter_2028740281557131265:26358300
BruceChen 14:28:24.690 [main] INFO  edu.bjut.boudia.myMain - meter_7273063554845056641:repMsg
BruceChen 14:28:24.690 [main] INFO  edu.bjut.boudia.myMain - meter_7273063554845056641:26234600
BruceChen 14:28:24.690 [main] INFO  edu.bjut.boudia.myMain - meter_3770004163819578287:repMsg
BruceChen 14:28:24.690 [main] INFO  edu.bjut.boudia.myMain - meter_3770004163819578287:29112600
BruceChen 14:28:24.690 [main] INFO  edu.bjut.boudia.myMain - meter_3401592041071035027:repMsg
BruceChen 14:28:24.690 [main] INFO  edu.bjut.boudia.myMain - meter_3401592041071035027:26283300
BruceChen 14:28:24.690 [main] INFO  edu.bjut.boudia.myMain - meter_2381060646384001527:repMsg
BruceChen 14:28:24.690 [main] INFO  edu.bjut.boudia.myMain - meter_2381060646384001527:26253100
BruceChen 14:28:24.690 [main] INFO  edu.bjut.boudia.myMain - meter_9111196577955115881:repMsg
BruceChen 14:28:24.690 [main] INFO  edu.bjut.boudia.myMain - meter_9111196577955115881:26961100
BruceChen 14:28:24.690 [main] INFO  edu.bjut.boudia.myMain - meter_6664231636932927353:repMsg
BruceChen 14:28:24.690 [main] INFO  edu.bjut.boudia.myMain - meter_6664231636932927353:26379800
BruceChen 14:28:24.690 [main] INFO  edu.bjut.boudia.myMain - meter_8538288517640892833:repMsg
BruceChen 14:28:24.690 [main] INFO  edu.bjut.boudia.myMain - meter_8538288517640892833:26220300
BruceChen 14:28:24.690 [main] INFO  edu.bjut.boudia.myMain - meter_8827170247665183765:repMsg
BruceChen 14:28:24.690 [main] INFO  edu.bjut.boudia.myMain - meter_8827170247665183765:26308600
BruceChen 14:28:24.690 [main] INFO  edu.bjut.boudia.myMain - meter_8062530577611408105:repMsg
BruceChen 14:28:24.690 [main] INFO  edu.bjut.boudia.myMain - meter_8062530577611408105:26399100
BruceChen 14:28:24.690 [main] INFO  edu.bjut.boudia.myMain - meter_8922076582061164255:repMsg
BruceChen 14:28:24.690 [main] INFO  edu.bjut.boudia.myMain - meter_8922076582061164255:26483700
BruceChen 14:28:24.690 [main] INFO  edu.bjut.boudia.myMain - meter_3888905523405354275:repMsg
BruceChen 14:28:24.690 [main] INFO  edu.bjut.boudia.myMain - meter_3888905523405354275:26531600
BruceChen 14:28:24.690 [main] INFO  edu.bjut.boudia.myMain - meter_1706760492015002975:repMsg
BruceChen 14:28:24.690 [main] INFO  edu.bjut.boudia.myMain - meter_1706760492015002975:26450900
BruceChen 14:28:24.690 [main] INFO  edu.bjut.boudia.myMain - meter_2302940950753329287:repMsg
BruceChen 14:28:24.690 [main] INFO  edu.bjut.boudia.myMain - meter_2302940950753329287:26376500
BruceChen 14:28:24.690 [main] INFO  edu.bjut.boudia.myMain - meter_6638859462200231649:repMsg
BruceChen 14:28:24.690 [main] INFO  edu.bjut.boudia.myMain - meter_6638859462200231649:26584200
BruceChen 14:28:24.690 [main] INFO  edu.bjut.boudia.myMain - meter_3104006033033667337:repMsg
BruceChen 14:28:24.690 [main] INFO  edu.bjut.boudia.myMain - meter_3104006033033667337:26273400
BruceChen 14:28:24.690 [main] INFO  edu.bjut.boudia.myMain - meter_5171193495376753329:repMsg
BruceChen 14:28:24.690 [main] INFO  edu.bjut.boudia.myMain - meter_5171193495376753329:26542700
BruceChen 14:28:24.690 [main] INFO  edu.bjut.boudia.myMain - meter_7068062031605038119:repMsg
BruceChen 14:28:24.690 [main] INFO  edu.bjut.boudia.myMain - meter_7068062031605038119:26411100
BruceChen 14:28:24.690 [main] INFO  edu.bjut.boudia.myMain - meter_1755418872743947775:repMsg
BruceChen 14:28:24.690 [main] INFO  edu.bjut.boudia.myMain - meter_1755418872743947775:26159900
BruceChen 14:28:24.690 [main] INFO  edu.bjut.boudia.myMain - meter_1207348859958047961:repMsg
BruceChen 14:28:24.690 [main] INFO  edu.bjut.boudia.myMain - meter_1207348859958047961:26518900
BruceChen 14:28:24.690 [main] INFO  edu.bjut.boudia.myMain - meter_3647379408384122349:repMsg
BruceChen 14:28:24.690 [main] INFO  edu.bjut.boudia.myMain - meter_3647379408384122349:26157400
BruceChen 14:28:24.690 [main] INFO  edu.bjut.boudia.myMain - meter_719417928405558695:repMsg
BruceChen 14:28:24.690 [main] INFO  edu.bjut.boudia.myMain - meter_719417928405558695:26197100
BruceChen 14:28:24.690 [main] INFO  edu.bjut.boudia.myMain - meter_2991396303551949259:repMsg
BruceChen 14:28:24.690 [main] INFO  edu.bjut.boudia.myMain - meter_2991396303551949259:26516000
BruceChen 14:28:24.690 [main] INFO  edu.bjut.boudia.myMain - meter_4639273115366173609:repMsg
BruceChen 14:28:24.690 [main] INFO  edu.bjut.boudia.myMain - meter_4639273115366173609:26186600
BruceChen 14:28:24.690 [main] INFO  edu.bjut.boudia.myMain - meter_3731405221555943347:repMsg
BruceChen 14:28:24.690 [main] INFO  edu.bjut.boudia.myMain - meter_3731405221555943347:26278200
BruceChen 14:28:24.690 [main] INFO  edu.bjut.boudia.myMain - meter_2305922590656292239:repMsg
BruceChen 14:28:24.690 [main] INFO  edu.bjut.boudia.myMain - meter_2305922590656292239:26408300
BruceChen 14:28:24.690 [main] INFO  edu.bjut.boudia.myMain - meter_9172113512136286153:repMsg
BruceChen 14:28:24.690 [main] INFO  edu.bjut.boudia.myMain - meter_9172113512136286153:26428800
BruceChen 14:28:24.690 [main] INFO  edu.bjut.boudia.myMain - meter_5310318445907582697:repMsg
BruceChen 14:28:24.690 [main] INFO  edu.bjut.boudia.myMain - meter_5310318445907582697:26376600
BruceChen 14:28:24.690 [main] INFO  edu.bjut.boudia.myMain - meter_426217612814771843:repMsg
BruceChen 14:28:24.690 [main] INFO  edu.bjut.boudia.myMain - meter_426217612814771843:26283100
BruceChen 14:28:24.690 [main] INFO  edu.bjut.boudia.myMain - meter_7802775250519698329:repMsg
BruceChen 14:28:24.690 [main] INFO  edu.bjut.boudia.myMain - meter_7802775250519698329:29213900
BruceChen 14:28:24.690 [main] INFO  edu.bjut.boudia.myMain - meter_2061220060711867469:repMsg
BruceChen 14:28:24.690 [main] INFO  edu.bjut.boudia.myMain - meter_2061220060711867469:26468700
BruceChen 14:28:24.690 [main] INFO  edu.bjut.boudia.myMain - meter_6253803615769701263:repMsg
BruceChen 14:28:24.690 [main] INFO  edu.bjut.boudia.myMain - meter_6253803615769701263:26419200
BruceChen 14:28:24.690 [main] INFO  edu.bjut.boudia.myMain - meter_6525504719986868727:repMsg
BruceChen 14:28:24.690 [main] INFO  edu.bjut.boudia.myMain - meter_6525504719986868727:26387700
BruceChen 14:28:24.690 [main] INFO  edu.bjut.boudia.myMain - meter_545532431339898599:repMsg
BruceChen 14:28:24.690 [main] INFO  edu.bjut.boudia.myMain - meter_545532431339898599:26496100
BruceChen 14:28:27.796 [main] INFO  edu.bjut.boudia.myMain - oneTimeMeterRegTime
BruceChen 14:28:28.304 [main] INFO  edu.bjut.boudia.myMain - server:pubkey
BruceChen 14:28:28.304 [main] INFO  edu.bjut.boudia.myMain - server:900
BruceChen 14:28:28.304 [main] INFO  edu.bjut.boudia.myMain - agg:regMsg,regMsg,regMsg,regMsg,regMsg,regMsg,regMsg,regMsg,regMsg,regMsg,regMsg,regMsg,regMsg,regMsg,regMsg,regMsg,regMsg,regMsg,regMsg,regMsg,regMsg,regMsg,regMsg,regMsg,regMsg,regMsg,regMsg,regMsg,regMsg,regMsg,regMsg,regMsg,regMsg,regMsg,regMsg,regMsg,regMsg,regMsg,regMsg,regMsg
BruceChen 14:28:28.304 [main] INFO  edu.bjut.boudia.myMain - agg:6601500,6566800,6564600,6565400,6576100,6587800,6580000,6601400,6533500,6552400,6546700,6598100,6535500,6549900,6545000,6570000,6580800,6562200,6564100,6568300,6434300,6377700,6379000,6358300,6384300,6381400,6383100,6377200,6395200,6490900,6406900,6358800,6378600,6520800,6630700,6572500,6560000,6536500,6560300,6586600
BruceChen 14:28:28.304 [main] INFO  edu.bjut.boudia.myMain - meter_4882990578839546495:regMsg,reg_backagg,reg_cc
BruceChen 14:28:28.304 [main] INFO  edu.bjut.boudia.myMain - meter_4882990578839546495:500,6499900,400
BruceChen 14:28:28.304 [main] INFO  edu.bjut.boudia.myMain - meter_2151845558930645007:regMsg,reg_backagg,reg_cc
BruceChen 14:28:28.304 [main] INFO  edu.bjut.boudia.myMain - meter_2151845558930645007:600,6550600,400
BruceChen 14:28:28.304 [main] INFO  edu.bjut.boudia.myMain - meter_5275905134753485581:regMsg,reg_backagg,reg_cc
BruceChen 14:28:28.304 [main] INFO  edu.bjut.boudia.myMain - meter_5275905134753485581:500,6589200,300
BruceChen 14:28:28.304 [main] INFO  edu.bjut.boudia.myMain - meter_9104137931017351685:regMsg,reg_backagg,reg_cc
BruceChen 14:28:28.304 [main] INFO  edu.bjut.boudia.myMain - meter_9104137931017351685:300,6475700,300
BruceChen 14:28:28.304 [main] INFO  edu.bjut.boudia.myMain - meter_7260028505835981075:regMsg,reg_backagg,reg_cc
BruceChen 14:28:28.304 [main] INFO  edu.bjut.boudia.myMain - meter_7260028505835981075:300,6675200,400
BruceChen 14:28:28.304 [main] INFO  edu.bjut.boudia.myMain - meter_8918187143544165873:regMsg,reg_backagg,reg_cc
BruceChen 14:28:28.304 [main] INFO  edu.bjut.boudia.myMain - meter_8918187143544165873:600,6529000,500
BruceChen 14:28:28.304 [main] INFO  edu.bjut.boudia.myMain - meter_7513884211068619097:regMsg,reg_backagg,reg_cc
BruceChen 14:28:28.304 [main] INFO  edu.bjut.boudia.myMain - meter_7513884211068619097:1200,6639900,600
BruceChen 14:28:28.304 [main] INFO  edu.bjut.boudia.myMain - meter_3689880784646773627:regMsg,reg_backagg,reg_cc
BruceChen 14:28:28.304 [main] INFO  edu.bjut.boudia.myMain - meter_3689880784646773627:900,6646100,400
BruceChen 14:28:28.304 [main] INFO  edu.bjut.boudia.myMain - meter_6802412799408236055:regMsg,reg_backagg,reg_cc
BruceChen 14:28:28.304 [main] INFO  edu.bjut.boudia.myMain - meter_6802412799408236055:700,6580900,600
BruceChen 14:28:28.304 [main] INFO  edu.bjut.boudia.myMain - meter_8285036270989475539:regMsg,reg_backagg,reg_cc
BruceChen 14:28:28.304 [main] INFO  edu.bjut.boudia.myMain - meter_8285036270989475539:900,6552500,300
BruceChen 14:28:28.304 [main] INFO  edu.bjut.boudia.myMain - meter_1758813384250402355:regMsg,reg_backagg,reg_cc
BruceChen 14:28:28.304 [main] INFO  edu.bjut.boudia.myMain - meter_1758813384250402355:400,6623100,200
BruceChen 14:28:28.304 [main] INFO  edu.bjut.boudia.myMain - meter_8068153980979241521:regMsg,reg_backagg,reg_cc
BruceChen 14:28:28.304 [main] INFO  edu.bjut.boudia.myMain - meter_8068153980979241521:200,6544200,400
BruceChen 14:28:28.304 [main] INFO  edu.bjut.boudia.myMain - meter_8490455350268508139:regMsg,reg_backagg,reg_cc
BruceChen 14:28:28.304 [main] INFO  edu.bjut.boudia.myMain - meter_8490455350268508139:800,6597100,400
BruceChen 14:28:28.304 [main] INFO  edu.bjut.boudia.myMain - meter_7686682033699969345:regMsg,reg_backagg,reg_cc
BruceChen 14:28:28.304 [main] INFO  edu.bjut.boudia.myMain - meter_7686682033699969345:200,6526500,400
BruceChen 14:28:28.304 [main] INFO  edu.bjut.boudia.myMain - meter_2655887380289127155:regMsg,reg_backagg,reg_cc
BruceChen 14:28:28.304 [main] INFO  edu.bjut.boudia.myMain - meter_2655887380289127155:700,6581600,300
BruceChen 14:28:28.304 [main] INFO  edu.bjut.boudia.myMain - meter_4447767655894202785:regMsg,reg_backagg,reg_cc
BruceChen 14:28:28.304 [main] INFO  edu.bjut.boudia.myMain - meter_4447767655894202785:400,6560900,300
BruceChen 14:28:28.304 [main] INFO  edu.bjut.boudia.myMain - meter_6280017776426574257:regMsg,reg_backagg,reg_cc
BruceChen 14:28:28.304 [main] INFO  edu.bjut.boudia.myMain - meter_6280017776426574257:200,6576100,300
BruceChen 14:28:28.304 [main] INFO  edu.bjut.boudia.myMain - meter_3133747677768096649:regMsg,reg_backagg,reg_cc
BruceChen 14:28:28.304 [main] INFO  edu.bjut.boudia.myMain - meter_3133747677768096649:200,6587200,300
BruceChen 14:28:28.304 [main] INFO  edu.bjut.boudia.myMain - meter_6709950673043411731:regMsg,reg_backagg,reg_cc
BruceChen 14:28:28.304 [main] INFO  edu.bjut.boudia.myMain - meter_6709950673043411731:400,6490200,300
BruceChen 14:28:28.304 [main] INFO  edu.bjut.boudia.myMain - meter_765749014468178071:regMsg,reg_backagg,reg_cc
BruceChen 14:28:28.304 [main] INFO  edu.bjut.boudia.myMain - meter_765749014468178071:300,6512400,400
BruceChen 14:28:28.320 [main] INFO  edu.bjut.boudia.myMain - meter_3865107605618494747:regMsg,reg_backagg,reg_cc
BruceChen 14:28:28.320 [main] INFO  edu.bjut.boudia.myMain - meter_3865107605618494747:600,6369600,200
BruceChen 14:28:28.320 [main] INFO  edu.bjut.boudia.myMain - meter_7944329317626880471:regMsg,reg_backagg,reg_cc
BruceChen 14:28:28.320 [main] INFO  edu.bjut.boudia.myMain - meter_7944329317626880471:400,6335100,200
BruceChen 14:28:28.320 [main] INFO  edu.bjut.boudia.myMain - meter_1436382288070882987:regMsg,reg_backagg,reg_cc
BruceChen 14:28:28.320 [main] INFO  edu.bjut.boudia.myMain - meter_1436382288070882987:300,6288800,100
BruceChen 14:28:28.320 [main] INFO  edu.bjut.boudia.myMain - meter_1684857596222576329:regMsg,reg_backagg,reg_cc
BruceChen 14:28:28.320 [main] INFO  edu.bjut.boudia.myMain - meter_1684857596222576329:300,6358900,200
BruceChen 14:28:28.320 [main] INFO  edu.bjut.boudia.myMain - meter_4351907540407150299:regMsg,reg_backagg,reg_cc
BruceChen 14:28:28.320 [main] INFO  edu.bjut.boudia.myMain - meter_4351907540407150299:300,6399900,200
BruceChen 14:28:28.320 [main] INFO  edu.bjut.boudia.myMain - meter_6940515504803421083:regMsg,reg_backagg,reg_cc
BruceChen 14:28:28.320 [main] INFO  edu.bjut.boudia.myMain - meter_6940515504803421083:300,6424200,200
BruceChen 14:28:28.320 [main] INFO  edu.bjut.boudia.myMain - meter_1345308554560751625:regMsg,reg_backagg,reg_cc
BruceChen 14:28:28.320 [main] INFO  edu.bjut.boudia.myMain - meter_1345308554560751625:300,6414200,300
BruceChen 14:28:28.320 [main] INFO  edu.bjut.boudia.myMain - meter_4188316217999950177:regMsg,reg_backagg,reg_cc
BruceChen 14:28:28.320 [main] INFO  edu.bjut.boudia.myMain - meter_4188316217999950177:400,6425700,300
BruceChen 14:28:28.320 [main] INFO  edu.bjut.boudia.myMain - meter_6997316353905233637:regMsg,reg_backagg,reg_cc
BruceChen 14:28:28.320 [main] INFO  edu.bjut.boudia.myMain - meter_6997316353905233637:600,6364100,300
BruceChen 14:28:28.320 [main] INFO  edu.bjut.boudia.myMain - meter_2436074022512654531:regMsg,reg_backagg,reg_cc
BruceChen 14:28:28.320 [main] INFO  edu.bjut.boudia.myMain - meter_2436074022512654531:700,6423300,300
BruceChen 14:28:28.320 [main] INFO  edu.bjut.boudia.myMain - meter_745523334912100249:regMsg,reg_backagg,reg_cc
BruceChen 14:28:28.320 [main] INFO  edu.bjut.boudia.myMain - meter_745523334912100249:700,6327100,200
BruceChen 14:28:28.320 [main] INFO  edu.bjut.boudia.myMain - meter_6717943508959638369:regMsg,reg_backagg,reg_cc
BruceChen 14:28:28.320 [main] INFO  edu.bjut.boudia.myMain - meter_6717943508959638369:500,6343700,200
BruceChen 14:28:28.320 [main] INFO  edu.bjut.boudia.myMain - meter_2990202389219662995:regMsg,reg_backagg,reg_cc
BruceChen 14:28:28.320 [main] INFO  edu.bjut.boudia.myMain - meter_2990202389219662995:400,6328000,200
BruceChen 14:28:28.320 [main] INFO  edu.bjut.boudia.myMain - meter_1103976181028667493:regMsg,reg_backagg,reg_cc
BruceChen 14:28:28.320 [main] INFO  edu.bjut.boudia.myMain - meter_1103976181028667493:300,6501900,200
BruceChen 14:28:28.320 [main] INFO  edu.bjut.boudia.myMain - meter_7921603858709060587:regMsg,reg_backagg,reg_cc
BruceChen 14:28:28.320 [main] INFO  edu.bjut.boudia.myMain - meter_7921603858709060587:12100,6601700,300
BruceChen 14:28:28.320 [main] INFO  edu.bjut.boudia.myMain - meter_7634999802714081991:regMsg,reg_backagg,reg_cc
BruceChen 14:28:28.320 [main] INFO  edu.bjut.boudia.myMain - meter_7634999802714081991:700,6637300,400
BruceChen 14:28:28.320 [main] INFO  edu.bjut.boudia.myMain - meter_3182990349428166975:regMsg,reg_backagg,reg_cc
BruceChen 14:28:28.320 [main] INFO  edu.bjut.boudia.myMain - meter_3182990349428166975:8700,6559000,2400
BruceChen 14:28:28.320 [main] INFO  edu.bjut.boudia.myMain - meter_9172922670707861771:regMsg,reg_backagg,reg_cc
BruceChen 14:28:28.320 [main] INFO  edu.bjut.boudia.myMain - meter_9172922670707861771:0,6585500,100
BruceChen 14:28:28.320 [main] INFO  edu.bjut.boudia.myMain - meter_2450347816388707215:regMsg,reg_backagg,reg_cc
BruceChen 14:28:28.320 [main] INFO  edu.bjut.boudia.myMain - meter_2450347816388707215:100,6523400,0
BruceChen 14:28:28.320 [main] INFO  edu.bjut.boudia.myMain - meter_5278037566057862643:regMsg,reg_backagg,reg_cc
BruceChen 14:28:28.320 [main] INFO  edu.bjut.boudia.myMain - meter_5278037566057862643:100,7590300,0
BruceChen 14:28:28.835 [main] INFO  edu.bjut.boudia.myMain - oneTimeMeterRepTime
BruceChen 14:28:30.204 [main] INFO  edu.bjut.boudia.myMain - server:repMsg
BruceChen 14:28:30.204 [main] INFO  edu.bjut.boudia.myMain - server:33053600
BruceChen 14:28:30.204 [main] INFO  edu.bjut.boudia.myMain - agg:repMsg
BruceChen 14:28:30.204 [main] INFO  edu.bjut.boudia.myMain - agg:281522400
BruceChen 14:28:30.204 [main] INFO  edu.bjut.boudia.myMain - meter_4882990578839546495:repMsg
BruceChen 14:28:30.204 [main] INFO  edu.bjut.boudia.myMain - meter_4882990578839546495:25954100
BruceChen 14:28:30.204 [main] INFO  edu.bjut.boudia.myMain - meter_2151845558930645007:repMsg
BruceChen 14:28:30.204 [main] INFO  edu.bjut.boudia.myMain - meter_2151845558930645007:25768000
BruceChen 14:28:30.204 [main] INFO  edu.bjut.boudia.myMain - meter_5275905134753485581:repMsg
BruceChen 14:28:30.204 [main] INFO  edu.bjut.boudia.myMain - meter_5275905134753485581:25406700
BruceChen 14:28:30.204 [main] INFO  edu.bjut.boudia.myMain - meter_9104137931017351685:repMsg
BruceChen 14:28:30.204 [main] INFO  edu.bjut.boudia.myMain - meter_9104137931017351685:25571500
BruceChen 14:28:30.204 [main] INFO  edu.bjut.boudia.myMain - meter_7260028505835981075:repMsg
BruceChen 14:28:30.204 [main] INFO  edu.bjut.boudia.myMain - meter_7260028505835981075:25498500
BruceChen 14:28:30.204 [main] INFO  edu.bjut.boudia.myMain - meter_8918187143544165873:repMsg
BruceChen 14:28:30.204 [main] INFO  edu.bjut.boudia.myMain - meter_8918187143544165873:25645200
BruceChen 14:28:30.204 [main] INFO  edu.bjut.boudia.myMain - meter_7513884211068619097:repMsg
BruceChen 14:28:30.204 [main] INFO  edu.bjut.boudia.myMain - meter_7513884211068619097:25637800
BruceChen 14:28:30.204 [main] INFO  edu.bjut.boudia.myMain - meter_3689880784646773627:repMsg
BruceChen 14:28:30.204 [main] INFO  edu.bjut.boudia.myMain - meter_3689880784646773627:27626900
BruceChen 14:28:30.204 [main] INFO  edu.bjut.boudia.myMain - meter_6802412799408236055:repMsg
BruceChen 14:28:30.204 [main] INFO  edu.bjut.boudia.myMain - meter_6802412799408236055:26241400
BruceChen 14:28:30.204 [main] INFO  edu.bjut.boudia.myMain - meter_8285036270989475539:repMsg
BruceChen 14:28:30.204 [main] INFO  edu.bjut.boudia.myMain - meter_8285036270989475539:26409000
BruceChen 14:28:30.204 [main] INFO  edu.bjut.boudia.myMain - meter_1758813384250402355:repMsg
BruceChen 14:28:30.204 [main] INFO  edu.bjut.boudia.myMain - meter_1758813384250402355:26539800
BruceChen 14:28:30.204 [main] INFO  edu.bjut.boudia.myMain - meter_8068153980979241521:repMsg
BruceChen 14:28:30.204 [main] INFO  edu.bjut.boudia.myMain - meter_8068153980979241521:26437800
BruceChen 14:28:30.204 [main] INFO  edu.bjut.boudia.myMain - meter_8490455350268508139:repMsg
BruceChen 14:28:30.204 [main] INFO  edu.bjut.boudia.myMain - meter_8490455350268508139:26371900
BruceChen 14:28:30.204 [main] INFO  edu.bjut.boudia.myMain - meter_7686682033699969345:repMsg
BruceChen 14:28:30.204 [main] INFO  edu.bjut.boudia.myMain - meter_7686682033699969345:26239800
BruceChen 14:28:30.204 [main] INFO  edu.bjut.boudia.myMain - meter_2655887380289127155:repMsg
BruceChen 14:28:30.204 [main] INFO  edu.bjut.boudia.myMain - meter_2655887380289127155:26450500
BruceChen 14:28:30.204 [main] INFO  edu.bjut.boudia.myMain - meter_4447767655894202785:repMsg
BruceChen 14:28:30.204 [main] INFO  edu.bjut.boudia.myMain - meter_4447767655894202785:26397600
BruceChen 14:28:30.204 [main] INFO  edu.bjut.boudia.myMain - meter_6280017776426574257:repMsg
BruceChen 14:28:30.204 [main] INFO  edu.bjut.boudia.myMain - meter_6280017776426574257:26243000
BruceChen 14:28:30.204 [main] INFO  edu.bjut.boudia.myMain - meter_3133747677768096649:repMsg
BruceChen 14:28:30.204 [main] INFO  edu.bjut.boudia.myMain - meter_3133747677768096649:26572300
BruceChen 14:28:30.204 [main] INFO  edu.bjut.boudia.myMain - meter_6709950673043411731:repMsg
BruceChen 14:28:30.204 [main] INFO  edu.bjut.boudia.myMain - meter_6709950673043411731:26408800
BruceChen 14:28:30.204 [main] INFO  edu.bjut.boudia.myMain - meter_765749014468178071:repMsg
BruceChen 14:28:30.204 [main] INFO  edu.bjut.boudia.myMain - meter_765749014468178071:26406200
BruceChen 14:28:30.204 [main] INFO  edu.bjut.boudia.myMain - meter_3865107605618494747:repMsg
BruceChen 14:28:30.204 [main] INFO  edu.bjut.boudia.myMain - meter_3865107605618494747:26542200
BruceChen 14:28:30.204 [main] INFO  edu.bjut.boudia.myMain - meter_7944329317626880471:repMsg
BruceChen 14:28:30.204 [main] INFO  edu.bjut.boudia.myMain - meter_7944329317626880471:26334200
BruceChen 14:28:30.204 [main] INFO  edu.bjut.boudia.myMain - meter_1436382288070882987:repMsg
BruceChen 14:28:30.204 [main] INFO  edu.bjut.boudia.myMain - meter_1436382288070882987:26248600
BruceChen 14:28:30.204 [main] INFO  edu.bjut.boudia.myMain - meter_1684857596222576329:repMsg
BruceChen 14:28:30.204 [main] INFO  edu.bjut.boudia.myMain - meter_1684857596222576329:26099700
BruceChen 14:28:30.204 [main] INFO  edu.bjut.boudia.myMain - meter_4351907540407150299:repMsg
BruceChen 14:28:30.204 [main] INFO  edu.bjut.boudia.myMain - meter_4351907540407150299:26438200
BruceChen 14:28:30.204 [main] INFO  edu.bjut.boudia.myMain - meter_6940515504803421083:repMsg
BruceChen 14:28:30.204 [main] INFO  edu.bjut.boudia.myMain - meter_6940515504803421083:26413500
BruceChen 14:28:30.204 [main] INFO  edu.bjut.boudia.myMain - meter_1345308554560751625:repMsg
BruceChen 14:28:30.204 [main] INFO  edu.bjut.boudia.myMain - meter_1345308554560751625:26173800
BruceChen 14:28:30.204 [main] INFO  edu.bjut.boudia.myMain - meter_4188316217999950177:repMsg
BruceChen 14:28:30.204 [main] INFO  edu.bjut.boudia.myMain - meter_4188316217999950177:26332000
BruceChen 14:28:30.204 [main] INFO  edu.bjut.boudia.myMain - meter_6997316353905233637:repMsg
BruceChen 14:28:30.204 [main] INFO  edu.bjut.boudia.myMain - meter_6997316353905233637:26082700
BruceChen 14:28:30.204 [main] INFO  edu.bjut.boudia.myMain - meter_2436074022512654531:repMsg
BruceChen 14:28:30.204 [main] INFO  edu.bjut.boudia.myMain - meter_2436074022512654531:26402000
BruceChen 14:28:30.204 [main] INFO  edu.bjut.boudia.myMain - meter_745523334912100249:repMsg
BruceChen 14:28:30.204 [main] INFO  edu.bjut.boudia.myMain - meter_745523334912100249:26330000
BruceChen 14:28:30.204 [main] INFO  edu.bjut.boudia.myMain - meter_6717943508959638369:repMsg
BruceChen 14:28:30.204 [main] INFO  edu.bjut.boudia.myMain - meter_6717943508959638369:26434200
BruceChen 14:28:30.204 [main] INFO  edu.bjut.boudia.myMain - meter_2990202389219662995:repMsg
BruceChen 14:28:30.204 [main] INFO  edu.bjut.boudia.myMain - meter_2990202389219662995:26448600
BruceChen 14:28:30.204 [main] INFO  edu.bjut.boudia.myMain - meter_1103976181028667493:repMsg
BruceChen 14:28:30.204 [main] INFO  edu.bjut.boudia.myMain - meter_1103976181028667493:26266300
BruceChen 14:28:30.204 [main] INFO  edu.bjut.boudia.myMain - meter_7921603858709060587:repMsg
BruceChen 14:28:30.204 [main] INFO  edu.bjut.boudia.myMain - meter_7921603858709060587:27541900
BruceChen 14:28:30.204 [main] INFO  edu.bjut.boudia.myMain - meter_7634999802714081991:repMsg
BruceChen 14:28:30.204 [main] INFO  edu.bjut.boudia.myMain - meter_7634999802714081991:26310900
BruceChen 14:28:30.204 [main] INFO  edu.bjut.boudia.myMain - meter_3182990349428166975:repMsg
BruceChen 14:28:30.204 [main] INFO  edu.bjut.boudia.myMain - meter_3182990349428166975:26142600
BruceChen 14:28:30.204 [main] INFO  edu.bjut.boudia.myMain - meter_9172922670707861771:repMsg
BruceChen 14:28:30.204 [main] INFO  edu.bjut.boudia.myMain - meter_9172922670707861771:26278200
BruceChen 14:28:30.204 [main] INFO  edu.bjut.boudia.myMain - meter_2450347816388707215:repMsg
BruceChen 14:28:30.204 [main] INFO  edu.bjut.boudia.myMain - meter_2450347816388707215:26426900
BruceChen 14:28:30.204 [main] INFO  edu.bjut.boudia.myMain - meter_5278037566057862643:repMsg
BruceChen 14:28:30.204 [main] INFO  edu.bjut.boudia.myMain - meter_5278037566057862643:26339900
BruceChen 14:28:32.016 [main] INFO  edu.bjut.boudia.myMain - oneTimeMeterRegTime
BruceChen 14:28:32.406 [main] INFO  edu.bjut.boudia.myMain - server:pubkey
BruceChen 14:28:32.406 [main] INFO  edu.bjut.boudia.myMain - server:1100
BruceChen 14:28:32.406 [main] INFO  edu.bjut.boudia.myMain - agg:regMsg,regMsg,regMsg,regMsg,regMsg,regMsg,regMsg,regMsg,regMsg,regMsg,regMsg,regMsg,regMsg,regMsg,regMsg,regMsg,regMsg,regMsg,regMsg,regMsg,regMsg,regMsg,regMsg,regMsg,regMsg,regMsg,regMsg,regMsg,regMsg,regMsg
BruceChen 14:28:32.406 [main] INFO  edu.bjut.boudia.myMain - agg:6620800,6557600,6595200,6591400,6592600,6566100,6565100,6568000,6565300,6609200,6562300,6560000,6556200,6756500,6761900,6573500,6566500,6589900,6705300,6593300,6558500,6565100,6558100,6566500,6601400,6524500,6485200,6509100,6593400,6584300
BruceChen 14:28:32.406 [main] INFO  edu.bjut.boudia.myMain - meter_8062712796001784931:regMsg,reg_backagg,reg_cc
BruceChen 14:28:32.406 [main] INFO  edu.bjut.boudia.myMain - meter_8062712796001784931:100,6468400,0
BruceChen 14:28:32.406 [main] INFO  edu.bjut.boudia.myMain - meter_7622111956040984329:regMsg,reg_backagg,reg_cc
BruceChen 14:28:32.406 [main] INFO  edu.bjut.boudia.myMain - meter_7622111956040984329:100,6578800,100
BruceChen 14:28:32.406 [main] INFO  edu.bjut.boudia.myMain - meter_310889758393641581:regMsg,reg_backagg,reg_cc
BruceChen 14:28:32.406 [main] INFO  edu.bjut.boudia.myMain - meter_310889758393641581:100,6519800,0
BruceChen 14:28:32.406 [main] INFO  edu.bjut.boudia.myMain - meter_6813188692005804533:regMsg,reg_backagg,reg_cc
BruceChen 14:28:32.406 [main] INFO  edu.bjut.boudia.myMain - meter_6813188692005804533:100,6396900,100
BruceChen 14:28:32.406 [main] INFO  edu.bjut.boudia.myMain - meter_8662711149970892245:regMsg,reg_backagg,reg_cc
BruceChen 14:28:32.406 [main] INFO  edu.bjut.boudia.myMain - meter_8662711149970892245:200,6568000,100
BruceChen 14:28:32.406 [main] INFO  edu.bjut.boudia.myMain - meter_3040385060059472927:regMsg,reg_backagg,reg_cc
BruceChen 14:28:32.406 [main] INFO  edu.bjut.boudia.myMain - meter_3040385060059472927:0,6452500,0
BruceChen 14:28:32.406 [main] INFO  edu.bjut.boudia.myMain - meter_4595100494481532043:regMsg,reg_backagg,reg_cc
BruceChen 14:28:32.406 [main] INFO  edu.bjut.boudia.myMain - meter_4595100494481532043:100,6591200,0
BruceChen 14:28:32.406 [main] INFO  edu.bjut.boudia.myMain - meter_5599325236514948823:regMsg,reg_backagg,reg_cc
BruceChen 14:28:32.406 [main] INFO  edu.bjut.boudia.myMain - meter_5599325236514948823:100,6594000,0
BruceChen 14:28:32.406 [main] INFO  edu.bjut.boudia.myMain - meter_1278217256727469085:regMsg,reg_backagg,reg_cc
BruceChen 14:28:32.406 [main] INFO  edu.bjut.boudia.myMain - meter_1278217256727469085:100,6551300,0
BruceChen 14:28:32.406 [main] INFO  edu.bjut.boudia.myMain - meter_6957275450600294955:regMsg,reg_backagg,reg_cc
BruceChen 14:28:32.406 [main] INFO  edu.bjut.boudia.myMain - meter_6957275450600294955:100,6537400,200
BruceChen 14:28:32.406 [main] INFO  edu.bjut.boudia.myMain - meter_2888771889481976053:regMsg,reg_backagg,reg_cc
BruceChen 14:28:32.406 [main] INFO  edu.bjut.boudia.myMain - meter_2888771889481976053:100,6494100,200
BruceChen 14:28:32.406 [main] INFO  edu.bjut.boudia.myMain - meter_1894121382343247227:regMsg,reg_backagg,reg_cc
BruceChen 14:28:32.406 [main] INFO  edu.bjut.boudia.myMain - meter_1894121382343247227:100,6532700,100
BruceChen 14:28:32.406 [main] INFO  edu.bjut.boudia.myMain - meter_2142529324354833705:regMsg,reg_backagg,reg_cc
BruceChen 14:28:32.406 [main] INFO  edu.bjut.boudia.myMain - meter_2142529324354833705:0,7640500,100
BruceChen 14:28:32.406 [main] INFO  edu.bjut.boudia.myMain - meter_7399820555524778499:regMsg,reg_backagg,reg_cc
BruceChen 14:28:32.406 [main] INFO  edu.bjut.boudia.myMain - meter_7399820555524778499:100,6700600,0
BruceChen 14:28:32.406 [main] INFO  edu.bjut.boudia.myMain - meter_367233645729193517:regMsg,reg_backagg,reg_cc
BruceChen 14:28:32.406 [main] INFO  edu.bjut.boudia.myMain - meter_367233645729193517:0,6616900,100
BruceChen 14:28:32.406 [main] INFO  edu.bjut.boudia.myMain - meter_755839333190360465:regMsg,reg_backagg,reg_cc
BruceChen 14:28:32.406 [main] INFO  edu.bjut.boudia.myMain - meter_755839333190360465:100,6618300,0
BruceChen 14:28:32.406 [main] INFO  edu.bjut.boudia.myMain - meter_6631248383085560341:regMsg,reg_backagg,reg_cc
BruceChen 14:28:32.406 [main] INFO  edu.bjut.boudia.myMain - meter_6631248383085560341:100,6604200,0
BruceChen 14:28:32.406 [main] INFO  edu.bjut.boudia.myMain - meter_2725876058953209395:regMsg,reg_backagg,reg_cc
BruceChen 14:28:32.406 [main] INFO  edu.bjut.boudia.myMain - meter_2725876058953209395:0,6621900,0
BruceChen 14:28:32.406 [main] INFO  edu.bjut.boudia.myMain - meter_5298161074668209137:regMsg,reg_backagg,reg_cc
BruceChen 14:28:32.406 [main] INFO  edu.bjut.boudia.myMain - meter_5298161074668209137:100,6553300,0
BruceChen 14:28:32.406 [main] INFO  edu.bjut.boudia.myMain - meter_3825581796241541681:regMsg,reg_backagg,reg_cc
BruceChen 14:28:32.406 [main] INFO  edu.bjut.boudia.myMain - meter_3825581796241541681:0,6570900,100
BruceChen 14:28:32.406 [main] INFO  edu.bjut.boudia.myMain - meter_5691216671500056919:regMsg,reg_backagg,reg_cc
BruceChen 14:28:32.406 [main] INFO  edu.bjut.boudia.myMain - meter_5691216671500056919:100,6528000,100
BruceChen 14:28:32.406 [main] INFO  edu.bjut.boudia.myMain - meter_7408925822055868995:regMsg,reg_backagg,reg_cc
BruceChen 14:28:32.406 [main] INFO  edu.bjut.boudia.myMain - meter_7408925822055868995:0,6549400,0
BruceChen 14:28:32.406 [main] INFO  edu.bjut.boudia.myMain - meter_6222331134437694411:regMsg,reg_backagg,reg_cc
BruceChen 14:28:32.406 [main] INFO  edu.bjut.boudia.myMain - meter_6222331134437694411:100,6659600,0
BruceChen 14:28:32.406 [main] INFO  edu.bjut.boudia.myMain - meter_6146426810850348621:regMsg,reg_backagg,reg_cc
BruceChen 14:28:32.406 [main] INFO  edu.bjut.boudia.myMain - meter_6146426810850348621:100,6438800,0
BruceChen 14:28:32.406 [main] INFO  edu.bjut.boudia.myMain - meter_3370287038459398381:regMsg,reg_backagg,reg_cc
BruceChen 14:28:32.406 [main] INFO  edu.bjut.boudia.myMain - meter_3370287038459398381:100,6615900,100
BruceChen 14:28:32.406 [main] INFO  edu.bjut.boudia.myMain - meter_6024917198848424925:regMsg,reg_backagg,reg_cc
BruceChen 14:28:32.406 [main] INFO  edu.bjut.boudia.myMain - meter_6024917198848424925:100,6577800,100
BruceChen 14:28:32.406 [main] INFO  edu.bjut.boudia.myMain - meter_6361829961044808759:regMsg,reg_backagg,reg_cc
BruceChen 14:28:32.406 [main] INFO  edu.bjut.boudia.myMain - meter_6361829961044808759:0,6559100,100
BruceChen 14:28:32.406 [main] INFO  edu.bjut.boudia.myMain - meter_2820302642204565727:regMsg,reg_backagg,reg_cc
BruceChen 14:28:32.406 [main] INFO  edu.bjut.boudia.myMain - meter_2820302642204565727:0,6553400,0
BruceChen 14:28:32.406 [main] INFO  edu.bjut.boudia.myMain - meter_524748352135526927:regMsg,reg_backagg,reg_cc
BruceChen 14:28:32.406 [main] INFO  edu.bjut.boudia.myMain - meter_524748352135526927:100,6514500,0
BruceChen 14:28:32.406 [main] INFO  edu.bjut.boudia.myMain - meter_7571249681171776993:regMsg,reg_backagg,reg_cc
BruceChen 14:28:32.406 [main] INFO  edu.bjut.boudia.myMain - meter_7571249681171776993:0,6500700,100
BruceChen 14:28:32.813 [main] INFO  edu.bjut.boudia.myMain - oneTimeMeterRepTime
BruceChen 14:28:33.828 [main] INFO  edu.bjut.boudia.myMain - server:repMsg
BruceChen 14:28:33.828 [main] INFO  edu.bjut.boudia.myMain - server:32854900
BruceChen 14:28:33.828 [main] INFO  edu.bjut.boudia.myMain - agg:repMsg
BruceChen 14:28:33.828 [main] INFO  edu.bjut.boudia.myMain - agg:215815400
BruceChen 14:28:33.828 [main] INFO  edu.bjut.boudia.myMain - meter_8062712796001784931:repMsg
BruceChen 14:28:33.828 [main] INFO  edu.bjut.boudia.myMain - meter_8062712796001784931:26006700
BruceChen 14:28:33.828 [main] INFO  edu.bjut.boudia.myMain - meter_7622111956040984329:repMsg
BruceChen 14:28:33.828 [main] INFO  edu.bjut.boudia.myMain - meter_7622111956040984329:25797300
BruceChen 14:28:33.828 [main] INFO  edu.bjut.boudia.myMain - meter_310889758393641581:repMsg
BruceChen 14:28:33.828 [main] INFO  edu.bjut.boudia.myMain - meter_310889758393641581:26297400
BruceChen 14:28:33.828 [main] INFO  edu.bjut.boudia.myMain - meter_6813188692005804533:repMsg
BruceChen 14:28:33.828 [main] INFO  edu.bjut.boudia.myMain - meter_6813188692005804533:27338700
BruceChen 14:28:33.828 [main] INFO  edu.bjut.boudia.myMain - meter_8662711149970892245:repMsg
BruceChen 14:28:33.828 [main] INFO  edu.bjut.boudia.myMain - meter_8662711149970892245:26527000
BruceChen 14:28:33.828 [main] INFO  edu.bjut.boudia.myMain - meter_3040385060059472927:repMsg
BruceChen 14:28:33.828 [main] INFO  edu.bjut.boudia.myMain - meter_3040385060059472927:26213900
BruceChen 14:28:33.828 [main] INFO  edu.bjut.boudia.myMain - meter_4595100494481532043:repMsg
BruceChen 14:28:33.828 [main] INFO  edu.bjut.boudia.myMain - meter_4595100494481532043:26262000
BruceChen 14:28:33.828 [main] INFO  edu.bjut.boudia.myMain - meter_5599325236514948823:repMsg
BruceChen 14:28:33.828 [main] INFO  edu.bjut.boudia.myMain - meter_5599325236514948823:26242900
BruceChen 14:28:33.828 [main] INFO  edu.bjut.boudia.myMain - meter_1278217256727469085:repMsg
BruceChen 14:28:33.828 [main] INFO  edu.bjut.boudia.myMain - meter_1278217256727469085:25644500
BruceChen 14:28:33.828 [main] INFO  edu.bjut.boudia.myMain - meter_6957275450600294955:repMsg
BruceChen 14:28:33.828 [main] INFO  edu.bjut.boudia.myMain - meter_6957275450600294955:25842700
BruceChen 14:28:33.828 [main] INFO  edu.bjut.boudia.myMain - meter_2888771889481976053:repMsg
BruceChen 14:28:33.828 [main] INFO  edu.bjut.boudia.myMain - meter_2888771889481976053:25683200
BruceChen 14:28:33.828 [main] INFO  edu.bjut.boudia.myMain - meter_1894121382343247227:repMsg
BruceChen 14:28:33.828 [main] INFO  edu.bjut.boudia.myMain - meter_1894121382343247227:25591600
BruceChen 14:28:33.828 [main] INFO  edu.bjut.boudia.myMain - meter_2142529324354833705:repMsg
BruceChen 14:28:33.828 [main] INFO  edu.bjut.boudia.myMain - meter_2142529324354833705:25639300
BruceChen 14:28:33.828 [main] INFO  edu.bjut.boudia.myMain - meter_7399820555524778499:repMsg
BruceChen 14:28:33.828 [main] INFO  edu.bjut.boudia.myMain - meter_7399820555524778499:25513300
BruceChen 14:28:33.828 [main] INFO  edu.bjut.boudia.myMain - meter_367233645729193517:repMsg
BruceChen 14:28:33.828 [main] INFO  edu.bjut.boudia.myMain - meter_367233645729193517:25664700
BruceChen 14:28:33.828 [main] INFO  edu.bjut.boudia.myMain - meter_755839333190360465:repMsg
BruceChen 14:28:33.828 [main] INFO  edu.bjut.boudia.myMain - meter_755839333190360465:25709800
BruceChen 14:28:33.828 [main] INFO  edu.bjut.boudia.myMain - meter_6631248383085560341:repMsg
BruceChen 14:28:33.828 [main] INFO  edu.bjut.boudia.myMain - meter_6631248383085560341:25910800
BruceChen 14:28:33.828 [main] INFO  edu.bjut.boudia.myMain - meter_2725876058953209395:repMsg
BruceChen 14:28:33.828 [main] INFO  edu.bjut.boudia.myMain - meter_2725876058953209395:25825400
BruceChen 14:28:33.828 [main] INFO  edu.bjut.boudia.myMain - meter_5298161074668209137:repMsg
BruceChen 14:28:33.828 [main] INFO  edu.bjut.boudia.myMain - meter_5298161074668209137:25779100
BruceChen 14:28:33.828 [main] INFO  edu.bjut.boudia.myMain - meter_3825581796241541681:repMsg
BruceChen 14:28:33.828 [main] INFO  edu.bjut.boudia.myMain - meter_3825581796241541681:25468600
BruceChen 14:28:33.828 [main] INFO  edu.bjut.boudia.myMain - meter_5691216671500056919:repMsg
BruceChen 14:28:33.828 [main] INFO  edu.bjut.boudia.myMain - meter_5691216671500056919:25506200
BruceChen 14:28:33.828 [main] INFO  edu.bjut.boudia.myMain - meter_7408925822055868995:repMsg
BruceChen 14:28:33.828 [main] INFO  edu.bjut.boudia.myMain - meter_7408925822055868995:25684300
BruceChen 14:28:33.828 [main] INFO  edu.bjut.boudia.myMain - meter_6222331134437694411:repMsg
BruceChen 14:28:33.828 [main] INFO  edu.bjut.boudia.myMain - meter_6222331134437694411:25613000
BruceChen 14:28:33.828 [main] INFO  edu.bjut.boudia.myMain - meter_6146426810850348621:repMsg
BruceChen 14:28:33.828 [main] INFO  edu.bjut.boudia.myMain - meter_6146426810850348621:25520300
BruceChen 14:28:33.828 [main] INFO  edu.bjut.boudia.myMain - meter_3370287038459398381:repMsg
BruceChen 14:28:33.828 [main] INFO  edu.bjut.boudia.myMain - meter_3370287038459398381:25670000
BruceChen 14:28:33.828 [main] INFO  edu.bjut.boudia.myMain - meter_6024917198848424925:repMsg
BruceChen 14:28:33.828 [main] INFO  edu.bjut.boudia.myMain - meter_6024917198848424925:25403700
BruceChen 14:28:33.828 [main] INFO  edu.bjut.boudia.myMain - meter_6361829961044808759:repMsg
BruceChen 14:28:33.828 [main] INFO  edu.bjut.boudia.myMain - meter_6361829961044808759:25652400
BruceChen 14:28:33.828 [main] INFO  edu.bjut.boudia.myMain - meter_2820302642204565727:repMsg
BruceChen 14:28:33.828 [main] INFO  edu.bjut.boudia.myMain - meter_2820302642204565727:25798700
BruceChen 14:28:33.828 [main] INFO  edu.bjut.boudia.myMain - meter_524748352135526927:repMsg
BruceChen 14:28:33.828 [main] INFO  edu.bjut.boudia.myMain - meter_524748352135526927:25794400
BruceChen 14:28:33.828 [main] INFO  edu.bjut.boudia.myMain - meter_7571249681171776993:repMsg
BruceChen 14:28:33.828 [main] INFO  edu.bjut.boudia.myMain - meter_7571249681171776993:26281200
BruceChen 14:28:35.477 [main] INFO  edu.bjut.boudia.myMain - oneTimeMeterRegTime
BruceChen 14:28:35.735 [main] INFO  edu.bjut.boudia.myMain - server:pubkey
BruceChen 14:28:35.735 [main] INFO  edu.bjut.boudia.myMain - server:1100
BruceChen 14:28:35.735 [main] INFO  edu.bjut.boudia.myMain - agg:regMsg,regMsg,regMsg,regMsg,regMsg,regMsg,regMsg,regMsg,regMsg,regMsg,regMsg,regMsg,regMsg,regMsg,regMsg,regMsg,regMsg,regMsg,regMsg,regMsg
BruceChen 14:28:35.735 [main] INFO  edu.bjut.boudia.myMain - agg:6550400,6568000,6571400,6564000,6515700,6546200,6558000,6540200,6571600,6589200,6558200,6513600,6595900,6559200,6527700,6577900,6560300,6587000,6520700,6528700
BruceChen 14:28:35.735 [main] INFO  edu.bjut.boudia.myMain - meter_7218307871779569607:regMsg,reg_backagg,reg_cc
BruceChen 14:28:35.735 [main] INFO  edu.bjut.boudia.myMain - meter_7218307871779569607:100,6653500,100
BruceChen 14:28:35.735 [main] INFO  edu.bjut.boudia.myMain - meter_8703244805731599707:regMsg,reg_backagg,reg_cc
BruceChen 14:28:35.735 [main] INFO  edu.bjut.boudia.myMain - meter_8703244805731599707:100,6526100,100
BruceChen 14:28:35.735 [main] INFO  edu.bjut.boudia.myMain - meter_3358339367285220207:regMsg,reg_backagg,reg_cc
BruceChen 14:28:35.735 [main] INFO  edu.bjut.boudia.myMain - meter_3358339367285220207:0,6555900,100
BruceChen 14:28:35.735 [main] INFO  edu.bjut.boudia.myMain - meter_3010291182508369723:regMsg,reg_backagg,reg_cc
BruceChen 14:28:35.735 [main] INFO  edu.bjut.boudia.myMain - meter_3010291182508369723:100,6565900,100
BruceChen 14:28:35.735 [main] INFO  edu.bjut.boudia.myMain - meter_484407187701313601:regMsg,reg_backagg,reg_cc
BruceChen 14:28:35.735 [main] INFO  edu.bjut.boudia.myMain - meter_484407187701313601:100,6642800,0
BruceChen 14:28:35.735 [main] INFO  edu.bjut.boudia.myMain - meter_8504115415113941649:regMsg,reg_backagg,reg_cc
BruceChen 14:28:35.735 [main] INFO  edu.bjut.boudia.myMain - meter_8504115415113941649:100,6492100,0
BruceChen 14:28:35.735 [main] INFO  edu.bjut.boudia.myMain - meter_5786762197472138957:regMsg,reg_backagg,reg_cc
BruceChen 14:28:35.735 [main] INFO  edu.bjut.boudia.myMain - meter_5786762197472138957:100,6592500,100
BruceChen 14:28:35.735 [main] INFO  edu.bjut.boudia.myMain - meter_3461432810871505475:regMsg,reg_backagg,reg_cc
BruceChen 14:28:35.735 [main] INFO  edu.bjut.boudia.myMain - meter_3461432810871505475:100,6552300,100
BruceChen 14:28:35.735 [main] INFO  edu.bjut.boudia.myMain - meter_8898444754348488895:regMsg,reg_backagg,reg_cc
BruceChen 14:28:35.735 [main] INFO  edu.bjut.boudia.myMain - meter_8898444754348488895:100,6666000,100
BruceChen 14:28:35.735 [main] INFO  edu.bjut.boudia.myMain - meter_7915393452535784387:regMsg,reg_backagg,reg_cc
BruceChen 14:28:35.735 [main] INFO  edu.bjut.boudia.myMain - meter_7915393452535784387:100,6511400,100
BruceChen 14:28:35.735 [main] INFO  edu.bjut.boudia.myMain - meter_6580862577828895701:regMsg,reg_backagg,reg_cc
BruceChen 14:28:35.735 [main] INFO  edu.bjut.boudia.myMain - meter_6580862577828895701:100,6573800,100
BruceChen 14:28:35.735 [main] INFO  edu.bjut.boudia.myMain - meter_3056979613619139715:regMsg,reg_backagg,reg_cc
BruceChen 14:28:35.735 [main] INFO  edu.bjut.boudia.myMain - meter_3056979613619139715:100,6410300,100
BruceChen 14:28:35.735 [main] INFO  edu.bjut.boudia.myMain - meter_5452105089979658963:regMsg,reg_backagg,reg_cc
BruceChen 14:28:35.735 [main] INFO  edu.bjut.boudia.myMain - meter_5452105089979658963:100,6647300,0
BruceChen 14:28:35.735 [main] INFO  edu.bjut.boudia.myMain - meter_2834398450608012709:regMsg,reg_backagg,reg_cc
BruceChen 14:28:35.735 [main] INFO  edu.bjut.boudia.myMain - meter_2834398450608012709:100,6515300,0
BruceChen 14:28:35.735 [main] INFO  edu.bjut.boudia.myMain - meter_8862675371234277761:regMsg,reg_backagg,reg_cc
BruceChen 14:28:35.735 [main] INFO  edu.bjut.boudia.myMain - meter_8862675371234277761:100,6545300,0
BruceChen 14:28:35.735 [main] INFO  edu.bjut.boudia.myMain - meter_8547633595408170973:regMsg,reg_backagg,reg_cc
BruceChen 14:28:35.735 [main] INFO  edu.bjut.boudia.myMain - meter_8547633595408170973:100,6601100,100
BruceChen 14:28:35.735 [main] INFO  edu.bjut.boudia.myMain - meter_7954427874245964643:regMsg,reg_backagg,reg_cc
BruceChen 14:28:35.735 [main] INFO  edu.bjut.boudia.myMain - meter_7954427874245964643:100,6680000,100
BruceChen 14:28:35.735 [main] INFO  edu.bjut.boudia.myMain - meter_2652700439538475469:regMsg,reg_backagg,reg_cc
BruceChen 14:28:35.735 [main] INFO  edu.bjut.boudia.myMain - meter_2652700439538475469:100,6633900,0
BruceChen 14:28:35.735 [main] INFO  edu.bjut.boudia.myMain - meter_4873037062089394445:regMsg,reg_backagg,reg_cc
BruceChen 14:28:35.735 [main] INFO  edu.bjut.boudia.myMain - meter_4873037062089394445:100,6485500,0
BruceChen 14:28:35.735 [main] INFO  edu.bjut.boudia.myMain - meter_7774059419294506887:regMsg,reg_backagg,reg_cc
BruceChen 14:28:35.735 [main] INFO  edu.bjut.boudia.myMain - meter_7774059419294506887:100,6529000,100
BruceChen 14:28:36.002 [main] INFO  edu.bjut.boudia.myMain - oneTimeMeterRepTime
BruceChen 14:28:36.705 [main] INFO  edu.bjut.boudia.myMain - server:repMsg
BruceChen 14:28:36.705 [main] INFO  edu.bjut.boudia.myMain - server:33788900
BruceChen 14:28:36.705 [main] INFO  edu.bjut.boudia.myMain - agg:repMsg
BruceChen 14:28:36.705 [main] INFO  edu.bjut.boudia.myMain - agg:147427700
BruceChen 14:28:36.705 [main] INFO  edu.bjut.boudia.myMain - meter_7218307871779569607:repMsg
BruceChen 14:28:36.705 [main] INFO  edu.bjut.boudia.myMain - meter_7218307871779569607:26414100
BruceChen 14:28:36.705 [main] INFO  edu.bjut.boudia.myMain - meter_8703244805731599707:repMsg
BruceChen 14:28:36.705 [main] INFO  edu.bjut.boudia.myMain - meter_8703244805731599707:26475200
BruceChen 14:28:36.705 [main] INFO  edu.bjut.boudia.myMain - meter_3358339367285220207:repMsg
BruceChen 14:28:36.705 [main] INFO  edu.bjut.boudia.myMain - meter_3358339367285220207:26261300
BruceChen 14:28:36.705 [main] INFO  edu.bjut.boudia.myMain - meter_3010291182508369723:repMsg
BruceChen 14:28:36.705 [main] INFO  edu.bjut.boudia.myMain - meter_3010291182508369723:26543800
BruceChen 14:28:36.705 [main] INFO  edu.bjut.boudia.myMain - meter_484407187701313601:repMsg
BruceChen 14:28:36.705 [main] INFO  edu.bjut.boudia.myMain - meter_484407187701313601:27332400
BruceChen 14:28:36.705 [main] INFO  edu.bjut.boudia.myMain - meter_8504115415113941649:repMsg
BruceChen 14:28:36.705 [main] INFO  edu.bjut.boudia.myMain - meter_8504115415113941649:26253200
BruceChen 14:28:36.705 [main] INFO  edu.bjut.boudia.myMain - meter_5786762197472138957:repMsg
BruceChen 14:28:36.705 [main] INFO  edu.bjut.boudia.myMain - meter_5786762197472138957:26372600
BruceChen 14:28:36.705 [main] INFO  edu.bjut.boudia.myMain - meter_3461432810871505475:repMsg
BruceChen 14:28:36.705 [main] INFO  edu.bjut.boudia.myMain - meter_3461432810871505475:26381400
BruceChen 14:28:36.705 [main] INFO  edu.bjut.boudia.myMain - meter_8898444754348488895:repMsg
BruceChen 14:28:36.705 [main] INFO  edu.bjut.boudia.myMain - meter_8898444754348488895:26644800
BruceChen 14:28:36.705 [main] INFO  edu.bjut.boudia.myMain - meter_7915393452535784387:repMsg
BruceChen 14:28:36.705 [main] INFO  edu.bjut.boudia.myMain - meter_7915393452535784387:26374500
BruceChen 14:28:36.705 [main] INFO  edu.bjut.boudia.myMain - meter_6580862577828895701:repMsg
BruceChen 14:28:36.705 [main] INFO  edu.bjut.boudia.myMain - meter_6580862577828895701:26711900
BruceChen 14:28:36.705 [main] INFO  edu.bjut.boudia.myMain - meter_3056979613619139715:repMsg
BruceChen 14:28:36.705 [main] INFO  edu.bjut.boudia.myMain - meter_3056979613619139715:26471300
BruceChen 14:28:36.705 [main] INFO  edu.bjut.boudia.myMain - meter_5452105089979658963:repMsg
BruceChen 14:28:36.705 [main] INFO  edu.bjut.boudia.myMain - meter_5452105089979658963:26602300
BruceChen 14:28:36.705 [main] INFO  edu.bjut.boudia.myMain - meter_2834398450608012709:repMsg
BruceChen 14:28:36.705 [main] INFO  edu.bjut.boudia.myMain - meter_2834398450608012709:26361500
BruceChen 14:28:36.705 [main] INFO  edu.bjut.boudia.myMain - meter_8862675371234277761:repMsg
BruceChen 14:28:36.705 [main] INFO  edu.bjut.boudia.myMain - meter_8862675371234277761:26008400
BruceChen 14:28:36.705 [main] INFO  edu.bjut.boudia.myMain - meter_8547633595408170973:repMsg
BruceChen 14:28:36.705 [main] INFO  edu.bjut.boudia.myMain - meter_8547633595408170973:26284700
BruceChen 14:28:36.705 [main] INFO  edu.bjut.boudia.myMain - meter_7954427874245964643:repMsg
BruceChen 14:28:36.705 [main] INFO  edu.bjut.boudia.myMain - meter_7954427874245964643:26368900
BruceChen 14:28:36.705 [main] INFO  edu.bjut.boudia.myMain - meter_2652700439538475469:repMsg
BruceChen 14:28:36.705 [main] INFO  edu.bjut.boudia.myMain - meter_2652700439538475469:26235800
BruceChen 14:28:36.705 [main] INFO  edu.bjut.boudia.myMain - meter_4873037062089394445:repMsg
BruceChen 14:28:36.705 [main] INFO  edu.bjut.boudia.myMain - meter_4873037062089394445:26462600
BruceChen 14:28:36.705 [main] INFO  edu.bjut.boudia.myMain - meter_7774059419294506887:repMsg
BruceChen 14:28:36.705 [main] INFO  edu.bjut.boudia.myMain - meter_7774059419294506887:26307500
