BruceChen 08:23:56.465 [main] INFO  edu.bjut.boudia.myMain - oneTimeMeterRegTime
BruceChen 08:23:57.262 [main] INFO  edu.bjut.boudia.myMain - server:pubkey
BruceChen 08:23:57.262 [main] INFO  edu.bjut.boudia.myMain - server:202200
BruceChen 08:23:57.278 [main] INFO  edu.bjut.boudia.myMain - agg:regMsg,regMsg,regMsg,regMsg,regMsg,regMsg,regMsg,regMsg,regMsg,regMsg,regMsg,regMsg,regMsg,regMsg,regMsg,regMsg,regMsg,regMsg,regMsg,regMsg,regMsg,regMsg,regMsg,regMsg,regMsg,regMsg,regMsg,regMsg,regMsg,regMsg,regMsg,regMsg,regMsg,regMsg,regMsg,regMsg,regMsg,regMsg,regMsg,regMsg,regMsg,regMsg,regMsg,regMsg,regMsg,regMsg,regMsg,regMsg,regMsg,regMsg,regMsg,regMsg,regMsg,regMsg,regMsg,regMsg,regMsg,regMsg,regMsg,regMsg
BruceChen 08:23:57.287 [main] INFO  edu.bjut.boudia.myMain - agg:6793600,6740200,6710200,6739800,6723100,6731700,6747500,6726700,6714900,6716600,6734800,6749000,6736200,6722900,6783200,6716400,6699500,6694000,6719200,6715200,6700800,6695000,6680300,6703300,6710200,6796600,6753800,6689800,6719800,6699800,6663700,6705100,7102200,9451600,6720200,6695400,6721800,6689300,6690500,6607900,6696900,6634200,6578800,6559000,6653200,6550200,6523300,6541200,6707600,6724100,6702300,6682000,6744300,6700200,6735000,6702200,6723100,6709900,6706600,6681600
BruceChen 08:23:57.287 [main] INFO  edu.bjut.boudia.myMain - meter_2625196631724240519:regMsg,reg_backagg,reg_cc
BruceChen 08:23:57.287 [main] INFO  edu.bjut.boudia.myMain - meter_2625196631724240519:2600,6693300,3700
BruceChen 08:23:57.287 [main] INFO  edu.bjut.boudia.myMain - meter_5273274368604456293:regMsg,reg_backagg,reg_cc
BruceChen 08:23:57.287 [main] INFO  edu.bjut.boudia.myMain - meter_5273274368604456293:400,6751000,400
BruceChen 08:23:57.287 [main] INFO  edu.bjut.boudia.myMain - meter_1336730431175626243:regMsg,reg_backagg,reg_cc
BruceChen 08:23:57.287 [main] INFO  edu.bjut.boudia.myMain - meter_1336730431175626243:400,6701200,300
BruceChen 08:23:57.287 [main] INFO  edu.bjut.boudia.myMain - meter_3342848684990406843:regMsg,reg_backagg,reg_cc
BruceChen 08:23:57.287 [main] INFO  edu.bjut.boudia.myMain - meter_3342848684990406843:400,6653900,300
BruceChen 08:23:57.287 [main] INFO  edu.bjut.boudia.myMain - meter_1989625495721523763:regMsg,reg_backagg,reg_cc
BruceChen 08:23:57.287 [main] INFO  edu.bjut.boudia.myMain - meter_1989625495721523763:300,6613900,500
BruceChen 08:23:57.287 [main] INFO  edu.bjut.boudia.myMain - meter_743102988491696109:regMsg,reg_backagg,reg_cc
BruceChen 08:23:57.287 [main] INFO  edu.bjut.boudia.myMain - meter_743102988491696109:400,6763300,300
BruceChen 08:23:57.287 [main] INFO  edu.bjut.boudia.myMain - meter_5152391819110847387:regMsg,reg_backagg,reg_cc
BruceChen 08:23:57.287 [main] INFO  edu.bjut.boudia.myMain - meter_5152391819110847387:300,6603100,400
BruceChen 08:23:57.287 [main] INFO  edu.bjut.boudia.myMain - meter_6016953627311377157:regMsg,reg_backagg,reg_cc
BruceChen 08:23:57.287 [main] INFO  edu.bjut.boudia.myMain - meter_6016953627311377157:300,6749700,300
BruceChen 08:23:57.287 [main] INFO  edu.bjut.boudia.myMain - meter_5018722531981808619:regMsg,reg_backagg,reg_cc
BruceChen 08:23:57.287 [main] INFO  edu.bjut.boudia.myMain - meter_5018722531981808619:300,6714400,400
BruceChen 08:23:57.287 [main] INFO  edu.bjut.boudia.myMain - meter_5172389971908688279:regMsg,reg_backagg,reg_cc
BruceChen 08:23:57.287 [main] INFO  edu.bjut.boudia.myMain - meter_5172389971908688279:400,6648200,400
BruceChen 08:23:57.287 [main] INFO  edu.bjut.boudia.myMain - meter_2066379503827827139:regMsg,reg_backagg,reg_cc
BruceChen 08:23:57.287 [main] INFO  edu.bjut.boudia.myMain - meter_2066379503827827139:400,6580900,300
BruceChen 08:23:57.287 [main] INFO  edu.bjut.boudia.myMain - meter_8619299369433950091:regMsg,reg_backagg,reg_cc
BruceChen 08:23:57.287 [main] INFO  edu.bjut.boudia.myMain - meter_8619299369433950091:300,6699200,400
BruceChen 08:23:57.287 [main] INFO  edu.bjut.boudia.myMain - meter_497960401991142883:regMsg,reg_backagg,reg_cc
BruceChen 08:23:57.287 [main] INFO  edu.bjut.boudia.myMain - meter_497960401991142883:400,6706900,500
BruceChen 08:23:57.287 [main] INFO  edu.bjut.boudia.myMain - meter_7955407018263733999:regMsg,reg_backagg,reg_cc
BruceChen 08:23:57.287 [main] INFO  edu.bjut.boudia.myMain - meter_7955407018263733999:300,6814500,500
BruceChen 08:23:57.287 [main] INFO  edu.bjut.boudia.myMain - meter_2602395710376527293:regMsg,reg_backagg,reg_cc
BruceChen 08:23:57.287 [main] INFO  edu.bjut.boudia.myMain - meter_2602395710376527293:500,6660000,300
BruceChen 08:23:57.287 [main] INFO  edu.bjut.boudia.myMain - meter_1723929662297970231:regMsg,reg_backagg,reg_cc
BruceChen 08:23:57.287 [main] INFO  edu.bjut.boudia.myMain - meter_1723929662297970231:400,6744500,300
BruceChen 08:23:57.287 [main] INFO  edu.bjut.boudia.myMain - meter_3606329640782851335:regMsg,reg_backagg,reg_cc
BruceChen 08:23:57.287 [main] INFO  edu.bjut.boudia.myMain - meter_3606329640782851335:300,6557700,400
BruceChen 08:23:57.287 [main] INFO  edu.bjut.boudia.myMain - meter_4830233563773969471:regMsg,reg_backagg,reg_cc
BruceChen 08:23:57.287 [main] INFO  edu.bjut.boudia.myMain - meter_4830233563773969471:200,6724900,400
BruceChen 08:23:57.287 [main] INFO  edu.bjut.boudia.myMain - meter_160089772733209629:regMsg,reg_backagg,reg_cc
BruceChen 08:23:57.287 [main] INFO  edu.bjut.boudia.myMain - meter_160089772733209629:300,6615500,300
BruceChen 08:23:57.287 [main] INFO  edu.bjut.boudia.myMain - meter_2573674485183485719:regMsg,reg_backagg,reg_cc
BruceChen 08:23:57.287 [main] INFO  edu.bjut.boudia.myMain - meter_2573674485183485719:300,6700100,400
BruceChen 08:23:57.287 [main] INFO  edu.bjut.boudia.myMain - meter_5569608458287278623:regMsg,reg_backagg,reg_cc
BruceChen 08:23:57.287 [main] INFO  edu.bjut.boudia.myMain - meter_5569608458287278623:200,6644600,500
BruceChen 08:23:57.287 [main] INFO  edu.bjut.boudia.myMain - meter_783588607124381171:regMsg,reg_backagg,reg_cc
BruceChen 08:23:57.287 [main] INFO  edu.bjut.boudia.myMain - meter_783588607124381171:300,6587100,200
BruceChen 08:23:57.287 [main] INFO  edu.bjut.boudia.myMain - meter_3082027998190666215:regMsg,reg_backagg,reg_cc
BruceChen 08:23:57.287 [main] INFO  edu.bjut.boudia.myMain - meter_3082027998190666215:200,6683800,300
BruceChen 08:23:57.287 [main] INFO  edu.bjut.boudia.myMain - meter_3657962047198794379:regMsg,reg_backagg,reg_cc
BruceChen 08:23:57.287 [main] INFO  edu.bjut.boudia.myMain - meter_3657962047198794379:300,6595900,300
BruceChen 08:23:57.287 [main] INFO  edu.bjut.boudia.myMain - meter_1375281431478384283:regMsg,reg_backagg,reg_cc
BruceChen 08:23:57.287 [main] INFO  edu.bjut.boudia.myMain - meter_1375281431478384283:300,6522700,300
BruceChen 08:23:57.287 [main] INFO  edu.bjut.boudia.myMain - meter_8798643127947799057:regMsg,reg_backagg,reg_cc
BruceChen 08:23:57.287 [main] INFO  edu.bjut.boudia.myMain - meter_8798643127947799057:300,6646100,400
BruceChen 08:23:57.287 [main] INFO  edu.bjut.boudia.myMain - meter_6772850941588459729:regMsg,reg_backagg,reg_cc
BruceChen 08:23:57.287 [main] INFO  edu.bjut.boudia.myMain - meter_6772850941588459729:200,6655400,500
BruceChen 08:23:57.287 [main] INFO  edu.bjut.boudia.myMain - meter_8685296044461584983:regMsg,reg_backagg,reg_cc
BruceChen 08:23:57.287 [main] INFO  edu.bjut.boudia.myMain - meter_8685296044461584983:400,6778200,400
BruceChen 08:23:57.287 [main] INFO  edu.bjut.boudia.myMain - meter_4433870895449760919:regMsg,reg_backagg,reg_cc
BruceChen 08:23:57.287 [main] INFO  edu.bjut.boudia.myMain - meter_4433870895449760919:400,6629500,300
BruceChen 08:23:57.287 [main] INFO  edu.bjut.boudia.myMain - meter_2325662439912910181:regMsg,reg_backagg,reg_cc
BruceChen 08:23:57.287 [main] INFO  edu.bjut.boudia.myMain - meter_2325662439912910181:300,6730200,300
BruceChen 08:23:57.287 [main] INFO  edu.bjut.boudia.myMain - meter_8491613016282962583:regMsg,reg_backagg,reg_cc
BruceChen 08:23:57.287 [main] INFO  edu.bjut.boudia.myMain - meter_8491613016282962583:300,6600500,400
BruceChen 08:23:57.287 [main] INFO  edu.bjut.boudia.myMain - meter_5746935821686281091:regMsg,reg_backagg,reg_cc
BruceChen 08:23:57.287 [main] INFO  edu.bjut.boudia.myMain - meter_5746935821686281091:1200,6628300,300
BruceChen 08:23:57.287 [main] INFO  edu.bjut.boudia.myMain - meter_8898722112178074255:regMsg,reg_backagg,reg_cc
BruceChen 08:23:57.287 [main] INFO  edu.bjut.boudia.myMain - meter_8898722112178074255:400,6597200,300
BruceChen 08:23:57.287 [main] INFO  edu.bjut.boudia.myMain - meter_8646841595787503345:regMsg,reg_backagg,reg_cc
BruceChen 08:23:57.287 [main] INFO  edu.bjut.boudia.myMain - meter_8646841595787503345:400,6832600,400
BruceChen 08:23:57.287 [main] INFO  edu.bjut.boudia.myMain - meter_3646227701842372295:regMsg,reg_backagg,reg_cc
BruceChen 08:23:57.287 [main] INFO  edu.bjut.boudia.myMain - meter_3646227701842372295:400,6651200,400
BruceChen 08:23:57.287 [main] INFO  edu.bjut.boudia.myMain - meter_5808278416276286041:regMsg,reg_backagg,reg_cc
BruceChen 08:23:57.287 [main] INFO  edu.bjut.boudia.myMain - meter_5808278416276286041:300,6640300,400
BruceChen 08:23:57.287 [main] INFO  edu.bjut.boudia.myMain - meter_3821129559673254319:regMsg,reg_backagg,reg_cc
BruceChen 08:23:57.287 [main] INFO  edu.bjut.boudia.myMain - meter_3821129559673254319:200,6701600,400
BruceChen 08:23:57.287 [main] INFO  edu.bjut.boudia.myMain - meter_3822787110410950657:regMsg,reg_backagg,reg_cc
BruceChen 08:23:57.287 [main] INFO  edu.bjut.boudia.myMain - meter_3822787110410950657:200,6732000,400
BruceChen 08:23:57.287 [main] INFO  edu.bjut.boudia.myMain - meter_6756914685553284049:regMsg,reg_backagg,reg_cc
BruceChen 08:23:57.287 [main] INFO  edu.bjut.boudia.myMain - meter_6756914685553284049:300,6631300,400
BruceChen 08:23:57.287 [main] INFO  edu.bjut.boudia.myMain - meter_4673144853927200911:regMsg,reg_backagg,reg_cc
BruceChen 08:23:57.287 [main] INFO  edu.bjut.boudia.myMain - meter_4673144853927200911:300,6405700,300
BruceChen 08:23:57.287 [main] INFO  edu.bjut.boudia.myMain - meter_5250472933687942217:regMsg,reg_backagg,reg_cc
BruceChen 08:23:57.287 [main] INFO  edu.bjut.boudia.myMain - meter_5250472933687942217:200,6562300,300
BruceChen 08:23:57.287 [main] INFO  edu.bjut.boudia.myMain - meter_3516880453737341051:regMsg,reg_backagg,reg_cc
BruceChen 08:23:57.287 [main] INFO  edu.bjut.boudia.myMain - meter_3516880453737341051:300,6607800,400
BruceChen 08:23:57.287 [main] INFO  edu.bjut.boudia.myMain - meter_5812253894239365637:regMsg,reg_backagg,reg_cc
BruceChen 08:23:57.287 [main] INFO  edu.bjut.boudia.myMain - meter_5812253894239365637:200,6553900,300
BruceChen 08:23:57.287 [main] INFO  edu.bjut.boudia.myMain - meter_6439435218773063097:regMsg,reg_backagg,reg_cc
BruceChen 08:23:57.287 [main] INFO  edu.bjut.boudia.myMain - meter_6439435218773063097:300,6410700,400
BruceChen 08:23:57.287 [main] INFO  edu.bjut.boudia.myMain - meter_1289320479937002669:regMsg,reg_backagg,reg_cc
BruceChen 08:23:57.287 [main] INFO  edu.bjut.boudia.myMain - meter_1289320479937002669:300,6446700,400
BruceChen 08:23:57.287 [main] INFO  edu.bjut.boudia.myMain - meter_1048808248307461663:regMsg,reg_backagg,reg_cc
BruceChen 08:23:57.287 [main] INFO  edu.bjut.boudia.myMain - meter_1048808248307461663:300,6346900,300
BruceChen 08:23:57.287 [main] INFO  edu.bjut.boudia.myMain - meter_4678198316700586735:regMsg,reg_backagg,reg_cc
BruceChen 08:23:57.287 [main] INFO  edu.bjut.boudia.myMain - meter_4678198316700586735:200,6407600,300
BruceChen 08:23:57.287 [main] INFO  edu.bjut.boudia.myMain - meter_3103731476235053009:regMsg,reg_backagg,reg_cc
BruceChen 08:23:57.287 [main] INFO  edu.bjut.boudia.myMain - meter_3103731476235053009:400,6457800,400
BruceChen 08:23:57.287 [main] INFO  edu.bjut.boudia.myMain - meter_8261675809107792949:regMsg,reg_backagg,reg_cc
BruceChen 08:23:57.287 [main] INFO  edu.bjut.boudia.myMain - meter_8261675809107792949:300,6662800,400
BruceChen 08:23:57.287 [main] INFO  edu.bjut.boudia.myMain - meter_1322878979933857071:regMsg,reg_backagg,reg_cc
BruceChen 08:23:57.287 [main] INFO  edu.bjut.boudia.myMain - meter_1322878979933857071:300,6658400,300
BruceChen 08:23:57.287 [main] INFO  edu.bjut.boudia.myMain - meter_5180886890606935241:regMsg,reg_backagg,reg_cc
BruceChen 08:23:57.287 [main] INFO  edu.bjut.boudia.myMain - meter_5180886890606935241:300,6642000,300
BruceChen 08:23:57.287 [main] INFO  edu.bjut.boudia.myMain - meter_2912614714263925997:regMsg,reg_backagg,reg_cc
BruceChen 08:23:57.287 [main] INFO  edu.bjut.boudia.myMain - meter_2912614714263925997:300,6649500,200
BruceChen 08:23:57.287 [main] INFO  edu.bjut.boudia.myMain - meter_2133060787621608199:regMsg,reg_backagg,reg_cc
BruceChen 08:23:57.287 [main] INFO  edu.bjut.boudia.myMain - meter_2133060787621608199:300,6620500,400
BruceChen 08:23:57.287 [main] INFO  edu.bjut.boudia.myMain - meter_8819326849638151249:regMsg,reg_backagg,reg_cc
BruceChen 08:23:57.287 [main] INFO  edu.bjut.boudia.myMain - meter_8819326849638151249:400,6723100,400
BruceChen 08:23:57.287 [main] INFO  edu.bjut.boudia.myMain - meter_2325905739497640759:regMsg,reg_backagg,reg_cc
BruceChen 08:23:57.287 [main] INFO  edu.bjut.boudia.myMain - meter_2325905739497640759:400,6669900,300
BruceChen 08:23:57.287 [main] INFO  edu.bjut.boudia.myMain - meter_6874145211235266549:regMsg,reg_backagg,reg_cc
BruceChen 08:23:57.287 [main] INFO  edu.bjut.boudia.myMain - meter_6874145211235266549:300,6628300,300
BruceChen 08:23:57.287 [main] INFO  edu.bjut.boudia.myMain - meter_8224442830618560753:regMsg,reg_backagg,reg_cc
BruceChen 08:23:57.287 [main] INFO  edu.bjut.boudia.myMain - meter_8224442830618560753:300,6743000,300
BruceChen 08:23:57.287 [main] INFO  edu.bjut.boudia.myMain - meter_5639807023926852451:regMsg,reg_backagg,reg_cc
BruceChen 08:23:57.287 [main] INFO  edu.bjut.boudia.myMain - meter_5639807023926852451:300,6576200,400
BruceChen 08:23:57.287 [main] INFO  edu.bjut.boudia.myMain - meter_3024238208756296961:regMsg,reg_backagg,reg_cc
BruceChen 08:23:57.287 [main] INFO  edu.bjut.boudia.myMain - meter_3024238208756296961:400,6620000,300
BruceChen 08:23:57.287 [main] INFO  edu.bjut.boudia.myMain - meter_5410871111289204313:regMsg,reg_backagg,reg_cc
BruceChen 08:23:57.287 [main] INFO  edu.bjut.boudia.myMain - meter_5410871111289204313:300,6590400,400
BruceChen 08:23:58.094 [main] INFO  edu.bjut.boudia.myMain - oneTimeMeterRepTime
BruceChen 08:24:00.174 [main] INFO  edu.bjut.boudia.myMain - server:repMsg
BruceChen 08:24:00.174 [main] INFO  edu.bjut.boudia.myMain - server:31690500
BruceChen 08:24:00.174 [main] INFO  edu.bjut.boudia.myMain - agg:repMsg
BruceChen 08:24:00.174 [main] INFO  edu.bjut.boudia.myMain - agg:425201100
BruceChen 08:24:00.174 [main] INFO  edu.bjut.boudia.myMain - meter_2625196631724240519:repMsg
BruceChen 08:24:00.174 [main] INFO  edu.bjut.boudia.myMain - meter_2625196631724240519:36372600
BruceChen 08:24:00.174 [main] INFO  edu.bjut.boudia.myMain - meter_5273274368604456293:repMsg
BruceChen 08:24:00.174 [main] INFO  edu.bjut.boudia.myMain - meter_5273274368604456293:26723400
BruceChen 08:24:00.174 [main] INFO  edu.bjut.boudia.myMain - meter_1336730431175626243:repMsg
BruceChen 08:24:00.174 [main] INFO  edu.bjut.boudia.myMain - meter_1336730431175626243:26450300
BruceChen 08:24:00.174 [main] INFO  edu.bjut.boudia.myMain - meter_3342848684990406843:repMsg
BruceChen 08:24:00.174 [main] INFO  edu.bjut.boudia.myMain - meter_3342848684990406843:26883500
BruceChen 08:24:00.174 [main] INFO  edu.bjut.boudia.myMain - meter_1989625495721523763:repMsg
BruceChen 08:24:00.174 [main] INFO  edu.bjut.boudia.myMain - meter_1989625495721523763:26790900
BruceChen 08:24:00.174 [main] INFO  edu.bjut.boudia.myMain - meter_743102988491696109:repMsg
BruceChen 08:24:00.174 [main] INFO  edu.bjut.boudia.myMain - meter_743102988491696109:26810400
BruceChen 08:24:00.174 [main] INFO  edu.bjut.boudia.myMain - meter_5152391819110847387:repMsg
BruceChen 08:24:00.174 [main] INFO  edu.bjut.boudia.myMain - meter_5152391819110847387:27045400
BruceChen 08:24:00.174 [main] INFO  edu.bjut.boudia.myMain - meter_6016953627311377157:repMsg
BruceChen 08:24:00.174 [main] INFO  edu.bjut.boudia.myMain - meter_6016953627311377157:26823400
BruceChen 08:24:00.174 [main] INFO  edu.bjut.boudia.myMain - meter_5018722531981808619:repMsg
BruceChen 08:24:00.174 [main] INFO  edu.bjut.boudia.myMain - meter_5018722531981808619:26589000
BruceChen 08:24:00.174 [main] INFO  edu.bjut.boudia.myMain - meter_5172389971908688279:repMsg
BruceChen 08:24:00.174 [main] INFO  edu.bjut.boudia.myMain - meter_5172389971908688279:26530600
BruceChen 08:24:00.174 [main] INFO  edu.bjut.boudia.myMain - meter_2066379503827827139:repMsg
BruceChen 08:24:00.174 [main] INFO  edu.bjut.boudia.myMain - meter_2066379503827827139:29540700
BruceChen 08:24:00.174 [main] INFO  edu.bjut.boudia.myMain - meter_8619299369433950091:repMsg
BruceChen 08:24:00.174 [main] INFO  edu.bjut.boudia.myMain - meter_8619299369433950091:26488000
BruceChen 08:24:00.174 [main] INFO  edu.bjut.boudia.myMain - meter_497960401991142883:repMsg
BruceChen 08:24:00.174 [main] INFO  edu.bjut.boudia.myMain - meter_497960401991142883:26767800
BruceChen 08:24:00.174 [main] INFO  edu.bjut.boudia.myMain - meter_7955407018263733999:repMsg
BruceChen 08:24:00.174 [main] INFO  edu.bjut.boudia.myMain - meter_7955407018263733999:26584800
BruceChen 08:24:00.174 [main] INFO  edu.bjut.boudia.myMain - meter_2602395710376527293:repMsg
BruceChen 08:24:00.174 [main] INFO  edu.bjut.boudia.myMain - meter_2602395710376527293:26694900
BruceChen 08:24:00.174 [main] INFO  edu.bjut.boudia.myMain - meter_1723929662297970231:repMsg
BruceChen 08:24:00.174 [main] INFO  edu.bjut.boudia.myMain - meter_1723929662297970231:26655500
BruceChen 08:24:00.174 [main] INFO  edu.bjut.boudia.myMain - meter_3606329640782851335:repMsg
BruceChen 08:24:00.174 [main] INFO  edu.bjut.boudia.myMain - meter_3606329640782851335:26772600
BruceChen 08:24:00.174 [main] INFO  edu.bjut.boudia.myMain - meter_4830233563773969471:repMsg
BruceChen 08:24:00.174 [main] INFO  edu.bjut.boudia.myMain - meter_4830233563773969471:26610200
BruceChen 08:24:00.174 [main] INFO  edu.bjut.boudia.myMain - meter_160089772733209629:repMsg
BruceChen 08:24:00.174 [main] INFO  edu.bjut.boudia.myMain - meter_160089772733209629:26979100
BruceChen 08:24:00.174 [main] INFO  edu.bjut.boudia.myMain - meter_2573674485183485719:repMsg
BruceChen 08:24:00.174 [main] INFO  edu.bjut.boudia.myMain - meter_2573674485183485719:26745700
BruceChen 08:24:00.174 [main] INFO  edu.bjut.boudia.myMain - meter_5569608458287278623:repMsg
BruceChen 08:24:00.174 [main] INFO  edu.bjut.boudia.myMain - meter_5569608458287278623:26851900
BruceChen 08:24:00.174 [main] INFO  edu.bjut.boudia.myMain - meter_783588607124381171:repMsg
BruceChen 08:24:00.174 [main] INFO  edu.bjut.boudia.myMain - meter_783588607124381171:26482300
BruceChen 08:24:00.174 [main] INFO  edu.bjut.boudia.myMain - meter_3082027998190666215:repMsg
BruceChen 08:24:00.174 [main] INFO  edu.bjut.boudia.myMain - meter_3082027998190666215:26417400
BruceChen 08:24:00.174 [main] INFO  edu.bjut.boudia.myMain - meter_3657962047198794379:repMsg
BruceChen 08:24:00.174 [main] INFO  edu.bjut.boudia.myMain - meter_3657962047198794379:26944600
BruceChen 08:24:00.174 [main] INFO  edu.bjut.boudia.myMain - meter_1375281431478384283:repMsg
BruceChen 08:24:00.174 [main] INFO  edu.bjut.boudia.myMain - meter_1375281431478384283:26740800
BruceChen 08:24:00.174 [main] INFO  edu.bjut.boudia.myMain - meter_8798643127947799057:repMsg
BruceChen 08:24:00.174 [main] INFO  edu.bjut.boudia.myMain - meter_8798643127947799057:26601300
BruceChen 08:24:00.174 [main] INFO  edu.bjut.boudia.myMain - meter_6772850941588459729:repMsg
BruceChen 08:24:00.174 [main] INFO  edu.bjut.boudia.myMain - meter_6772850941588459729:26683200
BruceChen 08:24:00.174 [main] INFO  edu.bjut.boudia.myMain - meter_8685296044461584983:repMsg
BruceChen 08:24:00.174 [main] INFO  edu.bjut.boudia.myMain - meter_8685296044461584983:26800400
BruceChen 08:24:00.174 [main] INFO  edu.bjut.boudia.myMain - meter_4433870895449760919:repMsg
BruceChen 08:24:00.174 [main] INFO  edu.bjut.boudia.myMain - meter_4433870895449760919:26579200
BruceChen 08:24:00.174 [main] INFO  edu.bjut.boudia.myMain - meter_2325662439912910181:repMsg
BruceChen 08:24:00.174 [main] INFO  edu.bjut.boudia.myMain - meter_2325662439912910181:26877200
BruceChen 08:24:00.174 [main] INFO  edu.bjut.boudia.myMain - meter_8491613016282962583:repMsg
BruceChen 08:24:00.174 [main] INFO  edu.bjut.boudia.myMain - meter_8491613016282962583:26536200
BruceChen 08:24:00.174 [main] INFO  edu.bjut.boudia.myMain - meter_5746935821686281091:repMsg
BruceChen 08:24:00.174 [main] INFO  edu.bjut.boudia.myMain - meter_5746935821686281091:27046900
BruceChen 08:24:00.174 [main] INFO  edu.bjut.boudia.myMain - meter_8898722112178074255:repMsg
BruceChen 08:24:00.174 [main] INFO  edu.bjut.boudia.myMain - meter_8898722112178074255:26579100
BruceChen 08:24:00.174 [main] INFO  edu.bjut.boudia.myMain - meter_8646841595787503345:repMsg
BruceChen 08:24:00.174 [main] INFO  edu.bjut.boudia.myMain - meter_8646841595787503345:26679000
BruceChen 08:24:00.174 [main] INFO  edu.bjut.boudia.myMain - meter_3646227701842372295:repMsg
BruceChen 08:24:00.174 [main] INFO  edu.bjut.boudia.myMain - meter_3646227701842372295:26467900
BruceChen 08:24:00.174 [main] INFO  edu.bjut.boudia.myMain - meter_5808278416276286041:repMsg
BruceChen 08:24:00.174 [main] INFO  edu.bjut.boudia.myMain - meter_5808278416276286041:26694800
BruceChen 08:24:00.174 [main] INFO  edu.bjut.boudia.myMain - meter_3821129559673254319:repMsg
BruceChen 08:24:00.174 [main] INFO  edu.bjut.boudia.myMain - meter_3821129559673254319:26366500
BruceChen 08:24:00.174 [main] INFO  edu.bjut.boudia.myMain - meter_3822787110410950657:repMsg
BruceChen 08:24:00.174 [main] INFO  edu.bjut.boudia.myMain - meter_3822787110410950657:29096800
BruceChen 08:24:00.174 [main] INFO  edu.bjut.boudia.myMain - meter_6756914685553284049:repMsg
BruceChen 08:24:00.174 [main] INFO  edu.bjut.boudia.myMain - meter_6756914685553284049:26604800
BruceChen 08:24:00.174 [main] INFO  edu.bjut.boudia.myMain - meter_4673144853927200911:repMsg
BruceChen 08:24:00.174 [main] INFO  edu.bjut.boudia.myMain - meter_4673144853927200911:26794400
BruceChen 08:24:00.174 [main] INFO  edu.bjut.boudia.myMain - meter_5250472933687942217:repMsg
BruceChen 08:24:00.174 [main] INFO  edu.bjut.boudia.myMain - meter_5250472933687942217:26577300
BruceChen 08:24:00.174 [main] INFO  edu.bjut.boudia.myMain - meter_3516880453737341051:repMsg
BruceChen 08:24:00.174 [main] INFO  edu.bjut.boudia.myMain - meter_3516880453737341051:26660700
BruceChen 08:24:00.174 [main] INFO  edu.bjut.boudia.myMain - meter_5812253894239365637:repMsg
BruceChen 08:24:00.174 [main] INFO  edu.bjut.boudia.myMain - meter_5812253894239365637:26563700
BruceChen 08:24:00.174 [main] INFO  edu.bjut.boudia.myMain - meter_6439435218773063097:repMsg
BruceChen 08:24:00.174 [main] INFO  edu.bjut.boudia.myMain - meter_6439435218773063097:26875000
BruceChen 08:24:00.174 [main] INFO  edu.bjut.boudia.myMain - meter_1289320479937002669:repMsg
BruceChen 08:24:00.174 [main] INFO  edu.bjut.boudia.myMain - meter_1289320479937002669:26596600
BruceChen 08:24:00.174 [main] INFO  edu.bjut.boudia.myMain - meter_1048808248307461663:repMsg
BruceChen 08:24:00.174 [main] INFO  edu.bjut.boudia.myMain - meter_1048808248307461663:26637300
BruceChen 08:24:00.174 [main] INFO  edu.bjut.boudia.myMain - meter_4678198316700586735:repMsg
BruceChen 08:24:00.174 [main] INFO  edu.bjut.boudia.myMain - meter_4678198316700586735:26571400
BruceChen 08:24:00.174 [main] INFO  edu.bjut.boudia.myMain - meter_3103731476235053009:repMsg
BruceChen 08:24:00.174 [main] INFO  edu.bjut.boudia.myMain - meter_3103731476235053009:26826900
BruceChen 08:24:00.174 [main] INFO  edu.bjut.boudia.myMain - meter_8261675809107792949:repMsg
BruceChen 08:24:00.174 [main] INFO  edu.bjut.boudia.myMain - meter_8261675809107792949:26777000
BruceChen 08:24:00.174 [main] INFO  edu.bjut.boudia.myMain - meter_1322878979933857071:repMsg
BruceChen 08:24:00.174 [main] INFO  edu.bjut.boudia.myMain - meter_1322878979933857071:26569100
BruceChen 08:24:00.174 [main] INFO  edu.bjut.boudia.myMain - meter_5180886890606935241:repMsg
BruceChen 08:24:00.174 [main] INFO  edu.bjut.boudia.myMain - meter_5180886890606935241:26808700
BruceChen 08:24:00.174 [main] INFO  edu.bjut.boudia.myMain - meter_2912614714263925997:repMsg
BruceChen 08:24:00.174 [main] INFO  edu.bjut.boudia.myMain - meter_2912614714263925997:31640400
BruceChen 08:24:00.174 [main] INFO  edu.bjut.boudia.myMain - meter_2133060787621608199:repMsg
BruceChen 08:24:00.174 [main] INFO  edu.bjut.boudia.myMain - meter_2133060787621608199:26582600
BruceChen 08:24:00.174 [main] INFO  edu.bjut.boudia.myMain - meter_8819326849638151249:repMsg
BruceChen 08:24:00.174 [main] INFO  edu.bjut.boudia.myMain - meter_8819326849638151249:26735800
BruceChen 08:24:00.174 [main] INFO  edu.bjut.boudia.myMain - meter_2325905739497640759:repMsg
BruceChen 08:24:00.174 [main] INFO  edu.bjut.boudia.myMain - meter_2325905739497640759:26629800
BruceChen 08:24:00.174 [main] INFO  edu.bjut.boudia.myMain - meter_6874145211235266549:repMsg
BruceChen 08:24:00.174 [main] INFO  edu.bjut.boudia.myMain - meter_6874145211235266549:26582800
BruceChen 08:24:00.174 [main] INFO  edu.bjut.boudia.myMain - meter_8224442830618560753:repMsg
BruceChen 08:24:00.174 [main] INFO  edu.bjut.boudia.myMain - meter_8224442830618560753:26783300
BruceChen 08:24:00.174 [main] INFO  edu.bjut.boudia.myMain - meter_5639807023926852451:repMsg
BruceChen 08:24:00.174 [main] INFO  edu.bjut.boudia.myMain - meter_5639807023926852451:26739900
BruceChen 08:24:00.174 [main] INFO  edu.bjut.boudia.myMain - meter_3024238208756296961:repMsg
BruceChen 08:24:00.174 [main] INFO  edu.bjut.boudia.myMain - meter_3024238208756296961:26783000
BruceChen 08:24:00.174 [main] INFO  edu.bjut.boudia.myMain - meter_5410871111289204313:repMsg
BruceChen 08:24:00.174 [main] INFO  edu.bjut.boudia.myMain - meter_5410871111289204313:26676500
BruceChen 08:24:03.819 [main] INFO  edu.bjut.boudia.myMain - oneTimeMeterRegTime
BruceChen 08:24:04.479 [main] INFO  edu.bjut.boudia.myMain - server:pubkey
BruceChen 08:24:04.479 [main] INFO  edu.bjut.boudia.myMain - server:900
BruceChen 08:24:04.479 [main] INFO  edu.bjut.boudia.myMain - agg:regMsg,regMsg,regMsg,regMsg,regMsg,regMsg,regMsg,regMsg,regMsg,regMsg,regMsg,regMsg,regMsg,regMsg,regMsg,regMsg,regMsg,regMsg,regMsg,regMsg,regMsg,regMsg,regMsg,regMsg,regMsg,regMsg,regMsg,regMsg,regMsg,regMsg,regMsg,regMsg,regMsg,regMsg,regMsg,regMsg,regMsg,regMsg,regMsg,regMsg,regMsg,regMsg,regMsg,regMsg,regMsg,regMsg,regMsg,regMsg,regMsg,regMsg
BruceChen 08:24:04.479 [main] INFO  edu.bjut.boudia.myMain - agg:6710000,6715800,6678900,6681700,6538600,6534700,6498300,6502700,6500600,6499800,6479700,6871500,6718100,6692700,6676100,6655700,6468200,6508000,6514500,6511300,6492100,6489700,6490100,6483500,6513400,6466900,6511700,6516800,6493900,6488500,6488900,9300800,6697200,6691800,6612600,6489400,6525100,6495300,6504800,6486500,6497800,6614300,6713400,6688800,6695600,6701200,6478200,6492100,6499500,6494600
BruceChen 08:24:04.479 [main] INFO  edu.bjut.boudia.myMain - meter_4955352532063887359:regMsg,reg_backagg,reg_cc
BruceChen 08:24:04.479 [main] INFO  edu.bjut.boudia.myMain - meter_4955352532063887359:600,6707200,600
BruceChen 08:24:04.479 [main] INFO  edu.bjut.boudia.myMain - meter_4772346099166019879:regMsg,reg_backagg,reg_cc
BruceChen 08:24:04.479 [main] INFO  edu.bjut.boudia.myMain - meter_4772346099166019879:400,6571200,300
BruceChen 08:24:04.479 [main] INFO  edu.bjut.boudia.myMain - meter_5113028100132224665:regMsg,reg_backagg,reg_cc
BruceChen 08:24:04.479 [main] INFO  edu.bjut.boudia.myMain - meter_5113028100132224665:500,6648500,400
BruceChen 08:24:04.479 [main] INFO  edu.bjut.boudia.myMain - meter_4575145067834927973:regMsg,reg_backagg,reg_cc
BruceChen 08:24:04.479 [main] INFO  edu.bjut.boudia.myMain - meter_4575145067834927973:600,6536600,500
BruceChen 08:24:04.479 [main] INFO  edu.bjut.boudia.myMain - meter_9079522741657971271:regMsg,reg_backagg,reg_cc
BruceChen 08:24:04.479 [main] INFO  edu.bjut.boudia.myMain - meter_9079522741657971271:400,6457400,200
BruceChen 08:24:04.479 [main] INFO  edu.bjut.boudia.myMain - meter_5288210964504021507:regMsg,reg_backagg,reg_cc
BruceChen 08:24:04.479 [main] INFO  edu.bjut.boudia.myMain - meter_5288210964504021507:300,6444300,400
BruceChen 08:24:04.479 [main] INFO  edu.bjut.boudia.myMain - meter_3344757260863075507:regMsg,reg_backagg,reg_cc
BruceChen 08:24:04.479 [main] INFO  edu.bjut.boudia.myMain - meter_3344757260863075507:3400,6440700,400
BruceChen 08:24:04.479 [main] INFO  edu.bjut.boudia.myMain - meter_7240838252708117897:regMsg,reg_backagg,reg_cc
BruceChen 08:24:04.479 [main] INFO  edu.bjut.boudia.myMain - meter_7240838252708117897:400,6420900,6000
BruceChen 08:24:04.479 [main] INFO  edu.bjut.boudia.myMain - meter_886265749755886327:regMsg,reg_backagg,reg_cc
BruceChen 08:24:04.479 [main] INFO  edu.bjut.boudia.myMain - meter_886265749755886327:600,6418300,900
BruceChen 08:24:04.479 [main] INFO  edu.bjut.boudia.myMain - meter_4856506653951229383:regMsg,reg_backagg,reg_cc
BruceChen 08:24:04.479 [main] INFO  edu.bjut.boudia.myMain - meter_4856506653951229383:400,6473900,200
BruceChen 08:24:04.479 [main] INFO  edu.bjut.boudia.myMain - meter_6363865434292554665:regMsg,reg_backagg,reg_cc
BruceChen 08:24:04.479 [main] INFO  edu.bjut.boudia.myMain - meter_6363865434292554665:300,6454900,100
BruceChen 08:24:04.479 [main] INFO  edu.bjut.boudia.myMain - meter_2752798254054497475:regMsg,reg_backagg,reg_cc
BruceChen 08:24:04.479 [main] INFO  edu.bjut.boudia.myMain - meter_2752798254054497475:200,6588200,500
BruceChen 08:24:04.479 [main] INFO  edu.bjut.boudia.myMain - meter_4299474879768984723:regMsg,reg_backagg,reg_cc
BruceChen 08:24:04.479 [main] INFO  edu.bjut.boudia.myMain - meter_4299474879768984723:1000,6705500,200
BruceChen 08:24:04.479 [main] INFO  edu.bjut.boudia.myMain - meter_4325396223349753911:regMsg,reg_backagg,reg_cc
BruceChen 08:24:04.479 [main] INFO  edu.bjut.boudia.myMain - meter_4325396223349753911:600,6522000,300
BruceChen 08:24:04.479 [main] INFO  edu.bjut.boudia.myMain - meter_5820663424395556725:regMsg,reg_backagg,reg_cc
BruceChen 08:24:04.479 [main] INFO  edu.bjut.boudia.myMain - meter_5820663424395556725:300,6605600,400
BruceChen 08:24:04.479 [main] INFO  edu.bjut.boudia.myMain - meter_4027958845720544003:regMsg,reg_backagg,reg_cc
BruceChen 08:24:04.479 [main] INFO  edu.bjut.boudia.myMain - meter_4027958845720544003:200,6566800,500
BruceChen 08:24:04.479 [main] INFO  edu.bjut.boudia.myMain - meter_6362268497331172767:regMsg,reg_backagg,reg_cc
BruceChen 08:24:04.479 [main] INFO  edu.bjut.boudia.myMain - meter_6362268497331172767:600,6425400,300
BruceChen 08:24:04.479 [main] INFO  edu.bjut.boudia.myMain - meter_7370899482781792979:regMsg,reg_backagg,reg_cc
BruceChen 08:24:04.479 [main] INFO  edu.bjut.boudia.myMain - meter_7370899482781792979:300,6459900,400
BruceChen 08:24:04.479 [main] INFO  edu.bjut.boudia.myMain - meter_5937605165731282755:regMsg,reg_backagg,reg_cc
BruceChen 08:24:04.479 [main] INFO  edu.bjut.boudia.myMain - meter_5937605165731282755:700,6363300,400
BruceChen 08:24:04.479 [main] INFO  edu.bjut.boudia.myMain - meter_7883018868864290329:regMsg,reg_backagg,reg_cc
BruceChen 08:24:04.479 [main] INFO  edu.bjut.boudia.myMain - meter_7883018868864290329:700,6346700,500
BruceChen 08:24:04.479 [main] INFO  edu.bjut.boudia.myMain - meter_5021207002995810189:regMsg,reg_backagg,reg_cc
BruceChen 08:24:04.479 [main] INFO  edu.bjut.boudia.myMain - meter_5021207002995810189:700,6448700,400
BruceChen 08:24:04.479 [main] INFO  edu.bjut.boudia.myMain - meter_8202782526267431591:regMsg,reg_backagg,reg_cc
BruceChen 08:24:04.479 [main] INFO  edu.bjut.boudia.myMain - meter_8202782526267431591:300,6396500,400
BruceChen 08:24:04.479 [main] INFO  edu.bjut.boudia.myMain - meter_4509040145825839285:regMsg,reg_backagg,reg_cc
BruceChen 08:24:04.479 [main] INFO  edu.bjut.boudia.myMain - meter_4509040145825839285:400,6273000,200
BruceChen 08:24:04.479 [main] INFO  edu.bjut.boudia.myMain - meter_618037815278343953:regMsg,reg_backagg,reg_cc
BruceChen 08:24:04.479 [main] INFO  edu.bjut.boudia.myMain - meter_618037815278343953:300,6494500,200
BruceChen 08:24:04.479 [main] INFO  edu.bjut.boudia.myMain - meter_4505831115727144189:regMsg,reg_backagg,reg_cc
BruceChen 08:24:04.479 [main] INFO  edu.bjut.boudia.myMain - meter_4505831115727144189:300,6363800,200
BruceChen 08:24:04.479 [main] INFO  edu.bjut.boudia.myMain - meter_7259576146466752075:regMsg,reg_backagg,reg_cc
BruceChen 08:24:04.479 [main] INFO  edu.bjut.boudia.myMain - meter_7259576146466752075:200,6546700,200
BruceChen 08:24:04.479 [main] INFO  edu.bjut.boudia.myMain - meter_2126045313304728665:regMsg,reg_backagg,reg_cc
BruceChen 08:24:04.479 [main] INFO  edu.bjut.boudia.myMain - meter_2126045313304728665:400,7465700,400
BruceChen 08:24:04.479 [main] INFO  edu.bjut.boudia.myMain - meter_3173336302554360359:regMsg,reg_backagg,reg_cc
BruceChen 08:24:04.479 [main] INFO  edu.bjut.boudia.myMain - meter_3173336302554360359:800,6290000,200
BruceChen 08:24:04.479 [main] INFO  edu.bjut.boudia.myMain - meter_1116789746732755747:regMsg,reg_backagg,reg_cc
BruceChen 08:24:04.479 [main] INFO  edu.bjut.boudia.myMain - meter_1116789746732755747:400,6403700,200
BruceChen 08:24:04.479 [main] INFO  edu.bjut.boudia.myMain - meter_1520814995180870651:regMsg,reg_backagg,reg_cc
BruceChen 08:24:04.479 [main] INFO  edu.bjut.boudia.myMain - meter_1520814995180870651:400,6473700,200
BruceChen 08:24:04.479 [main] INFO  edu.bjut.boudia.myMain - meter_4553100740295501249:regMsg,reg_backagg,reg_cc
BruceChen 08:24:04.479 [main] INFO  edu.bjut.boudia.myMain - meter_4553100740295501249:300,6388600,100
BruceChen 08:24:04.479 [main] INFO  edu.bjut.boudia.myMain - meter_6221913824893885267:regMsg,reg_backagg,reg_cc
BruceChen 08:24:04.479 [main] INFO  edu.bjut.boudia.myMain - meter_6221913824893885267:300,6648400,400
BruceChen 08:24:04.479 [main] INFO  edu.bjut.boudia.myMain - meter_191335947063361163:regMsg,reg_backagg,reg_cc
BruceChen 08:24:04.479 [main] INFO  edu.bjut.boudia.myMain - meter_191335947063361163:1000,6624100,200
BruceChen 08:24:04.479 [main] INFO  edu.bjut.boudia.myMain - meter_3569621858432220879:regMsg,reg_backagg,reg_cc
BruceChen 08:24:04.479 [main] INFO  edu.bjut.boudia.myMain - meter_3569621858432220879:400,6707400,300
BruceChen 08:24:04.479 [main] INFO  edu.bjut.boudia.myMain - meter_7370299866403339019:regMsg,reg_backagg,reg_cc
BruceChen 08:24:04.479 [main] INFO  edu.bjut.boudia.myMain - meter_7370299866403339019:300,6466700,300
BruceChen 08:24:04.479 [main] INFO  edu.bjut.boudia.myMain - meter_7515477846104671875:regMsg,reg_backagg,reg_cc
BruceChen 08:24:04.479 [main] INFO  edu.bjut.boudia.myMain - meter_7515477846104671875:400,6460700,200
BruceChen 08:24:04.479 [main] INFO  edu.bjut.boudia.myMain - meter_4737839622967976327:regMsg,reg_backagg,reg_cc
BruceChen 08:24:04.479 [main] INFO  edu.bjut.boudia.myMain - meter_4737839622967976327:300,6342400,200
BruceChen 08:24:04.479 [main] INFO  edu.bjut.boudia.myMain - meter_1776721477451382331:regMsg,reg_backagg,reg_cc
BruceChen 08:24:04.479 [main] INFO  edu.bjut.boudia.myMain - meter_1776721477451382331:300,6464100,100
BruceChen 08:24:04.479 [main] INFO  edu.bjut.boudia.myMain - meter_6867286692091684977:regMsg,reg_backagg,reg_cc
BruceChen 08:24:04.479 [main] INFO  edu.bjut.boudia.myMain - meter_6867286692091684977:300,6450500,200
BruceChen 08:24:04.479 [main] INFO  edu.bjut.boudia.myMain - meter_6249693427829270243:regMsg,reg_backagg,reg_cc
BruceChen 08:24:04.479 [main] INFO  edu.bjut.boudia.myMain - meter_6249693427829270243:300,6361900,100
BruceChen 08:24:04.479 [main] INFO  edu.bjut.boudia.myMain - meter_8582628348058888327:regMsg,reg_backagg,reg_cc
BruceChen 08:24:04.479 [main] INFO  edu.bjut.boudia.myMain - meter_8582628348058888327:300,6396000,200
BruceChen 08:24:04.479 [main] INFO  edu.bjut.boudia.myMain - meter_154254114106448365:regMsg,reg_backagg,reg_cc
BruceChen 08:24:04.479 [main] INFO  edu.bjut.boudia.myMain - meter_154254114106448365:200,6612600,300
BruceChen 08:24:04.479 [main] INFO  edu.bjut.boudia.myMain - meter_5987388024179980127:regMsg,reg_backagg,reg_cc
BruceChen 08:24:04.479 [main] INFO  edu.bjut.boudia.myMain - meter_5987388024179980127:800,6528200,300
BruceChen 08:24:04.479 [main] INFO  edu.bjut.boudia.myMain - meter_5688109740470818533:regMsg,reg_backagg,reg_cc
BruceChen 08:24:04.479 [main] INFO  edu.bjut.boudia.myMain - meter_5688109740470818533:700,6544600,200
BruceChen 08:24:04.479 [main] INFO  edu.bjut.boudia.myMain - meter_2132632467052591605:regMsg,reg_backagg,reg_cc
BruceChen 08:24:04.479 [main] INFO  edu.bjut.boudia.myMain - meter_2132632467052591605:400,6512700,300
BruceChen 08:24:04.479 [main] INFO  edu.bjut.boudia.myMain - meter_1191563609730068695:regMsg,reg_backagg,reg_cc
BruceChen 08:24:04.479 [main] INFO  edu.bjut.boudia.myMain - meter_1191563609730068695:300,6529000,100
BruceChen 08:24:04.479 [main] INFO  edu.bjut.boudia.myMain - meter_6086493338237705641:regMsg,reg_backagg,reg_cc
BruceChen 08:24:04.479 [main] INFO  edu.bjut.boudia.myMain - meter_6086493338237705641:200,6426000,200
BruceChen 08:24:04.479 [main] INFO  edu.bjut.boudia.myMain - meter_1643454274471494777:regMsg,reg_backagg,reg_cc
BruceChen 08:24:04.479 [main] INFO  edu.bjut.boudia.myMain - meter_1643454274471494777:200,6449700,400
BruceChen 08:24:04.479 [main] INFO  edu.bjut.boudia.myMain - meter_600868752735932323:regMsg,reg_backagg,reg_cc
BruceChen 08:24:04.479 [main] INFO  edu.bjut.boudia.myMain - meter_600868752735932323:700,6437100,100
BruceChen 08:24:04.479 [main] INFO  edu.bjut.boudia.myMain - meter_14287269913682597:regMsg,reg_backagg,reg_cc
BruceChen 08:24:04.479 [main] INFO  edu.bjut.boudia.myMain - meter_14287269913682597:300,6399000,200
BruceChen 08:24:05.137 [main] INFO  edu.bjut.boudia.myMain - oneTimeMeterRepTime
BruceChen 08:24:06.827 [main] INFO  edu.bjut.boudia.myMain - server:repMsg
BruceChen 08:24:06.827 [main] INFO  edu.bjut.boudia.myMain - server:32310400
BruceChen 08:24:06.827 [main] INFO  edu.bjut.boudia.myMain - agg:repMsg
BruceChen 08:24:06.827 [main] INFO  edu.bjut.boudia.myMain - agg:351517700
BruceChen 08:24:06.827 [main] INFO  edu.bjut.boudia.myMain - meter_4955352532063887359:repMsg
BruceChen 08:24:06.827 [main] INFO  edu.bjut.boudia.myMain - meter_4955352532063887359:25977400
BruceChen 08:24:06.827 [main] INFO  edu.bjut.boudia.myMain - meter_4772346099166019879:repMsg
BruceChen 08:24:06.827 [main] INFO  edu.bjut.boudia.myMain - meter_4772346099166019879:26022500
BruceChen 08:24:06.827 [main] INFO  edu.bjut.boudia.myMain - meter_5113028100132224665:repMsg
BruceChen 08:24:06.827 [main] INFO  edu.bjut.boudia.myMain - meter_5113028100132224665:25811200
BruceChen 08:24:06.827 [main] INFO  edu.bjut.boudia.myMain - meter_4575145067834927973:repMsg
BruceChen 08:24:06.827 [main] INFO  edu.bjut.boudia.myMain - meter_4575145067834927973:25808900
BruceChen 08:24:06.827 [main] INFO  edu.bjut.boudia.myMain - meter_9079522741657971271:repMsg
BruceChen 08:24:06.827 [main] INFO  edu.bjut.boudia.myMain - meter_9079522741657971271:25937200
BruceChen 08:24:06.827 [main] INFO  edu.bjut.boudia.myMain - meter_5288210964504021507:repMsg
BruceChen 08:24:06.827 [main] INFO  edu.bjut.boudia.myMain - meter_5288210964504021507:25958800
BruceChen 08:24:06.827 [main] INFO  edu.bjut.boudia.myMain - meter_3344757260863075507:repMsg
BruceChen 08:24:06.827 [main] INFO  edu.bjut.boudia.myMain - meter_3344757260863075507:25719900
BruceChen 08:24:06.827 [main] INFO  edu.bjut.boudia.myMain - meter_7240838252708117897:repMsg
BruceChen 08:24:06.827 [main] INFO  edu.bjut.boudia.myMain - meter_7240838252708117897:25789600
BruceChen 08:24:06.827 [main] INFO  edu.bjut.boudia.myMain - meter_886265749755886327:repMsg
BruceChen 08:24:06.827 [main] INFO  edu.bjut.boudia.myMain - meter_886265749755886327:25932400
BruceChen 08:24:06.827 [main] INFO  edu.bjut.boudia.myMain - meter_4856506653951229383:repMsg
BruceChen 08:24:06.827 [main] INFO  edu.bjut.boudia.myMain - meter_4856506653951229383:25603800
BruceChen 08:24:06.827 [main] INFO  edu.bjut.boudia.myMain - meter_6363865434292554665:repMsg
BruceChen 08:24:06.827 [main] INFO  edu.bjut.boudia.myMain - meter_6363865434292554665:25970900
BruceChen 08:24:06.827 [main] INFO  edu.bjut.boudia.myMain - meter_2752798254054497475:repMsg
BruceChen 08:24:06.827 [main] INFO  edu.bjut.boudia.myMain - meter_2752798254054497475:25888700
BruceChen 08:24:06.827 [main] INFO  edu.bjut.boudia.myMain - meter_4299474879768984723:repMsg
BruceChen 08:24:06.827 [main] INFO  edu.bjut.boudia.myMain - meter_4299474879768984723:25815600
BruceChen 08:24:06.827 [main] INFO  edu.bjut.boudia.myMain - meter_4325396223349753911:repMsg
BruceChen 08:24:06.827 [main] INFO  edu.bjut.boudia.myMain - meter_4325396223349753911:25521700
BruceChen 08:24:06.827 [main] INFO  edu.bjut.boudia.myMain - meter_5820663424395556725:repMsg
BruceChen 08:24:06.827 [main] INFO  edu.bjut.boudia.myMain - meter_5820663424395556725:25797500
BruceChen 08:24:06.827 [main] INFO  edu.bjut.boudia.myMain - meter_4027958845720544003:repMsg
BruceChen 08:24:06.827 [main] INFO  edu.bjut.boudia.myMain - meter_4027958845720544003:25750600
BruceChen 08:24:06.827 [main] INFO  edu.bjut.boudia.myMain - meter_6362268497331172767:repMsg
BruceChen 08:24:06.827 [main] INFO  edu.bjut.boudia.myMain - meter_6362268497331172767:25757900
BruceChen 08:24:06.827 [main] INFO  edu.bjut.boudia.myMain - meter_7370899482781792979:repMsg
BruceChen 08:24:06.827 [main] INFO  edu.bjut.boudia.myMain - meter_7370899482781792979:25471700
BruceChen 08:24:06.827 [main] INFO  edu.bjut.boudia.myMain - meter_5937605165731282755:repMsg
BruceChen 08:24:06.827 [main] INFO  edu.bjut.boudia.myMain - meter_5937605165731282755:25944100
BruceChen 08:24:06.827 [main] INFO  edu.bjut.boudia.myMain - meter_7883018868864290329:repMsg
BruceChen 08:24:06.827 [main] INFO  edu.bjut.boudia.myMain - meter_7883018868864290329:29506900
BruceChen 08:24:06.827 [main] INFO  edu.bjut.boudia.myMain - meter_5021207002995810189:repMsg
BruceChen 08:24:06.827 [main] INFO  edu.bjut.boudia.myMain - meter_5021207002995810189:26878100
BruceChen 08:24:06.827 [main] INFO  edu.bjut.boudia.myMain - meter_8202782526267431591:repMsg
BruceChen 08:24:06.827 [main] INFO  edu.bjut.boudia.myMain - meter_8202782526267431591:26192000
BruceChen 08:24:06.827 [main] INFO  edu.bjut.boudia.myMain - meter_4509040145825839285:repMsg
BruceChen 08:24:06.827 [main] INFO  edu.bjut.boudia.myMain - meter_4509040145825839285:25946300
BruceChen 08:24:06.827 [main] INFO  edu.bjut.boudia.myMain - meter_618037815278343953:repMsg
BruceChen 08:24:06.827 [main] INFO  edu.bjut.boudia.myMain - meter_618037815278343953:25994100
BruceChen 08:24:06.827 [main] INFO  edu.bjut.boudia.myMain - meter_4505831115727144189:repMsg
BruceChen 08:24:06.827 [main] INFO  edu.bjut.boudia.myMain - meter_4505831115727144189:25566700
BruceChen 08:24:06.827 [main] INFO  edu.bjut.boudia.myMain - meter_7259576146466752075:repMsg
BruceChen 08:24:06.827 [main] INFO  edu.bjut.boudia.myMain - meter_7259576146466752075:25916200
BruceChen 08:24:06.827 [main] INFO  edu.bjut.boudia.myMain - meter_2126045313304728665:repMsg
BruceChen 08:24:06.827 [main] INFO  edu.bjut.boudia.myMain - meter_2126045313304728665:25849400
BruceChen 08:24:06.827 [main] INFO  edu.bjut.boudia.myMain - meter_3173336302554360359:repMsg
BruceChen 08:24:06.827 [main] INFO  edu.bjut.boudia.myMain - meter_3173336302554360359:25960700
BruceChen 08:24:06.827 [main] INFO  edu.bjut.boudia.myMain - meter_1116789746732755747:repMsg
BruceChen 08:24:06.827 [main] INFO  edu.bjut.boudia.myMain - meter_1116789746732755747:26110000
BruceChen 08:24:06.827 [main] INFO  edu.bjut.boudia.myMain - meter_1520814995180870651:repMsg
BruceChen 08:24:06.827 [main] INFO  edu.bjut.boudia.myMain - meter_1520814995180870651:25869300
BruceChen 08:24:06.827 [main] INFO  edu.bjut.boudia.myMain - meter_4553100740295501249:repMsg
BruceChen 08:24:06.827 [main] INFO  edu.bjut.boudia.myMain - meter_4553100740295501249:26077600
BruceChen 08:24:06.827 [main] INFO  edu.bjut.boudia.myMain - meter_6221913824893885267:repMsg
BruceChen 08:24:06.827 [main] INFO  edu.bjut.boudia.myMain - meter_6221913824893885267:25794600
BruceChen 08:24:06.827 [main] INFO  edu.bjut.boudia.myMain - meter_191335947063361163:repMsg
BruceChen 08:24:06.827 [main] INFO  edu.bjut.boudia.myMain - meter_191335947063361163:25853000
BruceChen 08:24:06.827 [main] INFO  edu.bjut.boudia.myMain - meter_3569621858432220879:repMsg
BruceChen 08:24:06.827 [main] INFO  edu.bjut.boudia.myMain - meter_3569621858432220879:25785700
BruceChen 08:24:06.827 [main] INFO  edu.bjut.boudia.myMain - meter_7370299866403339019:repMsg
BruceChen 08:24:06.827 [main] INFO  edu.bjut.boudia.myMain - meter_7370299866403339019:25942000
BruceChen 08:24:06.827 [main] INFO  edu.bjut.boudia.myMain - meter_7515477846104671875:repMsg
BruceChen 08:24:06.827 [main] INFO  edu.bjut.boudia.myMain - meter_7515477846104671875:26783500
BruceChen 08:24:06.827 [main] INFO  edu.bjut.boudia.myMain - meter_4737839622967976327:repMsg
BruceChen 08:24:06.827 [main] INFO  edu.bjut.boudia.myMain - meter_4737839622967976327:26595300
BruceChen 08:24:06.827 [main] INFO  edu.bjut.boudia.myMain - meter_1776721477451382331:repMsg
BruceChen 08:24:06.827 [main] INFO  edu.bjut.boudia.myMain - meter_1776721477451382331:26401300
BruceChen 08:24:06.827 [main] INFO  edu.bjut.boudia.myMain - meter_6867286692091684977:repMsg
BruceChen 08:24:06.827 [main] INFO  edu.bjut.boudia.myMain - meter_6867286692091684977:26650100
BruceChen 08:24:06.827 [main] INFO  edu.bjut.boudia.myMain - meter_6249693427829270243:repMsg
BruceChen 08:24:06.827 [main] INFO  edu.bjut.boudia.myMain - meter_6249693427829270243:26489100
BruceChen 08:24:06.827 [main] INFO  edu.bjut.boudia.myMain - meter_8582628348058888327:repMsg
BruceChen 08:24:06.827 [main] INFO  edu.bjut.boudia.myMain - meter_8582628348058888327:26989700
BruceChen 08:24:06.827 [main] INFO  edu.bjut.boudia.myMain - meter_154254114106448365:repMsg
BruceChen 08:24:06.827 [main] INFO  edu.bjut.boudia.myMain - meter_154254114106448365:26661900
BruceChen 08:24:06.827 [main] INFO  edu.bjut.boudia.myMain - meter_5987388024179980127:repMsg
BruceChen 08:24:06.827 [main] INFO  edu.bjut.boudia.myMain - meter_5987388024179980127:26661100
BruceChen 08:24:06.827 [main] INFO  edu.bjut.boudia.myMain - meter_5688109740470818533:repMsg
BruceChen 08:24:06.827 [main] INFO  edu.bjut.boudia.myMain - meter_5688109740470818533:26608900
BruceChen 08:24:06.827 [main] INFO  edu.bjut.boudia.myMain - meter_2132632467052591605:repMsg
BruceChen 08:24:06.827 [main] INFO  edu.bjut.boudia.myMain - meter_2132632467052591605:26797100
BruceChen 08:24:06.827 [main] INFO  edu.bjut.boudia.myMain - meter_1191563609730068695:repMsg
BruceChen 08:24:06.827 [main] INFO  edu.bjut.boudia.myMain - meter_1191563609730068695:26810900
BruceChen 08:24:06.827 [main] INFO  edu.bjut.boudia.myMain - meter_6086493338237705641:repMsg
BruceChen 08:24:06.827 [main] INFO  edu.bjut.boudia.myMain - meter_6086493338237705641:28972600
BruceChen 08:24:06.827 [main] INFO  edu.bjut.boudia.myMain - meter_1643454274471494777:repMsg
BruceChen 08:24:06.827 [main] INFO  edu.bjut.boudia.myMain - meter_1643454274471494777:26491000
BruceChen 08:24:06.827 [main] INFO  edu.bjut.boudia.myMain - meter_600868752735932323:repMsg
BruceChen 08:24:06.827 [main] INFO  edu.bjut.boudia.myMain - meter_600868752735932323:26441900
BruceChen 08:24:06.827 [main] INFO  edu.bjut.boudia.myMain - meter_14287269913682597:repMsg
BruceChen 08:24:06.827 [main] INFO  edu.bjut.boudia.myMain - meter_14287269913682597:26597900
BruceChen 08:24:09.899 [main] INFO  edu.bjut.boudia.myMain - oneTimeMeterRegTime
BruceChen 08:24:10.431 [main] INFO  edu.bjut.boudia.myMain - server:pubkey
BruceChen 08:24:10.431 [main] INFO  edu.bjut.boudia.myMain - server:1000
BruceChen 08:24:10.431 [main] INFO  edu.bjut.boudia.myMain - agg:regMsg,regMsg,regMsg,regMsg,regMsg,regMsg,regMsg,regMsg,regMsg,regMsg,regMsg,regMsg,regMsg,regMsg,regMsg,regMsg,regMsg,regMsg,regMsg,regMsg,regMsg,regMsg,regMsg,regMsg,regMsg,regMsg,regMsg,regMsg,regMsg,regMsg,regMsg,regMsg,regMsg,regMsg,regMsg,regMsg,regMsg,regMsg,regMsg,regMsg
BruceChen 08:24:10.431 [main] INFO  edu.bjut.boudia.myMain - agg:6705000,6686100,6694500,6699100,6711400,6705900,6676000,6686900,6709400,6703600,6689000,6725200,6709600,6673900,6685700,6679200,6667600,6695600,6720700,6650300,6684600,6698400,6689600,6678800,6701800,6693300,6679200,6683800,6702700,6668200,6685400,6682700,6683100,6692300,6675700,6696300,6689500,6682100,6707000,6720700
BruceChen 08:24:10.431 [main] INFO  edu.bjut.boudia.myMain - meter_8715031374851838779:regMsg,reg_backagg,reg_cc
BruceChen 08:24:10.431 [main] INFO  edu.bjut.boudia.myMain - meter_8715031374851838779:700,6709100,700
BruceChen 08:24:10.431 [main] INFO  edu.bjut.boudia.myMain - meter_4355385098094636807:regMsg,reg_backagg,reg_cc
BruceChen 08:24:10.431 [main] INFO  edu.bjut.boudia.myMain - meter_4355385098094636807:1000,6717300,400
BruceChen 08:24:10.431 [main] INFO  edu.bjut.boudia.myMain - meter_6332640856728362641:regMsg,reg_backagg,reg_cc
BruceChen 08:24:10.431 [main] INFO  edu.bjut.boudia.myMain - meter_6332640856728362641:800,6627600,400
BruceChen 08:24:10.431 [main] INFO  edu.bjut.boudia.myMain - meter_2935706978482210067:regMsg,reg_backagg,reg_cc
BruceChen 08:24:10.431 [main] INFO  edu.bjut.boudia.myMain - meter_2935706978482210067:700,6652000,300
BruceChen 08:24:10.431 [main] INFO  edu.bjut.boudia.myMain - meter_2321739232947466865:regMsg,reg_backagg,reg_cc
BruceChen 08:24:10.431 [main] INFO  edu.bjut.boudia.myMain - meter_2321739232947466865:400,6544400,300
BruceChen 08:24:10.431 [main] INFO  edu.bjut.boudia.myMain - meter_7511624601102914611:regMsg,reg_backagg,reg_cc
BruceChen 08:24:10.431 [main] INFO  edu.bjut.boudia.myMain - meter_7511624601102914611:600,6504000,200
BruceChen 08:24:10.431 [main] INFO  edu.bjut.boudia.myMain - meter_6644198304299284419:regMsg,reg_backagg,reg_cc
BruceChen 08:24:10.431 [main] INFO  edu.bjut.boudia.myMain - meter_6644198304299284419:500,6573900,200
BruceChen 08:24:10.431 [main] INFO  edu.bjut.boudia.myMain - meter_4106830714787480637:regMsg,reg_backagg,reg_cc
BruceChen 08:24:10.431 [main] INFO  edu.bjut.boudia.myMain - meter_4106830714787480637:300,6739600,200
BruceChen 08:24:10.431 [main] INFO  edu.bjut.boudia.myMain - meter_6681995461255096763:regMsg,reg_backagg,reg_cc
BruceChen 08:24:10.431 [main] INFO  edu.bjut.boudia.myMain - meter_6681995461255096763:300,6699700,300
BruceChen 08:24:10.431 [main] INFO  edu.bjut.boudia.myMain - meter_2481141637622297219:regMsg,reg_backagg,reg_cc
BruceChen 08:24:10.431 [main] INFO  edu.bjut.boudia.myMain - meter_2481141637622297219:300,6564900,200
BruceChen 08:24:10.431 [main] INFO  edu.bjut.boudia.myMain - meter_1803263393616330129:regMsg,reg_backagg,reg_cc
BruceChen 08:24:10.431 [main] INFO  edu.bjut.boudia.myMain - meter_1803263393616330129:200,6563300,200
BruceChen 08:24:10.431 [main] INFO  edu.bjut.boudia.myMain - meter_321458068465370131:regMsg,reg_backagg,reg_cc
BruceChen 08:24:10.431 [main] INFO  edu.bjut.boudia.myMain - meter_321458068465370131:200,6593500,400
BruceChen 08:24:10.431 [main] INFO  edu.bjut.boudia.myMain - meter_6145457637944912037:regMsg,reg_backagg,reg_cc
BruceChen 08:24:10.431 [main] INFO  edu.bjut.boudia.myMain - meter_6145457637944912037:700,6588300,300
BruceChen 08:24:10.431 [main] INFO  edu.bjut.boudia.myMain - meter_6945771036707474811:regMsg,reg_backagg,reg_cc
BruceChen 08:24:10.431 [main] INFO  edu.bjut.boudia.myMain - meter_6945771036707474811:400,6626200,200
BruceChen 08:24:10.431 [main] INFO  edu.bjut.boudia.myMain - meter_1553058447857763167:regMsg,reg_backagg,reg_cc
BruceChen 08:24:10.431 [main] INFO  edu.bjut.boudia.myMain - meter_1553058447857763167:400,6644900,500
BruceChen 08:24:10.431 [main] INFO  edu.bjut.boudia.myMain - meter_3487492496297624965:regMsg,reg_backagg,reg_cc
BruceChen 08:24:10.431 [main] INFO  edu.bjut.boudia.myMain - meter_3487492496297624965:600,6694700,500
BruceChen 08:24:10.431 [main] INFO  edu.bjut.boudia.myMain - meter_5529733385000337125:regMsg,reg_backagg,reg_cc
BruceChen 08:24:10.431 [main] INFO  edu.bjut.boudia.myMain - meter_5529733385000337125:700,6602600,200
BruceChen 08:24:10.431 [main] INFO  edu.bjut.boudia.myMain - meter_1243671723756612689:regMsg,reg_backagg,reg_cc
BruceChen 08:24:10.431 [main] INFO  edu.bjut.boudia.myMain - meter_1243671723756612689:400,6607500,200
BruceChen 08:24:10.431 [main] INFO  edu.bjut.boudia.myMain - meter_1966255372933564005:regMsg,reg_backagg,reg_cc
BruceChen 08:24:10.431 [main] INFO  edu.bjut.boudia.myMain - meter_1966255372933564005:400,6707000,400
BruceChen 08:24:10.431 [main] INFO  edu.bjut.boudia.myMain - meter_5337419563683889977:regMsg,reg_backagg,reg_cc
BruceChen 08:24:10.431 [main] INFO  edu.bjut.boudia.myMain - meter_5337419563683889977:700,6609300,400
BruceChen 08:24:10.431 [main] INFO  edu.bjut.boudia.myMain - meter_5816606276080709653:regMsg,reg_backagg,reg_cc
BruceChen 08:24:10.431 [main] INFO  edu.bjut.boudia.myMain - meter_5816606276080709653:200,6646600,200
BruceChen 08:24:10.431 [main] INFO  edu.bjut.boudia.myMain - meter_8113856669944683405:regMsg,reg_backagg,reg_cc
BruceChen 08:24:10.431 [main] INFO  edu.bjut.boudia.myMain - meter_8113856669944683405:300,6668300,400
BruceChen 08:24:10.431 [main] INFO  edu.bjut.boudia.myMain - meter_5677359159397055227:regMsg,reg_backagg,reg_cc
BruceChen 08:24:10.431 [main] INFO  edu.bjut.boudia.myMain - meter_5677359159397055227:700,6649400,300
BruceChen 08:24:10.431 [main] INFO  edu.bjut.boudia.myMain - meter_6951573793065475411:regMsg,reg_backagg,reg_cc
BruceChen 08:24:10.431 [main] INFO  edu.bjut.boudia.myMain - meter_6951573793065475411:200,6652700,200
BruceChen 08:24:10.431 [main] INFO  edu.bjut.boudia.myMain - meter_8407569864430647697:regMsg,reg_backagg,reg_cc
BruceChen 08:24:10.431 [main] INFO  edu.bjut.boudia.myMain - meter_8407569864430647697:200,6569700,100
BruceChen 08:24:10.431 [main] INFO  edu.bjut.boudia.myMain - meter_4366188194641684145:regMsg,reg_backagg,reg_cc
BruceChen 08:24:10.431 [main] INFO  edu.bjut.boudia.myMain - meter_4366188194641684145:200,6718300,300
BruceChen 08:24:10.431 [main] INFO  edu.bjut.boudia.myMain - meter_375525195385509769:regMsg,reg_backagg,reg_cc
BruceChen 08:24:10.431 [main] INFO  edu.bjut.boudia.myMain - meter_375525195385509769:300,6601900,200
BruceChen 08:24:10.431 [main] INFO  edu.bjut.boudia.myMain - meter_4540915766622344133:regMsg,reg_backagg,reg_cc
BruceChen 08:24:10.431 [main] INFO  edu.bjut.boudia.myMain - meter_4540915766622344133:300,6705200,200
BruceChen 08:24:10.431 [main] INFO  edu.bjut.boudia.myMain - meter_4424369050042843555:regMsg,reg_backagg,reg_cc
BruceChen 08:24:10.431 [main] INFO  edu.bjut.boudia.myMain - meter_4424369050042843555:400,6593900,200
BruceChen 08:24:10.431 [main] INFO  edu.bjut.boudia.myMain - meter_8339720350927159711:regMsg,reg_backagg,reg_cc
BruceChen 08:24:10.431 [main] INFO  edu.bjut.boudia.myMain - meter_8339720350927159711:300,6672500,300
BruceChen 08:24:10.431 [main] INFO  edu.bjut.boudia.myMain - meter_1367374191912063927:regMsg,reg_backagg,reg_cc
BruceChen 08:24:10.431 [main] INFO  edu.bjut.boudia.myMain - meter_1367374191912063927:300,6678400,200
BruceChen 08:24:10.431 [main] INFO  edu.bjut.boudia.myMain - meter_4375366280304132367:regMsg,reg_backagg,reg_cc
BruceChen 08:24:10.431 [main] INFO  edu.bjut.boudia.myMain - meter_4375366280304132367:400,6570700,300
BruceChen 08:24:10.431 [main] INFO  edu.bjut.boudia.myMain - meter_136405737922848749:regMsg,reg_backagg,reg_cc
BruceChen 08:24:10.431 [main] INFO  edu.bjut.boudia.myMain - meter_136405737922848749:700,6552900,300
BruceChen 08:24:10.431 [main] INFO  edu.bjut.boudia.myMain - meter_824445549133876853:regMsg,reg_backagg,reg_cc
BruceChen 08:24:10.431 [main] INFO  edu.bjut.boudia.myMain - meter_824445549133876853:400,6525500,100
BruceChen 08:24:10.431 [main] INFO  edu.bjut.boudia.myMain - meter_305071694473243801:regMsg,reg_backagg,reg_cc
BruceChen 08:24:10.431 [main] INFO  edu.bjut.boudia.myMain - meter_305071694473243801:11100,6571800,500
BruceChen 08:24:10.431 [main] INFO  edu.bjut.boudia.myMain - meter_139155447332991789:regMsg,reg_backagg,reg_cc
BruceChen 08:24:10.431 [main] INFO  edu.bjut.boudia.myMain - meter_139155447332991789:800,6578000,300
BruceChen 08:24:10.431 [main] INFO  edu.bjut.boudia.myMain - meter_5663862391057872091:regMsg,reg_backagg,reg_cc
BruceChen 08:24:10.431 [main] INFO  edu.bjut.boudia.myMain - meter_5663862391057872091:9100,6612200,2300
BruceChen 08:24:10.431 [main] INFO  edu.bjut.boudia.myMain - meter_7488438706110550771:regMsg,reg_backagg,reg_cc
BruceChen 08:24:10.431 [main] INFO  edu.bjut.boudia.myMain - meter_7488438706110550771:100,6612900,0
BruceChen 08:24:10.431 [main] INFO  edu.bjut.boudia.myMain - meter_7768477899356698117:regMsg,reg_backagg,reg_cc
BruceChen 08:24:10.431 [main] INFO  edu.bjut.boudia.myMain - meter_7768477899356698117:0,6519400,100
BruceChen 08:24:10.431 [main] INFO  edu.bjut.boudia.myMain - meter_7606219188914985043:regMsg,reg_backagg,reg_cc
BruceChen 08:24:10.431 [main] INFO  edu.bjut.boudia.myMain - meter_7606219188914985043:100,6552900,100
BruceChen 08:24:10.977 [main] INFO  edu.bjut.boudia.myMain - oneTimeMeterRepTime
BruceChen 08:24:12.345 [main] INFO  edu.bjut.boudia.myMain - server:repMsg
BruceChen 08:24:12.345 [main] INFO  edu.bjut.boudia.myMain - server:32978800
BruceChen 08:24:12.345 [main] INFO  edu.bjut.boudia.myMain - agg:repMsg
BruceChen 08:24:12.345 [main] INFO  edu.bjut.boudia.myMain - agg:284616500
BruceChen 08:24:12.345 [main] INFO  edu.bjut.boudia.myMain - meter_8715031374851838779:repMsg
BruceChen 08:24:12.345 [main] INFO  edu.bjut.boudia.myMain - meter_8715031374851838779:26653900
BruceChen 08:24:12.345 [main] INFO  edu.bjut.boudia.myMain - meter_4355385098094636807:repMsg
BruceChen 08:24:12.345 [main] INFO  edu.bjut.boudia.myMain - meter_4355385098094636807:25738200
BruceChen 08:24:12.345 [main] INFO  edu.bjut.boudia.myMain - meter_6332640856728362641:repMsg
BruceChen 08:24:12.345 [main] INFO  edu.bjut.boudia.myMain - meter_6332640856728362641:25847400
BruceChen 08:24:12.345 [main] INFO  edu.bjut.boudia.myMain - meter_2935706978482210067:repMsg
BruceChen 08:24:12.345 [main] INFO  edu.bjut.boudia.myMain - meter_2935706978482210067:25911200
BruceChen 08:24:12.345 [main] INFO  edu.bjut.boudia.myMain - meter_2321739232947466865:repMsg
BruceChen 08:24:12.345 [main] INFO  edu.bjut.boudia.myMain - meter_2321739232947466865:25939500
BruceChen 08:24:12.345 [main] INFO  edu.bjut.boudia.myMain - meter_7511624601102914611:repMsg
BruceChen 08:24:12.345 [main] INFO  edu.bjut.boudia.myMain - meter_7511624601102914611:25775700
BruceChen 08:24:12.345 [main] INFO  edu.bjut.boudia.myMain - meter_6644198304299284419:repMsg
BruceChen 08:24:12.345 [main] INFO  edu.bjut.boudia.myMain - meter_6644198304299284419:26069900
BruceChen 08:24:12.345 [main] INFO  edu.bjut.boudia.myMain - meter_4106830714787480637:repMsg
BruceChen 08:24:12.345 [main] INFO  edu.bjut.boudia.myMain - meter_4106830714787480637:25769100
BruceChen 08:24:12.345 [main] INFO  edu.bjut.boudia.myMain - meter_6681995461255096763:repMsg
BruceChen 08:24:12.345 [main] INFO  edu.bjut.boudia.myMain - meter_6681995461255096763:27911200
BruceChen 08:24:12.345 [main] INFO  edu.bjut.boudia.myMain - meter_2481141637622297219:repMsg
BruceChen 08:24:12.345 [main] INFO  edu.bjut.boudia.myMain - meter_2481141637622297219:26639600
BruceChen 08:24:12.345 [main] INFO  edu.bjut.boudia.myMain - meter_1803263393616330129:repMsg
BruceChen 08:24:12.345 [main] INFO  edu.bjut.boudia.myMain - meter_1803263393616330129:26540200
BruceChen 08:24:12.345 [main] INFO  edu.bjut.boudia.myMain - meter_321458068465370131:repMsg
BruceChen 08:24:12.345 [main] INFO  edu.bjut.boudia.myMain - meter_321458068465370131:26801100
BruceChen 08:24:12.345 [main] INFO  edu.bjut.boudia.myMain - meter_6145457637944912037:repMsg
BruceChen 08:24:12.345 [main] INFO  edu.bjut.boudia.myMain - meter_6145457637944912037:26649600
BruceChen 08:24:12.345 [main] INFO  edu.bjut.boudia.myMain - meter_6945771036707474811:repMsg
BruceChen 08:24:12.345 [main] INFO  edu.bjut.boudia.myMain - meter_6945771036707474811:26662300
BruceChen 08:24:12.345 [main] INFO  edu.bjut.boudia.myMain - meter_1553058447857763167:repMsg
BruceChen 08:24:12.345 [main] INFO  edu.bjut.boudia.myMain - meter_1553058447857763167:26573200
BruceChen 08:24:12.345 [main] INFO  edu.bjut.boudia.myMain - meter_3487492496297624965:repMsg
BruceChen 08:24:12.345 [main] INFO  edu.bjut.boudia.myMain - meter_3487492496297624965:26668200
BruceChen 08:24:12.345 [main] INFO  edu.bjut.boudia.myMain - meter_5529733385000337125:repMsg
BruceChen 08:24:12.345 [main] INFO  edu.bjut.boudia.myMain - meter_5529733385000337125:26478200
BruceChen 08:24:12.345 [main] INFO  edu.bjut.boudia.myMain - meter_1243671723756612689:repMsg
BruceChen 08:24:12.345 [main] INFO  edu.bjut.boudia.myMain - meter_1243671723756612689:26638000
BruceChen 08:24:12.345 [main] INFO  edu.bjut.boudia.myMain - meter_1966255372933564005:repMsg
BruceChen 08:24:12.345 [main] INFO  edu.bjut.boudia.myMain - meter_1966255372933564005:26785100
BruceChen 08:24:12.345 [main] INFO  edu.bjut.boudia.myMain - meter_5337419563683889977:repMsg
BruceChen 08:24:12.345 [main] INFO  edu.bjut.boudia.myMain - meter_5337419563683889977:26676300
BruceChen 08:24:12.345 [main] INFO  edu.bjut.boudia.myMain - meter_5816606276080709653:repMsg
BruceChen 08:24:12.345 [main] INFO  edu.bjut.boudia.myMain - meter_5816606276080709653:26770100
BruceChen 08:24:12.345 [main] INFO  edu.bjut.boudia.myMain - meter_8113856669944683405:repMsg
BruceChen 08:24:12.345 [main] INFO  edu.bjut.boudia.myMain - meter_8113856669944683405:26658600
BruceChen 08:24:12.345 [main] INFO  edu.bjut.boudia.myMain - meter_5677359159397055227:repMsg
BruceChen 08:24:12.345 [main] INFO  edu.bjut.boudia.myMain - meter_5677359159397055227:26771100
BruceChen 08:24:12.345 [main] INFO  edu.bjut.boudia.myMain - meter_6951573793065475411:repMsg
BruceChen 08:24:12.345 [main] INFO  edu.bjut.boudia.myMain - meter_6951573793065475411:26550700
BruceChen 08:24:12.345 [main] INFO  edu.bjut.boudia.myMain - meter_8407569864430647697:repMsg
BruceChen 08:24:12.345 [main] INFO  edu.bjut.boudia.myMain - meter_8407569864430647697:26495000
BruceChen 08:24:12.345 [main] INFO  edu.bjut.boudia.myMain - meter_4366188194641684145:repMsg
BruceChen 08:24:12.345 [main] INFO  edu.bjut.boudia.myMain - meter_4366188194641684145:26591300
BruceChen 08:24:12.345 [main] INFO  edu.bjut.boudia.myMain - meter_375525195385509769:repMsg
BruceChen 08:24:12.345 [main] INFO  edu.bjut.boudia.myMain - meter_375525195385509769:26516000
BruceChen 08:24:12.345 [main] INFO  edu.bjut.boudia.myMain - meter_4540915766622344133:repMsg
BruceChen 08:24:12.345 [main] INFO  edu.bjut.boudia.myMain - meter_4540915766622344133:26721700
BruceChen 08:24:12.345 [main] INFO  edu.bjut.boudia.myMain - meter_4424369050042843555:repMsg
BruceChen 08:24:12.345 [main] INFO  edu.bjut.boudia.myMain - meter_4424369050042843555:26450700
BruceChen 08:24:12.345 [main] INFO  edu.bjut.boudia.myMain - meter_8339720350927159711:repMsg
BruceChen 08:24:12.345 [main] INFO  edu.bjut.boudia.myMain - meter_8339720350927159711:26452900
BruceChen 08:24:12.345 [main] INFO  edu.bjut.boudia.myMain - meter_1367374191912063927:repMsg
BruceChen 08:24:12.345 [main] INFO  edu.bjut.boudia.myMain - meter_1367374191912063927:26488000
BruceChen 08:24:12.345 [main] INFO  edu.bjut.boudia.myMain - meter_4375366280304132367:repMsg
BruceChen 08:24:12.345 [main] INFO  edu.bjut.boudia.myMain - meter_4375366280304132367:26688700
BruceChen 08:24:12.345 [main] INFO  edu.bjut.boudia.myMain - meter_136405737922848749:repMsg
BruceChen 08:24:12.345 [main] INFO  edu.bjut.boudia.myMain - meter_136405737922848749:26432800
BruceChen 08:24:12.345 [main] INFO  edu.bjut.boudia.myMain - meter_824445549133876853:repMsg
BruceChen 08:24:12.345 [main] INFO  edu.bjut.boudia.myMain - meter_824445549133876853:26495000
BruceChen 08:24:12.345 [main] INFO  edu.bjut.boudia.myMain - meter_305071694473243801:repMsg
BruceChen 08:24:12.345 [main] INFO  edu.bjut.boudia.myMain - meter_305071694473243801:26828700
BruceChen 08:24:12.345 [main] INFO  edu.bjut.boudia.myMain - meter_139155447332991789:repMsg
BruceChen 08:24:12.345 [main] INFO  edu.bjut.boudia.myMain - meter_139155447332991789:27745800
BruceChen 08:24:12.345 [main] INFO  edu.bjut.boudia.myMain - meter_5663862391057872091:repMsg
BruceChen 08:24:12.345 [main] INFO  edu.bjut.boudia.myMain - meter_5663862391057872091:26710900
BruceChen 08:24:12.345 [main] INFO  edu.bjut.boudia.myMain - meter_7488438706110550771:repMsg
BruceChen 08:24:12.345 [main] INFO  edu.bjut.boudia.myMain - meter_7488438706110550771:26517800
BruceChen 08:24:12.345 [main] INFO  edu.bjut.boudia.myMain - meter_7768477899356698117:repMsg
BruceChen 08:24:12.345 [main] INFO  edu.bjut.boudia.myMain - meter_7768477899356698117:26669700
BruceChen 08:24:12.345 [main] INFO  edu.bjut.boudia.myMain - meter_7606219188914985043:repMsg
BruceChen 08:24:12.345 [main] INFO  edu.bjut.boudia.myMain - meter_7606219188914985043:26606900
BruceChen 08:24:13.924 [main] INFO  edu.bjut.boudia.myMain - oneTimeMeterRegTime
BruceChen 08:24:14.315 [main] INFO  edu.bjut.boudia.myMain - server:pubkey
BruceChen 08:24:14.315 [main] INFO  edu.bjut.boudia.myMain - server:1800
BruceChen 08:24:14.315 [main] INFO  edu.bjut.boudia.myMain - agg:regMsg,regMsg,regMsg,regMsg,regMsg,regMsg,regMsg,regMsg,regMsg,regMsg,regMsg,regMsg,regMsg,regMsg,regMsg,regMsg,regMsg,regMsg,regMsg,regMsg,regMsg,regMsg,regMsg,regMsg,regMsg,regMsg,regMsg,regMsg,regMsg,regMsg
BruceChen 08:24:14.315 [main] INFO  edu.bjut.boudia.myMain - agg:6688300,6694400,6649800,6525400,6517900,6500200,6483800,6478800,6474000,6502400,6490000,6479600,6497300,6499500,6480800,6510600,7666000,6678200,6656500,6693300,6707700,6671400,6702500,6672900,6705200,6656600,6673300,6674000,6669900,6710700
BruceChen 08:24:14.315 [main] INFO  edu.bjut.boudia.myMain - meter_515342548531722539:regMsg,reg_backagg,reg_cc
BruceChen 08:24:14.315 [main] INFO  edu.bjut.boudia.myMain - meter_515342548531722539:100,6745100,100
BruceChen 08:24:14.315 [main] INFO  edu.bjut.boudia.myMain - meter_1021324320059652877:regMsg,reg_backagg,reg_cc
BruceChen 08:24:14.315 [main] INFO  edu.bjut.boudia.myMain - meter_1021324320059652877:200,6615600,200
BruceChen 08:24:14.315 [main] INFO  edu.bjut.boudia.myMain - meter_1054962681014524819:regMsg,reg_backagg,reg_cc
BruceChen 08:24:14.315 [main] INFO  edu.bjut.boudia.myMain - meter_1054962681014524819:100,6561500,100
BruceChen 08:24:14.315 [main] INFO  edu.bjut.boudia.myMain - meter_2606709181969103895:regMsg,reg_backagg,reg_cc
BruceChen 08:24:14.315 [main] INFO  edu.bjut.boudia.myMain - meter_2606709181969103895:100,6411600,100
BruceChen 08:24:14.315 [main] INFO  edu.bjut.boudia.myMain - meter_4264707405866324977:regMsg,reg_backagg,reg_cc
BruceChen 08:24:14.315 [main] INFO  edu.bjut.boudia.myMain - meter_4264707405866324977:100,6444900,0
BruceChen 08:24:14.315 [main] INFO  edu.bjut.boudia.myMain - meter_5867796969360034685:regMsg,reg_backagg,reg_cc
BruceChen 08:24:14.315 [main] INFO  edu.bjut.boudia.myMain - meter_5867796969360034685:100,6338800,0
BruceChen 08:24:14.315 [main] INFO  edu.bjut.boudia.myMain - meter_4185613977475258321:regMsg,reg_backagg,reg_cc
BruceChen 08:24:14.315 [main] INFO  edu.bjut.boudia.myMain - meter_4185613977475258321:100,6405000,100
BruceChen 08:24:14.315 [main] INFO  edu.bjut.boudia.myMain - meter_3271016094550756191:regMsg,reg_backagg,reg_cc
BruceChen 08:24:14.315 [main] INFO  edu.bjut.boudia.myMain - meter_3271016094550756191:100,6397900,0
BruceChen 08:24:14.315 [main] INFO  edu.bjut.boudia.myMain - meter_632310391887825311:regMsg,reg_backagg,reg_cc
BruceChen 08:24:14.315 [main] INFO  edu.bjut.boudia.myMain - meter_632310391887825311:100,6439600,0
BruceChen 08:24:14.315 [main] INFO  edu.bjut.boudia.myMain - meter_1617083344829749159:regMsg,reg_backagg,reg_cc
BruceChen 08:24:14.315 [main] INFO  edu.bjut.boudia.myMain - meter_1617083344829749159:100,6458100,100
BruceChen 08:24:14.315 [main] INFO  edu.bjut.boudia.myMain - meter_4822458416696733005:regMsg,reg_backagg,reg_cc
BruceChen 08:24:14.315 [main] INFO  edu.bjut.boudia.myMain - meter_4822458416696733005:200,6453300,100
BruceChen 08:24:14.315 [main] INFO  edu.bjut.boudia.myMain - meter_7774283270038573929:regMsg,reg_backagg,reg_cc
BruceChen 08:24:14.315 [main] INFO  edu.bjut.boudia.myMain - meter_7774283270038573929:0,6421800,0
BruceChen 08:24:14.315 [main] INFO  edu.bjut.boudia.myMain - meter_3491253804901147099:regMsg,reg_backagg,reg_cc
BruceChen 08:24:14.315 [main] INFO  edu.bjut.boudia.myMain - meter_3491253804901147099:100,6401500,0
BruceChen 08:24:14.315 [main] INFO  edu.bjut.boudia.myMain - meter_8178796093042272185:regMsg,reg_backagg,reg_cc
BruceChen 08:24:14.315 [main] INFO  edu.bjut.boudia.myMain - meter_8178796093042272185:100,6377000,0
BruceChen 08:24:14.315 [main] INFO  edu.bjut.boudia.myMain - meter_8728824709546614389:regMsg,reg_backagg,reg_cc
BruceChen 08:24:14.315 [main] INFO  edu.bjut.boudia.myMain - meter_8728824709546614389:0,6305200,0
BruceChen 08:24:14.315 [main] INFO  edu.bjut.boudia.myMain - meter_1606060687777483925:regMsg,reg_backagg,reg_cc
BruceChen 08:24:14.315 [main] INFO  edu.bjut.boudia.myMain - meter_1606060687777483925:100,6431700,0
BruceChen 08:24:14.315 [main] INFO  edu.bjut.boudia.myMain - meter_7553732110988014973:regMsg,reg_backagg,reg_cc
BruceChen 08:24:14.315 [main] INFO  edu.bjut.boudia.myMain - meter_7553732110988014973:100,6390400,100
BruceChen 08:24:14.315 [main] INFO  edu.bjut.boudia.myMain - meter_3967077650224731531:regMsg,reg_backagg,reg_cc
BruceChen 08:24:14.315 [main] INFO  edu.bjut.boudia.myMain - meter_3967077650224731531:100,6613600,100
BruceChen 08:24:14.315 [main] INFO  edu.bjut.boudia.myMain - meter_278626185322193321:regMsg,reg_backagg,reg_cc
BruceChen 08:24:14.315 [main] INFO  edu.bjut.boudia.myMain - meter_278626185322193321:100,6636600,100
BruceChen 08:24:14.315 [main] INFO  edu.bjut.boudia.myMain - meter_7509071187285985363:regMsg,reg_backagg,reg_cc
BruceChen 08:24:14.315 [main] INFO  edu.bjut.boudia.myMain - meter_7509071187285985363:100,6479700,100
BruceChen 08:24:14.315 [main] INFO  edu.bjut.boudia.myMain - meter_8279157003695041043:regMsg,reg_backagg,reg_cc
BruceChen 08:24:14.315 [main] INFO  edu.bjut.boudia.myMain - meter_8279157003695041043:100,6596700,100
BruceChen 08:24:14.315 [main] INFO  edu.bjut.boudia.myMain - meter_6558701370926413477:regMsg,reg_backagg,reg_cc
BruceChen 08:24:14.315 [main] INFO  edu.bjut.boudia.myMain - meter_6558701370926413477:0,6560800,100
BruceChen 08:24:14.315 [main] INFO  edu.bjut.boudia.myMain - meter_6237022764890431117:regMsg,reg_backagg,reg_cc
BruceChen 08:24:14.315 [main] INFO  edu.bjut.boudia.myMain - meter_6237022764890431117:0,6431900,0
BruceChen 08:24:14.315 [main] INFO  edu.bjut.boudia.myMain - meter_9145837322131700511:regMsg,reg_backagg,reg_cc
BruceChen 08:24:14.315 [main] INFO  edu.bjut.boudia.myMain - meter_9145837322131700511:100,6604400,0
BruceChen 08:24:14.315 [main] INFO  edu.bjut.boudia.myMain - meter_4916008533896117589:regMsg,reg_backagg,reg_cc
BruceChen 08:24:14.315 [main] INFO  edu.bjut.boudia.myMain - meter_4916008533896117589:100,6644500,0
BruceChen 08:24:14.315 [main] INFO  edu.bjut.boudia.myMain - meter_4818184994245662959:regMsg,reg_backagg,reg_cc
BruceChen 08:24:14.315 [main] INFO  edu.bjut.boudia.myMain - meter_4818184994245662959:100,6617800,0
BruceChen 08:24:14.315 [main] INFO  edu.bjut.boudia.myMain - meter_6454071315482835485:regMsg,reg_backagg,reg_cc
BruceChen 08:24:14.315 [main] INFO  edu.bjut.boudia.myMain - meter_6454071315482835485:100,6678400,100
BruceChen 08:24:14.315 [main] INFO  edu.bjut.boudia.myMain - meter_2237464578387324413:regMsg,reg_backagg,reg_cc
BruceChen 08:24:14.315 [main] INFO  edu.bjut.boudia.myMain - meter_2237464578387324413:0,6614700,100
BruceChen 08:24:14.315 [main] INFO  edu.bjut.boudia.myMain - meter_1875864471882977785:regMsg,reg_backagg,reg_cc
BruceChen 08:24:14.315 [main] INFO  edu.bjut.boudia.myMain - meter_1875864471882977785:100,6632600,0
BruceChen 08:24:14.315 [main] INFO  edu.bjut.boudia.myMain - meter_746648100466982321:regMsg,reg_backagg,reg_cc
BruceChen 08:24:14.315 [main] INFO  edu.bjut.boudia.myMain - meter_746648100466982321:0,6670300,100
BruceChen 08:24:14.714 [main] INFO  edu.bjut.boudia.myMain - oneTimeMeterRepTime
BruceChen 08:24:15.769 [main] INFO  edu.bjut.boudia.myMain - server:repMsg
BruceChen 08:24:15.769 [main] INFO  edu.bjut.boudia.myMain - server:34131600
BruceChen 08:24:15.769 [main] INFO  edu.bjut.boudia.myMain - agg:repMsg
BruceChen 08:24:15.769 [main] INFO  edu.bjut.boudia.myMain - agg:218898500
BruceChen 08:24:15.769 [main] INFO  edu.bjut.boudia.myMain - meter_515342548531722539:repMsg
BruceChen 08:24:15.769 [main] INFO  edu.bjut.boudia.myMain - meter_515342548531722539:25871000
BruceChen 08:24:15.769 [main] INFO  edu.bjut.boudia.myMain - meter_1021324320059652877:repMsg
BruceChen 08:24:15.769 [main] INFO  edu.bjut.boudia.myMain - meter_1021324320059652877:25631500
BruceChen 08:24:15.769 [main] INFO  edu.bjut.boudia.myMain - meter_1054962681014524819:repMsg
BruceChen 08:24:15.769 [main] INFO  edu.bjut.boudia.myMain - meter_1054962681014524819:25720300
BruceChen 08:24:15.769 [main] INFO  edu.bjut.boudia.myMain - meter_2606709181969103895:repMsg
BruceChen 08:24:15.769 [main] INFO  edu.bjut.boudia.myMain - meter_2606709181969103895:26554000
BruceChen 08:24:15.769 [main] INFO  edu.bjut.boudia.myMain - meter_4264707405866324977:repMsg
BruceChen 08:24:15.769 [main] INFO  edu.bjut.boudia.myMain - meter_4264707405866324977:26809600
BruceChen 08:24:15.769 [main] INFO  edu.bjut.boudia.myMain - meter_5867796969360034685:repMsg
BruceChen 08:24:15.769 [main] INFO  edu.bjut.boudia.myMain - meter_5867796969360034685:27589400
BruceChen 08:24:15.769 [main] INFO  edu.bjut.boudia.myMain - meter_4185613977475258321:repMsg
BruceChen 08:24:15.769 [main] INFO  edu.bjut.boudia.myMain - meter_4185613977475258321:26518800
BruceChen 08:24:15.769 [main] INFO  edu.bjut.boudia.myMain - meter_3271016094550756191:repMsg
BruceChen 08:24:15.769 [main] INFO  edu.bjut.boudia.myMain - meter_3271016094550756191:26593500
BruceChen 08:24:15.769 [main] INFO  edu.bjut.boudia.myMain - meter_632310391887825311:repMsg
BruceChen 08:24:15.769 [main] INFO  edu.bjut.boudia.myMain - meter_632310391887825311:26532200
BruceChen 08:24:15.769 [main] INFO  edu.bjut.boudia.myMain - meter_1617083344829749159:repMsg
BruceChen 08:24:15.769 [main] INFO  edu.bjut.boudia.myMain - meter_1617083344829749159:26668700
BruceChen 08:24:15.769 [main] INFO  edu.bjut.boudia.myMain - meter_4822458416696733005:repMsg
BruceChen 08:24:15.769 [main] INFO  edu.bjut.boudia.myMain - meter_4822458416696733005:26552300
BruceChen 08:24:15.769 [main] INFO  edu.bjut.boudia.myMain - meter_7774283270038573929:repMsg
BruceChen 08:24:15.769 [main] INFO  edu.bjut.boudia.myMain - meter_7774283270038573929:26572800
BruceChen 08:24:15.769 [main] INFO  edu.bjut.boudia.myMain - meter_3491253804901147099:repMsg
BruceChen 08:24:15.769 [main] INFO  edu.bjut.boudia.myMain - meter_3491253804901147099:26723000
BruceChen 08:24:15.769 [main] INFO  edu.bjut.boudia.myMain - meter_8178796093042272185:repMsg
BruceChen 08:24:15.769 [main] INFO  edu.bjut.boudia.myMain - meter_8178796093042272185:26541700
BruceChen 08:24:15.769 [main] INFO  edu.bjut.boudia.myMain - meter_8728824709546614389:repMsg
BruceChen 08:24:15.769 [main] INFO  edu.bjut.boudia.myMain - meter_8728824709546614389:26721300
BruceChen 08:24:15.769 [main] INFO  edu.bjut.boudia.myMain - meter_1606060687777483925:repMsg
BruceChen 08:24:15.769 [main] INFO  edu.bjut.boudia.myMain - meter_1606060687777483925:26688100
BruceChen 08:24:15.769 [main] INFO  edu.bjut.boudia.myMain - meter_7553732110988014973:repMsg
BruceChen 08:24:15.769 [main] INFO  edu.bjut.boudia.myMain - meter_7553732110988014973:26480600
BruceChen 08:24:15.769 [main] INFO  edu.bjut.boudia.myMain - meter_3967077650224731531:repMsg
BruceChen 08:24:15.769 [main] INFO  edu.bjut.boudia.myMain - meter_3967077650224731531:26550200
BruceChen 08:24:15.769 [main] INFO  edu.bjut.boudia.myMain - meter_278626185322193321:repMsg
BruceChen 08:24:15.769 [main] INFO  edu.bjut.boudia.myMain - meter_278626185322193321:26820800
BruceChen 08:24:15.769 [main] INFO  edu.bjut.boudia.myMain - meter_7509071187285985363:repMsg
BruceChen 08:24:15.769 [main] INFO  edu.bjut.boudia.myMain - meter_7509071187285985363:26521400
BruceChen 08:24:15.769 [main] INFO  edu.bjut.boudia.myMain - meter_8279157003695041043:repMsg
BruceChen 08:24:15.769 [main] INFO  edu.bjut.boudia.myMain - meter_8279157003695041043:26448400
BruceChen 08:24:15.769 [main] INFO  edu.bjut.boudia.myMain - meter_6558701370926413477:repMsg
BruceChen 08:24:15.769 [main] INFO  edu.bjut.boudia.myMain - meter_6558701370926413477:26016600
BruceChen 08:24:15.769 [main] INFO  edu.bjut.boudia.myMain - meter_6237022764890431117:repMsg
BruceChen 08:24:15.769 [main] INFO  edu.bjut.boudia.myMain - meter_6237022764890431117:26020300
BruceChen 08:24:15.769 [main] INFO  edu.bjut.boudia.myMain - meter_9145837322131700511:repMsg
BruceChen 08:24:15.769 [main] INFO  edu.bjut.boudia.myMain - meter_9145837322131700511:26489400
BruceChen 08:24:15.769 [main] INFO  edu.bjut.boudia.myMain - meter_4916008533896117589:repMsg
BruceChen 08:24:15.769 [main] INFO  edu.bjut.boudia.myMain - meter_4916008533896117589:26606400
BruceChen 08:24:15.769 [main] INFO  edu.bjut.boudia.myMain - meter_4818184994245662959:repMsg
BruceChen 08:24:15.769 [main] INFO  edu.bjut.boudia.myMain - meter_4818184994245662959:26559500
BruceChen 08:24:15.769 [main] INFO  edu.bjut.boudia.myMain - meter_6454071315482835485:repMsg
BruceChen 08:24:15.769 [main] INFO  edu.bjut.boudia.myMain - meter_6454071315482835485:26402800
BruceChen 08:24:15.769 [main] INFO  edu.bjut.boudia.myMain - meter_2237464578387324413:repMsg
BruceChen 08:24:15.769 [main] INFO  edu.bjut.boudia.myMain - meter_2237464578387324413:26575600
BruceChen 08:24:15.769 [main] INFO  edu.bjut.boudia.myMain - meter_1875864471882977785:repMsg
BruceChen 08:24:15.769 [main] INFO  edu.bjut.boudia.myMain - meter_1875864471882977785:26828900
BruceChen 08:24:15.769 [main] INFO  edu.bjut.boudia.myMain - meter_746648100466982321:repMsg
BruceChen 08:24:15.769 [main] INFO  edu.bjut.boudia.myMain - meter_746648100466982321:26496400
BruceChen 08:24:17.074 [main] INFO  edu.bjut.boudia.myMain - oneTimeMeterRegTime
BruceChen 08:24:17.339 [main] INFO  edu.bjut.boudia.myMain - server:pubkey
BruceChen 08:24:17.339 [main] INFO  edu.bjut.boudia.myMain - server:1100
BruceChen 08:24:17.339 [main] INFO  edu.bjut.boudia.myMain - agg:regMsg,regMsg,regMsg,regMsg,regMsg,regMsg,regMsg,regMsg,regMsg,regMsg,regMsg,regMsg,regMsg,regMsg,regMsg,regMsg,regMsg,regMsg,regMsg,regMsg
BruceChen 08:24:17.339 [main] INFO  edu.bjut.boudia.myMain - agg:6688000,6685700,6688800,6692300,6685000,6689200,6687200,6682100,6694300,6702700,6677200,6656100,6681700,6691800,6674100,6702300,6664700,6491900,6514400,6474500
BruceChen 08:24:17.339 [main] INFO  edu.bjut.boudia.myMain - meter_7066957548809042507:regMsg,reg_backagg,reg_cc
BruceChen 08:24:17.339 [main] INFO  edu.bjut.boudia.myMain - meter_7066957548809042507:200,6692000,200
BruceChen 08:24:17.339 [main] INFO  edu.bjut.boudia.myMain - meter_8449542596953652903:regMsg,reg_backagg,reg_cc
BruceChen 08:24:17.339 [main] INFO  edu.bjut.boudia.myMain - meter_8449542596953652903:100,6602300,100
BruceChen 08:24:17.339 [main] INFO  edu.bjut.boudia.myMain - meter_3830197814499849207:regMsg,reg_backagg,reg_cc
BruceChen 08:24:17.339 [main] INFO  edu.bjut.boudia.myMain - meter_3830197814499849207:100,6641800,0
BruceChen 08:24:17.339 [main] INFO  edu.bjut.boudia.myMain - meter_3520404463334706731:regMsg,reg_backagg,reg_cc
BruceChen 08:24:17.339 [main] INFO  edu.bjut.boudia.myMain - meter_3520404463334706731:0,6596800,0
BruceChen 08:24:17.339 [main] INFO  edu.bjut.boudia.myMain - meter_8738633838314485755:regMsg,reg_backagg,reg_cc
BruceChen 08:24:17.339 [main] INFO  edu.bjut.boudia.myMain - meter_8738633838314485755:100,6597800,100
BruceChen 08:24:17.339 [main] INFO  edu.bjut.boudia.myMain - meter_5697525034683710361:regMsg,reg_backagg,reg_cc
BruceChen 08:24:17.339 [main] INFO  edu.bjut.boudia.myMain - meter_5697525034683710361:100,6660400,100
BruceChen 08:24:17.339 [main] INFO  edu.bjut.boudia.myMain - meter_5473458473852054307:regMsg,reg_backagg,reg_cc
BruceChen 08:24:17.339 [main] INFO  edu.bjut.boudia.myMain - meter_5473458473852054307:0,6612400,0
BruceChen 08:24:17.339 [main] INFO  edu.bjut.boudia.myMain - meter_9075680209841563153:regMsg,reg_backagg,reg_cc
BruceChen 08:24:17.339 [main] INFO  edu.bjut.boudia.myMain - meter_9075680209841563153:0,6654300,0
BruceChen 08:24:17.339 [main] INFO  edu.bjut.boudia.myMain - meter_8480064325213305049:regMsg,reg_backagg,reg_cc
BruceChen 08:24:17.339 [main] INFO  edu.bjut.boudia.myMain - meter_8480064325213305049:0,6624600,0
BruceChen 08:24:17.339 [main] INFO  edu.bjut.boudia.myMain - meter_150113610499929489:regMsg,reg_backagg,reg_cc
BruceChen 08:24:17.339 [main] INFO  edu.bjut.boudia.myMain - meter_150113610499929489:0,6497700,0
BruceChen 08:24:17.339 [main] INFO  edu.bjut.boudia.myMain - meter_3189622130904723099:regMsg,reg_backagg,reg_cc
BruceChen 08:24:17.339 [main] INFO  edu.bjut.boudia.myMain - meter_3189622130904723099:0,6528400,100
BruceChen 08:24:17.339 [main] INFO  edu.bjut.boudia.myMain - meter_7726045838182583539:regMsg,reg_backagg,reg_cc
BruceChen 08:24:17.339 [main] INFO  edu.bjut.boudia.myMain - meter_7726045838182583539:0,6563500,0
BruceChen 08:24:17.339 [main] INFO  edu.bjut.boudia.myMain - meter_3420064330558353585:regMsg,reg_backagg,reg_cc
BruceChen 08:24:17.339 [main] INFO  edu.bjut.boudia.myMain - meter_3420064330558353585:0,6494500,0
BruceChen 08:24:17.339 [main] INFO  edu.bjut.boudia.myMain - meter_8268357379733833063:regMsg,reg_backagg,reg_cc
BruceChen 08:24:17.339 [main] INFO  edu.bjut.boudia.myMain - meter_8268357379733833063:0,6671500,100
BruceChen 08:24:17.339 [main] INFO  edu.bjut.boudia.myMain - meter_1295447083188908743:regMsg,reg_backagg,reg_cc
BruceChen 08:24:17.339 [main] INFO  edu.bjut.boudia.myMain - meter_1295447083188908743:0,6483500,0
BruceChen 08:24:17.339 [main] INFO  edu.bjut.boudia.myMain - meter_6188487263113977241:regMsg,reg_backagg,reg_cc
BruceChen 08:24:17.339 [main] INFO  edu.bjut.boudia.myMain - meter_6188487263113977241:0,6643400,100
BruceChen 08:24:17.339 [main] INFO  edu.bjut.boudia.myMain - meter_632577989229875103:regMsg,reg_backagg,reg_cc
BruceChen 08:24:17.339 [main] INFO  edu.bjut.boudia.myMain - meter_632577989229875103:100,6514700,0
BruceChen 08:24:17.339 [main] INFO  edu.bjut.boudia.myMain - meter_5258872247027239837:regMsg,reg_backagg,reg_cc
BruceChen 08:24:17.339 [main] INFO  edu.bjut.boudia.myMain - meter_5258872247027239837:0,6428700,0
BruceChen 08:24:17.339 [main] INFO  edu.bjut.boudia.myMain - meter_2983484827861546341:regMsg,reg_backagg,reg_cc
BruceChen 08:24:17.339 [main] INFO  edu.bjut.boudia.myMain - meter_2983484827861546341:100,6410400,100
BruceChen 08:24:17.339 [main] INFO  edu.bjut.boudia.myMain - meter_4092404603710338745:regMsg,reg_backagg,reg_cc
BruceChen 08:24:17.339 [main] INFO  edu.bjut.boudia.myMain - meter_4092404603710338745:100,6431800,100
BruceChen 08:24:17.605 [main] INFO  edu.bjut.boudia.myMain - oneTimeMeterRepTime
BruceChen 08:24:18.316 [main] INFO  edu.bjut.boudia.myMain - server:repMsg
BruceChen 08:24:18.316 [main] INFO  edu.bjut.boudia.myMain - server:34744700
BruceChen 08:24:18.316 [main] INFO  edu.bjut.boudia.myMain - agg:repMsg
BruceChen 08:24:18.316 [main] INFO  edu.bjut.boudia.myMain - agg:146420700
BruceChen 08:24:18.316 [main] INFO  edu.bjut.boudia.myMain - meter_7066957548809042507:repMsg
BruceChen 08:24:18.316 [main] INFO  edu.bjut.boudia.myMain - meter_7066957548809042507:26804100
BruceChen 08:24:18.316 [main] INFO  edu.bjut.boudia.myMain - meter_8449542596953652903:repMsg
BruceChen 08:24:18.316 [main] INFO  edu.bjut.boudia.myMain - meter_8449542596953652903:26552600
BruceChen 08:24:18.316 [main] INFO  edu.bjut.boudia.myMain - meter_3830197814499849207:repMsg
BruceChen 08:24:18.316 [main] INFO  edu.bjut.boudia.myMain - meter_3830197814499849207:26505800
BruceChen 08:24:18.316 [main] INFO  edu.bjut.boudia.myMain - meter_3520404463334706731:repMsg
BruceChen 08:24:18.316 [main] INFO  edu.bjut.boudia.myMain - meter_3520404463334706731:26341300
BruceChen 08:24:18.316 [main] INFO  edu.bjut.boudia.myMain - meter_8738633838314485755:repMsg
BruceChen 08:24:18.316 [main] INFO  edu.bjut.boudia.myMain - meter_8738633838314485755:25861800
BruceChen 08:24:18.316 [main] INFO  edu.bjut.boudia.myMain - meter_5697525034683710361:repMsg
BruceChen 08:24:18.316 [main] INFO  edu.bjut.boudia.myMain - meter_5697525034683710361:25779700
BruceChen 08:24:18.316 [main] INFO  edu.bjut.boudia.myMain - meter_5473458473852054307:repMsg
BruceChen 08:24:18.316 [main] INFO  edu.bjut.boudia.myMain - meter_5473458473852054307:25851300
BruceChen 08:24:18.316 [main] INFO  edu.bjut.boudia.myMain - meter_9075680209841563153:repMsg
BruceChen 08:24:18.316 [main] INFO  edu.bjut.boudia.myMain - meter_9075680209841563153:27390600
BruceChen 08:24:18.316 [main] INFO  edu.bjut.boudia.myMain - meter_8480064325213305049:repMsg
BruceChen 08:24:18.316 [main] INFO  edu.bjut.boudia.myMain - meter_8480064325213305049:26886200
BruceChen 08:24:18.316 [main] INFO  edu.bjut.boudia.myMain - meter_150113610499929489:repMsg
BruceChen 08:24:18.316 [main] INFO  edu.bjut.boudia.myMain - meter_150113610499929489:26548400
BruceChen 08:24:18.316 [main] INFO  edu.bjut.boudia.myMain - meter_3189622130904723099:repMsg
BruceChen 08:24:18.316 [main] INFO  edu.bjut.boudia.myMain - meter_3189622130904723099:26621400
BruceChen 08:24:18.316 [main] INFO  edu.bjut.boudia.myMain - meter_7726045838182583539:repMsg
BruceChen 08:24:18.316 [main] INFO  edu.bjut.boudia.myMain - meter_7726045838182583539:26701900
BruceChen 08:24:18.316 [main] INFO  edu.bjut.boudia.myMain - meter_3420064330558353585:repMsg
BruceChen 08:24:18.316 [main] INFO  edu.bjut.boudia.myMain - meter_3420064330558353585:26681100
BruceChen 08:24:18.316 [main] INFO  edu.bjut.boudia.myMain - meter_8268357379733833063:repMsg
BruceChen 08:24:18.316 [main] INFO  edu.bjut.boudia.myMain - meter_8268357379733833063:26661800
BruceChen 08:24:18.316 [main] INFO  edu.bjut.boudia.myMain - meter_1295447083188908743:repMsg
BruceChen 08:24:18.316 [main] INFO  edu.bjut.boudia.myMain - meter_1295447083188908743:26695600
BruceChen 08:24:18.316 [main] INFO  edu.bjut.boudia.myMain - meter_6188487263113977241:repMsg
BruceChen 08:24:18.316 [main] INFO  edu.bjut.boudia.myMain - meter_6188487263113977241:26664300
BruceChen 08:24:18.316 [main] INFO  edu.bjut.boudia.myMain - meter_632577989229875103:repMsg
BruceChen 08:24:18.316 [main] INFO  edu.bjut.boudia.myMain - meter_632577989229875103:26589700
BruceChen 08:24:18.316 [main] INFO  edu.bjut.boudia.myMain - meter_5258872247027239837:repMsg
BruceChen 08:24:18.316 [main] INFO  edu.bjut.boudia.myMain - meter_5258872247027239837:26664500
BruceChen 08:24:18.316 [main] INFO  edu.bjut.boudia.myMain - meter_2983484827861546341:repMsg
BruceChen 08:24:18.316 [main] INFO  edu.bjut.boudia.myMain - meter_2983484827861546341:26587400
BruceChen 08:24:18.316 [main] INFO  edu.bjut.boudia.myMain - meter_4092404603710338745:repMsg
BruceChen 08:24:18.316 [main] INFO  edu.bjut.boudia.myMain - meter_4092404603710338745:26572500
