BruceChen 09:24:41.198 [main] INFO  edu.bjut.boudia.myMain - oneTimeMeterRegTime
BruceChen 09:24:41.995 [main] INFO  edu.bjut.boudia.myMain - server:pubkey
BruceChen 09:24:41.995 [main] INFO  edu.bjut.boudia.myMain - server:206500
BruceChen 09:24:41.995 [main] INFO  edu.bjut.boudia.myMain - agg:regMsg,regMsg,regMsg,regMsg,regMsg,regMsg,regMsg,regMsg,regMsg,regMsg,regMsg,regMsg,regMsg,regMsg,regMsg,regMsg,regMsg,regMsg,regMsg,regMsg,regMsg,regMsg,regMsg,regMsg,regMsg,regMsg,regMsg,regMsg,regMsg,regMsg,regMsg,regMsg,regMsg,regMsg,regMsg,regMsg,regMsg,regMsg,regMsg,regMsg,regMsg,regMsg,regMsg,regMsg,regMsg,regMsg,regMsg,regMsg,regMsg,regMsg,regMsg,regMsg,regMsg,regMsg,regMsg,regMsg,regMsg,regMsg,regMsg,regMsg
BruceChen 09:24:42.006 [main] INFO  edu.bjut.boudia.myMain - agg:6615300,6558600,6533700,6523700,6536700,6550100,6578900,6512600,6533700,6516700,6539500,6552800,6543900,6523400,6588000,6504900,6506500,6533700,6561300,6499900,6491100,6538200,6678300,6501700,6488500,6519200,6484600,6469500,6490500,6841200,6549400,6488800,6530400,9328700,6490200,6527200,6521800,6522200,6529800,6503100,6530500,6507800,6444500,6434200,6475000,6488500,6499900,6427200,6530400,6534700,6589200,6522100,6468700,6523100,6506800,6512300,6309000,6340500,6431100,6560900
BruceChen 09:24:42.006 [main] INFO  edu.bjut.boudia.myMain - meter_7528000107357464987:regMsg,reg_backagg,reg_cc
BruceChen 09:24:42.006 [main] INFO  edu.bjut.boudia.myMain - meter_7528000107357464987:2500,6594200,3800
BruceChen 09:24:42.006 [main] INFO  edu.bjut.boudia.myMain - meter_3773185378224531913:regMsg,reg_backagg,reg_cc
BruceChen 09:24:42.006 [main] INFO  edu.bjut.boudia.myMain - meter_3773185378224531913:300,6647700,400
BruceChen 09:24:42.006 [main] INFO  edu.bjut.boudia.myMain - meter_3546589173142900385:regMsg,reg_backagg,reg_cc
BruceChen 09:24:42.006 [main] INFO  edu.bjut.boudia.myMain - meter_3546589173142900385:300,6539400,300
BruceChen 09:24:42.006 [main] INFO  edu.bjut.boudia.myMain - meter_5598222426371451303:regMsg,reg_backagg,reg_cc
BruceChen 09:24:42.006 [main] INFO  edu.bjut.boudia.myMain - meter_5598222426371451303:300,6471900,300
BruceChen 09:24:42.006 [main] INFO  edu.bjut.boudia.myMain - meter_4738487298084522603:regMsg,reg_backagg,reg_cc
BruceChen 09:24:42.006 [main] INFO  edu.bjut.boudia.myMain - meter_4738487298084522603:200,6564800,400
BruceChen 09:24:42.006 [main] INFO  edu.bjut.boudia.myMain - meter_4642284618881507047:regMsg,reg_backagg,reg_cc
BruceChen 09:24:42.006 [main] INFO  edu.bjut.boudia.myMain - meter_4642284618881507047:400,6486700,500
BruceChen 09:24:42.006 [main] INFO  edu.bjut.boudia.myMain - meter_370297547861450859:regMsg,reg_backagg,reg_cc
BruceChen 09:24:42.006 [main] INFO  edu.bjut.boudia.myMain - meter_370297547861450859:400,6457600,400
BruceChen 09:24:42.006 [main] INFO  edu.bjut.boudia.myMain - meter_3734468424118153953:regMsg,reg_backagg,reg_cc
BruceChen 09:24:42.006 [main] INFO  edu.bjut.boudia.myMain - meter_3734468424118153953:400,6530700,400
BruceChen 09:24:42.006 [main] INFO  edu.bjut.boudia.myMain - meter_4205353682898212115:regMsg,reg_backagg,reg_cc
BruceChen 09:24:42.006 [main] INFO  edu.bjut.boudia.myMain - meter_4205353682898212115:400,6596600,300
BruceChen 09:24:42.006 [main] INFO  edu.bjut.boudia.myMain - meter_1357449190920976567:regMsg,reg_backagg,reg_cc
BruceChen 09:24:42.006 [main] INFO  edu.bjut.boudia.myMain - meter_1357449190920976567:300,6523300,400
BruceChen 09:24:42.006 [main] INFO  edu.bjut.boudia.myMain - meter_8181047609476856699:regMsg,reg_backagg,reg_cc
BruceChen 09:24:42.006 [main] INFO  edu.bjut.boudia.myMain - meter_8181047609476856699:300,6490900,400
BruceChen 09:24:42.006 [main] INFO  edu.bjut.boudia.myMain - meter_111991023688732003:regMsg,reg_backagg,reg_cc
BruceChen 09:24:42.006 [main] INFO  edu.bjut.boudia.myMain - meter_111991023688732003:200,6625800,500
BruceChen 09:24:42.006 [main] INFO  edu.bjut.boudia.myMain - meter_918414741792555355:regMsg,reg_backagg,reg_cc
BruceChen 09:24:42.006 [main] INFO  edu.bjut.boudia.myMain - meter_918414741792555355:300,6510200,400
BruceChen 09:24:42.006 [main] INFO  edu.bjut.boudia.myMain - meter_8501032275866243293:regMsg,reg_backagg,reg_cc
BruceChen 09:24:42.006 [main] INFO  edu.bjut.boudia.myMain - meter_8501032275866243293:300,6470700,400
BruceChen 09:24:42.006 [main] INFO  edu.bjut.boudia.myMain - meter_6343797717477242139:regMsg,reg_backagg,reg_cc
BruceChen 09:24:42.006 [main] INFO  edu.bjut.boudia.myMain - meter_6343797717477242139:300,6497800,300
BruceChen 09:24:42.006 [main] INFO  edu.bjut.boudia.myMain - meter_642365383079348141:regMsg,reg_backagg,reg_cc
BruceChen 09:24:42.006 [main] INFO  edu.bjut.boudia.myMain - meter_642365383079348141:400,6467800,300
BruceChen 09:24:42.006 [main] INFO  edu.bjut.boudia.myMain - meter_8767516075022665649:regMsg,reg_backagg,reg_cc
BruceChen 09:24:42.006 [main] INFO  edu.bjut.boudia.myMain - meter_8767516075022665649:200,6536300,300
BruceChen 09:24:42.006 [main] INFO  edu.bjut.boudia.myMain - meter_732792436304186769:regMsg,reg_backagg,reg_cc
BruceChen 09:24:42.006 [main] INFO  edu.bjut.boudia.myMain - meter_732792436304186769:200,6526400,300
BruceChen 09:24:42.006 [main] INFO  edu.bjut.boudia.myMain - meter_5569805963039864187:regMsg,reg_backagg,reg_cc
BruceChen 09:24:42.006 [main] INFO  edu.bjut.boudia.myMain - meter_5569805963039864187:300,6541900,500
BruceChen 09:24:42.006 [main] INFO  edu.bjut.boudia.myMain - meter_8506081572696852153:regMsg,reg_backagg,reg_cc
BruceChen 09:24:42.006 [main] INFO  edu.bjut.boudia.myMain - meter_8506081572696852153:300,6635000,400
BruceChen 09:24:42.006 [main] INFO  edu.bjut.boudia.myMain - meter_8883378202410376837:regMsg,reg_backagg,reg_cc
BruceChen 09:24:42.006 [main] INFO  edu.bjut.boudia.myMain - meter_8883378202410376837:300,6526600,400
BruceChen 09:24:42.006 [main] INFO  edu.bjut.boudia.myMain - meter_8635249003595344865:regMsg,reg_backagg,reg_cc
BruceChen 09:24:42.006 [main] INFO  edu.bjut.boudia.myMain - meter_8635249003595344865:400,6435500,400
BruceChen 09:24:42.006 [main] INFO  edu.bjut.boudia.myMain - meter_6771684730823624939:regMsg,reg_backagg,reg_cc
BruceChen 09:24:42.006 [main] INFO  edu.bjut.boudia.myMain - meter_6771684730823624939:300,6688900,500
BruceChen 09:24:42.006 [main] INFO  edu.bjut.boudia.myMain - meter_4077734624336639071:regMsg,reg_backagg,reg_cc
BruceChen 09:24:42.006 [main] INFO  edu.bjut.boudia.myMain - meter_4077734624336639071:300,6363900,400
BruceChen 09:24:42.006 [main] INFO  edu.bjut.boudia.myMain - meter_5807561562664096013:regMsg,reg_backagg,reg_cc
BruceChen 09:24:42.006 [main] INFO  edu.bjut.boudia.myMain - meter_5807561562664096013:300,6579500,300
BruceChen 09:24:42.006 [main] INFO  edu.bjut.boudia.myMain - meter_2522339883447479777:regMsg,reg_backagg,reg_cc
BruceChen 09:24:42.006 [main] INFO  edu.bjut.boudia.myMain - meter_2522339883447479777:300,6520100,300
BruceChen 09:24:42.006 [main] INFO  edu.bjut.boudia.myMain - meter_7109727407587575363:regMsg,reg_backagg,reg_cc
BruceChen 09:24:42.006 [main] INFO  edu.bjut.boudia.myMain - meter_7109727407587575363:200,6532100,400
BruceChen 09:24:42.006 [main] INFO  edu.bjut.boudia.myMain - meter_6225247364539717441:regMsg,reg_backagg,reg_cc
BruceChen 09:24:42.006 [main] INFO  edu.bjut.boudia.myMain - meter_6225247364539717441:400,6436100,300
BruceChen 09:24:42.006 [main] INFO  edu.bjut.boudia.myMain - meter_8576648439742147177:regMsg,reg_backagg,reg_cc
BruceChen 09:24:42.006 [main] INFO  edu.bjut.boudia.myMain - meter_8576648439742147177:300,6417700,300
BruceChen 09:24:42.006 [main] INFO  edu.bjut.boudia.myMain - meter_5039696439687872605:regMsg,reg_backagg,reg_cc
BruceChen 09:24:42.006 [main] INFO  edu.bjut.boudia.myMain - meter_5039696439687872605:200,6518800,400
BruceChen 09:24:42.006 [main] INFO  edu.bjut.boudia.myMain - meter_9139418248739642245:regMsg,reg_backagg,reg_cc
BruceChen 09:24:42.006 [main] INFO  edu.bjut.boudia.myMain - meter_9139418248739642245:400,6591500,400
BruceChen 09:24:42.006 [main] INFO  edu.bjut.boudia.myMain - meter_2820047315297921527:regMsg,reg_backagg,reg_cc
BruceChen 09:24:42.006 [main] INFO  edu.bjut.boudia.myMain - meter_2820047315297921527:1300,6548200,300
BruceChen 09:24:42.006 [main] INFO  edu.bjut.boudia.myMain - meter_970154300977497765:regMsg,reg_backagg,reg_cc
BruceChen 09:24:42.006 [main] INFO  edu.bjut.boudia.myMain - meter_970154300977497765:600,6534800,300
BruceChen 09:24:42.006 [main] INFO  edu.bjut.boudia.myMain - meter_7967207860884143499:regMsg,reg_backagg,reg_cc
BruceChen 09:24:42.006 [main] INFO  edu.bjut.boudia.myMain - meter_7967207860884143499:300,6703000,600
BruceChen 09:24:42.006 [main] INFO  edu.bjut.boudia.myMain - meter_601663551401144825:regMsg,reg_backagg,reg_cc
BruceChen 09:24:42.006 [main] INFO  edu.bjut.boudia.myMain - meter_601663551401144825:300,6549700,400
BruceChen 09:24:42.006 [main] INFO  edu.bjut.boudia.myMain - meter_8531211859519744159:regMsg,reg_backagg,reg_cc
BruceChen 09:24:42.006 [main] INFO  edu.bjut.boudia.myMain - meter_8531211859519744159:200,6570700,200
BruceChen 09:24:42.006 [main] INFO  edu.bjut.boudia.myMain - meter_8468375981827381635:regMsg,reg_backagg,reg_cc
BruceChen 09:24:42.006 [main] INFO  edu.bjut.boudia.myMain - meter_8468375981827381635:300,6515300,400
BruceChen 09:24:42.006 [main] INFO  edu.bjut.boudia.myMain - meter_5969535573993770529:regMsg,reg_backagg,reg_cc
BruceChen 09:24:42.006 [main] INFO  edu.bjut.boudia.myMain - meter_5969535573993770529:200,6536100,300
BruceChen 09:24:42.006 [main] INFO  edu.bjut.boudia.myMain - meter_8970763979713087837:regMsg,reg_backagg,reg_cc
BruceChen 09:24:42.006 [main] INFO  edu.bjut.boudia.myMain - meter_8970763979713087837:500,6534000,400
BruceChen 09:24:42.006 [main] INFO  edu.bjut.boudia.myMain - meter_1689656419854381705:regMsg,reg_backagg,reg_cc
BruceChen 09:24:42.006 [main] INFO  edu.bjut.boudia.myMain - meter_1689656419854381705:400,6824100,400
BruceChen 09:24:42.006 [main] INFO  edu.bjut.boudia.myMain - meter_4366374538230267191:regMsg,reg_backagg,reg_cc
BruceChen 09:24:42.006 [main] INFO  edu.bjut.boudia.myMain - meter_4366374538230267191:300,6562300,200
BruceChen 09:24:42.006 [main] INFO  edu.bjut.boudia.myMain - meter_4813254194971903249:regMsg,reg_backagg,reg_cc
BruceChen 09:24:42.006 [main] INFO  edu.bjut.boudia.myMain - meter_4813254194971903249:500,6577500,300
BruceChen 09:24:42.006 [main] INFO  edu.bjut.boudia.myMain - meter_8827694139329215017:regMsg,reg_backagg,reg_cc
BruceChen 09:24:42.006 [main] INFO  edu.bjut.boudia.myMain - meter_8827694139329215017:200,6371500,300
BruceChen 09:24:42.006 [main] INFO  edu.bjut.boudia.myMain - meter_4941732122312134899:regMsg,reg_backagg,reg_cc
BruceChen 09:24:42.006 [main] INFO  edu.bjut.boudia.myMain - meter_4941732122312134899:300,6495300,300
BruceChen 09:24:42.006 [main] INFO  edu.bjut.boudia.myMain - meter_7023015411472141261:regMsg,reg_backagg,reg_cc
BruceChen 09:24:42.006 [main] INFO  edu.bjut.boudia.myMain - meter_7023015411472141261:200,6380800,400
BruceChen 09:24:42.006 [main] INFO  edu.bjut.boudia.myMain - meter_378954296549190695:regMsg,reg_backagg,reg_cc
BruceChen 09:24:42.006 [main] INFO  edu.bjut.boudia.myMain - meter_378954296549190695:300,6448600,200
BruceChen 09:24:42.006 [main] INFO  edu.bjut.boudia.myMain - meter_8149393233045817347:regMsg,reg_backagg,reg_cc
BruceChen 09:24:42.006 [main] INFO  edu.bjut.boudia.myMain - meter_8149393233045817347:300,6439200,500
BruceChen 09:24:42.006 [main] INFO  edu.bjut.boudia.myMain - meter_2574813803554944019:regMsg,reg_backagg,reg_cc
BruceChen 09:24:42.006 [main] INFO  edu.bjut.boudia.myMain - meter_2574813803554944019:300,6384200,300
BruceChen 09:24:42.006 [main] INFO  edu.bjut.boudia.myMain - meter_2420754210265718089:regMsg,reg_backagg,reg_cc
BruceChen 09:24:42.006 [main] INFO  edu.bjut.boudia.myMain - meter_2420754210265718089:200,6491900,300
BruceChen 09:24:42.006 [main] INFO  edu.bjut.boudia.myMain - meter_3494697612383176169:regMsg,reg_backagg,reg_cc
BruceChen 09:24:42.006 [main] INFO  edu.bjut.boudia.myMain - meter_3494697612383176169:300,6514700,400
BruceChen 09:24:42.006 [main] INFO  edu.bjut.boudia.myMain - meter_3022638585849882257:regMsg,reg_backagg,reg_cc
BruceChen 09:24:42.006 [main] INFO  edu.bjut.boudia.myMain - meter_3022638585849882257:300,6500200,200
BruceChen 09:24:42.006 [main] INFO  edu.bjut.boudia.myMain - meter_525795116989140685:regMsg,reg_backagg,reg_cc
BruceChen 09:24:42.006 [main] INFO  edu.bjut.boudia.myMain - meter_525795116989140685:400,6468000,300
BruceChen 09:24:42.006 [main] INFO  edu.bjut.boudia.myMain - meter_5566959897314025407:regMsg,reg_backagg,reg_cc
BruceChen 09:24:42.006 [main] INFO  edu.bjut.boudia.myMain - meter_5566959897314025407:300,6535700,300
BruceChen 09:24:42.006 [main] INFO  edu.bjut.boudia.myMain - meter_681035312623206981:regMsg,reg_backagg,reg_cc
BruceChen 09:24:42.006 [main] INFO  edu.bjut.boudia.myMain - meter_681035312623206981:300,6427600,200
BruceChen 09:24:42.006 [main] INFO  edu.bjut.boudia.myMain - meter_8239249001358911707:regMsg,reg_backagg,reg_cc
BruceChen 09:24:42.006 [main] INFO  edu.bjut.boudia.myMain - meter_8239249001358911707:300,6563200,300
BruceChen 09:24:42.006 [main] INFO  edu.bjut.boudia.myMain - meter_2462918229336382609:regMsg,reg_backagg,reg_cc
BruceChen 09:24:42.006 [main] INFO  edu.bjut.boudia.myMain - meter_2462918229336382609:200,6450000,300
BruceChen 09:24:42.006 [main] INFO  edu.bjut.boudia.myMain - meter_2452774885251348125:regMsg,reg_backagg,reg_cc
BruceChen 09:24:42.006 [main] INFO  edu.bjut.boudia.myMain - meter_2452774885251348125:200,6361800,200
BruceChen 09:24:42.006 [main] INFO  edu.bjut.boudia.myMain - meter_81603152577735827:regMsg,reg_backagg,reg_cc
BruceChen 09:24:42.006 [main] INFO  edu.bjut.boudia.myMain - meter_81603152577735827:200,6373400,200
BruceChen 09:24:42.006 [main] INFO  edu.bjut.boudia.myMain - meter_1874569905572155559:regMsg,reg_backagg,reg_cc
BruceChen 09:24:42.006 [main] INFO  edu.bjut.boudia.myMain - meter_1874569905572155559:300,6456900,300
BruceChen 09:24:42.006 [main] INFO  edu.bjut.boudia.myMain - meter_4414797895609388023:regMsg,reg_backagg,reg_cc
BruceChen 09:24:42.006 [main] INFO  edu.bjut.boudia.myMain - meter_4414797895609388023:300,6491600,200
BruceChen 09:24:42.782 [main] INFO  edu.bjut.boudia.myMain - oneTimeMeterRepTime
BruceChen 09:24:44.791 [main] INFO  edu.bjut.boudia.myMain - server:repMsg
BruceChen 09:24:44.791 [main] INFO  edu.bjut.boudia.myMain - server:30392700
BruceChen 09:24:44.791 [main] INFO  edu.bjut.boudia.myMain - agg:repMsg
BruceChen 09:24:44.791 [main] INFO  edu.bjut.boudia.myMain - agg:412697200
BruceChen 09:24:44.791 [main] INFO  edu.bjut.boudia.myMain - meter_7528000107357464987:repMsg
BruceChen 09:24:44.791 [main] INFO  edu.bjut.boudia.myMain - meter_7528000107357464987:35581900
BruceChen 09:24:44.791 [main] INFO  edu.bjut.boudia.myMain - meter_3773185378224531913:repMsg
BruceChen 09:24:44.791 [main] INFO  edu.bjut.boudia.myMain - meter_3773185378224531913:26389200
BruceChen 09:24:44.791 [main] INFO  edu.bjut.boudia.myMain - meter_3546589173142900385:repMsg
BruceChen 09:24:44.791 [main] INFO  edu.bjut.boudia.myMain - meter_3546589173142900385:26463500
BruceChen 09:24:44.791 [main] INFO  edu.bjut.boudia.myMain - meter_5598222426371451303:repMsg
BruceChen 09:24:44.791 [main] INFO  edu.bjut.boudia.myMain - meter_5598222426371451303:26172600
BruceChen 09:24:44.791 [main] INFO  edu.bjut.boudia.myMain - meter_4738487298084522603:repMsg
BruceChen 09:24:44.791 [main] INFO  edu.bjut.boudia.myMain - meter_4738487298084522603:26588000
BruceChen 09:24:44.791 [main] INFO  edu.bjut.boudia.myMain - meter_4642284618881507047:repMsg
BruceChen 09:24:44.791 [main] INFO  edu.bjut.boudia.myMain - meter_4642284618881507047:26192000
BruceChen 09:24:44.791 [main] INFO  edu.bjut.boudia.myMain - meter_370297547861450859:repMsg
BruceChen 09:24:44.791 [main] INFO  edu.bjut.boudia.myMain - meter_370297547861450859:26128900
BruceChen 09:24:44.791 [main] INFO  edu.bjut.boudia.myMain - meter_3734468424118153953:repMsg
BruceChen 09:24:44.791 [main] INFO  edu.bjut.boudia.myMain - meter_3734468424118153953:26123600
BruceChen 09:24:44.791 [main] INFO  edu.bjut.boudia.myMain - meter_4205353682898212115:repMsg
BruceChen 09:24:44.791 [main] INFO  edu.bjut.boudia.myMain - meter_4205353682898212115:25630500
BruceChen 09:24:44.791 [main] INFO  edu.bjut.boudia.myMain - meter_1357449190920976567:repMsg
BruceChen 09:24:44.791 [main] INFO  edu.bjut.boudia.myMain - meter_1357449190920976567:25508000
BruceChen 09:24:44.791 [main] INFO  edu.bjut.boudia.myMain - meter_8181047609476856699:repMsg
BruceChen 09:24:44.791 [main] INFO  edu.bjut.boudia.myMain - meter_8181047609476856699:28601300
BruceChen 09:24:44.791 [main] INFO  edu.bjut.boudia.myMain - meter_111991023688732003:repMsg
BruceChen 09:24:44.791 [main] INFO  edu.bjut.boudia.myMain - meter_111991023688732003:26362300
BruceChen 09:24:44.791 [main] INFO  edu.bjut.boudia.myMain - meter_918414741792555355:repMsg
BruceChen 09:24:44.791 [main] INFO  edu.bjut.boudia.myMain - meter_918414741792555355:26628000
BruceChen 09:24:44.791 [main] INFO  edu.bjut.boudia.myMain - meter_8501032275866243293:repMsg
BruceChen 09:24:44.791 [main] INFO  edu.bjut.boudia.myMain - meter_8501032275866243293:26057200
BruceChen 09:24:44.791 [main] INFO  edu.bjut.boudia.myMain - meter_6343797717477242139:repMsg
BruceChen 09:24:44.791 [main] INFO  edu.bjut.boudia.myMain - meter_6343797717477242139:26207200
BruceChen 09:24:44.791 [main] INFO  edu.bjut.boudia.myMain - meter_642365383079348141:repMsg
BruceChen 09:24:44.791 [main] INFO  edu.bjut.boudia.myMain - meter_642365383079348141:25850200
BruceChen 09:24:44.791 [main] INFO  edu.bjut.boudia.myMain - meter_8767516075022665649:repMsg
BruceChen 09:24:44.791 [main] INFO  edu.bjut.boudia.myMain - meter_8767516075022665649:25450700
BruceChen 09:24:44.791 [main] INFO  edu.bjut.boudia.myMain - meter_732792436304186769:repMsg
BruceChen 09:24:44.791 [main] INFO  edu.bjut.boudia.myMain - meter_732792436304186769:25466100
BruceChen 09:24:44.791 [main] INFO  edu.bjut.boudia.myMain - meter_5569805963039864187:repMsg
BruceChen 09:24:44.791 [main] INFO  edu.bjut.boudia.myMain - meter_5569805963039864187:25425100
BruceChen 09:24:44.791 [main] INFO  edu.bjut.boudia.myMain - meter_8506081572696852153:repMsg
BruceChen 09:24:44.791 [main] INFO  edu.bjut.boudia.myMain - meter_8506081572696852153:25468900
BruceChen 09:24:44.791 [main] INFO  edu.bjut.boudia.myMain - meter_8883378202410376837:repMsg
BruceChen 09:24:44.791 [main] INFO  edu.bjut.boudia.myMain - meter_8883378202410376837:25452700
BruceChen 09:24:44.791 [main] INFO  edu.bjut.boudia.myMain - meter_8635249003595344865:repMsg
BruceChen 09:24:44.791 [main] INFO  edu.bjut.boudia.myMain - meter_8635249003595344865:25586600
BruceChen 09:24:44.806 [main] INFO  edu.bjut.boudia.myMain - meter_6771684730823624939:repMsg
BruceChen 09:24:44.806 [main] INFO  edu.bjut.boudia.myMain - meter_6771684730823624939:25526700
BruceChen 09:24:44.806 [main] INFO  edu.bjut.boudia.myMain - meter_4077734624336639071:repMsg
BruceChen 09:24:44.806 [main] INFO  edu.bjut.boudia.myMain - meter_4077734624336639071:25675500
BruceChen 09:24:44.806 [main] INFO  edu.bjut.boudia.myMain - meter_5807561562664096013:repMsg
BruceChen 09:24:44.806 [main] INFO  edu.bjut.boudia.myMain - meter_5807561562664096013:25272600
BruceChen 09:24:44.806 [main] INFO  edu.bjut.boudia.myMain - meter_2522339883447479777:repMsg
BruceChen 09:24:44.806 [main] INFO  edu.bjut.boudia.myMain - meter_2522339883447479777:25334600
BruceChen 09:24:44.806 [main] INFO  edu.bjut.boudia.myMain - meter_7109727407587575363:repMsg
BruceChen 09:24:44.806 [main] INFO  edu.bjut.boudia.myMain - meter_7109727407587575363:25573700
BruceChen 09:24:44.806 [main] INFO  edu.bjut.boudia.myMain - meter_6225247364539717441:repMsg
BruceChen 09:24:44.806 [main] INFO  edu.bjut.boudia.myMain - meter_6225247364539717441:25357600
BruceChen 09:24:44.806 [main] INFO  edu.bjut.boudia.myMain - meter_8576648439742147177:repMsg
BruceChen 09:24:44.806 [main] INFO  edu.bjut.boudia.myMain - meter_8576648439742147177:25396500
BruceChen 09:24:44.806 [main] INFO  edu.bjut.boudia.myMain - meter_5039696439687872605:repMsg
BruceChen 09:24:44.806 [main] INFO  edu.bjut.boudia.myMain - meter_5039696439687872605:25635600
BruceChen 09:24:44.806 [main] INFO  edu.bjut.boudia.myMain - meter_9139418248739642245:repMsg
BruceChen 09:24:44.806 [main] INFO  edu.bjut.boudia.myMain - meter_9139418248739642245:25384200
BruceChen 09:24:44.806 [main] INFO  edu.bjut.boudia.myMain - meter_2820047315297921527:repMsg
BruceChen 09:24:44.806 [main] INFO  edu.bjut.boudia.myMain - meter_2820047315297921527:25579200
BruceChen 09:24:44.806 [main] INFO  edu.bjut.boudia.myMain - meter_970154300977497765:repMsg
BruceChen 09:24:44.806 [main] INFO  edu.bjut.boudia.myMain - meter_970154300977497765:25304000
BruceChen 09:24:44.806 [main] INFO  edu.bjut.boudia.myMain - meter_7967207860884143499:repMsg
BruceChen 09:24:44.806 [main] INFO  edu.bjut.boudia.myMain - meter_7967207860884143499:25452100
BruceChen 09:24:44.806 [main] INFO  edu.bjut.boudia.myMain - meter_601663551401144825:repMsg
BruceChen 09:24:44.806 [main] INFO  edu.bjut.boudia.myMain - meter_601663551401144825:25495300
BruceChen 09:24:44.806 [main] INFO  edu.bjut.boudia.myMain - meter_8531211859519744159:repMsg
BruceChen 09:24:44.806 [main] INFO  edu.bjut.boudia.myMain - meter_8531211859519744159:25960200
BruceChen 09:24:44.806 [main] INFO  edu.bjut.boudia.myMain - meter_8468375981827381635:repMsg
BruceChen 09:24:44.806 [main] INFO  edu.bjut.boudia.myMain - meter_8468375981827381635:25507700
BruceChen 09:24:44.806 [main] INFO  edu.bjut.boudia.myMain - meter_5969535573993770529:repMsg
BruceChen 09:24:44.806 [main] INFO  edu.bjut.boudia.myMain - meter_5969535573993770529:29277400
BruceChen 09:24:44.806 [main] INFO  edu.bjut.boudia.myMain - meter_8970763979713087837:repMsg
BruceChen 09:24:44.806 [main] INFO  edu.bjut.boudia.myMain - meter_8970763979713087837:26200900
BruceChen 09:24:44.806 [main] INFO  edu.bjut.boudia.myMain - meter_1689656419854381705:repMsg
BruceChen 09:24:44.806 [main] INFO  edu.bjut.boudia.myMain - meter_1689656419854381705:25717500
BruceChen 09:24:44.806 [main] INFO  edu.bjut.boudia.myMain - meter_4366374538230267191:repMsg
BruceChen 09:24:44.806 [main] INFO  edu.bjut.boudia.myMain - meter_4366374538230267191:26041600
BruceChen 09:24:44.806 [main] INFO  edu.bjut.boudia.myMain - meter_4813254194971903249:repMsg
BruceChen 09:24:44.806 [main] INFO  edu.bjut.boudia.myMain - meter_4813254194971903249:26104400
BruceChen 09:24:44.806 [main] INFO  edu.bjut.boudia.myMain - meter_8827694139329215017:repMsg
BruceChen 09:24:44.806 [main] INFO  edu.bjut.boudia.myMain - meter_8827694139329215017:26211100
BruceChen 09:24:44.806 [main] INFO  edu.bjut.boudia.myMain - meter_4941732122312134899:repMsg
BruceChen 09:24:44.806 [main] INFO  edu.bjut.boudia.myMain - meter_4941732122312134899:25853000
BruceChen 09:24:44.806 [main] INFO  edu.bjut.boudia.myMain - meter_7023015411472141261:repMsg
BruceChen 09:24:44.806 [main] INFO  edu.bjut.boudia.myMain - meter_7023015411472141261:26161100
BruceChen 09:24:44.806 [main] INFO  edu.bjut.boudia.myMain - meter_378954296549190695:repMsg
BruceChen 09:24:44.806 [main] INFO  edu.bjut.boudia.myMain - meter_378954296549190695:26161800
BruceChen 09:24:44.806 [main] INFO  edu.bjut.boudia.myMain - meter_8149393233045817347:repMsg
BruceChen 09:24:44.806 [main] INFO  edu.bjut.boudia.myMain - meter_8149393233045817347:25871500
BruceChen 09:24:44.806 [main] INFO  edu.bjut.boudia.myMain - meter_2574813803554944019:repMsg
BruceChen 09:24:44.806 [main] INFO  edu.bjut.boudia.myMain - meter_2574813803554944019:25398100
BruceChen 09:24:44.806 [main] INFO  edu.bjut.boudia.myMain - meter_2420754210265718089:repMsg
BruceChen 09:24:44.806 [main] INFO  edu.bjut.boudia.myMain - meter_2420754210265718089:25421200
BruceChen 09:24:44.806 [main] INFO  edu.bjut.boudia.myMain - meter_3494697612383176169:repMsg
BruceChen 09:24:44.806 [main] INFO  edu.bjut.boudia.myMain - meter_3494697612383176169:25434300
BruceChen 09:24:44.806 [main] INFO  edu.bjut.boudia.myMain - meter_3022638585849882257:repMsg
BruceChen 09:24:44.806 [main] INFO  edu.bjut.boudia.myMain - meter_3022638585849882257:25509200
BruceChen 09:24:44.806 [main] INFO  edu.bjut.boudia.myMain - meter_525795116989140685:repMsg
BruceChen 09:24:44.806 [main] INFO  edu.bjut.boudia.myMain - meter_525795116989140685:30545700
BruceChen 09:24:44.806 [main] INFO  edu.bjut.boudia.myMain - meter_5566959897314025407:repMsg
BruceChen 09:24:44.806 [main] INFO  edu.bjut.boudia.myMain - meter_5566959897314025407:25469800
BruceChen 09:24:44.806 [main] INFO  edu.bjut.boudia.myMain - meter_681035312623206981:repMsg
BruceChen 09:24:44.806 [main] INFO  edu.bjut.boudia.myMain - meter_681035312623206981:25583100
BruceChen 09:24:44.806 [main] INFO  edu.bjut.boudia.myMain - meter_8239249001358911707:repMsg
BruceChen 09:24:44.806 [main] INFO  edu.bjut.boudia.myMain - meter_8239249001358911707:25351700
BruceChen 09:24:44.806 [main] INFO  edu.bjut.boudia.myMain - meter_2462918229336382609:repMsg
BruceChen 09:24:44.806 [main] INFO  edu.bjut.boudia.myMain - meter_2462918229336382609:25280100
BruceChen 09:24:44.806 [main] INFO  edu.bjut.boudia.myMain - meter_2452774885251348125:repMsg
BruceChen 09:24:44.806 [main] INFO  edu.bjut.boudia.myMain - meter_2452774885251348125:25626700
BruceChen 09:24:44.806 [main] INFO  edu.bjut.boudia.myMain - meter_81603152577735827:repMsg
BruceChen 09:24:44.806 [main] INFO  edu.bjut.boudia.myMain - meter_81603152577735827:25299600
BruceChen 09:24:44.806 [main] INFO  edu.bjut.boudia.myMain - meter_1874569905572155559:repMsg
BruceChen 09:24:44.806 [main] INFO  edu.bjut.boudia.myMain - meter_1874569905572155559:25579200
BruceChen 09:24:44.806 [main] INFO  edu.bjut.boudia.myMain - meter_4414797895609388023:repMsg
BruceChen 09:24:44.806 [main] INFO  edu.bjut.boudia.myMain - meter_4414797895609388023:25510800
BruceChen 09:24:48.152 [main] INFO  edu.bjut.boudia.myMain - oneTimeMeterRegTime
BruceChen 09:24:48.795 [main] INFO  edu.bjut.boudia.myMain - server:pubkey
BruceChen 09:24:48.795 [main] INFO  edu.bjut.boudia.myMain - server:800
BruceChen 09:24:48.795 [main] INFO  edu.bjut.boudia.myMain - agg:regMsg,regMsg,regMsg,regMsg,regMsg,regMsg,regMsg,regMsg,regMsg,regMsg,regMsg,regMsg,regMsg,regMsg,regMsg,regMsg,regMsg,regMsg,regMsg,regMsg,regMsg,regMsg,regMsg,regMsg,regMsg,regMsg,regMsg,regMsg,regMsg,regMsg,regMsg,regMsg,regMsg,regMsg,regMsg,regMsg,regMsg,regMsg,regMsg,regMsg,regMsg,regMsg,regMsg,regMsg,regMsg,regMsg,regMsg,regMsg,regMsg,regMsg
BruceChen 09:24:48.795 [main] INFO  edu.bjut.boudia.myMain - agg:6494900,6522500,6532600,6479900,6490500,6495600,6486900,6459700,6487600,6478000,6477000,6529600,6468900,6490000,6498800,6522900,6499700,6490200,6499800,6536500,6497600,6456200,6492600,6488000,6516500,6518400,6479500,6477000,6417500,6381000,6482400,6427800,9179600,6496800,6492100,6480500,6292100,6490400,6393700,6319900,6315900,7484300,6304600,6321700,6552300,6303700,6292900,6316000,6320300,6304100
BruceChen 09:24:48.795 [main] INFO  edu.bjut.boudia.myMain - meter_2212929384711638831:regMsg,reg_backagg,reg_cc
BruceChen 09:24:48.795 [main] INFO  edu.bjut.boudia.myMain - meter_2212929384711638831:600,6501300,800
BruceChen 09:24:48.795 [main] INFO  edu.bjut.boudia.myMain - meter_6645921838982549963:regMsg,reg_backagg,reg_cc
BruceChen 09:24:48.795 [main] INFO  edu.bjut.boudia.myMain - meter_6645921838982549963:400,6467100,300
BruceChen 09:24:48.795 [main] INFO  edu.bjut.boudia.myMain - meter_9074554957961507737:regMsg,reg_backagg,reg_cc
BruceChen 09:24:48.795 [main] INFO  edu.bjut.boudia.myMain - meter_9074554957961507737:700,6550600,400
BruceChen 09:24:48.795 [main] INFO  edu.bjut.boudia.myMain - meter_1578601393256938099:regMsg,reg_backagg,reg_cc
BruceChen 09:24:48.795 [main] INFO  edu.bjut.boudia.myMain - meter_1578601393256938099:400,6406500,300
BruceChen 09:24:48.795 [main] INFO  edu.bjut.boudia.myMain - meter_5546071251618811499:regMsg,reg_backagg,reg_cc
BruceChen 09:24:48.795 [main] INFO  edu.bjut.boudia.myMain - meter_5546071251618811499:400,6540400,400
BruceChen 09:24:48.795 [main] INFO  edu.bjut.boudia.myMain - meter_2769691049513538199:regMsg,reg_backagg,reg_cc
BruceChen 09:24:48.795 [main] INFO  edu.bjut.boudia.myMain - meter_2769691049513538199:300,6414100,400
BruceChen 09:24:48.795 [main] INFO  edu.bjut.boudia.myMain - meter_9200845659800788093:regMsg,reg_backagg,reg_cc
BruceChen 09:24:48.795 [main] INFO  edu.bjut.boudia.myMain - meter_9200845659800788093:3000,6515400,300
BruceChen 09:24:48.795 [main] INFO  edu.bjut.boudia.myMain - meter_7019463744649803287:regMsg,reg_backagg,reg_cc
BruceChen 09:24:48.795 [main] INFO  edu.bjut.boudia.myMain - meter_7019463744649803287:300,6530900,6100
BruceChen 09:24:48.795 [main] INFO  edu.bjut.boudia.myMain - meter_2612281227190825701:regMsg,reg_backagg,reg_cc
BruceChen 09:24:48.795 [main] INFO  edu.bjut.boudia.myMain - meter_2612281227190825701:300,6558100,600
BruceChen 09:24:48.795 [main] INFO  edu.bjut.boudia.myMain - meter_6960229459097758431:regMsg,reg_backagg,reg_cc
BruceChen 09:24:48.795 [main] INFO  edu.bjut.boudia.myMain - meter_6960229459097758431:400,6463100,400
BruceChen 09:24:48.795 [main] INFO  edu.bjut.boudia.myMain - meter_177414277806174521:regMsg,reg_backagg,reg_cc
BruceChen 09:24:48.795 [main] INFO  edu.bjut.boudia.myMain - meter_177414277806174521:700,6457800,400
BruceChen 09:24:48.795 [main] INFO  edu.bjut.boudia.myMain - meter_3578450276809045157:regMsg,reg_backagg,reg_cc
BruceChen 09:24:48.795 [main] INFO  edu.bjut.boudia.myMain - meter_3578450276809045157:700,6469300,300
BruceChen 09:24:48.795 [main] INFO  edu.bjut.boudia.myMain - meter_303514620364035347:regMsg,reg_backagg,reg_cc
BruceChen 09:24:48.795 [main] INFO  edu.bjut.boudia.myMain - meter_303514620364035347:400,6522200,300
BruceChen 09:24:48.795 [main] INFO  edu.bjut.boudia.myMain - meter_5904079348532294863:regMsg,reg_backagg,reg_cc
BruceChen 09:24:48.795 [main] INFO  edu.bjut.boudia.myMain - meter_5904079348532294863:400,6426800,300
BruceChen 09:24:48.795 [main] INFO  edu.bjut.boudia.myMain - meter_6113993083629086181:regMsg,reg_backagg,reg_cc
BruceChen 09:24:48.795 [main] INFO  edu.bjut.boudia.myMain - meter_6113993083629086181:400,6465600,500
BruceChen 09:24:48.795 [main] INFO  edu.bjut.boudia.myMain - meter_239412385558506847:regMsg,reg_backagg,reg_cc
BruceChen 09:24:48.795 [main] INFO  edu.bjut.boudia.myMain - meter_239412385558506847:400,6492200,300
BruceChen 09:24:48.795 [main] INFO  edu.bjut.boudia.myMain - meter_2270891553555385519:regMsg,reg_backagg,reg_cc
BruceChen 09:24:48.795 [main] INFO  edu.bjut.boudia.myMain - meter_2270891553555385519:300,6509900,300
BruceChen 09:24:48.795 [main] INFO  edu.bjut.boudia.myMain - meter_6485685849441264299:regMsg,reg_backagg,reg_cc
BruceChen 09:24:48.795 [main] INFO  edu.bjut.boudia.myMain - meter_6485685849441264299:600,6564300,400
BruceChen 09:24:48.795 [main] INFO  edu.bjut.boudia.myMain - meter_5671387920527810209:regMsg,reg_backagg,reg_cc
BruceChen 09:24:48.795 [main] INFO  edu.bjut.boudia.myMain - meter_5671387920527810209:500,6495800,200
BruceChen 09:24:48.795 [main] INFO  edu.bjut.boudia.myMain - meter_3305056602756985507:regMsg,reg_backagg,reg_cc
BruceChen 09:24:48.795 [main] INFO  edu.bjut.boudia.myMain - meter_3305056602756985507:400,6456200,300
BruceChen 09:24:48.795 [main] INFO  edu.bjut.boudia.myMain - meter_3282048459925147517:regMsg,reg_backagg,reg_cc
BruceChen 09:24:48.795 [main] INFO  edu.bjut.boudia.myMain - meter_3282048459925147517:800,6475600,400
BruceChen 09:24:48.795 [main] INFO  edu.bjut.boudia.myMain - meter_8958391169728239235:regMsg,reg_backagg,reg_cc
BruceChen 09:24:48.795 [main] INFO  edu.bjut.boudia.myMain - meter_8958391169728239235:600,6403200,300
BruceChen 09:24:48.795 [main] INFO  edu.bjut.boudia.myMain - meter_7781934097253575123:regMsg,reg_backagg,reg_cc
BruceChen 09:24:48.795 [main] INFO  edu.bjut.boudia.myMain - meter_7781934097253575123:400,6532000,300
BruceChen 09:24:48.795 [main] INFO  edu.bjut.boudia.myMain - meter_2672798515552810811:regMsg,reg_backagg,reg_cc
BruceChen 09:24:48.795 [main] INFO  edu.bjut.boudia.myMain - meter_2672798515552810811:300,6521100,200
BruceChen 09:24:48.795 [main] INFO  edu.bjut.boudia.myMain - meter_231573568801368943:regMsg,reg_backagg,reg_cc
BruceChen 09:24:48.795 [main] INFO  edu.bjut.boudia.myMain - meter_231573568801368943:300,6503500,200
BruceChen 09:24:48.795 [main] INFO  edu.bjut.boudia.myMain - meter_6874887401574523761:regMsg,reg_backagg,reg_cc
BruceChen 09:24:48.795 [main] INFO  edu.bjut.boudia.myMain - meter_6874887401574523761:200,6501400,300
BruceChen 09:24:48.795 [main] INFO  edu.bjut.boudia.myMain - meter_1275070483339968627:regMsg,reg_backagg,reg_cc
BruceChen 09:24:48.795 [main] INFO  edu.bjut.boudia.myMain - meter_1275070483339968627:400,6478700,100
BruceChen 09:24:48.795 [main] INFO  edu.bjut.boudia.myMain - meter_6308046121039293121:regMsg,reg_backagg,reg_cc
BruceChen 09:24:48.795 [main] INFO  edu.bjut.boudia.myMain - meter_6308046121039293121:300,6487000,100
BruceChen 09:24:48.795 [main] INFO  edu.bjut.boudia.myMain - meter_6404287609921465701:regMsg,reg_backagg,reg_cc
BruceChen 09:24:48.795 [main] INFO  edu.bjut.boudia.myMain - meter_6404287609921465701:300,6452900,400
BruceChen 09:24:48.795 [main] INFO  edu.bjut.boudia.myMain - meter_6145767220850789223:regMsg,reg_backagg,reg_cc
BruceChen 09:24:48.795 [main] INFO  edu.bjut.boudia.myMain - meter_6145767220850789223:600,6335900,200
BruceChen 09:24:48.795 [main] INFO  edu.bjut.boudia.myMain - meter_8656010799482824065:regMsg,reg_backagg,reg_cc
BruceChen 09:24:48.795 [main] INFO  edu.bjut.boudia.myMain - meter_8656010799482824065:300,6421500,400
BruceChen 09:24:48.795 [main] INFO  edu.bjut.boudia.myMain - meter_4908178392783257455:regMsg,reg_backagg,reg_cc
BruceChen 09:24:48.795 [main] INFO  edu.bjut.boudia.myMain - meter_4908178392783257455:700,6179900,400
BruceChen 09:24:48.795 [main] INFO  edu.bjut.boudia.myMain - meter_3189661521302895665:regMsg,reg_backagg,reg_cc
BruceChen 09:24:48.795 [main] INFO  edu.bjut.boudia.myMain - meter_3189661521302895665:300,6478900,300
BruceChen 09:24:48.795 [main] INFO  edu.bjut.boudia.myMain - meter_8003774156144754299:regMsg,reg_backagg,reg_cc
BruceChen 09:24:48.795 [main] INFO  edu.bjut.boudia.myMain - meter_8003774156144754299:1000,6455700,300
BruceChen 09:24:48.795 [main] INFO  edu.bjut.boudia.myMain - meter_5383413411829806961:regMsg,reg_backagg,reg_cc
BruceChen 09:24:48.795 [main] INFO  edu.bjut.boudia.myMain - meter_5383413411829806961:300,6598900,200
BruceChen 09:24:48.795 [main] INFO  edu.bjut.boudia.myMain - meter_4475635041269030059:regMsg,reg_backagg,reg_cc
BruceChen 09:24:48.795 [main] INFO  edu.bjut.boudia.myMain - meter_4475635041269030059:500,6559300,200
BruceChen 09:24:48.795 [main] INFO  edu.bjut.boudia.myMain - meter_6924965914763243053:regMsg,reg_backagg,reg_cc
BruceChen 09:24:48.795 [main] INFO  edu.bjut.boudia.myMain - meter_6924965914763243053:300,6272800,200
BruceChen 09:24:48.795 [main] INFO  edu.bjut.boudia.myMain - meter_2313454212603011467:regMsg,reg_backagg,reg_cc
BruceChen 09:24:48.795 [main] INFO  edu.bjut.boudia.myMain - meter_2313454212603011467:300,6425100,200
BruceChen 09:24:48.795 [main] INFO  edu.bjut.boudia.myMain - meter_2656970044099372771:regMsg,reg_backagg,reg_cc
BruceChen 09:24:48.795 [main] INFO  edu.bjut.boudia.myMain - meter_2656970044099372771:300,6318200,200
BruceChen 09:24:48.795 [main] INFO  edu.bjut.boudia.myMain - meter_3599775271379820425:regMsg,reg_backagg,reg_cc
BruceChen 09:24:48.795 [main] INFO  edu.bjut.boudia.myMain - meter_3599775271379820425:700,6378400,400
BruceChen 09:24:48.795 [main] INFO  edu.bjut.boudia.myMain - meter_1241706194566472881:regMsg,reg_backagg,reg_cc
BruceChen 09:24:48.795 [main] INFO  edu.bjut.boudia.myMain - meter_1241706194566472881:700,6347000,300
BruceChen 09:24:48.795 [main] INFO  edu.bjut.boudia.myMain - meter_8658834656419087391:regMsg,reg_backagg,reg_cc
BruceChen 09:24:48.795 [main] INFO  edu.bjut.boudia.myMain - meter_8658834656419087391:400,6264900,200
BruceChen 09:24:48.795 [main] INFO  edu.bjut.boudia.myMain - meter_2476667476319188919:regMsg,reg_backagg,reg_cc
BruceChen 09:24:48.795 [main] INFO  edu.bjut.boudia.myMain - meter_2476667476319188919:300,6249700,200
BruceChen 09:24:48.795 [main] INFO  edu.bjut.boudia.myMain - meter_1412710187985377497:regMsg,reg_backagg,reg_cc
BruceChen 09:24:48.795 [main] INFO  edu.bjut.boudia.myMain - meter_1412710187985377497:300,6225800,200
BruceChen 09:24:48.795 [main] INFO  edu.bjut.boudia.myMain - meter_2389227771028029333:regMsg,reg_backagg,reg_cc
BruceChen 09:24:48.795 [main] INFO  edu.bjut.boudia.myMain - meter_2389227771028029333:400,6157700,400
BruceChen 09:24:48.795 [main] INFO  edu.bjut.boudia.myMain - meter_7263519931820695437:regMsg,reg_backagg,reg_cc
BruceChen 09:24:48.795 [main] INFO  edu.bjut.boudia.myMain - meter_7263519931820695437:700,6520800,200
BruceChen 09:24:48.795 [main] INFO  edu.bjut.boudia.myMain - meter_7563106755765819373:regMsg,reg_backagg,reg_cc
BruceChen 09:24:48.795 [main] INFO  edu.bjut.boudia.myMain - meter_7563106755765819373:400,6332300,100
BruceChen 09:24:48.795 [main] INFO  edu.bjut.boudia.myMain - meter_3833863318872846727:regMsg,reg_backagg,reg_cc
BruceChen 09:24:48.795 [main] INFO  edu.bjut.boudia.myMain - meter_3833863318872846727:300,6206300,100
BruceChen 09:24:48.795 [main] INFO  edu.bjut.boudia.myMain - meter_4720062002726662247:regMsg,reg_backagg,reg_cc
BruceChen 09:24:48.795 [main] INFO  edu.bjut.boudia.myMain - meter_4720062002726662247:300,6323200,200
BruceChen 09:24:48.795 [main] INFO  edu.bjut.boudia.myMain - meter_5649156093898621657:regMsg,reg_backagg,reg_cc
BruceChen 09:24:48.795 [main] INFO  edu.bjut.boudia.myMain - meter_5649156093898621657:400,6340000,300
BruceChen 09:24:49.453 [main] INFO  edu.bjut.boudia.myMain - oneTimeMeterRepTime
BruceChen 09:24:51.126 [main] INFO  edu.bjut.boudia.myMain - server:repMsg
BruceChen 09:24:51.126 [main] INFO  edu.bjut.boudia.myMain - server:31417200
BruceChen 09:24:51.126 [main] INFO  edu.bjut.boudia.myMain - agg:repMsg
BruceChen 09:24:51.126 [main] INFO  edu.bjut.boudia.myMain - agg:347493300
BruceChen 09:24:51.126 [main] INFO  edu.bjut.boudia.myMain - meter_2212929384711638831:repMsg
BruceChen 09:24:51.126 [main] INFO  edu.bjut.boudia.myMain - meter_2212929384711638831:26097100
BruceChen 09:24:51.126 [main] INFO  edu.bjut.boudia.myMain - meter_6645921838982549963:repMsg
BruceChen 09:24:51.126 [main] INFO  edu.bjut.boudia.myMain - meter_6645921838982549963:25794300
BruceChen 09:24:51.126 [main] INFO  edu.bjut.boudia.myMain - meter_9074554957961507737:repMsg
BruceChen 09:24:51.126 [main] INFO  edu.bjut.boudia.myMain - meter_9074554957961507737:25399200
BruceChen 09:24:51.126 [main] INFO  edu.bjut.boudia.myMain - meter_1578601393256938099:repMsg
BruceChen 09:24:51.126 [main] INFO  edu.bjut.boudia.myMain - meter_1578601393256938099:25504800
BruceChen 09:24:51.126 [main] INFO  edu.bjut.boudia.myMain - meter_5546071251618811499:repMsg
BruceChen 09:24:51.126 [main] INFO  edu.bjut.boudia.myMain - meter_5546071251618811499:25279100
BruceChen 09:24:51.126 [main] INFO  edu.bjut.boudia.myMain - meter_2769691049513538199:repMsg
BruceChen 09:24:51.126 [main] INFO  edu.bjut.boudia.myMain - meter_2769691049513538199:25459800
BruceChen 09:24:51.126 [main] INFO  edu.bjut.boudia.myMain - meter_9200845659800788093:repMsg
BruceChen 09:24:51.126 [main] INFO  edu.bjut.boudia.myMain - meter_9200845659800788093:25944300
BruceChen 09:24:51.126 [main] INFO  edu.bjut.boudia.myMain - meter_7019463744649803287:repMsg
BruceChen 09:24:51.126 [main] INFO  edu.bjut.boudia.myMain - meter_7019463744649803287:25585000
BruceChen 09:24:51.126 [main] INFO  edu.bjut.boudia.myMain - meter_2612281227190825701:repMsg
BruceChen 09:24:51.126 [main] INFO  edu.bjut.boudia.myMain - meter_2612281227190825701:25529100
BruceChen 09:24:51.126 [main] INFO  edu.bjut.boudia.myMain - meter_6960229459097758431:repMsg
BruceChen 09:24:51.126 [main] INFO  edu.bjut.boudia.myMain - meter_6960229459097758431:25551500
BruceChen 09:24:51.126 [main] INFO  edu.bjut.boudia.myMain - meter_177414277806174521:repMsg
BruceChen 09:24:51.126 [main] INFO  edu.bjut.boudia.myMain - meter_177414277806174521:25491500
BruceChen 09:24:51.126 [main] INFO  edu.bjut.boudia.myMain - meter_3578450276809045157:repMsg
BruceChen 09:24:51.126 [main] INFO  edu.bjut.boudia.myMain - meter_3578450276809045157:26159900
BruceChen 09:24:51.126 [main] INFO  edu.bjut.boudia.myMain - meter_303514620364035347:repMsg
BruceChen 09:24:51.126 [main] INFO  edu.bjut.boudia.myMain - meter_303514620364035347:25424700
BruceChen 09:24:51.126 [main] INFO  edu.bjut.boudia.myMain - meter_5904079348532294863:repMsg
BruceChen 09:24:51.126 [main] INFO  edu.bjut.boudia.myMain - meter_5904079348532294863:26448000
BruceChen 09:24:51.126 [main] INFO  edu.bjut.boudia.myMain - meter_6113993083629086181:repMsg
BruceChen 09:24:51.126 [main] INFO  edu.bjut.boudia.myMain - meter_6113993083629086181:25268800
BruceChen 09:24:51.126 [main] INFO  edu.bjut.boudia.myMain - meter_239412385558506847:repMsg
BruceChen 09:24:51.126 [main] INFO  edu.bjut.boudia.myMain - meter_239412385558506847:25804100
BruceChen 09:24:51.126 [main] INFO  edu.bjut.boudia.myMain - meter_2270891553555385519:repMsg
BruceChen 09:24:51.126 [main] INFO  edu.bjut.boudia.myMain - meter_2270891553555385519:26178500
BruceChen 09:24:51.126 [main] INFO  edu.bjut.boudia.myMain - meter_6485685849441264299:repMsg
BruceChen 09:24:51.126 [main] INFO  edu.bjut.boudia.myMain - meter_6485685849441264299:26234600
BruceChen 09:24:51.126 [main] INFO  edu.bjut.boudia.myMain - meter_5671387920527810209:repMsg
BruceChen 09:24:51.126 [main] INFO  edu.bjut.boudia.myMain - meter_5671387920527810209:26092400
BruceChen 09:24:51.126 [main] INFO  edu.bjut.boudia.myMain - meter_3305056602756985507:repMsg
BruceChen 09:24:51.126 [main] INFO  edu.bjut.boudia.myMain - meter_3305056602756985507:28123600
BruceChen 09:24:51.126 [main] INFO  edu.bjut.boudia.myMain - meter_3282048459925147517:repMsg
BruceChen 09:24:51.126 [main] INFO  edu.bjut.boudia.myMain - meter_3282048459925147517:26525600
BruceChen 09:24:51.126 [main] INFO  edu.bjut.boudia.myMain - meter_8958391169728239235:repMsg
BruceChen 09:24:51.126 [main] INFO  edu.bjut.boudia.myMain - meter_8958391169728239235:26284300
BruceChen 09:24:51.126 [main] INFO  edu.bjut.boudia.myMain - meter_7781934097253575123:repMsg
BruceChen 09:24:51.126 [main] INFO  edu.bjut.boudia.myMain - meter_7781934097253575123:26218000
BruceChen 09:24:51.126 [main] INFO  edu.bjut.boudia.myMain - meter_2672798515552810811:repMsg
BruceChen 09:24:51.126 [main] INFO  edu.bjut.boudia.myMain - meter_2672798515552810811:26158300
BruceChen 09:24:51.126 [main] INFO  edu.bjut.boudia.myMain - meter_231573568801368943:repMsg
BruceChen 09:24:51.126 [main] INFO  edu.bjut.boudia.myMain - meter_231573568801368943:25466000
BruceChen 09:24:51.126 [main] INFO  edu.bjut.boudia.myMain - meter_6874887401574523761:repMsg
BruceChen 09:24:51.126 [main] INFO  edu.bjut.boudia.myMain - meter_6874887401574523761:25389500
BruceChen 09:24:51.126 [main] INFO  edu.bjut.boudia.myMain - meter_1275070483339968627:repMsg
BruceChen 09:24:51.126 [main] INFO  edu.bjut.boudia.myMain - meter_1275070483339968627:25316600
BruceChen 09:24:51.126 [main] INFO  edu.bjut.boudia.myMain - meter_6308046121039293121:repMsg
BruceChen 09:24:51.126 [main] INFO  edu.bjut.boudia.myMain - meter_6308046121039293121:25537700
BruceChen 09:24:51.126 [main] INFO  edu.bjut.boudia.myMain - meter_6404287609921465701:repMsg
BruceChen 09:24:51.126 [main] INFO  edu.bjut.boudia.myMain - meter_6404287609921465701:25620500
BruceChen 09:24:51.126 [main] INFO  edu.bjut.boudia.myMain - meter_6145767220850789223:repMsg
BruceChen 09:24:51.126 [main] INFO  edu.bjut.boudia.myMain - meter_6145767220850789223:25529300
BruceChen 09:24:51.126 [main] INFO  edu.bjut.boudia.myMain - meter_8656010799482824065:repMsg
BruceChen 09:24:51.126 [main] INFO  edu.bjut.boudia.myMain - meter_8656010799482824065:25372200
BruceChen 09:24:51.126 [main] INFO  edu.bjut.boudia.myMain - meter_4908178392783257455:repMsg
BruceChen 09:24:51.126 [main] INFO  edu.bjut.boudia.myMain - meter_4908178392783257455:25218800
BruceChen 09:24:51.126 [main] INFO  edu.bjut.boudia.myMain - meter_3189661521302895665:repMsg
BruceChen 09:24:51.126 [main] INFO  edu.bjut.boudia.myMain - meter_3189661521302895665:25587500
BruceChen 09:24:51.126 [main] INFO  edu.bjut.boudia.myMain - meter_8003774156144754299:repMsg
BruceChen 09:24:51.126 [main] INFO  edu.bjut.boudia.myMain - meter_8003774156144754299:25514800
BruceChen 09:24:51.126 [main] INFO  edu.bjut.boudia.myMain - meter_5383413411829806961:repMsg
BruceChen 09:24:51.126 [main] INFO  edu.bjut.boudia.myMain - meter_5383413411829806961:25209000
BruceChen 09:24:51.126 [main] INFO  edu.bjut.boudia.myMain - meter_4475635041269030059:repMsg
BruceChen 09:24:51.126 [main] INFO  edu.bjut.boudia.myMain - meter_4475635041269030059:25278500
BruceChen 09:24:51.126 [main] INFO  edu.bjut.boudia.myMain - meter_6924965914763243053:repMsg
BruceChen 09:24:51.126 [main] INFO  edu.bjut.boudia.myMain - meter_6924965914763243053:25474400
BruceChen 09:24:51.126 [main] INFO  edu.bjut.boudia.myMain - meter_2313454212603011467:repMsg
BruceChen 09:24:51.126 [main] INFO  edu.bjut.boudia.myMain - meter_2313454212603011467:25403100
BruceChen 09:24:51.126 [main] INFO  edu.bjut.boudia.myMain - meter_2656970044099372771:repMsg
BruceChen 09:24:51.126 [main] INFO  edu.bjut.boudia.myMain - meter_2656970044099372771:25370700
BruceChen 09:24:51.126 [main] INFO  edu.bjut.boudia.myMain - meter_3599775271379820425:repMsg
BruceChen 09:24:51.126 [main] INFO  edu.bjut.boudia.myMain - meter_3599775271379820425:25121900
BruceChen 09:24:51.126 [main] INFO  edu.bjut.boudia.myMain - meter_1241706194566472881:repMsg
BruceChen 09:24:51.126 [main] INFO  edu.bjut.boudia.myMain - meter_1241706194566472881:25749100
BruceChen 09:24:51.126 [main] INFO  edu.bjut.boudia.myMain - meter_8658834656419087391:repMsg
BruceChen 09:24:51.126 [main] INFO  edu.bjut.boudia.myMain - meter_8658834656419087391:25529300
BruceChen 09:24:51.126 [main] INFO  edu.bjut.boudia.myMain - meter_2476667476319188919:repMsg
BruceChen 09:24:51.126 [main] INFO  edu.bjut.boudia.myMain - meter_2476667476319188919:25421800
BruceChen 09:24:51.126 [main] INFO  edu.bjut.boudia.myMain - meter_1412710187985377497:repMsg
BruceChen 09:24:51.126 [main] INFO  edu.bjut.boudia.myMain - meter_1412710187985377497:26148700
BruceChen 09:24:51.126 [main] INFO  edu.bjut.boudia.myMain - meter_2389227771028029333:repMsg
BruceChen 09:24:51.126 [main] INFO  edu.bjut.boudia.myMain - meter_2389227771028029333:26253000
BruceChen 09:24:51.126 [main] INFO  edu.bjut.boudia.myMain - meter_7263519931820695437:repMsg
BruceChen 09:24:51.126 [main] INFO  edu.bjut.boudia.myMain - meter_7263519931820695437:26208600
BruceChen 09:24:51.126 [main] INFO  edu.bjut.boudia.myMain - meter_7563106755765819373:repMsg
BruceChen 09:24:51.126 [main] INFO  edu.bjut.boudia.myMain - meter_7563106755765819373:28650700
BruceChen 09:24:51.126 [main] INFO  edu.bjut.boudia.myMain - meter_3833863318872846727:repMsg
BruceChen 09:24:51.126 [main] INFO  edu.bjut.boudia.myMain - meter_3833863318872846727:26194000
BruceChen 09:24:51.126 [main] INFO  edu.bjut.boudia.myMain - meter_4720062002726662247:repMsg
BruceChen 09:24:51.126 [main] INFO  edu.bjut.boudia.myMain - meter_4720062002726662247:26262000
BruceChen 09:24:51.126 [main] INFO  edu.bjut.boudia.myMain - meter_5649156093898621657:repMsg
BruceChen 09:24:51.126 [main] INFO  edu.bjut.boudia.myMain - meter_5649156093898621657:26046400
BruceChen 09:24:53.940 [main] INFO  edu.bjut.boudia.myMain - oneTimeMeterRegTime
BruceChen 09:24:54.455 [main] INFO  edu.bjut.boudia.myMain - server:pubkey
BruceChen 09:24:54.455 [main] INFO  edu.bjut.boudia.myMain - server:1000
BruceChen 09:24:54.455 [main] INFO  edu.bjut.boudia.myMain - agg:regMsg,regMsg,regMsg,regMsg,regMsg,regMsg,regMsg,regMsg,regMsg,regMsg,regMsg,regMsg,regMsg,regMsg,regMsg,regMsg,regMsg,regMsg,regMsg,regMsg,regMsg,regMsg,regMsg,regMsg,regMsg,regMsg,regMsg,regMsg,regMsg,regMsg,regMsg,regMsg,regMsg,regMsg,regMsg,regMsg,regMsg,regMsg,regMsg,regMsg
BruceChen 09:24:54.455 [main] INFO  edu.bjut.boudia.myMain - agg:6468700,6323800,6332500,6311200,6317500,6322200,6329000,6322800,6304300,6324400,6314600,6323700,6328300,6327700,6310000,6330000,6311000,6341800,6309500,6291300,6301900,6302700,6312700,6291900,6293200,6303500,6309100,6329900,6317800,6318500,6290400,6289700,6308000,6312200,6302800,6484300,6502300,6421900,6441600,6303600
BruceChen 09:24:54.455 [main] INFO  edu.bjut.boudia.myMain - meter_4034009769594267743:regMsg,reg_backagg,reg_cc
BruceChen 09:24:54.455 [main] INFO  edu.bjut.boudia.myMain - meter_4034009769594267743:400,6249500,500
BruceChen 09:24:54.455 [main] INFO  edu.bjut.boudia.myMain - meter_6779834294202984665:regMsg,reg_backagg,reg_cc
BruceChen 09:24:54.455 [main] INFO  edu.bjut.boudia.myMain - meter_6779834294202984665:800,6270800,200
BruceChen 09:24:54.455 [main] INFO  edu.bjut.boudia.myMain - meter_1636863252899559193:regMsg,reg_backagg,reg_cc
BruceChen 09:24:54.455 [main] INFO  edu.bjut.boudia.myMain - meter_1636863252899559193:400,6310200,300
BruceChen 09:24:54.455 [main] INFO  edu.bjut.boudia.myMain - meter_8651501733908228181:regMsg,reg_backagg,reg_cc
BruceChen 09:24:54.455 [main] INFO  edu.bjut.boudia.myMain - meter_8651501733908228181:500,6236500,300
BruceChen 09:24:54.455 [main] INFO  edu.bjut.boudia.myMain - meter_7884206443248417453:regMsg,reg_backagg,reg_cc
BruceChen 09:24:54.455 [main] INFO  edu.bjut.boudia.myMain - meter_7884206443248417453:300,6368100,200
BruceChen 09:24:54.455 [main] INFO  edu.bjut.boudia.myMain - meter_4290105321506887577:regMsg,reg_backagg,reg_cc
BruceChen 09:24:54.455 [main] INFO  edu.bjut.boudia.myMain - meter_4290105321506887577:400,6342300,200
BruceChen 09:24:54.455 [main] INFO  edu.bjut.boudia.myMain - meter_2075490809702421677:regMsg,reg_backagg,reg_cc
BruceChen 09:24:54.455 [main] INFO  edu.bjut.boudia.myMain - meter_2075490809702421677:300,6330300,300
BruceChen 09:24:54.455 [main] INFO  edu.bjut.boudia.myMain - meter_7581396530276295219:regMsg,reg_backagg,reg_cc
BruceChen 09:24:54.455 [main] INFO  edu.bjut.boudia.myMain - meter_7581396530276295219:700,6130900,300
BruceChen 09:24:54.455 [main] INFO  edu.bjut.boudia.myMain - meter_7140516273348861917:regMsg,reg_backagg,reg_cc
BruceChen 09:24:54.455 [main] INFO  edu.bjut.boudia.myMain - meter_7140516273348861917:700,6315800,200
BruceChen 09:24:54.455 [main] INFO  edu.bjut.boudia.myMain - meter_8703889083724170605:regMsg,reg_backagg,reg_cc
BruceChen 09:24:54.455 [main] INFO  edu.bjut.boudia.myMain - meter_8703889083724170605:200,6304600,300
BruceChen 09:24:54.455 [main] INFO  edu.bjut.boudia.myMain - meter_8499901957464305639:regMsg,reg_backagg,reg_cc
BruceChen 09:24:54.455 [main] INFO  edu.bjut.boudia.myMain - meter_8499901957464305639:300,6273500,200
BruceChen 09:24:54.455 [main] INFO  edu.bjut.boudia.myMain - meter_2968497641059125967:regMsg,reg_backagg,reg_cc
BruceChen 09:24:54.455 [main] INFO  edu.bjut.boudia.myMain - meter_2968497641059125967:300,6368000,200
BruceChen 09:24:54.455 [main] INFO  edu.bjut.boudia.myMain - meter_5650249885647695987:regMsg,reg_backagg,reg_cc
BruceChen 09:24:54.455 [main] INFO  edu.bjut.boudia.myMain - meter_5650249885647695987:200,6315700,400
BruceChen 09:24:54.455 [main] INFO  edu.bjut.boudia.myMain - meter_5404483579640916347:regMsg,reg_backagg,reg_cc
BruceChen 09:24:54.455 [main] INFO  edu.bjut.boudia.myMain - meter_5404483579640916347:700,6355300,400
BruceChen 09:24:54.455 [main] INFO  edu.bjut.boudia.myMain - meter_3515204444608228391:regMsg,reg_backagg,reg_cc
BruceChen 09:24:54.455 [main] INFO  edu.bjut.boudia.myMain - meter_3515204444608228391:500,6344900,200
BruceChen 09:24:54.455 [main] INFO  edu.bjut.boudia.myMain - meter_1581341334851216845:regMsg,reg_backagg,reg_cc
BruceChen 09:24:54.455 [main] INFO  edu.bjut.boudia.myMain - meter_1581341334851216845:700,6302900,100
BruceChen 09:24:54.455 [main] INFO  edu.bjut.boudia.myMain - meter_8870348186103620995:regMsg,reg_backagg,reg_cc
BruceChen 09:24:54.455 [main] INFO  edu.bjut.boudia.myMain - meter_8870348186103620995:400,6263900,200
BruceChen 09:24:54.455 [main] INFO  edu.bjut.boudia.myMain - meter_958533130675532877:regMsg,reg_backagg,reg_cc
BruceChen 09:24:54.455 [main] INFO  edu.bjut.boudia.myMain - meter_958533130675532877:300,6381900,300
BruceChen 09:24:54.455 [main] INFO  edu.bjut.boudia.myMain - meter_1354482909345307275:regMsg,reg_backagg,reg_cc
BruceChen 09:24:54.455 [main] INFO  edu.bjut.boudia.myMain - meter_1354482909345307275:500,6299400,400
BruceChen 09:24:54.455 [main] INFO  edu.bjut.boudia.myMain - meter_2037956696599039323:regMsg,reg_backagg,reg_cc
BruceChen 09:24:54.455 [main] INFO  edu.bjut.boudia.myMain - meter_2037956696599039323:500,6388900,300
BruceChen 09:24:54.455 [main] INFO  edu.bjut.boudia.myMain - meter_7453429550564579807:regMsg,reg_backagg,reg_cc
BruceChen 09:24:54.455 [main] INFO  edu.bjut.boudia.myMain - meter_7453429550564579807:400,6450900,100
BruceChen 09:24:54.455 [main] INFO  edu.bjut.boudia.myMain - meter_7575341543933905883:regMsg,reg_backagg,reg_cc
BruceChen 09:24:54.455 [main] INFO  edu.bjut.boudia.myMain - meter_7575341543933905883:200,6232300,100
BruceChen 09:24:54.455 [main] INFO  edu.bjut.boudia.myMain - meter_1022344533680783503:regMsg,reg_backagg,reg_cc
BruceChen 09:24:54.455 [main] INFO  edu.bjut.boudia.myMain - meter_1022344533680783503:300,6330200,200
BruceChen 09:24:54.455 [main] INFO  edu.bjut.boudia.myMain - meter_4598961714136004657:regMsg,reg_backagg,reg_cc
BruceChen 09:24:54.455 [main] INFO  edu.bjut.boudia.myMain - meter_4598961714136004657:400,6302700,200
BruceChen 09:24:54.455 [main] INFO  edu.bjut.boudia.myMain - meter_7500947453730621913:regMsg,reg_backagg,reg_cc
BruceChen 09:24:54.455 [main] INFO  edu.bjut.boudia.myMain - meter_7500947453730621913:400,6286700,100
BruceChen 09:24:54.455 [main] INFO  edu.bjut.boudia.myMain - meter_3310704505336375977:regMsg,reg_backagg,reg_cc
BruceChen 09:24:54.455 [main] INFO  edu.bjut.boudia.myMain - meter_3310704505336375977:300,6315300,100
BruceChen 09:24:54.455 [main] INFO  edu.bjut.boudia.myMain - meter_3631701328924998653:regMsg,reg_backagg,reg_cc
BruceChen 09:24:54.455 [main] INFO  edu.bjut.boudia.myMain - meter_3631701328924998653:300,6296100,200
BruceChen 09:24:54.455 [main] INFO  edu.bjut.boudia.myMain - meter_8772285932864261025:regMsg,reg_backagg,reg_cc
BruceChen 09:24:54.455 [main] INFO  edu.bjut.boudia.myMain - meter_8772285932864261025:400,6279600,200
BruceChen 09:24:54.455 [main] INFO  edu.bjut.boudia.myMain - meter_8186640637079240109:regMsg,reg_backagg,reg_cc
BruceChen 09:24:54.455 [main] INFO  edu.bjut.boudia.myMain - meter_8186640637079240109:400,6295500,400
BruceChen 09:24:54.455 [main] INFO  edu.bjut.boudia.myMain - meter_2939122436170534677:regMsg,reg_backagg,reg_cc
BruceChen 09:24:54.455 [main] INFO  edu.bjut.boudia.myMain - meter_2939122436170534677:400,6261400,300
BruceChen 09:24:54.455 [main] INFO  edu.bjut.boudia.myMain - meter_2162723613982243919:regMsg,reg_backagg,reg_cc
BruceChen 09:24:54.455 [main] INFO  edu.bjut.boudia.myMain - meter_2162723613982243919:300,6208900,200
BruceChen 09:24:54.455 [main] INFO  edu.bjut.boudia.myMain - meter_3486569888828978089:regMsg,reg_backagg,reg_cc
BruceChen 09:24:54.455 [main] INFO  edu.bjut.boudia.myMain - meter_3486569888828978089:400,6323600,100
BruceChen 09:24:54.455 [main] INFO  edu.bjut.boudia.myMain - meter_4680080841400662753:regMsg,reg_backagg,reg_cc
BruceChen 09:24:54.455 [main] INFO  edu.bjut.boudia.myMain - meter_4680080841400662753:300,6352600,300
BruceChen 09:24:54.455 [main] INFO  edu.bjut.boudia.myMain - meter_1702713628622586597:regMsg,reg_backagg,reg_cc
BruceChen 09:24:54.455 [main] INFO  edu.bjut.boudia.myMain - meter_1702713628622586597:300,6375500,100
BruceChen 09:24:54.455 [main] INFO  edu.bjut.boudia.myMain - meter_1433976790618934995:regMsg,reg_backagg,reg_cc
BruceChen 09:24:54.455 [main] INFO  edu.bjut.boudia.myMain - meter_1433976790618934995:10000,6355700,300
BruceChen 09:24:54.455 [main] INFO  edu.bjut.boudia.myMain - meter_6782144118324378581:regMsg,reg_backagg,reg_cc
BruceChen 09:24:54.455 [main] INFO  edu.bjut.boudia.myMain - meter_6782144118324378581:800,6471600,300
BruceChen 09:24:54.455 [main] INFO  edu.bjut.boudia.myMain - meter_1483044406406772127:regMsg,reg_backagg,reg_cc
BruceChen 09:24:54.455 [main] INFO  edu.bjut.boudia.myMain - meter_1483044406406772127:7700,6464200,2200
BruceChen 09:24:54.455 [main] INFO  edu.bjut.boudia.myMain - meter_7551761335487471885:regMsg,reg_backagg,reg_cc
BruceChen 09:24:54.455 [main] INFO  edu.bjut.boudia.myMain - meter_7551761335487471885:0,6378800,0
BruceChen 09:24:54.455 [main] INFO  edu.bjut.boudia.myMain - meter_1001306876235818863:regMsg,reg_backagg,reg_cc
BruceChen 09:24:54.455 [main] INFO  edu.bjut.boudia.myMain - meter_1001306876235818863:100,6448800,100
BruceChen 09:24:54.455 [main] INFO  edu.bjut.boudia.myMain - meter_8228315198767430591:regMsg,reg_backagg,reg_cc
BruceChen 09:24:54.455 [main] INFO  edu.bjut.boudia.myMain - meter_8228315198767430591:100,6337500,0
BruceChen 09:24:54.963 [main] INFO  edu.bjut.boudia.myMain - oneTimeMeterRepTime
BruceChen 09:24:56.303 [main] INFO  edu.bjut.boudia.myMain - server:repMsg
BruceChen 09:24:56.303 [main] INFO  edu.bjut.boudia.myMain - server:32200900
BruceChen 09:24:56.303 [main] INFO  edu.bjut.boudia.myMain - agg:repMsg
BruceChen 09:24:56.303 [main] INFO  edu.bjut.boudia.myMain - agg:275433000
BruceChen 09:24:56.303 [main] INFO  edu.bjut.boudia.myMain - meter_4034009769594267743:repMsg
BruceChen 09:24:56.303 [main] INFO  edu.bjut.boudia.myMain - meter_4034009769594267743:25371600
BruceChen 09:24:56.303 [main] INFO  edu.bjut.boudia.myMain - meter_6779834294202984665:repMsg
BruceChen 09:24:56.303 [main] INFO  edu.bjut.boudia.myMain - meter_6779834294202984665:25302200
BruceChen 09:24:56.303 [main] INFO  edu.bjut.boudia.myMain - meter_1636863252899559193:repMsg
BruceChen 09:24:56.303 [main] INFO  edu.bjut.boudia.myMain - meter_1636863252899559193:25429800
BruceChen 09:24:56.303 [main] INFO  edu.bjut.boudia.myMain - meter_8651501733908228181:repMsg
BruceChen 09:24:56.303 [main] INFO  edu.bjut.boudia.myMain - meter_8651501733908228181:25284800
BruceChen 09:24:56.303 [main] INFO  edu.bjut.boudia.myMain - meter_7884206443248417453:repMsg
BruceChen 09:24:56.303 [main] INFO  edu.bjut.boudia.myMain - meter_7884206443248417453:25322900
BruceChen 09:24:56.303 [main] INFO  edu.bjut.boudia.myMain - meter_4290105321506887577:repMsg
BruceChen 09:24:56.303 [main] INFO  edu.bjut.boudia.myMain - meter_4290105321506887577:25395900
BruceChen 09:24:56.303 [main] INFO  edu.bjut.boudia.myMain - meter_2075490809702421677:repMsg
BruceChen 09:24:56.303 [main] INFO  edu.bjut.boudia.myMain - meter_2075490809702421677:25621300
BruceChen 09:24:56.303 [main] INFO  edu.bjut.boudia.myMain - meter_7581396530276295219:repMsg
BruceChen 09:24:56.303 [main] INFO  edu.bjut.boudia.myMain - meter_7581396530276295219:25239100
BruceChen 09:24:56.303 [main] INFO  edu.bjut.boudia.myMain - meter_7140516273348861917:repMsg
BruceChen 09:24:56.303 [main] INFO  edu.bjut.boudia.myMain - meter_7140516273348861917:25586000
BruceChen 09:24:56.303 [main] INFO  edu.bjut.boudia.myMain - meter_8703889083724170605:repMsg
BruceChen 09:24:56.303 [main] INFO  edu.bjut.boudia.myMain - meter_8703889083724170605:26875100
BruceChen 09:24:56.303 [main] INFO  edu.bjut.boudia.myMain - meter_8499901957464305639:repMsg
BruceChen 09:24:56.303 [main] INFO  edu.bjut.boudia.myMain - meter_8499901957464305639:25950600
BruceChen 09:24:56.303 [main] INFO  edu.bjut.boudia.myMain - meter_2968497641059125967:repMsg
BruceChen 09:24:56.303 [main] INFO  edu.bjut.boudia.myMain - meter_2968497641059125967:25472100
BruceChen 09:24:56.303 [main] INFO  edu.bjut.boudia.myMain - meter_5650249885647695987:repMsg
BruceChen 09:24:56.303 [main] INFO  edu.bjut.boudia.myMain - meter_5650249885647695987:25518700
BruceChen 09:24:56.303 [main] INFO  edu.bjut.boudia.myMain - meter_5404483579640916347:repMsg
BruceChen 09:24:56.303 [main] INFO  edu.bjut.boudia.myMain - meter_5404483579640916347:25380600
BruceChen 09:24:56.303 [main] INFO  edu.bjut.boudia.myMain - meter_3515204444608228391:repMsg
BruceChen 09:24:56.303 [main] INFO  edu.bjut.boudia.myMain - meter_3515204444608228391:25568600
BruceChen 09:24:56.303 [main] INFO  edu.bjut.boudia.myMain - meter_1581341334851216845:repMsg
BruceChen 09:24:56.303 [main] INFO  edu.bjut.boudia.myMain - meter_1581341334851216845:25764000
BruceChen 09:24:56.303 [main] INFO  edu.bjut.boudia.myMain - meter_8870348186103620995:repMsg
BruceChen 09:24:56.303 [main] INFO  edu.bjut.boudia.myMain - meter_8870348186103620995:25340700
BruceChen 09:24:56.303 [main] INFO  edu.bjut.boudia.myMain - meter_958533130675532877:repMsg
BruceChen 09:24:56.303 [main] INFO  edu.bjut.boudia.myMain - meter_958533130675532877:25546700
BruceChen 09:24:56.303 [main] INFO  edu.bjut.boudia.myMain - meter_1354482909345307275:repMsg
BruceChen 09:24:56.303 [main] INFO  edu.bjut.boudia.myMain - meter_1354482909345307275:25478600
BruceChen 09:24:56.303 [main] INFO  edu.bjut.boudia.myMain - meter_2037956696599039323:repMsg
BruceChen 09:24:56.303 [main] INFO  edu.bjut.boudia.myMain - meter_2037956696599039323:25447100
BruceChen 09:24:56.303 [main] INFO  edu.bjut.boudia.myMain - meter_7453429550564579807:repMsg
BruceChen 09:24:56.303 [main] INFO  edu.bjut.boudia.myMain - meter_7453429550564579807:25272300
BruceChen 09:24:56.303 [main] INFO  edu.bjut.boudia.myMain - meter_7575341543933905883:repMsg
BruceChen 09:24:56.303 [main] INFO  edu.bjut.boudia.myMain - meter_7575341543933905883:25313500
BruceChen 09:24:56.303 [main] INFO  edu.bjut.boudia.myMain - meter_1022344533680783503:repMsg
BruceChen 09:24:56.303 [main] INFO  edu.bjut.boudia.myMain - meter_1022344533680783503:25353000
BruceChen 09:24:56.303 [main] INFO  edu.bjut.boudia.myMain - meter_4598961714136004657:repMsg
BruceChen 09:24:56.303 [main] INFO  edu.bjut.boudia.myMain - meter_4598961714136004657:25468700
BruceChen 09:24:56.303 [main] INFO  edu.bjut.boudia.myMain - meter_7500947453730621913:repMsg
BruceChen 09:24:56.303 [main] INFO  edu.bjut.boudia.myMain - meter_7500947453730621913:25586500
BruceChen 09:24:56.303 [main] INFO  edu.bjut.boudia.myMain - meter_3310704505336375977:repMsg
BruceChen 09:24:56.303 [main] INFO  edu.bjut.boudia.myMain - meter_3310704505336375977:25198600
BruceChen 09:24:56.303 [main] INFO  edu.bjut.boudia.myMain - meter_3631701328924998653:repMsg
BruceChen 09:24:56.303 [main] INFO  edu.bjut.boudia.myMain - meter_3631701328924998653:25390100
BruceChen 09:24:56.303 [main] INFO  edu.bjut.boudia.myMain - meter_8772285932864261025:repMsg
BruceChen 09:24:56.303 [main] INFO  edu.bjut.boudia.myMain - meter_8772285932864261025:25689200
BruceChen 09:24:56.303 [main] INFO  edu.bjut.boudia.myMain - meter_8186640637079240109:repMsg
BruceChen 09:24:56.303 [main] INFO  edu.bjut.boudia.myMain - meter_8186640637079240109:25373300
BruceChen 09:24:56.303 [main] INFO  edu.bjut.boudia.myMain - meter_2939122436170534677:repMsg
BruceChen 09:24:56.303 [main] INFO  edu.bjut.boudia.myMain - meter_2939122436170534677:25347500
BruceChen 09:24:56.303 [main] INFO  edu.bjut.boudia.myMain - meter_2162723613982243919:repMsg
BruceChen 09:24:56.303 [main] INFO  edu.bjut.boudia.myMain - meter_2162723613982243919:25366200
BruceChen 09:24:56.303 [main] INFO  edu.bjut.boudia.myMain - meter_3486569888828978089:repMsg
BruceChen 09:24:56.303 [main] INFO  edu.bjut.boudia.myMain - meter_3486569888828978089:25475300
BruceChen 09:24:56.303 [main] INFO  edu.bjut.boudia.myMain - meter_4680080841400662753:repMsg
BruceChen 09:24:56.303 [main] INFO  edu.bjut.boudia.myMain - meter_4680080841400662753:26159000
BruceChen 09:24:56.303 [main] INFO  edu.bjut.boudia.myMain - meter_1702713628622586597:repMsg
BruceChen 09:24:56.303 [main] INFO  edu.bjut.boudia.myMain - meter_1702713628622586597:26129600
BruceChen 09:24:56.303 [main] INFO  edu.bjut.boudia.myMain - meter_1433976790618934995:repMsg
BruceChen 09:24:56.303 [main] INFO  edu.bjut.boudia.myMain - meter_1433976790618934995:26159900
BruceChen 09:24:56.303 [main] INFO  edu.bjut.boudia.myMain - meter_6782144118324378581:repMsg
BruceChen 09:24:56.303 [main] INFO  edu.bjut.boudia.myMain - meter_6782144118324378581:25477100
BruceChen 09:24:56.303 [main] INFO  edu.bjut.boudia.myMain - meter_1483044406406772127:repMsg
BruceChen 09:24:56.303 [main] INFO  edu.bjut.boudia.myMain - meter_1483044406406772127:26439700
BruceChen 09:24:56.303 [main] INFO  edu.bjut.boudia.myMain - meter_7551761335487471885:repMsg
BruceChen 09:24:56.303 [main] INFO  edu.bjut.boudia.myMain - meter_7551761335487471885:25956300
BruceChen 09:24:56.303 [main] INFO  edu.bjut.boudia.myMain - meter_1001306876235818863:repMsg
BruceChen 09:24:56.303 [main] INFO  edu.bjut.boudia.myMain - meter_1001306876235818863:25525000
BruceChen 09:24:56.303 [main] INFO  edu.bjut.boudia.myMain - meter_8228315198767430591:repMsg
BruceChen 09:24:56.303 [main] INFO  edu.bjut.boudia.myMain - meter_8228315198767430591:25805600
BruceChen 09:24:57.796 [main] INFO  edu.bjut.boudia.myMain - oneTimeMeterRegTime
BruceChen 09:24:58.186 [main] INFO  edu.bjut.boudia.myMain - server:pubkey
BruceChen 09:24:58.186 [main] INFO  edu.bjut.boudia.myMain - server:900
BruceChen 09:24:58.186 [main] INFO  edu.bjut.boudia.myMain - agg:regMsg,regMsg,regMsg,regMsg,regMsg,regMsg,regMsg,regMsg,regMsg,regMsg,regMsg,regMsg,regMsg,regMsg,regMsg,regMsg,regMsg,regMsg,regMsg,regMsg,regMsg,regMsg,regMsg,regMsg,regMsg,regMsg,regMsg,regMsg,regMsg,regMsg
BruceChen 09:24:58.186 [main] INFO  edu.bjut.boudia.myMain - agg:6327000,6488200,6413800,6368100,6451000,6492900,6560800,6675600,6520100,6501900,6467600,6611100,6501200,6500200,6494200,6511000,6453000,6487600,6493100,6519300,6497100,6515400,6485100,6535900,6490800,6514500,6504600,6497400,6475100,6480900
BruceChen 09:24:58.186 [main] INFO  edu.bjut.boudia.myMain - meter_2565113628499180813:regMsg,reg_backagg,reg_cc
BruceChen 09:24:58.186 [main] INFO  edu.bjut.boudia.myMain - meter_2565113628499180813:100,6348800,100
BruceChen 09:24:58.186 [main] INFO  edu.bjut.boudia.myMain - meter_5999334495824954915:regMsg,reg_backagg,reg_cc
BruceChen 09:24:58.186 [main] INFO  edu.bjut.boudia.myMain - meter_5999334495824954915:100,6450400,200
BruceChen 09:24:58.186 [main] INFO  edu.bjut.boudia.myMain - meter_1274463306318900723:regMsg,reg_backagg,reg_cc
BruceChen 09:24:58.186 [main] INFO  edu.bjut.boudia.myMain - meter_1274463306318900723:100,6354200,100
BruceChen 09:24:58.186 [main] INFO  edu.bjut.boudia.myMain - meter_1529179976938501055:regMsg,reg_backagg,reg_cc
BruceChen 09:24:58.186 [main] INFO  edu.bjut.boudia.myMain - meter_1529179976938501055:100,6428100,100
BruceChen 09:24:58.186 [main] INFO  edu.bjut.boudia.myMain - meter_2395240173097258793:regMsg,reg_backagg,reg_cc
BruceChen 09:24:58.186 [main] INFO  edu.bjut.boudia.myMain - meter_2395240173097258793:100,6472500,200
BruceChen 09:24:58.186 [main] INFO  edu.bjut.boudia.myMain - meter_7368037831232801439:regMsg,reg_backagg,reg_cc
BruceChen 09:24:58.186 [main] INFO  edu.bjut.boudia.myMain - meter_7368037831232801439:300,6538100,100
BruceChen 09:24:58.186 [main] INFO  edu.bjut.boudia.myMain - meter_2526748200197915029:regMsg,reg_backagg,reg_cc
BruceChen 09:24:58.186 [main] INFO  edu.bjut.boudia.myMain - meter_2526748200197915029:300,6534800,200
BruceChen 09:24:58.186 [main] INFO  edu.bjut.boudia.myMain - meter_8306591607641467659:regMsg,reg_backagg,reg_cc
BruceChen 09:24:58.186 [main] INFO  edu.bjut.boudia.myMain - meter_8306591607641467659:100,6447600,100
BruceChen 09:24:58.186 [main] INFO  edu.bjut.boudia.myMain - meter_7756983487180039373:regMsg,reg_backagg,reg_cc
BruceChen 09:24:58.186 [main] INFO  edu.bjut.boudia.myMain - meter_7756983487180039373:100,6578300,100
BruceChen 09:24:58.186 [main] INFO  edu.bjut.boudia.myMain - meter_5417899057823597933:regMsg,reg_backagg,reg_cc
BruceChen 09:24:58.186 [main] INFO  edu.bjut.boudia.myMain - meter_5417899057823597933:100,6556300,100
BruceChen 09:24:58.186 [main] INFO  edu.bjut.boudia.myMain - meter_7137072552376639155:regMsg,reg_backagg,reg_cc
BruceChen 09:24:58.186 [main] INFO  edu.bjut.boudia.myMain - meter_7137072552376639155:100,6805300,100
BruceChen 09:24:58.186 [main] INFO  edu.bjut.boudia.myMain - meter_844583334154116001:regMsg,reg_backagg,reg_cc
BruceChen 09:24:58.186 [main] INFO  edu.bjut.boudia.myMain - meter_844583334154116001:100,6606100,100
BruceChen 09:24:58.186 [main] INFO  edu.bjut.boudia.myMain - meter_343312774460667491:regMsg,reg_backagg,reg_cc
BruceChen 09:24:58.186 [main] INFO  edu.bjut.boudia.myMain - meter_343312774460667491:0,6436300,100
BruceChen 09:24:58.186 [main] INFO  edu.bjut.boudia.myMain - meter_7984729790692915891:regMsg,reg_backagg,reg_cc
BruceChen 09:24:58.186 [main] INFO  edu.bjut.boudia.myMain - meter_7984729790692915891:100,6487600,100
BruceChen 09:24:58.186 [main] INFO  edu.bjut.boudia.myMain - meter_5603189446244944081:regMsg,reg_backagg,reg_cc
BruceChen 09:24:58.186 [main] INFO  edu.bjut.boudia.myMain - meter_5603189446244944081:100,6423800,0
BruceChen 09:24:58.186 [main] INFO  edu.bjut.boudia.myMain - meter_6195324425267187233:regMsg,reg_backagg,reg_cc
BruceChen 09:24:58.186 [main] INFO  edu.bjut.boudia.myMain - meter_6195324425267187233:100,6424300,100
BruceChen 09:24:58.186 [main] INFO  edu.bjut.boudia.myMain - meter_6252701991642726785:regMsg,reg_backagg,reg_cc
BruceChen 09:24:58.186 [main] INFO  edu.bjut.boudia.myMain - meter_6252701991642726785:0,6525200,0
BruceChen 09:24:58.186 [main] INFO  edu.bjut.boudia.myMain - meter_7148487940132276175:regMsg,reg_backagg,reg_cc
BruceChen 09:24:58.186 [main] INFO  edu.bjut.boudia.myMain - meter_7148487940132276175:0,6472200,0
BruceChen 09:24:58.186 [main] INFO  edu.bjut.boudia.myMain - meter_1055111793880286675:regMsg,reg_backagg,reg_cc
BruceChen 09:24:58.186 [main] INFO  edu.bjut.boudia.myMain - meter_1055111793880286675:100,7383800,100
BruceChen 09:24:58.186 [main] INFO  edu.bjut.boudia.myMain - meter_7697100613340451329:regMsg,reg_backagg,reg_cc
BruceChen 09:24:58.186 [main] INFO  edu.bjut.boudia.myMain - meter_7697100613340451329:0,6559000,100
BruceChen 09:24:58.186 [main] INFO  edu.bjut.boudia.myMain - meter_5780311903683005917:regMsg,reg_backagg,reg_cc
BruceChen 09:24:58.186 [main] INFO  edu.bjut.boudia.myMain - meter_5780311903683005917:0,6594800,0
BruceChen 09:24:58.186 [main] INFO  edu.bjut.boudia.myMain - meter_4706555429628339719:regMsg,reg_backagg,reg_cc
BruceChen 09:24:58.186 [main] INFO  edu.bjut.boudia.myMain - meter_4706555429628339719:100,6454600,100
BruceChen 09:24:58.186 [main] INFO  edu.bjut.boudia.myMain - meter_5304084240100969923:regMsg,reg_backagg,reg_cc
BruceChen 09:24:58.186 [main] INFO  edu.bjut.boudia.myMain - meter_5304084240100969923:100,6564500,0
BruceChen 09:24:58.186 [main] INFO  edu.bjut.boudia.myMain - meter_6110483115924082467:regMsg,reg_backagg,reg_cc
BruceChen 09:24:58.186 [main] INFO  edu.bjut.boudia.myMain - meter_6110483115924082467:100,6525000,0
BruceChen 09:24:58.186 [main] INFO  edu.bjut.boudia.myMain - meter_7482340862138694497:regMsg,reg_backagg,reg_cc
BruceChen 09:24:58.186 [main] INFO  edu.bjut.boudia.myMain - meter_7482340862138694497:0,6582900,0
BruceChen 09:24:58.186 [main] INFO  edu.bjut.boudia.myMain - meter_1212547642685598963:regMsg,reg_backagg,reg_cc
BruceChen 09:24:58.186 [main] INFO  edu.bjut.boudia.myMain - meter_1212547642685598963:100,6515000,100
BruceChen 09:24:58.186 [main] INFO  edu.bjut.boudia.myMain - meter_3580384060211857285:regMsg,reg_backagg,reg_cc
BruceChen 09:24:58.186 [main] INFO  edu.bjut.boudia.myMain - meter_3580384060211857285:0,6567300,0
BruceChen 09:24:58.186 [main] INFO  edu.bjut.boudia.myMain - meter_8350581311859186147:regMsg,reg_backagg,reg_cc
BruceChen 09:24:58.186 [main] INFO  edu.bjut.boudia.myMain - meter_8350581311859186147:100,6511700,0
BruceChen 09:24:58.186 [main] INFO  edu.bjut.boudia.myMain - meter_6517005029033701057:regMsg,reg_backagg,reg_cc
BruceChen 09:24:58.186 [main] INFO  edu.bjut.boudia.myMain - meter_6517005029033701057:100,6501500,0
BruceChen 09:24:58.186 [main] INFO  edu.bjut.boudia.myMain - meter_2814899968167128099:regMsg,reg_backagg,reg_cc
BruceChen 09:24:58.186 [main] INFO  edu.bjut.boudia.myMain - meter_2814899968167128099:100,6539400,0
BruceChen 09:24:58.561 [main] INFO  edu.bjut.boudia.myMain - oneTimeMeterRepTime
BruceChen 09:24:59.593 [main] INFO  edu.bjut.boudia.myMain - server:repMsg
BruceChen 09:24:59.593 [main] INFO  edu.bjut.boudia.myMain - server:32616200
BruceChen 09:24:59.593 [main] INFO  edu.bjut.boudia.myMain - agg:repMsg
BruceChen 09:24:59.593 [main] INFO  edu.bjut.boudia.myMain - agg:213440300
BruceChen 09:24:59.593 [main] INFO  edu.bjut.boudia.myMain - meter_2565113628499180813:repMsg
BruceChen 09:24:59.593 [main] INFO  edu.bjut.boudia.myMain - meter_2565113628499180813:25582900
BruceChen 09:24:59.593 [main] INFO  edu.bjut.boudia.myMain - meter_5999334495824954915:repMsg
BruceChen 09:24:59.593 [main] INFO  edu.bjut.boudia.myMain - meter_5999334495824954915:25191600
BruceChen 09:24:59.593 [main] INFO  edu.bjut.boudia.myMain - meter_1274463306318900723:repMsg
BruceChen 09:24:59.593 [main] INFO  edu.bjut.boudia.myMain - meter_1274463306318900723:25108500
BruceChen 09:24:59.593 [main] INFO  edu.bjut.boudia.myMain - meter_1529179976938501055:repMsg
BruceChen 09:24:59.593 [main] INFO  edu.bjut.boudia.myMain - meter_1529179976938501055:26322200
BruceChen 09:24:59.593 [main] INFO  edu.bjut.boudia.myMain - meter_2395240173097258793:repMsg
BruceChen 09:24:59.593 [main] INFO  edu.bjut.boudia.myMain - meter_2395240173097258793:26163200
BruceChen 09:24:59.593 [main] INFO  edu.bjut.boudia.myMain - meter_7368037831232801439:repMsg
BruceChen 09:24:59.593 [main] INFO  edu.bjut.boudia.myMain - meter_7368037831232801439:26325400
BruceChen 09:24:59.593 [main] INFO  edu.bjut.boudia.myMain - meter_2526748200197915029:repMsg
BruceChen 09:24:59.593 [main] INFO  edu.bjut.boudia.myMain - meter_2526748200197915029:27024400
BruceChen 09:24:59.593 [main] INFO  edu.bjut.boudia.myMain - meter_8306591607641467659:repMsg
BruceChen 09:24:59.593 [main] INFO  edu.bjut.boudia.myMain - meter_8306591607641467659:26184900
BruceChen 09:24:59.593 [main] INFO  edu.bjut.boudia.myMain - meter_7756983487180039373:repMsg
BruceChen 09:24:59.593 [main] INFO  edu.bjut.boudia.myMain - meter_7756983487180039373:26248300
BruceChen 09:24:59.593 [main] INFO  edu.bjut.boudia.myMain - meter_5417899057823597933:repMsg
BruceChen 09:24:59.593 [main] INFO  edu.bjut.boudia.myMain - meter_5417899057823597933:26067800
BruceChen 09:24:59.593 [main] INFO  edu.bjut.boudia.myMain - meter_7137072552376639155:repMsg
BruceChen 09:24:59.593 [main] INFO  edu.bjut.boudia.myMain - meter_7137072552376639155:26701800
BruceChen 09:24:59.593 [main] INFO  edu.bjut.boudia.myMain - meter_844583334154116001:repMsg
BruceChen 09:24:59.593 [main] INFO  edu.bjut.boudia.myMain - meter_844583334154116001:26158100
BruceChen 09:24:59.593 [main] INFO  edu.bjut.boudia.myMain - meter_343312774460667491:repMsg
BruceChen 09:24:59.593 [main] INFO  edu.bjut.boudia.myMain - meter_343312774460667491:25960600
BruceChen 09:24:59.593 [main] INFO  edu.bjut.boudia.myMain - meter_7984729790692915891:repMsg
BruceChen 09:24:59.593 [main] INFO  edu.bjut.boudia.myMain - meter_7984729790692915891:25577400
BruceChen 09:24:59.593 [main] INFO  edu.bjut.boudia.myMain - meter_5603189446244944081:repMsg
BruceChen 09:24:59.593 [main] INFO  edu.bjut.boudia.myMain - meter_5603189446244944081:26311800
BruceChen 09:24:59.593 [main] INFO  edu.bjut.boudia.myMain - meter_6195324425267187233:repMsg
BruceChen 09:24:59.593 [main] INFO  edu.bjut.boudia.myMain - meter_6195324425267187233:26169600
BruceChen 09:24:59.593 [main] INFO  edu.bjut.boudia.myMain - meter_6252701991642726785:repMsg
BruceChen 09:24:59.593 [main] INFO  edu.bjut.boudia.myMain - meter_6252701991642726785:26070600
BruceChen 09:24:59.593 [main] INFO  edu.bjut.boudia.myMain - meter_7148487940132276175:repMsg
BruceChen 09:24:59.593 [main] INFO  edu.bjut.boudia.myMain - meter_7148487940132276175:25995000
BruceChen 09:24:59.593 [main] INFO  edu.bjut.boudia.myMain - meter_1055111793880286675:repMsg
BruceChen 09:24:59.593 [main] INFO  edu.bjut.boudia.myMain - meter_1055111793880286675:25924600
BruceChen 09:24:59.593 [main] INFO  edu.bjut.boudia.myMain - meter_7697100613340451329:repMsg
BruceChen 09:24:59.593 [main] INFO  edu.bjut.boudia.myMain - meter_7697100613340451329:26171500
BruceChen 09:24:59.593 [main] INFO  edu.bjut.boudia.myMain - meter_5780311903683005917:repMsg
BruceChen 09:24:59.593 [main] INFO  edu.bjut.boudia.myMain - meter_5780311903683005917:26198500
BruceChen 09:24:59.593 [main] INFO  edu.bjut.boudia.myMain - meter_4706555429628339719:repMsg
BruceChen 09:24:59.593 [main] INFO  edu.bjut.boudia.myMain - meter_4706555429628339719:26216500
BruceChen 09:24:59.593 [main] INFO  edu.bjut.boudia.myMain - meter_5304084240100969923:repMsg
BruceChen 09:24:59.593 [main] INFO  edu.bjut.boudia.myMain - meter_5304084240100969923:26022600
BruceChen 09:24:59.593 [main] INFO  edu.bjut.boudia.myMain - meter_6110483115924082467:repMsg
BruceChen 09:24:59.593 [main] INFO  edu.bjut.boudia.myMain - meter_6110483115924082467:25638000
BruceChen 09:24:59.593 [main] INFO  edu.bjut.boudia.myMain - meter_7482340862138694497:repMsg
BruceChen 09:24:59.593 [main] INFO  edu.bjut.boudia.myMain - meter_7482340862138694497:25674500
BruceChen 09:24:59.593 [main] INFO  edu.bjut.boudia.myMain - meter_1212547642685598963:repMsg
BruceChen 09:24:59.593 [main] INFO  edu.bjut.boudia.myMain - meter_1212547642685598963:25563200
BruceChen 09:24:59.593 [main] INFO  edu.bjut.boudia.myMain - meter_3580384060211857285:repMsg
BruceChen 09:24:59.593 [main] INFO  edu.bjut.boudia.myMain - meter_3580384060211857285:25935000
BruceChen 09:24:59.593 [main] INFO  edu.bjut.boudia.myMain - meter_8350581311859186147:repMsg
BruceChen 09:24:59.593 [main] INFO  edu.bjut.boudia.myMain - meter_8350581311859186147:26242700
BruceChen 09:24:59.593 [main] INFO  edu.bjut.boudia.myMain - meter_6517005029033701057:repMsg
BruceChen 09:24:59.593 [main] INFO  edu.bjut.boudia.myMain - meter_6517005029033701057:26124200
BruceChen 09:24:59.593 [main] INFO  edu.bjut.boudia.myMain - meter_2814899968167128099:repMsg
BruceChen 09:24:59.593 [main] INFO  edu.bjut.boudia.myMain - meter_2814899968167128099:26008400
BruceChen 09:25:01.399 [main] INFO  edu.bjut.boudia.myMain - oneTimeMeterRegTime
BruceChen 09:25:01.657 [main] INFO  edu.bjut.boudia.myMain - server:pubkey
BruceChen 09:25:01.657 [main] INFO  edu.bjut.boudia.myMain - server:1100
BruceChen 09:25:01.657 [main] INFO  edu.bjut.boudia.myMain - agg:regMsg,regMsg,regMsg,regMsg,regMsg,regMsg,regMsg,regMsg,regMsg,regMsg,regMsg,regMsg,regMsg,regMsg,regMsg,regMsg,regMsg,regMsg,regMsg,regMsg
BruceChen 09:25:01.657 [main] INFO  edu.bjut.boudia.myMain - agg:7459200,6543300,6472600,6395800,6334300,6326900,6310400,6308700,6322100,6493900,6302100,6317400,6336100,6289700,6323400,6397800,6283300,6304100,6294800,6337100
BruceChen 09:25:01.657 [main] INFO  edu.bjut.boudia.myMain - meter_3988464345468558299:regMsg,reg_backagg,reg_cc
BruceChen 09:25:01.657 [main] INFO  edu.bjut.boudia.myMain - meter_3988464345468558299:100,6415200,100
BruceChen 09:25:01.657 [main] INFO  edu.bjut.boudia.myMain - meter_5533662920772396363:regMsg,reg_backagg,reg_cc
BruceChen 09:25:01.657 [main] INFO  edu.bjut.boudia.myMain - meter_5533662920772396363:100,6492600,100
BruceChen 09:25:01.657 [main] INFO  edu.bjut.boudia.myMain - meter_4281808124895087355:regMsg,reg_backagg,reg_cc
BruceChen 09:25:01.657 [main] INFO  edu.bjut.boudia.myMain - meter_4281808124895087355:100,6399500,100
BruceChen 09:25:01.657 [main] INFO  edu.bjut.boudia.myMain - meter_6276287265980030955:regMsg,reg_backagg,reg_cc
BruceChen 09:25:01.657 [main] INFO  edu.bjut.boudia.myMain - meter_6276287265980030955:100,6300100,100
BruceChen 09:25:01.657 [main] INFO  edu.bjut.boudia.myMain - meter_1299856476944356887:regMsg,reg_backagg,reg_cc
BruceChen 09:25:01.657 [main] INFO  edu.bjut.boudia.myMain - meter_1299856476944356887:300,6290000,100
BruceChen 09:25:01.657 [main] INFO  edu.bjut.boudia.myMain - meter_1000099240043080633:regMsg,reg_backagg,reg_cc
BruceChen 09:25:01.657 [main] INFO  edu.bjut.boudia.myMain - meter_1000099240043080633:100,6374600,100
BruceChen 09:25:01.657 [main] INFO  edu.bjut.boudia.myMain - meter_3059462660375799409:regMsg,reg_backagg,reg_cc
BruceChen 09:25:01.657 [main] INFO  edu.bjut.boudia.myMain - meter_3059462660375799409:100,6264500,100
BruceChen 09:25:01.657 [main] INFO  edu.bjut.boudia.myMain - meter_3977129834700232013:regMsg,reg_backagg,reg_cc
BruceChen 09:25:01.657 [main] INFO  edu.bjut.boudia.myMain - meter_3977129834700232013:100,6315800,100
BruceChen 09:25:01.657 [main] INFO  edu.bjut.boudia.myMain - meter_7686452278715364827:regMsg,reg_backagg,reg_cc
BruceChen 09:25:01.657 [main] INFO  edu.bjut.boudia.myMain - meter_7686452278715364827:100,6333500,0
BruceChen 09:25:01.657 [main] INFO  edu.bjut.boudia.myMain - meter_7193579738173495681:regMsg,reg_backagg,reg_cc
BruceChen 09:25:01.657 [main] INFO  edu.bjut.boudia.myMain - meter_7193579738173495681:100,6379600,100
BruceChen 09:25:01.657 [main] INFO  edu.bjut.boudia.myMain - meter_7936004613185048601:regMsg,reg_backagg,reg_cc
BruceChen 09:25:01.657 [main] INFO  edu.bjut.boudia.myMain - meter_7936004613185048601:0,6411000,100
BruceChen 09:25:01.657 [main] INFO  edu.bjut.boudia.myMain - meter_7571915498014366343:regMsg,reg_backagg,reg_cc
BruceChen 09:25:01.657 [main] INFO  edu.bjut.boudia.myMain - meter_7571915498014366343:100,6359300,0
BruceChen 09:25:01.657 [main] INFO  edu.bjut.boudia.myMain - meter_2957401034395381501:regMsg,reg_backagg,reg_cc
BruceChen 09:25:01.657 [main] INFO  edu.bjut.boudia.myMain - meter_2957401034395381501:100,6178100,0
BruceChen 09:25:01.657 [main] INFO  edu.bjut.boudia.myMain - meter_1182252256713882297:regMsg,reg_backagg,reg_cc
BruceChen 09:25:01.657 [main] INFO  edu.bjut.boudia.myMain - meter_1182252256713882297:100,6270500,100
BruceChen 09:25:01.657 [main] INFO  edu.bjut.boudia.myMain - meter_7487192249948430257:regMsg,reg_backagg,reg_cc
BruceChen 09:25:01.657 [main] INFO  edu.bjut.boudia.myMain - meter_7487192249948430257:100,6455600,100
BruceChen 09:25:01.657 [main] INFO  edu.bjut.boudia.myMain - meter_8060445585662317421:regMsg,reg_backagg,reg_cc
BruceChen 09:25:01.657 [main] INFO  edu.bjut.boudia.myMain - meter_8060445585662317421:0,6311300,0
BruceChen 09:25:01.657 [main] INFO  edu.bjut.boudia.myMain - meter_1527356360996033271:regMsg,reg_backagg,reg_cc
BruceChen 09:25:01.657 [main] INFO  edu.bjut.boudia.myMain - meter_1527356360996033271:100,6331400,200
BruceChen 09:25:01.657 [main] INFO  edu.bjut.boudia.myMain - meter_6919942752805281213:regMsg,reg_backagg,reg_cc
BruceChen 09:25:01.657 [main] INFO  edu.bjut.boudia.myMain - meter_6919942752805281213:100,6432700,0
BruceChen 09:25:01.657 [main] INFO  edu.bjut.boudia.myMain - meter_8138632283150100785:regMsg,reg_backagg,reg_cc
BruceChen 09:25:01.657 [main] INFO  edu.bjut.boudia.myMain - meter_8138632283150100785:0,6254200,100
BruceChen 09:25:01.657 [main] INFO  edu.bjut.boudia.myMain - meter_3713846175426549365:regMsg,reg_backagg,reg_cc
BruceChen 09:25:01.657 [main] INFO  edu.bjut.boudia.myMain - meter_3713846175426549365:100,6373500,100
BruceChen 09:25:01.923 [main] INFO  edu.bjut.boudia.myMain - oneTimeMeterRepTime
BruceChen 09:25:02.610 [main] INFO  edu.bjut.boudia.myMain - server:repMsg
BruceChen 09:25:02.610 [main] INFO  edu.bjut.boudia.myMain - server:33112000
BruceChen 09:25:02.610 [main] INFO  edu.bjut.boudia.myMain - agg:repMsg
BruceChen 09:25:02.610 [main] INFO  edu.bjut.boudia.myMain - agg:145646600
BruceChen 09:25:02.610 [main] INFO  edu.bjut.boudia.myMain - meter_3988464345468558299:repMsg
BruceChen 09:25:02.610 [main] INFO  edu.bjut.boudia.myMain - meter_3988464345468558299:25178500
BruceChen 09:25:02.610 [main] INFO  edu.bjut.boudia.myMain - meter_5533662920772396363:repMsg
BruceChen 09:25:02.610 [main] INFO  edu.bjut.boudia.myMain - meter_5533662920772396363:25544700
BruceChen 09:25:02.610 [main] INFO  edu.bjut.boudia.myMain - meter_4281808124895087355:repMsg
BruceChen 09:25:02.610 [main] INFO  edu.bjut.boudia.myMain - meter_4281808124895087355:25469900
BruceChen 09:25:02.610 [main] INFO  edu.bjut.boudia.myMain - meter_6276287265980030955:repMsg
BruceChen 09:25:02.610 [main] INFO  edu.bjut.boudia.myMain - meter_6276287265980030955:25545200
BruceChen 09:25:02.610 [main] INFO  edu.bjut.boudia.myMain - meter_1299856476944356887:repMsg
BruceChen 09:25:02.610 [main] INFO  edu.bjut.boudia.myMain - meter_1299856476944356887:25250100
BruceChen 09:25:02.610 [main] INFO  edu.bjut.boudia.myMain - meter_1000099240043080633:repMsg
BruceChen 09:25:02.610 [main] INFO  edu.bjut.boudia.myMain - meter_1000099240043080633:25330000
BruceChen 09:25:02.610 [main] INFO  edu.bjut.boudia.myMain - meter_3059462660375799409:repMsg
BruceChen 09:25:02.610 [main] INFO  edu.bjut.boudia.myMain - meter_3059462660375799409:25453000
BruceChen 09:25:02.610 [main] INFO  edu.bjut.boudia.myMain - meter_3977129834700232013:repMsg
BruceChen 09:25:02.610 [main] INFO  edu.bjut.boudia.myMain - meter_3977129834700232013:26782200
BruceChen 09:25:02.610 [main] INFO  edu.bjut.boudia.myMain - meter_7686452278715364827:repMsg
BruceChen 09:25:02.610 [main] INFO  edu.bjut.boudia.myMain - meter_7686452278715364827:26196500
BruceChen 09:25:02.610 [main] INFO  edu.bjut.boudia.myMain - meter_7193579738173495681:repMsg
BruceChen 09:25:02.610 [main] INFO  edu.bjut.boudia.myMain - meter_7193579738173495681:25960000
BruceChen 09:25:02.610 [main] INFO  edu.bjut.boudia.myMain - meter_7936004613185048601:repMsg
BruceChen 09:25:02.610 [main] INFO  edu.bjut.boudia.myMain - meter_7936004613185048601:25806100
BruceChen 09:25:02.610 [main] INFO  edu.bjut.boudia.myMain - meter_7571915498014366343:repMsg
BruceChen 09:25:02.610 [main] INFO  edu.bjut.boudia.myMain - meter_7571915498014366343:26127500
BruceChen 09:25:02.610 [main] INFO  edu.bjut.boudia.myMain - meter_2957401034395381501:repMsg
BruceChen 09:25:02.610 [main] INFO  edu.bjut.boudia.myMain - meter_2957401034395381501:25894600
BruceChen 09:25:02.610 [main] INFO  edu.bjut.boudia.myMain - meter_1182252256713882297:repMsg
BruceChen 09:25:02.610 [main] INFO  edu.bjut.boudia.myMain - meter_1182252256713882297:26218500
BruceChen 09:25:02.610 [main] INFO  edu.bjut.boudia.myMain - meter_7487192249948430257:repMsg
BruceChen 09:25:02.610 [main] INFO  edu.bjut.boudia.myMain - meter_7487192249948430257:26087700
BruceChen 09:25:02.610 [main] INFO  edu.bjut.boudia.myMain - meter_8060445585662317421:repMsg
BruceChen 09:25:02.610 [main] INFO  edu.bjut.boudia.myMain - meter_8060445585662317421:26299100
BruceChen 09:25:02.610 [main] INFO  edu.bjut.boudia.myMain - meter_1527356360996033271:repMsg
BruceChen 09:25:02.610 [main] INFO  edu.bjut.boudia.myMain - meter_1527356360996033271:26245700
BruceChen 09:25:02.610 [main] INFO  edu.bjut.boudia.myMain - meter_6919942752805281213:repMsg
BruceChen 09:25:02.610 [main] INFO  edu.bjut.boudia.myMain - meter_6919942752805281213:26245800
BruceChen 09:25:02.610 [main] INFO  edu.bjut.boudia.myMain - meter_8138632283150100785:repMsg
BruceChen 09:25:02.610 [main] INFO  edu.bjut.boudia.myMain - meter_8138632283150100785:26649200
BruceChen 09:25:02.610 [main] INFO  edu.bjut.boudia.myMain - meter_3713846175426549365:repMsg
BruceChen 09:25:02.610 [main] INFO  edu.bjut.boudia.myMain - meter_3713846175426549365:26097700
