BruceChen 13:17:18.241 [main] INFO  edu.bjut.boudia.myMain - oneTimeMeterRegTime
BruceChen 13:17:19.038 [main] INFO  edu.bjut.boudia.myMain - server:pubkey
BruceChen 13:17:19.038 [main] INFO  edu.bjut.boudia.myMain - server:203700
BruceChen 13:17:19.038 [main] INFO  edu.bjut.boudia.myMain - agg:regMsg,regMsg,regMsg,regMsg,regMsg,regMsg,regMsg,regMsg,regMsg,regMsg,regMsg,regMsg,regMsg,regMsg,regMsg,regMsg,regMsg,regMsg,regMsg,regMsg,regMsg,regMsg,regMsg,regMsg,regMsg,regMsg,regMsg,regMsg,regMsg,regMsg,regMsg,regMsg,regMsg,regMsg,regMsg,regMsg,regMsg,regMsg,regMsg,regMsg,regMsg,regMsg,regMsg,regMsg,regMsg,regMsg,regMsg,regMsg,regMsg,regMsg,regMsg,regMsg,regMsg,regMsg,regMsg,regMsg,regMsg,regMsg,regMsg,regMsg
BruceChen 13:17:19.051 [main] INFO  edu.bjut.boudia.myMain - agg:6710700,6457400,6471900,6451500,6445700,6467300,6470300,6453500,6465400,6441700,6460600,6482400,6437500,7117000,6499600,6426900,6408100,6416300,6444900,6478300,6428800,6419400,6416300,6421600,6417400,6418500,6438400,6409500,6424000,9306500,6605900,6603700,6523000,6432400,6445100,6407700,6421100,6401600,6425000,6407900,6411900,6437000,6450700,6413700,6412600,6426900,6445400,6429000,6430400,6497900,6442200,6435300,6418100,6402700,6411600,6605200,6660800,6588200,6592600,6630300
BruceChen 13:17:19.051 [main] INFO  edu.bjut.boudia.myMain - meter_8202545789025748575:regMsg,reg_backagg,reg_cc
BruceChen 13:17:19.051 [main] INFO  edu.bjut.boudia.myMain - meter_8202545789025748575:2400,6667800,3200
BruceChen 13:17:19.051 [main] INFO  edu.bjut.boudia.myMain - meter_3069780713535156493:regMsg,reg_backagg,reg_cc
BruceChen 13:17:19.051 [main] INFO  edu.bjut.boudia.myMain - meter_3069780713535156493:600,6546100,300
BruceChen 13:17:19.051 [main] INFO  edu.bjut.boudia.myMain - meter_985392890055622929:regMsg,reg_backagg,reg_cc
BruceChen 13:17:19.051 [main] INFO  edu.bjut.boudia.myMain - meter_985392890055622929:400,6367600,300
BruceChen 13:17:19.051 [main] INFO  edu.bjut.boudia.myMain - meter_1761163790660600011:regMsg,reg_backagg,reg_cc
BruceChen 13:17:19.051 [main] INFO  edu.bjut.boudia.myMain - meter_1761163790660600011:300,6465100,300
BruceChen 13:17:19.051 [main] INFO  edu.bjut.boudia.myMain - meter_4493125647844959489:regMsg,reg_backagg,reg_cc
BruceChen 13:17:19.051 [main] INFO  edu.bjut.boudia.myMain - meter_4493125647844959489:300,6493000,300
BruceChen 13:17:19.051 [main] INFO  edu.bjut.boudia.myMain - meter_4654398743840328539:regMsg,reg_backagg,reg_cc
BruceChen 13:17:19.051 [main] INFO  edu.bjut.boudia.myMain - meter_4654398743840328539:300,6443200,400
BruceChen 13:17:19.051 [main] INFO  edu.bjut.boudia.myMain - meter_5444988103032744805:regMsg,reg_backagg,reg_cc
BruceChen 13:17:19.051 [main] INFO  edu.bjut.boudia.myMain - meter_5444988103032744805:400,6504400,300
BruceChen 13:17:19.051 [main] INFO  edu.bjut.boudia.myMain - meter_3520831460124831177:regMsg,reg_backagg,reg_cc
BruceChen 13:17:19.051 [main] INFO  edu.bjut.boudia.myMain - meter_3520831460124831177:300,6507900,300
BruceChen 13:17:19.051 [main] INFO  edu.bjut.boudia.myMain - meter_2870336354415298189:regMsg,reg_backagg,reg_cc
BruceChen 13:17:19.051 [main] INFO  edu.bjut.boudia.myMain - meter_2870336354415298189:200,6461500,300
BruceChen 13:17:19.051 [main] INFO  edu.bjut.boudia.myMain - meter_1863742368044716171:regMsg,reg_backagg,reg_cc
BruceChen 13:17:19.051 [main] INFO  edu.bjut.boudia.myMain - meter_1863742368044716171:300,6461400,300
BruceChen 13:17:19.051 [main] INFO  edu.bjut.boudia.myMain - meter_1881281513685054021:regMsg,reg_backagg,reg_cc
BruceChen 13:17:19.051 [main] INFO  edu.bjut.boudia.myMain - meter_1881281513685054021:300,6405000,500
BruceChen 13:17:19.051 [main] INFO  edu.bjut.boudia.myMain - meter_8100035483978988669:regMsg,reg_backagg,reg_cc
BruceChen 13:17:19.051 [main] INFO  edu.bjut.boudia.myMain - meter_8100035483978988669:400,6578600,400
BruceChen 13:17:19.051 [main] INFO  edu.bjut.boudia.myMain - meter_2074245662638775013:regMsg,reg_backagg,reg_cc
BruceChen 13:17:19.051 [main] INFO  edu.bjut.boudia.myMain - meter_2074245662638775013:200,6512600,200
BruceChen 13:17:19.051 [main] INFO  edu.bjut.boudia.myMain - meter_9085403184514108579:regMsg,reg_backagg,reg_cc
BruceChen 13:17:19.051 [main] INFO  edu.bjut.boudia.myMain - meter_9085403184514108579:300,6464000,300
BruceChen 13:17:19.051 [main] INFO  edu.bjut.boudia.myMain - meter_1754221832438110885:regMsg,reg_backagg,reg_cc
BruceChen 13:17:19.051 [main] INFO  edu.bjut.boudia.myMain - meter_1754221832438110885:300,6421300,400
BruceChen 13:17:19.051 [main] INFO  edu.bjut.boudia.myMain - meter_6772612840790288343:regMsg,reg_backagg,reg_cc
BruceChen 13:17:19.051 [main] INFO  edu.bjut.boudia.myMain - meter_6772612840790288343:300,6518600,300
BruceChen 13:17:19.051 [main] INFO  edu.bjut.boudia.myMain - meter_7370217921701717151:regMsg,reg_backagg,reg_cc
BruceChen 13:17:19.051 [main] INFO  edu.bjut.boudia.myMain - meter_7370217921701717151:300,6390700,400
BruceChen 13:17:19.051 [main] INFO  edu.bjut.boudia.myMain - meter_6557068325939393715:regMsg,reg_backagg,reg_cc
BruceChen 13:17:19.051 [main] INFO  edu.bjut.boudia.myMain - meter_6557068325939393715:300,6460400,300
BruceChen 13:17:19.051 [main] INFO  edu.bjut.boudia.myMain - meter_8031821758361684385:regMsg,reg_backagg,reg_cc
BruceChen 13:17:19.051 [main] INFO  edu.bjut.boudia.myMain - meter_8031821758361684385:300,6404200,400
BruceChen 13:17:19.051 [main] INFO  edu.bjut.boudia.myMain - meter_3919469835018064257:regMsg,reg_backagg,reg_cc
BruceChen 13:17:19.051 [main] INFO  edu.bjut.boudia.myMain - meter_3919469835018064257:200,6354700,300
BruceChen 13:17:19.051 [main] INFO  edu.bjut.boudia.myMain - meter_2950256912970223145:regMsg,reg_backagg,reg_cc
BruceChen 13:17:19.051 [main] INFO  edu.bjut.boudia.myMain - meter_2950256912970223145:300,6513500,200
BruceChen 13:17:19.051 [main] INFO  edu.bjut.boudia.myMain - meter_5996066717255580573:regMsg,reg_backagg,reg_cc
BruceChen 13:17:19.051 [main] INFO  edu.bjut.boudia.myMain - meter_5996066717255580573:200,6429900,400
BruceChen 13:17:19.051 [main] INFO  edu.bjut.boudia.myMain - meter_5868645920005453575:regMsg,reg_backagg,reg_cc
BruceChen 13:17:19.051 [main] INFO  edu.bjut.boudia.myMain - meter_5868645920005453575:200,6453400,400
BruceChen 13:17:19.051 [main] INFO  edu.bjut.boudia.myMain - meter_3979228436434099193:regMsg,reg_backagg,reg_cc
BruceChen 13:17:19.051 [main] INFO  edu.bjut.boudia.myMain - meter_3979228436434099193:200,6529500,300
BruceChen 13:17:19.051 [main] INFO  edu.bjut.boudia.myMain - meter_248990592066563251:regMsg,reg_backagg,reg_cc
BruceChen 13:17:19.051 [main] INFO  edu.bjut.boudia.myMain - meter_248990592066563251:200,6456200,300
BruceChen 13:17:19.051 [main] INFO  edu.bjut.boudia.myMain - meter_2434604287011274057:regMsg,reg_backagg,reg_cc
BruceChen 13:17:19.051 [main] INFO  edu.bjut.boudia.myMain - meter_2434604287011274057:200,6406600,200
BruceChen 13:17:19.051 [main] INFO  edu.bjut.boudia.myMain - meter_1044577879269411921:regMsg,reg_backagg,reg_cc
BruceChen 13:17:19.051 [main] INFO  edu.bjut.boudia.myMain - meter_1044577879269411921:200,6509500,400
BruceChen 13:17:19.051 [main] INFO  edu.bjut.boudia.myMain - meter_1086267324249788657:regMsg,reg_backagg,reg_cc
BruceChen 13:17:19.051 [main] INFO  edu.bjut.boudia.myMain - meter_1086267324249788657:200,6460300,300
BruceChen 13:17:19.051 [main] INFO  edu.bjut.boudia.myMain - meter_2424745877655346287:regMsg,reg_backagg,reg_cc
BruceChen 13:17:19.051 [main] INFO  edu.bjut.boudia.myMain - meter_2424745877655346287:200,6464800,400
BruceChen 13:17:19.051 [main] INFO  edu.bjut.boudia.myMain - meter_6082762036854977825:regMsg,reg_backagg,reg_cc
BruceChen 13:17:19.051 [main] INFO  edu.bjut.boudia.myMain - meter_6082762036854977825:200,6635600,400
BruceChen 13:17:19.051 [main] INFO  edu.bjut.boudia.myMain - meter_7840537113594982725:regMsg,reg_backagg,reg_cc
BruceChen 13:17:19.051 [main] INFO  edu.bjut.boudia.myMain - meter_7840537113594982725:300,6642100,300
BruceChen 13:17:19.051 [main] INFO  edu.bjut.boudia.myMain - meter_8553609940027700223:regMsg,reg_backagg,reg_cc
BruceChen 13:17:19.051 [main] INFO  edu.bjut.boudia.myMain - meter_8553609940027700223:1200,6579600,400
BruceChen 13:17:19.051 [main] INFO  edu.bjut.boudia.myMain - meter_7429278229494137459:regMsg,reg_backagg,reg_cc
BruceChen 13:17:19.051 [main] INFO  edu.bjut.boudia.myMain - meter_7429278229494137459:300,6335400,300
BruceChen 13:17:19.051 [main] INFO  edu.bjut.boudia.myMain - meter_6454613726952552483:regMsg,reg_backagg,reg_cc
BruceChen 13:17:19.051 [main] INFO  edu.bjut.boudia.myMain - meter_6454613726952552483:300,6462000,300
BruceChen 13:17:19.051 [main] INFO  edu.bjut.boudia.myMain - meter_6970344725245706805:regMsg,reg_backagg,reg_cc
BruceChen 13:17:19.051 [main] INFO  edu.bjut.boudia.myMain - meter_6970344725245706805:300,6453200,300
BruceChen 13:17:19.051 [main] INFO  edu.bjut.boudia.myMain - meter_3588203957839747379:regMsg,reg_backagg,reg_cc
BruceChen 13:17:19.051 [main] INFO  edu.bjut.boudia.myMain - meter_3588203957839747379:200,6338200,300
BruceChen 13:17:19.051 [main] INFO  edu.bjut.boudia.myMain - meter_8241472599928258267:regMsg,reg_backagg,reg_cc
BruceChen 13:17:19.051 [main] INFO  edu.bjut.boudia.myMain - meter_8241472599928258267:200,6438300,300
BruceChen 13:17:19.051 [main] INFO  edu.bjut.boudia.myMain - meter_9115485002003971449:regMsg,reg_backagg,reg_cc
BruceChen 13:17:19.051 [main] INFO  edu.bjut.boudia.myMain - meter_9115485002003971449:200,6502900,300
BruceChen 13:17:19.051 [main] INFO  edu.bjut.boudia.myMain - meter_2116592742064165929:regMsg,reg_backagg,reg_cc
BruceChen 13:17:19.051 [main] INFO  edu.bjut.boudia.myMain - meter_2116592742064165929:200,6461800,300
BruceChen 13:17:19.051 [main] INFO  edu.bjut.boudia.myMain - meter_2133867694781939075:regMsg,reg_backagg,reg_cc
BruceChen 13:17:19.051 [main] INFO  edu.bjut.boudia.myMain - meter_2133867694781939075:200,6477800,300
BruceChen 13:17:19.051 [main] INFO  edu.bjut.boudia.myMain - meter_2531212817195683281:regMsg,reg_backagg,reg_cc
BruceChen 13:17:19.051 [main] INFO  edu.bjut.boudia.myMain - meter_2531212817195683281:200,6324100,300
BruceChen 13:17:19.051 [main] INFO  edu.bjut.boudia.myMain - meter_4651768299800305765:regMsg,reg_backagg,reg_cc
BruceChen 13:17:19.051 [main] INFO  edu.bjut.boudia.myMain - meter_4651768299800305765:200,6476200,300
BruceChen 13:17:19.051 [main] INFO  edu.bjut.boudia.myMain - meter_5729068211746386937:regMsg,reg_backagg,reg_cc
BruceChen 13:17:19.051 [main] INFO  edu.bjut.boudia.myMain - meter_5729068211746386937:300,6336600,200
BruceChen 13:17:19.051 [main] INFO  edu.bjut.boudia.myMain - meter_1712117243121659441:regMsg,reg_backagg,reg_cc
BruceChen 13:17:19.051 [main] INFO  edu.bjut.boudia.myMain - meter_1712117243121659441:300,6400200,300
BruceChen 13:17:19.051 [main] INFO  edu.bjut.boudia.myMain - meter_4921812735725048315:regMsg,reg_backagg,reg_cc
BruceChen 13:17:19.051 [main] INFO  edu.bjut.boudia.myMain - meter_4921812735725048315:300,6517200,400
BruceChen 13:17:19.051 [main] INFO  edu.bjut.boudia.myMain - meter_7449335734143472673:regMsg,reg_backagg,reg_cc
BruceChen 13:17:19.051 [main] INFO  edu.bjut.boudia.myMain - meter_7449335734143472673:300,6356800,400
BruceChen 13:17:19.051 [main] INFO  edu.bjut.boudia.myMain - meter_629506473958991795:regMsg,reg_backagg,reg_cc
BruceChen 13:17:19.051 [main] INFO  edu.bjut.boudia.myMain - meter_629506473958991795:300,6438800,200
BruceChen 13:17:19.051 [main] INFO  edu.bjut.boudia.myMain - meter_1829291165197145615:regMsg,reg_backagg,reg_cc
BruceChen 13:17:19.051 [main] INFO  edu.bjut.boudia.myMain - meter_1829291165197145615:200,6380400,200
BruceChen 13:17:19.051 [main] INFO  edu.bjut.boudia.myMain - meter_8254858136140112251:regMsg,reg_backagg,reg_cc
BruceChen 13:17:19.051 [main] INFO  edu.bjut.boudia.myMain - meter_8254858136140112251:200,6489100,300
BruceChen 13:17:19.051 [main] INFO  edu.bjut.boudia.myMain - meter_5203922921114818103:regMsg,reg_backagg,reg_cc
BruceChen 13:17:19.051 [main] INFO  edu.bjut.boudia.myMain - meter_5203922921114818103:200,6333800,300
BruceChen 13:17:19.051 [main] INFO  edu.bjut.boudia.myMain - meter_4250611243019711489:regMsg,reg_backagg,reg_cc
BruceChen 13:17:19.051 [main] INFO  edu.bjut.boudia.myMain - meter_4250611243019711489:300,6440500,300
BruceChen 13:17:19.051 [main] INFO  edu.bjut.boudia.myMain - meter_486006499874805431:regMsg,reg_backagg,reg_cc
BruceChen 13:17:19.051 [main] INFO  edu.bjut.boudia.myMain - meter_486006499874805431:100,6428300,300
BruceChen 13:17:19.051 [main] INFO  edu.bjut.boudia.myMain - meter_7985391933140827833:regMsg,reg_backagg,reg_cc
BruceChen 13:17:19.051 [main] INFO  edu.bjut.boudia.myMain - meter_7985391933140827833:300,6418400,400
BruceChen 13:17:19.051 [main] INFO  edu.bjut.boudia.myMain - meter_8186989559115623755:regMsg,reg_backagg,reg_cc
BruceChen 13:17:19.051 [main] INFO  edu.bjut.boudia.myMain - meter_8186989559115623755:200,6477200,300
BruceChen 13:17:19.051 [main] INFO  edu.bjut.boudia.myMain - meter_1520039096304731167:regMsg,reg_backagg,reg_cc
BruceChen 13:17:19.051 [main] INFO  edu.bjut.boudia.myMain - meter_1520039096304731167:300,6550200,300
BruceChen 13:17:19.051 [main] INFO  edu.bjut.boudia.myMain - meter_9038295364829475967:regMsg,reg_backagg,reg_cc
BruceChen 13:17:19.051 [main] INFO  edu.bjut.boudia.myMain - meter_9038295364829475967:200,6661400,200
BruceChen 13:17:19.051 [main] INFO  edu.bjut.boudia.myMain - meter_4530474235921838349:regMsg,reg_backagg,reg_cc
BruceChen 13:17:19.051 [main] INFO  edu.bjut.boudia.myMain - meter_4530474235921838349:200,6684500,300
BruceChen 13:17:19.051 [main] INFO  edu.bjut.boudia.myMain - meter_5825254677390001961:regMsg,reg_backagg,reg_cc
BruceChen 13:17:19.051 [main] INFO  edu.bjut.boudia.myMain - meter_5825254677390001961:300,6686400,400
BruceChen 13:17:19.051 [main] INFO  edu.bjut.boudia.myMain - meter_1497252146951494611:regMsg,reg_backagg,reg_cc
BruceChen 13:17:19.051 [main] INFO  edu.bjut.boudia.myMain - meter_1497252146951494611:500,6611900,300
BruceChen 13:17:19.051 [main] INFO  edu.bjut.boudia.myMain - meter_8809072418742726415:regMsg,reg_backagg,reg_cc
BruceChen 13:17:19.051 [main] INFO  edu.bjut.boudia.myMain - meter_8809072418742726415:300,6552200,200
BruceChen 13:17:19.848 [main] INFO  edu.bjut.boudia.myMain - oneTimeMeterRepTime
BruceChen 13:17:21.919 [main] INFO  edu.bjut.boudia.myMain - server:repMsg
BruceChen 13:17:21.919 [main] INFO  edu.bjut.boudia.myMain - server:31276000
BruceChen 13:17:21.919 [main] INFO  edu.bjut.boudia.myMain - agg:repMsg
BruceChen 13:17:21.919 [main] INFO  edu.bjut.boudia.myMain - agg:425307400
BruceChen 13:17:21.919 [main] INFO  edu.bjut.boudia.myMain - meter_8202545789025748575:repMsg
BruceChen 13:17:21.919 [main] INFO  edu.bjut.boudia.myMain - meter_8202545789025748575:36073000
BruceChen 13:17:21.919 [main] INFO  edu.bjut.boudia.myMain - meter_3069780713535156493:repMsg
BruceChen 13:17:21.919 [main] INFO  edu.bjut.boudia.myMain - meter_3069780713535156493:26643600
BruceChen 13:17:21.919 [main] INFO  edu.bjut.boudia.myMain - meter_985392890055622929:repMsg
BruceChen 13:17:21.919 [main] INFO  edu.bjut.boudia.myMain - meter_985392890055622929:26567000
BruceChen 13:17:21.919 [main] INFO  edu.bjut.boudia.myMain - meter_1761163790660600011:repMsg
BruceChen 13:17:21.919 [main] INFO  edu.bjut.boudia.myMain - meter_1761163790660600011:26616500
BruceChen 13:17:21.919 [main] INFO  edu.bjut.boudia.myMain - meter_4493125647844959489:repMsg
BruceChen 13:17:21.919 [main] INFO  edu.bjut.boudia.myMain - meter_4493125647844959489:26739000
BruceChen 13:17:21.919 [main] INFO  edu.bjut.boudia.myMain - meter_4654398743840328539:repMsg
BruceChen 13:17:21.919 [main] INFO  edu.bjut.boudia.myMain - meter_4654398743840328539:26709600
BruceChen 13:17:21.919 [main] INFO  edu.bjut.boudia.myMain - meter_5444988103032744805:repMsg
BruceChen 13:17:21.919 [main] INFO  edu.bjut.boudia.myMain - meter_5444988103032744805:26951000
BruceChen 13:17:21.919 [main] INFO  edu.bjut.boudia.myMain - meter_3520831460124831177:repMsg
BruceChen 13:17:21.919 [main] INFO  edu.bjut.boudia.myMain - meter_3520831460124831177:26879000
BruceChen 13:17:21.919 [main] INFO  edu.bjut.boudia.myMain - meter_2870336354415298189:repMsg
BruceChen 13:17:21.919 [main] INFO  edu.bjut.boudia.myMain - meter_2870336354415298189:29650200
BruceChen 13:17:21.919 [main] INFO  edu.bjut.boudia.myMain - meter_1863742368044716171:repMsg
BruceChen 13:17:21.919 [main] INFO  edu.bjut.boudia.myMain - meter_1863742368044716171:26623100
BruceChen 13:17:21.919 [main] INFO  edu.bjut.boudia.myMain - meter_1881281513685054021:repMsg
BruceChen 13:17:21.919 [main] INFO  edu.bjut.boudia.myMain - meter_1881281513685054021:27047800
BruceChen 13:17:21.919 [main] INFO  edu.bjut.boudia.myMain - meter_8100035483978988669:repMsg
BruceChen 13:17:21.919 [main] INFO  edu.bjut.boudia.myMain - meter_8100035483978988669:26602700
BruceChen 13:17:21.919 [main] INFO  edu.bjut.boudia.myMain - meter_2074245662638775013:repMsg
BruceChen 13:17:21.919 [main] INFO  edu.bjut.boudia.myMain - meter_2074245662638775013:26871400
BruceChen 13:17:21.919 [main] INFO  edu.bjut.boudia.myMain - meter_9085403184514108579:repMsg
BruceChen 13:17:21.919 [main] INFO  edu.bjut.boudia.myMain - meter_9085403184514108579:26697300
BruceChen 13:17:21.919 [main] INFO  edu.bjut.boudia.myMain - meter_1754221832438110885:repMsg
BruceChen 13:17:21.919 [main] INFO  edu.bjut.boudia.myMain - meter_1754221832438110885:26778200
BruceChen 13:17:21.919 [main] INFO  edu.bjut.boudia.myMain - meter_6772612840790288343:repMsg
BruceChen 13:17:21.919 [main] INFO  edu.bjut.boudia.myMain - meter_6772612840790288343:26653800
BruceChen 13:17:21.919 [main] INFO  edu.bjut.boudia.myMain - meter_7370217921701717151:repMsg
BruceChen 13:17:21.919 [main] INFO  edu.bjut.boudia.myMain - meter_7370217921701717151:26833100
BruceChen 13:17:21.919 [main] INFO  edu.bjut.boudia.myMain - meter_6557068325939393715:repMsg
BruceChen 13:17:21.919 [main] INFO  edu.bjut.boudia.myMain - meter_6557068325939393715:26672500
BruceChen 13:17:21.935 [main] INFO  edu.bjut.boudia.myMain - meter_8031821758361684385:repMsg
BruceChen 13:17:21.935 [main] INFO  edu.bjut.boudia.myMain - meter_8031821758361684385:26658100
BruceChen 13:17:21.935 [main] INFO  edu.bjut.boudia.myMain - meter_3919469835018064257:repMsg
BruceChen 13:17:21.935 [main] INFO  edu.bjut.boudia.myMain - meter_3919469835018064257:26667400
BruceChen 13:17:21.935 [main] INFO  edu.bjut.boudia.myMain - meter_2950256912970223145:repMsg
BruceChen 13:17:21.935 [main] INFO  edu.bjut.boudia.myMain - meter_2950256912970223145:26792400
BruceChen 13:17:21.935 [main] INFO  edu.bjut.boudia.myMain - meter_5996066717255580573:repMsg
BruceChen 13:17:21.935 [main] INFO  edu.bjut.boudia.myMain - meter_5996066717255580573:26861300
BruceChen 13:17:21.935 [main] INFO  edu.bjut.boudia.myMain - meter_5868645920005453575:repMsg
BruceChen 13:17:21.935 [main] INFO  edu.bjut.boudia.myMain - meter_5868645920005453575:26562300
BruceChen 13:17:21.935 [main] INFO  edu.bjut.boudia.myMain - meter_3979228436434099193:repMsg
BruceChen 13:17:21.935 [main] INFO  edu.bjut.boudia.myMain - meter_3979228436434099193:26682400
BruceChen 13:17:21.935 [main] INFO  edu.bjut.boudia.myMain - meter_248990592066563251:repMsg
BruceChen 13:17:21.935 [main] INFO  edu.bjut.boudia.myMain - meter_248990592066563251:26639500
BruceChen 13:17:21.935 [main] INFO  edu.bjut.boudia.myMain - meter_2434604287011274057:repMsg
BruceChen 13:17:21.935 [main] INFO  edu.bjut.boudia.myMain - meter_2434604287011274057:26682400
BruceChen 13:17:21.935 [main] INFO  edu.bjut.boudia.myMain - meter_1044577879269411921:repMsg
BruceChen 13:17:21.935 [main] INFO  edu.bjut.boudia.myMain - meter_1044577879269411921:26395400
BruceChen 13:17:21.935 [main] INFO  edu.bjut.boudia.myMain - meter_1086267324249788657:repMsg
BruceChen 13:17:21.935 [main] INFO  edu.bjut.boudia.myMain - meter_1086267324249788657:26835300
BruceChen 13:17:21.935 [main] INFO  edu.bjut.boudia.myMain - meter_2424745877655346287:repMsg
BruceChen 13:17:21.935 [main] INFO  edu.bjut.boudia.myMain - meter_2424745877655346287:26623600
BruceChen 13:17:21.935 [main] INFO  edu.bjut.boudia.myMain - meter_6082762036854977825:repMsg
BruceChen 13:17:21.935 [main] INFO  edu.bjut.boudia.myMain - meter_6082762036854977825:26689000
BruceChen 13:17:21.935 [main] INFO  edu.bjut.boudia.myMain - meter_7840537113594982725:repMsg
BruceChen 13:17:21.935 [main] INFO  edu.bjut.boudia.myMain - meter_7840537113594982725:26785500
BruceChen 13:17:21.935 [main] INFO  edu.bjut.boudia.myMain - meter_8553609940027700223:repMsg
BruceChen 13:17:21.935 [main] INFO  edu.bjut.boudia.myMain - meter_8553609940027700223:26800400
BruceChen 13:17:21.935 [main] INFO  edu.bjut.boudia.myMain - meter_7429278229494137459:repMsg
BruceChen 13:17:21.935 [main] INFO  edu.bjut.boudia.myMain - meter_7429278229494137459:26633600
BruceChen 13:17:21.935 [main] INFO  edu.bjut.boudia.myMain - meter_6454613726952552483:repMsg
BruceChen 13:17:21.935 [main] INFO  edu.bjut.boudia.myMain - meter_6454613726952552483:26296200
BruceChen 13:17:21.935 [main] INFO  edu.bjut.boudia.myMain - meter_6970344725245706805:repMsg
BruceChen 13:17:21.935 [main] INFO  edu.bjut.boudia.myMain - meter_6970344725245706805:26388800
BruceChen 13:17:21.935 [main] INFO  edu.bjut.boudia.myMain - meter_3588203957839747379:repMsg
BruceChen 13:17:21.935 [main] INFO  edu.bjut.boudia.myMain - meter_3588203957839747379:29959300
BruceChen 13:17:21.935 [main] INFO  edu.bjut.boudia.myMain - meter_8241472599928258267:repMsg
BruceChen 13:17:21.935 [main] INFO  edu.bjut.boudia.myMain - meter_8241472599928258267:26495400
BruceChen 13:17:21.935 [main] INFO  edu.bjut.boudia.myMain - meter_9115485002003971449:repMsg
BruceChen 13:17:21.935 [main] INFO  edu.bjut.boudia.myMain - meter_9115485002003971449:26797100
BruceChen 13:17:21.935 [main] INFO  edu.bjut.boudia.myMain - meter_2116592742064165929:repMsg
BruceChen 13:17:21.935 [main] INFO  edu.bjut.boudia.myMain - meter_2116592742064165929:26731900
BruceChen 13:17:21.935 [main] INFO  edu.bjut.boudia.myMain - meter_2133867694781939075:repMsg
BruceChen 13:17:21.935 [main] INFO  edu.bjut.boudia.myMain - meter_2133867694781939075:26634800
BruceChen 13:17:21.935 [main] INFO  edu.bjut.boudia.myMain - meter_2531212817195683281:repMsg
BruceChen 13:17:21.935 [main] INFO  edu.bjut.boudia.myMain - meter_2531212817195683281:26740000
BruceChen 13:17:21.935 [main] INFO  edu.bjut.boudia.myMain - meter_4651768299800305765:repMsg
BruceChen 13:17:21.935 [main] INFO  edu.bjut.boudia.myMain - meter_4651768299800305765:26809800
BruceChen 13:17:21.935 [main] INFO  edu.bjut.boudia.myMain - meter_5729068211746386937:repMsg
BruceChen 13:17:21.935 [main] INFO  edu.bjut.boudia.myMain - meter_5729068211746386937:26714400
BruceChen 13:17:21.935 [main] INFO  edu.bjut.boudia.myMain - meter_1712117243121659441:repMsg
BruceChen 13:17:21.935 [main] INFO  edu.bjut.boudia.myMain - meter_1712117243121659441:26780900
BruceChen 13:17:21.935 [main] INFO  edu.bjut.boudia.myMain - meter_4921812735725048315:repMsg
BruceChen 13:17:21.935 [main] INFO  edu.bjut.boudia.myMain - meter_4921812735725048315:26967900
BruceChen 13:17:21.935 [main] INFO  edu.bjut.boudia.myMain - meter_7449335734143472673:repMsg
BruceChen 13:17:21.935 [main] INFO  edu.bjut.boudia.myMain - meter_7449335734143472673:26827600
BruceChen 13:17:21.935 [main] INFO  edu.bjut.boudia.myMain - meter_629506473958991795:repMsg
BruceChen 13:17:21.935 [main] INFO  edu.bjut.boudia.myMain - meter_629506473958991795:26671000
BruceChen 13:17:21.935 [main] INFO  edu.bjut.boudia.myMain - meter_1829291165197145615:repMsg
BruceChen 13:17:21.935 [main] INFO  edu.bjut.boudia.myMain - meter_1829291165197145615:26720000
BruceChen 13:17:21.935 [main] INFO  edu.bjut.boudia.myMain - meter_8254858136140112251:repMsg
BruceChen 13:17:21.935 [main] INFO  edu.bjut.boudia.myMain - meter_8254858136140112251:26744400
BruceChen 13:17:21.935 [main] INFO  edu.bjut.boudia.myMain - meter_5203922921114818103:repMsg
BruceChen 13:17:21.935 [main] INFO  edu.bjut.boudia.myMain - meter_5203922921114818103:26725100
BruceChen 13:17:21.935 [main] INFO  edu.bjut.boudia.myMain - meter_4250611243019711489:repMsg
BruceChen 13:17:21.935 [main] INFO  edu.bjut.boudia.myMain - meter_4250611243019711489:26434600
BruceChen 13:17:21.935 [main] INFO  edu.bjut.boudia.myMain - meter_486006499874805431:repMsg
BruceChen 13:17:21.935 [main] INFO  edu.bjut.boudia.myMain - meter_486006499874805431:26625900
BruceChen 13:17:21.935 [main] INFO  edu.bjut.boudia.myMain - meter_7985391933140827833:repMsg
BruceChen 13:17:21.935 [main] INFO  edu.bjut.boudia.myMain - meter_7985391933140827833:26783300
BruceChen 13:17:21.935 [main] INFO  edu.bjut.boudia.myMain - meter_8186989559115623755:repMsg
BruceChen 13:17:21.935 [main] INFO  edu.bjut.boudia.myMain - meter_8186989559115623755:26849000
BruceChen 13:17:21.935 [main] INFO  edu.bjut.boudia.myMain - meter_1520039096304731167:repMsg
BruceChen 13:17:21.935 [main] INFO  edu.bjut.boudia.myMain - meter_1520039096304731167:26748100
BruceChen 13:17:21.935 [main] INFO  edu.bjut.boudia.myMain - meter_9038295364829475967:repMsg
BruceChen 13:17:21.935 [main] INFO  edu.bjut.boudia.myMain - meter_9038295364829475967:26688600
BruceChen 13:17:21.935 [main] INFO  edu.bjut.boudia.myMain - meter_4530474235921838349:repMsg
BruceChen 13:17:21.935 [main] INFO  edu.bjut.boudia.myMain - meter_4530474235921838349:26249700
BruceChen 13:17:21.935 [main] INFO  edu.bjut.boudia.myMain - meter_5825254677390001961:repMsg
BruceChen 13:17:21.935 [main] INFO  edu.bjut.boudia.myMain - meter_5825254677390001961:27029600
BruceChen 13:17:21.935 [main] INFO  edu.bjut.boudia.myMain - meter_1497252146951494611:repMsg
BruceChen 13:17:21.935 [main] INFO  edu.bjut.boudia.myMain - meter_1497252146951494611:26812000
BruceChen 13:17:21.935 [main] INFO  edu.bjut.boudia.myMain - meter_8809072418742726415:repMsg
BruceChen 13:17:21.935 [main] INFO  edu.bjut.boudia.myMain - meter_8809072418742726415:26757700
BruceChen 13:17:25.496 [main] INFO  edu.bjut.boudia.myMain - oneTimeMeterRegTime
BruceChen 13:17:26.160 [main] INFO  edu.bjut.boudia.myMain - server:pubkey
BruceChen 13:17:26.160 [main] INFO  edu.bjut.boudia.myMain - server:1100
BruceChen 13:17:26.160 [main] INFO  edu.bjut.boudia.myMain - agg:regMsg,regMsg,regMsg,regMsg,regMsg,regMsg,regMsg,regMsg,regMsg,regMsg,regMsg,regMsg,regMsg,regMsg,regMsg,regMsg,regMsg,regMsg,regMsg,regMsg,regMsg,regMsg,regMsg,regMsg,regMsg,regMsg,regMsg,regMsg,regMsg,regMsg,regMsg,regMsg,regMsg,regMsg,regMsg,regMsg,regMsg,regMsg,regMsg,regMsg,regMsg,regMsg,regMsg,regMsg,regMsg,regMsg,regMsg,regMsg,regMsg,regMsg
BruceChen 13:17:26.160 [main] INFO  edu.bjut.boudia.myMain - agg:6650600,6615800,6571100,6624400,6595200,6599400,6647100,6585200,6582500,6607200,6633000,6602500,6416700,6386900,6419700,6398700,6413000,6413400,6460600,6619900,6590000,6922400,6605000,6389700,6427400,6428200,6396500,6608800,6609500,6588800,6616700,6628900,6619600,6416300,6395600,6408100,6397100,6417200,6423100,6408400,6401600,6406700,6455900,6391400,6612700,6607900,6614600,6626500,6453300,6399100
BruceChen 13:17:26.160 [main] INFO  edu.bjut.boudia.myMain - meter_3434223726452824753:regMsg,reg_backagg,reg_cc
BruceChen 13:17:26.160 [main] INFO  edu.bjut.boudia.myMain - meter_3434223726452824753:400,6659600,600
BruceChen 13:17:26.160 [main] INFO  edu.bjut.boudia.myMain - meter_6354329318307197853:regMsg,reg_backagg,reg_cc
BruceChen 13:17:26.160 [main] INFO  edu.bjut.boudia.myMain - meter_6354329318307197853:500,6561000,200
BruceChen 13:17:26.160 [main] INFO  edu.bjut.boudia.myMain - meter_3579821782930537693:regMsg,reg_backagg,reg_cc
BruceChen 13:17:26.160 [main] INFO  edu.bjut.boudia.myMain - meter_3579821782930537693:400,6515700,300
BruceChen 13:17:26.160 [main] INFO  edu.bjut.boudia.myMain - meter_5628919688723842055:regMsg,reg_backagg,reg_cc
BruceChen 13:17:26.160 [main] INFO  edu.bjut.boudia.myMain - meter_5628919688723842055:400,6523600,300
BruceChen 13:17:26.160 [main] INFO  edu.bjut.boudia.myMain - meter_4704706949862027887:regMsg,reg_backagg,reg_cc
BruceChen 13:17:26.160 [main] INFO  edu.bjut.boudia.myMain - meter_4704706949862027887:300,6654900,300
BruceChen 13:17:26.160 [main] INFO  edu.bjut.boudia.myMain - meter_5401512515641589979:regMsg,reg_backagg,reg_cc
BruceChen 13:17:26.160 [main] INFO  edu.bjut.boudia.myMain - meter_5401512515641589979:200,6624600,300
BruceChen 13:17:26.160 [main] INFO  edu.bjut.boudia.myMain - meter_5948444238906667905:regMsg,reg_backagg,reg_cc
BruceChen 13:17:26.160 [main] INFO  edu.bjut.boudia.myMain - meter_5948444238906667905:3400,6665500,300
BruceChen 13:17:26.160 [main] INFO  edu.bjut.boudia.myMain - meter_1633184283722403205:regMsg,reg_backagg,reg_cc
BruceChen 13:17:26.160 [main] INFO  edu.bjut.boudia.myMain - meter_1633184283722403205:700,6627200,6700
BruceChen 13:17:26.160 [main] INFO  edu.bjut.boudia.myMain - meter_3313735727928301303:regMsg,reg_backagg,reg_cc
BruceChen 13:17:26.160 [main] INFO  edu.bjut.boudia.myMain - meter_3313735727928301303:400,6697400,400
BruceChen 13:17:26.160 [main] INFO  edu.bjut.boudia.myMain - meter_5798610954654719233:regMsg,reg_backagg,reg_cc
BruceChen 13:17:26.160 [main] INFO  edu.bjut.boudia.myMain - meter_5798610954654719233:300,6685800,200
BruceChen 13:17:26.160 [main] INFO  edu.bjut.boudia.myMain - meter_5185389256007866485:regMsg,reg_backagg,reg_cc
BruceChen 13:17:26.160 [main] INFO  edu.bjut.boudia.myMain - meter_5185389256007866485:300,6566700,200
BruceChen 13:17:26.160 [main] INFO  edu.bjut.boudia.myMain - meter_5516324941656344225:regMsg,reg_backagg,reg_cc
BruceChen 13:17:26.160 [main] INFO  edu.bjut.boudia.myMain - meter_5516324941656344225:300,6477900,200
BruceChen 13:17:26.160 [main] INFO  edu.bjut.boudia.myMain - meter_8074061582978692953:regMsg,reg_backagg,reg_cc
BruceChen 13:17:26.160 [main] INFO  edu.bjut.boudia.myMain - meter_8074061582978692953:300,6448800,200
BruceChen 13:17:26.160 [main] INFO  edu.bjut.boudia.myMain - meter_7419618835455546895:regMsg,reg_backagg,reg_cc
BruceChen 13:17:26.160 [main] INFO  edu.bjut.boudia.myMain - meter_7419618835455546895:200,6410800,100
BruceChen 13:17:26.160 [main] INFO  edu.bjut.boudia.myMain - meter_7403377193887360065:regMsg,reg_backagg,reg_cc
BruceChen 13:17:26.160 [main] INFO  edu.bjut.boudia.myMain - meter_7403377193887360065:300,6389900,400
BruceChen 13:17:26.160 [main] INFO  edu.bjut.boudia.myMain - meter_2331896787338424075:regMsg,reg_backagg,reg_cc
BruceChen 13:17:26.160 [main] INFO  edu.bjut.boudia.myMain - meter_2331896787338424075:600,6376200,400
BruceChen 13:17:26.160 [main] INFO  edu.bjut.boudia.myMain - meter_7915527631622885469:regMsg,reg_backagg,reg_cc
BruceChen 13:17:26.160 [main] INFO  edu.bjut.boudia.myMain - meter_7915527631622885469:600,6290000,300
BruceChen 13:17:26.160 [main] INFO  edu.bjut.boudia.myMain - meter_8035469989179010121:regMsg,reg_backagg,reg_cc
BruceChen 13:17:26.160 [main] INFO  edu.bjut.boudia.myMain - meter_8035469989179010121:500,6379300,200
BruceChen 13:17:26.160 [main] INFO  edu.bjut.boudia.myMain - meter_5469619250028431739:regMsg,reg_backagg,reg_cc
BruceChen 13:17:26.160 [main] INFO  edu.bjut.boudia.myMain - meter_5469619250028431739:300,6619100,200
BruceChen 13:17:26.160 [main] INFO  edu.bjut.boudia.myMain - meter_3556004286260083199:regMsg,reg_backagg,reg_cc
BruceChen 13:17:26.160 [main] INFO  edu.bjut.boudia.myMain - meter_3556004286260083199:300,6578400,100
BruceChen 13:17:26.160 [main] INFO  edu.bjut.boudia.myMain - meter_8418259134801878789:regMsg,reg_backagg,reg_cc
BruceChen 13:17:26.160 [main] INFO  edu.bjut.boudia.myMain - meter_8418259134801878789:400,6549500,200
BruceChen 13:17:26.160 [main] INFO  edu.bjut.boudia.myMain - meter_1490383791473709769:regMsg,reg_backagg,reg_cc
BruceChen 13:17:26.160 [main] INFO  edu.bjut.boudia.myMain - meter_1490383791473709769:200,6565500,200
BruceChen 13:17:26.160 [main] INFO  edu.bjut.boudia.myMain - meter_5055048841311495031:regMsg,reg_backagg,reg_cc
BruceChen 13:17:26.160 [main] INFO  edu.bjut.boudia.myMain - meter_5055048841311495031:200,6323300,300
BruceChen 13:17:26.160 [main] INFO  edu.bjut.boudia.myMain - meter_1313430102198023583:regMsg,reg_backagg,reg_cc
BruceChen 13:17:26.160 [main] INFO  edu.bjut.boudia.myMain - meter_1313430102198023583:300,6348500,100
BruceChen 13:17:26.160 [main] INFO  edu.bjut.boudia.myMain - meter_3928720261122641191:regMsg,reg_backagg,reg_cc
BruceChen 13:17:26.160 [main] INFO  edu.bjut.boudia.myMain - meter_3928720261122641191:300,6450700,300
BruceChen 13:17:26.160 [main] INFO  edu.bjut.boudia.myMain - meter_5694841869400565253:regMsg,reg_backagg,reg_cc
BruceChen 13:17:26.160 [main] INFO  edu.bjut.boudia.myMain - meter_5694841869400565253:600,6277100,200
BruceChen 13:17:26.160 [main] INFO  edu.bjut.boudia.myMain - meter_6163694238877095373:regMsg,reg_backagg,reg_cc
BruceChen 13:17:26.160 [main] INFO  edu.bjut.boudia.myMain - meter_6163694238877095373:400,6516200,200
BruceChen 13:17:26.160 [main] INFO  edu.bjut.boudia.myMain - meter_8718430511166989109:regMsg,reg_backagg,reg_cc
BruceChen 13:17:26.160 [main] INFO  edu.bjut.boudia.myMain - meter_8718430511166989109:300,9266400,400
BruceChen 13:17:26.160 [main] INFO  edu.bjut.boudia.myMain - meter_7216520581218580579:regMsg,reg_backagg,reg_cc
BruceChen 13:17:26.160 [main] INFO  edu.bjut.boudia.myMain - meter_7216520581218580579:700,6622100,200
BruceChen 13:17:26.160 [main] INFO  edu.bjut.boudia.myMain - meter_6825274475850340359:regMsg,reg_backagg,reg_cc
BruceChen 13:17:26.160 [main] INFO  edu.bjut.boudia.myMain - meter_6825274475850340359:300,6629300,100
BruceChen 13:17:26.160 [main] INFO  edu.bjut.boudia.myMain - meter_510747527802054665:regMsg,reg_backagg,reg_cc
BruceChen 13:17:26.160 [main] INFO  edu.bjut.boudia.myMain - meter_510747527802054665:400,6729400,100
BruceChen 13:17:26.160 [main] INFO  edu.bjut.boudia.myMain - meter_6543372915083127619:regMsg,reg_backagg,reg_cc
BruceChen 13:17:26.160 [main] INFO  edu.bjut.boudia.myMain - meter_6543372915083127619:300,6565500,200
BruceChen 13:17:26.160 [main] INFO  edu.bjut.boudia.myMain - meter_301026674634941385:regMsg,reg_backagg,reg_cc
BruceChen 13:17:26.160 [main] INFO  edu.bjut.boudia.myMain - meter_301026674634941385:300,6508500,100
BruceChen 13:17:26.160 [main] INFO  edu.bjut.boudia.myMain - meter_4952686620897691:regMsg,reg_backagg,reg_cc
BruceChen 13:17:26.160 [main] INFO  edu.bjut.boudia.myMain - meter_4952686620897691:200,6462000,100
BruceChen 13:17:26.160 [main] INFO  edu.bjut.boudia.myMain - meter_5002046540525188947:regMsg,reg_backagg,reg_cc
BruceChen 13:17:26.160 [main] INFO  edu.bjut.boudia.myMain - meter_5002046540525188947:300,6335000,100
BruceChen 13:17:26.160 [main] INFO  edu.bjut.boudia.myMain - meter_5703591607353135685:regMsg,reg_backagg,reg_cc
BruceChen 13:17:26.160 [main] INFO  edu.bjut.boudia.myMain - meter_5703591607353135685:200,6394400,100
BruceChen 13:17:26.160 [main] INFO  edu.bjut.boudia.myMain - meter_4252184005636458145:regMsg,reg_backagg,reg_cc
BruceChen 13:17:26.160 [main] INFO  edu.bjut.boudia.myMain - meter_4252184005636458145:300,6497300,100
BruceChen 13:17:26.160 [main] INFO  edu.bjut.boudia.myMain - meter_5861663326439716067:regMsg,reg_backagg,reg_cc
BruceChen 13:17:26.160 [main] INFO  edu.bjut.boudia.myMain - meter_5861663326439716067:200,6376700,100
BruceChen 13:17:26.160 [main] INFO  edu.bjut.boudia.myMain - meter_882547735354559681:regMsg,reg_backagg,reg_cc
BruceChen 13:17:26.160 [main] INFO  edu.bjut.boudia.myMain - meter_882547735354559681:200,6483000,200
BruceChen 13:17:26.160 [main] INFO  edu.bjut.boudia.myMain - meter_2169509951155684837:regMsg,reg_backagg,reg_cc
BruceChen 13:17:26.160 [main] INFO  edu.bjut.boudia.myMain - meter_2169509951155684837:300,6951500,400
BruceChen 13:17:26.160 [main] INFO  edu.bjut.boudia.myMain - meter_1944026772286177475:regMsg,reg_backagg,reg_cc
BruceChen 13:17:26.160 [main] INFO  edu.bjut.boudia.myMain - meter_1944026772286177475:700,6369900,200
BruceChen 13:17:26.160 [main] INFO  edu.bjut.boudia.myMain - meter_9203811317641478621:regMsg,reg_backagg,reg_cc
BruceChen 13:17:26.160 [main] INFO  edu.bjut.boudia.myMain - meter_9203811317641478621:400,6500900,200
BruceChen 13:17:26.160 [main] INFO  edu.bjut.boudia.myMain - meter_3755243948881563427:regMsg,reg_backagg,reg_cc
BruceChen 13:17:26.160 [main] INFO  edu.bjut.boudia.myMain - meter_3755243948881563427:200,6447400,100
BruceChen 13:17:26.160 [main] INFO  edu.bjut.boudia.myMain - meter_8538491276712413831:regMsg,reg_backagg,reg_cc
BruceChen 13:17:26.160 [main] INFO  edu.bjut.boudia.myMain - meter_8538491276712413831:200,7173600,500
BruceChen 13:17:26.160 [main] INFO  edu.bjut.boudia.myMain - meter_8630857161654781247:regMsg,reg_backagg,reg_cc
BruceChen 13:17:26.160 [main] INFO  edu.bjut.boudia.myMain - meter_8630857161654781247:1200,6583400,400
BruceChen 13:17:26.160 [main] INFO  edu.bjut.boudia.myMain - meter_2399488623970352713:regMsg,reg_backagg,reg_cc
BruceChen 13:17:26.160 [main] INFO  edu.bjut.boudia.myMain - meter_2399488623970352713:700,6577900,200
BruceChen 13:17:26.160 [main] INFO  edu.bjut.boudia.myMain - meter_3107199330608753741:regMsg,reg_backagg,reg_cc
BruceChen 13:17:26.160 [main] INFO  edu.bjut.boudia.myMain - meter_3107199330608753741:300,6530600,200
BruceChen 13:17:26.160 [main] INFO  edu.bjut.boudia.myMain - meter_1013484052046915975:regMsg,reg_backagg,reg_cc
BruceChen 13:17:26.160 [main] INFO  edu.bjut.boudia.myMain - meter_1013484052046915975:1000,6576000,300
BruceChen 13:17:26.160 [main] INFO  edu.bjut.boudia.myMain - meter_4484542048183460173:regMsg,reg_backagg,reg_cc
BruceChen 13:17:26.160 [main] INFO  edu.bjut.boudia.myMain - meter_4484542048183460173:300,6392100,200
BruceChen 13:17:26.160 [main] INFO  edu.bjut.boudia.myMain - meter_2315126100105278197:regMsg,reg_backagg,reg_cc
BruceChen 13:17:26.160 [main] INFO  edu.bjut.boudia.myMain - meter_2315126100105278197:500,6352600,100
BruceChen 13:17:26.803 [main] INFO  edu.bjut.boudia.myMain - oneTimeMeterRepTime
BruceChen 13:17:28.501 [main] INFO  edu.bjut.boudia.myMain - server:repMsg
BruceChen 13:17:28.501 [main] INFO  edu.bjut.boudia.myMain - server:31365500
BruceChen 13:17:28.501 [main] INFO  edu.bjut.boudia.myMain - agg:repMsg
BruceChen 13:17:28.501 [main] INFO  edu.bjut.boudia.myMain - agg:350971700
BruceChen 13:17:28.501 [main] INFO  edu.bjut.boudia.myMain - meter_3434223726452824753:repMsg
BruceChen 13:17:28.501 [main] INFO  edu.bjut.boudia.myMain - meter_3434223726452824753:26013300
BruceChen 13:17:28.501 [main] INFO  edu.bjut.boudia.myMain - meter_6354329318307197853:repMsg
BruceChen 13:17:28.501 [main] INFO  edu.bjut.boudia.myMain - meter_6354329318307197853:26206900
BruceChen 13:17:28.501 [main] INFO  edu.bjut.boudia.myMain - meter_3579821782930537693:repMsg
BruceChen 13:17:28.501 [main] INFO  edu.bjut.boudia.myMain - meter_3579821782930537693:26741100
BruceChen 13:17:28.501 [main] INFO  edu.bjut.boudia.myMain - meter_5628919688723842055:repMsg
BruceChen 13:17:28.501 [main] INFO  edu.bjut.boudia.myMain - meter_5628919688723842055:25992600
BruceChen 13:17:28.501 [main] INFO  edu.bjut.boudia.myMain - meter_4704706949862027887:repMsg
BruceChen 13:17:28.501 [main] INFO  edu.bjut.boudia.myMain - meter_4704706949862027887:26027700
BruceChen 13:17:28.501 [main] INFO  edu.bjut.boudia.myMain - meter_5401512515641589979:repMsg
BruceChen 13:17:28.501 [main] INFO  edu.bjut.boudia.myMain - meter_5401512515641589979:26038900
BruceChen 13:17:28.501 [main] INFO  edu.bjut.boudia.myMain - meter_5948444238906667905:repMsg
BruceChen 13:17:28.501 [main] INFO  edu.bjut.boudia.myMain - meter_5948444238906667905:26114000
BruceChen 13:17:28.501 [main] INFO  edu.bjut.boudia.myMain - meter_1633184283722403205:repMsg
BruceChen 13:17:28.501 [main] INFO  edu.bjut.boudia.myMain - meter_1633184283722403205:26571900
BruceChen 13:17:28.501 [main] INFO  edu.bjut.boudia.myMain - meter_3313735727928301303:repMsg
BruceChen 13:17:28.501 [main] INFO  edu.bjut.boudia.myMain - meter_3313735727928301303:26678400
BruceChen 13:17:28.501 [main] INFO  edu.bjut.boudia.myMain - meter_5798610954654719233:repMsg
BruceChen 13:17:28.501 [main] INFO  edu.bjut.boudia.myMain - meter_5798610954654719233:26574800
BruceChen 13:17:28.501 [main] INFO  edu.bjut.boudia.myMain - meter_5185389256007866485:repMsg
BruceChen 13:17:28.501 [main] INFO  edu.bjut.boudia.myMain - meter_5185389256007866485:27080500
BruceChen 13:17:28.501 [main] INFO  edu.bjut.boudia.myMain - meter_5516324941656344225:repMsg
BruceChen 13:17:28.501 [main] INFO  edu.bjut.boudia.myMain - meter_5516324941656344225:26665100
BruceChen 13:17:28.501 [main] INFO  edu.bjut.boudia.myMain - meter_8074061582978692953:repMsg
BruceChen 13:17:28.501 [main] INFO  edu.bjut.boudia.myMain - meter_8074061582978692953:26686900
BruceChen 13:17:28.501 [main] INFO  edu.bjut.boudia.myMain - meter_7419618835455546895:repMsg
BruceChen 13:17:28.501 [main] INFO  edu.bjut.boudia.myMain - meter_7419618835455546895:26309300
BruceChen 13:17:28.501 [main] INFO  edu.bjut.boudia.myMain - meter_7403377193887360065:repMsg
BruceChen 13:17:28.501 [main] INFO  edu.bjut.boudia.myMain - meter_7403377193887360065:26749200
BruceChen 13:17:28.501 [main] INFO  edu.bjut.boudia.myMain - meter_2331896787338424075:repMsg
BruceChen 13:17:28.501 [main] INFO  edu.bjut.boudia.myMain - meter_2331896787338424075:26180800
BruceChen 13:17:28.501 [main] INFO  edu.bjut.boudia.myMain - meter_7915527631622885469:repMsg
BruceChen 13:17:28.501 [main] INFO  edu.bjut.boudia.myMain - meter_7915527631622885469:25895300
BruceChen 13:17:28.501 [main] INFO  edu.bjut.boudia.myMain - meter_8035469989179010121:repMsg
BruceChen 13:17:28.501 [main] INFO  edu.bjut.boudia.myMain - meter_8035469989179010121:25980700
BruceChen 13:17:28.501 [main] INFO  edu.bjut.boudia.myMain - meter_5469619250028431739:repMsg
BruceChen 13:17:28.501 [main] INFO  edu.bjut.boudia.myMain - meter_5469619250028431739:29776100
BruceChen 13:17:28.501 [main] INFO  edu.bjut.boudia.myMain - meter_3556004286260083199:repMsg
BruceChen 13:17:28.501 [main] INFO  edu.bjut.boudia.myMain - meter_3556004286260083199:25970800
BruceChen 13:17:28.501 [main] INFO  edu.bjut.boudia.myMain - meter_8418259134801878789:repMsg
BruceChen 13:17:28.501 [main] INFO  edu.bjut.boudia.myMain - meter_8418259134801878789:26013800
BruceChen 13:17:28.501 [main] INFO  edu.bjut.boudia.myMain - meter_1490383791473709769:repMsg
BruceChen 13:17:28.501 [main] INFO  edu.bjut.boudia.myMain - meter_1490383791473709769:26031600
BruceChen 13:17:28.501 [main] INFO  edu.bjut.boudia.myMain - meter_5055048841311495031:repMsg
BruceChen 13:17:28.501 [main] INFO  edu.bjut.boudia.myMain - meter_5055048841311495031:25942200
BruceChen 13:17:28.501 [main] INFO  edu.bjut.boudia.myMain - meter_1313430102198023583:repMsg
BruceChen 13:17:28.501 [main] INFO  edu.bjut.boudia.myMain - meter_1313430102198023583:26024700
BruceChen 13:17:28.501 [main] INFO  edu.bjut.boudia.myMain - meter_3928720261122641191:repMsg
BruceChen 13:17:28.501 [main] INFO  edu.bjut.boudia.myMain - meter_3928720261122641191:25998300
BruceChen 13:17:28.501 [main] INFO  edu.bjut.boudia.myMain - meter_5694841869400565253:repMsg
BruceChen 13:17:28.501 [main] INFO  edu.bjut.boudia.myMain - meter_5694841869400565253:25922700
BruceChen 13:17:28.501 [main] INFO  edu.bjut.boudia.myMain - meter_6163694238877095373:repMsg
BruceChen 13:17:28.501 [main] INFO  edu.bjut.boudia.myMain - meter_6163694238877095373:26035200
BruceChen 13:17:28.516 [main] INFO  edu.bjut.boudia.myMain - meter_8718430511166989109:repMsg
BruceChen 13:17:28.516 [main] INFO  edu.bjut.boudia.myMain - meter_8718430511166989109:25746600
BruceChen 13:17:28.516 [main] INFO  edu.bjut.boudia.myMain - meter_7216520581218580579:repMsg
BruceChen 13:17:28.516 [main] INFO  edu.bjut.boudia.myMain - meter_7216520581218580579:25942700
BruceChen 13:17:28.516 [main] INFO  edu.bjut.boudia.myMain - meter_6825274475850340359:repMsg
BruceChen 13:17:28.516 [main] INFO  edu.bjut.boudia.myMain - meter_6825274475850340359:25968100
BruceChen 13:17:28.516 [main] INFO  edu.bjut.boudia.myMain - meter_510747527802054665:repMsg
BruceChen 13:17:28.516 [main] INFO  edu.bjut.boudia.myMain - meter_510747527802054665:25930400
BruceChen 13:17:28.516 [main] INFO  edu.bjut.boudia.myMain - meter_6543372915083127619:repMsg
BruceChen 13:17:28.516 [main] INFO  edu.bjut.boudia.myMain - meter_6543372915083127619:25994900
BruceChen 13:17:28.516 [main] INFO  edu.bjut.boudia.myMain - meter_301026674634941385:repMsg
BruceChen 13:17:28.516 [main] INFO  edu.bjut.boudia.myMain - meter_301026674634941385:25871100
BruceChen 13:17:28.516 [main] INFO  edu.bjut.boudia.myMain - meter_4952686620897691:repMsg
BruceChen 13:17:28.516 [main] INFO  edu.bjut.boudia.myMain - meter_4952686620897691:25863300
BruceChen 13:17:28.516 [main] INFO  edu.bjut.boudia.myMain - meter_5002046540525188947:repMsg
BruceChen 13:17:28.516 [main] INFO  edu.bjut.boudia.myMain - meter_5002046540525188947:25794400
BruceChen 13:17:28.516 [main] INFO  edu.bjut.boudia.myMain - meter_5703591607353135685:repMsg
BruceChen 13:17:28.516 [main] INFO  edu.bjut.boudia.myMain - meter_5703591607353135685:25976400
BruceChen 13:17:28.516 [main] INFO  edu.bjut.boudia.myMain - meter_4252184005636458145:repMsg
BruceChen 13:17:28.516 [main] INFO  edu.bjut.boudia.myMain - meter_4252184005636458145:25967900
BruceChen 13:17:28.516 [main] INFO  edu.bjut.boudia.myMain - meter_5861663326439716067:repMsg
BruceChen 13:17:28.516 [main] INFO  edu.bjut.boudia.myMain - meter_5861663326439716067:25875200
BruceChen 13:17:28.516 [main] INFO  edu.bjut.boudia.myMain - meter_882547735354559681:repMsg
BruceChen 13:17:28.516 [main] INFO  edu.bjut.boudia.myMain - meter_882547735354559681:26025200
BruceChen 13:17:28.516 [main] INFO  edu.bjut.boudia.myMain - meter_2169509951155684837:repMsg
BruceChen 13:17:28.516 [main] INFO  edu.bjut.boudia.myMain - meter_2169509951155684837:25949000
BruceChen 13:17:28.516 [main] INFO  edu.bjut.boudia.myMain - meter_1944026772286177475:repMsg
BruceChen 13:17:28.516 [main] INFO  edu.bjut.boudia.myMain - meter_1944026772286177475:25972400
BruceChen 13:17:28.516 [main] INFO  edu.bjut.boudia.myMain - meter_9203811317641478621:repMsg
BruceChen 13:17:28.516 [main] INFO  edu.bjut.boudia.myMain - meter_9203811317641478621:25971500
BruceChen 13:17:28.516 [main] INFO  edu.bjut.boudia.myMain - meter_3755243948881563427:repMsg
BruceChen 13:17:28.516 [main] INFO  edu.bjut.boudia.myMain - meter_3755243948881563427:25839100
BruceChen 13:17:28.516 [main] INFO  edu.bjut.boudia.myMain - meter_8538491276712413831:repMsg
BruceChen 13:17:28.516 [main] INFO  edu.bjut.boudia.myMain - meter_8538491276712413831:25670600
BruceChen 13:17:28.516 [main] INFO  edu.bjut.boudia.myMain - meter_8630857161654781247:repMsg
BruceChen 13:17:28.516 [main] INFO  edu.bjut.boudia.myMain - meter_8630857161654781247:28472200
BruceChen 13:17:28.516 [main] INFO  edu.bjut.boudia.myMain - meter_2399488623970352713:repMsg
BruceChen 13:17:28.516 [main] INFO  edu.bjut.boudia.myMain - meter_2399488623970352713:27513200
BruceChen 13:17:28.516 [main] INFO  edu.bjut.boudia.myMain - meter_3107199330608753741:repMsg
BruceChen 13:17:28.516 [main] INFO  edu.bjut.boudia.myMain - meter_3107199330608753741:26607500
BruceChen 13:17:28.516 [main] INFO  edu.bjut.boudia.myMain - meter_1013484052046915975:repMsg
BruceChen 13:17:28.516 [main] INFO  edu.bjut.boudia.myMain - meter_1013484052046915975:26376500
BruceChen 13:17:28.516 [main] INFO  edu.bjut.boudia.myMain - meter_4484542048183460173:repMsg
BruceChen 13:17:28.516 [main] INFO  edu.bjut.boudia.myMain - meter_4484542048183460173:26041300
BruceChen 13:17:28.516 [main] INFO  edu.bjut.boudia.myMain - meter_2315126100105278197:repMsg
BruceChen 13:17:28.516 [main] INFO  edu.bjut.boudia.myMain - meter_2315126100105278197:26832400
BruceChen 13:17:31.111 [main] INFO  edu.bjut.boudia.myMain - oneTimeMeterRegTime
BruceChen 13:17:31.628 [main] INFO  edu.bjut.boudia.myMain - server:pubkey
BruceChen 13:17:31.628 [main] INFO  edu.bjut.boudia.myMain - server:800
BruceChen 13:17:31.628 [main] INFO  edu.bjut.boudia.myMain - agg:regMsg,regMsg,regMsg,regMsg,regMsg,regMsg,regMsg,regMsg,regMsg,regMsg,regMsg,regMsg,regMsg,regMsg,regMsg,regMsg,regMsg,regMsg,regMsg,regMsg,regMsg,regMsg,regMsg,regMsg,regMsg,regMsg,regMsg,regMsg,regMsg,regMsg,regMsg,regMsg,regMsg,regMsg,regMsg,regMsg,regMsg,regMsg,regMsg,regMsg
BruceChen 13:17:31.628 [main] INFO  edu.bjut.boudia.myMain - agg:6602400,6578600,6598100,6587700,6654900,6622500,6607400,6591300,6568900,6556800,6402100,6563600,6430400,6395100,6393600,6390600,6420500,6412500,6392100,6407600,6407200,6387900,6410900,6394500,6414500,6414100,6432100,6426800,6406300,6424600,6417800,6393000,6429400,6428900,6428500,6430000,6522600,6396800,6401600,6467700
BruceChen 13:17:31.628 [main] INFO  edu.bjut.boudia.myMain - meter_6405518085805653165:regMsg,reg_backagg,reg_cc
BruceChen 13:17:31.628 [main] INFO  edu.bjut.boudia.myMain - meter_6405518085805653165:500,6690900,600
BruceChen 13:17:31.628 [main] INFO  edu.bjut.boudia.myMain - meter_321113438781343911:regMsg,reg_backagg,reg_cc
BruceChen 13:17:31.628 [main] INFO  edu.bjut.boudia.myMain - meter_321113438781343911:500,6570200,400
BruceChen 13:17:31.628 [main] INFO  edu.bjut.boudia.myMain - meter_4337784347957401687:regMsg,reg_backagg,reg_cc
BruceChen 13:17:31.628 [main] INFO  edu.bjut.boudia.myMain - meter_4337784347957401687:300,6528800,200
BruceChen 13:17:31.628 [main] INFO  edu.bjut.boudia.myMain - meter_5228599958627909571:regMsg,reg_backagg,reg_cc
BruceChen 13:17:31.628 [main] INFO  edu.bjut.boudia.myMain - meter_5228599958627909571:500,6632800,300
BruceChen 13:17:31.628 [main] INFO  edu.bjut.boudia.myMain - meter_2069793504796124283:regMsg,reg_backagg,reg_cc
BruceChen 13:17:31.628 [main] INFO  edu.bjut.boudia.myMain - meter_2069793504796124283:300,6736900,300
BruceChen 13:17:31.628 [main] INFO  edu.bjut.boudia.myMain - meter_6199547693410973419:regMsg,reg_backagg,reg_cc
BruceChen 13:17:31.628 [main] INFO  edu.bjut.boudia.myMain - meter_6199547693410973419:300,6623200,300
BruceChen 13:17:31.628 [main] INFO  edu.bjut.boudia.myMain - meter_6372450812945409207:regMsg,reg_backagg,reg_cc
BruceChen 13:17:31.628 [main] INFO  edu.bjut.boudia.myMain - meter_6372450812945409207:800,6526100,200
BruceChen 13:17:31.628 [main] INFO  edu.bjut.boudia.myMain - meter_6948429697367053761:regMsg,reg_backagg,reg_cc
BruceChen 13:17:31.628 [main] INFO  edu.bjut.boudia.myMain - meter_6948429697367053761:500,6723000,300
BruceChen 13:17:31.628 [main] INFO  edu.bjut.boudia.myMain - meter_3294578017010432943:regMsg,reg_backagg,reg_cc
BruceChen 13:17:31.628 [main] INFO  edu.bjut.boudia.myMain - meter_3294578017010432943:600,6566900,200
BruceChen 13:17:31.628 [main] INFO  edu.bjut.boudia.myMain - meter_8629462407136015737:regMsg,reg_backagg,reg_cc
BruceChen 13:17:31.628 [main] INFO  edu.bjut.boudia.myMain - meter_8629462407136015737:500,6401100,400
BruceChen 13:17:31.628 [main] INFO  edu.bjut.boudia.myMain - meter_8119258595552435637:regMsg,reg_backagg,reg_cc
BruceChen 13:17:31.628 [main] INFO  edu.bjut.boudia.myMain - meter_8119258595552435637:700,6470600,100
BruceChen 13:17:31.628 [main] INFO  edu.bjut.boudia.myMain - meter_5259727288724832175:regMsg,reg_backagg,reg_cc
BruceChen 13:17:31.628 [main] INFO  edu.bjut.boudia.myMain - meter_5259727288724832175:300,6414700,200
BruceChen 13:17:31.628 [main] INFO  edu.bjut.boudia.myMain - meter_741498329462522659:regMsg,reg_backagg,reg_cc
BruceChen 13:17:31.628 [main] INFO  edu.bjut.boudia.myMain - meter_741498329462522659:400,6428900,200
BruceChen 13:17:31.628 [main] INFO  edu.bjut.boudia.myMain - meter_4983491865452441317:regMsg,reg_backagg,reg_cc
BruceChen 13:17:31.628 [main] INFO  edu.bjut.boudia.myMain - meter_4983491865452441317:200,6450700,200
BruceChen 13:17:31.628 [main] INFO  edu.bjut.boudia.myMain - meter_1457074213417144579:regMsg,reg_backagg,reg_cc
BruceChen 13:17:31.628 [main] INFO  edu.bjut.boudia.myMain - meter_1457074213417144579:300,6342200,200
BruceChen 13:17:31.628 [main] INFO  edu.bjut.boudia.myMain - meter_2109853628813903683:regMsg,reg_backagg,reg_cc
BruceChen 13:17:31.628 [main] INFO  edu.bjut.boudia.myMain - meter_2109853628813903683:300,6441400,200
BruceChen 13:17:31.628 [main] INFO  edu.bjut.boudia.myMain - meter_7183553299909013929:regMsg,reg_backagg,reg_cc
BruceChen 13:17:31.628 [main] INFO  edu.bjut.boudia.myMain - meter_7183553299909013929:300,6414700,100
BruceChen 13:17:31.628 [main] INFO  edu.bjut.boudia.myMain - meter_7179953571389414645:regMsg,reg_backagg,reg_cc
BruceChen 13:17:31.628 [main] INFO  edu.bjut.boudia.myMain - meter_7179953571389414645:300,6506000,200
BruceChen 13:17:31.628 [main] INFO  edu.bjut.boudia.myMain - meter_703343845746922295:regMsg,reg_backagg,reg_cc
BruceChen 13:17:31.628 [main] INFO  edu.bjut.boudia.myMain - meter_703343845746922295:300,6368600,100
BruceChen 13:17:31.628 [main] INFO  edu.bjut.boudia.myMain - meter_251594603131696845:regMsg,reg_backagg,reg_cc
BruceChen 13:17:31.628 [main] INFO  edu.bjut.boudia.myMain - meter_251594603131696845:300,6455900,200
BruceChen 13:17:31.628 [main] INFO  edu.bjut.boudia.myMain - meter_6866729721122419229:regMsg,reg_backagg,reg_cc
BruceChen 13:17:31.628 [main] INFO  edu.bjut.boudia.myMain - meter_6866729721122419229:200,6446100,200
BruceChen 13:17:31.628 [main] INFO  edu.bjut.boudia.myMain - meter_425159012508105895:regMsg,reg_backagg,reg_cc
BruceChen 13:17:31.628 [main] INFO  edu.bjut.boudia.myMain - meter_425159012508105895:300,6377600,200
BruceChen 13:17:31.628 [main] INFO  edu.bjut.boudia.myMain - meter_1594232558983278169:regMsg,reg_backagg,reg_cc
BruceChen 13:17:31.628 [main] INFO  edu.bjut.boudia.myMain - meter_1594232558983278169:200,6306600,200
BruceChen 13:17:31.628 [main] INFO  edu.bjut.boudia.myMain - meter_3026692997982848101:regMsg,reg_backagg,reg_cc
BruceChen 13:17:31.628 [main] INFO  edu.bjut.boudia.myMain - meter_3026692997982848101:300,6435600,300
BruceChen 13:17:31.628 [main] INFO  edu.bjut.boudia.myMain - meter_6273487231142515419:regMsg,reg_backagg,reg_cc
BruceChen 13:17:31.628 [main] INFO  edu.bjut.boudia.myMain - meter_6273487231142515419:300,6479700,300
BruceChen 13:17:31.628 [main] INFO  edu.bjut.boudia.myMain - meter_7305127010968900249:regMsg,reg_backagg,reg_cc
BruceChen 13:17:31.628 [main] INFO  edu.bjut.boudia.myMain - meter_7305127010968900249:400,6524100,200
BruceChen 13:17:31.628 [main] INFO  edu.bjut.boudia.myMain - meter_1932809350069418809:regMsg,reg_backagg,reg_cc
BruceChen 13:17:31.628 [main] INFO  edu.bjut.boudia.myMain - meter_1932809350069418809:400,6407100,200
BruceChen 13:17:31.628 [main] INFO  edu.bjut.boudia.myMain - meter_6589060896979711435:regMsg,reg_backagg,reg_cc
BruceChen 13:17:31.628 [main] INFO  edu.bjut.boudia.myMain - meter_6589060896979711435:200,6460800,200
BruceChen 13:17:31.628 [main] INFO  edu.bjut.boudia.myMain - meter_6718660749530092121:regMsg,reg_backagg,reg_cc
BruceChen 13:17:31.628 [main] INFO  edu.bjut.boudia.myMain - meter_6718660749530092121:200,6365700,300
BruceChen 13:17:31.628 [main] INFO  edu.bjut.boudia.myMain - meter_334142519144409337:regMsg,reg_backagg,reg_cc
BruceChen 13:17:31.628 [main] INFO  edu.bjut.boudia.myMain - meter_334142519144409337:300,6428500,200
BruceChen 13:17:31.628 [main] INFO  edu.bjut.boudia.myMain - meter_8547994706673825695:regMsg,reg_backagg,reg_cc
BruceChen 13:17:31.628 [main] INFO  edu.bjut.boudia.myMain - meter_8547994706673825695:400,6416000,100
BruceChen 13:17:31.628 [main] INFO  edu.bjut.boudia.myMain - meter_6878956072854362601:regMsg,reg_backagg,reg_cc
BruceChen 13:17:31.628 [main] INFO  edu.bjut.boudia.myMain - meter_6878956072854362601:300,6473600,500
BruceChen 13:17:31.628 [main] INFO  edu.bjut.boudia.myMain - meter_1156162485206824705:regMsg,reg_backagg,reg_cc
BruceChen 13:17:31.628 [main] INFO  edu.bjut.boudia.myMain - meter_1156162485206824705:900,6360900,300
BruceChen 13:17:31.628 [main] INFO  edu.bjut.boudia.myMain - meter_6525630717457917467:regMsg,reg_backagg,reg_cc
BruceChen 13:17:31.628 [main] INFO  edu.bjut.boudia.myMain - meter_6525630717457917467:500,6363000,200
BruceChen 13:17:31.628 [main] INFO  edu.bjut.boudia.myMain - meter_350497486492180441:regMsg,reg_backagg,reg_cc
BruceChen 13:17:31.628 [main] INFO  edu.bjut.boudia.myMain - meter_350497486492180441:12500,6325800,200
BruceChen 13:17:31.628 [main] INFO  edu.bjut.boudia.myMain - meter_8851242810460793139:regMsg,reg_backagg,reg_cc
BruceChen 13:17:31.628 [main] INFO  edu.bjut.boudia.myMain - meter_8851242810460793139:600,6560100,400
BruceChen 13:17:31.628 [main] INFO  edu.bjut.boudia.myMain - meter_2751589296334901803:regMsg,reg_backagg,reg_cc
BruceChen 13:17:31.628 [main] INFO  edu.bjut.boudia.myMain - meter_2751589296334901803:8600,6462300,2200
BruceChen 13:17:31.628 [main] INFO  edu.bjut.boudia.myMain - meter_4273598905544596103:regMsg,reg_backagg,reg_cc
BruceChen 13:17:31.628 [main] INFO  edu.bjut.boudia.myMain - meter_4273598905544596103:0,6395100,100
BruceChen 13:17:31.628 [main] INFO  edu.bjut.boudia.myMain - meter_3969308422513747055:regMsg,reg_backagg,reg_cc
BruceChen 13:17:31.628 [main] INFO  edu.bjut.boudia.myMain - meter_3969308422513747055:100,6354100,0
BruceChen 13:17:31.628 [main] INFO  edu.bjut.boudia.myMain - meter_3752140133902241603:regMsg,reg_backagg,reg_cc
BruceChen 13:17:31.628 [main] INFO  edu.bjut.boudia.myMain - meter_3752140133902241603:100,6368100,0
BruceChen 13:17:32.151 [main] INFO  edu.bjut.boudia.myMain - oneTimeMeterRepTime
BruceChen 13:17:33.534 [main] INFO  edu.bjut.boudia.myMain - server:repMsg
BruceChen 13:17:33.534 [main] INFO  edu.bjut.boudia.myMain - server:32654600
BruceChen 13:17:33.534 [main] INFO  edu.bjut.boudia.myMain - agg:repMsg
BruceChen 13:17:33.534 [main] INFO  edu.bjut.boudia.myMain - agg:278419100
BruceChen 13:17:33.534 [main] INFO  edu.bjut.boudia.myMain - meter_6405518085805653165:repMsg
BruceChen 13:17:33.534 [main] INFO  edu.bjut.boudia.myMain - meter_6405518085805653165:26514600
BruceChen 13:17:33.534 [main] INFO  edu.bjut.boudia.myMain - meter_321113438781343911:repMsg
BruceChen 13:17:33.534 [main] INFO  edu.bjut.boudia.myMain - meter_321113438781343911:26591800
BruceChen 13:17:33.534 [main] INFO  edu.bjut.boudia.myMain - meter_4337784347957401687:repMsg
BruceChen 13:17:33.534 [main] INFO  edu.bjut.boudia.myMain - meter_4337784347957401687:26694200
BruceChen 13:17:33.534 [main] INFO  edu.bjut.boudia.myMain - meter_5228599958627909571:repMsg
BruceChen 13:17:33.534 [main] INFO  edu.bjut.boudia.myMain - meter_5228599958627909571:26811700
BruceChen 13:17:33.534 [main] INFO  edu.bjut.boudia.myMain - meter_2069793504796124283:repMsg
BruceChen 13:17:33.534 [main] INFO  edu.bjut.boudia.myMain - meter_2069793504796124283:26634400
BruceChen 13:17:33.534 [main] INFO  edu.bjut.boudia.myMain - meter_6199547693410973419:repMsg
BruceChen 13:17:33.534 [main] INFO  edu.bjut.boudia.myMain - meter_6199547693410973419:26850200
BruceChen 13:17:33.534 [main] INFO  edu.bjut.boudia.myMain - meter_6372450812945409207:repMsg
BruceChen 13:17:33.534 [main] INFO  edu.bjut.boudia.myMain - meter_6372450812945409207:26467100
BruceChen 13:17:33.534 [main] INFO  edu.bjut.boudia.myMain - meter_6948429697367053761:repMsg
BruceChen 13:17:33.534 [main] INFO  edu.bjut.boudia.myMain - meter_6948429697367053761:28061100
BruceChen 13:17:33.534 [main] INFO  edu.bjut.boudia.myMain - meter_3294578017010432943:repMsg
BruceChen 13:17:33.534 [main] INFO  edu.bjut.boudia.myMain - meter_3294578017010432943:26798800
BruceChen 13:17:33.534 [main] INFO  edu.bjut.boudia.myMain - meter_8629462407136015737:repMsg
BruceChen 13:17:33.534 [main] INFO  edu.bjut.boudia.myMain - meter_8629462407136015737:26631500
BruceChen 13:17:33.534 [main] INFO  edu.bjut.boudia.myMain - meter_8119258595552435637:repMsg
BruceChen 13:17:33.534 [main] INFO  edu.bjut.boudia.myMain - meter_8119258595552435637:26513600
BruceChen 13:17:33.534 [main] INFO  edu.bjut.boudia.myMain - meter_5259727288724832175:repMsg
BruceChen 13:17:33.534 [main] INFO  edu.bjut.boudia.myMain - meter_5259727288724832175:26321100
BruceChen 13:17:33.534 [main] INFO  edu.bjut.boudia.myMain - meter_741498329462522659:repMsg
BruceChen 13:17:33.534 [main] INFO  edu.bjut.boudia.myMain - meter_741498329462522659:26559500
BruceChen 13:17:33.534 [main] INFO  edu.bjut.boudia.myMain - meter_4983491865452441317:repMsg
BruceChen 13:17:33.534 [main] INFO  edu.bjut.boudia.myMain - meter_4983491865452441317:26300100
BruceChen 13:17:33.534 [main] INFO  edu.bjut.boudia.myMain - meter_1457074213417144579:repMsg
BruceChen 13:17:33.534 [main] INFO  edu.bjut.boudia.myMain - meter_1457074213417144579:26424700
BruceChen 13:17:33.534 [main] INFO  edu.bjut.boudia.myMain - meter_2109853628813903683:repMsg
BruceChen 13:17:33.534 [main] INFO  edu.bjut.boudia.myMain - meter_2109853628813903683:26674900
BruceChen 13:17:33.534 [main] INFO  edu.bjut.boudia.myMain - meter_7183553299909013929:repMsg
BruceChen 13:17:33.534 [main] INFO  edu.bjut.boudia.myMain - meter_7183553299909013929:26619200
BruceChen 13:17:33.534 [main] INFO  edu.bjut.boudia.myMain - meter_7179953571389414645:repMsg
BruceChen 13:17:33.534 [main] INFO  edu.bjut.boudia.myMain - meter_7179953571389414645:26200800
BruceChen 13:17:33.534 [main] INFO  edu.bjut.boudia.myMain - meter_703343845746922295:repMsg
BruceChen 13:17:33.534 [main] INFO  edu.bjut.boudia.myMain - meter_703343845746922295:26475900
BruceChen 13:17:33.534 [main] INFO  edu.bjut.boudia.myMain - meter_251594603131696845:repMsg
BruceChen 13:17:33.534 [main] INFO  edu.bjut.boudia.myMain - meter_251594603131696845:26539200
BruceChen 13:17:33.534 [main] INFO  edu.bjut.boudia.myMain - meter_6866729721122419229:repMsg
BruceChen 13:17:33.534 [main] INFO  edu.bjut.boudia.myMain - meter_6866729721122419229:26623900
BruceChen 13:17:33.534 [main] INFO  edu.bjut.boudia.myMain - meter_425159012508105895:repMsg
BruceChen 13:17:33.534 [main] INFO  edu.bjut.boudia.myMain - meter_425159012508105895:26577100
BruceChen 13:17:33.534 [main] INFO  edu.bjut.boudia.myMain - meter_1594232558983278169:repMsg
BruceChen 13:17:33.534 [main] INFO  edu.bjut.boudia.myMain - meter_1594232558983278169:26873000
BruceChen 13:17:33.534 [main] INFO  edu.bjut.boudia.myMain - meter_3026692997982848101:repMsg
BruceChen 13:17:33.534 [main] INFO  edu.bjut.boudia.myMain - meter_3026692997982848101:26424400
BruceChen 13:17:33.534 [main] INFO  edu.bjut.boudia.myMain - meter_6273487231142515419:repMsg
BruceChen 13:17:33.534 [main] INFO  edu.bjut.boudia.myMain - meter_6273487231142515419:26726100
BruceChen 13:17:33.534 [main] INFO  edu.bjut.boudia.myMain - meter_7305127010968900249:repMsg
BruceChen 13:17:33.534 [main] INFO  edu.bjut.boudia.myMain - meter_7305127010968900249:26761000
BruceChen 13:17:33.534 [main] INFO  edu.bjut.boudia.myMain - meter_1932809350069418809:repMsg
BruceChen 13:17:33.534 [main] INFO  edu.bjut.boudia.myMain - meter_1932809350069418809:26751600
BruceChen 13:17:33.534 [main] INFO  edu.bjut.boudia.myMain - meter_6589060896979711435:repMsg
BruceChen 13:17:33.534 [main] INFO  edu.bjut.boudia.myMain - meter_6589060896979711435:26797800
BruceChen 13:17:33.534 [main] INFO  edu.bjut.boudia.myMain - meter_6718660749530092121:repMsg
BruceChen 13:17:33.534 [main] INFO  edu.bjut.boudia.myMain - meter_6718660749530092121:26747200
BruceChen 13:17:33.534 [main] INFO  edu.bjut.boudia.myMain - meter_334142519144409337:repMsg
BruceChen 13:17:33.534 [main] INFO  edu.bjut.boudia.myMain - meter_334142519144409337:26651000
BruceChen 13:17:33.534 [main] INFO  edu.bjut.boudia.myMain - meter_8547994706673825695:repMsg
BruceChen 13:17:33.534 [main] INFO  edu.bjut.boudia.myMain - meter_8547994706673825695:26657500
BruceChen 13:17:33.534 [main] INFO  edu.bjut.boudia.myMain - meter_6878956072854362601:repMsg
BruceChen 13:17:33.534 [main] INFO  edu.bjut.boudia.myMain - meter_6878956072854362601:27638800
BruceChen 13:17:33.534 [main] INFO  edu.bjut.boudia.myMain - meter_1156162485206824705:repMsg
BruceChen 13:17:33.534 [main] INFO  edu.bjut.boudia.myMain - meter_1156162485206824705:27115000
BruceChen 13:17:33.534 [main] INFO  edu.bjut.boudia.myMain - meter_6525630717457917467:repMsg
BruceChen 13:17:33.534 [main] INFO  edu.bjut.boudia.myMain - meter_6525630717457917467:26644300
BruceChen 13:17:33.534 [main] INFO  edu.bjut.boudia.myMain - meter_350497486492180441:repMsg
BruceChen 13:17:33.534 [main] INFO  edu.bjut.boudia.myMain - meter_350497486492180441:26213600
BruceChen 13:17:33.534 [main] INFO  edu.bjut.boudia.myMain - meter_8851242810460793139:repMsg
BruceChen 13:17:33.534 [main] INFO  edu.bjut.boudia.myMain - meter_8851242810460793139:27476000
BruceChen 13:17:33.534 [main] INFO  edu.bjut.boudia.myMain - meter_2751589296334901803:repMsg
BruceChen 13:17:33.534 [main] INFO  edu.bjut.boudia.myMain - meter_2751589296334901803:26640800
BruceChen 13:17:33.534 [main] INFO  edu.bjut.boudia.myMain - meter_4273598905544596103:repMsg
BruceChen 13:17:33.534 [main] INFO  edu.bjut.boudia.myMain - meter_4273598905544596103:26768100
BruceChen 13:17:33.534 [main] INFO  edu.bjut.boudia.myMain - meter_3969308422513747055:repMsg
BruceChen 13:17:33.534 [main] INFO  edu.bjut.boudia.myMain - meter_3969308422513747055:26732300
BruceChen 13:17:33.534 [main] INFO  edu.bjut.boudia.myMain - meter_3752140133902241603:repMsg
BruceChen 13:17:33.534 [main] INFO  edu.bjut.boudia.myMain - meter_3752140133902241603:26640700
BruceChen 13:17:35.481 [main] INFO  edu.bjut.boudia.myMain - oneTimeMeterRegTime
BruceChen 13:17:35.871 [main] INFO  edu.bjut.boudia.myMain - server:pubkey
BruceChen 13:17:35.871 [main] INFO  edu.bjut.boudia.myMain - server:1100
BruceChen 13:17:35.871 [main] INFO  edu.bjut.boudia.myMain - agg:regMsg,regMsg,regMsg,regMsg,regMsg,regMsg,regMsg,regMsg,regMsg,regMsg,regMsg,regMsg,regMsg,regMsg,regMsg,regMsg,regMsg,regMsg,regMsg,regMsg,regMsg,regMsg,regMsg,regMsg,regMsg,regMsg,regMsg,regMsg,regMsg,regMsg
BruceChen 13:17:35.871 [main] INFO  edu.bjut.boudia.myMain - agg:6399800,6402900,6412900,6417700,6424500,6394200,6413000,6400400,6407100,6406300,6428300,6400700,6407600,7501300,6504000,6426900,6397800,6530300,6395100,6430100,6427800,6416300,6391100,6402000,6413000,6431000,6458400,6409100,6418100,6444000
BruceChen 13:17:35.871 [main] INFO  edu.bjut.boudia.myMain - meter_7429343290140469613:regMsg,reg_backagg,reg_cc
BruceChen 13:17:35.871 [main] INFO  edu.bjut.boudia.myMain - meter_7429343290140469613:200,6396300,100
BruceChen 13:17:35.871 [main] INFO  edu.bjut.boudia.myMain - meter_8135899416903325727:regMsg,reg_backagg,reg_cc
BruceChen 13:17:35.871 [main] INFO  edu.bjut.boudia.myMain - meter_8135899416903325727:100,6322700,100
BruceChen 13:17:35.871 [main] INFO  edu.bjut.boudia.myMain - meter_2222469429601866741:regMsg,reg_backagg,reg_cc
BruceChen 13:17:35.871 [main] INFO  edu.bjut.boudia.myMain - meter_2222469429601866741:100,6448000,100
BruceChen 13:17:35.871 [main] INFO  edu.bjut.boudia.myMain - meter_4117744927949015055:regMsg,reg_backagg,reg_cc
BruceChen 13:17:35.871 [main] INFO  edu.bjut.boudia.myMain - meter_4117744927949015055:100,6458600,100
BruceChen 13:17:35.871 [main] INFO  edu.bjut.boudia.myMain - meter_2260867537956928011:regMsg,reg_backagg,reg_cc
BruceChen 13:17:35.871 [main] INFO  edu.bjut.boudia.myMain - meter_2260867537956928011:100,6481200,100
BruceChen 13:17:35.871 [main] INFO  edu.bjut.boudia.myMain - meter_5772576709239209441:regMsg,reg_backagg,reg_cc
BruceChen 13:17:35.871 [main] INFO  edu.bjut.boudia.myMain - meter_5772576709239209441:0,6443300,100
BruceChen 13:17:35.871 [main] INFO  edu.bjut.boudia.myMain - meter_3279003563173189151:regMsg,reg_backagg,reg_cc
BruceChen 13:17:35.871 [main] INFO  edu.bjut.boudia.myMain - meter_3279003563173189151:100,6471900,100
BruceChen 13:17:35.871 [main] INFO  edu.bjut.boudia.myMain - meter_2446925704241532171:regMsg,reg_backagg,reg_cc
BruceChen 13:17:35.871 [main] INFO  edu.bjut.boudia.myMain - meter_2446925704241532171:100,6396800,100
BruceChen 13:17:35.871 [main] INFO  edu.bjut.boudia.myMain - meter_5707498051727660929:regMsg,reg_backagg,reg_cc
BruceChen 13:17:35.871 [main] INFO  edu.bjut.boudia.myMain - meter_5707498051727660929:100,6429500,0
BruceChen 13:17:35.871 [main] INFO  edu.bjut.boudia.myMain - meter_3540650985280186481:regMsg,reg_backagg,reg_cc
BruceChen 13:17:35.871 [main] INFO  edu.bjut.boudia.myMain - meter_3540650985280186481:100,6436400,100
BruceChen 13:17:35.871 [main] INFO  edu.bjut.boudia.myMain - meter_5153635387247256191:regMsg,reg_backagg,reg_cc
BruceChen 13:17:35.871 [main] INFO  edu.bjut.boudia.myMain - meter_5153635387247256191:100,6404300,100
BruceChen 13:17:35.871 [main] INFO  edu.bjut.boudia.myMain - meter_8476696224121394461:regMsg,reg_backagg,reg_cc
BruceChen 13:17:35.871 [main] INFO  edu.bjut.boudia.myMain - meter_8476696224121394461:100,6428400,0
BruceChen 13:17:35.871 [main] INFO  edu.bjut.boudia.myMain - meter_1923532416883896529:regMsg,reg_backagg,reg_cc
BruceChen 13:17:35.871 [main] INFO  edu.bjut.boudia.myMain - meter_1923532416883896529:100,6371800,100
BruceChen 13:17:35.871 [main] INFO  edu.bjut.boudia.myMain - meter_5547661422639449797:regMsg,reg_backagg,reg_cc
BruceChen 13:17:35.871 [main] INFO  edu.bjut.boudia.myMain - meter_5547661422639449797:100,6701400,0
BruceChen 13:17:35.871 [main] INFO  edu.bjut.boudia.myMain - meter_4441470761496653279:regMsg,reg_backagg,reg_cc
BruceChen 13:17:35.871 [main] INFO  edu.bjut.boudia.myMain - meter_4441470761496653279:100,6447400,100
BruceChen 13:17:35.871 [main] INFO  edu.bjut.boudia.myMain - meter_3162580291344142347:regMsg,reg_backagg,reg_cc
BruceChen 13:17:35.871 [main] INFO  edu.bjut.boudia.myMain - meter_3162580291344142347:0,6441300,100
BruceChen 13:17:35.871 [main] INFO  edu.bjut.boudia.myMain - meter_2427019383828165127:regMsg,reg_backagg,reg_cc
BruceChen 13:17:35.871 [main] INFO  edu.bjut.boudia.myMain - meter_2427019383828165127:0,6507400,0
BruceChen 13:17:35.871 [main] INFO  edu.bjut.boudia.myMain - meter_6290894307567782225:regMsg,reg_backagg,reg_cc
BruceChen 13:17:35.871 [main] INFO  edu.bjut.boudia.myMain - meter_6290894307567782225:100,6354700,100
BruceChen 13:17:35.871 [main] INFO  edu.bjut.boudia.myMain - meter_7217175596102516897:regMsg,reg_backagg,reg_cc
BruceChen 13:17:35.871 [main] INFO  edu.bjut.boudia.myMain - meter_7217175596102516897:0,6475100,100
BruceChen 13:17:35.871 [main] INFO  edu.bjut.boudia.myMain - meter_7651752667840666931:regMsg,reg_backagg,reg_cc
BruceChen 13:17:35.871 [main] INFO  edu.bjut.boudia.myMain - meter_7651752667840666931:0,6326700,100
BruceChen 13:17:35.871 [main] INFO  edu.bjut.boudia.myMain - meter_1041582501734050547:regMsg,reg_backagg,reg_cc
BruceChen 13:17:35.871 [main] INFO  edu.bjut.boudia.myMain - meter_1041582501734050547:100,6443400,200
BruceChen 13:17:35.871 [main] INFO  edu.bjut.boudia.myMain - meter_3108180891288922453:regMsg,reg_backagg,reg_cc
BruceChen 13:17:35.871 [main] INFO  edu.bjut.boudia.myMain - meter_3108180891288922453:100,6353700,100
BruceChen 13:17:35.871 [main] INFO  edu.bjut.boudia.myMain - meter_6014701378751579151:regMsg,reg_backagg,reg_cc
BruceChen 13:17:35.871 [main] INFO  edu.bjut.boudia.myMain - meter_6014701378751579151:0,6419700,100
BruceChen 13:17:35.871 [main] INFO  edu.bjut.boudia.myMain - meter_1183743592647605695:regMsg,reg_backagg,reg_cc
BruceChen 13:17:35.871 [main] INFO  edu.bjut.boudia.myMain - meter_1183743592647605695:0,6403100,0
BruceChen 13:17:35.871 [main] INFO  edu.bjut.boudia.myMain - meter_6644463787322423671:regMsg,reg_backagg,reg_cc
BruceChen 13:17:35.871 [main] INFO  edu.bjut.boudia.myMain - meter_6644463787322423671:0,6460900,0
BruceChen 13:17:35.871 [main] INFO  edu.bjut.boudia.myMain - meter_974142580364812865:regMsg,reg_backagg,reg_cc
BruceChen 13:17:35.871 [main] INFO  edu.bjut.boudia.myMain - meter_974142580364812865:100,6463500,0
BruceChen 13:17:35.871 [main] INFO  edu.bjut.boudia.myMain - meter_5256757293702884291:regMsg,reg_backagg,reg_cc
BruceChen 13:17:35.871 [main] INFO  edu.bjut.boudia.myMain - meter_5256757293702884291:100,6391900,0
BruceChen 13:17:35.871 [main] INFO  edu.bjut.boudia.myMain - meter_1419765043418953645:regMsg,reg_backagg,reg_cc
BruceChen 13:17:35.871 [main] INFO  edu.bjut.boudia.myMain - meter_1419765043418953645:100,6449300,100
BruceChen 13:17:35.871 [main] INFO  edu.bjut.boudia.myMain - meter_4098958103512377411:regMsg,reg_backagg,reg_cc
BruceChen 13:17:35.871 [main] INFO  edu.bjut.boudia.myMain - meter_4098958103512377411:0,6500500,100
BruceChen 13:17:35.871 [main] INFO  edu.bjut.boudia.myMain - meter_1316501902392086627:regMsg,reg_backagg,reg_cc
BruceChen 13:17:35.871 [main] INFO  edu.bjut.boudia.myMain - meter_1316501902392086627:0,6476100,100
BruceChen 13:17:36.262 [main] INFO  edu.bjut.boudia.myMain - oneTimeMeterRepTime
BruceChen 13:17:37.279 [main] INFO  edu.bjut.boudia.myMain - server:repMsg
BruceChen 13:17:37.279 [main] INFO  edu.bjut.boudia.myMain - server:33230500
BruceChen 13:17:37.279 [main] INFO  edu.bjut.boudia.myMain - agg:repMsg
BruceChen 13:17:37.279 [main] INFO  edu.bjut.boudia.myMain - agg:212247600
BruceChen 13:17:37.279 [main] INFO  edu.bjut.boudia.myMain - meter_7429343290140469613:repMsg
BruceChen 13:17:37.279 [main] INFO  edu.bjut.boudia.myMain - meter_7429343290140469613:26816500
BruceChen 13:17:37.279 [main] INFO  edu.bjut.boudia.myMain - meter_8135899416903325727:repMsg
BruceChen 13:17:37.279 [main] INFO  edu.bjut.boudia.myMain - meter_8135899416903325727:26774100
BruceChen 13:17:37.279 [main] INFO  edu.bjut.boudia.myMain - meter_2222469429601866741:repMsg
BruceChen 13:17:37.279 [main] INFO  edu.bjut.boudia.myMain - meter_2222469429601866741:26152300
BruceChen 13:17:37.279 [main] INFO  edu.bjut.boudia.myMain - meter_4117744927949015055:repMsg
BruceChen 13:17:37.279 [main] INFO  edu.bjut.boudia.myMain - meter_4117744927949015055:26693600
BruceChen 13:17:37.279 [main] INFO  edu.bjut.boudia.myMain - meter_2260867537956928011:repMsg
BruceChen 13:17:37.279 [main] INFO  edu.bjut.boudia.myMain - meter_2260867537956928011:27365800
BruceChen 13:17:37.279 [main] INFO  edu.bjut.boudia.myMain - meter_5772576709239209441:repMsg
BruceChen 13:17:37.279 [main] INFO  edu.bjut.boudia.myMain - meter_5772576709239209441:26303200
BruceChen 13:17:37.279 [main] INFO  edu.bjut.boudia.myMain - meter_3279003563173189151:repMsg
BruceChen 13:17:37.279 [main] INFO  edu.bjut.boudia.myMain - meter_3279003563173189151:26510300
BruceChen 13:17:37.279 [main] INFO  edu.bjut.boudia.myMain - meter_2446925704241532171:repMsg
BruceChen 13:17:37.279 [main] INFO  edu.bjut.boudia.myMain - meter_2446925704241532171:25836900
BruceChen 13:17:37.279 [main] INFO  edu.bjut.boudia.myMain - meter_5707498051727660929:repMsg
BruceChen 13:17:37.279 [main] INFO  edu.bjut.boudia.myMain - meter_5707498051727660929:25982600
BruceChen 13:17:37.279 [main] INFO  edu.bjut.boudia.myMain - meter_3540650985280186481:repMsg
BruceChen 13:17:37.279 [main] INFO  edu.bjut.boudia.myMain - meter_3540650985280186481:25975800
BruceChen 13:17:37.279 [main] INFO  edu.bjut.boudia.myMain - meter_5153635387247256191:repMsg
BruceChen 13:17:37.279 [main] INFO  edu.bjut.boudia.myMain - meter_5153635387247256191:25848600
BruceChen 13:17:37.279 [main] INFO  edu.bjut.boudia.myMain - meter_8476696224121394461:repMsg
BruceChen 13:17:37.279 [main] INFO  edu.bjut.boudia.myMain - meter_8476696224121394461:26028900
BruceChen 13:17:37.279 [main] INFO  edu.bjut.boudia.myMain - meter_1923532416883896529:repMsg
BruceChen 13:17:37.279 [main] INFO  edu.bjut.boudia.myMain - meter_1923532416883896529:26070100
BruceChen 13:17:37.279 [main] INFO  edu.bjut.boudia.myMain - meter_5547661422639449797:repMsg
BruceChen 13:17:37.279 [main] INFO  edu.bjut.boudia.myMain - meter_5547661422639449797:25931200
BruceChen 13:17:37.279 [main] INFO  edu.bjut.boudia.myMain - meter_4441470761496653279:repMsg
BruceChen 13:17:37.279 [main] INFO  edu.bjut.boudia.myMain - meter_4441470761496653279:25971300
BruceChen 13:17:37.279 [main] INFO  edu.bjut.boudia.myMain - meter_3162580291344142347:repMsg
BruceChen 13:17:37.279 [main] INFO  edu.bjut.boudia.myMain - meter_3162580291344142347:25976800
BruceChen 13:17:37.279 [main] INFO  edu.bjut.boudia.myMain - meter_2427019383828165127:repMsg
BruceChen 13:17:37.279 [main] INFO  edu.bjut.boudia.myMain - meter_2427019383828165127:25995500
BruceChen 13:17:37.279 [main] INFO  edu.bjut.boudia.myMain - meter_6290894307567782225:repMsg
BruceChen 13:17:37.279 [main] INFO  edu.bjut.boudia.myMain - meter_6290894307567782225:25761900
BruceChen 13:17:37.279 [main] INFO  edu.bjut.boudia.myMain - meter_7217175596102516897:repMsg
BruceChen 13:17:37.279 [main] INFO  edu.bjut.boudia.myMain - meter_7217175596102516897:25508100
BruceChen 13:17:37.279 [main] INFO  edu.bjut.boudia.myMain - meter_7651752667840666931:repMsg
BruceChen 13:17:37.279 [main] INFO  edu.bjut.boudia.myMain - meter_7651752667840666931:25868500
BruceChen 13:17:37.279 [main] INFO  edu.bjut.boudia.myMain - meter_1041582501734050547:repMsg
BruceChen 13:17:37.279 [main] INFO  edu.bjut.boudia.myMain - meter_1041582501734050547:25817200
BruceChen 13:17:37.279 [main] INFO  edu.bjut.boudia.myMain - meter_3108180891288922453:repMsg
BruceChen 13:17:37.279 [main] INFO  edu.bjut.boudia.myMain - meter_3108180891288922453:25611700
BruceChen 13:17:37.279 [main] INFO  edu.bjut.boudia.myMain - meter_6014701378751579151:repMsg
BruceChen 13:17:37.279 [main] INFO  edu.bjut.boudia.myMain - meter_6014701378751579151:25685000
BruceChen 13:17:37.279 [main] INFO  edu.bjut.boudia.myMain - meter_1183743592647605695:repMsg
BruceChen 13:17:37.279 [main] INFO  edu.bjut.boudia.myMain - meter_1183743592647605695:25989200
BruceChen 13:17:37.279 [main] INFO  edu.bjut.boudia.myMain - meter_6644463787322423671:repMsg
BruceChen 13:17:37.279 [main] INFO  edu.bjut.boudia.myMain - meter_6644463787322423671:25963100
BruceChen 13:17:37.279 [main] INFO  edu.bjut.boudia.myMain - meter_974142580364812865:repMsg
BruceChen 13:17:37.279 [main] INFO  edu.bjut.boudia.myMain - meter_974142580364812865:25917300
BruceChen 13:17:37.279 [main] INFO  edu.bjut.boudia.myMain - meter_5256757293702884291:repMsg
BruceChen 13:17:37.279 [main] INFO  edu.bjut.boudia.myMain - meter_5256757293702884291:25758700
BruceChen 13:17:37.279 [main] INFO  edu.bjut.boudia.myMain - meter_1419765043418953645:repMsg
BruceChen 13:17:37.279 [main] INFO  edu.bjut.boudia.myMain - meter_1419765043418953645:26012800
BruceChen 13:17:37.279 [main] INFO  edu.bjut.boudia.myMain - meter_4098958103512377411:repMsg
BruceChen 13:17:37.279 [main] INFO  edu.bjut.boudia.myMain - meter_4098958103512377411:25985500
BruceChen 13:17:37.279 [main] INFO  edu.bjut.boudia.myMain - meter_1316501902392086627:repMsg
BruceChen 13:17:37.279 [main] INFO  edu.bjut.boudia.myMain - meter_1316501902392086627:25762600
BruceChen 13:17:39.045 [main] INFO  edu.bjut.boudia.myMain - oneTimeMeterRegTime
BruceChen 13:17:39.297 [main] INFO  edu.bjut.boudia.myMain - server:pubkey
BruceChen 13:17:39.297 [main] INFO  edu.bjut.boudia.myMain - server:1100
BruceChen 13:17:39.297 [main] INFO  edu.bjut.boudia.myMain - agg:regMsg,regMsg,regMsg,regMsg,regMsg,regMsg,regMsg,regMsg,regMsg,regMsg,regMsg,regMsg,regMsg,regMsg,regMsg,regMsg,regMsg,regMsg,regMsg,regMsg
BruceChen 13:17:39.297 [main] INFO  edu.bjut.boudia.myMain - agg:6433400,6419000,6442200,6448500,6439900,6396700,6437700,6405500,6422600,6475400,6444200,6396000,6437100,6426100,6424600,6422500,6614600,6645500,6589400,6626200
BruceChen 13:17:39.297 [main] INFO  edu.bjut.boudia.myMain - meter_1751204884556437793:regMsg,reg_backagg,reg_cc
BruceChen 13:17:39.297 [main] INFO  edu.bjut.boudia.myMain - meter_1751204884556437793:100,6374200,200
BruceChen 13:17:39.297 [main] INFO  edu.bjut.boudia.myMain - meter_1715408893851804025:regMsg,reg_backagg,reg_cc
BruceChen 13:17:39.297 [main] INFO  edu.bjut.boudia.myMain - meter_1715408893851804025:100,6374200,100
BruceChen 13:17:39.297 [main] INFO  edu.bjut.boudia.myMain - meter_690894589720332801:regMsg,reg_backagg,reg_cc
BruceChen 13:17:39.297 [main] INFO  edu.bjut.boudia.myMain - meter_690894589720332801:100,6425500,0
BruceChen 13:17:39.297 [main] INFO  edu.bjut.boudia.myMain - meter_2326482339611803663:regMsg,reg_backagg,reg_cc
BruceChen 13:17:39.297 [main] INFO  edu.bjut.boudia.myMain - meter_2326482339611803663:100,6442600,100
BruceChen 13:17:39.297 [main] INFO  edu.bjut.boudia.myMain - meter_2196931955290350993:regMsg,reg_backagg,reg_cc
BruceChen 13:17:39.297 [main] INFO  edu.bjut.boudia.myMain - meter_2196931955290350993:100,6395600,100
BruceChen 13:17:39.297 [main] INFO  edu.bjut.boudia.myMain - meter_6130623228696252539:regMsg,reg_backagg,reg_cc
BruceChen 13:17:39.297 [main] INFO  edu.bjut.boudia.myMain - meter_6130623228696252539:100,6397900,100
BruceChen 13:17:39.297 [main] INFO  edu.bjut.boudia.myMain - meter_1902253652165855145:regMsg,reg_backagg,reg_cc
BruceChen 13:17:39.297 [main] INFO  edu.bjut.boudia.myMain - meter_1902253652165855145:100,6370600,200
BruceChen 13:17:39.297 [main] INFO  edu.bjut.boudia.myMain - meter_3517571690183473337:regMsg,reg_backagg,reg_cc
BruceChen 13:17:39.297 [main] INFO  edu.bjut.boudia.myMain - meter_3517571690183473337:100,6476400,100
BruceChen 13:17:39.297 [main] INFO  edu.bjut.boudia.myMain - meter_221425727379073185:regMsg,reg_backagg,reg_cc
BruceChen 13:17:39.297 [main] INFO  edu.bjut.boudia.myMain - meter_221425727379073185:100,6461800,100
BruceChen 13:17:39.297 [main] INFO  edu.bjut.boudia.myMain - meter_2746129579226981379:regMsg,reg_backagg,reg_cc
BruceChen 13:17:39.297 [main] INFO  edu.bjut.boudia.myMain - meter_2746129579226981379:100,6441000,0
BruceChen 13:17:39.297 [main] INFO  edu.bjut.boudia.myMain - meter_3162632856208105453:regMsg,reg_backagg,reg_cc
BruceChen 13:17:39.297 [main] INFO  edu.bjut.boudia.myMain - meter_3162632856208105453:100,6497600,100
BruceChen 13:17:39.297 [main] INFO  edu.bjut.boudia.myMain - meter_2198247604801865497:regMsg,reg_backagg,reg_cc
BruceChen 13:17:39.297 [main] INFO  edu.bjut.boudia.myMain - meter_2198247604801865497:0,6375300,0
BruceChen 13:17:39.297 [main] INFO  edu.bjut.boudia.myMain - meter_1642882714803836155:regMsg,reg_backagg,reg_cc
BruceChen 13:17:39.297 [main] INFO  edu.bjut.boudia.myMain - meter_1642882714803836155:100,6413400,200
BruceChen 13:17:39.297 [main] INFO  edu.bjut.boudia.myMain - meter_4099354119935996677:regMsg,reg_backagg,reg_cc
BruceChen 13:17:39.297 [main] INFO  edu.bjut.boudia.myMain - meter_4099354119935996677:200,6473000,100
BruceChen 13:17:39.297 [main] INFO  edu.bjut.boudia.myMain - meter_8452138471571262647:regMsg,reg_backagg,reg_cc
BruceChen 13:17:39.297 [main] INFO  edu.bjut.boudia.myMain - meter_8452138471571262647:100,6440500,100
BruceChen 13:17:39.297 [main] INFO  edu.bjut.boudia.myMain - meter_8020275441335286427:regMsg,reg_backagg,reg_cc
BruceChen 13:17:39.297 [main] INFO  edu.bjut.boudia.myMain - meter_8020275441335286427:100,6511500,100
BruceChen 13:17:39.297 [main] INFO  edu.bjut.boudia.myMain - meter_1999573245645578957:regMsg,reg_backagg,reg_cc
BruceChen 13:17:39.297 [main] INFO  edu.bjut.boudia.myMain - meter_1999573245645578957:100,6625000,0
BruceChen 13:17:39.297 [main] INFO  edu.bjut.boudia.myMain - meter_8372966462572535849:regMsg,reg_backagg,reg_cc
BruceChen 13:17:39.297 [main] INFO  edu.bjut.boudia.myMain - meter_8372966462572535849:100,6569100,100
BruceChen 13:17:39.297 [main] INFO  edu.bjut.boudia.myMain - meter_1709648042213619609:regMsg,reg_backagg,reg_cc
BruceChen 13:17:39.297 [main] INFO  edu.bjut.boudia.myMain - meter_1709648042213619609:100,6567200,100
BruceChen 13:17:39.297 [main] INFO  edu.bjut.boudia.myMain - meter_2613235902883551131:regMsg,reg_backagg,reg_cc
BruceChen 13:17:39.297 [main] INFO  edu.bjut.boudia.myMain - meter_2613235902883551131:200,6608400,100
BruceChen 13:17:39.562 [main] INFO  edu.bjut.boudia.myMain - oneTimeMeterRepTime
BruceChen 13:17:40.265 [main] INFO  edu.bjut.boudia.myMain - server:repMsg
BruceChen 13:17:40.265 [main] INFO  edu.bjut.boudia.myMain - server:32644900
BruceChen 13:17:40.265 [main] INFO  edu.bjut.boudia.myMain - agg:repMsg
BruceChen 13:17:40.265 [main] INFO  edu.bjut.boudia.myMain - agg:145364500
BruceChen 13:17:40.265 [main] INFO  edu.bjut.boudia.myMain - meter_1751204884556437793:repMsg
BruceChen 13:17:40.265 [main] INFO  edu.bjut.boudia.myMain - meter_1751204884556437793:25887200
BruceChen 13:17:40.265 [main] INFO  edu.bjut.boudia.myMain - meter_1715408893851804025:repMsg
BruceChen 13:17:40.265 [main] INFO  edu.bjut.boudia.myMain - meter_1715408893851804025:25793800
BruceChen 13:17:40.265 [main] INFO  edu.bjut.boudia.myMain - meter_690894589720332801:repMsg
BruceChen 13:17:40.265 [main] INFO  edu.bjut.boudia.myMain - meter_690894589720332801:25734700
BruceChen 13:17:40.265 [main] INFO  edu.bjut.boudia.myMain - meter_2326482339611803663:repMsg
BruceChen 13:17:40.265 [main] INFO  edu.bjut.boudia.myMain - meter_2326482339611803663:25817700
BruceChen 13:17:40.265 [main] INFO  edu.bjut.boudia.myMain - meter_2196931955290350993:repMsg
BruceChen 13:17:40.265 [main] INFO  edu.bjut.boudia.myMain - meter_2196931955290350993:26696500
BruceChen 13:17:40.265 [main] INFO  edu.bjut.boudia.myMain - meter_6130623228696252539:repMsg
BruceChen 13:17:40.265 [main] INFO  edu.bjut.boudia.myMain - meter_6130623228696252539:25760600
BruceChen 13:17:40.265 [main] INFO  edu.bjut.boudia.myMain - meter_1902253652165855145:repMsg
BruceChen 13:17:40.265 [main] INFO  edu.bjut.boudia.myMain - meter_1902253652165855145:25851100
BruceChen 13:17:40.265 [main] INFO  edu.bjut.boudia.myMain - meter_3517571690183473337:repMsg
BruceChen 13:17:40.265 [main] INFO  edu.bjut.boudia.myMain - meter_3517571690183473337:25838900
BruceChen 13:17:40.265 [main] INFO  edu.bjut.boudia.myMain - meter_221425727379073185:repMsg
BruceChen 13:17:40.265 [main] INFO  edu.bjut.boudia.myMain - meter_221425727379073185:26052100
BruceChen 13:17:40.265 [main] INFO  edu.bjut.boudia.myMain - meter_2746129579226981379:repMsg
BruceChen 13:17:40.265 [main] INFO  edu.bjut.boudia.myMain - meter_2746129579226981379:25745000
BruceChen 13:17:40.265 [main] INFO  edu.bjut.boudia.myMain - meter_3162632856208105453:repMsg
BruceChen 13:17:40.265 [main] INFO  edu.bjut.boudia.myMain - meter_3162632856208105453:25859200
BruceChen 13:17:40.265 [main] INFO  edu.bjut.boudia.myMain - meter_2198247604801865497:repMsg
BruceChen 13:17:40.265 [main] INFO  edu.bjut.boudia.myMain - meter_2198247604801865497:25750700
BruceChen 13:17:40.265 [main] INFO  edu.bjut.boudia.myMain - meter_1642882714803836155:repMsg
BruceChen 13:17:40.265 [main] INFO  edu.bjut.boudia.myMain - meter_1642882714803836155:25930300
BruceChen 13:17:40.265 [main] INFO  edu.bjut.boudia.myMain - meter_4099354119935996677:repMsg
BruceChen 13:17:40.265 [main] INFO  edu.bjut.boudia.myMain - meter_4099354119935996677:25679400
BruceChen 13:17:40.265 [main] INFO  edu.bjut.boudia.myMain - meter_8452138471571262647:repMsg
BruceChen 13:17:40.265 [main] INFO  edu.bjut.boudia.myMain - meter_8452138471571262647:25955200
BruceChen 13:17:40.265 [main] INFO  edu.bjut.boudia.myMain - meter_8020275441335286427:repMsg
BruceChen 13:17:40.265 [main] INFO  edu.bjut.boudia.myMain - meter_8020275441335286427:26640900
BruceChen 13:17:40.265 [main] INFO  edu.bjut.boudia.myMain - meter_1999573245645578957:repMsg
BruceChen 13:17:40.265 [main] INFO  edu.bjut.boudia.myMain - meter_1999573245645578957:26590500
BruceChen 13:17:40.265 [main] INFO  edu.bjut.boudia.myMain - meter_8372966462572535849:repMsg
BruceChen 13:17:40.265 [main] INFO  edu.bjut.boudia.myMain - meter_8372966462572535849:25996800
BruceChen 13:17:40.265 [main] INFO  edu.bjut.boudia.myMain - meter_1709648042213619609:repMsg
BruceChen 13:17:40.265 [main] INFO  edu.bjut.boudia.myMain - meter_1709648042213619609:25904100
BruceChen 13:17:40.265 [main] INFO  edu.bjut.boudia.myMain - meter_2613235902883551131:repMsg
BruceChen 13:17:40.265 [main] INFO  edu.bjut.boudia.myMain - meter_2613235902883551131:25976900
