BruceChen 07:39:21.796 [main] INFO  edu.bjut.homo.myMain - meterRegTime
BruceChen 07:39:22.265 [main] INFO  edu.bjut.homo.myMain - kgc:reg_response,reg_response,reg_response,reg_response,reg_response,reg_response,reg_response,reg_response,reg_response,reg_response,reg_response,reg_response,reg_response,reg_response,reg_response,reg_response,reg_response,reg_response,reg_response,reg_response,reg_response,reg_response,reg_response,reg_response,reg_response,reg_response,reg_response,reg_response,reg_response,reg_response,reg_response,reg_response,reg_response,reg_response,reg_response,reg_response,reg_response,reg_response,reg_response,reg_response,reg_response,reg_response,reg_response,reg_response,reg_response,reg_response,reg_response,reg_response,reg_response,reg_response,reg_response,reg_response,reg_response,reg_response,reg_response,reg_response,reg_response,reg_response,reg_response,reg_response
BruceChen 07:39:22.282 [main] INFO  edu.bjut.homo.myMain - kgc:7745400,7447500,7527700,10343300,7442500,7411200,7664400,7346700,7406400,7473500,7298000,7277100,7264100,7498700,7509600,7325000,7322500,7528700,7224300,7613700,7230200,7395600,8033200,12481600,7201700,7214700,7154500,7198200,7329000,7317000,7214000,7418800,7145700,7150000,7178500,7146600,7498400,7215800,7129400,7262100,7336200,7169200,7238500,7214000,7304300,7234700,7183400,7400100,7609900,7609300,7171800,7316400,7623400,7210100,7116900,7286600,7161200,7113800,7439800,7177900
BruceChen 07:39:22.282 [main] INFO  edu.bjut.homo.myMain - meter_8565627866144547229:reg,reg_response
BruceChen 07:39:22.282 [main] INFO  edu.bjut.homo.myMain - meter_8565627866144547229:261900,391300
BruceChen 07:39:22.282 [main] INFO  edu.bjut.homo.myMain - meter_4458940456991703557:reg,reg_response
BruceChen 07:39:22.282 [main] INFO  edu.bjut.homo.myMain - meter_4458940456991703557:1663000,145300
BruceChen 07:39:22.282 [main] INFO  edu.bjut.homo.myMain - meter_7943441394535350593:reg,reg_response
BruceChen 07:39:22.282 [main] INFO  edu.bjut.homo.myMain - meter_7943441394535350593:36000,146400
BruceChen 07:39:22.282 [main] INFO  edu.bjut.homo.myMain - meter_9214584742887682563:reg,reg_response
BruceChen 07:39:22.282 [main] INFO  edu.bjut.homo.myMain - meter_9214584742887682563:36100,125900
BruceChen 07:39:22.282 [main] INFO  edu.bjut.homo.myMain - meter_2521265643961984931:reg,reg_response
BruceChen 07:39:22.282 [main] INFO  edu.bjut.homo.myMain - meter_2521265643961984931:30200,117700
BruceChen 07:39:22.282 [main] INFO  edu.bjut.homo.myMain - meter_4255204266090658703:reg,reg_response
BruceChen 07:39:22.282 [main] INFO  edu.bjut.homo.myMain - meter_4255204266090658703:27300,109700
BruceChen 07:39:22.282 [main] INFO  edu.bjut.homo.myMain - meter_7898151000015467665:reg,reg_response
BruceChen 07:39:22.282 [main] INFO  edu.bjut.homo.myMain - meter_7898151000015467665:26900,112900
BruceChen 07:39:22.282 [main] INFO  edu.bjut.homo.myMain - meter_3171171220658208051:reg,reg_response
BruceChen 07:39:22.282 [main] INFO  edu.bjut.homo.myMain - meter_3171171220658208051:28200,108200
BruceChen 07:39:22.282 [main] INFO  edu.bjut.homo.myMain - meter_978911377819918741:reg,reg_response
BruceChen 07:39:22.282 [main] INFO  edu.bjut.homo.myMain - meter_978911377819918741:26400,115400
BruceChen 07:39:22.282 [main] INFO  edu.bjut.homo.myMain - meter_3002975488409466213:reg,reg_response
BruceChen 07:39:22.282 [main] INFO  edu.bjut.homo.myMain - meter_3002975488409466213:26300,107700
BruceChen 07:39:22.282 [main] INFO  edu.bjut.homo.myMain - meter_7108434921622213007:reg,reg_response
BruceChen 07:39:22.282 [main] INFO  edu.bjut.homo.myMain - meter_7108434921622213007:28000,98900
BruceChen 07:39:22.282 [main] INFO  edu.bjut.homo.myMain - meter_1180355578956500909:reg,reg_response
BruceChen 07:39:22.282 [main] INFO  edu.bjut.homo.myMain - meter_1180355578956500909:26500,100100
BruceChen 07:39:22.282 [main] INFO  edu.bjut.homo.myMain - meter_96323633018900107:reg,reg_response
BruceChen 07:39:22.282 [main] INFO  edu.bjut.homo.myMain - meter_96323633018900107:33900,103900
BruceChen 07:39:22.282 [main] INFO  edu.bjut.homo.myMain - meter_4314158141119810145:reg,reg_response
BruceChen 07:39:22.282 [main] INFO  edu.bjut.homo.myMain - meter_4314158141119810145:26200,107100
BruceChen 07:39:22.282 [main] INFO  edu.bjut.homo.myMain - meter_685543110716967287:reg,reg_response
BruceChen 07:39:22.282 [main] INFO  edu.bjut.homo.myMain - meter_685543110716967287:26900,101700
BruceChen 07:39:22.282 [main] INFO  edu.bjut.homo.myMain - meter_8161510384158179665:reg,reg_response
BruceChen 07:39:22.282 [main] INFO  edu.bjut.homo.myMain - meter_8161510384158179665:28500,113200
BruceChen 07:39:22.282 [main] INFO  edu.bjut.homo.myMain - meter_6728676257481293857:reg,reg_response
BruceChen 07:39:22.282 [main] INFO  edu.bjut.homo.myMain - meter_6728676257481293857:31600,125900
BruceChen 07:39:22.282 [main] INFO  edu.bjut.homo.myMain - meter_3916240449231690823:reg,reg_response
BruceChen 07:39:22.282 [main] INFO  edu.bjut.homo.myMain - meter_3916240449231690823:39000,98900
BruceChen 07:39:22.282 [main] INFO  edu.bjut.homo.myMain - meter_6691212612542413615:reg,reg_response
BruceChen 07:39:22.282 [main] INFO  edu.bjut.homo.myMain - meter_6691212612542413615:27400,99500
BruceChen 07:39:22.282 [main] INFO  edu.bjut.homo.myMain - meter_4628365264675393707:reg,reg_response
BruceChen 07:39:22.282 [main] INFO  edu.bjut.homo.myMain - meter_4628365264675393707:26700,93900
BruceChen 07:39:22.282 [main] INFO  edu.bjut.homo.myMain - meter_5302439804967304641:reg,reg_response
BruceChen 07:39:22.282 [main] INFO  edu.bjut.homo.myMain - meter_5302439804967304641:26600,91500
BruceChen 07:39:22.282 [main] INFO  edu.bjut.homo.myMain - meter_647797990818155475:reg,reg_response
BruceChen 07:39:22.282 [main] INFO  edu.bjut.homo.myMain - meter_647797990818155475:27200,126800
BruceChen 07:39:22.282 [main] INFO  edu.bjut.homo.myMain - meter_7141832219658188107:reg,reg_response
BruceChen 07:39:22.282 [main] INFO  edu.bjut.homo.myMain - meter_7141832219658188107:26200,92900
BruceChen 07:39:22.282 [main] INFO  edu.bjut.homo.myMain - meter_3642896088246677293:reg,reg_response
BruceChen 07:39:22.282 [main] INFO  edu.bjut.homo.myMain - meter_3642896088246677293:26400,114900
BruceChen 07:39:22.282 [main] INFO  edu.bjut.homo.myMain - meter_5508513307238403819:reg,reg_response
BruceChen 07:39:22.282 [main] INFO  edu.bjut.homo.myMain - meter_5508513307238403819:26200,99800
BruceChen 07:39:22.282 [main] INFO  edu.bjut.homo.myMain - meter_8528031571098835557:reg,reg_response
BruceChen 07:39:22.282 [main] INFO  edu.bjut.homo.myMain - meter_8528031571098835557:48400,91600
BruceChen 07:39:22.282 [main] INFO  edu.bjut.homo.myMain - meter_3338540187636744059:reg,reg_response
BruceChen 07:39:22.282 [main] INFO  edu.bjut.homo.myMain - meter_3338540187636744059:25900,96900
BruceChen 07:39:22.282 [main] INFO  edu.bjut.homo.myMain - meter_7678871387884545781:reg,reg_response
BruceChen 07:39:22.282 [main] INFO  edu.bjut.homo.myMain - meter_7678871387884545781:28200,96600
BruceChen 07:39:22.282 [main] INFO  edu.bjut.homo.myMain - meter_1935433473238289787:reg,reg_response
BruceChen 07:39:22.282 [main] INFO  edu.bjut.homo.myMain - meter_1935433473238289787:26300,124600
BruceChen 07:39:22.282 [main] INFO  edu.bjut.homo.myMain - meter_1038692009529406025:reg,reg_response
BruceChen 07:39:22.282 [main] INFO  edu.bjut.homo.myMain - meter_1038692009529406025:31300,113100
BruceChen 07:39:22.282 [main] INFO  edu.bjut.homo.myMain - meter_2532199325052210593:reg,reg_response
BruceChen 07:39:22.282 [main] INFO  edu.bjut.homo.myMain - meter_2532199325052210593:27800,80300
BruceChen 07:39:22.282 [main] INFO  edu.bjut.homo.myMain - meter_3702621668044556665:reg,reg_response
BruceChen 07:39:22.282 [main] INFO  edu.bjut.homo.myMain - meter_3702621668044556665:25000,81500
BruceChen 07:39:22.282 [main] INFO  edu.bjut.homo.myMain - meter_6446533857591037501:reg,reg_response
BruceChen 07:39:22.282 [main] INFO  edu.bjut.homo.myMain - meter_6446533857591037501:25000,77900
BruceChen 07:39:22.282 [main] INFO  edu.bjut.homo.myMain - meter_2232323900723690223:reg,reg_response
BruceChen 07:39:22.282 [main] INFO  edu.bjut.homo.myMain - meter_2232323900723690223:27200,81300
BruceChen 07:39:22.282 [main] INFO  edu.bjut.homo.myMain - meter_6586063983822986209:reg,reg_response
BruceChen 07:39:22.282 [main] INFO  edu.bjut.homo.myMain - meter_6586063983822986209:24500,78600
BruceChen 07:39:22.282 [main] INFO  edu.bjut.homo.myMain - meter_1148290855291239469:reg,reg_response
BruceChen 07:39:22.282 [main] INFO  edu.bjut.homo.myMain - meter_1148290855291239469:24400,87300
BruceChen 07:39:22.282 [main] INFO  edu.bjut.homo.myMain - meter_7367649252582208111:reg,reg_response
BruceChen 07:39:22.282 [main] INFO  edu.bjut.homo.myMain - meter_7367649252582208111:26500,78600
BruceChen 07:39:22.282 [main] INFO  edu.bjut.homo.myMain - meter_5817264364372487795:reg,reg_response
BruceChen 07:39:22.282 [main] INFO  edu.bjut.homo.myMain - meter_5817264364372487795:25000,84300
BruceChen 07:39:22.282 [main] INFO  edu.bjut.homo.myMain - meter_9141420008097689393:reg,reg_response
BruceChen 07:39:22.282 [main] INFO  edu.bjut.homo.myMain - meter_9141420008097689393:26000,83200
BruceChen 07:39:22.282 [main] INFO  edu.bjut.homo.myMain - meter_7801776725613404983:reg,reg_response
BruceChen 07:39:22.282 [main] INFO  edu.bjut.homo.myMain - meter_7801776725613404983:24900,83700
BruceChen 07:39:22.282 [main] INFO  edu.bjut.homo.myMain - meter_8336626294926280173:reg,reg_response
BruceChen 07:39:22.282 [main] INFO  edu.bjut.homo.myMain - meter_8336626294926280173:23500,95100
BruceChen 07:39:22.282 [main] INFO  edu.bjut.homo.myMain - meter_1680849542941215587:reg,reg_response
BruceChen 07:39:22.282 [main] INFO  edu.bjut.homo.myMain - meter_1680849542941215587:24900,78500
BruceChen 07:39:22.282 [main] INFO  edu.bjut.homo.myMain - meter_2665425071328516263:reg,reg_response
BruceChen 07:39:22.282 [main] INFO  edu.bjut.homo.myMain - meter_2665425071328516263:28000,77100
BruceChen 07:39:22.282 [main] INFO  edu.bjut.homo.myMain - meter_356563166910415951:reg,reg_response
BruceChen 07:39:22.282 [main] INFO  edu.bjut.homo.myMain - meter_356563166910415951:23000,83700
BruceChen 07:39:22.282 [main] INFO  edu.bjut.homo.myMain - meter_9171351292862706433:reg,reg_response
BruceChen 07:39:22.282 [main] INFO  edu.bjut.homo.myMain - meter_9171351292862706433:21900,86600
BruceChen 07:39:22.282 [main] INFO  edu.bjut.homo.myMain - meter_845843070028143725:reg,reg_response
BruceChen 07:39:22.282 [main] INFO  edu.bjut.homo.myMain - meter_845843070028143725:22500,83300
BruceChen 07:39:22.282 [main] INFO  edu.bjut.homo.myMain - meter_542930837058658929:reg,reg_response
BruceChen 07:39:22.282 [main] INFO  edu.bjut.homo.myMain - meter_542930837058658929:22000,73200
BruceChen 07:39:22.282 [main] INFO  edu.bjut.homo.myMain - meter_3915311297405406085:reg,reg_response
BruceChen 07:39:22.282 [main] INFO  edu.bjut.homo.myMain - meter_3915311297405406085:22300,73100
BruceChen 07:39:22.282 [main] INFO  edu.bjut.homo.myMain - meter_893603434631557659:reg,reg_response
BruceChen 07:39:22.282 [main] INFO  edu.bjut.homo.myMain - meter_893603434631557659:22300,74700
BruceChen 07:39:22.282 [main] INFO  edu.bjut.homo.myMain - meter_5303802630003870241:reg,reg_response
BruceChen 07:39:22.282 [main] INFO  edu.bjut.homo.myMain - meter_5303802630003870241:22800,73300
BruceChen 07:39:22.282 [main] INFO  edu.bjut.homo.myMain - meter_258030660952152735:reg,reg_response
BruceChen 07:39:22.282 [main] INFO  edu.bjut.homo.myMain - meter_258030660952152735:23800,78200
BruceChen 07:39:22.282 [main] INFO  edu.bjut.homo.myMain - meter_476099646280146127:reg,reg_response
BruceChen 07:39:22.282 [main] INFO  edu.bjut.homo.myMain - meter_476099646280146127:23100,82400
BruceChen 07:39:22.282 [main] INFO  edu.bjut.homo.myMain - meter_7169419848995594555:reg,reg_response
BruceChen 07:39:22.282 [main] INFO  edu.bjut.homo.myMain - meter_7169419848995594555:21300,72300
BruceChen 07:39:22.282 [main] INFO  edu.bjut.homo.myMain - meter_6519515371811000785:reg,reg_response
BruceChen 07:39:22.282 [main] INFO  edu.bjut.homo.myMain - meter_6519515371811000785:20800,70100
BruceChen 07:39:22.282 [main] INFO  edu.bjut.homo.myMain - meter_4612951107287043075:reg,reg_response
BruceChen 07:39:22.282 [main] INFO  edu.bjut.homo.myMain - meter_4612951107287043075:20800,81500
BruceChen 07:39:22.282 [main] INFO  edu.bjut.homo.myMain - meter_6325639030354963157:reg,reg_response
BruceChen 07:39:22.282 [main] INFO  edu.bjut.homo.myMain - meter_6325639030354963157:23000,71800
BruceChen 07:39:22.282 [main] INFO  edu.bjut.homo.myMain - meter_6471932996116589741:reg,reg_response
BruceChen 07:39:22.282 [main] INFO  edu.bjut.homo.myMain - meter_6471932996116589741:21000,76400
BruceChen 07:39:22.282 [main] INFO  edu.bjut.homo.myMain - meter_876978650440212387:reg,reg_response
BruceChen 07:39:22.282 [main] INFO  edu.bjut.homo.myMain - meter_876978650440212387:20700,74100
BruceChen 07:39:22.282 [main] INFO  edu.bjut.homo.myMain - meter_2607803762080144685:reg,reg_response
BruceChen 07:39:22.282 [main] INFO  edu.bjut.homo.myMain - meter_2607803762080144685:20700,70500
BruceChen 07:39:22.282 [main] INFO  edu.bjut.homo.myMain - meter_6552916801996372759:reg,reg_response
BruceChen 07:39:22.282 [main] INFO  edu.bjut.homo.myMain - meter_6552916801996372759:28200,75400
BruceChen 07:39:22.282 [main] INFO  edu.bjut.homo.myMain - oneTimeMeterRepTime
BruceChen 07:39:23.205 [main] INFO  edu.bjut.homo.myMain - agg:resp_agg
BruceChen 07:39:23.205 [main] INFO  edu.bjut.homo.myMain - agg:309987600
BruceChen 07:39:23.205 [main] INFO  edu.bjut.homo.myMain - server:report_res
BruceChen 07:39:23.205 [main] INFO  edu.bjut.homo.myMain - server:14405200
BruceChen 07:39:23.205 [main] INFO  edu.bjut.homo.myMain - meter_8565627866144547229:report
BruceChen 07:39:23.205 [main] INFO  edu.bjut.homo.myMain - meter_8565627866144547229:21622800
BruceChen 07:39:23.205 [main] INFO  edu.bjut.homo.myMain - meter_4458940456991703557:report
BruceChen 07:39:23.205 [main] INFO  edu.bjut.homo.myMain - meter_4458940456991703557:10178800
BruceChen 07:39:23.205 [main] INFO  edu.bjut.homo.myMain - meter_7943441394535350593:report
BruceChen 07:39:23.205 [main] INFO  edu.bjut.homo.myMain - meter_7943441394535350593:9919700
BruceChen 07:39:23.205 [main] INFO  edu.bjut.homo.myMain - meter_9214584742887682563:report
BruceChen 07:39:23.205 [main] INFO  edu.bjut.homo.myMain - meter_9214584742887682563:9742400
BruceChen 07:39:23.205 [main] INFO  edu.bjut.homo.myMain - meter_2521265643961984931:report
BruceChen 07:39:23.205 [main] INFO  edu.bjut.homo.myMain - meter_2521265643961984931:9709200
BruceChen 07:39:23.205 [main] INFO  edu.bjut.homo.myMain - meter_4255204266090658703:report
BruceChen 07:39:23.205 [main] INFO  edu.bjut.homo.myMain - meter_4255204266090658703:9763200
BruceChen 07:39:23.205 [main] INFO  edu.bjut.homo.myMain - meter_7898151000015467665:report
BruceChen 07:39:23.205 [main] INFO  edu.bjut.homo.myMain - meter_7898151000015467665:9678600
BruceChen 07:39:23.205 [main] INFO  edu.bjut.homo.myMain - meter_3171171220658208051:report
BruceChen 07:39:23.205 [main] INFO  edu.bjut.homo.myMain - meter_3171171220658208051:9704400
BruceChen 07:39:23.205 [main] INFO  edu.bjut.homo.myMain - meter_978911377819918741:report
BruceChen 07:39:23.205 [main] INFO  edu.bjut.homo.myMain - meter_978911377819918741:9804900
BruceChen 07:39:23.205 [main] INFO  edu.bjut.homo.myMain - meter_3002975488409466213:report
BruceChen 07:39:23.205 [main] INFO  edu.bjut.homo.myMain - meter_3002975488409466213:9664100
BruceChen 07:39:23.205 [main] INFO  edu.bjut.homo.myMain - meter_7108434921622213007:report
BruceChen 07:39:23.205 [main] INFO  edu.bjut.homo.myMain - meter_7108434921622213007:9649100
BruceChen 07:39:23.205 [main] INFO  edu.bjut.homo.myMain - meter_1180355578956500909:report
BruceChen 07:39:23.205 [main] INFO  edu.bjut.homo.myMain - meter_1180355578956500909:9562500
BruceChen 07:39:23.205 [main] INFO  edu.bjut.homo.myMain - meter_96323633018900107:report
BruceChen 07:39:23.205 [main] INFO  edu.bjut.homo.myMain - meter_96323633018900107:9593300
BruceChen 07:39:23.205 [main] INFO  edu.bjut.homo.myMain - meter_4314158141119810145:report
BruceChen 07:39:23.205 [main] INFO  edu.bjut.homo.myMain - meter_4314158141119810145:9692900
BruceChen 07:39:23.205 [main] INFO  edu.bjut.homo.myMain - meter_685543110716967287:report
BruceChen 07:39:23.205 [main] INFO  edu.bjut.homo.myMain - meter_685543110716967287:12460300
BruceChen 07:39:23.205 [main] INFO  edu.bjut.homo.myMain - meter_8161510384158179665:report
BruceChen 07:39:23.205 [main] INFO  edu.bjut.homo.myMain - meter_8161510384158179665:9724100
BruceChen 07:39:23.205 [main] INFO  edu.bjut.homo.myMain - meter_6728676257481293857:report
BruceChen 07:39:23.205 [main] INFO  edu.bjut.homo.myMain - meter_6728676257481293857:9576700
BruceChen 07:39:23.205 [main] INFO  edu.bjut.homo.myMain - meter_3916240449231690823:report
BruceChen 07:39:23.205 [main] INFO  edu.bjut.homo.myMain - meter_3916240449231690823:9834100
BruceChen 07:39:23.205 [main] INFO  edu.bjut.homo.myMain - meter_6691212612542413615:report
BruceChen 07:39:23.205 [main] INFO  edu.bjut.homo.myMain - meter_6691212612542413615:9680000
BruceChen 07:39:23.205 [main] INFO  edu.bjut.homo.myMain - meter_4628365264675393707:report
BruceChen 07:39:23.205 [main] INFO  edu.bjut.homo.myMain - meter_4628365264675393707:9569900
BruceChen 07:39:23.205 [main] INFO  edu.bjut.homo.myMain - meter_5302439804967304641:report
BruceChen 07:39:23.205 [main] INFO  edu.bjut.homo.myMain - meter_5302439804967304641:9596700
BruceChen 07:39:23.205 [main] INFO  edu.bjut.homo.myMain - meter_647797990818155475:report
BruceChen 07:39:23.205 [main] INFO  edu.bjut.homo.myMain - meter_647797990818155475:9607300
BruceChen 07:39:23.205 [main] INFO  edu.bjut.homo.myMain - meter_7141832219658188107:report
BruceChen 07:39:23.205 [main] INFO  edu.bjut.homo.myMain - meter_7141832219658188107:9902500
BruceChen 07:39:23.205 [main] INFO  edu.bjut.homo.myMain - meter_3642896088246677293:report
BruceChen 07:39:23.205 [main] INFO  edu.bjut.homo.myMain - meter_3642896088246677293:9648400
BruceChen 07:39:23.205 [main] INFO  edu.bjut.homo.myMain - meter_5508513307238403819:report
BruceChen 07:39:23.205 [main] INFO  edu.bjut.homo.myMain - meter_5508513307238403819:9589100
BruceChen 07:39:23.205 [main] INFO  edu.bjut.homo.myMain - meter_8528031571098835557:report
BruceChen 07:39:23.205 [main] INFO  edu.bjut.homo.myMain - meter_8528031571098835557:9643600
BruceChen 07:39:23.205 [main] INFO  edu.bjut.homo.myMain - meter_3338540187636744059:report
BruceChen 07:39:23.205 [main] INFO  edu.bjut.homo.myMain - meter_3338540187636744059:9552500
BruceChen 07:39:23.205 [main] INFO  edu.bjut.homo.myMain - meter_7678871387884545781:report
BruceChen 07:39:23.205 [main] INFO  edu.bjut.homo.myMain - meter_7678871387884545781:9689600
BruceChen 07:39:23.205 [main] INFO  edu.bjut.homo.myMain - meter_1935433473238289787:report
BruceChen 07:39:23.205 [main] INFO  edu.bjut.homo.myMain - meter_1935433473238289787:9576700
BruceChen 07:39:23.205 [main] INFO  edu.bjut.homo.myMain - meter_1038692009529406025:report
BruceChen 07:39:23.205 [main] INFO  edu.bjut.homo.myMain - meter_1038692009529406025:9760900
BruceChen 07:39:23.205 [main] INFO  edu.bjut.homo.myMain - meter_2532199325052210593:report
BruceChen 07:39:23.205 [main] INFO  edu.bjut.homo.myMain - meter_2532199325052210593:9607200
BruceChen 07:39:23.205 [main] INFO  edu.bjut.homo.myMain - meter_3702621668044556665:report
BruceChen 07:39:23.205 [main] INFO  edu.bjut.homo.myMain - meter_3702621668044556665:9674900
BruceChen 07:39:23.205 [main] INFO  edu.bjut.homo.myMain - meter_6446533857591037501:report
BruceChen 07:39:23.205 [main] INFO  edu.bjut.homo.myMain - meter_6446533857591037501:9651900
BruceChen 07:39:23.205 [main] INFO  edu.bjut.homo.myMain - meter_2232323900723690223:report
BruceChen 07:39:23.205 [main] INFO  edu.bjut.homo.myMain - meter_2232323900723690223:9539500
BruceChen 07:39:23.205 [main] INFO  edu.bjut.homo.myMain - meter_6586063983822986209:report
BruceChen 07:39:23.205 [main] INFO  edu.bjut.homo.myMain - meter_6586063983822986209:9542000
BruceChen 07:39:23.205 [main] INFO  edu.bjut.homo.myMain - meter_1148290855291239469:report
BruceChen 07:39:23.205 [main] INFO  edu.bjut.homo.myMain - meter_1148290855291239469:9707100
BruceChen 07:39:23.205 [main] INFO  edu.bjut.homo.myMain - meter_7367649252582208111:report
BruceChen 07:39:23.205 [main] INFO  edu.bjut.homo.myMain - meter_7367649252582208111:9547500
BruceChen 07:39:23.205 [main] INFO  edu.bjut.homo.myMain - meter_5817264364372487795:report
BruceChen 07:39:23.205 [main] INFO  edu.bjut.homo.myMain - meter_5817264364372487795:9609900
BruceChen 07:39:23.205 [main] INFO  edu.bjut.homo.myMain - meter_9141420008097689393:report
BruceChen 07:39:23.205 [main] INFO  edu.bjut.homo.myMain - meter_9141420008097689393:9608400
BruceChen 07:39:23.205 [main] INFO  edu.bjut.homo.myMain - meter_7801776725613404983:report
BruceChen 07:39:23.205 [main] INFO  edu.bjut.homo.myMain - meter_7801776725613404983:9767000
BruceChen 07:39:23.205 [main] INFO  edu.bjut.homo.myMain - meter_8336626294926280173:report
BruceChen 07:39:23.205 [main] INFO  edu.bjut.homo.myMain - meter_8336626294926280173:9537800
BruceChen 07:39:23.205 [main] INFO  edu.bjut.homo.myMain - meter_1680849542941215587:report
BruceChen 07:39:23.205 [main] INFO  edu.bjut.homo.myMain - meter_1680849542941215587:9466400
BruceChen 07:39:23.205 [main] INFO  edu.bjut.homo.myMain - meter_2665425071328516263:report
BruceChen 07:39:23.205 [main] INFO  edu.bjut.homo.myMain - meter_2665425071328516263:9590700
BruceChen 07:39:23.205 [main] INFO  edu.bjut.homo.myMain - meter_356563166910415951:report
BruceChen 07:39:23.205 [main] INFO  edu.bjut.homo.myMain - meter_356563166910415951:9485300
BruceChen 07:39:23.205 [main] INFO  edu.bjut.homo.myMain - meter_9171351292862706433:report
BruceChen 07:39:23.205 [main] INFO  edu.bjut.homo.myMain - meter_9171351292862706433:9505500
BruceChen 07:39:23.205 [main] INFO  edu.bjut.homo.myMain - meter_845843070028143725:report
BruceChen 07:39:23.205 [main] INFO  edu.bjut.homo.myMain - meter_845843070028143725:9470900
BruceChen 07:39:23.205 [main] INFO  edu.bjut.homo.myMain - meter_542930837058658929:report
BruceChen 07:39:23.205 [main] INFO  edu.bjut.homo.myMain - meter_542930837058658929:9426000
BruceChen 07:39:23.205 [main] INFO  edu.bjut.homo.myMain - meter_3915311297405406085:report
BruceChen 07:39:23.205 [main] INFO  edu.bjut.homo.myMain - meter_3915311297405406085:9538400
BruceChen 07:39:23.205 [main] INFO  edu.bjut.homo.myMain - meter_893603434631557659:report
BruceChen 07:39:23.205 [main] INFO  edu.bjut.homo.myMain - meter_893603434631557659:9715000
BruceChen 07:39:23.205 [main] INFO  edu.bjut.homo.myMain - meter_5303802630003870241:report
BruceChen 07:39:23.205 [main] INFO  edu.bjut.homo.myMain - meter_5303802630003870241:9407000
BruceChen 07:39:23.205 [main] INFO  edu.bjut.homo.myMain - meter_258030660952152735:report
BruceChen 07:39:23.205 [main] INFO  edu.bjut.homo.myMain - meter_258030660952152735:12203000
BruceChen 07:39:23.205 [main] INFO  edu.bjut.homo.myMain - meter_476099646280146127:report
BruceChen 07:39:23.205 [main] INFO  edu.bjut.homo.myMain - meter_476099646280146127:10009800
BruceChen 07:39:23.205 [main] INFO  edu.bjut.homo.myMain - meter_7169419848995594555:report
BruceChen 07:39:23.205 [main] INFO  edu.bjut.homo.myMain - meter_7169419848995594555:9643100
BruceChen 07:39:23.205 [main] INFO  edu.bjut.homo.myMain - meter_6519515371811000785:report
BruceChen 07:39:23.205 [main] INFO  edu.bjut.homo.myMain - meter_6519515371811000785:9534400
BruceChen 07:39:23.205 [main] INFO  edu.bjut.homo.myMain - meter_4612951107287043075:report
BruceChen 07:39:23.205 [main] INFO  edu.bjut.homo.myMain - meter_4612951107287043075:9489000
BruceChen 07:39:23.205 [main] INFO  edu.bjut.homo.myMain - meter_6325639030354963157:report
BruceChen 07:39:23.205 [main] INFO  edu.bjut.homo.myMain - meter_6325639030354963157:9503400
BruceChen 07:39:23.205 [main] INFO  edu.bjut.homo.myMain - meter_6471932996116589741:report
BruceChen 07:39:23.205 [main] INFO  edu.bjut.homo.myMain - meter_6471932996116589741:9539200
BruceChen 07:39:23.205 [main] INFO  edu.bjut.homo.myMain - meter_876978650440212387:report
BruceChen 07:39:23.205 [main] INFO  edu.bjut.homo.myMain - meter_876978650440212387:9508900
BruceChen 07:39:23.205 [main] INFO  edu.bjut.homo.myMain - meter_2607803762080144685:report
BruceChen 07:39:23.205 [main] INFO  edu.bjut.homo.myMain - meter_2607803762080144685:9501100
BruceChen 07:39:23.205 [main] INFO  edu.bjut.homo.myMain - meter_6552916801996372759:report
BruceChen 07:39:23.205 [main] INFO  edu.bjut.homo.myMain - meter_6552916801996372759:9448200
BruceChen 07:39:27.041 [main] INFO  edu.bjut.homo.myMain - meterRegTime
BruceChen 07:39:27.400 [main] INFO  edu.bjut.homo.myMain - kgc:reg_response,reg_response,reg_response,reg_response,reg_response,reg_response,reg_response,reg_response,reg_response,reg_response,reg_response,reg_response,reg_response,reg_response,reg_response,reg_response,reg_response,reg_response,reg_response,reg_response,reg_response,reg_response,reg_response,reg_response,reg_response,reg_response,reg_response,reg_response,reg_response,reg_response,reg_response,reg_response,reg_response,reg_response,reg_response,reg_response,reg_response,reg_response,reg_response,reg_response,reg_response,reg_response,reg_response,reg_response,reg_response,reg_response,reg_response,reg_response,reg_response,reg_response
BruceChen 07:39:27.400 [main] INFO  edu.bjut.homo.myMain - kgc:7312700,7151000,7122000,7132500,7178600,7160300,7161900,7031800,7071800,7103000,7022000,7078800,7189000,7236200,7609600,7285800,7060200,7016500,7022900,7049500,7048200,7051600,7090900,7003200,7061000,7039600,7221900,7052500,7025800,7029500,7256600,7043800,7578600,7173600,7146700,7272900,6998400,7021500,6999100,7029500,7121300,7083900,10061800,7273000,7339300,7115500,7040800,7041400,7021100,7506600
BruceChen 07:39:27.400 [main] INFO  edu.bjut.homo.myMain - meter_3575857992343742437:reg,reg_response
BruceChen 07:39:27.400 [main] INFO  edu.bjut.homo.myMain - meter_3575857992343742437:38100,42100
BruceChen 07:39:27.400 [main] INFO  edu.bjut.homo.myMain - meter_1283082954070004965:reg,reg_response
BruceChen 07:39:27.400 [main] INFO  edu.bjut.homo.myMain - meter_1283082954070004965:9900,58300
BruceChen 07:39:27.400 [main] INFO  edu.bjut.homo.myMain - meter_3993079201928691353:reg,reg_response
BruceChen 07:39:27.416 [main] INFO  edu.bjut.homo.myMain - meter_3993079201928691353:10100,43400
BruceChen 07:39:27.416 [main] INFO  edu.bjut.homo.myMain - meter_7326498675305892753:reg,reg_response
BruceChen 07:39:27.416 [main] INFO  edu.bjut.homo.myMain - meter_7326498675305892753:14100,70000
BruceChen 07:39:27.416 [main] INFO  edu.bjut.homo.myMain - meter_716786309346206299:reg,reg_response
BruceChen 07:39:27.416 [main] INFO  edu.bjut.homo.myMain - meter_716786309346206299:9000,46700
BruceChen 07:39:27.416 [main] INFO  edu.bjut.homo.myMain - meter_7494694411849600947:reg,reg_response
BruceChen 07:39:27.416 [main] INFO  edu.bjut.homo.myMain - meter_7494694411849600947:8500,34200
BruceChen 07:39:27.416 [main] INFO  edu.bjut.homo.myMain - meter_8796796446904882003:reg,reg_response
BruceChen 07:39:27.416 [main] INFO  edu.bjut.homo.myMain - meter_8796796446904882003:7700,36100
BruceChen 07:39:27.416 [main] INFO  edu.bjut.homo.myMain - meter_8942318358598963937:reg,reg_response
BruceChen 07:39:27.416 [main] INFO  edu.bjut.homo.myMain - meter_8942318358598963937:7900,32800
BruceChen 07:39:27.416 [main] INFO  edu.bjut.homo.myMain - meter_50257047970265421:reg,reg_response
BruceChen 07:39:27.416 [main] INFO  edu.bjut.homo.myMain - meter_50257047970265421:7300,34000
BruceChen 07:39:27.416 [main] INFO  edu.bjut.homo.myMain - meter_3534757985513912865:reg,reg_response
BruceChen 07:39:27.416 [main] INFO  edu.bjut.homo.myMain - meter_3534757985513912865:7300,31200
BruceChen 07:39:27.416 [main] INFO  edu.bjut.homo.myMain - meter_6858632149984343071:reg,reg_response
BruceChen 07:39:27.416 [main] INFO  edu.bjut.homo.myMain - meter_6858632149984343071:6800,33200
BruceChen 07:39:27.416 [main] INFO  edu.bjut.homo.myMain - meter_2290098162696501437:reg,reg_response
BruceChen 07:39:27.416 [main] INFO  edu.bjut.homo.myMain - meter_2290098162696501437:7000,33600
BruceChen 07:39:27.416 [main] INFO  edu.bjut.homo.myMain - meter_5774599100240147799:reg,reg_response
BruceChen 07:39:27.416 [main] INFO  edu.bjut.homo.myMain - meter_5774599100240147799:7700,31200
BruceChen 07:39:27.416 [main] INFO  edu.bjut.homo.myMain - meter_2508939210698684409:reg,reg_response
BruceChen 07:39:27.416 [main] INFO  edu.bjut.homo.myMain - meter_2508939210698684409:7400,34600
BruceChen 07:39:27.416 [main] INFO  edu.bjut.homo.myMain - meter_5713174504931497295:reg,reg_response
BruceChen 07:39:27.416 [main] INFO  edu.bjut.homo.myMain - meter_5713174504931497295:7600,34800
BruceChen 07:39:27.416 [main] INFO  edu.bjut.homo.myMain - meter_5488776107758266189:reg,reg_response
BruceChen 07:39:27.416 [main] INFO  edu.bjut.homo.myMain - meter_5488776107758266189:7000,39500
BruceChen 07:39:27.416 [main] INFO  edu.bjut.homo.myMain - meter_2352013341407729817:reg,reg_response
BruceChen 07:39:27.416 [main] INFO  edu.bjut.homo.myMain - meter_2352013341407729817:7500,31200
BruceChen 07:39:27.416 [main] INFO  edu.bjut.homo.myMain - meter_8432433487225524365:reg,reg_response
BruceChen 07:39:27.416 [main] INFO  edu.bjut.homo.myMain - meter_8432433487225524365:6700,31200
BruceChen 07:39:27.416 [main] INFO  edu.bjut.homo.myMain - meter_3551101294728612371:reg,reg_response
BruceChen 07:39:27.416 [main] INFO  edu.bjut.homo.myMain - meter_3551101294728612371:7100,33000
BruceChen 07:39:27.416 [main] INFO  edu.bjut.homo.myMain - meter_7107658726798559239:reg,reg_response
BruceChen 07:39:27.416 [main] INFO  edu.bjut.homo.myMain - meter_7107658726798559239:7000,30100
BruceChen 07:39:27.416 [main] INFO  edu.bjut.homo.myMain - meter_4520078341367651733:reg,reg_response
BruceChen 07:39:27.416 [main] INFO  edu.bjut.homo.myMain - meter_4520078341367651733:7000,31000
BruceChen 07:39:27.416 [main] INFO  edu.bjut.homo.myMain - meter_2080803527407749281:reg,reg_response
BruceChen 07:39:27.416 [main] INFO  edu.bjut.homo.myMain - meter_2080803527407749281:7000,30300
BruceChen 07:39:27.416 [main] INFO  edu.bjut.homo.myMain - meter_4320644642133918531:reg,reg_response
BruceChen 07:39:27.416 [main] INFO  edu.bjut.homo.myMain - meter_4320644642133918531:10300,32600
BruceChen 07:39:27.416 [main] INFO  edu.bjut.homo.myMain - meter_2444732050812864133:reg,reg_response
BruceChen 07:39:27.416 [main] INFO  edu.bjut.homo.myMain - meter_2444732050812864133:7500,30900
BruceChen 07:39:27.416 [main] INFO  edu.bjut.homo.myMain - meter_5217566293758286037:reg,reg_response
BruceChen 07:39:27.416 [main] INFO  edu.bjut.homo.myMain - meter_5217566293758286037:7100,32000
BruceChen 07:39:27.416 [main] INFO  edu.bjut.homo.myMain - meter_3737570251938022247:reg,reg_response
BruceChen 07:39:27.416 [main] INFO  edu.bjut.homo.myMain - meter_3737570251938022247:7100,33000
BruceChen 07:39:27.416 [main] INFO  edu.bjut.homo.myMain - meter_5514663630679852655:reg,reg_response
BruceChen 07:39:27.416 [main] INFO  edu.bjut.homo.myMain - meter_5514663630679852655:6900,31300
BruceChen 07:39:27.416 [main] INFO  edu.bjut.homo.myMain - meter_5747346898296275383:reg,reg_response
BruceChen 07:39:27.416 [main] INFO  edu.bjut.homo.myMain - meter_5747346898296275383:7100,30600
BruceChen 07:39:27.416 [main] INFO  edu.bjut.homo.myMain - meter_5138103510185301985:reg,reg_response
BruceChen 07:39:27.416 [main] INFO  edu.bjut.homo.myMain - meter_5138103510185301985:7400,32200
BruceChen 07:39:27.416 [main] INFO  edu.bjut.homo.myMain - meter_1555216688235180391:reg,reg_response
BruceChen 07:39:27.416 [main] INFO  edu.bjut.homo.myMain - meter_1555216688235180391:10000,30800
BruceChen 07:39:27.416 [main] INFO  edu.bjut.homo.myMain - meter_7217644665600363881:reg,reg_response
BruceChen 07:39:27.416 [main] INFO  edu.bjut.homo.myMain - meter_7217644665600363881:6900,32300
BruceChen 07:39:27.416 [main] INFO  edu.bjut.homo.myMain - meter_1695028289443840091:reg,reg_response
BruceChen 07:39:27.416 [main] INFO  edu.bjut.homo.myMain - meter_1695028289443840091:7300,35700
BruceChen 07:39:27.416 [main] INFO  edu.bjut.homo.myMain - meter_1861810617602817349:reg,reg_response
BruceChen 07:39:27.416 [main] INFO  edu.bjut.homo.myMain - meter_1861810617602817349:6900,33400
BruceChen 07:39:27.416 [main] INFO  edu.bjut.homo.myMain - meter_5734867162992745321:reg,reg_response
BruceChen 07:39:27.416 [main] INFO  edu.bjut.homo.myMain - meter_5734867162992745321:7100,38500
BruceChen 07:39:27.416 [main] INFO  edu.bjut.homo.myMain - meter_1080225348843660991:reg,reg_response
BruceChen 07:39:27.416 [main] INFO  edu.bjut.homo.myMain - meter_1080225348843660991:7300,32100
BruceChen 07:39:27.416 [main] INFO  edu.bjut.homo.myMain - meter_3248011072850060085:reg,reg_response
BruceChen 07:39:27.416 [main] INFO  edu.bjut.homo.myMain - meter_3248011072850060085:8200,31400
BruceChen 07:39:27.416 [main] INFO  edu.bjut.homo.myMain - meter_413696087467718941:reg,reg_response
BruceChen 07:39:27.416 [main] INFO  edu.bjut.homo.myMain - meter_413696087467718941:6500,37900
BruceChen 07:39:27.416 [main] INFO  edu.bjut.homo.myMain - meter_7869842223471114837:reg,reg_response
BruceChen 07:39:27.416 [main] INFO  edu.bjut.homo.myMain - meter_7869842223471114837:6700,41900
BruceChen 07:39:27.416 [main] INFO  edu.bjut.homo.myMain - meter_5956642633079880575:reg,reg_response
BruceChen 07:39:27.416 [main] INFO  edu.bjut.homo.myMain - meter_5956642633079880575:6500,28000
BruceChen 07:39:27.416 [main] INFO  edu.bjut.homo.myMain - meter_361969762380278081:reg,reg_response
BruceChen 07:39:27.416 [main] INFO  edu.bjut.homo.myMain - meter_361969762380278081:6300,28300
BruceChen 07:39:27.416 [main] INFO  edu.bjut.homo.myMain - meter_2341228480875770767:reg,reg_response
BruceChen 07:39:27.416 [main] INFO  edu.bjut.homo.myMain - meter_2341228480875770767:6600,31600
BruceChen 07:39:27.416 [main] INFO  edu.bjut.homo.myMain - meter_2299643475915081369:reg,reg_response
BruceChen 07:39:27.416 [main] INFO  edu.bjut.homo.myMain - meter_2299643475915081369:6800,28100
BruceChen 07:39:27.416 [main] INFO  edu.bjut.homo.myMain - meter_9210751188981748997:reg,reg_response
BruceChen 07:39:27.416 [main] INFO  edu.bjut.homo.myMain - meter_9210751188981748997:6500,35800
BruceChen 07:39:27.416 [main] INFO  edu.bjut.homo.myMain - meter_5654475231888512511:reg,reg_response
BruceChen 07:39:27.416 [main] INFO  edu.bjut.homo.myMain - meter_5654475231888512511:7300,31900
BruceChen 07:39:27.416 [main] INFO  edu.bjut.homo.myMain - meter_2295938090650791587:reg,reg_response
BruceChen 07:39:27.416 [main] INFO  edu.bjut.homo.myMain - meter_2295938090650791587:6500,65300
BruceChen 07:39:27.416 [main] INFO  edu.bjut.homo.myMain - meter_5158432580129312199:reg,reg_response
BruceChen 07:39:27.416 [main] INFO  edu.bjut.homo.myMain - meter_5158432580129312199:6700,27700
BruceChen 07:39:27.416 [main] INFO  edu.bjut.homo.myMain - meter_2575922258984913179:reg,reg_response
BruceChen 07:39:27.416 [main] INFO  edu.bjut.homo.myMain - meter_2575922258984913179:6200,27200
BruceChen 07:39:27.416 [main] INFO  edu.bjut.homo.myMain - meter_4117679414429054647:reg,reg_response
BruceChen 07:39:27.416 [main] INFO  edu.bjut.homo.myMain - meter_4117679414429054647:6300,34600
BruceChen 07:39:27.416 [main] INFO  edu.bjut.homo.myMain - meter_8067861419120233243:reg,reg_response
BruceChen 07:39:27.416 [main] INFO  edu.bjut.homo.myMain - meter_8067861419120233243:6300,28700
BruceChen 07:39:27.416 [main] INFO  edu.bjut.homo.myMain - meter_5233267162062561653:reg,reg_response
BruceChen 07:39:27.416 [main] INFO  edu.bjut.homo.myMain - meter_5233267162062561653:6500,27800
BruceChen 07:39:27.416 [main] INFO  edu.bjut.homo.myMain - oneTimeMeterRepTime
BruceChen 07:39:28.150 [main] INFO  edu.bjut.homo.myMain - agg:resp_agg
BruceChen 07:39:28.150 [main] INFO  edu.bjut.homo.myMain - agg:248309200
BruceChen 07:39:28.150 [main] INFO  edu.bjut.homo.myMain - server:report_res
BruceChen 07:39:28.150 [main] INFO  edu.bjut.homo.myMain - server:13869200
BruceChen 07:39:28.150 [main] INFO  edu.bjut.homo.myMain - meter_3575857992343742437:report
BruceChen 07:39:28.150 [main] INFO  edu.bjut.homo.myMain - meter_3575857992343742437:10017100
BruceChen 07:39:28.150 [main] INFO  edu.bjut.homo.myMain - meter_1283082954070004965:report
BruceChen 07:39:28.150 [main] INFO  edu.bjut.homo.myMain - meter_1283082954070004965:9423300
BruceChen 07:39:28.150 [main] INFO  edu.bjut.homo.myMain - meter_3993079201928691353:report
BruceChen 07:39:28.150 [main] INFO  edu.bjut.homo.myMain - meter_3993079201928691353:9398200
BruceChen 07:39:28.150 [main] INFO  edu.bjut.homo.myMain - meter_7326498675305892753:report
BruceChen 07:39:28.150 [main] INFO  edu.bjut.homo.myMain - meter_7326498675305892753:9349500
BruceChen 07:39:28.150 [main] INFO  edu.bjut.homo.myMain - meter_716786309346206299:report
BruceChen 07:39:28.150 [main] INFO  edu.bjut.homo.myMain - meter_716786309346206299:9456600
BruceChen 07:39:28.150 [main] INFO  edu.bjut.homo.myMain - meter_7494694411849600947:report
BruceChen 07:39:28.150 [main] INFO  edu.bjut.homo.myMain - meter_7494694411849600947:9611300
BruceChen 07:39:28.150 [main] INFO  edu.bjut.homo.myMain - meter_8796796446904882003:report
BruceChen 07:39:28.150 [main] INFO  edu.bjut.homo.myMain - meter_8796796446904882003:9472100
BruceChen 07:39:28.150 [main] INFO  edu.bjut.homo.myMain - meter_8942318358598963937:report
BruceChen 07:39:28.150 [main] INFO  edu.bjut.homo.myMain - meter_8942318358598963937:9333700
BruceChen 07:39:28.150 [main] INFO  edu.bjut.homo.myMain - meter_50257047970265421:report
BruceChen 07:39:28.150 [main] INFO  edu.bjut.homo.myMain - meter_50257047970265421:9331300
BruceChen 07:39:28.150 [main] INFO  edu.bjut.homo.myMain - meter_3534757985513912865:report
BruceChen 07:39:28.150 [main] INFO  edu.bjut.homo.myMain - meter_3534757985513912865:9353800
BruceChen 07:39:28.150 [main] INFO  edu.bjut.homo.myMain - meter_6858632149984343071:report
BruceChen 07:39:28.150 [main] INFO  edu.bjut.homo.myMain - meter_6858632149984343071:9292100
BruceChen 07:39:28.150 [main] INFO  edu.bjut.homo.myMain - meter_2290098162696501437:report
BruceChen 07:39:28.150 [main] INFO  edu.bjut.homo.myMain - meter_2290098162696501437:9311200
BruceChen 07:39:28.150 [main] INFO  edu.bjut.homo.myMain - meter_5774599100240147799:report
BruceChen 07:39:28.150 [main] INFO  edu.bjut.homo.myMain - meter_5774599100240147799:9297300
BruceChen 07:39:28.150 [main] INFO  edu.bjut.homo.myMain - meter_2508939210698684409:report
BruceChen 07:39:28.150 [main] INFO  edu.bjut.homo.myMain - meter_2508939210698684409:9324700
BruceChen 07:39:28.150 [main] INFO  edu.bjut.homo.myMain - meter_5713174504931497295:report
BruceChen 07:39:28.150 [main] INFO  edu.bjut.homo.myMain - meter_5713174504931497295:9298300
BruceChen 07:39:28.150 [main] INFO  edu.bjut.homo.myMain - meter_5488776107758266189:report
BruceChen 07:39:28.150 [main] INFO  edu.bjut.homo.myMain - meter_5488776107758266189:9282700
BruceChen 07:39:28.150 [main] INFO  edu.bjut.homo.myMain - meter_2352013341407729817:report
BruceChen 07:39:28.150 [main] INFO  edu.bjut.homo.myMain - meter_2352013341407729817:9243900
BruceChen 07:39:28.150 [main] INFO  edu.bjut.homo.myMain - meter_8432433487225524365:report
BruceChen 07:39:28.150 [main] INFO  edu.bjut.homo.myMain - meter_8432433487225524365:9328800
BruceChen 07:39:28.150 [main] INFO  edu.bjut.homo.myMain - meter_3551101294728612371:report
BruceChen 07:39:28.150 [main] INFO  edu.bjut.homo.myMain - meter_3551101294728612371:9284400
BruceChen 07:39:28.150 [main] INFO  edu.bjut.homo.myMain - meter_7107658726798559239:report
BruceChen 07:39:28.150 [main] INFO  edu.bjut.homo.myMain - meter_7107658726798559239:9190800
BruceChen 07:39:28.150 [main] INFO  edu.bjut.homo.myMain - meter_4520078341367651733:report
BruceChen 07:39:28.150 [main] INFO  edu.bjut.homo.myMain - meter_4520078341367651733:9184200
BruceChen 07:39:28.150 [main] INFO  edu.bjut.homo.myMain - meter_2080803527407749281:report
BruceChen 07:39:28.150 [main] INFO  edu.bjut.homo.myMain - meter_2080803527407749281:9187400
BruceChen 07:39:28.150 [main] INFO  edu.bjut.homo.myMain - meter_4320644642133918531:report
BruceChen 07:39:28.150 [main] INFO  edu.bjut.homo.myMain - meter_4320644642133918531:9294800
BruceChen 07:39:28.150 [main] INFO  edu.bjut.homo.myMain - meter_2444732050812864133:report
BruceChen 07:39:28.150 [main] INFO  edu.bjut.homo.myMain - meter_2444732050812864133:9301700
BruceChen 07:39:28.150 [main] INFO  edu.bjut.homo.myMain - meter_5217566293758286037:report
BruceChen 07:39:28.150 [main] INFO  edu.bjut.homo.myMain - meter_5217566293758286037:9195100
BruceChen 07:39:28.150 [main] INFO  edu.bjut.homo.myMain - meter_3737570251938022247:report
BruceChen 07:39:28.150 [main] INFO  edu.bjut.homo.myMain - meter_3737570251938022247:9186800
BruceChen 07:39:28.150 [main] INFO  edu.bjut.homo.myMain - meter_5514663630679852655:report
BruceChen 07:39:28.150 [main] INFO  edu.bjut.homo.myMain - meter_5514663630679852655:9276400
BruceChen 07:39:28.150 [main] INFO  edu.bjut.homo.myMain - meter_5747346898296275383:report
BruceChen 07:39:28.150 [main] INFO  edu.bjut.homo.myMain - meter_5747346898296275383:9201100
BruceChen 07:39:28.150 [main] INFO  edu.bjut.homo.myMain - meter_5138103510185301985:report
BruceChen 07:39:28.150 [main] INFO  edu.bjut.homo.myMain - meter_5138103510185301985:9219500
BruceChen 07:39:28.150 [main] INFO  edu.bjut.homo.myMain - meter_1555216688235180391:report
BruceChen 07:39:28.150 [main] INFO  edu.bjut.homo.myMain - meter_1555216688235180391:9298000
BruceChen 07:39:28.150 [main] INFO  edu.bjut.homo.myMain - meter_7217644665600363881:report
BruceChen 07:39:28.150 [main] INFO  edu.bjut.homo.myMain - meter_7217644665600363881:9255600
BruceChen 07:39:28.150 [main] INFO  edu.bjut.homo.myMain - meter_1695028289443840091:report
BruceChen 07:39:28.150 [main] INFO  edu.bjut.homo.myMain - meter_1695028289443840091:9320100
BruceChen 07:39:28.150 [main] INFO  edu.bjut.homo.myMain - meter_1861810617602817349:report
BruceChen 07:39:28.150 [main] INFO  edu.bjut.homo.myMain - meter_1861810617602817349:9283900
BruceChen 07:39:28.150 [main] INFO  edu.bjut.homo.myMain - meter_5734867162992745321:report
BruceChen 07:39:28.150 [main] INFO  edu.bjut.homo.myMain - meter_5734867162992745321:11994700
BruceChen 07:39:28.150 [main] INFO  edu.bjut.homo.myMain - meter_1080225348843660991:report
BruceChen 07:39:28.150 [main] INFO  edu.bjut.homo.myMain - meter_1080225348843660991:9662000
BruceChen 07:39:28.150 [main] INFO  edu.bjut.homo.myMain - meter_3248011072850060085:report
BruceChen 07:39:28.150 [main] INFO  edu.bjut.homo.myMain - meter_3248011072850060085:9293900
BruceChen 07:39:28.150 [main] INFO  edu.bjut.homo.myMain - meter_413696087467718941:report
BruceChen 07:39:28.150 [main] INFO  edu.bjut.homo.myMain - meter_413696087467718941:9287500
BruceChen 07:39:28.150 [main] INFO  edu.bjut.homo.myMain - meter_7869842223471114837:report
BruceChen 07:39:28.150 [main] INFO  edu.bjut.homo.myMain - meter_7869842223471114837:9400500
BruceChen 07:39:28.150 [main] INFO  edu.bjut.homo.myMain - meter_5956642633079880575:report
BruceChen 07:39:28.150 [main] INFO  edu.bjut.homo.myMain - meter_5956642633079880575:9342800
BruceChen 07:39:28.150 [main] INFO  edu.bjut.homo.myMain - meter_361969762380278081:report
BruceChen 07:39:28.150 [main] INFO  edu.bjut.homo.myMain - meter_361969762380278081:9334400
BruceChen 07:39:28.150 [main] INFO  edu.bjut.homo.myMain - meter_2341228480875770767:report
BruceChen 07:39:28.150 [main] INFO  edu.bjut.homo.myMain - meter_2341228480875770767:9361500
BruceChen 07:39:28.150 [main] INFO  edu.bjut.homo.myMain - meter_2299643475915081369:report
BruceChen 07:39:28.150 [main] INFO  edu.bjut.homo.myMain - meter_2299643475915081369:9286000
BruceChen 07:39:28.150 [main] INFO  edu.bjut.homo.myMain - meter_9210751188981748997:report
BruceChen 07:39:28.150 [main] INFO  edu.bjut.homo.myMain - meter_9210751188981748997:9264900
BruceChen 07:39:28.150 [main] INFO  edu.bjut.homo.myMain - meter_5654475231888512511:report
BruceChen 07:39:28.150 [main] INFO  edu.bjut.homo.myMain - meter_5654475231888512511:9353900
BruceChen 07:39:28.150 [main] INFO  edu.bjut.homo.myMain - meter_2295938090650791587:report
BruceChen 07:39:28.150 [main] INFO  edu.bjut.homo.myMain - meter_2295938090650791587:9355100
BruceChen 07:39:28.150 [main] INFO  edu.bjut.homo.myMain - meter_5158432580129312199:report
BruceChen 07:39:28.150 [main] INFO  edu.bjut.homo.myMain - meter_5158432580129312199:9269400
BruceChen 07:39:28.150 [main] INFO  edu.bjut.homo.myMain - meter_2575922258984913179:report
BruceChen 07:39:28.150 [main] INFO  edu.bjut.homo.myMain - meter_2575922258984913179:9246800
BruceChen 07:39:28.150 [main] INFO  edu.bjut.homo.myMain - meter_4117679414429054647:report
BruceChen 07:39:28.150 [main] INFO  edu.bjut.homo.myMain - meter_4117679414429054647:9389700
BruceChen 07:39:28.150 [main] INFO  edu.bjut.homo.myMain - meter_8067861419120233243:report
BruceChen 07:39:28.150 [main] INFO  edu.bjut.homo.myMain - meter_8067861419120233243:9244500
BruceChen 07:39:28.150 [main] INFO  edu.bjut.homo.myMain - meter_5233267162062561653:report
BruceChen 07:39:28.150 [main] INFO  edu.bjut.homo.myMain - meter_5233267162062561653:9254000
BruceChen 07:39:30.713 [main] INFO  edu.bjut.homo.myMain - meterRegTime
BruceChen 07:39:30.994 [main] INFO  edu.bjut.homo.myMain - kgc:reg_response,reg_response,reg_response,reg_response,reg_response,reg_response,reg_response,reg_response,reg_response,reg_response,reg_response,reg_response,reg_response,reg_response,reg_response,reg_response,reg_response,reg_response,reg_response,reg_response,reg_response,reg_response,reg_response,reg_response,reg_response,reg_response,reg_response,reg_response,reg_response,reg_response,reg_response,reg_response,reg_response,reg_response,reg_response,reg_response,reg_response,reg_response,reg_response,reg_response
BruceChen 07:39:30.994 [main] INFO  edu.bjut.homo.myMain - kgc:7130400,7114900,7043400,7022600,7276300,7085500,7378400,7019200,7142300,7190900,7138700,7469700,7067600,7012200,7727200,7134400,7267600,7164900,7096900,7172500,7099300,7098600,7036100,7061600,7189300,7036400,7310300,6997200,7078900,6978000,7245200,7171400,7226300,7157800,7018700,6990200,7006700,7244300,7336700,7030900
BruceChen 07:39:30.994 [main] INFO  edu.bjut.homo.myMain - meter_7825658973998199833:reg,reg_response
BruceChen 07:39:30.994 [main] INFO  edu.bjut.homo.myMain - meter_7825658973998199833:27500,26200
BruceChen 07:39:30.994 [main] INFO  edu.bjut.homo.myMain - meter_3855707302957974043:reg,reg_response
BruceChen 07:39:30.994 [main] INFO  edu.bjut.homo.myMain - meter_3855707302957974043:6500,21200
BruceChen 07:39:30.994 [main] INFO  edu.bjut.homo.myMain - meter_4355773413942931647:reg,reg_response
BruceChen 07:39:30.994 [main] INFO  edu.bjut.homo.myMain - meter_4355773413942931647:6000,21000
BruceChen 07:39:30.994 [main] INFO  edu.bjut.homo.myMain - meter_5126852854611752271:reg,reg_response
BruceChen 07:39:30.994 [main] INFO  edu.bjut.homo.myMain - meter_5126852854611752271:6300,21100
BruceChen 07:39:30.994 [main] INFO  edu.bjut.homo.myMain - meter_3705867837263485989:reg,reg_response
BruceChen 07:39:30.994 [main] INFO  edu.bjut.homo.myMain - meter_3705867837263485989:8800,25500
BruceChen 07:39:30.994 [main] INFO  edu.bjut.homo.myMain - meter_7901826121712227783:reg,reg_response
BruceChen 07:39:30.994 [main] INFO  edu.bjut.homo.myMain - meter_7901826121712227783:7200,22500
BruceChen 07:39:30.994 [main] INFO  edu.bjut.homo.myMain - meter_916561767129350405:reg,reg_response
BruceChen 07:39:30.994 [main] INFO  edu.bjut.homo.myMain - meter_916561767129350405:6800,34100
BruceChen 07:39:30.994 [main] INFO  edu.bjut.homo.myMain - meter_2639994569740713017:reg,reg_response
BruceChen 07:39:30.994 [main] INFO  edu.bjut.homo.myMain - meter_2639994569740713017:6700,40600
BruceChen 07:39:30.994 [main] INFO  edu.bjut.homo.myMain - meter_4053324533479952061:reg,reg_response
BruceChen 07:39:30.994 [main] INFO  edu.bjut.homo.myMain - meter_4053324533479952061:6200,22900
BruceChen 07:39:30.994 [main] INFO  edu.bjut.homo.myMain - meter_5803886844599955687:reg,reg_response
BruceChen 07:39:30.994 [main] INFO  edu.bjut.homo.myMain - meter_5803886844599955687:6300,20700
BruceChen 07:39:30.994 [main] INFO  edu.bjut.homo.myMain - meter_6492600442639737539:reg,reg_response
BruceChen 07:39:30.994 [main] INFO  edu.bjut.homo.myMain - meter_6492600442639737539:6200,20400
BruceChen 07:39:30.994 [main] INFO  edu.bjut.homo.myMain - meter_5188766933811289483:reg,reg_response
BruceChen 07:39:30.994 [main] INFO  edu.bjut.homo.myMain - meter_5188766933811289483:6100,23400
BruceChen 07:39:30.994 [main] INFO  edu.bjut.homo.myMain - meter_7461577489295485141:reg,reg_response
BruceChen 07:39:30.994 [main] INFO  edu.bjut.homo.myMain - meter_7461577489295485141:6000,24300
BruceChen 07:39:30.994 [main] INFO  edu.bjut.homo.myMain - meter_1167405916461981227:reg,reg_response
BruceChen 07:39:30.994 [main] INFO  edu.bjut.homo.myMain - meter_1167405916461981227:6200,32800
BruceChen 07:39:30.994 [main] INFO  edu.bjut.homo.myMain - meter_1449120454779390067:reg,reg_response
BruceChen 07:39:30.994 [main] INFO  edu.bjut.homo.myMain - meter_1449120454779390067:5800,33500
BruceChen 07:39:30.994 [main] INFO  edu.bjut.homo.myMain - meter_6141120291475706351:reg,reg_response
BruceChen 07:39:30.994 [main] INFO  edu.bjut.homo.myMain - meter_6141120291475706351:8300,35400
BruceChen 07:39:30.994 [main] INFO  edu.bjut.homo.myMain - meter_1250610680005818745:reg,reg_response
BruceChen 07:39:30.994 [main] INFO  edu.bjut.homo.myMain - meter_1250610680005818745:6500,22200
BruceChen 07:39:30.994 [main] INFO  edu.bjut.homo.myMain - meter_555384445239025145:reg,reg_response
BruceChen 07:39:30.994 [main] INFO  edu.bjut.homo.myMain - meter_555384445239025145:6300,30000
BruceChen 07:39:30.994 [main] INFO  edu.bjut.homo.myMain - meter_1452306092568422847:reg,reg_response
BruceChen 07:39:30.994 [main] INFO  edu.bjut.homo.myMain - meter_1452306092568422847:6300,28700
BruceChen 07:39:30.994 [main] INFO  edu.bjut.homo.myMain - meter_1382571842767404889:reg,reg_response
BruceChen 07:39:30.994 [main] INFO  edu.bjut.homo.myMain - meter_1382571842767404889:6000,19600
BruceChen 07:39:30.994 [main] INFO  edu.bjut.homo.myMain - meter_3970151132998364017:reg,reg_response
BruceChen 07:39:30.994 [main] INFO  edu.bjut.homo.myMain - meter_3970151132998364017:5800,19700
BruceChen 07:39:30.994 [main] INFO  edu.bjut.homo.myMain - meter_6944245256998643505:reg,reg_response
BruceChen 07:39:30.994 [main] INFO  edu.bjut.homo.myMain - meter_6944245256998643505:5700,19100
BruceChen 07:39:30.994 [main] INFO  edu.bjut.homo.myMain - meter_3854814754428188807:reg,reg_response
BruceChen 07:39:30.994 [main] INFO  edu.bjut.homo.myMain - meter_3854814754428188807:5700,19100
BruceChen 07:39:30.994 [main] INFO  edu.bjut.homo.myMain - meter_7565234016235275297:reg,reg_response
BruceChen 07:39:30.994 [main] INFO  edu.bjut.homo.myMain - meter_7565234016235275297:6000,21600
BruceChen 07:39:30.994 [main] INFO  edu.bjut.homo.myMain - meter_6240918476148573085:reg,reg_response
BruceChen 07:39:30.994 [main] INFO  edu.bjut.homo.myMain - meter_6240918476148573085:6400,22700
BruceChen 07:39:30.994 [main] INFO  edu.bjut.homo.myMain - meter_5459334306900977085:reg,reg_response
BruceChen 07:39:30.994 [main] INFO  edu.bjut.homo.myMain - meter_5459334306900977085:6200,19800
BruceChen 07:39:30.994 [main] INFO  edu.bjut.homo.myMain - meter_3505064977525634201:reg,reg_response
BruceChen 07:39:30.994 [main] INFO  edu.bjut.homo.myMain - meter_3505064977525634201:5500,19400
BruceChen 07:39:30.994 [main] INFO  edu.bjut.homo.myMain - meter_6658422260205082311:reg,reg_response
BruceChen 07:39:30.994 [main] INFO  edu.bjut.homo.myMain - meter_6658422260205082311:5900,21400
BruceChen 07:39:30.994 [main] INFO  edu.bjut.homo.myMain - meter_8231764377122778425:reg,reg_response
BruceChen 07:39:30.994 [main] INFO  edu.bjut.homo.myMain - meter_8231764377122778425:5800,18700
BruceChen 07:39:30.994 [main] INFO  edu.bjut.homo.myMain - meter_584081414334910809:reg,reg_response
BruceChen 07:39:30.994 [main] INFO  edu.bjut.homo.myMain - meter_584081414334910809:5900,18900
BruceChen 07:39:30.994 [main] INFO  edu.bjut.homo.myMain - meter_1771097178456287485:reg,reg_response
BruceChen 07:39:30.994 [main] INFO  edu.bjut.homo.myMain - meter_1771097178456287485:5600,21200
BruceChen 07:39:30.994 [main] INFO  edu.bjut.homo.myMain - meter_2528487604353852403:reg,reg_response
BruceChen 07:39:30.994 [main] INFO  edu.bjut.homo.myMain - meter_2528487604353852403:5900,21200
BruceChen 07:39:30.994 [main] INFO  edu.bjut.homo.myMain - meter_5303179396477682533:reg,reg_response
BruceChen 07:39:30.994 [main] INFO  edu.bjut.homo.myMain - meter_5303179396477682533:5900,20800
BruceChen 07:39:30.994 [main] INFO  edu.bjut.homo.myMain - meter_2715600106263434189:reg,reg_response
BruceChen 07:39:30.994 [main] INFO  edu.bjut.homo.myMain - meter_2715600106263434189:6200,19900
BruceChen 07:39:30.994 [main] INFO  edu.bjut.homo.myMain - meter_3689885493982497517:reg,reg_response
BruceChen 07:39:30.994 [main] INFO  edu.bjut.homo.myMain - meter_3689885493982497517:5800,19400
BruceChen 07:39:30.994 [main] INFO  edu.bjut.homo.myMain - meter_4845976133452877395:reg,reg_response
BruceChen 07:39:30.994 [main] INFO  edu.bjut.homo.myMain - meter_4845976133452877395:5900,19000
BruceChen 07:39:30.994 [main] INFO  edu.bjut.homo.myMain - meter_6907447741836192045:reg,reg_response
BruceChen 07:39:30.994 [main] INFO  edu.bjut.homo.myMain - meter_6907447741836192045:5600,19300
BruceChen 07:39:30.994 [main] INFO  edu.bjut.homo.myMain - meter_2655978008221584807:reg,reg_response
BruceChen 07:39:30.994 [main] INFO  edu.bjut.homo.myMain - meter_2655978008221584807:5600,31700
BruceChen 07:39:30.994 [main] INFO  edu.bjut.homo.myMain - meter_8178593289195002285:reg,reg_response
BruceChen 07:39:30.994 [main] INFO  edu.bjut.homo.myMain - meter_8178593289195002285:5900,19300
BruceChen 07:39:30.994 [main] INFO  edu.bjut.homo.myMain - meter_6711593352444602509:reg,reg_response
BruceChen 07:39:30.994 [main] INFO  edu.bjut.homo.myMain - meter_6711593352444602509:6100,19400
BruceChen 07:39:30.994 [main] INFO  edu.bjut.homo.myMain - oneTimeMeterRepTime
BruceChen 07:39:31.595 [main] INFO  edu.bjut.homo.myMain - agg:resp_agg
BruceChen 07:39:31.595 [main] INFO  edu.bjut.homo.myMain - agg:200160500
BruceChen 07:39:31.595 [main] INFO  edu.bjut.homo.myMain - server:report_res
BruceChen 07:39:31.595 [main] INFO  edu.bjut.homo.myMain - server:14047400
BruceChen 07:39:31.595 [main] INFO  edu.bjut.homo.myMain - meter_7825658973998199833:report
BruceChen 07:39:31.595 [main] INFO  edu.bjut.homo.myMain - meter_7825658973998199833:9798500
BruceChen 07:39:31.595 [main] INFO  edu.bjut.homo.myMain - meter_3855707302957974043:report
BruceChen 07:39:31.595 [main] INFO  edu.bjut.homo.myMain - meter_3855707302957974043:9347000
BruceChen 07:39:31.595 [main] INFO  edu.bjut.homo.myMain - meter_4355773413942931647:report
BruceChen 07:39:31.595 [main] INFO  edu.bjut.homo.myMain - meter_4355773413942931647:10408600
BruceChen 07:39:31.595 [main] INFO  edu.bjut.homo.myMain - meter_5126852854611752271:report
BruceChen 07:39:31.595 [main] INFO  edu.bjut.homo.myMain - meter_5126852854611752271:9341500
BruceChen 07:39:31.595 [main] INFO  edu.bjut.homo.myMain - meter_3705867837263485989:report
BruceChen 07:39:31.595 [main] INFO  edu.bjut.homo.myMain - meter_3705867837263485989:9294800
BruceChen 07:39:31.595 [main] INFO  edu.bjut.homo.myMain - meter_7901826121712227783:report
BruceChen 07:39:31.595 [main] INFO  edu.bjut.homo.myMain - meter_7901826121712227783:9342100
BruceChen 07:39:31.595 [main] INFO  edu.bjut.homo.myMain - meter_916561767129350405:report
BruceChen 07:39:31.595 [main] INFO  edu.bjut.homo.myMain - meter_916561767129350405:9323100
BruceChen 07:39:31.595 [main] INFO  edu.bjut.homo.myMain - meter_2639994569740713017:report
BruceChen 07:39:31.595 [main] INFO  edu.bjut.homo.myMain - meter_2639994569740713017:9242400
BruceChen 07:39:31.595 [main] INFO  edu.bjut.homo.myMain - meter_4053324533479952061:report
BruceChen 07:39:31.595 [main] INFO  edu.bjut.homo.myMain - meter_4053324533479952061:9356000
BruceChen 07:39:31.595 [main] INFO  edu.bjut.homo.myMain - meter_5803886844599955687:report
BruceChen 07:39:31.595 [main] INFO  edu.bjut.homo.myMain - meter_5803886844599955687:9319700
BruceChen 07:39:31.595 [main] INFO  edu.bjut.homo.myMain - meter_6492600442639737539:report
BruceChen 07:39:31.595 [main] INFO  edu.bjut.homo.myMain - meter_6492600442639737539:9278500
BruceChen 07:39:31.595 [main] INFO  edu.bjut.homo.myMain - meter_5188766933811289483:report
BruceChen 07:39:31.595 [main] INFO  edu.bjut.homo.myMain - meter_5188766933811289483:9318800
BruceChen 07:39:31.595 [main] INFO  edu.bjut.homo.myMain - meter_7461577489295485141:report
BruceChen 07:39:31.595 [main] INFO  edu.bjut.homo.myMain - meter_7461577489295485141:9275800
BruceChen 07:39:31.595 [main] INFO  edu.bjut.homo.myMain - meter_1167405916461981227:report
BruceChen 07:39:31.595 [main] INFO  edu.bjut.homo.myMain - meter_1167405916461981227:9278900
BruceChen 07:39:31.595 [main] INFO  edu.bjut.homo.myMain - meter_1449120454779390067:report
BruceChen 07:39:31.595 [main] INFO  edu.bjut.homo.myMain - meter_1449120454779390067:9335800
BruceChen 07:39:31.595 [main] INFO  edu.bjut.homo.myMain - meter_6141120291475706351:report
BruceChen 07:39:31.595 [main] INFO  edu.bjut.homo.myMain - meter_6141120291475706351:9268300
BruceChen 07:39:31.595 [main] INFO  edu.bjut.homo.myMain - meter_1250610680005818745:report
BruceChen 07:39:31.595 [main] INFO  edu.bjut.homo.myMain - meter_1250610680005818745:9304500
BruceChen 07:39:31.595 [main] INFO  edu.bjut.homo.myMain - meter_555384445239025145:report
BruceChen 07:39:31.595 [main] INFO  edu.bjut.homo.myMain - meter_555384445239025145:12029000
BruceChen 07:39:31.595 [main] INFO  edu.bjut.homo.myMain - meter_1452306092568422847:report
BruceChen 07:39:31.595 [main] INFO  edu.bjut.homo.myMain - meter_1452306092568422847:9796300
BruceChen 07:39:31.595 [main] INFO  edu.bjut.homo.myMain - meter_1382571842767404889:report
BruceChen 07:39:31.595 [main] INFO  edu.bjut.homo.myMain - meter_1382571842767404889:9245200
BruceChen 07:39:31.595 [main] INFO  edu.bjut.homo.myMain - meter_3970151132998364017:report
BruceChen 07:39:31.595 [main] INFO  edu.bjut.homo.myMain - meter_3970151132998364017:9231500
BruceChen 07:39:31.595 [main] INFO  edu.bjut.homo.myMain - meter_6944245256998643505:report
BruceChen 07:39:31.595 [main] INFO  edu.bjut.homo.myMain - meter_6944245256998643505:9255300
BruceChen 07:39:31.595 [main] INFO  edu.bjut.homo.myMain - meter_3854814754428188807:report
BruceChen 07:39:31.595 [main] INFO  edu.bjut.homo.myMain - meter_3854814754428188807:9300600
BruceChen 07:39:31.595 [main] INFO  edu.bjut.homo.myMain - meter_7565234016235275297:report
BruceChen 07:39:31.595 [main] INFO  edu.bjut.homo.myMain - meter_7565234016235275297:9236400
BruceChen 07:39:31.595 [main] INFO  edu.bjut.homo.myMain - meter_6240918476148573085:report
BruceChen 07:39:31.595 [main] INFO  edu.bjut.homo.myMain - meter_6240918476148573085:9267800
BruceChen 07:39:31.595 [main] INFO  edu.bjut.homo.myMain - meter_5459334306900977085:report
BruceChen 07:39:31.595 [main] INFO  edu.bjut.homo.myMain - meter_5459334306900977085:9198800
BruceChen 07:39:31.595 [main] INFO  edu.bjut.homo.myMain - meter_3505064977525634201:report
BruceChen 07:39:31.595 [main] INFO  edu.bjut.homo.myMain - meter_3505064977525634201:9363600
BruceChen 07:39:31.595 [main] INFO  edu.bjut.homo.myMain - meter_6658422260205082311:report
BruceChen 07:39:31.595 [main] INFO  edu.bjut.homo.myMain - meter_6658422260205082311:9271300
BruceChen 07:39:31.595 [main] INFO  edu.bjut.homo.myMain - meter_8231764377122778425:report
BruceChen 07:39:31.595 [main] INFO  edu.bjut.homo.myMain - meter_8231764377122778425:9262800
BruceChen 07:39:31.595 [main] INFO  edu.bjut.homo.myMain - meter_584081414334910809:report
BruceChen 07:39:31.595 [main] INFO  edu.bjut.homo.myMain - meter_584081414334910809:9156800
BruceChen 07:39:31.595 [main] INFO  edu.bjut.homo.myMain - meter_1771097178456287485:report
BruceChen 07:39:31.595 [main] INFO  edu.bjut.homo.myMain - meter_1771097178456287485:9208300
BruceChen 07:39:31.595 [main] INFO  edu.bjut.homo.myMain - meter_2528487604353852403:report
BruceChen 07:39:31.595 [main] INFO  edu.bjut.homo.myMain - meter_2528487604353852403:9286000
BruceChen 07:39:31.595 [main] INFO  edu.bjut.homo.myMain - meter_5303179396477682533:report
BruceChen 07:39:31.595 [main] INFO  edu.bjut.homo.myMain - meter_5303179396477682533:9325600
BruceChen 07:39:31.595 [main] INFO  edu.bjut.homo.myMain - meter_2715600106263434189:report
BruceChen 07:39:31.595 [main] INFO  edu.bjut.homo.myMain - meter_2715600106263434189:9159600
BruceChen 07:39:31.595 [main] INFO  edu.bjut.homo.myMain - meter_3689885493982497517:report
BruceChen 07:39:31.595 [main] INFO  edu.bjut.homo.myMain - meter_3689885493982497517:9178800
BruceChen 07:39:31.595 [main] INFO  edu.bjut.homo.myMain - meter_4845976133452877395:report
BruceChen 07:39:31.595 [main] INFO  edu.bjut.homo.myMain - meter_4845976133452877395:9155700
BruceChen 07:39:31.595 [main] INFO  edu.bjut.homo.myMain - meter_6907447741836192045:report
BruceChen 07:39:31.595 [main] INFO  edu.bjut.homo.myMain - meter_6907447741836192045:9177600
BruceChen 07:39:31.595 [main] INFO  edu.bjut.homo.myMain - meter_2655978008221584807:report
BruceChen 07:39:31.595 [main] INFO  edu.bjut.homo.myMain - meter_2655978008221584807:9298500
BruceChen 07:39:31.595 [main] INFO  edu.bjut.homo.myMain - meter_8178593289195002285:report
BruceChen 07:39:31.595 [main] INFO  edu.bjut.homo.myMain - meter_8178593289195002285:9265000
BruceChen 07:39:31.595 [main] INFO  edu.bjut.homo.myMain - meter_6711593352444602509:report
BruceChen 07:39:31.595 [main] INFO  edu.bjut.homo.myMain - meter_6711593352444602509:9251800
BruceChen 07:39:33.667 [main] INFO  edu.bjut.homo.myMain - meterRegTime
BruceChen 07:39:33.886 [main] INFO  edu.bjut.homo.myMain - kgc:reg_response,reg_response,reg_response,reg_response,reg_response,reg_response,reg_response,reg_response,reg_response,reg_response,reg_response,reg_response,reg_response,reg_response,reg_response,reg_response,reg_response,reg_response,reg_response,reg_response,reg_response,reg_response,reg_response,reg_response,reg_response,reg_response,reg_response,reg_response,reg_response,reg_response
BruceChen 07:39:33.886 [main] INFO  edu.bjut.homo.myMain - kgc:7470400,7029900,7332800,7087000,7114300,7096400,7071400,7091100,7018800,7166900,7137800,7175100,7193700,7138900,7179900,7048500,7121900,7013400,7217300,7012400,7034200,6978100,7241900,7088200,7182800,6994500,7008500,7034400,7182100,8365100
BruceChen 07:39:33.886 [main] INFO  edu.bjut.homo.myMain - meter_79514524467707647:reg,reg_response
BruceChen 07:39:33.886 [main] INFO  edu.bjut.homo.myMain - meter_79514524467707647:37600,35000
BruceChen 07:39:33.886 [main] INFO  edu.bjut.homo.myMain - meter_8753206167390689205:reg,reg_response
BruceChen 07:39:33.886 [main] INFO  edu.bjut.homo.myMain - meter_8753206167390689205:6500,26600
BruceChen 07:39:33.886 [main] INFO  edu.bjut.homo.myMain - meter_8122518038438062733:reg,reg_response
BruceChen 07:39:33.886 [main] INFO  edu.bjut.homo.myMain - meter_8122518038438062733:6000,20600
BruceChen 07:39:33.886 [main] INFO  edu.bjut.homo.myMain - meter_710201553925482103:reg,reg_response
BruceChen 07:39:33.886 [main] INFO  edu.bjut.homo.myMain - meter_710201553925482103:6300,41800
BruceChen 07:39:33.886 [main] INFO  edu.bjut.homo.myMain - meter_2995614538148311915:reg,reg_response
BruceChen 07:39:33.886 [main] INFO  edu.bjut.homo.myMain - meter_2995614538148311915:7300,24600
BruceChen 07:39:33.886 [main] INFO  edu.bjut.homo.myMain - meter_561224368898412145:reg,reg_response
BruceChen 07:39:33.886 [main] INFO  edu.bjut.homo.myMain - meter_561224368898412145:7200,20400
BruceChen 07:39:33.886 [main] INFO  edu.bjut.homo.myMain - meter_7455988772750444969:reg,reg_response
BruceChen 07:39:33.886 [main] INFO  edu.bjut.homo.myMain - meter_7455988772750444969:6100,18900
BruceChen 07:39:33.886 [main] INFO  edu.bjut.homo.myMain - meter_1875367230107725833:reg,reg_response
BruceChen 07:39:33.886 [main] INFO  edu.bjut.homo.myMain - meter_1875367230107725833:5800,20800
BruceChen 07:39:33.886 [main] INFO  edu.bjut.homo.myMain - meter_9063222903256154993:reg,reg_response
BruceChen 07:39:33.886 [main] INFO  edu.bjut.homo.myMain - meter_9063222903256154993:6100,19000
BruceChen 07:39:33.886 [main] INFO  edu.bjut.homo.myMain - meter_1329149543413541025:reg,reg_response
BruceChen 07:39:33.886 [main] INFO  edu.bjut.homo.myMain - meter_1329149543413541025:5800,19200
BruceChen 07:39:33.886 [main] INFO  edu.bjut.homo.myMain - meter_130061590092659505:reg,reg_response
BruceChen 07:39:33.886 [main] INFO  edu.bjut.homo.myMain - meter_130061590092659505:5500,19000
BruceChen 07:39:33.886 [main] INFO  edu.bjut.homo.myMain - meter_6823381788513141599:reg,reg_response
BruceChen 07:39:33.886 [main] INFO  edu.bjut.homo.myMain - meter_6823381788513141599:5500,19000
BruceChen 07:39:33.886 [main] INFO  edu.bjut.homo.myMain - meter_6968720475342160663:reg,reg_response
BruceChen 07:39:33.886 [main] INFO  edu.bjut.homo.myMain - meter_6968720475342160663:5400,19500
BruceChen 07:39:33.886 [main] INFO  edu.bjut.homo.myMain - meter_5552237340666024751:reg,reg_response
BruceChen 07:39:33.886 [main] INFO  edu.bjut.homo.myMain - meter_5552237340666024751:5600,22900
BruceChen 07:39:33.886 [main] INFO  edu.bjut.homo.myMain - meter_6173477311328612185:reg,reg_response
BruceChen 07:39:33.886 [main] INFO  edu.bjut.homo.myMain - meter_6173477311328612185:6300,25700
BruceChen 07:39:33.886 [main] INFO  edu.bjut.homo.myMain - meter_8761056601542860725:reg,reg_response
BruceChen 07:39:33.886 [main] INFO  edu.bjut.homo.myMain - meter_8761056601542860725:6200,23700
BruceChen 07:39:33.886 [main] INFO  edu.bjut.homo.myMain - meter_1474488230225718281:reg,reg_response
BruceChen 07:39:33.886 [main] INFO  edu.bjut.homo.myMain - meter_1474488230225718281:6100,19600
BruceChen 07:39:33.886 [main] INFO  edu.bjut.homo.myMain - meter_2849603146858246135:reg,reg_response
BruceChen 07:39:33.886 [main] INFO  edu.bjut.homo.myMain - meter_2849603146858246135:6000,18600
BruceChen 07:39:33.886 [main] INFO  edu.bjut.homo.myMain - meter_1432163625148005657:reg,reg_response
BruceChen 07:39:33.886 [main] INFO  edu.bjut.homo.myMain - meter_1432163625148005657:5500,20500
BruceChen 07:39:33.886 [main] INFO  edu.bjut.homo.myMain - meter_2124393806921941541:reg,reg_response
BruceChen 07:39:33.886 [main] INFO  edu.bjut.homo.myMain - meter_2124393806921941541:6700,19400
BruceChen 07:39:33.886 [main] INFO  edu.bjut.homo.myMain - meter_4037593401608144157:reg,reg_response
BruceChen 07:39:33.886 [main] INFO  edu.bjut.homo.myMain - meter_4037593401608144157:5700,20700
BruceChen 07:39:33.886 [main] INFO  edu.bjut.homo.myMain - meter_5418265667428430543:reg,reg_response
BruceChen 07:39:33.886 [main] INFO  edu.bjut.homo.myMain - meter_5418265667428430543:6100,19100
BruceChen 07:39:33.886 [main] INFO  edu.bjut.homo.myMain - meter_1933764729884783669:reg,reg_response
BruceChen 07:39:33.886 [main] INFO  edu.bjut.homo.myMain - meter_1933764729884783669:5400,18500
BruceChen 07:39:33.886 [main] INFO  edu.bjut.homo.myMain - meter_4739694480403671035:reg,reg_response
BruceChen 07:39:33.886 [main] INFO  edu.bjut.homo.myMain - meter_4739694480403671035:5500,18700
BruceChen 07:39:33.886 [main] INFO  edu.bjut.homo.myMain - meter_7014010865567075863:reg,reg_response
BruceChen 07:39:33.886 [main] INFO  edu.bjut.homo.myMain - meter_7014010865567075863:5400,18900
BruceChen 07:39:33.886 [main] INFO  edu.bjut.homo.myMain - meter_2787687968147017569:reg,reg_response
BruceChen 07:39:33.886 [main] INFO  edu.bjut.homo.myMain - meter_2787687968147017569:5500,18700
BruceChen 07:39:33.886 [main] INFO  edu.bjut.homo.myMain - meter_7674731570640914177:reg,reg_response
BruceChen 07:39:33.886 [main] INFO  edu.bjut.homo.myMain - meter_7674731570640914177:5300,18300
BruceChen 07:39:33.886 [main] INFO  edu.bjut.homo.myMain - meter_4104122806219115123:reg,reg_response
BruceChen 07:39:33.886 [main] INFO  edu.bjut.homo.myMain - meter_4104122806219115123:8100,18700
BruceChen 07:39:33.886 [main] INFO  edu.bjut.homo.myMain - meter_3370762354064723087:reg,reg_response
BruceChen 07:39:33.886 [main] INFO  edu.bjut.homo.myMain - meter_3370762354064723087:5400,18600
BruceChen 07:39:33.886 [main] INFO  edu.bjut.homo.myMain - meter_7716132255536657625:reg,reg_response
BruceChen 07:39:33.886 [main] INFO  edu.bjut.homo.myMain - meter_7716132255536657625:5400,22200
BruceChen 07:39:33.886 [main] INFO  edu.bjut.homo.myMain - oneTimeMeterRepTime
BruceChen 07:39:34.330 [main] INFO  edu.bjut.homo.myMain - agg:resp_agg
BruceChen 07:39:34.330 [main] INFO  edu.bjut.homo.myMain - agg:149909400
BruceChen 07:39:34.330 [main] INFO  edu.bjut.homo.myMain - server:report_res
BruceChen 07:39:34.330 [main] INFO  edu.bjut.homo.myMain - server:13793800
BruceChen 07:39:34.330 [main] INFO  edu.bjut.homo.myMain - meter_79514524467707647:report
BruceChen 07:39:34.330 [main] INFO  edu.bjut.homo.myMain - meter_79514524467707647:9285900
BruceChen 07:39:34.330 [main] INFO  edu.bjut.homo.myMain - meter_8753206167390689205:report
BruceChen 07:39:34.330 [main] INFO  edu.bjut.homo.myMain - meter_8753206167390689205:9243200
BruceChen 07:39:34.330 [main] INFO  edu.bjut.homo.myMain - meter_8122518038438062733:report
BruceChen 07:39:34.330 [main] INFO  edu.bjut.homo.myMain - meter_8122518038438062733:9318900
BruceChen 07:39:34.330 [main] INFO  edu.bjut.homo.myMain - meter_710201553925482103:report
BruceChen 07:39:34.330 [main] INFO  edu.bjut.homo.myMain - meter_710201553925482103:9299300
BruceChen 07:39:34.330 [main] INFO  edu.bjut.homo.myMain - meter_2995614538148311915:report
BruceChen 07:39:34.330 [main] INFO  edu.bjut.homo.myMain - meter_2995614538148311915:9311700
BruceChen 07:39:34.330 [main] INFO  edu.bjut.homo.myMain - meter_561224368898412145:report
BruceChen 07:39:34.330 [main] INFO  edu.bjut.homo.myMain - meter_561224368898412145:9281500
BruceChen 07:39:34.330 [main] INFO  edu.bjut.homo.myMain - meter_7455988772750444969:report
BruceChen 07:39:34.330 [main] INFO  edu.bjut.homo.myMain - meter_7455988772750444969:9331800
BruceChen 07:39:34.330 [main] INFO  edu.bjut.homo.myMain - meter_1875367230107725833:report
BruceChen 07:39:34.330 [main] INFO  edu.bjut.homo.myMain - meter_1875367230107725833:9281600
BruceChen 07:39:34.330 [main] INFO  edu.bjut.homo.myMain - meter_9063222903256154993:report
BruceChen 07:39:34.330 [main] INFO  edu.bjut.homo.myMain - meter_9063222903256154993:9257300
BruceChen 07:39:34.330 [main] INFO  edu.bjut.homo.myMain - meter_1329149543413541025:report
BruceChen 07:39:34.330 [main] INFO  edu.bjut.homo.myMain - meter_1329149543413541025:9245200
BruceChen 07:39:34.330 [main] INFO  edu.bjut.homo.myMain - meter_130061590092659505:report
BruceChen 07:39:34.330 [main] INFO  edu.bjut.homo.myMain - meter_130061590092659505:9366600
BruceChen 07:39:34.330 [main] INFO  edu.bjut.homo.myMain - meter_6823381788513141599:report
BruceChen 07:39:34.330 [main] INFO  edu.bjut.homo.myMain - meter_6823381788513141599:9265000
BruceChen 07:39:34.330 [main] INFO  edu.bjut.homo.myMain - meter_6968720475342160663:report
BruceChen 07:39:34.330 [main] INFO  edu.bjut.homo.myMain - meter_6968720475342160663:9240100
BruceChen 07:39:34.330 [main] INFO  edu.bjut.homo.myMain - meter_5552237340666024751:report
BruceChen 07:39:34.330 [main] INFO  edu.bjut.homo.myMain - meter_5552237340666024751:9264600
BruceChen 07:39:34.330 [main] INFO  edu.bjut.homo.myMain - meter_6173477311328612185:report
BruceChen 07:39:34.330 [main] INFO  edu.bjut.homo.myMain - meter_6173477311328612185:9301700
BruceChen 07:39:34.330 [main] INFO  edu.bjut.homo.myMain - meter_8761056601542860725:report
BruceChen 07:39:34.330 [main] INFO  edu.bjut.homo.myMain - meter_8761056601542860725:9251300
BruceChen 07:39:34.330 [main] INFO  edu.bjut.homo.myMain - meter_1474488230225718281:report
BruceChen 07:39:34.330 [main] INFO  edu.bjut.homo.myMain - meter_1474488230225718281:9329600
BruceChen 07:39:34.330 [main] INFO  edu.bjut.homo.myMain - meter_2849603146858246135:report
BruceChen 07:39:34.330 [main] INFO  edu.bjut.homo.myMain - meter_2849603146858246135:9285700
BruceChen 07:39:34.330 [main] INFO  edu.bjut.homo.myMain - meter_1432163625148005657:report
BruceChen 07:39:34.330 [main] INFO  edu.bjut.homo.myMain - meter_1432163625148005657:9259200
BruceChen 07:39:34.330 [main] INFO  edu.bjut.homo.myMain - meter_2124393806921941541:report
BruceChen 07:39:34.330 [main] INFO  edu.bjut.homo.myMain - meter_2124393806921941541:9374800
BruceChen 07:39:34.330 [main] INFO  edu.bjut.homo.myMain - meter_4037593401608144157:report
BruceChen 07:39:34.330 [main] INFO  edu.bjut.homo.myMain - meter_4037593401608144157:9272600
BruceChen 07:39:34.330 [main] INFO  edu.bjut.homo.myMain - meter_5418265667428430543:report
BruceChen 07:39:34.330 [main] INFO  edu.bjut.homo.myMain - meter_5418265667428430543:9264900
BruceChen 07:39:34.330 [main] INFO  edu.bjut.homo.myMain - meter_1933764729884783669:report
BruceChen 07:39:34.330 [main] INFO  edu.bjut.homo.myMain - meter_1933764729884783669:9272900
BruceChen 07:39:34.330 [main] INFO  edu.bjut.homo.myMain - meter_4739694480403671035:report
BruceChen 07:39:34.330 [main] INFO  edu.bjut.homo.myMain - meter_4739694480403671035:9263000
BruceChen 07:39:34.330 [main] INFO  edu.bjut.homo.myMain - meter_7014010865567075863:report
BruceChen 07:39:34.330 [main] INFO  edu.bjut.homo.myMain - meter_7014010865567075863:9254300
BruceChen 07:39:34.330 [main] INFO  edu.bjut.homo.myMain - meter_2787687968147017569:report
BruceChen 07:39:34.330 [main] INFO  edu.bjut.homo.myMain - meter_2787687968147017569:9258400
BruceChen 07:39:34.330 [main] INFO  edu.bjut.homo.myMain - meter_7674731570640914177:report
BruceChen 07:39:34.330 [main] INFO  edu.bjut.homo.myMain - meter_7674731570640914177:9264200
BruceChen 07:39:34.330 [main] INFO  edu.bjut.homo.myMain - meter_4104122806219115123:report
BruceChen 07:39:34.330 [main] INFO  edu.bjut.homo.myMain - meter_4104122806219115123:9308200
BruceChen 07:39:34.330 [main] INFO  edu.bjut.homo.myMain - meter_3370762354064723087:report
BruceChen 07:39:34.330 [main] INFO  edu.bjut.homo.myMain - meter_3370762354064723087:9298000
BruceChen 07:39:34.330 [main] INFO  edu.bjut.homo.myMain - meter_7716132255536657625:report
BruceChen 07:39:34.330 [main] INFO  edu.bjut.homo.myMain - meter_7716132255536657625:9250800
BruceChen 07:39:35.966 [main] INFO  edu.bjut.homo.myMain - meterRegTime
BruceChen 07:39:36.107 [main] INFO  edu.bjut.homo.myMain - kgc:reg_response,reg_response,reg_response,reg_response,reg_response,reg_response,reg_response,reg_response,reg_response,reg_response,reg_response,reg_response,reg_response,reg_response,reg_response,reg_response,reg_response,reg_response,reg_response,reg_response
BruceChen 07:39:36.107 [main] INFO  edu.bjut.homo.myMain - kgc:7524300,7176600,7021300,7211100,7096800,6999000,7029600,6984300,7024700,7062800,7019700,6979600,7169200,7075500,7196700,7017600,7161800,6994500,6984200,7223700
BruceChen 07:39:36.107 [main] INFO  edu.bjut.homo.myMain - meter_6523526671080486133:reg,reg_response
BruceChen 07:39:36.107 [main] INFO  edu.bjut.homo.myMain - meter_6523526671080486133:39100,23400
BruceChen 07:39:36.107 [main] INFO  edu.bjut.homo.myMain - meter_8243131394992393869:reg,reg_response
BruceChen 07:39:36.107 [main] INFO  edu.bjut.homo.myMain - meter_8243131394992393869:5900,19600
BruceChen 07:39:36.107 [main] INFO  edu.bjut.homo.myMain - meter_3588489585138145461:reg,reg_response
BruceChen 07:39:36.107 [main] INFO  edu.bjut.homo.myMain - meter_3588489585138145461:5500,18300
BruceChen 07:39:36.107 [main] INFO  edu.bjut.homo.myMain - meter_1833966540900236745:reg,reg_response
BruceChen 07:39:36.107 [main] INFO  edu.bjut.homo.myMain - meter_1833966540900236745:5400,20300
BruceChen 07:39:36.107 [main] INFO  edu.bjut.homo.myMain - meter_7027418653185263495:reg,reg_response
BruceChen 07:39:36.107 [main] INFO  edu.bjut.homo.myMain - meter_7027418653185263495:5900,19000
BruceChen 07:39:36.107 [main] INFO  edu.bjut.homo.myMain - meter_8940619347383029459:reg,reg_response
BruceChen 07:39:36.107 [main] INFO  edu.bjut.homo.myMain - meter_8940619347383029459:5500,18600
BruceChen 07:39:36.107 [main] INFO  edu.bjut.homo.myMain - meter_4386698538593927947:reg,reg_response
BruceChen 07:39:36.107 [main] INFO  edu.bjut.homo.myMain - meter_4386698538593927947:5700,20100
BruceChen 07:39:36.107 [main] INFO  edu.bjut.homo.myMain - meter_134947334297512157:reg,reg_response
BruceChen 07:39:36.107 [main] INFO  edu.bjut.homo.myMain - meter_134947334297512157:6000,33000
BruceChen 07:39:36.107 [main] INFO  edu.bjut.homo.myMain - meter_3533057870508288865:reg,reg_response
BruceChen 07:39:36.107 [main] INFO  edu.bjut.homo.myMain - meter_3533057870508288865:5700,20700
BruceChen 07:39:36.107 [main] INFO  edu.bjut.homo.myMain - meter_4804202322650439761:reg,reg_response
BruceChen 07:39:36.107 [main] INFO  edu.bjut.homo.myMain - meter_4804202322650439761:6000,32600
BruceChen 07:39:36.107 [main] INFO  edu.bjut.homo.myMain - meter_4923708538452703539:reg,reg_response
BruceChen 07:39:36.107 [main] INFO  edu.bjut.homo.myMain - meter_4923708538452703539:5300,34500
BruceChen 07:39:36.107 [main] INFO  edu.bjut.homo.myMain - meter_3287772178448201147:reg,reg_response
BruceChen 07:39:36.107 [main] INFO  edu.bjut.homo.myMain - meter_3287772178448201147:5600,16400
BruceChen 07:39:36.107 [main] INFO  edu.bjut.homo.myMain - meter_1381482814199625675:reg,reg_response
BruceChen 07:39:36.107 [main] INFO  edu.bjut.homo.myMain - meter_1381482814199625675:5300,19700
BruceChen 07:39:36.107 [main] INFO  edu.bjut.homo.myMain - meter_3808717901517122183:reg,reg_response
BruceChen 07:39:36.107 [main] INFO  edu.bjut.homo.myMain - meter_3808717901517122183:5500,17000
BruceChen 07:39:36.107 [main] INFO  edu.bjut.homo.myMain - meter_599898640640285805:reg,reg_response
BruceChen 07:39:36.107 [main] INFO  edu.bjut.homo.myMain - meter_599898640640285805:5500,30500
BruceChen 07:39:36.107 [main] INFO  edu.bjut.homo.myMain - meter_8333972000482898559:reg,reg_response
BruceChen 07:39:36.107 [main] INFO  edu.bjut.homo.myMain - meter_8333972000482898559:5700,16800
BruceChen 07:39:36.107 [main] INFO  edu.bjut.homo.myMain - meter_5528322625429094941:reg,reg_response
BruceChen 07:39:36.107 [main] INFO  edu.bjut.homo.myMain - meter_5528322625429094941:5100,16800
BruceChen 07:39:36.107 [main] INFO  edu.bjut.homo.myMain - meter_6788616429501450805:reg,reg_response
BruceChen 07:39:36.107 [main] INFO  edu.bjut.homo.myMain - meter_6788616429501450805:5200,16900
BruceChen 07:39:36.107 [main] INFO  edu.bjut.homo.myMain - meter_787010043055018471:reg,reg_response
BruceChen 07:39:36.107 [main] INFO  edu.bjut.homo.myMain - meter_787010043055018471:5300,16500
BruceChen 07:39:36.107 [main] INFO  edu.bjut.homo.myMain - meter_6060171989414282315:reg,reg_response
BruceChen 07:39:36.107 [main] INFO  edu.bjut.homo.myMain - meter_6060171989414282315:5200,18200
BruceChen 07:39:36.107 [main] INFO  edu.bjut.homo.myMain - oneTimeMeterRepTime
BruceChen 07:39:36.404 [main] INFO  edu.bjut.homo.myMain - agg:resp_agg
BruceChen 07:39:36.404 [main] INFO  edu.bjut.homo.myMain - agg:99701300
BruceChen 07:39:36.404 [main] INFO  edu.bjut.homo.myMain - server:report_res
BruceChen 07:39:36.404 [main] INFO  edu.bjut.homo.myMain - server:13873000
BruceChen 07:39:36.404 [main] INFO  edu.bjut.homo.myMain - meter_6523526671080486133:report
BruceChen 07:39:36.404 [main] INFO  edu.bjut.homo.myMain - meter_6523526671080486133:9922600
BruceChen 07:39:36.404 [main] INFO  edu.bjut.homo.myMain - meter_8243131394992393869:report
BruceChen 07:39:36.404 [main] INFO  edu.bjut.homo.myMain - meter_8243131394992393869:9259300
BruceChen 07:39:36.404 [main] INFO  edu.bjut.homo.myMain - meter_3588489585138145461:report
BruceChen 07:39:36.404 [main] INFO  edu.bjut.homo.myMain - meter_3588489585138145461:9284900
BruceChen 07:39:36.404 [main] INFO  edu.bjut.homo.myMain - meter_1833966540900236745:report
BruceChen 07:39:36.404 [main] INFO  edu.bjut.homo.myMain - meter_1833966540900236745:9250200
BruceChen 07:39:36.404 [main] INFO  edu.bjut.homo.myMain - meter_7027418653185263495:report
BruceChen 07:39:36.404 [main] INFO  edu.bjut.homo.myMain - meter_7027418653185263495:9273300
BruceChen 07:39:36.404 [main] INFO  edu.bjut.homo.myMain - meter_8940619347383029459:report
BruceChen 07:39:36.404 [main] INFO  edu.bjut.homo.myMain - meter_8940619347383029459:9262400
BruceChen 07:39:36.404 [main] INFO  edu.bjut.homo.myMain - meter_4386698538593927947:report
BruceChen 07:39:36.404 [main] INFO  edu.bjut.homo.myMain - meter_4386698538593927947:9288500
BruceChen 07:39:36.404 [main] INFO  edu.bjut.homo.myMain - meter_134947334297512157:report
BruceChen 07:39:36.404 [main] INFO  edu.bjut.homo.myMain - meter_134947334297512157:9271400
BruceChen 07:39:36.404 [main] INFO  edu.bjut.homo.myMain - meter_3533057870508288865:report
BruceChen 07:39:36.404 [main] INFO  edu.bjut.homo.myMain - meter_3533057870508288865:9251600
BruceChen 07:39:36.404 [main] INFO  edu.bjut.homo.myMain - meter_4804202322650439761:report
BruceChen 07:39:36.404 [main] INFO  edu.bjut.homo.myMain - meter_4804202322650439761:9223000
BruceChen 07:39:36.404 [main] INFO  edu.bjut.homo.myMain - meter_4923708538452703539:report
BruceChen 07:39:36.404 [main] INFO  edu.bjut.homo.myMain - meter_4923708538452703539:9217300
BruceChen 07:39:36.404 [main] INFO  edu.bjut.homo.myMain - meter_3287772178448201147:report
BruceChen 07:39:36.404 [main] INFO  edu.bjut.homo.myMain - meter_3287772178448201147:9245600
BruceChen 07:39:36.404 [main] INFO  edu.bjut.homo.myMain - meter_1381482814199625675:report
BruceChen 07:39:36.404 [main] INFO  edu.bjut.homo.myMain - meter_1381482814199625675:9373700
BruceChen 07:39:36.404 [main] INFO  edu.bjut.homo.myMain - meter_3808717901517122183:report
BruceChen 07:39:36.404 [main] INFO  edu.bjut.homo.myMain - meter_3808717901517122183:9233900
BruceChen 07:39:36.404 [main] INFO  edu.bjut.homo.myMain - meter_599898640640285805:report
BruceChen 07:39:36.404 [main] INFO  edu.bjut.homo.myMain - meter_599898640640285805:9279800
BruceChen 07:39:36.404 [main] INFO  edu.bjut.homo.myMain - meter_8333972000482898559:report
BruceChen 07:39:36.404 [main] INFO  edu.bjut.homo.myMain - meter_8333972000482898559:9271600
BruceChen 07:39:36.404 [main] INFO  edu.bjut.homo.myMain - meter_5528322625429094941:report
BruceChen 07:39:36.404 [main] INFO  edu.bjut.homo.myMain - meter_5528322625429094941:9309300
BruceChen 07:39:36.404 [main] INFO  edu.bjut.homo.myMain - meter_6788616429501450805:report
BruceChen 07:39:36.404 [main] INFO  edu.bjut.homo.myMain - meter_6788616429501450805:10172300
BruceChen 07:39:36.404 [main] INFO  edu.bjut.homo.myMain - meter_787010043055018471:report
BruceChen 07:39:36.404 [main] INFO  edu.bjut.homo.myMain - meter_787010043055018471:9825100
BruceChen 07:39:36.404 [main] INFO  edu.bjut.homo.myMain - meter_6060171989414282315:report
BruceChen 07:39:36.404 [main] INFO  edu.bjut.homo.myMain - meter_6060171989414282315:9855500
