BruceChen 10:10:11.702 [main] INFO  edu.bjut.boudia.myMain - oneTimeMeterRegTime
BruceChen 10:10:12.499 [main] INFO  edu.bjut.boudia.myMain - server:pubkey
BruceChen 10:10:12.499 [main] INFO  edu.bjut.boudia.myMain - server:205600
BruceChen 10:10:12.499 [main] INFO  edu.bjut.boudia.myMain - agg:regMsg,regMsg,regMsg,regMsg,regMsg,regMsg,regMsg,regMsg,regMsg,regMsg,regMsg,regMsg,regMsg,regMsg,regMsg,regMsg,regMsg,regMsg,regMsg,regMsg,regMsg,regMsg,regMsg,regMsg,regMsg,regMsg,regMsg,regMsg,regMsg,regMsg,regMsg,regMsg,regMsg,regMsg,regMsg,regMsg,regMsg,regMsg,regMsg,regMsg,regMsg,regMsg,regMsg,regMsg,regMsg,regMsg,regMsg,regMsg,regMsg,regMsg,regMsg,regMsg,regMsg,regMsg,regMsg,regMsg,regMsg,regMsg,regMsg,regMsg
BruceChen 10:10:12.521 [main] INFO  edu.bjut.boudia.myMain - agg:6718400,6625600,6525100,6645000,7074300,6633100,6657500,6623800,6645500,6662900,6643100,6642200,6636400,6635000,6688200,6610700,6634000,6639700,6612900,17287700,6615200,6634700,6627400,6617200,6639000,6617900,6634400,6641400,6604300,6605700,6663700,6507300,6549500,6646400,6617900,6628900,6617400,6611500,6628400,6632800,6626300,6654800,6617100,6619300,6598200,6601800,6635800,6573900,6637800,6637900,6594500,6420100,6447400,6595200,6449900,6420800,6441400,6411800,6470700,6436200
BruceChen 10:10:12.521 [main] INFO  edu.bjut.boudia.myMain - meter_8208684734385418527:regMsg,reg_backagg,reg_cc
BruceChen 10:10:12.521 [main] INFO  edu.bjut.boudia.myMain - meter_8208684734385418527:2600,6627000,4000
BruceChen 10:10:12.521 [main] INFO  edu.bjut.boudia.myMain - meter_5809252631784469039:regMsg,reg_backagg,reg_cc
BruceChen 10:10:12.521 [main] INFO  edu.bjut.boudia.myMain - meter_5809252631784469039:400,6415500,400
BruceChen 10:10:12.521 [main] INFO  edu.bjut.boudia.myMain - meter_6649039428403861509:regMsg,reg_backagg,reg_cc
BruceChen 10:10:12.521 [main] INFO  edu.bjut.boudia.myMain - meter_6649039428403861509:300,6606700,300
BruceChen 10:10:12.521 [main] INFO  edu.bjut.boudia.myMain - meter_1077053639185111833:regMsg,reg_backagg,reg_cc
BruceChen 10:10:12.521 [main] INFO  edu.bjut.boudia.myMain - meter_1077053639185111833:300,6601400,300
BruceChen 10:10:12.521 [main] INFO  edu.bjut.boudia.myMain - meter_6937948076596656077:regMsg,reg_backagg,reg_cc
BruceChen 10:10:12.521 [main] INFO  edu.bjut.boudia.myMain - meter_6937948076596656077:300,6568900,300
BruceChen 10:10:12.521 [main] INFO  edu.bjut.boudia.myMain - meter_6194314569627353013:regMsg,reg_backagg,reg_cc
BruceChen 10:10:12.521 [main] INFO  edu.bjut.boudia.myMain - meter_6194314569627353013:300,6622400,300
BruceChen 10:10:12.521 [main] INFO  edu.bjut.boudia.myMain - meter_5440063250532551847:regMsg,reg_backagg,reg_cc
BruceChen 10:10:12.521 [main] INFO  edu.bjut.boudia.myMain - meter_5440063250532551847:300,6557700,300
BruceChen 10:10:12.521 [main] INFO  edu.bjut.boudia.myMain - meter_6522362647187974239:regMsg,reg_backagg,reg_cc
BruceChen 10:10:12.521 [main] INFO  edu.bjut.boudia.myMain - meter_6522362647187974239:200,6646200,300
BruceChen 10:10:12.521 [main] INFO  edu.bjut.boudia.myMain - meter_4574804863993489961:regMsg,reg_backagg,reg_cc
BruceChen 10:10:12.521 [main] INFO  edu.bjut.boudia.myMain - meter_4574804863993489961:300,6563500,400
BruceChen 10:10:12.521 [main] INFO  edu.bjut.boudia.myMain - meter_4265249695150519137:regMsg,reg_backagg,reg_cc
BruceChen 10:10:12.521 [main] INFO  edu.bjut.boudia.myMain - meter_4265249695150519137:200,6639400,400
BruceChen 10:10:12.521 [main] INFO  edu.bjut.boudia.myMain - meter_4830018732490401213:regMsg,reg_backagg,reg_cc
BruceChen 10:10:12.521 [main] INFO  edu.bjut.boudia.myMain - meter_4830018732490401213:200,6618400,500
BruceChen 10:10:12.521 [main] INFO  edu.bjut.boudia.myMain - meter_1896025846831984601:regMsg,reg_backagg,reg_cc
BruceChen 10:10:12.521 [main] INFO  edu.bjut.boudia.myMain - meter_1896025846831984601:300,6569100,400
BruceChen 10:10:12.521 [main] INFO  edu.bjut.boudia.myMain - meter_5857828025901717733:regMsg,reg_backagg,reg_cc
BruceChen 10:10:12.521 [main] INFO  edu.bjut.boudia.myMain - meter_5857828025901717733:400,6548100,500
BruceChen 10:10:12.521 [main] INFO  edu.bjut.boudia.myMain - meter_3113624214658341365:regMsg,reg_backagg,reg_cc
BruceChen 10:10:12.521 [main] INFO  edu.bjut.boudia.myMain - meter_3113624214658341365:200,6634000,400
BruceChen 10:10:12.521 [main] INFO  edu.bjut.boudia.myMain - meter_8212652804490251029:regMsg,reg_backagg,reg_cc
BruceChen 10:10:12.521 [main] INFO  edu.bjut.boudia.myMain - meter_8212652804490251029:200,6527000,400
BruceChen 10:10:12.521 [main] INFO  edu.bjut.boudia.myMain - meter_4185608041415130853:regMsg,reg_backagg,reg_cc
BruceChen 10:10:12.521 [main] INFO  edu.bjut.boudia.myMain - meter_4185608041415130853:300,6619300,200
BruceChen 10:10:12.521 [main] INFO  edu.bjut.boudia.myMain - meter_8703176552784865415:regMsg,reg_backagg,reg_cc
BruceChen 10:10:12.521 [main] INFO  edu.bjut.boudia.myMain - meter_8703176552784865415:300,6517400,200
BruceChen 10:10:12.521 [main] INFO  edu.bjut.boudia.myMain - meter_4700736143681235055:regMsg,reg_backagg,reg_cc
BruceChen 10:10:12.521 [main] INFO  edu.bjut.boudia.myMain - meter_4700736143681235055:200,6637300,300
BruceChen 10:10:12.521 [main] INFO  edu.bjut.boudia.myMain - meter_71689801224467627:regMsg,reg_backagg,reg_cc
BruceChen 10:10:12.521 [main] INFO  edu.bjut.boudia.myMain - meter_71689801224467627:300,6592300,300
BruceChen 10:10:12.521 [main] INFO  edu.bjut.boudia.myMain - meter_7828932165729320191:regMsg,reg_backagg,reg_cc
BruceChen 10:10:12.521 [main] INFO  edu.bjut.boudia.myMain - meter_7828932165729320191:200,6587600,300
BruceChen 10:10:12.521 [main] INFO  edu.bjut.boudia.myMain - meter_6433057719746874897:regMsg,reg_backagg,reg_cc
BruceChen 10:10:12.521 [main] INFO  edu.bjut.boudia.myMain - meter_6433057719746874897:200,6594100,300
BruceChen 10:10:12.521 [main] INFO  edu.bjut.boudia.myMain - meter_6259386063002172973:regMsg,reg_backagg,reg_cc
BruceChen 10:10:12.521 [main] INFO  edu.bjut.boudia.myMain - meter_6259386063002172973:200,6434800,400
BruceChen 10:10:12.521 [main] INFO  edu.bjut.boudia.myMain - meter_8702315079545773129:regMsg,reg_backagg,reg_cc
BruceChen 10:10:12.521 [main] INFO  edu.bjut.boudia.myMain - meter_8702315079545773129:200,6640600,400
BruceChen 10:10:12.521 [main] INFO  edu.bjut.boudia.myMain - meter_5433070816635622315:regMsg,reg_backagg,reg_cc
BruceChen 10:10:12.521 [main] INFO  edu.bjut.boudia.myMain - meter_5433070816635622315:200,6864300,500
BruceChen 10:10:12.521 [main] INFO  edu.bjut.boudia.myMain - meter_8502264201143831225:regMsg,reg_backagg,reg_cc
BruceChen 10:10:12.521 [main] INFO  edu.bjut.boudia.myMain - meter_8502264201143831225:300,6599800,400
BruceChen 10:10:12.521 [main] INFO  edu.bjut.boudia.myMain - meter_8961713759066414143:regMsg,reg_backagg,reg_cc
BruceChen 10:10:12.521 [main] INFO  edu.bjut.boudia.myMain - meter_8961713759066414143:400,6565300,400
BruceChen 10:10:12.521 [main] INFO  edu.bjut.boudia.myMain - meter_4730975794574168681:regMsg,reg_backagg,reg_cc
BruceChen 10:10:12.521 [main] INFO  edu.bjut.boudia.myMain - meter_4730975794574168681:400,6564400,400
BruceChen 10:10:12.521 [main] INFO  edu.bjut.boudia.myMain - meter_4050294715194156283:regMsg,reg_backagg,reg_cc
BruceChen 10:10:12.521 [main] INFO  edu.bjut.boudia.myMain - meter_4050294715194156283:300,6575000,200
BruceChen 10:10:12.521 [main] INFO  edu.bjut.boudia.myMain - meter_1757084033566869301:regMsg,reg_backagg,reg_cc
BruceChen 10:10:12.521 [main] INFO  edu.bjut.boudia.myMain - meter_1757084033566869301:200,6551100,300
BruceChen 10:10:12.521 [main] INFO  edu.bjut.boudia.myMain - meter_545602946426084469:regMsg,reg_backagg,reg_cc
BruceChen 10:10:12.521 [main] INFO  edu.bjut.boudia.myMain - meter_545602946426084469:200,6556500,400
BruceChen 10:10:12.521 [main] INFO  edu.bjut.boudia.myMain - meter_6735039366395880701:regMsg,reg_backagg,reg_cc
BruceChen 10:10:12.521 [main] INFO  edu.bjut.boudia.myMain - meter_6735039366395880701:400,6648500,300
BruceChen 10:10:12.521 [main] INFO  edu.bjut.boudia.myMain - meter_443037087106615567:regMsg,reg_backagg,reg_cc
BruceChen 10:10:12.521 [main] INFO  edu.bjut.boudia.myMain - meter_443037087106615567:1400,6435100,300
BruceChen 10:10:12.521 [main] INFO  edu.bjut.boudia.myMain - meter_6263132140680990193:regMsg,reg_backagg,reg_cc
BruceChen 10:10:12.521 [main] INFO  edu.bjut.boudia.myMain - meter_6263132140680990193:300,9394000,400
BruceChen 10:10:12.521 [main] INFO  edu.bjut.boudia.myMain - meter_5644963049333469525:regMsg,reg_backagg,reg_cc
BruceChen 10:10:12.521 [main] INFO  edu.bjut.boudia.myMain - meter_5644963049333469525:400,6637500,400
BruceChen 10:10:12.521 [main] INFO  edu.bjut.boudia.myMain - meter_6849861474268752025:regMsg,reg_backagg,reg_cc
BruceChen 10:10:12.521 [main] INFO  edu.bjut.boudia.myMain - meter_6849861474268752025:300,6544700,300
BruceChen 10:10:12.521 [main] INFO  edu.bjut.boudia.myMain - meter_1288863123425544829:regMsg,reg_backagg,reg_cc
BruceChen 10:10:12.521 [main] INFO  edu.bjut.boudia.myMain - meter_1288863123425544829:400,6557300,300
BruceChen 10:10:12.521 [main] INFO  edu.bjut.boudia.myMain - meter_5630978453102646019:regMsg,reg_backagg,reg_cc
BruceChen 10:10:12.521 [main] INFO  edu.bjut.boudia.myMain - meter_5630978453102646019:300,6572700,300
BruceChen 10:10:12.521 [main] INFO  edu.bjut.boudia.myMain - meter_7999185483664471629:regMsg,reg_backagg,reg_cc
BruceChen 10:10:12.521 [main] INFO  edu.bjut.boudia.myMain - meter_7999185483664471629:200,6531500,400
BruceChen 10:10:12.521 [main] INFO  edu.bjut.boudia.myMain - meter_4561919479452723543:regMsg,reg_backagg,reg_cc
BruceChen 10:10:12.521 [main] INFO  edu.bjut.boudia.myMain - meter_4561919479452723543:200,6617500,400
BruceChen 10:10:12.521 [main] INFO  edu.bjut.boudia.myMain - meter_524403194861833339:regMsg,reg_backagg,reg_cc
BruceChen 10:10:12.521 [main] INFO  edu.bjut.boudia.myMain - meter_524403194861833339:200,6514000,200
BruceChen 10:10:12.521 [main] INFO  edu.bjut.boudia.myMain - meter_1192629844617201593:regMsg,reg_backagg,reg_cc
BruceChen 10:10:12.521 [main] INFO  edu.bjut.boudia.myMain - meter_1192629844617201593:300,6653700,500
BruceChen 10:10:12.521 [main] INFO  edu.bjut.boudia.myMain - meter_8980622971089756945:regMsg,reg_backagg,reg_cc
BruceChen 10:10:12.521 [main] INFO  edu.bjut.boudia.myMain - meter_8980622971089756945:600,6602300,400
BruceChen 10:10:12.521 [main] INFO  edu.bjut.boudia.myMain - meter_7530859227252307613:regMsg,reg_backagg,reg_cc
BruceChen 10:10:12.521 [main] INFO  edu.bjut.boudia.myMain - meter_7530859227252307613:300,6515900,300
BruceChen 10:10:12.521 [main] INFO  edu.bjut.boudia.myMain - meter_1866815293583299887:regMsg,reg_backagg,reg_cc
BruceChen 10:10:12.521 [main] INFO  edu.bjut.boudia.myMain - meter_1866815293583299887:300,6605900,400
BruceChen 10:10:12.521 [main] INFO  edu.bjut.boudia.myMain - meter_1133511232646474141:regMsg,reg_backagg,reg_cc
BruceChen 10:10:12.521 [main] INFO  edu.bjut.boudia.myMain - meter_1133511232646474141:200,6621600,300
BruceChen 10:10:12.521 [main] INFO  edu.bjut.boudia.myMain - meter_5246811747768465505:regMsg,reg_backagg,reg_cc
BruceChen 10:10:12.521 [main] INFO  edu.bjut.boudia.myMain - meter_5246811747768465505:400,6449900,400
BruceChen 10:10:12.521 [main] INFO  edu.bjut.boudia.myMain - meter_2783498874455386787:regMsg,reg_backagg,reg_cc
BruceChen 10:10:12.521 [main] INFO  edu.bjut.boudia.myMain - meter_2783498874455386787:200,6581100,300
BruceChen 10:10:12.521 [main] INFO  edu.bjut.boudia.myMain - meter_4990144896476906361:regMsg,reg_backagg,reg_cc
BruceChen 10:10:12.521 [main] INFO  edu.bjut.boudia.myMain - meter_4990144896476906361:300,6396400,300
BruceChen 10:10:12.521 [main] INFO  edu.bjut.boudia.myMain - meter_4951166777413545659:regMsg,reg_backagg,reg_cc
BruceChen 10:10:12.521 [main] INFO  edu.bjut.boudia.myMain - meter_4951166777413545659:200,6558700,300
BruceChen 10:10:12.521 [main] INFO  edu.bjut.boudia.myMain - meter_3756860100202067867:regMsg,reg_backagg,reg_cc
BruceChen 10:10:12.521 [main] INFO  edu.bjut.boudia.myMain - meter_3756860100202067867:300,6589200,400
BruceChen 10:10:12.521 [main] INFO  edu.bjut.boudia.myMain - meter_1416298021970547223:regMsg,reg_backagg,reg_cc
BruceChen 10:10:12.521 [main] INFO  edu.bjut.boudia.myMain - meter_1416298021970547223:200,6419000,400
BruceChen 10:10:12.521 [main] INFO  edu.bjut.boudia.myMain - meter_9106916278161228353:regMsg,reg_backagg,reg_cc
BruceChen 10:10:12.521 [main] INFO  edu.bjut.boudia.myMain - meter_9106916278161228353:200,6322100,200
BruceChen 10:10:12.521 [main] INFO  edu.bjut.boudia.myMain - meter_8262830234765334479:regMsg,reg_backagg,reg_cc
BruceChen 10:10:12.521 [main] INFO  edu.bjut.boudia.myMain - meter_8262830234765334479:200,6297800,300
BruceChen 10:10:12.521 [main] INFO  edu.bjut.boudia.myMain - meter_1802588871860374129:regMsg,reg_backagg,reg_cc
BruceChen 10:10:12.521 [main] INFO  edu.bjut.boudia.myMain - meter_1802588871860374129:200,6196300,300
BruceChen 10:10:12.521 [main] INFO  edu.bjut.boudia.myMain - meter_2772533827425639273:regMsg,reg_backagg,reg_cc
BruceChen 10:10:12.521 [main] INFO  edu.bjut.boudia.myMain - meter_2772533827425639273:300,6334700,300
BruceChen 10:10:12.521 [main] INFO  edu.bjut.boudia.myMain - meter_4790435639297274347:regMsg,reg_backagg,reg_cc
BruceChen 10:10:12.521 [main] INFO  edu.bjut.boudia.myMain - meter_4790435639297274347:300,6309600,200
BruceChen 10:10:12.521 [main] INFO  edu.bjut.boudia.myMain - meter_6279298506663728881:regMsg,reg_backagg,reg_cc
BruceChen 10:10:12.521 [main] INFO  edu.bjut.boudia.myMain - meter_6279298506663728881:200,6354700,300
BruceChen 10:10:12.521 [main] INFO  edu.bjut.boudia.myMain - meter_5583247406704644077:regMsg,reg_backagg,reg_cc
BruceChen 10:10:12.521 [main] INFO  edu.bjut.boudia.myMain - meter_5583247406704644077:200,6371400,400
BruceChen 10:10:12.521 [main] INFO  edu.bjut.boudia.myMain - meter_5504167884481127479:regMsg,reg_backagg,reg_cc
BruceChen 10:10:12.521 [main] INFO  edu.bjut.boudia.myMain - meter_5504167884481127479:200,6396100,400
BruceChen 10:10:12.521 [main] INFO  edu.bjut.boudia.myMain - meter_3785412524332915251:regMsg,reg_backagg,reg_cc
BruceChen 10:10:12.521 [main] INFO  edu.bjut.boudia.myMain - meter_3785412524332915251:300,6359900,300
BruceChen 10:10:13.319 [main] INFO  edu.bjut.boudia.myMain - oneTimeMeterRepTime
BruceChen 10:10:15.343 [main] INFO  edu.bjut.boudia.myMain - server:repMsg
BruceChen 10:10:15.343 [main] INFO  edu.bjut.boudia.myMain - server:31462500
BruceChen 10:10:15.343 [main] INFO  edu.bjut.boudia.myMain - agg:repMsg
BruceChen 10:10:15.343 [main] INFO  edu.bjut.boudia.myMain - agg:411178900
BruceChen 10:10:15.343 [main] INFO  edu.bjut.boudia.myMain - meter_8208684734385418527:repMsg
BruceChen 10:10:15.343 [main] INFO  edu.bjut.boudia.myMain - meter_8208684734385418527:35125900
BruceChen 10:10:15.343 [main] INFO  edu.bjut.boudia.myMain - meter_5809252631784469039:repMsg
BruceChen 10:10:15.343 [main] INFO  edu.bjut.boudia.myMain - meter_5809252631784469039:26635900
BruceChen 10:10:15.343 [main] INFO  edu.bjut.boudia.myMain - meter_6649039428403861509:repMsg
BruceChen 10:10:15.343 [main] INFO  edu.bjut.boudia.myMain - meter_6649039428403861509:26684600
BruceChen 10:10:15.343 [main] INFO  edu.bjut.boudia.myMain - meter_1077053639185111833:repMsg
BruceChen 10:10:15.343 [main] INFO  edu.bjut.boudia.myMain - meter_1077053639185111833:26826300
BruceChen 10:10:15.343 [main] INFO  edu.bjut.boudia.myMain - meter_6937948076596656077:repMsg
BruceChen 10:10:15.343 [main] INFO  edu.bjut.boudia.myMain - meter_6937948076596656077:26541500
BruceChen 10:10:15.343 [main] INFO  edu.bjut.boudia.myMain - meter_6194314569627353013:repMsg
BruceChen 10:10:15.343 [main] INFO  edu.bjut.boudia.myMain - meter_6194314569627353013:27004300
BruceChen 10:10:15.343 [main] INFO  edu.bjut.boudia.myMain - meter_5440063250532551847:repMsg
BruceChen 10:10:15.343 [main] INFO  edu.bjut.boudia.myMain - meter_5440063250532551847:26498300
BruceChen 10:10:15.343 [main] INFO  edu.bjut.boudia.myMain - meter_6522362647187974239:repMsg
BruceChen 10:10:15.343 [main] INFO  edu.bjut.boudia.myMain - meter_6522362647187974239:26062200
BruceChen 10:10:15.343 [main] INFO  edu.bjut.boudia.myMain - meter_4574804863993489961:repMsg
BruceChen 10:10:15.343 [main] INFO  edu.bjut.boudia.myMain - meter_4574804863993489961:26752700
BruceChen 10:10:15.343 [main] INFO  edu.bjut.boudia.myMain - meter_4265249695150519137:repMsg
BruceChen 10:10:15.343 [main] INFO  edu.bjut.boudia.myMain - meter_4265249695150519137:26565300
BruceChen 10:10:15.343 [main] INFO  edu.bjut.boudia.myMain - meter_4830018732490401213:repMsg
BruceChen 10:10:15.343 [main] INFO  edu.bjut.boudia.myMain - meter_4830018732490401213:28925000
BruceChen 10:10:15.343 [main] INFO  edu.bjut.boudia.myMain - meter_1896025846831984601:repMsg
BruceChen 10:10:15.343 [main] INFO  edu.bjut.boudia.myMain - meter_1896025846831984601:26736600
BruceChen 10:10:15.343 [main] INFO  edu.bjut.boudia.myMain - meter_5857828025901717733:repMsg
BruceChen 10:10:15.343 [main] INFO  edu.bjut.boudia.myMain - meter_5857828025901717733:26349500
BruceChen 10:10:15.343 [main] INFO  edu.bjut.boudia.myMain - meter_3113624214658341365:repMsg
BruceChen 10:10:15.343 [main] INFO  edu.bjut.boudia.myMain - meter_3113624214658341365:26301800
BruceChen 10:10:15.343 [main] INFO  edu.bjut.boudia.myMain - meter_8212652804490251029:repMsg
BruceChen 10:10:15.343 [main] INFO  edu.bjut.boudia.myMain - meter_8212652804490251029:26272500
BruceChen 10:10:15.343 [main] INFO  edu.bjut.boudia.myMain - meter_4185608041415130853:repMsg
BruceChen 10:10:15.343 [main] INFO  edu.bjut.boudia.myMain - meter_4185608041415130853:26711000
BruceChen 10:10:15.343 [main] INFO  edu.bjut.boudia.myMain - meter_8703176552784865415:repMsg
BruceChen 10:10:15.343 [main] INFO  edu.bjut.boudia.myMain - meter_8703176552784865415:26190600
BruceChen 10:10:15.343 [main] INFO  edu.bjut.boudia.myMain - meter_4700736143681235055:repMsg
BruceChen 10:10:15.343 [main] INFO  edu.bjut.boudia.myMain - meter_4700736143681235055:25682800
BruceChen 10:10:15.343 [main] INFO  edu.bjut.boudia.myMain - meter_71689801224467627:repMsg
BruceChen 10:10:15.343 [main] INFO  edu.bjut.boudia.myMain - meter_71689801224467627:25771400
BruceChen 10:10:15.343 [main] INFO  edu.bjut.boudia.myMain - meter_7828932165729320191:repMsg
BruceChen 10:10:15.343 [main] INFO  edu.bjut.boudia.myMain - meter_7828932165729320191:25782700
BruceChen 10:10:15.343 [main] INFO  edu.bjut.boudia.myMain - meter_6433057719746874897:repMsg
BruceChen 10:10:15.343 [main] INFO  edu.bjut.boudia.myMain - meter_6433057719746874897:25546300
BruceChen 10:10:15.343 [main] INFO  edu.bjut.boudia.myMain - meter_6259386063002172973:repMsg
BruceChen 10:10:15.343 [main] INFO  edu.bjut.boudia.myMain - meter_6259386063002172973:25865500
BruceChen 10:10:15.343 [main] INFO  edu.bjut.boudia.myMain - meter_8702315079545773129:repMsg
BruceChen 10:10:15.343 [main] INFO  edu.bjut.boudia.myMain - meter_8702315079545773129:26203700
BruceChen 10:10:15.343 [main] INFO  edu.bjut.boudia.myMain - meter_5433070816635622315:repMsg
BruceChen 10:10:15.343 [main] INFO  edu.bjut.boudia.myMain - meter_5433070816635622315:25599300
BruceChen 10:10:15.343 [main] INFO  edu.bjut.boudia.myMain - meter_8502264201143831225:repMsg
BruceChen 10:10:15.343 [main] INFO  edu.bjut.boudia.myMain - meter_8502264201143831225:25539200
BruceChen 10:10:15.343 [main] INFO  edu.bjut.boudia.myMain - meter_8961713759066414143:repMsg
BruceChen 10:10:15.343 [main] INFO  edu.bjut.boudia.myMain - meter_8961713759066414143:26450900
BruceChen 10:10:15.343 [main] INFO  edu.bjut.boudia.myMain - meter_4730975794574168681:repMsg
BruceChen 10:10:15.343 [main] INFO  edu.bjut.boudia.myMain - meter_4730975794574168681:25721900
BruceChen 10:10:15.343 [main] INFO  edu.bjut.boudia.myMain - meter_4050294715194156283:repMsg
BruceChen 10:10:15.343 [main] INFO  edu.bjut.boudia.myMain - meter_4050294715194156283:25559000
BruceChen 10:10:15.343 [main] INFO  edu.bjut.boudia.myMain - meter_1757084033566869301:repMsg
BruceChen 10:10:15.343 [main] INFO  edu.bjut.boudia.myMain - meter_1757084033566869301:25958900
BruceChen 10:10:15.343 [main] INFO  edu.bjut.boudia.myMain - meter_545602946426084469:repMsg
BruceChen 10:10:15.343 [main] INFO  edu.bjut.boudia.myMain - meter_545602946426084469:26026900
BruceChen 10:10:15.343 [main] INFO  edu.bjut.boudia.myMain - meter_6735039366395880701:repMsg
BruceChen 10:10:15.343 [main] INFO  edu.bjut.boudia.myMain - meter_6735039366395880701:26110800
BruceChen 10:10:15.343 [main] INFO  edu.bjut.boudia.myMain - meter_443037087106615567:repMsg
BruceChen 10:10:15.343 [main] INFO  edu.bjut.boudia.myMain - meter_443037087106615567:25802100
BruceChen 10:10:15.343 [main] INFO  edu.bjut.boudia.myMain - meter_6263132140680990193:repMsg
BruceChen 10:10:15.343 [main] INFO  edu.bjut.boudia.myMain - meter_6263132140680990193:25529600
BruceChen 10:10:15.343 [main] INFO  edu.bjut.boudia.myMain - meter_5644963049333469525:repMsg
BruceChen 10:10:15.343 [main] INFO  edu.bjut.boudia.myMain - meter_5644963049333469525:25740300
BruceChen 10:10:15.343 [main] INFO  edu.bjut.boudia.myMain - meter_6849861474268752025:repMsg
BruceChen 10:10:15.343 [main] INFO  edu.bjut.boudia.myMain - meter_6849861474268752025:26974800
BruceChen 10:10:15.343 [main] INFO  edu.bjut.boudia.myMain - meter_1288863123425544829:repMsg
BruceChen 10:10:15.343 [main] INFO  edu.bjut.boudia.myMain - meter_1288863123425544829:26059800
BruceChen 10:10:15.343 [main] INFO  edu.bjut.boudia.myMain - meter_5630978453102646019:repMsg
BruceChen 10:10:15.343 [main] INFO  edu.bjut.boudia.myMain - meter_5630978453102646019:25765700
BruceChen 10:10:15.343 [main] INFO  edu.bjut.boudia.myMain - meter_7999185483664471629:repMsg
BruceChen 10:10:15.343 [main] INFO  edu.bjut.boudia.myMain - meter_7999185483664471629:25541200
BruceChen 10:10:15.343 [main] INFO  edu.bjut.boudia.myMain - meter_4561919479452723543:repMsg
BruceChen 10:10:15.343 [main] INFO  edu.bjut.boudia.myMain - meter_4561919479452723543:29254300
BruceChen 10:10:15.343 [main] INFO  edu.bjut.boudia.myMain - meter_524403194861833339:repMsg
BruceChen 10:10:15.343 [main] INFO  edu.bjut.boudia.myMain - meter_524403194861833339:26211200
BruceChen 10:10:15.343 [main] INFO  edu.bjut.boudia.myMain - meter_1192629844617201593:repMsg
BruceChen 10:10:15.343 [main] INFO  edu.bjut.boudia.myMain - meter_1192629844617201593:25635500
BruceChen 10:10:15.343 [main] INFO  edu.bjut.boudia.myMain - meter_8980622971089756945:repMsg
BruceChen 10:10:15.343 [main] INFO  edu.bjut.boudia.myMain - meter_8980622971089756945:25892800
BruceChen 10:10:15.343 [main] INFO  edu.bjut.boudia.myMain - meter_7530859227252307613:repMsg
BruceChen 10:10:15.343 [main] INFO  edu.bjut.boudia.myMain - meter_7530859227252307613:25844400
BruceChen 10:10:15.343 [main] INFO  edu.bjut.boudia.myMain - meter_1866815293583299887:repMsg
BruceChen 10:10:15.343 [main] INFO  edu.bjut.boudia.myMain - meter_1866815293583299887:25602700
BruceChen 10:10:15.343 [main] INFO  edu.bjut.boudia.myMain - meter_1133511232646474141:repMsg
BruceChen 10:10:15.343 [main] INFO  edu.bjut.boudia.myMain - meter_1133511232646474141:25666000
BruceChen 10:10:15.343 [main] INFO  edu.bjut.boudia.myMain - meter_5246811747768465505:repMsg
BruceChen 10:10:15.343 [main] INFO  edu.bjut.boudia.myMain - meter_5246811747768465505:25522300
BruceChen 10:10:15.343 [main] INFO  edu.bjut.boudia.myMain - meter_2783498874455386787:repMsg
BruceChen 10:10:15.343 [main] INFO  edu.bjut.boudia.myMain - meter_2783498874455386787:25665400
BruceChen 10:10:15.343 [main] INFO  edu.bjut.boudia.myMain - meter_4990144896476906361:repMsg
BruceChen 10:10:15.343 [main] INFO  edu.bjut.boudia.myMain - meter_4990144896476906361:25866700
BruceChen 10:10:15.343 [main] INFO  edu.bjut.boudia.myMain - meter_4951166777413545659:repMsg
BruceChen 10:10:15.343 [main] INFO  edu.bjut.boudia.myMain - meter_4951166777413545659:25798000
BruceChen 10:10:15.343 [main] INFO  edu.bjut.boudia.myMain - meter_3756860100202067867:repMsg
BruceChen 10:10:15.343 [main] INFO  edu.bjut.boudia.myMain - meter_3756860100202067867:25633800
BruceChen 10:10:15.343 [main] INFO  edu.bjut.boudia.myMain - meter_1416298021970547223:repMsg
BruceChen 10:10:15.343 [main] INFO  edu.bjut.boudia.myMain - meter_1416298021970547223:26163500
BruceChen 10:10:15.343 [main] INFO  edu.bjut.boudia.myMain - meter_9106916278161228353:repMsg
BruceChen 10:10:15.343 [main] INFO  edu.bjut.boudia.myMain - meter_9106916278161228353:30855300
BruceChen 10:10:15.343 [main] INFO  edu.bjut.boudia.myMain - meter_8262830234765334479:repMsg
BruceChen 10:10:15.343 [main] INFO  edu.bjut.boudia.myMain - meter_8262830234765334479:26559200
BruceChen 10:10:15.343 [main] INFO  edu.bjut.boudia.myMain - meter_1802588871860374129:repMsg
BruceChen 10:10:15.343 [main] INFO  edu.bjut.boudia.myMain - meter_1802588871860374129:26400700
BruceChen 10:10:15.343 [main] INFO  edu.bjut.boudia.myMain - meter_2772533827425639273:repMsg
BruceChen 10:10:15.343 [main] INFO  edu.bjut.boudia.myMain - meter_2772533827425639273:26369800
BruceChen 10:10:15.343 [main] INFO  edu.bjut.boudia.myMain - meter_4790435639297274347:repMsg
BruceChen 10:10:15.343 [main] INFO  edu.bjut.boudia.myMain - meter_4790435639297274347:26157100
BruceChen 10:10:15.343 [main] INFO  edu.bjut.boudia.myMain - meter_6279298506663728881:repMsg
BruceChen 10:10:15.343 [main] INFO  edu.bjut.boudia.myMain - meter_6279298506663728881:25601000
BruceChen 10:10:15.343 [main] INFO  edu.bjut.boudia.myMain - meter_5583247406704644077:repMsg
BruceChen 10:10:15.343 [main] INFO  edu.bjut.boudia.myMain - meter_5583247406704644077:25830800
BruceChen 10:10:15.343 [main] INFO  edu.bjut.boudia.myMain - meter_5504167884481127479:repMsg
BruceChen 10:10:15.343 [main] INFO  edu.bjut.boudia.myMain - meter_5504167884481127479:26224000
BruceChen 10:10:15.343 [main] INFO  edu.bjut.boudia.myMain - meter_3785412524332915251:repMsg
BruceChen 10:10:15.343 [main] INFO  edu.bjut.boudia.myMain - meter_3785412524332915251:25558100
BruceChen 10:10:18.643 [main] INFO  edu.bjut.boudia.myMain - oneTimeMeterRegTime
BruceChen 10:10:19.300 [main] INFO  edu.bjut.boudia.myMain - server:pubkey
BruceChen 10:10:19.300 [main] INFO  edu.bjut.boudia.myMain - server:800
BruceChen 10:10:19.300 [main] INFO  edu.bjut.boudia.myMain - agg:regMsg,regMsg,regMsg,regMsg,regMsg,regMsg,regMsg,regMsg,regMsg,regMsg,regMsg,regMsg,regMsg,regMsg,regMsg,regMsg,regMsg,regMsg,regMsg,regMsg,regMsg,regMsg,regMsg,regMsg,regMsg,regMsg,regMsg,regMsg,regMsg,regMsg,regMsg,regMsg,regMsg,regMsg,regMsg,regMsg,regMsg,regMsg,regMsg,regMsg,regMsg,regMsg,regMsg,regMsg,regMsg,regMsg,regMsg,regMsg,regMsg,regMsg
BruceChen 10:10:19.300 [main] INFO  edu.bjut.boudia.myMain - agg:6663100,6639500,6612000,6594200,6623500,6608800,6630200,6620400,6625800,6618200,6537300,6579500,6572700,6437400,6473900,6525600,6483400,6550900,6529500,6466900,6497700,6447300,6578200,6607200,6586700,6499400,6455200,6495500,6400200,6487500,6587600,6604900,6583300,6515800,6421900,6508500,9265100,6625600,6629100,6614700,6557500,6622900,6615600,6628300,6612900,6598100,6583100,6610100,6638900,6578400
BruceChen 10:10:19.300 [main] INFO  edu.bjut.boudia.myMain - meter_6400904706385485987:regMsg,reg_backagg,reg_cc
BruceChen 10:10:19.300 [main] INFO  edu.bjut.boudia.myMain - meter_6400904706385485987:900,6590900,500
BruceChen 10:10:19.300 [main] INFO  edu.bjut.boudia.myMain - meter_6127394726834506911:regMsg,reg_backagg,reg_cc
BruceChen 10:10:19.300 [main] INFO  edu.bjut.boudia.myMain - meter_6127394726834506911:300,6584800,500
BruceChen 10:10:19.300 [main] INFO  edu.bjut.boudia.myMain - meter_4607988432346168569:regMsg,reg_backagg,reg_cc
BruceChen 10:10:19.300 [main] INFO  edu.bjut.boudia.myMain - meter_4607988432346168569:300,6590200,400
BruceChen 10:10:19.300 [main] INFO  edu.bjut.boudia.myMain - meter_1922882368156518075:regMsg,reg_backagg,reg_cc
BruceChen 10:10:19.300 [main] INFO  edu.bjut.boudia.myMain - meter_1922882368156518075:300,6527900,400
BruceChen 10:10:19.300 [main] INFO  edu.bjut.boudia.myMain - meter_4308276356737163659:regMsg,reg_backagg,reg_cc
BruceChen 10:10:19.300 [main] INFO  edu.bjut.boudia.myMain - meter_4308276356737163659:300,6545900,400
BruceChen 10:10:19.300 [main] INFO  edu.bjut.boudia.myMain - meter_7489866206852869983:regMsg,reg_backagg,reg_cc
BruceChen 10:10:19.300 [main] INFO  edu.bjut.boudia.myMain - meter_7489866206852869983:300,6429900,200
BruceChen 10:10:19.300 [main] INFO  edu.bjut.boudia.myMain - meter_8620826897184079393:regMsg,reg_backagg,reg_cc
BruceChen 10:10:19.300 [main] INFO  edu.bjut.boudia.myMain - meter_8620826897184079393:2700,6489100,400
BruceChen 10:10:19.300 [main] INFO  edu.bjut.boudia.myMain - meter_3933113849093525381:regMsg,reg_backagg,reg_cc
BruceChen 10:10:19.300 [main] INFO  edu.bjut.boudia.myMain - meter_3933113849093525381:300,6497200,5500
BruceChen 10:10:19.300 [main] INFO  edu.bjut.boudia.myMain - meter_5588802334802475013:regMsg,reg_backagg,reg_cc
BruceChen 10:10:19.300 [main] INFO  edu.bjut.boudia.myMain - meter_5588802334802475013:400,6508700,400
BruceChen 10:10:19.300 [main] INFO  edu.bjut.boudia.myMain - meter_3664525633427746005:regMsg,reg_backagg,reg_cc
BruceChen 10:10:19.300 [main] INFO  edu.bjut.boudia.myMain - meter_3664525633427746005:300,6487200,300
BruceChen 10:10:19.300 [main] INFO  edu.bjut.boudia.myMain - meter_2478578771226185363:regMsg,reg_backagg,reg_cc
BruceChen 10:10:19.300 [main] INFO  edu.bjut.boudia.myMain - meter_2478578771226185363:400,6986900,200
BruceChen 10:10:19.300 [main] INFO  edu.bjut.boudia.myMain - meter_1356028716408822811:regMsg,reg_backagg,reg_cc
BruceChen 10:10:19.300 [main] INFO  edu.bjut.boudia.myMain - meter_1356028716408822811:200,6599200,300
BruceChen 10:10:19.300 [main] INFO  edu.bjut.boudia.myMain - meter_4317089537066868587:regMsg,reg_backagg,reg_cc
BruceChen 10:10:19.300 [main] INFO  edu.bjut.boudia.myMain - meter_4317089537066868587:200,6402800,300
BruceChen 10:10:19.300 [main] INFO  edu.bjut.boudia.myMain - meter_3596715714827434861:regMsg,reg_backagg,reg_cc
BruceChen 10:10:19.300 [main] INFO  edu.bjut.boudia.myMain - meter_3596715714827434861:200,6540000,300
BruceChen 10:10:19.300 [main] INFO  edu.bjut.boudia.myMain - meter_4848189374080980013:regMsg,reg_backagg,reg_cc
BruceChen 10:10:19.300 [main] INFO  edu.bjut.boudia.myMain - meter_4848189374080980013:400,6338600,300
BruceChen 10:10:19.300 [main] INFO  edu.bjut.boudia.myMain - meter_7854658311809254679:regMsg,reg_backagg,reg_cc
BruceChen 10:10:19.300 [main] INFO  edu.bjut.boudia.myMain - meter_7854658311809254679:200,6575800,300
BruceChen 10:10:19.300 [main] INFO  edu.bjut.boudia.myMain - meter_3536969008320385153:regMsg,reg_backagg,reg_cc
BruceChen 10:10:19.300 [main] INFO  edu.bjut.boudia.myMain - meter_3536969008320385153:300,6534200,300
BruceChen 10:10:19.300 [main] INFO  edu.bjut.boudia.myMain - meter_1339720267015099897:regMsg,reg_backagg,reg_cc
BruceChen 10:10:19.300 [main] INFO  edu.bjut.boudia.myMain - meter_1339720267015099897:200,6356700,200
BruceChen 10:10:19.300 [main] INFO  edu.bjut.boudia.myMain - meter_2969289242823061345:regMsg,reg_backagg,reg_cc
BruceChen 10:10:19.300 [main] INFO  edu.bjut.boudia.myMain - meter_2969289242823061345:200,6398100,200
BruceChen 10:10:19.300 [main] INFO  edu.bjut.boudia.myMain - meter_7963010477341953113:regMsg,reg_backagg,reg_cc
BruceChen 10:10:19.300 [main] INFO  edu.bjut.boudia.myMain - meter_7963010477341953113:300,6541700,200
BruceChen 10:10:19.300 [main] INFO  edu.bjut.boudia.myMain - meter_7946925205125927703:regMsg,reg_backagg,reg_cc
BruceChen 10:10:19.300 [main] INFO  edu.bjut.boudia.myMain - meter_7946925205125927703:200,6529200,100
BruceChen 10:10:19.300 [main] INFO  edu.bjut.boudia.myMain - meter_3741994874031613261:regMsg,reg_backagg,reg_cc
BruceChen 10:10:19.300 [main] INFO  edu.bjut.boudia.myMain - meter_3741994874031613261:200,6553700,200
BruceChen 10:10:19.300 [main] INFO  edu.bjut.boudia.myMain - meter_5010086748464149925:regMsg,reg_backagg,reg_cc
BruceChen 10:10:19.300 [main] INFO  edu.bjut.boudia.myMain - meter_5010086748464149925:200,6489100,100
BruceChen 10:10:19.300 [main] INFO  edu.bjut.boudia.myMain - meter_8243458060426613619:regMsg,reg_backagg,reg_cc
BruceChen 10:10:19.300 [main] INFO  edu.bjut.boudia.myMain - meter_8243458060426613619:300,6452600,200
BruceChen 10:10:19.300 [main] INFO  edu.bjut.boudia.myMain - meter_4100346066873504225:regMsg,reg_backagg,reg_cc
BruceChen 10:10:19.300 [main] INFO  edu.bjut.boudia.myMain - meter_4100346066873504225:200,6368200,200
BruceChen 10:10:19.300 [main] INFO  edu.bjut.boudia.myMain - meter_6623095569796257859:regMsg,reg_backagg,reg_cc
BruceChen 10:10:19.300 [main] INFO  edu.bjut.boudia.myMain - meter_6623095569796257859:300,6413500,200
BruceChen 10:10:19.300 [main] INFO  edu.bjut.boudia.myMain - meter_4600242651362116171:regMsg,reg_backagg,reg_cc
BruceChen 10:10:19.300 [main] INFO  edu.bjut.boudia.myMain - meter_4600242651362116171:400,6394500,200
BruceChen 10:10:19.300 [main] INFO  edu.bjut.boudia.myMain - meter_984477804070883747:regMsg,reg_backagg,reg_cc
BruceChen 10:10:19.300 [main] INFO  edu.bjut.boudia.myMain - meter_984477804070883747:300,6340100,200
BruceChen 10:10:19.300 [main] INFO  edu.bjut.boudia.myMain - meter_965637584471139925:regMsg,reg_backagg,reg_cc
BruceChen 10:10:19.300 [main] INFO  edu.bjut.boudia.myMain - meter_965637584471139925:500,6415800,200
BruceChen 10:10:19.300 [main] INFO  edu.bjut.boudia.myMain - meter_3539140182055637263:regMsg,reg_backagg,reg_cc
BruceChen 10:10:19.300 [main] INFO  edu.bjut.boudia.myMain - meter_3539140182055637263:300,6414200,100
BruceChen 10:10:19.300 [main] INFO  edu.bjut.boudia.myMain - meter_7836468276328884141:regMsg,reg_backagg,reg_cc
BruceChen 10:10:19.300 [main] INFO  edu.bjut.boudia.myMain - meter_7836468276328884141:200,6490700,100
BruceChen 10:10:19.300 [main] INFO  edu.bjut.boudia.myMain - meter_5550418475045485481:regMsg,reg_backagg,reg_cc
BruceChen 10:10:19.300 [main] INFO  edu.bjut.boudia.myMain - meter_5550418475045485481:300,6558600,200
BruceChen 10:10:19.300 [main] INFO  edu.bjut.boudia.myMain - meter_3216833656840549847:regMsg,reg_backagg,reg_cc
BruceChen 10:10:19.300 [main] INFO  edu.bjut.boudia.myMain - meter_3216833656840549847:200,6500700,200
BruceChen 10:10:19.300 [main] INFO  edu.bjut.boudia.myMain - meter_2216073568697231023:regMsg,reg_backagg,reg_cc
BruceChen 10:10:19.300 [main] INFO  edu.bjut.boudia.myMain - meter_2216073568697231023:200,6352900,200
BruceChen 10:10:19.300 [main] INFO  edu.bjut.boudia.myMain - meter_4902279079082360177:regMsg,reg_backagg,reg_cc
BruceChen 10:10:19.300 [main] INFO  edu.bjut.boudia.myMain - meter_4902279079082360177:300,6458100,200
BruceChen 10:10:19.300 [main] INFO  edu.bjut.boudia.myMain - meter_2741797293420650787:regMsg,reg_backagg,reg_cc
BruceChen 10:10:19.300 [main] INFO  edu.bjut.boudia.myMain - meter_2741797293420650787:300,6520100,200
BruceChen 10:10:19.300 [main] INFO  edu.bjut.boudia.myMain - meter_2888200844512712529:regMsg,reg_backagg,reg_cc
BruceChen 10:10:19.300 [main] INFO  edu.bjut.boudia.myMain - meter_2888200844512712529:200,6617700,400
BruceChen 10:10:19.300 [main] INFO  edu.bjut.boudia.myMain - meter_2017127456876997945:regMsg,reg_backagg,reg_cc
BruceChen 10:10:19.300 [main] INFO  edu.bjut.boudia.myMain - meter_2017127456876997945:800,6629600,300
BruceChen 10:10:19.300 [main] INFO  edu.bjut.boudia.myMain - meter_4991235308914638915:regMsg,reg_backagg,reg_cc
BruceChen 10:10:19.300 [main] INFO  edu.bjut.boudia.myMain - meter_4991235308914638915:400,6526800,400
BruceChen 10:10:19.300 [main] INFO  edu.bjut.boudia.myMain - meter_5295348307925467065:regMsg,reg_backagg,reg_cc
BruceChen 10:10:19.300 [main] INFO  edu.bjut.boudia.myMain - meter_5295348307925467065:700,6474600,100
BruceChen 10:10:19.300 [main] INFO  edu.bjut.boudia.myMain - meter_7893029213056750735:regMsg,reg_backagg,reg_cc
BruceChen 10:10:19.300 [main] INFO  edu.bjut.boudia.myMain - meter_7893029213056750735:400,6447400,400
BruceChen 10:10:19.300 [main] INFO  edu.bjut.boudia.myMain - meter_8614833820799138373:regMsg,reg_backagg,reg_cc
BruceChen 10:10:19.300 [main] INFO  edu.bjut.boudia.myMain - meter_8614833820799138373:700,6606200,200
BruceChen 10:10:19.316 [main] INFO  edu.bjut.boudia.myMain - meter_7879341511913147987:regMsg,reg_backagg,reg_cc
BruceChen 10:10:19.316 [main] INFO  edu.bjut.boudia.myMain - meter_7879341511913147987:400,6546900,200
BruceChen 10:10:19.316 [main] INFO  edu.bjut.boudia.myMain - meter_1947667642878726345:regMsg,reg_backagg,reg_cc
BruceChen 10:10:19.316 [main] INFO  edu.bjut.boudia.myMain - meter_1947667642878726345:100,6502900,100
BruceChen 10:10:19.316 [main] INFO  edu.bjut.boudia.myMain - meter_3885507563915189647:regMsg,reg_backagg,reg_cc
BruceChen 10:10:19.316 [main] INFO  edu.bjut.boudia.myMain - meter_3885507563915189647:300,6638100,200
BruceChen 10:10:19.316 [main] INFO  edu.bjut.boudia.myMain - meter_675280224036263187:regMsg,reg_backagg,reg_cc
BruceChen 10:10:19.316 [main] INFO  edu.bjut.boudia.myMain - meter_675280224036263187:300,6555900,200
BruceChen 10:10:19.316 [main] INFO  edu.bjut.boudia.myMain - meter_4328862924748386881:regMsg,reg_backagg,reg_cc
BruceChen 10:10:19.316 [main] INFO  edu.bjut.boudia.myMain - meter_4328862924748386881:300,6614600,200
BruceChen 10:10:19.316 [main] INFO  edu.bjut.boudia.myMain - meter_3483098915805251041:regMsg,reg_backagg,reg_cc
BruceChen 10:10:19.316 [main] INFO  edu.bjut.boudia.myMain - meter_3483098915805251041:300,6615400,200
BruceChen 10:10:19.316 [main] INFO  edu.bjut.boudia.myMain - meter_4616676395588863197:regMsg,reg_backagg,reg_cc
BruceChen 10:10:19.316 [main] INFO  edu.bjut.boudia.myMain - meter_4616676395588863197:200,6539600,200
BruceChen 10:10:19.316 [main] INFO  edu.bjut.boudia.myMain - meter_7843914392381862227:regMsg,reg_backagg,reg_cc
BruceChen 10:10:19.316 [main] INFO  edu.bjut.boudia.myMain - meter_7843914392381862227:300,6569200,100
BruceChen 10:10:19.957 [main] INFO  edu.bjut.boudia.myMain - oneTimeMeterRepTime
BruceChen 10:10:21.659 [main] INFO  edu.bjut.boudia.myMain - server:repMsg
BruceChen 10:10:21.659 [main] INFO  edu.bjut.boudia.myMain - server:32126800
BruceChen 10:10:21.659 [main] INFO  edu.bjut.boudia.myMain - agg:repMsg
BruceChen 10:10:21.659 [main] INFO  edu.bjut.boudia.myMain - agg:351356000
BruceChen 10:10:21.659 [main] INFO  edu.bjut.boudia.myMain - meter_6400904706385485987:repMsg
BruceChen 10:10:21.659 [main] INFO  edu.bjut.boudia.myMain - meter_6400904706385485987:25847600
BruceChen 10:10:21.659 [main] INFO  edu.bjut.boudia.myMain - meter_6127394726834506911:repMsg
BruceChen 10:10:21.659 [main] INFO  edu.bjut.boudia.myMain - meter_6127394726834506911:25685100
BruceChen 10:10:21.659 [main] INFO  edu.bjut.boudia.myMain - meter_4607988432346168569:repMsg
BruceChen 10:10:21.659 [main] INFO  edu.bjut.boudia.myMain - meter_4607988432346168569:25529900
BruceChen 10:10:21.659 [main] INFO  edu.bjut.boudia.myMain - meter_1922882368156518075:repMsg
BruceChen 10:10:21.659 [main] INFO  edu.bjut.boudia.myMain - meter_1922882368156518075:25608700
BruceChen 10:10:21.659 [main] INFO  edu.bjut.boudia.myMain - meter_4308276356737163659:repMsg
BruceChen 10:10:21.659 [main] INFO  edu.bjut.boudia.myMain - meter_4308276356737163659:25490900
BruceChen 10:10:21.659 [main] INFO  edu.bjut.boudia.myMain - meter_7489866206852869983:repMsg
BruceChen 10:10:21.659 [main] INFO  edu.bjut.boudia.myMain - meter_7489866206852869983:26400800
BruceChen 10:10:21.659 [main] INFO  edu.bjut.boudia.myMain - meter_8620826897184079393:repMsg
BruceChen 10:10:21.659 [main] INFO  edu.bjut.boudia.myMain - meter_8620826897184079393:26363400
BruceChen 10:10:21.659 [main] INFO  edu.bjut.boudia.myMain - meter_3933113849093525381:repMsg
BruceChen 10:10:21.659 [main] INFO  edu.bjut.boudia.myMain - meter_3933113849093525381:26244700
BruceChen 10:10:21.659 [main] INFO  edu.bjut.boudia.myMain - meter_5588802334802475013:repMsg
BruceChen 10:10:21.659 [main] INFO  edu.bjut.boudia.myMain - meter_5588802334802475013:25793100
BruceChen 10:10:21.659 [main] INFO  edu.bjut.boudia.myMain - meter_3664525633427746005:repMsg
BruceChen 10:10:21.659 [main] INFO  edu.bjut.boudia.myMain - meter_3664525633427746005:25586900
BruceChen 10:10:21.659 [main] INFO  edu.bjut.boudia.myMain - meter_2478578771226185363:repMsg
BruceChen 10:10:21.659 [main] INFO  edu.bjut.boudia.myMain - meter_2478578771226185363:25477000
BruceChen 10:10:21.659 [main] INFO  edu.bjut.boudia.myMain - meter_1356028716408822811:repMsg
BruceChen 10:10:21.659 [main] INFO  edu.bjut.boudia.myMain - meter_1356028716408822811:26397700
BruceChen 10:10:21.659 [main] INFO  edu.bjut.boudia.myMain - meter_4317089537066868587:repMsg
BruceChen 10:10:21.659 [main] INFO  edu.bjut.boudia.myMain - meter_4317089537066868587:26156100
BruceChen 10:10:21.659 [main] INFO  edu.bjut.boudia.myMain - meter_3596715714827434861:repMsg
BruceChen 10:10:21.659 [main] INFO  edu.bjut.boudia.myMain - meter_3596715714827434861:26025500
BruceChen 10:10:21.659 [main] INFO  edu.bjut.boudia.myMain - meter_4848189374080980013:repMsg
BruceChen 10:10:21.659 [main] INFO  edu.bjut.boudia.myMain - meter_4848189374080980013:26338700
BruceChen 10:10:21.659 [main] INFO  edu.bjut.boudia.myMain - meter_7854658311809254679:repMsg
BruceChen 10:10:21.659 [main] INFO  edu.bjut.boudia.myMain - meter_7854658311809254679:26175600
BruceChen 10:10:21.659 [main] INFO  edu.bjut.boudia.myMain - meter_3536969008320385153:repMsg
BruceChen 10:10:21.659 [main] INFO  edu.bjut.boudia.myMain - meter_3536969008320385153:26467200
BruceChen 10:10:21.659 [main] INFO  edu.bjut.boudia.myMain - meter_1339720267015099897:repMsg
BruceChen 10:10:21.659 [main] INFO  edu.bjut.boudia.myMain - meter_1339720267015099897:26400500
BruceChen 10:10:21.659 [main] INFO  edu.bjut.boudia.myMain - meter_2969289242823061345:repMsg
BruceChen 10:10:21.659 [main] INFO  edu.bjut.boudia.myMain - meter_2969289242823061345:25897700
BruceChen 10:10:21.659 [main] INFO  edu.bjut.boudia.myMain - meter_7963010477341953113:repMsg
BruceChen 10:10:21.659 [main] INFO  edu.bjut.boudia.myMain - meter_7963010477341953113:25520100
BruceChen 10:10:21.659 [main] INFO  edu.bjut.boudia.myMain - meter_7946925205125927703:repMsg
BruceChen 10:10:21.659 [main] INFO  edu.bjut.boudia.myMain - meter_7946925205125927703:25560000
BruceChen 10:10:21.659 [main] INFO  edu.bjut.boudia.myMain - meter_3741994874031613261:repMsg
BruceChen 10:10:21.659 [main] INFO  edu.bjut.boudia.myMain - meter_3741994874031613261:25501200
BruceChen 10:10:21.659 [main] INFO  edu.bjut.boudia.myMain - meter_5010086748464149925:repMsg
BruceChen 10:10:21.659 [main] INFO  edu.bjut.boudia.myMain - meter_5010086748464149925:28287500
BruceChen 10:10:21.659 [main] INFO  edu.bjut.boudia.myMain - meter_8243458060426613619:repMsg
BruceChen 10:10:21.659 [main] INFO  edu.bjut.boudia.myMain - meter_8243458060426613619:26540300
BruceChen 10:10:21.659 [main] INFO  edu.bjut.boudia.myMain - meter_4100346066873504225:repMsg
BruceChen 10:10:21.659 [main] INFO  edu.bjut.boudia.myMain - meter_4100346066873504225:26482400
BruceChen 10:10:21.659 [main] INFO  edu.bjut.boudia.myMain - meter_6623095569796257859:repMsg
BruceChen 10:10:21.659 [main] INFO  edu.bjut.boudia.myMain - meter_6623095569796257859:25828600
BruceChen 10:10:21.659 [main] INFO  edu.bjut.boudia.myMain - meter_4600242651362116171:repMsg
BruceChen 10:10:21.659 [main] INFO  edu.bjut.boudia.myMain - meter_4600242651362116171:25472700
BruceChen 10:10:21.659 [main] INFO  edu.bjut.boudia.myMain - meter_984477804070883747:repMsg
BruceChen 10:10:21.659 [main] INFO  edu.bjut.boudia.myMain - meter_984477804070883747:25600100
BruceChen 10:10:21.659 [main] INFO  edu.bjut.boudia.myMain - meter_965637584471139925:repMsg
BruceChen 10:10:21.659 [main] INFO  edu.bjut.boudia.myMain - meter_965637584471139925:25705000
BruceChen 10:10:21.659 [main] INFO  edu.bjut.boudia.myMain - meter_3539140182055637263:repMsg
BruceChen 10:10:21.659 [main] INFO  edu.bjut.boudia.myMain - meter_3539140182055637263:25476500
BruceChen 10:10:21.659 [main] INFO  edu.bjut.boudia.myMain - meter_7836468276328884141:repMsg
BruceChen 10:10:21.659 [main] INFO  edu.bjut.boudia.myMain - meter_7836468276328884141:25764400
BruceChen 10:10:21.659 [main] INFO  edu.bjut.boudia.myMain - meter_5550418475045485481:repMsg
BruceChen 10:10:21.659 [main] INFO  edu.bjut.boudia.myMain - meter_5550418475045485481:46711400
BruceChen 10:10:21.659 [main] INFO  edu.bjut.boudia.myMain - meter_3216833656840549847:repMsg
BruceChen 10:10:21.659 [main] INFO  edu.bjut.boudia.myMain - meter_3216833656840549847:25727200
BruceChen 10:10:21.659 [main] INFO  edu.bjut.boudia.myMain - meter_2216073568697231023:repMsg
BruceChen 10:10:21.659 [main] INFO  edu.bjut.boudia.myMain - meter_2216073568697231023:25399200
BruceChen 10:10:21.659 [main] INFO  edu.bjut.boudia.myMain - meter_4902279079082360177:repMsg
BruceChen 10:10:21.659 [main] INFO  edu.bjut.boudia.myMain - meter_4902279079082360177:25320200
BruceChen 10:10:21.659 [main] INFO  edu.bjut.boudia.myMain - meter_2741797293420650787:repMsg
BruceChen 10:10:21.659 [main] INFO  edu.bjut.boudia.myMain - meter_2741797293420650787:25609200
BruceChen 10:10:21.659 [main] INFO  edu.bjut.boudia.myMain - meter_2888200844512712529:repMsg
BruceChen 10:10:21.659 [main] INFO  edu.bjut.boudia.myMain - meter_2888200844512712529:25502800
BruceChen 10:10:21.659 [main] INFO  edu.bjut.boudia.myMain - meter_2017127456876997945:repMsg
BruceChen 10:10:21.659 [main] INFO  edu.bjut.boudia.myMain - meter_2017127456876997945:25577800
BruceChen 10:10:21.659 [main] INFO  edu.bjut.boudia.myMain - meter_4991235308914638915:repMsg
BruceChen 10:10:21.659 [main] INFO  edu.bjut.boudia.myMain - meter_4991235308914638915:25734900
BruceChen 10:10:21.659 [main] INFO  edu.bjut.boudia.myMain - meter_5295348307925467065:repMsg
BruceChen 10:10:21.659 [main] INFO  edu.bjut.boudia.myMain - meter_5295348307925467065:25592900
BruceChen 10:10:21.659 [main] INFO  edu.bjut.boudia.myMain - meter_7893029213056750735:repMsg
BruceChen 10:10:21.659 [main] INFO  edu.bjut.boudia.myMain - meter_7893029213056750735:25610800
BruceChen 10:10:21.659 [main] INFO  edu.bjut.boudia.myMain - meter_8614833820799138373:repMsg
BruceChen 10:10:21.659 [main] INFO  edu.bjut.boudia.myMain - meter_8614833820799138373:25524300
BruceChen 10:10:21.659 [main] INFO  edu.bjut.boudia.myMain - meter_7879341511913147987:repMsg
BruceChen 10:10:21.659 [main] INFO  edu.bjut.boudia.myMain - meter_7879341511913147987:26034700
BruceChen 10:10:21.659 [main] INFO  edu.bjut.boudia.myMain - meter_1947667642878726345:repMsg
BruceChen 10:10:21.659 [main] INFO  edu.bjut.boudia.myMain - meter_1947667642878726345:25682000
BruceChen 10:10:21.659 [main] INFO  edu.bjut.boudia.myMain - meter_3885507563915189647:repMsg
BruceChen 10:10:21.659 [main] INFO  edu.bjut.boudia.myMain - meter_3885507563915189647:25610500
BruceChen 10:10:21.659 [main] INFO  edu.bjut.boudia.myMain - meter_675280224036263187:repMsg
BruceChen 10:10:21.659 [main] INFO  edu.bjut.boudia.myMain - meter_675280224036263187:25248400
BruceChen 10:10:21.659 [main] INFO  edu.bjut.boudia.myMain - meter_4328862924748386881:repMsg
BruceChen 10:10:21.659 [main] INFO  edu.bjut.boudia.myMain - meter_4328862924748386881:25612500
BruceChen 10:10:21.659 [main] INFO  edu.bjut.boudia.myMain - meter_3483098915805251041:repMsg
BruceChen 10:10:21.659 [main] INFO  edu.bjut.boudia.myMain - meter_3483098915805251041:26362600
BruceChen 10:10:21.659 [main] INFO  edu.bjut.boudia.myMain - meter_4616676395588863197:repMsg
BruceChen 10:10:21.659 [main] INFO  edu.bjut.boudia.myMain - meter_4616676395588863197:26468600
BruceChen 10:10:21.659 [main] INFO  edu.bjut.boudia.myMain - meter_7843914392381862227:repMsg
BruceChen 10:10:21.659 [main] INFO  edu.bjut.boudia.myMain - meter_7843914392381862227:26200300
BruceChen 10:10:24.169 [main] INFO  edu.bjut.boudia.myMain - oneTimeMeterRegTime
BruceChen 10:10:24.692 [main] INFO  edu.bjut.boudia.myMain - server:pubkey
BruceChen 10:10:24.692 [main] INFO  edu.bjut.boudia.myMain - server:1400
BruceChen 10:10:24.692 [main] INFO  edu.bjut.boudia.myMain - agg:regMsg,regMsg,regMsg,regMsg,regMsg,regMsg,regMsg,regMsg,regMsg,regMsg,regMsg,regMsg,regMsg,regMsg,regMsg,regMsg,regMsg,regMsg,regMsg,regMsg,regMsg,regMsg,regMsg,regMsg,regMsg,regMsg,regMsg,regMsg,regMsg,regMsg,regMsg,regMsg,regMsg,regMsg,regMsg,regMsg,regMsg,regMsg,regMsg,regMsg
BruceChen 10:10:24.692 [main] INFO  edu.bjut.boudia.myMain - agg:6614500,6584200,6609900,6626800,6611300,6725100,6418400,6435800,6403100,6406100,6429800,6418900,6411400,6424100,6417500,6509200,6647500,6602100,6596500,6602100,6417100,6427600,6410800,6447700,6413300,6446800,6401700,6428300,6443200,6404200,6410300,6408300,6438300,6416000,6388200,6400400,6425900,6418400,6467700,6643900
BruceChen 10:10:24.692 [main] INFO  edu.bjut.boudia.myMain - meter_1403126446760001605:regMsg,reg_backagg,reg_cc
BruceChen 10:10:24.692 [main] INFO  edu.bjut.boudia.myMain - meter_1403126446760001605:500,6497300,600
BruceChen 10:10:24.692 [main] INFO  edu.bjut.boudia.myMain - meter_4047307558661465331:regMsg,reg_backagg,reg_cc
BruceChen 10:10:24.692 [main] INFO  edu.bjut.boudia.myMain - meter_4047307558661465331:300,6619500,600
BruceChen 10:10:24.692 [main] INFO  edu.bjut.boudia.myMain - meter_1090541982015027887:regMsg,reg_backagg,reg_cc
BruceChen 10:10:24.692 [main] INFO  edu.bjut.boudia.myMain - meter_1090541982015027887:700,6516400,200
BruceChen 10:10:24.692 [main] INFO  edu.bjut.boudia.myMain - meter_6135920372666267215:regMsg,reg_backagg,reg_cc
BruceChen 10:10:24.692 [main] INFO  edu.bjut.boudia.myMain - meter_6135920372666267215:200,6627600,500
BruceChen 10:10:24.692 [main] INFO  edu.bjut.boudia.myMain - meter_1835920318391046197:regMsg,reg_backagg,reg_cc
BruceChen 10:10:24.692 [main] INFO  edu.bjut.boudia.myMain - meter_1835920318391046197:700,6470700,300
BruceChen 10:10:24.692 [main] INFO  edu.bjut.boudia.myMain - meter_8491714289926158863:regMsg,reg_backagg,reg_cc
BruceChen 10:10:24.692 [main] INFO  edu.bjut.boudia.myMain - meter_8491714289926158863:200,6387900,500
BruceChen 10:10:24.692 [main] INFO  edu.bjut.boudia.myMain - meter_1025638537033084343:regMsg,reg_backagg,reg_cc
BruceChen 10:10:24.692 [main] INFO  edu.bjut.boudia.myMain - meter_1025638537033084343:900,6350200,200
BruceChen 10:10:24.692 [main] INFO  edu.bjut.boudia.myMain - meter_912716465315981245:regMsg,reg_backagg,reg_cc
BruceChen 10:10:24.692 [main] INFO  edu.bjut.boudia.myMain - meter_912716465315981245:300,6331200,300
BruceChen 10:10:24.692 [main] INFO  edu.bjut.boudia.myMain - meter_6746038411618029451:regMsg,reg_backagg,reg_cc
BruceChen 10:10:24.692 [main] INFO  edu.bjut.boudia.myMain - meter_6746038411618029451:500,6424300,300
BruceChen 10:10:24.692 [main] INFO  edu.bjut.boudia.myMain - meter_9063779892694167117:regMsg,reg_backagg,reg_cc
BruceChen 10:10:24.692 [main] INFO  edu.bjut.boudia.myMain - meter_9063779892694167117:400,6335700,300
BruceChen 10:10:24.692 [main] INFO  edu.bjut.boudia.myMain - meter_3084180846149571525:regMsg,reg_backagg,reg_cc
BruceChen 10:10:24.693 [main] INFO  edu.bjut.boudia.myMain - meter_3084180846149571525:300,6344800,300
BruceChen 10:10:24.693 [main] INFO  edu.bjut.boudia.myMain - meter_6974847296430510519:regMsg,reg_backagg,reg_cc
BruceChen 10:10:24.693 [main] INFO  edu.bjut.boudia.myMain - meter_6974847296430510519:300,6373200,200
BruceChen 10:10:24.693 [main] INFO  edu.bjut.boudia.myMain - meter_4794065254585527601:regMsg,reg_backagg,reg_cc
BruceChen 10:10:24.693 [main] INFO  edu.bjut.boudia.myMain - meter_4794065254585527601:400,6397400,100
BruceChen 10:10:24.693 [main] INFO  edu.bjut.boudia.myMain - meter_6611332462870815637:regMsg,reg_backagg,reg_cc
BruceChen 10:10:24.693 [main] INFO  edu.bjut.boudia.myMain - meter_6611332462870815637:200,6334800,400
BruceChen 10:10:24.693 [main] INFO  edu.bjut.boudia.myMain - meter_3540569217686881631:regMsg,reg_backagg,reg_cc
BruceChen 10:10:24.693 [main] INFO  edu.bjut.boudia.myMain - meter_3540569217686881631:300,6326200,200
BruceChen 10:10:24.693 [main] INFO  edu.bjut.boudia.myMain - meter_5647428974906274873:regMsg,reg_backagg,reg_cc
BruceChen 10:10:24.693 [main] INFO  edu.bjut.boudia.myMain - meter_5647428974906274873:200,6545800,300
BruceChen 10:10:24.693 [main] INFO  edu.bjut.boudia.myMain - meter_3142486698442520017:regMsg,reg_backagg,reg_cc
BruceChen 10:10:24.693 [main] INFO  edu.bjut.boudia.myMain - meter_3142486698442520017:700,6567300,400
BruceChen 10:10:24.693 [main] INFO  edu.bjut.boudia.myMain - meter_2636857073572121821:regMsg,reg_backagg,reg_cc
BruceChen 10:10:24.693 [main] INFO  edu.bjut.boudia.myMain - meter_2636857073572121821:800,6596700,300
BruceChen 10:10:24.693 [main] INFO  edu.bjut.boudia.myMain - meter_9129564409627990015:regMsg,reg_backagg,reg_cc
BruceChen 10:10:24.693 [main] INFO  edu.bjut.boudia.myMain - meter_9129564409627990015:300,6552900,300
BruceChen 10:10:24.693 [main] INFO  edu.bjut.boudia.myMain - meter_2762001263123314645:regMsg,reg_backagg,reg_cc
BruceChen 10:10:24.693 [main] INFO  edu.bjut.boudia.myMain - meter_2762001263123314645:400,6481400,300
BruceChen 10:10:24.693 [main] INFO  edu.bjut.boudia.myMain - meter_8463569872688372623:regMsg,reg_backagg,reg_cc
BruceChen 10:10:24.693 [main] INFO  edu.bjut.boudia.myMain - meter_8463569872688372623:300,6242900,200
BruceChen 10:10:24.693 [main] INFO  edu.bjut.boudia.myMain - meter_2625426709024045815:regMsg,reg_backagg,reg_cc
BruceChen 10:10:24.693 [main] INFO  edu.bjut.boudia.myMain - meter_2625426709024045815:200,6282900,300
BruceChen 10:10:24.693 [main] INFO  edu.bjut.boudia.myMain - meter_8656187373029135807:regMsg,reg_backagg,reg_cc
BruceChen 10:10:24.693 [main] INFO  edu.bjut.boudia.myMain - meter_8656187373029135807:200,6388000,100
BruceChen 10:10:24.693 [main] INFO  edu.bjut.boudia.myMain - meter_7606934396029099053:regMsg,reg_backagg,reg_cc
BruceChen 10:10:24.693 [main] INFO  edu.bjut.boudia.myMain - meter_7606934396029099053:300,6373100,300
BruceChen 10:10:24.693 [main] INFO  edu.bjut.boudia.myMain - meter_8178791101357476985:regMsg,reg_backagg,reg_cc
BruceChen 10:10:24.693 [main] INFO  edu.bjut.boudia.myMain - meter_8178791101357476985:300,6387300,300
BruceChen 10:10:24.694 [main] INFO  edu.bjut.boudia.myMain - meter_4735487086901354243:regMsg,reg_backagg,reg_cc
BruceChen 10:10:24.694 [main] INFO  edu.bjut.boudia.myMain - meter_4735487086901354243:300,6357000,200
BruceChen 10:10:24.694 [main] INFO  edu.bjut.boudia.myMain - meter_1455623830223539901:regMsg,reg_backagg,reg_cc
BruceChen 10:10:24.694 [main] INFO  edu.bjut.boudia.myMain - meter_1455623830223539901:200,6372600,200
BruceChen 10:10:24.694 [main] INFO  edu.bjut.boudia.myMain - meter_543268547787824833:regMsg,reg_backagg,reg_cc
BruceChen 10:10:24.694 [main] INFO  edu.bjut.boudia.myMain - meter_543268547787824833:300,6322800,300
BruceChen 10:10:24.694 [main] INFO  edu.bjut.boudia.myMain - meter_634705496784637665:regMsg,reg_backagg,reg_cc
BruceChen 10:10:24.694 [main] INFO  edu.bjut.boudia.myMain - meter_634705496784637665:200,6389000,200
BruceChen 10:10:24.694 [main] INFO  edu.bjut.boudia.myMain - meter_6113085655518863459:regMsg,reg_backagg,reg_cc
BruceChen 10:10:24.694 [main] INFO  edu.bjut.boudia.myMain - meter_6113085655518863459:200,6219300,300
BruceChen 10:10:24.694 [main] INFO  edu.bjut.boudia.myMain - meter_7885975018165548179:regMsg,reg_backagg,reg_cc
BruceChen 10:10:24.694 [main] INFO  edu.bjut.boudia.myMain - meter_7885975018165548179:300,6341600,300
BruceChen 10:10:24.694 [main] INFO  edu.bjut.boudia.myMain - meter_1545285806390181453:regMsg,reg_backagg,reg_cc
BruceChen 10:10:24.694 [main] INFO  edu.bjut.boudia.myMain - meter_1545285806390181453:200,6284200,200
BruceChen 10:10:24.694 [main] INFO  edu.bjut.boudia.myMain - meter_3675565759421695381:regMsg,reg_backagg,reg_cc
BruceChen 10:10:24.694 [main] INFO  edu.bjut.boudia.myMain - meter_3675565759421695381:300,6346100,200
BruceChen 10:10:24.694 [main] INFO  edu.bjut.boudia.myMain - meter_5807370736592446417:regMsg,reg_backagg,reg_cc
BruceChen 10:10:24.694 [main] INFO  edu.bjut.boudia.myMain - meter_5807370736592446417:300,6374700,200
BruceChen 10:10:24.694 [main] INFO  edu.bjut.boudia.myMain - meter_929005938921380307:regMsg,reg_backagg,reg_cc
BruceChen 10:10:24.694 [main] INFO  edu.bjut.boudia.myMain - meter_929005938921380307:14600,6306800,300
BruceChen 10:10:24.694 [main] INFO  edu.bjut.boudia.myMain - meter_480708808238491537:regMsg,reg_backagg,reg_cc
BruceChen 10:10:24.694 [main] INFO  edu.bjut.boudia.myMain - meter_480708808238491537:600,6375400,500
BruceChen 10:10:24.694 [main] INFO  edu.bjut.boudia.myMain - meter_6688910574315666549:regMsg,reg_backagg,reg_cc
BruceChen 10:10:24.694 [main] INFO  edu.bjut.boudia.myMain - meter_6688910574315666549:8700,6366100,2200
BruceChen 10:10:24.694 [main] INFO  edu.bjut.boudia.myMain - meter_5028529405061334981:regMsg,reg_backagg,reg_cc
BruceChen 10:10:24.694 [main] INFO  edu.bjut.boudia.myMain - meter_5028529405061334981:100,6458900,0
BruceChen 10:10:24.694 [main] INFO  edu.bjut.boudia.myMain - meter_3269385117110500993:regMsg,reg_backagg,reg_cc
BruceChen 10:10:24.694 [main] INFO  edu.bjut.boudia.myMain - meter_3269385117110500993:0,6543400,100
BruceChen 10:10:24.694 [main] INFO  edu.bjut.boudia.myMain - meter_1514388718739733087:regMsg,reg_backagg,reg_cc
BruceChen 10:10:24.694 [main] INFO  edu.bjut.boudia.myMain - meter_1514388718739733087:100,6595100,100
BruceChen 10:10:25.211 [main] INFO  edu.bjut.boudia.myMain - oneTimeMeterRepTime
BruceChen 10:10:26.554 [main] INFO  edu.bjut.boudia.myMain - server:repMsg
BruceChen 10:10:26.554 [main] INFO  edu.bjut.boudia.myMain - server:32281300
BruceChen 10:10:26.554 [main] INFO  edu.bjut.boudia.myMain - agg:repMsg
BruceChen 10:10:26.554 [main] INFO  edu.bjut.boudia.myMain - agg:278546700
BruceChen 10:10:26.554 [main] INFO  edu.bjut.boudia.myMain - meter_1403126446760001605:repMsg
BruceChen 10:10:26.554 [main] INFO  edu.bjut.boudia.myMain - meter_1403126446760001605:26374400
BruceChen 10:10:26.554 [main] INFO  edu.bjut.boudia.myMain - meter_4047307558661465331:repMsg
BruceChen 10:10:26.554 [main] INFO  edu.bjut.boudia.myMain - meter_4047307558661465331:26240000
BruceChen 10:10:26.554 [main] INFO  edu.bjut.boudia.myMain - meter_1090541982015027887:repMsg
BruceChen 10:10:26.554 [main] INFO  edu.bjut.boudia.myMain - meter_1090541982015027887:25962500
BruceChen 10:10:26.554 [main] INFO  edu.bjut.boudia.myMain - meter_6135920372666267215:repMsg
BruceChen 10:10:26.554 [main] INFO  edu.bjut.boudia.myMain - meter_6135920372666267215:25717100
BruceChen 10:10:26.554 [main] INFO  edu.bjut.boudia.myMain - meter_1835920318391046197:repMsg
BruceChen 10:10:26.554 [main] INFO  edu.bjut.boudia.myMain - meter_1835920318391046197:25607200
BruceChen 10:10:26.554 [main] INFO  edu.bjut.boudia.myMain - meter_8491714289926158863:repMsg
BruceChen 10:10:26.554 [main] INFO  edu.bjut.boudia.myMain - meter_8491714289926158863:25724100
BruceChen 10:10:26.554 [main] INFO  edu.bjut.boudia.myMain - meter_1025638537033084343:repMsg
BruceChen 10:10:26.554 [main] INFO  edu.bjut.boudia.myMain - meter_1025638537033084343:25451100
BruceChen 10:10:26.554 [main] INFO  edu.bjut.boudia.myMain - meter_912716465315981245:repMsg
BruceChen 10:10:26.554 [main] INFO  edu.bjut.boudia.myMain - meter_912716465315981245:25461500
BruceChen 10:10:26.554 [main] INFO  edu.bjut.boudia.myMain - meter_6746038411618029451:repMsg
BruceChen 10:10:26.554 [main] INFO  edu.bjut.boudia.myMain - meter_6746038411618029451:25495500
BruceChen 10:10:26.554 [main] INFO  edu.bjut.boudia.myMain - meter_9063779892694167117:repMsg
BruceChen 10:10:26.554 [main] INFO  edu.bjut.boudia.myMain - meter_9063779892694167117:25675200
BruceChen 10:10:26.554 [main] INFO  edu.bjut.boudia.myMain - meter_3084180846149571525:repMsg
BruceChen 10:10:26.554 [main] INFO  edu.bjut.boudia.myMain - meter_3084180846149571525:25629500
BruceChen 10:10:26.554 [main] INFO  edu.bjut.boudia.myMain - meter_6974847296430510519:repMsg
BruceChen 10:10:26.554 [main] INFO  edu.bjut.boudia.myMain - meter_6974847296430510519:25630000
BruceChen 10:10:26.554 [main] INFO  edu.bjut.boudia.myMain - meter_4794065254585527601:repMsg
BruceChen 10:10:26.554 [main] INFO  edu.bjut.boudia.myMain - meter_4794065254585527601:25546200
BruceChen 10:10:26.554 [main] INFO  edu.bjut.boudia.myMain - meter_6611332462870815637:repMsg
BruceChen 10:10:26.554 [main] INFO  edu.bjut.boudia.myMain - meter_6611332462870815637:25098400
BruceChen 10:10:26.554 [main] INFO  edu.bjut.boudia.myMain - meter_3540569217686881631:repMsg
BruceChen 10:10:26.554 [main] INFO  edu.bjut.boudia.myMain - meter_3540569217686881631:27138200
BruceChen 10:10:26.554 [main] INFO  edu.bjut.boudia.myMain - meter_5647428974906274873:repMsg
BruceChen 10:10:26.554 [main] INFO  edu.bjut.boudia.myMain - meter_5647428974906274873:27057200
BruceChen 10:10:26.554 [main] INFO  edu.bjut.boudia.myMain - meter_3142486698442520017:repMsg
BruceChen 10:10:26.554 [main] INFO  edu.bjut.boudia.myMain - meter_3142486698442520017:26283100
BruceChen 10:10:26.554 [main] INFO  edu.bjut.boudia.myMain - meter_2636857073572121821:repMsg
BruceChen 10:10:26.554 [main] INFO  edu.bjut.boudia.myMain - meter_2636857073572121821:25988100
BruceChen 10:10:26.554 [main] INFO  edu.bjut.boudia.myMain - meter_9129564409627990015:repMsg
BruceChen 10:10:26.554 [main] INFO  edu.bjut.boudia.myMain - meter_9129564409627990015:25588400
BruceChen 10:10:26.554 [main] INFO  edu.bjut.boudia.myMain - meter_2762001263123314645:repMsg
BruceChen 10:10:26.554 [main] INFO  edu.bjut.boudia.myMain - meter_2762001263123314645:25572100
BruceChen 10:10:26.554 [main] INFO  edu.bjut.boudia.myMain - meter_8463569872688372623:repMsg
BruceChen 10:10:26.554 [main] INFO  edu.bjut.boudia.myMain - meter_8463569872688372623:25749400
BruceChen 10:10:26.554 [main] INFO  edu.bjut.boudia.myMain - meter_2625426709024045815:repMsg
BruceChen 10:10:26.554 [main] INFO  edu.bjut.boudia.myMain - meter_2625426709024045815:25690500
BruceChen 10:10:26.554 [main] INFO  edu.bjut.boudia.myMain - meter_8656187373029135807:repMsg
BruceChen 10:10:26.554 [main] INFO  edu.bjut.boudia.myMain - meter_8656187373029135807:25621900
BruceChen 10:10:26.554 [main] INFO  edu.bjut.boudia.myMain - meter_7606934396029099053:repMsg
BruceChen 10:10:26.554 [main] INFO  edu.bjut.boudia.myMain - meter_7606934396029099053:25538700
BruceChen 10:10:26.554 [main] INFO  edu.bjut.boudia.myMain - meter_8178791101357476985:repMsg
BruceChen 10:10:26.554 [main] INFO  edu.bjut.boudia.myMain - meter_8178791101357476985:25780800
BruceChen 10:10:26.554 [main] INFO  edu.bjut.boudia.myMain - meter_4735487086901354243:repMsg
BruceChen 10:10:26.554 [main] INFO  edu.bjut.boudia.myMain - meter_4735487086901354243:25811200
BruceChen 10:10:26.554 [main] INFO  edu.bjut.boudia.myMain - meter_1455623830223539901:repMsg
BruceChen 10:10:26.554 [main] INFO  edu.bjut.boudia.myMain - meter_1455623830223539901:25678900
BruceChen 10:10:26.554 [main] INFO  edu.bjut.boudia.myMain - meter_543268547787824833:repMsg
BruceChen 10:10:26.554 [main] INFO  edu.bjut.boudia.myMain - meter_543268547787824833:26111700
BruceChen 10:10:26.554 [main] INFO  edu.bjut.boudia.myMain - meter_634705496784637665:repMsg
BruceChen 10:10:26.554 [main] INFO  edu.bjut.boudia.myMain - meter_634705496784637665:26171700
BruceChen 10:10:26.554 [main] INFO  edu.bjut.boudia.myMain - meter_6113085655518863459:repMsg
BruceChen 10:10:26.554 [main] INFO  edu.bjut.boudia.myMain - meter_6113085655518863459:25471200
BruceChen 10:10:26.554 [main] INFO  edu.bjut.boudia.myMain - meter_7885975018165548179:repMsg
BruceChen 10:10:26.554 [main] INFO  edu.bjut.boudia.myMain - meter_7885975018165548179:25477800
BruceChen 10:10:26.554 [main] INFO  edu.bjut.boudia.myMain - meter_1545285806390181453:repMsg
BruceChen 10:10:26.554 [main] INFO  edu.bjut.boudia.myMain - meter_1545285806390181453:25574200
BruceChen 10:10:26.554 [main] INFO  edu.bjut.boudia.myMain - meter_3675565759421695381:repMsg
BruceChen 10:10:26.554 [main] INFO  edu.bjut.boudia.myMain - meter_3675565759421695381:26219400
BruceChen 10:10:26.554 [main] INFO  edu.bjut.boudia.myMain - meter_5807370736592446417:repMsg
BruceChen 10:10:26.554 [main] INFO  edu.bjut.boudia.myMain - meter_5807370736592446417:26641100
BruceChen 10:10:26.554 [main] INFO  edu.bjut.boudia.myMain - meter_929005938921380307:repMsg
BruceChen 10:10:26.554 [main] INFO  edu.bjut.boudia.myMain - meter_929005938921380307:26235100
BruceChen 10:10:26.554 [main] INFO  edu.bjut.boudia.myMain - meter_480708808238491537:repMsg
BruceChen 10:10:26.554 [main] INFO  edu.bjut.boudia.myMain - meter_480708808238491537:26765500
BruceChen 10:10:26.554 [main] INFO  edu.bjut.boudia.myMain - meter_6688910574315666549:repMsg
BruceChen 10:10:26.554 [main] INFO  edu.bjut.boudia.myMain - meter_6688910574315666549:25592200
BruceChen 10:10:26.554 [main] INFO  edu.bjut.boudia.myMain - meter_5028529405061334981:repMsg
BruceChen 10:10:26.554 [main] INFO  edu.bjut.boudia.myMain - meter_5028529405061334981:25436200
BruceChen 10:10:26.554 [main] INFO  edu.bjut.boudia.myMain - meter_3269385117110500993:repMsg
BruceChen 10:10:26.554 [main] INFO  edu.bjut.boudia.myMain - meter_3269385117110500993:25584400
BruceChen 10:10:26.554 [main] INFO  edu.bjut.boudia.myMain - meter_1514388718739733087:repMsg
BruceChen 10:10:26.554 [main] INFO  edu.bjut.boudia.myMain - meter_1514388718739733087:25426400
BruceChen 10:10:28.335 [main] INFO  edu.bjut.boudia.myMain - oneTimeMeterRegTime
BruceChen 10:10:28.719 [main] INFO  edu.bjut.boudia.myMain - server:pubkey
BruceChen 10:10:28.719 [main] INFO  edu.bjut.boudia.myMain - server:1100
BruceChen 10:10:28.719 [main] INFO  edu.bjut.boudia.myMain - agg:regMsg,regMsg,regMsg,regMsg,regMsg,regMsg,regMsg,regMsg,regMsg,regMsg,regMsg,regMsg,regMsg,regMsg,regMsg,regMsg,regMsg,regMsg,regMsg,regMsg,regMsg,regMsg,regMsg,regMsg,regMsg,regMsg,regMsg,regMsg,regMsg,regMsg
BruceChen 10:10:28.719 [main] INFO  edu.bjut.boudia.myMain - agg:6473600,6429500,6417500,6427500,6418100,6434100,6423600,6425000,6504800,6451000,6417000,6445900,6429800,6435400,6423700,6428000,6433900,6404100,6420800,6424700,6422900,6490800,6445300,6435600,6410500,6613800,6456900,6423100,6422300,6407600
BruceChen 10:10:28.719 [main] INFO  edu.bjut.boudia.myMain - meter_1346978460373716559:regMsg,reg_backagg,reg_cc
BruceChen 10:10:28.719 [main] INFO  edu.bjut.boudia.myMain - meter_1346978460373716559:100,6405000,0
BruceChen 10:10:28.719 [main] INFO  edu.bjut.boudia.myMain - meter_1390692174535324789:regMsg,reg_backagg,reg_cc
BruceChen 10:10:28.719 [main] INFO  edu.bjut.boudia.myMain - meter_1390692174535324789:100,6457100,100
BruceChen 10:10:28.719 [main] INFO  edu.bjut.boudia.myMain - meter_863313404378173205:regMsg,reg_backagg,reg_cc
BruceChen 10:10:28.719 [main] INFO  edu.bjut.boudia.myMain - meter_863313404378173205:100,6406100,100
BruceChen 10:10:28.719 [main] INFO  edu.bjut.boudia.myMain - meter_7607968567783561063:regMsg,reg_backagg,reg_cc
BruceChen 10:10:28.719 [main] INFO  edu.bjut.boudia.myMain - meter_7607968567783561063:100,6328500,0
BruceChen 10:10:28.719 [main] INFO  edu.bjut.boudia.myMain - meter_283457252020077527:regMsg,reg_backagg,reg_cc
BruceChen 10:10:28.719 [main] INFO  edu.bjut.boudia.myMain - meter_283457252020077527:100,6402900,100
BruceChen 10:10:28.719 [main] INFO  edu.bjut.boudia.myMain - meter_4446380664205345439:regMsg,reg_backagg,reg_cc
BruceChen 10:10:28.719 [main] INFO  edu.bjut.boudia.myMain - meter_4446380664205345439:100,6346100,0
BruceChen 10:10:28.735 [main] INFO  edu.bjut.boudia.myMain - meter_3960940385199383059:regMsg,reg_backagg,reg_cc
BruceChen 10:10:28.735 [main] INFO  edu.bjut.boudia.myMain - meter_3960940385199383059:100,6480700,0
BruceChen 10:10:28.735 [main] INFO  edu.bjut.boudia.myMain - meter_3029752796601605271:regMsg,reg_backagg,reg_cc
BruceChen 10:10:28.735 [main] INFO  edu.bjut.boudia.myMain - meter_3029752796601605271:100,6360700,100
BruceChen 10:10:28.735 [main] INFO  edu.bjut.boudia.myMain - meter_5842564101834409643:regMsg,reg_backagg,reg_cc
BruceChen 10:10:28.735 [main] INFO  edu.bjut.boudia.myMain - meter_5842564101834409643:100,6402300,100
BruceChen 10:10:28.735 [main] INFO  edu.bjut.boudia.myMain - meter_8275627871488976347:regMsg,reg_backagg,reg_cc
BruceChen 10:10:28.735 [main] INFO  edu.bjut.boudia.myMain - meter_8275627871488976347:0,6399800,100
BruceChen 10:10:28.735 [main] INFO  edu.bjut.boudia.myMain - meter_5374209690860035931:regMsg,reg_backagg,reg_cc
BruceChen 10:10:28.735 [main] INFO  edu.bjut.boudia.myMain - meter_5374209690860035931:100,6442100,100
BruceChen 10:10:28.735 [main] INFO  edu.bjut.boudia.myMain - meter_7253927608795612223:regMsg,reg_backagg,reg_cc
BruceChen 10:10:28.735 [main] INFO  edu.bjut.boudia.myMain - meter_7253927608795612223:0,6330600,100
BruceChen 10:10:28.735 [main] INFO  edu.bjut.boudia.myMain - meter_5483667506246083171:regMsg,reg_backagg,reg_cc
BruceChen 10:10:28.735 [main] INFO  edu.bjut.boudia.myMain - meter_5483667506246083171:0,6338000,100
BruceChen 10:10:28.735 [main] INFO  edu.bjut.boudia.myMain - meter_8135016793332175221:regMsg,reg_backagg,reg_cc
BruceChen 10:10:28.735 [main] INFO  edu.bjut.boudia.myMain - meter_8135016793332175221:100,6364100,100
BruceChen 10:10:28.735 [main] INFO  edu.bjut.boudia.myMain - meter_8354308696937665671:regMsg,reg_backagg,reg_cc
BruceChen 10:10:28.735 [main] INFO  edu.bjut.boudia.myMain - meter_8354308696937665671:0,6416600,100
BruceChen 10:10:28.735 [main] INFO  edu.bjut.boudia.myMain - meter_7850261049133492689:regMsg,reg_backagg,reg_cc
BruceChen 10:10:28.735 [main] INFO  edu.bjut.boudia.myMain - meter_7850261049133492689:100,6435100,0
BruceChen 10:10:28.735 [main] INFO  edu.bjut.boudia.myMain - meter_3367461111609027739:regMsg,reg_backagg,reg_cc
BruceChen 10:10:28.735 [main] INFO  edu.bjut.boudia.myMain - meter_3367461111609027739:100,6277100,100
BruceChen 10:10:28.735 [main] INFO  edu.bjut.boudia.myMain - meter_6265954748192968841:regMsg,reg_backagg,reg_cc
BruceChen 10:10:28.735 [main] INFO  edu.bjut.boudia.myMain - meter_6265954748192968841:0,6431400,0
BruceChen 10:10:28.735 [main] INFO  edu.bjut.boudia.myMain - meter_4614483115965586351:regMsg,reg_backagg,reg_cc
BruceChen 10:10:28.735 [main] INFO  edu.bjut.boudia.myMain - meter_4614483115965586351:100,6381600,100
BruceChen 10:10:28.735 [main] INFO  edu.bjut.boudia.myMain - meter_1764134092592546655:regMsg,reg_backagg,reg_cc
BruceChen 10:10:28.735 [main] INFO  edu.bjut.boudia.myMain - meter_1764134092592546655:0,6311300,100
BruceChen 10:10:28.735 [main] INFO  edu.bjut.boudia.myMain - meter_1299753913930687957:regMsg,reg_backagg,reg_cc
BruceChen 10:10:28.735 [main] INFO  edu.bjut.boudia.myMain - meter_1299753913930687957:0,6338300,0
BruceChen 10:10:28.735 [main] INFO  edu.bjut.boudia.myMain - meter_1552574151266272585:regMsg,reg_backagg,reg_cc
BruceChen 10:10:28.735 [main] INFO  edu.bjut.boudia.myMain - meter_1552574151266272585:0,6434700,0
BruceChen 10:10:28.735 [main] INFO  edu.bjut.boudia.myMain - meter_7786017011651438167:regMsg,reg_backagg,reg_cc
BruceChen 10:10:28.735 [main] INFO  edu.bjut.boudia.myMain - meter_7786017011651438167:0,6460100,0
BruceChen 10:10:28.735 [main] INFO  edu.bjut.boudia.myMain - meter_6795297218675910339:regMsg,reg_backagg,reg_cc
BruceChen 10:10:28.735 [main] INFO  edu.bjut.boudia.myMain - meter_6795297218675910339:0,6451800,100
BruceChen 10:10:28.735 [main] INFO  edu.bjut.boudia.myMain - meter_5012378261172120785:regMsg,reg_backagg,reg_cc
BruceChen 10:10:28.735 [main] INFO  edu.bjut.boudia.myMain - meter_5012378261172120785:100,6330600,0
BruceChen 10:10:28.735 [main] INFO  edu.bjut.boudia.myMain - meter_4213583090859314469:regMsg,reg_backagg,reg_cc
BruceChen 10:10:28.735 [main] INFO  edu.bjut.boudia.myMain - meter_4213583090859314469:0,6437000,0
BruceChen 10:10:28.735 [main] INFO  edu.bjut.boudia.myMain - meter_3449270905256183865:regMsg,reg_backagg,reg_cc
BruceChen 10:10:28.735 [main] INFO  edu.bjut.boudia.myMain - meter_3449270905256183865:100,6402300,0
BruceChen 10:10:28.735 [main] INFO  edu.bjut.boudia.myMain - meter_3851252563251191085:regMsg,reg_backagg,reg_cc
BruceChen 10:10:28.735 [main] INFO  edu.bjut.boudia.myMain - meter_3851252563251191085:0,6374900,0
BruceChen 10:10:28.735 [main] INFO  edu.bjut.boudia.myMain - meter_4150546198157814159:regMsg,reg_backagg,reg_cc
BruceChen 10:10:28.735 [main] INFO  edu.bjut.boudia.myMain - meter_4150546198157814159:0,6355400,0
BruceChen 10:10:28.735 [main] INFO  edu.bjut.boudia.myMain - meter_6414077118150122731:regMsg,reg_backagg,reg_cc
BruceChen 10:10:28.735 [main] INFO  edu.bjut.boudia.myMain - meter_6414077118150122731:100,7312900,0
BruceChen 10:10:29.110 [main] INFO  edu.bjut.boudia.myMain - oneTimeMeterRepTime
BruceChen 10:10:30.125 [main] INFO  edu.bjut.boudia.myMain - server:repMsg
BruceChen 10:10:30.125 [main] INFO  edu.bjut.boudia.myMain - server:32946500
BruceChen 10:10:30.125 [main] INFO  edu.bjut.boudia.myMain - agg:repMsg
BruceChen 10:10:30.125 [main] INFO  edu.bjut.boudia.myMain - agg:209905200
BruceChen 10:10:30.125 [main] INFO  edu.bjut.boudia.myMain - meter_1346978460373716559:repMsg
BruceChen 10:10:30.125 [main] INFO  edu.bjut.boudia.myMain - meter_1346978460373716559:26099000
BruceChen 10:10:30.125 [main] INFO  edu.bjut.boudia.myMain - meter_1390692174535324789:repMsg
BruceChen 10:10:30.125 [main] INFO  edu.bjut.boudia.myMain - meter_1390692174535324789:25579500
BruceChen 10:10:30.125 [main] INFO  edu.bjut.boudia.myMain - meter_863313404378173205:repMsg
BruceChen 10:10:30.125 [main] INFO  edu.bjut.boudia.myMain - meter_863313404378173205:25253900
BruceChen 10:10:30.125 [main] INFO  edu.bjut.boudia.myMain - meter_7607968567783561063:repMsg
BruceChen 10:10:30.125 [main] INFO  edu.bjut.boudia.myMain - meter_7607968567783561063:26276700
BruceChen 10:10:30.125 [main] INFO  edu.bjut.boudia.myMain - meter_283457252020077527:repMsg
BruceChen 10:10:30.125 [main] INFO  edu.bjut.boudia.myMain - meter_283457252020077527:25749300
BruceChen 10:10:30.125 [main] INFO  edu.bjut.boudia.myMain - meter_4446380664205345439:repMsg
BruceChen 10:10:30.125 [main] INFO  edu.bjut.boudia.myMain - meter_4446380664205345439:25884500
BruceChen 10:10:30.125 [main] INFO  edu.bjut.boudia.myMain - meter_3960940385199383059:repMsg
BruceChen 10:10:30.125 [main] INFO  edu.bjut.boudia.myMain - meter_3960940385199383059:26009000
BruceChen 10:10:30.125 [main] INFO  edu.bjut.boudia.myMain - meter_3029752796601605271:repMsg
BruceChen 10:10:30.125 [main] INFO  edu.bjut.boudia.myMain - meter_3029752796601605271:25683700
BruceChen 10:10:30.125 [main] INFO  edu.bjut.boudia.myMain - meter_5842564101834409643:repMsg
BruceChen 10:10:30.125 [main] INFO  edu.bjut.boudia.myMain - meter_5842564101834409643:25607400
BruceChen 10:10:30.125 [main] INFO  edu.bjut.boudia.myMain - meter_8275627871488976347:repMsg
BruceChen 10:10:30.125 [main] INFO  edu.bjut.boudia.myMain - meter_8275627871488976347:25576700
BruceChen 10:10:30.125 [main] INFO  edu.bjut.boudia.myMain - meter_5374209690860035931:repMsg
BruceChen 10:10:30.125 [main] INFO  edu.bjut.boudia.myMain - meter_5374209690860035931:25741800
BruceChen 10:10:30.125 [main] INFO  edu.bjut.boudia.myMain - meter_7253927608795612223:repMsg
BruceChen 10:10:30.125 [main] INFO  edu.bjut.boudia.myMain - meter_7253927608795612223:25480300
BruceChen 10:10:30.125 [main] INFO  edu.bjut.boudia.myMain - meter_5483667506246083171:repMsg
BruceChen 10:10:30.125 [main] INFO  edu.bjut.boudia.myMain - meter_5483667506246083171:26576800
BruceChen 10:10:30.125 [main] INFO  edu.bjut.boudia.myMain - meter_8135016793332175221:repMsg
BruceChen 10:10:30.125 [main] INFO  edu.bjut.boudia.myMain - meter_8135016793332175221:25747800
BruceChen 10:10:30.125 [main] INFO  edu.bjut.boudia.myMain - meter_8354308696937665671:repMsg
BruceChen 10:10:30.125 [main] INFO  edu.bjut.boudia.myMain - meter_8354308696937665671:25662000
BruceChen 10:10:30.125 [main] INFO  edu.bjut.boudia.myMain - meter_7850261049133492689:repMsg
BruceChen 10:10:30.125 [main] INFO  edu.bjut.boudia.myMain - meter_7850261049133492689:25781500
BruceChen 10:10:30.125 [main] INFO  edu.bjut.boudia.myMain - meter_3367461111609027739:repMsg
BruceChen 10:10:30.125 [main] INFO  edu.bjut.boudia.myMain - meter_3367461111609027739:25648300
BruceChen 10:10:30.125 [main] INFO  edu.bjut.boudia.myMain - meter_6265954748192968841:repMsg
BruceChen 10:10:30.125 [main] INFO  edu.bjut.boudia.myMain - meter_6265954748192968841:25180100
BruceChen 10:10:30.125 [main] INFO  edu.bjut.boudia.myMain - meter_4614483115965586351:repMsg
BruceChen 10:10:30.125 [main] INFO  edu.bjut.boudia.myMain - meter_4614483115965586351:26367800
BruceChen 10:10:30.125 [main] INFO  edu.bjut.boudia.myMain - meter_1764134092592546655:repMsg
BruceChen 10:10:30.125 [main] INFO  edu.bjut.boudia.myMain - meter_1764134092592546655:26119100
BruceChen 10:10:30.125 [main] INFO  edu.bjut.boudia.myMain - meter_1299753913930687957:repMsg
BruceChen 10:10:30.125 [main] INFO  edu.bjut.boudia.myMain - meter_1299753913930687957:25556900
BruceChen 10:10:30.125 [main] INFO  edu.bjut.boudia.myMain - meter_1552574151266272585:repMsg
BruceChen 10:10:30.125 [main] INFO  edu.bjut.boudia.myMain - meter_1552574151266272585:25637700
BruceChen 10:10:30.125 [main] INFO  edu.bjut.boudia.myMain - meter_7786017011651438167:repMsg
BruceChen 10:10:30.125 [main] INFO  edu.bjut.boudia.myMain - meter_7786017011651438167:25592500
BruceChen 10:10:30.125 [main] INFO  edu.bjut.boudia.myMain - meter_6795297218675910339:repMsg
BruceChen 10:10:30.125 [main] INFO  edu.bjut.boudia.myMain - meter_6795297218675910339:25470400
BruceChen 10:10:30.125 [main] INFO  edu.bjut.boudia.myMain - meter_5012378261172120785:repMsg
BruceChen 10:10:30.125 [main] INFO  edu.bjut.boudia.myMain - meter_5012378261172120785:25587400
BruceChen 10:10:30.125 [main] INFO  edu.bjut.boudia.myMain - meter_4213583090859314469:repMsg
BruceChen 10:10:30.125 [main] INFO  edu.bjut.boudia.myMain - meter_4213583090859314469:25360900
BruceChen 10:10:30.125 [main] INFO  edu.bjut.boudia.myMain - meter_3449270905256183865:repMsg
BruceChen 10:10:30.125 [main] INFO  edu.bjut.boudia.myMain - meter_3449270905256183865:25391400
BruceChen 10:10:30.125 [main] INFO  edu.bjut.boudia.myMain - meter_3851252563251191085:repMsg
BruceChen 10:10:30.125 [main] INFO  edu.bjut.boudia.myMain - meter_3851252563251191085:25450500
BruceChen 10:10:30.125 [main] INFO  edu.bjut.boudia.myMain - meter_4150546198157814159:repMsg
BruceChen 10:10:30.125 [main] INFO  edu.bjut.boudia.myMain - meter_4150546198157814159:25585500
BruceChen 10:10:30.125 [main] INFO  edu.bjut.boudia.myMain - meter_6414077118150122731:repMsg
BruceChen 10:10:30.125 [main] INFO  edu.bjut.boudia.myMain - meter_6414077118150122731:25465900
BruceChen 10:10:31.266 [main] INFO  edu.bjut.boudia.myMain - oneTimeMeterRegTime
BruceChen 10:10:31.515 [main] INFO  edu.bjut.boudia.myMain - server:pubkey
BruceChen 10:10:31.515 [main] INFO  edu.bjut.boudia.myMain - server:1100
BruceChen 10:10:31.515 [main] INFO  edu.bjut.boudia.myMain - agg:regMsg,regMsg,regMsg,regMsg,regMsg,regMsg,regMsg,regMsg,regMsg,regMsg,regMsg,regMsg,regMsg,regMsg,regMsg,regMsg,regMsg,regMsg,regMsg,regMsg
BruceChen 10:10:31.515 [main] INFO  edu.bjut.boudia.myMain - agg:6449000,6406000,6435000,6443000,6394800,6424700,6414900,6432300,6456100,6442500,6419700,6443700,6419300,6426400,6436000,6414800,7534300,6426300,6413400,6429900
BruceChen 10:10:31.515 [main] INFO  edu.bjut.boudia.myMain - meter_2054783156441376367:regMsg,reg_backagg,reg_cc
BruceChen 10:10:31.515 [main] INFO  edu.bjut.boudia.myMain - meter_2054783156441376367:400,6425800,100
BruceChen 10:10:31.515 [main] INFO  edu.bjut.boudia.myMain - meter_8535188271022651227:regMsg,reg_backagg,reg_cc
BruceChen 10:10:31.515 [main] INFO  edu.bjut.boudia.myMain - meter_8535188271022651227:0,6353700,100
BruceChen 10:10:31.515 [main] INFO  edu.bjut.boudia.myMain - meter_4020636168462897231:regMsg,reg_backagg,reg_cc
BruceChen 10:10:31.515 [main] INFO  edu.bjut.boudia.myMain - meter_4020636168462897231:0,6409100,100
BruceChen 10:10:31.515 [main] INFO  edu.bjut.boudia.myMain - meter_491463417177621179:regMsg,reg_backagg,reg_cc
BruceChen 10:10:31.515 [main] INFO  edu.bjut.boudia.myMain - meter_491463417177621179:0,6352800,100
BruceChen 10:10:31.515 [main] INFO  edu.bjut.boudia.myMain - meter_1502264661717071385:regMsg,reg_backagg,reg_cc
BruceChen 10:10:31.515 [main] INFO  edu.bjut.boudia.myMain - meter_1502264661717071385:100,6264900,100
BruceChen 10:10:31.515 [main] INFO  edu.bjut.boudia.myMain - meter_7429592227211027469:regMsg,reg_backagg,reg_cc
BruceChen 10:10:31.515 [main] INFO  edu.bjut.boudia.myMain - meter_7429592227211027469:0,6350200,100
BruceChen 10:10:31.515 [main] INFO  edu.bjut.boudia.myMain - meter_9044102374978945973:regMsg,reg_backagg,reg_cc
BruceChen 10:10:31.515 [main] INFO  edu.bjut.boudia.myMain - meter_9044102374978945973:100,6378900,100
BruceChen 10:10:31.515 [main] INFO  edu.bjut.boudia.myMain - meter_1884040993328389261:regMsg,reg_backagg,reg_cc
BruceChen 10:10:31.515 [main] INFO  edu.bjut.boudia.myMain - meter_1884040993328389261:100,6351900,100
BruceChen 10:10:31.515 [main] INFO  edu.bjut.boudia.myMain - meter_8062471859741573769:regMsg,reg_backagg,reg_cc
BruceChen 10:10:31.515 [main] INFO  edu.bjut.boudia.myMain - meter_8062471859741573769:0,6409800,0
BruceChen 10:10:31.515 [main] INFO  edu.bjut.boudia.myMain - meter_3365621571073107859:regMsg,reg_backagg,reg_cc
BruceChen 10:10:31.515 [main] INFO  edu.bjut.boudia.myMain - meter_3365621571073107859:100,6429700,100
BruceChen 10:10:31.515 [main] INFO  edu.bjut.boudia.myMain - meter_2942073534660143833:regMsg,reg_backagg,reg_cc
BruceChen 10:10:31.515 [main] INFO  edu.bjut.boudia.myMain - meter_2942073534660143833:0,6421100,100
BruceChen 10:10:31.515 [main] INFO  edu.bjut.boudia.myMain - meter_1402097204921227989:regMsg,reg_backagg,reg_cc
BruceChen 10:10:31.515 [main] INFO  edu.bjut.boudia.myMain - meter_1402097204921227989:0,6346400,100
BruceChen 10:10:31.515 [main] INFO  edu.bjut.boudia.myMain - meter_2591690356895891247:regMsg,reg_backagg,reg_cc
BruceChen 10:10:31.515 [main] INFO  edu.bjut.boudia.myMain - meter_2591690356895891247:100,6355700,100
BruceChen 10:10:31.515 [main] INFO  edu.bjut.boudia.myMain - meter_4721094460368728469:regMsg,reg_backagg,reg_cc
BruceChen 10:10:31.515 [main] INFO  edu.bjut.boudia.myMain - meter_4721094460368728469:0,6385200,100
BruceChen 10:10:31.515 [main] INFO  edu.bjut.boudia.myMain - meter_426816886253591433:regMsg,reg_backagg,reg_cc
BruceChen 10:10:31.515 [main] INFO  edu.bjut.boudia.myMain - meter_426816886253591433:100,6406600,100
BruceChen 10:10:31.515 [main] INFO  edu.bjut.boudia.myMain - meter_1031133095856543775:regMsg,reg_backagg,reg_cc
BruceChen 10:10:31.515 [main] INFO  edu.bjut.boudia.myMain - meter_1031133095856543775:0,6327100,0
BruceChen 10:10:31.515 [main] INFO  edu.bjut.boudia.myMain - meter_2387199473774792269:regMsg,reg_backagg,reg_cc
BruceChen 10:10:31.515 [main] INFO  edu.bjut.boudia.myMain - meter_2387199473774792269:0,6381200,100
BruceChen 10:10:31.515 [main] INFO  edu.bjut.boudia.myMain - meter_4216438538383335425:regMsg,reg_backagg,reg_cc
BruceChen 10:10:31.515 [main] INFO  edu.bjut.boudia.myMain - meter_4216438538383335425:0,6388900,100
BruceChen 10:10:31.515 [main] INFO  edu.bjut.boudia.myMain - meter_8582156749044082739:regMsg,reg_backagg,reg_cc
BruceChen 10:10:31.515 [main] INFO  edu.bjut.boudia.myMain - meter_8582156749044082739:100,6437100,0
BruceChen 10:10:31.515 [main] INFO  edu.bjut.boudia.myMain - meter_4552988831861933377:regMsg,reg_backagg,reg_cc
BruceChen 10:10:31.515 [main] INFO  edu.bjut.boudia.myMain - meter_4552988831861933377:0,6361000,100
BruceChen 10:10:31.781 [main] INFO  edu.bjut.boudia.myMain - oneTimeMeterRepTime
BruceChen 10:10:32.477 [main] INFO  edu.bjut.boudia.myMain - server:repMsg
BruceChen 10:10:32.477 [main] INFO  edu.bjut.boudia.myMain - server:32766800
BruceChen 10:10:32.477 [main] INFO  edu.bjut.boudia.myMain - agg:repMsg
BruceChen 10:10:32.477 [main] INFO  edu.bjut.boudia.myMain - agg:143461800
BruceChen 10:10:32.477 [main] INFO  edu.bjut.boudia.myMain - meter_2054783156441376367:repMsg
BruceChen 10:10:32.477 [main] INFO  edu.bjut.boudia.myMain - meter_2054783156441376367:25369800
BruceChen 10:10:32.477 [main] INFO  edu.bjut.boudia.myMain - meter_8535188271022651227:repMsg
BruceChen 10:10:32.477 [main] INFO  edu.bjut.boudia.myMain - meter_8535188271022651227:25508300
BruceChen 10:10:32.477 [main] INFO  edu.bjut.boudia.myMain - meter_4020636168462897231:repMsg
BruceChen 10:10:32.477 [main] INFO  edu.bjut.boudia.myMain - meter_4020636168462897231:25471300
BruceChen 10:10:32.477 [main] INFO  edu.bjut.boudia.myMain - meter_491463417177621179:repMsg
BruceChen 10:10:32.477 [main] INFO  edu.bjut.boudia.myMain - meter_491463417177621179:25762300
BruceChen 10:10:32.477 [main] INFO  edu.bjut.boudia.myMain - meter_1502264661717071385:repMsg
BruceChen 10:10:32.477 [main] INFO  edu.bjut.boudia.myMain - meter_1502264661717071385:26029400
BruceChen 10:10:32.477 [main] INFO  edu.bjut.boudia.myMain - meter_7429592227211027469:repMsg
BruceChen 10:10:32.477 [main] INFO  edu.bjut.boudia.myMain - meter_7429592227211027469:25502600
BruceChen 10:10:32.477 [main] INFO  edu.bjut.boudia.myMain - meter_9044102374978945973:repMsg
BruceChen 10:10:32.477 [main] INFO  edu.bjut.boudia.myMain - meter_9044102374978945973:25533300
BruceChen 10:10:32.477 [main] INFO  edu.bjut.boudia.myMain - meter_1884040993328389261:repMsg
BruceChen 10:10:32.477 [main] INFO  edu.bjut.boudia.myMain - meter_1884040993328389261:25659900
BruceChen 10:10:32.477 [main] INFO  edu.bjut.boudia.myMain - meter_8062471859741573769:repMsg
BruceChen 10:10:32.477 [main] INFO  edu.bjut.boudia.myMain - meter_8062471859741573769:25539400
BruceChen 10:10:32.477 [main] INFO  edu.bjut.boudia.myMain - meter_3365621571073107859:repMsg
BruceChen 10:10:32.477 [main] INFO  edu.bjut.boudia.myMain - meter_3365621571073107859:25451200
BruceChen 10:10:32.477 [main] INFO  edu.bjut.boudia.myMain - meter_2942073534660143833:repMsg
BruceChen 10:10:32.477 [main] INFO  edu.bjut.boudia.myMain - meter_2942073534660143833:25496200
BruceChen 10:10:32.477 [main] INFO  edu.bjut.boudia.myMain - meter_1402097204921227989:repMsg
BruceChen 10:10:32.477 [main] INFO  edu.bjut.boudia.myMain - meter_1402097204921227989:26265200
BruceChen 10:10:32.477 [main] INFO  edu.bjut.boudia.myMain - meter_2591690356895891247:repMsg
BruceChen 10:10:32.477 [main] INFO  edu.bjut.boudia.myMain - meter_2591690356895891247:25990100
BruceChen 10:10:32.477 [main] INFO  edu.bjut.boudia.myMain - meter_4721094460368728469:repMsg
BruceChen 10:10:32.477 [main] INFO  edu.bjut.boudia.myMain - meter_4721094460368728469:26762600
BruceChen 10:10:32.477 [main] INFO  edu.bjut.boudia.myMain - meter_426816886253591433:repMsg
BruceChen 10:10:32.477 [main] INFO  edu.bjut.boudia.myMain - meter_426816886253591433:26183900
BruceChen 10:10:32.477 [main] INFO  edu.bjut.boudia.myMain - meter_1031133095856543775:repMsg
BruceChen 10:10:32.477 [main] INFO  edu.bjut.boudia.myMain - meter_1031133095856543775:27216800
BruceChen 10:10:32.477 [main] INFO  edu.bjut.boudia.myMain - meter_2387199473774792269:repMsg
BruceChen 10:10:32.477 [main] INFO  edu.bjut.boudia.myMain - meter_2387199473774792269:26477100
BruceChen 10:10:32.477 [main] INFO  edu.bjut.boudia.myMain - meter_4216438538383335425:repMsg
BruceChen 10:10:32.477 [main] INFO  edu.bjut.boudia.myMain - meter_4216438538383335425:26265800
BruceChen 10:10:32.477 [main] INFO  edu.bjut.boudia.myMain - meter_8582156749044082739:repMsg
BruceChen 10:10:32.477 [main] INFO  edu.bjut.boudia.myMain - meter_8582156749044082739:26413000
BruceChen 10:10:32.477 [main] INFO  edu.bjut.boudia.myMain - meter_4552988831861933377:repMsg
BruceChen 10:10:32.477 [main] INFO  edu.bjut.boudia.myMain - meter_4552988831861933377:26422800
