BruceChen 13:02:09.068 [main] INFO  edu.bjut.boudia.myMain - oneTimeMeterRegTime
BruceChen 13:02:09.857 [main] INFO  edu.bjut.boudia.myMain - server:pubkey
BruceChen 13:02:09.857 [main] INFO  edu.bjut.boudia.myMain - server:205700
BruceChen 13:02:09.857 [main] INFO  edu.bjut.boudia.myMain - agg:regMsg,regMsg,regMsg,regMsg,regMsg,regMsg,regMsg,regMsg,regMsg,regMsg,regMsg,regMsg,regMsg,regMsg,regMsg,regMsg,regMsg,regMsg,regMsg,regMsg,regMsg,regMsg,regMsg,regMsg,regMsg,regMsg,regMsg,regMsg,regMsg,regMsg,regMsg,regMsg,regMsg,regMsg,regMsg,regMsg,regMsg,regMsg,regMsg,regMsg,regMsg,regMsg,regMsg,regMsg,regMsg,regMsg,regMsg,regMsg,regMsg,regMsg,regMsg,regMsg,regMsg,regMsg,regMsg,regMsg,regMsg,regMsg,regMsg,regMsg
BruceChen 13:02:09.875 [main] INFO  edu.bjut.boudia.myMain - agg:6720800,6684600,6643800,6674800,6674700,6675000,6665300,6642500,6669100,6691900,6684500,6691400,6619400,6674500,6653800,6604700,6623100,6941100,6629800,6610000,6584600,6591600,6572700,6425100,6501000,6490400,6416300,6412500,6434100,6425600,6455200,9383400,6595400,6603100,6662300,6595800,6616400,6618800,6600300,6610900,6589700,6615500,6613200,6624300,6622100,6455900,6400900,6434600,6618100,6649900,6580000,6552600,6456700,6418000,6411500,6428300,6406200,6459500,6481500,6396400
BruceChen 13:02:09.875 [main] INFO  edu.bjut.boudia.myMain - meter_247162758909253869:regMsg,reg_backagg,reg_cc
BruceChen 13:02:09.875 [main] INFO  edu.bjut.boudia.myMain - meter_247162758909253869:2700,6681600,4900
BruceChen 13:02:09.875 [main] INFO  edu.bjut.boudia.myMain - meter_2950086778308361605:regMsg,reg_backagg,reg_cc
BruceChen 13:02:09.875 [main] INFO  edu.bjut.boudia.myMain - meter_2950086778308361605:400,6737200,400
BruceChen 13:02:09.875 [main] INFO  edu.bjut.boudia.myMain - meter_6500199550283529773:regMsg,reg_backagg,reg_cc
BruceChen 13:02:09.875 [main] INFO  edu.bjut.boudia.myMain - meter_6500199550283529773:300,6702600,300
BruceChen 13:02:09.875 [main] INFO  edu.bjut.boudia.myMain - meter_1468593605216659575:regMsg,reg_backagg,reg_cc
BruceChen 13:02:09.875 [main] INFO  edu.bjut.boudia.myMain - meter_1468593605216659575:300,6721100,300
BruceChen 13:02:09.875 [main] INFO  edu.bjut.boudia.myMain - meter_6314408114910198649:regMsg,reg_backagg,reg_cc
BruceChen 13:02:09.875 [main] INFO  edu.bjut.boudia.myMain - meter_6314408114910198649:300,6622200,300
BruceChen 13:02:09.875 [main] INFO  edu.bjut.boudia.myMain - meter_7441647056997057177:regMsg,reg_backagg,reg_cc
BruceChen 13:02:09.875 [main] INFO  edu.bjut.boudia.myMain - meter_7441647056997057177:300,6674900,300
BruceChen 13:02:09.875 [main] INFO  edu.bjut.boudia.myMain - meter_6164817773991895759:regMsg,reg_backagg,reg_cc
BruceChen 13:02:09.875 [main] INFO  edu.bjut.boudia.myMain - meter_6164817773991895759:400,6674200,400
BruceChen 13:02:09.875 [main] INFO  edu.bjut.boudia.myMain - meter_7067612060918224073:regMsg,reg_backagg,reg_cc
BruceChen 13:02:09.875 [main] INFO  edu.bjut.boudia.myMain - meter_7067612060918224073:400,6551000,500
BruceChen 13:02:09.875 [main] INFO  edu.bjut.boudia.myMain - meter_670092669382212797:regMsg,reg_backagg,reg_cc
BruceChen 13:02:09.875 [main] INFO  edu.bjut.boudia.myMain - meter_670092669382212797:300,6557200,300
BruceChen 13:02:09.875 [main] INFO  edu.bjut.boudia.myMain - meter_4717456666984969609:regMsg,reg_backagg,reg_cc
BruceChen 13:02:09.875 [main] INFO  edu.bjut.boudia.myMain - meter_4717456666984969609:400,6686200,400
BruceChen 13:02:09.875 [main] INFO  edu.bjut.boudia.myMain - meter_57642667370978541:regMsg,reg_backagg,reg_cc
BruceChen 13:02:09.875 [main] INFO  edu.bjut.boudia.myMain - meter_57642667370978541:400,6741800,400
BruceChen 13:02:09.875 [main] INFO  edu.bjut.boudia.myMain - meter_7936754775972106473:regMsg,reg_backagg,reg_cc
BruceChen 13:02:09.875 [main] INFO  edu.bjut.boudia.myMain - meter_7936754775972106473:300,6575400,400
BruceChen 13:02:09.875 [main] INFO  edu.bjut.boudia.myMain - meter_3333417666147747839:regMsg,reg_backagg,reg_cc
BruceChen 13:02:09.875 [main] INFO  edu.bjut.boudia.myMain - meter_3333417666147747839:300,6524000,500
BruceChen 13:02:09.875 [main] INFO  edu.bjut.boudia.myMain - meter_8094917966578011267:regMsg,reg_backagg,reg_cc
BruceChen 13:02:09.875 [main] INFO  edu.bjut.boudia.myMain - meter_8094917966578011267:300,6690200,400
BruceChen 13:02:09.875 [main] INFO  edu.bjut.boudia.myMain - meter_6265625598904557427:regMsg,reg_backagg,reg_cc
BruceChen 13:02:09.875 [main] INFO  edu.bjut.boudia.myMain - meter_6265625598904557427:300,6517000,500
BruceChen 13:02:09.875 [main] INFO  edu.bjut.boudia.myMain - meter_1913667239811758179:regMsg,reg_backagg,reg_cc
BruceChen 13:02:09.875 [main] INFO  edu.bjut.boudia.myMain - meter_1913667239811758179:400,6564000,400
BruceChen 13:02:09.875 [main] INFO  edu.bjut.boudia.myMain - meter_9199329972061533019:regMsg,reg_backagg,reg_cc
BruceChen 13:02:09.875 [main] INFO  edu.bjut.boudia.myMain - meter_9199329972061533019:400,6600000,400
BruceChen 13:02:09.875 [main] INFO  edu.bjut.boudia.myMain - meter_3292633546367475529:regMsg,reg_backagg,reg_cc
BruceChen 13:02:09.875 [main] INFO  edu.bjut.boudia.myMain - meter_3292633546367475529:300,6754800,400
BruceChen 13:02:09.875 [main] INFO  edu.bjut.boudia.myMain - meter_8812218773003587579:regMsg,reg_backagg,reg_cc
BruceChen 13:02:09.875 [main] INFO  edu.bjut.boudia.myMain - meter_8812218773003587579:400,6549100,500
BruceChen 13:02:09.875 [main] INFO  edu.bjut.boudia.myMain - meter_5973908169927716427:regMsg,reg_backagg,reg_cc
BruceChen 13:02:09.875 [main] INFO  edu.bjut.boudia.myMain - meter_5973908169927716427:400,6583000,500
BruceChen 13:02:09.875 [main] INFO  edu.bjut.boudia.myMain - meter_3387538663583680735:regMsg,reg_backagg,reg_cc
BruceChen 13:02:09.875 [main] INFO  edu.bjut.boudia.myMain - meter_3387538663583680735:300,6463700,300
BruceChen 13:02:09.875 [main] INFO  edu.bjut.boudia.myMain - meter_6292989633158852921:regMsg,reg_backagg,reg_cc
BruceChen 13:02:09.875 [main] INFO  edu.bjut.boudia.myMain - meter_6292989633158852921:200,6637300,300
BruceChen 13:02:09.875 [main] INFO  edu.bjut.boudia.myMain - meter_8534478455326518357:regMsg,reg_backagg,reg_cc
BruceChen 13:02:09.875 [main] INFO  edu.bjut.boudia.myMain - meter_8534478455326518357:300,6415400,300
BruceChen 13:02:09.875 [main] INFO  edu.bjut.boudia.myMain - meter_8598075837751933395:regMsg,reg_backagg,reg_cc
BruceChen 13:02:09.875 [main] INFO  edu.bjut.boudia.myMain - meter_8598075837751933395:200,6454800,400
BruceChen 13:02:09.875 [main] INFO  edu.bjut.boudia.myMain - meter_6933573512806872537:regMsg,reg_backagg,reg_cc
BruceChen 13:02:09.875 [main] INFO  edu.bjut.boudia.myMain - meter_6933573512806872537:200,6491800,400
BruceChen 13:02:09.875 [main] INFO  edu.bjut.boudia.myMain - meter_7832631168335130243:regMsg,reg_backagg,reg_cc
BruceChen 13:02:09.875 [main] INFO  edu.bjut.boudia.myMain - meter_7832631168335130243:300,6452700,400
BruceChen 13:02:09.875 [main] INFO  edu.bjut.boudia.myMain - meter_1890959957060853503:regMsg,reg_backagg,reg_cc
BruceChen 13:02:09.875 [main] INFO  edu.bjut.boudia.myMain - meter_1890959957060853503:200,6397800,300
BruceChen 13:02:09.875 [main] INFO  edu.bjut.boudia.myMain - meter_2620189768198046501:regMsg,reg_backagg,reg_cc
BruceChen 13:02:09.875 [main] INFO  edu.bjut.boudia.myMain - meter_2620189768198046501:200,6395200,400
BruceChen 13:02:09.875 [main] INFO  edu.bjut.boudia.myMain - meter_1058335709593559805:regMsg,reg_backagg,reg_cc
BruceChen 13:02:09.875 [main] INFO  edu.bjut.boudia.myMain - meter_1058335709593559805:300,6339600,400
BruceChen 13:02:09.875 [main] INFO  edu.bjut.boudia.myMain - meter_4579012057306736615:regMsg,reg_backagg,reg_cc
BruceChen 13:02:09.875 [main] INFO  edu.bjut.boudia.myMain - meter_4579012057306736615:300,6418100,300
BruceChen 13:02:09.875 [main] INFO  edu.bjut.boudia.myMain - meter_2089799805817548929:regMsg,reg_backagg,reg_cc
BruceChen 13:02:09.875 [main] INFO  edu.bjut.boudia.myMain - meter_2089799805817548929:400,6406300,300
BruceChen 13:02:09.875 [main] INFO  edu.bjut.boudia.myMain - meter_4545449183159142015:regMsg,reg_backagg,reg_cc
BruceChen 13:02:09.875 [main] INFO  edu.bjut.boudia.myMain - meter_4545449183159142015:1400,6574000,400
BruceChen 13:02:09.875 [main] INFO  edu.bjut.boudia.myMain - meter_462685206702304825:regMsg,reg_backagg,reg_cc
BruceChen 13:02:09.875 [main] INFO  edu.bjut.boudia.myMain - meter_462685206702304825:400,6667100,400
BruceChen 13:02:09.875 [main] INFO  edu.bjut.boudia.myMain - meter_5810105117196342953:regMsg,reg_backagg,reg_cc
BruceChen 13:02:09.875 [main] INFO  edu.bjut.boudia.myMain - meter_5810105117196342953:300,6728600,400
BruceChen 13:02:09.875 [main] INFO  edu.bjut.boudia.myMain - meter_2615225932662105205:regMsg,reg_backagg,reg_cc
BruceChen 13:02:09.875 [main] INFO  edu.bjut.boudia.myMain - meter_2615225932662105205:400,6505700,300
BruceChen 13:02:09.875 [main] INFO  edu.bjut.boudia.myMain - meter_3145282121647262749:regMsg,reg_backagg,reg_cc
BruceChen 13:02:09.875 [main] INFO  edu.bjut.boudia.myMain - meter_3145282121647262749:300,6625400,600
BruceChen 13:02:09.875 [main] INFO  edu.bjut.boudia.myMain - meter_2013979278228957309:regMsg,reg_backagg,reg_cc
BruceChen 13:02:09.875 [main] INFO  edu.bjut.boudia.myMain - meter_2013979278228957309:500,6593900,500
BruceChen 13:02:09.875 [main] INFO  edu.bjut.boudia.myMain - meter_4044926241830568993:regMsg,reg_backagg,reg_cc
BruceChen 13:02:09.875 [main] INFO  edu.bjut.boudia.myMain - meter_4044926241830568993:400,6541100,300
BruceChen 13:02:09.875 [main] INFO  edu.bjut.boudia.myMain - meter_4102185553581334453:regMsg,reg_backagg,reg_cc
BruceChen 13:02:09.875 [main] INFO  edu.bjut.boudia.myMain - meter_4102185553581334453:400,6596900,400
BruceChen 13:02:09.875 [main] INFO  edu.bjut.boudia.myMain - meter_2454566314102924585:regMsg,reg_backagg,reg_cc
BruceChen 13:02:09.875 [main] INFO  edu.bjut.boudia.myMain - meter_2454566314102924585:300,6612000,400
BruceChen 13:02:09.875 [main] INFO  edu.bjut.boudia.myMain - meter_5417954361496407925:regMsg,reg_backagg,reg_cc
BruceChen 13:02:09.875 [main] INFO  edu.bjut.boudia.myMain - meter_5417954361496407925:300,6687400,500
BruceChen 13:02:09.875 [main] INFO  edu.bjut.boudia.myMain - meter_8239505943768083265:regMsg,reg_backagg,reg_cc
BruceChen 13:02:09.891 [main] INFO  edu.bjut.boudia.myMain - meter_8239505943768083265:300,6686300,400
BruceChen 13:02:09.891 [main] INFO  edu.bjut.boudia.myMain - meter_5309991808807871835:regMsg,reg_backagg,reg_cc
BruceChen 13:02:09.891 [main] INFO  edu.bjut.boudia.myMain - meter_5309991808807871835:300,6552000,300
BruceChen 13:02:09.891 [main] INFO  edu.bjut.boudia.myMain - meter_5119350870689170009:regMsg,reg_backagg,reg_cc
BruceChen 13:02:09.891 [main] INFO  edu.bjut.boudia.myMain - meter_5119350870689170009:400,6650300,300
BruceChen 13:02:09.891 [main] INFO  edu.bjut.boudia.myMain - meter_9061418031313723:regMsg,reg_backagg,reg_cc
BruceChen 13:02:09.891 [main] INFO  edu.bjut.boudia.myMain - meter_9061418031313723:300,6517000,400
BruceChen 13:02:09.891 [main] INFO  edu.bjut.boudia.myMain - meter_6829748176628446581:regMsg,reg_backagg,reg_cc
BruceChen 13:02:09.891 [main] INFO  edu.bjut.boudia.myMain - meter_6829748176628446581:300,6394200,400
BruceChen 13:02:09.891 [main] INFO  edu.bjut.boudia.myMain - meter_27961010680841755:regMsg,reg_backagg,reg_cc
BruceChen 13:02:09.891 [main] INFO  edu.bjut.boudia.myMain - meter_27961010680841755:300,6422100,300
BruceChen 13:02:09.891 [main] INFO  edu.bjut.boudia.myMain - meter_6248541473299824925:regMsg,reg_backagg,reg_cc
BruceChen 13:02:09.891 [main] INFO  edu.bjut.boudia.myMain - meter_6248541473299824925:300,6638300,300
BruceChen 13:02:09.891 [main] INFO  edu.bjut.boudia.myMain - meter_3568384561910816989:regMsg,reg_backagg,reg_cc
BruceChen 13:02:09.891 [main] INFO  edu.bjut.boudia.myMain - meter_3568384561910816989:300,6489200,400
BruceChen 13:02:09.891 [main] INFO  edu.bjut.boudia.myMain - meter_109128048604741899:regMsg,reg_backagg,reg_cc
BruceChen 13:02:09.891 [main] INFO  edu.bjut.boudia.myMain - meter_109128048604741899:300,6555400,200
BruceChen 13:02:09.891 [main] INFO  edu.bjut.boudia.myMain - meter_6257356908382913827:regMsg,reg_backagg,reg_cc
BruceChen 13:02:09.891 [main] INFO  edu.bjut.boudia.myMain - meter_6257356908382913827:300,6586000,300
BruceChen 13:02:09.891 [main] INFO  edu.bjut.boudia.myMain - meter_2885830993065475165:regMsg,reg_backagg,reg_cc
BruceChen 13:02:09.891 [main] INFO  edu.bjut.boudia.myMain - meter_2885830993065475165:300,6224100,300
BruceChen 13:02:09.891 [main] INFO  edu.bjut.boudia.myMain - meter_4327639460584047649:regMsg,reg_backagg,reg_cc
BruceChen 13:02:09.891 [main] INFO  edu.bjut.boudia.myMain - meter_4327639460584047649:200,6277900,400
BruceChen 13:02:09.891 [main] INFO  edu.bjut.boudia.myMain - meter_3930645547904585233:regMsg,reg_backagg,reg_cc
BruceChen 13:02:09.891 [main] INFO  edu.bjut.boudia.myMain - meter_3930645547904585233:300,6311700,300
BruceChen 13:02:09.891 [main] INFO  edu.bjut.boudia.myMain - meter_1641934638782909993:regMsg,reg_backagg,reg_cc
BruceChen 13:02:09.891 [main] INFO  edu.bjut.boudia.myMain - meter_1641934638782909993:300,6340700,300
BruceChen 13:02:09.891 [main] INFO  edu.bjut.boudia.myMain - meter_3394314609928919841:regMsg,reg_backagg,reg_cc
BruceChen 13:02:09.891 [main] INFO  edu.bjut.boudia.myMain - meter_3394314609928919841:300,6487500,300
BruceChen 13:02:09.891 [main] INFO  edu.bjut.boudia.myMain - meter_9083030321171824827:regMsg,reg_backagg,reg_cc
BruceChen 13:02:09.891 [main] INFO  edu.bjut.boudia.myMain - meter_9083030321171824827:300,6377400,300
BruceChen 13:02:09.891 [main] INFO  edu.bjut.boudia.myMain - meter_4152790530265944727:regMsg,reg_backagg,reg_cc
BruceChen 13:02:09.891 [main] INFO  edu.bjut.boudia.myMain - meter_4152790530265944727:200,6302300,400
BruceChen 13:02:09.891 [main] INFO  edu.bjut.boudia.myMain - meter_9002119288030343357:regMsg,reg_backagg,reg_cc
BruceChen 13:02:09.891 [main] INFO  edu.bjut.boudia.myMain - meter_9002119288030343357:300,6360700,400
BruceChen 13:02:09.891 [main] INFO  edu.bjut.boudia.myMain - meter_7742213107754090065:regMsg,reg_backagg,reg_cc
BruceChen 13:02:09.891 [main] INFO  edu.bjut.boudia.myMain - meter_7742213107754090065:300,6409300,300
BruceChen 13:02:10.697 [main] INFO  edu.bjut.boudia.myMain - oneTimeMeterRepTime
BruceChen 13:02:12.762 [main] INFO  edu.bjut.boudia.myMain - server:repMsg
BruceChen 13:02:12.762 [main] INFO  edu.bjut.boudia.myMain - server:31536700
BruceChen 13:02:12.762 [main] INFO  edu.bjut.boudia.myMain - agg:repMsg
BruceChen 13:02:12.762 [main] INFO  edu.bjut.boudia.myMain - agg:421889600
BruceChen 13:02:12.762 [main] INFO  edu.bjut.boudia.myMain - meter_247162758909253869:repMsg
BruceChen 13:02:12.762 [main] INFO  edu.bjut.boudia.myMain - meter_247162758909253869:35636200
BruceChen 13:02:12.762 [main] INFO  edu.bjut.boudia.myMain - meter_2950086778308361605:repMsg
BruceChen 13:02:12.762 [main] INFO  edu.bjut.boudia.myMain - meter_2950086778308361605:26510400
BruceChen 13:02:12.762 [main] INFO  edu.bjut.boudia.myMain - meter_6500199550283529773:repMsg
BruceChen 13:02:12.762 [main] INFO  edu.bjut.boudia.myMain - meter_6500199550283529773:26584400
BruceChen 13:02:12.762 [main] INFO  edu.bjut.boudia.myMain - meter_1468593605216659575:repMsg
BruceChen 13:02:12.762 [main] INFO  edu.bjut.boudia.myMain - meter_1468593605216659575:26462000
BruceChen 13:02:12.762 [main] INFO  edu.bjut.boudia.myMain - meter_6314408114910198649:repMsg
BruceChen 13:02:12.762 [main] INFO  edu.bjut.boudia.myMain - meter_6314408114910198649:26463700
BruceChen 13:02:12.762 [main] INFO  edu.bjut.boudia.myMain - meter_7441647056997057177:repMsg
BruceChen 13:02:12.762 [main] INFO  edu.bjut.boudia.myMain - meter_7441647056997057177:26223500
BruceChen 13:02:12.762 [main] INFO  edu.bjut.boudia.myMain - meter_6164817773991895759:repMsg
BruceChen 13:02:12.762 [main] INFO  edu.bjut.boudia.myMain - meter_6164817773991895759:27116300
BruceChen 13:02:12.762 [main] INFO  edu.bjut.boudia.myMain - meter_7067612060918224073:repMsg
BruceChen 13:02:12.762 [main] INFO  edu.bjut.boudia.myMain - meter_7067612060918224073:26360900
BruceChen 13:02:12.762 [main] INFO  edu.bjut.boudia.myMain - meter_670092669382212797:repMsg
BruceChen 13:02:12.762 [main] INFO  edu.bjut.boudia.myMain - meter_670092669382212797:26032300
BruceChen 13:02:12.762 [main] INFO  edu.bjut.boudia.myMain - meter_4717456666984969609:repMsg
BruceChen 13:02:12.762 [main] INFO  edu.bjut.boudia.myMain - meter_4717456666984969609:29305800
BruceChen 13:02:12.762 [main] INFO  edu.bjut.boudia.myMain - meter_57642667370978541:repMsg
BruceChen 13:02:12.762 [main] INFO  edu.bjut.boudia.myMain - meter_57642667370978541:26541100
BruceChen 13:02:12.762 [main] INFO  edu.bjut.boudia.myMain - meter_7936754775972106473:repMsg
BruceChen 13:02:12.762 [main] INFO  edu.bjut.boudia.myMain - meter_7936754775972106473:26524600
BruceChen 13:02:12.762 [main] INFO  edu.bjut.boudia.myMain - meter_3333417666147747839:repMsg
BruceChen 13:02:12.762 [main] INFO  edu.bjut.boudia.myMain - meter_3333417666147747839:26521900
BruceChen 13:02:12.762 [main] INFO  edu.bjut.boudia.myMain - meter_8094917966578011267:repMsg
BruceChen 13:02:12.762 [main] INFO  edu.bjut.boudia.myMain - meter_8094917966578011267:26482500
BruceChen 13:02:12.762 [main] INFO  edu.bjut.boudia.myMain - meter_6265625598904557427:repMsg
BruceChen 13:02:12.762 [main] INFO  edu.bjut.boudia.myMain - meter_6265625598904557427:26375600
BruceChen 13:02:12.762 [main] INFO  edu.bjut.boudia.myMain - meter_1913667239811758179:repMsg
BruceChen 13:02:12.762 [main] INFO  edu.bjut.boudia.myMain - meter_1913667239811758179:26074400
BruceChen 13:02:12.762 [main] INFO  edu.bjut.boudia.myMain - meter_9199329972061533019:repMsg
BruceChen 13:02:12.762 [main] INFO  edu.bjut.boudia.myMain - meter_9199329972061533019:26223000
BruceChen 13:02:12.762 [main] INFO  edu.bjut.boudia.myMain - meter_3292633546367475529:repMsg
BruceChen 13:02:12.762 [main] INFO  edu.bjut.boudia.myMain - meter_3292633546367475529:26378500
BruceChen 13:02:12.762 [main] INFO  edu.bjut.boudia.myMain - meter_8812218773003587579:repMsg
BruceChen 13:02:12.762 [main] INFO  edu.bjut.boudia.myMain - meter_8812218773003587579:26027900
BruceChen 13:02:12.762 [main] INFO  edu.bjut.boudia.myMain - meter_5973908169927716427:repMsg
BruceChen 13:02:12.762 [main] INFO  edu.bjut.boudia.myMain - meter_5973908169927716427:26837500
BruceChen 13:02:12.762 [main] INFO  edu.bjut.boudia.myMain - meter_3387538663583680735:repMsg
BruceChen 13:02:12.762 [main] INFO  edu.bjut.boudia.myMain - meter_3387538663583680735:25937500
BruceChen 13:02:12.762 [main] INFO  edu.bjut.boudia.myMain - meter_6292989633158852921:repMsg
BruceChen 13:02:12.762 [main] INFO  edu.bjut.boudia.myMain - meter_6292989633158852921:35191700
BruceChen 13:02:12.762 [main] INFO  edu.bjut.boudia.myMain - meter_8534478455326518357:repMsg
BruceChen 13:02:12.762 [main] INFO  edu.bjut.boudia.myMain - meter_8534478455326518357:32104200
BruceChen 13:02:12.762 [main] INFO  edu.bjut.boudia.myMain - meter_8598075837751933395:repMsg
BruceChen 13:02:12.762 [main] INFO  edu.bjut.boudia.myMain - meter_8598075837751933395:26547100
BruceChen 13:02:12.762 [main] INFO  edu.bjut.boudia.myMain - meter_6933573512806872537:repMsg
BruceChen 13:02:12.762 [main] INFO  edu.bjut.boudia.myMain - meter_6933573512806872537:26320200
BruceChen 13:02:12.762 [main] INFO  edu.bjut.boudia.myMain - meter_7832631168335130243:repMsg
BruceChen 13:02:12.762 [main] INFO  edu.bjut.boudia.myMain - meter_7832631168335130243:26558600
BruceChen 13:02:12.762 [main] INFO  edu.bjut.boudia.myMain - meter_1890959957060853503:repMsg
BruceChen 13:02:12.762 [main] INFO  edu.bjut.boudia.myMain - meter_1890959957060853503:26289800
BruceChen 13:02:12.762 [main] INFO  edu.bjut.boudia.myMain - meter_2620189768198046501:repMsg
BruceChen 13:02:12.762 [main] INFO  edu.bjut.boudia.myMain - meter_2620189768198046501:25965000
BruceChen 13:02:12.762 [main] INFO  edu.bjut.boudia.myMain - meter_1058335709593559805:repMsg
BruceChen 13:02:12.762 [main] INFO  edu.bjut.boudia.myMain - meter_1058335709593559805:25626300
BruceChen 13:02:12.762 [main] INFO  edu.bjut.boudia.myMain - meter_4579012057306736615:repMsg
BruceChen 13:02:12.762 [main] INFO  edu.bjut.boudia.myMain - meter_4579012057306736615:25340100
BruceChen 13:02:12.762 [main] INFO  edu.bjut.boudia.myMain - meter_2089799805817548929:repMsg
BruceChen 13:02:12.762 [main] INFO  edu.bjut.boudia.myMain - meter_2089799805817548929:25531100
BruceChen 13:02:12.762 [main] INFO  edu.bjut.boudia.myMain - meter_4545449183159142015:repMsg
BruceChen 13:02:12.762 [main] INFO  edu.bjut.boudia.myMain - meter_4545449183159142015:25421700
BruceChen 13:02:12.762 [main] INFO  edu.bjut.boudia.myMain - meter_462685206702304825:repMsg
BruceChen 13:02:12.762 [main] INFO  edu.bjut.boudia.myMain - meter_462685206702304825:25766600
BruceChen 13:02:12.762 [main] INFO  edu.bjut.boudia.myMain - meter_5810105117196342953:repMsg
BruceChen 13:02:12.762 [main] INFO  edu.bjut.boudia.myMain - meter_5810105117196342953:26366000
BruceChen 13:02:12.762 [main] INFO  edu.bjut.boudia.myMain - meter_2615225932662105205:repMsg
BruceChen 13:02:12.762 [main] INFO  edu.bjut.boudia.myMain - meter_2615225932662105205:26396700
BruceChen 13:02:12.762 [main] INFO  edu.bjut.boudia.myMain - meter_3145282121647262749:repMsg
BruceChen 13:02:12.762 [main] INFO  edu.bjut.boudia.myMain - meter_3145282121647262749:26401600
BruceChen 13:02:12.762 [main] INFO  edu.bjut.boudia.myMain - meter_2013979278228957309:repMsg
BruceChen 13:02:12.762 [main] INFO  edu.bjut.boudia.myMain - meter_2013979278228957309:28815000
BruceChen 13:02:12.762 [main] INFO  edu.bjut.boudia.myMain - meter_4044926241830568993:repMsg
BruceChen 13:02:12.762 [main] INFO  edu.bjut.boudia.myMain - meter_4044926241830568993:26290400
BruceChen 13:02:12.762 [main] INFO  edu.bjut.boudia.myMain - meter_4102185553581334453:repMsg
BruceChen 13:02:12.762 [main] INFO  edu.bjut.boudia.myMain - meter_4102185553581334453:26320900
BruceChen 13:02:12.762 [main] INFO  edu.bjut.boudia.myMain - meter_2454566314102924585:repMsg
BruceChen 13:02:12.762 [main] INFO  edu.bjut.boudia.myMain - meter_2454566314102924585:26200300
BruceChen 13:02:12.762 [main] INFO  edu.bjut.boudia.myMain - meter_5417954361496407925:repMsg
BruceChen 13:02:12.762 [main] INFO  edu.bjut.boudia.myMain - meter_5417954361496407925:26167900
BruceChen 13:02:12.762 [main] INFO  edu.bjut.boudia.myMain - meter_8239505943768083265:repMsg
BruceChen 13:02:12.762 [main] INFO  edu.bjut.boudia.myMain - meter_8239505943768083265:26225700
BruceChen 13:02:12.762 [main] INFO  edu.bjut.boudia.myMain - meter_5309991808807871835:repMsg
BruceChen 13:02:12.762 [main] INFO  edu.bjut.boudia.myMain - meter_5309991808807871835:26315800
BruceChen 13:02:12.762 [main] INFO  edu.bjut.boudia.myMain - meter_5119350870689170009:repMsg
BruceChen 13:02:12.762 [main] INFO  edu.bjut.boudia.myMain - meter_5119350870689170009:26196100
BruceChen 13:02:12.762 [main] INFO  edu.bjut.boudia.myMain - meter_9061418031313723:repMsg
BruceChen 13:02:12.762 [main] INFO  edu.bjut.boudia.myMain - meter_9061418031313723:26348900
BruceChen 13:02:12.762 [main] INFO  edu.bjut.boudia.myMain - meter_6829748176628446581:repMsg
BruceChen 13:02:12.762 [main] INFO  edu.bjut.boudia.myMain - meter_6829748176628446581:26200800
BruceChen 13:02:12.762 [main] INFO  edu.bjut.boudia.myMain - meter_27961010680841755:repMsg
BruceChen 13:02:12.762 [main] INFO  edu.bjut.boudia.myMain - meter_27961010680841755:26291000
BruceChen 13:02:12.762 [main] INFO  edu.bjut.boudia.myMain - meter_6248541473299824925:repMsg
BruceChen 13:02:12.762 [main] INFO  edu.bjut.boudia.myMain - meter_6248541473299824925:26206200
BruceChen 13:02:12.762 [main] INFO  edu.bjut.boudia.myMain - meter_3568384561910816989:repMsg
BruceChen 13:02:12.762 [main] INFO  edu.bjut.boudia.myMain - meter_3568384561910816989:26324400
BruceChen 13:02:12.762 [main] INFO  edu.bjut.boudia.myMain - meter_109128048604741899:repMsg
BruceChen 13:02:12.762 [main] INFO  edu.bjut.boudia.myMain - meter_109128048604741899:26116400
BruceChen 13:02:12.762 [main] INFO  edu.bjut.boudia.myMain - meter_6257356908382913827:repMsg
BruceChen 13:02:12.762 [main] INFO  edu.bjut.boudia.myMain - meter_6257356908382913827:26327200
BruceChen 13:02:12.762 [main] INFO  edu.bjut.boudia.myMain - meter_2885830993065475165:repMsg
BruceChen 13:02:12.762 [main] INFO  edu.bjut.boudia.myMain - meter_2885830993065475165:26414600
BruceChen 13:02:12.762 [main] INFO  edu.bjut.boudia.myMain - meter_4327639460584047649:repMsg
BruceChen 13:02:12.762 [main] INFO  edu.bjut.boudia.myMain - meter_4327639460584047649:26187200
BruceChen 13:02:12.762 [main] INFO  edu.bjut.boudia.myMain - meter_3930645547904585233:repMsg
BruceChen 13:02:12.762 [main] INFO  edu.bjut.boudia.myMain - meter_3930645547904585233:26235700
BruceChen 13:02:12.762 [main] INFO  edu.bjut.boudia.myMain - meter_1641934638782909993:repMsg
BruceChen 13:02:12.762 [main] INFO  edu.bjut.boudia.myMain - meter_1641934638782909993:26140600
BruceChen 13:02:12.762 [main] INFO  edu.bjut.boudia.myMain - meter_3394314609928919841:repMsg
BruceChen 13:02:12.762 [main] INFO  edu.bjut.boudia.myMain - meter_3394314609928919841:26352900
BruceChen 13:02:12.762 [main] INFO  edu.bjut.boudia.myMain - meter_9083030321171824827:repMsg
BruceChen 13:02:12.762 [main] INFO  edu.bjut.boudia.myMain - meter_9083030321171824827:26175900
BruceChen 13:02:12.762 [main] INFO  edu.bjut.boudia.myMain - meter_4152790530265944727:repMsg
BruceChen 13:02:12.762 [main] INFO  edu.bjut.boudia.myMain - meter_4152790530265944727:26209700
BruceChen 13:02:12.762 [main] INFO  edu.bjut.boudia.myMain - meter_9002119288030343357:repMsg
BruceChen 13:02:12.762 [main] INFO  edu.bjut.boudia.myMain - meter_9002119288030343357:26315900
BruceChen 13:02:12.762 [main] INFO  edu.bjut.boudia.myMain - meter_7742213107754090065:repMsg
BruceChen 13:02:12.762 [main] INFO  edu.bjut.boudia.myMain - meter_7742213107754090065:26240000
BruceChen 13:02:15.783 [main] INFO  edu.bjut.boudia.myMain - oneTimeMeterRegTime
BruceChen 13:02:16.439 [main] INFO  edu.bjut.boudia.myMain - server:pubkey
BruceChen 13:02:16.439 [main] INFO  edu.bjut.boudia.myMain - server:1000
BruceChen 13:02:16.439 [main] INFO  edu.bjut.boudia.myMain - agg:regMsg,regMsg,regMsg,regMsg,regMsg,regMsg,regMsg,regMsg,regMsg,regMsg,regMsg,regMsg,regMsg,regMsg,regMsg,regMsg,regMsg,regMsg,regMsg,regMsg,regMsg,regMsg,regMsg,regMsg,regMsg,regMsg,regMsg,regMsg,regMsg,regMsg,regMsg,regMsg,regMsg,regMsg,regMsg,regMsg,regMsg,regMsg,regMsg,regMsg,regMsg,regMsg,regMsg,regMsg,regMsg,regMsg,regMsg,regMsg,regMsg,regMsg
BruceChen 13:02:16.439 [main] INFO  edu.bjut.boudia.myMain - agg:6599200,6587300,6417200,6394700,6401400,6396500,6414500,6414700,6413600,6409200,6389900,6615800,6606100,6562800,6576700,6581900,6692700,6581400,6604300,6579000,6590200,6582000,6567100,6578300,6588800,6548800,6571500,6557700,6608900,6562100,6589800,9255900,6641200,6592600,6578300,6553400,6562200,6594400,6562700,6596700,6585000,6558400,6575500,6529600,6570300,6580400,6594100,6563400,6600300,6613300
BruceChen 13:02:16.439 [main] INFO  edu.bjut.boudia.myMain - meter_5952337801323853501:regMsg,reg_backagg,reg_cc
BruceChen 13:02:16.439 [main] INFO  edu.bjut.boudia.myMain - meter_5952337801323853501:600,6549800,600
BruceChen 13:02:16.439 [main] INFO  edu.bjut.boudia.myMain - meter_4558818631642083793:regMsg,reg_backagg,reg_cc
BruceChen 13:02:16.439 [main] INFO  edu.bjut.boudia.myMain - meter_4558818631642083793:600,6458800,300
BruceChen 13:02:16.439 [main] INFO  edu.bjut.boudia.myMain - meter_3663857258973959591:regMsg,reg_backagg,reg_cc
BruceChen 13:02:16.439 [main] INFO  edu.bjut.boudia.myMain - meter_3663857258973959591:400,6382600,300
BruceChen 13:02:16.439 [main] INFO  edu.bjut.boudia.myMain - meter_4470478651370104963:regMsg,reg_backagg,reg_cc
BruceChen 13:02:16.439 [main] INFO  edu.bjut.boudia.myMain - meter_4470478651370104963:500,6374100,400
BruceChen 13:02:16.439 [main] INFO  edu.bjut.boudia.myMain - meter_7686907113381979187:regMsg,reg_backagg,reg_cc
BruceChen 13:02:16.439 [main] INFO  edu.bjut.boudia.myMain - meter_7686907113381979187:400,6421700,400
BruceChen 13:02:16.439 [main] INFO  edu.bjut.boudia.myMain - meter_2476240760275904233:regMsg,reg_backagg,reg_cc
BruceChen 13:02:16.439 [main] INFO  edu.bjut.boudia.myMain - meter_2476240760275904233:300,6325500,300
BruceChen 13:02:16.439 [main] INFO  edu.bjut.boudia.myMain - meter_2141630524584415063:regMsg,reg_backagg,reg_cc
BruceChen 13:02:16.439 [main] INFO  edu.bjut.boudia.myMain - meter_2141630524584415063:2500,6327000,300
BruceChen 13:02:16.439 [main] INFO  edu.bjut.boudia.myMain - meter_1765117009154587299:regMsg,reg_backagg,reg_cc
BruceChen 13:02:16.439 [main] INFO  edu.bjut.boudia.myMain - meter_1765117009154587299:200,6378000,6900
BruceChen 13:02:16.439 [main] INFO  edu.bjut.boudia.myMain - meter_1977407369325349813:regMsg,reg_backagg,reg_cc
BruceChen 13:02:16.439 [main] INFO  edu.bjut.boudia.myMain - meter_1977407369325349813:800,6436800,700
BruceChen 13:02:16.439 [main] INFO  edu.bjut.boudia.myMain - meter_575564839779045445:regMsg,reg_backagg,reg_cc
BruceChen 13:02:16.439 [main] INFO  edu.bjut.boudia.myMain - meter_575564839779045445:700,6423800,400
BruceChen 13:02:16.439 [main] INFO  edu.bjut.boudia.myMain - meter_8719455683754295089:regMsg,reg_backagg,reg_cc
BruceChen 13:02:16.439 [main] INFO  edu.bjut.boudia.myMain - meter_8719455683754295089:600,6370900,400
BruceChen 13:02:16.439 [main] INFO  edu.bjut.boudia.myMain - meter_9103704719405565675:regMsg,reg_backagg,reg_cc
BruceChen 13:02:16.439 [main] INFO  edu.bjut.boudia.myMain - meter_9103704719405565675:700,6536500,400
BruceChen 13:02:16.439 [main] INFO  edu.bjut.boudia.myMain - meter_8634327228629449489:regMsg,reg_backagg,reg_cc
BruceChen 13:02:16.439 [main] INFO  edu.bjut.boudia.myMain - meter_8634327228629449489:400,6567900,300
BruceChen 13:02:16.439 [main] INFO  edu.bjut.boudia.myMain - meter_6572989457722878325:regMsg,reg_backagg,reg_cc
BruceChen 13:02:16.439 [main] INFO  edu.bjut.boudia.myMain - meter_6572989457722878325:400,6475600,400
BruceChen 13:02:16.439 [main] INFO  edu.bjut.boudia.myMain - meter_9130155881493593617:regMsg,reg_backagg,reg_cc
BruceChen 13:02:16.439 [main] INFO  edu.bjut.boudia.myMain - meter_9130155881493593617:500,6468100,400
BruceChen 13:02:16.439 [main] INFO  edu.bjut.boudia.myMain - meter_8592324650996108745:regMsg,reg_backagg,reg_cc
BruceChen 13:02:16.439 [main] INFO  edu.bjut.boudia.myMain - meter_8592324650996108745:700,6552300,300
BruceChen 13:02:16.439 [main] INFO  edu.bjut.boudia.myMain - meter_3715806225417523265:regMsg,reg_backagg,reg_cc
BruceChen 13:02:16.439 [main] INFO  edu.bjut.boudia.myMain - meter_3715806225417523265:200,6620600,300
BruceChen 13:02:16.439 [main] INFO  edu.bjut.boudia.myMain - meter_2655618898277979109:regMsg,reg_backagg,reg_cc
BruceChen 13:02:16.439 [main] INFO  edu.bjut.boudia.myMain - meter_2655618898277979109:200,6538600,200
BruceChen 13:02:16.439 [main] INFO  edu.bjut.boudia.myMain - meter_8593874272140135861:regMsg,reg_backagg,reg_cc
BruceChen 13:02:16.439 [main] INFO  edu.bjut.boudia.myMain - meter_8593874272140135861:300,6519400,500
BruceChen 13:02:16.439 [main] INFO  edu.bjut.boudia.myMain - meter_1128118836903704697:regMsg,reg_backagg,reg_cc
BruceChen 13:02:16.439 [main] INFO  edu.bjut.boudia.myMain - meter_1128118836903704697:700,6551200,400
BruceChen 13:02:16.439 [main] INFO  edu.bjut.boudia.myMain - meter_1892914091070843651:regMsg,reg_backagg,reg_cc
BruceChen 13:02:16.439 [main] INFO  edu.bjut.boudia.myMain - meter_1892914091070843651:400,6529700,300
BruceChen 13:02:16.439 [main] INFO  edu.bjut.boudia.myMain - meter_3621583896821954267:regMsg,reg_backagg,reg_cc
BruceChen 13:02:16.439 [main] INFO  edu.bjut.boudia.myMain - meter_3621583896821954267:400,6571800,200
BruceChen 13:02:16.439 [main] INFO  edu.bjut.boudia.myMain - meter_7043634735205760855:regMsg,reg_backagg,reg_cc
BruceChen 13:02:16.439 [main] INFO  edu.bjut.boudia.myMain - meter_7043634735205760855:400,6645700,400
BruceChen 13:02:16.439 [main] INFO  edu.bjut.boudia.myMain - meter_1223846099390880145:regMsg,reg_backagg,reg_cc
BruceChen 13:02:16.439 [main] INFO  edu.bjut.boudia.myMain - meter_1223846099390880145:700,6608500,500
BruceChen 13:02:16.439 [main] INFO  edu.bjut.boudia.myMain - meter_220106484611335699:regMsg,reg_backagg,reg_cc
BruceChen 13:02:16.439 [main] INFO  edu.bjut.boudia.myMain - meter_220106484611335699:700,6539400,300
BruceChen 13:02:16.439 [main] INFO  edu.bjut.boudia.myMain - meter_6282358617999757335:regMsg,reg_backagg,reg_cc
BruceChen 13:02:16.439 [main] INFO  edu.bjut.boudia.myMain - meter_6282358617999757335:300,6587400,300
BruceChen 13:02:16.439 [main] INFO  edu.bjut.boudia.myMain - meter_479690862253138223:regMsg,reg_backagg,reg_cc
BruceChen 13:02:16.439 [main] INFO  edu.bjut.boudia.myMain - meter_479690862253138223:400,6583000,300
BruceChen 13:02:16.439 [main] INFO  edu.bjut.boudia.myMain - meter_3134095740193089181:regMsg,reg_backagg,reg_cc
BruceChen 13:02:16.439 [main] INFO  edu.bjut.boudia.myMain - meter_3134095740193089181:200,6656600,200
BruceChen 13:02:16.439 [main] INFO  edu.bjut.boudia.myMain - meter_435355460038053689:regMsg,reg_backagg,reg_cc
BruceChen 13:02:16.439 [main] INFO  edu.bjut.boudia.myMain - meter_435355460038053689:200,6541900,200
BruceChen 13:02:16.439 [main] INFO  edu.bjut.boudia.myMain - meter_3145529109612233183:regMsg,reg_backagg,reg_cc
BruceChen 13:02:16.439 [main] INFO  edu.bjut.boudia.myMain - meter_3145529109612233183:300,6584800,200
BruceChen 13:02:16.439 [main] INFO  edu.bjut.boudia.myMain - meter_7411145919590533507:regMsg,reg_backagg,reg_cc
BruceChen 13:02:16.439 [main] INFO  edu.bjut.boudia.myMain - meter_7411145919590533507:200,6590000,200
BruceChen 13:02:16.439 [main] INFO  edu.bjut.boudia.myMain - meter_1250665840889777203:regMsg,reg_backagg,reg_cc
BruceChen 13:02:16.439 [main] INFO  edu.bjut.boudia.myMain - meter_1250665840889777203:200,6718900,400
BruceChen 13:02:16.439 [main] INFO  edu.bjut.boudia.myMain - meter_967372868268419833:regMsg,reg_backagg,reg_cc
BruceChen 13:02:16.439 [main] INFO  edu.bjut.boudia.myMain - meter_967372868268419833:900,6689300,400
BruceChen 13:02:16.439 [main] INFO  edu.bjut.boudia.myMain - meter_4569610404286010659:regMsg,reg_backagg,reg_cc
BruceChen 13:02:16.439 [main] INFO  edu.bjut.boudia.myMain - meter_4569610404286010659:600,6529700,400
BruceChen 13:02:16.439 [main] INFO  edu.bjut.boudia.myMain - meter_166575616339356785:regMsg,reg_backagg,reg_cc
BruceChen 13:02:16.439 [main] INFO  edu.bjut.boudia.myMain - meter_166575616339356785:700,6597400,300
BruceChen 13:02:16.439 [main] INFO  edu.bjut.boudia.myMain - meter_4795733481488176653:regMsg,reg_backagg,reg_cc
BruceChen 13:02:16.439 [main] INFO  edu.bjut.boudia.myMain - meter_4795733481488176653:300,6501600,200
BruceChen 13:02:16.439 [main] INFO  edu.bjut.boudia.myMain - meter_5726165015550204645:regMsg,reg_backagg,reg_cc
BruceChen 13:02:16.439 [main] INFO  edu.bjut.boudia.myMain - meter_5726165015550204645:400,6430500,200
BruceChen 13:02:16.439 [main] INFO  edu.bjut.boudia.myMain - meter_3093166421713464723:regMsg,reg_backagg,reg_cc
BruceChen 13:02:16.439 [main] INFO  edu.bjut.boudia.myMain - meter_3093166421713464723:200,6433200,200
BruceChen 13:02:16.439 [main] INFO  edu.bjut.boudia.myMain - meter_4960952207142802315:regMsg,reg_backagg,reg_cc
BruceChen 13:02:16.439 [main] INFO  edu.bjut.boudia.myMain - meter_4960952207142802315:200,6553400,300
BruceChen 13:02:16.439 [main] INFO  edu.bjut.boudia.myMain - meter_1279584218479008061:regMsg,reg_backagg,reg_cc
BruceChen 13:02:16.439 [main] INFO  edu.bjut.boudia.myMain - meter_1279584218479008061:300,6546100,300
BruceChen 13:02:16.439 [main] INFO  edu.bjut.boudia.myMain - meter_5926552429915842993:regMsg,reg_backagg,reg_cc
BruceChen 13:02:16.439 [main] INFO  edu.bjut.boudia.myMain - meter_5926552429915842993:400,6454400,200
BruceChen 13:02:16.439 [main] INFO  edu.bjut.boudia.myMain - meter_4505305209409048105:regMsg,reg_backagg,reg_cc
BruceChen 13:02:16.439 [main] INFO  edu.bjut.boudia.myMain - meter_4505305209409048105:200,6606100,400
BruceChen 13:02:16.439 [main] INFO  edu.bjut.boudia.myMain - meter_9150285367971815739:regMsg,reg_backagg,reg_cc
BruceChen 13:02:16.439 [main] INFO  edu.bjut.boudia.myMain - meter_9150285367971815739:700,6604300,200
BruceChen 13:02:16.439 [main] INFO  edu.bjut.boudia.myMain - meter_4976683217272156407:regMsg,reg_backagg,reg_cc
BruceChen 13:02:16.439 [main] INFO  edu.bjut.boudia.myMain - meter_4976683217272156407:400,6547100,500
BruceChen 13:02:16.439 [main] INFO  edu.bjut.boudia.myMain - meter_4755544116832542103:regMsg,reg_backagg,reg_cc
BruceChen 13:02:16.439 [main] INFO  edu.bjut.boudia.myMain - meter_4755544116832542103:800,6484700,200
BruceChen 13:02:16.439 [main] INFO  edu.bjut.boudia.myMain - meter_692581381680093:regMsg,reg_backagg,reg_cc
BruceChen 13:02:16.439 [main] INFO  edu.bjut.boudia.myMain - meter_692581381680093:400,6536000,200
BruceChen 13:02:16.439 [main] INFO  edu.bjut.boudia.myMain - meter_3012836732133588525:regMsg,reg_backagg,reg_cc
BruceChen 13:02:16.439 [main] INFO  edu.bjut.boudia.myMain - meter_3012836732133588525:300,6465700,200
BruceChen 13:02:16.439 [main] INFO  edu.bjut.boudia.myMain - meter_6518040074735534167:regMsg,reg_backagg,reg_cc
BruceChen 13:02:16.439 [main] INFO  edu.bjut.boudia.myMain - meter_6518040074735534167:400,6537000,200
BruceChen 13:02:16.439 [main] INFO  edu.bjut.boudia.myMain - meter_3469669911482752359:regMsg,reg_backagg,reg_cc
BruceChen 13:02:16.439 [main] INFO  edu.bjut.boudia.myMain - meter_3469669911482752359:700,6562400,500
BruceChen 13:02:16.439 [main] INFO  edu.bjut.boudia.myMain - meter_2080924084680677673:regMsg,reg_backagg,reg_cc
BruceChen 13:02:16.439 [main] INFO  edu.bjut.boudia.myMain - meter_2080924084680677673:700,6628500,500
BruceChen 13:02:17.095 [main] INFO  edu.bjut.boudia.myMain - oneTimeMeterRepTime
BruceChen 13:02:18.785 [main] INFO  edu.bjut.boudia.myMain - server:repMsg
BruceChen 13:02:18.785 [main] INFO  edu.bjut.boudia.myMain - server:31270200
BruceChen 13:02:18.785 [main] INFO  edu.bjut.boudia.myMain - agg:repMsg
BruceChen 13:02:18.785 [main] INFO  edu.bjut.boudia.myMain - agg:348678600
BruceChen 13:02:18.785 [main] INFO  edu.bjut.boudia.myMain - meter_5952337801323853501:repMsg
BruceChen 13:02:18.785 [main] INFO  edu.bjut.boudia.myMain - meter_5952337801323853501:25526600
BruceChen 13:02:18.785 [main] INFO  edu.bjut.boudia.myMain - meter_4558818631642083793:repMsg
BruceChen 13:02:18.785 [main] INFO  edu.bjut.boudia.myMain - meter_4558818631642083793:25514100
BruceChen 13:02:18.785 [main] INFO  edu.bjut.boudia.myMain - meter_3663857258973959591:repMsg
BruceChen 13:02:18.785 [main] INFO  edu.bjut.boudia.myMain - meter_3663857258973959591:25531900
BruceChen 13:02:18.785 [main] INFO  edu.bjut.boudia.myMain - meter_4470478651370104963:repMsg
BruceChen 13:02:18.785 [main] INFO  edu.bjut.boudia.myMain - meter_4470478651370104963:25530900
BruceChen 13:02:18.785 [main] INFO  edu.bjut.boudia.myMain - meter_7686907113381979187:repMsg
BruceChen 13:02:18.785 [main] INFO  edu.bjut.boudia.myMain - meter_7686907113381979187:26233300
BruceChen 13:02:18.785 [main] INFO  edu.bjut.boudia.myMain - meter_2476240760275904233:repMsg
BruceChen 13:02:18.785 [main] INFO  edu.bjut.boudia.myMain - meter_2476240760275904233:26126200
BruceChen 13:02:18.785 [main] INFO  edu.bjut.boudia.myMain - meter_2141630524584415063:repMsg
BruceChen 13:02:18.785 [main] INFO  edu.bjut.boudia.myMain - meter_2141630524584415063:26115000
BruceChen 13:02:18.785 [main] INFO  edu.bjut.boudia.myMain - meter_1765117009154587299:repMsg
BruceChen 13:02:18.785 [main] INFO  edu.bjut.boudia.myMain - meter_1765117009154587299:26239800
BruceChen 13:02:18.785 [main] INFO  edu.bjut.boudia.myMain - meter_1977407369325349813:repMsg
BruceChen 13:02:18.785 [main] INFO  edu.bjut.boudia.myMain - meter_1977407369325349813:26146700
BruceChen 13:02:18.785 [main] INFO  edu.bjut.boudia.myMain - meter_575564839779045445:repMsg
BruceChen 13:02:18.785 [main] INFO  edu.bjut.boudia.myMain - meter_575564839779045445:26235000
BruceChen 13:02:18.785 [main] INFO  edu.bjut.boudia.myMain - meter_8719455683754295089:repMsg
BruceChen 13:02:18.785 [main] INFO  edu.bjut.boudia.myMain - meter_8719455683754295089:26217800
BruceChen 13:02:18.785 [main] INFO  edu.bjut.boudia.myMain - meter_9103704719405565675:repMsg
BruceChen 13:02:18.785 [main] INFO  edu.bjut.boudia.myMain - meter_9103704719405565675:26347300
BruceChen 13:02:18.785 [main] INFO  edu.bjut.boudia.myMain - meter_8634327228629449489:repMsg
BruceChen 13:02:18.785 [main] INFO  edu.bjut.boudia.myMain - meter_8634327228629449489:26223300
BruceChen 13:02:18.785 [main] INFO  edu.bjut.boudia.myMain - meter_6572989457722878325:repMsg
BruceChen 13:02:18.785 [main] INFO  edu.bjut.boudia.myMain - meter_6572989457722878325:26333200
BruceChen 13:02:18.785 [main] INFO  edu.bjut.boudia.myMain - meter_9130155881493593617:repMsg
BruceChen 13:02:18.785 [main] INFO  edu.bjut.boudia.myMain - meter_9130155881493593617:26342700
BruceChen 13:02:18.785 [main] INFO  edu.bjut.boudia.myMain - meter_8592324650996108745:repMsg
BruceChen 13:02:18.785 [main] INFO  edu.bjut.boudia.myMain - meter_8592324650996108745:26320600
BruceChen 13:02:18.785 [main] INFO  edu.bjut.boudia.myMain - meter_3715806225417523265:repMsg
BruceChen 13:02:18.785 [main] INFO  edu.bjut.boudia.myMain - meter_3715806225417523265:28704500
BruceChen 13:02:18.785 [main] INFO  edu.bjut.boudia.myMain - meter_2655618898277979109:repMsg
BruceChen 13:02:18.785 [main] INFO  edu.bjut.boudia.myMain - meter_2655618898277979109:25553900
BruceChen 13:02:18.785 [main] INFO  edu.bjut.boudia.myMain - meter_8593874272140135861:repMsg
BruceChen 13:02:18.785 [main] INFO  edu.bjut.boudia.myMain - meter_8593874272140135861:25546200
BruceChen 13:02:18.785 [main] INFO  edu.bjut.boudia.myMain - meter_1128118836903704697:repMsg
BruceChen 13:02:18.785 [main] INFO  edu.bjut.boudia.myMain - meter_1128118836903704697:28931400
BruceChen 13:02:18.785 [main] INFO  edu.bjut.boudia.myMain - meter_1892914091070843651:repMsg
BruceChen 13:02:18.785 [main] INFO  edu.bjut.boudia.myMain - meter_1892914091070843651:26302900
BruceChen 13:02:18.785 [main] INFO  edu.bjut.boudia.myMain - meter_3621583896821954267:repMsg
BruceChen 13:02:18.785 [main] INFO  edu.bjut.boudia.myMain - meter_3621583896821954267:26043100
BruceChen 13:02:18.785 [main] INFO  edu.bjut.boudia.myMain - meter_7043634735205760855:repMsg
BruceChen 13:02:18.785 [main] INFO  edu.bjut.boudia.myMain - meter_7043634735205760855:26253700
BruceChen 13:02:18.785 [main] INFO  edu.bjut.boudia.myMain - meter_1223846099390880145:repMsg
BruceChen 13:02:18.785 [main] INFO  edu.bjut.boudia.myMain - meter_1223846099390880145:26789600
BruceChen 13:02:18.785 [main] INFO  edu.bjut.boudia.myMain - meter_220106484611335699:repMsg
BruceChen 13:02:18.785 [main] INFO  edu.bjut.boudia.myMain - meter_220106484611335699:26365300
BruceChen 13:02:18.785 [main] INFO  edu.bjut.boudia.myMain - meter_6282358617999757335:repMsg
BruceChen 13:02:18.785 [main] INFO  edu.bjut.boudia.myMain - meter_6282358617999757335:26182100
BruceChen 13:02:18.785 [main] INFO  edu.bjut.boudia.myMain - meter_479690862253138223:repMsg
BruceChen 13:02:18.785 [main] INFO  edu.bjut.boudia.myMain - meter_479690862253138223:26221900
BruceChen 13:02:18.785 [main] INFO  edu.bjut.boudia.myMain - meter_3134095740193089181:repMsg
BruceChen 13:02:18.785 [main] INFO  edu.bjut.boudia.myMain - meter_3134095740193089181:26226000
BruceChen 13:02:18.785 [main] INFO  edu.bjut.boudia.myMain - meter_435355460038053689:repMsg
BruceChen 13:02:18.785 [main] INFO  edu.bjut.boudia.myMain - meter_435355460038053689:26277300
BruceChen 13:02:18.785 [main] INFO  edu.bjut.boudia.myMain - meter_3145529109612233183:repMsg
BruceChen 13:02:18.785 [main] INFO  edu.bjut.boudia.myMain - meter_3145529109612233183:26118000
BruceChen 13:02:18.785 [main] INFO  edu.bjut.boudia.myMain - meter_7411145919590533507:repMsg
BruceChen 13:02:18.785 [main] INFO  edu.bjut.boudia.myMain - meter_7411145919590533507:26137400
BruceChen 13:02:18.785 [main] INFO  edu.bjut.boudia.myMain - meter_1250665840889777203:repMsg
BruceChen 13:02:18.785 [main] INFO  edu.bjut.boudia.myMain - meter_1250665840889777203:26106200
BruceChen 13:02:18.785 [main] INFO  edu.bjut.boudia.myMain - meter_967372868268419833:repMsg
BruceChen 13:02:18.785 [main] INFO  edu.bjut.boudia.myMain - meter_967372868268419833:26141600
BruceChen 13:02:18.785 [main] INFO  edu.bjut.boudia.myMain - meter_4569610404286010659:repMsg
BruceChen 13:02:18.785 [main] INFO  edu.bjut.boudia.myMain - meter_4569610404286010659:26446300
BruceChen 13:02:18.785 [main] INFO  edu.bjut.boudia.myMain - meter_166575616339356785:repMsg
BruceChen 13:02:18.785 [main] INFO  edu.bjut.boudia.myMain - meter_166575616339356785:26224600
BruceChen 13:02:18.785 [main] INFO  edu.bjut.boudia.myMain - meter_4795733481488176653:repMsg
BruceChen 13:02:18.785 [main] INFO  edu.bjut.boudia.myMain - meter_4795733481488176653:26376900
BruceChen 13:02:18.785 [main] INFO  edu.bjut.boudia.myMain - meter_5726165015550204645:repMsg
BruceChen 13:02:18.785 [main] INFO  edu.bjut.boudia.myMain - meter_5726165015550204645:26466000
BruceChen 13:02:18.785 [main] INFO  edu.bjut.boudia.myMain - meter_3093166421713464723:repMsg
BruceChen 13:02:18.785 [main] INFO  edu.bjut.boudia.myMain - meter_3093166421713464723:26332800
BruceChen 13:02:18.785 [main] INFO  edu.bjut.boudia.myMain - meter_4960952207142802315:repMsg
BruceChen 13:02:18.785 [main] INFO  edu.bjut.boudia.myMain - meter_4960952207142802315:25967200
BruceChen 13:02:18.785 [main] INFO  edu.bjut.boudia.myMain - meter_1279584218479008061:repMsg
BruceChen 13:02:18.785 [main] INFO  edu.bjut.boudia.myMain - meter_1279584218479008061:26338600
BruceChen 13:02:18.785 [main] INFO  edu.bjut.boudia.myMain - meter_5926552429915842993:repMsg
BruceChen 13:02:18.785 [main] INFO  edu.bjut.boudia.myMain - meter_5926552429915842993:26034600
BruceChen 13:02:18.785 [main] INFO  edu.bjut.boudia.myMain - meter_4505305209409048105:repMsg
BruceChen 13:02:18.785 [main] INFO  edu.bjut.boudia.myMain - meter_4505305209409048105:26307200
BruceChen 13:02:18.785 [main] INFO  edu.bjut.boudia.myMain - meter_9150285367971815739:repMsg
BruceChen 13:02:18.785 [main] INFO  edu.bjut.boudia.myMain - meter_9150285367971815739:26231600
BruceChen 13:02:18.785 [main] INFO  edu.bjut.boudia.myMain - meter_4976683217272156407:repMsg
BruceChen 13:02:18.785 [main] INFO  edu.bjut.boudia.myMain - meter_4976683217272156407:26141900
BruceChen 13:02:18.785 [main] INFO  edu.bjut.boudia.myMain - meter_4755544116832542103:repMsg
BruceChen 13:02:18.785 [main] INFO  edu.bjut.boudia.myMain - meter_4755544116832542103:26345000
BruceChen 13:02:18.785 [main] INFO  edu.bjut.boudia.myMain - meter_692581381680093:repMsg
BruceChen 13:02:18.785 [main] INFO  edu.bjut.boudia.myMain - meter_692581381680093:26159700
BruceChen 13:02:18.785 [main] INFO  edu.bjut.boudia.myMain - meter_3012836732133588525:repMsg
BruceChen 13:02:18.785 [main] INFO  edu.bjut.boudia.myMain - meter_3012836732133588525:29032900
BruceChen 13:02:18.785 [main] INFO  edu.bjut.boudia.myMain - meter_6518040074735534167:repMsg
BruceChen 13:02:18.785 [main] INFO  edu.bjut.boudia.myMain - meter_6518040074735534167:26298600
BruceChen 13:02:18.785 [main] INFO  edu.bjut.boudia.myMain - meter_3469669911482752359:repMsg
BruceChen 13:02:18.785 [main] INFO  edu.bjut.boudia.myMain - meter_3469669911482752359:26472100
BruceChen 13:02:18.785 [main] INFO  edu.bjut.boudia.myMain - meter_2080924084680677673:repMsg
BruceChen 13:02:18.785 [main] INFO  edu.bjut.boudia.myMain - meter_2080924084680677673:26873400
BruceChen 13:02:21.418 [main] INFO  edu.bjut.boudia.myMain - oneTimeMeterRegTime
BruceChen 13:02:21.949 [main] INFO  edu.bjut.boudia.myMain - server:pubkey
BruceChen 13:02:21.949 [main] INFO  edu.bjut.boudia.myMain - server:1200
BruceChen 13:02:21.949 [main] INFO  edu.bjut.boudia.myMain - agg:regMsg,regMsg,regMsg,regMsg,regMsg,regMsg,regMsg,regMsg,regMsg,regMsg,regMsg,regMsg,regMsg,regMsg,regMsg,regMsg,regMsg,regMsg,regMsg,regMsg,regMsg,regMsg,regMsg,regMsg,regMsg,regMsg,regMsg,regMsg,regMsg,regMsg,regMsg,regMsg,regMsg,regMsg,regMsg,regMsg,regMsg,regMsg,regMsg,regMsg
BruceChen 13:02:21.949 [main] INFO  edu.bjut.boudia.myMain - agg:6596100,6578300,6591700,6582200,6591200,6591400,6574100,6598900,6594700,6574600,6589000,6563800,6599300,6708400,6612500,6586800,6575700,6568300,6589700,6589900,6580300,6565500,6580900,6565700,6445400,6407100,6398700,6395700,6402900,6379300,6400200,6463000,6405900,6430000,6578300,6577400,6628200,6595200,6587400,6572900
BruceChen 13:02:21.949 [main] INFO  edu.bjut.boudia.myMain - meter_6040742682007930129:regMsg,reg_backagg,reg_cc
BruceChen 13:02:21.949 [main] INFO  edu.bjut.boudia.myMain - meter_6040742682007930129:400,6570800,600
BruceChen 13:02:21.949 [main] INFO  edu.bjut.boudia.myMain - meter_394505955556465757:regMsg,reg_backagg,reg_cc
BruceChen 13:02:21.949 [main] INFO  edu.bjut.boudia.myMain - meter_394505955556465757:700,6506700,500
BruceChen 13:02:21.949 [main] INFO  edu.bjut.boudia.myMain - meter_6407618113786392287:regMsg,reg_backagg,reg_cc
BruceChen 13:02:21.949 [main] INFO  edu.bjut.boudia.myMain - meter_6407618113786392287:500,6617900,300
BruceChen 13:02:21.949 [main] INFO  edu.bjut.boudia.myMain - meter_7062552690018912575:regMsg,reg_backagg,reg_cc
BruceChen 13:02:21.949 [main] INFO  edu.bjut.boudia.myMain - meter_7062552690018912575:300,6528500,300
BruceChen 13:02:21.949 [main] INFO  edu.bjut.boudia.myMain - meter_2421164518268575665:regMsg,reg_backagg,reg_cc
BruceChen 13:02:21.949 [main] INFO  edu.bjut.boudia.myMain - meter_2421164518268575665:500,6599000,300
BruceChen 13:02:21.949 [main] INFO  edu.bjut.boudia.myMain - meter_9207209736094347625:regMsg,reg_backagg,reg_cc
BruceChen 13:02:21.949 [main] INFO  edu.bjut.boudia.myMain - meter_9207209736094347625:300,6592700,200
BruceChen 13:02:21.949 [main] INFO  edu.bjut.boudia.myMain - meter_4608035186226544893:regMsg,reg_backagg,reg_cc
BruceChen 13:02:21.949 [main] INFO  edu.bjut.boudia.myMain - meter_4608035186226544893:300,6607100,300
BruceChen 13:02:21.949 [main] INFO  edu.bjut.boudia.myMain - meter_4473543923207335301:regMsg,reg_backagg,reg_cc
BruceChen 13:02:21.949 [main] INFO  edu.bjut.boudia.myMain - meter_4473543923207335301:300,6534200,200
BruceChen 13:02:21.949 [main] INFO  edu.bjut.boudia.myMain - meter_6775934392974177319:regMsg,reg_backagg,reg_cc
BruceChen 13:02:21.949 [main] INFO  edu.bjut.boudia.myMain - meter_6775934392974177319:300,6556400,200
BruceChen 13:02:21.949 [main] INFO  edu.bjut.boudia.myMain - meter_7441013756929558695:regMsg,reg_backagg,reg_cc
BruceChen 13:02:21.949 [main] INFO  edu.bjut.boudia.myMain - meter_7441013756929558695:300,6571200,200
BruceChen 13:02:21.949 [main] INFO  edu.bjut.boudia.myMain - meter_5825538711868895881:regMsg,reg_backagg,reg_cc
BruceChen 13:02:21.949 [main] INFO  edu.bjut.boudia.myMain - meter_5825538711868895881:300,6604300,400
BruceChen 13:02:21.949 [main] INFO  edu.bjut.boudia.myMain - meter_2608029149840837775:regMsg,reg_backagg,reg_cc
BruceChen 13:02:21.949 [main] INFO  edu.bjut.boudia.myMain - meter_2608029149840837775:600,6476000,100
BruceChen 13:02:21.949 [main] INFO  edu.bjut.boudia.myMain - meter_7165492106011418539:regMsg,reg_backagg,reg_cc
BruceChen 13:02:21.949 [main] INFO  edu.bjut.boudia.myMain - meter_7165492106011418539:300,6576900,300
BruceChen 13:02:21.949 [main] INFO  edu.bjut.boudia.myMain - meter_3954011536639056729:regMsg,reg_backagg,reg_cc
BruceChen 13:02:21.949 [main] INFO  edu.bjut.boudia.myMain - meter_3954011536639056729:700,6530200,400
BruceChen 13:02:21.949 [main] INFO  edu.bjut.boudia.myMain - meter_7849994076161806183:regMsg,reg_backagg,reg_cc
BruceChen 13:02:21.949 [main] INFO  edu.bjut.boudia.myMain - meter_7849994076161806183:600,6483400,500
BruceChen 13:02:21.949 [main] INFO  edu.bjut.boudia.myMain - meter_7525231787351275363:regMsg,reg_backagg,reg_cc
BruceChen 13:02:21.949 [main] INFO  edu.bjut.boudia.myMain - meter_7525231787351275363:800,6610400,1000
BruceChen 13:02:21.949 [main] INFO  edu.bjut.boudia.myMain - meter_4473614144591949719:regMsg,reg_backagg,reg_cc
BruceChen 13:02:21.949 [main] INFO  edu.bjut.boudia.myMain - meter_4473614144591949719:1500,6542800,100
BruceChen 13:02:21.949 [main] INFO  edu.bjut.boudia.myMain - meter_4430131218935747673:regMsg,reg_backagg,reg_cc
BruceChen 13:02:21.949 [main] INFO  edu.bjut.boudia.myMain - meter_4430131218935747673:500,6576700,400
BruceChen 13:02:21.949 [main] INFO  edu.bjut.boudia.myMain - meter_3213480282871058575:regMsg,reg_backagg,reg_cc
BruceChen 13:02:21.949 [main] INFO  edu.bjut.boudia.myMain - meter_3213480282871058575:300,6561300,300
BruceChen 13:02:21.949 [main] INFO  edu.bjut.boudia.myMain - meter_1122456978146992565:regMsg,reg_backagg,reg_cc
BruceChen 13:02:21.949 [main] INFO  edu.bjut.boudia.myMain - meter_1122456978146992565:300,6563300,200
BruceChen 13:02:21.949 [main] INFO  edu.bjut.boudia.myMain - meter_788212857215064947:regMsg,reg_backagg,reg_cc
BruceChen 13:02:21.949 [main] INFO  edu.bjut.boudia.myMain - meter_788212857215064947:200,6563100,200
BruceChen 13:02:21.949 [main] INFO  edu.bjut.boudia.myMain - meter_2360921976851474661:regMsg,reg_backagg,reg_cc
BruceChen 13:02:21.949 [main] INFO  edu.bjut.boudia.myMain - meter_2360921976851474661:300,6545600,200
BruceChen 13:02:21.949 [main] INFO  edu.bjut.boudia.myMain - meter_7755105863656856563:regMsg,reg_backagg,reg_cc
BruceChen 13:02:21.949 [main] INFO  edu.bjut.boudia.myMain - meter_7755105863656856563:300,6552600,500
BruceChen 13:02:21.949 [main] INFO  edu.bjut.boudia.myMain - meter_5755027523759301955:regMsg,reg_backagg,reg_cc
BruceChen 13:02:21.949 [main] INFO  edu.bjut.boudia.myMain - meter_5755027523759301955:700,6596900,400
BruceChen 13:02:21.949 [main] INFO  edu.bjut.boudia.myMain - meter_2244673246672139551:regMsg,reg_backagg,reg_cc
BruceChen 13:02:21.949 [main] INFO  edu.bjut.boudia.myMain - meter_2244673246672139551:600,6467900,200
BruceChen 13:02:21.949 [main] INFO  edu.bjut.boudia.myMain - meter_4381437521050439403:regMsg,reg_backagg,reg_cc
BruceChen 13:02:21.949 [main] INFO  edu.bjut.boudia.myMain - meter_4381437521050439403:300,6425500,200
BruceChen 13:02:21.949 [main] INFO  edu.bjut.boudia.myMain - meter_4511915866292489759:regMsg,reg_backagg,reg_cc
BruceChen 13:02:21.949 [main] INFO  edu.bjut.boudia.myMain - meter_4511915866292489759:200,6384000,200
BruceChen 13:02:21.949 [main] INFO  edu.bjut.boudia.myMain - meter_7197339108344698239:regMsg,reg_backagg,reg_cc
BruceChen 13:02:21.949 [main] INFO  edu.bjut.boudia.myMain - meter_7197339108344698239:300,6341100,300
BruceChen 13:02:21.949 [main] INFO  edu.bjut.boudia.myMain - meter_8998649557732589859:regMsg,reg_backagg,reg_cc
BruceChen 13:02:21.949 [main] INFO  edu.bjut.boudia.myMain - meter_8998649557732589859:200,6301500,200
BruceChen 13:02:21.949 [main] INFO  edu.bjut.boudia.myMain - meter_2177397670139415343:regMsg,reg_backagg,reg_cc
BruceChen 13:02:21.949 [main] INFO  edu.bjut.boudia.myMain - meter_2177397670139415343:200,6279600,200
BruceChen 13:02:21.949 [main] INFO  edu.bjut.boudia.myMain - meter_8878865827165700479:regMsg,reg_backagg,reg_cc
BruceChen 13:02:21.949 [main] INFO  edu.bjut.boudia.myMain - meter_8878865827165700479:300,6377300,200
BruceChen 13:02:21.949 [main] INFO  edu.bjut.boudia.myMain - meter_6541957388834842195:regMsg,reg_backagg,reg_cc
BruceChen 13:02:21.949 [main] INFO  edu.bjut.boudia.myMain - meter_6541957388834842195:400,6382600,300
BruceChen 13:02:21.949 [main] INFO  edu.bjut.boudia.myMain - meter_5222839608651394175:regMsg,reg_backagg,reg_cc
BruceChen 13:02:21.949 [main] INFO  edu.bjut.boudia.myMain - meter_5222839608651394175:600,6585000,400
BruceChen 13:02:21.949 [main] INFO  edu.bjut.boudia.myMain - meter_4339999345637801605:regMsg,reg_backagg,reg_cc
BruceChen 13:02:21.949 [main] INFO  edu.bjut.boudia.myMain - meter_4339999345637801605:600,6378500,300
BruceChen 13:02:21.949 [main] INFO  edu.bjut.boudia.myMain - meter_8887578490259272627:regMsg,reg_backagg,reg_cc
BruceChen 13:02:21.949 [main] INFO  edu.bjut.boudia.myMain - meter_8887578490259272627:11800,6549800,200
BruceChen 13:02:21.949 [main] INFO  edu.bjut.boudia.myMain - meter_6473039321092580149:regMsg,reg_backagg,reg_cc
BruceChen 13:02:21.949 [main] INFO  edu.bjut.boudia.myMain - meter_6473039321092580149:500,6552600,300
BruceChen 13:02:21.949 [main] INFO  edu.bjut.boudia.myMain - meter_4492295364053789785:regMsg,reg_backagg,reg_cc
BruceChen 13:02:21.949 [main] INFO  edu.bjut.boudia.myMain - meter_4492295364053789785:8600,6548800,2500
BruceChen 13:02:21.949 [main] INFO  edu.bjut.boudia.myMain - meter_2405851141937773337:regMsg,reg_backagg,reg_cc
BruceChen 13:02:21.949 [main] INFO  edu.bjut.boudia.myMain - meter_2405851141937773337:0,6509200,0
BruceChen 13:02:21.949 [main] INFO  edu.bjut.boudia.myMain - meter_7931546298527960849:regMsg,reg_backagg,reg_cc
BruceChen 13:02:21.949 [main] INFO  edu.bjut.boudia.myMain - meter_7931546298527960849:0,6513000,0
BruceChen 13:02:21.949 [main] INFO  edu.bjut.boudia.myMain - meter_3817562004009559851:regMsg,reg_backagg,reg_cc
BruceChen 13:02:21.949 [main] INFO  edu.bjut.boudia.myMain - meter_3817562004009559851:0,6530800,0
BruceChen 13:02:22.481 [main] INFO  edu.bjut.boudia.myMain - oneTimeMeterRepTime
BruceChen 13:02:23.840 [main] INFO  edu.bjut.boudia.myMain - server:repMsg
BruceChen 13:02:23.840 [main] INFO  edu.bjut.boudia.myMain - server:32417500
BruceChen 13:02:23.840 [main] INFO  edu.bjut.boudia.myMain - agg:repMsg
BruceChen 13:02:23.840 [main] INFO  edu.bjut.boudia.myMain - agg:281457000
BruceChen 13:02:23.840 [main] INFO  edu.bjut.boudia.myMain - meter_6040742682007930129:repMsg
BruceChen 13:02:23.840 [main] INFO  edu.bjut.boudia.myMain - meter_6040742682007930129:25516700
BruceChen 13:02:23.840 [main] INFO  edu.bjut.boudia.myMain - meter_394505955556465757:repMsg
BruceChen 13:02:23.840 [main] INFO  edu.bjut.boudia.myMain - meter_394505955556465757:25481300
BruceChen 13:02:23.840 [main] INFO  edu.bjut.boudia.myMain - meter_6407618113786392287:repMsg
BruceChen 13:02:23.840 [main] INFO  edu.bjut.boudia.myMain - meter_6407618113786392287:25375600
BruceChen 13:02:23.840 [main] INFO  edu.bjut.boudia.myMain - meter_7062552690018912575:repMsg
BruceChen 13:02:23.840 [main] INFO  edu.bjut.boudia.myMain - meter_7062552690018912575:25368800
BruceChen 13:02:23.840 [main] INFO  edu.bjut.boudia.myMain - meter_2421164518268575665:repMsg
BruceChen 13:02:23.840 [main] INFO  edu.bjut.boudia.myMain - meter_2421164518268575665:25729400
BruceChen 13:02:23.840 [main] INFO  edu.bjut.boudia.myMain - meter_9207209736094347625:repMsg
BruceChen 13:02:23.840 [main] INFO  edu.bjut.boudia.myMain - meter_9207209736094347625:26040000
BruceChen 13:02:23.840 [main] INFO  edu.bjut.boudia.myMain - meter_4608035186226544893:repMsg
BruceChen 13:02:23.840 [main] INFO  edu.bjut.boudia.myMain - meter_4608035186226544893:26160600
BruceChen 13:02:23.840 [main] INFO  edu.bjut.boudia.myMain - meter_4473543923207335301:repMsg
BruceChen 13:02:23.840 [main] INFO  edu.bjut.boudia.myMain - meter_4473543923207335301:26253000
BruceChen 13:02:23.840 [main] INFO  edu.bjut.boudia.myMain - meter_6775934392974177319:repMsg
BruceChen 13:02:23.840 [main] INFO  edu.bjut.boudia.myMain - meter_6775934392974177319:26453200
BruceChen 13:02:23.840 [main] INFO  edu.bjut.boudia.myMain - meter_7441013756929558695:repMsg
BruceChen 13:02:23.840 [main] INFO  edu.bjut.boudia.myMain - meter_7441013756929558695:27301100
BruceChen 13:02:23.840 [main] INFO  edu.bjut.boudia.myMain - meter_5825538711868895881:repMsg
BruceChen 13:02:23.840 [main] INFO  edu.bjut.boudia.myMain - meter_5825538711868895881:26199200
BruceChen 13:02:23.840 [main] INFO  edu.bjut.boudia.myMain - meter_2608029149840837775:repMsg
BruceChen 13:02:23.840 [main] INFO  edu.bjut.boudia.myMain - meter_2608029149840837775:26275600
BruceChen 13:02:23.840 [main] INFO  edu.bjut.boudia.myMain - meter_7165492106011418539:repMsg
BruceChen 13:02:23.840 [main] INFO  edu.bjut.boudia.myMain - meter_7165492106011418539:26239600
BruceChen 13:02:23.840 [main] INFO  edu.bjut.boudia.myMain - meter_3954011536639056729:repMsg
BruceChen 13:02:23.840 [main] INFO  edu.bjut.boudia.myMain - meter_3954011536639056729:26003500
BruceChen 13:02:23.840 [main] INFO  edu.bjut.boudia.myMain - meter_7849994076161806183:repMsg
BruceChen 13:02:23.840 [main] INFO  edu.bjut.boudia.myMain - meter_7849994076161806183:26256100
BruceChen 13:02:23.840 [main] INFO  edu.bjut.boudia.myMain - meter_7525231787351275363:repMsg
BruceChen 13:02:23.840 [main] INFO  edu.bjut.boudia.myMain - meter_7525231787351275363:26341000
BruceChen 13:02:23.840 [main] INFO  edu.bjut.boudia.myMain - meter_4473614144591949719:repMsg
BruceChen 13:02:23.840 [main] INFO  edu.bjut.boudia.myMain - meter_4473614144591949719:26027100
BruceChen 13:02:23.840 [main] INFO  edu.bjut.boudia.myMain - meter_4430131218935747673:repMsg
BruceChen 13:02:23.840 [main] INFO  edu.bjut.boudia.myMain - meter_4430131218935747673:26282300
BruceChen 13:02:23.840 [main] INFO  edu.bjut.boudia.myMain - meter_3213480282871058575:repMsg
BruceChen 13:02:23.840 [main] INFO  edu.bjut.boudia.myMain - meter_3213480282871058575:26173900
BruceChen 13:02:23.840 [main] INFO  edu.bjut.boudia.myMain - meter_1122456978146992565:repMsg
BruceChen 13:02:23.840 [main] INFO  edu.bjut.boudia.myMain - meter_1122456978146992565:26069000
BruceChen 13:02:23.840 [main] INFO  edu.bjut.boudia.myMain - meter_788212857215064947:repMsg
BruceChen 13:02:23.840 [main] INFO  edu.bjut.boudia.myMain - meter_788212857215064947:26351100
BruceChen 13:02:23.840 [main] INFO  edu.bjut.boudia.myMain - meter_2360921976851474661:repMsg
BruceChen 13:02:23.840 [main] INFO  edu.bjut.boudia.myMain - meter_2360921976851474661:25827200
BruceChen 13:02:23.840 [main] INFO  edu.bjut.boudia.myMain - meter_7755105863656856563:repMsg
BruceChen 13:02:23.840 [main] INFO  edu.bjut.boudia.myMain - meter_7755105863656856563:26155400
BruceChen 13:02:23.840 [main] INFO  edu.bjut.boudia.myMain - meter_5755027523759301955:repMsg
BruceChen 13:02:23.840 [main] INFO  edu.bjut.boudia.myMain - meter_5755027523759301955:26262200
BruceChen 13:02:23.840 [main] INFO  edu.bjut.boudia.myMain - meter_2244673246672139551:repMsg
BruceChen 13:02:23.840 [main] INFO  edu.bjut.boudia.myMain - meter_2244673246672139551:26296200
BruceChen 13:02:23.840 [main] INFO  edu.bjut.boudia.myMain - meter_4381437521050439403:repMsg
BruceChen 13:02:23.840 [main] INFO  edu.bjut.boudia.myMain - meter_4381437521050439403:26258000
BruceChen 13:02:23.840 [main] INFO  edu.bjut.boudia.myMain - meter_4511915866292489759:repMsg
BruceChen 13:02:23.840 [main] INFO  edu.bjut.boudia.myMain - meter_4511915866292489759:26356500
BruceChen 13:02:23.840 [main] INFO  edu.bjut.boudia.myMain - meter_7197339108344698239:repMsg
BruceChen 13:02:23.840 [main] INFO  edu.bjut.boudia.myMain - meter_7197339108344698239:26249000
BruceChen 13:02:23.840 [main] INFO  edu.bjut.boudia.myMain - meter_8998649557732589859:repMsg
BruceChen 13:02:23.840 [main] INFO  edu.bjut.boudia.myMain - meter_8998649557732589859:26098800
BruceChen 13:02:23.840 [main] INFO  edu.bjut.boudia.myMain - meter_2177397670139415343:repMsg
BruceChen 13:02:23.840 [main] INFO  edu.bjut.boudia.myMain - meter_2177397670139415343:26005800
BruceChen 13:02:23.840 [main] INFO  edu.bjut.boudia.myMain - meter_8878865827165700479:repMsg
BruceChen 13:02:23.840 [main] INFO  edu.bjut.boudia.myMain - meter_8878865827165700479:26105000
BruceChen 13:02:23.840 [main] INFO  edu.bjut.boudia.myMain - meter_6541957388834842195:repMsg
BruceChen 13:02:23.840 [main] INFO  edu.bjut.boudia.myMain - meter_6541957388834842195:26369600
BruceChen 13:02:23.840 [main] INFO  edu.bjut.boudia.myMain - meter_5222839608651394175:repMsg
BruceChen 13:02:23.840 [main] INFO  edu.bjut.boudia.myMain - meter_5222839608651394175:26503600
BruceChen 13:02:23.840 [main] INFO  edu.bjut.boudia.myMain - meter_4339999345637801605:repMsg
BruceChen 13:02:23.840 [main] INFO  edu.bjut.boudia.myMain - meter_4339999345637801605:25916400
BruceChen 13:02:23.840 [main] INFO  edu.bjut.boudia.myMain - meter_8887578490259272627:repMsg
BruceChen 13:02:23.840 [main] INFO  edu.bjut.boudia.myMain - meter_8887578490259272627:26159200
BruceChen 13:02:23.840 [main] INFO  edu.bjut.boudia.myMain - meter_6473039321092580149:repMsg
BruceChen 13:02:23.840 [main] INFO  edu.bjut.boudia.myMain - meter_6473039321092580149:26265500
BruceChen 13:02:23.840 [main] INFO  edu.bjut.boudia.myMain - meter_4492295364053789785:repMsg
BruceChen 13:02:23.840 [main] INFO  edu.bjut.boudia.myMain - meter_4492295364053789785:27783400
BruceChen 13:02:23.840 [main] INFO  edu.bjut.boudia.myMain - meter_2405851141937773337:repMsg
BruceChen 13:02:23.840 [main] INFO  edu.bjut.boudia.myMain - meter_2405851141937773337:26919000
BruceChen 13:02:23.840 [main] INFO  edu.bjut.boudia.myMain - meter_7931546298527960849:repMsg
BruceChen 13:02:23.840 [main] INFO  edu.bjut.boudia.myMain - meter_7931546298527960849:26241300
BruceChen 13:02:23.840 [main] INFO  edu.bjut.boudia.myMain - meter_3817562004009559851:repMsg
BruceChen 13:02:23.840 [main] INFO  edu.bjut.boudia.myMain - meter_3817562004009559851:26384600
BruceChen 13:02:26.174 [main] INFO  edu.bjut.boudia.myMain - oneTimeMeterRegTime
BruceChen 13:02:26.565 [main] INFO  edu.bjut.boudia.myMain - server:pubkey
BruceChen 13:02:26.565 [main] INFO  edu.bjut.boudia.myMain - server:1400
BruceChen 13:02:26.565 [main] INFO  edu.bjut.boudia.myMain - agg:regMsg,regMsg,regMsg,regMsg,regMsg,regMsg,regMsg,regMsg,regMsg,regMsg,regMsg,regMsg,regMsg,regMsg,regMsg,regMsg,regMsg,regMsg,regMsg,regMsg,regMsg,regMsg,regMsg,regMsg,regMsg,regMsg,regMsg,regMsg,regMsg,regMsg
BruceChen 13:02:26.565 [main] INFO  edu.bjut.boudia.myMain - agg:6609400,6574300,6576500,6564500,6587800,6539900,6458100,6377900,6376500,6475000,6502000,6481600,6439400,6438100,6447500,6616400,6571100,6579500,6558300,6559500,6375400,6579200,6553300,6654000,6605200,6576300,6577900,6593300,6573500,6583400
BruceChen 13:02:26.565 [main] INFO  edu.bjut.boudia.myMain - meter_8380172740014695021:regMsg,reg_backagg,reg_cc
BruceChen 13:02:26.565 [main] INFO  edu.bjut.boudia.myMain - meter_8380172740014695021:100,6549200,100
BruceChen 13:02:26.565 [main] INFO  edu.bjut.boudia.myMain - meter_7138459983698510557:regMsg,reg_backagg,reg_cc
BruceChen 13:02:26.565 [main] INFO  edu.bjut.boudia.myMain - meter_7138459983698510557:100,6522900,0
BruceChen 13:02:26.565 [main] INFO  edu.bjut.boudia.myMain - meter_2222161279516580917:regMsg,reg_backagg,reg_cc
BruceChen 13:02:26.565 [main] INFO  edu.bjut.boudia.myMain - meter_2222161279516580917:100,6451300,0
BruceChen 13:02:26.565 [main] INFO  edu.bjut.boudia.myMain - meter_3605226425379059743:regMsg,reg_backagg,reg_cc
BruceChen 13:02:26.565 [main] INFO  edu.bjut.boudia.myMain - meter_3605226425379059743:0,6478200,0
BruceChen 13:02:26.565 [main] INFO  edu.bjut.boudia.myMain - meter_5436372684284078881:regMsg,reg_backagg,reg_cc
BruceChen 13:02:26.565 [main] INFO  edu.bjut.boudia.myMain - meter_5436372684284078881:100,6484500,0
BruceChen 13:02:26.565 [main] INFO  edu.bjut.boudia.myMain - meter_5919613088014274313:regMsg,reg_backagg,reg_cc
BruceChen 13:02:26.565 [main] INFO  edu.bjut.boudia.myMain - meter_5919613088014274313:0,6456600,100
BruceChen 13:02:26.565 [main] INFO  edu.bjut.boudia.myMain - meter_5690442133953941273:regMsg,reg_backagg,reg_cc
BruceChen 13:02:26.565 [main] INFO  edu.bjut.boudia.myMain - meter_5690442133953941273:0,6210500,0
BruceChen 13:02:26.565 [main] INFO  edu.bjut.boudia.myMain - meter_960895862257852147:regMsg,reg_backagg,reg_cc
BruceChen 13:02:26.565 [main] INFO  edu.bjut.boudia.myMain - meter_960895862257852147:0,6476300,100
BruceChen 13:02:26.565 [main] INFO  edu.bjut.boudia.myMain - meter_4715253475416055647:regMsg,reg_backagg,reg_cc
BruceChen 13:02:26.565 [main] INFO  edu.bjut.boudia.myMain - meter_4715253475416055647:0,6366900,100
BruceChen 13:02:26.565 [main] INFO  edu.bjut.boudia.myMain - meter_3012444076904250847:regMsg,reg_backagg,reg_cc
BruceChen 13:02:26.565 [main] INFO  edu.bjut.boudia.myMain - meter_3012444076904250847:100,6410300,100
BruceChen 13:02:26.565 [main] INFO  edu.bjut.boudia.myMain - meter_1597489894931534613:regMsg,reg_backagg,reg_cc
BruceChen 13:02:26.565 [main] INFO  edu.bjut.boudia.myMain - meter_1597489894931534613:100,6372900,100
BruceChen 13:02:26.565 [main] INFO  edu.bjut.boudia.myMain - meter_3048391296337284085:regMsg,reg_backagg,reg_cc
BruceChen 13:02:26.565 [main] INFO  edu.bjut.boudia.myMain - meter_3048391296337284085:0,6387800,100
BruceChen 13:02:26.565 [main] INFO  edu.bjut.boudia.myMain - meter_3009966385873625091:regMsg,reg_backagg,reg_cc
BruceChen 13:02:26.565 [main] INFO  edu.bjut.boudia.myMain - meter_3009966385873625091:0,6397700,100
BruceChen 13:02:26.565 [main] INFO  edu.bjut.boudia.myMain - meter_3492638203498045871:regMsg,reg_backagg,reg_cc
BruceChen 13:02:26.565 [main] INFO  edu.bjut.boudia.myMain - meter_3492638203498045871:0,6312800,0
BruceChen 13:02:26.565 [main] INFO  edu.bjut.boudia.myMain - meter_2454164278823701529:regMsg,reg_backagg,reg_cc
BruceChen 13:02:26.565 [main] INFO  edu.bjut.boudia.myMain - meter_2454164278823701529:0,7461400,100
BruceChen 13:02:26.565 [main] INFO  edu.bjut.boudia.myMain - meter_83237433243136479:regMsg,reg_backagg,reg_cc
BruceChen 13:02:26.565 [main] INFO  edu.bjut.boudia.myMain - meter_83237433243136479:100,6679400,100
BruceChen 13:02:26.565 [main] INFO  edu.bjut.boudia.myMain - meter_549137674890135765:regMsg,reg_backagg,reg_cc
BruceChen 13:02:26.565 [main] INFO  edu.bjut.boudia.myMain - meter_549137674890135765:0,6566300,100
BruceChen 13:02:26.565 [main] INFO  edu.bjut.boudia.myMain - meter_6465715016512059125:regMsg,reg_backagg,reg_cc
BruceChen 13:02:26.565 [main] INFO  edu.bjut.boudia.myMain - meter_6465715016512059125:0,6608900,100
BruceChen 13:02:26.565 [main] INFO  edu.bjut.boudia.myMain - meter_4465374080641783539:regMsg,reg_backagg,reg_cc
BruceChen 13:02:26.565 [main] INFO  edu.bjut.boudia.myMain - meter_4465374080641783539:0,6530700,0
BruceChen 13:02:26.565 [main] INFO  edu.bjut.boudia.myMain - meter_7863425926814923949:regMsg,reg_backagg,reg_cc
BruceChen 13:02:26.565 [main] INFO  edu.bjut.boudia.myMain - meter_7863425926814923949:100,6518200,0
BruceChen 13:02:26.565 [main] INFO  edu.bjut.boudia.myMain - meter_7457877134949796977:regMsg,reg_backagg,reg_cc
BruceChen 13:02:26.565 [main] INFO  edu.bjut.boudia.myMain - meter_7457877134949796977:100,6366700,100
BruceChen 13:02:26.565 [main] INFO  edu.bjut.boudia.myMain - meter_5186626192353007985:regMsg,reg_backagg,reg_cc
BruceChen 13:02:26.565 [main] INFO  edu.bjut.boudia.myMain - meter_5186626192353007985:100,6581000,300
BruceChen 13:02:26.565 [main] INFO  edu.bjut.boudia.myMain - meter_2424147867897771515:regMsg,reg_backagg,reg_cc
BruceChen 13:02:26.565 [main] INFO  edu.bjut.boudia.myMain - meter_2424147867897771515:0,6670300,100
BruceChen 13:02:26.565 [main] INFO  edu.bjut.boudia.myMain - meter_438504443559150999:regMsg,reg_backagg,reg_cc
BruceChen 13:02:26.565 [main] INFO  edu.bjut.boudia.myMain - meter_438504443559150999:0,6521300,200
BruceChen 13:02:26.565 [main] INFO  edu.bjut.boudia.myMain - meter_7781300760097498405:regMsg,reg_backagg,reg_cc
BruceChen 13:02:26.565 [main] INFO  edu.bjut.boudia.myMain - meter_7781300760097498405:100,6631500,0
BruceChen 13:02:26.565 [main] INFO  edu.bjut.boudia.myMain - meter_9157176657970835095:regMsg,reg_backagg,reg_cc
BruceChen 13:02:26.565 [main] INFO  edu.bjut.boudia.myMain - meter_9157176657970835095:0,6331400,100
BruceChen 13:02:26.565 [main] INFO  edu.bjut.boudia.myMain - meter_4398669622980222717:regMsg,reg_backagg,reg_cc
BruceChen 13:02:26.565 [main] INFO  edu.bjut.boudia.myMain - meter_4398669622980222717:0,6480400,100
BruceChen 13:02:26.565 [main] INFO  edu.bjut.boudia.myMain - meter_8274771833125335675:regMsg,reg_backagg,reg_cc
BruceChen 13:02:26.565 [main] INFO  edu.bjut.boudia.myMain - meter_8274771833125335675:100,6618300,100
BruceChen 13:02:26.565 [main] INFO  edu.bjut.boudia.myMain - meter_2312383132243979513:regMsg,reg_backagg,reg_cc
BruceChen 13:02:26.565 [main] INFO  edu.bjut.boudia.myMain - meter_2312383132243979513:0,6568900,100
BruceChen 13:02:26.565 [main] INFO  edu.bjut.boudia.myMain - meter_4887791353164021475:regMsg,reg_backagg,reg_cc
BruceChen 13:02:26.565 [main] INFO  edu.bjut.boudia.myMain - meter_4887791353164021475:0,6578900,100
BruceChen 13:02:26.971 [main] INFO  edu.bjut.boudia.myMain - oneTimeMeterRepTime
BruceChen 13:02:28.002 [main] INFO  edu.bjut.boudia.myMain - server:repMsg
BruceChen 13:02:28.002 [main] INFO  edu.bjut.boudia.myMain - server:32461800
BruceChen 13:02:28.002 [main] INFO  edu.bjut.boudia.myMain - agg:repMsg
BruceChen 13:02:28.002 [main] INFO  edu.bjut.boudia.myMain - agg:212803700
BruceChen 13:02:28.002 [main] INFO  edu.bjut.boudia.myMain - meter_8380172740014695021:repMsg
BruceChen 13:02:28.002 [main] INFO  edu.bjut.boudia.myMain - meter_8380172740014695021:26250700
BruceChen 13:02:28.002 [main] INFO  edu.bjut.boudia.myMain - meter_7138459983698510557:repMsg
BruceChen 13:02:28.002 [main] INFO  edu.bjut.boudia.myMain - meter_7138459983698510557:26304600
BruceChen 13:02:28.002 [main] INFO  edu.bjut.boudia.myMain - meter_2222161279516580917:repMsg
BruceChen 13:02:28.002 [main] INFO  edu.bjut.boudia.myMain - meter_2222161279516580917:26087100
BruceChen 13:02:28.002 [main] INFO  edu.bjut.boudia.myMain - meter_3605226425379059743:repMsg
BruceChen 13:02:28.002 [main] INFO  edu.bjut.boudia.myMain - meter_3605226425379059743:26131900
BruceChen 13:02:28.002 [main] INFO  edu.bjut.boudia.myMain - meter_5436372684284078881:repMsg
BruceChen 13:02:28.002 [main] INFO  edu.bjut.boudia.myMain - meter_5436372684284078881:27572000
BruceChen 13:02:28.002 [main] INFO  edu.bjut.boudia.myMain - meter_5919613088014274313:repMsg
BruceChen 13:02:28.002 [main] INFO  edu.bjut.boudia.myMain - meter_5919613088014274313:26235500
BruceChen 13:02:28.002 [main] INFO  edu.bjut.boudia.myMain - meter_5690442133953941273:repMsg
BruceChen 13:02:28.002 [main] INFO  edu.bjut.boudia.myMain - meter_5690442133953941273:26160700
BruceChen 13:02:28.002 [main] INFO  edu.bjut.boudia.myMain - meter_960895862257852147:repMsg
BruceChen 13:02:28.002 [main] INFO  edu.bjut.boudia.myMain - meter_960895862257852147:26078100
BruceChen 13:02:28.002 [main] INFO  edu.bjut.boudia.myMain - meter_4715253475416055647:repMsg
BruceChen 13:02:28.002 [main] INFO  edu.bjut.boudia.myMain - meter_4715253475416055647:26221600
BruceChen 13:02:28.002 [main] INFO  edu.bjut.boudia.myMain - meter_3012444076904250847:repMsg
BruceChen 13:02:28.002 [main] INFO  edu.bjut.boudia.myMain - meter_3012444076904250847:26016300
BruceChen 13:02:28.002 [main] INFO  edu.bjut.boudia.myMain - meter_1597489894931534613:repMsg
BruceChen 13:02:28.002 [main] INFO  edu.bjut.boudia.myMain - meter_1597489894931534613:26223900
BruceChen 13:02:28.002 [main] INFO  edu.bjut.boudia.myMain - meter_3048391296337284085:repMsg
BruceChen 13:02:28.002 [main] INFO  edu.bjut.boudia.myMain - meter_3048391296337284085:26118400
BruceChen 13:02:28.002 [main] INFO  edu.bjut.boudia.myMain - meter_3009966385873625091:repMsg
BruceChen 13:02:28.002 [main] INFO  edu.bjut.boudia.myMain - meter_3009966385873625091:26042800
BruceChen 13:02:28.002 [main] INFO  edu.bjut.boudia.myMain - meter_3492638203498045871:repMsg
BruceChen 13:02:28.002 [main] INFO  edu.bjut.boudia.myMain - meter_3492638203498045871:25584300
BruceChen 13:02:28.002 [main] INFO  edu.bjut.boudia.myMain - meter_2454164278823701529:repMsg
BruceChen 13:02:28.002 [main] INFO  edu.bjut.boudia.myMain - meter_2454164278823701529:26254300
BruceChen 13:02:28.002 [main] INFO  edu.bjut.boudia.myMain - meter_83237433243136479:repMsg
BruceChen 13:02:28.002 [main] INFO  edu.bjut.boudia.myMain - meter_83237433243136479:26039800
BruceChen 13:02:28.002 [main] INFO  edu.bjut.boudia.myMain - meter_549137674890135765:repMsg
BruceChen 13:02:28.002 [main] INFO  edu.bjut.boudia.myMain - meter_549137674890135765:26138400
BruceChen 13:02:28.002 [main] INFO  edu.bjut.boudia.myMain - meter_6465715016512059125:repMsg
BruceChen 13:02:28.002 [main] INFO  edu.bjut.boudia.myMain - meter_6465715016512059125:26261200
BruceChen 13:02:28.002 [main] INFO  edu.bjut.boudia.myMain - meter_4465374080641783539:repMsg
BruceChen 13:02:28.002 [main] INFO  edu.bjut.boudia.myMain - meter_4465374080641783539:26330100
BruceChen 13:02:28.002 [main] INFO  edu.bjut.boudia.myMain - meter_7863425926814923949:repMsg
BruceChen 13:02:28.002 [main] INFO  edu.bjut.boudia.myMain - meter_7863425926814923949:26146200
BruceChen 13:02:28.002 [main] INFO  edu.bjut.boudia.myMain - meter_7457877134949796977:repMsg
BruceChen 13:02:28.002 [main] INFO  edu.bjut.boudia.myMain - meter_7457877134949796977:26087000
BruceChen 13:02:28.002 [main] INFO  edu.bjut.boudia.myMain - meter_5186626192353007985:repMsg
BruceChen 13:02:28.002 [main] INFO  edu.bjut.boudia.myMain - meter_5186626192353007985:26046900
BruceChen 13:02:28.002 [main] INFO  edu.bjut.boudia.myMain - meter_2424147867897771515:repMsg
BruceChen 13:02:28.002 [main] INFO  edu.bjut.boudia.myMain - meter_2424147867897771515:26221300
BruceChen 13:02:28.002 [main] INFO  edu.bjut.boudia.myMain - meter_438504443559150999:repMsg
BruceChen 13:02:28.002 [main] INFO  edu.bjut.boudia.myMain - meter_438504443559150999:26338200
BruceChen 13:02:28.002 [main] INFO  edu.bjut.boudia.myMain - meter_7781300760097498405:repMsg
BruceChen 13:02:28.002 [main] INFO  edu.bjut.boudia.myMain - meter_7781300760097498405:26248600
BruceChen 13:02:28.002 [main] INFO  edu.bjut.boudia.myMain - meter_9157176657970835095:repMsg
BruceChen 13:02:28.002 [main] INFO  edu.bjut.boudia.myMain - meter_9157176657970835095:26183000
BruceChen 13:02:28.002 [main] INFO  edu.bjut.boudia.myMain - meter_4398669622980222717:repMsg
BruceChen 13:02:28.002 [main] INFO  edu.bjut.boudia.myMain - meter_4398669622980222717:26128400
BruceChen 13:02:28.002 [main] INFO  edu.bjut.boudia.myMain - meter_8274771833125335675:repMsg
BruceChen 13:02:28.002 [main] INFO  edu.bjut.boudia.myMain - meter_8274771833125335675:27534200
BruceChen 13:02:28.002 [main] INFO  edu.bjut.boudia.myMain - meter_2312383132243979513:repMsg
BruceChen 13:02:28.002 [main] INFO  edu.bjut.boudia.myMain - meter_2312383132243979513:26390900
BruceChen 13:02:28.002 [main] INFO  edu.bjut.boudia.myMain - meter_4887791353164021475:repMsg
BruceChen 13:02:28.002 [main] INFO  edu.bjut.boudia.myMain - meter_4887791353164021475:26222900
BruceChen 13:02:29.361 [main] INFO  edu.bjut.boudia.myMain - oneTimeMeterRegTime
BruceChen 13:02:29.611 [main] INFO  edu.bjut.boudia.myMain - server:pubkey
BruceChen 13:02:29.611 [main] INFO  edu.bjut.boudia.myMain - server:1100
BruceChen 13:02:29.611 [main] INFO  edu.bjut.boudia.myMain - agg:regMsg,regMsg,regMsg,regMsg,regMsg,regMsg,regMsg,regMsg,regMsg,regMsg,regMsg,regMsg,regMsg,regMsg,regMsg,regMsg,regMsg,regMsg,regMsg,regMsg
BruceChen 13:02:29.611 [main] INFO  edu.bjut.boudia.myMain - agg:6410200,6417200,6401900,6409800,6361200,6374600,6385300,6400800,6414200,6408400,6370100,6373900,6373600,6398700,6384400,6386200,6381300,6389600,6402200,6392700
BruceChen 13:02:29.611 [main] INFO  edu.bjut.boudia.myMain - meter_5724840709282254479:regMsg,reg_backagg,reg_cc
BruceChen 13:02:29.611 [main] INFO  edu.bjut.boudia.myMain - meter_5724840709282254479:100,6421100,100
BruceChen 13:02:29.611 [main] INFO  edu.bjut.boudia.myMain - meter_6505091864461611577:regMsg,reg_backagg,reg_cc
BruceChen 13:02:29.611 [main] INFO  edu.bjut.boudia.myMain - meter_6505091864461611577:100,6395100,100
BruceChen 13:02:29.611 [main] INFO  edu.bjut.boudia.myMain - meter_7803622677337095233:regMsg,reg_backagg,reg_cc
BruceChen 13:02:29.611 [main] INFO  edu.bjut.boudia.myMain - meter_7803622677337095233:100,6367800,100
BruceChen 13:02:29.611 [main] INFO  edu.bjut.boudia.myMain - meter_4221647341965940229:regMsg,reg_backagg,reg_cc
BruceChen 13:02:29.611 [main] INFO  edu.bjut.boudia.myMain - meter_4221647341965940229:100,6264700,100
BruceChen 13:02:29.611 [main] INFO  edu.bjut.boudia.myMain - meter_8641898189372197445:regMsg,reg_backagg,reg_cc
BruceChen 13:02:29.611 [main] INFO  edu.bjut.boudia.myMain - meter_8641898189372197445:0,6295000,0
BruceChen 13:02:29.611 [main] INFO  edu.bjut.boudia.myMain - meter_604673923541597645:regMsg,reg_backagg,reg_cc
BruceChen 13:02:29.611 [main] INFO  edu.bjut.boudia.myMain - meter_604673923541597645:100,6388000,0
BruceChen 13:02:29.611 [main] INFO  edu.bjut.boudia.myMain - meter_194271816470863559:regMsg,reg_backagg,reg_cc
BruceChen 13:02:29.611 [main] INFO  edu.bjut.boudia.myMain - meter_194271816470863559:100,6379800,0
BruceChen 13:02:29.611 [main] INFO  edu.bjut.boudia.myMain - meter_5460859426583076607:regMsg,reg_backagg,reg_cc
BruceChen 13:02:29.611 [main] INFO  edu.bjut.boudia.myMain - meter_5460859426583076607:0,6414100,0
BruceChen 13:02:29.611 [main] INFO  edu.bjut.boudia.myMain - meter_7058180530895850487:regMsg,reg_backagg,reg_cc
BruceChen 13:02:29.611 [main] INFO  edu.bjut.boudia.myMain - meter_7058180530895850487:0,6326000,0
BruceChen 13:02:29.611 [main] INFO  edu.bjut.boudia.myMain - meter_981336760257992469:regMsg,reg_backagg,reg_cc
BruceChen 13:02:29.611 [main] INFO  edu.bjut.boudia.myMain - meter_981336760257992469:0,6378300,0
BruceChen 13:02:29.611 [main] INFO  edu.bjut.boudia.myMain - meter_8615585281226338625:regMsg,reg_backagg,reg_cc
BruceChen 13:02:29.611 [main] INFO  edu.bjut.boudia.myMain - meter_8615585281226338625:0,6413700,100
BruceChen 13:02:29.611 [main] INFO  edu.bjut.boudia.myMain - meter_1339253970733086925:regMsg,reg_backagg,reg_cc
BruceChen 13:02:29.611 [main] INFO  edu.bjut.boudia.myMain - meter_1339253970733086925:0,6373500,100
BruceChen 13:02:29.611 [main] INFO  edu.bjut.boudia.myMain - meter_4462195079626468187:regMsg,reg_backagg,reg_cc
BruceChen 13:02:29.611 [main] INFO  edu.bjut.boudia.myMain - meter_4462195079626468187:0,6326900,0
BruceChen 13:02:29.611 [main] INFO  edu.bjut.boudia.myMain - meter_6160181176329200487:regMsg,reg_backagg,reg_cc
BruceChen 13:02:29.611 [main] INFO  edu.bjut.boudia.myMain - meter_6160181176329200487:0,6290000,0
BruceChen 13:02:29.611 [main] INFO  edu.bjut.boudia.myMain - meter_2053211438293204069:regMsg,reg_backagg,reg_cc
BruceChen 13:02:29.611 [main] INFO  edu.bjut.boudia.myMain - meter_2053211438293204069:100,6363400,100
BruceChen 13:02:29.611 [main] INFO  edu.bjut.boudia.myMain - meter_5542953422800588683:regMsg,reg_backagg,reg_cc
BruceChen 13:02:29.611 [main] INFO  edu.bjut.boudia.myMain - meter_5542953422800588683:0,6312000,100
BruceChen 13:02:29.611 [main] INFO  edu.bjut.boudia.myMain - meter_7489020714306953281:regMsg,reg_backagg,reg_cc
BruceChen 13:02:29.611 [main] INFO  edu.bjut.boudia.myMain - meter_7489020714306953281:0,6408000,0
BruceChen 13:02:29.611 [main] INFO  edu.bjut.boudia.myMain - meter_8205716231210775729:regMsg,reg_backagg,reg_cc
BruceChen 13:02:29.611 [main] INFO  edu.bjut.boudia.myMain - meter_8205716231210775729:0,6301600,100
BruceChen 13:02:29.611 [main] INFO  edu.bjut.boudia.myMain - meter_1351283714152493071:regMsg,reg_backagg,reg_cc
BruceChen 13:02:29.611 [main] INFO  edu.bjut.boudia.myMain - meter_1351283714152493071:100,6456900,0
BruceChen 13:02:29.611 [main] INFO  edu.bjut.boudia.myMain - meter_7395464276199337853:regMsg,reg_backagg,reg_cc
BruceChen 13:02:29.611 [main] INFO  edu.bjut.boudia.myMain - meter_7395464276199337853:0,6378400,100
BruceChen 13:02:29.869 [main] INFO  edu.bjut.boudia.myMain - oneTimeMeterRepTime
BruceChen 13:02:30.565 [main] INFO  edu.bjut.boudia.myMain - server:repMsg
BruceChen 13:02:30.565 [main] INFO  edu.bjut.boudia.myMain - server:33819600
BruceChen 13:02:30.565 [main] INFO  edu.bjut.boudia.myMain - agg:repMsg
BruceChen 13:02:30.565 [main] INFO  edu.bjut.boudia.myMain - agg:142932000
BruceChen 13:02:30.565 [main] INFO  edu.bjut.boudia.myMain - meter_5724840709282254479:repMsg
BruceChen 13:02:30.565 [main] INFO  edu.bjut.boudia.myMain - meter_5724840709282254479:25693100
BruceChen 13:02:30.565 [main] INFO  edu.bjut.boudia.myMain - meter_6505091864461611577:repMsg
BruceChen 13:02:30.565 [main] INFO  edu.bjut.boudia.myMain - meter_6505091864461611577:25763500
BruceChen 13:02:30.565 [main] INFO  edu.bjut.boudia.myMain - meter_7803622677337095233:repMsg
BruceChen 13:02:30.565 [main] INFO  edu.bjut.boudia.myMain - meter_7803622677337095233:25428700
BruceChen 13:02:30.565 [main] INFO  edu.bjut.boudia.myMain - meter_4221647341965940229:repMsg
BruceChen 13:02:30.565 [main] INFO  edu.bjut.boudia.myMain - meter_4221647341965940229:25491400
BruceChen 13:02:30.565 [main] INFO  edu.bjut.boudia.myMain - meter_8641898189372197445:repMsg
BruceChen 13:02:30.565 [main] INFO  edu.bjut.boudia.myMain - meter_8641898189372197445:25552800
BruceChen 13:02:30.565 [main] INFO  edu.bjut.boudia.myMain - meter_604673923541597645:repMsg
BruceChen 13:02:30.565 [main] INFO  edu.bjut.boudia.myMain - meter_604673923541597645:25389700
BruceChen 13:02:30.565 [main] INFO  edu.bjut.boudia.myMain - meter_194271816470863559:repMsg
BruceChen 13:02:30.565 [main] INFO  edu.bjut.boudia.myMain - meter_194271816470863559:26642300
BruceChen 13:02:30.565 [main] INFO  edu.bjut.boudia.myMain - meter_5460859426583076607:repMsg
BruceChen 13:02:30.565 [main] INFO  edu.bjut.boudia.myMain - meter_5460859426583076607:25194700
BruceChen 13:02:30.565 [main] INFO  edu.bjut.boudia.myMain - meter_7058180530895850487:repMsg
BruceChen 13:02:30.565 [main] INFO  edu.bjut.boudia.myMain - meter_7058180530895850487:25673600
BruceChen 13:02:30.565 [main] INFO  edu.bjut.boudia.myMain - meter_981336760257992469:repMsg
BruceChen 13:02:30.565 [main] INFO  edu.bjut.boudia.myMain - meter_981336760257992469:25526400
BruceChen 13:02:30.565 [main] INFO  edu.bjut.boudia.myMain - meter_8615585281226338625:repMsg
BruceChen 13:02:30.565 [main] INFO  edu.bjut.boudia.myMain - meter_8615585281226338625:25487900
BruceChen 13:02:30.565 [main] INFO  edu.bjut.boudia.myMain - meter_1339253970733086925:repMsg
BruceChen 13:02:30.565 [main] INFO  edu.bjut.boudia.myMain - meter_1339253970733086925:25684500
BruceChen 13:02:30.565 [main] INFO  edu.bjut.boudia.myMain - meter_4462195079626468187:repMsg
BruceChen 13:02:30.565 [main] INFO  edu.bjut.boudia.myMain - meter_4462195079626468187:25411600
BruceChen 13:02:30.565 [main] INFO  edu.bjut.boudia.myMain - meter_6160181176329200487:repMsg
BruceChen 13:02:30.565 [main] INFO  edu.bjut.boudia.myMain - meter_6160181176329200487:25429300
BruceChen 13:02:30.565 [main] INFO  edu.bjut.boudia.myMain - meter_2053211438293204069:repMsg
BruceChen 13:02:30.565 [main] INFO  edu.bjut.boudia.myMain - meter_2053211438293204069:25666000
BruceChen 13:02:30.565 [main] INFO  edu.bjut.boudia.myMain - meter_5542953422800588683:repMsg
BruceChen 13:02:30.565 [main] INFO  edu.bjut.boudia.myMain - meter_5542953422800588683:26126700
BruceChen 13:02:30.565 [main] INFO  edu.bjut.boudia.myMain - meter_7489020714306953281:repMsg
BruceChen 13:02:30.565 [main] INFO  edu.bjut.boudia.myMain - meter_7489020714306953281:26208400
BruceChen 13:02:30.565 [main] INFO  edu.bjut.boudia.myMain - meter_8205716231210775729:repMsg
BruceChen 13:02:30.565 [main] INFO  edu.bjut.boudia.myMain - meter_8205716231210775729:25765700
BruceChen 13:02:30.565 [main] INFO  edu.bjut.boudia.myMain - meter_1351283714152493071:repMsg
BruceChen 13:02:30.565 [main] INFO  edu.bjut.boudia.myMain - meter_1351283714152493071:25546500
BruceChen 13:02:30.565 [main] INFO  edu.bjut.boudia.myMain - meter_7395464276199337853:repMsg
BruceChen 13:02:30.565 [main] INFO  edu.bjut.boudia.myMain - meter_7395464276199337853:25475700
