BruceChen 11:41:05.989 [main] INFO  edu.bjut.boudia.myMain - oneTimeMeterRegTime
BruceChen 11:41:06.770 [main] INFO  edu.bjut.boudia.myMain - server:pubkey
BruceChen 11:41:06.770 [main] INFO  edu.bjut.boudia.myMain - server:203400
BruceChen 11:41:06.770 [main] INFO  edu.bjut.boudia.myMain - agg:regMsg,regMsg,regMsg,regMsg,regMsg,regMsg,regMsg,regMsg,regMsg,regMsg,regMsg,regMsg,regMsg,regMsg,regMsg,regMsg,regMsg,regMsg,regMsg,regMsg,regMsg,regMsg,regMsg,regMsg,regMsg,regMsg,regMsg,regMsg,regMsg,regMsg,regMsg,regMsg,regMsg,regMsg,regMsg,regMsg,regMsg,regMsg,regMsg,regMsg,regMsg,regMsg,regMsg,regMsg,regMsg,regMsg,regMsg,regMsg,regMsg,regMsg,regMsg,regMsg,regMsg,regMsg,regMsg,regMsg,regMsg,regMsg,regMsg,regMsg
BruceChen 11:41:06.775 [main] INFO  edu.bjut.boudia.myMain - agg:6782100,6596700,6582700,6600000,6625200,6540000,6400900,6424500,6390800,6415300,6396400,6428700,6403700,6403400,6450300,6374600,6659400,6382000,6365500,6377900,6409500,6378200,6394500,6359300,6407400,6406200,6403500,6365200,6383600,6370100,6778000,6536200,6473700,6413900,6398000,6364900,6390400,6522700,6389200,6422500,6374700,6386900,6393200,6414800,6386300,6392200,6374600,6366600,6422600,6418900,6374600,6374200,6398500,6394700,6415300,6394500,6370000,6978600,6355400,6400600
BruceChen 11:41:06.775 [main] INFO  edu.bjut.boudia.myMain - meter_5526835699050177791:regMsg,reg_backagg,reg_cc
BruceChen 11:41:06.775 [main] INFO  edu.bjut.boudia.myMain - meter_5526835699050177791:2400,6645700,3900
BruceChen 11:41:06.775 [main] INFO  edu.bjut.boudia.myMain - meter_1891691010791677517:regMsg,reg_backagg,reg_cc
BruceChen 11:41:06.775 [main] INFO  edu.bjut.boudia.myMain - meter_1891691010791677517:500,6682700,500
BruceChen 11:41:06.775 [main] INFO  edu.bjut.boudia.myMain - meter_3343492715555177389:regMsg,reg_backagg,reg_cc
BruceChen 11:41:06.775 [main] INFO  edu.bjut.boudia.myMain - meter_3343492715555177389:300,6566200,600
BruceChen 11:41:06.775 [main] INFO  edu.bjut.boudia.myMain - meter_5774603605991927541:regMsg,reg_backagg,reg_cc
BruceChen 11:41:06.775 [main] INFO  edu.bjut.boudia.myMain - meter_5774603605991927541:300,6696600,400
BruceChen 11:41:06.775 [main] INFO  edu.bjut.boudia.myMain - meter_8460182593571737589:regMsg,reg_backagg,reg_cc
BruceChen 11:41:06.775 [main] INFO  edu.bjut.boudia.myMain - meter_8460182593571737589:300,6599700,400
BruceChen 11:41:06.775 [main] INFO  edu.bjut.boudia.myMain - meter_1564588629786143761:regMsg,reg_backagg,reg_cc
BruceChen 11:41:06.775 [main] INFO  edu.bjut.boudia.myMain - meter_1564588629786143761:200,6094100,400
BruceChen 11:41:06.775 [main] INFO  edu.bjut.boudia.myMain - meter_565575264643483803:regMsg,reg_backagg,reg_cc
BruceChen 11:41:06.775 [main] INFO  edu.bjut.boudia.myMain - meter_565575264643483803:200,6314700,400
BruceChen 11:41:06.775 [main] INFO  edu.bjut.boudia.myMain - meter_1105592451909258199:regMsg,reg_backagg,reg_cc
BruceChen 11:41:06.775 [main] INFO  edu.bjut.boudia.myMain - meter_1105592451909258199:200,6446400,300
BruceChen 11:41:06.775 [main] INFO  edu.bjut.boudia.myMain - meter_8400998913538470449:regMsg,reg_backagg,reg_cc
BruceChen 11:41:06.775 [main] INFO  edu.bjut.boudia.myMain - meter_8400998913538470449:300,6402500,400
BruceChen 11:41:06.775 [main] INFO  edu.bjut.boudia.myMain - meter_3191927960889364191:regMsg,reg_backagg,reg_cc
BruceChen 11:41:06.775 [main] INFO  edu.bjut.boudia.myMain - meter_3191927960889364191:200,6300400,300
BruceChen 11:41:06.775 [main] INFO  edu.bjut.boudia.myMain - meter_5042605718257556225:regMsg,reg_backagg,reg_cc
BruceChen 11:41:06.775 [main] INFO  edu.bjut.boudia.myMain - meter_5042605718257556225:200,6247000,500
BruceChen 11:41:06.775 [main] INFO  edu.bjut.boudia.myMain - meter_5231006021905643197:regMsg,reg_backagg,reg_cc
BruceChen 11:41:06.775 [main] INFO  edu.bjut.boudia.myMain - meter_5231006021905643197:300,6290600,300
BruceChen 11:41:06.775 [main] INFO  edu.bjut.boudia.myMain - meter_2840320805755083611:regMsg,reg_backagg,reg_cc
BruceChen 11:41:06.775 [main] INFO  edu.bjut.boudia.myMain - meter_2840320805755083611:300,6452800,400
BruceChen 11:41:06.775 [main] INFO  edu.bjut.boudia.myMain - meter_4772358989893005637:regMsg,reg_backagg,reg_cc
BruceChen 11:41:06.775 [main] INFO  edu.bjut.boudia.myMain - meter_4772358989893005637:300,6413600,300
BruceChen 11:41:06.775 [main] INFO  edu.bjut.boudia.myMain - meter_5473933840890214291:regMsg,reg_backagg,reg_cc
BruceChen 11:41:06.775 [main] INFO  edu.bjut.boudia.myMain - meter_5473933840890214291:300,6279400,500
BruceChen 11:41:06.775 [main] INFO  edu.bjut.boudia.myMain - meter_6346389734021676619:regMsg,reg_backagg,reg_cc
BruceChen 11:41:06.775 [main] INFO  edu.bjut.boudia.myMain - meter_6346389734021676619:300,6367300,300
BruceChen 11:41:06.775 [main] INFO  edu.bjut.boudia.myMain - meter_5398835834682389097:regMsg,reg_backagg,reg_cc
BruceChen 11:41:06.775 [main] INFO  edu.bjut.boudia.myMain - meter_5398835834682389097:200,6480700,500
BruceChen 11:41:06.775 [main] INFO  edu.bjut.boudia.myMain - meter_8833634388503513867:regMsg,reg_backagg,reg_cc
BruceChen 11:41:06.775 [main] INFO  edu.bjut.boudia.myMain - meter_8833634388503513867:400,6324200,400
BruceChen 11:41:06.775 [main] INFO  edu.bjut.boudia.myMain - meter_1074819851557400489:regMsg,reg_backagg,reg_cc
BruceChen 11:41:06.775 [main] INFO  edu.bjut.boudia.myMain - meter_1074819851557400489:300,6448300,500
BruceChen 11:41:06.775 [main] INFO  edu.bjut.boudia.myMain - meter_3162825044320796075:regMsg,reg_backagg,reg_cc
BruceChen 11:41:06.775 [main] INFO  edu.bjut.boudia.myMain - meter_3162825044320796075:300,6386300,500
BruceChen 11:41:06.775 [main] INFO  edu.bjut.boudia.myMain - meter_4325666207743202321:regMsg,reg_backagg,reg_cc
BruceChen 11:41:06.775 [main] INFO  edu.bjut.boudia.myMain - meter_4325666207743202321:200,6278100,400
BruceChen 11:41:06.775 [main] INFO  edu.bjut.boudia.myMain - meter_4320252172198976161:regMsg,reg_backagg,reg_cc
BruceChen 11:41:06.775 [main] INFO  edu.bjut.boudia.myMain - meter_4320252172198976161:200,6379700,500
BruceChen 11:41:06.775 [main] INFO  edu.bjut.boudia.myMain - meter_4856727552135887481:regMsg,reg_backagg,reg_cc
BruceChen 11:41:06.775 [main] INFO  edu.bjut.boudia.myMain - meter_4856727552135887481:200,6287900,300
BruceChen 11:41:06.775 [main] INFO  edu.bjut.boudia.myMain - meter_7848452951068602407:regMsg,reg_backagg,reg_cc
BruceChen 11:41:06.775 [main] INFO  edu.bjut.boudia.myMain - meter_7848452951068602407:200,6435800,400
BruceChen 11:41:06.775 [main] INFO  edu.bjut.boudia.myMain - meter_2428269129633833649:regMsg,reg_backagg,reg_cc
BruceChen 11:41:06.775 [main] INFO  edu.bjut.boudia.myMain - meter_2428269129633833649:200,6274300,400
BruceChen 11:41:06.775 [main] INFO  edu.bjut.boudia.myMain - meter_1128151137105891429:regMsg,reg_backagg,reg_cc
BruceChen 11:41:06.775 [main] INFO  edu.bjut.boudia.myMain - meter_1128151137105891429:200,6369800,400
BruceChen 11:41:06.775 [main] INFO  edu.bjut.boudia.myMain - meter_4566477184665968353:regMsg,reg_backagg,reg_cc
BruceChen 11:41:06.775 [main] INFO  edu.bjut.boudia.myMain - meter_4566477184665968353:300,6321900,400
BruceChen 11:41:06.775 [main] INFO  edu.bjut.boudia.myMain - meter_5932089105558147865:regMsg,reg_backagg,reg_cc
BruceChen 11:41:06.775 [main] INFO  edu.bjut.boudia.myMain - meter_5932089105558147865:200,6435000,400
BruceChen 11:41:06.775 [main] INFO  edu.bjut.boudia.myMain - meter_4730767533489114755:regMsg,reg_backagg,reg_cc
BruceChen 11:41:06.775 [main] INFO  edu.bjut.boudia.myMain - meter_4730767533489114755:200,6404900,400
BruceChen 11:41:06.775 [main] INFO  edu.bjut.boudia.myMain - meter_5486324478107043687:regMsg,reg_backagg,reg_cc
BruceChen 11:41:06.775 [main] INFO  edu.bjut.boudia.myMain - meter_5486324478107043687:200,8813400,400
BruceChen 11:41:06.775 [main] INFO  edu.bjut.boudia.myMain - meter_5316806169458011911:regMsg,reg_backagg,reg_cc
BruceChen 11:41:06.775 [main] INFO  edu.bjut.boudia.myMain - meter_5316806169458011911:400,6405200,300
BruceChen 11:41:06.775 [main] INFO  edu.bjut.boudia.myMain - meter_7418857189794657513:regMsg,reg_backagg,reg_cc
BruceChen 11:41:06.775 [main] INFO  edu.bjut.boudia.myMain - meter_7418857189794657513:1300,6596000,400
BruceChen 11:41:06.775 [main] INFO  edu.bjut.boudia.myMain - meter_6222083973576850815:regMsg,reg_backagg,reg_cc
BruceChen 11:41:06.775 [main] INFO  edu.bjut.boudia.myMain - meter_6222083973576850815:300,6293800,300
BruceChen 11:41:06.775 [main] INFO  edu.bjut.boudia.myMain - meter_2108506934293791355:regMsg,reg_backagg,reg_cc
BruceChen 11:41:06.775 [main] INFO  edu.bjut.boudia.myMain - meter_2108506934293791355:200,6300800,200
BruceChen 11:41:06.775 [main] INFO  edu.bjut.boudia.myMain - meter_4743228451850076941:regMsg,reg_backagg,reg_cc
BruceChen 11:41:06.775 [main] INFO  edu.bjut.boudia.myMain - meter_4743228451850076941:100,6370600,200
BruceChen 11:41:06.775 [main] INFO  edu.bjut.boudia.myMain - meter_930346438209023667:regMsg,reg_backagg,reg_cc
BruceChen 11:41:06.775 [main] INFO  edu.bjut.boudia.myMain - meter_930346438209023667:200,6277100,300
BruceChen 11:41:06.775 [main] INFO  edu.bjut.boudia.myMain - meter_7895207411463246543:regMsg,reg_backagg,reg_cc
BruceChen 11:41:06.775 [main] INFO  edu.bjut.boudia.myMain - meter_7895207411463246543:200,6371200,300
BruceChen 11:41:06.775 [main] INFO  edu.bjut.boudia.myMain - meter_8502703262063516657:regMsg,reg_backagg,reg_cc
BruceChen 11:41:06.775 [main] INFO  edu.bjut.boudia.myMain - meter_8502703262063516657:200,6294100,300
BruceChen 11:41:06.775 [main] INFO  edu.bjut.boudia.myMain - meter_2958813191260646551:regMsg,reg_backagg,reg_cc
BruceChen 11:41:06.775 [main] INFO  edu.bjut.boudia.myMain - meter_2958813191260646551:300,6271500,300
BruceChen 11:41:06.775 [main] INFO  edu.bjut.boudia.myMain - meter_2915340331929698731:regMsg,reg_backagg,reg_cc
BruceChen 11:41:06.775 [main] INFO  edu.bjut.boudia.myMain - meter_2915340331929698731:300,6438300,300
BruceChen 11:41:06.775 [main] INFO  edu.bjut.boudia.myMain - meter_134891185870370139:regMsg,reg_backagg,reg_cc
BruceChen 11:41:06.775 [main] INFO  edu.bjut.boudia.myMain - meter_134891185870370139:300,6351300,400
BruceChen 11:41:06.775 [main] INFO  edu.bjut.boudia.myMain - meter_4444065343276366483:regMsg,reg_backagg,reg_cc
BruceChen 11:41:06.775 [main] INFO  edu.bjut.boudia.myMain - meter_4444065343276366483:300,6315200,400
BruceChen 11:41:06.775 [main] INFO  edu.bjut.boudia.myMain - meter_4042633350808464603:regMsg,reg_backagg,reg_cc
BruceChen 11:41:06.775 [main] INFO  edu.bjut.boudia.myMain - meter_4042633350808464603:300,6411400,300
BruceChen 11:41:06.775 [main] INFO  edu.bjut.boudia.myMain - meter_1546083408610073701:regMsg,reg_backagg,reg_cc
BruceChen 11:41:06.775 [main] INFO  edu.bjut.boudia.myMain - meter_1546083408610073701:300,6380500,300
BruceChen 11:41:06.775 [main] INFO  edu.bjut.boudia.myMain - meter_4140718660033654911:regMsg,reg_backagg,reg_cc
BruceChen 11:41:06.775 [main] INFO  edu.bjut.boudia.myMain - meter_4140718660033654911:300,6332200,300
BruceChen 11:41:06.775 [main] INFO  edu.bjut.boudia.myMain - meter_5035391248862602049:regMsg,reg_backagg,reg_cc
BruceChen 11:41:06.775 [main] INFO  edu.bjut.boudia.myMain - meter_5035391248862602049:300,6433400,400
BruceChen 11:41:06.775 [main] INFO  edu.bjut.boudia.myMain - meter_587213846816247919:regMsg,reg_backagg,reg_cc
BruceChen 11:41:06.775 [main] INFO  edu.bjut.boudia.myMain - meter_587213846816247919:200,6368400,500
BruceChen 11:41:06.775 [main] INFO  edu.bjut.boudia.myMain - meter_8269373528117857019:regMsg,reg_backagg,reg_cc
BruceChen 11:41:06.775 [main] INFO  edu.bjut.boudia.myMain - meter_8269373528117857019:200,6386600,300
BruceChen 11:41:06.775 [main] INFO  edu.bjut.boudia.myMain - meter_8781234752036283377:regMsg,reg_backagg,reg_cc
BruceChen 11:41:06.775 [main] INFO  edu.bjut.boudia.myMain - meter_8781234752036283377:300,6334700,300
BruceChen 11:41:06.775 [main] INFO  edu.bjut.boudia.myMain - meter_5201878772332145967:regMsg,reg_backagg,reg_cc
BruceChen 11:41:06.775 [main] INFO  edu.bjut.boudia.myMain - meter_5201878772332145967:300,6235400,300
BruceChen 11:41:06.775 [main] INFO  edu.bjut.boudia.myMain - meter_6304438647089703933:regMsg,reg_backagg,reg_cc
BruceChen 11:41:06.775 [main] INFO  edu.bjut.boudia.myMain - meter_6304438647089703933:200,6317600,300
BruceChen 11:41:06.775 [main] INFO  edu.bjut.boudia.myMain - meter_3306913612032473917:regMsg,reg_backagg,reg_cc
BruceChen 11:41:06.775 [main] INFO  edu.bjut.boudia.myMain - meter_3306913612032473917:300,6367900,400
BruceChen 11:41:06.775 [main] INFO  edu.bjut.boudia.myMain - meter_8082067692985741189:regMsg,reg_backagg,reg_cc
BruceChen 11:41:06.775 [main] INFO  edu.bjut.boudia.myMain - meter_8082067692985741189:200,6354300,500
BruceChen 11:41:06.775 [main] INFO  edu.bjut.boudia.myMain - meter_3362194382055363963:regMsg,reg_backagg,reg_cc
BruceChen 11:41:06.775 [main] INFO  edu.bjut.boudia.myMain - meter_3362194382055363963:100,6269700,300
BruceChen 11:41:06.775 [main] INFO  edu.bjut.boudia.myMain - meter_2220954784047707031:regMsg,reg_backagg,reg_cc
BruceChen 11:41:06.775 [main] INFO  edu.bjut.boudia.myMain - meter_2220954784047707031:200,6330000,300
BruceChen 11:41:06.775 [main] INFO  edu.bjut.boudia.myMain - meter_507555530898363545:regMsg,reg_backagg,reg_cc
BruceChen 11:41:06.775 [main] INFO  edu.bjut.boudia.myMain - meter_507555530898363545:100,6440000,400
BruceChen 11:41:06.775 [main] INFO  edu.bjut.boudia.myMain - meter_7251967283779484691:regMsg,reg_backagg,reg_cc
BruceChen 11:41:06.775 [main] INFO  edu.bjut.boudia.myMain - meter_7251967283779484691:200,6420300,300
BruceChen 11:41:06.775 [main] INFO  edu.bjut.boudia.myMain - meter_1885439385913304495:regMsg,reg_backagg,reg_cc
BruceChen 11:41:06.775 [main] INFO  edu.bjut.boudia.myMain - meter_1885439385913304495:300,6451600,300
BruceChen 11:41:06.775 [main] INFO  edu.bjut.boudia.myMain - meter_1101027132913799895:regMsg,reg_backagg,reg_cc
BruceChen 11:41:06.775 [main] INFO  edu.bjut.boudia.myMain - meter_1101027132913799895:300,6355100,300
BruceChen 11:41:06.775 [main] INFO  edu.bjut.boudia.myMain - meter_119866330544008895:regMsg,reg_backagg,reg_cc
BruceChen 11:41:06.775 [main] INFO  edu.bjut.boudia.myMain - meter_119866330544008895:200,6331200,400
BruceChen 11:41:07.557 [main] INFO  edu.bjut.boudia.myMain - oneTimeMeterRepTime
BruceChen 11:41:09.588 [main] INFO  edu.bjut.boudia.myMain - server:repMsg
BruceChen 11:41:09.588 [main] INFO  edu.bjut.boudia.myMain - server:31492500
BruceChen 11:41:09.588 [main] INFO  edu.bjut.boudia.myMain - agg:repMsg
BruceChen 11:41:09.588 [main] INFO  edu.bjut.boudia.myMain - agg:421509900
BruceChen 11:41:09.588 [main] INFO  edu.bjut.boudia.myMain - meter_5526835699050177791:repMsg
BruceChen 11:41:09.588 [main] INFO  edu.bjut.boudia.myMain - meter_5526835699050177791:35904400
BruceChen 11:41:09.588 [main] INFO  edu.bjut.boudia.myMain - meter_1891691010791677517:repMsg
BruceChen 11:41:09.588 [main] INFO  edu.bjut.boudia.myMain - meter_1891691010791677517:26853500
BruceChen 11:41:09.588 [main] INFO  edu.bjut.boudia.myMain - meter_3343492715555177389:repMsg
BruceChen 11:41:09.588 [main] INFO  edu.bjut.boudia.myMain - meter_3343492715555177389:26568900
BruceChen 11:41:09.588 [main] INFO  edu.bjut.boudia.myMain - meter_5774603605991927541:repMsg
BruceChen 11:41:09.588 [main] INFO  edu.bjut.boudia.myMain - meter_5774603605991927541:26568800
BruceChen 11:41:09.588 [main] INFO  edu.bjut.boudia.myMain - meter_8460182593571737589:repMsg
BruceChen 11:41:09.588 [main] INFO  edu.bjut.boudia.myMain - meter_8460182593571737589:26858800
BruceChen 11:41:09.588 [main] INFO  edu.bjut.boudia.myMain - meter_1564588629786143761:repMsg
BruceChen 11:41:09.588 [main] INFO  edu.bjut.boudia.myMain - meter_1564588629786143761:26683400
BruceChen 11:41:09.588 [main] INFO  edu.bjut.boudia.myMain - meter_565575264643483803:repMsg
BruceChen 11:41:09.588 [main] INFO  edu.bjut.boudia.myMain - meter_565575264643483803:26466500
BruceChen 11:41:09.588 [main] INFO  edu.bjut.boudia.myMain - meter_1105592451909258199:repMsg
BruceChen 11:41:09.588 [main] INFO  edu.bjut.boudia.myMain - meter_1105592451909258199:26514600
BruceChen 11:41:09.588 [main] INFO  edu.bjut.boudia.myMain - meter_8400998913538470449:repMsg
BruceChen 11:41:09.588 [main] INFO  edu.bjut.boudia.myMain - meter_8400998913538470449:25802600
BruceChen 11:41:09.588 [main] INFO  edu.bjut.boudia.myMain - meter_3191927960889364191:repMsg
BruceChen 11:41:09.588 [main] INFO  edu.bjut.boudia.myMain - meter_3191927960889364191:28826500
BruceChen 11:41:09.588 [main] INFO  edu.bjut.boudia.myMain - meter_5042605718257556225:repMsg
BruceChen 11:41:09.588 [main] INFO  edu.bjut.boudia.myMain - meter_5042605718257556225:26484200
BruceChen 11:41:09.588 [main] INFO  edu.bjut.boudia.myMain - meter_5231006021905643197:repMsg
BruceChen 11:41:09.588 [main] INFO  edu.bjut.boudia.myMain - meter_5231006021905643197:26600400
BruceChen 11:41:09.588 [main] INFO  edu.bjut.boudia.myMain - meter_2840320805755083611:repMsg
BruceChen 11:41:09.588 [main] INFO  edu.bjut.boudia.myMain - meter_2840320805755083611:27109200
BruceChen 11:41:09.588 [main] INFO  edu.bjut.boudia.myMain - meter_4772358989893005637:repMsg
BruceChen 11:41:09.588 [main] INFO  edu.bjut.boudia.myMain - meter_4772358989893005637:25516900
BruceChen 11:41:09.588 [main] INFO  edu.bjut.boudia.myMain - meter_5473933840890214291:repMsg
BruceChen 11:41:09.588 [main] INFO  edu.bjut.boudia.myMain - meter_5473933840890214291:25591800
BruceChen 11:41:09.588 [main] INFO  edu.bjut.boudia.myMain - meter_6346389734021676619:repMsg
BruceChen 11:41:09.588 [main] INFO  edu.bjut.boudia.myMain - meter_6346389734021676619:25562400
BruceChen 11:41:09.588 [main] INFO  edu.bjut.boudia.myMain - meter_5398835834682389097:repMsg
BruceChen 11:41:09.588 [main] INFO  edu.bjut.boudia.myMain - meter_5398835834682389097:25728500
BruceChen 11:41:09.588 [main] INFO  edu.bjut.boudia.myMain - meter_8833634388503513867:repMsg
BruceChen 11:41:09.588 [main] INFO  edu.bjut.boudia.myMain - meter_8833634388503513867:25839500
BruceChen 11:41:09.588 [main] INFO  edu.bjut.boudia.myMain - meter_1074819851557400489:repMsg
BruceChen 11:41:09.588 [main] INFO  edu.bjut.boudia.myMain - meter_1074819851557400489:25760100
BruceChen 11:41:09.588 [main] INFO  edu.bjut.boudia.myMain - meter_3162825044320796075:repMsg
BruceChen 11:41:09.588 [main] INFO  edu.bjut.boudia.myMain - meter_3162825044320796075:25692100
BruceChen 11:41:09.588 [main] INFO  edu.bjut.boudia.myMain - meter_4325666207743202321:repMsg
BruceChen 11:41:09.588 [main] INFO  edu.bjut.boudia.myMain - meter_4325666207743202321:25714000
BruceChen 11:41:09.588 [main] INFO  edu.bjut.boudia.myMain - meter_4320252172198976161:repMsg
BruceChen 11:41:09.588 [main] INFO  edu.bjut.boudia.myMain - meter_4320252172198976161:25699600
BruceChen 11:41:09.588 [main] INFO  edu.bjut.boudia.myMain - meter_4856727552135887481:repMsg
BruceChen 11:41:09.588 [main] INFO  edu.bjut.boudia.myMain - meter_4856727552135887481:25732400
BruceChen 11:41:09.588 [main] INFO  edu.bjut.boudia.myMain - meter_7848452951068602407:repMsg
BruceChen 11:41:09.588 [main] INFO  edu.bjut.boudia.myMain - meter_7848452951068602407:25752000
BruceChen 11:41:09.588 [main] INFO  edu.bjut.boudia.myMain - meter_2428269129633833649:repMsg
BruceChen 11:41:09.588 [main] INFO  edu.bjut.boudia.myMain - meter_2428269129633833649:26511500
BruceChen 11:41:09.588 [main] INFO  edu.bjut.boudia.myMain - meter_1128151137105891429:repMsg
BruceChen 11:41:09.588 [main] INFO  edu.bjut.boudia.myMain - meter_1128151137105891429:25934000
BruceChen 11:41:09.588 [main] INFO  edu.bjut.boudia.myMain - meter_4566477184665968353:repMsg
BruceChen 11:41:09.588 [main] INFO  edu.bjut.boudia.myMain - meter_4566477184665968353:25571900
BruceChen 11:41:09.588 [main] INFO  edu.bjut.boudia.myMain - meter_5932089105558147865:repMsg
BruceChen 11:41:09.588 [main] INFO  edu.bjut.boudia.myMain - meter_5932089105558147865:25694300
BruceChen 11:41:09.588 [main] INFO  edu.bjut.boudia.myMain - meter_4730767533489114755:repMsg
BruceChen 11:41:09.588 [main] INFO  edu.bjut.boudia.myMain - meter_4730767533489114755:25766600
BruceChen 11:41:09.588 [main] INFO  edu.bjut.boudia.myMain - meter_5486324478107043687:repMsg
BruceChen 11:41:09.588 [main] INFO  edu.bjut.boudia.myMain - meter_5486324478107043687:25784900
BruceChen 11:41:09.588 [main] INFO  edu.bjut.boudia.myMain - meter_5316806169458011911:repMsg
BruceChen 11:41:09.588 [main] INFO  edu.bjut.boudia.myMain - meter_5316806169458011911:25519200
BruceChen 11:41:09.588 [main] INFO  edu.bjut.boudia.myMain - meter_7418857189794657513:repMsg
BruceChen 11:41:09.588 [main] INFO  edu.bjut.boudia.myMain - meter_7418857189794657513:25675400
BruceChen 11:41:09.588 [main] INFO  edu.bjut.boudia.myMain - meter_6222083973576850815:repMsg
BruceChen 11:41:09.588 [main] INFO  edu.bjut.boudia.myMain - meter_6222083973576850815:25712200
BruceChen 11:41:09.588 [main] INFO  edu.bjut.boudia.myMain - meter_2108506934293791355:repMsg
BruceChen 11:41:09.588 [main] INFO  edu.bjut.boudia.myMain - meter_2108506934293791355:25654400
BruceChen 11:41:09.588 [main] INFO  edu.bjut.boudia.myMain - meter_4743228451850076941:repMsg
BruceChen 11:41:09.588 [main] INFO  edu.bjut.boudia.myMain - meter_4743228451850076941:25781800
BruceChen 11:41:09.588 [main] INFO  edu.bjut.boudia.myMain - meter_930346438209023667:repMsg
BruceChen 11:41:09.588 [main] INFO  edu.bjut.boudia.myMain - meter_930346438209023667:25770200
BruceChen 11:41:09.588 [main] INFO  edu.bjut.boudia.myMain - meter_7895207411463246543:repMsg
BruceChen 11:41:09.588 [main] INFO  edu.bjut.boudia.myMain - meter_7895207411463246543:28083500
BruceChen 11:41:09.588 [main] INFO  edu.bjut.boudia.myMain - meter_8502703262063516657:repMsg
BruceChen 11:41:09.588 [main] INFO  edu.bjut.boudia.myMain - meter_8502703262063516657:26439800
BruceChen 11:41:09.588 [main] INFO  edu.bjut.boudia.myMain - meter_2958813191260646551:repMsg
BruceChen 11:41:09.588 [main] INFO  edu.bjut.boudia.myMain - meter_2958813191260646551:25837300
BruceChen 11:41:09.588 [main] INFO  edu.bjut.boudia.myMain - meter_2915340331929698731:repMsg
BruceChen 11:41:09.588 [main] INFO  edu.bjut.boudia.myMain - meter_2915340331929698731:25320800
BruceChen 11:41:09.588 [main] INFO  edu.bjut.boudia.myMain - meter_134891185870370139:repMsg
BruceChen 11:41:09.588 [main] INFO  edu.bjut.boudia.myMain - meter_134891185870370139:25513600
BruceChen 11:41:09.588 [main] INFO  edu.bjut.boudia.myMain - meter_4444065343276366483:repMsg
BruceChen 11:41:09.588 [main] INFO  edu.bjut.boudia.myMain - meter_4444065343276366483:25607900
BruceChen 11:41:09.588 [main] INFO  edu.bjut.boudia.myMain - meter_4042633350808464603:repMsg
BruceChen 11:41:09.588 [main] INFO  edu.bjut.boudia.myMain - meter_4042633350808464603:25710100
BruceChen 11:41:09.588 [main] INFO  edu.bjut.boudia.myMain - meter_1546083408610073701:repMsg
BruceChen 11:41:09.588 [main] INFO  edu.bjut.boudia.myMain - meter_1546083408610073701:25592700
BruceChen 11:41:09.588 [main] INFO  edu.bjut.boudia.myMain - meter_4140718660033654911:repMsg
BruceChen 11:41:09.588 [main] INFO  edu.bjut.boudia.myMain - meter_4140718660033654911:26230700
BruceChen 11:41:09.588 [main] INFO  edu.bjut.boudia.myMain - meter_5035391248862602049:repMsg
BruceChen 11:41:09.588 [main] INFO  edu.bjut.boudia.myMain - meter_5035391248862602049:26490000
BruceChen 11:41:09.588 [main] INFO  edu.bjut.boudia.myMain - meter_587213846816247919:repMsg
BruceChen 11:41:09.588 [main] INFO  edu.bjut.boudia.myMain - meter_587213846816247919:26234200
BruceChen 11:41:09.588 [main] INFO  edu.bjut.boudia.myMain - meter_8269373528117857019:repMsg
BruceChen 11:41:09.588 [main] INFO  edu.bjut.boudia.myMain - meter_8269373528117857019:26224800
BruceChen 11:41:09.588 [main] INFO  edu.bjut.boudia.myMain - meter_8781234752036283377:repMsg
BruceChen 11:41:09.588 [main] INFO  edu.bjut.boudia.myMain - meter_8781234752036283377:25213900
BruceChen 11:41:09.588 [main] INFO  edu.bjut.boudia.myMain - meter_5201878772332145967:repMsg
BruceChen 11:41:09.588 [main] INFO  edu.bjut.boudia.myMain - meter_5201878772332145967:25607500
BruceChen 11:41:09.588 [main] INFO  edu.bjut.boudia.myMain - meter_6304438647089703933:repMsg
BruceChen 11:41:09.588 [main] INFO  edu.bjut.boudia.myMain - meter_6304438647089703933:25508100
BruceChen 11:41:09.588 [main] INFO  edu.bjut.boudia.myMain - meter_3306913612032473917:repMsg
BruceChen 11:41:09.588 [main] INFO  edu.bjut.boudia.myMain - meter_3306913612032473917:30301600
BruceChen 11:41:09.588 [main] INFO  edu.bjut.boudia.myMain - meter_8082067692985741189:repMsg
BruceChen 11:41:09.588 [main] INFO  edu.bjut.boudia.myMain - meter_8082067692985741189:25602300
BruceChen 11:41:09.588 [main] INFO  edu.bjut.boudia.myMain - meter_3362194382055363963:repMsg
BruceChen 11:41:09.588 [main] INFO  edu.bjut.boudia.myMain - meter_3362194382055363963:25389000
BruceChen 11:41:09.588 [main] INFO  edu.bjut.boudia.myMain - meter_2220954784047707031:repMsg
BruceChen 11:41:09.588 [main] INFO  edu.bjut.boudia.myMain - meter_2220954784047707031:25551000
BruceChen 11:41:09.588 [main] INFO  edu.bjut.boudia.myMain - meter_507555530898363545:repMsg
BruceChen 11:41:09.588 [main] INFO  edu.bjut.boudia.myMain - meter_507555530898363545:25770300
BruceChen 11:41:09.588 [main] INFO  edu.bjut.boudia.myMain - meter_7251967283779484691:repMsg
BruceChen 11:41:09.588 [main] INFO  edu.bjut.boudia.myMain - meter_7251967283779484691:26420300
BruceChen 11:41:09.588 [main] INFO  edu.bjut.boudia.myMain - meter_1885439385913304495:repMsg
BruceChen 11:41:09.588 [main] INFO  edu.bjut.boudia.myMain - meter_1885439385913304495:26049300
BruceChen 11:41:09.588 [main] INFO  edu.bjut.boudia.myMain - meter_1101027132913799895:repMsg
BruceChen 11:41:09.588 [main] INFO  edu.bjut.boudia.myMain - meter_1101027132913799895:26140700
BruceChen 11:41:09.588 [main] INFO  edu.bjut.boudia.myMain - meter_119866330544008895:repMsg
BruceChen 11:41:09.588 [main] INFO  edu.bjut.boudia.myMain - meter_119866330544008895:26096700
BruceChen 11:41:13.364 [main] INFO  edu.bjut.boudia.myMain - oneTimeMeterRegTime
BruceChen 11:41:14.021 [main] INFO  edu.bjut.boudia.myMain - server:pubkey
BruceChen 11:41:14.021 [main] INFO  edu.bjut.boudia.myMain - server:900
BruceChen 11:41:14.021 [main] INFO  edu.bjut.boudia.myMain - agg:regMsg,regMsg,regMsg,regMsg,regMsg,regMsg,regMsg,regMsg,regMsg,regMsg,regMsg,regMsg,regMsg,regMsg,regMsg,regMsg,regMsg,regMsg,regMsg,regMsg,regMsg,regMsg,regMsg,regMsg,regMsg,regMsg,regMsg,regMsg,regMsg,regMsg,regMsg,regMsg,regMsg,regMsg,regMsg,regMsg,regMsg,regMsg,regMsg,regMsg,regMsg,regMsg,regMsg,regMsg,regMsg,regMsg,regMsg,regMsg,regMsg,regMsg
BruceChen 11:41:14.021 [main] INFO  edu.bjut.boudia.myMain - agg:6585300,6550500,6558800,6538000,6545000,6549800,6581500,6532300,6592100,6560500,6541600,6544600,6555100,6573600,6564800,6568100,6534400,6530200,6547500,6554400,6575700,6578600,6453200,6574600,6538300,6566200,6566900,6553300,6552400,6568900,6594500,9260600,6542800,6549700,6588300,6576200,6507700,6507400,6512100,6364900,6404800,6396000,6374800,6395100,6364800,6386800,6387100,6390200,6368400,6362700
BruceChen 11:41:14.021 [main] INFO  edu.bjut.boudia.myMain - meter_7976297360682055201:regMsg,reg_backagg,reg_cc
BruceChen 11:41:14.021 [main] INFO  edu.bjut.boudia.myMain - meter_7976297360682055201:400,6560500,500
BruceChen 11:41:14.021 [main] INFO  edu.bjut.boudia.myMain - meter_2425928692363363179:regMsg,reg_backagg,reg_cc
BruceChen 11:41:14.021 [main] INFO  edu.bjut.boudia.myMain - meter_2425928692363363179:300,6568500,300
BruceChen 11:41:14.021 [main] INFO  edu.bjut.boudia.myMain - meter_8233595068838702495:regMsg,reg_backagg,reg_cc
BruceChen 11:41:14.021 [main] INFO  edu.bjut.boudia.myMain - meter_8233595068838702495:400,6503500,300
BruceChen 11:41:14.021 [main] INFO  edu.bjut.boudia.myMain - meter_8461544520921578903:regMsg,reg_backagg,reg_cc
BruceChen 11:41:14.021 [main] INFO  edu.bjut.boudia.myMain - meter_8461544520921578903:300,6528000,400
BruceChen 11:41:14.021 [main] INFO  edu.bjut.boudia.myMain - meter_1013944806132380645:regMsg,reg_backagg,reg_cc
BruceChen 11:41:14.021 [main] INFO  edu.bjut.boudia.myMain - meter_1013944806132380645:800,6499900,500
BruceChen 11:41:14.021 [main] INFO  edu.bjut.boudia.myMain - meter_2984584444847947055:regMsg,reg_backagg,reg_cc
BruceChen 11:41:14.021 [main] INFO  edu.bjut.boudia.myMain - meter_2984584444847947055:300,6549200,400
BruceChen 11:41:14.021 [main] INFO  edu.bjut.boudia.myMain - meter_6621575233789219099:regMsg,reg_backagg,reg_cc
BruceChen 11:41:14.021 [main] INFO  edu.bjut.boudia.myMain - meter_6621575233789219099:3400,6503900,500
BruceChen 11:41:14.021 [main] INFO  edu.bjut.boudia.myMain - meter_5250256602956221633:regMsg,reg_backagg,reg_cc
BruceChen 11:41:14.021 [main] INFO  edu.bjut.boudia.myMain - meter_5250256602956221633:200,6502900,5400
BruceChen 11:41:14.021 [main] INFO  edu.bjut.boudia.myMain - meter_5449945873600467959:regMsg,reg_backagg,reg_cc
BruceChen 11:41:14.021 [main] INFO  edu.bjut.boudia.myMain - meter_5449945873600467959:400,6658800,400
BruceChen 11:41:14.021 [main] INFO  edu.bjut.boudia.myMain - meter_398534085690993753:regMsg,reg_backagg,reg_cc
BruceChen 11:41:14.021 [main] INFO  edu.bjut.boudia.myMain - meter_398534085690993753:600,6530300,300
BruceChen 11:41:14.021 [main] INFO  edu.bjut.boudia.myMain - meter_7416730086574224379:regMsg,reg_backagg,reg_cc
BruceChen 11:41:14.021 [main] INFO  edu.bjut.boudia.myMain - meter_7416730086574224379:700,6611300,500
BruceChen 11:41:14.021 [main] INFO  edu.bjut.boudia.myMain - meter_8766883443350031725:regMsg,reg_backagg,reg_cc
BruceChen 11:41:14.021 [main] INFO  edu.bjut.boudia.myMain - meter_8766883443350031725:700,6613300,500
BruceChen 11:41:14.021 [main] INFO  edu.bjut.boudia.myMain - meter_635338910221256001:regMsg,reg_backagg,reg_cc
BruceChen 11:41:14.021 [main] INFO  edu.bjut.boudia.myMain - meter_635338910221256001:400,6543200,500
BruceChen 11:41:14.021 [main] INFO  edu.bjut.boudia.myMain - meter_4400512231182348903:regMsg,reg_backagg,reg_cc
BruceChen 11:41:14.021 [main] INFO  edu.bjut.boudia.myMain - meter_4400512231182348903:700,6596000,200
BruceChen 11:41:14.021 [main] INFO  edu.bjut.boudia.myMain - meter_1243705094755183179:regMsg,reg_backagg,reg_cc
BruceChen 11:41:14.021 [main] INFO  edu.bjut.boudia.myMain - meter_1243705094755183179:400,6584500,200
BruceChen 11:41:14.021 [main] INFO  edu.bjut.boudia.myMain - meter_8945083972326270475:regMsg,reg_backagg,reg_cc
BruceChen 11:41:14.021 [main] INFO  edu.bjut.boudia.myMain - meter_8945083972326270475:300,6617200,400
BruceChen 11:41:14.021 [main] INFO  edu.bjut.boudia.myMain - meter_7485908041802527721:regMsg,reg_backagg,reg_cc
BruceChen 11:41:14.021 [main] INFO  edu.bjut.boudia.myMain - meter_7485908041802527721:700,6500600,200
BruceChen 11:41:14.021 [main] INFO  edu.bjut.boudia.myMain - meter_5310128869547125155:regMsg,reg_backagg,reg_cc
BruceChen 11:41:14.021 [main] INFO  edu.bjut.boudia.myMain - meter_5310128869547125155:300,6426400,200
BruceChen 11:41:14.021 [main] INFO  edu.bjut.boudia.myMain - meter_3168789337921341329:regMsg,reg_backagg,reg_cc
BruceChen 11:41:14.021 [main] INFO  edu.bjut.boudia.myMain - meter_3168789337921341329:400,6527200,300
BruceChen 11:41:14.021 [main] INFO  edu.bjut.boudia.myMain - meter_4639909518017445547:regMsg,reg_backagg,reg_cc
BruceChen 11:41:14.021 [main] INFO  edu.bjut.boudia.myMain - meter_4639909518017445547:200,6576800,200
BruceChen 11:41:14.021 [main] INFO  edu.bjut.boudia.myMain - meter_393074677125437197:regMsg,reg_backagg,reg_cc
BruceChen 11:41:14.021 [main] INFO  edu.bjut.boudia.myMain - meter_393074677125437197:300,6427500,300
BruceChen 11:41:14.021 [main] INFO  edu.bjut.boudia.myMain - meter_6058496494731678933:regMsg,reg_backagg,reg_cc
BruceChen 11:41:14.021 [main] INFO  edu.bjut.boudia.myMain - meter_6058496494731678933:600,6577100,200
BruceChen 11:41:14.021 [main] INFO  edu.bjut.boudia.myMain - meter_421044057602225593:regMsg,reg_backagg,reg_cc
BruceChen 11:41:14.021 [main] INFO  edu.bjut.boudia.myMain - meter_421044057602225593:300,6540200,200
BruceChen 11:41:14.021 [main] INFO  edu.bjut.boudia.myMain - meter_288956580493498977:regMsg,reg_backagg,reg_cc
BruceChen 11:41:14.021 [main] INFO  edu.bjut.boudia.myMain - meter_288956580493498977:300,6536700,600
BruceChen 11:41:14.021 [main] INFO  edu.bjut.boudia.myMain - meter_2757419612977938147:regMsg,reg_backagg,reg_cc
BruceChen 11:41:14.021 [main] INFO  edu.bjut.boudia.myMain - meter_2757419612977938147:700,6521400,400
BruceChen 11:41:14.021 [main] INFO  edu.bjut.boudia.myMain - meter_7368669152257772333:regMsg,reg_backagg,reg_cc
BruceChen 11:41:14.021 [main] INFO  edu.bjut.boudia.myMain - meter_7368669152257772333:600,6575200,200
BruceChen 11:41:14.021 [main] INFO  edu.bjut.boudia.myMain - meter_4003831593366553121:regMsg,reg_backagg,reg_cc
BruceChen 11:41:14.021 [main] INFO  edu.bjut.boudia.myMain - meter_4003831593366553121:300,6585200,300
BruceChen 11:41:14.021 [main] INFO  edu.bjut.boudia.myMain - meter_4716496391738004779:regMsg,reg_backagg,reg_cc
BruceChen 11:41:14.021 [main] INFO  edu.bjut.boudia.myMain - meter_4716496391738004779:800,6592700,400
BruceChen 11:41:14.021 [main] INFO  edu.bjut.boudia.myMain - meter_6374346131630016483:regMsg,reg_backagg,reg_cc
BruceChen 11:41:14.021 [main] INFO  edu.bjut.boudia.myMain - meter_6374346131630016483:400,6590700,200
BruceChen 11:41:14.021 [main] INFO  edu.bjut.boudia.myMain - meter_8739533879605286751:regMsg,reg_backagg,reg_cc
BruceChen 11:41:14.021 [main] INFO  edu.bjut.boudia.myMain - meter_8739533879605286751:300,6665200,500
BruceChen 11:41:14.021 [main] INFO  edu.bjut.boudia.myMain - meter_4329953071645675631:regMsg,reg_backagg,reg_cc
BruceChen 11:41:14.021 [main] INFO  edu.bjut.boudia.myMain - meter_4329953071645675631:800,6548800,400
BruceChen 11:41:14.021 [main] INFO  edu.bjut.boudia.myMain - meter_7540108802927474803:regMsg,reg_backagg,reg_cc
BruceChen 11:41:14.021 [main] INFO  edu.bjut.boudia.myMain - meter_7540108802927474803:400,6649600,500
BruceChen 11:41:14.021 [main] INFO  edu.bjut.boudia.myMain - meter_5076466102527669715:regMsg,reg_backagg,reg_cc
BruceChen 11:41:14.021 [main] INFO  edu.bjut.boudia.myMain - meter_5076466102527669715:800,6595800,100
BruceChen 11:41:14.021 [main] INFO  edu.bjut.boudia.myMain - meter_2516791323226717947:regMsg,reg_backagg,reg_cc
BruceChen 11:41:14.021 [main] INFO  edu.bjut.boudia.myMain - meter_2516791323226717947:200,6508100,200
BruceChen 11:41:14.021 [main] INFO  edu.bjut.boudia.myMain - meter_6673596580295186171:regMsg,reg_backagg,reg_cc
BruceChen 11:41:14.021 [main] INFO  edu.bjut.boudia.myMain - meter_6673596580295186171:200,6609500,200
BruceChen 11:41:14.021 [main] INFO  edu.bjut.boudia.myMain - meter_5105524629683759039:regMsg,reg_backagg,reg_cc
BruceChen 11:41:14.021 [main] INFO  edu.bjut.boudia.myMain - meter_5105524629683759039:300,6538100,100
BruceChen 11:41:14.021 [main] INFO  edu.bjut.boudia.myMain - meter_4053529626278687623:regMsg,reg_backagg,reg_cc
BruceChen 11:41:14.021 [main] INFO  edu.bjut.boudia.myMain - meter_4053529626278687623:200,6506300,200
BruceChen 11:41:14.021 [main] INFO  edu.bjut.boudia.myMain - meter_2279424518326786527:regMsg,reg_backagg,reg_cc
BruceChen 11:41:14.021 [main] INFO  edu.bjut.boudia.myMain - meter_2279424518326786527:400,6543800,200
BruceChen 11:41:14.021 [main] INFO  edu.bjut.boudia.myMain - meter_8011530209571326475:regMsg,reg_backagg,reg_cc
BruceChen 11:41:14.021 [main] INFO  edu.bjut.boudia.myMain - meter_8011530209571326475:200,6356500,300
BruceChen 11:41:14.021 [main] INFO  edu.bjut.boudia.myMain - meter_6780994698981162887:regMsg,reg_backagg,reg_cc
BruceChen 11:41:14.021 [main] INFO  edu.bjut.boudia.myMain - meter_6780994698981162887:200,6305200,300
BruceChen 11:41:14.021 [main] INFO  edu.bjut.boudia.myMain - meter_1914373602328900109:regMsg,reg_backagg,reg_cc
BruceChen 11:41:14.021 [main] INFO  edu.bjut.boudia.myMain - meter_1914373602328900109:300,6302900,200
BruceChen 11:41:14.021 [main] INFO  edu.bjut.boudia.myMain - meter_1439432845761920915:regMsg,reg_backagg,reg_cc
BruceChen 11:41:14.021 [main] INFO  edu.bjut.boudia.myMain - meter_1439432845761920915:200,6284400,100
BruceChen 11:41:14.021 [main] INFO  edu.bjut.boudia.myMain - meter_1947671867026755223:regMsg,reg_backagg,reg_cc
BruceChen 11:41:14.021 [main] INFO  edu.bjut.boudia.myMain - meter_1947671867026755223:300,6323600,200
BruceChen 11:41:14.021 [main] INFO  edu.bjut.boudia.myMain - meter_4799975172729673631:regMsg,reg_backagg,reg_cc
BruceChen 11:41:14.021 [main] INFO  edu.bjut.boudia.myMain - meter_4799975172729673631:200,6299900,200
BruceChen 11:41:14.021 [main] INFO  edu.bjut.boudia.myMain - meter_6415046521079043829:regMsg,reg_backagg,reg_cc
BruceChen 11:41:14.021 [main] INFO  edu.bjut.boudia.myMain - meter_6415046521079043829:200,6288400,200
BruceChen 11:41:14.021 [main] INFO  edu.bjut.boudia.myMain - meter_8086627407057247909:regMsg,reg_backagg,reg_cc
BruceChen 11:41:14.021 [main] INFO  edu.bjut.boudia.myMain - meter_8086627407057247909:200,6297200,100
BruceChen 11:41:14.021 [main] INFO  edu.bjut.boudia.myMain - meter_5088471614370370229:regMsg,reg_backagg,reg_cc
BruceChen 11:41:14.021 [main] INFO  edu.bjut.boudia.myMain - meter_5088471614370370229:200,6360800,200
BruceChen 11:41:14.021 [main] INFO  edu.bjut.boudia.myMain - meter_367587193218074499:regMsg,reg_backagg,reg_cc
BruceChen 11:41:14.021 [main] INFO  edu.bjut.boudia.myMain - meter_367587193218074499:300,6954400,200
BruceChen 11:41:14.021 [main] INFO  edu.bjut.boudia.myMain - meter_8737318226222079783:regMsg,reg_backagg,reg_cc
BruceChen 11:41:14.021 [main] INFO  edu.bjut.boudia.myMain - meter_8737318226222079783:500,6433700,100
BruceChen 11:41:14.021 [main] INFO  edu.bjut.boudia.myMain - meter_1816927356518237715:regMsg,reg_backagg,reg_cc
BruceChen 11:41:14.021 [main] INFO  edu.bjut.boudia.myMain - meter_1816927356518237715:300,6381400,100
BruceChen 11:41:14.661 [main] INFO  edu.bjut.boudia.myMain - oneTimeMeterRepTime
BruceChen 11:41:16.360 [main] INFO  edu.bjut.boudia.myMain - server:repMsg
BruceChen 11:41:16.360 [main] INFO  edu.bjut.boudia.myMain - server:31376500
BruceChen 11:41:16.360 [main] INFO  edu.bjut.boudia.myMain - agg:repMsg
BruceChen 11:41:16.360 [main] INFO  edu.bjut.boudia.myMain - agg:340724200
BruceChen 11:41:16.360 [main] INFO  edu.bjut.boudia.myMain - meter_7976297360682055201:repMsg
BruceChen 11:41:16.360 [main] INFO  edu.bjut.boudia.myMain - meter_7976297360682055201:26554000
BruceChen 11:41:16.360 [main] INFO  edu.bjut.boudia.myMain - meter_2425928692363363179:repMsg
BruceChen 11:41:16.360 [main] INFO  edu.bjut.boudia.myMain - meter_2425928692363363179:26241900
BruceChen 11:41:16.360 [main] INFO  edu.bjut.boudia.myMain - meter_8233595068838702495:repMsg
BruceChen 11:41:16.360 [main] INFO  edu.bjut.boudia.myMain - meter_8233595068838702495:26266100
BruceChen 11:41:16.360 [main] INFO  edu.bjut.boudia.myMain - meter_8461544520921578903:repMsg
BruceChen 11:41:16.360 [main] INFO  edu.bjut.boudia.myMain - meter_8461544520921578903:26600600
BruceChen 11:41:16.360 [main] INFO  edu.bjut.boudia.myMain - meter_1013944806132380645:repMsg
BruceChen 11:41:16.360 [main] INFO  edu.bjut.boudia.myMain - meter_1013944806132380645:26331700
BruceChen 11:41:16.360 [main] INFO  edu.bjut.boudia.myMain - meter_2984584444847947055:repMsg
BruceChen 11:41:16.360 [main] INFO  edu.bjut.boudia.myMain - meter_2984584444847947055:26381300
BruceChen 11:41:16.360 [main] INFO  edu.bjut.boudia.myMain - meter_6621575233789219099:repMsg
BruceChen 11:41:16.360 [main] INFO  edu.bjut.boudia.myMain - meter_6621575233789219099:27156800
BruceChen 11:41:16.360 [main] INFO  edu.bjut.boudia.myMain - meter_5250256602956221633:repMsg
BruceChen 11:41:16.360 [main] INFO  edu.bjut.boudia.myMain - meter_5250256602956221633:26283800
BruceChen 11:41:16.360 [main] INFO  edu.bjut.boudia.myMain - meter_5449945873600467959:repMsg
BruceChen 11:41:16.360 [main] INFO  edu.bjut.boudia.myMain - meter_5449945873600467959:26398000
BruceChen 11:41:16.360 [main] INFO  edu.bjut.boudia.myMain - meter_398534085690993753:repMsg
BruceChen 11:41:16.360 [main] INFO  edu.bjut.boudia.myMain - meter_398534085690993753:26309300
BruceChen 11:41:16.360 [main] INFO  edu.bjut.boudia.myMain - meter_7416730086574224379:repMsg
BruceChen 11:41:16.360 [main] INFO  edu.bjut.boudia.myMain - meter_7416730086574224379:26463200
BruceChen 11:41:16.360 [main] INFO  edu.bjut.boudia.myMain - meter_8766883443350031725:repMsg
BruceChen 11:41:16.360 [main] INFO  edu.bjut.boudia.myMain - meter_8766883443350031725:26247400
BruceChen 11:41:16.360 [main] INFO  edu.bjut.boudia.myMain - meter_635338910221256001:repMsg
BruceChen 11:41:16.360 [main] INFO  edu.bjut.boudia.myMain - meter_635338910221256001:25756200
BruceChen 11:41:16.360 [main] INFO  edu.bjut.boudia.myMain - meter_4400512231182348903:repMsg
BruceChen 11:41:16.360 [main] INFO  edu.bjut.boudia.myMain - meter_4400512231182348903:25815600
BruceChen 11:41:16.360 [main] INFO  edu.bjut.boudia.myMain - meter_1243705094755183179:repMsg
BruceChen 11:41:16.360 [main] INFO  edu.bjut.boudia.myMain - meter_1243705094755183179:25782200
BruceChen 11:41:16.360 [main] INFO  edu.bjut.boudia.myMain - meter_8945083972326270475:repMsg
BruceChen 11:41:16.360 [main] INFO  edu.bjut.boudia.myMain - meter_8945083972326270475:25969300
BruceChen 11:41:16.360 [main] INFO  edu.bjut.boudia.myMain - meter_7485908041802527721:repMsg
BruceChen 11:41:16.360 [main] INFO  edu.bjut.boudia.myMain - meter_7485908041802527721:25757100
BruceChen 11:41:16.360 [main] INFO  edu.bjut.boudia.myMain - meter_5310128869547125155:repMsg
BruceChen 11:41:16.360 [main] INFO  edu.bjut.boudia.myMain - meter_5310128869547125155:25917500
BruceChen 11:41:16.360 [main] INFO  edu.bjut.boudia.myMain - meter_3168789337921341329:repMsg
BruceChen 11:41:16.360 [main] INFO  edu.bjut.boudia.myMain - meter_3168789337921341329:25680800
BruceChen 11:41:16.360 [main] INFO  edu.bjut.boudia.myMain - meter_4639909518017445547:repMsg
BruceChen 11:41:16.360 [main] INFO  edu.bjut.boudia.myMain - meter_4639909518017445547:25917900
BruceChen 11:41:16.360 [main] INFO  edu.bjut.boudia.myMain - meter_393074677125437197:repMsg
BruceChen 11:41:16.360 [main] INFO  edu.bjut.boudia.myMain - meter_393074677125437197:29627800
BruceChen 11:41:16.360 [main] INFO  edu.bjut.boudia.myMain - meter_6058496494731678933:repMsg
BruceChen 11:41:16.360 [main] INFO  edu.bjut.boudia.myMain - meter_6058496494731678933:26470800
BruceChen 11:41:16.360 [main] INFO  edu.bjut.boudia.myMain - meter_421044057602225593:repMsg
BruceChen 11:41:16.360 [main] INFO  edu.bjut.boudia.myMain - meter_421044057602225593:26529300
BruceChen 11:41:16.360 [main] INFO  edu.bjut.boudia.myMain - meter_288956580493498977:repMsg
BruceChen 11:41:16.360 [main] INFO  edu.bjut.boudia.myMain - meter_288956580493498977:26372000
BruceChen 11:41:16.360 [main] INFO  edu.bjut.boudia.myMain - meter_2757419612977938147:repMsg
BruceChen 11:41:16.360 [main] INFO  edu.bjut.boudia.myMain - meter_2757419612977938147:26304800
BruceChen 11:41:16.360 [main] INFO  edu.bjut.boudia.myMain - meter_7368669152257772333:repMsg
BruceChen 11:41:16.360 [main] INFO  edu.bjut.boudia.myMain - meter_7368669152257772333:26019700
BruceChen 11:41:16.360 [main] INFO  edu.bjut.boudia.myMain - meter_4003831593366553121:repMsg
BruceChen 11:41:16.360 [main] INFO  edu.bjut.boudia.myMain - meter_4003831593366553121:26429300
BruceChen 11:41:16.360 [main] INFO  edu.bjut.boudia.myMain - meter_4716496391738004779:repMsg
BruceChen 11:41:16.360 [main] INFO  edu.bjut.boudia.myMain - meter_4716496391738004779:26306400
BruceChen 11:41:16.360 [main] INFO  edu.bjut.boudia.myMain - meter_6374346131630016483:repMsg
BruceChen 11:41:16.360 [main] INFO  edu.bjut.boudia.myMain - meter_6374346131630016483:26290000
BruceChen 11:41:16.360 [main] INFO  edu.bjut.boudia.myMain - meter_8739533879605286751:repMsg
BruceChen 11:41:16.360 [main] INFO  edu.bjut.boudia.myMain - meter_8739533879605286751:26260300
BruceChen 11:41:16.360 [main] INFO  edu.bjut.boudia.myMain - meter_4329953071645675631:repMsg
BruceChen 11:41:16.360 [main] INFO  edu.bjut.boudia.myMain - meter_4329953071645675631:26300400
BruceChen 11:41:16.360 [main] INFO  edu.bjut.boudia.myMain - meter_7540108802927474803:repMsg
BruceChen 11:41:16.360 [main] INFO  edu.bjut.boudia.myMain - meter_7540108802927474803:26566200
BruceChen 11:41:16.360 [main] INFO  edu.bjut.boudia.myMain - meter_5076466102527669715:repMsg
BruceChen 11:41:16.360 [main] INFO  edu.bjut.boudia.myMain - meter_5076466102527669715:26366300
BruceChen 11:41:16.360 [main] INFO  edu.bjut.boudia.myMain - meter_2516791323226717947:repMsg
BruceChen 11:41:16.360 [main] INFO  edu.bjut.boudia.myMain - meter_2516791323226717947:26558200
BruceChen 11:41:16.360 [main] INFO  edu.bjut.boudia.myMain - meter_6673596580295186171:repMsg
BruceChen 11:41:16.360 [main] INFO  edu.bjut.boudia.myMain - meter_6673596580295186171:26309500
BruceChen 11:41:16.360 [main] INFO  edu.bjut.boudia.myMain - meter_5105524629683759039:repMsg
BruceChen 11:41:16.360 [main] INFO  edu.bjut.boudia.myMain - meter_5105524629683759039:26226500
BruceChen 11:41:16.360 [main] INFO  edu.bjut.boudia.myMain - meter_4053529626278687623:repMsg
BruceChen 11:41:16.360 [main] INFO  edu.bjut.boudia.myMain - meter_4053529626278687623:26492400
BruceChen 11:41:16.360 [main] INFO  edu.bjut.boudia.myMain - meter_2279424518326786527:repMsg
BruceChen 11:41:16.360 [main] INFO  edu.bjut.boudia.myMain - meter_2279424518326786527:26147900
BruceChen 11:41:16.360 [main] INFO  edu.bjut.boudia.myMain - meter_8011530209571326475:repMsg
BruceChen 11:41:16.360 [main] INFO  edu.bjut.boudia.myMain - meter_8011530209571326475:26299800
BruceChen 11:41:16.360 [main] INFO  edu.bjut.boudia.myMain - meter_6780994698981162887:repMsg
BruceChen 11:41:16.360 [main] INFO  edu.bjut.boudia.myMain - meter_6780994698981162887:26365400
BruceChen 11:41:16.360 [main] INFO  edu.bjut.boudia.myMain - meter_1914373602328900109:repMsg
BruceChen 11:41:16.360 [main] INFO  edu.bjut.boudia.myMain - meter_1914373602328900109:26463500
BruceChen 11:41:16.360 [main] INFO  edu.bjut.boudia.myMain - meter_1439432845761920915:repMsg
BruceChen 11:41:16.360 [main] INFO  edu.bjut.boudia.myMain - meter_1439432845761920915:26206400
BruceChen 11:41:16.360 [main] INFO  edu.bjut.boudia.myMain - meter_1947671867026755223:repMsg
BruceChen 11:41:16.360 [main] INFO  edu.bjut.boudia.myMain - meter_1947671867026755223:26165400
BruceChen 11:41:16.360 [main] INFO  edu.bjut.boudia.myMain - meter_4799975172729673631:repMsg
BruceChen 11:41:16.360 [main] INFO  edu.bjut.boudia.myMain - meter_4799975172729673631:26407700
BruceChen 11:41:16.360 [main] INFO  edu.bjut.boudia.myMain - meter_6415046521079043829:repMsg
BruceChen 11:41:16.360 [main] INFO  edu.bjut.boudia.myMain - meter_6415046521079043829:25714400
BruceChen 11:41:16.360 [main] INFO  edu.bjut.boudia.myMain - meter_8086627407057247909:repMsg
BruceChen 11:41:16.360 [main] INFO  edu.bjut.boudia.myMain - meter_8086627407057247909:25530900
BruceChen 11:41:16.360 [main] INFO  edu.bjut.boudia.myMain - meter_5088471614370370229:repMsg
BruceChen 11:41:16.360 [main] INFO  edu.bjut.boudia.myMain - meter_5088471614370370229:25584600
BruceChen 11:41:16.360 [main] INFO  edu.bjut.boudia.myMain - meter_367587193218074499:repMsg
BruceChen 11:41:16.360 [main] INFO  edu.bjut.boudia.myMain - meter_367587193218074499:28372300
BruceChen 11:41:16.360 [main] INFO  edu.bjut.boudia.myMain - meter_8737318226222079783:repMsg
BruceChen 11:41:16.360 [main] INFO  edu.bjut.boudia.myMain - meter_8737318226222079783:26240000
BruceChen 11:41:16.360 [main] INFO  edu.bjut.boudia.myMain - meter_1816927356518237715:repMsg
BruceChen 11:41:16.360 [main] INFO  edu.bjut.boudia.myMain - meter_1816927356518237715:25937900
BruceChen 11:41:18.799 [main] INFO  edu.bjut.boudia.myMain - oneTimeMeterRegTime
BruceChen 11:41:19.315 [main] INFO  edu.bjut.boudia.myMain - server:pubkey
BruceChen 11:41:19.315 [main] INFO  edu.bjut.boudia.myMain - server:700
BruceChen 11:41:19.315 [main] INFO  edu.bjut.boudia.myMain - agg:regMsg,regMsg,regMsg,regMsg,regMsg,regMsg,regMsg,regMsg,regMsg,regMsg,regMsg,regMsg,regMsg,regMsg,regMsg,regMsg,regMsg,regMsg,regMsg,regMsg,regMsg,regMsg,regMsg,regMsg,regMsg,regMsg,regMsg,regMsg,regMsg,regMsg,regMsg,regMsg,regMsg,regMsg,regMsg,regMsg,regMsg,regMsg,regMsg,regMsg
BruceChen 11:41:19.315 [main] INFO  edu.bjut.boudia.myMain - agg:6376700,6388000,6376400,6367500,6370900,6362000,6387900,6397400,6358000,6373000,6379300,6367900,6373500,6364500,6380000,6379900,6342600,6358500,6368000,6376900,6386300,6353800,6420300,6368500,6377300,6341200,6378900,6400400,6378700,6360000,6382600,6361700,6363300,6368200,6350900,6379100,6446200,6360600,6425800,6384900
BruceChen 11:41:19.315 [main] INFO  edu.bjut.boudia.myMain - meter_8790359398475117817:regMsg,reg_backagg,reg_cc
BruceChen 11:41:19.315 [main] INFO  edu.bjut.boudia.myMain - meter_8790359398475117817:500,6318600,500
BruceChen 11:41:19.315 [main] INFO  edu.bjut.boudia.myMain - meter_5751807454718122765:regMsg,reg_backagg,reg_cc
BruceChen 11:41:19.315 [main] INFO  edu.bjut.boudia.myMain - meter_5751807454718122765:400,6365700,200
BruceChen 11:41:19.315 [main] INFO  edu.bjut.boudia.myMain - meter_4115032804765818641:regMsg,reg_backagg,reg_cc
BruceChen 11:41:19.315 [main] INFO  edu.bjut.boudia.myMain - meter_4115032804765818641:400,6668200,500
BruceChen 11:41:19.315 [main] INFO  edu.bjut.boudia.myMain - meter_3655974881736731961:regMsg,reg_backagg,reg_cc
BruceChen 11:41:19.315 [main] INFO  edu.bjut.boudia.myMain - meter_3655974881736731961:700,6404300,200
BruceChen 11:41:19.315 [main] INFO  edu.bjut.boudia.myMain - meter_8456263949133956183:regMsg,reg_backagg,reg_cc
BruceChen 11:41:19.315 [main] INFO  edu.bjut.boudia.myMain - meter_8456263949133956183:300,6389800,200
BruceChen 11:41:19.315 [main] INFO  edu.bjut.boudia.myMain - meter_1460696980660299763:regMsg,reg_backagg,reg_cc
BruceChen 11:41:19.315 [main] INFO  edu.bjut.boudia.myMain - meter_1460696980660299763:200,6286900,100
BruceChen 11:41:19.315 [main] INFO  edu.bjut.boudia.myMain - meter_7044718024408472155:regMsg,reg_backagg,reg_cc
BruceChen 11:41:19.315 [main] INFO  edu.bjut.boudia.myMain - meter_7044718024408472155:200,6338200,200
BruceChen 11:41:19.315 [main] INFO  edu.bjut.boudia.myMain - meter_8810531893201483643:regMsg,reg_backagg,reg_cc
BruceChen 11:41:19.315 [main] INFO  edu.bjut.boudia.myMain - meter_8810531893201483643:300,6414900,400
BruceChen 11:41:19.315 [main] INFO  edu.bjut.boudia.myMain - meter_2140986107166280041:regMsg,reg_backagg,reg_cc
BruceChen 11:41:19.315 [main] INFO  edu.bjut.boudia.myMain - meter_2140986107166280041:800,6340300,300
BruceChen 11:41:19.315 [main] INFO  edu.bjut.boudia.myMain - meter_6530098776725383779:regMsg,reg_backagg,reg_cc
BruceChen 11:41:19.315 [main] INFO  edu.bjut.boudia.myMain - meter_6530098776725383779:400,6394700,400
BruceChen 11:41:19.315 [main] INFO  edu.bjut.boudia.myMain - meter_4155094110521754843:regMsg,reg_backagg,reg_cc
BruceChen 11:41:19.315 [main] INFO  edu.bjut.boudia.myMain - meter_4155094110521754843:700,6394200,200
BruceChen 11:41:19.315 [main] INFO  edu.bjut.boudia.myMain - meter_5279420196268174797:regMsg,reg_backagg,reg_cc
BruceChen 11:41:19.315 [main] INFO  edu.bjut.boudia.myMain - meter_5279420196268174797:400,6366900,200
BruceChen 11:41:19.315 [main] INFO  edu.bjut.boudia.myMain - meter_9093169211017092925:regMsg,reg_backagg,reg_cc
BruceChen 11:41:19.315 [main] INFO  edu.bjut.boudia.myMain - meter_9093169211017092925:300,6311100,300
BruceChen 11:41:19.315 [main] INFO  edu.bjut.boudia.myMain - meter_2260417915439732707:regMsg,reg_backagg,reg_cc
BruceChen 11:41:19.315 [main] INFO  edu.bjut.boudia.myMain - meter_2260417915439732707:500,6338100,300
BruceChen 11:41:19.315 [main] INFO  edu.bjut.boudia.myMain - meter_7878361308599796597:regMsg,reg_backagg,reg_cc
BruceChen 11:41:19.315 [main] INFO  edu.bjut.boudia.myMain - meter_7878361308599796597:200,6301400,300
BruceChen 11:41:19.315 [main] INFO  edu.bjut.boudia.myMain - meter_5072212685697812441:regMsg,reg_backagg,reg_cc
BruceChen 11:41:19.315 [main] INFO  edu.bjut.boudia.myMain - meter_5072212685697812441:200,6390200,200
BruceChen 11:41:19.315 [main] INFO  edu.bjut.boudia.myMain - meter_2636826581249961509:regMsg,reg_backagg,reg_cc
BruceChen 11:41:19.315 [main] INFO  edu.bjut.boudia.myMain - meter_2636826581249961509:200,6338300,100
BruceChen 11:41:19.315 [main] INFO  edu.bjut.boudia.myMain - meter_8150204312787919825:regMsg,reg_backagg,reg_cc
BruceChen 11:41:19.315 [main] INFO  edu.bjut.boudia.myMain - meter_8150204312787919825:200,6370000,200
BruceChen 11:41:19.315 [main] INFO  edu.bjut.boudia.myMain - meter_1143622931103932089:regMsg,reg_backagg,reg_cc
BruceChen 11:41:19.315 [main] INFO  edu.bjut.boudia.myMain - meter_1143622931103932089:300,6367700,100
BruceChen 11:41:19.315 [main] INFO  edu.bjut.boudia.myMain - meter_8845203511921262027:regMsg,reg_backagg,reg_cc
BruceChen 11:41:19.315 [main] INFO  edu.bjut.boudia.myMain - meter_8845203511921262027:300,6345700,200
BruceChen 11:41:19.315 [main] INFO  edu.bjut.boudia.myMain - meter_4808811299105171443:regMsg,reg_backagg,reg_cc
BruceChen 11:41:19.315 [main] INFO  edu.bjut.boudia.myMain - meter_4808811299105171443:300,6403500,200
BruceChen 11:41:19.315 [main] INFO  edu.bjut.boudia.myMain - meter_2840348639899801049:regMsg,reg_backagg,reg_cc
BruceChen 11:41:19.315 [main] INFO  edu.bjut.boudia.myMain - meter_2840348639899801049:300,6375400,200
BruceChen 11:41:19.315 [main] INFO  edu.bjut.boudia.myMain - meter_565991749891871003:regMsg,reg_backagg,reg_cc
BruceChen 11:41:19.315 [main] INFO  edu.bjut.boudia.myMain - meter_565991749891871003:300,6251600,400
BruceChen 11:41:19.315 [main] INFO  edu.bjut.boudia.myMain - meter_4004326959300688813:regMsg,reg_backagg,reg_cc
BruceChen 11:41:19.315 [main] INFO  edu.bjut.boudia.myMain - meter_4004326959300688813:600,6271100,200
BruceChen 11:41:19.315 [main] INFO  edu.bjut.boudia.myMain - meter_2363230602184056089:regMsg,reg_backagg,reg_cc
BruceChen 11:41:19.315 [main] INFO  edu.bjut.boudia.myMain - meter_2363230602184056089:300,6451400,200
BruceChen 11:41:19.315 [main] INFO  edu.bjut.boudia.myMain - meter_7806550481100873255:regMsg,reg_backagg,reg_cc
BruceChen 11:41:19.315 [main] INFO  edu.bjut.boudia.myMain - meter_7806550481100873255:300,6374400,300
BruceChen 11:41:19.315 [main] INFO  edu.bjut.boudia.myMain - meter_2188752720320092693:regMsg,reg_backagg,reg_cc
BruceChen 11:41:19.315 [main] INFO  edu.bjut.boudia.myMain - meter_2188752720320092693:200,6393500,200
BruceChen 11:41:19.315 [main] INFO  edu.bjut.boudia.myMain - meter_971382580793300179:regMsg,reg_backagg,reg_cc
BruceChen 11:41:19.315 [main] INFO  edu.bjut.boudia.myMain - meter_971382580793300179:200,6335400,300
BruceChen 11:41:19.315 [main] INFO  edu.bjut.boudia.myMain - meter_7993637064064075801:regMsg,reg_backagg,reg_cc
BruceChen 11:41:19.315 [main] INFO  edu.bjut.boudia.myMain - meter_7993637064064075801:700,6384700,300
BruceChen 11:41:19.315 [main] INFO  edu.bjut.boudia.myMain - meter_6113546557243492863:regMsg,reg_backagg,reg_cc
BruceChen 11:41:19.315 [main] INFO  edu.bjut.boudia.myMain - meter_6113546557243492863:200,6349000,200
BruceChen 11:41:19.315 [main] INFO  edu.bjut.boudia.myMain - meter_2966890206445522169:regMsg,reg_backagg,reg_cc
BruceChen 11:41:19.315 [main] INFO  edu.bjut.boudia.myMain - meter_2966890206445522169:200,6377600,500
BruceChen 11:41:19.315 [main] INFO  edu.bjut.boudia.myMain - meter_8529947336741578257:regMsg,reg_backagg,reg_cc
BruceChen 11:41:19.315 [main] INFO  edu.bjut.boudia.myMain - meter_8529947336741578257:800,6346400,300
BruceChen 11:41:19.315 [main] INFO  edu.bjut.boudia.myMain - meter_3219253349325957797:regMsg,reg_backagg,reg_cc
BruceChen 11:41:19.315 [main] INFO  edu.bjut.boudia.myMain - meter_3219253349325957797:600,6322200,100
BruceChen 11:41:19.315 [main] INFO  edu.bjut.boudia.myMain - meter_3422084973475594115:regMsg,reg_backagg,reg_cc
BruceChen 11:41:19.315 [main] INFO  edu.bjut.boudia.myMain - meter_3422084973475594115:400,6344200,100
BruceChen 11:41:19.315 [main] INFO  edu.bjut.boudia.myMain - meter_1110901873678744999:regMsg,reg_backagg,reg_cc
BruceChen 11:41:19.315 [main] INFO  edu.bjut.boudia.myMain - meter_1110901873678744999:11300,6372700,200
BruceChen 11:41:19.315 [main] INFO  edu.bjut.boudia.myMain - meter_6827341876684043601:regMsg,reg_backagg,reg_cc
BruceChen 11:41:19.315 [main] INFO  edu.bjut.boudia.myMain - meter_6827341876684043601:500,6402000,200
BruceChen 11:41:19.315 [main] INFO  edu.bjut.boudia.myMain - meter_2964768144058776977:regMsg,reg_backagg,reg_cc
BruceChen 11:41:19.315 [main] INFO  edu.bjut.boudia.myMain - meter_2964768144058776977:8200,6489900,2100
BruceChen 11:41:19.315 [main] INFO  edu.bjut.boudia.myMain - meter_1942263702491652177:regMsg,reg_backagg,reg_cc
BruceChen 11:41:19.315 [main] INFO  edu.bjut.boudia.myMain - meter_1942263702491652177:100,6340800,0
BruceChen 11:41:19.315 [main] INFO  edu.bjut.boudia.myMain - meter_8586676448095589189:regMsg,reg_backagg,reg_cc
BruceChen 11:41:19.315 [main] INFO  edu.bjut.boudia.myMain - meter_8586676448095589189:0,6419400,0
BruceChen 11:41:19.315 [main] INFO  edu.bjut.boudia.myMain - meter_3709165746220725979:regMsg,reg_backagg,reg_cc
BruceChen 11:41:19.315 [main] INFO  edu.bjut.boudia.myMain - meter_3709165746220725979:0,6255200,0
BruceChen 11:41:19.839 [main] INFO  edu.bjut.boudia.myMain - oneTimeMeterRepTime
BruceChen 11:41:21.201 [main] INFO  edu.bjut.boudia.myMain - server:repMsg
BruceChen 11:41:21.201 [main] INFO  edu.bjut.boudia.myMain - server:33161100
BruceChen 11:41:21.201 [main] INFO  edu.bjut.boudia.myMain - agg:repMsg
BruceChen 11:41:21.201 [main] INFO  edu.bjut.boudia.myMain - agg:277463000
BruceChen 11:41:21.201 [main] INFO  edu.bjut.boudia.myMain - meter_8790359398475117817:repMsg
BruceChen 11:41:21.201 [main] INFO  edu.bjut.boudia.myMain - meter_8790359398475117817:25766000
BruceChen 11:41:21.201 [main] INFO  edu.bjut.boudia.myMain - meter_5751807454718122765:repMsg
BruceChen 11:41:21.201 [main] INFO  edu.bjut.boudia.myMain - meter_5751807454718122765:26030100
BruceChen 11:41:21.201 [main] INFO  edu.bjut.boudia.myMain - meter_4115032804765818641:repMsg
BruceChen 11:41:21.201 [main] INFO  edu.bjut.boudia.myMain - meter_4115032804765818641:26274900
BruceChen 11:41:21.201 [main] INFO  edu.bjut.boudia.myMain - meter_3655974881736731961:repMsg
BruceChen 11:41:21.201 [main] INFO  edu.bjut.boudia.myMain - meter_3655974881736731961:26190500
BruceChen 11:41:21.201 [main] INFO  edu.bjut.boudia.myMain - meter_8456263949133956183:repMsg
BruceChen 11:41:21.201 [main] INFO  edu.bjut.boudia.myMain - meter_8456263949133956183:26451200
BruceChen 11:41:21.201 [main] INFO  edu.bjut.boudia.myMain - meter_1460696980660299763:repMsg
BruceChen 11:41:21.201 [main] INFO  edu.bjut.boudia.myMain - meter_1460696980660299763:26374700
BruceChen 11:41:21.201 [main] INFO  edu.bjut.boudia.myMain - meter_7044718024408472155:repMsg
BruceChen 11:41:21.201 [main] INFO  edu.bjut.boudia.myMain - meter_7044718024408472155:26179600
BruceChen 11:41:21.201 [main] INFO  edu.bjut.boudia.myMain - meter_8810531893201483643:repMsg
BruceChen 11:41:21.201 [main] INFO  edu.bjut.boudia.myMain - meter_8810531893201483643:26347300
BruceChen 11:41:21.201 [main] INFO  edu.bjut.boudia.myMain - meter_2140986107166280041:repMsg
BruceChen 11:41:21.201 [main] INFO  edu.bjut.boudia.myMain - meter_2140986107166280041:26465900
BruceChen 11:41:21.201 [main] INFO  edu.bjut.boudia.myMain - meter_6530098776725383779:repMsg
BruceChen 11:41:21.201 [main] INFO  edu.bjut.boudia.myMain - meter_6530098776725383779:25907500
BruceChen 11:41:21.201 [main] INFO  edu.bjut.boudia.myMain - meter_4155094110521754843:repMsg
BruceChen 11:41:21.201 [main] INFO  edu.bjut.boudia.myMain - meter_4155094110521754843:26251500
BruceChen 11:41:21.201 [main] INFO  edu.bjut.boudia.myMain - meter_5279420196268174797:repMsg
BruceChen 11:41:21.201 [main] INFO  edu.bjut.boudia.myMain - meter_5279420196268174797:27403800
BruceChen 11:41:21.201 [main] INFO  edu.bjut.boudia.myMain - meter_9093169211017092925:repMsg
BruceChen 11:41:21.201 [main] INFO  edu.bjut.boudia.myMain - meter_9093169211017092925:26621200
BruceChen 11:41:21.201 [main] INFO  edu.bjut.boudia.myMain - meter_2260417915439732707:repMsg
BruceChen 11:41:21.201 [main] INFO  edu.bjut.boudia.myMain - meter_2260417915439732707:26106000
BruceChen 11:41:21.201 [main] INFO  edu.bjut.boudia.myMain - meter_7878361308599796597:repMsg
BruceChen 11:41:21.201 [main] INFO  edu.bjut.boudia.myMain - meter_7878361308599796597:25913700
BruceChen 11:41:21.201 [main] INFO  edu.bjut.boudia.myMain - meter_5072212685697812441:repMsg
BruceChen 11:41:21.201 [main] INFO  edu.bjut.boudia.myMain - meter_5072212685697812441:25894400
BruceChen 11:41:21.201 [main] INFO  edu.bjut.boudia.myMain - meter_2636826581249961509:repMsg
BruceChen 11:41:21.201 [main] INFO  edu.bjut.boudia.myMain - meter_2636826581249961509:26589200
BruceChen 11:41:21.201 [main] INFO  edu.bjut.boudia.myMain - meter_8150204312787919825:repMsg
BruceChen 11:41:21.201 [main] INFO  edu.bjut.boudia.myMain - meter_8150204312787919825:26065900
BruceChen 11:41:21.201 [main] INFO  edu.bjut.boudia.myMain - meter_1143622931103932089:repMsg
BruceChen 11:41:21.201 [main] INFO  edu.bjut.boudia.myMain - meter_1143622931103932089:25721100
BruceChen 11:41:21.201 [main] INFO  edu.bjut.boudia.myMain - meter_8845203511921262027:repMsg
BruceChen 11:41:21.201 [main] INFO  edu.bjut.boudia.myMain - meter_8845203511921262027:25427100
BruceChen 11:41:21.201 [main] INFO  edu.bjut.boudia.myMain - meter_4808811299105171443:repMsg
BruceChen 11:41:21.201 [main] INFO  edu.bjut.boudia.myMain - meter_4808811299105171443:26402300
BruceChen 11:41:21.201 [main] INFO  edu.bjut.boudia.myMain - meter_2840348639899801049:repMsg
BruceChen 11:41:21.201 [main] INFO  edu.bjut.boudia.myMain - meter_2840348639899801049:26314700
BruceChen 11:41:21.201 [main] INFO  edu.bjut.boudia.myMain - meter_565991749891871003:repMsg
BruceChen 11:41:21.201 [main] INFO  edu.bjut.boudia.myMain - meter_565991749891871003:26546100
BruceChen 11:41:21.201 [main] INFO  edu.bjut.boudia.myMain - meter_4004326959300688813:repMsg
BruceChen 11:41:21.201 [main] INFO  edu.bjut.boudia.myMain - meter_4004326959300688813:26238600
BruceChen 11:41:21.201 [main] INFO  edu.bjut.boudia.myMain - meter_2363230602184056089:repMsg
BruceChen 11:41:21.201 [main] INFO  edu.bjut.boudia.myMain - meter_2363230602184056089:26391200
BruceChen 11:41:21.201 [main] INFO  edu.bjut.boudia.myMain - meter_7806550481100873255:repMsg
BruceChen 11:41:21.201 [main] INFO  edu.bjut.boudia.myMain - meter_7806550481100873255:26359000
BruceChen 11:41:21.201 [main] INFO  edu.bjut.boudia.myMain - meter_2188752720320092693:repMsg
BruceChen 11:41:21.201 [main] INFO  edu.bjut.boudia.myMain - meter_2188752720320092693:26162200
BruceChen 11:41:21.201 [main] INFO  edu.bjut.boudia.myMain - meter_971382580793300179:repMsg
BruceChen 11:41:21.201 [main] INFO  edu.bjut.boudia.myMain - meter_971382580793300179:26388300
BruceChen 11:41:21.201 [main] INFO  edu.bjut.boudia.myMain - meter_7993637064064075801:repMsg
BruceChen 11:41:21.201 [main] INFO  edu.bjut.boudia.myMain - meter_7993637064064075801:26312700
BruceChen 11:41:21.201 [main] INFO  edu.bjut.boudia.myMain - meter_6113546557243492863:repMsg
BruceChen 11:41:21.201 [main] INFO  edu.bjut.boudia.myMain - meter_6113546557243492863:26334300
BruceChen 11:41:21.201 [main] INFO  edu.bjut.boudia.myMain - meter_2966890206445522169:repMsg
BruceChen 11:41:21.201 [main] INFO  edu.bjut.boudia.myMain - meter_2966890206445522169:26332700
BruceChen 11:41:21.201 [main] INFO  edu.bjut.boudia.myMain - meter_8529947336741578257:repMsg
BruceChen 11:41:21.201 [main] INFO  edu.bjut.boudia.myMain - meter_8529947336741578257:26291500
BruceChen 11:41:21.201 [main] INFO  edu.bjut.boudia.myMain - meter_3219253349325957797:repMsg
BruceChen 11:41:21.201 [main] INFO  edu.bjut.boudia.myMain - meter_3219253349325957797:26456300
BruceChen 11:41:21.201 [main] INFO  edu.bjut.boudia.myMain - meter_3422084973475594115:repMsg
BruceChen 11:41:21.201 [main] INFO  edu.bjut.boudia.myMain - meter_3422084973475594115:26251500
BruceChen 11:41:21.201 [main] INFO  edu.bjut.boudia.myMain - meter_1110901873678744999:repMsg
BruceChen 11:41:21.201 [main] INFO  edu.bjut.boudia.myMain - meter_1110901873678744999:26308100
BruceChen 11:41:21.201 [main] INFO  edu.bjut.boudia.myMain - meter_6827341876684043601:repMsg
BruceChen 11:41:21.201 [main] INFO  edu.bjut.boudia.myMain - meter_6827341876684043601:26476300
BruceChen 11:41:21.201 [main] INFO  edu.bjut.boudia.myMain - meter_2964768144058776977:repMsg
BruceChen 11:41:21.201 [main] INFO  edu.bjut.boudia.myMain - meter_2964768144058776977:26309600
BruceChen 11:41:21.201 [main] INFO  edu.bjut.boudia.myMain - meter_1942263702491652177:repMsg
BruceChen 11:41:21.201 [main] INFO  edu.bjut.boudia.myMain - meter_1942263702491652177:26155300
BruceChen 11:41:21.201 [main] INFO  edu.bjut.boudia.myMain - meter_8586676448095589189:repMsg
BruceChen 11:41:21.201 [main] INFO  edu.bjut.boudia.myMain - meter_8586676448095589189:27674600
BruceChen 11:41:21.201 [main] INFO  edu.bjut.boudia.myMain - meter_3709165746220725979:repMsg
BruceChen 11:41:21.201 [main] INFO  edu.bjut.boudia.myMain - meter_3709165746220725979:27680600
BruceChen 11:41:23.022 [main] INFO  edu.bjut.boudia.myMain - oneTimeMeterRegTime
BruceChen 11:41:23.413 [main] INFO  edu.bjut.boudia.myMain - server:pubkey
BruceChen 11:41:23.413 [main] INFO  edu.bjut.boudia.myMain - server:1100
BruceChen 11:41:23.413 [main] INFO  edu.bjut.boudia.myMain - agg:regMsg,regMsg,regMsg,regMsg,regMsg,regMsg,regMsg,regMsg,regMsg,regMsg,regMsg,regMsg,regMsg,regMsg,regMsg,regMsg,regMsg,regMsg,regMsg,regMsg,regMsg,regMsg,regMsg,regMsg,regMsg,regMsg,regMsg,regMsg,regMsg,regMsg
BruceChen 11:41:23.413 [main] INFO  edu.bjut.boudia.myMain - agg:6533400,6550700,6412400,6371100,6341300,6397700,6388500,6368800,6386800,6352500,6382200,6502100,6570800,6601900,6592500,6537600,6559300,6391900,6402400,6359800,6352900,6385700,6371800,7569300,6572600,6575300,6387600,6355300,6390400,6405200
BruceChen 11:41:23.413 [main] INFO  edu.bjut.boudia.myMain - meter_5125196961280550407:regMsg,reg_backagg,reg_cc
BruceChen 11:41:23.413 [main] INFO  edu.bjut.boudia.myMain - meter_5125196961280550407:100,6594900,200
BruceChen 11:41:23.413 [main] INFO  edu.bjut.boudia.myMain - meter_4124639985135825075:regMsg,reg_backagg,reg_cc
BruceChen 11:41:23.413 [main] INFO  edu.bjut.boudia.myMain - meter_4124639985135825075:100,6412400,100
BruceChen 11:41:23.413 [main] INFO  edu.bjut.boudia.myMain - meter_5983733187297554549:regMsg,reg_backagg,reg_cc
BruceChen 11:41:23.413 [main] INFO  edu.bjut.boudia.myMain - meter_5983733187297554549:100,6378100,100
BruceChen 11:41:23.413 [main] INFO  edu.bjut.boudia.myMain - meter_8406057206274566637:regMsg,reg_backagg,reg_cc
BruceChen 11:41:23.413 [main] INFO  edu.bjut.boudia.myMain - meter_8406057206274566637:100,6237700,100
BruceChen 11:41:23.413 [main] INFO  edu.bjut.boudia.myMain - meter_1108366099673637181:regMsg,reg_backagg,reg_cc
BruceChen 11:41:23.413 [main] INFO  edu.bjut.boudia.myMain - meter_1108366099673637181:100,7027100,100
BruceChen 11:41:23.413 [main] INFO  edu.bjut.boudia.myMain - meter_8712630568953327977:regMsg,reg_backagg,reg_cc
BruceChen 11:41:23.413 [main] INFO  edu.bjut.boudia.myMain - meter_8712630568953327977:0,6313200,100
BruceChen 11:41:23.413 [main] INFO  edu.bjut.boudia.myMain - meter_4256753640540285499:regMsg,reg_backagg,reg_cc
BruceChen 11:41:23.413 [main] INFO  edu.bjut.boudia.myMain - meter_4256753640540285499:0,6308900,100
BruceChen 11:41:23.413 [main] INFO  edu.bjut.boudia.myMain - meter_2096691206953926673:regMsg,reg_backagg,reg_cc
BruceChen 11:41:23.413 [main] INFO  edu.bjut.boudia.myMain - meter_2096691206953926673:0,6402600,400
BruceChen 11:41:23.413 [main] INFO  edu.bjut.boudia.myMain - meter_3143490369878409563:regMsg,reg_backagg,reg_cc
BruceChen 11:41:23.413 [main] INFO  edu.bjut.boudia.myMain - meter_3143490369878409563:100,6263000,100
BruceChen 11:41:23.413 [main] INFO  edu.bjut.boudia.myMain - meter_6554091650884176569:regMsg,reg_backagg,reg_cc
BruceChen 11:41:23.413 [main] INFO  edu.bjut.boudia.myMain - meter_6554091650884176569:100,6446900,100
BruceChen 11:41:23.413 [main] INFO  edu.bjut.boudia.myMain - meter_736367205758745315:regMsg,reg_backagg,reg_cc
BruceChen 11:41:23.413 [main] INFO  edu.bjut.boudia.myMain - meter_736367205758745315:100,6247900,100
BruceChen 11:41:23.413 [main] INFO  edu.bjut.boudia.myMain - meter_7303407196140920699:regMsg,reg_backagg,reg_cc
BruceChen 11:41:23.413 [main] INFO  edu.bjut.boudia.myMain - meter_7303407196140920699:100,6516900,100
BruceChen 11:41:23.413 [main] INFO  edu.bjut.boudia.myMain - meter_6519164185021312883:regMsg,reg_backagg,reg_cc
BruceChen 11:41:23.413 [main] INFO  edu.bjut.boudia.myMain - meter_6519164185021312883:100,6566600,100
BruceChen 11:41:23.413 [main] INFO  edu.bjut.boudia.myMain - meter_3609223667934347759:regMsg,reg_backagg,reg_cc
BruceChen 11:41:23.413 [main] INFO  edu.bjut.boudia.myMain - meter_3609223667934347759:0,6522400,0
BruceChen 11:41:23.413 [main] INFO  edu.bjut.boudia.myMain - meter_776330297432344007:regMsg,reg_backagg,reg_cc
BruceChen 11:41:23.413 [main] INFO  edu.bjut.boudia.myMain - meter_776330297432344007:100,6562200,0
BruceChen 11:41:23.413 [main] INFO  edu.bjut.boudia.myMain - meter_4422941405699447207:regMsg,reg_backagg,reg_cc
BruceChen 11:41:23.413 [main] INFO  edu.bjut.boudia.myMain - meter_4422941405699447207:0,6405000,100
BruceChen 11:41:23.413 [main] INFO  edu.bjut.boudia.myMain - meter_3707832942821527823:regMsg,reg_backagg,reg_cc
BruceChen 11:41:23.413 [main] INFO  edu.bjut.boudia.myMain - meter_3707832942821527823:0,6352300,0
BruceChen 11:41:23.413 [main] INFO  edu.bjut.boudia.myMain - meter_6839445141962329283:regMsg,reg_backagg,reg_cc
BruceChen 11:41:23.413 [main] INFO  edu.bjut.boudia.myMain - meter_6839445141962329283:0,6389600,100
BruceChen 11:41:23.413 [main] INFO  edu.bjut.boudia.myMain - meter_498584890209806625:regMsg,reg_backagg,reg_cc
BruceChen 11:41:23.413 [main] INFO  edu.bjut.boudia.myMain - meter_498584890209806625:0,6249300,100
BruceChen 11:41:23.413 [main] INFO  edu.bjut.boudia.myMain - meter_5071787145098085135:regMsg,reg_backagg,reg_cc
BruceChen 11:41:23.413 [main] INFO  edu.bjut.boudia.myMain - meter_5071787145098085135:100,6352800,100
BruceChen 11:41:23.413 [main] INFO  edu.bjut.boudia.myMain - meter_148796469781320499:regMsg,reg_backagg,reg_cc
BruceChen 11:41:23.413 [main] INFO  edu.bjut.boudia.myMain - meter_148796469781320499:100,6387100,100
BruceChen 11:41:23.413 [main] INFO  edu.bjut.boudia.myMain - meter_5461124575396778085:regMsg,reg_backagg,reg_cc
BruceChen 11:41:23.413 [main] INFO  edu.bjut.boudia.myMain - meter_5461124575396778085:100,6409400,100
BruceChen 11:41:23.413 [main] INFO  edu.bjut.boudia.myMain - meter_3776834445743947737:regMsg,reg_backagg,reg_cc
BruceChen 11:41:23.413 [main] INFO  edu.bjut.boudia.myMain - meter_3776834445743947737:0,6431000,0
BruceChen 11:41:23.413 [main] INFO  edu.bjut.boudia.myMain - meter_6094465863493972493:regMsg,reg_backagg,reg_cc
BruceChen 11:41:23.413 [main] INFO  edu.bjut.boudia.myMain - meter_6094465863493972493:100,6519400,0
BruceChen 11:41:23.413 [main] INFO  edu.bjut.boudia.myMain - meter_2748682331210154709:regMsg,reg_backagg,reg_cc
BruceChen 11:41:23.413 [main] INFO  edu.bjut.boudia.myMain - meter_2748682331210154709:100,6547500,100
BruceChen 11:41:23.413 [main] INFO  edu.bjut.boudia.myMain - meter_510724884739401665:regMsg,reg_backagg,reg_cc
BruceChen 11:41:23.413 [main] INFO  edu.bjut.boudia.myMain - meter_510724884739401665:0,6474400,100
BruceChen 11:41:23.413 [main] INFO  edu.bjut.boudia.myMain - meter_2432244054221142123:regMsg,reg_backagg,reg_cc
BruceChen 11:41:23.413 [main] INFO  edu.bjut.boudia.myMain - meter_2432244054221142123:0,6314800,100
BruceChen 11:41:23.413 [main] INFO  edu.bjut.boudia.myMain - meter_2447582669124441777:regMsg,reg_backagg,reg_cc
BruceChen 11:41:23.413 [main] INFO  edu.bjut.boudia.myMain - meter_2447582669124441777:0,6376100,100
BruceChen 11:41:23.413 [main] INFO  edu.bjut.boudia.myMain - meter_2076368893242644537:regMsg,reg_backagg,reg_cc
BruceChen 11:41:23.413 [main] INFO  edu.bjut.boudia.myMain - meter_2076368893242644537:0,6401400,100
BruceChen 11:41:23.413 [main] INFO  edu.bjut.boudia.myMain - meter_1137266989834738279:regMsg,reg_backagg,reg_cc
BruceChen 11:41:23.413 [main] INFO  edu.bjut.boudia.myMain - meter_1137266989834738279:0,6398800,0
BruceChen 11:41:23.814 [main] INFO  edu.bjut.boudia.myMain - oneTimeMeterRepTime
BruceChen 11:41:24.845 [main] INFO  edu.bjut.boudia.myMain - server:repMsg
BruceChen 11:41:24.845 [main] INFO  edu.bjut.boudia.myMain - server:33326000
BruceChen 11:41:24.845 [main] INFO  edu.bjut.boudia.myMain - agg:repMsg
BruceChen 11:41:24.845 [main] INFO  edu.bjut.boudia.myMain - agg:215106800
BruceChen 11:41:24.845 [main] INFO  edu.bjut.boudia.myMain - meter_5125196961280550407:repMsg
BruceChen 11:41:24.845 [main] INFO  edu.bjut.boudia.myMain - meter_5125196961280550407:26186900
BruceChen 11:41:24.845 [main] INFO  edu.bjut.boudia.myMain - meter_4124639985135825075:repMsg
BruceChen 11:41:24.845 [main] INFO  edu.bjut.boudia.myMain - meter_4124639985135825075:26275600
BruceChen 11:41:24.845 [main] INFO  edu.bjut.boudia.myMain - meter_5983733187297554549:repMsg
BruceChen 11:41:24.845 [main] INFO  edu.bjut.boudia.myMain - meter_5983733187297554549:26542700
BruceChen 11:41:24.845 [main] INFO  edu.bjut.boudia.myMain - meter_8406057206274566637:repMsg
BruceChen 11:41:24.845 [main] INFO  edu.bjut.boudia.myMain - meter_8406057206274566637:26378700
BruceChen 11:41:24.845 [main] INFO  edu.bjut.boudia.myMain - meter_1108366099673637181:repMsg
BruceChen 11:41:24.845 [main] INFO  edu.bjut.boudia.myMain - meter_1108366099673637181:26186200
BruceChen 11:41:24.845 [main] INFO  edu.bjut.boudia.myMain - meter_8712630568953327977:repMsg
BruceChen 11:41:24.845 [main] INFO  edu.bjut.boudia.myMain - meter_8712630568953327977:26275100
BruceChen 11:41:24.845 [main] INFO  edu.bjut.boudia.myMain - meter_4256753640540285499:repMsg
BruceChen 11:41:24.845 [main] INFO  edu.bjut.boudia.myMain - meter_4256753640540285499:26252900
BruceChen 11:41:24.845 [main] INFO  edu.bjut.boudia.myMain - meter_2096691206953926673:repMsg
BruceChen 11:41:24.845 [main] INFO  edu.bjut.boudia.myMain - meter_2096691206953926673:25829300
BruceChen 11:41:24.845 [main] INFO  edu.bjut.boudia.myMain - meter_3143490369878409563:repMsg
BruceChen 11:41:24.845 [main] INFO  edu.bjut.boudia.myMain - meter_3143490369878409563:25610800
BruceChen 11:41:24.845 [main] INFO  edu.bjut.boudia.myMain - meter_6554091650884176569:repMsg
BruceChen 11:41:24.845 [main] INFO  edu.bjut.boudia.myMain - meter_6554091650884176569:26945700
BruceChen 11:41:24.845 [main] INFO  edu.bjut.boudia.myMain - meter_736367205758745315:repMsg
BruceChen 11:41:24.845 [main] INFO  edu.bjut.boudia.myMain - meter_736367205758745315:26417400
BruceChen 11:41:24.845 [main] INFO  edu.bjut.boudia.myMain - meter_7303407196140920699:repMsg
BruceChen 11:41:24.845 [main] INFO  edu.bjut.boudia.myMain - meter_7303407196140920699:26593600
BruceChen 11:41:24.845 [main] INFO  edu.bjut.boudia.myMain - meter_6519164185021312883:repMsg
BruceChen 11:41:24.845 [main] INFO  edu.bjut.boudia.myMain - meter_6519164185021312883:26282700
BruceChen 11:41:24.845 [main] INFO  edu.bjut.boudia.myMain - meter_3609223667934347759:repMsg
BruceChen 11:41:24.845 [main] INFO  edu.bjut.boudia.myMain - meter_3609223667934347759:26390900
BruceChen 11:41:24.845 [main] INFO  edu.bjut.boudia.myMain - meter_776330297432344007:repMsg
BruceChen 11:41:24.845 [main] INFO  edu.bjut.boudia.myMain - meter_776330297432344007:26324600
BruceChen 11:41:24.860 [main] INFO  edu.bjut.boudia.myMain - meter_4422941405699447207:repMsg
BruceChen 11:41:24.860 [main] INFO  edu.bjut.boudia.myMain - meter_4422941405699447207:26274100
BruceChen 11:41:24.860 [main] INFO  edu.bjut.boudia.myMain - meter_3707832942821527823:repMsg
BruceChen 11:41:24.860 [main] INFO  edu.bjut.boudia.myMain - meter_3707832942821527823:26090100
BruceChen 11:41:24.860 [main] INFO  edu.bjut.boudia.myMain - meter_6839445141962329283:repMsg
BruceChen 11:41:24.860 [main] INFO  edu.bjut.boudia.myMain - meter_6839445141962329283:26397500
BruceChen 11:41:24.860 [main] INFO  edu.bjut.boudia.myMain - meter_498584890209806625:repMsg
BruceChen 11:41:24.860 [main] INFO  edu.bjut.boudia.myMain - meter_498584890209806625:26494900
BruceChen 11:41:24.860 [main] INFO  edu.bjut.boudia.myMain - meter_5071787145098085135:repMsg
BruceChen 11:41:24.860 [main] INFO  edu.bjut.boudia.myMain - meter_5071787145098085135:26360700
BruceChen 11:41:24.860 [main] INFO  edu.bjut.boudia.myMain - meter_148796469781320499:repMsg
BruceChen 11:41:24.860 [main] INFO  edu.bjut.boudia.myMain - meter_148796469781320499:26164000
BruceChen 11:41:24.860 [main] INFO  edu.bjut.boudia.myMain - meter_5461124575396778085:repMsg
BruceChen 11:41:24.860 [main] INFO  edu.bjut.boudia.myMain - meter_5461124575396778085:26408300
BruceChen 11:41:24.860 [main] INFO  edu.bjut.boudia.myMain - meter_3776834445743947737:repMsg
BruceChen 11:41:24.860 [main] INFO  edu.bjut.boudia.myMain - meter_3776834445743947737:26216700
BruceChen 11:41:24.860 [main] INFO  edu.bjut.boudia.myMain - meter_6094465863493972493:repMsg
BruceChen 11:41:24.860 [main] INFO  edu.bjut.boudia.myMain - meter_6094465863493972493:26296200
BruceChen 11:41:24.860 [main] INFO  edu.bjut.boudia.myMain - meter_2748682331210154709:repMsg
BruceChen 11:41:24.860 [main] INFO  edu.bjut.boudia.myMain - meter_2748682331210154709:26323100
BruceChen 11:41:24.860 [main] INFO  edu.bjut.boudia.myMain - meter_510724884739401665:repMsg
BruceChen 11:41:24.860 [main] INFO  edu.bjut.boudia.myMain - meter_510724884739401665:26290500
BruceChen 11:41:24.860 [main] INFO  edu.bjut.boudia.myMain - meter_2432244054221142123:repMsg
BruceChen 11:41:24.860 [main] INFO  edu.bjut.boudia.myMain - meter_2432244054221142123:26391500
BruceChen 11:41:24.860 [main] INFO  edu.bjut.boudia.myMain - meter_2447582669124441777:repMsg
BruceChen 11:41:24.860 [main] INFO  edu.bjut.boudia.myMain - meter_2447582669124441777:26291400
BruceChen 11:41:24.860 [main] INFO  edu.bjut.boudia.myMain - meter_2076368893242644537:repMsg
BruceChen 11:41:24.860 [main] INFO  edu.bjut.boudia.myMain - meter_2076368893242644537:27124100
BruceChen 11:41:24.860 [main] INFO  edu.bjut.boudia.myMain - meter_1137266989834738279:repMsg
BruceChen 11:41:24.860 [main] INFO  edu.bjut.boudia.myMain - meter_1137266989834738279:26440300
BruceChen 11:41:26.018 [main] INFO  edu.bjut.boudia.myMain - oneTimeMeterRegTime
BruceChen 11:41:26.268 [main] INFO  edu.bjut.boudia.myMain - server:pubkey
BruceChen 11:41:26.268 [main] INFO  edu.bjut.boudia.myMain - server:1100
BruceChen 11:41:26.268 [main] INFO  edu.bjut.boudia.myMain - agg:regMsg,regMsg,regMsg,regMsg,regMsg,regMsg,regMsg,regMsg,regMsg,regMsg,regMsg,regMsg,regMsg,regMsg,regMsg,regMsg,regMsg,regMsg,regMsg,regMsg
BruceChen 11:41:26.268 [main] INFO  edu.bjut.boudia.myMain - agg:6401800,6373300,6403900,6374100,6375300,6378500,6376400,6381600,6371500,6367800,6382600,6361600,6362800,6367500,6361300,6373200,6367900,6393600,6381600,6393800
BruceChen 11:41:26.268 [main] INFO  edu.bjut.boudia.myMain - meter_3510723805501503285:regMsg,reg_backagg,reg_cc
BruceChen 11:41:26.268 [main] INFO  edu.bjut.boudia.myMain - meter_3510723805501503285:200,6329400,100
BruceChen 11:41:26.268 [main] INFO  edu.bjut.boudia.myMain - meter_8726881379277552601:regMsg,reg_backagg,reg_cc
BruceChen 11:41:26.268 [main] INFO  edu.bjut.boudia.myMain - meter_8726881379277552601:400,6334500,100
BruceChen 11:41:26.268 [main] INFO  edu.bjut.boudia.myMain - meter_2674845299950040027:regMsg,reg_backagg,reg_cc
BruceChen 11:41:26.268 [main] INFO  edu.bjut.boudia.myMain - meter_2674845299950040027:100,6373900,100
BruceChen 11:41:26.268 [main] INFO  edu.bjut.boudia.myMain - meter_2003107917583927827:regMsg,reg_backagg,reg_cc
BruceChen 11:41:26.268 [main] INFO  edu.bjut.boudia.myMain - meter_2003107917583927827:100,6361100,100
BruceChen 11:41:26.268 [main] INFO  edu.bjut.boudia.myMain - meter_1611461819495018107:regMsg,reg_backagg,reg_cc
BruceChen 11:41:26.268 [main] INFO  edu.bjut.boudia.myMain - meter_1611461819495018107:100,6315200,100
BruceChen 11:41:26.268 [main] INFO  edu.bjut.boudia.myMain - meter_387934574505341821:regMsg,reg_backagg,reg_cc
BruceChen 11:41:26.268 [main] INFO  edu.bjut.boudia.myMain - meter_387934574505341821:100,6299000,0
BruceChen 11:41:26.268 [main] INFO  edu.bjut.boudia.myMain - meter_4902970711663196921:regMsg,reg_backagg,reg_cc
BruceChen 11:41:26.268 [main] INFO  edu.bjut.boudia.myMain - meter_4902970711663196921:100,6375600,100
BruceChen 11:41:26.268 [main] INFO  edu.bjut.boudia.myMain - meter_7978265260412072765:regMsg,reg_backagg,reg_cc
BruceChen 11:41:26.268 [main] INFO  edu.bjut.boudia.myMain - meter_7978265260412072765:100,6352700,100
BruceChen 11:41:26.268 [main] INFO  edu.bjut.boudia.myMain - meter_2669023332117689579:regMsg,reg_backagg,reg_cc
BruceChen 11:41:26.268 [main] INFO  edu.bjut.boudia.myMain - meter_2669023332117689579:100,6396300,0
BruceChen 11:41:26.268 [main] INFO  edu.bjut.boudia.myMain - meter_348636349049712209:regMsg,reg_backagg,reg_cc
BruceChen 11:41:26.268 [main] INFO  edu.bjut.boudia.myMain - meter_348636349049712209:100,8030900,100
BruceChen 11:41:26.268 [main] INFO  edu.bjut.boudia.myMain - meter_8734384422165015673:regMsg,reg_backagg,reg_cc
BruceChen 11:41:26.268 [main] INFO  edu.bjut.boudia.myMain - meter_8734384422165015673:0,6293500,100
BruceChen 11:41:26.268 [main] INFO  edu.bjut.boudia.myMain - meter_2414646168463283911:regMsg,reg_backagg,reg_cc
BruceChen 11:41:26.268 [main] INFO  edu.bjut.boudia.myMain - meter_2414646168463283911:0,6239900,100
BruceChen 11:41:26.268 [main] INFO  edu.bjut.boudia.myMain - meter_2924328462502245905:regMsg,reg_backagg,reg_cc
BruceChen 11:41:26.268 [main] INFO  edu.bjut.boudia.myMain - meter_2924328462502245905:0,6325400,100
BruceChen 11:41:26.268 [main] INFO  edu.bjut.boudia.myMain - meter_6389446607152031471:regMsg,reg_backagg,reg_cc
BruceChen 11:41:26.268 [main] INFO  edu.bjut.boudia.myMain - meter_6389446607152031471:100,6439300,100
BruceChen 11:41:26.268 [main] INFO  edu.bjut.boudia.myMain - meter_279787975834499849:regMsg,reg_backagg,reg_cc
BruceChen 11:41:26.268 [main] INFO  edu.bjut.boudia.myMain - meter_279787975834499849:0,6407100,100
BruceChen 11:41:26.268 [main] INFO  edu.bjut.boudia.myMain - meter_5014247927630368317:regMsg,reg_backagg,reg_cc
BruceChen 11:41:26.268 [main] INFO  edu.bjut.boudia.myMain - meter_5014247927630368317:0,6353700,0
BruceChen 11:41:26.268 [main] INFO  edu.bjut.boudia.myMain - meter_2739138580967218433:regMsg,reg_backagg,reg_cc
BruceChen 11:41:26.268 [main] INFO  edu.bjut.boudia.myMain - meter_2739138580967218433:0,6399600,0
BruceChen 11:41:26.268 [main] INFO  edu.bjut.boudia.myMain - meter_3191078952019503371:regMsg,reg_backagg,reg_cc
BruceChen 11:41:26.268 [main] INFO  edu.bjut.boudia.myMain - meter_3191078952019503371:0,6327000,100
BruceChen 11:41:26.268 [main] INFO  edu.bjut.boudia.myMain - meter_2487266633561377397:regMsg,reg_backagg,reg_cc
BruceChen 11:41:26.268 [main] INFO  edu.bjut.boudia.myMain - meter_2487266633561377397:0,6385600,100
BruceChen 11:41:26.268 [main] INFO  edu.bjut.boudia.myMain - meter_7580345678088029487:regMsg,reg_backagg,reg_cc
BruceChen 11:41:26.268 [main] INFO  edu.bjut.boudia.myMain - meter_7580345678088029487:100,6387000,100
BruceChen 11:41:26.527 [main] INFO  edu.bjut.boudia.myMain - oneTimeMeterRepTime
BruceChen 11:41:27.230 [main] INFO  edu.bjut.boudia.myMain - server:repMsg
BruceChen 11:41:27.230 [main] INFO  edu.bjut.boudia.myMain - server:33136000
BruceChen 11:41:27.230 [main] INFO  edu.bjut.boudia.myMain - agg:repMsg
BruceChen 11:41:27.230 [main] INFO  edu.bjut.boudia.myMain - agg:142795800
BruceChen 11:41:27.230 [main] INFO  edu.bjut.boudia.myMain - meter_3510723805501503285:repMsg
BruceChen 11:41:27.230 [main] INFO  edu.bjut.boudia.myMain - meter_3510723805501503285:25723800
BruceChen 11:41:27.230 [main] INFO  edu.bjut.boudia.myMain - meter_8726881379277552601:repMsg
BruceChen 11:41:27.230 [main] INFO  edu.bjut.boudia.myMain - meter_8726881379277552601:25373800
BruceChen 11:41:27.230 [main] INFO  edu.bjut.boudia.myMain - meter_2674845299950040027:repMsg
BruceChen 11:41:27.230 [main] INFO  edu.bjut.boudia.myMain - meter_2674845299950040027:25698400
BruceChen 11:41:27.230 [main] INFO  edu.bjut.boudia.myMain - meter_2003107917583927827:repMsg
BruceChen 11:41:27.230 [main] INFO  edu.bjut.boudia.myMain - meter_2003107917583927827:25761700
BruceChen 11:41:27.230 [main] INFO  edu.bjut.boudia.myMain - meter_1611461819495018107:repMsg
BruceChen 11:41:27.230 [main] INFO  edu.bjut.boudia.myMain - meter_1611461819495018107:25469900
BruceChen 11:41:27.230 [main] INFO  edu.bjut.boudia.myMain - meter_387934574505341821:repMsg
BruceChen 11:41:27.230 [main] INFO  edu.bjut.boudia.myMain - meter_387934574505341821:25502200
BruceChen 11:41:27.230 [main] INFO  edu.bjut.boudia.myMain - meter_4902970711663196921:repMsg
BruceChen 11:41:27.230 [main] INFO  edu.bjut.boudia.myMain - meter_4902970711663196921:25602900
BruceChen 11:41:27.230 [main] INFO  edu.bjut.boudia.myMain - meter_7978265260412072765:repMsg
BruceChen 11:41:27.230 [main] INFO  edu.bjut.boudia.myMain - meter_7978265260412072765:25431700
BruceChen 11:41:27.230 [main] INFO  edu.bjut.boudia.myMain - meter_2669023332117689579:repMsg
BruceChen 11:41:27.230 [main] INFO  edu.bjut.boudia.myMain - meter_2669023332117689579:26276600
BruceChen 11:41:27.230 [main] INFO  edu.bjut.boudia.myMain - meter_348636349049712209:repMsg
BruceChen 11:41:27.230 [main] INFO  edu.bjut.boudia.myMain - meter_348636349049712209:25490400
BruceChen 11:41:27.230 [main] INFO  edu.bjut.boudia.myMain - meter_8734384422165015673:repMsg
BruceChen 11:41:27.230 [main] INFO  edu.bjut.boudia.myMain - meter_8734384422165015673:25398800
BruceChen 11:41:27.230 [main] INFO  edu.bjut.boudia.myMain - meter_2414646168463283911:repMsg
BruceChen 11:41:27.230 [main] INFO  edu.bjut.boudia.myMain - meter_2414646168463283911:25677800
BruceChen 11:41:27.230 [main] INFO  edu.bjut.boudia.myMain - meter_2924328462502245905:repMsg
BruceChen 11:41:27.230 [main] INFO  edu.bjut.boudia.myMain - meter_2924328462502245905:26692900
BruceChen 11:41:27.230 [main] INFO  edu.bjut.boudia.myMain - meter_6389446607152031471:repMsg
BruceChen 11:41:27.230 [main] INFO  edu.bjut.boudia.myMain - meter_6389446607152031471:25647100
BruceChen 11:41:27.230 [main] INFO  edu.bjut.boudia.myMain - meter_279787975834499849:repMsg
BruceChen 11:41:27.230 [main] INFO  edu.bjut.boudia.myMain - meter_279787975834499849:26304300
BruceChen 11:41:27.230 [main] INFO  edu.bjut.boudia.myMain - meter_5014247927630368317:repMsg
BruceChen 11:41:27.230 [main] INFO  edu.bjut.boudia.myMain - meter_5014247927630368317:26614000
BruceChen 11:41:27.230 [main] INFO  edu.bjut.boudia.myMain - meter_2739138580967218433:repMsg
BruceChen 11:41:27.230 [main] INFO  edu.bjut.boudia.myMain - meter_2739138580967218433:26444000
BruceChen 11:41:27.230 [main] INFO  edu.bjut.boudia.myMain - meter_3191078952019503371:repMsg
BruceChen 11:41:27.230 [main] INFO  edu.bjut.boudia.myMain - meter_3191078952019503371:26189400
BruceChen 11:41:27.230 [main] INFO  edu.bjut.boudia.myMain - meter_2487266633561377397:repMsg
BruceChen 11:41:27.230 [main] INFO  edu.bjut.boudia.myMain - meter_2487266633561377397:26351900
BruceChen 11:41:27.230 [main] INFO  edu.bjut.boudia.myMain - meter_7580345678088029487:repMsg
BruceChen 11:41:27.230 [main] INFO  edu.bjut.boudia.myMain - meter_7580345678088029487:26341900
