BruceChen 13:33:31.228 [main] INFO  edu.bjut.homo.myMain - meterRegTime
BruceChen 13:33:31.697 [main] INFO  edu.bjut.homo.myMain - kgc:reg_response,reg_response,reg_response,reg_response,reg_response,reg_response,reg_response,reg_response,reg_response,reg_response,reg_response,reg_response,reg_response,reg_response,reg_response,reg_response,reg_response,reg_response,reg_response,reg_response,reg_response,reg_response,reg_response,reg_response,reg_response,reg_response,reg_response,reg_response,reg_response,reg_response,reg_response,reg_response,reg_response,reg_response,reg_response,reg_response,reg_response,reg_response,reg_response,reg_response,reg_response,reg_response,reg_response,reg_response,reg_response,reg_response,reg_response,reg_response,reg_response,reg_response,reg_response,reg_response,reg_response,reg_response,reg_response,reg_response,reg_response,reg_response,reg_response,reg_response
BruceChen 13:33:31.714 [main] INFO  edu.bjut.homo.myMain - kgc:7643900,7904700,7962800,10594300,7593600,8085000,7585600,7587900,7769200,7416200,7380400,7479500,7606000,7495000,7364100,7370900,7428100,7494700,7359900,7630600,7634600,7558300,7527400,12357600,7564100,7399500,7493600,7683400,7394600,7290700,7476400,7434400,7683400,7415500,7350800,7365400,7512900,7269300,7352900,7680000,7282900,7591800,7358800,7380300,7293000,7364000,7422300,7312900,7833500,7266200,7424500,7361700,7324400,7242400,7232000,7313300,7258900,7277900,7270000,7250200
BruceChen 13:33:31.714 [main] INFO  edu.bjut.homo.myMain - meter_8638162181952955225:reg,reg_response
BruceChen 13:33:31.714 [main] INFO  edu.bjut.homo.myMain - meter_8638162181952955225:251900,419400
BruceChen 13:33:31.714 [main] INFO  edu.bjut.homo.myMain - meter_2841763626550127267:reg,reg_response
BruceChen 13:33:31.714 [main] INFO  edu.bjut.homo.myMain - meter_2841763626550127267:1645100,141500
BruceChen 13:33:31.714 [main] INFO  edu.bjut.homo.myMain - meter_8335713297194943803:reg,reg_response
BruceChen 13:33:31.714 [main] INFO  edu.bjut.homo.myMain - meter_8335713297194943803:36800,156000
BruceChen 13:33:31.714 [main] INFO  edu.bjut.homo.myMain - meter_673697531390324121:reg,reg_response
BruceChen 13:33:31.714 [main] INFO  edu.bjut.homo.myMain - meter_673697531390324121:37600,140500
BruceChen 13:33:31.714 [main] INFO  edu.bjut.homo.myMain - meter_9034125165455868347:reg,reg_response
BruceChen 13:33:31.714 [main] INFO  edu.bjut.homo.myMain - meter_9034125165455868347:37400,133700
BruceChen 13:33:31.714 [main] INFO  edu.bjut.homo.myMain - meter_5477567733385920281:reg,reg_response
BruceChen 13:33:31.714 [main] INFO  edu.bjut.homo.myMain - meter_5477567733385920281:34300,127900
BruceChen 13:33:31.714 [main] INFO  edu.bjut.homo.myMain - meter_2861322837121260547:reg,reg_response
BruceChen 13:33:31.714 [main] INFO  edu.bjut.homo.myMain - meter_2861322837121260547:33900,127400
BruceChen 13:33:31.714 [main] INFO  edu.bjut.homo.myMain - meter_462833901803825321:reg,reg_response
BruceChen 13:33:31.714 [main] INFO  edu.bjut.homo.myMain - meter_462833901803825321:35400,107800
BruceChen 13:33:31.714 [main] INFO  edu.bjut.homo.myMain - meter_4654963012370069567:reg,reg_response
BruceChen 13:33:31.714 [main] INFO  edu.bjut.homo.myMain - meter_4654963012370069567:26500,116500
BruceChen 13:33:31.714 [main] INFO  edu.bjut.homo.myMain - meter_409693077443448413:reg,reg_response
BruceChen 13:33:31.714 [main] INFO  edu.bjut.homo.myMain - meter_409693077443448413:26900,109400
BruceChen 13:33:31.714 [main] INFO  edu.bjut.homo.myMain - meter_7839307050608487625:reg,reg_response
BruceChen 13:33:31.714 [main] INFO  edu.bjut.homo.myMain - meter_7839307050608487625:27400,99200
BruceChen 13:33:31.714 [main] INFO  edu.bjut.homo.myMain - meter_4383471723393378321:reg,reg_response
BruceChen 13:33:31.714 [main] INFO  edu.bjut.homo.myMain - meter_4383471723393378321:26900,99000
BruceChen 13:33:31.714 [main] INFO  edu.bjut.homo.myMain - meter_7717690327383770273:reg,reg_response
BruceChen 13:33:31.714 [main] INFO  edu.bjut.homo.myMain - meter_7717690327383770273:34500,103900
BruceChen 13:33:31.714 [main] INFO  edu.bjut.homo.myMain - meter_8425319595589475619:reg,reg_response
BruceChen 13:33:31.714 [main] INFO  edu.bjut.homo.myMain - meter_8425319595589475619:26400,106900
BruceChen 13:33:31.714 [main] INFO  edu.bjut.homo.myMain - meter_4431054094792820325:reg,reg_response
BruceChen 13:33:31.714 [main] INFO  edu.bjut.homo.myMain - meter_4431054094792820325:26600,102200
BruceChen 13:33:31.714 [main] INFO  edu.bjut.homo.myMain - meter_3274964550522389857:reg,reg_response
BruceChen 13:33:31.714 [main] INFO  edu.bjut.homo.myMain - meter_3274964550522389857:28200,97300
BruceChen 13:33:31.714 [main] INFO  edu.bjut.homo.myMain - meter_3418355647914869367:reg,reg_response
BruceChen 13:33:31.714 [main] INFO  edu.bjut.homo.myMain - meter_3418355647914869367:26200,123000
BruceChen 13:33:31.714 [main] INFO  edu.bjut.homo.myMain - meter_6252951008745581055:reg,reg_response
BruceChen 13:33:31.714 [main] INFO  edu.bjut.homo.myMain - meter_6252951008745581055:38000,95500
BruceChen 13:33:31.714 [main] INFO  edu.bjut.homo.myMain - meter_7106592772047882025:reg,reg_response
BruceChen 13:33:31.714 [main] INFO  edu.bjut.homo.myMain - meter_7106592772047882025:25800,99500
BruceChen 13:33:31.714 [main] INFO  edu.bjut.homo.myMain - meter_3550035335682968285:reg,reg_response
BruceChen 13:33:31.714 [main] INFO  edu.bjut.homo.myMain - meter_3550035335682968285:26200,104500
BruceChen 13:33:31.714 [main] INFO  edu.bjut.homo.myMain - meter_4084884913585777835:reg,reg_response
BruceChen 13:33:31.714 [main] INFO  edu.bjut.homo.myMain - meter_4084884913585777835:28100,96600
BruceChen 13:33:31.714 [main] INFO  edu.bjut.homo.myMain - meter_8408694807103162835:reg,reg_response
BruceChen 13:33:31.714 [main] INFO  edu.bjut.homo.myMain - meter_8408694807103162835:26600,107500
BruceChen 13:33:31.714 [main] INFO  edu.bjut.homo.myMain - meter_742816970643099181:reg,reg_response
BruceChen 13:33:31.714 [main] INFO  edu.bjut.homo.myMain - meter_742816970643099181:26600,91700
BruceChen 13:33:31.714 [main] INFO  edu.bjut.homo.myMain - meter_5344600530591755587:reg,reg_response
BruceChen 13:33:31.714 [main] INFO  edu.bjut.homo.myMain - meter_5344600530591755587:25900,130600
BruceChen 13:33:31.714 [main] INFO  edu.bjut.homo.myMain - meter_92189497975069715:reg,reg_response
BruceChen 13:33:31.714 [main] INFO  edu.bjut.homo.myMain - meter_92189497975069715:34400,103000
BruceChen 13:33:31.714 [main] INFO  edu.bjut.homo.myMain - meter_3747029328383790251:reg,reg_response
BruceChen 13:33:31.714 [main] INFO  edu.bjut.homo.myMain - meter_3747029328383790251:55300,91900
BruceChen 13:33:31.714 [main] INFO  edu.bjut.homo.myMain - meter_3915269011909233073:reg,reg_response
BruceChen 13:33:31.714 [main] INFO  edu.bjut.homo.myMain - meter_3915269011909233073:25700,101100
BruceChen 13:33:31.714 [main] INFO  edu.bjut.homo.myMain - meter_7788326652499044217:reg,reg_response
BruceChen 13:33:31.714 [main] INFO  edu.bjut.homo.myMain - meter_7788326652499044217:51900,97300
BruceChen 13:33:31.714 [main] INFO  edu.bjut.homo.myMain - meter_3061345777925124049:reg,reg_response
BruceChen 13:33:31.714 [main] INFO  edu.bjut.homo.myMain - meter_3061345777925124049:26400,98200
BruceChen 13:33:31.714 [main] INFO  edu.bjut.homo.myMain - meter_1579244708183919833:reg,reg_response
BruceChen 13:33:31.714 [main] INFO  edu.bjut.homo.myMain - meter_1579244708183919833:29700,113700
BruceChen 13:33:31.714 [main] INFO  edu.bjut.homo.myMain - meter_154974293721515703:reg,reg_response
BruceChen 13:33:31.714 [main] INFO  edu.bjut.homo.myMain - meter_154974293721515703:25200,87600
BruceChen 13:33:31.714 [main] INFO  edu.bjut.homo.myMain - meter_4332491325267157703:reg,reg_response
BruceChen 13:33:31.714 [main] INFO  edu.bjut.homo.myMain - meter_4332491325267157703:25400,81400
BruceChen 13:33:31.714 [main] INFO  edu.bjut.homo.myMain - meter_2910012353567802649:reg,reg_response
BruceChen 13:33:31.714 [main] INFO  edu.bjut.homo.myMain - meter_2910012353567802649:25100,138900
BruceChen 13:33:31.714 [main] INFO  edu.bjut.homo.myMain - meter_6606099911869698249:reg,reg_response
BruceChen 13:33:31.714 [main] INFO  edu.bjut.homo.myMain - meter_6606099911869698249:32200,83100
BruceChen 13:33:31.714 [main] INFO  edu.bjut.homo.myMain - meter_3557388425372580695:reg,reg_response
BruceChen 13:33:31.714 [main] INFO  edu.bjut.homo.myMain - meter_3557388425372580695:26300,80700
BruceChen 13:33:31.714 [main] INFO  edu.bjut.homo.myMain - meter_492683253059972453:reg,reg_response
BruceChen 13:33:31.714 [main] INFO  edu.bjut.homo.myMain - meter_492683253059972453:25000,87600
BruceChen 13:33:31.714 [main] INFO  edu.bjut.homo.myMain - meter_3831408124040834759:reg,reg_response
BruceChen 13:33:31.714 [main] INFO  edu.bjut.homo.myMain - meter_3831408124040834759:27300,78200
BruceChen 13:33:31.714 [main] INFO  edu.bjut.homo.myMain - meter_4438033812398149147:reg,reg_response
BruceChen 13:33:31.714 [main] INFO  edu.bjut.homo.myMain - meter_4438033812398149147:24800,85200
BruceChen 13:33:31.714 [main] INFO  edu.bjut.homo.myMain - meter_5219900556134084033:reg,reg_response
BruceChen 13:33:31.714 [main] INFO  edu.bjut.homo.myMain - meter_5219900556134084033:25500,85000
BruceChen 13:33:31.714 [main] INFO  edu.bjut.homo.myMain - meter_1663343124064136883:reg,reg_response
BruceChen 13:33:31.714 [main] INFO  edu.bjut.homo.myMain - meter_1663343124064136883:25300,84200
BruceChen 13:33:31.714 [main] INFO  edu.bjut.homo.myMain - meter_246185077330605201:reg,reg_response
BruceChen 13:33:31.714 [main] INFO  edu.bjut.homo.myMain - meter_246185077330605201:23500,95700
BruceChen 13:33:31.714 [main] INFO  edu.bjut.homo.myMain - meter_6494997867971310113:reg,reg_response
BruceChen 13:33:31.714 [main] INFO  edu.bjut.homo.myMain - meter_6494997867971310113:27800,80800
BruceChen 13:33:31.714 [main] INFO  edu.bjut.homo.myMain - meter_3907418577757062151:reg,reg_response
BruceChen 13:33:31.714 [main] INFO  edu.bjut.homo.myMain - meter_3907418577757062151:23900,77600
BruceChen 13:33:31.714 [main] INFO  edu.bjut.homo.myMain - meter_8627872041267940917:reg,reg_response
BruceChen 13:33:31.714 [main] INFO  edu.bjut.homo.myMain - meter_8627872041267940917:22400,84300
BruceChen 13:33:31.714 [main] INFO  edu.bjut.homo.myMain - meter_1072822117398011507:reg,reg_response
BruceChen 13:33:31.714 [main] INFO  edu.bjut.homo.myMain - meter_1072822117398011507:21800,84300
BruceChen 13:33:31.714 [main] INFO  edu.bjut.homo.myMain - meter_3775457410700574081:reg,reg_response
BruceChen 13:33:31.714 [main] INFO  edu.bjut.homo.myMain - meter_3775457410700574081:22200,86800
BruceChen 13:33:31.714 [main] INFO  edu.bjut.homo.myMain - meter_2691705840244835055:reg,reg_response
BruceChen 13:33:31.714 [main] INFO  edu.bjut.homo.myMain - meter_2691705840244835055:23400,73500
BruceChen 13:33:31.714 [main] INFO  edu.bjut.homo.myMain - meter_5876049878483250625:reg,reg_response
BruceChen 13:33:31.714 [main] INFO  edu.bjut.homo.myMain - meter_5876049878483250625:22100,72800
BruceChen 13:33:31.714 [main] INFO  edu.bjut.homo.myMain - meter_9028749937343287151:reg,reg_response
BruceChen 13:33:31.714 [main] INFO  edu.bjut.homo.myMain - meter_9028749937343287151:22000,74900
BruceChen 13:33:31.714 [main] INFO  edu.bjut.homo.myMain - meter_6511622652162655535:reg,reg_response
BruceChen 13:33:31.714 [main] INFO  edu.bjut.homo.myMain - meter_6511622652162655535:22200,74100
BruceChen 13:33:31.714 [main] INFO  edu.bjut.homo.myMain - meter_7829661984022404101:reg,reg_response
BruceChen 13:33:31.714 [main] INFO  edu.bjut.homo.myMain - meter_7829661984022404101:22200,71300
BruceChen 13:33:31.714 [main] INFO  edu.bjut.homo.myMain - meter_3156509421212514519:reg,reg_response
BruceChen 13:33:31.714 [main] INFO  edu.bjut.homo.myMain - meter_3156509421212514519:22200,76900
BruceChen 13:33:31.714 [main] INFO  edu.bjut.homo.myMain - meter_2033263437226287527:reg,reg_response
BruceChen 13:33:31.714 [main] INFO  edu.bjut.homo.myMain - meter_2033263437226287527:20900,73100
BruceChen 13:33:31.714 [main] INFO  edu.bjut.homo.myMain - meter_6443462628303633173:reg,reg_response
BruceChen 13:33:31.714 [main] INFO  edu.bjut.homo.myMain - meter_6443462628303633173:20900,70500
BruceChen 13:33:31.714 [main] INFO  edu.bjut.homo.myMain - meter_6992646104423078239:reg,reg_response
BruceChen 13:33:31.714 [main] INFO  edu.bjut.homo.myMain - meter_6992646104423078239:20700,81300
BruceChen 13:33:31.714 [main] INFO  edu.bjut.homo.myMain - meter_7527214207349176887:reg,reg_response
BruceChen 13:33:31.714 [main] INFO  edu.bjut.homo.myMain - meter_7527214207349176887:20200,69500
BruceChen 13:33:31.714 [main] INFO  edu.bjut.homo.myMain - meter_2708330624436179155:reg,reg_response
BruceChen 13:33:31.714 [main] INFO  edu.bjut.homo.myMain - meter_2708330624436179155:27800,76500
BruceChen 13:33:31.714 [main] INFO  edu.bjut.homo.myMain - meter_1098458779640283229:reg,reg_response
BruceChen 13:33:31.714 [main] INFO  edu.bjut.homo.myMain - meter_1098458779640283229:20400,73900
BruceChen 13:33:31.714 [main] INFO  edu.bjut.homo.myMain - meter_6491781970909713775:reg,reg_response
BruceChen 13:33:31.714 [main] INFO  edu.bjut.homo.myMain - meter_6491781970909713775:20500,70300
BruceChen 13:33:31.714 [main] INFO  edu.bjut.homo.myMain - meter_3470261061422941421:reg,reg_response
BruceChen 13:33:31.714 [main] INFO  edu.bjut.homo.myMain - meter_3470261061422941421:27800,75100
BruceChen 13:33:31.714 [main] INFO  edu.bjut.homo.myMain - oneTimeMeterRepTime
BruceChen 13:33:32.644 [main] INFO  edu.bjut.homo.myMain - agg:resp_agg
BruceChen 13:33:32.644 [main] INFO  edu.bjut.homo.myMain - agg:302467500
BruceChen 13:33:32.644 [main] INFO  edu.bjut.homo.myMain - server:report_res
BruceChen 13:33:32.644 [main] INFO  edu.bjut.homo.myMain - server:14830100
BruceChen 13:33:32.644 [main] INFO  edu.bjut.homo.myMain - meter_8638162181952955225:report
BruceChen 13:33:32.644 [main] INFO  edu.bjut.homo.myMain - meter_8638162181952955225:21916800
BruceChen 13:33:32.644 [main] INFO  edu.bjut.homo.myMain - meter_2841763626550127267:report
BruceChen 13:33:32.644 [main] INFO  edu.bjut.homo.myMain - meter_2841763626550127267:10672000
BruceChen 13:33:32.644 [main] INFO  edu.bjut.homo.myMain - meter_8335713297194943803:report
BruceChen 13:33:32.644 [main] INFO  edu.bjut.homo.myMain - meter_8335713297194943803:10154200
BruceChen 13:33:32.644 [main] INFO  edu.bjut.homo.myMain - meter_673697531390324121:report
BruceChen 13:33:32.644 [main] INFO  edu.bjut.homo.myMain - meter_673697531390324121:9943400
BruceChen 13:33:32.644 [main] INFO  edu.bjut.homo.myMain - meter_9034125165455868347:report
BruceChen 13:33:32.644 [main] INFO  edu.bjut.homo.myMain - meter_9034125165455868347:9923100
BruceChen 13:33:32.644 [main] INFO  edu.bjut.homo.myMain - meter_5477567733385920281:report
BruceChen 13:33:32.644 [main] INFO  edu.bjut.homo.myMain - meter_5477567733385920281:10088100
BruceChen 13:33:32.644 [main] INFO  edu.bjut.homo.myMain - meter_2861322837121260547:report
BruceChen 13:33:32.644 [main] INFO  edu.bjut.homo.myMain - meter_2861322837121260547:9902600
BruceChen 13:33:32.644 [main] INFO  edu.bjut.homo.myMain - meter_462833901803825321:report
BruceChen 13:33:32.644 [main] INFO  edu.bjut.homo.myMain - meter_462833901803825321:9805700
BruceChen 13:33:32.644 [main] INFO  edu.bjut.homo.myMain - meter_4654963012370069567:report
BruceChen 13:33:32.644 [main] INFO  edu.bjut.homo.myMain - meter_4654963012370069567:9991900
BruceChen 13:33:32.644 [main] INFO  edu.bjut.homo.myMain - meter_409693077443448413:report
BruceChen 13:33:32.644 [main] INFO  edu.bjut.homo.myMain - meter_409693077443448413:9776900
BruceChen 13:33:32.644 [main] INFO  edu.bjut.homo.myMain - meter_7839307050608487625:report
BruceChen 13:33:32.644 [main] INFO  edu.bjut.homo.myMain - meter_7839307050608487625:9706900
BruceChen 13:33:32.644 [main] INFO  edu.bjut.homo.myMain - meter_4383471723393378321:report
BruceChen 13:33:32.644 [main] INFO  edu.bjut.homo.myMain - meter_4383471723393378321:9816900
BruceChen 13:33:32.644 [main] INFO  edu.bjut.homo.myMain - meter_7717690327383770273:report
BruceChen 13:33:32.644 [main] INFO  edu.bjut.homo.myMain - meter_7717690327383770273:9756500
BruceChen 13:33:32.644 [main] INFO  edu.bjut.homo.myMain - meter_8425319595589475619:report
BruceChen 13:33:32.644 [main] INFO  edu.bjut.homo.myMain - meter_8425319595589475619:9795000
BruceChen 13:33:32.644 [main] INFO  edu.bjut.homo.myMain - meter_4431054094792820325:report
BruceChen 13:33:32.644 [main] INFO  edu.bjut.homo.myMain - meter_4431054094792820325:12619300
BruceChen 13:33:32.644 [main] INFO  edu.bjut.homo.myMain - meter_3274964550522389857:report
BruceChen 13:33:32.644 [main] INFO  edu.bjut.homo.myMain - meter_3274964550522389857:9736100
BruceChen 13:33:32.644 [main] INFO  edu.bjut.homo.myMain - meter_3418355647914869367:report
BruceChen 13:33:32.644 [main] INFO  edu.bjut.homo.myMain - meter_3418355647914869367:9709700
BruceChen 13:33:32.644 [main] INFO  edu.bjut.homo.myMain - meter_6252951008745581055:report
BruceChen 13:33:32.644 [main] INFO  edu.bjut.homo.myMain - meter_6252951008745581055:9850000
BruceChen 13:33:32.644 [main] INFO  edu.bjut.homo.myMain - meter_7106592772047882025:report
BruceChen 13:33:32.644 [main] INFO  edu.bjut.homo.myMain - meter_7106592772047882025:9884700
BruceChen 13:33:32.644 [main] INFO  edu.bjut.homo.myMain - meter_3550035335682968285:report
BruceChen 13:33:32.644 [main] INFO  edu.bjut.homo.myMain - meter_3550035335682968285:9791200
BruceChen 13:33:32.644 [main] INFO  edu.bjut.homo.myMain - meter_4084884913585777835:report
BruceChen 13:33:32.644 [main] INFO  edu.bjut.homo.myMain - meter_4084884913585777835:9747700
BruceChen 13:33:32.644 [main] INFO  edu.bjut.homo.myMain - meter_8408694807103162835:report
BruceChen 13:33:32.644 [main] INFO  edu.bjut.homo.myMain - meter_8408694807103162835:9842400
BruceChen 13:33:32.644 [main] INFO  edu.bjut.homo.myMain - meter_742816970643099181:report
BruceChen 13:33:32.644 [main] INFO  edu.bjut.homo.myMain - meter_742816970643099181:9859800
BruceChen 13:33:32.644 [main] INFO  edu.bjut.homo.myMain - meter_5344600530591755587:report
BruceChen 13:33:32.644 [main] INFO  edu.bjut.homo.myMain - meter_5344600530591755587:9746100
BruceChen 13:33:32.644 [main] INFO  edu.bjut.homo.myMain - meter_92189497975069715:report
BruceChen 13:33:32.644 [main] INFO  edu.bjut.homo.myMain - meter_92189497975069715:9809300
BruceChen 13:33:32.644 [main] INFO  edu.bjut.homo.myMain - meter_3747029328383790251:report
BruceChen 13:33:32.644 [main] INFO  edu.bjut.homo.myMain - meter_3747029328383790251:9821300
BruceChen 13:33:32.644 [main] INFO  edu.bjut.homo.myMain - meter_3915269011909233073:report
BruceChen 13:33:32.644 [main] INFO  edu.bjut.homo.myMain - meter_3915269011909233073:9774900
BruceChen 13:33:32.644 [main] INFO  edu.bjut.homo.myMain - meter_7788326652499044217:report
BruceChen 13:33:32.644 [main] INFO  edu.bjut.homo.myMain - meter_7788326652499044217:9891900
BruceChen 13:33:32.644 [main] INFO  edu.bjut.homo.myMain - meter_3061345777925124049:report
BruceChen 13:33:32.644 [main] INFO  edu.bjut.homo.myMain - meter_3061345777925124049:9788000
BruceChen 13:33:32.644 [main] INFO  edu.bjut.homo.myMain - meter_1579244708183919833:report
BruceChen 13:33:32.644 [main] INFO  edu.bjut.homo.myMain - meter_1579244708183919833:9981400
BruceChen 13:33:32.644 [main] INFO  edu.bjut.homo.myMain - meter_154974293721515703:report
BruceChen 13:33:32.644 [main] INFO  edu.bjut.homo.myMain - meter_154974293721515703:9829700
BruceChen 13:33:32.644 [main] INFO  edu.bjut.homo.myMain - meter_4332491325267157703:report
BruceChen 13:33:32.644 [main] INFO  edu.bjut.homo.myMain - meter_4332491325267157703:9703800
BruceChen 13:33:32.644 [main] INFO  edu.bjut.homo.myMain - meter_2910012353567802649:report
BruceChen 13:33:32.644 [main] INFO  edu.bjut.homo.myMain - meter_2910012353567802649:9746600
BruceChen 13:33:32.644 [main] INFO  edu.bjut.homo.myMain - meter_6606099911869698249:report
BruceChen 13:33:32.644 [main] INFO  edu.bjut.homo.myMain - meter_6606099911869698249:9703200
BruceChen 13:33:32.644 [main] INFO  edu.bjut.homo.myMain - meter_3557388425372580695:report
BruceChen 13:33:32.644 [main] INFO  edu.bjut.homo.myMain - meter_3557388425372580695:9682700
BruceChen 13:33:32.644 [main] INFO  edu.bjut.homo.myMain - meter_492683253059972453:report
BruceChen 13:33:32.644 [main] INFO  edu.bjut.homo.myMain - meter_492683253059972453:9747600
BruceChen 13:33:32.644 [main] INFO  edu.bjut.homo.myMain - meter_3831408124040834759:report
BruceChen 13:33:32.644 [main] INFO  edu.bjut.homo.myMain - meter_3831408124040834759:9721800
BruceChen 13:33:32.644 [main] INFO  edu.bjut.homo.myMain - meter_4438033812398149147:report
BruceChen 13:33:32.644 [main] INFO  edu.bjut.homo.myMain - meter_4438033812398149147:9752600
BruceChen 13:33:32.644 [main] INFO  edu.bjut.homo.myMain - meter_5219900556134084033:report
BruceChen 13:33:32.644 [main] INFO  edu.bjut.homo.myMain - meter_5219900556134084033:9886500
BruceChen 13:33:32.644 [main] INFO  edu.bjut.homo.myMain - meter_1663343124064136883:report
BruceChen 13:33:32.644 [main] INFO  edu.bjut.homo.myMain - meter_1663343124064136883:9993800
BruceChen 13:33:32.644 [main] INFO  edu.bjut.homo.myMain - meter_246185077330605201:report
BruceChen 13:33:32.644 [main] INFO  edu.bjut.homo.myMain - meter_246185077330605201:9654600
BruceChen 13:33:32.644 [main] INFO  edu.bjut.homo.myMain - meter_6494997867971310113:report
BruceChen 13:33:32.644 [main] INFO  edu.bjut.homo.myMain - meter_6494997867971310113:9649800
BruceChen 13:33:32.644 [main] INFO  edu.bjut.homo.myMain - meter_3907418577757062151:report
BruceChen 13:33:32.644 [main] INFO  edu.bjut.homo.myMain - meter_3907418577757062151:9755200
BruceChen 13:33:32.644 [main] INFO  edu.bjut.homo.myMain - meter_8627872041267940917:report
BruceChen 13:33:32.644 [main] INFO  edu.bjut.homo.myMain - meter_8627872041267940917:9624200
BruceChen 13:33:32.644 [main] INFO  edu.bjut.homo.myMain - meter_1072822117398011507:report
BruceChen 13:33:32.644 [main] INFO  edu.bjut.homo.myMain - meter_1072822117398011507:9715900
BruceChen 13:33:32.644 [main] INFO  edu.bjut.homo.myMain - meter_3775457410700574081:report
BruceChen 13:33:32.644 [main] INFO  edu.bjut.homo.myMain - meter_3775457410700574081:9650800
BruceChen 13:33:32.644 [main] INFO  edu.bjut.homo.myMain - meter_2691705840244835055:report
BruceChen 13:33:32.644 [main] INFO  edu.bjut.homo.myMain - meter_2691705840244835055:9649000
BruceChen 13:33:32.644 [main] INFO  edu.bjut.homo.myMain - meter_5876049878483250625:report
BruceChen 13:33:32.644 [main] INFO  edu.bjut.homo.myMain - meter_5876049878483250625:9598200
BruceChen 13:33:32.644 [main] INFO  edu.bjut.homo.myMain - meter_9028749937343287151:report
BruceChen 13:33:32.644 [main] INFO  edu.bjut.homo.myMain - meter_9028749937343287151:9626600
BruceChen 13:33:32.644 [main] INFO  edu.bjut.homo.myMain - meter_6511622652162655535:report
BruceChen 13:33:32.644 [main] INFO  edu.bjut.homo.myMain - meter_6511622652162655535:9592000
BruceChen 13:33:32.644 [main] INFO  edu.bjut.homo.myMain - meter_7829661984022404101:report
BruceChen 13:33:32.644 [main] INFO  edu.bjut.homo.myMain - meter_7829661984022404101:12151100
BruceChen 13:33:32.644 [main] INFO  edu.bjut.homo.myMain - meter_3156509421212514519:report
BruceChen 13:33:32.644 [main] INFO  edu.bjut.homo.myMain - meter_3156509421212514519:9863200
BruceChen 13:33:32.644 [main] INFO  edu.bjut.homo.myMain - meter_2033263437226287527:report
BruceChen 13:33:32.644 [main] INFO  edu.bjut.homo.myMain - meter_2033263437226287527:9602800
BruceChen 13:33:32.644 [main] INFO  edu.bjut.homo.myMain - meter_6443462628303633173:report
BruceChen 13:33:32.644 [main] INFO  edu.bjut.homo.myMain - meter_6443462628303633173:9584700
BruceChen 13:33:32.644 [main] INFO  edu.bjut.homo.myMain - meter_6992646104423078239:report
BruceChen 13:33:32.644 [main] INFO  edu.bjut.homo.myMain - meter_6992646104423078239:9597600
BruceChen 13:33:32.644 [main] INFO  edu.bjut.homo.myMain - meter_7527214207349176887:report
BruceChen 13:33:32.644 [main] INFO  edu.bjut.homo.myMain - meter_7527214207349176887:9626500
BruceChen 13:33:32.644 [main] INFO  edu.bjut.homo.myMain - meter_2708330624436179155:report
BruceChen 13:33:32.644 [main] INFO  edu.bjut.homo.myMain - meter_2708330624436179155:9612000
BruceChen 13:33:32.644 [main] INFO  edu.bjut.homo.myMain - meter_1098458779640283229:report
BruceChen 13:33:32.644 [main] INFO  edu.bjut.homo.myMain - meter_1098458779640283229:9664900
BruceChen 13:33:32.644 [main] INFO  edu.bjut.homo.myMain - meter_6491781970909713775:report
BruceChen 13:33:32.644 [main] INFO  edu.bjut.homo.myMain - meter_6491781970909713775:9595200
BruceChen 13:33:32.644 [main] INFO  edu.bjut.homo.myMain - meter_3470261061422941421:report
BruceChen 13:33:32.644 [main] INFO  edu.bjut.homo.myMain - meter_3470261061422941421:9702000
BruceChen 13:33:36.934 [main] INFO  edu.bjut.homo.myMain - meterRegTime
BruceChen 13:33:37.293 [main] INFO  edu.bjut.homo.myMain - kgc:reg_response,reg_response,reg_response,reg_response,reg_response,reg_response,reg_response,reg_response,reg_response,reg_response,reg_response,reg_response,reg_response,reg_response,reg_response,reg_response,reg_response,reg_response,reg_response,reg_response,reg_response,reg_response,reg_response,reg_response,reg_response,reg_response,reg_response,reg_response,reg_response,reg_response,reg_response,reg_response,reg_response,reg_response,reg_response,reg_response,reg_response,reg_response,reg_response,reg_response,reg_response,reg_response,reg_response,reg_response,reg_response,reg_response,reg_response,reg_response,reg_response,reg_response
BruceChen 13:33:37.293 [main] INFO  edu.bjut.homo.myMain - kgc:7228800,7255700,7320900,7436900,7426800,7197800,7280800,7314400,7326000,7175800,7328100,7230900,7162100,7177300,7243800,7164500,7252300,7168300,7214900,7061700,6941500,6980700,7103100,6940500,6959500,7227400,7158900,7245800,7147800,7229500,7162400,7260400,7260800,7334600,7197900,7141400,7177100,7240100,7177000,7147500,7272900,9835900,7140700,7392300,7648200,7219900,8164800,7159900,7154700,7208000
BruceChen 13:33:37.293 [main] INFO  edu.bjut.homo.myMain - meter_1311064937486862107:reg,reg_response
BruceChen 13:33:37.293 [main] INFO  edu.bjut.homo.myMain - meter_1311064937486862107:36900,43700
BruceChen 13:33:37.293 [main] INFO  edu.bjut.homo.myMain - meter_3665959860589772485:reg,reg_response
BruceChen 13:33:37.293 [main] INFO  edu.bjut.homo.myMain - meter_3665959860589772485:10200,59700
BruceChen 13:33:37.293 [main] INFO  edu.bjut.homo.myMain - meter_5399161524396643099:reg,reg_response
BruceChen 13:33:37.293 [main] INFO  edu.bjut.homo.myMain - meter_5399161524396643099:10300,63600
BruceChen 13:33:37.293 [main] INFO  edu.bjut.homo.myMain - meter_1699621640533026929:reg,reg_response
BruceChen 13:33:37.293 [main] INFO  edu.bjut.homo.myMain - meter_1699621640533026929:14900,57900
BruceChen 13:33:37.293 [main] INFO  edu.bjut.homo.myMain - meter_7336836337426362871:reg,reg_response
BruceChen 13:33:37.293 [main] INFO  edu.bjut.homo.myMain - meter_7336836337426362871:8700,46700
BruceChen 13:33:37.293 [main] INFO  edu.bjut.homo.myMain - meter_8522328450347131295:reg,reg_response
BruceChen 13:33:37.293 [main] INFO  edu.bjut.homo.myMain - meter_8522328450347131295:8500,33600
BruceChen 13:33:37.293 [main] INFO  edu.bjut.homo.myMain - meter_3718458244056566293:reg,reg_response
BruceChen 13:33:37.293 [main] INFO  edu.bjut.homo.myMain - meter_3718458244056566293:7800,35200
BruceChen 13:33:37.293 [main] INFO  edu.bjut.homo.myMain - meter_2936874074792258771:reg,reg_response
BruceChen 13:33:37.293 [main] INFO  edu.bjut.homo.myMain - meter_2936874074792258771:7900,31800
BruceChen 13:33:37.293 [main] INFO  edu.bjut.homo.myMain - meter_291569993556834693:reg,reg_response
BruceChen 13:33:37.293 [main] INFO  edu.bjut.homo.myMain - meter_291569993556834693:7400,35300
BruceChen 13:33:37.293 [main] INFO  edu.bjut.homo.myMain - meter_8382703802425546543:reg,reg_response
BruceChen 13:33:37.293 [main] INFO  edu.bjut.homo.myMain - meter_8382703802425546543:7600,31300
BruceChen 13:33:37.293 [main] INFO  edu.bjut.homo.myMain - meter_2209901474091006669:reg,reg_response
BruceChen 13:33:37.293 [main] INFO  edu.bjut.homo.myMain - meter_2209901474091006669:7100,32600
BruceChen 13:33:37.293 [main] INFO  edu.bjut.homo.myMain - meter_145277122995222677:reg,reg_response
BruceChen 13:33:37.293 [main] INFO  edu.bjut.homo.myMain - meter_145277122995222677:7400,33600
BruceChen 13:33:37.293 [main] INFO  edu.bjut.homo.myMain - meter_404187823806097279:reg,reg_response
BruceChen 13:33:37.293 [main] INFO  edu.bjut.homo.myMain - meter_404187823806097279:7400,30500
BruceChen 13:33:37.293 [main] INFO  edu.bjut.homo.myMain - meter_7097226547249933083:reg,reg_response
BruceChen 13:33:37.293 [main] INFO  edu.bjut.homo.myMain - meter_7097226547249933083:8700,33900
BruceChen 13:33:37.293 [main] INFO  edu.bjut.homo.myMain - meter_2998789253503487943:reg,reg_response
BruceChen 13:33:37.293 [main] INFO  edu.bjut.homo.myMain - meter_2998789253503487943:7500,33800
BruceChen 13:33:37.293 [main] INFO  edu.bjut.homo.myMain - meter_1523626044578599459:reg,reg_response
BruceChen 13:33:37.293 [main] INFO  edu.bjut.homo.myMain - meter_1523626044578599459:7300,39400
BruceChen 13:33:37.293 [main] INFO  edu.bjut.homo.myMain - meter_3044907942709175901:reg,reg_response
BruceChen 13:33:37.293 [main] INFO  edu.bjut.homo.myMain - meter_3044907942709175901:8300,38500
BruceChen 13:33:37.293 [main] INFO  edu.bjut.homo.myMain - meter_1238912821742520747:reg,reg_response
BruceChen 13:33:37.293 [main] INFO  edu.bjut.homo.myMain - meter_1238912821742520747:7600,30600
BruceChen 13:33:37.293 [main] INFO  edu.bjut.homo.myMain - meter_3825663817287676591:reg,reg_response
BruceChen 13:33:37.293 [main] INFO  edu.bjut.homo.myMain - meter_3825663817287676591:6700,32800
BruceChen 13:33:37.293 [main] INFO  edu.bjut.homo.myMain - meter_3190091043608271741:reg,reg_response
BruceChen 13:33:37.293 [main] INFO  edu.bjut.homo.myMain - meter_3190091043608271741:7200,29600
BruceChen 13:33:37.293 [main] INFO  edu.bjut.homo.myMain - meter_4533291985998532307:reg,reg_response
BruceChen 13:33:37.293 [main] INFO  edu.bjut.homo.myMain - meter_4533291985998532307:6800,29800
BruceChen 13:33:37.293 [main] INFO  edu.bjut.homo.myMain - meter_1106403735498800207:reg,reg_response
BruceChen 13:33:37.293 [main] INFO  edu.bjut.homo.myMain - meter_1106403735498800207:6700,31500
BruceChen 13:33:37.293 [main] INFO  edu.bjut.homo.myMain - meter_7567870060483582065:reg,reg_response
BruceChen 13:33:37.293 [main] INFO  edu.bjut.homo.myMain - meter_7567870060483582065:10000,30000
BruceChen 13:33:37.293 [main] INFO  edu.bjut.homo.myMain - meter_3346245949719887905:reg,reg_response
BruceChen 13:33:37.293 [main] INFO  edu.bjut.homo.myMain - meter_3346245949719887905:6800,29200
BruceChen 13:33:37.293 [main] INFO  edu.bjut.homo.myMain - meter_7592345278827099979:reg,reg_response
BruceChen 13:33:37.293 [main] INFO  edu.bjut.homo.myMain - meter_7592345278827099979:6400,28800
BruceChen 13:33:37.293 [main] INFO  edu.bjut.homo.myMain - meter_2643200643863238945:reg,reg_response
BruceChen 13:33:37.293 [main] INFO  edu.bjut.homo.myMain - meter_2643200643863238945:6600,33300
BruceChen 13:33:37.293 [main] INFO  edu.bjut.homo.myMain - meter_3400496548054457933:reg,reg_response
BruceChen 13:33:37.293 [main] INFO  edu.bjut.homo.myMain - meter_3400496548054457933:6700,31100
BruceChen 13:33:37.293 [main] INFO  edu.bjut.homo.myMain - meter_8258874544498007835:reg,reg_response
BruceChen 13:33:37.293 [main] INFO  edu.bjut.homo.myMain - meter_8258874544498007835:7000,34000
BruceChen 13:33:37.293 [main] INFO  edu.bjut.homo.myMain - meter_1355430312313147989:reg,reg_response
BruceChen 13:33:37.293 [main] INFO  edu.bjut.homo.myMain - meter_1355430312313147989:7300,33000
BruceChen 13:33:37.293 [main] INFO  edu.bjut.homo.myMain - meter_4679304476783447317:reg,reg_response
BruceChen 13:33:37.293 [main] INFO  edu.bjut.homo.myMain - meter_4679304476783447317:7000,32000
BruceChen 13:33:37.293 [main] INFO  edu.bjut.homo.myMain - meter_8172484147460039371:reg,reg_response
BruceChen 13:33:37.293 [main] INFO  edu.bjut.homo.myMain - meter_8172484147460039371:6900,30500
BruceChen 13:33:37.293 [main] INFO  edu.bjut.homo.myMain - meter_2784482984946183991:reg,reg_response
BruceChen 13:33:37.293 [main] INFO  edu.bjut.homo.myMain - meter_2784482984946183991:7000,34600
BruceChen 13:33:37.293 [main] INFO  edu.bjut.homo.myMain - meter_3451012250617090477:reg,reg_response
BruceChen 13:33:37.293 [main] INFO  edu.bjut.homo.myMain - meter_3451012250617090477:6700,33700
BruceChen 13:33:37.293 [main] INFO  edu.bjut.homo.myMain - meter_3925462001960610395:reg,reg_response
BruceChen 13:33:37.293 [main] INFO  edu.bjut.homo.myMain - meter_3925462001960610395:7000,41000
BruceChen 13:33:37.293 [main] INFO  edu.bjut.homo.myMain - meter_6700434165288109567:reg,reg_response
BruceChen 13:33:37.293 [main] INFO  edu.bjut.homo.myMain - meter_6700434165288109567:7200,36200
BruceChen 13:33:37.293 [main] INFO  edu.bjut.homo.myMain - meter_1987787188930890267:reg,reg_response
BruceChen 13:33:37.293 [main] INFO  edu.bjut.homo.myMain - meter_1987787188930890267:8700,30000
BruceChen 13:33:37.293 [main] INFO  edu.bjut.homo.myMain - meter_5616401115543914905:reg,reg_response
BruceChen 13:33:37.293 [main] INFO  edu.bjut.homo.myMain - meter_5616401115543914905:6000,39900
BruceChen 13:33:37.293 [main] INFO  edu.bjut.homo.myMain - meter_1206201920171735305:reg,reg_response
BruceChen 13:33:37.293 [main] INFO  edu.bjut.homo.myMain - meter_1206201920171735305:6400,42100
BruceChen 13:33:37.293 [main] INFO  edu.bjut.homo.myMain - meter_7331920325359077191:reg,reg_response
BruceChen 13:33:37.293 [main] INFO  edu.bjut.homo.myMain - meter_7331920325359077191:6100,28500
BruceChen 13:33:37.293 [main] INFO  edu.bjut.homo.myMain - meter_6791013850521280119:reg,reg_response
BruceChen 13:33:37.293 [main] INFO  edu.bjut.homo.myMain - meter_6791013850521280119:6000,28100
BruceChen 13:33:37.293 [main] INFO  edu.bjut.homo.myMain - meter_4203434560307096863:reg,reg_response
BruceChen 13:33:37.293 [main] INFO  edu.bjut.homo.myMain - meter_4203434560307096863:6100,29900
BruceChen 13:33:37.293 [main] INFO  edu.bjut.homo.myMain - meter_4557228537530213539:reg,reg_response
BruceChen 13:33:37.293 [main] INFO  edu.bjut.homo.myMain - meter_4557228537530213539:6500,29400
BruceChen 13:33:37.293 [main] INFO  edu.bjut.homo.myMain - meter_2808958203272924943:reg,reg_response
BruceChen 13:33:37.293 [main] INFO  edu.bjut.homo.myMain - meter_2808958203272924943:6800,29500
BruceChen 13:33:37.293 [main] INFO  edu.bjut.homo.myMain - meter_4674575422281427791:reg,reg_response
BruceChen 13:33:37.293 [main] INFO  edu.bjut.homo.myMain - meter_4674575422281427791:6000,28600
BruceChen 13:33:37.293 [main] INFO  edu.bjut.homo.myMain - meter_5811748196891083435:reg,reg_response
BruceChen 13:33:37.293 [main] INFO  edu.bjut.homo.myMain - meter_5811748196891083435:6000,63600
BruceChen 13:33:37.293 [main] INFO  edu.bjut.homo.myMain - meter_1850549043890312497:reg,reg_response
BruceChen 13:33:37.293 [main] INFO  edu.bjut.homo.myMain - meter_1850549043890312497:6600,28000
BruceChen 13:33:37.293 [main] INFO  edu.bjut.homo.myMain - meter_303184248269450903:reg,reg_response
BruceChen 13:33:37.293 [main] INFO  edu.bjut.homo.myMain - meter_303184248269450903:6200,28200
BruceChen 13:33:37.293 [main] INFO  edu.bjut.homo.myMain - meter_7675613201031808613:reg,reg_response
BruceChen 13:33:37.293 [main] INFO  edu.bjut.homo.myMain - meter_7675613201031808613:6700,28600
BruceChen 13:33:37.293 [main] INFO  edu.bjut.homo.myMain - meter_7214573440607796107:reg,reg_response
BruceChen 13:33:37.293 [main] INFO  edu.bjut.homo.myMain - meter_7214573440607796107:6300,26800
BruceChen 13:33:37.293 [main] INFO  edu.bjut.homo.myMain - meter_6591861626264324581:reg,reg_response
BruceChen 13:33:37.293 [main] INFO  edu.bjut.homo.myMain - meter_6591861626264324581:6100,26100
BruceChen 13:33:37.293 [main] INFO  edu.bjut.homo.myMain - oneTimeMeterRepTime
BruceChen 13:33:38.029 [main] INFO  edu.bjut.homo.myMain - agg:resp_agg
BruceChen 13:33:38.044 [main] INFO  edu.bjut.homo.myMain - agg:244984500
BruceChen 13:33:38.044 [main] INFO  edu.bjut.homo.myMain - server:report_res
BruceChen 13:33:38.044 [main] INFO  edu.bjut.homo.myMain - server:14423100
BruceChen 13:33:38.044 [main] INFO  edu.bjut.homo.myMain - meter_1311064937486862107:report
BruceChen 13:33:38.044 [main] INFO  edu.bjut.homo.myMain - meter_1311064937486862107:10079000
BruceChen 13:33:38.044 [main] INFO  edu.bjut.homo.myMain - meter_3665959860589772485:report
BruceChen 13:33:38.044 [main] INFO  edu.bjut.homo.myMain - meter_3665959860589772485:9632800
BruceChen 13:33:38.044 [main] INFO  edu.bjut.homo.myMain - meter_5399161524396643099:report
BruceChen 13:33:38.044 [main] INFO  edu.bjut.homo.myMain - meter_5399161524396643099:9710600
BruceChen 13:33:38.044 [main] INFO  edu.bjut.homo.myMain - meter_1699621640533026929:report
BruceChen 13:33:38.044 [main] INFO  edu.bjut.homo.myMain - meter_1699621640533026929:9777000
BruceChen 13:33:38.044 [main] INFO  edu.bjut.homo.myMain - meter_7336836337426362871:report
BruceChen 13:33:38.044 [main] INFO  edu.bjut.homo.myMain - meter_7336836337426362871:9777900
BruceChen 13:33:38.044 [main] INFO  edu.bjut.homo.myMain - meter_8522328450347131295:report
BruceChen 13:33:38.044 [main] INFO  edu.bjut.homo.myMain - meter_8522328450347131295:9673100
BruceChen 13:33:38.044 [main] INFO  edu.bjut.homo.myMain - meter_3718458244056566293:report
BruceChen 13:33:38.044 [main] INFO  edu.bjut.homo.myMain - meter_3718458244056566293:9770300
BruceChen 13:33:38.044 [main] INFO  edu.bjut.homo.myMain - meter_2936874074792258771:report
BruceChen 13:33:38.044 [main] INFO  edu.bjut.homo.myMain - meter_2936874074792258771:9728500
BruceChen 13:33:38.044 [main] INFO  edu.bjut.homo.myMain - meter_291569993556834693:report
BruceChen 13:33:38.044 [main] INFO  edu.bjut.homo.myMain - meter_291569993556834693:9634400
BruceChen 13:33:38.044 [main] INFO  edu.bjut.homo.myMain - meter_8382703802425546543:report
BruceChen 13:33:38.044 [main] INFO  edu.bjut.homo.myMain - meter_8382703802425546543:9580300
BruceChen 13:33:38.044 [main] INFO  edu.bjut.homo.myMain - meter_2209901474091006669:report
BruceChen 13:33:38.044 [main] INFO  edu.bjut.homo.myMain - meter_2209901474091006669:9588400
BruceChen 13:33:38.044 [main] INFO  edu.bjut.homo.myMain - meter_145277122995222677:report
BruceChen 13:33:38.044 [main] INFO  edu.bjut.homo.myMain - meter_145277122995222677:9664800
BruceChen 13:33:38.044 [main] INFO  edu.bjut.homo.myMain - meter_404187823806097279:report
BruceChen 13:33:38.044 [main] INFO  edu.bjut.homo.myMain - meter_404187823806097279:9619700
BruceChen 13:33:38.044 [main] INFO  edu.bjut.homo.myMain - meter_7097226547249933083:report
BruceChen 13:33:38.044 [main] INFO  edu.bjut.homo.myMain - meter_7097226547249933083:9537100
BruceChen 13:33:38.044 [main] INFO  edu.bjut.homo.myMain - meter_2998789253503487943:report
BruceChen 13:33:38.044 [main] INFO  edu.bjut.homo.myMain - meter_2998789253503487943:9521400
BruceChen 13:33:38.044 [main] INFO  edu.bjut.homo.myMain - meter_1523626044578599459:report
BruceChen 13:33:38.044 [main] INFO  edu.bjut.homo.myMain - meter_1523626044578599459:9544800
BruceChen 13:33:38.044 [main] INFO  edu.bjut.homo.myMain - meter_3044907942709175901:report
BruceChen 13:33:38.044 [main] INFO  edu.bjut.homo.myMain - meter_3044907942709175901:9508600
BruceChen 13:33:38.044 [main] INFO  edu.bjut.homo.myMain - meter_1238912821742520747:report
BruceChen 13:33:38.044 [main] INFO  edu.bjut.homo.myMain - meter_1238912821742520747:9517400
BruceChen 13:33:38.044 [main] INFO  edu.bjut.homo.myMain - meter_3825663817287676591:report
BruceChen 13:33:38.044 [main] INFO  edu.bjut.homo.myMain - meter_3825663817287676591:9581100
BruceChen 13:33:38.044 [main] INFO  edu.bjut.homo.myMain - meter_3190091043608271741:report
BruceChen 13:33:38.044 [main] INFO  edu.bjut.homo.myMain - meter_3190091043608271741:9551000
BruceChen 13:33:38.044 [main] INFO  edu.bjut.homo.myMain - meter_4533291985998532307:report
BruceChen 13:33:38.044 [main] INFO  edu.bjut.homo.myMain - meter_4533291985998532307:9519700
BruceChen 13:33:38.044 [main] INFO  edu.bjut.homo.myMain - meter_1106403735498800207:report
BruceChen 13:33:38.044 [main] INFO  edu.bjut.homo.myMain - meter_1106403735498800207:9481900
BruceChen 13:33:38.044 [main] INFO  edu.bjut.homo.myMain - meter_7567870060483582065:report
BruceChen 13:33:38.044 [main] INFO  edu.bjut.homo.myMain - meter_7567870060483582065:9615100
BruceChen 13:33:38.044 [main] INFO  edu.bjut.homo.myMain - meter_3346245949719887905:report
BruceChen 13:33:38.044 [main] INFO  edu.bjut.homo.myMain - meter_3346245949719887905:9570800
BruceChen 13:33:38.044 [main] INFO  edu.bjut.homo.myMain - meter_7592345278827099979:report
BruceChen 13:33:38.044 [main] INFO  edu.bjut.homo.myMain - meter_7592345278827099979:9607300
BruceChen 13:33:38.044 [main] INFO  edu.bjut.homo.myMain - meter_2643200643863238945:report
BruceChen 13:33:38.044 [main] INFO  edu.bjut.homo.myMain - meter_2643200643863238945:9389700
BruceChen 13:33:38.044 [main] INFO  edu.bjut.homo.myMain - meter_3400496548054457933:report
BruceChen 13:33:38.044 [main] INFO  edu.bjut.homo.myMain - meter_3400496548054457933:9390600
BruceChen 13:33:38.044 [main] INFO  edu.bjut.homo.myMain - meter_8258874544498007835:report
BruceChen 13:33:38.044 [main] INFO  edu.bjut.homo.myMain - meter_8258874544498007835:9305900
BruceChen 13:33:38.044 [main] INFO  edu.bjut.homo.myMain - meter_1355430312313147989:report
BruceChen 13:33:38.044 [main] INFO  edu.bjut.homo.myMain - meter_1355430312313147989:9306100
BruceChen 13:33:38.044 [main] INFO  edu.bjut.homo.myMain - meter_4679304476783447317:report
BruceChen 13:33:38.044 [main] INFO  edu.bjut.homo.myMain - meter_4679304476783447317:9340900
BruceChen 13:33:38.044 [main] INFO  edu.bjut.homo.myMain - meter_8172484147460039371:report
BruceChen 13:33:38.044 [main] INFO  edu.bjut.homo.myMain - meter_8172484147460039371:9261300
BruceChen 13:33:38.044 [main] INFO  edu.bjut.homo.myMain - meter_2784482984946183991:report
BruceChen 13:33:38.044 [main] INFO  edu.bjut.homo.myMain - meter_2784482984946183991:9361600
BruceChen 13:33:38.044 [main] INFO  edu.bjut.homo.myMain - meter_3451012250617090477:report
BruceChen 13:33:38.044 [main] INFO  edu.bjut.homo.myMain - meter_3451012250617090477:9247500
BruceChen 13:33:38.044 [main] INFO  edu.bjut.homo.myMain - meter_3925462001960610395:report
BruceChen 13:33:38.044 [main] INFO  edu.bjut.homo.myMain - meter_3925462001960610395:12156600
BruceChen 13:33:38.044 [main] INFO  edu.bjut.homo.myMain - meter_6700434165288109567:report
BruceChen 13:33:38.044 [main] INFO  edu.bjut.homo.myMain - meter_6700434165288109567:9509500
BruceChen 13:33:38.044 [main] INFO  edu.bjut.homo.myMain - meter_1987787188930890267:report
BruceChen 13:33:38.044 [main] INFO  edu.bjut.homo.myMain - meter_1987787188930890267:9536700
BruceChen 13:33:38.044 [main] INFO  edu.bjut.homo.myMain - meter_5616401115543914905:report
BruceChen 13:33:38.044 [main] INFO  edu.bjut.homo.myMain - meter_5616401115543914905:9526600
BruceChen 13:33:38.044 [main] INFO  edu.bjut.homo.myMain - meter_1206201920171735305:report
BruceChen 13:33:38.044 [main] INFO  edu.bjut.homo.myMain - meter_1206201920171735305:9521500
BruceChen 13:33:38.044 [main] INFO  edu.bjut.homo.myMain - meter_7331920325359077191:report
BruceChen 13:33:38.044 [main] INFO  edu.bjut.homo.myMain - meter_7331920325359077191:9560600
BruceChen 13:33:38.044 [main] INFO  edu.bjut.homo.myMain - meter_6791013850521280119:report
BruceChen 13:33:38.044 [main] INFO  edu.bjut.homo.myMain - meter_6791013850521280119:9523600
BruceChen 13:33:38.044 [main] INFO  edu.bjut.homo.myMain - meter_4203434560307096863:report
BruceChen 13:33:38.044 [main] INFO  edu.bjut.homo.myMain - meter_4203434560307096863:9502300
BruceChen 13:33:38.044 [main] INFO  edu.bjut.homo.myMain - meter_4557228537530213539:report
BruceChen 13:33:38.044 [main] INFO  edu.bjut.homo.myMain - meter_4557228537530213539:9609400
BruceChen 13:33:38.044 [main] INFO  edu.bjut.homo.myMain - meter_2808958203272924943:report
BruceChen 13:33:38.044 [main] INFO  edu.bjut.homo.myMain - meter_2808958203272924943:9504100
BruceChen 13:33:38.044 [main] INFO  edu.bjut.homo.myMain - meter_4674575422281427791:report
BruceChen 13:33:38.044 [main] INFO  edu.bjut.homo.myMain - meter_4674575422281427791:9570400
BruceChen 13:33:38.044 [main] INFO  edu.bjut.homo.myMain - meter_5811748196891083435:report
BruceChen 13:33:38.044 [main] INFO  edu.bjut.homo.myMain - meter_5811748196891083435:9528600
BruceChen 13:33:38.044 [main] INFO  edu.bjut.homo.myMain - meter_1850549043890312497:report
BruceChen 13:33:38.044 [main] INFO  edu.bjut.homo.myMain - meter_1850549043890312497:9525100
BruceChen 13:33:38.044 [main] INFO  edu.bjut.homo.myMain - meter_303184248269450903:report
BruceChen 13:33:38.044 [main] INFO  edu.bjut.homo.myMain - meter_303184248269450903:9514200
BruceChen 13:33:38.044 [main] INFO  edu.bjut.homo.myMain - meter_7675613201031808613:report
BruceChen 13:33:38.044 [main] INFO  edu.bjut.homo.myMain - meter_7675613201031808613:9585400
BruceChen 13:33:38.044 [main] INFO  edu.bjut.homo.myMain - meter_7214573440607796107:report
BruceChen 13:33:38.044 [main] INFO  edu.bjut.homo.myMain - meter_7214573440607796107:9523800
BruceChen 13:33:38.044 [main] INFO  edu.bjut.homo.myMain - meter_6591861626264324581:report
BruceChen 13:33:38.044 [main] INFO  edu.bjut.homo.myMain - meter_6591861626264324581:9478000
BruceChen 13:33:40.718 [main] INFO  edu.bjut.homo.myMain - meterRegTime
BruceChen 13:33:41.000 [main] INFO  edu.bjut.homo.myMain - kgc:reg_response,reg_response,reg_response,reg_response,reg_response,reg_response,reg_response,reg_response,reg_response,reg_response,reg_response,reg_response,reg_response,reg_response,reg_response,reg_response,reg_response,reg_response,reg_response,reg_response,reg_response,reg_response,reg_response,reg_response,reg_response,reg_response,reg_response,reg_response,reg_response,reg_response,reg_response,reg_response,reg_response,reg_response,reg_response,reg_response,reg_response,reg_response,reg_response,reg_response
BruceChen 13:33:41.000 [main] INFO  edu.bjut.homo.myMain - kgc:7234100,7359800,7417400,7123700,7309100,7157000,7241300,7107300,7263900,7140100,7232100,7130300,7495000,7161200,7226100,7282600,7223300,7227200,7216400,7162400,7126500,7236700,7155800,7169000,7209300,7207500,7348300,7383700,7302400,7305900,7294300,7313600,7134600,7133800,7349400,7206800,7232300,7129600,7356900,7365400
BruceChen 13:33:41.000 [main] INFO  edu.bjut.homo.myMain - meter_1536208166438210349:reg,reg_response
BruceChen 13:33:41.000 [main] INFO  edu.bjut.homo.myMain - meter_1536208166438210349:28000,24000
BruceChen 13:33:41.000 [main] INFO  edu.bjut.homo.myMain - meter_667953224637231685:reg,reg_response
BruceChen 13:33:41.000 [main] INFO  edu.bjut.homo.myMain - meter_667953224637231685:6200,23900
BruceChen 13:33:41.000 [main] INFO  edu.bjut.homo.myMain - meter_3202391686196203433:reg,reg_response
BruceChen 13:33:41.000 [main] INFO  edu.bjut.homo.myMain - meter_3202391686196203433:6500,22500
BruceChen 13:33:41.000 [main] INFO  edu.bjut.homo.myMain - meter_4605215830401287565:reg,reg_response
BruceChen 13:33:41.000 [main] INFO  edu.bjut.homo.myMain - meter_4605215830401287565:6100,23500
BruceChen 13:33:41.000 [main] INFO  edu.bjut.homo.myMain - meter_7987517005156421195:reg,reg_response
BruceChen 13:33:41.000 [main] INFO  edu.bjut.homo.myMain - meter_7987517005156421195:8600,23100
BruceChen 13:33:41.000 [main] INFO  edu.bjut.homo.myMain - meter_5804303783722170227:reg,reg_response
BruceChen 13:33:41.000 [main] INFO  edu.bjut.homo.myMain - meter_5804303783722170227:6600,21900
BruceChen 13:33:41.000 [main] INFO  edu.bjut.homo.myMain - meter_889016414698312169:reg,reg_response
BruceChen 13:33:41.000 [main] INFO  edu.bjut.homo.myMain - meter_889016414698312169:6200,32200
BruceChen 13:33:41.000 [main] INFO  edu.bjut.homo.myMain - meter_124055934425401027:reg,reg_response
BruceChen 13:33:41.000 [main] INFO  edu.bjut.homo.myMain - meter_124055934425401027:6200,41700
BruceChen 13:33:41.000 [main] INFO  edu.bjut.homo.myMain - meter_6439876557401576563:reg,reg_response
BruceChen 13:33:41.000 [main] INFO  edu.bjut.homo.myMain - meter_6439876557401576563:6200,21600
BruceChen 13:33:41.000 [main] INFO  edu.bjut.homo.myMain - meter_1989673153417061943:reg,reg_response
BruceChen 13:33:41.000 [main] INFO  edu.bjut.homo.myMain - meter_1989673153417061943:6000,21400
BruceChen 13:33:41.000 [main] INFO  edu.bjut.homo.myMain - meter_8245871674073328687:reg,reg_response
BruceChen 13:33:41.000 [main] INFO  edu.bjut.homo.myMain - meter_8245871674073328687:6000,21200
BruceChen 13:33:41.000 [main] INFO  edu.bjut.homo.myMain - meter_631437180156523069:reg,reg_response
BruceChen 13:33:41.000 [main] INFO  edu.bjut.homo.myMain - meter_631437180156523069:6000,23300
BruceChen 13:33:41.000 [main] INFO  edu.bjut.homo.myMain - meter_7652101130782245759:reg,reg_response
BruceChen 13:33:41.000 [main] INFO  edu.bjut.homo.myMain - meter_7652101130782245759:5800,22700
BruceChen 13:33:41.000 [main] INFO  edu.bjut.homo.myMain - meter_8221396455729809667:reg,reg_response
BruceChen 13:33:41.000 [main] INFO  edu.bjut.homo.myMain - meter_8221396455729809667:5900,31400
BruceChen 13:33:41.000 [main] INFO  edu.bjut.homo.myMain - meter_8736134176214696547:reg,reg_response
BruceChen 13:33:41.000 [main] INFO  edu.bjut.homo.myMain - meter_8736134176214696547:6000,35000
BruceChen 13:33:41.000 [main] INFO  edu.bjut.homo.myMain - meter_8954203170132558691:reg,reg_response
BruceChen 13:33:41.000 [main] INFO  edu.bjut.homo.myMain - meter_8954203170132558691:8600,35500
BruceChen 13:33:41.000 [main] INFO  edu.bjut.homo.myMain - meter_5411978536767685211:reg,reg_response
BruceChen 13:33:41.000 [main] INFO  edu.bjut.homo.myMain - meter_5411978536767685211:6700,22800
BruceChen 13:33:41.000 [main] INFO  edu.bjut.homo.myMain - meter_107431150233990981:reg,reg_response
BruceChen 13:33:41.000 [main] INFO  edu.bjut.homo.myMain - meter_107431150233990981:6400,28000
BruceChen 13:33:41.000 [main] INFO  edu.bjut.homo.myMain - meter_8318630392158185571:reg,reg_response
BruceChen 13:33:41.000 [main] INFO  edu.bjut.homo.myMain - meter_8318630392158185571:6000,28000
BruceChen 13:33:41.000 [main] INFO  edu.bjut.homo.myMain - meter_698267271440188087:reg,reg_response
BruceChen 13:33:41.000 [main] INFO  edu.bjut.homo.myMain - meter_698267271440188087:6000,19500
BruceChen 13:33:41.000 [main] INFO  edu.bjut.homo.myMain - meter_6314125492139837005:reg,reg_response
BruceChen 13:33:41.000 [main] INFO  edu.bjut.homo.myMain - meter_6314125492139837005:5900,21700
BruceChen 13:33:41.000 [main] INFO  edu.bjut.homo.myMain - meter_5367240789111303929:reg,reg_response
BruceChen 13:33:41.000 [main] INFO  edu.bjut.homo.myMain - meter_5367240789111303929:5800,21300
BruceChen 13:33:41.000 [main] INFO  edu.bjut.homo.myMain - meter_2844238832606494925:reg,reg_response
BruceChen 13:33:41.000 [main] INFO  edu.bjut.homo.myMain - meter_2844238832606494925:6300,20200
BruceChen 13:33:41.000 [main] INFO  edu.bjut.homo.myMain - meter_1645150879285613349:reg,reg_response
BruceChen 13:33:41.000 [main] INFO  edu.bjut.homo.myMain - meter_1645150879285613349:5900,19800
BruceChen 13:33:41.000 [main] INFO  edu.bjut.homo.myMain - meter_8590393948204841439:reg,reg_response
BruceChen 13:33:41.000 [main] INFO  edu.bjut.homo.myMain - meter_8590393948204841439:5800,19400
BruceChen 13:33:41.000 [main] INFO  edu.bjut.homo.myMain - meter_2426736148044835799:reg,reg_response
BruceChen 13:33:41.000 [main] INFO  edu.bjut.homo.myMain - meter_2426736148044835799:5600,19500
BruceChen 13:33:41.000 [main] INFO  edu.bjut.homo.myMain - meter_7081377962193921397:reg,reg_response
BruceChen 13:33:41.000 [main] INFO  edu.bjut.homo.myMain - meter_7081377962193921397:5700,19200
BruceChen 13:33:41.000 [main] INFO  edu.bjut.homo.myMain - meter_542202163670394457:reg,reg_response
BruceChen 13:33:41.000 [main] INFO  edu.bjut.homo.myMain - meter_542202163670394457:5900,34100
BruceChen 13:33:41.000 [main] INFO  edu.bjut.homo.myMain - meter_8637975224387689927:reg,reg_response
BruceChen 13:33:41.000 [main] INFO  edu.bjut.homo.myMain - meter_8637975224387689927:6500,21200
BruceChen 13:33:41.000 [main] INFO  edu.bjut.homo.myMain - meter_3911276920007140993:reg,reg_response
BruceChen 13:33:41.000 [main] INFO  edu.bjut.homo.myMain - meter_3911276920007140993:6100,20600
BruceChen 13:33:41.000 [main] INFO  edu.bjut.homo.myMain - meter_1076680459664866073:reg,reg_response
BruceChen 13:33:41.000 [main] INFO  edu.bjut.homo.myMain - meter_1076680459664866073:5900,21800
BruceChen 13:33:41.000 [main] INFO  edu.bjut.homo.myMain - meter_5688695133803842683:reg,reg_response
BruceChen 13:33:41.000 [main] INFO  edu.bjut.homo.myMain - meter_5688695133803842683:5700,22600
BruceChen 13:33:41.000 [main] INFO  edu.bjut.homo.myMain - meter_240034758184124211:reg,reg_response
BruceChen 13:33:41.000 [main] INFO  edu.bjut.homo.myMain - meter_240034758184124211:5700,19500
BruceChen 13:33:41.000 [main] INFO  edu.bjut.homo.myMain - meter_1021618927448430759:reg,reg_response
BruceChen 13:33:41.000 [main] INFO  edu.bjut.homo.myMain - meter_1021618927448430759:5600,19200
BruceChen 13:33:41.000 [main] INFO  edu.bjut.homo.myMain - meter_1782389024326189289:reg,reg_response
BruceChen 13:33:41.000 [main] INFO  edu.bjut.homo.myMain - meter_1782389024326189289:5400,20100
BruceChen 13:33:41.000 [main] INFO  edu.bjut.homo.myMain - meter_6515480994429511721:reg,reg_response
BruceChen 13:33:41.000 [main] INFO  edu.bjut.homo.myMain - meter_6515480994429511721:5400,19200
BruceChen 13:33:41.000 [main] INFO  edu.bjut.homo.myMain - meter_178120678967681849:reg,reg_response
BruceChen 13:33:41.000 [main] INFO  edu.bjut.homo.myMain - meter_178120678967681849:5500,19200
BruceChen 13:33:41.000 [main] INFO  edu.bjut.homo.myMain - meter_4501648006620215899:reg,reg_response
BruceChen 13:33:41.000 [main] INFO  edu.bjut.homo.myMain - meter_4501648006620215899:5800,32100
BruceChen 13:33:41.000 [main] INFO  edu.bjut.homo.myMain - meter_8173261441778543865:reg,reg_response
BruceChen 13:33:41.000 [main] INFO  edu.bjut.homo.myMain - meter_8173261441778543865:5800,22400
BruceChen 13:33:41.000 [main] INFO  edu.bjut.homo.myMain - meter_6367266320811825127:reg,reg_response
BruceChen 13:33:41.000 [main] INFO  edu.bjut.homo.myMain - meter_6367266320811825127:6300,21900
BruceChen 13:33:41.015 [main] INFO  edu.bjut.homo.myMain - oneTimeMeterRepTime
BruceChen 13:33:41.609 [main] INFO  edu.bjut.homo.myMain - agg:resp_agg
BruceChen 13:33:41.609 [main] INFO  edu.bjut.homo.myMain - agg:196652600
BruceChen 13:33:41.609 [main] INFO  edu.bjut.homo.myMain - server:report_res
BruceChen 13:33:41.609 [main] INFO  edu.bjut.homo.myMain - server:14542100
BruceChen 13:33:41.609 [main] INFO  edu.bjut.homo.myMain - meter_1536208166438210349:report
BruceChen 13:33:41.609 [main] INFO  edu.bjut.homo.myMain - meter_1536208166438210349:9733100
BruceChen 13:33:41.609 [main] INFO  edu.bjut.homo.myMain - meter_667953224637231685:report
BruceChen 13:33:41.609 [main] INFO  edu.bjut.homo.myMain - meter_667953224637231685:9651800
BruceChen 13:33:41.609 [main] INFO  edu.bjut.homo.myMain - meter_3202391686196203433:report
BruceChen 13:33:41.609 [main] INFO  edu.bjut.homo.myMain - meter_3202391686196203433:9652400
BruceChen 13:33:41.609 [main] INFO  edu.bjut.homo.myMain - meter_4605215830401287565:report
BruceChen 13:33:41.609 [main] INFO  edu.bjut.homo.myMain - meter_4605215830401287565:9569300
BruceChen 13:33:41.609 [main] INFO  edu.bjut.homo.myMain - meter_7987517005156421195:report
BruceChen 13:33:41.609 [main] INFO  edu.bjut.homo.myMain - meter_7987517005156421195:9499500
BruceChen 13:33:41.609 [main] INFO  edu.bjut.homo.myMain - meter_5804303783722170227:report
BruceChen 13:33:41.609 [main] INFO  edu.bjut.homo.myMain - meter_5804303783722170227:9473600
BruceChen 13:33:41.609 [main] INFO  edu.bjut.homo.myMain - meter_889016414698312169:report
BruceChen 13:33:41.609 [main] INFO  edu.bjut.homo.myMain - meter_889016414698312169:9422500
BruceChen 13:33:41.609 [main] INFO  edu.bjut.homo.myMain - meter_124055934425401027:report
BruceChen 13:33:41.609 [main] INFO  edu.bjut.homo.myMain - meter_124055934425401027:9450100
BruceChen 13:33:41.609 [main] INFO  edu.bjut.homo.myMain - meter_6439876557401576563:report
BruceChen 13:33:41.609 [main] INFO  edu.bjut.homo.myMain - meter_6439876557401576563:9491000
BruceChen 13:33:41.609 [main] INFO  edu.bjut.homo.myMain - meter_1989673153417061943:report
BruceChen 13:33:41.609 [main] INFO  edu.bjut.homo.myMain - meter_1989673153417061943:9603900
BruceChen 13:33:41.609 [main] INFO  edu.bjut.homo.myMain - meter_8245871674073328687:report
BruceChen 13:33:41.609 [main] INFO  edu.bjut.homo.myMain - meter_8245871674073328687:9436200
BruceChen 13:33:41.609 [main] INFO  edu.bjut.homo.myMain - meter_631437180156523069:report
BruceChen 13:33:41.609 [main] INFO  edu.bjut.homo.myMain - meter_631437180156523069:9525500
BruceChen 13:33:41.609 [main] INFO  edu.bjut.homo.myMain - meter_7652101130782245759:report
BruceChen 13:33:41.609 [main] INFO  edu.bjut.homo.myMain - meter_7652101130782245759:9511300
BruceChen 13:33:41.609 [main] INFO  edu.bjut.homo.myMain - meter_8221396455729809667:report
BruceChen 13:33:41.609 [main] INFO  edu.bjut.homo.myMain - meter_8221396455729809667:9505700
BruceChen 13:33:41.609 [main] INFO  edu.bjut.homo.myMain - meter_8736134176214696547:report
BruceChen 13:33:41.609 [main] INFO  edu.bjut.homo.myMain - meter_8736134176214696547:9503200
BruceChen 13:33:41.609 [main] INFO  edu.bjut.homo.myMain - meter_8954203170132558691:report
BruceChen 13:33:41.609 [main] INFO  edu.bjut.homo.myMain - meter_8954203170132558691:9490100
BruceChen 13:33:41.609 [main] INFO  edu.bjut.homo.myMain - meter_5411978536767685211:report
BruceChen 13:33:41.609 [main] INFO  edu.bjut.homo.myMain - meter_5411978536767685211:9519500
BruceChen 13:33:41.609 [main] INFO  edu.bjut.homo.myMain - meter_107431150233990981:report
BruceChen 13:33:41.609 [main] INFO  edu.bjut.homo.myMain - meter_107431150233990981:11886800
BruceChen 13:33:41.609 [main] INFO  edu.bjut.homo.myMain - meter_8318630392158185571:report
BruceChen 13:33:41.609 [main] INFO  edu.bjut.homo.myMain - meter_8318630392158185571:9551500
BruceChen 13:33:41.609 [main] INFO  edu.bjut.homo.myMain - meter_698267271440188087:report
BruceChen 13:33:41.609 [main] INFO  edu.bjut.homo.myMain - meter_698267271440188087:9659700
BruceChen 13:33:41.609 [main] INFO  edu.bjut.homo.myMain - meter_6314125492139837005:report
BruceChen 13:33:41.609 [main] INFO  edu.bjut.homo.myMain - meter_6314125492139837005:9567800
BruceChen 13:33:41.609 [main] INFO  edu.bjut.homo.myMain - meter_5367240789111303929:report
BruceChen 13:33:41.609 [main] INFO  edu.bjut.homo.myMain - meter_5367240789111303929:9578500
BruceChen 13:33:41.609 [main] INFO  edu.bjut.homo.myMain - meter_2844238832606494925:report
BruceChen 13:33:41.609 [main] INFO  edu.bjut.homo.myMain - meter_2844238832606494925:9587600
BruceChen 13:33:41.609 [main] INFO  edu.bjut.homo.myMain - meter_1645150879285613349:report
BruceChen 13:33:41.609 [main] INFO  edu.bjut.homo.myMain - meter_1645150879285613349:9444000
BruceChen 13:33:41.609 [main] INFO  edu.bjut.homo.myMain - meter_8590393948204841439:report
BruceChen 13:33:41.609 [main] INFO  edu.bjut.homo.myMain - meter_8590393948204841439:9283600
BruceChen 13:33:41.609 [main] INFO  edu.bjut.homo.myMain - meter_2426736148044835799:report
BruceChen 13:33:41.609 [main] INFO  edu.bjut.homo.myMain - meter_2426736148044835799:9427200
BruceChen 13:33:41.609 [main] INFO  edu.bjut.homo.myMain - meter_7081377962193921397:report
BruceChen 13:33:41.609 [main] INFO  edu.bjut.homo.myMain - meter_7081377962193921397:9368200
BruceChen 13:33:41.609 [main] INFO  edu.bjut.homo.myMain - meter_542202163670394457:report
BruceChen 13:33:41.609 [main] INFO  edu.bjut.homo.myMain - meter_542202163670394457:9386700
BruceChen 13:33:41.609 [main] INFO  edu.bjut.homo.myMain - meter_8637975224387689927:report
BruceChen 13:33:41.609 [main] INFO  edu.bjut.homo.myMain - meter_8637975224387689927:9267000
BruceChen 13:33:41.609 [main] INFO  edu.bjut.homo.myMain - meter_3911276920007140993:report
BruceChen 13:33:41.609 [main] INFO  edu.bjut.homo.myMain - meter_3911276920007140993:9295300
BruceChen 13:33:41.609 [main] INFO  edu.bjut.homo.myMain - meter_1076680459664866073:report
BruceChen 13:33:41.609 [main] INFO  edu.bjut.homo.myMain - meter_1076680459664866073:9340200
BruceChen 13:33:41.609 [main] INFO  edu.bjut.homo.myMain - meter_5688695133803842683:report
BruceChen 13:33:41.609 [main] INFO  edu.bjut.homo.myMain - meter_5688695133803842683:9511500
BruceChen 13:33:41.609 [main] INFO  edu.bjut.homo.myMain - meter_240034758184124211:report
BruceChen 13:33:41.609 [main] INFO  edu.bjut.homo.myMain - meter_240034758184124211:9510500
BruceChen 13:33:41.609 [main] INFO  edu.bjut.homo.myMain - meter_1021618927448430759:report
BruceChen 13:33:41.609 [main] INFO  edu.bjut.homo.myMain - meter_1021618927448430759:9445900
BruceChen 13:33:41.609 [main] INFO  edu.bjut.homo.myMain - meter_1782389024326189289:report
BruceChen 13:33:41.609 [main] INFO  edu.bjut.homo.myMain - meter_1782389024326189289:9417600
BruceChen 13:33:41.609 [main] INFO  edu.bjut.homo.myMain - meter_6515480994429511721:report
BruceChen 13:33:41.609 [main] INFO  edu.bjut.homo.myMain - meter_6515480994429511721:9323400
BruceChen 13:33:41.609 [main] INFO  edu.bjut.homo.myMain - meter_178120678967681849:report
BruceChen 13:33:41.609 [main] INFO  edu.bjut.homo.myMain - meter_178120678967681849:9542500
BruceChen 13:33:41.609 [main] INFO  edu.bjut.homo.myMain - meter_4501648006620215899:report
BruceChen 13:33:41.609 [main] INFO  edu.bjut.homo.myMain - meter_4501648006620215899:9582000
BruceChen 13:33:41.609 [main] INFO  edu.bjut.homo.myMain - meter_8173261441778543865:report
BruceChen 13:33:41.609 [main] INFO  edu.bjut.homo.myMain - meter_8173261441778543865:9569100
BruceChen 13:33:41.609 [main] INFO  edu.bjut.homo.myMain - meter_6367266320811825127:report
BruceChen 13:33:41.609 [main] INFO  edu.bjut.homo.myMain - meter_6367266320811825127:9576000
BruceChen 13:33:44.004 [main] INFO  edu.bjut.homo.myMain - meterRegTime
BruceChen 13:33:44.223 [main] INFO  edu.bjut.homo.myMain - kgc:reg_response,reg_response,reg_response,reg_response,reg_response,reg_response,reg_response,reg_response,reg_response,reg_response,reg_response,reg_response,reg_response,reg_response,reg_response,reg_response,reg_response,reg_response,reg_response,reg_response,reg_response,reg_response,reg_response,reg_response,reg_response,reg_response,reg_response,reg_response,reg_response,reg_response
BruceChen 13:33:44.223 [main] INFO  edu.bjut.homo.myMain - kgc:7576600,7309300,7387700,7153400,7416400,7228800,7164000,7224600,7383600,7211200,7154400,7202800,7366400,7187100,7409800,7528500,7352300,7244900,7170600,7141400,7140200,7119600,7201200,7177100,7274600,7133700,7147900,8524100,7221700,7135300
BruceChen 13:33:44.223 [main] INFO  edu.bjut.homo.myMain - meter_2145457885688282271:reg,reg_response
BruceChen 13:33:44.223 [main] INFO  edu.bjut.homo.myMain - meter_2145457885688282271:39300,37600
BruceChen 13:33:44.223 [main] INFO  edu.bjut.homo.myMain - meter_1927388896065387693:reg,reg_response
BruceChen 13:33:44.223 [main] INFO  edu.bjut.homo.myMain - meter_1927388896065387693:5900,26100
BruceChen 13:33:44.223 [main] INFO  edu.bjut.homo.myMain - meter_6901103275390856413:reg,reg_response
BruceChen 13:33:44.223 [main] INFO  edu.bjut.homo.myMain - meter_6901103275390856413:5900,21800
BruceChen 13:33:44.223 [main] INFO  edu.bjut.homo.myMain - meter_8351509786700483303:reg,reg_response
BruceChen 13:33:44.223 [main] INFO  edu.bjut.homo.myMain - meter_8351509786700483303:6400,45400
BruceChen 13:33:44.223 [main] INFO  edu.bjut.homo.myMain - meter_7425810433671998447:reg,reg_response
BruceChen 13:33:44.223 [main] INFO  edu.bjut.homo.myMain - meter_7425810433671998447:7500,33500
BruceChen 13:33:44.223 [main] INFO  edu.bjut.homo.myMain - meter_1334852668443436017:reg,reg_response
BruceChen 13:33:44.223 [main] INFO  edu.bjut.homo.myMain - meter_1334852668443436017:8800,23500
BruceChen 13:33:44.223 [main] INFO  edu.bjut.homo.myMain - meter_4042032691904947663:reg,reg_response
BruceChen 13:33:44.223 [main] INFO  edu.bjut.homo.myMain - meter_4042032691904947663:6600,20400
BruceChen 13:33:44.223 [main] INFO  edu.bjut.homo.myMain - meter_2651287506515534865:reg,reg_response
BruceChen 13:33:44.223 [main] INFO  edu.bjut.homo.myMain - meter_2651287506515534865:5400,19000
BruceChen 13:33:44.223 [main] INFO  edu.bjut.homo.myMain - meter_5011010838055614063:reg,reg_response
BruceChen 13:33:44.223 [main] INFO  edu.bjut.homo.myMain - meter_5011010838055614063:5300,19100
BruceChen 13:33:44.223 [main] INFO  edu.bjut.homo.myMain - meter_9128548126327833145:reg,reg_response
BruceChen 13:33:44.223 [main] INFO  edu.bjut.homo.myMain - meter_9128548126327833145:5500,19000
BruceChen 13:33:44.223 [main] INFO  edu.bjut.homo.myMain - meter_7574114909926344749:reg,reg_response
BruceChen 13:33:44.223 [main] INFO  edu.bjut.homo.myMain - meter_7574114909926344749:5400,19700
BruceChen 13:33:44.238 [main] INFO  edu.bjut.homo.myMain - meter_4437352143575809781:reg,reg_response
BruceChen 13:33:44.238 [main] INFO  edu.bjut.homo.myMain - meter_4437352143575809781:5600,19400
BruceChen 13:33:44.238 [main] INFO  edu.bjut.homo.myMain - meter_5076230616970246641:reg,reg_response
BruceChen 13:33:44.238 [main] INFO  edu.bjut.homo.myMain - meter_5076230616970246641:5400,19200
BruceChen 13:33:44.238 [main] INFO  edu.bjut.homo.myMain - meter_8483189478763482973:reg,reg_response
BruceChen 13:33:44.238 [main] INFO  edu.bjut.homo.myMain - meter_8483189478763482973:5400,19200
BruceChen 13:33:44.238 [main] INFO  edu.bjut.homo.myMain - meter_3624811482319999729:reg,reg_response
BruceChen 13:33:44.238 [main] INFO  edu.bjut.homo.myMain - meter_3624811482319999729:5500,21300
BruceChen 13:33:44.238 [main] INFO  edu.bjut.homo.myMain - meter_4902438303326796789:reg,reg_response
BruceChen 13:33:44.238 [main] INFO  edu.bjut.homo.myMain - meter_4902438303326796789:5800,25300
BruceChen 13:33:44.238 [main] INFO  edu.bjut.homo.myMain - meter_8817607470297240237:reg,reg_response
BruceChen 13:33:44.238 [main] INFO  edu.bjut.homo.myMain - meter_8817607470297240237:6400,27400
BruceChen 13:33:44.238 [main] INFO  edu.bjut.homo.myMain - meter_4988827596591724513:reg,reg_response
BruceChen 13:33:44.238 [main] INFO  edu.bjut.homo.myMain - meter_4988827596591724513:7200,20000
BruceChen 13:33:44.238 [main] INFO  edu.bjut.homo.myMain - meter_7010599725989899801:reg,reg_response
BruceChen 13:33:44.238 [main] INFO  edu.bjut.homo.myMain - meter_7010599725989899801:5900,19800
BruceChen 13:33:44.238 [main] INFO  edu.bjut.homo.myMain - meter_6375026952310495289:reg,reg_response
BruceChen 13:33:44.238 [main] INFO  edu.bjut.homo.myMain - meter_6375026952310495289:5400,20300
BruceChen 13:33:44.238 [main] INFO  edu.bjut.homo.myMain - meter_8664386981958830363:reg,reg_response
BruceChen 13:33:44.238 [main] INFO  edu.bjut.homo.myMain - meter_8664386981958830363:6200,19300
BruceChen 13:33:44.238 [main] INFO  edu.bjut.homo.myMain - meter_3909024171039563417:reg,reg_response
BruceChen 13:33:44.238 [main] INFO  edu.bjut.homo.myMain - meter_3909024171039563417:6100,19900
BruceChen 13:33:44.238 [main] INFO  edu.bjut.homo.myMain - meter_4443873740352503991:reg,reg_response
BruceChen 13:33:44.238 [main] INFO  edu.bjut.homo.myMain - meter_4443873740352503991:5600,18700
BruceChen 13:33:44.238 [main] INFO  edu.bjut.homo.myMain - meter_5242488714791480535:reg,reg_response
BruceChen 13:33:44.238 [main] INFO  edu.bjut.homo.myMain - meter_5242488714791480535:5300,21000
BruceChen 13:33:44.238 [main] INFO  edu.bjut.homo.myMain - meter_4242146960449393655:reg,reg_response
BruceChen 13:33:44.238 [main] INFO  edu.bjut.homo.myMain - meter_4242146960449393655:6100,19600
BruceChen 13:33:44.238 [main] INFO  edu.bjut.homo.myMain - meter_6815394547158449847:reg,reg_response
BruceChen 13:33:44.238 [main] INFO  edu.bjut.homo.myMain - meter_6815394547158449847:5500,19000
BruceChen 13:33:44.238 [main] INFO  edu.bjut.homo.myMain - meter_2623545812090843025:reg,reg_response
BruceChen 13:33:44.238 [main] INFO  edu.bjut.homo.myMain - meter_2623545812090843025:5400,18600
BruceChen 13:33:44.238 [main] INFO  edu.bjut.homo.myMain - meter_5211126206094843993:reg,reg_response
BruceChen 13:33:44.238 [main] INFO  edu.bjut.homo.myMain - meter_5211126206094843993:6700,22300
BruceChen 13:33:44.238 [main] INFO  edu.bjut.homo.myMain - meter_8921545467918705825:reg,reg_response
BruceChen 13:33:44.238 [main] INFO  edu.bjut.homo.myMain - meter_8921545467918705825:6400,20100
BruceChen 13:33:44.238 [main] INFO  edu.bjut.homo.myMain - meter_5899837605144922831:reg,reg_response
BruceChen 13:33:44.238 [main] INFO  edu.bjut.homo.myMain - meter_5899837605144922831:5800,19200
BruceChen 13:33:44.238 [main] INFO  edu.bjut.homo.myMain - oneTimeMeterRepTime
BruceChen 13:33:44.676 [main] INFO  edu.bjut.homo.myMain - agg:resp_agg
BruceChen 13:33:44.676 [main] INFO  edu.bjut.homo.myMain - agg:146587000
BruceChen 13:33:44.676 [main] INFO  edu.bjut.homo.myMain - server:report_res
BruceChen 13:33:44.676 [main] INFO  edu.bjut.homo.myMain - server:14366000
BruceChen 13:33:44.676 [main] INFO  edu.bjut.homo.myMain - meter_2145457885688282271:report
BruceChen 13:33:44.676 [main] INFO  edu.bjut.homo.myMain - meter_2145457885688282271:9519000
BruceChen 13:33:44.676 [main] INFO  edu.bjut.homo.myMain - meter_1927388896065387693:report
BruceChen 13:33:44.676 [main] INFO  edu.bjut.homo.myMain - meter_1927388896065387693:9593800
BruceChen 13:33:44.676 [main] INFO  edu.bjut.homo.myMain - meter_6901103275390856413:report
BruceChen 13:33:44.676 [main] INFO  edu.bjut.homo.myMain - meter_6901103275390856413:9545000
BruceChen 13:33:44.676 [main] INFO  edu.bjut.homo.myMain - meter_8351509786700483303:report
BruceChen 13:33:44.676 [main] INFO  edu.bjut.homo.myMain - meter_8351509786700483303:9603400
BruceChen 13:33:44.676 [main] INFO  edu.bjut.homo.myMain - meter_7425810433671998447:report
BruceChen 13:33:44.676 [main] INFO  edu.bjut.homo.myMain - meter_7425810433671998447:9498000
BruceChen 13:33:44.676 [main] INFO  edu.bjut.homo.myMain - meter_1334852668443436017:report
BruceChen 13:33:44.676 [main] INFO  edu.bjut.homo.myMain - meter_1334852668443436017:9492600
BruceChen 13:33:44.676 [main] INFO  edu.bjut.homo.myMain - meter_4042032691904947663:report
BruceChen 13:33:44.676 [main] INFO  edu.bjut.homo.myMain - meter_4042032691904947663:9453500
BruceChen 13:33:44.676 [main] INFO  edu.bjut.homo.myMain - meter_2651287506515534865:report
BruceChen 13:33:44.676 [main] INFO  edu.bjut.homo.myMain - meter_2651287506515534865:9515300
BruceChen 13:33:44.676 [main] INFO  edu.bjut.homo.myMain - meter_5011010838055614063:report
BruceChen 13:33:44.676 [main] INFO  edu.bjut.homo.myMain - meter_5011010838055614063:9412000
BruceChen 13:33:44.676 [main] INFO  edu.bjut.homo.myMain - meter_9128548126327833145:report
BruceChen 13:33:44.676 [main] INFO  edu.bjut.homo.myMain - meter_9128548126327833145:9408800
BruceChen 13:33:44.676 [main] INFO  edu.bjut.homo.myMain - meter_7574114909926344749:report
BruceChen 13:33:44.676 [main] INFO  edu.bjut.homo.myMain - meter_7574114909926344749:9463200
BruceChen 13:33:44.676 [main] INFO  edu.bjut.homo.myMain - meter_4437352143575809781:report
BruceChen 13:33:44.676 [main] INFO  edu.bjut.homo.myMain - meter_4437352143575809781:9357100
BruceChen 13:33:44.676 [main] INFO  edu.bjut.homo.myMain - meter_5076230616970246641:report
BruceChen 13:33:44.676 [main] INFO  edu.bjut.homo.myMain - meter_5076230616970246641:9340500
BruceChen 13:33:44.676 [main] INFO  edu.bjut.homo.myMain - meter_8483189478763482973:report
BruceChen 13:33:44.676 [main] INFO  edu.bjut.homo.myMain - meter_8483189478763482973:9386800
BruceChen 13:33:44.676 [main] INFO  edu.bjut.homo.myMain - meter_3624811482319999729:report
BruceChen 13:33:44.676 [main] INFO  edu.bjut.homo.myMain - meter_3624811482319999729:9384700
BruceChen 13:33:44.676 [main] INFO  edu.bjut.homo.myMain - meter_4902438303326796789:report
BruceChen 13:33:44.676 [main] INFO  edu.bjut.homo.myMain - meter_4902438303326796789:9359500
BruceChen 13:33:44.676 [main] INFO  edu.bjut.homo.myMain - meter_8817607470297240237:report
BruceChen 13:33:44.676 [main] INFO  edu.bjut.homo.myMain - meter_8817607470297240237:9467400
BruceChen 13:33:44.676 [main] INFO  edu.bjut.homo.myMain - meter_4988827596591724513:report
BruceChen 13:33:44.676 [main] INFO  edu.bjut.homo.myMain - meter_4988827596591724513:9355600
BruceChen 13:33:44.676 [main] INFO  edu.bjut.homo.myMain - meter_7010599725989899801:report
BruceChen 13:33:44.676 [main] INFO  edu.bjut.homo.myMain - meter_7010599725989899801:9380900
BruceChen 13:33:44.676 [main] INFO  edu.bjut.homo.myMain - meter_6375026952310495289:report
BruceChen 13:33:44.676 [main] INFO  edu.bjut.homo.myMain - meter_6375026952310495289:9344500
BruceChen 13:33:44.676 [main] INFO  edu.bjut.homo.myMain - meter_8664386981958830363:report
BruceChen 13:33:44.676 [main] INFO  edu.bjut.homo.myMain - meter_8664386981958830363:9409000
BruceChen 13:33:44.676 [main] INFO  edu.bjut.homo.myMain - meter_3909024171039563417:report
BruceChen 13:33:44.676 [main] INFO  edu.bjut.homo.myMain - meter_3909024171039563417:9395600
BruceChen 13:33:44.676 [main] INFO  edu.bjut.homo.myMain - meter_4443873740352503991:report
BruceChen 13:33:44.676 [main] INFO  edu.bjut.homo.myMain - meter_4443873740352503991:9347700
BruceChen 13:33:44.676 [main] INFO  edu.bjut.homo.myMain - meter_5242488714791480535:report
BruceChen 13:33:44.676 [main] INFO  edu.bjut.homo.myMain - meter_5242488714791480535:9327600
BruceChen 13:33:44.676 [main] INFO  edu.bjut.homo.myMain - meter_4242146960449393655:report
BruceChen 13:33:44.676 [main] INFO  edu.bjut.homo.myMain - meter_4242146960449393655:9357600
BruceChen 13:33:44.676 [main] INFO  edu.bjut.homo.myMain - meter_6815394547158449847:report
BruceChen 13:33:44.676 [main] INFO  edu.bjut.homo.myMain - meter_6815394547158449847:9459000
BruceChen 13:33:44.676 [main] INFO  edu.bjut.homo.myMain - meter_2623545812090843025:report
BruceChen 13:33:44.676 [main] INFO  edu.bjut.homo.myMain - meter_2623545812090843025:9539400
BruceChen 13:33:44.676 [main] INFO  edu.bjut.homo.myMain - meter_5211126206094843993:report
BruceChen 13:33:44.676 [main] INFO  edu.bjut.homo.myMain - meter_5211126206094843993:9622500
BruceChen 13:33:44.676 [main] INFO  edu.bjut.homo.myMain - meter_8921545467918705825:report
BruceChen 13:33:44.676 [main] INFO  edu.bjut.homo.myMain - meter_8921545467918705825:9493600
BruceChen 13:33:44.676 [main] INFO  edu.bjut.homo.myMain - meter_5899837605144922831:report
BruceChen 13:33:44.676 [main] INFO  edu.bjut.homo.myMain - meter_5899837605144922831:9515600
BruceChen 13:33:45.925 [main] INFO  edu.bjut.homo.myMain - meterRegTime
BruceChen 13:33:46.082 [main] INFO  edu.bjut.homo.myMain - kgc:reg_response,reg_response,reg_response,reg_response,reg_response,reg_response,reg_response,reg_response,reg_response,reg_response,reg_response,reg_response,reg_response,reg_response,reg_response,reg_response,reg_response,reg_response,reg_response,reg_response
BruceChen 13:33:46.082 [main] INFO  edu.bjut.homo.myMain - kgc:7308900,7227100,7243000,7217900,7359400,7123400,7341800,7144400,7149100,7117700,7226600,7159500,7142600,7138200,7208600,7470000,7214100,7103900,7095000,7240700
BruceChen 13:33:46.082 [main] INFO  edu.bjut.homo.myMain - meter_7286038060392165521:reg,reg_response
BruceChen 13:33:46.082 [main] INFO  edu.bjut.homo.myMain - meter_7286038060392165521:37600,22900
BruceChen 13:33:46.082 [main] INFO  edu.bjut.homo.myMain - meter_2745770584803956057:reg,reg_response
BruceChen 13:33:46.082 [main] INFO  edu.bjut.homo.myMain - meter_2745770584803956057:5900,44200
BruceChen 13:33:46.082 [main] INFO  edu.bjut.homo.myMain - meter_5738531362255715009:reg,reg_response
BruceChen 13:33:46.082 [main] INFO  edu.bjut.homo.myMain - meter_5738531362255715009:7500,21100
BruceChen 13:33:46.082 [main] INFO  edu.bjut.homo.myMain - meter_3097811243352634519:reg,reg_response
BruceChen 13:33:46.082 [main] INFO  edu.bjut.homo.myMain - meter_3097811243352634519:6000,19900
BruceChen 13:33:46.082 [main] INFO  edu.bjut.homo.myMain - meter_5185725972369473399:reg,reg_response
BruceChen 13:33:46.082 [main] INFO  edu.bjut.homo.myMain - meter_5185725972369473399:5600,21600
BruceChen 13:33:46.082 [main] INFO  edu.bjut.homo.myMain - meter_6495640308881667871:reg,reg_response
BruceChen 13:33:46.082 [main] INFO  edu.bjut.homo.myMain - meter_6495640308881667871:6100,19800
BruceChen 13:33:46.082 [main] INFO  edu.bjut.homo.myMain - meter_2396702476723740969:reg,reg_response
BruceChen 13:33:46.082 [main] INFO  edu.bjut.homo.myMain - meter_2396702476723740969:5700,21500
BruceChen 13:33:46.082 [main] INFO  edu.bjut.homo.myMain - meter_7123400781104159525:reg,reg_response
BruceChen 13:33:46.082 [main] INFO  edu.bjut.homo.myMain - meter_7123400781104159525:6000,31900
BruceChen 13:33:46.082 [main] INFO  edu.bjut.homo.myMain - meter_3178287745482898877:reg,reg_response
BruceChen 13:33:46.082 [main] INFO  edu.bjut.homo.myMain - meter_3178287745482898877:5800,19700
BruceChen 13:33:46.082 [main] INFO  edu.bjut.homo.myMain - meter_6436018215134719879:reg,reg_response
BruceChen 13:33:46.082 [main] INFO  edu.bjut.homo.myMain - meter_6436018215134719879:5900,33500
BruceChen 13:33:46.082 [main] INFO  edu.bjut.homo.myMain - meter_7904986049863446289:reg,reg_response
BruceChen 13:33:46.082 [main] INFO  edu.bjut.homo.myMain - meter_7904986049863446289:5800,36800
BruceChen 13:33:46.082 [main] INFO  edu.bjut.homo.myMain - meter_8604083210816516037:reg,reg_response
BruceChen 13:33:46.082 [main] INFO  edu.bjut.homo.myMain - meter_8604083210816516037:5600,17400
BruceChen 13:33:46.082 [main] INFO  edu.bjut.homo.myMain - meter_4718853193460689781:reg,reg_response
BruceChen 13:33:46.082 [main] INFO  edu.bjut.homo.myMain - meter_4718853193460689781:5600,17100
BruceChen 13:33:46.082 [main] INFO  edu.bjut.homo.myMain - meter_1582090431405122129:reg,reg_response
BruceChen 13:33:46.082 [main] INFO  edu.bjut.homo.myMain - meter_1582090431405122129:5100,17800
BruceChen 13:33:46.082 [main] INFO  edu.bjut.homo.myMain - meter_3826033995423039315:reg,reg_response
BruceChen 13:33:46.082 [main] INFO  edu.bjut.homo.myMain - meter_3826033995423039315:5800,17900
BruceChen 13:33:46.082 [main] INFO  edu.bjut.homo.myMain - meter_7855614860316440657:reg,reg_response
BruceChen 13:33:46.082 [main] INFO  edu.bjut.homo.myMain - meter_7855614860316440657:5700,17000
BruceChen 13:33:46.082 [main] INFO  edu.bjut.homo.myMain - meter_4679674659213711311:reg,reg_response
BruceChen 13:33:46.082 [main] INFO  edu.bjut.homo.myMain - meter_4679674659213711311:5900,16700
BruceChen 13:33:46.082 [main] INFO  edu.bjut.homo.myMain - meter_7513989640284373251:reg,reg_response
BruceChen 13:33:46.082 [main] INFO  edu.bjut.homo.myMain - meter_7513989640284373251:5500,17400
BruceChen 13:33:46.082 [main] INFO  edu.bjut.homo.myMain - meter_6617349467948397237:reg,reg_response
BruceChen 13:33:46.082 [main] INFO  edu.bjut.homo.myMain - meter_6617349467948397237:6000,16300
BruceChen 13:33:46.082 [main] INFO  edu.bjut.homo.myMain - meter_3478665237621786263:reg,reg_response
BruceChen 13:33:46.082 [main] INFO  edu.bjut.homo.myMain - meter_3478665237621786263:5300,17100
BruceChen 13:33:46.082 [main] INFO  edu.bjut.homo.myMain - oneTimeMeterRepTime
BruceChen 13:33:46.378 [main] INFO  edu.bjut.homo.myMain - agg:resp_agg
BruceChen 13:33:46.378 [main] INFO  edu.bjut.homo.myMain - agg:97932300
BruceChen 13:33:46.378 [main] INFO  edu.bjut.homo.myMain - server:report_res
BruceChen 13:33:46.378 [main] INFO  edu.bjut.homo.myMain - server:14496500
BruceChen 13:33:46.378 [main] INFO  edu.bjut.homo.myMain - meter_7286038060392165521:report
BruceChen 13:33:46.378 [main] INFO  edu.bjut.homo.myMain - meter_7286038060392165521:10167800
BruceChen 13:33:46.378 [main] INFO  edu.bjut.homo.myMain - meter_2745770584803956057:report
BruceChen 13:33:46.378 [main] INFO  edu.bjut.homo.myMain - meter_2745770584803956057:9559800
BruceChen 13:33:46.378 [main] INFO  edu.bjut.homo.myMain - meter_5738531362255715009:report
BruceChen 13:33:46.378 [main] INFO  edu.bjut.homo.myMain - meter_5738531362255715009:9510300
BruceChen 13:33:46.378 [main] INFO  edu.bjut.homo.myMain - meter_3097811243352634519:report
BruceChen 13:33:46.378 [main] INFO  edu.bjut.homo.myMain - meter_3097811243352634519:9490500
BruceChen 13:33:46.378 [main] INFO  edu.bjut.homo.myMain - meter_5185725972369473399:report
BruceChen 13:33:46.378 [main] INFO  edu.bjut.homo.myMain - meter_5185725972369473399:9493800
BruceChen 13:33:46.378 [main] INFO  edu.bjut.homo.myMain - meter_6495640308881667871:report
BruceChen 13:33:46.378 [main] INFO  edu.bjut.homo.myMain - meter_6495640308881667871:9510700
BruceChen 13:33:46.378 [main] INFO  edu.bjut.homo.myMain - meter_2396702476723740969:report
BruceChen 13:33:46.378 [main] INFO  edu.bjut.homo.myMain - meter_2396702476723740969:9479500
BruceChen 13:33:46.378 [main] INFO  edu.bjut.homo.myMain - meter_7123400781104159525:report
BruceChen 13:33:46.378 [main] INFO  edu.bjut.homo.myMain - meter_7123400781104159525:9471000
BruceChen 13:33:46.378 [main] INFO  edu.bjut.homo.myMain - meter_3178287745482898877:report
BruceChen 13:33:46.378 [main] INFO  edu.bjut.homo.myMain - meter_3178287745482898877:9479100
BruceChen 13:33:46.378 [main] INFO  edu.bjut.homo.myMain - meter_6436018215134719879:report
BruceChen 13:33:46.378 [main] INFO  edu.bjut.homo.myMain - meter_6436018215134719879:9532200
BruceChen 13:33:46.378 [main] INFO  edu.bjut.homo.myMain - meter_7904986049863446289:report
BruceChen 13:33:46.378 [main] INFO  edu.bjut.homo.myMain - meter_7904986049863446289:9580200
BruceChen 13:33:46.378 [main] INFO  edu.bjut.homo.myMain - meter_8604083210816516037:report
BruceChen 13:33:46.378 [main] INFO  edu.bjut.homo.myMain - meter_8604083210816516037:9498800
BruceChen 13:33:46.378 [main] INFO  edu.bjut.homo.myMain - meter_4718853193460689781:report
BruceChen 13:33:46.378 [main] INFO  edu.bjut.homo.myMain - meter_4718853193460689781:9472600
BruceChen 13:33:46.378 [main] INFO  edu.bjut.homo.myMain - meter_1582090431405122129:report
BruceChen 13:33:46.378 [main] INFO  edu.bjut.homo.myMain - meter_1582090431405122129:9572900
BruceChen 13:33:46.378 [main] INFO  edu.bjut.homo.myMain - meter_3826033995423039315:report
BruceChen 13:33:46.378 [main] INFO  edu.bjut.homo.myMain - meter_3826033995423039315:9520300
BruceChen 13:33:46.378 [main] INFO  edu.bjut.homo.myMain - meter_7855614860316440657:report
BruceChen 13:33:46.378 [main] INFO  edu.bjut.homo.myMain - meter_7855614860316440657:9487000
BruceChen 13:33:46.378 [main] INFO  edu.bjut.homo.myMain - meter_4679674659213711311:report
BruceChen 13:33:46.378 [main] INFO  edu.bjut.homo.myMain - meter_4679674659213711311:9554300
BruceChen 13:33:46.378 [main] INFO  edu.bjut.homo.myMain - meter_7513989640284373251:report
BruceChen 13:33:46.378 [main] INFO  edu.bjut.homo.myMain - meter_7513989640284373251:9533500
BruceChen 13:33:46.378 [main] INFO  edu.bjut.homo.myMain - meter_6617349467948397237:report
BruceChen 13:33:46.378 [main] INFO  edu.bjut.homo.myMain - meter_6617349467948397237:10618400
BruceChen 13:33:46.378 [main] INFO  edu.bjut.homo.myMain - meter_3478665237621786263:report
BruceChen 13:33:46.378 [main] INFO  edu.bjut.homo.myMain - meter_3478665237621786263:9498400
