raspberrypi 20:20:10.041 [main] INFO  edu.bjut.homo.myMain - meterRegTime
raspberrypi 20:20:11.464 [main] INFO  edu.bjut.homo.myMain - kgc:reg_response,reg_response,reg_response,reg_response,reg_response,reg_response,reg_response,reg_response,reg_response,reg_response,reg_response,reg_response,reg_response,reg_response,reg_response,reg_response,reg_response,reg_response,reg_response,reg_response,reg_response,reg_response,reg_response,reg_response,reg_response,reg_response,reg_response,reg_response,reg_response,reg_response,reg_response,reg_response,reg_response,reg_response,reg_response,reg_response,reg_response,reg_response,reg_response,reg_response,reg_response,reg_response,reg_response,reg_response,reg_response,reg_response,reg_response,reg_response,reg_response,reg_response,reg_response,reg_response,reg_response,reg_response,reg_response,reg_response,reg_response,reg_response,reg_response,reg_response
raspberrypi 20:20:11.465 [main] INFO  edu.bjut.homo.myMain - kgc:22361518,23851704,23356851,37463963,21943704,21230982,21218055,22489074,22199277,21354463,21929611,20942537,21363555,21340481,21046334,21354685,21077389,20680278,20763833,33098611,20955370,20919019,21146500,21543981,22124852,21749907,21185944,21117037,21280834,21095815,21535129,21239592,21090537,21615666,20438741,21366408,40982204,20850611,19905351,20034111,20413574,20648926,20531019,21116630,21181074,22863500,21146760,20641297,20778537,21190111,20835944,20904314,35537926,19892814,20382111,20571777,20517777,20957519,19775352,20229259
raspberrypi 20:20:11.465 [main] INFO  edu.bjut.homo.myMain - meter_3726474225452500085:reg,reg_response
raspberrypi 20:20:11.466 [main] INFO  edu.bjut.homo.myMain - meter_3726474225452500085:1448945,1641111
raspberrypi 20:20:11.466 [main] INFO  edu.bjut.homo.myMain - meter_2442137715191987865:reg,reg_response
raspberrypi 20:20:11.466 [main] INFO  edu.bjut.homo.myMain - meter_2442137715191987865:243000,8232129
raspberrypi 20:20:11.467 [main] INFO  edu.bjut.homo.myMain - meter_3224004458927923121:reg,reg_response
raspberrypi 20:20:11.467 [main] INFO  edu.bjut.homo.myMain - meter_3224004458927923121:306056,996944
raspberrypi 20:20:11.468 [main] INFO  edu.bjut.homo.myMain - meter_3884051351455928781:reg,reg_response
raspberrypi 20:20:11.468 [main] INFO  edu.bjut.homo.myMain - meter_3884051351455928781:212630,808462
raspberrypi 20:20:11.468 [main] INFO  edu.bjut.homo.myMain - meter_3951307058899974573:reg,reg_response
raspberrypi 20:20:11.469 [main] INFO  edu.bjut.homo.myMain - meter_3951307058899974573:218796,738093
raspberrypi 20:20:11.469 [main] INFO  edu.bjut.homo.myMain - meter_6617643136749994171:reg,reg_response
raspberrypi 20:20:11.469 [main] INFO  edu.bjut.homo.myMain - meter_6617643136749994171:204611,933389
raspberrypi 20:20:11.470 [main] INFO  edu.bjut.homo.myMain - meter_7351646029831584451:reg,reg_response
raspberrypi 20:20:11.470 [main] INFO  edu.bjut.homo.myMain - meter_7351646029831584451:227741,769222
raspberrypi 20:20:11.470 [main] INFO  edu.bjut.homo.myMain - meter_6253280181365538613:reg,reg_response
raspberrypi 20:20:11.471 [main] INFO  edu.bjut.homo.myMain - meter_6253280181365538613:190371,870000
raspberrypi 20:20:11.471 [main] INFO  edu.bjut.homo.myMain - meter_63636239828199483:reg,reg_response
raspberrypi 20:20:11.471 [main] INFO  edu.bjut.homo.myMain - meter_63636239828199483:195463,725759
raspberrypi 20:20:11.472 [main] INFO  edu.bjut.homo.myMain - meter_7039563533669032283:reg,reg_response
raspberrypi 20:20:11.472 [main] INFO  edu.bjut.homo.myMain - meter_7039563533669032283:204074,732592
raspberrypi 20:20:11.472 [main] INFO  edu.bjut.homo.myMain - meter_3127698966935546373:reg,reg_response
raspberrypi 20:20:11.472 [main] INFO  edu.bjut.homo.myMain - meter_3127698966935546373:196463,666704
raspberrypi 20:20:11.473 [main] INFO  edu.bjut.homo.myMain - meter_7434602609891587583:reg,reg_response
raspberrypi 20:20:11.473 [main] INFO  edu.bjut.homo.myMain - meter_7434602609891587583:185277,406296
raspberrypi 20:20:11.473 [main] INFO  edu.bjut.homo.myMain - meter_1877255574052802957:reg,reg_response
raspberrypi 20:20:11.474 [main] INFO  edu.bjut.homo.myMain - meter_1877255574052802957:220630,693834
raspberrypi 20:20:11.474 [main] INFO  edu.bjut.homo.myMain - meter_36226595104894053:reg,reg_response
raspberrypi 20:20:11.474 [main] INFO  edu.bjut.homo.myMain - meter_36226595104894053:193092,700778
raspberrypi 20:20:11.475 [main] INFO  edu.bjut.homo.myMain - meter_3942532708860800779:reg,reg_response
raspberrypi 20:20:11.475 [main] INFO  edu.bjut.homo.myMain - meter_3942532708860800779:139852,400000
raspberrypi 20:20:11.475 [main] INFO  edu.bjut.homo.myMain - meter_8245019738954314879:reg,reg_response
raspberrypi 20:20:11.475 [main] INFO  edu.bjut.homo.myMain - meter_8245019738954314879:159926,559537
raspberrypi 20:20:11.476 [main] INFO  edu.bjut.homo.myMain - meter_4491715085502239385:reg,reg_response
raspberrypi 20:20:11.476 [main] INFO  edu.bjut.homo.myMain - meter_4491715085502239385:127814,555611
raspberrypi 20:20:11.476 [main] INFO  edu.bjut.homo.myMain - meter_1216416316266423079:reg,reg_response
raspberrypi 20:20:11.476 [main] INFO  edu.bjut.homo.myMain - meter_1216416316266423079:132852,519463
raspberrypi 20:20:11.477 [main] INFO  edu.bjut.homo.myMain - meter_7072439160127644803:reg,reg_response
raspberrypi 20:20:11.477 [main] INFO  edu.bjut.homo.myMain - meter_7072439160127644803:132370,623796
raspberrypi 20:20:11.477 [main] INFO  edu.bjut.homo.myMain - meter_7926079819606638879:reg,reg_response
raspberrypi 20:20:11.477 [main] INFO  edu.bjut.homo.myMain - meter_7926079819606638879:265815,579130
raspberrypi 20:20:11.478 [main] INFO  edu.bjut.homo.myMain - meter_8901780531239313041:reg,reg_response
raspberrypi 20:20:11.478 [main] INFO  edu.bjut.homo.myMain - meter_8901780531239313041:130667,384555
raspberrypi 20:20:11.479 [main] INFO  edu.bjut.homo.myMain - meter_3494220158171103981:reg,reg_response
raspberrypi 20:20:11.479 [main] INFO  edu.bjut.homo.myMain - meter_3494220158171103981:105778,374481
raspberrypi 20:20:11.479 [main] INFO  edu.bjut.homo.myMain - meter_2370214974562272771:reg,reg_response
raspberrypi 20:20:11.480 [main] INFO  edu.bjut.homo.myMain - meter_2370214974562272771:105704,496740
raspberrypi 20:20:11.480 [main] INFO  edu.bjut.homo.myMain - meter_8211902816400199563:reg,reg_response
raspberrypi 20:20:11.481 [main] INFO  edu.bjut.homo.myMain - meter_8211902816400199563:274722,594204
raspberrypi 20:20:11.481 [main] INFO  edu.bjut.homo.myMain - meter_6420241602256958559:reg,reg_response
raspberrypi 20:20:11.481 [main] INFO  edu.bjut.homo.myMain - meter_6420241602256958559:136389,831537
raspberrypi 20:20:11.482 [main] INFO  edu.bjut.homo.myMain - meter_4773857481080816289:reg,reg_response
raspberrypi 20:20:11.482 [main] INFO  edu.bjut.homo.myMain - meter_4773857481080816289:267314,534445
raspberrypi 20:20:11.482 [main] INFO  edu.bjut.homo.myMain - meter_1620471030050496461:reg,reg_response
raspberrypi 20:20:11.483 [main] INFO  edu.bjut.homo.myMain - meter_1620471030050496461:126074,545018
raspberrypi 20:20:11.483 [main] INFO  edu.bjut.homo.myMain - meter_6006195007079291193:reg,reg_response
raspberrypi 20:20:11.483 [main] INFO  edu.bjut.homo.myMain - meter_6006195007079291193:174982,488055
raspberrypi 20:20:11.483 [main] INFO  edu.bjut.homo.myMain - meter_7958201519335944819:reg,reg_response
raspberrypi 20:20:11.484 [main] INFO  edu.bjut.homo.myMain - meter_7958201519335944819:151925,842722
raspberrypi 20:20:11.484 [main] INFO  edu.bjut.homo.myMain - meter_5358673264658462543:reg,reg_response
raspberrypi 20:20:11.484 [main] INFO  edu.bjut.homo.myMain - meter_5358673264658462543:220203,945352
raspberrypi 20:20:11.484 [main] INFO  edu.bjut.homo.myMain - meter_404516996426054105:reg,reg_response
raspberrypi 20:20:11.485 [main] INFO  edu.bjut.homo.myMain - meter_404516996426054105:198018,492648
raspberrypi 20:20:11.485 [main] INFO  edu.bjut.homo.myMain - meter_1835605597588506059:reg,reg_response
raspberrypi 20:20:11.485 [main] INFO  edu.bjut.homo.myMain - meter_1835605597588506059:118463,476037
raspberrypi 20:20:11.485 [main] INFO  edu.bjut.homo.myMain - meter_7548589456380821409:reg,reg_response
raspberrypi 20:20:11.485 [main] INFO  edu.bjut.homo.myMain - meter_7548589456380821409:117000,438000
raspberrypi 20:20:11.486 [main] INFO  edu.bjut.homo.myMain - meter_8599091454158904297:reg,reg_response
raspberrypi 20:20:11.486 [main] INFO  edu.bjut.homo.myMain - meter_8599091454158904297:118649,494333
raspberrypi 20:20:11.486 [main] INFO  edu.bjut.homo.myMain - meter_9065785875814714033:reg,reg_response
raspberrypi 20:20:11.487 [main] INFO  edu.bjut.homo.myMain - meter_9065785875814714033:117352,453074
raspberrypi 20:20:11.487 [main] INFO  edu.bjut.homo.myMain - meter_5314025315343840313:reg,reg_response
raspberrypi 20:20:11.488 [main] INFO  edu.bjut.homo.myMain - meter_5314025315343840313:131760,377833
raspberrypi 20:20:11.489 [main] INFO  edu.bjut.homo.myMain - meter_9156648131241320071:reg,reg_response
raspberrypi 20:20:11.489 [main] INFO  edu.bjut.homo.myMain - meter_9156648131241320071:104112,291815
raspberrypi 20:20:11.490 [main] INFO  edu.bjut.homo.myMain - meter_6283003452921348601:reg,reg_response
raspberrypi 20:20:11.490 [main] INFO  edu.bjut.homo.myMain - meter_6283003452921348601:92222,464111
raspberrypi 20:20:11.491 [main] INFO  edu.bjut.homo.myMain - meter_612042421629203895:reg,reg_response
raspberrypi 20:20:11.491 [main] INFO  edu.bjut.homo.myMain - meter_612042421629203895:150000,436019
raspberrypi 20:20:11.491 [main] INFO  edu.bjut.homo.myMain - meter_4882189823487237243:reg,reg_response
raspberrypi 20:20:11.492 [main] INFO  edu.bjut.homo.myMain - meter_4882189823487237243:105852,287093
raspberrypi 20:20:11.492 [main] INFO  edu.bjut.homo.myMain - meter_7187042835501085:reg,reg_response
raspberrypi 20:20:11.492 [main] INFO  edu.bjut.homo.myMain - meter_7187042835501085:85889,496241
raspberrypi 20:20:11.493 [main] INFO  edu.bjut.homo.myMain - meter_3911441367756052693:reg,reg_response
raspberrypi 20:20:11.493 [main] INFO  edu.bjut.homo.myMain - meter_3911441367756052693:151796,399333
raspberrypi 20:20:11.493 [main] INFO  edu.bjut.homo.myMain - meter_7235315532209641537:reg,reg_response
raspberrypi 20:20:11.493 [main] INFO  edu.bjut.homo.myMain - meter_7235315532209641537:98908,524371
raspberrypi 20:20:11.494 [main] INFO  edu.bjut.homo.myMain - meter_3949606948189187217:reg,reg_response
raspberrypi 20:20:11.494 [main] INFO  edu.bjut.homo.myMain - meter_3949606948189187217:134129,733074
raspberrypi 20:20:11.494 [main] INFO  edu.bjut.homo.myMain - meter_2309866152665181339:reg,reg_response
raspberrypi 20:20:11.494 [main] INFO  edu.bjut.homo.myMain - meter_2309866152665181339:271833,597704
raspberrypi 20:20:11.495 [main] INFO  edu.bjut.homo.myMain - meter_6779688549869031099:reg,reg_response
raspberrypi 20:20:11.495 [main] INFO  edu.bjut.homo.myMain - meter_6779688549869031099:156445,546407
raspberrypi 20:20:11.495 [main] INFO  edu.bjut.homo.myMain - meter_3015203443991261095:reg,reg_response
raspberrypi 20:20:11.496 [main] INFO  edu.bjut.homo.myMain - meter_3015203443991261095:126592,516444
raspberrypi 20:20:11.496 [main] INFO  edu.bjut.homo.myMain - meter_8172413270481736481:reg,reg_response
raspberrypi 20:20:11.496 [main] INFO  edu.bjut.homo.myMain - meter_8172413270481736481:163148,391297
raspberrypi 20:20:11.496 [main] INFO  edu.bjut.homo.myMain - meter_5699888883844240267:reg,reg_response
raspberrypi 20:20:11.496 [main] INFO  edu.bjut.homo.myMain - meter_5699888883844240267:90481,785685
raspberrypi 20:20:11.496 [main] INFO  edu.bjut.homo.myMain - meter_9116916193977207307:reg,reg_response
raspberrypi 20:20:11.496 [main] INFO  edu.bjut.homo.myMain - meter_9116916193977207307:152315,392685
raspberrypi 20:20:11.497 [main] INFO  edu.bjut.homo.myMain - meter_3042543980749815361:reg,reg_response
raspberrypi 20:20:11.497 [main] INFO  edu.bjut.homo.myMain - meter_3042543980749815361:164722,418074
raspberrypi 20:20:11.497 [main] INFO  edu.bjut.homo.myMain - meter_8049507928441200537:reg,reg_response
raspberrypi 20:20:11.497 [main] INFO  edu.bjut.homo.myMain - meter_8049507928441200537:116611,360260
raspberrypi 20:20:11.497 [main] INFO  edu.bjut.homo.myMain - meter_8380621315442963251:reg,reg_response
raspberrypi 20:20:11.497 [main] INFO  edu.bjut.homo.myMain - meter_8380621315442963251:306315,435148
raspberrypi 20:20:11.498 [main] INFO  edu.bjut.homo.myMain - meter_7147360977363950073:reg,reg_response
raspberrypi 20:20:11.498 [main] INFO  edu.bjut.homo.myMain - meter_7147360977363950073:103741,318444
raspberrypi 20:20:11.498 [main] INFO  edu.bjut.homo.myMain - meter_8447169931749915855:reg,reg_response
raspberrypi 20:20:11.498 [main] INFO  edu.bjut.homo.myMain - meter_8447169931749915855:79593,370333
raspberrypi 20:20:11.498 [main] INFO  edu.bjut.homo.myMain - meter_980022427463269939:reg,reg_response
raspberrypi 20:20:11.498 [main] INFO  edu.bjut.homo.myMain - meter_980022427463269939:94593,366296
raspberrypi 20:20:11.499 [main] INFO  edu.bjut.homo.myMain - meter_6743172509683289747:reg,reg_response
raspberrypi 20:20:11.499 [main] INFO  edu.bjut.homo.myMain - meter_6743172509683289747:96056,358704
raspberrypi 20:20:11.499 [main] INFO  edu.bjut.homo.myMain - meter_6629133988940974501:reg,reg_response
raspberrypi 20:20:11.499 [main] INFO  edu.bjut.homo.myMain - meter_6629133988940974501:97908,313407
raspberrypi 20:20:11.499 [main] INFO  edu.bjut.homo.myMain - meter_3249828114135653185:reg,reg_response
raspberrypi 20:20:11.499 [main] INFO  edu.bjut.homo.myMain - meter_3249828114135653185:81130,241426
raspberrypi 20:20:11.500 [main] INFO  edu.bjut.homo.myMain - meter_6705381970669019439:reg,reg_response
raspberrypi 20:20:11.500 [main] INFO  edu.bjut.homo.myMain - meter_6705381970669019439:142981,255204
raspberrypi 20:20:11.509 [main] INFO  edu.bjut.homo.myMain - oneTimeMeterRepTime
raspberrypi 20:20:14.435 [main] INFO  edu.bjut.homo.myMain - agg:resp_agg
raspberrypi 20:20:14.436 [main] INFO  edu.bjut.homo.myMain - agg:1027908332
raspberrypi 20:20:14.436 [main] INFO  edu.bjut.homo.myMain - server:report_res
raspberrypi 20:20:14.436 [main] INFO  edu.bjut.homo.myMain - server:40328074
raspberrypi 20:20:14.437 [main] INFO  edu.bjut.homo.myMain - meter_3726474225452500085:report
raspberrypi 20:20:14.437 [main] INFO  edu.bjut.homo.myMain - meter_3726474225452500085:127558630
raspberrypi 20:20:14.437 [main] INFO  edu.bjut.homo.myMain - meter_2442137715191987865:report
raspberrypi 20:20:14.437 [main] INFO  edu.bjut.homo.myMain - meter_2442137715191987865:34686074
raspberrypi 20:20:14.437 [main] INFO  edu.bjut.homo.myMain - meter_3224004458927923121:report
raspberrypi 20:20:14.437 [main] INFO  edu.bjut.homo.myMain - meter_3224004458927923121:31298037
raspberrypi 20:20:14.437 [main] INFO  edu.bjut.homo.myMain - meter_3884051351455928781:report
raspberrypi 20:20:14.438 [main] INFO  edu.bjut.homo.myMain - meter_3884051351455928781:39098241
raspberrypi 20:20:14.438 [main] INFO  edu.bjut.homo.myMain - meter_3951307058899974573:report
raspberrypi 20:20:14.438 [main] INFO  edu.bjut.homo.myMain - meter_3951307058899974573:30381963
raspberrypi 20:20:14.438 [main] INFO  edu.bjut.homo.myMain - meter_6617643136749994171:report
raspberrypi 20:20:14.438 [main] INFO  edu.bjut.homo.myMain - meter_6617643136749994171:30022167
raspberrypi 20:20:14.438 [main] INFO  edu.bjut.homo.myMain - meter_7351646029831584451:report
raspberrypi 20:20:14.439 [main] INFO  edu.bjut.homo.myMain - meter_7351646029831584451:28517278
raspberrypi 20:20:14.439 [main] INFO  edu.bjut.homo.myMain - meter_6253280181365538613:report
raspberrypi 20:20:14.439 [main] INFO  edu.bjut.homo.myMain - meter_6253280181365538613:28300204
raspberrypi 20:20:14.439 [main] INFO  edu.bjut.homo.myMain - meter_63636239828199483:report
raspberrypi 20:20:14.439 [main] INFO  edu.bjut.homo.myMain - meter_63636239828199483:28482296
raspberrypi 20:20:14.439 [main] INFO  edu.bjut.homo.myMain - meter_7039563533669032283:report
raspberrypi 20:20:14.439 [main] INFO  edu.bjut.homo.myMain - meter_7039563533669032283:27764259
raspberrypi 20:20:14.440 [main] INFO  edu.bjut.homo.myMain - meter_3127698966935546373:report
raspberrypi 20:20:14.440 [main] INFO  edu.bjut.homo.myMain - meter_3127698966935546373:31533666
raspberrypi 20:20:14.440 [main] INFO  edu.bjut.homo.myMain - meter_7434602609891587583:report
raspberrypi 20:20:14.440 [main] INFO  edu.bjut.homo.myMain - meter_7434602609891587583:28226167
raspberrypi 20:20:14.440 [main] INFO  edu.bjut.homo.myMain - meter_1877255574052802957:report
raspberrypi 20:20:14.441 [main] INFO  edu.bjut.homo.myMain - meter_1877255574052802957:27888592
raspberrypi 20:20:14.441 [main] INFO  edu.bjut.homo.myMain - meter_36226595104894053:report
raspberrypi 20:20:14.441 [main] INFO  edu.bjut.homo.myMain - meter_36226595104894053:27913407
raspberrypi 20:20:14.441 [main] INFO  edu.bjut.homo.myMain - meter_3942532708860800779:report
raspberrypi 20:20:14.441 [main] INFO  edu.bjut.homo.myMain - meter_3942532708860800779:28193148
raspberrypi 20:20:14.441 [main] INFO  edu.bjut.homo.myMain - meter_8245019738954314879:report
raspberrypi 20:20:14.441 [main] INFO  edu.bjut.homo.myMain - meter_8245019738954314879:28018722
raspberrypi 20:20:14.442 [main] INFO  edu.bjut.homo.myMain - meter_4491715085502239385:report
raspberrypi 20:20:14.442 [main] INFO  edu.bjut.homo.myMain - meter_4491715085502239385:30964870
raspberrypi 20:20:14.442 [main] INFO  edu.bjut.homo.myMain - meter_1216416316266423079:report
raspberrypi 20:20:14.442 [main] INFO  edu.bjut.homo.myMain - meter_1216416316266423079:27797611
raspberrypi 20:20:14.442 [main] INFO  edu.bjut.homo.myMain - meter_7072439160127644803:report
raspberrypi 20:20:14.442 [main] INFO  edu.bjut.homo.myMain - meter_7072439160127644803:27770056
raspberrypi 20:20:14.442 [main] INFO  edu.bjut.homo.myMain - meter_7926079819606638879:report
raspberrypi 20:20:14.442 [main] INFO  edu.bjut.homo.myMain - meter_7926079819606638879:28407926
raspberrypi 20:20:14.443 [main] INFO  edu.bjut.homo.myMain - meter_8901780531239313041:report
raspberrypi 20:20:14.443 [main] INFO  edu.bjut.homo.myMain - meter_8901780531239313041:28913852
raspberrypi 20:20:14.443 [main] INFO  edu.bjut.homo.myMain - meter_3494220158171103981:report
raspberrypi 20:20:14.443 [main] INFO  edu.bjut.homo.myMain - meter_3494220158171103981:28575760
raspberrypi 20:20:14.443 [main] INFO  edu.bjut.homo.myMain - meter_2370214974562272771:report
raspberrypi 20:20:14.443 [main] INFO  edu.bjut.homo.myMain - meter_2370214974562272771:29102074
raspberrypi 20:20:14.443 [main] INFO  edu.bjut.homo.myMain - meter_8211902816400199563:report
raspberrypi 20:20:14.443 [main] INFO  edu.bjut.homo.myMain - meter_8211902816400199563:31193815
raspberrypi 20:20:14.444 [main] INFO  edu.bjut.homo.myMain - meter_6420241602256958559:report
raspberrypi 20:20:14.444 [main] INFO  edu.bjut.homo.myMain - meter_6420241602256958559:29161148
raspberrypi 20:20:14.444 [main] INFO  edu.bjut.homo.myMain - meter_4773857481080816289:report
raspberrypi 20:20:14.444 [main] INFO  edu.bjut.homo.myMain - meter_4773857481080816289:29346204
raspberrypi 20:20:14.444 [main] INFO  edu.bjut.homo.myMain - meter_1620471030050496461:report
raspberrypi 20:20:14.444 [main] INFO  edu.bjut.homo.myMain - meter_1620471030050496461:29660296
raspberrypi 20:20:14.444 [main] INFO  edu.bjut.homo.myMain - meter_6006195007079291193:report
raspberrypi 20:20:14.444 [main] INFO  edu.bjut.homo.myMain - meter_6006195007079291193:29301445
raspberrypi 20:20:14.445 [main] INFO  edu.bjut.homo.myMain - meter_7958201519335944819:report
raspberrypi 20:20:14.445 [main] INFO  edu.bjut.homo.myMain - meter_7958201519335944819:28727259
raspberrypi 20:20:14.445 [main] INFO  edu.bjut.homo.myMain - meter_5358673264658462543:report
raspberrypi 20:20:14.445 [main] INFO  edu.bjut.homo.myMain - meter_5358673264658462543:33548574
raspberrypi 20:20:14.445 [main] INFO  edu.bjut.homo.myMain - meter_404516996426054105:report
raspberrypi 20:20:14.445 [main] INFO  edu.bjut.homo.myMain - meter_404516996426054105:28850555
raspberrypi 20:20:14.445 [main] INFO  edu.bjut.homo.myMain - meter_1835605597588506059:report
raspberrypi 20:20:14.445 [main] INFO  edu.bjut.homo.myMain - meter_1835605597588506059:28314389
raspberrypi 20:20:14.446 [main] INFO  edu.bjut.homo.myMain - meter_7548589456380821409:report
raspberrypi 20:20:14.446 [main] INFO  edu.bjut.homo.myMain - meter_7548589456380821409:28413666
raspberrypi 20:20:14.446 [main] INFO  edu.bjut.homo.myMain - meter_8599091454158904297:report
raspberrypi 20:20:14.446 [main] INFO  edu.bjut.homo.myMain - meter_8599091454158904297:28390518
raspberrypi 20:20:14.446 [main] INFO  edu.bjut.homo.myMain - meter_9065785875814714033:report
raspberrypi 20:20:14.446 [main] INFO  edu.bjut.homo.myMain - meter_9065785875814714033:29105019
raspberrypi 20:20:14.447 [main] INFO  edu.bjut.homo.myMain - meter_5314025315343840313:report
raspberrypi 20:20:14.447 [main] INFO  edu.bjut.homo.myMain - meter_5314025315343840313:28766889
raspberrypi 20:20:14.447 [main] INFO  edu.bjut.homo.myMain - meter_9156648131241320071:report
raspberrypi 20:20:14.447 [main] INFO  edu.bjut.homo.myMain - meter_9156648131241320071:33982963
raspberrypi 20:20:14.447 [main] INFO  edu.bjut.homo.myMain - meter_6283003452921348601:report
raspberrypi 20:20:14.447 [main] INFO  edu.bjut.homo.myMain - meter_6283003452921348601:28629056
raspberrypi 20:20:14.448 [main] INFO  edu.bjut.homo.myMain - meter_612042421629203895:report
raspberrypi 20:20:14.448 [main] INFO  edu.bjut.homo.myMain - meter_612042421629203895:28586222
raspberrypi 20:20:14.448 [main] INFO  edu.bjut.homo.myMain - meter_4882189823487237243:report
raspberrypi 20:20:14.448 [main] INFO  edu.bjut.homo.myMain - meter_4882189823487237243:28961296
raspberrypi 20:20:14.448 [main] INFO  edu.bjut.homo.myMain - meter_7187042835501085:report
raspberrypi 20:20:14.448 [main] INFO  edu.bjut.homo.myMain - meter_7187042835501085:28721056
raspberrypi 20:20:14.448 [main] INFO  edu.bjut.homo.myMain - meter_3911441367756052693:report
raspberrypi 20:20:14.449 [main] INFO  edu.bjut.homo.myMain - meter_3911441367756052693:28973389
raspberrypi 20:20:14.449 [main] INFO  edu.bjut.homo.myMain - meter_7235315532209641537:report
raspberrypi 20:20:14.449 [main] INFO  edu.bjut.homo.myMain - meter_7235315532209641537:31071019
raspberrypi 20:20:14.449 [main] INFO  edu.bjut.homo.myMain - meter_3949606948189187217:report
raspberrypi 20:20:14.449 [main] INFO  edu.bjut.homo.myMain - meter_3949606948189187217:27475926
raspberrypi 20:20:14.449 [main] INFO  edu.bjut.homo.myMain - meter_2309866152665181339:report
raspberrypi 20:20:14.449 [main] INFO  edu.bjut.homo.myMain - meter_2309866152665181339:28000352
raspberrypi 20:20:14.450 [main] INFO  edu.bjut.homo.myMain - meter_6779688549869031099:report
raspberrypi 20:20:14.450 [main] INFO  edu.bjut.homo.myMain - meter_6779688549869031099:28933444
raspberrypi 20:20:14.450 [main] INFO  edu.bjut.homo.myMain - meter_3015203443991261095:report
raspberrypi 20:20:14.450 [main] INFO  edu.bjut.homo.myMain - meter_3015203443991261095:29406704
raspberrypi 20:20:14.451 [main] INFO  edu.bjut.homo.myMain - meter_8172413270481736481:report
raspberrypi 20:20:14.451 [main] INFO  edu.bjut.homo.myMain - meter_8172413270481736481:30582500
raspberrypi 20:20:14.451 [main] INFO  edu.bjut.homo.myMain - meter_5699888883844240267:report
raspberrypi 20:20:14.451 [main] INFO  edu.bjut.homo.myMain - meter_5699888883844240267:29988796
raspberrypi 20:20:14.451 [main] INFO  edu.bjut.homo.myMain - meter_9116916193977207307:report
raspberrypi 20:20:14.451 [main] INFO  edu.bjut.homo.myMain - meter_9116916193977207307:32244982
raspberrypi 20:20:14.451 [main] INFO  edu.bjut.homo.myMain - meter_3042543980749815361:report
raspberrypi 20:20:14.452 [main] INFO  edu.bjut.homo.myMain - meter_3042543980749815361:27820074
raspberrypi 20:20:14.452 [main] INFO  edu.bjut.homo.myMain - meter_8049507928441200537:report
raspberrypi 20:20:14.452 [main] INFO  edu.bjut.homo.myMain - meter_8049507928441200537:28305074
raspberrypi 20:20:14.452 [main] INFO  edu.bjut.homo.myMain - meter_8380621315442963251:report
raspberrypi 20:20:14.452 [main] INFO  edu.bjut.homo.myMain - meter_8380621315442963251:27521834
raspberrypi 20:20:14.452 [main] INFO  edu.bjut.homo.myMain - meter_7147360977363950073:report
raspberrypi 20:20:14.452 [main] INFO  edu.bjut.homo.myMain - meter_7147360977363950073:27349926
raspberrypi 20:20:14.452 [main] INFO  edu.bjut.homo.myMain - meter_8447169931749915855:report
raspberrypi 20:20:14.452 [main] INFO  edu.bjut.homo.myMain - meter_8447169931749915855:27007315
raspberrypi 20:20:14.453 [main] INFO  edu.bjut.homo.myMain - meter_980022427463269939:report
raspberrypi 20:20:14.453 [main] INFO  edu.bjut.homo.myMain - meter_980022427463269939:27141630
raspberrypi 20:20:14.453 [main] INFO  edu.bjut.homo.myMain - meter_6743172509683289747:report
raspberrypi 20:20:14.453 [main] INFO  edu.bjut.homo.myMain - meter_6743172509683289747:30287870
raspberrypi 20:20:14.453 [main] INFO  edu.bjut.homo.myMain - meter_6629133988940974501:report
raspberrypi 20:20:14.453 [main] INFO  edu.bjut.homo.myMain - meter_6629133988940974501:27030649
raspberrypi 20:20:14.453 [main] INFO  edu.bjut.homo.myMain - meter_3249828114135653185:report
raspberrypi 20:20:14.454 [main] INFO  edu.bjut.homo.myMain - meter_3249828114135653185:27186389
raspberrypi 20:20:14.454 [main] INFO  edu.bjut.homo.myMain - meter_6705381970669019439:report
raspberrypi 20:20:14.455 [main] INFO  edu.bjut.homo.myMain - meter_6705381970669019439:27034963
raspberrypi 20:20:22.951 [main] INFO  edu.bjut.homo.myMain - meterRegTime
raspberrypi 20:20:23.965 [main] INFO  edu.bjut.homo.myMain - kgc:reg_response,reg_response,reg_response,reg_response,reg_response,reg_response,reg_response,reg_response,reg_response,reg_response,reg_response,reg_response,reg_response,reg_response,reg_response,reg_response,reg_response,reg_response,reg_response,reg_response,reg_response,reg_response,reg_response,reg_response,reg_response,reg_response,reg_response,reg_response,reg_response,reg_response,reg_response,reg_response,reg_response,reg_response,reg_response,reg_response,reg_response,reg_response,reg_response,reg_response,reg_response,reg_response,reg_response,reg_response,reg_response,reg_response,reg_response,reg_response,reg_response,reg_response
raspberrypi 20:20:23.965 [main] INFO  edu.bjut.homo.myMain - kgc:20265611,20562759,20253945,20400130,20269723,20567889,19660870,20217907,19883018,22302870,19527204,19573222,20273130,19532852,19743852,19542093,19519685,19981982,19586482,19687407,19805833,19648741,19676093,19832500,20197741,19932037,20030334,20016037,19763611,19884777,20172018,22216278,20592889,19672352,19846204,20644092,20050185,19622722,19526704,19579519,19555852,19951334,19555963,19670000,20351149,19985333,19529333,20205871,19853740,20267000
raspberrypi 20:20:23.966 [main] INFO  edu.bjut.homo.myMain - meter_8639014117071969155:reg,reg_response
raspberrypi 20:20:23.966 [main] INFO  edu.bjut.homo.myMain - meter_8639014117071969155:170611,170166
raspberrypi 20:20:23.967 [main] INFO  edu.bjut.homo.myMain - meter_5856133448361858061:reg,reg_response
raspberrypi 20:20:23.967 [main] INFO  edu.bjut.homo.myMain - meter_5856133448361858061:50296,289537
raspberrypi 20:20:23.968 [main] INFO  edu.bjut.homo.myMain - meter_7631227949560969573:reg,reg_response
raspberrypi 20:20:23.968 [main] INFO  edu.bjut.homo.myMain - meter_7631227949560969573:86556,247870
raspberrypi 20:20:23.969 [main] INFO  edu.bjut.homo.myMain - meter_8359616521702367673:reg,reg_response
raspberrypi 20:20:23.970 [main] INFO  edu.bjut.homo.myMain - meter_8359616521702367673:122889,433370
raspberrypi 20:20:23.970 [main] INFO  edu.bjut.homo.myMain - meter_1789539008228192549:reg,reg_response
raspberrypi 20:20:23.970 [main] INFO  edu.bjut.homo.myMain - meter_1789539008228192549:52667,294778
raspberrypi 20:20:23.971 [main] INFO  edu.bjut.homo.myMain - meter_3505928930278386775:reg,reg_response
raspberrypi 20:20:23.971 [main] INFO  edu.bjut.homo.myMain - meter_3505928930278386775:46759,145926
raspberrypi 20:20:23.972 [main] INFO  edu.bjut.homo.myMain - meter_3172523566413838433:reg,reg_response
raspberrypi 20:20:23.972 [main] INFO  edu.bjut.homo.myMain - meter_3172523566413838433:42056,127463
raspberrypi 20:20:23.973 [main] INFO  edu.bjut.homo.myMain - meter_4621454474532055069:reg,reg_response
raspberrypi 20:20:23.973 [main] INFO  edu.bjut.homo.myMain - meter_4621454474532055069:41815,128796
raspberrypi 20:20:23.974 [main] INFO  edu.bjut.homo.myMain - meter_8115280349924431797:reg,reg_response
raspberrypi 20:20:23.974 [main] INFO  edu.bjut.homo.myMain - meter_8115280349924431797:39518,137963
raspberrypi 20:20:23.975 [main] INFO  edu.bjut.homo.myMain - meter_4789649102991042345:reg,reg_response
raspberrypi 20:20:23.975 [main] INFO  edu.bjut.homo.myMain - meter_4789649102991042345:39482,121037
raspberrypi 20:20:23.976 [main] INFO  edu.bjut.homo.myMain - meter_165964884639924847:reg,reg_response
raspberrypi 20:20:23.976 [main] INFO  edu.bjut.homo.myMain - meter_165964884639924847:38389,126334
raspberrypi 20:20:23.977 [main] INFO  edu.bjut.homo.myMain - meter_4306429869203601217:reg,reg_response
raspberrypi 20:20:23.977 [main] INFO  edu.bjut.homo.myMain - meter_4306429869203601217:39648,126741
raspberrypi 20:20:23.977 [main] INFO  edu.bjut.homo.myMain - meter_8193819213315378019:reg,reg_response
raspberrypi 20:20:23.977 [main] INFO  edu.bjut.homo.myMain - meter_8193819213315378019:38703,123129
raspberrypi 20:20:23.978 [main] INFO  edu.bjut.homo.myMain - meter_198679550016211319:reg,reg_response
raspberrypi 20:20:23.978 [main] INFO  edu.bjut.homo.myMain - meter_198679550016211319:38518,122944
raspberrypi 20:20:23.978 [main] INFO  edu.bjut.homo.myMain - meter_4654168040413487511:reg,reg_response
raspberrypi 20:20:23.979 [main] INFO  edu.bjut.homo.myMain - meter_4654168040413487511:40185,138870
raspberrypi 20:20:23.979 [main] INFO  edu.bjut.homo.myMain - meter_3020952618339600319:reg,reg_response
raspberrypi 20:20:23.979 [main] INFO  edu.bjut.homo.myMain - meter_3020952618339600319:39278,125315
raspberrypi 20:20:23.979 [main] INFO  edu.bjut.homo.myMain - meter_3463905011873297861:reg,reg_response
raspberrypi 20:20:23.980 [main] INFO  edu.bjut.homo.myMain - meter_3463905011873297861:39241,162351
raspberrypi 20:20:23.980 [main] INFO  edu.bjut.homo.myMain - meter_5831326184578301343:reg,reg_response
raspberrypi 20:20:23.980 [main] INFO  edu.bjut.homo.myMain - meter_5831326184578301343:37833,136092
raspberrypi 20:20:23.981 [main] INFO  edu.bjut.homo.myMain - meter_4070812179519068469:reg,reg_response
raspberrypi 20:20:23.981 [main] INFO  edu.bjut.homo.myMain - meter_4070812179519068469:38704,187611
raspberrypi 20:20:23.981 [main] INFO  edu.bjut.homo.myMain - meter_2219527763527383979:reg,reg_response
raspberrypi 20:20:23.981 [main] INFO  edu.bjut.homo.myMain - meter_2219527763527383979:38223,156074
raspberrypi 20:20:23.981 [main] INFO  edu.bjut.homo.myMain - meter_826936792549848573:reg,reg_response
raspberrypi 20:20:23.981 [main] INFO  edu.bjut.homo.myMain - meter_826936792549848573:40926,153018
raspberrypi 20:20:23.982 [main] INFO  edu.bjut.homo.myMain - meter_3413057263870623183:reg,reg_response
raspberrypi 20:20:23.982 [main] INFO  edu.bjut.homo.myMain - meter_3413057263870623183:39278,124760
raspberrypi 20:20:23.982 [main] INFO  edu.bjut.homo.myMain - meter_8456537251747746801:reg,reg_response
raspberrypi 20:20:23.982 [main] INFO  edu.bjut.homo.myMain - meter_8456537251747746801:49296,124111
raspberrypi 20:20:23.983 [main] INFO  edu.bjut.homo.myMain - meter_7286114908755400945:reg,reg_response
raspberrypi 20:20:23.983 [main] INFO  edu.bjut.homo.myMain - meter_7286114908755400945:38407,122944
raspberrypi 20:20:23.984 [main] INFO  edu.bjut.homo.myMain - meter_6839112352089301937:reg,reg_response
raspberrypi 20:20:23.984 [main] INFO  edu.bjut.homo.myMain - meter_6839112352089301937:39315,131741
raspberrypi 20:20:23.984 [main] INFO  edu.bjut.homo.myMain - meter_1297580305783564071:reg,reg_response
raspberrypi 20:20:23.985 [main] INFO  edu.bjut.homo.myMain - meter_1297580305783564071:39519,223611
raspberrypi 20:20:23.985 [main] INFO  edu.bjut.homo.myMain - meter_7326380645219393981:reg,reg_response
raspberrypi 20:20:23.985 [main] INFO  edu.bjut.homo.myMain - meter_7326380645219393981:42852,125149
raspberrypi 20:20:23.986 [main] INFO  edu.bjut.homo.myMain - meter_5837167207749381527:reg,reg_response
raspberrypi 20:20:23.986 [main] INFO  edu.bjut.homo.myMain - meter_5837167207749381527:38889,126963
raspberrypi 20:20:23.986 [main] INFO  edu.bjut.homo.myMain - meter_7115626095837281195:reg,reg_response
raspberrypi 20:20:23.986 [main] INFO  edu.bjut.homo.myMain - meter_7115626095837281195:39222,129185
raspberrypi 20:20:23.987 [main] INFO  edu.bjut.homo.myMain - meter_5712801951615353441:reg,reg_response
raspberrypi 20:20:23.987 [main] INFO  edu.bjut.homo.myMain - meter_5712801951615353441:38463,128296
raspberrypi 20:20:23.987 [main] INFO  edu.bjut.homo.myMain - meter_6918759455760718365:reg,reg_response
raspberrypi 20:20:23.988 [main] INFO  edu.bjut.homo.myMain - meter_6918759455760718365:37426,128555
raspberrypi 20:20:23.988 [main] INFO  edu.bjut.homo.myMain - meter_6168131774192878577:reg,reg_response
raspberrypi 20:20:23.988 [main] INFO  edu.bjut.homo.myMain - meter_6168131774192878577:39000,302982
raspberrypi 20:20:23.988 [main] INFO  edu.bjut.homo.myMain - meter_1364905112602426533:reg,reg_response
raspberrypi 20:20:23.989 [main] INFO  edu.bjut.homo.myMain - meter_1364905112602426533:55019,141426
raspberrypi 20:20:23.989 [main] INFO  edu.bjut.homo.myMain - meter_8652289250288356805:reg,reg_response
raspberrypi 20:20:23.989 [main] INFO  edu.bjut.homo.myMain - meter_8652289250288356805:38277,129888
raspberrypi 20:20:23.989 [main] INFO  edu.bjut.homo.myMain - meter_427164933419974115:reg,reg_response
raspberrypi 20:20:23.989 [main] INFO  edu.bjut.homo.myMain - meter_427164933419974115:132796,228981
raspberrypi 20:20:23.990 [main] INFO  edu.bjut.homo.myMain - meter_3617068528442563339:reg,reg_response
raspberrypi 20:20:23.990 [main] INFO  edu.bjut.homo.myMain - meter_3617068528442563339:149426,269481
raspberrypi 20:20:23.991 [main] INFO  edu.bjut.homo.myMain - meter_2323332011547232621:reg,reg_response
raspberrypi 20:20:23.991 [main] INFO  edu.bjut.homo.myMain - meter_2323332011547232621:33148,217408
raspberrypi 20:20:23.991 [main] INFO  edu.bjut.homo.myMain - meter_3493754358834545941:reg,reg_response
raspberrypi 20:20:23.991 [main] INFO  edu.bjut.homo.myMain - meter_3493754358834545941:36685,116889
raspberrypi 20:20:23.992 [main] INFO  edu.bjut.homo.myMain - meter_7677237567152205191:reg,reg_response
raspberrypi 20:20:23.992 [main] INFO  edu.bjut.homo.myMain - meter_7677237567152205191:31834,115722
raspberrypi 20:20:23.992 [main] INFO  edu.bjut.homo.myMain - meter_6028193919871590385:reg,reg_response
raspberrypi 20:20:23.992 [main] INFO  edu.bjut.homo.myMain - meter_6028193919871590385:31463,115185
raspberrypi 20:20:23.992 [main] INFO  edu.bjut.homo.myMain - meter_984198843708433307:reg,reg_response
raspberrypi 20:20:23.993 [main] INFO  edu.bjut.homo.myMain - meter_984198843708433307:30926,113148
raspberrypi 20:20:23.993 [main] INFO  edu.bjut.homo.myMain - meter_5423063645114315573:reg,reg_response
raspberrypi 20:20:23.993 [main] INFO  edu.bjut.homo.myMain - meter_5423063645114315573:31056,115186
raspberrypi 20:20:23.993 [main] INFO  edu.bjut.homo.myMain - meter_5138163469007807691:reg,reg_response
raspberrypi 20:20:23.993 [main] INFO  edu.bjut.homo.myMain - meter_5138163469007807691:31871,126333
raspberrypi 20:20:23.993 [main] INFO  edu.bjut.homo.myMain - meter_3101982858221634727:reg,reg_response
raspberrypi 20:20:23.994 [main] INFO  edu.bjut.homo.myMain - meter_3101982858221634727:30685,176482
raspberrypi 20:20:23.994 [main] INFO  edu.bjut.homo.myMain - meter_888627463741832235:reg,reg_response
raspberrypi 20:20:23.994 [main] INFO  edu.bjut.homo.myMain - meter_888627463741832235:34277,322630
raspberrypi 20:20:23.994 [main] INFO  edu.bjut.homo.myMain - meter_20652897422714075:reg,reg_response
raspberrypi 20:20:23.994 [main] INFO  edu.bjut.homo.myMain - meter_20652897422714075:30463,112148
raspberrypi 20:20:23.994 [main] INFO  edu.bjut.homo.myMain - meter_9133075183126961447:reg,reg_response
raspberrypi 20:20:23.994 [main] INFO  edu.bjut.homo.myMain - meter_9133075183126961447:31407,112889
raspberrypi 20:20:23.995 [main] INFO  edu.bjut.homo.myMain - meter_3922450731512421643:reg,reg_response
raspberrypi 20:20:23.995 [main] INFO  edu.bjut.homo.myMain - meter_3922450731512421643:30408,223075
raspberrypi 20:20:23.995 [main] INFO  edu.bjut.homo.myMain - meter_6014269944455807817:reg,reg_response
raspberrypi 20:20:23.995 [main] INFO  edu.bjut.homo.myMain - meter_6014269944455807817:34463,196778
raspberrypi 20:20:23.996 [main] INFO  edu.bjut.homo.myMain - meter_5420644311332242927:reg,reg_response
raspberrypi 20:20:23.996 [main] INFO  edu.bjut.homo.myMain - meter_5420644311332242927:37612,210222
raspberrypi 20:20:23.997 [main] INFO  edu.bjut.homo.myMain - oneTimeMeterRepTime
raspberrypi 20:20:26.166 [main] INFO  edu.bjut.homo.myMain - agg:resp_agg
raspberrypi 20:20:26.167 [main] INFO  edu.bjut.homo.myMain - agg:763532277
raspberrypi 20:20:26.167 [main] INFO  edu.bjut.homo.myMain - server:report_res
raspberrypi 20:20:26.167 [main] INFO  edu.bjut.homo.myMain - server:38663389
raspberrypi 20:20:26.168 [main] INFO  edu.bjut.homo.myMain - meter_8639014117071969155:report
raspberrypi 20:20:26.168 [main] INFO  edu.bjut.homo.myMain - meter_8639014117071969155:30288149
raspberrypi 20:20:26.168 [main] INFO  edu.bjut.homo.myMain - meter_5856133448361858061:report
raspberrypi 20:20:26.168 [main] INFO  edu.bjut.homo.myMain - meter_5856133448361858061:27990092
raspberrypi 20:20:26.168 [main] INFO  edu.bjut.homo.myMain - meter_7631227949560969573:report
raspberrypi 20:20:26.168 [main] INFO  edu.bjut.homo.myMain - meter_7631227949560969573:27198926
raspberrypi 20:20:26.168 [main] INFO  edu.bjut.homo.myMain - meter_8359616521702367673:report
raspberrypi 20:20:26.168 [main] INFO  edu.bjut.homo.myMain - meter_8359616521702367673:29783537
raspberrypi 20:20:26.168 [main] INFO  edu.bjut.homo.myMain - meter_1789539008228192549:report
raspberrypi 20:20:26.169 [main] INFO  edu.bjut.homo.myMain - meter_1789539008228192549:28363686
raspberrypi 20:20:26.169 [main] INFO  edu.bjut.homo.myMain - meter_3505928930278386775:report
raspberrypi 20:20:26.169 [main] INFO  edu.bjut.homo.myMain - meter_3505928930278386775:27739185
raspberrypi 20:20:26.169 [main] INFO  edu.bjut.homo.myMain - meter_3172523566413838433:report
raspberrypi 20:20:26.169 [main] INFO  edu.bjut.homo.myMain - meter_3172523566413838433:27359074
raspberrypi 20:20:26.169 [main] INFO  edu.bjut.homo.myMain - meter_4621454474532055069:report
raspberrypi 20:20:26.169 [main] INFO  edu.bjut.homo.myMain - meter_4621454474532055069:26920204
raspberrypi 20:20:26.169 [main] INFO  edu.bjut.homo.myMain - meter_8115280349924431797:report
raspberrypi 20:20:26.169 [main] INFO  edu.bjut.homo.myMain - meter_8115280349924431797:26836333
raspberrypi 20:20:26.170 [main] INFO  edu.bjut.homo.myMain - meter_4789649102991042345:report
raspberrypi 20:20:26.170 [main] INFO  edu.bjut.homo.myMain - meter_4789649102991042345:28705204
raspberrypi 20:20:26.170 [main] INFO  edu.bjut.homo.myMain - meter_165964884639924847:report
raspberrypi 20:20:26.170 [main] INFO  edu.bjut.homo.myMain - meter_165964884639924847:27004019
raspberrypi 20:20:26.170 [main] INFO  edu.bjut.homo.myMain - meter_4306429869203601217:report
raspberrypi 20:20:26.170 [main] INFO  edu.bjut.homo.myMain - meter_4306429869203601217:26701574
raspberrypi 20:20:26.170 [main] INFO  edu.bjut.homo.myMain - meter_8193819213315378019:report
raspberrypi 20:20:26.170 [main] INFO  edu.bjut.homo.myMain - meter_8193819213315378019:26899593
raspberrypi 20:20:26.170 [main] INFO  edu.bjut.homo.myMain - meter_198679550016211319:report
raspberrypi 20:20:26.171 [main] INFO  edu.bjut.homo.myMain - meter_198679550016211319:26816667
raspberrypi 20:20:26.171 [main] INFO  edu.bjut.homo.myMain - meter_4654168040413487511:report
raspberrypi 20:20:26.171 [main] INFO  edu.bjut.homo.myMain - meter_4654168040413487511:26906277
raspberrypi 20:20:26.171 [main] INFO  edu.bjut.homo.myMain - meter_3020952618339600319:report
raspberrypi 20:20:26.171 [main] INFO  edu.bjut.homo.myMain - meter_3020952618339600319:26817852
raspberrypi 20:20:26.171 [main] INFO  edu.bjut.homo.myMain - meter_3463905011873297861:report
raspberrypi 20:20:26.171 [main] INFO  edu.bjut.homo.myMain - meter_3463905011873297861:26912260
raspberrypi 20:20:26.171 [main] INFO  edu.bjut.homo.myMain - meter_5831326184578301343:report
raspberrypi 20:20:26.171 [main] INFO  edu.bjut.homo.myMain - meter_5831326184578301343:28219463
raspberrypi 20:20:26.171 [main] INFO  edu.bjut.homo.myMain - meter_4070812179519068469:report
raspberrypi 20:20:26.172 [main] INFO  edu.bjut.homo.myMain - meter_4070812179519068469:26777833
raspberrypi 20:20:26.172 [main] INFO  edu.bjut.homo.myMain - meter_2219527763527383979:report
raspberrypi 20:20:26.172 [main] INFO  edu.bjut.homo.myMain - meter_2219527763527383979:26571981
raspberrypi 20:20:26.172 [main] INFO  edu.bjut.homo.myMain - meter_826936792549848573:report
raspberrypi 20:20:26.172 [main] INFO  edu.bjut.homo.myMain - meter_826936792549848573:26680259
raspberrypi 20:20:26.172 [main] INFO  edu.bjut.homo.myMain - meter_3413057263870623183:report
raspberrypi 20:20:26.172 [main] INFO  edu.bjut.homo.myMain - meter_3413057263870623183:26731555
raspberrypi 20:20:26.172 [main] INFO  edu.bjut.homo.myMain - meter_8456537251747746801:report
raspberrypi 20:20:26.172 [main] INFO  edu.bjut.homo.myMain - meter_8456537251747746801:26803760
raspberrypi 20:20:26.172 [main] INFO  edu.bjut.homo.myMain - meter_7286114908755400945:report
raspberrypi 20:20:26.172 [main] INFO  edu.bjut.homo.myMain - meter_7286114908755400945:26581925
raspberrypi 20:20:26.173 [main] INFO  edu.bjut.homo.myMain - meter_6839112352089301937:report
raspberrypi 20:20:26.173 [main] INFO  edu.bjut.homo.myMain - meter_6839112352089301937:26723112
raspberrypi 20:20:26.173 [main] INFO  edu.bjut.homo.myMain - meter_1297580305783564071:report
raspberrypi 20:20:26.173 [main] INFO  edu.bjut.homo.myMain - meter_1297580305783564071:28141185
raspberrypi 20:20:26.173 [main] INFO  edu.bjut.homo.myMain - meter_7326380645219393981:report
raspberrypi 20:20:26.173 [main] INFO  edu.bjut.homo.myMain - meter_7326380645219393981:26501537
raspberrypi 20:20:26.173 [main] INFO  edu.bjut.homo.myMain - meter_5837167207749381527:report
raspberrypi 20:20:26.173 [main] INFO  edu.bjut.homo.myMain - meter_5837167207749381527:26726259
raspberrypi 20:20:26.173 [main] INFO  edu.bjut.homo.myMain - meter_7115626095837281195:report
raspberrypi 20:20:26.174 [main] INFO  edu.bjut.homo.myMain - meter_7115626095837281195:26631371
raspberrypi 20:20:26.174 [main] INFO  edu.bjut.homo.myMain - meter_5712801951615353441:report
raspberrypi 20:20:26.174 [main] INFO  edu.bjut.homo.myMain - meter_5712801951615353441:26695500
raspberrypi 20:20:26.174 [main] INFO  edu.bjut.homo.myMain - meter_6918759455760718365:report
raspberrypi 20:20:26.174 [main] INFO  edu.bjut.homo.myMain - meter_6918759455760718365:26724740
raspberrypi 20:20:26.174 [main] INFO  edu.bjut.homo.myMain - meter_6168131774192878577:report
raspberrypi 20:20:26.174 [main] INFO  edu.bjut.homo.myMain - meter_6168131774192878577:26673611
raspberrypi 20:20:26.174 [main] INFO  edu.bjut.homo.myMain - meter_1364905112602426533:report
raspberrypi 20:20:26.174 [main] INFO  edu.bjut.homo.myMain - meter_1364905112602426533:26593055
raspberrypi 20:20:26.174 [main] INFO  edu.bjut.homo.myMain - meter_8652289250288356805:report
raspberrypi 20:20:26.174 [main] INFO  edu.bjut.homo.myMain - meter_8652289250288356805:28049611
raspberrypi 20:20:26.175 [main] INFO  edu.bjut.homo.myMain - meter_427164933419974115:report
raspberrypi 20:20:26.175 [main] INFO  edu.bjut.homo.myMain - meter_427164933419974115:26597852
raspberrypi 20:20:26.175 [main] INFO  edu.bjut.homo.myMain - meter_3617068528442563339:report
raspberrypi 20:20:26.175 [main] INFO  edu.bjut.homo.myMain - meter_3617068528442563339:26687648
raspberrypi 20:20:26.175 [main] INFO  edu.bjut.homo.myMain - meter_2323332011547232621:report
raspberrypi 20:20:26.175 [main] INFO  edu.bjut.homo.myMain - meter_2323332011547232621:26756519
raspberrypi 20:20:26.175 [main] INFO  edu.bjut.homo.myMain - meter_3493754358834545941:report
raspberrypi 20:20:26.175 [main] INFO  edu.bjut.homo.myMain - meter_3493754358834545941:27598222
raspberrypi 20:20:26.175 [main] INFO  edu.bjut.homo.myMain - meter_7677237567152205191:report
raspberrypi 20:20:26.175 [main] INFO  edu.bjut.homo.myMain - meter_7677237567152205191:27021630
raspberrypi 20:20:26.175 [main] INFO  edu.bjut.homo.myMain - meter_6028193919871590385:report
raspberrypi 20:20:26.175 [main] INFO  edu.bjut.homo.myMain - meter_6028193919871590385:26803852
raspberrypi 20:20:26.176 [main] INFO  edu.bjut.homo.myMain - meter_984198843708433307:report
raspberrypi 20:20:26.176 [main] INFO  edu.bjut.homo.myMain - meter_984198843708433307:27065667
raspberrypi 20:20:26.176 [main] INFO  edu.bjut.homo.myMain - meter_5423063645114315573:report
raspberrypi 20:20:26.176 [main] INFO  edu.bjut.homo.myMain - meter_5423063645114315573:29166408
raspberrypi 20:20:26.176 [main] INFO  edu.bjut.homo.myMain - meter_5138163469007807691:report
raspberrypi 20:20:26.176 [main] INFO  edu.bjut.homo.myMain - meter_5138163469007807691:27379037
raspberrypi 20:20:26.176 [main] INFO  edu.bjut.homo.myMain - meter_3101982858221634727:report
raspberrypi 20:20:26.176 [main] INFO  edu.bjut.homo.myMain - meter_3101982858221634727:27667907
raspberrypi 20:20:26.176 [main] INFO  edu.bjut.homo.myMain - meter_888627463741832235:report
raspberrypi 20:20:26.176 [main] INFO  edu.bjut.homo.myMain - meter_888627463741832235:27975185
raspberrypi 20:20:26.176 [main] INFO  edu.bjut.homo.myMain - meter_20652897422714075:report
raspberrypi 20:20:26.176 [main] INFO  edu.bjut.homo.myMain - meter_20652897422714075:27849667
raspberrypi 20:20:26.176 [main] INFO  edu.bjut.homo.myMain - meter_9133075183126961447:report
raspberrypi 20:20:26.177 [main] INFO  edu.bjut.homo.myMain - meter_9133075183126961447:27115852
raspberrypi 20:20:26.177 [main] INFO  edu.bjut.homo.myMain - meter_3922450731512421643:report
raspberrypi 20:20:26.177 [main] INFO  edu.bjut.homo.myMain - meter_3922450731512421643:27087759
raspberrypi 20:20:26.177 [main] INFO  edu.bjut.homo.myMain - meter_6014269944455807817:report
raspberrypi 20:20:26.177 [main] INFO  edu.bjut.homo.myMain - meter_6014269944455807817:26840741
raspberrypi 20:20:26.177 [main] INFO  edu.bjut.homo.myMain - meter_5420644311332242927:report
raspberrypi 20:20:26.177 [main] INFO  edu.bjut.homo.myMain - meter_5420644311332242927:28498797
raspberrypi 20:20:32.289 [main] INFO  edu.bjut.homo.myMain - meterRegTime
raspberrypi 20:20:33.089 [main] INFO  edu.bjut.homo.myMain - kgc:reg_response,reg_response,reg_response,reg_response,reg_response,reg_response,reg_response,reg_response,reg_response,reg_response,reg_response,reg_response,reg_response,reg_response,reg_response,reg_response,reg_response,reg_response,reg_response,reg_response,reg_response,reg_response,reg_response,reg_response,reg_response,reg_response,reg_response,reg_response,reg_response,reg_response,reg_response,reg_response,reg_response,reg_response,reg_response,reg_response,reg_response,reg_response,reg_response,reg_response
raspberrypi 20:20:33.089 [main] INFO  edu.bjut.homo.myMain - kgc:19739463,19499277,19469629,19716982,19454166,19836388,19867704,19586352,20196129,19999260,19710148,19917870,19665148,21047111,20133019,19797130,20447407,19541334,19833870,19424963,19454500,19655000,19675148,19395630,19861722,19438092,19611185,19611315,19419760,20185111,19404926,19504019,19730463,20293703,21004074,19466037,19683574,19680278,19928278,20145037
raspberrypi 20:20:33.090 [main] INFO  edu.bjut.homo.myMain - meter_2240934805889430085:reg,reg_response
raspberrypi 20:20:33.090 [main] INFO  edu.bjut.homo.myMain - meter_2240934805889430085:128611,100575
raspberrypi 20:20:33.090 [main] INFO  edu.bjut.homo.myMain - meter_7262230457085937271:reg,reg_response
raspberrypi 20:20:33.090 [main] INFO  edu.bjut.homo.myMain - meter_7262230457085937271:31019,97371
raspberrypi 20:20:33.090 [main] INFO  edu.bjut.homo.myMain - meter_8765777801362652833:reg,reg_response
raspberrypi 20:20:33.090 [main] INFO  edu.bjut.homo.myMain - meter_8765777801362652833:31092,94944
raspberrypi 20:20:33.090 [main] INFO  edu.bjut.homo.myMain - meter_3090660159955848965:reg,reg_response
raspberrypi 20:20:33.090 [main] INFO  edu.bjut.homo.myMain - meter_3090660159955848965:30815,99092
raspberrypi 20:20:33.091 [main] INFO  edu.bjut.homo.myMain - meter_1726644041389157701:reg,reg_response
raspberrypi 20:20:33.091 [main] INFO  edu.bjut.homo.myMain - meter_1726644041389157701:44074,97797
raspberrypi 20:20:33.091 [main] INFO  edu.bjut.homo.myMain - meter_4489181812510396979:reg,reg_response
raspberrypi 20:20:33.091 [main] INFO  edu.bjut.homo.myMain - meter_4489181812510396979:30704,99074
raspberrypi 20:20:33.091 [main] INFO  edu.bjut.homo.myMain - meter_6745648810922763857:reg,reg_response
raspberrypi 20:20:33.091 [main] INFO  edu.bjut.homo.myMain - meter_6745648810922763857:31388,190223
raspberrypi 20:20:33.091 [main] INFO  edu.bjut.homo.myMain - meter_3242364857631571793:reg,reg_response
raspberrypi 20:20:33.091 [main] INFO  edu.bjut.homo.myMain - meter_3242364857631571793:36519,152278
raspberrypi 20:20:33.091 [main] INFO  edu.bjut.homo.myMain - meter_3621060620344590579:reg,reg_response
raspberrypi 20:20:33.091 [main] INFO  edu.bjut.homo.myMain - meter_3621060620344590579:30778,94500
raspberrypi 20:20:33.092 [main] INFO  edu.bjut.homo.myMain - meter_7664604874862886661:reg,reg_response
raspberrypi 20:20:33.092 [main] INFO  edu.bjut.homo.myMain - meter_7664604874862886661:31370,162074
raspberrypi 20:20:33.092 [main] INFO  edu.bjut.homo.myMain - meter_719655540947497771:reg,reg_response
raspberrypi 20:20:33.092 [main] INFO  edu.bjut.homo.myMain - meter_719655540947497771:36797,96519
raspberrypi 20:20:33.092 [main] INFO  edu.bjut.homo.myMain - meter_7864038574096618369:reg,reg_response
raspberrypi 20:20:33.092 [main] INFO  edu.bjut.homo.myMain - meter_7864038574096618369:32223,92704
raspberrypi 20:20:33.092 [main] INFO  edu.bjut.homo.myMain - meter_2587564736818847991:reg,reg_response
raspberrypi 20:20:33.092 [main] INFO  edu.bjut.homo.myMain - meter_2587564736818847991:31685,91777
raspberrypi 20:20:33.092 [main] INFO  edu.bjut.homo.myMain - meter_5508861072193561201:reg,reg_response
raspberrypi 20:20:33.092 [main] INFO  edu.bjut.homo.myMain - meter_5508861072193561201:31667,347908
raspberrypi 20:20:33.092 [main] INFO  edu.bjut.homo.myMain - meter_3517453382337566097:reg,reg_response
raspberrypi 20:20:33.092 [main] INFO  edu.bjut.homo.myMain - meter_3517453382337566097:38222,219834
raspberrypi 20:20:33.092 [main] INFO  edu.bjut.homo.myMain - meter_1427876861619233943:reg,reg_response
raspberrypi 20:20:33.092 [main] INFO  edu.bjut.homo.myMain - meter_1427876861619233943:47277,228759
raspberrypi 20:20:33.093 [main] INFO  edu.bjut.homo.myMain - meter_3934957170689044517:reg,reg_response
raspberrypi 20:20:33.093 [main] INFO  edu.bjut.homo.myMain - meter_3934957170689044517:40352,95500
raspberrypi 20:20:33.093 [main] INFO  edu.bjut.homo.myMain - meter_6922491540603263723:reg,reg_response
raspberrypi 20:20:33.093 [main] INFO  edu.bjut.homo.myMain - meter_6922491540603263723:30741,161630
raspberrypi 20:20:33.093 [main] INFO  edu.bjut.homo.myMain - meter_6248370748294614643:reg,reg_response
raspberrypi 20:20:33.093 [main] INFO  edu.bjut.homo.myMain - meter_6248370748294614643:36259,149037
raspberrypi 20:20:33.093 [main] INFO  edu.bjut.homo.myMain - meter_1066469791958636345:reg,reg_response
raspberrypi 20:20:33.093 [main] INFO  edu.bjut.homo.myMain - meter_1066469791958636345:31444,111167
raspberrypi 20:20:33.093 [main] INFO  edu.bjut.homo.myMain - meter_5373373434914676915:reg,reg_response
raspberrypi 20:20:33.093 [main] INFO  edu.bjut.homo.myMain - meter_5373373434914676915:31945,86870
raspberrypi 20:20:33.093 [main] INFO  edu.bjut.homo.myMain - meter_1025630895961460045:reg,reg_response
raspberrypi 20:20:33.093 [main] INFO  edu.bjut.homo.myMain - meter_1025630895961460045:32463,90518
raspberrypi 20:20:33.093 [main] INFO  edu.bjut.homo.myMain - meter_1763956649149386665:reg,reg_response
raspberrypi 20:20:33.093 [main] INFO  edu.bjut.homo.myMain - meter_1763956649149386665:31778,86889
raspberrypi 20:20:33.093 [main] INFO  edu.bjut.homo.myMain - meter_5696896390512138655:reg,reg_response
raspberrypi 20:20:33.094 [main] INFO  edu.bjut.homo.myMain - meter_5696896390512138655:32778,86093
raspberrypi 20:20:33.094 [main] INFO  edu.bjut.homo.myMain - meter_3529111766000589521:reg,reg_response
raspberrypi 20:20:33.094 [main] INFO  edu.bjut.homo.myMain - meter_3529111766000589521:33704,89204
raspberrypi 20:20:33.094 [main] INFO  edu.bjut.homo.myMain - meter_7154893333242910381:reg,reg_response
raspberrypi 20:20:33.094 [main] INFO  edu.bjut.homo.myMain - meter_7154893333242910381:32241,86944
raspberrypi 20:20:33.095 [main] INFO  edu.bjut.homo.myMain - meter_6032052262138445931:reg,reg_response
raspberrypi 20:20:33.095 [main] INFO  edu.bjut.homo.myMain - meter_6032052262138445931:33759,89278
raspberrypi 20:20:33.096 [main] INFO  edu.bjut.homo.myMain - meter_7975827005870255669:reg,reg_response
raspberrypi 20:20:33.096 [main] INFO  edu.bjut.homo.myMain - meter_7975827005870255669:32388,85908
raspberrypi 20:20:33.096 [main] INFO  edu.bjut.homo.myMain - meter_6334500043106641795:reg,reg_response
raspberrypi 20:20:33.096 [main] INFO  edu.bjut.homo.myMain - meter_6334500043106641795:31370,85722
raspberrypi 20:20:33.096 [main] INFO  edu.bjut.homo.myMain - meter_8936413235866046385:reg,reg_response
raspberrypi 20:20:33.096 [main] INFO  edu.bjut.homo.myMain - meter_8936413235866046385:30685,100796
raspberrypi 20:20:33.096 [main] INFO  edu.bjut.homo.myMain - meter_4937495462694879843:reg,reg_response
raspberrypi 20:20:33.096 [main] INFO  edu.bjut.homo.myMain - meter_4937495462694879843:32074,103444
raspberrypi 20:20:33.096 [main] INFO  edu.bjut.homo.myMain - meter_252278499516897181:reg,reg_response
raspberrypi 20:20:33.096 [main] INFO  edu.bjut.homo.myMain - meter_252278499516897181:31148,181612
raspberrypi 20:20:33.097 [main] INFO  edu.bjut.homo.myMain - meter_1961076894962906011:reg,reg_response
raspberrypi 20:20:33.097 [main] INFO  edu.bjut.homo.myMain - meter_1961076894962906011:39333,142555
raspberrypi 20:20:33.097 [main] INFO  edu.bjut.homo.myMain - meter_7136236570608127795:reg,reg_response
raspberrypi 20:20:33.097 [main] INFO  edu.bjut.homo.myMain - meter_7136236570608127795:33556,94963
raspberrypi 20:20:33.097 [main] INFO  edu.bjut.homo.myMain - meter_6201713392293736429:reg,reg_response
raspberrypi 20:20:33.097 [main] INFO  edu.bjut.homo.myMain - meter_6201713392293736429:33907,106907
raspberrypi 20:20:33.097 [main] INFO  edu.bjut.homo.myMain - meter_4467775865365011691:reg,reg_response
raspberrypi 20:20:33.097 [main] INFO  edu.bjut.homo.myMain - meter_4467775865365011691:32574,90981
raspberrypi 20:20:33.097 [main] INFO  edu.bjut.homo.myMain - meter_8211444699849689875:reg,reg_response
raspberrypi 20:20:33.097 [main] INFO  edu.bjut.homo.myMain - meter_8211444699849689875:32352,90037
raspberrypi 20:20:33.097 [main] INFO  edu.bjut.homo.myMain - meter_6866134814869613111:reg,reg_response
raspberrypi 20:20:33.097 [main] INFO  edu.bjut.homo.myMain - meter_6866134814869613111:31740,211963
raspberrypi 20:20:33.098 [main] INFO  edu.bjut.homo.myMain - meter_4494332533086890607:reg,reg_response
raspberrypi 20:20:33.098 [main] INFO  edu.bjut.homo.myMain - meter_4494332533086890607:46166,83704
raspberrypi 20:20:33.098 [main] INFO  edu.bjut.homo.myMain - meter_3467840132006248215:reg,reg_response
raspberrypi 20:20:33.098 [main] INFO  edu.bjut.homo.myMain - meter_3467840132006248215:32185,90852
raspberrypi 20:20:33.099 [main] INFO  edu.bjut.homo.myMain - oneTimeMeterRepTime
raspberrypi 20:20:34.826 [main] INFO  edu.bjut.homo.myMain - agg:resp_agg
raspberrypi 20:20:34.827 [main] INFO  edu.bjut.homo.myMain - agg:616157851
raspberrypi 20:20:34.827 [main] INFO  edu.bjut.homo.myMain - server:report_res
raspberrypi 20:20:34.827 [main] INFO  edu.bjut.homo.myMain - server:38443055
raspberrypi 20:20:34.827 [main] INFO  edu.bjut.homo.myMain - meter_2240934805889430085:report
raspberrypi 20:20:34.827 [main] INFO  edu.bjut.homo.myMain - meter_2240934805889430085:26476315
raspberrypi 20:20:34.827 [main] INFO  edu.bjut.homo.myMain - meter_7262230457085937271:report
raspberrypi 20:20:34.827 [main] INFO  edu.bjut.homo.myMain - meter_7262230457085937271:26514815
raspberrypi 20:20:34.827 [main] INFO  edu.bjut.homo.myMain - meter_8765777801362652833:report
raspberrypi 20:20:34.827 [main] INFO  edu.bjut.homo.myMain - meter_8765777801362652833:26559686
raspberrypi 20:20:34.827 [main] INFO  edu.bjut.homo.myMain - meter_3090660159955848965:report
raspberrypi 20:20:34.827 [main] INFO  edu.bjut.homo.myMain - meter_3090660159955848965:26678982
raspberrypi 20:20:34.827 [main] INFO  edu.bjut.homo.myMain - meter_1726644041389157701:report
raspberrypi 20:20:34.827 [main] INFO  edu.bjut.homo.myMain - meter_1726644041389157701:26611500
raspberrypi 20:20:34.828 [main] INFO  edu.bjut.homo.myMain - meter_4489181812510396979:report
raspberrypi 20:20:34.828 [main] INFO  edu.bjut.homo.myMain - meter_4489181812510396979:26675815
raspberrypi 20:20:34.828 [main] INFO  edu.bjut.homo.myMain - meter_6745648810922763857:report
raspberrypi 20:20:34.828 [main] INFO  edu.bjut.homo.myMain - meter_6745648810922763857:28025148
raspberrypi 20:20:34.828 [main] INFO  edu.bjut.homo.myMain - meter_3242364857631571793:report
raspberrypi 20:20:34.828 [main] INFO  edu.bjut.homo.myMain - meter_3242364857631571793:26445907
raspberrypi 20:20:34.828 [main] INFO  edu.bjut.homo.myMain - meter_3621060620344590579:report
raspberrypi 20:20:34.828 [main] INFO  edu.bjut.homo.myMain - meter_3621060620344590579:26502741
raspberrypi 20:20:34.828 [main] INFO  edu.bjut.homo.myMain - meter_7664604874862886661:report
raspberrypi 20:20:34.828 [main] INFO  edu.bjut.homo.myMain - meter_7664604874862886661:26505370
raspberrypi 20:20:34.828 [main] INFO  edu.bjut.homo.myMain - meter_719655540947497771:report
raspberrypi 20:20:34.828 [main] INFO  edu.bjut.homo.myMain - meter_719655540947497771:26484055
raspberrypi 20:20:34.828 [main] INFO  edu.bjut.homo.myMain - meter_7864038574096618369:report
raspberrypi 20:20:34.828 [main] INFO  edu.bjut.homo.myMain - meter_7864038574096618369:26611852
raspberrypi 20:20:34.828 [main] INFO  edu.bjut.homo.myMain - meter_2587564736818847991:report
raspberrypi 20:20:34.828 [main] INFO  edu.bjut.homo.myMain - meter_2587564736818847991:26512093
raspberrypi 20:20:34.828 [main] INFO  edu.bjut.homo.myMain - meter_5508861072193561201:report
raspberrypi 20:20:34.829 [main] INFO  edu.bjut.homo.myMain - meter_5508861072193561201:26492241
raspberrypi 20:20:34.829 [main] INFO  edu.bjut.homo.myMain - meter_3517453382337566097:report
raspberrypi 20:20:34.829 [main] INFO  edu.bjut.homo.myMain - meter_3517453382337566097:28129185
raspberrypi 20:20:34.829 [main] INFO  edu.bjut.homo.myMain - meter_1427876861619233943:report
raspberrypi 20:20:34.829 [main] INFO  edu.bjut.homo.myMain - meter_1427876861619233943:26550351
raspberrypi 20:20:34.829 [main] INFO  edu.bjut.homo.myMain - meter_3934957170689044517:report
raspberrypi 20:20:34.829 [main] INFO  edu.bjut.homo.myMain - meter_3934957170689044517:26421223
raspberrypi 20:20:34.829 [main] INFO  edu.bjut.homo.myMain - meter_6922491540603263723:report
raspberrypi 20:20:34.829 [main] INFO  edu.bjut.homo.myMain - meter_6922491540603263723:26517889
raspberrypi 20:20:34.829 [main] INFO  edu.bjut.homo.myMain - meter_6248370748294614643:report
raspberrypi 20:20:34.829 [main] INFO  edu.bjut.homo.myMain - meter_6248370748294614643:26590556
raspberrypi 20:20:34.829 [main] INFO  edu.bjut.homo.myMain - meter_1066469791958636345:report
raspberrypi 20:20:34.829 [main] INFO  edu.bjut.homo.myMain - meter_1066469791958636345:26498500
raspberrypi 20:20:34.829 [main] INFO  edu.bjut.homo.myMain - meter_5373373434914676915:report
raspberrypi 20:20:34.829 [main] INFO  edu.bjut.homo.myMain - meter_5373373434914676915:26514129
raspberrypi 20:20:34.829 [main] INFO  edu.bjut.homo.myMain - meter_1025630895961460045:report
raspberrypi 20:20:34.829 [main] INFO  edu.bjut.homo.myMain - meter_1025630895961460045:26727351
raspberrypi 20:20:34.830 [main] INFO  edu.bjut.homo.myMain - meter_1763956649149386665:report
raspberrypi 20:20:34.830 [main] INFO  edu.bjut.homo.myMain - meter_1763956649149386665:28195760
raspberrypi 20:20:34.830 [main] INFO  edu.bjut.homo.myMain - meter_5696896390512138655:report
raspberrypi 20:20:34.830 [main] INFO  edu.bjut.homo.myMain - meter_5696896390512138655:26521796
raspberrypi 20:20:34.830 [main] INFO  edu.bjut.homo.myMain - meter_3529111766000589521:report
raspberrypi 20:20:34.830 [main] INFO  edu.bjut.homo.myMain - meter_3529111766000589521:26485019
raspberrypi 20:20:34.830 [main] INFO  edu.bjut.homo.myMain - meter_7154893333242910381:report
raspberrypi 20:20:34.830 [main] INFO  edu.bjut.homo.myMain - meter_7154893333242910381:26448260
raspberrypi 20:20:34.830 [main] INFO  edu.bjut.homo.myMain - meter_6032052262138445931:report
raspberrypi 20:20:34.830 [main] INFO  edu.bjut.homo.myMain - meter_6032052262138445931:26478296
raspberrypi 20:20:34.830 [main] INFO  edu.bjut.homo.myMain - meter_7975827005870255669:report
raspberrypi 20:20:34.830 [main] INFO  edu.bjut.homo.myMain - meter_7975827005870255669:26647352
raspberrypi 20:20:34.830 [main] INFO  edu.bjut.homo.myMain - meter_6334500043106641795:report
raspberrypi 20:20:34.830 [main] INFO  edu.bjut.homo.myMain - meter_6334500043106641795:26528982
raspberrypi 20:20:34.830 [main] INFO  edu.bjut.homo.myMain - meter_8936413235866046385:report
raspberrypi 20:20:34.830 [main] INFO  edu.bjut.homo.myMain - meter_8936413235866046385:26560889
raspberrypi 20:20:34.831 [main] INFO  edu.bjut.homo.myMain - meter_4937495462694879843:report
raspberrypi 20:20:34.831 [main] INFO  edu.bjut.homo.myMain - meter_4937495462694879843:28116759
raspberrypi 20:20:34.831 [main] INFO  edu.bjut.homo.myMain - meter_252278499516897181:report
raspberrypi 20:20:34.831 [main] INFO  edu.bjut.homo.myMain - meter_252278499516897181:26842796
raspberrypi 20:20:34.831 [main] INFO  edu.bjut.homo.myMain - meter_1961076894962906011:report
raspberrypi 20:20:34.831 [main] INFO  edu.bjut.homo.myMain - meter_1961076894962906011:26764889
raspberrypi 20:20:34.831 [main] INFO  edu.bjut.homo.myMain - meter_7136236570608127795:report
raspberrypi 20:20:34.831 [main] INFO  edu.bjut.homo.myMain - meter_7136236570608127795:26430203
raspberrypi 20:20:34.831 [main] INFO  edu.bjut.homo.myMain - meter_6201713392293736429:report
raspberrypi 20:20:34.831 [main] INFO  edu.bjut.homo.myMain - meter_6201713392293736429:26452037
raspberrypi 20:20:34.831 [main] INFO  edu.bjut.homo.myMain - meter_4467775865365011691:report
raspberrypi 20:20:34.831 [main] INFO  edu.bjut.homo.myMain - meter_4467775865365011691:26586945
raspberrypi 20:20:34.831 [main] INFO  edu.bjut.homo.myMain - meter_8211444699849689875:report
raspberrypi 20:20:34.831 [main] INFO  edu.bjut.homo.myMain - meter_8211444699849689875:26699889
raspberrypi 20:20:34.831 [main] INFO  edu.bjut.homo.myMain - meter_6866134814869613111:report
raspberrypi 20:20:34.831 [main] INFO  edu.bjut.homo.myMain - meter_6866134814869613111:26988908
raspberrypi 20:20:34.831 [main] INFO  edu.bjut.homo.myMain - meter_4494332533086890607:report
raspberrypi 20:20:34.832 [main] INFO  edu.bjut.homo.myMain - meter_4494332533086890607:28663259
raspberrypi 20:20:34.832 [main] INFO  edu.bjut.homo.myMain - meter_3467840132006248215:report
raspberrypi 20:20:34.832 [main] INFO  edu.bjut.homo.myMain - meter_3467840132006248215:26967500
raspberrypi 20:20:40.371 [main] INFO  edu.bjut.homo.myMain - meterRegTime
raspberrypi 20:20:40.976 [main] INFO  edu.bjut.homo.myMain - kgc:reg_response,reg_response,reg_response,reg_response,reg_response,reg_response,reg_response,reg_response,reg_response,reg_response,reg_response,reg_response,reg_response,reg_response,reg_response,reg_response,reg_response,reg_response,reg_response,reg_response,reg_response,reg_response,reg_response,reg_response,reg_response,reg_response,reg_response,reg_response,reg_response,reg_response
raspberrypi 20:20:40.976 [main] INFO  edu.bjut.homo.myMain - kgc:19679889,19454740,19857814,20129851,19850352,19675055,19711797,19760796,19683037,19445908,19427019,19644074,20363278,19757019,19639185,19622167,19502574,20132444,21440222,19580518,19797907,20083741,19918037,19634741,19402500,19602518,19515611,19833037,19586389,20008389
raspberrypi 20:20:40.976 [main] INFO  edu.bjut.homo.myMain - meter_6454470958767392573:reg,reg_response
raspberrypi 20:20:40.976 [main] INFO  edu.bjut.homo.myMain - meter_6454470958767392573:127314,90130
raspberrypi 20:20:40.976 [main] INFO  edu.bjut.homo.myMain - meter_5779809783967667491:reg,reg_response
raspberrypi 20:20:40.976 [main] INFO  edu.bjut.homo.myMain - meter_5779809783967667491:32315,112703
raspberrypi 20:20:40.976 [main] INFO  edu.bjut.homo.myMain - meter_2028501051405108921:reg,reg_response
raspberrypi 20:20:40.977 [main] INFO  edu.bjut.homo.myMain - meter_2028501051405108921:33278,89333
raspberrypi 20:20:40.977 [main] INFO  edu.bjut.homo.myMain - meter_9036161027782908745:reg,reg_response
raspberrypi 20:20:40.977 [main] INFO  edu.bjut.homo.myMain - meter_9036161027782908745:45518,109241
raspberrypi 20:20:40.977 [main] INFO  edu.bjut.homo.myMain - meter_7588244611450452745:reg,reg_response
raspberrypi 20:20:40.977 [main] INFO  edu.bjut.homo.myMain - meter_7588244611450452745:32093,84592
raspberrypi 20:20:40.977 [main] INFO  edu.bjut.homo.myMain - meter_8618657243726399661:reg,reg_response
raspberrypi 20:20:40.977 [main] INFO  edu.bjut.homo.myMain - meter_8618657243726399661:31926,88148
raspberrypi 20:20:40.977 [main] INFO  edu.bjut.homo.myMain - meter_3583028789513071967:reg,reg_response
raspberrypi 20:20:40.978 [main] INFO  edu.bjut.homo.myMain - meter_3583028789513071967:32537,101074
raspberrypi 20:20:40.978 [main] INFO  edu.bjut.homo.myMain - meter_5947178750946203111:reg,reg_response
raspberrypi 20:20:40.978 [main] INFO  edu.bjut.homo.myMain - meter_5947178750946203111:32278,86259
raspberrypi 20:20:40.978 [main] INFO  edu.bjut.homo.myMain - meter_1846798181914903777:reg,reg_response
raspberrypi 20:20:40.978 [main] INFO  edu.bjut.homo.myMain - meter_1846798181914903777:31815,83500
raspberrypi 20:20:40.978 [main] INFO  edu.bjut.homo.myMain - meter_7061046258680446789:reg,reg_response
raspberrypi 20:20:40.978 [main] INFO  edu.bjut.homo.myMain - meter_7061046258680446789:33259,82981
raspberrypi 20:20:40.978 [main] INFO  edu.bjut.homo.myMain - meter_6484321405223489971:reg,reg_response
raspberrypi 20:20:40.978 [main] INFO  edu.bjut.homo.myMain - meter_6484321405223489971:31833,89797
raspberrypi 20:20:40.979 [main] INFO  edu.bjut.homo.myMain - meter_1396327399652363009:reg,reg_response
raspberrypi 20:20:40.979 [main] INFO  edu.bjut.homo.myMain - meter_1396327399652363009:31260,84370
raspberrypi 20:20:40.979 [main] INFO  edu.bjut.homo.myMain - meter_634302440959122817:reg,reg_response
raspberrypi 20:20:40.979 [main] INFO  edu.bjut.homo.myMain - meter_634302440959122817:32556,85111
raspberrypi 20:20:40.979 [main] INFO  edu.bjut.homo.myMain - meter_8744779582323383363:reg,reg_response
raspberrypi 20:20:40.979 [main] INFO  edu.bjut.homo.myMain - meter_8744779582323383363:32241,121334
raspberrypi 20:20:40.979 [main] INFO  edu.bjut.homo.myMain - meter_1648569877823142197:reg,reg_response
raspberrypi 20:20:40.979 [main] INFO  edu.bjut.homo.myMain - meter_1648569877823142197:34908,108592
raspberrypi 20:20:40.979 [main] INFO  edu.bjut.homo.myMain - meter_250578388806176867:reg,reg_response
raspberrypi 20:20:40.979 [main] INFO  edu.bjut.homo.myMain - meter_250578388806176867:32759,85889
raspberrypi 20:20:40.979 [main] INFO  edu.bjut.homo.myMain - meter_3871786212669710803:reg,reg_response
raspberrypi 20:20:40.979 [main] INFO  edu.bjut.homo.myMain - meter_3871786212669710803:44797,88481
raspberrypi 20:20:40.979 [main] INFO  edu.bjut.homo.myMain - meter_3521311724604487657:reg,reg_response
raspberrypi 20:20:40.979 [main] INFO  edu.bjut.homo.myMain - meter_3521311724604487657:31815,87315
raspberrypi 20:20:40.980 [main] INFO  edu.bjut.homo.myMain - meter_1900862926457250337:reg,reg_response
raspberrypi 20:20:40.980 [main] INFO  edu.bjut.homo.myMain - meter_1900862926457250337:32129,89333
raspberrypi 20:20:40.980 [main] INFO  edu.bjut.homo.myMain - meter_7380762368556809687:reg,reg_response
raspberrypi 20:20:40.980 [main] INFO  edu.bjut.homo.myMain - meter_7380762368556809687:31944,84149
raspberrypi 20:20:40.980 [main] INFO  edu.bjut.homo.myMain - meter_5111974168525391603:reg,reg_response
raspberrypi 20:20:40.980 [main] INFO  edu.bjut.homo.myMain - meter_5111974168525391603:31167,163704
raspberrypi 20:20:40.980 [main] INFO  edu.bjut.homo.myMain - meter_514663570738412795:reg,reg_response
raspberrypi 20:20:40.980 [main] INFO  edu.bjut.homo.myMain - meter_514663570738412795:40425,102611
raspberrypi 20:20:40.980 [main] INFO  edu.bjut.homo.myMain - meter_8316209467053171561:reg,reg_response
raspberrypi 20:20:40.980 [main] INFO  edu.bjut.homo.myMain - meter_8316209467053171561:30889,83963
raspberrypi 20:20:40.981 [main] INFO  edu.bjut.homo.myMain - meter_6899052524109393023:reg,reg_response
raspberrypi 20:20:40.981 [main] INFO  edu.bjut.homo.myMain - meter_6899052524109393023:30648,86556
raspberrypi 20:20:40.981 [main] INFO  edu.bjut.homo.myMain - meter_3359401351207503313:reg,reg_response
raspberrypi 20:20:40.981 [main] INFO  edu.bjut.homo.myMain - meter_3359401351207503313:32648,85297
raspberrypi 20:20:40.981 [main] INFO  edu.bjut.homo.myMain - meter_4722691663394800109:reg,reg_response
raspberrypi 20:20:40.981 [main] INFO  edu.bjut.homo.myMain - meter_4722691663394800109:31222,84240
raspberrypi 20:20:40.981 [main] INFO  edu.bjut.homo.myMain - meter_5311407863464155791:reg,reg_response
raspberrypi 20:20:40.981 [main] INFO  edu.bjut.homo.myMain - meter_5311407863464155791:32926,81370
raspberrypi 20:20:40.981 [main] INFO  edu.bjut.homo.myMain - meter_7724558840620739551:reg,reg_response
raspberrypi 20:20:40.981 [main] INFO  edu.bjut.homo.myMain - meter_7724558840620739551:32611,81500
raspberrypi 20:20:40.981 [main] INFO  edu.bjut.homo.myMain - meter_3806211905005832199:reg,reg_response
raspberrypi 20:20:40.981 [main] INFO  edu.bjut.homo.myMain - meter_3806211905005832199:32000,122741
raspberrypi 20:20:40.981 [main] INFO  edu.bjut.homo.myMain - meter_8088921796005261663:reg,reg_response
raspberrypi 20:20:40.982 [main] INFO  edu.bjut.homo.myMain - meter_8088921796005261663:32167,83222
raspberrypi 20:20:40.982 [main] INFO  edu.bjut.homo.myMain - oneTimeMeterRepTime
raspberrypi 20:20:42.314 [main] INFO  edu.bjut.homo.myMain - agg:resp_agg
raspberrypi 20:20:42.315 [main] INFO  edu.bjut.homo.myMain - agg:482031482
raspberrypi 20:20:42.315 [main] INFO  edu.bjut.homo.myMain - server:report_res
raspberrypi 20:20:42.315 [main] INFO  edu.bjut.homo.myMain - server:38413185
raspberrypi 20:20:42.315 [main] INFO  edu.bjut.homo.myMain - meter_6454470958767392573:report
raspberrypi 20:20:42.315 [main] INFO  edu.bjut.homo.myMain - meter_6454470958767392573:27073315
raspberrypi 20:20:42.315 [main] INFO  edu.bjut.homo.myMain - meter_5779809783967667491:report
raspberrypi 20:20:42.315 [main] INFO  edu.bjut.homo.myMain - meter_5779809783967667491:26632186
raspberrypi 20:20:42.315 [main] INFO  edu.bjut.homo.myMain - meter_2028501051405108921:report
raspberrypi 20:20:42.316 [main] INFO  edu.bjut.homo.myMain - meter_2028501051405108921:26534852
raspberrypi 20:20:42.316 [main] INFO  edu.bjut.homo.myMain - meter_9036161027782908745:report
raspberrypi 20:20:42.316 [main] INFO  edu.bjut.homo.myMain - meter_9036161027782908745:28233167
raspberrypi 20:20:42.316 [main] INFO  edu.bjut.homo.myMain - meter_7588244611450452745:report
raspberrypi 20:20:42.316 [main] INFO  edu.bjut.homo.myMain - meter_7588244611450452745:26438352
raspberrypi 20:20:42.316 [main] INFO  edu.bjut.homo.myMain - meter_8618657243726399661:report
raspberrypi 20:20:42.316 [main] INFO  edu.bjut.homo.myMain - meter_8618657243726399661:26581333
raspberrypi 20:20:42.316 [main] INFO  edu.bjut.homo.myMain - meter_3583028789513071967:report
raspberrypi 20:20:42.316 [main] INFO  edu.bjut.homo.myMain - meter_3583028789513071967:27389092
raspberrypi 20:20:42.316 [main] INFO  edu.bjut.homo.myMain - meter_5947178750946203111:report
raspberrypi 20:20:42.316 [main] INFO  edu.bjut.homo.myMain - meter_5947178750946203111:26654574
raspberrypi 20:20:42.316 [main] INFO  edu.bjut.homo.myMain - meter_1846798181914903777:report
raspberrypi 20:20:42.316 [main] INFO  edu.bjut.homo.myMain - meter_1846798181914903777:26487370
raspberrypi 20:20:42.316 [main] INFO  edu.bjut.homo.myMain - meter_7061046258680446789:report
raspberrypi 20:20:42.316 [main] INFO  edu.bjut.homo.myMain - meter_7061046258680446789:26548963
raspberrypi 20:20:42.316 [main] INFO  edu.bjut.homo.myMain - meter_6484321405223489971:report
raspberrypi 20:20:42.316 [main] INFO  edu.bjut.homo.myMain - meter_6484321405223489971:26641907
raspberrypi 20:20:42.317 [main] INFO  edu.bjut.homo.myMain - meter_1396327399652363009:report
raspberrypi 20:20:42.317 [main] INFO  edu.bjut.homo.myMain - meter_1396327399652363009:28378185
raspberrypi 20:20:42.317 [main] INFO  edu.bjut.homo.myMain - meter_634302440959122817:report
raspberrypi 20:20:42.317 [main] INFO  edu.bjut.homo.myMain - meter_634302440959122817:26384519
raspberrypi 20:20:42.317 [main] INFO  edu.bjut.homo.myMain - meter_8744779582323383363:report
raspberrypi 20:20:42.317 [main] INFO  edu.bjut.homo.myMain - meter_8744779582323383363:26427556
raspberrypi 20:20:42.317 [main] INFO  edu.bjut.homo.myMain - meter_1648569877823142197:report
raspberrypi 20:20:42.317 [main] INFO  edu.bjut.homo.myMain - meter_1648569877823142197:26468056
raspberrypi 20:20:42.317 [main] INFO  edu.bjut.homo.myMain - meter_250578388806176867:report
raspberrypi 20:20:42.317 [main] INFO  edu.bjut.homo.myMain - meter_250578388806176867:26467963
raspberrypi 20:20:42.317 [main] INFO  edu.bjut.homo.myMain - meter_3871786212669710803:report
raspberrypi 20:20:42.317 [main] INFO  edu.bjut.homo.myMain - meter_3871786212669710803:26643093
raspberrypi 20:20:42.317 [main] INFO  edu.bjut.homo.myMain - meter_3521311724604487657:report
raspberrypi 20:20:42.317 [main] INFO  edu.bjut.homo.myMain - meter_3521311724604487657:26708259
raspberrypi 20:20:42.317 [main] INFO  edu.bjut.homo.myMain - meter_1900862926457250337:report
raspberrypi 20:20:42.317 [main] INFO  edu.bjut.homo.myMain - meter_1900862926457250337:26527463
raspberrypi 20:20:42.318 [main] INFO  edu.bjut.homo.myMain - meter_7380762368556809687:report
raspberrypi 20:20:42.318 [main] INFO  edu.bjut.homo.myMain - meter_7380762368556809687:28863556
raspberrypi 20:20:42.318 [main] INFO  edu.bjut.homo.myMain - meter_5111974168525391603:report
raspberrypi 20:20:42.318 [main] INFO  edu.bjut.homo.myMain - meter_5111974168525391603:26871926
raspberrypi 20:20:42.318 [main] INFO  edu.bjut.homo.myMain - meter_514663570738412795:report
raspberrypi 20:20:42.318 [main] INFO  edu.bjut.homo.myMain - meter_514663570738412795:26965352
raspberrypi 20:20:42.318 [main] INFO  edu.bjut.homo.myMain - meter_8316209467053171561:report
raspberrypi 20:20:42.318 [main] INFO  edu.bjut.homo.myMain - meter_8316209467053171561:26538111
raspberrypi 20:20:42.318 [main] INFO  edu.bjut.homo.myMain - meter_6899052524109393023:report
raspberrypi 20:20:42.318 [main] INFO  edu.bjut.homo.myMain - meter_6899052524109393023:28222926
raspberrypi 20:20:42.318 [main] INFO  edu.bjut.homo.myMain - meter_3359401351207503313:report
raspberrypi 20:20:42.318 [main] INFO  edu.bjut.homo.myMain - meter_3359401351207503313:27186463
raspberrypi 20:20:42.318 [main] INFO  edu.bjut.homo.myMain - meter_4722691663394800109:report
raspberrypi 20:20:42.318 [main] INFO  edu.bjut.homo.myMain - meter_4722691663394800109:26917000
raspberrypi 20:20:42.318 [main] INFO  edu.bjut.homo.myMain - meter_5311407863464155791:report
raspberrypi 20:20:42.318 [main] INFO  edu.bjut.homo.myMain - meter_5311407863464155791:26861333
raspberrypi 20:20:42.319 [main] INFO  edu.bjut.homo.myMain - meter_7724558840620739551:report
raspberrypi 20:20:42.319 [main] INFO  edu.bjut.homo.myMain - meter_7724558840620739551:28354389
raspberrypi 20:20:42.319 [main] INFO  edu.bjut.homo.myMain - meter_3806211905005832199:report
raspberrypi 20:20:42.319 [main] INFO  edu.bjut.homo.myMain - meter_3806211905005832199:26863278
raspberrypi 20:20:42.319 [main] INFO  edu.bjut.homo.myMain - meter_8088921796005261663:report
raspberrypi 20:20:42.319 [main] INFO  edu.bjut.homo.myMain - meter_8088921796005261663:27704648
raspberrypi 20:20:46.596 [main] INFO  edu.bjut.homo.myMain - meterRegTime
raspberrypi 20:20:46.999 [main] INFO  edu.bjut.homo.myMain - kgc:reg_response,reg_response,reg_response,reg_response,reg_response,reg_response,reg_response,reg_response,reg_response,reg_response,reg_response,reg_response,reg_response,reg_response,reg_response,reg_response,reg_response,reg_response,reg_response,reg_response
raspberrypi 20:20:46.999 [main] INFO  edu.bjut.homo.myMain - kgc:19903167,19517278,20071426,19450000,21209611,19585592,19370908,19673297,20013445,20267500,20156648,19602130,19394334,20128611,19915333,19845500,20249481,20394481,19921167,19867556
raspberrypi 20:20:46.999 [main] INFO  edu.bjut.homo.myMain - meter_7382660593070239361:reg,reg_response
raspberrypi 20:20:46.999 [main] INFO  edu.bjut.homo.myMain - meter_7382660593070239361:128278,86222
raspberrypi 20:20:46.999 [main] INFO  edu.bjut.homo.myMain - meter_2030200062621046245:reg,reg_response
raspberrypi 20:20:46.999 [main] INFO  edu.bjut.homo.myMain - meter_2030200062621046245:33055,88037
raspberrypi 20:20:46.999 [main] INFO  edu.bjut.homo.myMain - meter_8241810416594112061:reg,reg_response
raspberrypi 20:20:46.999 [main] INFO  edu.bjut.homo.myMain - meter_8241810416594112061:31518,85111
raspberrypi 20:20:47.000 [main] INFO  edu.bjut.homo.myMain - meter_518853780721273787:reg,reg_response
raspberrypi 20:20:47.000 [main] INFO  edu.bjut.homo.myMain - meter_518853780721273787:31407,81963
raspberrypi 20:20:47.000 [main] INFO  edu.bjut.homo.myMain - meter_7313932281568112899:reg,reg_response
raspberrypi 20:20:47.000 [main] INFO  edu.bjut.homo.myMain - meter_7313932281568112899:31315,87370
raspberrypi 20:20:47.000 [main] INFO  edu.bjut.homo.myMain - meter_8051481835637484141:reg,reg_response
raspberrypi 20:20:47.000 [main] INFO  edu.bjut.homo.myMain - meter_8051481835637484141:31130,88185
raspberrypi 20:20:47.000 [main] INFO  edu.bjut.homo.myMain - meter_4756273281495720697:reg,reg_response
raspberrypi 20:20:47.000 [main] INFO  edu.bjut.homo.myMain - meter_4756273281495720697:31592,82612
raspberrypi 20:20:47.000 [main] INFO  edu.bjut.homo.myMain - meter_1492282131012730703:reg,reg_response
raspberrypi 20:20:47.001 [main] INFO  edu.bjut.homo.myMain - meter_1492282131012730703:31963,176111
raspberrypi 20:20:47.001 [main] INFO  edu.bjut.homo.myMain - meter_3886895206215215801:reg,reg_response
raspberrypi 20:20:47.001 [main] INFO  edu.bjut.homo.myMain - meter_3886895206215215801:37481,91630
raspberrypi 20:20:47.001 [main] INFO  edu.bjut.homo.myMain - meter_1934887590168809009:reg,reg_response
raspberrypi 20:20:47.001 [main] INFO  edu.bjut.homo.myMain - meter_1934887590168809009:32352,173574
raspberrypi 20:20:47.001 [main] INFO  edu.bjut.homo.myMain - meter_8115555245888070431:reg,reg_response
raspberrypi 20:20:47.001 [main] INFO  edu.bjut.homo.myMain - meter_8115555245888070431:34000,178945
raspberrypi 20:20:47.001 [main] INFO  edu.bjut.homo.myMain - meter_8959321175607834415:reg,reg_response
raspberrypi 20:20:47.001 [main] INFO  edu.bjut.homo.myMain - meter_8959321175607834415:32352,71834
raspberrypi 20:20:47.001 [main] INFO  edu.bjut.homo.myMain - meter_1002706963475493711:reg,reg_response
raspberrypi 20:20:47.001 [main] INFO  edu.bjut.homo.myMain - meter_1002706963475493711:32685,77019
raspberrypi 20:20:47.001 [main] INFO  edu.bjut.homo.myMain - meter_1398041304100781273:reg,reg_response
raspberrypi 20:20:47.002 [main] INFO  edu.bjut.homo.myMain - meter_1398041304100781273:32945,115259
raspberrypi 20:20:47.002 [main] INFO  edu.bjut.homo.myMain - meter_4360754616510525711:reg,reg_response
raspberrypi 20:20:47.002 [main] INFO  edu.bjut.homo.myMain - meter_4360754616510525711:34741,118870
raspberrypi 20:20:47.002 [main] INFO  edu.bjut.homo.myMain - meter_2519958455006498129:reg,reg_response
raspberrypi 20:20:47.003 [main] INFO  edu.bjut.homo.myMain - meter_2519958455006498129:40185,167759
raspberrypi 20:20:47.003 [main] INFO  edu.bjut.homo.myMain - meter_2085829886758641885:reg,reg_response
raspberrypi 20:20:47.003 [main] INFO  edu.bjut.homo.myMain - meter_2085829886758641885:35425,126704
raspberrypi 20:20:47.003 [main] INFO  edu.bjut.homo.myMain - meter_7107126637483554061:reg,reg_response
raspberrypi 20:20:47.004 [main] INFO  edu.bjut.homo.myMain - meter_7107126637483554061:34148,127259
raspberrypi 20:20:47.004 [main] INFO  edu.bjut.homo.myMain - meter_3651572780933410857:reg,reg_response
raspberrypi 20:20:47.004 [main] INFO  edu.bjut.homo.myMain - meter_3651572780933410857:37222,94556
raspberrypi 20:20:47.004 [main] INFO  edu.bjut.homo.myMain - meter_8941787364467064753:reg,reg_response
raspberrypi 20:20:47.004 [main] INFO  edu.bjut.homo.myMain - meter_8941787364467064753:31538,104833
raspberrypi 20:20:47.005 [main] INFO  edu.bjut.homo.myMain - oneTimeMeterRepTime
raspberrypi 20:20:47.886 [main] INFO  edu.bjut.homo.myMain - agg:resp_agg
raspberrypi 20:20:47.886 [main] INFO  edu.bjut.homo.myMain - agg:305660759
raspberrypi 20:20:47.886 [main] INFO  edu.bjut.homo.myMain - server:report_res
raspberrypi 20:20:47.886 [main] INFO  edu.bjut.homo.myMain - server:38462315
raspberrypi 20:20:47.886 [main] INFO  edu.bjut.homo.myMain - meter_7382660593070239361:report
raspberrypi 20:20:47.886 [main] INFO  edu.bjut.homo.myMain - meter_7382660593070239361:27312500
raspberrypi 20:20:47.887 [main] INFO  edu.bjut.homo.myMain - meter_2030200062621046245:report
raspberrypi 20:20:47.887 [main] INFO  edu.bjut.homo.myMain - meter_2030200062621046245:26609037
raspberrypi 20:20:47.887 [main] INFO  edu.bjut.homo.myMain - meter_8241810416594112061:report
raspberrypi 20:20:47.887 [main] INFO  edu.bjut.homo.myMain - meter_8241810416594112061:28010815
raspberrypi 20:20:47.887 [main] INFO  edu.bjut.homo.myMain - meter_518853780721273787:report
raspberrypi 20:20:47.887 [main] INFO  edu.bjut.homo.myMain - meter_518853780721273787:26411759
raspberrypi 20:20:47.887 [main] INFO  edu.bjut.homo.myMain - meter_7313932281568112899:report
raspberrypi 20:20:47.887 [main] INFO  edu.bjut.homo.myMain - meter_7313932281568112899:26328222
raspberrypi 20:20:47.887 [main] INFO  edu.bjut.homo.myMain - meter_8051481835637484141:report
raspberrypi 20:20:47.887 [main] INFO  edu.bjut.homo.myMain - meter_8051481835637484141:26399833
raspberrypi 20:20:47.887 [main] INFO  edu.bjut.homo.myMain - meter_4756273281495720697:report
raspberrypi 20:20:47.887 [main] INFO  edu.bjut.homo.myMain - meter_4756273281495720697:26407796
raspberrypi 20:20:47.887 [main] INFO  edu.bjut.homo.myMain - meter_1492282131012730703:report
raspberrypi 20:20:47.887 [main] INFO  edu.bjut.homo.myMain - meter_1492282131012730703:26501778
raspberrypi 20:20:47.887 [main] INFO  edu.bjut.homo.myMain - meter_3886895206215215801:report
raspberrypi 20:20:47.887 [main] INFO  edu.bjut.homo.myMain - meter_3886895206215215801:26466815
raspberrypi 20:20:47.887 [main] INFO  edu.bjut.homo.myMain - meter_1934887590168809009:report
raspberrypi 20:20:47.887 [main] INFO  edu.bjut.homo.myMain - meter_1934887590168809009:26446166
raspberrypi 20:20:47.887 [main] INFO  edu.bjut.homo.myMain - meter_8115555245888070431:report
raspberrypi 20:20:47.887 [main] INFO  edu.bjut.homo.myMain - meter_8115555245888070431:27977315
raspberrypi 20:20:47.887 [main] INFO  edu.bjut.homo.myMain - meter_8959321175607834415:report
raspberrypi 20:20:47.887 [main] INFO  edu.bjut.homo.myMain - meter_8959321175607834415:26396592
raspberrypi 20:20:47.887 [main] INFO  edu.bjut.homo.myMain - meter_1002706963475493711:report
raspberrypi 20:20:47.887 [main] INFO  edu.bjut.homo.myMain - meter_1002706963475493711:26432704
raspberrypi 20:20:47.888 [main] INFO  edu.bjut.homo.myMain - meter_1398041304100781273:report
raspberrypi 20:20:47.888 [main] INFO  edu.bjut.homo.myMain - meter_1398041304100781273:26452537
raspberrypi 20:20:47.888 [main] INFO  edu.bjut.homo.myMain - meter_4360754616510525711:report
raspberrypi 20:20:47.888 [main] INFO  edu.bjut.homo.myMain - meter_4360754616510525711:26461778
raspberrypi 20:20:47.888 [main] INFO  edu.bjut.homo.myMain - meter_2519958455006498129:report
raspberrypi 20:20:47.888 [main] INFO  edu.bjut.homo.myMain - meter_2519958455006498129:26735074
raspberrypi 20:20:47.888 [main] INFO  edu.bjut.homo.myMain - meter_2085829886758641885:report
raspberrypi 20:20:47.888 [main] INFO  edu.bjut.homo.myMain - meter_2085829886758641885:26792222
raspberrypi 20:20:47.888 [main] INFO  edu.bjut.homo.myMain - meter_7107126637483554061:report
raspberrypi 20:20:47.888 [main] INFO  edu.bjut.homo.myMain - meter_7107126637483554061:26399667
raspberrypi 20:20:47.888 [main] INFO  edu.bjut.homo.myMain - meter_3651572780933410857:report
raspberrypi 20:20:47.888 [main] INFO  edu.bjut.homo.myMain - meter_3651572780933410857:28040593
raspberrypi 20:20:47.888 [main] INFO  edu.bjut.homo.myMain - meter_8941787364467064753:report
raspberrypi 20:20:47.888 [main] INFO  edu.bjut.homo.myMain - meter_8941787364467064753:26379777
