raspberrypi 23:02:41.413 [main] INFO  edu.bjut.homo.myMain - meterRegTime
raspberrypi 23:02:42.821 [main] INFO  edu.bjut.homo.myMain - kgc:reg_response,reg_response,reg_response,reg_response,reg_response,reg_response,reg_response,reg_response,reg_response,reg_response,reg_response,reg_response,reg_response,reg_response,reg_response,reg_response,reg_response,reg_response,reg_response,reg_response,reg_response,reg_response,reg_response,reg_response,reg_response,reg_response,reg_response,reg_response,reg_response,reg_response,reg_response,reg_response,reg_response,reg_response,reg_response,reg_response,reg_response,reg_response,reg_response,reg_response,reg_response,reg_response,reg_response,reg_response,reg_response,reg_response,reg_response,reg_response,reg_response,reg_response,reg_response,reg_response,reg_response,reg_response,reg_response,reg_response,reg_response,reg_response,reg_response,reg_response
raspberrypi 23:02:42.821 [main] INFO  edu.bjut.homo.myMain - kgc:30021889,22708148,23929981,22174982,21919907,32961889,21715149,21363056,21777500,22122685,21481019,21919889,21049203,21312537,20992575,21185648,21761018,21584185,21792314,21132444,20563296,20605334,32300389,21658925,21687204,21274074,20973000,21539574,21251389,21926092,21389092,22201630,21081908,21585482,20605277,20675796,21615556,20632000,34157222,20042500,20172111,20459445,20359759,20836740,20872037,21182870,20925445,20636389,20932370,20360111,20699296,20672796,21099797,21207019,20734019,21297204,24035463,20212259,20335482,20672500
raspberrypi 23:02:42.822 [main] INFO  edu.bjut.homo.myMain - meter_6173449112381364801:reg,reg_response
raspberrypi 23:02:42.822 [main] INFO  edu.bjut.homo.myMain - meter_6173449112381364801:1507574,2076926
raspberrypi 23:02:42.823 [main] INFO  edu.bjut.homo.myMain - meter_6618717418115110525:reg,reg_response
raspberrypi 23:02:42.823 [main] INFO  edu.bjut.homo.myMain - meter_6618717418115110525:295277,7732611
raspberrypi 23:02:42.824 [main] INFO  edu.bjut.homo.myMain - meter_4930070281411300229:reg,reg_response
raspberrypi 23:02:42.824 [main] INFO  edu.bjut.homo.myMain - meter_4930070281411300229:319500,876944
raspberrypi 23:02:42.824 [main] INFO  edu.bjut.homo.myMain - meter_7291730147867323569:reg,reg_response
raspberrypi 23:02:42.825 [main] INFO  edu.bjut.homo.myMain - meter_7291730147867323569:210129,775834
raspberrypi 23:02:42.825 [main] INFO  edu.bjut.homo.myMain - meter_5504627865535992851:reg,reg_response
raspberrypi 23:02:42.825 [main] INFO  edu.bjut.homo.myMain - meter_5504627865535992851:210166,739667
raspberrypi 23:02:42.826 [main] INFO  edu.bjut.homo.myMain - meter_8176328403161060851:reg,reg_response
raspberrypi 23:02:42.826 [main] INFO  edu.bjut.homo.myMain - meter_8176328403161060851:196944,860945
raspberrypi 23:02:42.826 [main] INFO  edu.bjut.homo.myMain - meter_2855133400888641783:reg,reg_response
raspberrypi 23:02:42.827 [main] INFO  edu.bjut.homo.myMain - meter_2855133400888641783:202574,753592
raspberrypi 23:02:42.827 [main] INFO  edu.bjut.homo.myMain - meter_6212428790142310881:reg,reg_response
raspberrypi 23:02:42.827 [main] INFO  edu.bjut.homo.myMain - meter_6212428790142310881:185407,924297
raspberrypi 23:02:42.828 [main] INFO  edu.bjut.homo.myMain - meter_9112166795227010261:reg,reg_response
raspberrypi 23:02:42.828 [main] INFO  edu.bjut.homo.myMain - meter_9112166795227010261:214388,728629
raspberrypi 23:02:42.828 [main] INFO  edu.bjut.homo.myMain - meter_7250889970373069945:reg,reg_response
raspberrypi 23:02:42.828 [main] INFO  edu.bjut.homo.myMain - meter_7250889970373069945:199092,757666
raspberrypi 23:02:42.829 [main] INFO  edu.bjut.homo.myMain - meter_5097439248389900075:reg,reg_response
raspberrypi 23:02:42.829 [main] INFO  edu.bjut.homo.myMain - meter_5097439248389900075:200037,735463
raspberrypi 23:02:42.829 [main] INFO  edu.bjut.homo.myMain - meter_1835479163135979841:reg,reg_response
raspberrypi 23:02:42.830 [main] INFO  edu.bjut.homo.myMain - meter_1835479163135979841:195092,403185
raspberrypi 23:02:42.830 [main] INFO  edu.bjut.homo.myMain - meter_681681600040010041:reg,reg_response
raspberrypi 23:02:42.831 [main] INFO  edu.bjut.homo.myMain - meter_681681600040010041:175778,541815
raspberrypi 23:02:42.831 [main] INFO  edu.bjut.homo.myMain - meter_937483597783522461:reg,reg_response
raspberrypi 23:02:42.831 [main] INFO  edu.bjut.homo.myMain - meter_937483597783522461:132518,575797
raspberrypi 23:02:42.832 [main] INFO  edu.bjut.homo.myMain - meter_8876256057789703125:reg,reg_response
raspberrypi 23:02:42.832 [main] INFO  edu.bjut.homo.myMain - meter_8876256057789703125:133556,390407
raspberrypi 23:02:42.832 [main] INFO  edu.bjut.homo.myMain - meter_2462920027686566949:reg,reg_response
raspberrypi 23:02:42.832 [main] INFO  edu.bjut.homo.myMain - meter_2462920027686566949:157370,493963
raspberrypi 23:02:42.832 [main] INFO  edu.bjut.homo.myMain - meter_2757811521750216001:reg,reg_response
raspberrypi 23:02:42.833 [main] INFO  edu.bjut.homo.myMain - meter_2757811521750216001:121370,568037
raspberrypi 23:02:42.833 [main] INFO  edu.bjut.homo.myMain - meter_7371784801904111025:reg,reg_response
raspberrypi 23:02:42.833 [main] INFO  edu.bjut.homo.myMain - meter_7371784801904111025:131352,680741
raspberrypi 23:02:42.833 [main] INFO  edu.bjut.homo.myMain - meter_894523082613740921:reg,reg_response
raspberrypi 23:02:42.834 [main] INFO  edu.bjut.homo.myMain - meter_894523082613740921:155315,503685
raspberrypi 23:02:42.834 [main] INFO  edu.bjut.homo.myMain - meter_4584771812456198703:reg,reg_response
raspberrypi 23:02:42.835 [main] INFO  edu.bjut.homo.myMain - meter_4584771812456198703:181093,536407
raspberrypi 23:02:42.835 [main] INFO  edu.bjut.homo.myMain - meter_2824065986514576633:reg,reg_response
raspberrypi 23:02:42.835 [main] INFO  edu.bjut.homo.myMain - meter_2824065986514576633:173574,358056
raspberrypi 23:02:42.836 [main] INFO  edu.bjut.homo.myMain - meter_893117123445611061:reg,reg_response
raspberrypi 23:02:42.836 [main] INFO  edu.bjut.homo.myMain - meter_893117123445611061:104741,380148
raspberrypi 23:02:42.836 [main] INFO  edu.bjut.homo.myMain - meter_392923081683555719:reg,reg_response
raspberrypi 23:02:42.836 [main] INFO  edu.bjut.homo.myMain - meter_392923081683555719:109130,360352
raspberrypi 23:02:42.837 [main] INFO  edu.bjut.homo.myMain - meter_3202723851035181071:reg,reg_response
raspberrypi 23:02:42.837 [main] INFO  edu.bjut.homo.myMain - meter_3202723851035181071:234963,604667
raspberrypi 23:02:42.838 [main] INFO  edu.bjut.homo.myMain - meter_4085311595836196865:reg,reg_response
raspberrypi 23:02:42.838 [main] INFO  edu.bjut.homo.myMain - meter_4085311595836196865:150537,599870
raspberrypi 23:02:42.839 [main] INFO  edu.bjut.homo.myMain - meter_5435638451791215141:reg,reg_response
raspberrypi 23:02:42.839 [main] INFO  edu.bjut.homo.myMain - meter_5435638451791215141:243889,505851
raspberrypi 23:02:42.840 [main] INFO  edu.bjut.homo.myMain - meter_3870177032593092121:reg,reg_response
raspberrypi 23:02:42.840 [main] INFO  edu.bjut.homo.myMain - meter_3870177032593092121:128611,509796
raspberrypi 23:02:42.841 [main] INFO  edu.bjut.homo.myMain - meter_632692161387719295:reg,reg_response
raspberrypi 23:02:42.841 [main] INFO  edu.bjut.homo.myMain - meter_632692161387719295:174296,422444
raspberrypi 23:02:42.841 [main] INFO  edu.bjut.homo.myMain - meter_2251294409257896437:reg,reg_response
raspberrypi 23:02:42.842 [main] INFO  edu.bjut.homo.myMain - meter_2251294409257896437:109333,586445
raspberrypi 23:02:42.842 [main] INFO  edu.bjut.homo.myMain - meter_6984314689168696317:reg,reg_response
raspberrypi 23:02:42.843 [main] INFO  edu.bjut.homo.myMain - meter_6984314689168696317:154981,856722
raspberrypi 23:02:42.843 [main] INFO  edu.bjut.homo.myMain - meter_570778082171341445:reg,reg_response
raspberrypi 23:02:42.843 [main] INFO  edu.bjut.homo.myMain - meter_570778082171341445:166463,401463
raspberrypi 23:02:42.844 [main] INFO  edu.bjut.homo.myMain - meter_5875807516297775571:reg,reg_response
raspberrypi 23:02:42.844 [main] INFO  edu.bjut.homo.myMain - meter_5875807516297775571:102315,365056
raspberrypi 23:02:42.844 [main] INFO  edu.bjut.homo.myMain - meter_2101461474381695379:reg,reg_response
raspberrypi 23:02:42.845 [main] INFO  edu.bjut.homo.myMain - meter_2101461474381695379:110722,388093
raspberrypi 23:02:42.845 [main] INFO  edu.bjut.homo.myMain - meter_8866075744287432873:reg,reg_response
raspberrypi 23:02:42.846 [main] INFO  edu.bjut.homo.myMain - meter_8866075744287432873:110666,445685
raspberrypi 23:02:42.846 [main] INFO  edu.bjut.homo.myMain - meter_6139448375417197617:reg,reg_response
raspberrypi 23:02:42.846 [main] INFO  edu.bjut.homo.myMain - meter_6139448375417197617:106722,742685
raspberrypi 23:02:42.847 [main] INFO  edu.bjut.homo.myMain - meter_7031415017287143377:reg,reg_response
raspberrypi 23:02:42.847 [main] INFO  edu.bjut.homo.myMain - meter_7031415017287143377:117777,506666
raspberrypi 23:02:42.848 [main] INFO  edu.bjut.homo.myMain - meter_5858540291196005805:reg,reg_response
raspberrypi 23:02:42.848 [main] INFO  edu.bjut.homo.myMain - meter_5858540291196005805:128648,446092
raspberrypi 23:02:42.848 [main] INFO  edu.bjut.homo.myMain - meter_69819422656599335:reg,reg_response
raspberrypi 23:02:42.849 [main] INFO  edu.bjut.homo.myMain - meter_69819422656599335:98426,343259
raspberrypi 23:02:42.849 [main] INFO  edu.bjut.homo.myMain - meter_98766507961846743:reg,reg_response
raspberrypi 23:02:42.849 [main] INFO  edu.bjut.homo.myMain - meter_98766507961846743:121944,469796
raspberrypi 23:02:42.850 [main] INFO  edu.bjut.homo.myMain - meter_6113235143875709141:reg,reg_response
raspberrypi 23:02:42.850 [main] INFO  edu.bjut.homo.myMain - meter_6113235143875709141:107593,297482
raspberrypi 23:02:42.850 [main] INFO  edu.bjut.homo.myMain - meter_209631023848481557:reg,reg_response
raspberrypi 23:02:42.851 [main] INFO  edu.bjut.homo.myMain - meter_209631023848481557:85963,459333
raspberrypi 23:02:42.851 [main] INFO  edu.bjut.homo.myMain - meter_8147046999933067647:reg,reg_response
raspberrypi 23:02:42.852 [main] INFO  edu.bjut.homo.myMain - meter_8147046999933067647:145315,445222
raspberrypi 23:02:42.852 [main] INFO  edu.bjut.homo.myMain - meter_862642674718456219:reg,reg_response
raspberrypi 23:02:42.853 [main] INFO  edu.bjut.homo.myMain - meter_862642674718456219:98074,509222
raspberrypi 23:02:42.853 [main] INFO  edu.bjut.homo.myMain - meter_1526879959231547721:reg,reg_response
raspberrypi 23:02:42.854 [main] INFO  edu.bjut.homo.myMain - meter_1526879959231547721:119426,438704
raspberrypi 23:02:42.854 [main] INFO  edu.bjut.homo.myMain - meter_1265532180781438843:reg,reg_response
raspberrypi 23:02:42.855 [main] INFO  edu.bjut.homo.myMain - meter_1265532180781438843:112463,547518
raspberrypi 23:02:42.855 [main] INFO  edu.bjut.homo.myMain - meter_5047081744450081889:reg,reg_response
raspberrypi 23:02:42.856 [main] INFO  edu.bjut.homo.myMain - meter_5047081744450081889:130463,626556
raspberrypi 23:02:42.856 [main] INFO  edu.bjut.homo.myMain - meter_3533090124926425979:reg,reg_response
raspberrypi 23:02:42.857 [main] INFO  edu.bjut.homo.myMain - meter_3533090124926425979:168630,505371
raspberrypi 23:02:42.857 [main] INFO  edu.bjut.homo.myMain - meter_7918167448666061025:reg,reg_response
raspberrypi 23:02:42.858 [main] INFO  edu.bjut.homo.myMain - meter_7918167448666061025:150112,427241
raspberrypi 23:02:42.858 [main] INFO  edu.bjut.homo.myMain - meter_2555614891334559829:reg,reg_response
raspberrypi 23:02:42.858 [main] INFO  edu.bjut.homo.myMain - meter_2555614891334559829:117556,315556
raspberrypi 23:02:42.858 [main] INFO  edu.bjut.homo.myMain - meter_5555143725006476821:reg,reg_response
raspberrypi 23:02:42.859 [main] INFO  edu.bjut.homo.myMain - meter_5555143725006476821:85352,321685
raspberrypi 23:02:42.859 [main] INFO  edu.bjut.homo.myMain - meter_2810482495614691485:reg,reg_response
raspberrypi 23:02:42.860 [main] INFO  edu.bjut.homo.myMain - meter_2810482495614691485:160222,360537
raspberrypi 23:02:42.860 [main] INFO  edu.bjut.homo.myMain - meter_4084564482708901767:reg,reg_response
raspberrypi 23:02:42.861 [main] INFO  edu.bjut.homo.myMain - meter_4084564482708901767:89649,341445
raspberrypi 23:02:42.862 [main] INFO  edu.bjut.homo.myMain - meter_2407310415080148087:reg,reg_response
raspberrypi 23:02:42.862 [main] INFO  edu.bjut.homo.myMain - meter_2407310415080148087:298518,815815
raspberrypi 23:02:42.863 [main] INFO  edu.bjut.homo.myMain - meter_9041654073548057429:reg,reg_response
raspberrypi 23:02:42.863 [main] INFO  edu.bjut.homo.myMain - meter_9041654073548057429:200148,377185
raspberrypi 23:02:42.864 [main] INFO  edu.bjut.homo.myMain - meter_2280861342933554675:reg,reg_response
raspberrypi 23:02:42.864 [main] INFO  edu.bjut.homo.myMain - meter_2280861342933554675:145555,510149
raspberrypi 23:02:42.864 [main] INFO  edu.bjut.homo.myMain - meter_7319110715172396457:reg,reg_response
raspberrypi 23:02:42.865 [main] INFO  edu.bjut.homo.myMain - meter_7319110715172396457:122889,483667
raspberrypi 23:02:42.865 [main] INFO  edu.bjut.homo.myMain - meter_7204055807283964317:reg,reg_response
raspberrypi 23:02:42.865 [main] INFO  edu.bjut.homo.myMain - meter_7204055807283964317:221852,327462
raspberrypi 23:02:42.866 [main] INFO  edu.bjut.homo.myMain - meter_4978266020597901173:reg,reg_response
raspberrypi 23:02:42.866 [main] INFO  edu.bjut.homo.myMain - meter_4978266020597901173:85167,341130
raspberrypi 23:02:42.867 [main] INFO  edu.bjut.homo.myMain - meter_7299866112467161239:reg,reg_response
raspberrypi 23:02:42.868 [main] INFO  edu.bjut.homo.myMain - meter_7299866112467161239:87981,291593
raspberrypi 23:02:42.868 [main] INFO  edu.bjut.homo.myMain - meter_9019471931579017757:reg,reg_response
raspberrypi 23:02:42.869 [main] INFO  edu.bjut.homo.myMain - meter_9019471931579017757:161611,325241
raspberrypi 23:02:42.879 [main] INFO  edu.bjut.homo.myMain - oneTimeMeterRepTime
raspberrypi 23:02:45.685 [main] INFO  edu.bjut.homo.myMain - agg:resp_agg
raspberrypi 23:02:45.686 [main] INFO  edu.bjut.homo.myMain - agg:972611666
raspberrypi 23:02:45.686 [main] INFO  edu.bjut.homo.myMain - server:report_res
raspberrypi 23:02:45.686 [main] INFO  edu.bjut.homo.myMain - server:42062907
raspberrypi 23:02:45.687 [main] INFO  edu.bjut.homo.myMain - meter_6173449112381364801:report
raspberrypi 23:02:45.687 [main] INFO  edu.bjut.homo.myMain - meter_6173449112381364801:120994796
raspberrypi 23:02:45.687 [main] INFO  edu.bjut.homo.myMain - meter_6618717418115110525:report
raspberrypi 23:02:45.687 [main] INFO  edu.bjut.homo.myMain - meter_6618717418115110525:33173259
raspberrypi 23:02:45.687 [main] INFO  edu.bjut.homo.myMain - meter_4930070281411300229:report
raspberrypi 23:02:45.687 [main] INFO  edu.bjut.homo.myMain - meter_4930070281411300229:29861407
raspberrypi 23:02:45.688 [main] INFO  edu.bjut.homo.myMain - meter_7291730147867323569:report
raspberrypi 23:02:45.688 [main] INFO  edu.bjut.homo.myMain - meter_7291730147867323569:31353907
raspberrypi 23:02:45.688 [main] INFO  edu.bjut.homo.myMain - meter_5504627865535992851:report
raspberrypi 23:02:45.688 [main] INFO  edu.bjut.homo.myMain - meter_5504627865535992851:30192723
raspberrypi 23:02:45.688 [main] INFO  edu.bjut.homo.myMain - meter_8176328403161060851:report
raspberrypi 23:02:45.688 [main] INFO  edu.bjut.homo.myMain - meter_8176328403161060851:33636333
raspberrypi 23:02:45.688 [main] INFO  edu.bjut.homo.myMain - meter_2855133400888641783:report
raspberrypi 23:02:45.689 [main] INFO  edu.bjut.homo.myMain - meter_2855133400888641783:30222723
raspberrypi 23:02:45.689 [main] INFO  edu.bjut.homo.myMain - meter_6212428790142310881:report
raspberrypi 23:02:45.689 [main] INFO  edu.bjut.homo.myMain - meter_6212428790142310881:28796982
raspberrypi 23:02:45.689 [main] INFO  edu.bjut.homo.myMain - meter_9112166795227010261:report
raspberrypi 23:02:45.689 [main] INFO  edu.bjut.homo.myMain - meter_9112166795227010261:29304593
raspberrypi 23:02:45.689 [main] INFO  edu.bjut.homo.myMain - meter_7250889970373069945:report
raspberrypi 23:02:45.689 [main] INFO  edu.bjut.homo.myMain - meter_7250889970373069945:27538408
raspberrypi 23:02:45.689 [main] INFO  edu.bjut.homo.myMain - meter_5097439248389900075:report
raspberrypi 23:02:45.690 [main] INFO  edu.bjut.homo.myMain - meter_5097439248389900075:27207574
raspberrypi 23:02:45.690 [main] INFO  edu.bjut.homo.myMain - meter_1835479163135979841:report
raspberrypi 23:02:45.690 [main] INFO  edu.bjut.homo.myMain - meter_1835479163135979841:27552982
raspberrypi 23:02:45.690 [main] INFO  edu.bjut.homo.myMain - meter_681681600040010041:report
raspberrypi 23:02:45.690 [main] INFO  edu.bjut.homo.myMain - meter_681681600040010041:29092648
raspberrypi 23:02:45.690 [main] INFO  edu.bjut.homo.myMain - meter_937483597783522461:report
raspberrypi 23:02:45.690 [main] INFO  edu.bjut.homo.myMain - meter_937483597783522461:27124408
raspberrypi 23:02:45.691 [main] INFO  edu.bjut.homo.myMain - meter_8876256057789703125:report
raspberrypi 23:02:45.691 [main] INFO  edu.bjut.homo.myMain - meter_8876256057789703125:27206574
raspberrypi 23:02:45.691 [main] INFO  edu.bjut.homo.myMain - meter_2462920027686566949:report
raspberrypi 23:02:45.691 [main] INFO  edu.bjut.homo.myMain - meter_2462920027686566949:26941797
raspberrypi 23:02:45.691 [main] INFO  edu.bjut.homo.myMain - meter_2757811521750216001:report
raspberrypi 23:02:45.691 [main] INFO  edu.bjut.homo.myMain - meter_2757811521750216001:26897259
raspberrypi 23:02:45.691 [main] INFO  edu.bjut.homo.myMain - meter_7371784801904111025:report
raspberrypi 23:02:45.691 [main] INFO  edu.bjut.homo.myMain - meter_7371784801904111025:26880223
raspberrypi 23:02:45.691 [main] INFO  edu.bjut.homo.myMain - meter_894523082613740921:report
raspberrypi 23:02:45.691 [main] INFO  edu.bjut.homo.myMain - meter_894523082613740921:28918055
raspberrypi 23:02:45.692 [main] INFO  edu.bjut.homo.myMain - meter_4584771812456198703:report
raspberrypi 23:02:45.692 [main] INFO  edu.bjut.homo.myMain - meter_4584771812456198703:28137278
raspberrypi 23:02:45.692 [main] INFO  edu.bjut.homo.myMain - meter_2824065986514576633:report
raspberrypi 23:02:45.692 [main] INFO  edu.bjut.homo.myMain - meter_2824065986514576633:28825722
raspberrypi 23:02:45.692 [main] INFO  edu.bjut.homo.myMain - meter_893117123445611061:report
raspberrypi 23:02:45.692 [main] INFO  edu.bjut.homo.myMain - meter_893117123445611061:29032129
raspberrypi 23:02:45.692 [main] INFO  edu.bjut.homo.myMain - meter_392923081683555719:report
raspberrypi 23:02:45.693 [main] INFO  edu.bjut.homo.myMain - meter_392923081683555719:29013611
raspberrypi 23:02:45.693 [main] INFO  edu.bjut.homo.myMain - meter_3202723851035181071:report
raspberrypi 23:02:45.693 [main] INFO  edu.bjut.homo.myMain - meter_3202723851035181071:29803055
raspberrypi 23:02:45.693 [main] INFO  edu.bjut.homo.myMain - meter_4085311595836196865:report
raspberrypi 23:02:45.693 [main] INFO  edu.bjut.homo.myMain - meter_4085311595836196865:29448834
raspberrypi 23:02:45.694 [main] INFO  edu.bjut.homo.myMain - meter_5435638451791215141:report
raspberrypi 23:02:45.694 [main] INFO  edu.bjut.homo.myMain - meter_5435638451791215141:30791963
raspberrypi 23:02:45.694 [main] INFO  edu.bjut.homo.myMain - meter_3870177032593092121:report
raspberrypi 23:02:45.694 [main] INFO  edu.bjut.homo.myMain - meter_3870177032593092121:28276611
raspberrypi 23:02:45.694 [main] INFO  edu.bjut.homo.myMain - meter_632692161387719295:report
raspberrypi 23:02:45.695 [main] INFO  edu.bjut.homo.myMain - meter_632692161387719295:28712352
raspberrypi 23:02:45.695 [main] INFO  edu.bjut.homo.myMain - meter_2251294409257896437:report
raspberrypi 23:02:45.695 [main] INFO  edu.bjut.homo.myMain - meter_2251294409257896437:28283648
raspberrypi 23:02:45.695 [main] INFO  edu.bjut.homo.myMain - meter_6984314689168696317:report
raspberrypi 23:02:45.695 [main] INFO  edu.bjut.homo.myMain - meter_6984314689168696317:28431093
raspberrypi 23:02:45.695 [main] INFO  edu.bjut.homo.myMain - meter_570778082171341445:report
raspberrypi 23:02:45.695 [main] INFO  edu.bjut.homo.myMain - meter_570778082171341445:29730074
raspberrypi 23:02:45.695 [main] INFO  edu.bjut.homo.myMain - meter_5875807516297775571:report
raspberrypi 23:02:45.695 [main] INFO  edu.bjut.homo.myMain - meter_5875807516297775571:28481648
raspberrypi 23:02:45.696 [main] INFO  edu.bjut.homo.myMain - meter_2101461474381695379:report
raspberrypi 23:02:45.696 [main] INFO  edu.bjut.homo.myMain - meter_2101461474381695379:32946685
raspberrypi 23:02:45.696 [main] INFO  edu.bjut.homo.myMain - meter_8866075744287432873:report
raspberrypi 23:02:45.696 [main] INFO  edu.bjut.homo.myMain - meter_8866075744287432873:28685019
raspberrypi 23:02:45.696 [main] INFO  edu.bjut.homo.myMain - meter_6139448375417197617:report
raspberrypi 23:02:45.697 [main] INFO  edu.bjut.homo.myMain - meter_6139448375417197617:28354815
raspberrypi 23:02:45.697 [main] INFO  edu.bjut.homo.myMain - meter_7031415017287143377:report
raspberrypi 23:02:45.697 [main] INFO  edu.bjut.homo.myMain - meter_7031415017287143377:28071371
raspberrypi 23:02:45.697 [main] INFO  edu.bjut.homo.myMain - meter_5858540291196005805:report
raspberrypi 23:02:45.697 [main] INFO  edu.bjut.homo.myMain - meter_5858540291196005805:27753314
raspberrypi 23:02:45.697 [main] INFO  edu.bjut.homo.myMain - meter_69819422656599335:report
raspberrypi 23:02:45.697 [main] INFO  edu.bjut.homo.myMain - meter_69819422656599335:28288500
raspberrypi 23:02:45.698 [main] INFO  edu.bjut.homo.myMain - meter_98766507961846743:report
raspberrypi 23:02:45.698 [main] INFO  edu.bjut.homo.myMain - meter_98766507961846743:28747463
raspberrypi 23:02:45.698 [main] INFO  edu.bjut.homo.myMain - meter_6113235143875709141:report
raspberrypi 23:02:45.698 [main] INFO  edu.bjut.homo.myMain - meter_6113235143875709141:30055833
raspberrypi 23:02:45.698 [main] INFO  edu.bjut.homo.myMain - meter_209631023848481557:report
raspberrypi 23:02:45.699 [main] INFO  edu.bjut.homo.myMain - meter_209631023848481557:27696630
raspberrypi 23:02:45.699 [main] INFO  edu.bjut.homo.myMain - meter_8147046999933067647:report
raspberrypi 23:02:45.699 [main] INFO  edu.bjut.homo.myMain - meter_8147046999933067647:27625074
raspberrypi 23:02:45.699 [main] INFO  edu.bjut.homo.myMain - meter_862642674718456219:report
raspberrypi 23:02:45.699 [main] INFO  edu.bjut.homo.myMain - meter_862642674718456219:27089463
raspberrypi 23:02:45.699 [main] INFO  edu.bjut.homo.myMain - meter_1526879959231547721:report
raspberrypi 23:02:45.699 [main] INFO  edu.bjut.homo.myMain - meter_1526879959231547721:26974611
raspberrypi 23:02:45.700 [main] INFO  edu.bjut.homo.myMain - meter_1265532180781438843:report
raspberrypi 23:02:45.700 [main] INFO  edu.bjut.homo.myMain - meter_1265532180781438843:26382407
raspberrypi 23:02:45.700 [main] INFO  edu.bjut.homo.myMain - meter_5047081744450081889:report
raspberrypi 23:02:45.700 [main] INFO  edu.bjut.homo.myMain - meter_5047081744450081889:26476796
raspberrypi 23:02:45.700 [main] INFO  edu.bjut.homo.myMain - meter_3533090124926425979:report
raspberrypi 23:02:45.700 [main] INFO  edu.bjut.homo.myMain - meter_3533090124926425979:28635148
raspberrypi 23:02:45.701 [main] INFO  edu.bjut.homo.myMain - meter_7918167448666061025:report
raspberrypi 23:02:45.701 [main] INFO  edu.bjut.homo.myMain - meter_7918167448666061025:26374352
raspberrypi 23:02:45.701 [main] INFO  edu.bjut.homo.myMain - meter_2555614891334559829:report
raspberrypi 23:02:45.701 [main] INFO  edu.bjut.homo.myMain - meter_2555614891334559829:26380834
raspberrypi 23:02:45.701 [main] INFO  edu.bjut.homo.myMain - meter_5555143725006476821:report
raspberrypi 23:02:45.701 [main] INFO  edu.bjut.homo.myMain - meter_5555143725006476821:26294703
raspberrypi 23:02:45.701 [main] INFO  edu.bjut.homo.myMain - meter_2810482495614691485:report
raspberrypi 23:02:45.702 [main] INFO  edu.bjut.homo.myMain - meter_2810482495614691485:26325667
raspberrypi 23:02:45.702 [main] INFO  edu.bjut.homo.myMain - meter_4084564482708901767:report
raspberrypi 23:02:45.702 [main] INFO  edu.bjut.homo.myMain - meter_4084564482708901767:26232612
raspberrypi 23:02:45.702 [main] INFO  edu.bjut.homo.myMain - meter_2407310415080148087:report
raspberrypi 23:02:45.702 [main] INFO  edu.bjut.homo.myMain - meter_2407310415080148087:26329593
raspberrypi 23:02:45.702 [main] INFO  edu.bjut.homo.myMain - meter_9041654073548057429:report
raspberrypi 23:02:45.702 [main] INFO  edu.bjut.homo.myMain - meter_9041654073548057429:28476351
raspberrypi 23:02:45.702 [main] INFO  edu.bjut.homo.myMain - meter_2280861342933554675:report
raspberrypi 23:02:45.703 [main] INFO  edu.bjut.homo.myMain - meter_2280861342933554675:26324259
raspberrypi 23:02:45.703 [main] INFO  edu.bjut.homo.myMain - meter_7319110715172396457:report
raspberrypi 23:02:45.703 [main] INFO  edu.bjut.homo.myMain - meter_7319110715172396457:26310037
raspberrypi 23:02:45.703 [main] INFO  edu.bjut.homo.myMain - meter_7204055807283964317:report
raspberrypi 23:02:45.703 [main] INFO  edu.bjut.homo.myMain - meter_7204055807283964317:26348093
raspberrypi 23:02:45.704 [main] INFO  edu.bjut.homo.myMain - meter_4978266020597901173:report
raspberrypi 23:02:45.704 [main] INFO  edu.bjut.homo.myMain - meter_4978266020597901173:26270278
raspberrypi 23:02:45.704 [main] INFO  edu.bjut.homo.myMain - meter_7299866112467161239:report
raspberrypi 23:02:45.704 [main] INFO  edu.bjut.homo.myMain - meter_7299866112467161239:26334740
raspberrypi 23:02:45.704 [main] INFO  edu.bjut.homo.myMain - meter_9019471931579017757:report
raspberrypi 23:02:45.704 [main] INFO  edu.bjut.homo.myMain - meter_9019471931579017757:26355408
raspberrypi 23:02:53.751 [main] INFO  edu.bjut.homo.myMain - meterRegTime
raspberrypi 23:02:54.767 [main] INFO  edu.bjut.homo.myMain - kgc:reg_response,reg_response,reg_response,reg_response,reg_response,reg_response,reg_response,reg_response,reg_response,reg_response,reg_response,reg_response,reg_response,reg_response,reg_response,reg_response,reg_response,reg_response,reg_response,reg_response,reg_response,reg_response,reg_response,reg_response,reg_response,reg_response,reg_response,reg_response,reg_response,reg_response,reg_response,reg_response,reg_response,reg_response,reg_response,reg_response,reg_response,reg_response,reg_response,reg_response,reg_response,reg_response,reg_response,reg_response,reg_response,reg_response,reg_response,reg_response,reg_response,reg_response
raspberrypi 23:02:54.767 [main] INFO  edu.bjut.homo.myMain - kgc:20212334,19971926,20085297,21795222,20221315,19903185,20222963,19704852,19758167,19790482,20095389,19556408,20128592,19975834,19554555,19826351,19578963,19595259,20309203,19762129,19584481,21412797,20366351,19805389,20376667,19604481,20133130,19916908,19783074,19797648,19579574,20156075,19805167,21245648,19638444,20085371,19630870,19901222,21379834,19736555,19519426,19957722,20145055,20122351,20417111,19666926,19562037,19888667,20069778,20503667
raspberrypi 23:02:54.768 [main] INFO  edu.bjut.homo.myMain - meter_1762043583558335105:reg,reg_response
raspberrypi 23:02:54.768 [main] INFO  edu.bjut.homo.myMain - meter_1762043583558335105:176074,270814
raspberrypi 23:02:54.768 [main] INFO  edu.bjut.homo.myMain - meter_7216689599101688287:reg,reg_response
raspberrypi 23:02:54.768 [main] INFO  edu.bjut.homo.myMain - meter_7216689599101688287:55907,301000
raspberrypi 23:02:54.779 [main] INFO  edu.bjut.homo.myMain - meter_198875245029655619:reg,reg_response
raspberrypi 23:02:54.779 [main] INFO  edu.bjut.homo.myMain - meter_198875245029655619:80500,251426
raspberrypi 23:02:54.780 [main] INFO  edu.bjut.homo.myMain - meter_971829672434251589:reg,reg_response
raspberrypi 23:02:54.780 [main] INFO  edu.bjut.homo.myMain - meter_971829672434251589:83037,442037
raspberrypi 23:02:54.781 [main] INFO  edu.bjut.homo.myMain - meter_2094670747816839925:reg,reg_response
raspberrypi 23:02:54.781 [main] INFO  edu.bjut.homo.myMain - meter_2094670747816839925:53130,348982
raspberrypi 23:02:54.781 [main] INFO  edu.bjut.homo.myMain - meter_6403865268157653057:reg,reg_response
raspberrypi 23:02:54.782 [main] INFO  edu.bjut.homo.myMain - meter_6403865268157653057:62000,152092
raspberrypi 23:02:54.782 [main] INFO  edu.bjut.homo.myMain - meter_5226653269402553741:reg,reg_response
raspberrypi 23:02:54.782 [main] INFO  edu.bjut.homo.myMain - meter_5226653269402553741:42241,133389
raspberrypi 23:02:54.783 [main] INFO  edu.bjut.homo.myMain - meter_5356629737870880561:reg,reg_response
raspberrypi 23:02:54.783 [main] INFO  edu.bjut.homo.myMain - meter_5356629737870880561:42260,131537
raspberrypi 23:02:54.783 [main] INFO  edu.bjut.homo.myMain - meter_744985233277265957:reg,reg_response
raspberrypi 23:02:54.784 [main] INFO  edu.bjut.homo.myMain - meter_744985233277265957:38667,144908
raspberrypi 23:02:54.784 [main] INFO  edu.bjut.homo.myMain - meter_2219866971520344007:reg,reg_response
raspberrypi 23:02:54.785 [main] INFO  edu.bjut.homo.myMain - meter_2219866971520344007:38593,125240
raspberrypi 23:02:54.785 [main] INFO  edu.bjut.homo.myMain - meter_3087841537839461819:reg,reg_response
raspberrypi 23:02:54.785 [main] INFO  edu.bjut.homo.myMain - meter_3087841537839461819:39185,131111
raspberrypi 23:02:54.785 [main] INFO  edu.bjut.homo.myMain - meter_7569657290733131625:reg,reg_response
raspberrypi 23:02:54.786 [main] INFO  edu.bjut.homo.myMain - meter_7569657290733131625:38000,128204
raspberrypi 23:02:54.786 [main] INFO  edu.bjut.homo.myMain - meter_8651578466972100237:reg,reg_response
raspberrypi 23:02:54.786 [main] INFO  edu.bjut.homo.myMain - meter_8651578466972100237:38185,129889
raspberrypi 23:02:54.787 [main] INFO  edu.bjut.homo.myMain - meter_7973008383753868879:reg,reg_response
raspberrypi 23:02:54.787 [main] INFO  edu.bjut.homo.myMain - meter_7973008383753868879:38722,131111
raspberrypi 23:02:54.787 [main] INFO  edu.bjut.homo.myMain - meter_7398888102316374327:reg,reg_response
raspberrypi 23:02:54.787 [main] INFO  edu.bjut.homo.myMain - meter_7398888102316374327:37852,145981
raspberrypi 23:02:54.788 [main] INFO  edu.bjut.homo.myMain - meter_3494873974029962255:reg,reg_response
raspberrypi 23:02:54.788 [main] INFO  edu.bjut.homo.myMain - meter_3494873974029962255:39445,129500
raspberrypi 23:02:54.788 [main] INFO  edu.bjut.homo.myMain - meter_481479227582767133:reg,reg_response
raspberrypi 23:02:54.788 [main] INFO  edu.bjut.homo.myMain - meter_481479227582767133:38926,125482
raspberrypi 23:02:54.789 [main] INFO  edu.bjut.homo.myMain - meter_4044057445854572137:reg,reg_response
raspberrypi 23:02:54.789 [main] INFO  edu.bjut.homo.myMain - meter_4044057445854572137:39630,128093
raspberrypi 23:02:54.789 [main] INFO  edu.bjut.homo.myMain - meter_6360426917790648007:reg,reg_response
raspberrypi 23:02:54.789 [main] INFO  edu.bjut.homo.myMain - meter_6360426917790648007:39185,143778
raspberrypi 23:02:54.789 [main] INFO  edu.bjut.homo.myMain - meter_2424711394095147727:reg,reg_response
raspberrypi 23:02:54.790 [main] INFO  edu.bjut.homo.myMain - meter_2424711394095147727:38000,124463
raspberrypi 23:02:54.790 [main] INFO  edu.bjut.homo.myMain - meter_1688417615055756069:reg,reg_response
raspberrypi 23:02:54.790 [main] INFO  edu.bjut.homo.myMain - meter_1688417615055756069:41685,125907
raspberrypi 23:02:54.791 [main] INFO  edu.bjut.homo.myMain - meter_9067645082537351021:reg,reg_response
raspberrypi 23:02:54.791 [main] INFO  edu.bjut.homo.myMain - meter_9067645082537351021:38593,131315
raspberrypi 23:02:54.791 [main] INFO  edu.bjut.homo.myMain - meter_6762854099219284903:reg,reg_response
raspberrypi 23:02:54.792 [main] INFO  edu.bjut.homo.myMain - meter_6762854099219284903:49870,130611
raspberrypi 23:02:54.792 [main] INFO  edu.bjut.homo.myMain - meter_851399540728140827:reg,reg_response
raspberrypi 23:02:54.792 [main] INFO  edu.bjut.homo.myMain - meter_851399540728140827:38945,130481
raspberrypi 23:02:54.792 [main] INFO  edu.bjut.homo.myMain - meter_7245206384560280769:reg,reg_response
raspberrypi 23:02:54.793 [main] INFO  edu.bjut.homo.myMain - meter_7245206384560280769:36723,128333
raspberrypi 23:02:54.793 [main] INFO  edu.bjut.homo.myMain - meter_9197212901111900931:reg,reg_response
raspberrypi 23:02:54.793 [main] INFO  edu.bjut.homo.myMain - meter_9197212901111900931:38000,142815
raspberrypi 23:02:54.793 [main] INFO  edu.bjut.homo.myMain - meter_5137043862402259233:reg,reg_response
raspberrypi 23:02:54.793 [main] INFO  edu.bjut.homo.myMain - meter_5137043862402259233:38314,293259
raspberrypi 23:02:54.794 [main] INFO  edu.bjut.homo.myMain - meter_2572835758368447945:reg,reg_response
raspberrypi 23:02:54.794 [main] INFO  edu.bjut.homo.myMain - meter_2572835758368447945:49222,123000
raspberrypi 23:02:54.794 [main] INFO  edu.bjut.homo.myMain - meter_8919521817758901445:reg,reg_response
raspberrypi 23:02:54.794 [main] INFO  edu.bjut.homo.myMain - meter_8919521817758901445:39055,124629
raspberrypi 23:02:54.794 [main] INFO  edu.bjut.homo.myMain - meter_4525946307066371559:reg,reg_response
raspberrypi 23:02:54.795 [main] INFO  edu.bjut.homo.myMain - meter_4525946307066371559:37759,140092
raspberrypi 23:02:54.795 [main] INFO  edu.bjut.homo.myMain - meter_8344759091116081137:reg,reg_response
raspberrypi 23:02:54.795 [main] INFO  edu.bjut.homo.myMain - meter_8344759091116081137:37371,125426
raspberrypi 23:02:54.796 [main] INFO  edu.bjut.homo.myMain - meter_5872234708773487581:reg,reg_response
raspberrypi 23:02:54.796 [main] INFO  edu.bjut.homo.myMain - meter_5872234708773487581:38241,246982
raspberrypi 23:02:54.796 [main] INFO  edu.bjut.homo.myMain - meter_1867498471320558733:reg,reg_response
raspberrypi 23:02:54.796 [main] INFO  edu.bjut.homo.myMain - meter_1867498471320558733:41111,139037
raspberrypi 23:02:54.796 [main] INFO  edu.bjut.homo.myMain - meter_4670854769983108659:reg,reg_response
raspberrypi 23:02:54.797 [main] INFO  edu.bjut.homo.myMain - meter_4670854769983108659:37574,192371
raspberrypi 23:02:54.797 [main] INFO  edu.bjut.homo.myMain - meter_551063628953427881:reg,reg_response
raspberrypi 23:02:54.797 [main] INFO  edu.bjut.homo.myMain - meter_551063628953427881:157907,258112
raspberrypi 23:02:54.797 [main] INFO  edu.bjut.homo.myMain - meter_4301396043795491607:reg,reg_response
raspberrypi 23:02:54.797 [main] INFO  edu.bjut.homo.myMain - meter_4301396043795491607:121778,364277
raspberrypi 23:02:54.797 [main] INFO  edu.bjut.homo.myMain - meter_9102330724211416133:reg,reg_response
raspberrypi 23:02:54.798 [main] INFO  edu.bjut.homo.myMain - meter_9102330724211416133:53834,223870
raspberrypi 23:02:54.798 [main] INFO  edu.bjut.homo.myMain - meter_4236084856041621267:reg,reg_response
raspberrypi 23:02:54.798 [main] INFO  edu.bjut.homo.myMain - meter_4236084856041621267:35074,112852
raspberrypi 23:02:54.798 [main] INFO  edu.bjut.homo.myMain - meter_5348782412307759247:reg,reg_response
raspberrypi 23:02:54.798 [main] INFO  edu.bjut.homo.myMain - meter_5348782412307759247:30111,114167
raspberrypi 23:02:54.798 [main] INFO  edu.bjut.homo.myMain - meter_5984355190282065743:reg,reg_response
raspberrypi 23:02:54.798 [main] INFO  edu.bjut.homo.myMain - meter_5984355190282065743:29908,114778
raspberrypi 23:02:54.798 [main] INFO  edu.bjut.homo.myMain - meter_3082287292945720631:reg,reg_response
raspberrypi 23:02:54.799 [main] INFO  edu.bjut.homo.myMain - meter_3082287292945720631:30926,111167
raspberrypi 23:02:54.799 [main] INFO  edu.bjut.homo.myMain - meter_1776653653468028561:reg,reg_response
raspberrypi 23:02:54.799 [main] INFO  edu.bjut.homo.myMain - meter_1776653653468028561:30019,109982
raspberrypi 23:02:54.799 [main] INFO  edu.bjut.homo.myMain - meter_2530812939441433481:reg,reg_response
raspberrypi 23:02:54.799 [main] INFO  edu.bjut.homo.myMain - meter_2530812939441433481:30222,126074
raspberrypi 23:02:54.799 [main] INFO  edu.bjut.homo.myMain - meter_5472459736776434953:reg,reg_response
raspberrypi 23:02:54.799 [main] INFO  edu.bjut.homo.myMain - meter_5472459736776434953:31444,172796
raspberrypi 23:02:54.799 [main] INFO  edu.bjut.homo.myMain - meter_7969611275199599743:reg,reg_response
raspberrypi 23:02:54.799 [main] INFO  edu.bjut.homo.myMain - meter_7969611275199599743:43148,333277
raspberrypi 23:02:54.800 [main] INFO  edu.bjut.homo.myMain - meter_5762738253862633383:reg,reg_response
raspberrypi 23:02:54.800 [main] INFO  edu.bjut.homo.myMain - meter_5762738253862633383:32278,109611
raspberrypi 23:02:54.800 [main] INFO  edu.bjut.homo.myMain - meter_4359914113952449909:reg,reg_response
raspberrypi 23:02:54.800 [main] INFO  edu.bjut.homo.myMain - meter_4359914113952449909:32055,110889
raspberrypi 23:02:54.800 [main] INFO  edu.bjut.homo.myMain - meter_3635789598794991125:reg,reg_response
raspberrypi 23:02:54.800 [main] INFO  edu.bjut.homo.myMain - meter_3635789598794991125:31315,202574
raspberrypi 23:02:54.801 [main] INFO  edu.bjut.homo.myMain - meter_2710073903409091287:reg,reg_response
raspberrypi 23:02:54.801 [main] INFO  edu.bjut.homo.myMain - meter_2710073903409091287:32852,190575
raspberrypi 23:02:54.801 [main] INFO  edu.bjut.homo.myMain - meter_2016905875948168335:reg,reg_response
raspberrypi 23:02:54.801 [main] INFO  edu.bjut.homo.myMain - meter_2016905875948168335:35333,232667
raspberrypi 23:02:54.802 [main] INFO  edu.bjut.homo.myMain - oneTimeMeterRepTime
raspberrypi 23:02:56.956 [main] INFO  edu.bjut.homo.myMain - agg:resp_agg
raspberrypi 23:02:56.957 [main] INFO  edu.bjut.homo.myMain - agg:756238722
raspberrypi 23:02:56.957 [main] INFO  edu.bjut.homo.myMain - server:report_res
raspberrypi 23:02:56.957 [main] INFO  edu.bjut.homo.myMain - server:38176667
raspberrypi 23:02:56.957 [main] INFO  edu.bjut.homo.myMain - meter_1762043583558335105:report
raspberrypi 23:02:56.957 [main] INFO  edu.bjut.homo.myMain - meter_1762043583558335105:26996075
raspberrypi 23:02:56.957 [main] INFO  edu.bjut.homo.myMain - meter_7216689599101688287:report
raspberrypi 23:02:56.958 [main] INFO  edu.bjut.homo.myMain - meter_7216689599101688287:27321759
raspberrypi 23:02:56.958 [main] INFO  edu.bjut.homo.myMain - meter_198875245029655619:report
raspberrypi 23:02:56.958 [main] INFO  edu.bjut.homo.myMain - meter_198875245029655619:28706000
raspberrypi 23:02:56.958 [main] INFO  edu.bjut.homo.myMain - meter_971829672434251589:report
raspberrypi 23:02:56.958 [main] INFO  edu.bjut.homo.myMain - meter_971829672434251589:28560092
raspberrypi 23:02:56.958 [main] INFO  edu.bjut.homo.myMain - meter_2094670747816839925:report
raspberrypi 23:02:56.958 [main] INFO  edu.bjut.homo.myMain - meter_2094670747816839925:27098389
raspberrypi 23:02:56.958 [main] INFO  edu.bjut.homo.myMain - meter_6403865268157653057:report
raspberrypi 23:02:56.958 [main] INFO  edu.bjut.homo.myMain - meter_6403865268157653057:27142981
raspberrypi 23:02:56.959 [main] INFO  edu.bjut.homo.myMain - meter_5226653269402553741:report
raspberrypi 23:02:56.959 [main] INFO  edu.bjut.homo.myMain - meter_5226653269402553741:26667223
raspberrypi 23:02:56.959 [main] INFO  edu.bjut.homo.myMain - meter_5356629737870880561:report
raspberrypi 23:02:56.959 [main] INFO  edu.bjut.homo.myMain - meter_5356629737870880561:26200370
raspberrypi 23:02:56.959 [main] INFO  edu.bjut.homo.myMain - meter_744985233277265957:report
raspberrypi 23:02:56.959 [main] INFO  edu.bjut.homo.myMain - meter_744985233277265957:25876685
raspberrypi 23:02:56.959 [main] INFO  edu.bjut.homo.myMain - meter_2219866971520344007:report
raspberrypi 23:02:56.959 [main] INFO  edu.bjut.homo.myMain - meter_2219866971520344007:27747241
raspberrypi 23:02:56.959 [main] INFO  edu.bjut.homo.myMain - meter_3087841537839461819:report
raspberrypi 23:02:56.959 [main] INFO  edu.bjut.homo.myMain - meter_3087841537839461819:25917389
raspberrypi 23:02:56.960 [main] INFO  edu.bjut.homo.myMain - meter_7569657290733131625:report
raspberrypi 23:02:56.960 [main] INFO  edu.bjut.homo.myMain - meter_7569657290733131625:25892870
raspberrypi 23:02:56.960 [main] INFO  edu.bjut.homo.myMain - meter_8651578466972100237:report
raspberrypi 23:02:56.960 [main] INFO  edu.bjut.homo.myMain - meter_8651578466972100237:25900629
raspberrypi 23:02:56.960 [main] INFO  edu.bjut.homo.myMain - meter_7973008383753868879:report
raspberrypi 23:02:56.960 [main] INFO  edu.bjut.homo.myMain - meter_7973008383753868879:25940704
raspberrypi 23:02:56.960 [main] INFO  edu.bjut.homo.myMain - meter_7398888102316374327:report
raspberrypi 23:02:56.960 [main] INFO  edu.bjut.homo.myMain - meter_7398888102316374327:25797222
raspberrypi 23:02:56.960 [main] INFO  edu.bjut.homo.myMain - meter_3494873974029962255:report
raspberrypi 23:02:56.961 [main] INFO  edu.bjut.homo.myMain - meter_3494873974029962255:25858851
raspberrypi 23:02:56.961 [main] INFO  edu.bjut.homo.myMain - meter_481479227582767133:report
raspberrypi 23:02:56.961 [main] INFO  edu.bjut.homo.myMain - meter_481479227582767133:27291426
raspberrypi 23:02:56.961 [main] INFO  edu.bjut.homo.myMain - meter_4044057445854572137:report
raspberrypi 23:02:56.961 [main] INFO  edu.bjut.homo.myMain - meter_4044057445854572137:25945759
raspberrypi 23:02:56.961 [main] INFO  edu.bjut.homo.myMain - meter_6360426917790648007:report
raspberrypi 23:02:56.961 [main] INFO  edu.bjut.homo.myMain - meter_6360426917790648007:25874167
raspberrypi 23:02:56.961 [main] INFO  edu.bjut.homo.myMain - meter_2424711394095147727:report
raspberrypi 23:02:56.961 [main] INFO  edu.bjut.homo.myMain - meter_2424711394095147727:25995870
raspberrypi 23:02:56.961 [main] INFO  edu.bjut.homo.myMain - meter_1688417615055756069:report
raspberrypi 23:02:56.962 [main] INFO  edu.bjut.homo.myMain - meter_1688417615055756069:25925129
raspberrypi 23:02:56.962 [main] INFO  edu.bjut.homo.myMain - meter_9067645082537351021:report
raspberrypi 23:02:56.962 [main] INFO  edu.bjut.homo.myMain - meter_9067645082537351021:25999351
raspberrypi 23:02:56.962 [main] INFO  edu.bjut.homo.myMain - meter_6762854099219284903:report
raspberrypi 23:02:56.962 [main] INFO  edu.bjut.homo.myMain - meter_6762854099219284903:25977833
raspberrypi 23:02:56.962 [main] INFO  edu.bjut.homo.myMain - meter_851399540728140827:report
raspberrypi 23:02:56.962 [main] INFO  edu.bjut.homo.myMain - meter_851399540728140827:27431167
raspberrypi 23:02:56.962 [main] INFO  edu.bjut.homo.myMain - meter_7245206384560280769:report
raspberrypi 23:02:56.962 [main] INFO  edu.bjut.homo.myMain - meter_7245206384560280769:27530352
raspberrypi 23:02:56.962 [main] INFO  edu.bjut.homo.myMain - meter_9197212901111900931:report
raspberrypi 23:02:56.963 [main] INFO  edu.bjut.homo.myMain - meter_9197212901111900931:37242223
raspberrypi 23:02:56.963 [main] INFO  edu.bjut.homo.myMain - meter_5137043862402259233:report
raspberrypi 23:02:56.963 [main] INFO  edu.bjut.homo.myMain - meter_5137043862402259233:37150723
raspberrypi 23:02:56.963 [main] INFO  edu.bjut.homo.myMain - meter_2572835758368447945:report
raspberrypi 23:02:56.963 [main] INFO  edu.bjut.homo.myMain - meter_2572835758368447945:33856574
raspberrypi 23:02:56.963 [main] INFO  edu.bjut.homo.myMain - meter_8919521817758901445:report
raspberrypi 23:02:56.963 [main] INFO  edu.bjut.homo.myMain - meter_8919521817758901445:25915629
raspberrypi 23:02:56.963 [main] INFO  edu.bjut.homo.myMain - meter_4525946307066371559:report
raspberrypi 23:02:56.963 [main] INFO  edu.bjut.homo.myMain - meter_4525946307066371559:26062555
raspberrypi 23:02:56.964 [main] INFO  edu.bjut.homo.myMain - meter_8344759091116081137:report
raspberrypi 23:02:56.964 [main] INFO  edu.bjut.homo.myMain - meter_8344759091116081137:27626259
raspberrypi 23:02:56.964 [main] INFO  edu.bjut.homo.myMain - meter_5872234708773487581:report
raspberrypi 23:02:56.964 [main] INFO  edu.bjut.homo.myMain - meter_5872234708773487581:25898667
raspberrypi 23:02:56.964 [main] INFO  edu.bjut.homo.myMain - meter_1867498471320558733:report
raspberrypi 23:02:56.964 [main] INFO  edu.bjut.homo.myMain - meter_1867498471320558733:25925093
raspberrypi 23:02:56.964 [main] INFO  edu.bjut.homo.myMain - meter_4670854769983108659:report
raspberrypi 23:02:56.964 [main] INFO  edu.bjut.homo.myMain - meter_4670854769983108659:26006500
raspberrypi 23:02:56.964 [main] INFO  edu.bjut.homo.myMain - meter_551063628953427881:report
raspberrypi 23:02:56.964 [main] INFO  edu.bjut.homo.myMain - meter_551063628953427881:25868000
raspberrypi 23:02:56.964 [main] INFO  edu.bjut.homo.myMain - meter_4301396043795491607:report
raspberrypi 23:02:56.965 [main] INFO  edu.bjut.homo.myMain - meter_4301396043795491607:26012203
raspberrypi 23:02:56.965 [main] INFO  edu.bjut.homo.myMain - meter_9102330724211416133:report
raspberrypi 23:02:56.965 [main] INFO  edu.bjut.homo.myMain - meter_9102330724211416133:26164630
raspberrypi 23:02:56.965 [main] INFO  edu.bjut.homo.myMain - meter_4236084856041621267:report
raspberrypi 23:02:56.965 [main] INFO  edu.bjut.homo.myMain - meter_4236084856041621267:28247907
raspberrypi 23:02:56.965 [main] INFO  edu.bjut.homo.myMain - meter_5348782412307759247:report
raspberrypi 23:02:56.965 [main] INFO  edu.bjut.homo.myMain - meter_5348782412307759247:26189056
raspberrypi 23:02:56.965 [main] INFO  edu.bjut.homo.myMain - meter_5984355190282065743:report
raspberrypi 23:02:56.965 [main] INFO  edu.bjut.homo.myMain - meter_5984355190282065743:26145574
raspberrypi 23:02:56.965 [main] INFO  edu.bjut.homo.myMain - meter_3082287292945720631:report
raspberrypi 23:02:56.965 [main] INFO  edu.bjut.homo.myMain - meter_3082287292945720631:26216556
raspberrypi 23:02:56.966 [main] INFO  edu.bjut.homo.myMain - meter_1776653653468028561:report
raspberrypi 23:02:56.966 [main] INFO  edu.bjut.homo.myMain - meter_1776653653468028561:26578093
raspberrypi 23:02:56.966 [main] INFO  edu.bjut.homo.myMain - meter_2530812939441433481:report
raspberrypi 23:02:56.966 [main] INFO  edu.bjut.homo.myMain - meter_2530812939441433481:26675185
raspberrypi 23:02:56.966 [main] INFO  edu.bjut.homo.myMain - meter_5472459736776434953:report
raspberrypi 23:02:56.966 [main] INFO  edu.bjut.homo.myMain - meter_5472459736776434953:27259333
raspberrypi 23:02:56.966 [main] INFO  edu.bjut.homo.myMain - meter_7969611275199599743:report
raspberrypi 23:02:56.966 [main] INFO  edu.bjut.homo.myMain - meter_7969611275199599743:28916240
raspberrypi 23:02:56.966 [main] INFO  edu.bjut.homo.myMain - meter_5762738253862633383:report
raspberrypi 23:02:56.966 [main] INFO  edu.bjut.homo.myMain - meter_5762738253862633383:27012037
raspberrypi 23:02:56.966 [main] INFO  edu.bjut.homo.myMain - meter_4359914113952449909:report
raspberrypi 23:02:56.967 [main] INFO  edu.bjut.homo.myMain - meter_4359914113952449909:26523537
raspberrypi 23:02:56.967 [main] INFO  edu.bjut.homo.myMain - meter_3635789598794991125:report
raspberrypi 23:02:56.967 [main] INFO  edu.bjut.homo.myMain - meter_3635789598794991125:26302963
raspberrypi 23:02:56.967 [main] INFO  edu.bjut.homo.myMain - meter_2710073903409091287:report
raspberrypi 23:02:56.967 [main] INFO  edu.bjut.homo.myMain - meter_2710073903409091287:26254148
raspberrypi 23:02:56.967 [main] INFO  edu.bjut.homo.myMain - meter_2016905875948168335:report
raspberrypi 23:02:56.967 [main] INFO  edu.bjut.homo.myMain - meter_2016905875948168335:26200426
raspberrypi 23:03:03.837 [main] INFO  edu.bjut.homo.myMain - meterRegTime
raspberrypi 23:03:04.638 [main] INFO  edu.bjut.homo.myMain - kgc:reg_response,reg_response,reg_response,reg_response,reg_response,reg_response,reg_response,reg_response,reg_response,reg_response,reg_response,reg_response,reg_response,reg_response,reg_response,reg_response,reg_response,reg_response,reg_response,reg_response,reg_response,reg_response,reg_response,reg_response,reg_response,reg_response,reg_response,reg_response,reg_response,reg_response,reg_response,reg_response,reg_response,reg_response,reg_response,reg_response,reg_response,reg_response,reg_response,reg_response
raspberrypi 23:03:04.638 [main] INFO  edu.bjut.homo.myMain - kgc:19590185,19541574,19498092,19515315,19987277,21924537,19544592,19492185,19891111,19392686,20507778,19857241,20081963,19917667,20153870,19876278,20434129,19427870,19389019,19608204,19562722,19817426,21275722,19434352,19888445,19530685,19510241,19425907,20263056,19510297,19612241,19537371,19424611,20067185,20111222,19984630,19422296,19545037,19638389,19466278
raspberrypi 23:03:04.639 [main] INFO  edu.bjut.homo.myMain - meter_357056999696439349:reg,reg_response
raspberrypi 23:03:04.639 [main] INFO  edu.bjut.homo.myMain - meter_357056999696439349:141833,96685
raspberrypi 23:03:04.639 [main] INFO  edu.bjut.homo.myMain - meter_1000758220670508037:reg,reg_response
raspberrypi 23:03:04.639 [main] INFO  edu.bjut.homo.myMain - meter_1000758220670508037:30833,96352
raspberrypi 23:03:04.639 [main] INFO  edu.bjut.homo.myMain - meter_7335918719933837399:reg,reg_response
raspberrypi 23:03:04.639 [main] INFO  edu.bjut.homo.myMain - meter_7335918719933837399:31963,94685
raspberrypi 23:03:04.639 [main] INFO  edu.bjut.homo.myMain - meter_5616314000316831293:reg,reg_response
raspberrypi 23:03:04.639 [main] INFO  edu.bjut.homo.myMain - meter_5616314000316831293:32352,95500
raspberrypi 23:03:04.639 [main] INFO  edu.bjut.homo.myMain - meter_3518572997532983155:reg,reg_response
raspberrypi 23:03:04.639 [main] INFO  edu.bjut.homo.myMain - meter_3518572997532983155:43740,95871
raspberrypi 23:03:04.639 [main] INFO  edu.bjut.homo.myMain - meter_2733772926912112293:reg,reg_response
raspberrypi 23:03:04.640 [main] INFO  edu.bjut.homo.myMain - meter_2733772926912112293:31555,96945
raspberrypi 23:03:04.640 [main] INFO  edu.bjut.homo.myMain - meter_7921286190815892635:reg,reg_response
raspberrypi 23:03:04.640 [main] INFO  edu.bjut.homo.myMain - meter_7921286190815892635:32481,190055
raspberrypi 23:03:04.640 [main] INFO  edu.bjut.homo.myMain - meter_7908931507374163217:reg,reg_response
raspberrypi 23:03:04.640 [main] INFO  edu.bjut.homo.myMain - meter_7908931507374163217:36296,181241
raspberrypi 23:03:04.640 [main] INFO  edu.bjut.homo.myMain - meter_6288038382119274889:reg,reg_response
raspberrypi 23:03:04.640 [main] INFO  edu.bjut.homo.myMain - meter_6288038382119274889:33278,98629
raspberrypi 23:03:04.640 [main] INFO  edu.bjut.homo.myMain - meter_2009831636619650805:reg,reg_response
raspberrypi 23:03:04.640 [main] INFO  edu.bjut.homo.myMain - meter_2009831636619650805:31555,95815
raspberrypi 23:03:04.640 [main] INFO  edu.bjut.homo.myMain - meter_559425121015055477:reg,reg_response
raspberrypi 23:03:04.640 [main] INFO  edu.bjut.homo.myMain - meter_559425121015055477:31129,160611
raspberrypi 23:03:04.640 [main] INFO  edu.bjut.homo.myMain - meter_6648130141570943623:reg,reg_response
raspberrypi 23:03:04.640 [main] INFO  edu.bjut.homo.myMain - meter_6648130141570943623:34648,96166
raspberrypi 23:03:04.641 [main] INFO  edu.bjut.homo.myMain - meter_1462628479064994861:reg,reg_response
raspberrypi 23:03:04.641 [main] INFO  edu.bjut.homo.myMain - meter_1462628479064994861:30685,89481
raspberrypi 23:03:04.641 [main] INFO  edu.bjut.homo.myMain - meter_3245435634421241011:reg,reg_response
raspberrypi 23:03:04.641 [main] INFO  edu.bjut.homo.myMain - meter_3245435634421241011:43537,201760
raspberrypi 23:03:04.641 [main] INFO  edu.bjut.homo.myMain - meter_5817394868885562415:reg,reg_response
raspberrypi 23:03:04.641 [main] INFO  edu.bjut.homo.myMain - meter_5817394868885562415:37722,325685
raspberrypi 23:03:04.641 [main] INFO  edu.bjut.homo.myMain - meter_7507330353539142931:reg,reg_response
raspberrypi 23:03:04.641 [main] INFO  edu.bjut.homo.myMain - meter_7507330353539142931:48537,235278
raspberrypi 23:03:04.641 [main] INFO  edu.bjut.homo.myMain - meter_8157235930235365157:reg,reg_response
raspberrypi 23:03:04.641 [main] INFO  edu.bjut.homo.myMain - meter_8157235930235365157:36685,91574
raspberrypi 23:03:04.641 [main] INFO  edu.bjut.homo.myMain - meter_3619941005149173115:reg,reg_response
raspberrypi 23:03:04.641 [main] INFO  edu.bjut.homo.myMain - meter_3619941005149173115:33222,98093
raspberrypi 23:03:04.641 [main] INFO  edu.bjut.homo.myMain - meter_7145226988411517717:reg,reg_response
raspberrypi 23:03:04.642 [main] INFO  edu.bjut.homo.myMain - meter_7145226988411517717:31334,86537
raspberrypi 23:03:04.642 [main] INFO  edu.bjut.homo.myMain - meter_7845963228764667555:reg,reg_response
raspberrypi 23:03:04.642 [main] INFO  edu.bjut.homo.myMain - meter_7845963228764667555:31926,103852
raspberrypi 23:03:04.642 [main] INFO  edu.bjut.homo.myMain - meter_1622330236756421967:reg,reg_response
raspberrypi 23:03:04.642 [main] INFO  edu.bjut.homo.myMain - meter_1622330236756421967:31611,88963
raspberrypi 23:03:04.642 [main] INFO  edu.bjut.homo.myMain - meter_2267633667296477595:reg,reg_response
raspberrypi 23:03:04.642 [main] INFO  edu.bjut.homo.myMain - meter_2267633667296477595:30556,89852
raspberrypi 23:03:04.642 [main] INFO  edu.bjut.homo.myMain - meter_1569189412379269531:reg,reg_response
raspberrypi 23:03:04.642 [main] INFO  edu.bjut.homo.myMain - meter_1569189412379269531:31723,90388
raspberrypi 23:03:04.642 [main] INFO  edu.bjut.homo.myMain - meter_3289751534017700619:reg,reg_response
raspberrypi 23:03:04.642 [main] INFO  edu.bjut.homo.myMain - meter_3289751534017700619:32945,92092
raspberrypi 23:03:04.643 [main] INFO  edu.bjut.homo.myMain - meter_9099245114950775353:reg,reg_response
raspberrypi 23:03:04.643 [main] INFO  edu.bjut.homo.myMain - meter_9099245114950775353:30963,89314
raspberrypi 23:03:04.643 [main] INFO  edu.bjut.homo.myMain - meter_3186737452283236753:reg,reg_response
raspberrypi 23:03:04.643 [main] INFO  edu.bjut.homo.myMain - meter_3186737452283236753:31852,89000
raspberrypi 23:03:04.643 [main] INFO  edu.bjut.homo.myMain - meter_4576282992864623157:reg,reg_response
raspberrypi 23:03:04.644 [main] INFO  edu.bjut.homo.myMain - meter_4576282992864623157:31148,88444
raspberrypi 23:03:04.644 [main] INFO  edu.bjut.homo.myMain - meter_5378996195609898743:reg,reg_response
raspberrypi 23:03:04.644 [main] INFO  edu.bjut.homo.myMain - meter_5378996195609898743:31111,101908
raspberrypi 23:03:04.644 [main] INFO  edu.bjut.homo.myMain - meter_6590204683832569911:reg,reg_response
raspberrypi 23:03:04.644 [main] INFO  edu.bjut.homo.myMain - meter_6590204683832569911:31019,90666
raspberrypi 23:03:04.645 [main] INFO  edu.bjut.homo.myMain - meter_5844082355360885081:reg,reg_response
raspberrypi 23:03:04.645 [main] INFO  edu.bjut.homo.myMain - meter_5844082355360885081:31334,88648
raspberrypi 23:03:04.645 [main] INFO  edu.bjut.homo.myMain - meter_4748932399661468429:reg,reg_response
raspberrypi 23:03:04.645 [main] INFO  edu.bjut.homo.myMain - meter_4748932399661468429:32185,101759
raspberrypi 23:03:04.645 [main] INFO  edu.bjut.homo.myMain - meter_7830261260965539733:reg,reg_response
raspberrypi 23:03:04.645 [main] INFO  edu.bjut.homo.myMain - meter_7830261260965539733:33019,204555
raspberrypi 23:03:04.645 [main] INFO  edu.bjut.homo.myMain - meter_2318893169470169101:reg,reg_response
raspberrypi 23:03:04.645 [main] INFO  edu.bjut.homo.myMain - meter_2318893169470169101:38629,143241
raspberrypi 23:03:04.645 [main] INFO  edu.bjut.homo.myMain - meter_8158290133906611673:reg,reg_response
raspberrypi 23:03:04.645 [main] INFO  edu.bjut.homo.myMain - meter_8158290133906611673:74167,97463
raspberrypi 23:03:04.645 [main] INFO  edu.bjut.homo.myMain - meter_692160116260993427:reg,reg_response
raspberrypi 23:03:04.645 [main] INFO  edu.bjut.homo.myMain - meter_692160116260993427:32167,89093
raspberrypi 23:03:04.646 [main] INFO  edu.bjut.homo.myMain - meter_6869134652773574915:reg,reg_response
raspberrypi 23:03:04.646 [main] INFO  edu.bjut.homo.myMain - meter_6869134652773574915:31185,86629
raspberrypi 23:03:04.646 [main] INFO  edu.bjut.homo.myMain - meter_8185849866310821685:reg,reg_response
raspberrypi 23:03:04.646 [main] INFO  edu.bjut.homo.myMain - meter_8185849866310821685:31908,92704
raspberrypi 23:03:04.646 [main] INFO  edu.bjut.homo.myMain - meter_1607585670978652271:reg,reg_response
raspberrypi 23:03:04.646 [main] INFO  edu.bjut.homo.myMain - meter_1607585670978652271:31722,189814
raspberrypi 23:03:04.646 [main] INFO  edu.bjut.homo.myMain - meter_1893408667755438105:reg,reg_response
raspberrypi 23:03:04.646 [main] INFO  edu.bjut.homo.myMain - meter_1893408667755438105:36297,87408
raspberrypi 23:03:04.646 [main] INFO  edu.bjut.homo.myMain - meter_694320714434555281:reg,reg_response
raspberrypi 23:03:04.646 [main] INFO  edu.bjut.homo.myMain - meter_694320714434555281:30445,88074
raspberrypi 23:03:04.647 [main] INFO  edu.bjut.homo.myMain - oneTimeMeterRepTime
raspberrypi 23:03:06.338 [main] INFO  edu.bjut.homo.myMain - agg:resp_agg
raspberrypi 23:03:06.339 [main] INFO  edu.bjut.homo.myMain - agg:607940833
raspberrypi 23:03:06.339 [main] INFO  edu.bjut.homo.myMain - server:report_res
raspberrypi 23:03:06.339 [main] INFO  edu.bjut.homo.myMain - server:38039759
raspberrypi 23:03:06.339 [main] INFO  edu.bjut.homo.myMain - meter_357056999696439349:report
raspberrypi 23:03:06.339 [main] INFO  edu.bjut.homo.myMain - meter_357056999696439349:27270945
raspberrypi 23:03:06.339 [main] INFO  edu.bjut.homo.myMain - meter_1000758220670508037:report
raspberrypi 23:03:06.339 [main] INFO  edu.bjut.homo.myMain - meter_1000758220670508037:25759167
raspberrypi 23:03:06.339 [main] INFO  edu.bjut.homo.myMain - meter_7335918719933837399:report
raspberrypi 23:03:06.339 [main] INFO  edu.bjut.homo.myMain - meter_7335918719933837399:25899500
raspberrypi 23:03:06.339 [main] INFO  edu.bjut.homo.myMain - meter_5616314000316831293:report
raspberrypi 23:03:06.339 [main] INFO  edu.bjut.homo.myMain - meter_5616314000316831293:25987092
raspberrypi 23:03:06.339 [main] INFO  edu.bjut.homo.myMain - meter_3518572997532983155:report
raspberrypi 23:03:06.339 [main] INFO  edu.bjut.homo.myMain - meter_3518572997532983155:25706389
raspberrypi 23:03:06.339 [main] INFO  edu.bjut.homo.myMain - meter_2733772926912112293:report
raspberrypi 23:03:06.340 [main] INFO  edu.bjut.homo.myMain - meter_2733772926912112293:25931926
raspberrypi 23:03:06.340 [main] INFO  edu.bjut.homo.myMain - meter_7921286190815892635:report
raspberrypi 23:03:06.340 [main] INFO  edu.bjut.homo.myMain - meter_7921286190815892635:25766463
raspberrypi 23:03:06.340 [main] INFO  edu.bjut.homo.myMain - meter_7908931507374163217:report
raspberrypi 23:03:06.340 [main] INFO  edu.bjut.homo.myMain - meter_7908931507374163217:27396537
raspberrypi 23:03:06.340 [main] INFO  edu.bjut.homo.myMain - meter_6288038382119274889:report
raspberrypi 23:03:06.340 [main] INFO  edu.bjut.homo.myMain - meter_6288038382119274889:25800222
raspberrypi 23:03:06.340 [main] INFO  edu.bjut.homo.myMain - meter_2009831636619650805:report
raspberrypi 23:03:06.340 [main] INFO  edu.bjut.homo.myMain - meter_2009831636619650805:25844167
raspberrypi 23:03:06.340 [main] INFO  edu.bjut.homo.myMain - meter_559425121015055477:report
raspberrypi 23:03:06.340 [main] INFO  edu.bjut.homo.myMain - meter_559425121015055477:25903982
raspberrypi 23:03:06.340 [main] INFO  edu.bjut.homo.myMain - meter_6648130141570943623:report
raspberrypi 23:03:06.340 [main] INFO  edu.bjut.homo.myMain - meter_6648130141570943623:25798166
raspberrypi 23:03:06.340 [main] INFO  edu.bjut.homo.myMain - meter_1462628479064994861:report
raspberrypi 23:03:06.340 [main] INFO  edu.bjut.homo.myMain - meter_1462628479064994861:25800056
raspberrypi 23:03:06.340 [main] INFO  edu.bjut.homo.myMain - meter_3245435634421241011:report
raspberrypi 23:03:06.340 [main] INFO  edu.bjut.homo.myMain - meter_3245435634421241011:25764444
raspberrypi 23:03:06.341 [main] INFO  edu.bjut.homo.myMain - meter_5817394868885562415:report
raspberrypi 23:03:06.341 [main] INFO  edu.bjut.homo.myMain - meter_5817394868885562415:26998445
raspberrypi 23:03:06.341 [main] INFO  edu.bjut.homo.myMain - meter_7507330353539142931:report
raspberrypi 23:03:06.341 [main] INFO  edu.bjut.homo.myMain - meter_7507330353539142931:25864426
raspberrypi 23:03:06.341 [main] INFO  edu.bjut.homo.myMain - meter_8157235930235365157:report
raspberrypi 23:03:06.341 [main] INFO  edu.bjut.homo.myMain - meter_8157235930235365157:25913500
raspberrypi 23:03:06.341 [main] INFO  edu.bjut.homo.myMain - meter_3619941005149173115:report
raspberrypi 23:03:06.341 [main] INFO  edu.bjut.homo.myMain - meter_3619941005149173115:25967407
raspberrypi 23:03:06.341 [main] INFO  edu.bjut.homo.myMain - meter_7145226988411517717:report
raspberrypi 23:03:06.341 [main] INFO  edu.bjut.homo.myMain - meter_7145226988411517717:25787333
raspberrypi 23:03:06.341 [main] INFO  edu.bjut.homo.myMain - meter_7845963228764667555:report
raspberrypi 23:03:06.341 [main] INFO  edu.bjut.homo.myMain - meter_7845963228764667555:25807870
raspberrypi 23:03:06.341 [main] INFO  edu.bjut.homo.myMain - meter_1622330236756421967:report
raspberrypi 23:03:06.341 [main] INFO  edu.bjut.homo.myMain - meter_1622330236756421967:25807981
raspberrypi 23:03:06.341 [main] INFO  edu.bjut.homo.myMain - meter_2267633667296477595:report
raspberrypi 23:03:06.341 [main] INFO  edu.bjut.homo.myMain - meter_2267633667296477595:27400649
raspberrypi 23:03:06.341 [main] INFO  edu.bjut.homo.myMain - meter_1569189412379269531:report
raspberrypi 23:03:06.341 [main] INFO  edu.bjut.homo.myMain - meter_1569189412379269531:25814796
raspberrypi 23:03:06.342 [main] INFO  edu.bjut.homo.myMain - meter_3289751534017700619:report
raspberrypi 23:03:06.342 [main] INFO  edu.bjut.homo.myMain - meter_3289751534017700619:25833722
raspberrypi 23:03:06.342 [main] INFO  edu.bjut.homo.myMain - meter_9099245114950775353:report
raspberrypi 23:03:06.342 [main] INFO  edu.bjut.homo.myMain - meter_9099245114950775353:25918778
raspberrypi 23:03:06.342 [main] INFO  edu.bjut.homo.myMain - meter_3186737452283236753:report
raspberrypi 23:03:06.342 [main] INFO  edu.bjut.homo.myMain - meter_3186737452283236753:25834389
raspberrypi 23:03:06.342 [main] INFO  edu.bjut.homo.myMain - meter_4576282992864623157:report
raspberrypi 23:03:06.342 [main] INFO  edu.bjut.homo.myMain - meter_4576282992864623157:25850889
raspberrypi 23:03:06.342 [main] INFO  edu.bjut.homo.myMain - meter_5378996195609898743:report
raspberrypi 23:03:06.342 [main] INFO  edu.bjut.homo.myMain - meter_5378996195609898743:25827945
raspberrypi 23:03:06.342 [main] INFO  edu.bjut.homo.myMain - meter_6590204683832569911:report
raspberrypi 23:03:06.342 [main] INFO  edu.bjut.homo.myMain - meter_6590204683832569911:27113889
raspberrypi 23:03:06.342 [main] INFO  edu.bjut.homo.myMain - meter_5844082355360885081:report
raspberrypi 23:03:06.342 [main] INFO  edu.bjut.homo.myMain - meter_5844082355360885081:25870685
raspberrypi 23:03:06.342 [main] INFO  edu.bjut.homo.myMain - meter_4748932399661468429:report
raspberrypi 23:03:06.342 [main] INFO  edu.bjut.homo.myMain - meter_4748932399661468429:25862833
raspberrypi 23:03:06.343 [main] INFO  edu.bjut.homo.myMain - meter_7830261260965539733:report
raspberrypi 23:03:06.343 [main] INFO  edu.bjut.homo.myMain - meter_7830261260965539733:26188815
raspberrypi 23:03:06.343 [main] INFO  edu.bjut.homo.myMain - meter_2318893169470169101:report
raspberrypi 23:03:06.343 [main] INFO  edu.bjut.homo.myMain - meter_2318893169470169101:26117296
raspberrypi 23:03:06.343 [main] INFO  edu.bjut.homo.myMain - meter_8158290133906611673:report
raspberrypi 23:03:06.344 [main] INFO  edu.bjut.homo.myMain - meter_8158290133906611673:25809833
raspberrypi 23:03:06.344 [main] INFO  edu.bjut.homo.myMain - meter_692160116260993427:report
raspberrypi 23:03:06.344 [main] INFO  edu.bjut.homo.myMain - meter_692160116260993427:27409500
raspberrypi 23:03:06.344 [main] INFO  edu.bjut.homo.myMain - meter_6869134652773574915:report
raspberrypi 23:03:06.344 [main] INFO  edu.bjut.homo.myMain - meter_6869134652773574915:25759982
raspberrypi 23:03:06.344 [main] INFO  edu.bjut.homo.myMain - meter_8185849866310821685:report
raspberrypi 23:03:06.344 [main] INFO  edu.bjut.homo.myMain - meter_8185849866310821685:25763130
raspberrypi 23:03:06.344 [main] INFO  edu.bjut.homo.myMain - meter_1607585670978652271:report
raspberrypi 23:03:06.344 [main] INFO  edu.bjut.homo.myMain - meter_1607585670978652271:26238315
raspberrypi 23:03:06.344 [main] INFO  edu.bjut.homo.myMain - meter_1893408667755438105:report
raspberrypi 23:03:06.344 [main] INFO  edu.bjut.homo.myMain - meter_1893408667755438105:25995223
raspberrypi 23:03:06.344 [main] INFO  edu.bjut.homo.myMain - meter_694320714434555281:report
raspberrypi 23:03:06.344 [main] INFO  edu.bjut.homo.myMain - meter_694320714434555281:26269056
raspberrypi 23:03:11.660 [main] INFO  edu.bjut.homo.myMain - meterRegTime
raspberrypi 23:03:12.259 [main] INFO  edu.bjut.homo.myMain - kgc:reg_response,reg_response,reg_response,reg_response,reg_response,reg_response,reg_response,reg_response,reg_response,reg_response,reg_response,reg_response,reg_response,reg_response,reg_response,reg_response,reg_response,reg_response,reg_response,reg_response,reg_response,reg_response,reg_response,reg_response,reg_response,reg_response,reg_response,reg_response,reg_response,reg_response
raspberrypi 23:03:12.260 [main] INFO  edu.bjut.homo.myMain - kgc:19978667,19466111,19869778,19566815,19955518,19427445,19827907,21010074,19665574,19641852,19410759,19606000,20001112,19718166,19696593,19414574,20000000,19590241,19427037,19391981,19690000,19700148,19638186,21434371,19411889,20990111,20035370,19676389,19490370,19861908
raspberrypi 23:03:12.260 [main] INFO  edu.bjut.homo.myMain - meter_3662242936713595973:reg,reg_response
raspberrypi 23:03:12.260 [main] INFO  edu.bjut.homo.myMain - meter_3662242936713595973:133555,100871
raspberrypi 23:03:12.260 [main] INFO  edu.bjut.homo.myMain - meter_4412870618264656543:reg,reg_response
raspberrypi 23:03:12.260 [main] INFO  edu.bjut.homo.myMain - meter_4412870618264656543:32314,106759
raspberrypi 23:03:12.260 [main] INFO  edu.bjut.homo.myMain - meter_295474970215001589:reg,reg_response
raspberrypi 23:03:12.260 [main] INFO  edu.bjut.homo.myMain - meter_295474970215001589:31963,91445
raspberrypi 23:03:12.260 [main] INFO  edu.bjut.homo.myMain - meter_50750880756355053:reg,reg_response
raspberrypi 23:03:12.260 [main] INFO  edu.bjut.homo.myMain - meter_50750880756355053:45000,140722
raspberrypi 23:03:12.260 [main] INFO  edu.bjut.homo.myMain - meter_570770564866166709:reg,reg_response
raspberrypi 23:03:12.260 [main] INFO  edu.bjut.homo.myMain - meter_570770564866166709:35982,115667
raspberrypi 23:03:12.260 [main] INFO  edu.bjut.homo.myMain - meter_6075248737131517347:reg,reg_response
raspberrypi 23:03:12.260 [main] INFO  edu.bjut.homo.myMain - meter_6075248737131517347:32204,86982
raspberrypi 23:03:12.261 [main] INFO  edu.bjut.homo.myMain - meter_5830524647672870747:reg,reg_response
raspberrypi 23:03:12.261 [main] INFO  edu.bjut.homo.myMain - meter_5830524647672870747:31018,84167
raspberrypi 23:03:12.261 [main] INFO  edu.bjut.homo.myMain - meter_7200380689882106825:reg,reg_response
raspberrypi 23:03:12.261 [main] INFO  edu.bjut.homo.myMain - meter_7200380689882106825:31778,91426
raspberrypi 23:03:12.261 [main] INFO  edu.bjut.homo.myMain - meter_87266920942095755:reg,reg_response
raspberrypi 23:03:12.261 [main] INFO  edu.bjut.homo.myMain - meter_87266920942095755:30926,89592
raspberrypi 23:03:12.261 [main] INFO  edu.bjut.homo.myMain - meter_6377415038828035205:reg,reg_response
raspberrypi 23:03:12.261 [main] INFO  edu.bjut.homo.myMain - meter_6377415038828035205:31222,87148
raspberrypi 23:03:12.261 [main] INFO  edu.bjut.homo.myMain - meter_3766231509076581609:reg,reg_response
raspberrypi 23:03:12.261 [main] INFO  edu.bjut.homo.myMain - meter_3766231509076581609:32185,86297
raspberrypi 23:03:12.262 [main] INFO  edu.bjut.homo.myMain - meter_6744712420592344837:reg,reg_response
raspberrypi 23:03:12.262 [main] INFO  edu.bjut.homo.myMain - meter_6744712420592344837:30056,81685
raspberrypi 23:03:12.262 [main] INFO  edu.bjut.homo.myMain - meter_7725678451521254473:reg,reg_response
raspberrypi 23:03:12.262 [main] INFO  edu.bjut.homo.myMain - meter_7725678451521254473:30944,85741
raspberrypi 23:03:12.262 [main] INFO  edu.bjut.homo.myMain - meter_6039603671457120891:reg,reg_response
raspberrypi 23:03:12.262 [main] INFO  edu.bjut.homo.myMain - meter_6039603671457120891:30314,118592
raspberrypi 23:03:12.262 [main] INFO  edu.bjut.homo.myMain - meter_6936242748609860155:reg,reg_response
raspberrypi 23:03:12.262 [main] INFO  edu.bjut.homo.myMain - meter_6936242748609860155:32741,107704
raspberrypi 23:03:12.262 [main] INFO  edu.bjut.homo.myMain - meter_3126522384282730067:reg,reg_response
raspberrypi 23:03:12.262 [main] INFO  edu.bjut.homo.myMain - meter_3126522384282730067:31334,89037
raspberrypi 23:03:12.262 [main] INFO  edu.bjut.homo.myMain - meter_6302963051304931833:reg,reg_response
raspberrypi 23:03:12.262 [main] INFO  edu.bjut.homo.myMain - meter_6302963051304931833:43815,87722
raspberrypi 23:03:12.262 [main] INFO  edu.bjut.homo.myMain - meter_7473385402887146519:reg,reg_response
raspberrypi 23:03:12.263 [main] INFO  edu.bjut.homo.myMain - meter_7473385402887146519:32130,101982
raspberrypi 23:03:12.263 [main] INFO  edu.bjut.homo.myMain - meter_4932517509544286345:reg,reg_response
raspberrypi 23:03:12.263 [main] INFO  edu.bjut.homo.myMain - meter_4932517509544286345:31148,84963
raspberrypi 23:03:12.263 [main] INFO  edu.bjut.homo.myMain - meter_4498390036496379161:reg,reg_response
raspberrypi 23:03:12.263 [main] INFO  edu.bjut.homo.myMain - meter_4498390036496379161:70000,91889
raspberrypi 23:03:12.263 [main] INFO  edu.bjut.homo.myMain - meter_9192120247470881907:reg,reg_response
raspberrypi 23:03:12.263 [main] INFO  edu.bjut.homo.myMain - meter_9192120247470881907:31945,85556
raspberrypi 23:03:12.263 [main] INFO  edu.bjut.homo.myMain - meter_7326503028479156429:reg,reg_response
raspberrypi 23:03:12.263 [main] INFO  edu.bjut.homo.myMain - meter_7326503028479156429:32167,134018
raspberrypi 23:03:12.263 [main] INFO  edu.bjut.homo.myMain - meter_4999990037426562505:reg,reg_response
raspberrypi 23:03:12.263 [main] INFO  edu.bjut.homo.myMain - meter_4999990037426562505:37370,106370
raspberrypi 23:03:12.264 [main] INFO  edu.bjut.homo.myMain - meter_2297355843618850023:reg,reg_response
raspberrypi 23:03:12.264 [main] INFO  edu.bjut.homo.myMain - meter_2297355843618850023:31240,86815
raspberrypi 23:03:12.264 [main] INFO  edu.bjut.homo.myMain - meter_4597690035193181237:reg,reg_response
raspberrypi 23:03:12.264 [main] INFO  edu.bjut.homo.myMain - meter_4597690035193181237:29685,91704
raspberrypi 23:03:12.264 [main] INFO  edu.bjut.homo.myMain - meter_4832437845583028743:reg,reg_response
raspberrypi 23:03:12.264 [main] INFO  edu.bjut.homo.myMain - meter_4832437845583028743:31851,88334
raspberrypi 23:03:12.264 [main] INFO  edu.bjut.homo.myMain - meter_6105874278899704813:reg,reg_response
raspberrypi 23:03:12.264 [main] INFO  edu.bjut.homo.myMain - meter_6105874278899704813:30481,86259
raspberrypi 23:03:12.264 [main] INFO  edu.bjut.homo.myMain - meter_7254392493082216227:reg,reg_response
raspberrypi 23:03:12.264 [main] INFO  edu.bjut.homo.myMain - meter_7254392493082216227:30296,124519
raspberrypi 23:03:12.264 [main] INFO  edu.bjut.homo.myMain - meter_3308076433214669115:reg,reg_response
raspberrypi 23:03:12.264 [main] INFO  edu.bjut.homo.myMain - meter_3308076433214669115:32167,87259
raspberrypi 23:03:12.264 [main] INFO  edu.bjut.homo.myMain - meter_4307729592101937737:reg,reg_response
raspberrypi 23:03:12.264 [main] INFO  edu.bjut.homo.myMain - meter_4307729592101937737:31037,88092
raspberrypi 23:03:12.265 [main] INFO  edu.bjut.homo.myMain - oneTimeMeterRepTime
raspberrypi 23:03:13.569 [main] INFO  edu.bjut.homo.myMain - agg:resp_agg
raspberrypi 23:03:13.570 [main] INFO  edu.bjut.homo.myMain - agg:477282481
raspberrypi 23:03:13.570 [main] INFO  edu.bjut.homo.myMain - server:report_res
raspberrypi 23:03:13.570 [main] INFO  edu.bjut.homo.myMain - server:38060722
raspberrypi 23:03:13.570 [main] INFO  edu.bjut.homo.myMain - meter_3662242936713595973:report
raspberrypi 23:03:13.570 [main] INFO  edu.bjut.homo.myMain - meter_3662242936713595973:26597352
raspberrypi 23:03:13.570 [main] INFO  edu.bjut.homo.myMain - meter_4412870618264656543:report
raspberrypi 23:03:13.570 [main] INFO  edu.bjut.homo.myMain - meter_4412870618264656543:26007796
raspberrypi 23:03:13.570 [main] INFO  edu.bjut.homo.myMain - meter_295474970215001589:report
raspberrypi 23:03:13.570 [main] INFO  edu.bjut.homo.myMain - meter_295474970215001589:25821759
raspberrypi 23:03:13.570 [main] INFO  edu.bjut.homo.myMain - meter_50750880756355053:report
raspberrypi 23:03:13.571 [main] INFO  edu.bjut.homo.myMain - meter_50750880756355053:25773871
raspberrypi 23:03:13.571 [main] INFO  edu.bjut.homo.myMain - meter_570770564866166709:report
raspberrypi 23:03:13.571 [main] INFO  edu.bjut.homo.myMain - meter_570770564866166709:25797426
raspberrypi 23:03:13.571 [main] INFO  edu.bjut.homo.myMain - meter_6075248737131517347:report
raspberrypi 23:03:13.571 [main] INFO  edu.bjut.homo.myMain - meter_6075248737131517347:27449315
raspberrypi 23:03:13.571 [main] INFO  edu.bjut.homo.myMain - meter_5830524647672870747:report
raspberrypi 23:03:13.571 [main] INFO  edu.bjut.homo.myMain - meter_5830524647672870747:26722575
raspberrypi 23:03:13.571 [main] INFO  edu.bjut.homo.myMain - meter_7200380689882106825:report
raspberrypi 23:03:13.571 [main] INFO  edu.bjut.homo.myMain - meter_7200380689882106825:25969408
raspberrypi 23:03:13.571 [main] INFO  edu.bjut.homo.myMain - meter_87266920942095755:report
raspberrypi 23:03:13.571 [main] INFO  edu.bjut.homo.myMain - meter_87266920942095755:25783852
raspberrypi 23:03:13.571 [main] INFO  edu.bjut.homo.myMain - meter_6377415038828035205:report
raspberrypi 23:03:13.571 [main] INFO  edu.bjut.homo.myMain - meter_6377415038828035205:25861537
raspberrypi 23:03:13.571 [main] INFO  edu.bjut.homo.myMain - meter_3766231509076581609:report
raspberrypi 23:03:13.571 [main] INFO  edu.bjut.homo.myMain - meter_3766231509076581609:25896056
raspberrypi 23:03:13.571 [main] INFO  edu.bjut.homo.myMain - meter_6744712420592344837:report
raspberrypi 23:03:13.571 [main] INFO  edu.bjut.homo.myMain - meter_6744712420592344837:27212482
raspberrypi 23:03:13.571 [main] INFO  edu.bjut.homo.myMain - meter_7725678451521254473:report
raspberrypi 23:03:13.572 [main] INFO  edu.bjut.homo.myMain - meter_7725678451521254473:25692000
raspberrypi 23:03:13.572 [main] INFO  edu.bjut.homo.myMain - meter_6039603671457120891:report
raspberrypi 23:03:13.572 [main] INFO  edu.bjut.homo.myMain - meter_6039603671457120891:25755185
raspberrypi 23:03:13.572 [main] INFO  edu.bjut.homo.myMain - meter_6936242748609860155:report
raspberrypi 23:03:13.572 [main] INFO  edu.bjut.homo.myMain - meter_6936242748609860155:25751482
raspberrypi 23:03:13.572 [main] INFO  edu.bjut.homo.myMain - meter_3126522384282730067:report
raspberrypi 23:03:13.572 [main] INFO  edu.bjut.homo.myMain - meter_3126522384282730067:25886926
raspberrypi 23:03:13.572 [main] INFO  edu.bjut.homo.myMain - meter_6302963051304931833:report
raspberrypi 23:03:13.572 [main] INFO  edu.bjut.homo.myMain - meter_6302963051304931833:25727426
raspberrypi 23:03:13.572 [main] INFO  edu.bjut.homo.myMain - meter_7473385402887146519:report
raspberrypi 23:03:13.572 [main] INFO  edu.bjut.homo.myMain - meter_7473385402887146519:25752186
raspberrypi 23:03:13.572 [main] INFO  edu.bjut.homo.myMain - meter_4932517509544286345:report
raspberrypi 23:03:13.572 [main] INFO  edu.bjut.homo.myMain - meter_4932517509544286345:26963370
raspberrypi 23:03:13.572 [main] INFO  edu.bjut.homo.myMain - meter_4498390036496379161:report
raspberrypi 23:03:13.572 [main] INFO  edu.bjut.homo.myMain - meter_4498390036496379161:26478907
raspberrypi 23:03:13.572 [main] INFO  edu.bjut.homo.myMain - meter_9192120247470881907:report
raspberrypi 23:03:13.572 [main] INFO  edu.bjut.homo.myMain - meter_9192120247470881907:26156741
raspberrypi 23:03:13.573 [main] INFO  edu.bjut.homo.myMain - meter_7326503028479156429:report
raspberrypi 23:03:13.573 [main] INFO  edu.bjut.homo.myMain - meter_7326503028479156429:26110982
raspberrypi 23:03:13.573 [main] INFO  edu.bjut.homo.myMain - meter_4999990037426562505:report
raspberrypi 23:03:13.573 [main] INFO  edu.bjut.homo.myMain - meter_4999990037426562505:25807556
raspberrypi 23:03:13.573 [main] INFO  edu.bjut.homo.myMain - meter_2297355843618850023:report
raspberrypi 23:03:13.573 [main] INFO  edu.bjut.homo.myMain - meter_2297355843618850023:27399425
raspberrypi 23:03:13.573 [main] INFO  edu.bjut.homo.myMain - meter_4597690035193181237:report
raspberrypi 23:03:13.573 [main] INFO  edu.bjut.homo.myMain - meter_4597690035193181237:26254630
raspberrypi 23:03:13.573 [main] INFO  edu.bjut.homo.myMain - meter_4832437845583028743:report
raspberrypi 23:03:13.573 [main] INFO  edu.bjut.homo.myMain - meter_4832437845583028743:27553407
raspberrypi 23:03:13.573 [main] INFO  edu.bjut.homo.myMain - meter_6105874278899704813:report
raspberrypi 23:03:13.573 [main] INFO  edu.bjut.homo.myMain - meter_6105874278899704813:26060519
raspberrypi 23:03:13.573 [main] INFO  edu.bjut.homo.myMain - meter_7254392493082216227:report
raspberrypi 23:03:13.573 [main] INFO  edu.bjut.homo.myMain - meter_7254392493082216227:25960981
raspberrypi 23:03:13.573 [main] INFO  edu.bjut.homo.myMain - meter_3308076433214669115:report
raspberrypi 23:03:13.573 [main] INFO  edu.bjut.homo.myMain - meter_3308076433214669115:26134185
raspberrypi 23:03:13.573 [main] INFO  edu.bjut.homo.myMain - meter_4307729592101937737:report
raspberrypi 23:03:13.573 [main] INFO  edu.bjut.homo.myMain - meter_4307729592101937737:27289482
raspberrypi 23:03:17.877 [main] INFO  edu.bjut.homo.myMain - meterRegTime
raspberrypi 23:03:18.283 [main] INFO  edu.bjut.homo.myMain - kgc:reg_response,reg_response,reg_response,reg_response,reg_response,reg_response,reg_response,reg_response,reg_response,reg_response,reg_response,reg_response,reg_response,reg_response,reg_response,reg_response,reg_response,reg_response,reg_response,reg_response
raspberrypi 23:03:18.283 [main] INFO  edu.bjut.homo.myMain - kgc:20156278,19627389,20350167,20055185,19537982,19470814,19684092,19867351,21796667,19403685,19735648,19756666,19352278,20255130,20096741,19722481,19751222,19881611,20084315,20691796
raspberrypi 23:03:18.283 [main] INFO  edu.bjut.homo.myMain - meter_1485550212561190709:reg,reg_response
raspberrypi 23:03:18.283 [main] INFO  edu.bjut.homo.myMain - meter_1485550212561190709:131796,87500
raspberrypi 23:03:18.283 [main] INFO  edu.bjut.homo.myMain - meter_2748845325767830393:reg,reg_response
raspberrypi 23:03:18.283 [main] INFO  edu.bjut.homo.myMain - meter_2748845325767830393:31444,85797
raspberrypi 23:03:18.283 [main] INFO  edu.bjut.homo.myMain - meter_2283760265511758759:reg,reg_response
raspberrypi 23:03:18.283 [main] INFO  edu.bjut.homo.myMain - meter_2283760265511758759:31203,84500
raspberrypi 23:03:18.283 [main] INFO  edu.bjut.homo.myMain - meter_964109526083097255:reg,reg_response
raspberrypi 23:03:18.283 [main] INFO  edu.bjut.homo.myMain - meter_964109526083097255:31018,89667
raspberrypi 23:03:18.284 [main] INFO  edu.bjut.homo.myMain - meter_4544455522050161763:reg,reg_response
raspberrypi 23:03:18.284 [main] INFO  edu.bjut.homo.myMain - meter_4544455522050161763:30018,87148
raspberrypi 23:03:18.284 [main] INFO  edu.bjut.homo.myMain - meter_8455638682254199659:reg,reg_response
raspberrypi 23:03:18.284 [main] INFO  edu.bjut.homo.myMain - meter_8455638682254199659:29519,85278
raspberrypi 23:03:18.284 [main] INFO  edu.bjut.homo.myMain - meter_3110673794915039557:reg,reg_response
raspberrypi 23:03:18.284 [main] INFO  edu.bjut.homo.myMain - meter_3110673794915039557:31445,85445
raspberrypi 23:03:18.284 [main] INFO  edu.bjut.homo.myMain - meter_5583198177257633089:reg,reg_response
raspberrypi 23:03:18.284 [main] INFO  edu.bjut.homo.myMain - meter_5583198177257633089:30704,2886463
raspberrypi 23:03:18.284 [main] INFO  edu.bjut.homo.myMain - meter_8470934371072078517:reg,reg_response
raspberrypi 23:03:18.284 [main] INFO  edu.bjut.homo.myMain - meter_8470934371072078517:43148,109740
raspberrypi 23:03:18.284 [main] INFO  edu.bjut.homo.myMain - meter_6518926750730636727:reg,reg_response
raspberrypi 23:03:18.284 [main] INFO  edu.bjut.homo.myMain - meter_6518926750730636727:29408,169833
raspberrypi 23:03:18.285 [main] INFO  edu.bjut.homo.myMain - meter_6588692363593973941:reg,reg_response
raspberrypi 23:03:18.285 [main] INFO  edu.bjut.homo.myMain - meter_6588692363593973941:33759,93241
raspberrypi 23:03:18.285 [main] INFO  edu.bjut.homo.myMain - meter_3583609289323280353:reg,reg_response
raspberrypi 23:03:18.285 [main] INFO  edu.bjut.homo.myMain - meter_3583609289323280353:32000,71371
raspberrypi 23:03:18.285 [main] INFO  edu.bjut.homo.myMain - meter_1593437192321749759:reg,reg_response
raspberrypi 23:03:18.285 [main] INFO  edu.bjut.homo.myMain - meter_1593437192321749759:31648,74185
raspberrypi 23:03:18.285 [main] INFO  edu.bjut.homo.myMain - meter_2461693233617511633:reg,reg_response
raspberrypi 23:03:18.285 [main] INFO  edu.bjut.homo.myMain - meter_2461693233617511633:31296,189093
raspberrypi 23:03:18.285 [main] INFO  edu.bjut.homo.myMain - meter_8732688424191758189:reg,reg_response
raspberrypi 23:03:18.285 [main] INFO  edu.bjut.homo.myMain - meter_8732688424191758189:36074,127444
raspberrypi 23:03:18.285 [main] INFO  edu.bjut.homo.myMain - meter_5061076084250158879:reg,reg_response
raspberrypi 23:03:18.285 [main] INFO  edu.bjut.homo.myMain - meter_5061076084250158879:33334,149778
raspberrypi 23:03:18.285 [main] INFO  edu.bjut.homo.myMain - meter_4528517392305215445:reg,reg_response
raspberrypi 23:03:18.285 [main] INFO  edu.bjut.homo.myMain - meter_4528517392305215445:37667,126833
raspberrypi 23:03:18.285 [main] INFO  edu.bjut.homo.myMain - meter_6589333709304448295:reg,reg_response
raspberrypi 23:03:18.285 [main] INFO  edu.bjut.homo.myMain - meter_6589333709304448295:34667,134592
raspberrypi 23:03:18.286 [main] INFO  edu.bjut.homo.myMain - meter_6488612703944461789:reg,reg_response
raspberrypi 23:03:18.286 [main] INFO  edu.bjut.homo.myMain - meter_6488612703944461789:35167,91000
raspberrypi 23:03:18.286 [main] INFO  edu.bjut.homo.myMain - meter_6984416990456398063:reg,reg_response
raspberrypi 23:03:18.286 [main] INFO  edu.bjut.homo.myMain - meter_6984416990456398063:32037,119555
raspberrypi 23:03:18.287 [main] INFO  edu.bjut.homo.myMain - oneTimeMeterRepTime
raspberrypi 23:03:19.148 [main] INFO  edu.bjut.homo.myMain - agg:resp_agg
raspberrypi 23:03:19.148 [main] INFO  edu.bjut.homo.myMain - agg:301182611
raspberrypi 23:03:19.149 [main] INFO  edu.bjut.homo.myMain - server:report_res
raspberrypi 23:03:19.149 [main] INFO  edu.bjut.homo.myMain - server:38019722
raspberrypi 23:03:19.149 [main] INFO  edu.bjut.homo.myMain - meter_1485550212561190709:report
raspberrypi 23:03:19.149 [main] INFO  edu.bjut.homo.myMain - meter_1485550212561190709:25958314
raspberrypi 23:03:19.149 [main] INFO  edu.bjut.homo.myMain - meter_2748845325767830393:report
raspberrypi 23:03:19.149 [main] INFO  edu.bjut.homo.myMain - meter_2748845325767830393:25787722
raspberrypi 23:03:19.149 [main] INFO  edu.bjut.homo.myMain - meter_2283760265511758759:report
raspberrypi 23:03:19.149 [main] INFO  edu.bjut.homo.myMain - meter_2283760265511758759:27498963
raspberrypi 23:03:19.149 [main] INFO  edu.bjut.homo.myMain - meter_964109526083097255:report
raspberrypi 23:03:19.149 [main] INFO  edu.bjut.homo.myMain - meter_964109526083097255:25686000
raspberrypi 23:03:19.149 [main] INFO  edu.bjut.homo.myMain - meter_4544455522050161763:report
raspberrypi 23:03:19.149 [main] INFO  edu.bjut.homo.myMain - meter_4544455522050161763:25762723
raspberrypi 23:03:19.149 [main] INFO  edu.bjut.homo.myMain - meter_8455638682254199659:report
raspberrypi 23:03:19.149 [main] INFO  edu.bjut.homo.myMain - meter_8455638682254199659:25862222
raspberrypi 23:03:19.149 [main] INFO  edu.bjut.homo.myMain - meter_3110673794915039557:report
raspberrypi 23:03:19.149 [main] INFO  edu.bjut.homo.myMain - meter_3110673794915039557:25805074
raspberrypi 23:03:19.149 [main] INFO  edu.bjut.homo.myMain - meter_5583198177257633089:report
raspberrypi 23:03:19.149 [main] INFO  edu.bjut.homo.myMain - meter_5583198177257633089:25736056
raspberrypi 23:03:19.149 [main] INFO  edu.bjut.homo.myMain - meter_8470934371072078517:report
raspberrypi 23:03:19.149 [main] INFO  edu.bjut.homo.myMain - meter_8470934371072078517:25756055
raspberrypi 23:03:19.150 [main] INFO  edu.bjut.homo.myMain - meter_6518926750730636727:report
raspberrypi 23:03:19.150 [main] INFO  edu.bjut.homo.myMain - meter_6518926750730636727:27414019
raspberrypi 23:03:19.150 [main] INFO  edu.bjut.homo.myMain - meter_6588692363593973941:report
raspberrypi 23:03:19.150 [main] INFO  edu.bjut.homo.myMain - meter_6588692363593973941:25809685
raspberrypi 23:03:19.150 [main] INFO  edu.bjut.homo.myMain - meter_3583609289323280353:report
raspberrypi 23:03:19.150 [main] INFO  edu.bjut.homo.myMain - meter_3583609289323280353:25753037
raspberrypi 23:03:19.150 [main] INFO  edu.bjut.homo.myMain - meter_1593437192321749759:report
raspberrypi 23:03:19.150 [main] INFO  edu.bjut.homo.myMain - meter_1593437192321749759:25763056
raspberrypi 23:03:19.150 [main] INFO  edu.bjut.homo.myMain - meter_2461693233617511633:report
raspberrypi 23:03:19.150 [main] INFO  edu.bjut.homo.myMain - meter_2461693233617511633:25821963
raspberrypi 23:03:19.150 [main] INFO  edu.bjut.homo.myMain - meter_8732688424191758189:report
raspberrypi 23:03:19.150 [main] INFO  edu.bjut.homo.myMain - meter_8732688424191758189:25781907
raspberrypi 23:03:19.150 [main] INFO  edu.bjut.homo.myMain - meter_5061076084250158879:report
raspberrypi 23:03:19.150 [main] INFO  edu.bjut.homo.myMain - meter_5061076084250158879:25981518
raspberrypi 23:03:19.150 [main] INFO  edu.bjut.homo.myMain - meter_4528517392305215445:report
raspberrypi 23:03:19.150 [main] INFO  edu.bjut.homo.myMain - meter_4528517392305215445:27584722
raspberrypi 23:03:19.150 [main] INFO  edu.bjut.homo.myMain - meter_6589333709304448295:report
raspberrypi 23:03:19.150 [main] INFO  edu.bjut.homo.myMain - meter_6589333709304448295:25668352
raspberrypi 23:03:19.150 [main] INFO  edu.bjut.homo.myMain - meter_6488612703944461789:report
raspberrypi 23:03:19.150 [main] INFO  edu.bjut.homo.myMain - meter_6488612703944461789:25766611
raspberrypi 23:03:19.150 [main] INFO  edu.bjut.homo.myMain - meter_6984416990456398063:report
raspberrypi 23:03:19.150 [main] INFO  edu.bjut.homo.myMain - meter_6984416990456398063:25696389
