raspberrypi 22:19:13.357 [main] INFO  edu.bjut.boudia.myMain - oneTimeMeterRegTime
raspberrypi 22:19:15.591 [main] INFO  edu.bjut.boudia.myMain - server:pubkey
raspberrypi 22:19:15.591 [main] INFO  edu.bjut.boudia.myMain - server:792833
raspberrypi 22:19:15.612 [main] INFO  edu.bjut.boudia.myMain - agg:regMsg,regMsg,regMsg,regMsg,regMsg,regMsg,regMsg,regMsg,regMsg,regMsg,regMsg,regMsg,regMsg,regMsg,regMsg,regMsg,regMsg,regMsg,regMsg,regMsg,regMsg,regMsg,regMsg,regMsg,regMsg,regMsg,regMsg,regMsg,regMsg,regMsg,regMsg,regMsg,regMsg,regMsg,regMsg,regMsg,regMsg,regMsg,regMsg,regMsg,regMsg,regMsg,regMsg,regMsg,regMsg,regMsg,regMsg,regMsg,regMsg,regMsg,regMsg,regMsg,regMsg,regMsg,regMsg,regMsg,regMsg,regMsg,regMsg,regMsg
raspberrypi 22:19:15.613 [main] INFO  edu.bjut.boudia.myMain - agg:18625500,18453074,18516037,18408815,18429203,18412519,18660981,18404722,29576407,18441111,18460759,18387704,18382074,18342907,18510889,18057277,18131814,18140667,18081519,18024204,18008259,18079426,18016185,18407870,18702055,18528685,18102371,18106556,18081703,18068944,18004074,17962112,21306223,18216741,18034240,18026037,18073482,17989852,18029241,18140926,18081852,18276019,18027315,18097166,19643037,17976389,18056333,18009908,18189092,18211963,18101685,18035370,18184389,18066481,18016574,18094815,19570278,17994185,17976241,17952592
raspberrypi 22:19:15.613 [main] INFO  edu.bjut.boudia.myMain - meter_9127994002851605283:regMsg,reg_backagg,reg_cc
raspberrypi 22:19:15.614 [main] INFO  edu.bjut.boudia.myMain - meter_9127994002851605283:9056,18687703,47463
raspberrypi 22:19:15.614 [main] INFO  edu.bjut.boudia.myMain - meter_8947513841252459607:regMsg,reg_backagg,reg_cc
raspberrypi 22:19:15.614 [main] INFO  edu.bjut.boudia.myMain - meter_8947513841252459607:2500,18565704,2981
raspberrypi 22:19:15.615 [main] INFO  edu.bjut.boudia.myMain - meter_8931423157723100437:regMsg,reg_backagg,reg_cc
raspberrypi 22:19:15.615 [main] INFO  edu.bjut.boudia.myMain - meter_8931423157723100437:2908,18195963,2593
raspberrypi 22:19:15.615 [main] INFO  edu.bjut.boudia.myMain - meter_6773324549625371743:regMsg,reg_backagg,reg_cc
raspberrypi 22:19:15.616 [main] INFO  edu.bjut.boudia.myMain - meter_6773324549625371743:3129,18467296,3259
raspberrypi 22:19:15.616 [main] INFO  edu.bjut.boudia.myMain - meter_5487796848643601033:regMsg,reg_backagg,reg_cc
raspberrypi 22:19:15.616 [main] INFO  edu.bjut.boudia.myMain - meter_5487796848643601033:2686,18372982,2611
raspberrypi 22:19:15.616 [main] INFO  edu.bjut.boudia.myMain - meter_7701971910700826421:regMsg,reg_backagg,reg_cc
raspberrypi 22:19:15.617 [main] INFO  edu.bjut.boudia.myMain - meter_7701971910700826421:3092,18114704,3166
raspberrypi 22:19:15.617 [main] INFO  edu.bjut.boudia.myMain - meter_3052771803379699663:regMsg,reg_backagg,reg_cc
raspberrypi 22:19:15.617 [main] INFO  edu.bjut.boudia.myMain - meter_3052771803379699663:2834,18510908,3352
raspberrypi 22:19:15.617 [main] INFO  edu.bjut.boudia.myMain - meter_4384092576862052823:regMsg,reg_backagg,reg_cc
raspberrypi 22:19:15.617 [main] INFO  edu.bjut.boudia.myMain - meter_4384092576862052823:2907,18460092,2870
raspberrypi 22:19:15.618 [main] INFO  edu.bjut.boudia.myMain - meter_6164348512162140861:regMsg,reg_backagg,reg_cc
raspberrypi 22:19:15.618 [main] INFO  edu.bjut.boudia.myMain - meter_6164348512162140861:2685,18410982,2630
raspberrypi 22:19:15.618 [main] INFO  edu.bjut.boudia.myMain - meter_585000069239682301:regMsg,reg_backagg,reg_cc
raspberrypi 22:19:15.618 [main] INFO  edu.bjut.boudia.myMain - meter_585000069239682301:3370,18483481,2685
raspberrypi 22:19:15.618 [main] INFO  edu.bjut.boudia.myMain - meter_1023574592992398479:regMsg,reg_backagg,reg_cc
raspberrypi 22:19:15.618 [main] INFO  edu.bjut.boudia.myMain - meter_1023574592992398479:2870,18495889,3148
raspberrypi 22:19:15.619 [main] INFO  edu.bjut.boudia.myMain - meter_323379334025519505:regMsg,reg_backagg,reg_cc
raspberrypi 22:19:15.619 [main] INFO  edu.bjut.boudia.myMain - meter_323379334025519505:2833,18690186,2796
raspberrypi 22:19:15.619 [main] INFO  edu.bjut.boudia.myMain - meter_3487054145216772115:regMsg,reg_backagg,reg_cc
raspberrypi 22:19:15.620 [main] INFO  edu.bjut.boudia.myMain - meter_3487054145216772115:2926,18206334,2129
raspberrypi 22:19:15.620 [main] INFO  edu.bjut.boudia.myMain - meter_4207746073028133755:regMsg,reg_backagg,reg_cc
raspberrypi 22:19:15.620 [main] INFO  edu.bjut.boudia.myMain - meter_4207746073028133755:2685,18794907,2704
raspberrypi 22:19:15.620 [main] INFO  edu.bjut.boudia.myMain - meter_3609445591356348067:regMsg,reg_backagg,reg_cc
raspberrypi 22:19:15.620 [main] INFO  edu.bjut.boudia.myMain - meter_3609445591356348067:2778,17911685,2815
raspberrypi 22:19:15.621 [main] INFO  edu.bjut.boudia.myMain - meter_334779068906301269:regMsg,reg_backagg,reg_cc
raspberrypi 22:19:15.621 [main] INFO  edu.bjut.boudia.myMain - meter_334779068906301269:2703,17999741,3056
raspberrypi 22:19:15.621 [main] INFO  edu.bjut.boudia.myMain - meter_3957035730673478677:regMsg,reg_backagg,reg_cc
raspberrypi 22:19:15.621 [main] INFO  edu.bjut.boudia.myMain - meter_3957035730673478677:3204,18272092,2722
raspberrypi 22:19:15.621 [main] INFO  edu.bjut.boudia.myMain - meter_72192466843468513:regMsg,reg_backagg,reg_cc
raspberrypi 22:19:15.621 [main] INFO  edu.bjut.boudia.myMain - meter_72192466843468513:2982,18150296,3111
raspberrypi 22:19:15.622 [main] INFO  edu.bjut.boudia.myMain - meter_4357538164572139967:regMsg,reg_backagg,reg_cc
raspberrypi 22:19:15.622 [main] INFO  edu.bjut.boudia.myMain - meter_4357538164572139967:2981,18281648,3000
raspberrypi 22:19:15.622 [main] INFO  edu.bjut.boudia.myMain - meter_7317916022739315137:regMsg,reg_backagg,reg_cc
raspberrypi 22:19:15.623 [main] INFO  edu.bjut.boudia.myMain - meter_7317916022739315137:2704,30546222,2852
raspberrypi 22:19:15.623 [main] INFO  edu.bjut.boudia.myMain - meter_7329908414508120885:regMsg,reg_backagg,reg_cc
raspberrypi 22:19:15.623 [main] INFO  edu.bjut.boudia.myMain - meter_7329908414508120885:2593,17719074,3241
raspberrypi 22:19:15.623 [main] INFO  edu.bjut.boudia.myMain - meter_1934065573052611775:regMsg,reg_backagg,reg_cc
raspberrypi 22:19:15.623 [main] INFO  edu.bjut.boudia.myMain - meter_1934065573052611775:2759,17974982,3574
raspberrypi 22:19:15.624 [main] INFO  edu.bjut.boudia.myMain - meter_6377074478199335687:regMsg,reg_backagg,reg_cc
raspberrypi 22:19:15.624 [main] INFO  edu.bjut.boudia.myMain - meter_6377074478199335687:3370,18222851,3778
raspberrypi 22:19:15.624 [main] INFO  edu.bjut.boudia.myMain - meter_4275249042047691767:regMsg,reg_backagg,reg_cc
raspberrypi 22:19:15.625 [main] INFO  edu.bjut.boudia.myMain - meter_4275249042047691767:3297,18568037,3296
raspberrypi 22:19:15.625 [main] INFO  edu.bjut.boudia.myMain - meter_4384542008811746805:regMsg,reg_backagg,reg_cc
raspberrypi 22:19:15.625 [main] INFO  edu.bjut.boudia.myMain - meter_4384542008811746805:2759,18777704,4000
raspberrypi 22:19:15.625 [main] INFO  edu.bjut.boudia.myMain - meter_3301436051507381409:regMsg,reg_backagg,reg_cc
raspberrypi 22:19:15.625 [main] INFO  edu.bjut.boudia.myMain - meter_3301436051507381409:3130,18645963,3537
raspberrypi 22:19:15.626 [main] INFO  edu.bjut.boudia.myMain - meter_8214090520054867559:regMsg,reg_backagg,reg_cc
raspberrypi 22:19:15.626 [main] INFO  edu.bjut.boudia.myMain - meter_8214090520054867559:2741,18284444,3963
raspberrypi 22:19:15.626 [main] INFO  edu.bjut.boudia.myMain - meter_7586585786319636189:regMsg,reg_backagg,reg_cc
raspberrypi 22:19:15.626 [main] INFO  edu.bjut.boudia.myMain - meter_7586585786319636189:3204,18173648,3222
raspberrypi 22:19:15.627 [main] INFO  edu.bjut.boudia.myMain - meter_2799109802274956663:regMsg,reg_backagg,reg_cc
raspberrypi 22:19:15.627 [main] INFO  edu.bjut.boudia.myMain - meter_2799109802274956663:3074,17885167,3630
raspberrypi 22:19:15.627 [main] INFO  edu.bjut.boudia.myMain - meter_3966487102467595313:regMsg,reg_backagg,reg_cc
raspberrypi 22:19:15.627 [main] INFO  edu.bjut.boudia.myMain - meter_3966487102467595313:2778,18089963,3444
raspberrypi 22:19:15.628 [main] INFO  edu.bjut.boudia.myMain - meter_6967744166980102807:regMsg,reg_backagg,reg_cc
raspberrypi 22:19:15.628 [main] INFO  edu.bjut.boudia.myMain - meter_6967744166980102807:2740,18178278,2925
raspberrypi 22:19:15.628 [main] INFO  edu.bjut.boudia.myMain - meter_1186258065198441699:regMsg,reg_backagg,reg_cc
raspberrypi 22:19:15.628 [main] INFO  edu.bjut.boudia.myMain - meter_1186258065198441699:3963,17913759,3204
raspberrypi 22:19:15.628 [main] INFO  edu.bjut.boudia.myMain - meter_1203313021288768805:regMsg,reg_backagg,reg_cc
raspberrypi 22:19:15.629 [main] INFO  edu.bjut.boudia.myMain - meter_1203313021288768805:2611,18107741,3648
raspberrypi 22:19:15.629 [main] INFO  edu.bjut.boudia.myMain - meter_5709983306139746609:regMsg,reg_backagg,reg_cc
raspberrypi 22:19:15.629 [main] INFO  edu.bjut.boudia.myMain - meter_5709983306139746609:2481,17871555,2926
raspberrypi 22:19:15.629 [main] INFO  edu.bjut.boudia.myMain - meter_5667034307895258361:regMsg,reg_backagg,reg_cc
raspberrypi 22:19:15.629 [main] INFO  edu.bjut.boudia.myMain - meter_5667034307895258361:2907,17889444,3704
raspberrypi 22:19:15.630 [main] INFO  edu.bjut.boudia.myMain - meter_4191298697923405387:regMsg,reg_backagg,reg_cc
raspberrypi 22:19:15.630 [main] INFO  edu.bjut.boudia.myMain - meter_4191298697923405387:3482,18068889,2815
raspberrypi 22:19:15.630 [main] INFO  edu.bjut.boudia.myMain - meter_1119070782100329199:regMsg,reg_backagg,reg_cc
raspberrypi 22:19:15.630 [main] INFO  edu.bjut.boudia.myMain - meter_1119070782100329199:2611,17919296,3408
raspberrypi 22:19:15.631 [main] INFO  edu.bjut.boudia.myMain - meter_8111469155135614091:regMsg,reg_backagg,reg_cc
raspberrypi 22:19:15.631 [main] INFO  edu.bjut.boudia.myMain - meter_8111469155135614091:2685,17978648,3148
raspberrypi 22:19:15.631 [main] INFO  edu.bjut.boudia.myMain - meter_5831533505998620601:regMsg,reg_backagg,reg_cc
raspberrypi 22:19:15.631 [main] INFO  edu.bjut.boudia.myMain - meter_5831533505998620601:3074,18115815,3389
raspberrypi 22:19:15.632 [main] INFO  edu.bjut.boudia.myMain - meter_646581812923806255:regMsg,reg_backagg,reg_cc
raspberrypi 22:19:15.632 [main] INFO  edu.bjut.boudia.myMain - meter_646581812923806255:3037,17947741,3185
raspberrypi 22:19:15.632 [main] INFO  edu.bjut.boudia.myMain - meter_3178205792948567973:regMsg,reg_backagg,reg_cc
raspberrypi 22:19:15.632 [main] INFO  edu.bjut.boudia.myMain - meter_3178205792948567973:2555,18151204,3222
raspberrypi 22:19:15.633 [main] INFO  edu.bjut.boudia.myMain - meter_4490513359862704117:regMsg,reg_backagg,reg_cc
raspberrypi 22:19:15.633 [main] INFO  edu.bjut.boudia.myMain - meter_4490513359862704117:3037,17898815,3185
raspberrypi 22:19:15.633 [main] INFO  edu.bjut.boudia.myMain - meter_4734920228191492269:regMsg,reg_backagg,reg_cc
raspberrypi 22:19:15.633 [main] INFO  edu.bjut.boudia.myMain - meter_4734920228191492269:2908,18336371,3722
raspberrypi 22:19:15.634 [main] INFO  edu.bjut.boudia.myMain - meter_2604138852379216637:regMsg,reg_backagg,reg_cc
raspberrypi 22:19:15.634 [main] INFO  edu.bjut.boudia.myMain - meter_2604138852379216637:3296,18220444,3092
raspberrypi 22:19:15.634 [main] INFO  edu.bjut.boudia.myMain - meter_6654025273063948579:regMsg,reg_backagg,reg_cc
raspberrypi 22:19:15.634 [main] INFO  edu.bjut.boudia.myMain - meter_6654025273063948579:2815,18287648,3482
raspberrypi 22:19:15.635 [main] INFO  edu.bjut.boudia.myMain - meter_6631164347297519567:regMsg,reg_backagg,reg_cc
raspberrypi 22:19:15.635 [main] INFO  edu.bjut.boudia.myMain - meter_6631164347297519567:3296,17851888,3630
raspberrypi 22:19:15.635 [main] INFO  edu.bjut.boudia.myMain - meter_2548613340048924969:regMsg,reg_backagg,reg_cc
raspberrypi 22:19:15.635 [main] INFO  edu.bjut.boudia.myMain - meter_2548613340048924969:2926,18056093,3889
raspberrypi 22:19:15.635 [main] INFO  edu.bjut.boudia.myMain - meter_3489785684567318569:regMsg,reg_backagg,reg_cc
raspberrypi 22:19:15.635 [main] INFO  edu.bjut.boudia.myMain - meter_3489785684567318569:3222,17909870,3074
raspberrypi 22:19:15.636 [main] INFO  edu.bjut.boudia.myMain - meter_3141910055551199669:regMsg,reg_backagg,reg_cc
raspberrypi 22:19:15.636 [main] INFO  edu.bjut.boudia.myMain - meter_3141910055551199669:3000,17831037,3704
raspberrypi 22:19:15.636 [main] INFO  edu.bjut.boudia.myMain - meter_1278573868194111899:regMsg,reg_backagg,reg_cc
raspberrypi 22:19:15.636 [main] INFO  edu.bjut.boudia.myMain - meter_1278573868194111899:2981,18301741,3389
raspberrypi 22:19:15.637 [main] INFO  edu.bjut.boudia.myMain - meter_7000111441334717167:regMsg,reg_backagg,reg_cc
raspberrypi 22:19:15.637 [main] INFO  edu.bjut.boudia.myMain - meter_7000111441334717167:2889,17887389,3407
raspberrypi 22:19:15.637 [main] INFO  edu.bjut.boudia.myMain - meter_7839672600593385357:regMsg,reg_backagg,reg_cc
raspberrypi 22:19:15.637 [main] INFO  edu.bjut.boudia.myMain - meter_7839672600593385357:3315,18159334,3926
raspberrypi 22:19:15.637 [main] INFO  edu.bjut.boudia.myMain - meter_2883213951488725269:regMsg,reg_backagg,reg_cc
raspberrypi 22:19:15.638 [main] INFO  edu.bjut.boudia.myMain - meter_2883213951488725269:2741,17944130,2963
raspberrypi 22:19:15.638 [main] INFO  edu.bjut.boudia.myMain - meter_7561532850230648119:regMsg,reg_backagg,reg_cc
raspberrypi 22:19:15.638 [main] INFO  edu.bjut.boudia.myMain - meter_7561532850230648119:2870,18197797,2852
raspberrypi 22:19:15.639 [main] INFO  edu.bjut.boudia.myMain - meter_8423881994694856561:regMsg,reg_backagg,reg_cc
raspberrypi 22:19:15.639 [main] INFO  edu.bjut.boudia.myMain - meter_8423881994694856561:3019,17848259,3574
raspberrypi 22:19:15.639 [main] INFO  edu.bjut.boudia.myMain - meter_8261900597428253791:regMsg,reg_backagg,reg_cc
raspberrypi 22:19:15.639 [main] INFO  edu.bjut.boudia.myMain - meter_8261900597428253791:2444,17768778,3018
raspberrypi 22:19:15.640 [main] INFO  edu.bjut.boudia.myMain - meter_4039652104547525689:regMsg,reg_backagg,reg_cc
raspberrypi 22:19:15.640 [main] INFO  edu.bjut.boudia.myMain - meter_4039652104547525689:3074,17998870,3203
raspberrypi 22:19:15.640 [main] INFO  edu.bjut.boudia.myMain - meter_7232125367573690387:regMsg,reg_backagg,reg_cc
raspberrypi 22:19:15.640 [main] INFO  edu.bjut.boudia.myMain - meter_7232125367573690387:3186,18365333,3370
raspberrypi 22:19:15.641 [main] INFO  edu.bjut.boudia.myMain - meter_5470502238647819881:regMsg,reg_backagg,reg_cc
raspberrypi 22:19:15.641 [main] INFO  edu.bjut.boudia.myMain - meter_5470502238647819881:2741,18002277,3425
raspberrypi 22:19:15.641 [main] INFO  edu.bjut.boudia.myMain - meter_7732910660916995277:regMsg,reg_backagg,reg_cc
raspberrypi 22:19:15.642 [main] INFO  edu.bjut.boudia.myMain - meter_7732910660916995277:2963,17940852,3555
raspberrypi 22:19:17.850 [main] INFO  edu.bjut.boudia.myMain - oneTimeMeterRepTime
raspberrypi 22:19:23.541 [main] INFO  edu.bjut.boudia.myMain - server:repMsg
raspberrypi 22:19:23.542 [main] INFO  edu.bjut.boudia.myMain - server:87012908
raspberrypi 22:19:23.543 [main] INFO  edu.bjut.boudia.myMain - agg:repMsg
raspberrypi 22:19:23.543 [main] INFO  edu.bjut.boudia.myMain - agg:1164664907
raspberrypi 22:19:23.543 [main] INFO  edu.bjut.boudia.myMain - meter_9127994002851605283:repMsg
raspberrypi 22:19:23.543 [main] INFO  edu.bjut.boudia.myMain - meter_9127994002851605283:130257352
raspberrypi 22:19:23.543 [main] INFO  edu.bjut.boudia.myMain - meter_8947513841252459607:repMsg
raspberrypi 22:19:23.543 [main] INFO  edu.bjut.boudia.myMain - meter_8947513841252459607:74902796
raspberrypi 22:19:23.543 [main] INFO  edu.bjut.boudia.myMain - meter_8931423157723100437:repMsg
raspberrypi 22:19:23.543 [main] INFO  edu.bjut.boudia.myMain - meter_8931423157723100437:74680685
raspberrypi 22:19:23.544 [main] INFO  edu.bjut.boudia.myMain - meter_6773324549625371743:repMsg
raspberrypi 22:19:23.544 [main] INFO  edu.bjut.boudia.myMain - meter_6773324549625371743:74668315
raspberrypi 22:19:23.544 [main] INFO  edu.bjut.boudia.myMain - meter_5487796848643601033:repMsg
raspberrypi 22:19:23.544 [main] INFO  edu.bjut.boudia.myMain - meter_5487796848643601033:77404907
raspberrypi 22:19:23.544 [main] INFO  edu.bjut.boudia.myMain - meter_7701971910700826421:repMsg
raspberrypi 22:19:23.544 [main] INFO  edu.bjut.boudia.myMain - meter_7701971910700826421:73019445
raspberrypi 22:19:23.544 [main] INFO  edu.bjut.boudia.myMain - meter_3052771803379699663:repMsg
raspberrypi 22:19:23.544 [main] INFO  edu.bjut.boudia.myMain - meter_3052771803379699663:72986482
raspberrypi 22:19:23.545 [main] INFO  edu.bjut.boudia.myMain - meter_4384092576862052823:repMsg
raspberrypi 22:19:23.545 [main] INFO  edu.bjut.boudia.myMain - meter_4384092576862052823:72098797
raspberrypi 22:19:23.545 [main] INFO  edu.bjut.boudia.myMain - meter_6164348512162140861:repMsg
raspberrypi 22:19:23.545 [main] INFO  edu.bjut.boudia.myMain - meter_6164348512162140861:72837926
raspberrypi 22:19:23.545 [main] INFO  edu.bjut.boudia.myMain - meter_585000069239682301:repMsg
raspberrypi 22:19:23.545 [main] INFO  edu.bjut.boudia.myMain - meter_585000069239682301:72740241
raspberrypi 22:19:23.545 [main] INFO  edu.bjut.boudia.myMain - meter_1023574592992398479:repMsg
raspberrypi 22:19:23.546 [main] INFO  edu.bjut.boudia.myMain - meter_1023574592992398479:75288296
raspberrypi 22:19:23.546 [main] INFO  edu.bjut.boudia.myMain - meter_323379334025519505:repMsg
raspberrypi 22:19:23.546 [main] INFO  edu.bjut.boudia.myMain - meter_323379334025519505:72620352
raspberrypi 22:19:23.546 [main] INFO  edu.bjut.boudia.myMain - meter_3487054145216772115:repMsg
raspberrypi 22:19:23.546 [main] INFO  edu.bjut.boudia.myMain - meter_3487054145216772115:73254185
raspberrypi 22:19:23.546 [main] INFO  edu.bjut.boudia.myMain - meter_4207746073028133755:repMsg
raspberrypi 22:19:23.546 [main] INFO  edu.bjut.boudia.myMain - meter_4207746073028133755:73019370
raspberrypi 22:19:23.546 [main] INFO  edu.bjut.boudia.myMain - meter_3609445591356348067:repMsg
raspberrypi 22:19:23.547 [main] INFO  edu.bjut.boudia.myMain - meter_3609445591356348067:73245482
raspberrypi 22:19:23.547 [main] INFO  edu.bjut.boudia.myMain - meter_334779068906301269:repMsg
raspberrypi 22:19:23.547 [main] INFO  edu.bjut.boudia.myMain - meter_334779068906301269:73719407
raspberrypi 22:19:23.547 [main] INFO  edu.bjut.boudia.myMain - meter_3957035730673478677:repMsg
raspberrypi 22:19:23.547 [main] INFO  edu.bjut.boudia.myMain - meter_3957035730673478677:76800111
raspberrypi 22:19:23.547 [main] INFO  edu.bjut.boudia.myMain - meter_72192466843468513:repMsg
raspberrypi 22:19:23.547 [main] INFO  edu.bjut.boudia.myMain - meter_72192466843468513:72627018
raspberrypi 22:19:23.547 [main] INFO  edu.bjut.boudia.myMain - meter_4357538164572139967:repMsg
raspberrypi 22:19:23.548 [main] INFO  edu.bjut.boudia.myMain - meter_4357538164572139967:72571222
raspberrypi 22:19:23.548 [main] INFO  edu.bjut.boudia.myMain - meter_7317916022739315137:repMsg
raspberrypi 22:19:23.548 [main] INFO  edu.bjut.boudia.myMain - meter_7317916022739315137:72327278
raspberrypi 22:19:23.548 [main] INFO  edu.bjut.boudia.myMain - meter_7329908414508120885:repMsg
raspberrypi 22:19:23.548 [main] INFO  edu.bjut.boudia.myMain - meter_7329908414508120885:72864722
raspberrypi 22:19:23.548 [main] INFO  edu.bjut.boudia.myMain - meter_1934065573052611775:repMsg
raspberrypi 22:19:23.548 [main] INFO  edu.bjut.boudia.myMain - meter_1934065573052611775:73042500
raspberrypi 22:19:23.549 [main] INFO  edu.bjut.boudia.myMain - meter_6377074478199335687:repMsg
raspberrypi 22:19:23.549 [main] INFO  edu.bjut.boudia.myMain - meter_6377074478199335687:74646037
raspberrypi 22:19:23.549 [main] INFO  edu.bjut.boudia.myMain - meter_4275249042047691767:repMsg
raspberrypi 22:19:23.549 [main] INFO  edu.bjut.boudia.myMain - meter_4275249042047691767:72394629
raspberrypi 22:19:23.549 [main] INFO  edu.bjut.boudia.myMain - meter_4384542008811746805:repMsg
raspberrypi 22:19:23.549 [main] INFO  edu.bjut.boudia.myMain - meter_4384542008811746805:72416574
raspberrypi 22:19:23.549 [main] INFO  edu.bjut.boudia.myMain - meter_3301436051507381409:repMsg
raspberrypi 22:19:23.549 [main] INFO  edu.bjut.boudia.myMain - meter_3301436051507381409:72152555
raspberrypi 22:19:23.550 [main] INFO  edu.bjut.boudia.myMain - meter_8214090520054867559:repMsg
raspberrypi 22:19:23.550 [main] INFO  edu.bjut.boudia.myMain - meter_8214090520054867559:72048722
raspberrypi 22:19:23.550 [main] INFO  edu.bjut.boudia.myMain - meter_7586585786319636189:repMsg
raspberrypi 22:19:23.550 [main] INFO  edu.bjut.boudia.myMain - meter_7586585786319636189:72187092
raspberrypi 22:19:23.550 [main] INFO  edu.bjut.boudia.myMain - meter_2799109802274956663:repMsg
raspberrypi 22:19:23.550 [main] INFO  edu.bjut.boudia.myMain - meter_2799109802274956663:72806685
raspberrypi 22:19:23.551 [main] INFO  edu.bjut.boudia.myMain - meter_3966487102467595313:repMsg
raspberrypi 22:19:23.551 [main] INFO  edu.bjut.boudia.myMain - meter_3966487102467595313:74362759
raspberrypi 22:19:23.551 [main] INFO  edu.bjut.boudia.myMain - meter_6967744166980102807:repMsg
raspberrypi 22:19:23.551 [main] INFO  edu.bjut.boudia.myMain - meter_6967744166980102807:72618926
raspberrypi 22:19:23.551 [main] INFO  edu.bjut.boudia.myMain - meter_1186258065198441699:repMsg
raspberrypi 22:19:23.551 [main] INFO  edu.bjut.boudia.myMain - meter_1186258065198441699:72501796
raspberrypi 22:19:23.551 [main] INFO  edu.bjut.boudia.myMain - meter_1203313021288768805:repMsg
raspberrypi 22:19:23.551 [main] INFO  edu.bjut.boudia.myMain - meter_1203313021288768805:72005111
raspberrypi 22:19:23.551 [main] INFO  edu.bjut.boudia.myMain - meter_5709983306139746609:repMsg
raspberrypi 22:19:23.552 [main] INFO  edu.bjut.boudia.myMain - meter_5709983306139746609:72640167
raspberrypi 22:19:23.552 [main] INFO  edu.bjut.boudia.myMain - meter_5667034307895258361:repMsg
raspberrypi 22:19:23.552 [main] INFO  edu.bjut.boudia.myMain - meter_5667034307895258361:71715815
raspberrypi 22:19:23.552 [main] INFO  edu.bjut.boudia.myMain - meter_4191298697923405387:repMsg
raspberrypi 22:19:23.552 [main] INFO  edu.bjut.boudia.myMain - meter_4191298697923405387:74324297
raspberrypi 22:19:23.552 [main] INFO  edu.bjut.boudia.myMain - meter_1119070782100329199:repMsg
raspberrypi 22:19:23.552 [main] INFO  edu.bjut.boudia.myMain - meter_1119070782100329199:72175944
raspberrypi 22:19:23.553 [main] INFO  edu.bjut.boudia.myMain - meter_8111469155135614091:repMsg
raspberrypi 22:19:23.553 [main] INFO  edu.bjut.boudia.myMain - meter_8111469155135614091:72180759
raspberrypi 22:19:23.553 [main] INFO  edu.bjut.boudia.myMain - meter_5831533505998620601:repMsg
raspberrypi 22:19:23.553 [main] INFO  edu.bjut.boudia.myMain - meter_5831533505998620601:72100093
raspberrypi 22:19:23.553 [main] INFO  edu.bjut.boudia.myMain - meter_646581812923806255:repMsg
raspberrypi 22:19:23.553 [main] INFO  edu.bjut.boudia.myMain - meter_646581812923806255:71688926
raspberrypi 22:19:23.553 [main] INFO  edu.bjut.boudia.myMain - meter_3178205792948567973:repMsg
raspberrypi 22:19:23.553 [main] INFO  edu.bjut.boudia.myMain - meter_3178205792948567973:72175685
raspberrypi 22:19:23.553 [main] INFO  edu.bjut.boudia.myMain - meter_4490513359862704117:repMsg
raspberrypi 22:19:23.554 [main] INFO  edu.bjut.boudia.myMain - meter_4490513359862704117:74408277
raspberrypi 22:19:23.554 [main] INFO  edu.bjut.boudia.myMain - meter_4734920228191492269:repMsg
raspberrypi 22:19:23.554 [main] INFO  edu.bjut.boudia.myMain - meter_4734920228191492269:72515000
raspberrypi 22:19:23.554 [main] INFO  edu.bjut.boudia.myMain - meter_2604138852379216637:repMsg
raspberrypi 22:19:23.554 [main] INFO  edu.bjut.boudia.myMain - meter_2604138852379216637:72389667
raspberrypi 22:19:23.554 [main] INFO  edu.bjut.boudia.myMain - meter_6654025273063948579:repMsg
raspberrypi 22:19:23.554 [main] INFO  edu.bjut.boudia.myMain - meter_6654025273063948579:72175352
raspberrypi 22:19:23.554 [main] INFO  edu.bjut.boudia.myMain - meter_6631164347297519567:repMsg
raspberrypi 22:19:23.555 [main] INFO  edu.bjut.boudia.myMain - meter_6631164347297519567:72268352
raspberrypi 22:19:23.555 [main] INFO  edu.bjut.boudia.myMain - meter_2548613340048924969:repMsg
raspberrypi 22:19:23.555 [main] INFO  edu.bjut.boudia.myMain - meter_2548613340048924969:72444130
raspberrypi 22:19:23.555 [main] INFO  edu.bjut.boudia.myMain - meter_3489785684567318569:repMsg
raspberrypi 22:19:23.555 [main] INFO  edu.bjut.boudia.myMain - meter_3489785684567318569:75181704
raspberrypi 22:19:23.555 [main] INFO  edu.bjut.boudia.myMain - meter_3141910055551199669:repMsg
raspberrypi 22:19:23.555 [main] INFO  edu.bjut.boudia.myMain - meter_3141910055551199669:71820037
raspberrypi 22:19:23.555 [main] INFO  edu.bjut.boudia.myMain - meter_1278573868194111899:repMsg
raspberrypi 22:19:23.555 [main] INFO  edu.bjut.boudia.myMain - meter_1278573868194111899:71780407
raspberrypi 22:19:23.555 [main] INFO  edu.bjut.boudia.myMain - meter_7000111441334717167:repMsg
raspberrypi 22:19:23.556 [main] INFO  edu.bjut.boudia.myMain - meter_7000111441334717167:72162889
raspberrypi 22:19:23.556 [main] INFO  edu.bjut.boudia.myMain - meter_7839672600593385357:repMsg
raspberrypi 22:19:23.556 [main] INFO  edu.bjut.boudia.myMain - meter_7839672600593385357:71860185
raspberrypi 22:19:23.556 [main] INFO  edu.bjut.boudia.myMain - meter_2883213951488725269:repMsg
raspberrypi 22:19:23.556 [main] INFO  edu.bjut.boudia.myMain - meter_2883213951488725269:71986945
raspberrypi 22:19:23.556 [main] INFO  edu.bjut.boudia.myMain - meter_7561532850230648119:repMsg
raspberrypi 22:19:23.556 [main] INFO  edu.bjut.boudia.myMain - meter_7561532850230648119:74364648
raspberrypi 22:19:23.556 [main] INFO  edu.bjut.boudia.myMain - meter_8423881994694856561:repMsg
raspberrypi 22:19:23.556 [main] INFO  edu.bjut.boudia.myMain - meter_8423881994694856561:72426519
raspberrypi 22:19:23.556 [main] INFO  edu.bjut.boudia.myMain - meter_8261900597428253791:repMsg
raspberrypi 22:19:23.557 [main] INFO  edu.bjut.boudia.myMain - meter_8261900597428253791:72093611
raspberrypi 22:19:23.557 [main] INFO  edu.bjut.boudia.myMain - meter_4039652104547525689:repMsg
raspberrypi 22:19:23.557 [main] INFO  edu.bjut.boudia.myMain - meter_4039652104547525689:71647203
raspberrypi 22:19:23.557 [main] INFO  edu.bjut.boudia.myMain - meter_7232125367573690387:repMsg
raspberrypi 22:19:23.557 [main] INFO  edu.bjut.boudia.myMain - meter_7232125367573690387:71965926
raspberrypi 22:19:23.557 [main] INFO  edu.bjut.boudia.myMain - meter_5470502238647819881:repMsg
raspberrypi 22:19:23.557 [main] INFO  edu.bjut.boudia.myMain - meter_5470502238647819881:71935759
raspberrypi 22:19:23.557 [main] INFO  edu.bjut.boudia.myMain - meter_7732910660916995277:repMsg
raspberrypi 22:19:23.557 [main] INFO  edu.bjut.boudia.myMain - meter_7732910660916995277:74283000
raspberrypi 22:19:31.895 [main] INFO  edu.bjut.boudia.myMain - oneTimeMeterRegTime
raspberrypi 22:19:33.695 [main] INFO  edu.bjut.boudia.myMain - server:pubkey
raspberrypi 22:19:33.696 [main] INFO  edu.bjut.boudia.myMain - server:5019
raspberrypi 22:19:33.696 [main] INFO  edu.bjut.boudia.myMain - agg:regMsg,regMsg,regMsg,regMsg,regMsg,regMsg,regMsg,regMsg,regMsg,regMsg,regMsg,regMsg,regMsg,regMsg,regMsg,regMsg,regMsg,regMsg,regMsg,regMsg,regMsg,regMsg,regMsg,regMsg,regMsg,regMsg,regMsg,regMsg,regMsg,regMsg,regMsg,regMsg,regMsg,regMsg,regMsg,regMsg,regMsg,regMsg,regMsg,regMsg,regMsg,regMsg,regMsg,regMsg,regMsg,regMsg,regMsg,regMsg,regMsg,regMsg
raspberrypi 22:19:33.697 [main] INFO  edu.bjut.boudia.myMain - agg:19576259,18003500,17819111,17851240,17969445,17961611,17920315,17817222,18042334,17868592,17832019,17883648,19657389,17986630,17862037,17938796,17827592,17876314,17935370,17999963,17827926,17782203,17882000,17825797,17856666,17846722,17949778,17835000,17826630,17900945,18007074,17916982,17857371,17981815,17891482,17885815,17840982,17792222,17848055,17867408,17926963,17824926,17774371,17912611,17797629,17855574,17887445,17883074,17799277,19588056
raspberrypi 22:19:33.697 [main] INFO  edu.bjut.boudia.myMain - meter_210282555032383409:regMsg,reg_backagg,reg_cc
raspberrypi 22:19:33.697 [main] INFO  edu.bjut.boudia.myMain - meter_210282555032383409:2685,17940074,4741
raspberrypi 22:19:33.697 [main] INFO  edu.bjut.boudia.myMain - meter_3110201861882810127:regMsg,reg_backagg,reg_cc
raspberrypi 22:19:33.698 [main] INFO  edu.bjut.boudia.myMain - meter_3110201861882810127:6481,17849000,5093
raspberrypi 22:19:33.698 [main] INFO  edu.bjut.boudia.myMain - meter_7394335516628329905:regMsg,reg_backagg,reg_cc
raspberrypi 22:19:33.698 [main] INFO  edu.bjut.boudia.myMain - meter_7394335516628329905:5926,17960796,5074
raspberrypi 22:19:33.698 [main] INFO  edu.bjut.boudia.myMain - meter_5703402920559472445:regMsg,reg_backagg,reg_cc
raspberrypi 22:19:33.698 [main] INFO  edu.bjut.boudia.myMain - meter_5703402920559472445:5463,17814852,5277
raspberrypi 22:19:33.698 [main] INFO  edu.bjut.boudia.myMain - meter_3898379544959590315:regMsg,reg_backagg,reg_cc
raspberrypi 22:19:33.698 [main] INFO  edu.bjut.boudia.myMain - meter_3898379544959590315:6352,18019426,5222
raspberrypi 22:19:33.699 [main] INFO  edu.bjut.boudia.myMain - meter_3700704126407421121:regMsg,reg_backagg,reg_cc
raspberrypi 22:19:33.699 [main] INFO  edu.bjut.boudia.myMain - meter_3700704126407421121:5352,17602796,5741
raspberrypi 22:19:33.699 [main] INFO  edu.bjut.boudia.myMain - meter_8297026478675753985:regMsg,reg_backagg,reg_cc
raspberrypi 22:19:33.699 [main] INFO  edu.bjut.boudia.myMain - meter_8297026478675753985:25111,17819833,4593
raspberrypi 22:19:33.699 [main] INFO  edu.bjut.boudia.myMain - meter_5878799938101503649:regMsg,reg_backagg,reg_cc
raspberrypi 22:19:33.699 [main] INFO  edu.bjut.boudia.myMain - meter_5878799938101503649:5723,17846833,52241
raspberrypi 22:19:33.699 [main] INFO  edu.bjut.boudia.myMain - meter_2343630670127684941:regMsg,reg_backagg,reg_cc
raspberrypi 22:19:33.700 [main] INFO  edu.bjut.boudia.myMain - meter_2343630670127684941:5797,18051111,2666
raspberrypi 22:19:33.700 [main] INFO  edu.bjut.boudia.myMain - meter_3703943797658753201:regMsg,reg_backagg,reg_cc
raspberrypi 22:19:33.700 [main] INFO  edu.bjut.boudia.myMain - meter_3703943797658753201:6241,17918167,2000
raspberrypi 22:19:33.700 [main] INFO  edu.bjut.boudia.myMain - meter_5249908098766030187:regMsg,reg_backagg,reg_cc
raspberrypi 22:19:33.700 [main] INFO  edu.bjut.boudia.myMain - meter_5249908098766030187:5037,17908778,2444
raspberrypi 22:19:33.700 [main] INFO  edu.bjut.boudia.myMain - meter_4005172937868749047:regMsg,reg_backagg,reg_cc
raspberrypi 22:19:33.700 [main] INFO  edu.bjut.boudia.myMain - meter_4005172937868749047:5889,17758056,2223
raspberrypi 22:19:33.700 [main] INFO  edu.bjut.boudia.myMain - meter_8775713465979691049:regMsg,reg_backagg,reg_cc
raspberrypi 22:19:33.701 [main] INFO  edu.bjut.boudia.myMain - meter_8775713465979691049:5260,17815407,2611
raspberrypi 22:19:33.701 [main] INFO  edu.bjut.boudia.myMain - meter_6891956818102363365:regMsg,reg_backagg,reg_cc
raspberrypi 22:19:33.701 [main] INFO  edu.bjut.boudia.myMain - meter_6891956818102363365:5982,17886722,2649
raspberrypi 22:19:33.701 [main] INFO  edu.bjut.boudia.myMain - meter_8343519539065645795:regMsg,reg_backagg,reg_cc
raspberrypi 22:19:33.701 [main] INFO  edu.bjut.boudia.myMain - meter_8343519539065645795:5593,17673296,2259
raspberrypi 22:19:33.701 [main] INFO  edu.bjut.boudia.myMain - meter_2341647152468382965:regMsg,reg_backagg,reg_cc
raspberrypi 22:19:33.702 [main] INFO  edu.bjut.boudia.myMain - meter_2341647152468382965:5722,17879037,3352
raspberrypi 22:19:33.702 [main] INFO  edu.bjut.boudia.myMain - meter_6707920038506800213:regMsg,reg_backagg,reg_cc
raspberrypi 22:19:33.702 [main] INFO  edu.bjut.boudia.myMain - meter_6707920038506800213:5852,18033796,2241
raspberrypi 22:19:33.702 [main] INFO  edu.bjut.boudia.myMain - meter_5255910261028762981:regMsg,reg_backagg,reg_cc
raspberrypi 22:19:33.702 [main] INFO  edu.bjut.boudia.myMain - meter_5255910261028762981:5389,17639444,2426
raspberrypi 22:19:33.703 [main] INFO  edu.bjut.boudia.myMain - meter_6267673088806252937:regMsg,reg_backagg,reg_cc
raspberrypi 22:19:33.703 [main] INFO  edu.bjut.boudia.myMain - meter_6267673088806252937:5333,17782629,3018
raspberrypi 22:19:33.703 [main] INFO  edu.bjut.boudia.myMain - meter_30150130498535003:regMsg,reg_backagg,reg_cc
raspberrypi 22:19:33.703 [main] INFO  edu.bjut.boudia.myMain - meter_30150130498535003:6074,17935296,2130
raspberrypi 22:19:33.703 [main] INFO  edu.bjut.boudia.myMain - meter_4341570681061399119:regMsg,reg_backagg,reg_cc
raspberrypi 22:19:33.703 [main] INFO  edu.bjut.boudia.myMain - meter_4341570681061399119:5593,17987130,2537
raspberrypi 22:19:33.703 [main] INFO  edu.bjut.boudia.myMain - meter_6548560318935263253:regMsg,reg_backagg,reg_cc
raspberrypi 22:19:33.703 [main] INFO  edu.bjut.boudia.myMain - meter_6548560318935263253:4815,17781130,2815
raspberrypi 22:19:33.704 [main] INFO  edu.bjut.boudia.myMain - meter_3352472571078934199:regMsg,reg_backagg,reg_cc
raspberrypi 22:19:33.704 [main] INFO  edu.bjut.boudia.myMain - meter_3352472571078934199:5056,17900593,2000
raspberrypi 22:19:33.704 [main] INFO  edu.bjut.boudia.myMain - meter_7122292434085819943:regMsg,reg_backagg,reg_cc
raspberrypi 22:19:33.704 [main] INFO  edu.bjut.boudia.myMain - meter_7122292434085819943:6371,17923000,2296
raspberrypi 22:19:33.704 [main] INFO  edu.bjut.boudia.myMain - meter_7088723213601664545:regMsg,reg_backagg,reg_cc
raspberrypi 22:19:33.704 [main] INFO  edu.bjut.boudia.myMain - meter_7088723213601664545:5185,19919111,2722
raspberrypi 22:19:33.704 [main] INFO  edu.bjut.boudia.myMain - meter_6548015163943288819:regMsg,reg_backagg,reg_cc
raspberrypi 22:19:33.704 [main] INFO  edu.bjut.boudia.myMain - meter_6548015163943288819:5555,17773463,2407
raspberrypi 22:19:33.704 [main] INFO  edu.bjut.boudia.myMain - meter_3079931045518936951:regMsg,reg_backagg,reg_cc
raspberrypi 22:19:33.704 [main] INFO  edu.bjut.boudia.myMain - meter_3079931045518936951:6722,17728649,2204
raspberrypi 22:19:33.705 [main] INFO  edu.bjut.boudia.myMain - meter_6751503918958102079:regMsg,reg_backagg,reg_cc
raspberrypi 22:19:33.705 [main] INFO  edu.bjut.boudia.myMain - meter_6751503918958102079:5648,18168704,2852
raspberrypi 22:19:33.705 [main] INFO  edu.bjut.boudia.myMain - meter_619254068426100603:regMsg,reg_backagg,reg_cc
raspberrypi 22:19:33.705 [main] INFO  edu.bjut.boudia.myMain - meter_619254068426100603:5593,17675722,2055
raspberrypi 22:19:33.705 [main] INFO  edu.bjut.boudia.myMain - meter_1908730468647350105:regMsg,reg_backagg,reg_cc
raspberrypi 22:19:33.705 [main] INFO  edu.bjut.boudia.myMain - meter_1908730468647350105:6333,17823111,2334
raspberrypi 22:19:33.705 [main] INFO  edu.bjut.boudia.myMain - meter_959396878991521507:regMsg,reg_backagg,reg_cc
raspberrypi 22:19:33.705 [main] INFO  edu.bjut.boudia.myMain - meter_959396878991521507:6296,18034945,2185
raspberrypi 22:19:33.705 [main] INFO  edu.bjut.boudia.myMain - meter_4180613134102352081:regMsg,reg_backagg,reg_cc
raspberrypi 22:19:33.706 [main] INFO  edu.bjut.boudia.myMain - meter_4180613134102352081:5686,17880278,2296
raspberrypi 22:19:33.706 [main] INFO  edu.bjut.boudia.myMain - meter_8961041537015920269:regMsg,reg_backagg,reg_cc
raspberrypi 22:19:33.706 [main] INFO  edu.bjut.boudia.myMain - meter_8961041537015920269:5759,18096519,2797
raspberrypi 22:19:33.706 [main] INFO  edu.bjut.boudia.myMain - meter_5977829199993709059:regMsg,reg_backagg,reg_cc
raspberrypi 22:19:33.706 [main] INFO  edu.bjut.boudia.myMain - meter_5977829199993709059:5482,17676556,1778
raspberrypi 22:19:33.706 [main] INFO  edu.bjut.boudia.myMain - meter_8261458114408431795:regMsg,reg_backagg,reg_cc
raspberrypi 22:19:33.706 [main] INFO  edu.bjut.boudia.myMain - meter_8261458114408431795:6000,18068352,2296
raspberrypi 22:19:33.706 [main] INFO  edu.bjut.boudia.myMain - meter_1055826852044440995:regMsg,reg_backagg,reg_cc
raspberrypi 22:19:33.706 [main] INFO  edu.bjut.boudia.myMain - meter_1055826852044440995:5778,17808222,2500
raspberrypi 22:19:33.707 [main] INFO  edu.bjut.boudia.myMain - meter_1714563352493194439:regMsg,reg_backagg,reg_cc
raspberrypi 22:19:33.707 [main] INFO  edu.bjut.boudia.myMain - meter_1714563352493194439:6185,19660018,2334
raspberrypi 22:19:33.707 [main] INFO  edu.bjut.boudia.myMain - meter_4029693207780819103:regMsg,reg_backagg,reg_cc
raspberrypi 22:19:33.707 [main] INFO  edu.bjut.boudia.myMain - meter_4029693207780819103:5870,18077722,2704
raspberrypi 22:19:33.707 [main] INFO  edu.bjut.boudia.myMain - meter_8630584246886915751:regMsg,reg_backagg,reg_cc
raspberrypi 22:19:33.707 [main] INFO  edu.bjut.boudia.myMain - meter_8630584246886915751:4519,17847908,2574
raspberrypi 22:19:33.707 [main] INFO  edu.bjut.boudia.myMain - meter_3234259634722036985:regMsg,reg_backagg,reg_cc
raspberrypi 22:19:33.707 [main] INFO  edu.bjut.boudia.myMain - meter_3234259634722036985:5500,17975963,2444
raspberrypi 22:19:33.707 [main] INFO  edu.bjut.boudia.myMain - meter_7859881460649286927:regMsg,reg_backagg,reg_cc
raspberrypi 22:19:33.708 [main] INFO  edu.bjut.boudia.myMain - meter_7859881460649286927:6223,17905908,2741
raspberrypi 22:19:33.708 [main] INFO  edu.bjut.boudia.myMain - meter_185625242570019051:regMsg,reg_backagg,reg_cc
raspberrypi 22:19:33.708 [main] INFO  edu.bjut.boudia.myMain - meter_185625242570019051:5481,18071370,2630
raspberrypi 22:19:33.708 [main] INFO  edu.bjut.boudia.myMain - meter_1571603519449219901:regMsg,reg_backagg,reg_cc
raspberrypi 22:19:33.708 [main] INFO  edu.bjut.boudia.myMain - meter_1571603519449219901:5315,17971778,2981
raspberrypi 22:19:33.708 [main] INFO  edu.bjut.boudia.myMain - meter_5913114170723019225:regMsg,reg_backagg,reg_cc
raspberrypi 22:19:33.708 [main] INFO  edu.bjut.boudia.myMain - meter_5913114170723019225:5963,17547759,2740
raspberrypi 22:19:33.708 [main] INFO  edu.bjut.boudia.myMain - meter_7708745477599090487:regMsg,reg_backagg,reg_cc
raspberrypi 22:19:33.708 [main] INFO  edu.bjut.boudia.myMain - meter_7708745477599090487:6685,18120592,2611
raspberrypi 22:19:33.708 [main] INFO  edu.bjut.boudia.myMain - meter_717369295852537585:regMsg,reg_backagg,reg_cc
raspberrypi 22:19:33.709 [main] INFO  edu.bjut.boudia.myMain - meter_717369295852537585:5537,18028741,2482
raspberrypi 22:19:33.709 [main] INFO  edu.bjut.boudia.myMain - meter_2240369543282210751:regMsg,reg_backagg,reg_cc
raspberrypi 22:19:33.709 [main] INFO  edu.bjut.boudia.myMain - meter_2240369543282210751:5760,17969370,3056
raspberrypi 22:19:33.709 [main] INFO  edu.bjut.boudia.myMain - meter_3317497724551419081:regMsg,reg_backagg,reg_cc
raspberrypi 22:19:33.709 [main] INFO  edu.bjut.boudia.myMain - meter_3317497724551419081:5796,17870537,2426
raspberrypi 22:19:33.709 [main] INFO  edu.bjut.boudia.myMain - meter_2396656962093482943:regMsg,reg_backagg,reg_cc
raspberrypi 22:19:33.709 [main] INFO  edu.bjut.boudia.myMain - meter_2396656962093482943:5667,17482871,3574
raspberrypi 22:19:33.709 [main] INFO  edu.bjut.boudia.myMain - meter_2942260580530877137:regMsg,reg_backagg,reg_cc
raspberrypi 22:19:33.710 [main] INFO  edu.bjut.boudia.myMain - meter_2942260580530877137:5908,17574296,2388
raspberrypi 22:19:35.508 [main] INFO  edu.bjut.boudia.myMain - oneTimeMeterRepTime
raspberrypi 22:19:40.183 [main] INFO  edu.bjut.boudia.myMain - server:repMsg
raspberrypi 22:19:40.183 [main] INFO  edu.bjut.boudia.myMain - server:88650093
raspberrypi 22:19:40.183 [main] INFO  edu.bjut.boudia.myMain - agg:repMsg
raspberrypi 22:19:40.184 [main] INFO  edu.bjut.boudia.myMain - agg:970202647
raspberrypi 22:19:40.184 [main] INFO  edu.bjut.boudia.myMain - meter_210282555032383409:repMsg
raspberrypi 22:19:40.184 [main] INFO  edu.bjut.boudia.myMain - meter_210282555032383409:71708704
raspberrypi 22:19:40.184 [main] INFO  edu.bjut.boudia.myMain - meter_3110201861882810127:repMsg
raspberrypi 22:19:40.184 [main] INFO  edu.bjut.boudia.myMain - meter_3110201861882810127:72127074
raspberrypi 22:19:40.184 [main] INFO  edu.bjut.boudia.myMain - meter_7394335516628329905:repMsg
raspberrypi 22:19:40.184 [main] INFO  edu.bjut.boudia.myMain - meter_7394335516628329905:71524667
raspberrypi 22:19:40.184 [main] INFO  edu.bjut.boudia.myMain - meter_5703402920559472445:repMsg
raspberrypi 22:19:40.184 [main] INFO  edu.bjut.boudia.myMain - meter_5703402920559472445:72127186
raspberrypi 22:19:40.184 [main] INFO  edu.bjut.boudia.myMain - meter_3898379544959590315:repMsg
raspberrypi 22:19:40.184 [main] INFO  edu.bjut.boudia.myMain - meter_3898379544959590315:72045574
raspberrypi 22:19:40.185 [main] INFO  edu.bjut.boudia.myMain - meter_3700704126407421121:repMsg
raspberrypi 22:19:40.185 [main] INFO  edu.bjut.boudia.myMain - meter_3700704126407421121:73728185
raspberrypi 22:19:40.185 [main] INFO  edu.bjut.boudia.myMain - meter_8297026478675753985:repMsg
raspberrypi 22:19:40.185 [main] INFO  edu.bjut.boudia.myMain - meter_8297026478675753985:71863111
raspberrypi 22:19:40.185 [main] INFO  edu.bjut.boudia.myMain - meter_5878799938101503649:repMsg
raspberrypi 22:19:40.185 [main] INFO  edu.bjut.boudia.myMain - meter_5878799938101503649:71655889
raspberrypi 22:19:40.185 [main] INFO  edu.bjut.boudia.myMain - meter_2343630670127684941:repMsg
raspberrypi 22:19:40.185 [main] INFO  edu.bjut.boudia.myMain - meter_2343630670127684941:72103185
raspberrypi 22:19:40.185 [main] INFO  edu.bjut.boudia.myMain - meter_3703943797658753201:repMsg
raspberrypi 22:19:40.185 [main] INFO  edu.bjut.boudia.myMain - meter_3703943797658753201:71765815
raspberrypi 22:19:40.185 [main] INFO  edu.bjut.boudia.myMain - meter_5249908098766030187:repMsg
raspberrypi 22:19:40.186 [main] INFO  edu.bjut.boudia.myMain - meter_5249908098766030187:72385425
raspberrypi 22:19:40.186 [main] INFO  edu.bjut.boudia.myMain - meter_4005172937868749047:repMsg
raspberrypi 22:19:40.186 [main] INFO  edu.bjut.boudia.myMain - meter_4005172937868749047:73526056
raspberrypi 22:19:40.186 [main] INFO  edu.bjut.boudia.myMain - meter_8775713465979691049:repMsg
raspberrypi 22:19:40.186 [main] INFO  edu.bjut.boudia.myMain - meter_8775713465979691049:72625148
raspberrypi 22:19:40.186 [main] INFO  edu.bjut.boudia.myMain - meter_6891956818102363365:repMsg
raspberrypi 22:19:40.186 [main] INFO  edu.bjut.boudia.myMain - meter_6891956818102363365:71608167
raspberrypi 22:19:40.186 [main] INFO  edu.bjut.boudia.myMain - meter_8343519539065645795:repMsg
raspberrypi 22:19:40.186 [main] INFO  edu.bjut.boudia.myMain - meter_8343519539065645795:72185555
raspberrypi 22:19:40.186 [main] INFO  edu.bjut.boudia.myMain - meter_2341647152468382965:repMsg
raspberrypi 22:19:40.186 [main] INFO  edu.bjut.boudia.myMain - meter_2341647152468382965:72394129
raspberrypi 22:19:40.187 [main] INFO  edu.bjut.boudia.myMain - meter_6707920038506800213:repMsg
raspberrypi 22:19:40.187 [main] INFO  edu.bjut.boudia.myMain - meter_6707920038506800213:72145574
raspberrypi 22:19:40.187 [main] INFO  edu.bjut.boudia.myMain - meter_5255910261028762981:repMsg
raspberrypi 22:19:40.187 [main] INFO  edu.bjut.boudia.myMain - meter_5255910261028762981:73567185
raspberrypi 22:19:40.187 [main] INFO  edu.bjut.boudia.myMain - meter_6267673088806252937:repMsg
raspberrypi 22:19:40.187 [main] INFO  edu.bjut.boudia.myMain - meter_6267673088806252937:72074370
raspberrypi 22:19:40.187 [main] INFO  edu.bjut.boudia.myMain - meter_30150130498535003:repMsg
raspberrypi 22:19:40.187 [main] INFO  edu.bjut.boudia.myMain - meter_30150130498535003:71859019
raspberrypi 22:19:40.187 [main] INFO  edu.bjut.boudia.myMain - meter_4341570681061399119:repMsg
raspberrypi 22:19:40.187 [main] INFO  edu.bjut.boudia.myMain - meter_4341570681061399119:70966204
raspberrypi 22:19:40.187 [main] INFO  edu.bjut.boudia.myMain - meter_6548560318935263253:repMsg
raspberrypi 22:19:40.187 [main] INFO  edu.bjut.boudia.myMain - meter_6548560318935263253:71475888
raspberrypi 22:19:40.188 [main] INFO  edu.bjut.boudia.myMain - meter_3352472571078934199:repMsg
raspberrypi 22:19:40.188 [main] INFO  edu.bjut.boudia.myMain - meter_3352472571078934199:71740685
raspberrypi 22:19:40.188 [main] INFO  edu.bjut.boudia.myMain - meter_7122292434085819943:repMsg
raspberrypi 22:19:40.188 [main] INFO  edu.bjut.boudia.myMain - meter_7122292434085819943:73146481
raspberrypi 22:19:40.188 [main] INFO  edu.bjut.boudia.myMain - meter_7088723213601664545:repMsg
raspberrypi 22:19:40.188 [main] INFO  edu.bjut.boudia.myMain - meter_7088723213601664545:71633907
raspberrypi 22:19:40.188 [main] INFO  edu.bjut.boudia.myMain - meter_6548015163943288819:repMsg
raspberrypi 22:19:40.188 [main] INFO  edu.bjut.boudia.myMain - meter_6548015163943288819:71730222
raspberrypi 22:19:40.188 [main] INFO  edu.bjut.boudia.myMain - meter_3079931045518936951:repMsg
raspberrypi 22:19:40.189 [main] INFO  edu.bjut.boudia.myMain - meter_3079931045518936951:71933092
raspberrypi 22:19:40.189 [main] INFO  edu.bjut.boudia.myMain - meter_6751503918958102079:repMsg
raspberrypi 22:19:40.189 [main] INFO  edu.bjut.boudia.myMain - meter_6751503918958102079:74168241
raspberrypi 22:19:40.189 [main] INFO  edu.bjut.boudia.myMain - meter_619254068426100603:repMsg
raspberrypi 22:19:40.189 [main] INFO  edu.bjut.boudia.myMain - meter_619254068426100603:71331000
raspberrypi 22:19:40.189 [main] INFO  edu.bjut.boudia.myMain - meter_1908730468647350105:repMsg
raspberrypi 22:19:40.189 [main] INFO  edu.bjut.boudia.myMain - meter_1908730468647350105:74187834
raspberrypi 22:19:40.189 [main] INFO  edu.bjut.boudia.myMain - meter_959396878991521507:repMsg
raspberrypi 22:19:40.189 [main] INFO  edu.bjut.boudia.myMain - meter_959396878991521507:72440815
raspberrypi 22:19:40.189 [main] INFO  edu.bjut.boudia.myMain - meter_4180613134102352081:repMsg
raspberrypi 22:19:40.190 [main] INFO  edu.bjut.boudia.myMain - meter_4180613134102352081:72354574
raspberrypi 22:19:40.190 [main] INFO  edu.bjut.boudia.myMain - meter_8961041537015920269:repMsg
raspberrypi 22:19:40.190 [main] INFO  edu.bjut.boudia.myMain - meter_8961041537015920269:72410666
raspberrypi 22:19:40.190 [main] INFO  edu.bjut.boudia.myMain - meter_5977829199993709059:repMsg
raspberrypi 22:19:40.190 [main] INFO  edu.bjut.boudia.myMain - meter_5977829199993709059:72340389
raspberrypi 22:19:40.190 [main] INFO  edu.bjut.boudia.myMain - meter_8261458114408431795:repMsg
raspberrypi 22:19:40.190 [main] INFO  edu.bjut.boudia.myMain - meter_8261458114408431795:70976630
raspberrypi 22:19:40.190 [main] INFO  edu.bjut.boudia.myMain - meter_1055826852044440995:repMsg
raspberrypi 22:19:40.190 [main] INFO  edu.bjut.boudia.myMain - meter_1055826852044440995:73977444
raspberrypi 22:19:40.190 [main] INFO  edu.bjut.boudia.myMain - meter_1714563352493194439:repMsg
raspberrypi 22:19:40.191 [main] INFO  edu.bjut.boudia.myMain - meter_1714563352493194439:71723093
raspberrypi 22:19:40.191 [main] INFO  edu.bjut.boudia.myMain - meter_4029693207780819103:repMsg
raspberrypi 22:19:40.191 [main] INFO  edu.bjut.boudia.myMain - meter_4029693207780819103:71450518
raspberrypi 22:19:40.191 [main] INFO  edu.bjut.boudia.myMain - meter_8630584246886915751:repMsg
raspberrypi 22:19:40.191 [main] INFO  edu.bjut.boudia.myMain - meter_8630584246886915751:71602834
raspberrypi 22:19:40.191 [main] INFO  edu.bjut.boudia.myMain - meter_3234259634722036985:repMsg
raspberrypi 22:19:40.191 [main] INFO  edu.bjut.boudia.myMain - meter_3234259634722036985:71925408
raspberrypi 22:19:40.191 [main] INFO  edu.bjut.boudia.myMain - meter_7859881460649286927:repMsg
raspberrypi 22:19:40.191 [main] INFO  edu.bjut.boudia.myMain - meter_7859881460649286927:72090629
raspberrypi 22:19:40.191 [main] INFO  edu.bjut.boudia.myMain - meter_185625242570019051:repMsg
raspberrypi 22:19:40.191 [main] INFO  edu.bjut.boudia.myMain - meter_185625242570019051:73791407
raspberrypi 22:19:40.191 [main] INFO  edu.bjut.boudia.myMain - meter_1571603519449219901:repMsg
raspberrypi 22:19:40.192 [main] INFO  edu.bjut.boudia.myMain - meter_1571603519449219901:72234389
raspberrypi 22:19:40.192 [main] INFO  edu.bjut.boudia.myMain - meter_5913114170723019225:repMsg
raspberrypi 22:19:40.192 [main] INFO  edu.bjut.boudia.myMain - meter_5913114170723019225:71436296
raspberrypi 22:19:40.192 [main] INFO  edu.bjut.boudia.myMain - meter_7708745477599090487:repMsg
raspberrypi 22:19:40.192 [main] INFO  edu.bjut.boudia.myMain - meter_7708745477599090487:71624722
raspberrypi 22:19:40.192 [main] INFO  edu.bjut.boudia.myMain - meter_717369295852537585:repMsg
raspberrypi 22:19:40.192 [main] INFO  edu.bjut.boudia.myMain - meter_717369295852537585:71901425
raspberrypi 22:19:40.192 [main] INFO  edu.bjut.boudia.myMain - meter_2240369543282210751:repMsg
raspberrypi 22:19:40.192 [main] INFO  edu.bjut.boudia.myMain - meter_2240369543282210751:71949963
raspberrypi 22:19:40.192 [main] INFO  edu.bjut.boudia.myMain - meter_3317497724551419081:repMsg
raspberrypi 22:19:40.192 [main] INFO  edu.bjut.boudia.myMain - meter_3317497724551419081:74444907
raspberrypi 22:19:40.193 [main] INFO  edu.bjut.boudia.myMain - meter_2396656962093482943:repMsg
raspberrypi 22:19:40.193 [main] INFO  edu.bjut.boudia.myMain - meter_2396656962093482943:72964852
raspberrypi 22:19:40.193 [main] INFO  edu.bjut.boudia.myMain - meter_2942260580530877137:repMsg
raspberrypi 22:19:40.193 [main] INFO  edu.bjut.boudia.myMain - meter_2942260580530877137:73277092
raspberrypi 22:19:46.554 [main] INFO  edu.bjut.boudia.myMain - oneTimeMeterRegTime
raspberrypi 22:19:47.993 [main] INFO  edu.bjut.boudia.myMain - server:pubkey
raspberrypi 22:19:47.994 [main] INFO  edu.bjut.boudia.myMain - server:6093
raspberrypi 22:19:47.994 [main] INFO  edu.bjut.boudia.myMain - agg:regMsg,regMsg,regMsg,regMsg,regMsg,regMsg,regMsg,regMsg,regMsg,regMsg,regMsg,regMsg,regMsg,regMsg,regMsg,regMsg,regMsg,regMsg,regMsg,regMsg,regMsg,regMsg,regMsg,regMsg,regMsg,regMsg,regMsg,regMsg,regMsg,regMsg,regMsg,regMsg,regMsg,regMsg,regMsg,regMsg,regMsg,regMsg,regMsg,regMsg
raspberrypi 22:19:47.994 [main] INFO  edu.bjut.boudia.myMain - agg:18064519,17824611,17915871,17948223,17856111,17953278,17954166,17822667,17847741,17934722,17951333,17910445,17815444,18004592,17828871,17826333,17868482,17931574,17833222,17872944,17946092,17812445,17784945,17893315,18008777,17818296,17852037,18013018,18001018,17867166,17850870,17955778,19604704,17937315,19136481,18191019,18228426,18028537,17986444,17879778
raspberrypi 22:19:47.995 [main] INFO  edu.bjut.boudia.myMain - meter_136789618993693095:regMsg,reg_backagg,reg_cc
raspberrypi 22:19:47.995 [main] INFO  edu.bjut.boudia.myMain - meter_136789618993693095:3111,18290722,3037
raspberrypi 22:19:47.995 [main] INFO  edu.bjut.boudia.myMain - meter_8153293559046747949:regMsg,reg_backagg,reg_cc
raspberrypi 22:19:47.995 [main] INFO  edu.bjut.boudia.myMain - meter_8153293559046747949:6222,18003574,2222
raspberrypi 22:19:47.995 [main] INFO  edu.bjut.boudia.myMain - meter_2442692278371984697:regMsg,reg_backagg,reg_cc
raspberrypi 22:19:47.995 [main] INFO  edu.bjut.boudia.myMain - meter_2442692278371984697:5463,18151482,2611
raspberrypi 22:19:47.995 [main] INFO  edu.bjut.boudia.myMain - meter_3767116363222838059:regMsg,reg_backagg,reg_cc
raspberrypi 22:19:47.995 [main] INFO  edu.bjut.boudia.myMain - meter_3767116363222838059:5851,17833519,2833
raspberrypi 22:19:47.995 [main] INFO  edu.bjut.boudia.myMain - meter_4229268457755084777:regMsg,reg_backagg,reg_cc
raspberrypi 22:19:47.995 [main] INFO  edu.bjut.boudia.myMain - meter_4229268457755084777:5241,17920463,2408
raspberrypi 22:19:47.996 [main] INFO  edu.bjut.boudia.myMain - meter_864625262098297245:regMsg,reg_backagg,reg_cc
raspberrypi 22:19:47.996 [main] INFO  edu.bjut.boudia.myMain - meter_864625262098297245:5240,17769556,2296
raspberrypi 22:19:47.996 [main] INFO  edu.bjut.boudia.myMain - meter_3464365426534931149:regMsg,reg_backagg,reg_cc
raspberrypi 22:19:47.996 [main] INFO  edu.bjut.boudia.myMain - meter_3464365426534931149:5723,17900500,2593
raspberrypi 22:19:47.996 [main] INFO  edu.bjut.boudia.myMain - meter_7247275348153302607:regMsg,reg_backagg,reg_cc
raspberrypi 22:19:47.996 [main] INFO  edu.bjut.boudia.myMain - meter_7247275348153302607:5019,17925445,2259
raspberrypi 22:19:47.996 [main] INFO  edu.bjut.boudia.myMain - meter_8093436956156986479:regMsg,reg_backagg,reg_cc
raspberrypi 22:19:47.996 [main] INFO  edu.bjut.boudia.myMain - meter_8093436956156986479:5481,17326000,2278
raspberrypi 22:19:47.996 [main] INFO  edu.bjut.boudia.myMain - meter_7247426839184714441:regMsg,reg_backagg,reg_cc
raspberrypi 22:19:47.996 [main] INFO  edu.bjut.boudia.myMain - meter_7247426839184714441:5018,19240389,2407
raspberrypi 22:19:47.996 [main] INFO  edu.bjut.boudia.myMain - meter_3491454850698693665:regMsg,reg_backagg,reg_cc
raspberrypi 22:19:47.996 [main] INFO  edu.bjut.boudia.myMain - meter_3491454850698693665:5796,17666463,2167
raspberrypi 22:19:47.996 [main] INFO  edu.bjut.boudia.myMain - meter_502357729796146007:regMsg,reg_backagg,reg_cc
raspberrypi 22:19:47.997 [main] INFO  edu.bjut.boudia.myMain - meter_502357729796146007:6482,17910426,2944
raspberrypi 22:19:47.997 [main] INFO  edu.bjut.boudia.myMain - meter_5029889465630429449:regMsg,reg_backagg,reg_cc
raspberrypi 22:19:47.997 [main] INFO  edu.bjut.boudia.myMain - meter_5029889465630429449:5482,17948056,2722
raspberrypi 22:19:47.997 [main] INFO  edu.bjut.boudia.myMain - meter_5490491909817401357:regMsg,reg_backagg,reg_cc
raspberrypi 22:19:47.997 [main] INFO  edu.bjut.boudia.myMain - meter_5490491909817401357:5426,17811111,2241
raspberrypi 22:19:47.997 [main] INFO  edu.bjut.boudia.myMain - meter_7435297491762298059:regMsg,reg_backagg,reg_cc
raspberrypi 22:19:47.997 [main] INFO  edu.bjut.boudia.myMain - meter_7435297491762298059:5963,18040574,2130
raspberrypi 22:19:47.997 [main] INFO  edu.bjut.boudia.myMain - meter_7781100598268525627:regMsg,reg_backagg,reg_cc
raspberrypi 22:19:47.997 [main] INFO  edu.bjut.boudia.myMain - meter_7781100598268525627:5297,17846203,2463
raspberrypi 22:19:47.997 [main] INFO  edu.bjut.boudia.myMain - meter_4141929551494420885:regMsg,reg_backagg,reg_cc
raspberrypi 22:19:47.998 [main] INFO  edu.bjut.boudia.myMain - meter_4141929551494420885:5500,17514260,3203
raspberrypi 22:19:47.998 [main] INFO  edu.bjut.boudia.myMain - meter_6398973138446002287:regMsg,reg_backagg,reg_cc
raspberrypi 22:19:47.998 [main] INFO  edu.bjut.boudia.myMain - meter_6398973138446002287:5482,17762945,2129
raspberrypi 22:19:47.998 [main] INFO  edu.bjut.boudia.myMain - meter_4839537438005652607:regMsg,reg_backagg,reg_cc
raspberrypi 22:19:47.998 [main] INFO  edu.bjut.boudia.myMain - meter_4839537438005652607:5463,18133352,2426
raspberrypi 22:19:47.998 [main] INFO  edu.bjut.boudia.myMain - meter_2990114972895027889:regMsg,reg_backagg,reg_cc
raspberrypi 22:19:47.998 [main] INFO  edu.bjut.boudia.myMain - meter_2990114972895027889:5222,18099629,3722
raspberrypi 22:19:47.998 [main] INFO  edu.bjut.boudia.myMain - meter_2031709546102025783:regMsg,reg_backagg,reg_cc
raspberrypi 22:19:47.998 [main] INFO  edu.bjut.boudia.myMain - meter_2031709546102025783:5944,17802444,3204
raspberrypi 22:19:47.998 [main] INFO  edu.bjut.boudia.myMain - meter_5021121454144188087:regMsg,reg_backagg,reg_cc
raspberrypi 22:19:47.998 [main] INFO  edu.bjut.boudia.myMain - meter_5021121454144188087:5963,19183945,1982
raspberrypi 22:19:47.999 [main] INFO  edu.bjut.boudia.myMain - meter_8484707591858616239:regMsg,reg_backagg,reg_cc
raspberrypi 22:19:47.999 [main] INFO  edu.bjut.boudia.myMain - meter_8484707591858616239:5092,17667981,2370
raspberrypi 22:19:47.999 [main] INFO  edu.bjut.boudia.myMain - meter_54412668140039147:regMsg,reg_backagg,reg_cc
raspberrypi 22:19:47.999 [main] INFO  edu.bjut.boudia.myMain - meter_54412668140039147:5297,17653130,2814
raspberrypi 22:19:48.000 [main] INFO  edu.bjut.boudia.myMain - meter_3048316956591473651:regMsg,reg_backagg,reg_cc
raspberrypi 22:19:48.000 [main] INFO  edu.bjut.boudia.myMain - meter_3048316956591473651:5388,17838370,2834
raspberrypi 22:19:48.000 [main] INFO  edu.bjut.boudia.myMain - meter_4315966319515287073:regMsg,reg_backagg,reg_cc
raspberrypi 22:19:48.000 [main] INFO  edu.bjut.boudia.myMain - meter_4315966319515287073:5722,17977593,2778
raspberrypi 22:19:48.000 [main] INFO  edu.bjut.boudia.myMain - meter_5665382517805816761:regMsg,reg_backagg,reg_cc
raspberrypi 22:19:48.000 [main] INFO  edu.bjut.boudia.myMain - meter_5665382517805816761:5463,17992741,2463
raspberrypi 22:19:48.000 [main] INFO  edu.bjut.boudia.myMain - meter_4809443339119181319:regMsg,reg_backagg,reg_cc
raspberrypi 22:19:48.000 [main] INFO  edu.bjut.boudia.myMain - meter_4809443339119181319:5425,17868889,2111
raspberrypi 22:19:48.000 [main] INFO  edu.bjut.boudia.myMain - meter_3737906510297013351:regMsg,reg_backagg,reg_cc
raspberrypi 22:19:48.000 [main] INFO  edu.bjut.boudia.myMain - meter_3737906510297013351:4981,17653481,2333
raspberrypi 22:19:48.001 [main] INFO  edu.bjut.boudia.myMain - meter_8043960358990388531:regMsg,reg_backagg,reg_cc
raspberrypi 22:19:48.001 [main] INFO  edu.bjut.boudia.myMain - meter_8043960358990388531:5463,18013593,2611
raspberrypi 22:19:48.001 [main] INFO  edu.bjut.boudia.myMain - meter_4071541927726216715:regMsg,reg_backagg,reg_cc
raspberrypi 22:19:48.001 [main] INFO  edu.bjut.boudia.myMain - meter_4071541927726216715:5463,17449722,2889
raspberrypi 22:19:48.001 [main] INFO  edu.bjut.boudia.myMain - meter_6361541643932463753:regMsg,reg_backagg,reg_cc
raspberrypi 22:19:48.001 [main] INFO  edu.bjut.boudia.myMain - meter_6361541643932463753:6148,17941759,2907
raspberrypi 22:19:48.001 [main] INFO  edu.bjut.boudia.myMain - meter_7635432106157213101:regMsg,reg_backagg,reg_cc
raspberrypi 22:19:48.001 [main] INFO  edu.bjut.boudia.myMain - meter_7635432106157213101:6056,17819148,2612
raspberrypi 22:19:48.001 [main] INFO  edu.bjut.boudia.myMain - meter_7907728564404548483:regMsg,reg_backagg,reg_cc
raspberrypi 22:19:48.001 [main] INFO  edu.bjut.boudia.myMain - meter_7907728564404548483:5370,18061556,2593
raspberrypi 22:19:48.002 [main] INFO  edu.bjut.boudia.myMain - meter_263648571941162539:regMsg,reg_backagg,reg_cc
raspberrypi 22:19:48.002 [main] INFO  edu.bjut.boudia.myMain - meter_263648571941162539:74796,17675703,2833
raspberrypi 22:19:48.002 [main] INFO  edu.bjut.boudia.myMain - meter_6274391549680182593:regMsg,reg_backagg,reg_cc
raspberrypi 22:19:48.002 [main] INFO  edu.bjut.boudia.myMain - meter_6274391549680182593:6037,17711093,3222
raspberrypi 22:19:48.002 [main] INFO  edu.bjut.boudia.myMain - meter_6877609522933923341:regMsg,reg_backagg,reg_cc
raspberrypi 22:19:48.002 [main] INFO  edu.bjut.boudia.myMain - meter_6877609522933923341:60314,18215629,8908
raspberrypi 22:19:48.002 [main] INFO  edu.bjut.boudia.myMain - meter_8654092078720182355:regMsg,reg_backagg,reg_cc
raspberrypi 22:19:48.002 [main] INFO  edu.bjut.boudia.myMain - meter_8654092078720182355:1352,17649074,1204
raspberrypi 22:19:48.002 [main] INFO  edu.bjut.boudia.myMain - meter_524726103322149155:regMsg,reg_backagg,reg_cc
raspberrypi 22:19:48.002 [main] INFO  edu.bjut.boudia.myMain - meter_524726103322149155:907,17630778,722
raspberrypi 22:19:48.003 [main] INFO  edu.bjut.boudia.myMain - meter_358125467085466077:regMsg,reg_backagg,reg_cc
raspberrypi 22:19:48.003 [main] INFO  edu.bjut.boudia.myMain - meter_358125467085466077:703,18046741,759
raspberrypi 22:19:49.442 [main] INFO  edu.bjut.boudia.myMain - oneTimeMeterRepTime
raspberrypi 22:19:53.208 [main] INFO  edu.bjut.boudia.myMain - server:repMsg
raspberrypi 22:19:53.209 [main] INFO  edu.bjut.boudia.myMain - server:89517444
raspberrypi 22:19:53.209 [main] INFO  edu.bjut.boudia.myMain - agg:repMsg
raspberrypi 22:19:53.209 [main] INFO  edu.bjut.boudia.myMain - agg:789389185
raspberrypi 22:19:53.209 [main] INFO  edu.bjut.boudia.myMain - meter_136789618993693095:repMsg
raspberrypi 22:19:53.209 [main] INFO  edu.bjut.boudia.myMain - meter_136789618993693095:72280037
raspberrypi 22:19:53.209 [main] INFO  edu.bjut.boudia.myMain - meter_8153293559046747949:repMsg
raspberrypi 22:19:53.209 [main] INFO  edu.bjut.boudia.myMain - meter_8153293559046747949:73134278
raspberrypi 22:19:53.209 [main] INFO  edu.bjut.boudia.myMain - meter_2442692278371984697:repMsg
raspberrypi 22:19:53.210 [main] INFO  edu.bjut.boudia.myMain - meter_2442692278371984697:71478722
raspberrypi 22:19:53.210 [main] INFO  edu.bjut.boudia.myMain - meter_3767116363222838059:repMsg
raspberrypi 22:19:53.210 [main] INFO  edu.bjut.boudia.myMain - meter_3767116363222838059:71777574
raspberrypi 22:19:53.210 [main] INFO  edu.bjut.boudia.myMain - meter_4229268457755084777:repMsg
raspberrypi 22:19:53.210 [main] INFO  edu.bjut.boudia.myMain - meter_4229268457755084777:71987333
raspberrypi 22:19:53.210 [main] INFO  edu.bjut.boudia.myMain - meter_864625262098297245:repMsg
raspberrypi 22:19:53.210 [main] INFO  edu.bjut.boudia.myMain - meter_864625262098297245:71201130
raspberrypi 22:19:53.210 [main] INFO  edu.bjut.boudia.myMain - meter_3464365426534931149:repMsg
raspberrypi 22:19:53.210 [main] INFO  edu.bjut.boudia.myMain - meter_3464365426534931149:71491370
raspberrypi 22:19:53.210 [main] INFO  edu.bjut.boudia.myMain - meter_7247275348153302607:repMsg
raspberrypi 22:19:53.210 [main] INFO  edu.bjut.boudia.myMain - meter_7247275348153302607:73361463
raspberrypi 22:19:53.210 [main] INFO  edu.bjut.boudia.myMain - meter_8093436956156986479:repMsg
raspberrypi 22:19:53.211 [main] INFO  edu.bjut.boudia.myMain - meter_8093436956156986479:71344240
raspberrypi 22:19:53.211 [main] INFO  edu.bjut.boudia.myMain - meter_7247426839184714441:repMsg
raspberrypi 22:19:53.211 [main] INFO  edu.bjut.boudia.myMain - meter_7247426839184714441:71679352
raspberrypi 22:19:53.211 [main] INFO  edu.bjut.boudia.myMain - meter_3491454850698693665:repMsg
raspberrypi 22:19:53.211 [main] INFO  edu.bjut.boudia.myMain - meter_3491454850698693665:72289778
raspberrypi 22:19:53.211 [main] INFO  edu.bjut.boudia.myMain - meter_502357729796146007:repMsg
raspberrypi 22:19:53.211 [main] INFO  edu.bjut.boudia.myMain - meter_502357729796146007:72166056
raspberrypi 22:19:53.211 [main] INFO  edu.bjut.boudia.myMain - meter_5029889465630429449:repMsg
raspberrypi 22:19:53.211 [main] INFO  edu.bjut.boudia.myMain - meter_5029889465630429449:72682908
raspberrypi 22:19:53.211 [main] INFO  edu.bjut.boudia.myMain - meter_5490491909817401357:repMsg
raspberrypi 22:19:53.211 [main] INFO  edu.bjut.boudia.myMain - meter_5490491909817401357:74358537
raspberrypi 22:19:53.211 [main] INFO  edu.bjut.boudia.myMain - meter_7435297491762298059:repMsg
raspberrypi 22:19:53.211 [main] INFO  edu.bjut.boudia.myMain - meter_7435297491762298059:72176685
raspberrypi 22:19:53.212 [main] INFO  edu.bjut.boudia.myMain - meter_7781100598268525627:repMsg
raspberrypi 22:19:53.212 [main] INFO  edu.bjut.boudia.myMain - meter_7781100598268525627:71776945
raspberrypi 22:19:53.212 [main] INFO  edu.bjut.boudia.myMain - meter_4141929551494420885:repMsg
raspberrypi 22:19:53.212 [main] INFO  edu.bjut.boudia.myMain - meter_4141929551494420885:71981945
raspberrypi 22:19:53.212 [main] INFO  edu.bjut.boudia.myMain - meter_6398973138446002287:repMsg
raspberrypi 22:19:53.212 [main] INFO  edu.bjut.boudia.myMain - meter_6398973138446002287:71244963
raspberrypi 22:19:53.212 [main] INFO  edu.bjut.boudia.myMain - meter_4839537438005652607:repMsg
raspberrypi 22:19:53.212 [main] INFO  edu.bjut.boudia.myMain - meter_4839537438005652607:71434666
raspberrypi 22:19:53.212 [main] INFO  edu.bjut.boudia.myMain - meter_2990114972895027889:repMsg
raspberrypi 22:19:53.212 [main] INFO  edu.bjut.boudia.myMain - meter_2990114972895027889:73196648
raspberrypi 22:19:53.212 [main] INFO  edu.bjut.boudia.myMain - meter_2031709546102025783:repMsg
raspberrypi 22:19:53.212 [main] INFO  edu.bjut.boudia.myMain - meter_2031709546102025783:72028056
raspberrypi 22:19:53.212 [main] INFO  edu.bjut.boudia.myMain - meter_5021121454144188087:repMsg
raspberrypi 22:19:53.212 [main] INFO  edu.bjut.boudia.myMain - meter_5021121454144188087:71768241
raspberrypi 22:19:53.213 [main] INFO  edu.bjut.boudia.myMain - meter_8484707591858616239:repMsg
raspberrypi 22:19:53.215 [main] INFO  edu.bjut.boudia.myMain - meter_8484707591858616239:71758685
raspberrypi 22:19:53.215 [main] INFO  edu.bjut.boudia.myMain - meter_54412668140039147:repMsg
raspberrypi 22:19:53.215 [main] INFO  edu.bjut.boudia.myMain - meter_54412668140039147:71723593
raspberrypi 22:19:53.215 [main] INFO  edu.bjut.boudia.myMain - meter_3048316956591473651:repMsg
raspberrypi 22:19:53.216 [main] INFO  edu.bjut.boudia.myMain - meter_3048316956591473651:71184129
raspberrypi 22:19:53.216 [main] INFO  edu.bjut.boudia.myMain - meter_4315966319515287073:repMsg
raspberrypi 22:19:53.216 [main] INFO  edu.bjut.boudia.myMain - meter_4315966319515287073:74952019
raspberrypi 22:19:53.217 [main] INFO  edu.bjut.boudia.myMain - meter_5665382517805816761:repMsg
raspberrypi 22:19:53.217 [main] INFO  edu.bjut.boudia.myMain - meter_5665382517805816761:70816018
raspberrypi 22:19:53.217 [main] INFO  edu.bjut.boudia.myMain - meter_4809443339119181319:repMsg
raspberrypi 22:19:53.217 [main] INFO  edu.bjut.boudia.myMain - meter_4809443339119181319:72008185
raspberrypi 22:19:53.218 [main] INFO  edu.bjut.boudia.myMain - meter_3737906510297013351:repMsg
raspberrypi 22:19:53.218 [main] INFO  edu.bjut.boudia.myMain - meter_3737906510297013351:71787537
raspberrypi 22:19:53.218 [main] INFO  edu.bjut.boudia.myMain - meter_8043960358990388531:repMsg
raspberrypi 22:19:53.218 [main] INFO  edu.bjut.boudia.myMain - meter_8043960358990388531:72077555
raspberrypi 22:19:53.218 [main] INFO  edu.bjut.boudia.myMain - meter_4071541927726216715:repMsg
raspberrypi 22:19:53.218 [main] INFO  edu.bjut.boudia.myMain - meter_4071541927726216715:72133241
raspberrypi 22:19:53.219 [main] INFO  edu.bjut.boudia.myMain - meter_6361541643932463753:repMsg
raspberrypi 22:19:53.219 [main] INFO  edu.bjut.boudia.myMain - meter_6361541643932463753:71732908
raspberrypi 22:19:53.219 [main] INFO  edu.bjut.boudia.myMain - meter_7635432106157213101:repMsg
raspberrypi 22:19:53.219 [main] INFO  edu.bjut.boudia.myMain - meter_7635432106157213101:76632648
raspberrypi 22:19:53.219 [main] INFO  edu.bjut.boudia.myMain - meter_7907728564404548483:repMsg
raspberrypi 22:19:53.220 [main] INFO  edu.bjut.boudia.myMain - meter_7907728564404548483:71889148
raspberrypi 22:19:53.220 [main] INFO  edu.bjut.boudia.myMain - meter_263648571941162539:repMsg
raspberrypi 22:19:53.220 [main] INFO  edu.bjut.boudia.myMain - meter_263648571941162539:71385759
raspberrypi 22:19:53.220 [main] INFO  edu.bjut.boudia.myMain - meter_6274391549680182593:repMsg
raspberrypi 22:19:53.220 [main] INFO  edu.bjut.boudia.myMain - meter_6274391549680182593:71591944
raspberrypi 22:19:53.220 [main] INFO  edu.bjut.boudia.myMain - meter_6877609522933923341:repMsg
raspberrypi 22:19:53.220 [main] INFO  edu.bjut.boudia.myMain - meter_6877609522933923341:71328537
raspberrypi 22:19:53.220 [main] INFO  edu.bjut.boudia.myMain - meter_8654092078720182355:repMsg
raspberrypi 22:19:53.220 [main] INFO  edu.bjut.boudia.myMain - meter_8654092078720182355:71832204
raspberrypi 22:19:53.221 [main] INFO  edu.bjut.boudia.myMain - meter_524726103322149155:repMsg
raspberrypi 22:19:53.221 [main] INFO  edu.bjut.boudia.myMain - meter_524726103322149155:73256463
raspberrypi 22:19:53.221 [main] INFO  edu.bjut.boudia.myMain - meter_358125467085466077:repMsg
raspberrypi 22:19:53.221 [main] INFO  edu.bjut.boudia.myMain - meter_358125467085466077:71397111
raspberrypi 22:19:57.355 [main] INFO  edu.bjut.boudia.myMain - oneTimeMeterRegTime
raspberrypi 22:19:58.436 [main] INFO  edu.bjut.boudia.myMain - server:pubkey
raspberrypi 22:19:58.440 [main] INFO  edu.bjut.boudia.myMain - server:4129
raspberrypi 22:19:58.440 [main] INFO  edu.bjut.boudia.myMain - agg:regMsg,regMsg,regMsg,regMsg,regMsg,regMsg,regMsg,regMsg,regMsg,regMsg,regMsg,regMsg,regMsg,regMsg,regMsg,regMsg,regMsg,regMsg,regMsg,regMsg,regMsg,regMsg,regMsg,regMsg,regMsg,regMsg,regMsg,regMsg,regMsg,regMsg
raspberrypi 22:19:58.440 [main] INFO  edu.bjut.boudia.myMain - agg:17892833,17853686,17833278,18383037,17862445,17897667,17856481,17875630,17840222,17815037,17859259,17881389,17830500,17897833,17932018,17832574,17834019,17936389,17886296,17876000,17880686,17901574,19734444,19586315,17965889,17840241,17866944,17863130,17930204,17862037
raspberrypi 22:19:58.440 [main] INFO  edu.bjut.boudia.myMain - meter_5671634958671698923:regMsg,reg_backagg,reg_cc
raspberrypi 22:19:58.440 [main] INFO  edu.bjut.boudia.myMain - meter_5671634958671698923:814,17794408,1074
raspberrypi 22:19:58.441 [main] INFO  edu.bjut.boudia.myMain - meter_6134826507451979179:regMsg,reg_backagg,reg_cc
raspberrypi 22:19:58.441 [main] INFO  edu.bjut.boudia.myMain - meter_6134826507451979179:759,18053037,1241
raspberrypi 22:19:58.441 [main] INFO  edu.bjut.boudia.myMain - meter_6403881660400679697:regMsg,reg_backagg,reg_cc
raspberrypi 22:19:58.441 [main] INFO  edu.bjut.boudia.myMain - meter_6403881660400679697:778,17794463,1074
raspberrypi 22:19:58.442 [main] INFO  edu.bjut.boudia.myMain - meter_2975982503234347353:regMsg,reg_backagg,reg_cc
raspberrypi 22:19:58.442 [main] INFO  edu.bjut.boudia.myMain - meter_2975982503234347353:759,18017204,759
raspberrypi 22:19:58.442 [main] INFO  edu.bjut.boudia.myMain - meter_8109277840606680011:regMsg,reg_backagg,reg_cc
raspberrypi 22:19:58.442 [main] INFO  edu.bjut.boudia.myMain - meter_8109277840606680011:666,17662278,611
raspberrypi 22:19:58.442 [main] INFO  edu.bjut.boudia.myMain - meter_7913826533517646891:regMsg,reg_backagg,reg_cc
raspberrypi 22:19:58.442 [main] INFO  edu.bjut.boudia.myMain - meter_7913826533517646891:1018,17711018,778
raspberrypi 22:19:58.442 [main] INFO  edu.bjut.boudia.myMain - meter_9023339384521848365:regMsg,reg_backagg,reg_cc
raspberrypi 22:19:58.442 [main] INFO  edu.bjut.boudia.myMain - meter_9023339384521848365:907,17954500,852
raspberrypi 22:19:58.442 [main] INFO  edu.bjut.boudia.myMain - meter_6237963993046197729:regMsg,reg_backagg,reg_cc
raspberrypi 22:19:58.442 [main] INFO  edu.bjut.boudia.myMain - meter_6237963993046197729:888,18044240,500
raspberrypi 22:19:58.443 [main] INFO  edu.bjut.boudia.myMain - meter_3734534854864169749:regMsg,reg_backagg,reg_cc
raspberrypi 22:19:58.443 [main] INFO  edu.bjut.boudia.myMain - meter_3734534854864169749:945,17689944,759
raspberrypi 22:19:58.443 [main] INFO  edu.bjut.boudia.myMain - meter_7604798106245790523:regMsg,reg_backagg,reg_cc
raspberrypi 22:19:58.443 [main] INFO  edu.bjut.boudia.myMain - meter_7604798106245790523:1148,17701148,889
raspberrypi 22:19:58.443 [main] INFO  edu.bjut.boudia.myMain - meter_8517643468273807413:regMsg,reg_backagg,reg_cc
raspberrypi 22:19:58.443 [main] INFO  edu.bjut.boudia.myMain - meter_8517643468273807413:760,17808796,777
raspberrypi 22:19:58.443 [main] INFO  edu.bjut.boudia.myMain - meter_2874370612151958231:regMsg,reg_backagg,reg_cc
raspberrypi 22:19:58.443 [main] INFO  edu.bjut.boudia.myMain - meter_2874370612151958231:889,19569611,945
raspberrypi 22:19:58.443 [main] INFO  edu.bjut.boudia.myMain - meter_7610924965329878371:regMsg,reg_backagg,reg_cc
raspberrypi 22:19:58.444 [main] INFO  edu.bjut.boudia.myMain - meter_7610924965329878371:1592,18104723,870
raspberrypi 22:19:58.444 [main] INFO  edu.bjut.boudia.myMain - meter_5929827066079192755:regMsg,reg_backagg,reg_cc
raspberrypi 22:19:58.444 [main] INFO  edu.bjut.boudia.myMain - meter_5929827066079192755:981,17814833,889
raspberrypi 22:19:58.444 [main] INFO  edu.bjut.boudia.myMain - meter_5789410702423511159:regMsg,reg_backagg,reg_cc
raspberrypi 22:19:58.444 [main] INFO  edu.bjut.boudia.myMain - meter_5789410702423511159:1389,17832370,778
raspberrypi 22:19:58.444 [main] INFO  edu.bjut.boudia.myMain - meter_6145518415516216289:regMsg,reg_backagg,reg_cc
raspberrypi 22:19:58.444 [main] INFO  edu.bjut.boudia.myMain - meter_6145518415516216289:945,17637740,574
raspberrypi 22:19:58.444 [main] INFO  edu.bjut.boudia.myMain - meter_1450261386727540901:regMsg,reg_backagg,reg_cc
raspberrypi 22:19:58.444 [main] INFO  edu.bjut.boudia.myMain - meter_1450261386727540901:760,17852796,1093
raspberrypi 22:19:58.444 [main] INFO  edu.bjut.boudia.myMain - meter_5018891967820880785:regMsg,reg_backagg,reg_cc
raspberrypi 22:19:58.444 [main] INFO  edu.bjut.boudia.myMain - meter_5018891967820880785:796,17819037,426
raspberrypi 22:19:58.445 [main] INFO  edu.bjut.boudia.myMain - meter_4344863559088203185:regMsg,reg_backagg,reg_cc
raspberrypi 22:19:58.445 [main] INFO  edu.bjut.boudia.myMain - meter_4344863559088203185:833,17880500,1111
raspberrypi 22:19:58.445 [main] INFO  edu.bjut.boudia.myMain - meter_3985561119928383263:regMsg,reg_backagg,reg_cc
raspberrypi 22:19:58.445 [main] INFO  edu.bjut.boudia.myMain - meter_3985561119928383263:925,17785519,778
raspberrypi 22:19:58.445 [main] INFO  edu.bjut.boudia.myMain - meter_7159762258590756051:regMsg,reg_backagg,reg_cc
raspberrypi 22:19:58.445 [main] INFO  edu.bjut.boudia.myMain - meter_7159762258590756051:1537,18071259,445
raspberrypi 22:19:58.445 [main] INFO  edu.bjut.boudia.myMain - meter_1259707805137883389:regMsg,reg_backagg,reg_cc
raspberrypi 22:19:58.445 [main] INFO  edu.bjut.boudia.myMain - meter_1259707805137883389:815,17663611,833
raspberrypi 22:19:58.445 [main] INFO  edu.bjut.boudia.myMain - meter_8226635612935144559:regMsg,reg_backagg,reg_cc
raspberrypi 22:19:58.445 [main] INFO  edu.bjut.boudia.myMain - meter_8226635612935144559:833,17967888,1093
raspberrypi 22:19:58.445 [main] INFO  edu.bjut.boudia.myMain - meter_4983580375955256539:regMsg,reg_backagg,reg_cc
raspberrypi 22:19:58.445 [main] INFO  edu.bjut.boudia.myMain - meter_4983580375955256539:833,19894481,796
raspberrypi 22:19:58.446 [main] INFO  edu.bjut.boudia.myMain - meter_6127907177102058473:regMsg,reg_backagg,reg_cc
raspberrypi 22:19:58.446 [main] INFO  edu.bjut.boudia.myMain - meter_6127907177102058473:871,17906648,870
raspberrypi 22:19:58.446 [main] INFO  edu.bjut.boudia.myMain - meter_7389393268518817011:regMsg,reg_backagg,reg_cc
raspberrypi 22:19:58.446 [main] INFO  edu.bjut.boudia.myMain - meter_7389393268518817011:833,18002760,686
raspberrypi 22:19:58.446 [main] INFO  edu.bjut.boudia.myMain - meter_315048107573378789:regMsg,reg_backagg,reg_cc
raspberrypi 22:19:58.446 [main] INFO  edu.bjut.boudia.myMain - meter_315048107573378789:1111,17720500,870
raspberrypi 22:19:58.447 [main] INFO  edu.bjut.boudia.myMain - meter_8775173889326551275:regMsg,reg_backagg,reg_cc
raspberrypi 22:19:58.447 [main] INFO  edu.bjut.boudia.myMain - meter_8775173889326551275:1055,17829741,629
raspberrypi 22:19:58.447 [main] INFO  edu.bjut.boudia.myMain - meter_4005215032058194031:regMsg,reg_backagg,reg_cc
raspberrypi 22:19:58.447 [main] INFO  edu.bjut.boudia.myMain - meter_4005215032058194031:908,17615537,778
raspberrypi 22:19:58.447 [main] INFO  edu.bjut.boudia.myMain - meter_2456382460720432151:regMsg,reg_backagg,reg_cc
raspberrypi 22:19:58.447 [main] INFO  edu.bjut.boudia.myMain - meter_2456382460720432151:815,17675537,759
raspberrypi 22:19:59.527 [main] INFO  edu.bjut.boudia.myMain - oneTimeMeterRepTime
raspberrypi 22:20:02.382 [main] INFO  edu.bjut.boudia.myMain - server:repMsg
raspberrypi 22:20:02.382 [main] INFO  edu.bjut.boudia.myMain - server:88592111
raspberrypi 22:20:02.382 [main] INFO  edu.bjut.boudia.myMain - agg:repMsg
raspberrypi 22:20:02.382 [main] INFO  edu.bjut.boudia.myMain - agg:594428037
raspberrypi 22:20:02.382 [main] INFO  edu.bjut.boudia.myMain - meter_5671634958671698923:repMsg
raspberrypi 22:20:02.382 [main] INFO  edu.bjut.boudia.myMain - meter_5671634958671698923:73709241
raspberrypi 22:20:02.382 [main] INFO  edu.bjut.boudia.myMain - meter_6134826507451979179:repMsg
raspberrypi 22:20:02.382 [main] INFO  edu.bjut.boudia.myMain - meter_6134826507451979179:71168704
raspberrypi 22:20:02.383 [main] INFO  edu.bjut.boudia.myMain - meter_6403881660400679697:repMsg
raspberrypi 22:20:02.383 [main] INFO  edu.bjut.boudia.myMain - meter_6403881660400679697:71649333
raspberrypi 22:20:02.383 [main] INFO  edu.bjut.boudia.myMain - meter_2975982503234347353:repMsg
raspberrypi 22:20:02.383 [main] INFO  edu.bjut.boudia.myMain - meter_2975982503234347353:72088815
raspberrypi 22:20:02.383 [main] INFO  edu.bjut.boudia.myMain - meter_8109277840606680011:repMsg
raspberrypi 22:20:02.383 [main] INFO  edu.bjut.boudia.myMain - meter_8109277840606680011:71987870
raspberrypi 22:20:02.383 [main] INFO  edu.bjut.boudia.myMain - meter_7913826533517646891:repMsg
raspberrypi 22:20:02.383 [main] INFO  edu.bjut.boudia.myMain - meter_7913826533517646891:71727834
raspberrypi 22:20:02.383 [main] INFO  edu.bjut.boudia.myMain - meter_9023339384521848365:repMsg
raspberrypi 22:20:02.383 [main] INFO  edu.bjut.boudia.myMain - meter_9023339384521848365:72631944
raspberrypi 22:20:02.383 [main] INFO  edu.bjut.boudia.myMain - meter_6237963993046197729:repMsg
raspberrypi 22:20:02.384 [main] INFO  edu.bjut.boudia.myMain - meter_6237963993046197729:71597797
raspberrypi 22:20:02.384 [main] INFO  edu.bjut.boudia.myMain - meter_3734534854864169749:repMsg
raspberrypi 22:20:02.384 [main] INFO  edu.bjut.boudia.myMain - meter_3734534854864169749:71427352
raspberrypi 22:20:02.384 [main] INFO  edu.bjut.boudia.myMain - meter_7604798106245790523:repMsg
raspberrypi 22:20:02.384 [main] INFO  edu.bjut.boudia.myMain - meter_7604798106245790523:71484834
raspberrypi 22:20:02.384 [main] INFO  edu.bjut.boudia.myMain - meter_8517643468273807413:repMsg
raspberrypi 22:20:02.384 [main] INFO  edu.bjut.boudia.myMain - meter_8517643468273807413:71565963
raspberrypi 22:20:02.384 [main] INFO  edu.bjut.boudia.myMain - meter_2874370612151958231:repMsg
raspberrypi 22:20:02.384 [main] INFO  edu.bjut.boudia.myMain - meter_2874370612151958231:71459704
raspberrypi 22:20:02.384 [main] INFO  edu.bjut.boudia.myMain - meter_7610924965329878371:repMsg
raspberrypi 22:20:02.384 [main] INFO  edu.bjut.boudia.myMain - meter_7610924965329878371:73646333
raspberrypi 22:20:02.384 [main] INFO  edu.bjut.boudia.myMain - meter_5929827066079192755:repMsg
raspberrypi 22:20:02.384 [main] INFO  edu.bjut.boudia.myMain - meter_5929827066079192755:71829648
raspberrypi 22:20:02.385 [main] INFO  edu.bjut.boudia.myMain - meter_5789410702423511159:repMsg
raspberrypi 22:20:02.385 [main] INFO  edu.bjut.boudia.myMain - meter_5789410702423511159:71632574
raspberrypi 22:20:02.385 [main] INFO  edu.bjut.boudia.myMain - meter_6145518415516216289:repMsg
raspberrypi 22:20:02.385 [main] INFO  edu.bjut.boudia.myMain - meter_6145518415516216289:71970277
raspberrypi 22:20:02.385 [main] INFO  edu.bjut.boudia.myMain - meter_1450261386727540901:repMsg
raspberrypi 22:20:02.385 [main] INFO  edu.bjut.boudia.myMain - meter_1450261386727540901:72247908
raspberrypi 22:20:02.385 [main] INFO  edu.bjut.boudia.myMain - meter_5018891967820880785:repMsg
raspberrypi 22:20:02.385 [main] INFO  edu.bjut.boudia.myMain - meter_5018891967820880785:72163574
raspberrypi 22:20:02.385 [main] INFO  edu.bjut.boudia.myMain - meter_4344863559088203185:repMsg
raspberrypi 22:20:02.385 [main] INFO  edu.bjut.boudia.myMain - meter_4344863559088203185:73656630
raspberrypi 22:20:02.385 [main] INFO  edu.bjut.boudia.myMain - meter_3985561119928383263:repMsg
raspberrypi 22:20:02.385 [main] INFO  edu.bjut.boudia.myMain - meter_3985561119928383263:71749351
raspberrypi 22:20:02.385 [main] INFO  edu.bjut.boudia.myMain - meter_7159762258590756051:repMsg
raspberrypi 22:20:02.385 [main] INFO  edu.bjut.boudia.myMain - meter_7159762258590756051:78172963
raspberrypi 22:20:02.385 [main] INFO  edu.bjut.boudia.myMain - meter_1259707805137883389:repMsg
raspberrypi 22:20:02.385 [main] INFO  edu.bjut.boudia.myMain - meter_1259707805137883389:72113629
raspberrypi 22:20:02.385 [main] INFO  edu.bjut.boudia.myMain - meter_8226635612935144559:repMsg
raspberrypi 22:20:02.385 [main] INFO  edu.bjut.boudia.myMain - meter_8226635612935144559:71421982
raspberrypi 22:20:02.386 [main] INFO  edu.bjut.boudia.myMain - meter_4983580375955256539:repMsg
raspberrypi 22:20:02.386 [main] INFO  edu.bjut.boudia.myMain - meter_4983580375955256539:72337130
raspberrypi 22:20:02.386 [main] INFO  edu.bjut.boudia.myMain - meter_6127907177102058473:repMsg
raspberrypi 22:20:02.386 [main] INFO  edu.bjut.boudia.myMain - meter_6127907177102058473:73485222
raspberrypi 22:20:02.386 [main] INFO  edu.bjut.boudia.myMain - meter_7389393268518817011:repMsg
raspberrypi 22:20:02.386 [main] INFO  edu.bjut.boudia.myMain - meter_7389393268518817011:71440704
raspberrypi 22:20:02.386 [main] INFO  edu.bjut.boudia.myMain - meter_315048107573378789:repMsg
raspberrypi 22:20:02.386 [main] INFO  edu.bjut.boudia.myMain - meter_315048107573378789:73000055
raspberrypi 22:20:02.386 [main] INFO  edu.bjut.boudia.myMain - meter_8775173889326551275:repMsg
raspberrypi 22:20:02.386 [main] INFO  edu.bjut.boudia.myMain - meter_8775173889326551275:72266648
raspberrypi 22:20:02.386 [main] INFO  edu.bjut.boudia.myMain - meter_4005215032058194031:repMsg
raspberrypi 22:20:02.386 [main] INFO  edu.bjut.boudia.myMain - meter_4005215032058194031:72406333
raspberrypi 22:20:02.386 [main] INFO  edu.bjut.boudia.myMain - meter_2456382460720432151:repMsg
raspberrypi 22:20:02.386 [main] INFO  edu.bjut.boudia.myMain - meter_2456382460720432151:72032222
raspberrypi 22:20:06.264 [main] INFO  edu.bjut.boudia.myMain - oneTimeMeterRegTime
raspberrypi 22:20:06.984 [main] INFO  edu.bjut.boudia.myMain - server:pubkey
raspberrypi 22:20:06.984 [main] INFO  edu.bjut.boudia.myMain - server:4407
raspberrypi 22:20:06.984 [main] INFO  edu.bjut.boudia.myMain - agg:regMsg,regMsg,regMsg,regMsg,regMsg,regMsg,regMsg,regMsg,regMsg,regMsg,regMsg,regMsg,regMsg,regMsg,regMsg,regMsg,regMsg,regMsg,regMsg,regMsg
raspberrypi 22:20:06.984 [main] INFO  edu.bjut.boudia.myMain - agg:17898389,17890481,17954240,19306148,17969889,17875185,18059982,17915981,17879759,17979963,17933592,17939167,17818037,17876074,17774148,17819518,17959574,18413740,17987888,17868518
raspberrypi 22:20:06.984 [main] INFO  edu.bjut.boudia.myMain - meter_1522582656929655763:regMsg,reg_backagg,reg_cc
raspberrypi 22:20:06.984 [main] INFO  edu.bjut.boudia.myMain - meter_1522582656929655763:815,17956129,1019
raspberrypi 22:20:06.985 [main] INFO  edu.bjut.boudia.myMain - meter_2387561818745974135:regMsg,reg_backagg,reg_cc
raspberrypi 22:20:06.985 [main] INFO  edu.bjut.boudia.myMain - meter_2387561818745974135:612,17653759,1018
raspberrypi 22:20:06.985 [main] INFO  edu.bjut.boudia.myMain - meter_8547601589789327083:regMsg,reg_backagg,reg_cc
raspberrypi 22:20:06.985 [main] INFO  edu.bjut.boudia.myMain - meter_8547601589789327083:889,17885889,1093
raspberrypi 22:20:06.985 [main] INFO  edu.bjut.boudia.myMain - meter_8296965067110493923:regMsg,reg_backagg,reg_cc
raspberrypi 22:20:06.985 [main] INFO  edu.bjut.boudia.myMain - meter_8296965067110493923:1000,17977481,760
raspberrypi 22:20:06.985 [main] INFO  edu.bjut.boudia.myMain - meter_1379344612698720523:regMsg,reg_backagg,reg_cc
raspberrypi 22:20:06.985 [main] INFO  edu.bjut.boudia.myMain - meter_1379344612698720523:1296,17917018,1241
raspberrypi 22:20:06.986 [main] INFO  edu.bjut.boudia.myMain - meter_2221767931543661855:regMsg,reg_backagg,reg_cc
raspberrypi 22:20:06.986 [main] INFO  edu.bjut.boudia.myMain - meter_2221767931543661855:981,18111834,1112
raspberrypi 22:20:06.986 [main] INFO  edu.bjut.boudia.myMain - meter_955450696356825813:regMsg,reg_backagg,reg_cc
raspberrypi 22:20:06.986 [main] INFO  edu.bjut.boudia.myMain - meter_955450696356825813:889,17993611,370
raspberrypi 22:20:06.986 [main] INFO  edu.bjut.boudia.myMain - meter_7136831684128020809:regMsg,reg_backagg,reg_cc
raspberrypi 22:20:06.986 [main] INFO  edu.bjut.boudia.myMain - meter_7136831684128020809:759,17801796,1260
raspberrypi 22:20:06.986 [main] INFO  edu.bjut.boudia.myMain - meter_6798950677452707173:regMsg,reg_backagg,reg_cc
raspberrypi 22:20:06.986 [main] INFO  edu.bjut.boudia.myMain - meter_6798950677452707173:926,17718686,518
raspberrypi 22:20:06.986 [main] INFO  edu.bjut.boudia.myMain - meter_8292868971447520057:regMsg,reg_backagg,reg_cc
raspberrypi 22:20:06.987 [main] INFO  edu.bjut.boudia.myMain - meter_8292868971447520057:945,17728426,982
raspberrypi 22:20:06.987 [main] INFO  edu.bjut.boudia.myMain - meter_5027913810089490323:regMsg,reg_backagg,reg_cc
raspberrypi 22:20:06.987 [main] INFO  edu.bjut.boudia.myMain - meter_5027913810089490323:1037,17959166,685
raspberrypi 22:20:06.987 [main] INFO  edu.bjut.boudia.myMain - meter_1650708943870038679:regMsg,reg_backagg,reg_cc
raspberrypi 22:20:06.987 [main] INFO  edu.bjut.boudia.myMain - meter_1650708943870038679:907,17868703,1092
raspberrypi 22:20:06.987 [main] INFO  edu.bjut.boudia.myMain - meter_9142796799637466267:regMsg,reg_backagg,reg_cc
raspberrypi 22:20:06.987 [main] INFO  edu.bjut.boudia.myMain - meter_9142796799637466267:815,17911852,815
raspberrypi 22:20:06.987 [main] INFO  edu.bjut.boudia.myMain - meter_6568822278153389025:regMsg,reg_backagg,reg_cc
raspberrypi 22:20:06.988 [main] INFO  edu.bjut.boudia.myMain - meter_6568822278153389025:1000,17943574,889
raspberrypi 22:20:06.988 [main] INFO  edu.bjut.boudia.myMain - meter_2234249794582296755:regMsg,reg_backagg,reg_cc
raspberrypi 22:20:06.988 [main] INFO  edu.bjut.boudia.myMain - meter_2234249794582296755:907,17624370,833
raspberrypi 22:20:06.988 [main] INFO  edu.bjut.boudia.myMain - meter_1451219357765696377:regMsg,reg_backagg,reg_cc
raspberrypi 22:20:06.988 [main] INFO  edu.bjut.boudia.myMain - meter_1451219357765696377:1185,19115722,1167
raspberrypi 22:20:06.988 [main] INFO  edu.bjut.boudia.myMain - meter_1811617417127607053:regMsg,reg_backagg,reg_cc
raspberrypi 22:20:06.988 [main] INFO  edu.bjut.boudia.myMain - meter_1811617417127607053:1223,17906037,796
raspberrypi 22:20:06.988 [main] INFO  edu.bjut.boudia.myMain - meter_3008985209879396649:regMsg,reg_backagg,reg_cc
raspberrypi 22:20:06.988 [main] INFO  edu.bjut.boudia.myMain - meter_3008985209879396649:908,17994185,685
raspberrypi 22:20:06.989 [main] INFO  edu.bjut.boudia.myMain - meter_7539322529833090801:regMsg,reg_backagg,reg_cc
raspberrypi 22:20:06.989 [main] INFO  edu.bjut.boudia.myMain - meter_7539322529833090801:888,17979000,870
raspberrypi 22:20:06.989 [main] INFO  edu.bjut.boudia.myMain - meter_5894431522130254719:regMsg,reg_backagg,reg_cc
raspberrypi 22:20:06.989 [main] INFO  edu.bjut.boudia.myMain - meter_5894431522130254719:797,17831315,759
raspberrypi 22:20:07.709 [main] INFO  edu.bjut.boudia.myMain - oneTimeMeterRepTime
raspberrypi 22:20:09.649 [main] INFO  edu.bjut.boudia.myMain - server:repMsg
raspberrypi 22:20:09.650 [main] INFO  edu.bjut.boudia.myMain - server:91088759
raspberrypi 22:20:09.650 [main] INFO  edu.bjut.boudia.myMain - agg:repMsg
raspberrypi 22:20:09.650 [main] INFO  edu.bjut.boudia.myMain - agg:406602629
raspberrypi 22:20:09.650 [main] INFO  edu.bjut.boudia.myMain - meter_1522582656929655763:repMsg
raspberrypi 22:20:09.650 [main] INFO  edu.bjut.boudia.myMain - meter_1522582656929655763:72269240
raspberrypi 22:20:09.650 [main] INFO  edu.bjut.boudia.myMain - meter_2387561818745974135:repMsg
raspberrypi 22:20:09.650 [main] INFO  edu.bjut.boudia.myMain - meter_2387561818745974135:71284926
raspberrypi 22:20:09.650 [main] INFO  edu.bjut.boudia.myMain - meter_8547601589789327083:repMsg
raspberrypi 22:20:09.650 [main] INFO  edu.bjut.boudia.myMain - meter_8547601589789327083:71654407
raspberrypi 22:20:09.651 [main] INFO  edu.bjut.boudia.myMain - meter_8296965067110493923:repMsg
raspberrypi 22:20:09.651 [main] INFO  edu.bjut.boudia.myMain - meter_8296965067110493923:71453389
raspberrypi 22:20:09.651 [main] INFO  edu.bjut.boudia.myMain - meter_1379344612698720523:repMsg
raspberrypi 22:20:09.651 [main] INFO  edu.bjut.boudia.myMain - meter_1379344612698720523:71387000
raspberrypi 22:20:09.651 [main] INFO  edu.bjut.boudia.myMain - meter_2221767931543661855:repMsg
raspberrypi 22:20:09.651 [main] INFO  edu.bjut.boudia.myMain - meter_2221767931543661855:71254889
raspberrypi 22:20:09.651 [main] INFO  edu.bjut.boudia.myMain - meter_955450696356825813:repMsg
raspberrypi 22:20:09.651 [main] INFO  edu.bjut.boudia.myMain - meter_955450696356825813:73096499
raspberrypi 22:20:09.651 [main] INFO  edu.bjut.boudia.myMain - meter_7136831684128020809:repMsg
raspberrypi 22:20:09.651 [main] INFO  edu.bjut.boudia.myMain - meter_7136831684128020809:71111981
raspberrypi 22:20:09.651 [main] INFO  edu.bjut.boudia.myMain - meter_6798950677452707173:repMsg
raspberrypi 22:20:09.651 [main] INFO  edu.bjut.boudia.myMain - meter_6798950677452707173:71851685
raspberrypi 22:20:09.651 [main] INFO  edu.bjut.boudia.myMain - meter_8292868971447520057:repMsg
raspberrypi 22:20:09.651 [main] INFO  edu.bjut.boudia.myMain - meter_8292868971447520057:72098018
raspberrypi 22:20:09.651 [main] INFO  edu.bjut.boudia.myMain - meter_5027913810089490323:repMsg
raspberrypi 22:20:09.651 [main] INFO  edu.bjut.boudia.myMain - meter_5027913810089490323:72189074
raspberrypi 22:20:09.651 [main] INFO  edu.bjut.boudia.myMain - meter_1650708943870038679:repMsg
raspberrypi 22:20:09.651 [main] INFO  edu.bjut.boudia.myMain - meter_1650708943870038679:71863686
raspberrypi 22:20:09.651 [main] INFO  edu.bjut.boudia.myMain - meter_9142796799637466267:repMsg
raspberrypi 22:20:09.651 [main] INFO  edu.bjut.boudia.myMain - meter_9142796799637466267:73446019
raspberrypi 22:20:09.651 [main] INFO  edu.bjut.boudia.myMain - meter_6568822278153389025:repMsg
raspberrypi 22:20:09.651 [main] INFO  edu.bjut.boudia.myMain - meter_6568822278153389025:72453740
raspberrypi 22:20:09.652 [main] INFO  edu.bjut.boudia.myMain - meter_2234249794582296755:repMsg
raspberrypi 22:20:09.652 [main] INFO  edu.bjut.boudia.myMain - meter_2234249794582296755:73281352
raspberrypi 22:20:09.652 [main] INFO  edu.bjut.boudia.myMain - meter_1451219357765696377:repMsg
raspberrypi 22:20:09.652 [main] INFO  edu.bjut.boudia.myMain - meter_1451219357765696377:72076167
raspberrypi 22:20:09.652 [main] INFO  edu.bjut.boudia.myMain - meter_1811617417127607053:repMsg
raspberrypi 22:20:09.652 [main] INFO  edu.bjut.boudia.myMain - meter_1811617417127607053:72510685
raspberrypi 22:20:09.652 [main] INFO  edu.bjut.boudia.myMain - meter_3008985209879396649:repMsg
raspberrypi 22:20:09.652 [main] INFO  edu.bjut.boudia.myMain - meter_3008985209879396649:71185518
raspberrypi 22:20:09.652 [main] INFO  edu.bjut.boudia.myMain - meter_7539322529833090801:repMsg
raspberrypi 22:20:09.652 [main] INFO  edu.bjut.boudia.myMain - meter_7539322529833090801:73062481
raspberrypi 22:20:09.652 [main] INFO  edu.bjut.boudia.myMain - meter_5894431522130254719:repMsg
raspberrypi 22:20:09.652 [main] INFO  edu.bjut.boudia.myMain - meter_5894431522130254719:71952871
