raspberrypi 23:40:34.589 [main] INFO  edu.bjut.boudia.myMain - oneTimeMeterRegTime
raspberrypi 23:40:36.841 [main] INFO  edu.bjut.boudia.myMain - server:pubkey
raspberrypi 23:40:36.841 [main] INFO  edu.bjut.boudia.myMain - server:799667
raspberrypi 23:40:36.852 [main] INFO  edu.bjut.boudia.myMain - agg:regMsg,regMsg,regMsg,regMsg,regMsg,regMsg,regMsg,regMsg,regMsg,regMsg,regMsg,regMsg,regMsg,regMsg,regMsg,regMsg,regMsg,regMsg,regMsg,regMsg,regMsg,regMsg,regMsg,regMsg,regMsg,regMsg,regMsg,regMsg,regMsg,regMsg,regMsg,regMsg,regMsg,regMsg,regMsg,regMsg,regMsg,regMsg,regMsg,regMsg,regMsg,regMsg,regMsg,regMsg,regMsg,regMsg,regMsg,regMsg,regMsg,regMsg,regMsg,regMsg,regMsg,regMsg,regMsg,regMsg,regMsg,regMsg,regMsg,regMsg
raspberrypi 23:40:36.852 [main] INFO  edu.bjut.boudia.myMain - agg:18493796,18406945,18336982,18793407,18386592,18550333,18869000,18692185,18750185,18660500,18970222,19151963,18259241,18149240,18465740,18331704,18079574,18018574,18075926,18025907,18141723,18102130,18151074,18146055,17995611,18529223,18116112,18331796,18044649,18038185,18126797,17978555,17991129,18154444,17997444,17955352,18005945,18042000,18069389,18003944,17990019,18001981,18054648,17985537,18020278,18090315,18071056,18061686,18243296,18392500,19780426,18103814,18030666,18099870,18132407,18044611,17972666,18043204,18083815,17975574
raspberrypi 23:40:36.853 [main] INFO  edu.bjut.boudia.myMain - meter_3130166034179107695:regMsg,reg_backagg,reg_cc
raspberrypi 23:40:36.853 [main] INFO  edu.bjut.boudia.myMain - meter_3130166034179107695:8723,18265000,48426
raspberrypi 23:40:36.853 [main] INFO  edu.bjut.boudia.myMain - meter_7307641282482196247:regMsg,reg_backagg,reg_cc
raspberrypi 23:40:36.853 [main] INFO  edu.bjut.boudia.myMain - meter_7307641282482196247:2574,29296759,3148
raspberrypi 23:40:36.854 [main] INFO  edu.bjut.boudia.myMain - meter_4488739542165949689:regMsg,reg_backagg,reg_cc
raspberrypi 23:40:36.854 [main] INFO  edu.bjut.boudia.myMain - meter_4488739542165949689:3055,17898963,2981
raspberrypi 23:40:36.854 [main] INFO  edu.bjut.boudia.myMain - meter_4857131308156239969:regMsg,reg_backagg,reg_cc
raspberrypi 23:40:36.854 [main] INFO  edu.bjut.boudia.myMain - meter_4857131308156239969:2574,18496778,2851
raspberrypi 23:40:36.855 [main] INFO  edu.bjut.boudia.myMain - meter_2373169149043254529:regMsg,reg_backagg,reg_cc
raspberrypi 23:40:36.855 [main] INFO  edu.bjut.boudia.myMain - meter_2373169149043254529:2629,18562426,3204
raspberrypi 23:40:36.855 [main] INFO  edu.bjut.boudia.myMain - meter_5335734110429690869:regMsg,reg_backagg,reg_cc
raspberrypi 23:40:36.855 [main] INFO  edu.bjut.boudia.myMain - meter_5335734110429690869:3277,19118685,3000
raspberrypi 23:40:36.855 [main] INFO  edu.bjut.boudia.myMain - meter_1730542563387442435:regMsg,reg_backagg,reg_cc
raspberrypi 23:40:36.856 [main] INFO  edu.bjut.boudia.myMain - meter_1730542563387442435:3259,18793370,2574
raspberrypi 23:40:36.856 [main] INFO  edu.bjut.boudia.myMain - meter_6889094862418713223:regMsg,reg_backagg,reg_cc
raspberrypi 23:40:36.856 [main] INFO  edu.bjut.boudia.myMain - meter_6889094862418713223:2796,18922574,2815
raspberrypi 23:40:36.856 [main] INFO  edu.bjut.boudia.myMain - meter_900191725831310119:regMsg,reg_backagg,reg_cc
raspberrypi 23:40:36.856 [main] INFO  edu.bjut.boudia.myMain - meter_900191725831310119:3019,18566388,2630
raspberrypi 23:40:36.857 [main] INFO  edu.bjut.boudia.myMain - meter_5726480079541845981:regMsg,reg_backagg,reg_cc
raspberrypi 23:40:36.857 [main] INFO  edu.bjut.boudia.myMain - meter_5726480079541845981:2611,18667722,3240
raspberrypi 23:40:36.857 [main] INFO  edu.bjut.boudia.myMain - meter_712739306574471203:regMsg,reg_backagg,reg_cc
raspberrypi 23:40:36.857 [main] INFO  edu.bjut.boudia.myMain - meter_712739306574471203:3371,19027426,2741
raspberrypi 23:40:36.857 [main] INFO  edu.bjut.boudia.myMain - meter_6747195417614453437:regMsg,reg_backagg,reg_cc
raspberrypi 23:40:36.857 [main] INFO  edu.bjut.boudia.myMain - meter_6747195417614453437:2630,18433981,3555
raspberrypi 23:40:36.858 [main] INFO  edu.bjut.boudia.myMain - meter_6950465101344782349:regMsg,reg_backagg,reg_cc
raspberrypi 23:40:36.858 [main] INFO  edu.bjut.boudia.myMain - meter_6950465101344782349:2722,18381222,2611
raspberrypi 23:40:36.858 [main] INFO  edu.bjut.boudia.myMain - meter_6670725960318190685:regMsg,reg_backagg,reg_cc
raspberrypi 23:40:36.858 [main] INFO  edu.bjut.boudia.myMain - meter_6670725960318190685:2722,29704648,2704
raspberrypi 23:40:36.859 [main] INFO  edu.bjut.boudia.myMain - meter_5264644597521104863:regMsg,reg_backagg,reg_cc
raspberrypi 23:40:36.859 [main] INFO  edu.bjut.boudia.myMain - meter_5264644597521104863:2759,18202574,2833
raspberrypi 23:40:36.859 [main] INFO  edu.bjut.boudia.myMain - meter_3523243052188345715:regMsg,reg_backagg,reg_cc
raspberrypi 23:40:36.859 [main] INFO  edu.bjut.boudia.myMain - meter_3523243052188345715:2481,18245611,3037
raspberrypi 23:40:36.860 [main] INFO  edu.bjut.boudia.myMain - meter_6210043146690613191:regMsg,reg_backagg,reg_cc
raspberrypi 23:40:36.860 [main] INFO  edu.bjut.boudia.myMain - meter_6210043146690613191:3000,17999352,3037
raspberrypi 23:40:36.860 [main] INFO  edu.bjut.boudia.myMain - meter_3545106469577829925:regMsg,reg_backagg,reg_cc
raspberrypi 23:40:36.860 [main] INFO  edu.bjut.boudia.myMain - meter_3545106469577829925:3222,17989704,2889
raspberrypi 23:40:36.860 [main] INFO  edu.bjut.boudia.myMain - meter_7548952443955900399:regMsg,reg_backagg,reg_cc
raspberrypi 23:40:36.861 [main] INFO  edu.bjut.boudia.myMain - meter_7548952443955900399:2648,18192000,2686
raspberrypi 23:40:36.861 [main] INFO  edu.bjut.boudia.myMain - meter_1131836198508712579:regMsg,reg_backagg,reg_cc
raspberrypi 23:40:36.861 [main] INFO  edu.bjut.boudia.myMain - meter_1131836198508712579:2778,17888000,2963
raspberrypi 23:40:36.861 [main] INFO  edu.bjut.boudia.myMain - meter_2902788658972835789:regMsg,reg_backagg,reg_cc
raspberrypi 23:40:36.862 [main] INFO  edu.bjut.boudia.myMain - meter_2902788658972835789:3018,18021129,2981
raspberrypi 23:40:36.862 [main] INFO  edu.bjut.boudia.myMain - meter_469842071316701903:regMsg,reg_backagg,reg_cc
raspberrypi 23:40:36.862 [main] INFO  edu.bjut.boudia.myMain - meter_469842071316701903:2741,18101203,2982
raspberrypi 23:40:36.862 [main] INFO  edu.bjut.boudia.myMain - meter_8201439023886335203:regMsg,reg_backagg,reg_cc
raspberrypi 23:40:36.863 [main] INFO  edu.bjut.boudia.myMain - meter_8201439023886335203:2778,18899018,3222
raspberrypi 23:40:36.863 [main] INFO  edu.bjut.boudia.myMain - meter_20947698058353865:regMsg,reg_backagg,reg_cc
raspberrypi 23:40:36.863 [main] INFO  edu.bjut.boudia.myMain - meter_20947698058353865:3334,18134556,3167
raspberrypi 23:40:36.863 [main] INFO  edu.bjut.boudia.myMain - meter_7917695748297164183:regMsg,reg_backagg,reg_cc
raspberrypi 23:40:36.864 [main] INFO  edu.bjut.boudia.myMain - meter_7917695748297164183:3093,18155518,2426
raspberrypi 23:40:36.864 [main] INFO  edu.bjut.boudia.myMain - meter_1062101167490459951:regMsg,reg_backagg,reg_cc
raspberrypi 23:40:36.864 [main] INFO  edu.bjut.boudia.myMain - meter_1062101167490459951:3296,31602760,3130
raspberrypi 23:40:36.864 [main] INFO  edu.bjut.boudia.myMain - meter_3881388521355609729:regMsg,reg_backagg,reg_cc
raspberrypi 23:40:36.865 [main] INFO  edu.bjut.boudia.myMain - meter_3881388521355609729:3056,17969407,2814
raspberrypi 23:40:36.865 [main] INFO  edu.bjut.boudia.myMain - meter_1062115156203661589:regMsg,reg_backagg,reg_cc
raspberrypi 23:40:36.865 [main] INFO  edu.bjut.boudia.myMain - meter_1062115156203661589:3074,18151148,3019
raspberrypi 23:40:36.865 [main] INFO  edu.bjut.boudia.myMain - meter_6469485576729378863:regMsg,reg_backagg,reg_cc
raspberrypi 23:40:36.866 [main] INFO  edu.bjut.boudia.myMain - meter_6469485576729378863:2722,18028037,3370
raspberrypi 23:40:36.866 [main] INFO  edu.bjut.boudia.myMain - meter_648399866578762881:regMsg,reg_backagg,reg_cc
raspberrypi 23:40:36.866 [main] INFO  edu.bjut.boudia.myMain - meter_648399866578762881:3240,17873222,3148
raspberrypi 23:40:36.866 [main] INFO  edu.bjut.boudia.myMain - meter_1523719587262255963:regMsg,reg_backagg,reg_cc
raspberrypi 23:40:36.867 [main] INFO  edu.bjut.boudia.myMain - meter_1523719587262255963:2667,18256260,3241
raspberrypi 23:40:36.867 [main] INFO  edu.bjut.boudia.myMain - meter_5954794239243903843:regMsg,reg_backagg,reg_cc
raspberrypi 23:40:36.867 [main] INFO  edu.bjut.boudia.myMain - meter_5954794239243903843:3722,18040314,3222
raspberrypi 23:40:36.867 [main] INFO  edu.bjut.boudia.myMain - meter_9113847407913059993:regMsg,reg_backagg,reg_cc
raspberrypi 23:40:36.868 [main] INFO  edu.bjut.boudia.myMain - meter_9113847407913059993:2871,18010166,2945
raspberrypi 23:40:36.868 [main] INFO  edu.bjut.boudia.myMain - meter_3856061644768673483:regMsg,reg_backagg,reg_cc
raspberrypi 23:40:36.868 [main] INFO  edu.bjut.boudia.myMain - meter_3856061644768673483:2778,18145555,3093
raspberrypi 23:40:36.868 [main] INFO  edu.bjut.boudia.myMain - meter_376554859262659263:regMsg,reg_backagg,reg_cc
raspberrypi 23:40:36.869 [main] INFO  edu.bjut.boudia.myMain - meter_376554859262659263:3260,18080315,3592
raspberrypi 23:40:36.869 [main] INFO  edu.bjut.boudia.myMain - meter_5109092475378830065:regMsg,reg_backagg,reg_cc
raspberrypi 23:40:36.869 [main] INFO  edu.bjut.boudia.myMain - meter_5109092475378830065:3037,18091796,3315
raspberrypi 23:40:36.869 [main] INFO  edu.bjut.boudia.myMain - meter_6393251310605016731:regMsg,reg_backagg,reg_cc
raspberrypi 23:40:36.869 [main] INFO  edu.bjut.boudia.myMain - meter_6393251310605016731:2926,17970278,3019
raspberrypi 23:40:36.870 [main] INFO  edu.bjut.boudia.myMain - meter_231012690781352137:regMsg,reg_backagg,reg_cc
raspberrypi 23:40:36.870 [main] INFO  edu.bjut.boudia.myMain - meter_231012690781352137:3204,21126741,3297
raspberrypi 23:40:36.870 [main] INFO  edu.bjut.boudia.myMain - meter_7308733798177309665:regMsg,reg_backagg,reg_cc
raspberrypi 23:40:36.870 [main] INFO  edu.bjut.boudia.myMain - meter_7308733798177309665:2574,18002833,3111
raspberrypi 23:40:36.871 [main] INFO  edu.bjut.boudia.myMain - meter_908699722528834429:regMsg,reg_backagg,reg_cc
raspberrypi 23:40:36.871 [main] INFO  edu.bjut.boudia.myMain - meter_908699722528834429:2907,18061889,3685
raspberrypi 23:40:36.871 [main] INFO  edu.bjut.boudia.myMain - meter_3175923735227508513:regMsg,reg_backagg,reg_cc
raspberrypi 23:40:36.871 [main] INFO  edu.bjut.boudia.myMain - meter_3175923735227508513:2537,18161130,3167
raspberrypi 23:40:36.872 [main] INFO  edu.bjut.boudia.myMain - meter_6183977187981083349:regMsg,reg_backagg,reg_cc
raspberrypi 23:40:36.872 [main] INFO  edu.bjut.boudia.myMain - meter_6183977187981083349:3426,17959130,2982
raspberrypi 23:40:36.872 [main] INFO  edu.bjut.boudia.myMain - meter_2264189936986805423:regMsg,reg_backagg,reg_cc
raspberrypi 23:40:36.872 [main] INFO  edu.bjut.boudia.myMain - meter_2264189936986805423:2277,18234334,3129
raspberrypi 23:40:36.873 [main] INFO  edu.bjut.boudia.myMain - meter_1158871771381045521:regMsg,reg_backagg,reg_cc
raspberrypi 23:40:36.873 [main] INFO  edu.bjut.boudia.myMain - meter_1158871771381045521:2352,18124222,3630
raspberrypi 23:40:36.873 [main] INFO  edu.bjut.boudia.myMain - meter_5626638802818254323:regMsg,reg_backagg,reg_cc
raspberrypi 23:40:36.874 [main] INFO  edu.bjut.boudia.myMain - meter_5626638802818254323:2518,18629407,3500
raspberrypi 23:40:36.874 [main] INFO  edu.bjut.boudia.myMain - meter_1000197380182042993:regMsg,reg_backagg,reg_cc
raspberrypi 23:40:36.874 [main] INFO  edu.bjut.boudia.myMain - meter_1000197380182042993:2388,18367037,3463
raspberrypi 23:40:36.874 [main] INFO  edu.bjut.boudia.myMain - meter_9069655746201131873:regMsg,reg_backagg,reg_cc
raspberrypi 23:40:36.874 [main] INFO  edu.bjut.boudia.myMain - meter_9069655746201131873:2370,18005167,3130
raspberrypi 23:40:36.875 [main] INFO  edu.bjut.boudia.myMain - meter_8367856476440640083:regMsg,reg_backagg,reg_cc
raspberrypi 23:40:36.875 [main] INFO  edu.bjut.boudia.myMain - meter_8367856476440640083:2814,18126648,3519
raspberrypi 23:40:36.875 [main] INFO  edu.bjut.boudia.myMain - meter_3528197119750842237:regMsg,reg_backagg,reg_cc
raspberrypi 23:40:36.875 [main] INFO  edu.bjut.boudia.myMain - meter_3528197119750842237:2222,18268537,3796
raspberrypi 23:40:36.876 [main] INFO  edu.bjut.boudia.myMain - meter_4174383097387105363:regMsg,reg_backagg,reg_cc
raspberrypi 23:40:36.876 [main] INFO  edu.bjut.boudia.myMain - meter_4174383097387105363:2871,18228797,3426
raspberrypi 23:40:36.876 [main] INFO  edu.bjut.boudia.myMain - meter_9156020245887514881:regMsg,reg_backagg,reg_cc
raspberrypi 23:40:36.876 [main] INFO  edu.bjut.boudia.myMain - meter_9156020245887514881:2741,18497129,2630
raspberrypi 23:40:36.877 [main] INFO  edu.bjut.boudia.myMain - meter_2758194006372621345:regMsg,reg_backagg,reg_cc
raspberrypi 23:40:36.877 [main] INFO  edu.bjut.boudia.myMain - meter_2758194006372621345:2889,17934889,2907
raspberrypi 23:40:36.877 [main] INFO  edu.bjut.boudia.myMain - meter_1635106701534644261:regMsg,reg_backagg,reg_cc
raspberrypi 23:40:36.877 [main] INFO  edu.bjut.boudia.myMain - meter_1635106701534644261:2778,17961185,2759
raspberrypi 23:40:36.878 [main] INFO  edu.bjut.boudia.myMain - meter_7317266739191377289:regMsg,reg_backagg,reg_cc
raspberrypi 23:40:36.878 [main] INFO  edu.bjut.boudia.myMain - meter_7317266739191377289:2963,17965833,2444
raspberrypi 23:40:36.878 [main] INFO  edu.bjut.boudia.myMain - meter_7930786295366554301:regMsg,reg_backagg,reg_cc
raspberrypi 23:40:36.878 [main] INFO  edu.bjut.boudia.myMain - meter_7930786295366554301:3056,18113759,3593
raspberrypi 23:40:36.878 [main] INFO  edu.bjut.boudia.myMain - meter_1380652382368495213:regMsg,reg_backagg,reg_cc
raspberrypi 23:40:36.879 [main] INFO  edu.bjut.boudia.myMain - meter_1380652382368495213:2481,17659537,3204
raspberrypi 23:40:36.879 [main] INFO  edu.bjut.boudia.myMain - meter_532748737717447697:regMsg,reg_backagg,reg_cc
raspberrypi 23:40:36.879 [main] INFO  edu.bjut.boudia.myMain - meter_532748737717447697:2833,18066426,2945
raspberrypi 23:40:36.879 [main] INFO  edu.bjut.boudia.myMain - meter_3815986355760258195:regMsg,reg_backagg,reg_cc
raspberrypi 23:40:36.879 [main] INFO  edu.bjut.boudia.myMain - meter_3815986355760258195:2666,17876760,3315
raspberrypi 23:40:36.880 [main] INFO  edu.bjut.boudia.myMain - meter_7638951562002283489:regMsg,reg_backagg,reg_cc
raspberrypi 23:40:36.882 [main] INFO  edu.bjut.boudia.myMain - meter_7638951562002283489:3056,17850870,3445
raspberrypi 23:40:36.883 [main] INFO  edu.bjut.boudia.myMain - meter_9212490658412363911:regMsg,reg_backagg,reg_cc
raspberrypi 23:40:36.883 [main] INFO  edu.bjut.boudia.myMain - meter_9212490658412363911:3000,17976870,2851
raspberrypi 23:40:39.092 [main] INFO  edu.bjut.boudia.myMain - oneTimeMeterRepTime
raspberrypi 23:40:44.828 [main] INFO  edu.bjut.boudia.myMain - server:repMsg
raspberrypi 23:40:44.829 [main] INFO  edu.bjut.boudia.myMain - server:89627277
raspberrypi 23:40:44.829 [main] INFO  edu.bjut.boudia.myMain - agg:repMsg
raspberrypi 23:40:44.830 [main] INFO  edu.bjut.boudia.myMain - agg:1174131962
raspberrypi 23:40:44.830 [main] INFO  edu.bjut.boudia.myMain - meter_3130166034179107695:repMsg
raspberrypi 23:40:44.830 [main] INFO  edu.bjut.boudia.myMain - meter_3130166034179107695:127815703
raspberrypi 23:40:44.830 [main] INFO  edu.bjut.boudia.myMain - meter_7307641282482196247:repMsg
raspberrypi 23:40:44.830 [main] INFO  edu.bjut.boudia.myMain - meter_7307641282482196247:75377111
raspberrypi 23:40:44.830 [main] INFO  edu.bjut.boudia.myMain - meter_4488739542165949689:repMsg
raspberrypi 23:40:44.831 [main] INFO  edu.bjut.boudia.myMain - meter_4488739542165949689:77873519
raspberrypi 23:40:44.831 [main] INFO  edu.bjut.boudia.myMain - meter_4857131308156239969:repMsg
raspberrypi 23:40:44.831 [main] INFO  edu.bjut.boudia.myMain - meter_4857131308156239969:74837704
raspberrypi 23:40:44.831 [main] INFO  edu.bjut.boudia.myMain - meter_2373169149043254529:repMsg
raspberrypi 23:40:44.831 [main] INFO  edu.bjut.boudia.myMain - meter_2373169149043254529:73248093
raspberrypi 23:40:44.831 [main] INFO  edu.bjut.boudia.myMain - meter_5335734110429690869:repMsg
raspberrypi 23:40:44.831 [main] INFO  edu.bjut.boudia.myMain - meter_5335734110429690869:71864018
raspberrypi 23:40:44.831 [main] INFO  edu.bjut.boudia.myMain - meter_1730542563387442435:repMsg
raspberrypi 23:40:44.831 [main] INFO  edu.bjut.boudia.myMain - meter_1730542563387442435:73082204
raspberrypi 23:40:44.832 [main] INFO  edu.bjut.boudia.myMain - meter_6889094862418713223:repMsg
raspberrypi 23:40:44.832 [main] INFO  edu.bjut.boudia.myMain - meter_6889094862418713223:72307870
raspberrypi 23:40:44.832 [main] INFO  edu.bjut.boudia.myMain - meter_900191725831310119:repMsg
raspberrypi 23:40:44.832 [main] INFO  edu.bjut.boudia.myMain - meter_900191725831310119:74942759
raspberrypi 23:40:44.832 [main] INFO  edu.bjut.boudia.myMain - meter_5726480079541845981:repMsg
raspberrypi 23:40:44.832 [main] INFO  edu.bjut.boudia.myMain - meter_5726480079541845981:73443074
raspberrypi 23:40:44.832 [main] INFO  edu.bjut.boudia.myMain - meter_712739306574471203:repMsg
raspberrypi 23:40:44.833 [main] INFO  edu.bjut.boudia.myMain - meter_712739306574471203:73169315
raspberrypi 23:40:44.833 [main] INFO  edu.bjut.boudia.myMain - meter_6747195417614453437:repMsg
raspberrypi 23:40:44.833 [main] INFO  edu.bjut.boudia.myMain - meter_6747195417614453437:73006592
raspberrypi 23:40:44.833 [main] INFO  edu.bjut.boudia.myMain - meter_6950465101344782349:repMsg
raspberrypi 23:40:44.833 [main] INFO  edu.bjut.boudia.myMain - meter_6950465101344782349:72478074
raspberrypi 23:40:44.833 [main] INFO  edu.bjut.boudia.myMain - meter_6670725960318190685:repMsg
raspberrypi 23:40:44.833 [main] INFO  edu.bjut.boudia.myMain - meter_6670725960318190685:72874852
raspberrypi 23:40:44.833 [main] INFO  edu.bjut.boudia.myMain - meter_5264644597521104863:repMsg
raspberrypi 23:40:44.834 [main] INFO  edu.bjut.boudia.myMain - meter_5264644597521104863:74733519
raspberrypi 23:40:44.834 [main] INFO  edu.bjut.boudia.myMain - meter_3523243052188345715:repMsg
raspberrypi 23:40:44.834 [main] INFO  edu.bjut.boudia.myMain - meter_3523243052188345715:73061019
raspberrypi 23:40:44.834 [main] INFO  edu.bjut.boudia.myMain - meter_6210043146690613191:repMsg
raspberrypi 23:40:44.834 [main] INFO  edu.bjut.boudia.myMain - meter_6210043146690613191:72914945
raspberrypi 23:40:44.834 [main] INFO  edu.bjut.boudia.myMain - meter_3545106469577829925:repMsg
raspberrypi 23:40:44.834 [main] INFO  edu.bjut.boudia.myMain - meter_3545106469577829925:73497482
raspberrypi 23:40:44.834 [main] INFO  edu.bjut.boudia.myMain - meter_7548952443955900399:repMsg
raspberrypi 23:40:44.835 [main] INFO  edu.bjut.boudia.myMain - meter_7548952443955900399:73432870
raspberrypi 23:40:44.835 [main] INFO  edu.bjut.boudia.myMain - meter_1131836198508712579:repMsg
raspberrypi 23:40:44.835 [main] INFO  edu.bjut.boudia.myMain - meter_1131836198508712579:73056740
raspberrypi 23:40:44.835 [main] INFO  edu.bjut.boudia.myMain - meter_2902788658972835789:repMsg
raspberrypi 23:40:44.835 [main] INFO  edu.bjut.boudia.myMain - meter_2902788658972835789:75915797
raspberrypi 23:40:44.835 [main] INFO  edu.bjut.boudia.myMain - meter_469842071316701903:repMsg
raspberrypi 23:40:44.835 [main] INFO  edu.bjut.boudia.myMain - meter_469842071316701903:73039129
raspberrypi 23:40:44.835 [main] INFO  edu.bjut.boudia.myMain - meter_8201439023886335203:repMsg
raspberrypi 23:40:44.835 [main] INFO  edu.bjut.boudia.myMain - meter_8201439023886335203:73200389
raspberrypi 23:40:44.836 [main] INFO  edu.bjut.boudia.myMain - meter_20947698058353865:repMsg
raspberrypi 23:40:44.836 [main] INFO  edu.bjut.boudia.myMain - meter_20947698058353865:72690926
raspberrypi 23:40:44.836 [main] INFO  edu.bjut.boudia.myMain - meter_7917695748297164183:repMsg
raspberrypi 23:40:44.836 [main] INFO  edu.bjut.boudia.myMain - meter_7917695748297164183:73149315
raspberrypi 23:40:44.836 [main] INFO  edu.bjut.boudia.myMain - meter_1062101167490459951:repMsg
raspberrypi 23:40:44.836 [main] INFO  edu.bjut.boudia.myMain - meter_1062101167490459951:72695370
raspberrypi 23:40:44.836 [main] INFO  edu.bjut.boudia.myMain - meter_3881388521355609729:repMsg
raspberrypi 23:40:44.837 [main] INFO  edu.bjut.boudia.myMain - meter_3881388521355609729:74701703
raspberrypi 23:40:44.837 [main] INFO  edu.bjut.boudia.myMain - meter_1062115156203661589:repMsg
raspberrypi 23:40:44.837 [main] INFO  edu.bjut.boudia.myMain - meter_1062115156203661589:72937500
raspberrypi 23:40:44.837 [main] INFO  edu.bjut.boudia.myMain - meter_6469485576729378863:repMsg
raspberrypi 23:40:44.837 [main] INFO  edu.bjut.boudia.myMain - meter_6469485576729378863:73775796
raspberrypi 23:40:44.837 [main] INFO  edu.bjut.boudia.myMain - meter_648399866578762881:repMsg
raspberrypi 23:40:44.837 [main] INFO  edu.bjut.boudia.myMain - meter_648399866578762881:73786926
raspberrypi 23:40:44.838 [main] INFO  edu.bjut.boudia.myMain - meter_1523719587262255963:repMsg
raspberrypi 23:40:44.838 [main] INFO  edu.bjut.boudia.myMain - meter_1523719587262255963:73905778
raspberrypi 23:40:44.838 [main] INFO  edu.bjut.boudia.myMain - meter_5954794239243903843:repMsg
raspberrypi 23:40:44.838 [main] INFO  edu.bjut.boudia.myMain - meter_5954794239243903843:75040852
raspberrypi 23:40:44.839 [main] INFO  edu.bjut.boudia.myMain - meter_9113847407913059993:repMsg
raspberrypi 23:40:44.839 [main] INFO  edu.bjut.boudia.myMain - meter_9113847407913059993:75200148
raspberrypi 23:40:44.839 [main] INFO  edu.bjut.boudia.myMain - meter_3856061644768673483:repMsg
raspberrypi 23:40:44.839 [main] INFO  edu.bjut.boudia.myMain - meter_3856061644768673483:73212056
raspberrypi 23:40:44.840 [main] INFO  edu.bjut.boudia.myMain - meter_376554859262659263:repMsg
raspberrypi 23:40:44.840 [main] INFO  edu.bjut.boudia.myMain - meter_376554859262659263:73357852
raspberrypi 23:40:44.840 [main] INFO  edu.bjut.boudia.myMain - meter_5109092475378830065:repMsg
raspberrypi 23:40:44.840 [main] INFO  edu.bjut.boudia.myMain - meter_5109092475378830065:73803407
raspberrypi 23:40:44.840 [main] INFO  edu.bjut.boudia.myMain - meter_6393251310605016731:repMsg
raspberrypi 23:40:44.841 [main] INFO  edu.bjut.boudia.myMain - meter_6393251310605016731:71677870
raspberrypi 23:40:44.841 [main] INFO  edu.bjut.boudia.myMain - meter_231012690781352137:repMsg
raspberrypi 23:40:44.841 [main] INFO  edu.bjut.boudia.myMain - meter_231012690781352137:73149463
raspberrypi 23:40:44.841 [main] INFO  edu.bjut.boudia.myMain - meter_7308733798177309665:repMsg
raspberrypi 23:40:44.841 [main] INFO  edu.bjut.boudia.myMain - meter_7308733798177309665:72610630
raspberrypi 23:40:44.842 [main] INFO  edu.bjut.boudia.myMain - meter_908699722528834429:repMsg
raspberrypi 23:40:44.842 [main] INFO  edu.bjut.boudia.myMain - meter_908699722528834429:75460185
raspberrypi 23:40:44.842 [main] INFO  edu.bjut.boudia.myMain - meter_3175923735227508513:repMsg
raspberrypi 23:40:44.842 [main] INFO  edu.bjut.boudia.myMain - meter_3175923735227508513:72164666
raspberrypi 23:40:44.842 [main] INFO  edu.bjut.boudia.myMain - meter_6183977187981083349:repMsg
raspberrypi 23:40:44.843 [main] INFO  edu.bjut.boudia.myMain - meter_6183977187981083349:73679963
raspberrypi 23:40:44.843 [main] INFO  edu.bjut.boudia.myMain - meter_2264189936986805423:repMsg
raspberrypi 23:40:44.843 [main] INFO  edu.bjut.boudia.myMain - meter_2264189936986805423:73204093
raspberrypi 23:40:44.843 [main] INFO  edu.bjut.boudia.myMain - meter_1158871771381045521:repMsg
raspberrypi 23:40:44.843 [main] INFO  edu.bjut.boudia.myMain - meter_1158871771381045521:72405315
raspberrypi 23:40:44.843 [main] INFO  edu.bjut.boudia.myMain - meter_5626638802818254323:repMsg
raspberrypi 23:40:44.843 [main] INFO  edu.bjut.boudia.myMain - meter_5626638802818254323:72961574
raspberrypi 23:40:44.844 [main] INFO  edu.bjut.boudia.myMain - meter_1000197380182042993:repMsg
raspberrypi 23:40:44.844 [main] INFO  edu.bjut.boudia.myMain - meter_1000197380182042993:76178685
raspberrypi 23:40:44.844 [main] INFO  edu.bjut.boudia.myMain - meter_9069655746201131873:repMsg
raspberrypi 23:40:44.844 [main] INFO  edu.bjut.boudia.myMain - meter_9069655746201131873:73011759
raspberrypi 23:40:44.844 [main] INFO  edu.bjut.boudia.myMain - meter_8367856476440640083:repMsg
raspberrypi 23:40:44.845 [main] INFO  edu.bjut.boudia.myMain - meter_8367856476440640083:72857963
raspberrypi 23:40:44.845 [main] INFO  edu.bjut.boudia.myMain - meter_3528197119750842237:repMsg
raspberrypi 23:40:44.845 [main] INFO  edu.bjut.boudia.myMain - meter_3528197119750842237:73454037
raspberrypi 23:40:44.845 [main] INFO  edu.bjut.boudia.myMain - meter_4174383097387105363:repMsg
raspberrypi 23:40:44.845 [main] INFO  edu.bjut.boudia.myMain - meter_4174383097387105363:72965685
raspberrypi 23:40:44.846 [main] INFO  edu.bjut.boudia.myMain - meter_9156020245887514881:repMsg
raspberrypi 23:40:44.846 [main] INFO  edu.bjut.boudia.myMain - meter_9156020245887514881:72936056
raspberrypi 23:40:44.846 [main] INFO  edu.bjut.boudia.myMain - meter_2758194006372621345:repMsg
raspberrypi 23:40:44.846 [main] INFO  edu.bjut.boudia.myMain - meter_2758194006372621345:76131852
raspberrypi 23:40:44.846 [main] INFO  edu.bjut.boudia.myMain - meter_1635106701534644261:repMsg
raspberrypi 23:40:44.847 [main] INFO  edu.bjut.boudia.myMain - meter_1635106701534644261:73255648
raspberrypi 23:40:44.847 [main] INFO  edu.bjut.boudia.myMain - meter_7317266739191377289:repMsg
raspberrypi 23:40:44.847 [main] INFO  edu.bjut.boudia.myMain - meter_7317266739191377289:73292612
raspberrypi 23:40:44.847 [main] INFO  edu.bjut.boudia.myMain - meter_7930786295366554301:repMsg
raspberrypi 23:40:44.847 [main] INFO  edu.bjut.boudia.myMain - meter_7930786295366554301:72532907
raspberrypi 23:40:44.848 [main] INFO  edu.bjut.boudia.myMain - meter_1380652382368495213:repMsg
raspberrypi 23:40:44.848 [main] INFO  edu.bjut.boudia.myMain - meter_1380652382368495213:72688111
raspberrypi 23:40:44.848 [main] INFO  edu.bjut.boudia.myMain - meter_532748737717447697:repMsg
raspberrypi 23:40:44.848 [main] INFO  edu.bjut.boudia.myMain - meter_532748737717447697:72455944
raspberrypi 23:40:44.849 [main] INFO  edu.bjut.boudia.myMain - meter_3815986355760258195:repMsg
raspberrypi 23:40:44.849 [main] INFO  edu.bjut.boudia.myMain - meter_3815986355760258195:75537111
raspberrypi 23:40:44.849 [main] INFO  edu.bjut.boudia.myMain - meter_7638951562002283489:repMsg
raspberrypi 23:40:44.849 [main] INFO  edu.bjut.boudia.myMain - meter_7638951562002283489:73271000
raspberrypi 23:40:44.849 [main] INFO  edu.bjut.boudia.myMain - meter_9212490658412363911:repMsg
raspberrypi 23:40:44.849 [main] INFO  edu.bjut.boudia.myMain - meter_9212490658412363911:73034426
raspberrypi 23:40:52.238 [main] INFO  edu.bjut.boudia.myMain - oneTimeMeterRegTime
raspberrypi 23:40:54.047 [main] INFO  edu.bjut.boudia.myMain - server:pubkey
raspberrypi 23:40:54.048 [main] INFO  edu.bjut.boudia.myMain - server:4130
raspberrypi 23:40:54.048 [main] INFO  edu.bjut.boudia.myMain - agg:regMsg,regMsg,regMsg,regMsg,regMsg,regMsg,regMsg,regMsg,regMsg,regMsg,regMsg,regMsg,regMsg,regMsg,regMsg,regMsg,regMsg,regMsg,regMsg,regMsg,regMsg,regMsg,regMsg,regMsg,regMsg,regMsg,regMsg,regMsg,regMsg,regMsg,regMsg,regMsg,regMsg,regMsg,regMsg,regMsg,regMsg,regMsg,regMsg,regMsg,regMsg,regMsg,regMsg,regMsg,regMsg,regMsg,regMsg,regMsg,regMsg,regMsg
raspberrypi 23:40:54.048 [main] INFO  edu.bjut.boudia.myMain - agg:18199444,17926611,17925278,18009759,17919056,17935778,17905537,17993556,17967444,18005629,17946334,18087981,18021074,17961463,18065407,17910148,17875574,18099259,18013741,17957686,17898963,17977833,17971111,17924889,17909148,17982907,17839796,17896611,18045945,17963851,17984888,17990500,18072834,17968963,17858889,19891408,18059482,17946111,17850334,18043500,17896981,17923629,18042333,18084334,17906907,17901630,18078000,18004796,17952277,17947851
raspberrypi 23:40:54.049 [main] INFO  edu.bjut.boudia.myMain - meter_4650369359172074917:regMsg,reg_backagg,reg_cc
raspberrypi 23:40:54.049 [main] INFO  edu.bjut.boudia.myMain - meter_4650369359172074917:2296,18041500,5389
raspberrypi 23:40:54.049 [main] INFO  edu.bjut.boudia.myMain - meter_9182679283121940733:regMsg,reg_backagg,reg_cc
raspberrypi 23:40:54.049 [main] INFO  edu.bjut.boudia.myMain - meter_9182679283121940733:5260,18057740,4703
raspberrypi 23:40:54.049 [main] INFO  edu.bjut.boudia.myMain - meter_5397293764774617075:regMsg,reg_backagg,reg_cc
raspberrypi 23:40:54.050 [main] INFO  edu.bjut.boudia.myMain - meter_5397293764774617075:5056,17817555,5148
raspberrypi 23:40:54.050 [main] INFO  edu.bjut.boudia.myMain - meter_3489968971465227933:regMsg,reg_backagg,reg_cc
raspberrypi 23:40:54.050 [main] INFO  edu.bjut.boudia.myMain - meter_3489968971465227933:4500,18034852,6000
raspberrypi 23:40:54.050 [main] INFO  edu.bjut.boudia.myMain - meter_2496479198826335509:regMsg,reg_backagg,reg_cc
raspberrypi 23:40:54.050 [main] INFO  edu.bjut.boudia.myMain - meter_2496479198826335509:6000,17847555,4741
raspberrypi 23:40:54.050 [main] INFO  edu.bjut.boudia.myMain - meter_3176356027008453881:regMsg,reg_backagg,reg_cc
raspberrypi 23:40:54.050 [main] INFO  edu.bjut.boudia.myMain - meter_3176356027008453881:5389,18097148,4481
raspberrypi 23:40:54.050 [main] INFO  edu.bjut.boudia.myMain - meter_5506352160505781389:regMsg,reg_backagg,reg_cc
raspberrypi 23:40:54.051 [main] INFO  edu.bjut.boudia.myMain - meter_5506352160505781389:23222,17988444,4444
raspberrypi 23:40:54.051 [main] INFO  edu.bjut.boudia.myMain - meter_8849472138699395263:regMsg,reg_backagg,reg_cc
raspberrypi 23:40:54.051 [main] INFO  edu.bjut.boudia.myMain - meter_8849472138699395263:5518,17684629,51463
raspberrypi 23:40:54.051 [main] INFO  edu.bjut.boudia.myMain - meter_3198615315371388985:regMsg,reg_backagg,reg_cc
raspberrypi 23:40:54.051 [main] INFO  edu.bjut.boudia.myMain - meter_3198615315371388985:6334,18225334,2481
raspberrypi 23:40:54.051 [main] INFO  edu.bjut.boudia.myMain - meter_5860116051086066045:regMsg,reg_backagg,reg_cc
raspberrypi 23:40:54.051 [main] INFO  edu.bjut.boudia.myMain - meter_5860116051086066045:5259,18127593,2204
raspberrypi 23:40:54.051 [main] INFO  edu.bjut.boudia.myMain - meter_8932757456929735975:regMsg,reg_backagg,reg_cc
raspberrypi 23:40:54.052 [main] INFO  edu.bjut.boudia.myMain - meter_8932757456929735975:5037,19785297,2166
raspberrypi 23:40:54.052 [main] INFO  edu.bjut.boudia.myMain - meter_1380830731506762683:regMsg,reg_backagg,reg_cc
raspberrypi 23:40:54.052 [main] INFO  edu.bjut.boudia.myMain - meter_1380830731506762683:6444,18043167,3148
raspberrypi 23:40:54.052 [main] INFO  edu.bjut.boudia.myMain - meter_1943120489245758519:regMsg,reg_backagg,reg_cc
raspberrypi 23:40:54.052 [main] INFO  edu.bjut.boudia.myMain - meter_1943120489245758519:5611,17955944,2852
raspberrypi 23:40:54.052 [main] INFO  edu.bjut.boudia.myMain - meter_1834719462881645099:regMsg,reg_backagg,reg_cc
raspberrypi 23:40:54.052 [main] INFO  edu.bjut.boudia.myMain - meter_1834719462881645099:4796,17992537,2926
raspberrypi 23:40:54.053 [main] INFO  edu.bjut.boudia.myMain - meter_7339518204741216217:regMsg,reg_backagg,reg_cc
raspberrypi 23:40:54.053 [main] INFO  edu.bjut.boudia.myMain - meter_7339518204741216217:5481,17830852,2426
raspberrypi 23:40:54.053 [main] INFO  edu.bjut.boudia.myMain - meter_5459332184358418769:regMsg,reg_backagg,reg_cc
raspberrypi 23:40:54.053 [main] INFO  edu.bjut.boudia.myMain - meter_5459332184358418769:6389,18151778,2537
raspberrypi 23:40:54.053 [main] INFO  edu.bjut.boudia.myMain - meter_2437263492344336229:regMsg,reg_backagg,reg_cc
raspberrypi 23:40:54.053 [main] INFO  edu.bjut.boudia.myMain - meter_2437263492344336229:5685,18183185,3055
raspberrypi 23:40:54.053 [main] INFO  edu.bjut.boudia.myMain - meter_2874854658713378227:regMsg,reg_backagg,reg_cc
raspberrypi 23:40:54.053 [main] INFO  edu.bjut.boudia.myMain - meter_2874854658713378227:4963,17781630,2612
raspberrypi 23:40:54.053 [main] INFO  edu.bjut.boudia.myMain - meter_7574309553306493455:regMsg,reg_backagg,reg_cc
raspberrypi 23:40:54.053 [main] INFO  edu.bjut.boudia.myMain - meter_7574309553306493455:5815,17837870,2574
raspberrypi 23:40:54.054 [main] INFO  edu.bjut.boudia.myMain - meter_7227723466380563065:regMsg,reg_backagg,reg_cc
raspberrypi 23:40:54.054 [main] INFO  edu.bjut.boudia.myMain - meter_7227723466380563065:5315,18052018,2611
raspberrypi 23:40:54.054 [main] INFO  edu.bjut.boudia.myMain - meter_2312396850458740949:regMsg,reg_backagg,reg_cc
raspberrypi 23:40:54.054 [main] INFO  edu.bjut.boudia.myMain - meter_2312396850458740949:5889,17786944,2389
raspberrypi 23:40:54.054 [main] INFO  edu.bjut.boudia.myMain - meter_5025279831124487745:regMsg,reg_backagg,reg_cc
raspberrypi 23:40:54.054 [main] INFO  edu.bjut.boudia.myMain - meter_5025279831124487745:6000,17866593,1852
raspberrypi 23:40:54.055 [main] INFO  edu.bjut.boudia.myMain - meter_7576004700667014957:regMsg,reg_backagg,reg_cc
raspberrypi 23:40:54.055 [main] INFO  edu.bjut.boudia.myMain - meter_7576004700667014957:5685,20050408,1814
raspberrypi 23:40:54.055 [main] INFO  edu.bjut.boudia.myMain - meter_5469716401847682587:regMsg,reg_backagg,reg_cc
raspberrypi 23:40:54.055 [main] INFO  edu.bjut.boudia.myMain - meter_5469716401847682587:5407,18110944,2371
raspberrypi 23:40:54.055 [main] INFO  edu.bjut.boudia.myMain - meter_3227254123862459315:regMsg,reg_backagg,reg_cc
raspberrypi 23:40:54.055 [main] INFO  edu.bjut.boudia.myMain - meter_3227254123862459315:6148,17797500,2648
raspberrypi 23:40:54.056 [main] INFO  edu.bjut.boudia.myMain - meter_8321364607881124753:regMsg,reg_backagg,reg_cc
raspberrypi 23:40:54.056 [main] INFO  edu.bjut.boudia.myMain - meter_8321364607881124753:6352,17962278,2240
raspberrypi 23:40:54.056 [main] INFO  edu.bjut.boudia.myMain - meter_967681440429261313:regMsg,reg_backagg,reg_cc
raspberrypi 23:40:54.056 [main] INFO  edu.bjut.boudia.myMain - meter_967681440429261313:6185,18088833,3297
raspberrypi 23:40:54.056 [main] INFO  edu.bjut.boudia.myMain - meter_2326959240578161123:regMsg,reg_backagg,reg_cc
raspberrypi 23:40:54.056 [main] INFO  edu.bjut.boudia.myMain - meter_2326959240578161123:6018,17867907,2111
raspberrypi 23:40:54.056 [main] INFO  edu.bjut.boudia.myMain - meter_2826563825349657111:regMsg,reg_backagg,reg_cc
raspberrypi 23:40:54.056 [main] INFO  edu.bjut.boudia.myMain - meter_2826563825349657111:5019,17810574,2222
raspberrypi 23:40:54.057 [main] INFO  edu.bjut.boudia.myMain - meter_1016011039814920373:regMsg,reg_backagg,reg_cc
raspberrypi 23:40:54.057 [main] INFO  edu.bjut.boudia.myMain - meter_1016011039814920373:5129,17945259,2352
raspberrypi 23:40:54.057 [main] INFO  edu.bjut.boudia.myMain - meter_2607218740032842017:regMsg,reg_backagg,reg_cc
raspberrypi 23:40:54.057 [main] INFO  edu.bjut.boudia.myMain - meter_2607218740032842017:5037,18003351,2296
raspberrypi 23:40:54.057 [main] INFO  edu.bjut.boudia.myMain - meter_4112956517836257977:regMsg,reg_backagg,reg_cc
raspberrypi 23:40:54.057 [main] INFO  edu.bjut.boudia.myMain - meter_4112956517836257977:5111,17667963,2537
raspberrypi 23:40:54.057 [main] INFO  edu.bjut.boudia.myMain - meter_1369701874385125683:regMsg,reg_backagg,reg_cc
raspberrypi 23:40:54.057 [main] INFO  edu.bjut.boudia.myMain - meter_1369701874385125683:4444,18166556,2167
raspberrypi 23:40:54.057 [main] INFO  edu.bjut.boudia.myMain - meter_4822041083858002983:regMsg,reg_backagg,reg_cc
raspberrypi 23:40:54.058 [main] INFO  edu.bjut.boudia.myMain - meter_4822041083858002983:4685,18154963,2389
raspberrypi 23:40:54.058 [main] INFO  edu.bjut.boudia.myMain - meter_7270604899220677539:regMsg,reg_backagg,reg_cc
raspberrypi 23:40:54.058 [main] INFO  edu.bjut.boudia.myMain - meter_7270604899220677539:5389,17878222,2519
raspberrypi 23:40:54.058 [main] INFO  edu.bjut.boudia.myMain - meter_3807701372464351873:regMsg,reg_backagg,reg_cc
raspberrypi 23:40:54.058 [main] INFO  edu.bjut.boudia.myMain - meter_3807701372464351873:5111,18018519,2167
raspberrypi 23:40:54.058 [main] INFO  edu.bjut.boudia.myMain - meter_492854139753556279:regMsg,reg_backagg,reg_cc
raspberrypi 23:40:54.058 [main] INFO  edu.bjut.boudia.myMain - meter_492854139753556279:6592,17906093,2481
raspberrypi 23:40:54.058 [main] INFO  edu.bjut.boudia.myMain - meter_3682340523144640191:regMsg,reg_backagg,reg_cc
raspberrypi 23:40:54.058 [main] INFO  edu.bjut.boudia.myMain - meter_3682340523144640191:4556,18147056,1945
raspberrypi 23:40:54.058 [main] INFO  edu.bjut.boudia.myMain - meter_5366865818311682837:regMsg,reg_backagg,reg_cc
raspberrypi 23:40:54.058 [main] INFO  edu.bjut.boudia.myMain - meter_5366865818311682837:5759,17929426,2463
raspberrypi 23:40:54.058 [main] INFO  edu.bjut.boudia.myMain - meter_4901875566296256489:regMsg,reg_backagg,reg_cc
raspberrypi 23:40:54.059 [main] INFO  edu.bjut.boudia.myMain - meter_4901875566296256489:5278,17985352,2315
raspberrypi 23:40:54.059 [main] INFO  edu.bjut.boudia.myMain - meter_5716997955002440325:regMsg,reg_backagg,reg_cc
raspberrypi 23:40:54.059 [main] INFO  edu.bjut.boudia.myMain - meter_5716997955002440325:4741,18195852,2334
raspberrypi 23:40:54.059 [main] INFO  edu.bjut.boudia.myMain - meter_8776219784540510981:regMsg,reg_backagg,reg_cc
raspberrypi 23:40:54.059 [main] INFO  edu.bjut.boudia.myMain - meter_8776219784540510981:5315,18011593,2056
raspberrypi 23:40:54.059 [main] INFO  edu.bjut.boudia.myMain - meter_5693022452688954899:regMsg,reg_backagg,reg_cc
raspberrypi 23:40:54.059 [main] INFO  edu.bjut.boudia.myMain - meter_5693022452688954899:6037,17997889,2611
raspberrypi 23:40:54.059 [main] INFO  edu.bjut.boudia.myMain - meter_5890147178510816685:regMsg,reg_backagg,reg_cc
raspberrypi 23:40:54.059 [main] INFO  edu.bjut.boudia.myMain - meter_5890147178510816685:6074,17854111,1889
raspberrypi 23:40:54.060 [main] INFO  edu.bjut.boudia.myMain - meter_4077785344160975875:regMsg,reg_backagg,reg_cc
raspberrypi 23:40:54.060 [main] INFO  edu.bjut.boudia.myMain - meter_4077785344160975875:4889,18101778,2389
raspberrypi 23:40:54.060 [main] INFO  edu.bjut.boudia.myMain - meter_974316618896208115:regMsg,reg_backagg,reg_cc
raspberrypi 23:40:54.060 [main] INFO  edu.bjut.boudia.myMain - meter_974316618896208115:5167,18044203,2092
raspberrypi 23:40:54.060 [main] INFO  edu.bjut.boudia.myMain - meter_8575431611357076035:regMsg,reg_backagg,reg_cc
raspberrypi 23:40:54.060 [main] INFO  edu.bjut.boudia.myMain - meter_8575431611357076035:5296,18204075,2000
raspberrypi 23:40:54.060 [main] INFO  edu.bjut.boudia.myMain - meter_9202097003211799273:regMsg,reg_backagg,reg_cc
raspberrypi 23:40:54.060 [main] INFO  edu.bjut.boudia.myMain - meter_9202097003211799273:4963,20127130,2297
raspberrypi 23:40:54.061 [main] INFO  edu.bjut.boudia.myMain - meter_6449989587689641755:regMsg,reg_backagg,reg_cc
raspberrypi 23:40:54.061 [main] INFO  edu.bjut.boudia.myMain - meter_6449989587689641755:5815,18042908,2575
raspberrypi 23:40:54.061 [main] INFO  edu.bjut.boudia.myMain - meter_4473658364402899767:regMsg,reg_backagg,reg_cc
raspberrypi 23:40:54.061 [main] INFO  edu.bjut.boudia.myMain - meter_4473658364402899767:5314,18112723,2259
raspberrypi 23:40:55.869 [main] INFO  edu.bjut.boudia.myMain - oneTimeMeterRepTime
raspberrypi 23:41:00.591 [main] INFO  edu.bjut.boudia.myMain - server:repMsg
raspberrypi 23:41:00.591 [main] INFO  edu.bjut.boudia.myMain - server:88311722
raspberrypi 23:41:00.591 [main] INFO  edu.bjut.boudia.myMain - agg:repMsg
raspberrypi 23:41:00.591 [main] INFO  edu.bjut.boudia.myMain - agg:982478962
raspberrypi 23:41:00.591 [main] INFO  edu.bjut.boudia.myMain - meter_4650369359172074917:repMsg
raspberrypi 23:41:00.591 [main] INFO  edu.bjut.boudia.myMain - meter_4650369359172074917:72920629
raspberrypi 23:41:00.591 [main] INFO  edu.bjut.boudia.myMain - meter_9182679283121940733:repMsg
raspberrypi 23:41:00.591 [main] INFO  edu.bjut.boudia.myMain - meter_9182679283121940733:72960519
raspberrypi 23:41:00.592 [main] INFO  edu.bjut.boudia.myMain - meter_5397293764774617075:repMsg
raspberrypi 23:41:00.595 [main] INFO  edu.bjut.boudia.myMain - meter_5397293764774617075:72802500
raspberrypi 23:41:00.595 [main] INFO  edu.bjut.boudia.myMain - meter_3489968971465227933:repMsg
raspberrypi 23:41:00.595 [main] INFO  edu.bjut.boudia.myMain - meter_3489968971465227933:72165518
raspberrypi 23:41:00.595 [main] INFO  edu.bjut.boudia.myMain - meter_2496479198826335509:repMsg
raspberrypi 23:41:00.595 [main] INFO  edu.bjut.boudia.myMain - meter_2496479198826335509:74672759
raspberrypi 23:41:00.595 [main] INFO  edu.bjut.boudia.myMain - meter_3176356027008453881:repMsg
raspberrypi 23:41:00.596 [main] INFO  edu.bjut.boudia.myMain - meter_3176356027008453881:72477129
raspberrypi 23:41:00.596 [main] INFO  edu.bjut.boudia.myMain - meter_5506352160505781389:repMsg
raspberrypi 23:41:00.596 [main] INFO  edu.bjut.boudia.myMain - meter_5506352160505781389:72747666
raspberrypi 23:41:00.596 [main] INFO  edu.bjut.boudia.myMain - meter_8849472138699395263:repMsg
raspberrypi 23:41:00.596 [main] INFO  edu.bjut.boudia.myMain - meter_8849472138699395263:72672500
raspberrypi 23:41:00.596 [main] INFO  edu.bjut.boudia.myMain - meter_3198615315371388985:repMsg
raspberrypi 23:41:00.596 [main] INFO  edu.bjut.boudia.myMain - meter_3198615315371388985:72648908
raspberrypi 23:41:00.596 [main] INFO  edu.bjut.boudia.myMain - meter_5860116051086066045:repMsg
raspberrypi 23:41:00.597 [main] INFO  edu.bjut.boudia.myMain - meter_5860116051086066045:72600185
raspberrypi 23:41:00.597 [main] INFO  edu.bjut.boudia.myMain - meter_8932757456929735975:repMsg
raspberrypi 23:41:00.597 [main] INFO  edu.bjut.boudia.myMain - meter_8932757456929735975:75056278
raspberrypi 23:41:00.597 [main] INFO  edu.bjut.boudia.myMain - meter_1380830731506762683:repMsg
raspberrypi 23:41:00.597 [main] INFO  edu.bjut.boudia.myMain - meter_1380830731506762683:72457389
raspberrypi 23:41:00.597 [main] INFO  edu.bjut.boudia.myMain - meter_1943120489245758519:repMsg
raspberrypi 23:41:00.598 [main] INFO  edu.bjut.boudia.myMain - meter_1943120489245758519:72169945
raspberrypi 23:41:00.598 [main] INFO  edu.bjut.boudia.myMain - meter_1834719462881645099:repMsg
raspberrypi 23:41:00.598 [main] INFO  edu.bjut.boudia.myMain - meter_1834719462881645099:72544130
raspberrypi 23:41:00.598 [main] INFO  edu.bjut.boudia.myMain - meter_7339518204741216217:repMsg
raspberrypi 23:41:00.598 [main] INFO  edu.bjut.boudia.myMain - meter_7339518204741216217:73542815
raspberrypi 23:41:00.598 [main] INFO  edu.bjut.boudia.myMain - meter_5459332184358418769:repMsg
raspberrypi 23:41:00.598 [main] INFO  edu.bjut.boudia.myMain - meter_5459332184358418769:72754093
raspberrypi 23:41:00.599 [main] INFO  edu.bjut.boudia.myMain - meter_2437263492344336229:repMsg
raspberrypi 23:41:00.599 [main] INFO  edu.bjut.boudia.myMain - meter_2437263492344336229:72250555
raspberrypi 23:41:00.599 [main] INFO  edu.bjut.boudia.myMain - meter_2874854658713378227:repMsg
raspberrypi 23:41:00.599 [main] INFO  edu.bjut.boudia.myMain - meter_2874854658713378227:74315389
raspberrypi 23:41:00.599 [main] INFO  edu.bjut.boudia.myMain - meter_7574309553306493455:repMsg
raspberrypi 23:41:00.599 [main] INFO  edu.bjut.boudia.myMain - meter_7574309553306493455:72433815
raspberrypi 23:41:00.599 [main] INFO  edu.bjut.boudia.myMain - meter_7227723466380563065:repMsg
raspberrypi 23:41:00.599 [main] INFO  edu.bjut.boudia.myMain - meter_7227723466380563065:71902629
raspberrypi 23:41:00.599 [main] INFO  edu.bjut.boudia.myMain - meter_2312396850458740949:repMsg
raspberrypi 23:41:00.600 [main] INFO  edu.bjut.boudia.myMain - meter_2312396850458740949:72135925
raspberrypi 23:41:00.600 [main] INFO  edu.bjut.boudia.myMain - meter_5025279831124487745:repMsg
raspberrypi 23:41:00.600 [main] INFO  edu.bjut.boudia.myMain - meter_5025279831124487745:72928055
raspberrypi 23:41:00.600 [main] INFO  edu.bjut.boudia.myMain - meter_7576004700667014957:repMsg
raspberrypi 23:41:00.600 [main] INFO  edu.bjut.boudia.myMain - meter_7576004700667014957:72878260
raspberrypi 23:41:00.600 [main] INFO  edu.bjut.boudia.myMain - meter_5469716401847682587:repMsg
raspberrypi 23:41:00.601 [main] INFO  edu.bjut.boudia.myMain - meter_5469716401847682587:74296111
raspberrypi 23:41:00.601 [main] INFO  edu.bjut.boudia.myMain - meter_3227254123862459315:repMsg
raspberrypi 23:41:00.601 [main] INFO  edu.bjut.boudia.myMain - meter_3227254123862459315:72808203
raspberrypi 23:41:00.601 [main] INFO  edu.bjut.boudia.myMain - meter_8321364607881124753:repMsg
raspberrypi 23:41:00.601 [main] INFO  edu.bjut.boudia.myMain - meter_8321364607881124753:72428000
raspberrypi 23:41:00.601 [main] INFO  edu.bjut.boudia.myMain - meter_967681440429261313:repMsg
raspberrypi 23:41:00.601 [main] INFO  edu.bjut.boudia.myMain - meter_967681440429261313:72662333
raspberrypi 23:41:00.602 [main] INFO  edu.bjut.boudia.myMain - meter_2326959240578161123:repMsg
raspberrypi 23:41:00.602 [main] INFO  edu.bjut.boudia.myMain - meter_2326959240578161123:72450444
raspberrypi 23:41:00.602 [main] INFO  edu.bjut.boudia.myMain - meter_2826563825349657111:repMsg
raspberrypi 23:41:00.602 [main] INFO  edu.bjut.boudia.myMain - meter_2826563825349657111:72567685
raspberrypi 23:41:00.602 [main] INFO  edu.bjut.boudia.myMain - meter_1016011039814920373:repMsg
raspberrypi 23:41:00.602 [main] INFO  edu.bjut.boudia.myMain - meter_1016011039814920373:74187278
raspberrypi 23:41:00.602 [main] INFO  edu.bjut.boudia.myMain - meter_2607218740032842017:repMsg
raspberrypi 23:41:00.602 [main] INFO  edu.bjut.boudia.myMain - meter_2607218740032842017:72216148
raspberrypi 23:41:00.603 [main] INFO  edu.bjut.boudia.myMain - meter_4112956517836257977:repMsg
raspberrypi 23:41:00.603 [main] INFO  edu.bjut.boudia.myMain - meter_4112956517836257977:71903537
raspberrypi 23:41:00.603 [main] INFO  edu.bjut.boudia.myMain - meter_1369701874385125683:repMsg
raspberrypi 23:41:00.603 [main] INFO  edu.bjut.boudia.myMain - meter_1369701874385125683:72626037
raspberrypi 23:41:00.603 [main] INFO  edu.bjut.boudia.myMain - meter_4822041083858002983:repMsg
raspberrypi 23:41:00.603 [main] INFO  edu.bjut.boudia.myMain - meter_4822041083858002983:72689407
raspberrypi 23:41:00.603 [main] INFO  edu.bjut.boudia.myMain - meter_7270604899220677539:repMsg
raspberrypi 23:41:00.603 [main] INFO  edu.bjut.boudia.myMain - meter_7270604899220677539:72602796
raspberrypi 23:41:00.603 [main] INFO  edu.bjut.boudia.myMain - meter_3807701372464351873:repMsg
raspberrypi 23:41:00.604 [main] INFO  edu.bjut.boudia.myMain - meter_3807701372464351873:73964703
raspberrypi 23:41:00.604 [main] INFO  edu.bjut.boudia.myMain - meter_492854139753556279:repMsg
raspberrypi 23:41:00.604 [main] INFO  edu.bjut.boudia.myMain - meter_492854139753556279:72483574
raspberrypi 23:41:00.604 [main] INFO  edu.bjut.boudia.myMain - meter_3682340523144640191:repMsg
raspberrypi 23:41:00.604 [main] INFO  edu.bjut.boudia.myMain - meter_3682340523144640191:73575537
raspberrypi 23:41:00.604 [main] INFO  edu.bjut.boudia.myMain - meter_5366865818311682837:repMsg
raspberrypi 23:41:00.604 [main] INFO  edu.bjut.boudia.myMain - meter_5366865818311682837:74270481
raspberrypi 23:41:00.604 [main] INFO  edu.bjut.boudia.myMain - meter_4901875566296256489:repMsg
raspberrypi 23:41:00.604 [main] INFO  edu.bjut.boudia.myMain - meter_4901875566296256489:74117370
raspberrypi 23:41:00.605 [main] INFO  edu.bjut.boudia.myMain - meter_5716997955002440325:repMsg
raspberrypi 23:41:00.605 [main] INFO  edu.bjut.boudia.myMain - meter_5716997955002440325:73021130
raspberrypi 23:41:00.605 [main] INFO  edu.bjut.boudia.myMain - meter_8776219784540510981:repMsg
raspberrypi 23:41:00.605 [main] INFO  edu.bjut.boudia.myMain - meter_8776219784540510981:74417167
raspberrypi 23:41:00.605 [main] INFO  edu.bjut.boudia.myMain - meter_5693022452688954899:repMsg
raspberrypi 23:41:00.605 [main] INFO  edu.bjut.boudia.myMain - meter_5693022452688954899:71983963
raspberrypi 23:41:00.605 [main] INFO  edu.bjut.boudia.myMain - meter_5890147178510816685:repMsg
raspberrypi 23:41:00.606 [main] INFO  edu.bjut.boudia.myMain - meter_5890147178510816685:72792037
raspberrypi 23:41:00.606 [main] INFO  edu.bjut.boudia.myMain - meter_4077785344160975875:repMsg
raspberrypi 23:41:00.606 [main] INFO  edu.bjut.boudia.myMain - meter_4077785344160975875:72786296
raspberrypi 23:41:00.606 [main] INFO  edu.bjut.boudia.myMain - meter_974316618896208115:repMsg
raspberrypi 23:41:00.606 [main] INFO  edu.bjut.boudia.myMain - meter_974316618896208115:73020703
raspberrypi 23:41:00.606 [main] INFO  edu.bjut.boudia.myMain - meter_8575431611357076035:repMsg
raspberrypi 23:41:00.606 [main] INFO  edu.bjut.boudia.myMain - meter_8575431611357076035:72414037
raspberrypi 23:41:00.607 [main] INFO  edu.bjut.boudia.myMain - meter_9202097003211799273:repMsg
raspberrypi 23:41:00.607 [main] INFO  edu.bjut.boudia.myMain - meter_9202097003211799273:73273260
raspberrypi 23:41:00.607 [main] INFO  edu.bjut.boudia.myMain - meter_6449989587689641755:repMsg
raspberrypi 23:41:00.607 [main] INFO  edu.bjut.boudia.myMain - meter_6449989587689641755:74555371
raspberrypi 23:41:00.607 [main] INFO  edu.bjut.boudia.myMain - meter_4473658364402899767:repMsg
raspberrypi 23:41:00.607 [main] INFO  edu.bjut.boudia.myMain - meter_4473658364402899767:73429333
raspberrypi 23:41:07.858 [main] INFO  edu.bjut.boudia.myMain - oneTimeMeterRegTime
raspberrypi 23:41:09.308 [main] INFO  edu.bjut.boudia.myMain - server:pubkey
raspberrypi 23:41:09.308 [main] INFO  edu.bjut.boudia.myMain - server:4871
raspberrypi 23:41:09.308 [main] INFO  edu.bjut.boudia.myMain - agg:regMsg,regMsg,regMsg,regMsg,regMsg,regMsg,regMsg,regMsg,regMsg,regMsg,regMsg,regMsg,regMsg,regMsg,regMsg,regMsg,regMsg,regMsg,regMsg,regMsg,regMsg,regMsg,regMsg,regMsg,regMsg,regMsg,regMsg,regMsg,regMsg,regMsg,regMsg,regMsg,regMsg,regMsg,regMsg,regMsg,regMsg,regMsg,regMsg,regMsg
raspberrypi 23:41:09.308 [main] INFO  edu.bjut.boudia.myMain - agg:18159593,18075222,18058185,18085500,18069870,18014277,18149185,17939185,18025852,18085555,18084185,17970519,17945889,18148408,18007000,17938685,17972278,18122944,17897778,18004648,18045426,18092130,19346815,17916926,18051315,18012537,17990389,18083926,18068241,17919834,17902037,18062426,17954704,17941333,18001333,18297463,18228981,18024870,18079407,18077925
raspberrypi 23:41:09.308 [main] INFO  edu.bjut.boudia.myMain - meter_8102758254311641989:regMsg,reg_backagg,reg_cc
raspberrypi 23:41:09.308 [main] INFO  edu.bjut.boudia.myMain - meter_8102758254311641989:3093,17754130,2204
raspberrypi 23:41:09.309 [main] INFO  edu.bjut.boudia.myMain - meter_8354822612060651403:regMsg,reg_backagg,reg_cc
raspberrypi 23:41:09.309 [main] INFO  edu.bjut.boudia.myMain - meter_8354822612060651403:5056,18280722,2019
raspberrypi 23:41:09.309 [main] INFO  edu.bjut.boudia.myMain - meter_7512860768512479497:regMsg,reg_backagg,reg_cc
raspberrypi 23:41:09.309 [main] INFO  edu.bjut.boudia.myMain - meter_7512860768512479497:5166,18070797,2426
raspberrypi 23:41:09.309 [main] INFO  edu.bjut.boudia.myMain - meter_7221531031369526539:regMsg,reg_backagg,reg_cc
raspberrypi 23:41:09.309 [main] INFO  edu.bjut.boudia.myMain - meter_7221531031369526539:6093,17841796,2278
raspberrypi 23:41:09.309 [main] INFO  edu.bjut.boudia.myMain - meter_6286143670307230629:regMsg,reg_backagg,reg_cc
raspberrypi 23:41:09.309 [main] INFO  edu.bjut.boudia.myMain - meter_6286143670307230629:4908,18223500,2315
raspberrypi 23:41:09.309 [main] INFO  edu.bjut.boudia.myMain - meter_7636690701046627529:regMsg,reg_backagg,reg_cc
raspberrypi 23:41:09.309 [main] INFO  edu.bjut.boudia.myMain - meter_7636690701046627529:4500,18151389,2704
raspberrypi 23:41:09.309 [main] INFO  edu.bjut.boudia.myMain - meter_2138862128931159195:regMsg,reg_backagg,reg_cc
raspberrypi 23:41:09.309 [main] INFO  edu.bjut.boudia.myMain - meter_2138862128931159195:5297,18187481,1889
raspberrypi 23:41:09.309 [main] INFO  edu.bjut.boudia.myMain - meter_7141795980609267453:regMsg,reg_backagg,reg_cc
raspberrypi 23:41:09.309 [main] INFO  edu.bjut.boudia.myMain - meter_7141795980609267453:5760,17938259,1945
raspberrypi 23:41:09.310 [main] INFO  edu.bjut.boudia.myMain - meter_279785408398002743:regMsg,reg_backagg,reg_cc
raspberrypi 23:41:09.310 [main] INFO  edu.bjut.boudia.myMain - meter_279785408398002743:5556,17940389,2166
raspberrypi 23:41:09.310 [main] INFO  edu.bjut.boudia.myMain - meter_3020137217146923337:regMsg,reg_backagg,reg_cc
raspberrypi 23:41:09.310 [main] INFO  edu.bjut.boudia.myMain - meter_3020137217146923337:5167,19457074,1963
raspberrypi 23:41:09.310 [main] INFO  edu.bjut.boudia.myMain - meter_4494125673147163411:regMsg,reg_backagg,reg_cc
raspberrypi 23:41:09.310 [main] INFO  edu.bjut.boudia.myMain - meter_4494125673147163411:5278,17960518,1870
raspberrypi 23:41:09.310 [main] INFO  edu.bjut.boudia.myMain - meter_5719292894294785533:regMsg,reg_backagg,reg_cc
raspberrypi 23:41:09.310 [main] INFO  edu.bjut.boudia.myMain - meter_5719292894294785533:4685,18188593,2667
raspberrypi 23:41:09.310 [main] INFO  edu.bjut.boudia.myMain - meter_5008765571864305073:regMsg,reg_backagg,reg_cc
raspberrypi 23:41:09.310 [main] INFO  edu.bjut.boudia.myMain - meter_5008765571864305073:5537,17912519,2389
raspberrypi 23:41:09.310 [main] INFO  edu.bjut.boudia.myMain - meter_2267215312397448601:regMsg,reg_backagg,reg_cc
raspberrypi 23:41:09.310 [main] INFO  edu.bjut.boudia.myMain - meter_2267215312397448601:5426,18069537,2500
raspberrypi 23:41:09.311 [main] INFO  edu.bjut.boudia.myMain - meter_644680388309359821:regMsg,reg_backagg,reg_cc
raspberrypi 23:41:09.311 [main] INFO  edu.bjut.boudia.myMain - meter_644680388309359821:4963,18176963,2667
raspberrypi 23:41:09.311 [main] INFO  edu.bjut.boudia.myMain - meter_9043879259162618567:regMsg,reg_backagg,reg_cc
raspberrypi 23:41:09.311 [main] INFO  edu.bjut.boudia.myMain - meter_9043879259162618567:5167,18124833,2222
raspberrypi 23:41:09.311 [main] INFO  edu.bjut.boudia.myMain - meter_96502064196831101:regMsg,reg_backagg,reg_cc
raspberrypi 23:41:09.311 [main] INFO  edu.bjut.boudia.myMain - meter_96502064196831101:4629,17690519,2278
raspberrypi 23:41:09.311 [main] INFO  edu.bjut.boudia.myMain - meter_2393664562430160305:regMsg,reg_backagg,reg_cc
raspberrypi 23:41:09.311 [main] INFO  edu.bjut.boudia.myMain - meter_2393664562430160305:5259,17760074,1741
raspberrypi 23:41:09.311 [main] INFO  edu.bjut.boudia.myMain - meter_381132762893763717:regMsg,reg_backagg,reg_cc
raspberrypi 23:41:09.311 [main] INFO  edu.bjut.boudia.myMain - meter_381132762893763717:6500,18280500,2722
raspberrypi 23:41:09.311 [main] INFO  edu.bjut.boudia.myMain - meter_4178791096667538819:regMsg,reg_backagg,reg_cc
raspberrypi 23:41:09.312 [main] INFO  edu.bjut.boudia.myMain - meter_4178791096667538819:6037,17959407,2611
raspberrypi 23:41:09.312 [main] INFO  edu.bjut.boudia.myMain - meter_8180221500044633795:regMsg,reg_backagg,reg_cc
raspberrypi 23:41:09.312 [main] INFO  edu.bjut.boudia.myMain - meter_8180221500044633795:6963,18116240,2500
raspberrypi 23:41:09.312 [main] INFO  edu.bjut.boudia.myMain - meter_7860430533691055541:regMsg,reg_backagg,reg_cc
raspberrypi 23:41:09.312 [main] INFO  edu.bjut.boudia.myMain - meter_7860430533691055541:6111,17989741,1852
raspberrypi 23:41:09.312 [main] INFO  edu.bjut.boudia.myMain - meter_4454110238629712209:regMsg,reg_backagg,reg_cc
raspberrypi 23:41:09.312 [main] INFO  edu.bjut.boudia.myMain - meter_4454110238629712209:5630,18105945,2334
raspberrypi 23:41:09.312 [main] INFO  edu.bjut.boudia.myMain - meter_8836031040967675731:regMsg,reg_backagg,reg_cc
raspberrypi 23:41:09.313 [main] INFO  edu.bjut.boudia.myMain - meter_8836031040967675731:6667,17945648,2389
raspberrypi 23:41:09.313 [main] INFO  edu.bjut.boudia.myMain - meter_3543406504795133185:regMsg,reg_backagg,reg_cc
raspberrypi 23:41:09.313 [main] INFO  edu.bjut.boudia.myMain - meter_3543406504795133185:6149,17916871,2259
raspberrypi 23:41:09.313 [main] INFO  edu.bjut.boudia.myMain - meter_4607196034766679479:regMsg,reg_backagg,reg_cc
raspberrypi 23:41:09.313 [main] INFO  edu.bjut.boudia.myMain - meter_4607196034766679479:5963,18072000,2574
raspberrypi 23:41:09.313 [main] INFO  edu.bjut.boudia.myMain - meter_6223859501528011427:regMsg,reg_backagg,reg_cc
raspberrypi 23:41:09.313 [main] INFO  edu.bjut.boudia.myMain - meter_6223859501528011427:6667,17985000,2555
raspberrypi 23:41:09.313 [main] INFO  edu.bjut.boudia.myMain - meter_5629737637401396387:regMsg,reg_backagg,reg_cc
raspberrypi 23:41:09.314 [main] INFO  edu.bjut.boudia.myMain - meter_5629737637401396387:5556,18073426,2315
raspberrypi 23:41:09.314 [main] INFO  edu.bjut.boudia.myMain - meter_1155678222502739537:regMsg,reg_backagg,reg_cc
raspberrypi 23:41:09.314 [main] INFO  edu.bjut.boudia.myMain - meter_1155678222502739537:5815,17811241,2370
raspberrypi 23:41:09.314 [main] INFO  edu.bjut.boudia.myMain - meter_8781913785113636731:regMsg,reg_backagg,reg_cc
raspberrypi 23:41:09.314 [main] INFO  edu.bjut.boudia.myMain - meter_8781913785113636731:4944,18093500,2296
raspberrypi 23:41:09.314 [main] INFO  edu.bjut.boudia.myMain - meter_351340957916773685:regMsg,reg_backagg,reg_cc
raspberrypi 23:41:09.314 [main] INFO  edu.bjut.boudia.myMain - meter_351340957916773685:5518,17797019,1945
raspberrypi 23:41:09.314 [main] INFO  edu.bjut.boudia.myMain - meter_2243329721817072867:regMsg,reg_backagg,reg_cc
raspberrypi 23:41:09.314 [main] INFO  edu.bjut.boudia.myMain - meter_2243329721817072867:5648,17995315,2222
raspberrypi 23:41:09.314 [main] INFO  edu.bjut.boudia.myMain - meter_8377399259804970269:regMsg,reg_backagg,reg_cc
raspberrypi 23:41:09.315 [main] INFO  edu.bjut.boudia.myMain - meter_8377399259804970269:6037,17747389,2481
raspberrypi 23:41:09.315 [main] INFO  edu.bjut.boudia.myMain - meter_266236039943619837:regMsg,reg_backagg,reg_cc
raspberrypi 23:41:09.315 [main] INFO  edu.bjut.boudia.myMain - meter_266236039943619837:5278,18048408,2129
raspberrypi 23:41:09.315 [main] INFO  edu.bjut.boudia.myMain - meter_5440931329102170209:regMsg,reg_backagg,reg_cc
raspberrypi 23:41:09.315 [main] INFO  edu.bjut.boudia.myMain - meter_5440931329102170209:62389,19246482,2240
raspberrypi 23:41:09.315 [main] INFO  edu.bjut.boudia.myMain - meter_7537189308657254141:regMsg,reg_backagg,reg_cc
raspberrypi 23:41:09.315 [main] INFO  edu.bjut.boudia.myMain - meter_7537189308657254141:5278,18360259,2722
raspberrypi 23:41:09.315 [main] INFO  edu.bjut.boudia.myMain - meter_8802429506985596973:regMsg,reg_backagg,reg_cc
raspberrypi 23:41:09.315 [main] INFO  edu.bjut.boudia.myMain - meter_8802429506985596973:66223,18191019,8778
raspberrypi 23:41:09.315 [main] INFO  edu.bjut.boudia.myMain - meter_1163374665283058591:regMsg,reg_backagg,reg_cc
raspberrypi 23:41:09.316 [main] INFO  edu.bjut.boudia.myMain - meter_1163374665283058591:852,18173963,926
raspberrypi 23:41:09.316 [main] INFO  edu.bjut.boudia.myMain - meter_7033456814921042601:regMsg,reg_backagg,reg_cc
raspberrypi 23:41:09.316 [main] INFO  edu.bjut.boudia.myMain - meter_7033456814921042601:703,17966852,463
raspberrypi 23:41:09.316 [main] INFO  edu.bjut.boudia.myMain - meter_1258722595190260283:regMsg,reg_backagg,reg_cc
raspberrypi 23:41:09.316 [main] INFO  edu.bjut.boudia.myMain - meter_1258722595190260283:685,17906240,444
raspberrypi 23:41:10.763 [main] INFO  edu.bjut.boudia.myMain - oneTimeMeterRepTime
raspberrypi 23:41:14.567 [main] INFO  edu.bjut.boudia.myMain - server:repMsg
raspberrypi 23:41:14.568 [main] INFO  edu.bjut.boudia.myMain - server:92674722
raspberrypi 23:41:14.568 [main] INFO  edu.bjut.boudia.myMain - agg:repMsg
raspberrypi 23:41:14.568 [main] INFO  edu.bjut.boudia.myMain - agg:789355184
raspberrypi 23:41:14.568 [main] INFO  edu.bjut.boudia.myMain - meter_8102758254311641989:repMsg
raspberrypi 23:41:14.568 [main] INFO  edu.bjut.boudia.myMain - meter_8102758254311641989:72748537
raspberrypi 23:41:14.569 [main] INFO  edu.bjut.boudia.myMain - meter_8354822612060651403:repMsg
raspberrypi 23:41:14.569 [main] INFO  edu.bjut.boudia.myMain - meter_8354822612060651403:73183315
raspberrypi 23:41:14.569 [main] INFO  edu.bjut.boudia.myMain - meter_7512860768512479497:repMsg
raspberrypi 23:41:14.569 [main] INFO  edu.bjut.boudia.myMain - meter_7512860768512479497:74339056
raspberrypi 23:41:14.569 [main] INFO  edu.bjut.boudia.myMain - meter_7221531031369526539:repMsg
raspberrypi 23:41:14.569 [main] INFO  edu.bjut.boudia.myMain - meter_7221531031369526539:73079389
raspberrypi 23:41:14.569 [main] INFO  edu.bjut.boudia.myMain - meter_6286143670307230629:repMsg
raspberrypi 23:41:14.569 [main] INFO  edu.bjut.boudia.myMain - meter_6286143670307230629:72725463
raspberrypi 23:41:14.569 [main] INFO  edu.bjut.boudia.myMain - meter_7636690701046627529:repMsg
raspberrypi 23:41:14.569 [main] INFO  edu.bjut.boudia.myMain - meter_7636690701046627529:72748055
raspberrypi 23:41:14.569 [main] INFO  edu.bjut.boudia.myMain - meter_2138862128931159195:repMsg
raspberrypi 23:41:14.570 [main] INFO  edu.bjut.boudia.myMain - meter_2138862128931159195:72753241
raspberrypi 23:41:14.570 [main] INFO  edu.bjut.boudia.myMain - meter_7141795980609267453:repMsg
raspberrypi 23:41:14.570 [main] INFO  edu.bjut.boudia.myMain - meter_7141795980609267453:72276129
raspberrypi 23:41:14.570 [main] INFO  edu.bjut.boudia.myMain - meter_279785408398002743:repMsg
raspberrypi 23:41:14.570 [main] INFO  edu.bjut.boudia.myMain - meter_279785408398002743:74842945
raspberrypi 23:41:14.570 [main] INFO  edu.bjut.boudia.myMain - meter_3020137217146923337:repMsg
raspberrypi 23:41:14.570 [main] INFO  edu.bjut.boudia.myMain - meter_3020137217146923337:73111408
raspberrypi 23:41:14.570 [main] INFO  edu.bjut.boudia.myMain - meter_4494125673147163411:repMsg
raspberrypi 23:41:14.570 [main] INFO  edu.bjut.boudia.myMain - meter_4494125673147163411:72492334
raspberrypi 23:41:14.570 [main] INFO  edu.bjut.boudia.myMain - meter_5719292894294785533:repMsg
raspberrypi 23:41:14.570 [main] INFO  edu.bjut.boudia.myMain - meter_5719292894294785533:72463704
raspberrypi 23:41:14.570 [main] INFO  edu.bjut.boudia.myMain - meter_5008765571864305073:repMsg
raspberrypi 23:41:14.571 [main] INFO  edu.bjut.boudia.myMain - meter_5008765571864305073:72162389
raspberrypi 23:41:14.571 [main] INFO  edu.bjut.boudia.myMain - meter_2267215312397448601:repMsg
raspberrypi 23:41:14.571 [main] INFO  edu.bjut.boudia.myMain - meter_2267215312397448601:72438611
raspberrypi 23:41:14.571 [main] INFO  edu.bjut.boudia.myMain - meter_644680388309359821:repMsg
raspberrypi 23:41:14.571 [main] INFO  edu.bjut.boudia.myMain - meter_644680388309359821:74904389
raspberrypi 23:41:14.571 [main] INFO  edu.bjut.boudia.myMain - meter_9043879259162618567:repMsg
raspberrypi 23:41:14.571 [main] INFO  edu.bjut.boudia.myMain - meter_9043879259162618567:72797759
raspberrypi 23:41:14.572 [main] INFO  edu.bjut.boudia.myMain - meter_96502064196831101:repMsg
raspberrypi 23:41:14.572 [main] INFO  edu.bjut.boudia.myMain - meter_96502064196831101:72673759
raspberrypi 23:41:14.572 [main] INFO  edu.bjut.boudia.myMain - meter_2393664562430160305:repMsg
raspberrypi 23:41:14.572 [main] INFO  edu.bjut.boudia.myMain - meter_2393664562430160305:72174963
raspberrypi 23:41:14.572 [main] INFO  edu.bjut.boudia.myMain - meter_381132762893763717:repMsg
raspberrypi 23:41:14.572 [main] INFO  edu.bjut.boudia.myMain - meter_381132762893763717:72634519
raspberrypi 23:41:14.572 [main] INFO  edu.bjut.boudia.myMain - meter_4178791096667538819:repMsg
raspberrypi 23:41:14.572 [main] INFO  edu.bjut.boudia.myMain - meter_4178791096667538819:74018315
raspberrypi 23:41:14.572 [main] INFO  edu.bjut.boudia.myMain - meter_8180221500044633795:repMsg
raspberrypi 23:41:14.572 [main] INFO  edu.bjut.boudia.myMain - meter_8180221500044633795:74770518
raspberrypi 23:41:14.572 [main] INFO  edu.bjut.boudia.myMain - meter_7860430533691055541:repMsg
raspberrypi 23:41:14.573 [main] INFO  edu.bjut.boudia.myMain - meter_7860430533691055541:72995389
raspberrypi 23:41:14.573 [main] INFO  edu.bjut.boudia.myMain - meter_4454110238629712209:repMsg
raspberrypi 23:41:14.573 [main] INFO  edu.bjut.boudia.myMain - meter_4454110238629712209:72987352
raspberrypi 23:41:14.573 [main] INFO  edu.bjut.boudia.myMain - meter_8836031040967675731:repMsg
raspberrypi 23:41:14.573 [main] INFO  edu.bjut.boudia.myMain - meter_8836031040967675731:72531370
raspberrypi 23:41:14.573 [main] INFO  edu.bjut.boudia.myMain - meter_3543406504795133185:repMsg
raspberrypi 23:41:14.573 [main] INFO  edu.bjut.boudia.myMain - meter_3543406504795133185:72175926
raspberrypi 23:41:14.573 [main] INFO  edu.bjut.boudia.myMain - meter_4607196034766679479:repMsg
raspberrypi 23:41:14.573 [main] INFO  edu.bjut.boudia.myMain - meter_4607196034766679479:72948000
raspberrypi 23:41:14.574 [main] INFO  edu.bjut.boudia.myMain - meter_6223859501528011427:repMsg
raspberrypi 23:41:14.574 [main] INFO  edu.bjut.boudia.myMain - meter_6223859501528011427:73753630
raspberrypi 23:41:14.574 [main] INFO  edu.bjut.boudia.myMain - meter_5629737637401396387:repMsg
raspberrypi 23:41:14.574 [main] INFO  edu.bjut.boudia.myMain - meter_5629737637401396387:72195111
raspberrypi 23:41:14.574 [main] INFO  edu.bjut.boudia.myMain - meter_1155678222502739537:repMsg
raspberrypi 23:41:14.574 [main] INFO  edu.bjut.boudia.myMain - meter_1155678222502739537:72590907
raspberrypi 23:41:14.574 [main] INFO  edu.bjut.boudia.myMain - meter_8781913785113636731:repMsg
raspberrypi 23:41:14.574 [main] INFO  edu.bjut.boudia.myMain - meter_8781913785113636731:72055315
raspberrypi 23:41:14.574 [main] INFO  edu.bjut.boudia.myMain - meter_351340957916773685:repMsg
raspberrypi 23:41:14.575 [main] INFO  edu.bjut.boudia.myMain - meter_351340957916773685:72736074
raspberrypi 23:41:14.575 [main] INFO  edu.bjut.boudia.myMain - meter_2243329721817072867:repMsg
raspberrypi 23:41:14.575 [main] INFO  edu.bjut.boudia.myMain - meter_2243329721817072867:72827482
raspberrypi 23:41:14.575 [main] INFO  edu.bjut.boudia.myMain - meter_8377399259804970269:repMsg
raspberrypi 23:41:14.575 [main] INFO  edu.bjut.boudia.myMain - meter_8377399259804970269:75335296
raspberrypi 23:41:14.575 [main] INFO  edu.bjut.boudia.myMain - meter_266236039943619837:repMsg
raspberrypi 23:41:14.575 [main] INFO  edu.bjut.boudia.myMain - meter_266236039943619837:72521907
raspberrypi 23:41:14.575 [main] INFO  edu.bjut.boudia.myMain - meter_5440931329102170209:repMsg
raspberrypi 23:41:14.575 [main] INFO  edu.bjut.boudia.myMain - meter_5440931329102170209:72323630
raspberrypi 23:41:14.575 [main] INFO  edu.bjut.boudia.myMain - meter_7537189308657254141:repMsg
raspberrypi 23:41:14.575 [main] INFO  edu.bjut.boudia.myMain - meter_7537189308657254141:72831166
raspberrypi 23:41:14.575 [main] INFO  edu.bjut.boudia.myMain - meter_8802429506985596973:repMsg
raspberrypi 23:41:14.575 [main] INFO  edu.bjut.boudia.myMain - meter_8802429506985596973:72441981
raspberrypi 23:41:14.575 [main] INFO  edu.bjut.boudia.myMain - meter_1163374665283058591:repMsg
raspberrypi 23:41:14.576 [main] INFO  edu.bjut.boudia.myMain - meter_1163374665283058591:73022889
raspberrypi 23:41:14.576 [main] INFO  edu.bjut.boudia.myMain - meter_7033456814921042601:repMsg
raspberrypi 23:41:14.576 [main] INFO  edu.bjut.boudia.myMain - meter_7033456814921042601:71851704
raspberrypi 23:41:14.576 [main] INFO  edu.bjut.boudia.myMain - meter_1258722595190260283:repMsg
raspberrypi 23:41:14.576 [main] INFO  edu.bjut.boudia.myMain - meter_1258722595190260283:74930981
raspberrypi 23:41:19.754 [main] INFO  edu.bjut.boudia.myMain - oneTimeMeterRegTime
raspberrypi 23:41:20.837 [main] INFO  edu.bjut.boudia.myMain - server:pubkey
raspberrypi 23:41:20.838 [main] INFO  edu.bjut.boudia.myMain - server:5000
raspberrypi 23:41:20.838 [main] INFO  edu.bjut.boudia.myMain - agg:regMsg,regMsg,regMsg,regMsg,regMsg,regMsg,regMsg,regMsg,regMsg,regMsg,regMsg,regMsg,regMsg,regMsg,regMsg,regMsg,regMsg,regMsg,regMsg,regMsg,regMsg,regMsg,regMsg,regMsg,regMsg,regMsg,regMsg,regMsg,regMsg,regMsg
raspberrypi 23:41:20.838 [main] INFO  edu.bjut.boudia.myMain - agg:18201333,17964704,17955315,17915463,17981463,18000649,17952129,18013222,17991685,17927537,17974741,17906167,17898055,17995389,17936204,17901482,17926351,17874000,17982314,17952796,17946741,17860593,18006111,17918334,17905352,19344241,17913889,17991778,17921740,17872463
raspberrypi 23:41:20.838 [main] INFO  edu.bjut.boudia.myMain - meter_6540943430322554875:regMsg,reg_backagg,reg_cc
raspberrypi 23:41:20.838 [main] INFO  edu.bjut.boudia.myMain - meter_6540943430322554875:592,19721982,1148
raspberrypi 23:41:20.838 [main] INFO  edu.bjut.boudia.myMain - meter_9007151332855764329:regMsg,reg_backagg,reg_cc
raspberrypi 23:41:20.838 [main] INFO  edu.bjut.boudia.myMain - meter_9007151332855764329:611,17946055,1000
raspberrypi 23:41:20.838 [main] INFO  edu.bjut.boudia.myMain - meter_1546010609175045249:regMsg,reg_backagg,reg_cc
raspberrypi 23:41:20.839 [main] INFO  edu.bjut.boudia.myMain - meter_1546010609175045249:797,17668778,815
raspberrypi 23:41:20.839 [main] INFO  edu.bjut.boudia.myMain - meter_7830509991360837317:regMsg,reg_backagg,reg_cc
raspberrypi 23:41:20.839 [main] INFO  edu.bjut.boudia.myMain - meter_7830509991360837317:1111,18147426,796
raspberrypi 23:41:20.839 [main] INFO  edu.bjut.boudia.myMain - meter_4341250046718129193:regMsg,reg_backagg,reg_cc
raspberrypi 23:41:20.839 [main] INFO  edu.bjut.boudia.myMain - meter_4341250046718129193:611,18076723,593
raspberrypi 23:41:20.839 [main] INFO  edu.bjut.boudia.myMain - meter_3057322746506051849:regMsg,reg_backagg,reg_cc
raspberrypi 23:41:20.839 [main] INFO  edu.bjut.boudia.myMain - meter_3057322746506051849:1186,17996426,685
raspberrypi 23:41:20.839 [main] INFO  edu.bjut.boudia.myMain - meter_7113578915216371899:regMsg,reg_backagg,reg_cc
raspberrypi 23:41:20.839 [main] INFO  edu.bjut.boudia.myMain - meter_7113578915216371899:815,18033462,926
raspberrypi 23:41:20.839 [main] INFO  edu.bjut.boudia.myMain - meter_5743390011848102351:regMsg,reg_backagg,reg_cc
raspberrypi 23:41:20.839 [main] INFO  edu.bjut.boudia.myMain - meter_5743390011848102351:703,18050426,870
raspberrypi 23:41:20.840 [main] INFO  edu.bjut.boudia.myMain - meter_8660644025092758123:regMsg,reg_backagg,reg_cc
raspberrypi 23:41:20.840 [main] INFO  edu.bjut.boudia.myMain - meter_8660644025092758123:407,18170223,815
raspberrypi 23:41:20.840 [main] INFO  edu.bjut.boudia.myMain - meter_3541399535690374177:regMsg,reg_backagg,reg_cc
raspberrypi 23:41:20.840 [main] INFO  edu.bjut.boudia.myMain - meter_3541399535690374177:1037,17895870,1000
raspberrypi 23:41:20.840 [main] INFO  edu.bjut.boudia.myMain - meter_8401739717183598807:regMsg,reg_backagg,reg_cc
raspberrypi 23:41:20.840 [main] INFO  edu.bjut.boudia.myMain - meter_8401739717183598807:574,18135148,778
raspberrypi 23:41:20.840 [main] INFO  edu.bjut.boudia.myMain - meter_3850020957644900893:regMsg,reg_backagg,reg_cc
raspberrypi 23:41:20.840 [main] INFO  edu.bjut.boudia.myMain - meter_3850020957644900893:648,17851111,685
raspberrypi 23:41:20.840 [main] INFO  edu.bjut.boudia.myMain - meter_4048887170782796559:regMsg,reg_backagg,reg_cc
raspberrypi 23:41:20.840 [main] INFO  edu.bjut.boudia.myMain - meter_4048887170782796559:1000,19672352,574
raspberrypi 23:41:20.840 [main] INFO  edu.bjut.boudia.myMain - meter_7438636667095138431:regMsg,reg_backagg,reg_cc
raspberrypi 23:41:20.840 [main] INFO  edu.bjut.boudia.myMain - meter_7438636667095138431:760,17890407,1148
raspberrypi 23:41:20.840 [main] INFO  edu.bjut.boudia.myMain - meter_2810554167508366715:regMsg,reg_backagg,reg_cc
raspberrypi 23:41:20.840 [main] INFO  edu.bjut.boudia.myMain - meter_2810554167508366715:1166,18039426,925
raspberrypi 23:41:20.841 [main] INFO  edu.bjut.boudia.myMain - meter_539771936857878811:regMsg,reg_backagg,reg_cc
raspberrypi 23:41:20.841 [main] INFO  edu.bjut.boudia.myMain - meter_539771936857878811:463,18050444,963
raspberrypi 23:41:20.841 [main] INFO  edu.bjut.boudia.myMain - meter_5172923703545028455:regMsg,reg_backagg,reg_cc
raspberrypi 23:41:20.841 [main] INFO  edu.bjut.boudia.myMain - meter_5172923703545028455:778,18065259,703
raspberrypi 23:41:20.841 [main] INFO  edu.bjut.boudia.myMain - meter_75037942315547651:regMsg,reg_backagg,reg_cc
raspberrypi 23:41:20.841 [main] INFO  edu.bjut.boudia.myMain - meter_75037942315547651:1018,17837111,667
raspberrypi 23:41:20.841 [main] INFO  edu.bjut.boudia.myMain - meter_2407739814044190639:regMsg,reg_backagg,reg_cc
raspberrypi 23:41:20.841 [main] INFO  edu.bjut.boudia.myMain - meter_2407739814044190639:870,17879962,352
raspberrypi 23:41:20.841 [main] INFO  edu.bjut.boudia.myMain - meter_5256023454341687149:regMsg,reg_backagg,reg_cc
raspberrypi 23:41:20.841 [main] INFO  edu.bjut.boudia.myMain - meter_5256023454341687149:685,17919426,630
raspberrypi 23:41:20.841 [main] INFO  edu.bjut.boudia.myMain - meter_2345505070484883985:regMsg,reg_backagg,reg_cc
raspberrypi 23:41:20.841 [main] INFO  edu.bjut.boudia.myMain - meter_2345505070484883985:667,17857297,871
raspberrypi 23:41:20.841 [main] INFO  edu.bjut.boudia.myMain - meter_5074432310103462117:regMsg,reg_backagg,reg_cc
raspberrypi 23:41:20.842 [main] INFO  edu.bjut.boudia.myMain - meter_5074432310103462117:1148,17565333,852
raspberrypi 23:41:20.842 [main] INFO  edu.bjut.boudia.myMain - meter_156214350100625283:regMsg,reg_backagg,reg_cc
raspberrypi 23:41:20.842 [main] INFO  edu.bjut.boudia.myMain - meter_156214350100625283:722,17892315,815
raspberrypi 23:41:20.842 [main] INFO  edu.bjut.boudia.myMain - meter_3145350102547120955:regMsg,reg_backagg,reg_cc
raspberrypi 23:41:20.842 [main] INFO  edu.bjut.boudia.myMain - meter_3145350102547120955:759,18053259,723
raspberrypi 23:41:20.842 [main] INFO  edu.bjut.boudia.myMain - meter_128919510674534565:regMsg,reg_backagg,reg_cc
raspberrypi 23:41:20.842 [main] INFO  edu.bjut.boudia.myMain - meter_128919510674534565:649,17723593,1000
raspberrypi 23:41:20.842 [main] INFO  edu.bjut.boudia.myMain - meter_6651889960371437287:regMsg,reg_backagg,reg_cc
raspberrypi 23:41:20.842 [main] INFO  edu.bjut.boudia.myMain - meter_6651889960371437287:463,17785111,537
raspberrypi 23:41:20.842 [main] INFO  edu.bjut.boudia.myMain - meter_1195831252695230753:regMsg,reg_backagg,reg_cc
raspberrypi 23:41:20.842 [main] INFO  edu.bjut.boudia.myMain - meter_1195831252695230753:1038,17934111,630
raspberrypi 23:41:20.842 [main] INFO  edu.bjut.boudia.myMain - meter_2758153512232160171:regMsg,reg_backagg,reg_cc
raspberrypi 23:41:20.843 [main] INFO  edu.bjut.boudia.myMain - meter_2758153512232160171:1037,18110852,963
raspberrypi 23:41:20.843 [main] INFO  edu.bjut.boudia.myMain - meter_1596085068874479435:regMsg,reg_backagg,reg_cc
raspberrypi 23:41:20.843 [main] INFO  edu.bjut.boudia.myMain - meter_1596085068874479435:759,18008055,481
raspberrypi 23:41:20.843 [main] INFO  edu.bjut.boudia.myMain - meter_1994345498315814245:regMsg,reg_backagg,reg_cc
raspberrypi 23:41:20.843 [main] INFO  edu.bjut.boudia.myMain - meter_1994345498315814245:630,17821092,481
raspberrypi 23:41:21.926 [main] INFO  edu.bjut.boudia.myMain - oneTimeMeterRepTime
raspberrypi 23:41:24.806 [main] INFO  edu.bjut.boudia.myMain - server:repMsg
raspberrypi 23:41:24.807 [main] INFO  edu.bjut.boudia.myMain - server:90385278
raspberrypi 23:41:24.807 [main] INFO  edu.bjut.boudia.myMain - agg:repMsg
raspberrypi 23:41:24.807 [main] INFO  edu.bjut.boudia.myMain - agg:597828889
raspberrypi 23:41:24.807 [main] INFO  edu.bjut.boudia.myMain - meter_6540943430322554875:repMsg
raspberrypi 23:41:24.807 [main] INFO  edu.bjut.boudia.myMain - meter_6540943430322554875:73227852
raspberrypi 23:41:24.807 [main] INFO  edu.bjut.boudia.myMain - meter_9007151332855764329:repMsg
raspberrypi 23:41:24.807 [main] INFO  edu.bjut.boudia.myMain - meter_9007151332855764329:74389333
raspberrypi 23:41:24.807 [main] INFO  edu.bjut.boudia.myMain - meter_1546010609175045249:repMsg
raspberrypi 23:41:24.808 [main] INFO  edu.bjut.boudia.myMain - meter_1546010609175045249:73035426
raspberrypi 23:41:24.808 [main] INFO  edu.bjut.boudia.myMain - meter_7830509991360837317:repMsg
raspberrypi 23:41:24.808 [main] INFO  edu.bjut.boudia.myMain - meter_7830509991360837317:73320593
raspberrypi 23:41:24.808 [main] INFO  edu.bjut.boudia.myMain - meter_4341250046718129193:repMsg
raspberrypi 23:41:24.808 [main] INFO  edu.bjut.boudia.myMain - meter_4341250046718129193:72048315
raspberrypi 23:41:24.808 [main] INFO  edu.bjut.boudia.myMain - meter_3057322746506051849:repMsg
raspberrypi 23:41:24.808 [main] INFO  edu.bjut.boudia.myMain - meter_3057322746506051849:72737926
raspberrypi 23:41:24.808 [main] INFO  edu.bjut.boudia.myMain - meter_7113578915216371899:repMsg
raspberrypi 23:41:24.808 [main] INFO  edu.bjut.boudia.myMain - meter_7113578915216371899:74393278
raspberrypi 23:41:24.808 [main] INFO  edu.bjut.boudia.myMain - meter_5743390011848102351:repMsg
raspberrypi 23:41:24.808 [main] INFO  edu.bjut.boudia.myMain - meter_5743390011848102351:74199704
raspberrypi 23:41:24.808 [main] INFO  edu.bjut.boudia.myMain - meter_8660644025092758123:repMsg
raspberrypi 23:41:24.808 [main] INFO  edu.bjut.boudia.myMain - meter_8660644025092758123:72249055
raspberrypi 23:41:24.808 [main] INFO  edu.bjut.boudia.myMain - meter_3541399535690374177:repMsg
raspberrypi 23:41:24.808 [main] INFO  edu.bjut.boudia.myMain - meter_3541399535690374177:72687167
raspberrypi 23:41:24.808 [main] INFO  edu.bjut.boudia.myMain - meter_8401739717183598807:repMsg
raspberrypi 23:41:24.808 [main] INFO  edu.bjut.boudia.myMain - meter_8401739717183598807:72758648
raspberrypi 23:41:24.808 [main] INFO  edu.bjut.boudia.myMain - meter_3850020957644900893:repMsg
raspberrypi 23:41:24.808 [main] INFO  edu.bjut.boudia.myMain - meter_3850020957644900893:72429944
raspberrypi 23:41:24.809 [main] INFO  edu.bjut.boudia.myMain - meter_4048887170782796559:repMsg
raspberrypi 23:41:24.809 [main] INFO  edu.bjut.boudia.myMain - meter_4048887170782796559:72790185
raspberrypi 23:41:24.809 [main] INFO  edu.bjut.boudia.myMain - meter_7438636667095138431:repMsg
raspberrypi 23:41:24.809 [main] INFO  edu.bjut.boudia.myMain - meter_7438636667095138431:74504833
raspberrypi 23:41:24.809 [main] INFO  edu.bjut.boudia.myMain - meter_2810554167508366715:repMsg
raspberrypi 23:41:24.809 [main] INFO  edu.bjut.boudia.myMain - meter_2810554167508366715:72605037
raspberrypi 23:41:24.809 [main] INFO  edu.bjut.boudia.myMain - meter_539771936857878811:repMsg
raspberrypi 23:41:24.809 [main] INFO  edu.bjut.boudia.myMain - meter_539771936857878811:72535370
raspberrypi 23:41:24.809 [main] INFO  edu.bjut.boudia.myMain - meter_5172923703545028455:repMsg
raspberrypi 23:41:24.809 [main] INFO  edu.bjut.boudia.myMain - meter_5172923703545028455:73181889
raspberrypi 23:41:24.809 [main] INFO  edu.bjut.boudia.myMain - meter_75037942315547651:repMsg
raspberrypi 23:41:24.809 [main] INFO  edu.bjut.boudia.myMain - meter_75037942315547651:72014037
raspberrypi 23:41:24.809 [main] INFO  edu.bjut.boudia.myMain - meter_2407739814044190639:repMsg
raspberrypi 23:41:24.809 [main] INFO  edu.bjut.boudia.myMain - meter_2407739814044190639:72489074
raspberrypi 23:41:24.809 [main] INFO  edu.bjut.boudia.myMain - meter_5256023454341687149:repMsg
raspberrypi 23:41:24.809 [main] INFO  edu.bjut.boudia.myMain - meter_5256023454341687149:73921611
raspberrypi 23:41:24.809 [main] INFO  edu.bjut.boudia.myMain - meter_2345505070484883985:repMsg
raspberrypi 23:41:24.809 [main] INFO  edu.bjut.boudia.myMain - meter_2345505070484883985:72215685
raspberrypi 23:41:24.809 [main] INFO  edu.bjut.boudia.myMain - meter_5074432310103462117:repMsg
raspberrypi 23:41:24.809 [main] INFO  edu.bjut.boudia.myMain - meter_5074432310103462117:72712871
raspberrypi 23:41:24.810 [main] INFO  edu.bjut.boudia.myMain - meter_156214350100625283:repMsg
raspberrypi 23:41:24.810 [main] INFO  edu.bjut.boudia.myMain - meter_156214350100625283:72619463
raspberrypi 23:41:24.810 [main] INFO  edu.bjut.boudia.myMain - meter_3145350102547120955:repMsg
raspberrypi 23:41:24.810 [main] INFO  edu.bjut.boudia.myMain - meter_3145350102547120955:72494240
raspberrypi 23:41:24.810 [main] INFO  edu.bjut.boudia.myMain - meter_128919510674534565:repMsg
raspberrypi 23:41:24.810 [main] INFO  edu.bjut.boudia.myMain - meter_128919510674534565:72613481
raspberrypi 23:41:24.810 [main] INFO  edu.bjut.boudia.myMain - meter_6651889960371437287:repMsg
raspberrypi 23:41:24.810 [main] INFO  edu.bjut.boudia.myMain - meter_6651889960371437287:74151260
raspberrypi 23:41:24.810 [main] INFO  edu.bjut.boudia.myMain - meter_1195831252695230753:repMsg
raspberrypi 23:41:24.810 [main] INFO  edu.bjut.boudia.myMain - meter_1195831252695230753:73008648
raspberrypi 23:41:24.810 [main] INFO  edu.bjut.boudia.myMain - meter_2758153512232160171:repMsg
raspberrypi 23:41:24.810 [main] INFO  edu.bjut.boudia.myMain - meter_2758153512232160171:73166926
raspberrypi 23:41:24.810 [main] INFO  edu.bjut.boudia.myMain - meter_1596085068874479435:repMsg
raspberrypi 23:41:24.810 [main] INFO  edu.bjut.boudia.myMain - meter_1596085068874479435:72734537
raspberrypi 23:41:24.810 [main] INFO  edu.bjut.boudia.myMain - meter_1994345498315814245:repMsg
raspberrypi 23:41:24.810 [main] INFO  edu.bjut.boudia.myMain - meter_1994345498315814245:73125111
raspberrypi 23:41:27.963 [main] INFO  edu.bjut.boudia.myMain - oneTimeMeterRegTime
raspberrypi 23:41:28.686 [main] INFO  edu.bjut.boudia.myMain - server:pubkey
raspberrypi 23:41:28.686 [main] INFO  edu.bjut.boudia.myMain - server:3870
raspberrypi 23:41:28.686 [main] INFO  edu.bjut.boudia.myMain - agg:regMsg,regMsg,regMsg,regMsg,regMsg,regMsg,regMsg,regMsg,regMsg,regMsg,regMsg,regMsg,regMsg,regMsg,regMsg,regMsg,regMsg,regMsg,regMsg,regMsg
raspberrypi 23:41:28.686 [main] INFO  edu.bjut.boudia.myMain - agg:18080666,18017833,18024408,17985426,18010037,18027722,17932352,19534722,18020926,17973833,17932185,17934111,17971130,17908074,17929426,17980963,18031407,17871926,17917981,17953519
raspberrypi 23:41:28.687 [main] INFO  edu.bjut.boudia.myMain - meter_4209212451270656023:regMsg,reg_backagg,reg_cc
raspberrypi 23:41:28.687 [main] INFO  edu.bjut.boudia.myMain - meter_4209212451270656023:759,17979537,944
raspberrypi 23:41:28.687 [main] INFO  edu.bjut.boudia.myMain - meter_9045539719914851685:regMsg,reg_backagg,reg_cc
raspberrypi 23:41:28.691 [main] INFO  edu.bjut.boudia.myMain - meter_9045539719914851685:1037,17780833,1222
raspberrypi 23:41:28.691 [main] INFO  edu.bjut.boudia.myMain - meter_5352523834501147143:regMsg,reg_backagg,reg_cc
raspberrypi 23:41:28.691 [main] INFO  edu.bjut.boudia.myMain - meter_5352523834501147143:833,18086852,648
raspberrypi 23:41:28.691 [main] INFO  edu.bjut.boudia.myMain - meter_147649029002821827:regMsg,reg_backagg,reg_cc
raspberrypi 23:41:28.691 [main] INFO  edu.bjut.boudia.myMain - meter_147649029002821827:666,18048722,685
raspberrypi 23:41:28.691 [main] INFO  edu.bjut.boudia.myMain - meter_6036382522932666331:regMsg,reg_backagg,reg_cc
raspberrypi 23:41:28.691 [main] INFO  edu.bjut.boudia.myMain - meter_6036382522932666331:945,18124388,945
raspberrypi 23:41:28.691 [main] INFO  edu.bjut.boudia.myMain - meter_8399817080664494903:regMsg,reg_backagg,reg_cc
raspberrypi 23:41:28.691 [main] INFO  edu.bjut.boudia.myMain - meter_8399817080664494903:1278,17673389,834
raspberrypi 23:41:28.692 [main] INFO  edu.bjut.boudia.myMain - meter_8292046624861080179:regMsg,reg_backagg,reg_cc
raspberrypi 23:41:28.692 [main] INFO  edu.bjut.boudia.myMain - meter_8292046624861080179:926,18156852,667
raspberrypi 23:41:28.692 [main] INFO  edu.bjut.boudia.myMain - meter_7750673838033272089:regMsg,reg_backagg,reg_cc
raspberrypi 23:41:28.692 [main] INFO  edu.bjut.boudia.myMain - meter_7750673838033272089:926,17850519,1426
raspberrypi 23:41:28.692 [main] INFO  edu.bjut.boudia.myMain - meter_4857406311693573257:regMsg,reg_backagg,reg_cc
raspberrypi 23:41:28.692 [main] INFO  edu.bjut.boudia.myMain - meter_4857406311693573257:666,18187371,870
raspberrypi 23:41:28.692 [main] INFO  edu.bjut.boudia.myMain - meter_111073993302767897:regMsg,reg_backagg,reg_cc
raspberrypi 23:41:28.692 [main] INFO  edu.bjut.boudia.myMain - meter_111073993302767897:722,18006686,704
raspberrypi 23:41:28.692 [main] INFO  edu.bjut.boudia.myMain - meter_6165995050904393841:regMsg,reg_backagg,reg_cc
raspberrypi 23:41:28.692 [main] INFO  edu.bjut.boudia.myMain - meter_6165995050904393841:852,17909611,871
raspberrypi 23:41:28.692 [main] INFO  edu.bjut.boudia.myMain - meter_3933752977245971193:regMsg,reg_backagg,reg_cc
raspberrypi 23:41:28.692 [main] INFO  edu.bjut.boudia.myMain - meter_3933752977245971193:797,17903222,778
raspberrypi 23:41:28.692 [main] INFO  edu.bjut.boudia.myMain - meter_957691318834325859:regMsg,reg_backagg,reg_cc
raspberrypi 23:41:28.692 [main] INFO  edu.bjut.boudia.myMain - meter_957691318834325859:1315,17934629,777
raspberrypi 23:41:28.693 [main] INFO  edu.bjut.boudia.myMain - meter_2512085074640950383:regMsg,reg_backagg,reg_cc
raspberrypi 23:41:28.693 [main] INFO  edu.bjut.boudia.myMain - meter_2512085074640950383:741,17983111,871
raspberrypi 23:41:28.693 [main] INFO  edu.bjut.boudia.myMain - meter_5133413159368516597:regMsg,reg_backagg,reg_cc
raspberrypi 23:41:28.693 [main] INFO  edu.bjut.boudia.myMain - meter_5133413159368516597:778,17967482,870
raspberrypi 23:41:28.693 [main] INFO  edu.bjut.boudia.myMain - meter_8087514929380572027:regMsg,reg_backagg,reg_cc
raspberrypi 23:41:28.693 [main] INFO  edu.bjut.boudia.myMain - meter_8087514929380572027:1444,17973592,741
raspberrypi 23:41:28.693 [main] INFO  edu.bjut.boudia.myMain - meter_2035791175733225843:regMsg,reg_backagg,reg_cc
raspberrypi 23:41:28.693 [main] INFO  edu.bjut.boudia.myMain - meter_2035791175733225843:815,17732166,555
raspberrypi 23:41:28.693 [main] INFO  edu.bjut.boudia.myMain - meter_7296209303556202723:regMsg,reg_backagg,reg_cc
raspberrypi 23:41:28.693 [main] INFO  edu.bjut.boudia.myMain - meter_7296209303556202723:926,18103426,963
raspberrypi 23:41:28.693 [main] INFO  edu.bjut.boudia.myMain - meter_6610741040852980869:regMsg,reg_backagg,reg_cc
raspberrypi 23:41:28.693 [main] INFO  edu.bjut.boudia.myMain - meter_6610741040852980869:1278,18146204,667
raspberrypi 23:41:28.693 [main] INFO  edu.bjut.boudia.myMain - meter_1580830101047896383:regMsg,reg_backagg,reg_cc
raspberrypi 23:41:28.693 [main] INFO  edu.bjut.boudia.myMain - meter_1580830101047896383:667,19443371,519
raspberrypi 23:41:29.416 [main] INFO  edu.bjut.boudia.myMain - oneTimeMeterRepTime
raspberrypi 23:41:31.374 [main] INFO  edu.bjut.boudia.myMain - server:repMsg
raspberrypi 23:41:31.374 [main] INFO  edu.bjut.boudia.myMain - server:90579536
raspberrypi 23:41:31.374 [main] INFO  edu.bjut.boudia.myMain - agg:repMsg
raspberrypi 23:41:31.374 [main] INFO  edu.bjut.boudia.myMain - agg:410194018
raspberrypi 23:41:31.375 [main] INFO  edu.bjut.boudia.myMain - meter_4209212451270656023:repMsg
raspberrypi 23:41:31.375 [main] INFO  edu.bjut.boudia.myMain - meter_4209212451270656023:72970352
raspberrypi 23:41:31.375 [main] INFO  edu.bjut.boudia.myMain - meter_9045539719914851685:repMsg
raspberrypi 23:41:31.375 [main] INFO  edu.bjut.boudia.myMain - meter_9045539719914851685:72816241
raspberrypi 23:41:31.375 [main] INFO  edu.bjut.boudia.myMain - meter_5352523834501147143:repMsg
raspberrypi 23:41:31.375 [main] INFO  edu.bjut.boudia.myMain - meter_5352523834501147143:74257445
raspberrypi 23:41:31.375 [main] INFO  edu.bjut.boudia.myMain - meter_147649029002821827:repMsg
raspberrypi 23:41:31.375 [main] INFO  edu.bjut.boudia.myMain - meter_147649029002821827:72526093
raspberrypi 23:41:31.375 [main] INFO  edu.bjut.boudia.myMain - meter_6036382522932666331:repMsg
raspberrypi 23:41:31.375 [main] INFO  edu.bjut.boudia.myMain - meter_6036382522932666331:72524518
raspberrypi 23:41:31.375 [main] INFO  edu.bjut.boudia.myMain - meter_8399817080664494903:repMsg
raspberrypi 23:41:31.375 [main] INFO  edu.bjut.boudia.myMain - meter_8399817080664494903:72538389
raspberrypi 23:41:31.375 [main] INFO  edu.bjut.boudia.myMain - meter_8292046624861080179:repMsg
raspberrypi 23:41:31.375 [main] INFO  edu.bjut.boudia.myMain - meter_8292046624861080179:72208000
raspberrypi 23:41:31.375 [main] INFO  edu.bjut.boudia.myMain - meter_7750673838033272089:repMsg
raspberrypi 23:41:31.375 [main] INFO  edu.bjut.boudia.myMain - meter_7750673838033272089:72376426
raspberrypi 23:41:31.375 [main] INFO  edu.bjut.boudia.myMain - meter_4857406311693573257:repMsg
raspberrypi 23:41:31.375 [main] INFO  edu.bjut.boudia.myMain - meter_4857406311693573257:73811333
raspberrypi 23:41:31.375 [main] INFO  edu.bjut.boudia.myMain - meter_111073993302767897:repMsg
raspberrypi 23:41:31.375 [main] INFO  edu.bjut.boudia.myMain - meter_111073993302767897:72345889
raspberrypi 23:41:31.375 [main] INFO  edu.bjut.boudia.myMain - meter_6165995050904393841:repMsg
raspberrypi 23:41:31.375 [main] INFO  edu.bjut.boudia.myMain - meter_6165995050904393841:72361612
raspberrypi 23:41:31.375 [main] INFO  edu.bjut.boudia.myMain - meter_3933752977245971193:repMsg
raspberrypi 23:41:31.375 [main] INFO  edu.bjut.boudia.myMain - meter_3933752977245971193:72683463
raspberrypi 23:41:31.375 [main] INFO  edu.bjut.boudia.myMain - meter_957691318834325859:repMsg
raspberrypi 23:41:31.375 [main] INFO  edu.bjut.boudia.myMain - meter_957691318834325859:72479556
raspberrypi 23:41:31.375 [main] INFO  edu.bjut.boudia.myMain - meter_2512085074640950383:repMsg
raspberrypi 23:41:31.375 [main] INFO  edu.bjut.boudia.myMain - meter_2512085074640950383:72941981
raspberrypi 23:41:31.376 [main] INFO  edu.bjut.boudia.myMain - meter_5133413159368516597:repMsg
raspberrypi 23:41:31.376 [main] INFO  edu.bjut.boudia.myMain - meter_5133413159368516597:74472148
raspberrypi 23:41:31.376 [main] INFO  edu.bjut.boudia.myMain - meter_8087514929380572027:repMsg
raspberrypi 23:41:31.376 [main] INFO  edu.bjut.boudia.myMain - meter_8087514929380572027:73001185
raspberrypi 23:41:31.376 [main] INFO  edu.bjut.boudia.myMain - meter_2035791175733225843:repMsg
raspberrypi 23:41:31.376 [main] INFO  edu.bjut.boudia.myMain - meter_2035791175733225843:73036944
raspberrypi 23:41:31.376 [main] INFO  edu.bjut.boudia.myMain - meter_7296209303556202723:repMsg
raspberrypi 23:41:31.376 [main] INFO  edu.bjut.boudia.myMain - meter_7296209303556202723:71472796
raspberrypi 23:41:31.376 [main] INFO  edu.bjut.boudia.myMain - meter_6610741040852980869:repMsg
raspberrypi 23:41:31.376 [main] INFO  edu.bjut.boudia.myMain - meter_6610741040852980869:73182129
raspberrypi 23:41:31.376 [main] INFO  edu.bjut.boudia.myMain - meter_1580830101047896383:repMsg
raspberrypi 23:41:31.376 [main] INFO  edu.bjut.boudia.myMain - meter_1580830101047896383:72218037
