raspberrypi 09:13:18.558 [main] INFO  edu.bjut.boudia.myMain - oneTimeMeterRegTime
raspberrypi 09:13:20.803 [main] INFO  edu.bjut.boudia.myMain - server:pubkey
raspberrypi 09:13:20.803 [main] INFO  edu.bjut.boudia.myMain - server:791630
raspberrypi 09:13:20.815 [main] INFO  edu.bjut.boudia.myMain - agg:regMsg,regMsg,regMsg,regMsg,regMsg,regMsg,regMsg,regMsg,regMsg,regMsg,regMsg,regMsg,regMsg,regMsg,regMsg,regMsg,regMsg,regMsg,regMsg,regMsg,regMsg,regMsg,regMsg,regMsg,regMsg,regMsg,regMsg,regMsg,regMsg,regMsg,regMsg,regMsg,regMsg,regMsg,regMsg,regMsg,regMsg,regMsg,regMsg,regMsg,regMsg,regMsg,regMsg,regMsg,regMsg,regMsg,regMsg,regMsg,regMsg,regMsg,regMsg,regMsg,regMsg,regMsg,regMsg,regMsg,regMsg,regMsg,regMsg,regMsg
raspberrypi 09:13:20.815 [main] INFO  edu.bjut.boudia.myMain - agg:18548407,18661518,18326389,18353889,18459889,18295185,18520889,18245333,18383667,18308908,18333111,18343981,18324537,31100740,18602148,18094926,18069926,18070796,17993185,18113666,18099667,18063444,18058537,18271204,19010907,22428963,18771926,18869130,18620777,18683778,18632055,18054222,18123296,17976740,18063185,18011555,18127926,18019889,18224185,18042407,18032889,18070648,18068537,18043667,18056907,17958389,18011740,17990185,18243648,18238852,18030982,18072611,18069148,18125593,18035426,18037111,18008074,18050556,17986129,18058574
raspberrypi 09:13:20.816 [main] INFO  edu.bjut.boudia.myMain - meter_1898096421228475137:regMsg,reg_backagg,reg_cc
raspberrypi 09:13:20.816 [main] INFO  edu.bjut.boudia.myMain - meter_1898096421228475137:9000,18483407,49722
raspberrypi 09:13:20.816 [main] INFO  edu.bjut.boudia.myMain - meter_1523753102957566891:regMsg,reg_backagg,reg_cc
raspberrypi 09:13:20.817 [main] INFO  edu.bjut.boudia.myMain - meter_1523753102957566891:2611,29907907,3222
raspberrypi 09:13:20.817 [main] INFO  edu.bjut.boudia.myMain - meter_801053720958817319:regMsg,reg_backagg,reg_cc
raspberrypi 09:13:20.817 [main] INFO  edu.bjut.boudia.myMain - meter_801053720958817319:3000,18204407,2722
raspberrypi 09:13:20.818 [main] INFO  edu.bjut.boudia.myMain - meter_4027058872765427531:regMsg,reg_backagg,reg_cc
raspberrypi 09:13:20.818 [main] INFO  edu.bjut.boudia.myMain - meter_4027058872765427531:2852,18683574,2778
raspberrypi 09:13:20.819 [main] INFO  edu.bjut.boudia.myMain - meter_1021710726668839093:regMsg,reg_backagg,reg_cc
raspberrypi 09:13:20.819 [main] INFO  edu.bjut.boudia.myMain - meter_1021710726668839093:3260,18453037,2704
raspberrypi 09:13:20.819 [main] INFO  edu.bjut.boudia.myMain - meter_8624717205831588631:regMsg,reg_backagg,reg_cc
raspberrypi 09:13:20.819 [main] INFO  edu.bjut.boudia.myMain - meter_8624717205831588631:3019,18316482,3055
raspberrypi 09:13:20.820 [main] INFO  edu.bjut.boudia.myMain - meter_5371063310229555335:regMsg,reg_backagg,reg_cc
raspberrypi 09:13:20.820 [main] INFO  edu.bjut.boudia.myMain - meter_5371063310229555335:2852,18378740,2334
raspberrypi 09:13:20.820 [main] INFO  edu.bjut.boudia.myMain - meter_5558443055357676519:regMsg,reg_backagg,reg_cc
raspberrypi 09:13:20.820 [main] INFO  edu.bjut.boudia.myMain - meter_5558443055357676519:3055,18701537,3167
raspberrypi 09:13:20.821 [main] INFO  edu.bjut.boudia.myMain - meter_9065890209527255033:regMsg,reg_backagg,reg_cc
raspberrypi 09:13:20.821 [main] INFO  edu.bjut.boudia.myMain - meter_9065890209527255033:2944,18518352,3037
raspberrypi 09:13:20.821 [main] INFO  edu.bjut.boudia.myMain - meter_4530378400679835623:regMsg,reg_backagg,reg_cc
raspberrypi 09:13:20.821 [main] INFO  edu.bjut.boudia.myMain - meter_4530378400679835623:3241,18189556,2871
raspberrypi 09:13:20.822 [main] INFO  edu.bjut.boudia.myMain - meter_5887570935941342129:regMsg,reg_backagg,reg_cc
raspberrypi 09:13:20.822 [main] INFO  edu.bjut.boudia.myMain - meter_5887570935941342129:3389,18299000,2963
raspberrypi 09:13:20.822 [main] INFO  edu.bjut.boudia.myMain - meter_1970383139184521761:regMsg,reg_backagg,reg_cc
raspberrypi 09:13:20.822 [main] INFO  edu.bjut.boudia.myMain - meter_1970383139184521761:3296,18436722,2907
raspberrypi 09:13:20.823 [main] INFO  edu.bjut.boudia.myMain - meter_1107601643841607427:regMsg,reg_backagg,reg_cc
raspberrypi 09:13:20.823 [main] INFO  edu.bjut.boudia.myMain - meter_1107601643841607427:3111,18125481,3037
raspberrypi 09:13:20.823 [main] INFO  edu.bjut.boudia.myMain - meter_4119185399049444049:regMsg,reg_backagg,reg_cc
raspberrypi 09:13:20.824 [main] INFO  edu.bjut.boudia.myMain - meter_4119185399049444049:3111,18648907,2666
raspberrypi 09:13:20.824 [main] INFO  edu.bjut.boudia.myMain - meter_6555028140316015831:regMsg,reg_backagg,reg_cc
raspberrypi 09:13:20.824 [main] INFO  edu.bjut.boudia.myMain - meter_6555028140316015831:3334,18258704,2889
raspberrypi 09:13:20.824 [main] INFO  edu.bjut.boudia.myMain - meter_2799318355585218401:regMsg,reg_backagg,reg_cc
raspberrypi 09:13:20.824 [main] INFO  edu.bjut.boudia.myMain - meter_2799318355585218401:3055,18150093,3074
raspberrypi 09:13:20.825 [main] INFO  edu.bjut.boudia.myMain - meter_7697862420060371491:regMsg,reg_backagg,reg_cc
raspberrypi 09:13:20.825 [main] INFO  edu.bjut.boudia.myMain - meter_7697862420060371491:2815,17970074,2963
raspberrypi 09:13:20.825 [main] INFO  edu.bjut.boudia.myMain - meter_86530493639458253:regMsg,reg_backagg,reg_cc
raspberrypi 09:13:20.825 [main] INFO  edu.bjut.boudia.myMain - meter_86530493639458253:2537,17895055,2796
raspberrypi 09:13:20.826 [main] INFO  edu.bjut.boudia.myMain - meter_5333818857073070217:regMsg,reg_backagg,reg_cc
raspberrypi 09:13:20.826 [main] INFO  edu.bjut.boudia.myMain - meter_5333818857073070217:3315,18205574,2759
raspberrypi 09:13:20.826 [main] INFO  edu.bjut.boudia.myMain - meter_4344988926210146261:regMsg,reg_backagg,reg_cc
raspberrypi 09:13:20.826 [main] INFO  edu.bjut.boudia.myMain - meter_4344988926210146261:3315,17895426,3074
raspberrypi 09:13:20.827 [main] INFO  edu.bjut.boudia.myMain - meter_7040072578750802297:regMsg,reg_backagg,reg_cc
raspberrypi 09:13:20.827 [main] INFO  edu.bjut.boudia.myMain - meter_7040072578750802297:3352,18208037,3092
raspberrypi 09:13:20.827 [main] INFO  edu.bjut.boudia.myMain - meter_7202739507395679423:regMsg,reg_backagg,reg_cc
raspberrypi 09:13:20.827 [main] INFO  edu.bjut.boudia.myMain - meter_7202739507395679423:2815,18345185,3018
raspberrypi 09:13:20.828 [main] INFO  edu.bjut.boudia.myMain - meter_3291697546384204281:regMsg,reg_backagg,reg_cc
raspberrypi 09:13:20.828 [main] INFO  edu.bjut.boudia.myMain - meter_3291697546384204281:2722,18310370,2833
raspberrypi 09:13:20.828 [main] INFO  edu.bjut.boudia.myMain - meter_5168290883866671497:regMsg,reg_backagg,reg_cc
raspberrypi 09:13:20.828 [main] INFO  edu.bjut.boudia.myMain - meter_5168290883866671497:3352,18514111,3667
raspberrypi 09:13:20.828 [main] INFO  edu.bjut.boudia.myMain - meter_32626534229411565:regMsg,reg_backagg,reg_cc
raspberrypi 09:13:20.829 [main] INFO  edu.bjut.boudia.myMain - meter_32626534229411565:2888,18920519,2444
raspberrypi 09:13:20.829 [main] INFO  edu.bjut.boudia.myMain - meter_4817932168979972995:regMsg,reg_backagg,reg_cc
raspberrypi 09:13:20.829 [main] INFO  edu.bjut.boudia.myMain - meter_4817932168979972995:2500,19128389,2889
raspberrypi 09:13:20.829 [main] INFO  edu.bjut.boudia.myMain - meter_447537005751071959:regMsg,reg_backagg,reg_cc
raspberrypi 09:13:20.830 [main] INFO  edu.bjut.boudia.myMain - meter_447537005751071959:2574,18721648,2963
raspberrypi 09:13:20.830 [main] INFO  edu.bjut.boudia.myMain - meter_970994267886642437:regMsg,reg_backagg,reg_cc
raspberrypi 09:13:20.830 [main] INFO  edu.bjut.boudia.myMain - meter_970994267886642437:2778,18785389,2777
raspberrypi 09:13:20.830 [main] INFO  edu.bjut.boudia.myMain - meter_684155467845211591:regMsg,reg_backagg,reg_cc
raspberrypi 09:13:20.831 [main] INFO  edu.bjut.boudia.myMain - meter_684155467845211591:3018,18453037,2926
raspberrypi 09:13:20.831 [main] INFO  edu.bjut.boudia.myMain - meter_7995590570566167293:regMsg,reg_backagg,reg_cc
raspberrypi 09:13:20.831 [main] INFO  edu.bjut.boudia.myMain - meter_7995590570566167293:3148,18984277,2833
raspberrypi 09:13:20.831 [main] INFO  edu.bjut.boudia.myMain - meter_7547791277282892611:regMsg,reg_backagg,reg_cc
raspberrypi 09:13:20.831 [main] INFO  edu.bjut.boudia.myMain - meter_7547791277282892611:2852,18149371,3518
raspberrypi 09:13:20.832 [main] INFO  edu.bjut.boudia.myMain - meter_5319653085129163975:regMsg,reg_backagg,reg_cc
raspberrypi 09:13:20.832 [main] INFO  edu.bjut.boudia.myMain - meter_5319653085129163975:3648,18044945,2834
raspberrypi 09:13:20.832 [main] INFO  edu.bjut.boudia.myMain - meter_6992708629626662769:regMsg,reg_backagg,reg_cc
raspberrypi 09:13:20.832 [main] INFO  edu.bjut.boudia.myMain - meter_6992708629626662769:3277,17845463,3130
raspberrypi 09:13:20.832 [main] INFO  edu.bjut.boudia.myMain - meter_4953848294768368363:regMsg,reg_backagg,reg_cc
raspberrypi 09:13:20.833 [main] INFO  edu.bjut.boudia.myMain - meter_4953848294768368363:3463,17984407,2592
raspberrypi 09:13:20.833 [main] INFO  edu.bjut.boudia.myMain - meter_1405890547700108121:regMsg,reg_backagg,reg_cc
raspberrypi 09:13:20.833 [main] INFO  edu.bjut.boudia.myMain - meter_1405890547700108121:3148,18140000,3148
raspberrypi 09:13:20.833 [main] INFO  edu.bjut.boudia.myMain - meter_6121237637309210851:regMsg,reg_backagg,reg_cc
raspberrypi 09:13:20.833 [main] INFO  edu.bjut.boudia.myMain - meter_6121237637309210851:3037,18108018,3426
raspberrypi 09:13:20.834 [main] INFO  edu.bjut.boudia.myMain - meter_1178360291966562813:regMsg,reg_backagg,reg_cc
raspberrypi 09:13:20.834 [main] INFO  edu.bjut.boudia.myMain - meter_1178360291966562813:2944,17957518,3481
raspberrypi 09:13:20.834 [main] INFO  edu.bjut.boudia.myMain - meter_7584974779997261323:regMsg,reg_backagg,reg_cc
raspberrypi 09:13:20.834 [main] INFO  edu.bjut.boudia.myMain - meter_7584974779997261323:2889,20118667,2907
raspberrypi 09:13:20.835 [main] INFO  edu.bjut.boudia.myMain - meter_2043094565565790837:regMsg,reg_backagg,reg_cc
raspberrypi 09:13:20.835 [main] INFO  edu.bjut.boudia.myMain - meter_2043094565565790837:3055,18072704,3037
raspberrypi 09:13:20.835 [main] INFO  edu.bjut.boudia.myMain - meter_134525793607995459:regMsg,reg_backagg,reg_cc
raspberrypi 09:13:20.835 [main] INFO  edu.bjut.boudia.myMain - meter_134525793607995459:3389,18177593,3093
raspberrypi 09:13:20.836 [main] INFO  edu.bjut.boudia.myMain - meter_5580083635393885385:regMsg,reg_backagg,reg_cc
raspberrypi 09:13:20.836 [main] INFO  edu.bjut.boudia.myMain - meter_5580083635393885385:3074,18274833,3315
raspberrypi 09:13:20.836 [main] INFO  edu.bjut.boudia.myMain - meter_1391588958668813519:regMsg,reg_backagg,reg_cc
raspberrypi 09:13:20.836 [main] INFO  edu.bjut.boudia.myMain - meter_1391588958668813519:2963,18262500,2500
raspberrypi 09:13:20.837 [main] INFO  edu.bjut.boudia.myMain - meter_4680609715039369663:regMsg,reg_backagg,reg_cc
raspberrypi 09:13:20.837 [main] INFO  edu.bjut.boudia.myMain - meter_4680609715039369663:2723,18219223,3296
raspberrypi 09:13:20.837 [main] INFO  edu.bjut.boudia.myMain - meter_2654916380666197371:regMsg,reg_backagg,reg_cc
raspberrypi 09:13:20.837 [main] INFO  edu.bjut.boudia.myMain - meter_2654916380666197371:2963,18105296,2852
raspberrypi 09:13:20.837 [main] INFO  edu.bjut.boudia.myMain - meter_4096682545593633369:regMsg,reg_backagg,reg_cc
raspberrypi 09:13:20.837 [main] INFO  edu.bjut.boudia.myMain - meter_4096682545593633369:2944,17996129,2778
raspberrypi 09:13:20.838 [main] INFO  edu.bjut.boudia.myMain - meter_4445352301974237857:regMsg,reg_backagg,reg_cc
raspberrypi 09:13:20.838 [main] INFO  edu.bjut.boudia.myMain - meter_4445352301974237857:3075,18063426,2537
raspberrypi 09:13:20.838 [main] INFO  edu.bjut.boudia.myMain - meter_6575131508126044673:regMsg,reg_backagg,reg_cc
raspberrypi 09:13:20.838 [main] INFO  edu.bjut.boudia.myMain - meter_6575131508126044673:2963,18084315,2685
raspberrypi 09:13:20.839 [main] INFO  edu.bjut.boudia.myMain - meter_3422008646776126655:regMsg,reg_backagg,reg_cc
raspberrypi 09:13:20.839 [main] INFO  edu.bjut.boudia.myMain - meter_3422008646776126655:2889,17923611,3185
raspberrypi 09:13:20.839 [main] INFO  edu.bjut.boudia.myMain - meter_6873738267807798651:regMsg,reg_backagg,reg_cc
raspberrypi 09:13:20.839 [main] INFO  edu.bjut.boudia.myMain - meter_6873738267807798651:3074,18114944,2926
raspberrypi 09:13:20.839 [main] INFO  edu.bjut.boudia.myMain - meter_1413689906764726261:regMsg,reg_backagg,reg_cc
raspberrypi 09:13:20.839 [main] INFO  edu.bjut.boudia.myMain - meter_1413689906764726261:3222,20142129,2222
raspberrypi 09:13:20.840 [main] INFO  edu.bjut.boudia.myMain - meter_8693764607712904313:regMsg,reg_backagg,reg_cc
raspberrypi 09:13:20.840 [main] INFO  edu.bjut.boudia.myMain - meter_8693764607712904313:2426,18226945,3185
raspberrypi 09:13:20.840 [main] INFO  edu.bjut.boudia.myMain - meter_1691135475312050337:regMsg,reg_backagg,reg_cc
raspberrypi 09:13:20.840 [main] INFO  edu.bjut.boudia.myMain - meter_1691135475312050337:2907,18144426,3408
raspberrypi 09:13:20.840 [main] INFO  edu.bjut.boudia.myMain - meter_127156013055799501:regMsg,reg_backagg,reg_cc
raspberrypi 09:13:20.840 [main] INFO  edu.bjut.boudia.myMain - meter_127156013055799501:3518,17845629,2593
raspberrypi 09:13:20.841 [main] INFO  edu.bjut.boudia.myMain - meter_2949485606687857919:regMsg,reg_backagg,reg_cc
raspberrypi 09:13:20.841 [main] INFO  edu.bjut.boudia.myMain - meter_2949485606687857919:3130,18035537,3259
raspberrypi 09:13:20.841 [main] INFO  edu.bjut.boudia.myMain - meter_8386747805263321115:regMsg,reg_backagg,reg_cc
raspberrypi 09:13:20.842 [main] INFO  edu.bjut.boudia.myMain - meter_8386747805263321115:3240,17681537,2759
raspberrypi 09:13:20.842 [main] INFO  edu.bjut.boudia.myMain - meter_4534133806298196269:regMsg,reg_backagg,reg_cc
raspberrypi 09:13:20.842 [main] INFO  edu.bjut.boudia.myMain - meter_4534133806298196269:2870,18066963,2630
raspberrypi 09:13:20.843 [main] INFO  edu.bjut.boudia.myMain - meter_2167636824949977481:regMsg,reg_backagg,reg_cc
raspberrypi 09:13:20.843 [main] INFO  edu.bjut.boudia.myMain - meter_2167636824949977481:3037,18184111,2982
raspberrypi 09:13:20.843 [main] INFO  edu.bjut.boudia.myMain - meter_3560415284927851559:regMsg,reg_backagg,reg_cc
raspberrypi 09:13:20.843 [main] INFO  edu.bjut.boudia.myMain - meter_3560415284927851559:3000,18095018,3166
raspberrypi 09:13:20.844 [main] INFO  edu.bjut.boudia.myMain - meter_1528345457259622287:regMsg,reg_backagg,reg_cc
raspberrypi 09:13:20.844 [main] INFO  edu.bjut.boudia.myMain - meter_1528345457259622287:3055,18087871,2611
raspberrypi 09:13:20.844 [main] INFO  edu.bjut.boudia.myMain - meter_628145428965396221:regMsg,reg_backagg,reg_cc
raspberrypi 09:13:20.844 [main] INFO  edu.bjut.boudia.myMain - meter_628145428965396221:3166,18123759,3074
raspberrypi 09:13:23.121 [main] INFO  edu.bjut.boudia.myMain - oneTimeMeterRepTime
raspberrypi 09:13:28.870 [main] INFO  edu.bjut.boudia.myMain - server:repMsg
raspberrypi 09:13:28.871 [main] INFO  edu.bjut.boudia.myMain - server:90116352
raspberrypi 09:13:28.871 [main] INFO  edu.bjut.boudia.myMain - agg:repMsg
raspberrypi 09:13:28.871 [main] INFO  edu.bjut.boudia.myMain - agg:1188067980
raspberrypi 09:13:28.871 [main] INFO  edu.bjut.boudia.myMain - meter_1898096421228475137:repMsg
raspberrypi 09:13:28.871 [main] INFO  edu.bjut.boudia.myMain - meter_1898096421228475137:127447945
raspberrypi 09:13:28.871 [main] INFO  edu.bjut.boudia.myMain - meter_1523753102957566891:repMsg
raspberrypi 09:13:28.872 [main] INFO  edu.bjut.boudia.myMain - meter_1523753102957566891:77484630
raspberrypi 09:13:28.872 [main] INFO  edu.bjut.boudia.myMain - meter_801053720958817319:repMsg
raspberrypi 09:13:28.872 [main] INFO  edu.bjut.boudia.myMain - meter_801053720958817319:74831463
raspberrypi 09:13:28.872 [main] INFO  edu.bjut.boudia.myMain - meter_4027058872765427531:repMsg
raspberrypi 09:13:28.872 [main] INFO  edu.bjut.boudia.myMain - meter_4027058872765427531:74751333
raspberrypi 09:13:28.872 [main] INFO  edu.bjut.boudia.myMain - meter_1021710726668839093:repMsg
raspberrypi 09:13:28.872 [main] INFO  edu.bjut.boudia.myMain - meter_1021710726668839093:73929167
raspberrypi 09:13:28.872 [main] INFO  edu.bjut.boudia.myMain - meter_8624717205831588631:repMsg
raspberrypi 09:13:28.873 [main] INFO  edu.bjut.boudia.myMain - meter_8624717205831588631:72916222
raspberrypi 09:13:28.873 [main] INFO  edu.bjut.boudia.myMain - meter_5371063310229555335:repMsg
raspberrypi 09:13:28.873 [main] INFO  edu.bjut.boudia.myMain - meter_5371063310229555335:72730223
raspberrypi 09:13:28.873 [main] INFO  edu.bjut.boudia.myMain - meter_5558443055357676519:repMsg
raspberrypi 09:13:28.873 [main] INFO  edu.bjut.boudia.myMain - meter_5558443055357676519:76026370
raspberrypi 09:13:28.873 [main] INFO  edu.bjut.boudia.myMain - meter_9065890209527255033:repMsg
raspberrypi 09:13:28.873 [main] INFO  edu.bjut.boudia.myMain - meter_9065890209527255033:73092889
raspberrypi 09:13:28.873 [main] INFO  edu.bjut.boudia.myMain - meter_4530378400679835623:repMsg
raspberrypi 09:13:28.874 [main] INFO  edu.bjut.boudia.myMain - meter_4530378400679835623:73004037
raspberrypi 09:13:28.874 [main] INFO  edu.bjut.boudia.myMain - meter_5887570935941342129:repMsg
raspberrypi 09:13:28.874 [main] INFO  edu.bjut.boudia.myMain - meter_5887570935941342129:72599204
raspberrypi 09:13:28.874 [main] INFO  edu.bjut.boudia.myMain - meter_1970383139184521761:repMsg
raspberrypi 09:13:28.874 [main] INFO  edu.bjut.boudia.myMain - meter_1970383139184521761:73167889
raspberrypi 09:13:28.874 [main] INFO  edu.bjut.boudia.myMain - meter_1107601643841607427:repMsg
raspberrypi 09:13:28.874 [main] INFO  edu.bjut.boudia.myMain - meter_1107601643841607427:72963074
raspberrypi 09:13:28.875 [main] INFO  edu.bjut.boudia.myMain - meter_4119185399049444049:repMsg
raspberrypi 09:13:28.875 [main] INFO  edu.bjut.boudia.myMain - meter_4119185399049444049:75609704
raspberrypi 09:13:28.875 [main] INFO  edu.bjut.boudia.myMain - meter_6555028140316015831:repMsg
raspberrypi 09:13:28.875 [main] INFO  edu.bjut.boudia.myMain - meter_6555028140316015831:73084093
raspberrypi 09:13:28.875 [main] INFO  edu.bjut.boudia.myMain - meter_2799318355585218401:repMsg
raspberrypi 09:13:28.875 [main] INFO  edu.bjut.boudia.myMain - meter_2799318355585218401:73213352
raspberrypi 09:13:28.875 [main] INFO  edu.bjut.boudia.myMain - meter_7697862420060371491:repMsg
raspberrypi 09:13:28.875 [main] INFO  edu.bjut.boudia.myMain - meter_7697862420060371491:72245740
raspberrypi 09:13:28.875 [main] INFO  edu.bjut.boudia.myMain - meter_86530493639458253:repMsg
raspberrypi 09:13:28.875 [main] INFO  edu.bjut.boudia.myMain - meter_86530493639458253:73381814
raspberrypi 09:13:28.876 [main] INFO  edu.bjut.boudia.myMain - meter_5333818857073070217:repMsg
raspberrypi 09:13:28.876 [main] INFO  edu.bjut.boudia.myMain - meter_5333818857073070217:72891852
raspberrypi 09:13:28.876 [main] INFO  edu.bjut.boudia.myMain - meter_4344988926210146261:repMsg
raspberrypi 09:13:28.876 [main] INFO  edu.bjut.boudia.myMain - meter_4344988926210146261:77472999
raspberrypi 09:13:28.876 [main] INFO  edu.bjut.boudia.myMain - meter_7040072578750802297:repMsg
raspberrypi 09:13:28.876 [main] INFO  edu.bjut.boudia.myMain - meter_7040072578750802297:74123648
raspberrypi 09:13:28.876 [main] INFO  edu.bjut.boudia.myMain - meter_7202739507395679423:repMsg
raspberrypi 09:13:28.876 [main] INFO  edu.bjut.boudia.myMain - meter_7202739507395679423:74349167
raspberrypi 09:13:28.876 [main] INFO  edu.bjut.boudia.myMain - meter_3291697546384204281:repMsg
raspberrypi 09:13:28.876 [main] INFO  edu.bjut.boudia.myMain - meter_3291697546384204281:73361723
raspberrypi 09:13:28.877 [main] INFO  edu.bjut.boudia.myMain - meter_5168290883866671497:repMsg
raspberrypi 09:13:28.877 [main] INFO  edu.bjut.boudia.myMain - meter_5168290883866671497:73087259
raspberrypi 09:13:28.877 [main] INFO  edu.bjut.boudia.myMain - meter_32626534229411565:repMsg
raspberrypi 09:13:28.877 [main] INFO  edu.bjut.boudia.myMain - meter_32626534229411565:74352852
raspberrypi 09:13:28.877 [main] INFO  edu.bjut.boudia.myMain - meter_4817932168979972995:repMsg
raspberrypi 09:13:28.877 [main] INFO  edu.bjut.boudia.myMain - meter_4817932168979972995:75547833
raspberrypi 09:13:28.877 [main] INFO  edu.bjut.boudia.myMain - meter_447537005751071959:repMsg
raspberrypi 09:13:28.877 [main] INFO  edu.bjut.boudia.myMain - meter_447537005751071959:73299389
raspberrypi 09:13:28.878 [main] INFO  edu.bjut.boudia.myMain - meter_970994267886642437:repMsg
raspberrypi 09:13:28.878 [main] INFO  edu.bjut.boudia.myMain - meter_970994267886642437:72906519
raspberrypi 09:13:28.878 [main] INFO  edu.bjut.boudia.myMain - meter_684155467845211591:repMsg
raspberrypi 09:13:28.878 [main] INFO  edu.bjut.boudia.myMain - meter_684155467845211591:73225667
raspberrypi 09:13:28.878 [main] INFO  edu.bjut.boudia.myMain - meter_7995590570566167293:repMsg
raspberrypi 09:13:28.878 [main] INFO  edu.bjut.boudia.myMain - meter_7995590570566167293:73389519
raspberrypi 09:13:28.879 [main] INFO  edu.bjut.boudia.myMain - meter_7547791277282892611:repMsg
raspberrypi 09:13:28.879 [main] INFO  edu.bjut.boudia.myMain - meter_7547791277282892611:73507667
raspberrypi 09:13:28.879 [main] INFO  edu.bjut.boudia.myMain - meter_5319653085129163975:repMsg
raspberrypi 09:13:28.879 [main] INFO  edu.bjut.boudia.myMain - meter_5319653085129163975:74701945
raspberrypi 09:13:28.879 [main] INFO  edu.bjut.boudia.myMain - meter_6992708629626662769:repMsg
raspberrypi 09:13:28.879 [main] INFO  edu.bjut.boudia.myMain - meter_6992708629626662769:73422481
raspberrypi 09:13:28.879 [main] INFO  edu.bjut.boudia.myMain - meter_4953848294768368363:repMsg
raspberrypi 09:13:28.879 [main] INFO  edu.bjut.boudia.myMain - meter_4953848294768368363:73142666
raspberrypi 09:13:28.880 [main] INFO  edu.bjut.boudia.myMain - meter_1405890547700108121:repMsg
raspberrypi 09:13:28.880 [main] INFO  edu.bjut.boudia.myMain - meter_1405890547700108121:73024963
raspberrypi 09:13:28.880 [main] INFO  edu.bjut.boudia.myMain - meter_6121237637309210851:repMsg
raspberrypi 09:13:28.880 [main] INFO  edu.bjut.boudia.myMain - meter_6121237637309210851:72862870
raspberrypi 09:13:28.880 [main] INFO  edu.bjut.boudia.myMain - meter_1178360291966562813:repMsg
raspberrypi 09:13:28.880 [main] INFO  edu.bjut.boudia.myMain - meter_1178360291966562813:72645130
raspberrypi 09:13:28.880 [main] INFO  edu.bjut.boudia.myMain - meter_7584974779997261323:repMsg
raspberrypi 09:13:28.881 [main] INFO  edu.bjut.boudia.myMain - meter_7584974779997261323:75707407
raspberrypi 09:13:28.881 [main] INFO  edu.bjut.boudia.myMain - meter_2043094565565790837:repMsg
raspberrypi 09:13:28.881 [main] INFO  edu.bjut.boudia.myMain - meter_2043094565565790837:73193796
raspberrypi 09:13:28.881 [main] INFO  edu.bjut.boudia.myMain - meter_134525793607995459:repMsg
raspberrypi 09:13:28.881 [main] INFO  edu.bjut.boudia.myMain - meter_134525793607995459:72858166
raspberrypi 09:13:28.881 [main] INFO  edu.bjut.boudia.myMain - meter_5580083635393885385:repMsg
raspberrypi 09:13:28.881 [main] INFO  edu.bjut.boudia.myMain - meter_5580083635393885385:72735296
raspberrypi 09:13:28.881 [main] INFO  edu.bjut.boudia.myMain - meter_1391588958668813519:repMsg
raspberrypi 09:13:28.881 [main] INFO  edu.bjut.boudia.myMain - meter_1391588958668813519:73375352
raspberrypi 09:13:28.882 [main] INFO  edu.bjut.boudia.myMain - meter_4680609715039369663:repMsg
raspberrypi 09:13:28.882 [main] INFO  edu.bjut.boudia.myMain - meter_4680609715039369663:73033908
raspberrypi 09:13:28.882 [main] INFO  edu.bjut.boudia.myMain - meter_2654916380666197371:repMsg
raspberrypi 09:13:28.882 [main] INFO  edu.bjut.boudia.myMain - meter_2654916380666197371:73283963
raspberrypi 09:13:28.882 [main] INFO  edu.bjut.boudia.myMain - meter_4096682545593633369:repMsg
raspberrypi 09:13:28.882 [main] INFO  edu.bjut.boudia.myMain - meter_4096682545593633369:74872019
raspberrypi 09:13:28.882 [main] INFO  edu.bjut.boudia.myMain - meter_4445352301974237857:repMsg
raspberrypi 09:13:28.882 [main] INFO  edu.bjut.boudia.myMain - meter_4445352301974237857:72986833
raspberrypi 09:13:28.883 [main] INFO  edu.bjut.boudia.myMain - meter_6575131508126044673:repMsg
raspberrypi 09:13:28.883 [main] INFO  edu.bjut.boudia.myMain - meter_6575131508126044673:72179370
raspberrypi 09:13:28.883 [main] INFO  edu.bjut.boudia.myMain - meter_3422008646776126655:repMsg
raspberrypi 09:13:28.883 [main] INFO  edu.bjut.boudia.myMain - meter_3422008646776126655:72499833
raspberrypi 09:13:28.883 [main] INFO  edu.bjut.boudia.myMain - meter_6873738267807798651:repMsg
raspberrypi 09:13:28.883 [main] INFO  edu.bjut.boudia.myMain - meter_6873738267807798651:72705130
raspberrypi 09:13:28.883 [main] INFO  edu.bjut.boudia.myMain - meter_1413689906764726261:repMsg
raspberrypi 09:13:28.883 [main] INFO  edu.bjut.boudia.myMain - meter_1413689906764726261:72126185
raspberrypi 09:13:28.883 [main] INFO  edu.bjut.boudia.myMain - meter_8693764607712904313:repMsg
raspberrypi 09:13:28.883 [main] INFO  edu.bjut.boudia.myMain - meter_8693764607712904313:75110315
raspberrypi 09:13:28.884 [main] INFO  edu.bjut.boudia.myMain - meter_1691135475312050337:repMsg
raspberrypi 09:13:28.884 [main] INFO  edu.bjut.boudia.myMain - meter_1691135475312050337:73239907
raspberrypi 09:13:28.884 [main] INFO  edu.bjut.boudia.myMain - meter_127156013055799501:repMsg
raspberrypi 09:13:28.884 [main] INFO  edu.bjut.boudia.myMain - meter_127156013055799501:72867352
raspberrypi 09:13:28.884 [main] INFO  edu.bjut.boudia.myMain - meter_2949485606687857919:repMsg
raspberrypi 09:13:28.884 [main] INFO  edu.bjut.boudia.myMain - meter_2949485606687857919:72282907
raspberrypi 09:13:28.884 [main] INFO  edu.bjut.boudia.myMain - meter_8386747805263321115:repMsg
raspberrypi 09:13:28.884 [main] INFO  edu.bjut.boudia.myMain - meter_8386747805263321115:72684204
raspberrypi 09:13:28.884 [main] INFO  edu.bjut.boudia.myMain - meter_4534133806298196269:repMsg
raspberrypi 09:13:28.885 [main] INFO  edu.bjut.boudia.myMain - meter_4534133806298196269:72520482
raspberrypi 09:13:28.885 [main] INFO  edu.bjut.boudia.myMain - meter_2167636824949977481:repMsg
raspberrypi 09:13:28.885 [main] INFO  edu.bjut.boudia.myMain - meter_2167636824949977481:74600074
raspberrypi 09:13:28.885 [main] INFO  edu.bjut.boudia.myMain - meter_3560415284927851559:repMsg
raspberrypi 09:13:28.885 [main] INFO  edu.bjut.boudia.myMain - meter_3560415284927851559:73231407
raspberrypi 09:13:28.885 [main] INFO  edu.bjut.boudia.myMain - meter_1528345457259622287:repMsg
raspberrypi 09:13:28.885 [main] INFO  edu.bjut.boudia.myMain - meter_1528345457259622287:72275167
raspberrypi 09:13:28.885 [main] INFO  edu.bjut.boudia.myMain - meter_628145428965396221:repMsg
raspberrypi 09:13:28.885 [main] INFO  edu.bjut.boudia.myMain - meter_628145428965396221:72717592
raspberrypi 09:13:38.431 [main] INFO  edu.bjut.boudia.myMain - oneTimeMeterRegTime
raspberrypi 09:13:40.255 [main] INFO  edu.bjut.boudia.myMain - server:pubkey
raspberrypi 09:13:40.256 [main] INFO  edu.bjut.boudia.myMain - server:3741
raspberrypi 09:13:40.256 [main] INFO  edu.bjut.boudia.myMain - agg:regMsg,regMsg,regMsg,regMsg,regMsg,regMsg,regMsg,regMsg,regMsg,regMsg,regMsg,regMsg,regMsg,regMsg,regMsg,regMsg,regMsg,regMsg,regMsg,regMsg,regMsg,regMsg,regMsg,regMsg,regMsg,regMsg,regMsg,regMsg,regMsg,regMsg,regMsg,regMsg,regMsg,regMsg,regMsg,regMsg,regMsg,regMsg,regMsg,regMsg,regMsg,regMsg,regMsg,regMsg,regMsg,regMsg,regMsg,regMsg,regMsg,regMsg
raspberrypi 09:13:40.256 [main] INFO  edu.bjut.boudia.myMain - agg:18378593,18165593,18142166,18176574,19922018,18119648,18187352,18098037,18257649,18224926,18200222,18120981,18117815,18156203,18231630,18122648,19965778,18122704,18111296,18131204,18201352,18072815,18105852,18111185,18088388,18061500,18233685,18177704,18275815,18110703,18197778,18095907,18146463,18180074,18060148,18074870,18162704,18137630,18092945,18158407,18151722,18178889,18190148,18129389,18183667,18128241,18086278,18109537,18126722,18213870
raspberrypi 09:13:40.257 [main] INFO  edu.bjut.boudia.myMain - meter_6724756236306145947:regMsg,reg_backagg,reg_cc
raspberrypi 09:13:40.257 [main] INFO  edu.bjut.boudia.myMain - meter_6724756236306145947:2111,18136944,4315
raspberrypi 09:13:40.257 [main] INFO  edu.bjut.boudia.myMain - meter_5222377208407887707:regMsg,reg_backagg,reg_cc
raspberrypi 09:13:40.257 [main] INFO  edu.bjut.boudia.myMain - meter_5222377208407887707:6667,17977833,4352
raspberrypi 09:13:40.258 [main] INFO  edu.bjut.boudia.myMain - meter_6877692766351743937:regMsg,reg_backagg,reg_cc
raspberrypi 09:13:40.258 [main] INFO  edu.bjut.boudia.myMain - meter_6877692766351743937:5982,18093185,4037
raspberrypi 09:13:40.258 [main] INFO  edu.bjut.boudia.myMain - meter_5320224227469972975:regMsg,reg_backagg,reg_cc
raspberrypi 09:13:40.258 [main] INFO  edu.bjut.boudia.myMain - meter_5320224227469972975:6870,18206167,4074
raspberrypi 09:13:40.258 [main] INFO  edu.bjut.boudia.myMain - meter_1634938765905938899:regMsg,reg_backagg,reg_cc
raspberrypi 09:13:40.258 [main] INFO  edu.bjut.boudia.myMain - meter_1634938765905938899:5148,17892444,5148
raspberrypi 09:13:40.258 [main] INFO  edu.bjut.boudia.myMain - meter_3011642425615496127:regMsg,reg_backagg,reg_cc
raspberrypi 09:13:40.259 [main] INFO  edu.bjut.boudia.myMain - meter_3011642425615496127:6796,18160649,5333
raspberrypi 09:13:40.259 [main] INFO  edu.bjut.boudia.myMain - meter_5195174357915508225:regMsg,reg_backagg,reg_cc
raspberrypi 09:13:40.259 [main] INFO  edu.bjut.boudia.myMain - meter_5195174357915508225:25667,17914445,4815
raspberrypi 09:13:40.259 [main] INFO  edu.bjut.boudia.myMain - meter_4019595888425598399:regMsg,reg_backagg,reg_cc
raspberrypi 09:13:40.259 [main] INFO  edu.bjut.boudia.myMain - meter_4019595888425598399:6870,18314334,48185
raspberrypi 09:13:40.259 [main] INFO  edu.bjut.boudia.myMain - meter_337046304796309859:regMsg,reg_backagg,reg_cc
raspberrypi 09:13:40.259 [main] INFO  edu.bjut.boudia.myMain - meter_337046304796309859:6648,18172482,2037
raspberrypi 09:13:40.259 [main] INFO  edu.bjut.boudia.myMain - meter_5489453055581308197:regMsg,reg_backagg,reg_cc
raspberrypi 09:13:40.260 [main] INFO  edu.bjut.boudia.myMain - meter_5489453055581308197:6296,18134333,2222
raspberrypi 09:13:40.260 [main] INFO  edu.bjut.boudia.myMain - meter_191065402462543773:regMsg,reg_backagg,reg_cc
raspberrypi 09:13:40.260 [main] INFO  edu.bjut.boudia.myMain - meter_191065402462543773:5555,18104537,2445
raspberrypi 09:13:40.260 [main] INFO  edu.bjut.boudia.myMain - meter_641581349912768333:regMsg,reg_backagg,reg_cc
raspberrypi 09:13:40.260 [main] INFO  edu.bjut.boudia.myMain - meter_641581349912768333:5870,18198130,2333
raspberrypi 09:13:40.260 [main] INFO  edu.bjut.boudia.myMain - meter_2923912472054142807:regMsg,reg_backagg,reg_cc
raspberrypi 09:13:40.260 [main] INFO  edu.bjut.boudia.myMain - meter_2923912472054142807:5370,18043723,2389
raspberrypi 09:13:40.261 [main] INFO  edu.bjut.boudia.myMain - meter_4143118087500123343:regMsg,reg_backagg,reg_cc
raspberrypi 09:13:40.261 [main] INFO  edu.bjut.boudia.myMain - meter_4143118087500123343:7000,18327296,2352
raspberrypi 09:13:40.261 [main] INFO  edu.bjut.boudia.myMain - meter_215570491852210439:regMsg,reg_backagg,reg_cc
raspberrypi 09:13:40.261 [main] INFO  edu.bjut.boudia.myMain - meter_215570491852210439:5574,18284037,1945
raspberrypi 09:13:40.262 [main] INFO  edu.bjut.boudia.myMain - meter_7115785568879449363:regMsg,reg_backagg,reg_cc
raspberrypi 09:13:40.262 [main] INFO  edu.bjut.boudia.myMain - meter_7115785568879449363:6259,18169963,2741
raspberrypi 09:13:40.262 [main] INFO  edu.bjut.boudia.myMain - meter_3114821838275040689:regMsg,reg_backagg,reg_cc
raspberrypi 09:13:40.262 [main] INFO  edu.bjut.boudia.myMain - meter_3114821838275040689:5500,17940815,2222
raspberrypi 09:13:40.262 [main] INFO  edu.bjut.boudia.myMain - meter_9048906666228936097:regMsg,reg_backagg,reg_cc
raspberrypi 09:13:40.262 [main] INFO  edu.bjut.boudia.myMain - meter_9048906666228936097:5185,18071018,2593
raspberrypi 09:13:40.262 [main] INFO  edu.bjut.boudia.myMain - meter_1119935051985693389:regMsg,reg_backagg,reg_cc
raspberrypi 09:13:40.262 [main] INFO  edu.bjut.boudia.myMain - meter_1119935051985693389:5037,18306982,2297
raspberrypi 09:13:40.263 [main] INFO  edu.bjut.boudia.myMain - meter_6332816856034549905:regMsg,reg_backagg,reg_cc
raspberrypi 09:13:40.263 [main] INFO  edu.bjut.boudia.myMain - meter_6332816856034549905:5463,18150797,2093
raspberrypi 09:13:40.263 [main] INFO  edu.bjut.boudia.myMain - meter_5379396670996839873:regMsg,reg_backagg,reg_cc
raspberrypi 09:13:40.263 [main] INFO  edu.bjut.boudia.myMain - meter_5379396670996839873:5389,18142166,2185
raspberrypi 09:13:40.263 [main] INFO  edu.bjut.boudia.myMain - meter_7686438210369755557:regMsg,reg_backagg,reg_cc
raspberrypi 09:13:40.263 [main] INFO  edu.bjut.boudia.myMain - meter_7686438210369755557:6019,18224463,2166
raspberrypi 09:13:40.263 [main] INFO  edu.bjut.boudia.myMain - meter_2840654697083124751:regMsg,reg_backagg,reg_cc
raspberrypi 09:13:40.263 [main] INFO  edu.bjut.boudia.myMain - meter_2840654697083124751:6222,17894130,2056
raspberrypi 09:13:40.263 [main] INFO  edu.bjut.boudia.myMain - meter_3989570582276076259:regMsg,reg_backagg,reg_cc
raspberrypi 09:13:40.264 [main] INFO  edu.bjut.boudia.myMain - meter_3989570582276076259:6074,18148870,1981
raspberrypi 09:13:40.264 [main] INFO  edu.bjut.boudia.myMain - meter_6753128352074145277:regMsg,reg_backagg,reg_cc
raspberrypi 09:13:40.264 [main] INFO  edu.bjut.boudia.myMain - meter_6753128352074145277:6760,18119704,2223
raspberrypi 09:13:40.264 [main] INFO  edu.bjut.boudia.myMain - meter_8586777144009429029:regMsg,reg_backagg,reg_cc
raspberrypi 09:13:40.264 [main] INFO  edu.bjut.boudia.myMain - meter_8586777144009429029:5833,18158982,3352
raspberrypi 09:13:40.264 [main] INFO  edu.bjut.boudia.myMain - meter_8928063023804377865:regMsg,reg_backagg,reg_cc
raspberrypi 09:13:40.264 [main] INFO  edu.bjut.boudia.myMain - meter_8928063023804377865:6704,18288907,2093
raspberrypi 09:13:40.264 [main] INFO  edu.bjut.boudia.myMain - meter_23790184239696703:regMsg,reg_backagg,reg_cc
raspberrypi 09:13:40.264 [main] INFO  edu.bjut.boudia.myMain - meter_23790184239696703:6259,18055815,2407
raspberrypi 09:13:40.265 [main] INFO  edu.bjut.boudia.myMain - meter_146850395472708881:regMsg,reg_backagg,reg_cc
raspberrypi 09:13:40.265 [main] INFO  edu.bjut.boudia.myMain - meter_146850395472708881:6481,19972463,2555
raspberrypi 09:13:40.265 [main] INFO  edu.bjut.boudia.myMain - meter_8503818646086565069:regMsg,reg_backagg,reg_cc
raspberrypi 09:13:40.265 [main] INFO  edu.bjut.boudia.myMain - meter_8503818646086565069:6574,18257000,2130
raspberrypi 09:13:40.265 [main] INFO  edu.bjut.boudia.myMain - meter_1131405283759741083:regMsg,reg_backagg,reg_cc
raspberrypi 09:13:40.265 [main] INFO  edu.bjut.boudia.myMain - meter_1131405283759741083:6370,17985574,3092
raspberrypi 09:13:40.265 [main] INFO  edu.bjut.boudia.myMain - meter_2356343310683330989:regMsg,reg_backagg,reg_cc
raspberrypi 09:13:40.265 [main] INFO  edu.bjut.boudia.myMain - meter_2356343310683330989:6944,17948518,2315
raspberrypi 09:13:40.265 [main] INFO  edu.bjut.boudia.myMain - meter_302836922893886563:regMsg,reg_backagg,reg_cc
raspberrypi 09:13:40.266 [main] INFO  edu.bjut.boudia.myMain - meter_302836922893886563:5259,18342000,2629
raspberrypi 09:13:40.266 [main] INFO  edu.bjut.boudia.myMain - meter_8056661469892505405:regMsg,reg_backagg,reg_cc
raspberrypi 09:13:40.266 [main] INFO  edu.bjut.boudia.myMain - meter_8056661469892505405:6297,18048314,2519
raspberrypi 09:13:40.266 [main] INFO  edu.bjut.boudia.myMain - meter_6140806829119264425:regMsg,reg_backagg,reg_cc
raspberrypi 09:13:40.266 [main] INFO  edu.bjut.boudia.myMain - meter_6140806829119264425:5444,18327537,2722
raspberrypi 09:13:40.266 [main] INFO  edu.bjut.boudia.myMain - meter_3235712424299485353:regMsg,reg_backagg,reg_cc
raspberrypi 09:13:40.266 [main] INFO  edu.bjut.boudia.myMain - meter_3235712424299485353:6481,17971352,2686
raspberrypi 09:13:40.266 [main] INFO  edu.bjut.boudia.myMain - meter_498085098567282485:regMsg,reg_backagg,reg_cc
raspberrypi 09:13:40.266 [main] INFO  edu.bjut.boudia.myMain - meter_498085098567282485:5963,17989315,2537
raspberrypi 09:13:40.266 [main] INFO  edu.bjut.boudia.myMain - meter_8018367843294348593:regMsg,reg_backagg,reg_cc
raspberrypi 09:13:40.266 [main] INFO  edu.bjut.boudia.myMain - meter_8018367843294348593:5778,18366407,2018
raspberrypi 09:13:40.267 [main] INFO  edu.bjut.boudia.myMain - meter_7490526029289504981:regMsg,reg_backagg,reg_cc
raspberrypi 09:13:40.267 [main] INFO  edu.bjut.boudia.myMain - meter_7490526029289504981:6315,18209815,2167
raspberrypi 09:13:40.267 [main] INFO  edu.bjut.boudia.myMain - meter_4380374488912830735:regMsg,reg_backagg,reg_cc
raspberrypi 09:13:40.267 [main] INFO  edu.bjut.boudia.myMain - meter_4380374488912830735:6481,18335611,2444
raspberrypi 09:13:40.267 [main] INFO  edu.bjut.boudia.myMain - meter_3328042864053953801:regMsg,reg_backagg,reg_cc
raspberrypi 09:13:40.267 [main] INFO  edu.bjut.boudia.myMain - meter_3328042864053953801:6630,19965111,2111
raspberrypi 09:13:40.267 [main] INFO  edu.bjut.boudia.myMain - meter_1292371784429850025:regMsg,reg_backagg,reg_cc
raspberrypi 09:13:40.267 [main] INFO  edu.bjut.boudia.myMain - meter_1292371784429850025:6704,18007481,2129
raspberrypi 09:13:40.267 [main] INFO  edu.bjut.boudia.myMain - meter_6277019960534715063:regMsg,reg_backagg,reg_cc
raspberrypi 09:13:40.267 [main] INFO  edu.bjut.boudia.myMain - meter_6277019960534715063:6018,17578888,2388
raspberrypi 09:13:40.268 [main] INFO  edu.bjut.boudia.myMain - meter_5683801507473562643:regMsg,reg_backagg,reg_cc
raspberrypi 09:13:40.268 [main] INFO  edu.bjut.boudia.myMain - meter_5683801507473562643:6167,18237129,2241
raspberrypi 09:13:40.268 [main] INFO  edu.bjut.boudia.myMain - meter_3611048329644563203:regMsg,reg_backagg,reg_cc
raspberrypi 09:13:40.268 [main] INFO  edu.bjut.boudia.myMain - meter_3611048329644563203:6537,17891055,2055
raspberrypi 09:13:40.268 [main] INFO  edu.bjut.boudia.myMain - meter_4653157490747833227:regMsg,reg_backagg,reg_cc
raspberrypi 09:13:40.268 [main] INFO  edu.bjut.boudia.myMain - meter_4653157490747833227:5185,18073111,2555
raspberrypi 09:13:40.268 [main] INFO  edu.bjut.boudia.myMain - meter_1067731576869607127:regMsg,reg_backagg,reg_cc
raspberrypi 09:13:40.268 [main] INFO  edu.bjut.boudia.myMain - meter_1067731576869607127:5666,18287444,2259
raspberrypi 09:13:40.269 [main] INFO  edu.bjut.boudia.myMain - meter_1906150021008405613:regMsg,reg_backagg,reg_cc
raspberrypi 09:13:40.269 [main] INFO  edu.bjut.boudia.myMain - meter_1906150021008405613:6481,18234241,2611
raspberrypi 09:13:40.269 [main] INFO  edu.bjut.boudia.myMain - meter_7156430441562336315:regMsg,reg_backagg,reg_cc
raspberrypi 09:13:40.269 [main] INFO  edu.bjut.boudia.myMain - meter_7156430441562336315:6018,18099204,2148
raspberrypi 09:13:40.269 [main] INFO  edu.bjut.boudia.myMain - meter_456796153452012081:regMsg,reg_backagg,reg_cc
raspberrypi 09:13:40.269 [main] INFO  edu.bjut.boudia.myMain - meter_456796153452012081:6241,17854222,2186
raspberrypi 09:13:42.143 [main] INFO  edu.bjut.boudia.myMain - oneTimeMeterRepTime
raspberrypi 09:13:46.873 [main] INFO  edu.bjut.boudia.myMain - server:repMsg
raspberrypi 09:13:46.873 [main] INFO  edu.bjut.boudia.myMain - server:89174741
raspberrypi 09:13:46.873 [main] INFO  edu.bjut.boudia.myMain - agg:repMsg
raspberrypi 09:13:46.873 [main] INFO  edu.bjut.boudia.myMain - agg:980984184
raspberrypi 09:13:46.873 [main] INFO  edu.bjut.boudia.myMain - meter_6724756236306145947:repMsg
raspberrypi 09:13:46.873 [main] INFO  edu.bjut.boudia.myMain - meter_6724756236306145947:74492686
raspberrypi 09:13:46.873 [main] INFO  edu.bjut.boudia.myMain - meter_5222377208407887707:repMsg
raspberrypi 09:13:46.874 [main] INFO  edu.bjut.boudia.myMain - meter_5222377208407887707:72734425
raspberrypi 09:13:46.874 [main] INFO  edu.bjut.boudia.myMain - meter_6877692766351743937:repMsg
raspberrypi 09:13:46.874 [main] INFO  edu.bjut.boudia.myMain - meter_6877692766351743937:72467797
raspberrypi 09:13:46.874 [main] INFO  edu.bjut.boudia.myMain - meter_5320224227469972975:repMsg
raspberrypi 09:13:46.874 [main] INFO  edu.bjut.boudia.myMain - meter_5320224227469972975:72286908
raspberrypi 09:13:46.874 [main] INFO  edu.bjut.boudia.myMain - meter_1634938765905938899:repMsg
raspberrypi 09:13:46.874 [main] INFO  edu.bjut.boudia.myMain - meter_1634938765905938899:72645130
raspberrypi 09:13:46.874 [main] INFO  edu.bjut.boudia.myMain - meter_3011642425615496127:repMsg
raspberrypi 09:13:46.874 [main] INFO  edu.bjut.boudia.myMain - meter_3011642425615496127:73414223
raspberrypi 09:13:46.874 [main] INFO  edu.bjut.boudia.myMain - meter_5195174357915508225:repMsg
raspberrypi 09:13:46.874 [main] INFO  edu.bjut.boudia.myMain - meter_5195174357915508225:73192481
raspberrypi 09:13:46.875 [main] INFO  edu.bjut.boudia.myMain - meter_4019595888425598399:repMsg
raspberrypi 09:13:46.875 [main] INFO  edu.bjut.boudia.myMain - meter_4019595888425598399:74242296
raspberrypi 09:13:46.875 [main] INFO  edu.bjut.boudia.myMain - meter_337046304796309859:repMsg
raspberrypi 09:13:46.875 [main] INFO  edu.bjut.boudia.myMain - meter_337046304796309859:73151574
raspberrypi 09:13:46.875 [main] INFO  edu.bjut.boudia.myMain - meter_5489453055581308197:repMsg
raspberrypi 09:13:46.875 [main] INFO  edu.bjut.boudia.myMain - meter_5489453055581308197:72787055
raspberrypi 09:13:46.875 [main] INFO  edu.bjut.boudia.myMain - meter_191065402462543773:repMsg
raspberrypi 09:13:46.875 [main] INFO  edu.bjut.boudia.myMain - meter_191065402462543773:73122722
raspberrypi 09:13:46.875 [main] INFO  edu.bjut.boudia.myMain - meter_641581349912768333:repMsg
raspberrypi 09:13:46.875 [main] INFO  edu.bjut.boudia.myMain - meter_641581349912768333:72844315
raspberrypi 09:13:46.875 [main] INFO  edu.bjut.boudia.myMain - meter_2923912472054142807:repMsg
raspberrypi 09:13:46.876 [main] INFO  edu.bjut.boudia.myMain - meter_2923912472054142807:73159666
raspberrypi 09:13:46.876 [main] INFO  edu.bjut.boudia.myMain - meter_4143118087500123343:repMsg
raspberrypi 09:13:46.876 [main] INFO  edu.bjut.boudia.myMain - meter_4143118087500123343:74380889
raspberrypi 09:13:46.876 [main] INFO  edu.bjut.boudia.myMain - meter_215570491852210439:repMsg
raspberrypi 09:13:46.876 [main] INFO  edu.bjut.boudia.myMain - meter_215570491852210439:73065037
raspberrypi 09:13:46.876 [main] INFO  edu.bjut.boudia.myMain - meter_7115785568879449363:repMsg
raspberrypi 09:13:46.876 [main] INFO  edu.bjut.boudia.myMain - meter_7115785568879449363:72597722
raspberrypi 09:13:46.876 [main] INFO  edu.bjut.boudia.myMain - meter_3114821838275040689:repMsg
raspberrypi 09:13:46.876 [main] INFO  edu.bjut.boudia.myMain - meter_3114821838275040689:72861833
raspberrypi 09:13:46.876 [main] INFO  edu.bjut.boudia.myMain - meter_9048906666228936097:repMsg
raspberrypi 09:13:46.876 [main] INFO  edu.bjut.boudia.myMain - meter_9048906666228936097:72980889
raspberrypi 09:13:46.876 [main] INFO  edu.bjut.boudia.myMain - meter_1119935051985693389:repMsg
raspberrypi 09:13:46.876 [main] INFO  edu.bjut.boudia.myMain - meter_1119935051985693389:73145426
raspberrypi 09:13:46.876 [main] INFO  edu.bjut.boudia.myMain - meter_6332816856034549905:repMsg
raspberrypi 09:13:46.877 [main] INFO  edu.bjut.boudia.myMain - meter_6332816856034549905:74303778
raspberrypi 09:13:46.877 [main] INFO  edu.bjut.boudia.myMain - meter_5379396670996839873:repMsg
raspberrypi 09:13:46.877 [main] INFO  edu.bjut.boudia.myMain - meter_5379396670996839873:72867296
raspberrypi 09:13:46.877 [main] INFO  edu.bjut.boudia.myMain - meter_7686438210369755557:repMsg
raspberrypi 09:13:46.877 [main] INFO  edu.bjut.boudia.myMain - meter_7686438210369755557:72633982
raspberrypi 09:13:46.877 [main] INFO  edu.bjut.boudia.myMain - meter_2840654697083124751:repMsg
raspberrypi 09:13:46.877 [main] INFO  edu.bjut.boudia.myMain - meter_2840654697083124751:72860259
raspberrypi 09:13:46.877 [main] INFO  edu.bjut.boudia.myMain - meter_3989570582276076259:repMsg
raspberrypi 09:13:46.877 [main] INFO  edu.bjut.boudia.myMain - meter_3989570582276076259:72288222
raspberrypi 09:13:46.877 [main] INFO  edu.bjut.boudia.myMain - meter_6753128352074145277:repMsg
raspberrypi 09:13:46.877 [main] INFO  edu.bjut.boudia.myMain - meter_6753128352074145277:72947630
raspberrypi 09:13:46.878 [main] INFO  edu.bjut.boudia.myMain - meter_8586777144009429029:repMsg
raspberrypi 09:13:46.878 [main] INFO  edu.bjut.boudia.myMain - meter_8586777144009429029:74480851
raspberrypi 09:13:46.878 [main] INFO  edu.bjut.boudia.myMain - meter_8928063023804377865:repMsg
raspberrypi 09:13:46.878 [main] INFO  edu.bjut.boudia.myMain - meter_8928063023804377865:73197278
raspberrypi 09:13:46.878 [main] INFO  edu.bjut.boudia.myMain - meter_23790184239696703:repMsg
raspberrypi 09:13:46.878 [main] INFO  edu.bjut.boudia.myMain - meter_23790184239696703:73206871
raspberrypi 09:13:46.878 [main] INFO  edu.bjut.boudia.myMain - meter_146850395472708881:repMsg
raspberrypi 09:13:46.878 [main] INFO  edu.bjut.boudia.myMain - meter_146850395472708881:73066092
raspberrypi 09:13:46.878 [main] INFO  edu.bjut.boudia.myMain - meter_8503818646086565069:repMsg
raspberrypi 09:13:46.878 [main] INFO  edu.bjut.boudia.myMain - meter_8503818646086565069:73163352
raspberrypi 09:13:46.878 [main] INFO  edu.bjut.boudia.myMain - meter_1131405283759741083:repMsg
raspberrypi 09:13:46.879 [main] INFO  edu.bjut.boudia.myMain - meter_1131405283759741083:73081555
raspberrypi 09:13:46.879 [main] INFO  edu.bjut.boudia.myMain - meter_2356343310683330989:repMsg
raspberrypi 09:13:46.879 [main] INFO  edu.bjut.boudia.myMain - meter_2356343310683330989:73984407
raspberrypi 09:13:46.879 [main] INFO  edu.bjut.boudia.myMain - meter_302836922893886563:repMsg
raspberrypi 09:13:46.879 [main] INFO  edu.bjut.boudia.myMain - meter_302836922893886563:73266129
raspberrypi 09:13:46.879 [main] INFO  edu.bjut.boudia.myMain - meter_8056661469892505405:repMsg
raspberrypi 09:13:46.879 [main] INFO  edu.bjut.boudia.myMain - meter_8056661469892505405:72811685
raspberrypi 09:13:46.879 [main] INFO  edu.bjut.boudia.myMain - meter_6140806829119264425:repMsg
raspberrypi 09:13:46.879 [main] INFO  edu.bjut.boudia.myMain - meter_6140806829119264425:73252167
raspberrypi 09:13:46.879 [main] INFO  edu.bjut.boudia.myMain - meter_3235712424299485353:repMsg
raspberrypi 09:13:46.879 [main] INFO  edu.bjut.boudia.myMain - meter_3235712424299485353:72859537
raspberrypi 09:13:46.880 [main] INFO  edu.bjut.boudia.myMain - meter_498085098567282485:repMsg
raspberrypi 09:13:46.880 [main] INFO  edu.bjut.boudia.myMain - meter_498085098567282485:73095444
raspberrypi 09:13:46.880 [main] INFO  edu.bjut.boudia.myMain - meter_8018367843294348593:repMsg
raspberrypi 09:13:46.880 [main] INFO  edu.bjut.boudia.myMain - meter_8018367843294348593:74021371
raspberrypi 09:13:46.880 [main] INFO  edu.bjut.boudia.myMain - meter_7490526029289504981:repMsg
raspberrypi 09:13:46.880 [main] INFO  edu.bjut.boudia.myMain - meter_7490526029289504981:72195352
raspberrypi 09:13:46.880 [main] INFO  edu.bjut.boudia.myMain - meter_4380374488912830735:repMsg
raspberrypi 09:13:46.880 [main] INFO  edu.bjut.boudia.myMain - meter_4380374488912830735:73185351
raspberrypi 09:13:46.880 [main] INFO  edu.bjut.boudia.myMain - meter_3328042864053953801:repMsg
raspberrypi 09:13:46.880 [main] INFO  edu.bjut.boudia.myMain - meter_3328042864053953801:72539426
raspberrypi 09:13:46.880 [main] INFO  edu.bjut.boudia.myMain - meter_1292371784429850025:repMsg
raspberrypi 09:13:46.881 [main] INFO  edu.bjut.boudia.myMain - meter_1292371784429850025:72967111
raspberrypi 09:13:46.881 [main] INFO  edu.bjut.boudia.myMain - meter_6277019960534715063:repMsg
raspberrypi 09:13:46.881 [main] INFO  edu.bjut.boudia.myMain - meter_6277019960534715063:72889556
raspberrypi 09:13:46.881 [main] INFO  edu.bjut.boudia.myMain - meter_5683801507473562643:repMsg
raspberrypi 09:13:46.881 [main] INFO  edu.bjut.boudia.myMain - meter_5683801507473562643:73716444
raspberrypi 09:13:46.881 [main] INFO  edu.bjut.boudia.myMain - meter_3611048329644563203:repMsg
raspberrypi 09:13:46.881 [main] INFO  edu.bjut.boudia.myMain - meter_3611048329644563203:72633092
raspberrypi 09:13:46.881 [main] INFO  edu.bjut.boudia.myMain - meter_4653157490747833227:repMsg
raspberrypi 09:13:46.881 [main] INFO  edu.bjut.boudia.myMain - meter_4653157490747833227:73089333
raspberrypi 09:13:46.881 [main] INFO  edu.bjut.boudia.myMain - meter_1067731576869607127:repMsg
raspberrypi 09:13:46.881 [main] INFO  edu.bjut.boudia.myMain - meter_1067731576869607127:73422481
raspberrypi 09:13:46.881 [main] INFO  edu.bjut.boudia.myMain - meter_1906150021008405613:repMsg
raspberrypi 09:13:46.882 [main] INFO  edu.bjut.boudia.myMain - meter_1906150021008405613:72448148
raspberrypi 09:13:46.882 [main] INFO  edu.bjut.boudia.myMain - meter_7156430441562336315:repMsg
raspberrypi 09:13:46.882 [main] INFO  edu.bjut.boudia.myMain - meter_7156430441562336315:72533129
raspberrypi 09:13:46.882 [main] INFO  edu.bjut.boudia.myMain - meter_456796153452012081:repMsg
raspberrypi 09:13:46.882 [main] INFO  edu.bjut.boudia.myMain - meter_456796153452012081:75177667
raspberrypi 09:13:53.746 [main] INFO  edu.bjut.boudia.myMain - oneTimeMeterRegTime
raspberrypi 09:13:55.208 [main] INFO  edu.bjut.boudia.myMain - server:pubkey
raspberrypi 09:13:55.208 [main] INFO  edu.bjut.boudia.myMain - server:3944
raspberrypi 09:13:55.209 [main] INFO  edu.bjut.boudia.myMain - agg:regMsg,regMsg,regMsg,regMsg,regMsg,regMsg,regMsg,regMsg,regMsg,regMsg,regMsg,regMsg,regMsg,regMsg,regMsg,regMsg,regMsg,regMsg,regMsg,regMsg,regMsg,regMsg,regMsg,regMsg,regMsg,regMsg,regMsg,regMsg,regMsg,regMsg,regMsg,regMsg,regMsg,regMsg,regMsg,regMsg,regMsg,regMsg,regMsg,regMsg
raspberrypi 09:13:55.209 [main] INFO  edu.bjut.boudia.myMain - agg:18339889,18378167,18150630,18117741,18232296,18092222,18077278,18127407,18174000,18058167,18094815,18179222,18107852,18124926,18108556,18198074,18117759,18167907,18146389,18092167,18134538,18036889,18069407,18057889,18137889,19903741,18210297,18134926,18124611,18331963,18160778,18234204,18139778,18077500,18157593,18242425,18319260,20134925,18207555,18161982
raspberrypi 09:13:55.209 [main] INFO  edu.bjut.boudia.myMain - meter_2374475462162413227:regMsg,reg_backagg,reg_cc
raspberrypi 09:13:55.209 [main] INFO  edu.bjut.boudia.myMain - meter_2374475462162413227:2148,20047519,2241
raspberrypi 09:13:55.209 [main] INFO  edu.bjut.boudia.myMain - meter_528977817243461623:regMsg,reg_backagg,reg_cc
raspberrypi 09:13:55.209 [main] INFO  edu.bjut.boudia.myMain - meter_528977817243461623:7037,18001649,2574
raspberrypi 09:13:55.209 [main] INFO  edu.bjut.boudia.myMain - meter_8105113284649897333:regMsg,reg_backagg,reg_cc
raspberrypi 09:13:55.209 [main] INFO  edu.bjut.boudia.myMain - meter_8105113284649897333:6741,17771815,2018
raspberrypi 09:13:55.209 [main] INFO  edu.bjut.boudia.myMain - meter_4639657771574324331:regMsg,reg_backagg,reg_cc
raspberrypi 09:13:55.209 [main] INFO  edu.bjut.boudia.myMain - meter_4639657771574324331:6371,18266019,2111
raspberrypi 09:13:55.210 [main] INFO  edu.bjut.boudia.myMain - meter_6517722520664160751:regMsg,reg_backagg,reg_cc
raspberrypi 09:13:55.210 [main] INFO  edu.bjut.boudia.myMain - meter_6517722520664160751:5981,18325315,2222
raspberrypi 09:13:55.210 [main] INFO  edu.bjut.boudia.myMain - meter_9217065119541244345:regMsg,reg_backagg,reg_cc
raspberrypi 09:13:55.210 [main] INFO  edu.bjut.boudia.myMain - meter_9217065119541244345:6371,18187037,2222
raspberrypi 09:13:55.210 [main] INFO  edu.bjut.boudia.myMain - meter_8955761211478856417:regMsg,reg_backagg,reg_cc
raspberrypi 09:13:55.210 [main] INFO  edu.bjut.boudia.myMain - meter_8955761211478856417:6000,18189648,1963
raspberrypi 09:13:55.210 [main] INFO  edu.bjut.boudia.myMain - meter_1028996164816649011:regMsg,reg_backagg,reg_cc
raspberrypi 09:13:55.210 [main] INFO  edu.bjut.boudia.myMain - meter_1028996164816649011:6204,18242518,2685
raspberrypi 09:13:55.210 [main] INFO  edu.bjut.boudia.myMain - meter_7202793062513031281:regMsg,reg_backagg,reg_cc
raspberrypi 09:13:55.210 [main] INFO  edu.bjut.boudia.myMain - meter_7202793062513031281:5444,17836074,2259
raspberrypi 09:13:55.211 [main] INFO  edu.bjut.boudia.myMain - meter_918825637286632753:regMsg,reg_backagg,reg_cc
raspberrypi 09:13:55.211 [main] INFO  edu.bjut.boudia.myMain - meter_918825637286632753:6574,18171093,2482
raspberrypi 09:13:55.211 [main] INFO  edu.bjut.boudia.myMain - meter_7552005553745592499:regMsg,reg_backagg,reg_cc
raspberrypi 09:13:55.211 [main] INFO  edu.bjut.boudia.myMain - meter_7552005553745592499:5593,18010574,2778
raspberrypi 09:13:55.211 [main] INFO  edu.bjut.boudia.myMain - meter_6435294856709193279:regMsg,reg_backagg,reg_cc
raspberrypi 09:13:55.211 [main] INFO  edu.bjut.boudia.myMain - meter_6435294856709193279:6537,18259463,2241
raspberrypi 09:13:55.211 [main] INFO  edu.bjut.boudia.myMain - meter_8592690543643623963:regMsg,reg_backagg,reg_cc
raspberrypi 09:13:55.211 [main] INFO  edu.bjut.boudia.myMain - meter_8592690543643623963:5445,19973519,2260
raspberrypi 09:13:55.211 [main] INFO  edu.bjut.boudia.myMain - meter_303418034178253361:regMsg,reg_backagg,reg_cc
raspberrypi 09:13:55.211 [main] INFO  edu.bjut.boudia.myMain - meter_303418034178253361:5167,18001241,2500
raspberrypi 09:13:55.212 [main] INFO  edu.bjut.boudia.myMain - meter_7890906433223816695:regMsg,reg_backagg,reg_cc
raspberrypi 09:13:55.212 [main] INFO  edu.bjut.boudia.myMain - meter_7890906433223816695:5593,18228871,2407
raspberrypi 09:13:55.212 [main] INFO  edu.bjut.boudia.myMain - meter_4090936250626953347:regMsg,reg_backagg,reg_cc
raspberrypi 09:13:55.212 [main] INFO  edu.bjut.boudia.myMain - meter_4090936250626953347:6074,18223759,2370
raspberrypi 09:13:55.212 [main] INFO  edu.bjut.boudia.myMain - meter_6623112912810366999:regMsg,reg_backagg,reg_cc
raspberrypi 09:13:55.212 [main] INFO  edu.bjut.boudia.myMain - meter_6623112912810366999:6149,18297833,1981
raspberrypi 09:13:55.212 [main] INFO  edu.bjut.boudia.myMain - meter_509703466342809161:regMsg,reg_backagg,reg_cc
raspberrypi 09:13:55.212 [main] INFO  edu.bjut.boudia.myMain - meter_509703466342809161:6148,18043166,2167
raspberrypi 09:13:55.212 [main] INFO  edu.bjut.boudia.myMain - meter_813244774849836765:regMsg,reg_backagg,reg_cc
raspberrypi 09:13:55.212 [main] INFO  edu.bjut.boudia.myMain - meter_813244774849836765:6648,18161982,1814
raspberrypi 09:13:55.213 [main] INFO  edu.bjut.boudia.myMain - meter_1164424137854175705:regMsg,reg_backagg,reg_cc
raspberrypi 09:13:55.213 [main] INFO  edu.bjut.boudia.myMain - meter_1164424137854175705:6241,18183500,2297
raspberrypi 09:13:55.213 [main] INFO  edu.bjut.boudia.myMain - meter_385112639777197403:regMsg,reg_backagg,reg_cc
raspberrypi 09:13:55.213 [main] INFO  edu.bjut.boudia.myMain - meter_385112639777197403:6259,18127963,2611
raspberrypi 09:13:55.213 [main] INFO  edu.bjut.boudia.myMain - meter_8990323381097859743:regMsg,reg_backagg,reg_cc
raspberrypi 09:13:55.213 [main] INFO  edu.bjut.boudia.myMain - meter_8990323381097859743:5518,18115389,2315
raspberrypi 09:13:55.213 [main] INFO  edu.bjut.boudia.myMain - meter_4758379385325055225:regMsg,reg_backagg,reg_cc
raspberrypi 09:13:55.213 [main] INFO  edu.bjut.boudia.myMain - meter_4758379385325055225:5389,17990518,2945
raspberrypi 09:13:55.214 [main] INFO  edu.bjut.boudia.myMain - meter_4535376335563116669:regMsg,reg_backagg,reg_cc
raspberrypi 09:13:55.214 [main] INFO  edu.bjut.boudia.myMain - meter_4535376335563116669:5759,18173241,2648
raspberrypi 09:13:55.214 [main] INFO  edu.bjut.boudia.myMain - meter_4980751960751018435:regMsg,reg_backagg,reg_cc
raspberrypi 09:13:55.215 [main] INFO  edu.bjut.boudia.myMain - meter_4980751960751018435:5629,18164408,2500
raspberrypi 09:13:55.215 [main] INFO  edu.bjut.boudia.myMain - meter_750781275745972065:regMsg,reg_backagg,reg_cc
raspberrypi 09:13:55.215 [main] INFO  edu.bjut.boudia.myMain - meter_750781275745972065:5629,17916981,2704
raspberrypi 09:13:55.215 [main] INFO  edu.bjut.boudia.myMain - meter_2824368855617138657:regMsg,reg_backagg,reg_cc
raspberrypi 09:13:55.215 [main] INFO  edu.bjut.boudia.myMain - meter_2824368855617138657:6667,18148389,2482
raspberrypi 09:13:55.215 [main] INFO  edu.bjut.boudia.myMain - meter_64641914178408095:regMsg,reg_backagg,reg_cc
raspberrypi 09:13:55.215 [main] INFO  edu.bjut.boudia.myMain - meter_64641914178408095:5982,17968685,2370
raspberrypi 09:13:55.215 [main] INFO  edu.bjut.boudia.myMain - meter_6105835229422754333:regMsg,reg_backagg,reg_cc
raspberrypi 09:13:55.215 [main] INFO  edu.bjut.boudia.myMain - meter_6105835229422754333:5629,18061204,2222
raspberrypi 09:13:55.216 [main] INFO  edu.bjut.boudia.myMain - meter_8741854896651829015:regMsg,reg_backagg,reg_cc
raspberrypi 09:13:55.216 [main] INFO  edu.bjut.boudia.myMain - meter_8741854896651829015:6445,17745648,2574
raspberrypi 09:13:55.216 [main] INFO  edu.bjut.boudia.myMain - meter_5245904880534942335:regMsg,reg_backagg,reg_cc
raspberrypi 09:13:55.216 [main] INFO  edu.bjut.boudia.myMain - meter_5245904880534942335:6574,18050426,2222
raspberrypi 09:13:55.216 [main] INFO  edu.bjut.boudia.myMain - meter_2340140644413879271:regMsg,reg_backagg,reg_cc
raspberrypi 09:13:55.216 [main] INFO  edu.bjut.boudia.myMain - meter_2340140644413879271:5945,18450814,2500
raspberrypi 09:13:55.216 [main] INFO  edu.bjut.boudia.myMain - meter_4365352078787727553:regMsg,reg_backagg,reg_cc
raspberrypi 09:13:55.216 [main] INFO  edu.bjut.boudia.myMain - meter_4365352078787727553:6167,18182278,2408
raspberrypi 09:13:55.217 [main] INFO  edu.bjut.boudia.myMain - meter_7042526510400147971:regMsg,reg_backagg,reg_cc
raspberrypi 09:13:55.217 [main] INFO  edu.bjut.boudia.myMain - meter_7042526510400147971:5500,17847352,2481
raspberrypi 09:13:55.217 [main] INFO  edu.bjut.boudia.myMain - meter_1154029602575800203:regMsg,reg_backagg,reg_cc
raspberrypi 09:13:55.217 [main] INFO  edu.bjut.boudia.myMain - meter_1154029602575800203:68778,18262629,3019
raspberrypi 09:13:55.217 [main] INFO  edu.bjut.boudia.myMain - meter_3258957763894398873:regMsg,reg_backagg,reg_cc
raspberrypi 09:13:55.217 [main] INFO  edu.bjut.boudia.myMain - meter_3258957763894398873:4648,17713500,3889
raspberrypi 09:13:55.217 [main] INFO  edu.bjut.boudia.myMain - meter_7802020278548600079:regMsg,reg_backagg,reg_cc
raspberrypi 09:13:55.217 [main] INFO  edu.bjut.boudia.myMain - meter_7802020278548600079:61555,18382870,8963
raspberrypi 09:13:55.217 [main] INFO  edu.bjut.boudia.myMain - meter_3579979013034005395:regMsg,reg_backagg,reg_cc
raspberrypi 09:13:55.218 [main] INFO  edu.bjut.boudia.myMain - meter_3579979013034005395:722,18298667,648
raspberrypi 09:13:55.218 [main] INFO  edu.bjut.boudia.myMain - meter_1715824876783208003:regMsg,reg_backagg,reg_cc
raspberrypi 09:13:55.218 [main] INFO  edu.bjut.boudia.myMain - meter_1715824876783208003:908,18299111,685
raspberrypi 09:13:55.218 [main] INFO  edu.bjut.boudia.myMain - meter_2789735508425564151:regMsg,reg_backagg,reg_cc
raspberrypi 09:13:55.218 [main] INFO  edu.bjut.boudia.myMain - meter_2789735508425564151:611,18209204,481
raspberrypi 09:13:56.695 [main] INFO  edu.bjut.boudia.myMain - oneTimeMeterRepTime
raspberrypi 09:14:00.504 [main] INFO  edu.bjut.boudia.myMain - server:repMsg
raspberrypi 09:14:00.504 [main] INFO  edu.bjut.boudia.myMain - server:91980908
raspberrypi 09:14:00.504 [main] INFO  edu.bjut.boudia.myMain - agg:repMsg
raspberrypi 09:14:00.505 [main] INFO  edu.bjut.boudia.myMain - agg:792648833
raspberrypi 09:14:00.505 [main] INFO  edu.bjut.boudia.myMain - meter_2374475462162413227:repMsg
raspberrypi 09:14:00.505 [main] INFO  edu.bjut.boudia.myMain - meter_2374475462162413227:72607204
raspberrypi 09:14:00.505 [main] INFO  edu.bjut.boudia.myMain - meter_528977817243461623:repMsg
raspberrypi 09:14:00.505 [main] INFO  edu.bjut.boudia.myMain - meter_528977817243461623:72575203
raspberrypi 09:14:00.505 [main] INFO  edu.bjut.boudia.myMain - meter_8105113284649897333:repMsg
raspberrypi 09:14:00.505 [main] INFO  edu.bjut.boudia.myMain - meter_8105113284649897333:73338352
raspberrypi 09:14:00.505 [main] INFO  edu.bjut.boudia.myMain - meter_4639657771574324331:repMsg
raspberrypi 09:14:00.505 [main] INFO  edu.bjut.boudia.myMain - meter_4639657771574324331:74033296
raspberrypi 09:14:00.505 [main] INFO  edu.bjut.boudia.myMain - meter_6517722520664160751:repMsg
raspberrypi 09:14:00.506 [main] INFO  edu.bjut.boudia.myMain - meter_6517722520664160751:72906852
raspberrypi 09:14:00.506 [main] INFO  edu.bjut.boudia.myMain - meter_9217065119541244345:repMsg
raspberrypi 09:14:00.506 [main] INFO  edu.bjut.boudia.myMain - meter_9217065119541244345:72284722
raspberrypi 09:14:00.506 [main] INFO  edu.bjut.boudia.myMain - meter_8955761211478856417:repMsg
raspberrypi 09:14:00.506 [main] INFO  edu.bjut.boudia.myMain - meter_8955761211478856417:72601649
raspberrypi 09:14:00.506 [main] INFO  edu.bjut.boudia.myMain - meter_1028996164816649011:repMsg
raspberrypi 09:14:00.506 [main] INFO  edu.bjut.boudia.myMain - meter_1028996164816649011:73494315
raspberrypi 09:14:00.507 [main] INFO  edu.bjut.boudia.myMain - meter_7202793062513031281:repMsg
raspberrypi 09:14:00.507 [main] INFO  edu.bjut.boudia.myMain - meter_7202793062513031281:72854574
raspberrypi 09:14:00.507 [main] INFO  edu.bjut.boudia.myMain - meter_918825637286632753:repMsg
raspberrypi 09:14:00.507 [main] INFO  edu.bjut.boudia.myMain - meter_918825637286632753:74996556
raspberrypi 09:14:00.507 [main] INFO  edu.bjut.boudia.myMain - meter_7552005553745592499:repMsg
raspberrypi 09:14:00.508 [main] INFO  edu.bjut.boudia.myMain - meter_7552005553745592499:72906870
raspberrypi 09:14:00.508 [main] INFO  edu.bjut.boudia.myMain - meter_6435294856709193279:repMsg
raspberrypi 09:14:00.508 [main] INFO  edu.bjut.boudia.myMain - meter_6435294856709193279:73002148
raspberrypi 09:14:00.508 [main] INFO  edu.bjut.boudia.myMain - meter_8592690543643623963:repMsg
raspberrypi 09:14:00.508 [main] INFO  edu.bjut.boudia.myMain - meter_8592690543643623963:72782834
raspberrypi 09:14:00.508 [main] INFO  edu.bjut.boudia.myMain - meter_303418034178253361:repMsg
raspberrypi 09:14:00.508 [main] INFO  edu.bjut.boudia.myMain - meter_303418034178253361:73075982
raspberrypi 09:14:00.508 [main] INFO  edu.bjut.boudia.myMain - meter_7890906433223816695:repMsg
raspberrypi 09:14:00.508 [main] INFO  edu.bjut.boudia.myMain - meter_7890906433223816695:72846241
raspberrypi 09:14:00.509 [main] INFO  edu.bjut.boudia.myMain - meter_4090936250626953347:repMsg
raspberrypi 09:14:00.514 [main] INFO  edu.bjut.boudia.myMain - meter_4090936250626953347:74380833
raspberrypi 09:14:00.514 [main] INFO  edu.bjut.boudia.myMain - meter_6623112912810366999:repMsg
raspberrypi 09:14:00.514 [main] INFO  edu.bjut.boudia.myMain - meter_6623112912810366999:72897222
raspberrypi 09:14:00.514 [main] INFO  edu.bjut.boudia.myMain - meter_509703466342809161:repMsg
raspberrypi 09:14:00.514 [main] INFO  edu.bjut.boudia.myMain - meter_509703466342809161:73276740
raspberrypi 09:14:00.514 [main] INFO  edu.bjut.boudia.myMain - meter_813244774849836765:repMsg
raspberrypi 09:14:00.514 [main] INFO  edu.bjut.boudia.myMain - meter_813244774849836765:71495629
raspberrypi 09:14:00.516 [main] INFO  edu.bjut.boudia.myMain - meter_1164424137854175705:repMsg
raspberrypi 09:14:00.516 [main] INFO  edu.bjut.boudia.myMain - meter_1164424137854175705:73133870
raspberrypi 09:14:00.516 [main] INFO  edu.bjut.boudia.myMain - meter_385112639777197403:repMsg
raspberrypi 09:14:00.516 [main] INFO  edu.bjut.boudia.myMain - meter_385112639777197403:72795778
raspberrypi 09:14:00.516 [main] INFO  edu.bjut.boudia.myMain - meter_8990323381097859743:repMsg
raspberrypi 09:14:00.516 [main] INFO  edu.bjut.boudia.myMain - meter_8990323381097859743:74369907
raspberrypi 09:14:00.516 [main] INFO  edu.bjut.boudia.myMain - meter_4758379385325055225:repMsg
raspberrypi 09:14:00.516 [main] INFO  edu.bjut.boudia.myMain - meter_4758379385325055225:72657019
raspberrypi 09:14:00.517 [main] INFO  edu.bjut.boudia.myMain - meter_4535376335563116669:repMsg
raspberrypi 09:14:00.517 [main] INFO  edu.bjut.boudia.myMain - meter_4535376335563116669:72663074
raspberrypi 09:14:00.517 [main] INFO  edu.bjut.boudia.myMain - meter_4980751960751018435:repMsg
raspberrypi 09:14:00.517 [main] INFO  edu.bjut.boudia.myMain - meter_4980751960751018435:72100667
raspberrypi 09:14:00.517 [main] INFO  edu.bjut.boudia.myMain - meter_750781275745972065:repMsg
raspberrypi 09:14:00.517 [main] INFO  edu.bjut.boudia.myMain - meter_750781275745972065:72790945
raspberrypi 09:14:00.517 [main] INFO  edu.bjut.boudia.myMain - meter_2824368855617138657:repMsg
raspberrypi 09:14:00.517 [main] INFO  edu.bjut.boudia.myMain - meter_2824368855617138657:71883778
raspberrypi 09:14:00.517 [main] INFO  edu.bjut.boudia.myMain - meter_64641914178408095:repMsg
raspberrypi 09:14:00.517 [main] INFO  edu.bjut.boudia.myMain - meter_64641914178408095:73845315
raspberrypi 09:14:00.517 [main] INFO  edu.bjut.boudia.myMain - meter_6105835229422754333:repMsg
raspberrypi 09:14:00.517 [main] INFO  edu.bjut.boudia.myMain - meter_6105835229422754333:72873611
raspberrypi 09:14:00.517 [main] INFO  edu.bjut.boudia.myMain - meter_8741854896651829015:repMsg
raspberrypi 09:14:00.517 [main] INFO  edu.bjut.boudia.myMain - meter_8741854896651829015:72522426
raspberrypi 09:14:00.517 [main] INFO  edu.bjut.boudia.myMain - meter_5245904880534942335:repMsg
raspberrypi 09:14:00.518 [main] INFO  edu.bjut.boudia.myMain - meter_5245904880534942335:73473111
raspberrypi 09:14:00.518 [main] INFO  edu.bjut.boudia.myMain - meter_2340140644413879271:repMsg
raspberrypi 09:14:00.518 [main] INFO  edu.bjut.boudia.myMain - meter_2340140644413879271:72933759
raspberrypi 09:14:00.518 [main] INFO  edu.bjut.boudia.myMain - meter_4365352078787727553:repMsg
raspberrypi 09:14:00.518 [main] INFO  edu.bjut.boudia.myMain - meter_4365352078787727553:73666593
raspberrypi 09:14:00.518 [main] INFO  edu.bjut.boudia.myMain - meter_7042526510400147971:repMsg
raspberrypi 09:14:00.518 [main] INFO  edu.bjut.boudia.myMain - meter_7042526510400147971:74699593
raspberrypi 09:14:00.518 [main] INFO  edu.bjut.boudia.myMain - meter_1154029602575800203:repMsg
raspberrypi 09:14:00.518 [main] INFO  edu.bjut.boudia.myMain - meter_1154029602575800203:72742648
raspberrypi 09:14:00.518 [main] INFO  edu.bjut.boudia.myMain - meter_3258957763894398873:repMsg
raspberrypi 09:14:00.518 [main] INFO  edu.bjut.boudia.myMain - meter_3258957763894398873:72212796
raspberrypi 09:14:00.519 [main] INFO  edu.bjut.boudia.myMain - meter_7802020278548600079:repMsg
raspberrypi 09:14:00.521 [main] INFO  edu.bjut.boudia.myMain - meter_7802020278548600079:72760796
raspberrypi 09:14:00.521 [main] INFO  edu.bjut.boudia.myMain - meter_3579979013034005395:repMsg
raspberrypi 09:14:00.521 [main] INFO  edu.bjut.boudia.myMain - meter_3579979013034005395:73199963
raspberrypi 09:14:00.521 [main] INFO  edu.bjut.boudia.myMain - meter_1715824876783208003:repMsg
raspberrypi 09:14:00.522 [main] INFO  edu.bjut.boudia.myMain - meter_1715824876783208003:72810518
raspberrypi 09:14:00.522 [main] INFO  edu.bjut.boudia.myMain - meter_2789735508425564151:repMsg
raspberrypi 09:14:00.522 [main] INFO  edu.bjut.boudia.myMain - meter_2789735508425564151:74579149
raspberrypi 09:14:05.469 [main] INFO  edu.bjut.boudia.myMain - oneTimeMeterRegTime
raspberrypi 09:14:06.560 [main] INFO  edu.bjut.boudia.myMain - server:pubkey
raspberrypi 09:14:06.560 [main] INFO  edu.bjut.boudia.myMain - server:3649
raspberrypi 09:14:06.560 [main] INFO  edu.bjut.boudia.myMain - agg:regMsg,regMsg,regMsg,regMsg,regMsg,regMsg,regMsg,regMsg,regMsg,regMsg,regMsg,regMsg,regMsg,regMsg,regMsg,regMsg,regMsg,regMsg,regMsg,regMsg,regMsg,regMsg,regMsg,regMsg,regMsg,regMsg,regMsg,regMsg,regMsg,regMsg
raspberrypi 09:14:06.560 [main] INFO  edu.bjut.boudia.myMain - agg:18088019,18053740,18050518,18065482,18092277,17991574,17946278,17949259,18035445,18060407,17997352,18119204,18043500,18048889,19866481,18087167,18041482,18069500,18009851,18087555,17970407,18039834,17968000,17924870,18047056,18038463,19770778,18040000,18121222,17961389
raspberrypi 09:14:06.560 [main] INFO  edu.bjut.boudia.myMain - meter_8154718633893718695:regMsg,reg_backagg,reg_cc
raspberrypi 09:14:06.560 [main] INFO  edu.bjut.boudia.myMain - meter_8154718633893718695:555,18236074,741
raspberrypi 09:14:06.560 [main] INFO  edu.bjut.boudia.myMain - meter_4015624833391826761:regMsg,reg_backagg,reg_cc
raspberrypi 09:14:06.561 [main] INFO  edu.bjut.boudia.myMain - meter_4015624833391826761:741,19744852,574
raspberrypi 09:14:06.563 [main] INFO  edu.bjut.boudia.myMain - meter_1387601977774387221:regMsg,reg_backagg,reg_cc
raspberrypi 09:14:06.563 [main] INFO  edu.bjut.boudia.myMain - meter_1387601977774387221:611,18172963,574
raspberrypi 09:14:06.563 [main] INFO  edu.bjut.boudia.myMain - meter_6025636952271749713:regMsg,reg_backagg,reg_cc
raspberrypi 09:14:06.564 [main] INFO  edu.bjut.boudia.myMain - meter_6025636952271749713:667,18038833,333
raspberrypi 09:14:06.564 [main] INFO  edu.bjut.boudia.myMain - meter_2231409469875946659:regMsg,reg_backagg,reg_cc
raspberrypi 09:14:06.564 [main] INFO  edu.bjut.boudia.myMain - meter_2231409469875946659:685,17993296,593
raspberrypi 09:14:06.564 [main] INFO  edu.bjut.boudia.myMain - meter_6635707455420743753:regMsg,reg_backagg,reg_cc
raspberrypi 09:14:06.564 [main] INFO  edu.bjut.boudia.myMain - meter_6635707455420743753:722,18059685,333
raspberrypi 09:14:06.564 [main] INFO  edu.bjut.boudia.myMain - meter_7393260588879824043:regMsg,reg_backagg,reg_cc
raspberrypi 09:14:06.564 [main] INFO  edu.bjut.boudia.myMain - meter_7393260588879824043:666,18060814,537
raspberrypi 09:14:06.564 [main] INFO  edu.bjut.boudia.myMain - meter_60834449866318639:regMsg,reg_backagg,reg_cc
raspberrypi 09:14:06.564 [main] INFO  edu.bjut.boudia.myMain - meter_60834449866318639:851,18143852,537
raspberrypi 09:14:06.564 [main] INFO  edu.bjut.boudia.myMain - meter_2657690419258865129:regMsg,reg_backagg,reg_cc
raspberrypi 09:14:06.564 [main] INFO  edu.bjut.boudia.myMain - meter_2657690419258865129:889,17878334,593
raspberrypi 09:14:06.564 [main] INFO  edu.bjut.boudia.myMain - meter_1703395904647372005:regMsg,reg_backagg,reg_cc
raspberrypi 09:14:06.565 [main] INFO  edu.bjut.boudia.myMain - meter_1703395904647372005:1129,18002074,629
raspberrypi 09:14:06.565 [main] INFO  edu.bjut.boudia.myMain - meter_8835731758148645161:regMsg,reg_backagg,reg_cc
raspberrypi 09:14:06.565 [main] INFO  edu.bjut.boudia.myMain - meter_8835731758148645161:1074,18109093,333
raspberrypi 09:14:06.565 [main] INFO  edu.bjut.boudia.myMain - meter_5480384451174979481:regMsg,reg_backagg,reg_cc
raspberrypi 09:14:06.565 [main] INFO  edu.bjut.boudia.myMain - meter_5480384451174979481:592,18052982,759
raspberrypi 09:14:06.565 [main] INFO  edu.bjut.boudia.myMain - meter_6436533331271584615:regMsg,reg_backagg,reg_cc
raspberrypi 09:14:06.565 [main] INFO  edu.bjut.boudia.myMain - meter_6436533331271584615:685,18096407,852
raspberrypi 09:14:06.565 [main] INFO  edu.bjut.boudia.myMain - meter_848032789693134381:regMsg,reg_backagg,reg_cc
raspberrypi 09:14:06.565 [main] INFO  edu.bjut.boudia.myMain - meter_848032789693134381:723,18089056,648
raspberrypi 09:14:06.565 [main] INFO  edu.bjut.boudia.myMain - meter_8980034503501655665:regMsg,reg_backagg,reg_cc
raspberrypi 09:14:06.565 [main] INFO  edu.bjut.boudia.myMain - meter_8980034503501655665:760,18061777,778
raspberrypi 09:14:06.565 [main] INFO  edu.bjut.boudia.myMain - meter_568331280512599829:regMsg,reg_backagg,reg_cc
raspberrypi 09:14:06.565 [main] INFO  edu.bjut.boudia.myMain - meter_568331280512599829:611,18074056,426
raspberrypi 09:14:06.565 [main] INFO  edu.bjut.boudia.myMain - meter_276593948272331423:regMsg,reg_backagg,reg_cc
raspberrypi 09:14:06.566 [main] INFO  edu.bjut.boudia.myMain - meter_276593948272331423:1074,18261723,555
raspberrypi 09:14:06.566 [main] INFO  edu.bjut.boudia.myMain - meter_2679883434947306233:regMsg,reg_backagg,reg_cc
raspberrypi 09:14:06.566 [main] INFO  edu.bjut.boudia.myMain - meter_2679883434947306233:907,18121130,648
raspberrypi 09:14:06.566 [main] INFO  edu.bjut.boudia.myMain - meter_3826946481743132853:regMsg,reg_backagg,reg_cc
raspberrypi 09:14:06.566 [main] INFO  edu.bjut.boudia.myMain - meter_3826946481743132853:740,18049704,1000
raspberrypi 09:14:06.566 [main] INFO  edu.bjut.boudia.myMain - meter_1083857399648660101:regMsg,reg_backagg,reg_cc
raspberrypi 09:14:06.566 [main] INFO  edu.bjut.boudia.myMain - meter_1083857399648660101:759,18173148,555
raspberrypi 09:14:06.566 [main] INFO  edu.bjut.boudia.myMain - meter_1168785539950006225:regMsg,reg_backagg,reg_cc
raspberrypi 09:14:06.566 [main] INFO  edu.bjut.boudia.myMain - meter_1168785539950006225:666,18081518,722
raspberrypi 09:14:06.566 [main] INFO  edu.bjut.boudia.myMain - meter_2328402017921570565:regMsg,reg_backagg,reg_cc
raspberrypi 09:14:06.566 [main] INFO  edu.bjut.boudia.myMain - meter_2328402017921570565:537,18118426,796
raspberrypi 09:14:06.566 [main] INFO  edu.bjut.boudia.myMain - meter_4956719563987107169:regMsg,reg_backagg,reg_cc
raspberrypi 09:14:06.566 [main] INFO  edu.bjut.boudia.myMain - meter_4956719563987107169:963,18101686,1241
raspberrypi 09:14:06.567 [main] INFO  edu.bjut.boudia.myMain - meter_6510911255426668435:regMsg,reg_backagg,reg_cc
raspberrypi 09:14:06.567 [main] INFO  edu.bjut.boudia.myMain - meter_6510911255426668435:741,18256871,777
raspberrypi 09:14:06.567 [main] INFO  edu.bjut.boudia.myMain - meter_194674933131250399:regMsg,reg_backagg,reg_cc
raspberrypi 09:14:06.567 [main] INFO  edu.bjut.boudia.myMain - meter_194674933131250399:555,18130278,333
raspberrypi 09:14:06.567 [main] INFO  edu.bjut.boudia.myMain - meter_7165107673974244615:regMsg,reg_backagg,reg_cc
raspberrypi 09:14:06.567 [main] INFO  edu.bjut.boudia.myMain - meter_7165107673974244615:797,18149703,537
raspberrypi 09:14:06.567 [main] INFO  edu.bjut.boudia.myMain - meter_681563816215587501:regMsg,reg_backagg,reg_cc
raspberrypi 09:14:06.567 [main] INFO  edu.bjut.boudia.myMain - meter_681563816215587501:444,18181352,889
raspberrypi 09:14:06.567 [main] INFO  edu.bjut.boudia.myMain - meter_4287333821277133829:regMsg,reg_backagg,reg_cc
raspberrypi 09:14:06.567 [main] INFO  edu.bjut.boudia.myMain - meter_4287333821277133829:777,18050500,482
raspberrypi 09:14:06.567 [main] INFO  edu.bjut.boudia.myMain - meter_8225905560174383777:regMsg,reg_backagg,reg_cc
raspberrypi 09:14:06.567 [main] INFO  edu.bjut.boudia.myMain - meter_8225905560174383777:760,18102000,574
raspberrypi 09:14:06.567 [main] INFO  edu.bjut.boudia.myMain - meter_6759171883929553107:regMsg,reg_backagg,reg_cc
raspberrypi 09:14:06.568 [main] INFO  edu.bjut.boudia.myMain - meter_6759171883929553107:778,18077388,574
raspberrypi 09:14:07.675 [main] INFO  edu.bjut.boudia.myMain - oneTimeMeterRepTime
raspberrypi 09:14:10.560 [main] INFO  edu.bjut.boudia.myMain - server:repMsg
raspberrypi 09:14:10.561 [main] INFO  edu.bjut.boudia.myMain - server:90872148
raspberrypi 09:14:10.561 [main] INFO  edu.bjut.boudia.myMain - agg:repMsg
raspberrypi 09:14:10.561 [main] INFO  edu.bjut.boudia.myMain - agg:601007555
raspberrypi 09:14:10.561 [main] INFO  edu.bjut.boudia.myMain - meter_8154718633893718695:repMsg
raspberrypi 09:14:10.561 [main] INFO  edu.bjut.boudia.myMain - meter_8154718633893718695:73812574
raspberrypi 09:14:10.561 [main] INFO  edu.bjut.boudia.myMain - meter_4015624833391826761:repMsg
raspberrypi 09:14:10.561 [main] INFO  edu.bjut.boudia.myMain - meter_4015624833391826761:74519537
raspberrypi 09:14:10.561 [main] INFO  edu.bjut.boudia.myMain - meter_1387601977774387221:repMsg
raspberrypi 09:14:10.561 [main] INFO  edu.bjut.boudia.myMain - meter_1387601977774387221:73055889
raspberrypi 09:14:10.561 [main] INFO  edu.bjut.boudia.myMain - meter_6025636952271749713:repMsg
raspberrypi 09:14:10.561 [main] INFO  edu.bjut.boudia.myMain - meter_6025636952271749713:73244611
raspberrypi 09:14:10.562 [main] INFO  edu.bjut.boudia.myMain - meter_2231409469875946659:repMsg
raspberrypi 09:14:10.562 [main] INFO  edu.bjut.boudia.myMain - meter_2231409469875946659:72761944
raspberrypi 09:14:10.562 [main] INFO  edu.bjut.boudia.myMain - meter_6635707455420743753:repMsg
raspberrypi 09:14:10.562 [main] INFO  edu.bjut.boudia.myMain - meter_6635707455420743753:72758593
raspberrypi 09:14:10.562 [main] INFO  edu.bjut.boudia.myMain - meter_7393260588879824043:repMsg
raspberrypi 09:14:10.562 [main] INFO  edu.bjut.boudia.myMain - meter_7393260588879824043:73306074
raspberrypi 09:14:10.562 [main] INFO  edu.bjut.boudia.myMain - meter_60834449866318639:repMsg
raspberrypi 09:14:10.562 [main] INFO  edu.bjut.boudia.myMain - meter_60834449866318639:74725667
raspberrypi 09:14:10.562 [main] INFO  edu.bjut.boudia.myMain - meter_2657690419258865129:repMsg
raspberrypi 09:14:10.562 [main] INFO  edu.bjut.boudia.myMain - meter_2657690419258865129:72770648
raspberrypi 09:14:10.562 [main] INFO  edu.bjut.boudia.myMain - meter_1703395904647372005:repMsg
raspberrypi 09:14:10.562 [main] INFO  edu.bjut.boudia.myMain - meter_1703395904647372005:72890963
raspberrypi 09:14:10.562 [main] INFO  edu.bjut.boudia.myMain - meter_8835731758148645161:repMsg
raspberrypi 09:14:10.562 [main] INFO  edu.bjut.boudia.myMain - meter_8835731758148645161:72363870
raspberrypi 09:14:10.562 [main] INFO  edu.bjut.boudia.myMain - meter_5480384451174979481:repMsg
raspberrypi 09:14:10.562 [main] INFO  edu.bjut.boudia.myMain - meter_5480384451174979481:71749833
raspberrypi 09:14:10.562 [main] INFO  edu.bjut.boudia.myMain - meter_6436533331271584615:repMsg
raspberrypi 09:14:10.562 [main] INFO  edu.bjut.boudia.myMain - meter_6436533331271584615:72884833
raspberrypi 09:14:10.563 [main] INFO  edu.bjut.boudia.myMain - meter_848032789693134381:repMsg
raspberrypi 09:14:10.563 [main] INFO  edu.bjut.boudia.myMain - meter_848032789693134381:74206667
raspberrypi 09:14:10.563 [main] INFO  edu.bjut.boudia.myMain - meter_8980034503501655665:repMsg
raspberrypi 09:14:10.563 [main] INFO  edu.bjut.boudia.myMain - meter_8980034503501655665:72915463
raspberrypi 09:14:10.563 [main] INFO  edu.bjut.boudia.myMain - meter_568331280512599829:repMsg
raspberrypi 09:14:10.563 [main] INFO  edu.bjut.boudia.myMain - meter_568331280512599829:72966741
raspberrypi 09:14:10.563 [main] INFO  edu.bjut.boudia.myMain - meter_276593948272331423:repMsg
raspberrypi 09:14:10.563 [main] INFO  edu.bjut.boudia.myMain - meter_276593948272331423:72650092
raspberrypi 09:14:10.563 [main] INFO  edu.bjut.boudia.myMain - meter_2679883434947306233:repMsg
raspberrypi 09:14:10.563 [main] INFO  edu.bjut.boudia.myMain - meter_2679883434947306233:72639815
raspberrypi 09:14:10.563 [main] INFO  edu.bjut.boudia.myMain - meter_3826946481743132853:repMsg
raspberrypi 09:14:10.563 [main] INFO  edu.bjut.boudia.myMain - meter_3826946481743132853:72175815
raspberrypi 09:14:10.563 [main] INFO  edu.bjut.boudia.myMain - meter_1083857399648660101:repMsg
raspberrypi 09:14:10.563 [main] INFO  edu.bjut.boudia.myMain - meter_1083857399648660101:74248963
raspberrypi 09:14:10.563 [main] INFO  edu.bjut.boudia.myMain - meter_1168785539950006225:repMsg
raspberrypi 09:14:10.563 [main] INFO  edu.bjut.boudia.myMain - meter_1168785539950006225:72524815
raspberrypi 09:14:10.563 [main] INFO  edu.bjut.boudia.myMain - meter_2328402017921570565:repMsg
raspberrypi 09:14:10.564 [main] INFO  edu.bjut.boudia.myMain - meter_2328402017921570565:72814611
raspberrypi 09:14:10.564 [main] INFO  edu.bjut.boudia.myMain - meter_4956719563987107169:repMsg
raspberrypi 09:14:10.564 [main] INFO  edu.bjut.boudia.myMain - meter_4956719563987107169:72584518
raspberrypi 09:14:10.564 [main] INFO  edu.bjut.boudia.myMain - meter_6510911255426668435:repMsg
raspberrypi 09:14:10.564 [main] INFO  edu.bjut.boudia.myMain - meter_6510911255426668435:72256871
raspberrypi 09:14:10.564 [main] INFO  edu.bjut.boudia.myMain - meter_194674933131250399:repMsg
raspberrypi 09:14:10.564 [main] INFO  edu.bjut.boudia.myMain - meter_194674933131250399:73173963
raspberrypi 09:14:10.564 [main] INFO  edu.bjut.boudia.myMain - meter_7165107673974244615:repMsg
raspberrypi 09:14:10.564 [main] INFO  edu.bjut.boudia.myMain - meter_7165107673974244615:74997889
raspberrypi 09:14:10.564 [main] INFO  edu.bjut.boudia.myMain - meter_681563816215587501:repMsg
raspberrypi 09:14:10.564 [main] INFO  edu.bjut.boudia.myMain - meter_681563816215587501:72996518
raspberrypi 09:14:10.564 [main] INFO  edu.bjut.boudia.myMain - meter_4287333821277133829:repMsg
raspberrypi 09:14:10.564 [main] INFO  edu.bjut.boudia.myMain - meter_4287333821277133829:73379056
raspberrypi 09:14:10.564 [main] INFO  edu.bjut.boudia.myMain - meter_8225905560174383777:repMsg
raspberrypi 09:14:10.564 [main] INFO  edu.bjut.boudia.myMain - meter_8225905560174383777:72396722
raspberrypi 09:14:10.564 [main] INFO  edu.bjut.boudia.myMain - meter_6759171883929553107:repMsg
raspberrypi 09:14:10.564 [main] INFO  edu.bjut.boudia.myMain - meter_6759171883929553107:72595593
raspberrypi 09:14:13.110 [main] INFO  edu.bjut.boudia.myMain - oneTimeMeterRegTime
raspberrypi 09:14:13.839 [main] INFO  edu.bjut.boudia.myMain - server:pubkey
raspberrypi 09:14:13.839 [main] INFO  edu.bjut.boudia.myMain - server:4037
raspberrypi 09:14:13.839 [main] INFO  edu.bjut.boudia.myMain - agg:regMsg,regMsg,regMsg,regMsg,regMsg,regMsg,regMsg,regMsg,regMsg,regMsg,regMsg,regMsg,regMsg,regMsg,regMsg,regMsg,regMsg,regMsg,regMsg,regMsg
raspberrypi 09:14:13.839 [main] INFO  edu.bjut.boudia.myMain - agg:18170166,18004777,17993445,17990037,18035370,18006037,18023186,19792593,18150537,18025926,18008871,18006278,17943908,18147222,18094870,18081537,18114945,18043260,18097074,19705222
raspberrypi 09:14:13.839 [main] INFO  edu.bjut.boudia.myMain - meter_3069504971093551721:regMsg,reg_backagg,reg_cc
raspberrypi 09:14:13.839 [main] INFO  edu.bjut.boudia.myMain - meter_3069504971093551721:741,18303685,833
raspberrypi 09:14:13.840 [main] INFO  edu.bjut.boudia.myMain - meter_4308513255570770727:regMsg,reg_backagg,reg_cc
raspberrypi 09:14:13.843 [main] INFO  edu.bjut.boudia.myMain - meter_4308513255570770727:685,18192926,592
raspberrypi 09:14:13.843 [main] INFO  edu.bjut.boudia.myMain - meter_844501431799158261:regMsg,reg_backagg,reg_cc
raspberrypi 09:14:13.843 [main] INFO  edu.bjut.boudia.myMain - meter_844501431799158261:870,18059204,815
raspberrypi 09:14:13.843 [main] INFO  edu.bjut.boudia.myMain - meter_4369698446748646275:regMsg,reg_backagg,reg_cc
raspberrypi 09:14:13.843 [main] INFO  edu.bjut.boudia.myMain - meter_4369698446748646275:740,18280056,944
raspberrypi 09:14:13.843 [main] INFO  edu.bjut.boudia.myMain - meter_3125006081452916969:regMsg,reg_backagg,reg_cc
raspberrypi 09:14:13.843 [main] INFO  edu.bjut.boudia.myMain - meter_3125006081452916969:1019,18111389,482
raspberrypi 09:14:13.843 [main] INFO  edu.bjut.boudia.myMain - meter_341807080385077393:regMsg,reg_backagg,reg_cc
raspberrypi 09:14:13.844 [main] INFO  edu.bjut.boudia.myMain - meter_341807080385077393:592,18100352,778
raspberrypi 09:14:13.844 [main] INFO  edu.bjut.boudia.myMain - meter_422232439742928081:regMsg,reg_backagg,reg_cc
raspberrypi 09:14:13.844 [main] INFO  edu.bjut.boudia.myMain - meter_422232439742928081:740,18296759,556
raspberrypi 09:14:13.844 [main] INFO  edu.bjut.boudia.myMain - meter_8853458857930805921:regMsg,reg_backagg,reg_cc
raspberrypi 09:14:13.844 [main] INFO  edu.bjut.boudia.myMain - meter_8853458857930805921:926,18205019,648
raspberrypi 09:14:13.844 [main] INFO  edu.bjut.boudia.myMain - meter_7431383549140152327:regMsg,reg_backagg,reg_cc
raspberrypi 09:14:13.844 [main] INFO  edu.bjut.boudia.myMain - meter_7431383549140152327:667,18250667,981
raspberrypi 09:14:13.844 [main] INFO  edu.bjut.boudia.myMain - meter_879708022900872097:regMsg,reg_backagg,reg_cc
raspberrypi 09:14:13.844 [main] INFO  edu.bjut.boudia.myMain - meter_879708022900872097:556,18069166,833
raspberrypi 09:14:13.844 [main] INFO  edu.bjut.boudia.myMain - meter_2797158076387401675:regMsg,reg_backagg,reg_cc
raspberrypi 09:14:13.844 [main] INFO  edu.bjut.boudia.myMain - meter_2797158076387401675:426,17992722,1000
raspberrypi 09:14:13.844 [main] INFO  edu.bjut.boudia.myMain - meter_7308247888966362225:regMsg,reg_backagg,reg_cc
raspberrypi 09:14:13.844 [main] INFO  edu.bjut.boudia.myMain - meter_7308247888966362225:889,18025482,538
raspberrypi 09:14:13.844 [main] INFO  edu.bjut.boudia.myMain - meter_5862171686072551683:regMsg,reg_backagg,reg_cc
raspberrypi 09:14:13.844 [main] INFO  edu.bjut.boudia.myMain - meter_5862171686072551683:667,18075926,537
raspberrypi 09:14:13.844 [main] INFO  edu.bjut.boudia.myMain - meter_484676623538072575:regMsg,reg_backagg,reg_cc
raspberrypi 09:14:13.845 [main] INFO  edu.bjut.boudia.myMain - meter_484676623538072575:611,18055611,611
raspberrypi 09:14:13.845 [main] INFO  edu.bjut.boudia.myMain - meter_7887463091272769505:regMsg,reg_backagg,reg_cc
raspberrypi 09:14:13.845 [main] INFO  edu.bjut.boudia.myMain - meter_7887463091272769505:518,18054259,556
raspberrypi 09:14:13.845 [main] INFO  edu.bjut.boudia.myMain - meter_1295420344644031971:regMsg,reg_backagg,reg_cc
raspberrypi 09:14:13.845 [main] INFO  edu.bjut.boudia.myMain - meter_1295420344644031971:871,18003796,555
raspberrypi 09:14:13.845 [main] INFO  edu.bjut.boudia.myMain - meter_4966974116346328073:regMsg,reg_backagg,reg_cc
raspberrypi 09:14:13.845 [main] INFO  edu.bjut.boudia.myMain - meter_4966974116346328073:556,18100111,519
raspberrypi 09:14:13.845 [main] INFO  edu.bjut.boudia.myMain - meter_2620640793746481735:regMsg,reg_backagg,reg_cc
raspberrypi 09:14:13.845 [main] INFO  edu.bjut.boudia.myMain - meter_2620640793746481735:722,18425555,815
raspberrypi 09:14:13.845 [main] INFO  edu.bjut.boudia.myMain - meter_8756121013359633567:regMsg,reg_backagg,reg_cc
raspberrypi 09:14:13.845 [main] INFO  edu.bjut.boudia.myMain - meter_8756121013359633567:907,18431463,444
raspberrypi 09:14:13.845 [main] INFO  edu.bjut.boudia.myMain - meter_5033198057084263637:regMsg,reg_backagg,reg_cc
raspberrypi 09:14:13.845 [main] INFO  edu.bjut.boudia.myMain - meter_5033198057084263637:852,18333389,574
raspberrypi 09:14:14.585 [main] INFO  edu.bjut.boudia.myMain - oneTimeMeterRepTime
raspberrypi 09:14:16.550 [main] INFO  edu.bjut.boudia.myMain - server:repMsg
raspberrypi 09:14:16.550 [main] INFO  edu.bjut.boudia.myMain - server:93899407
raspberrypi 09:14:16.550 [main] INFO  edu.bjut.boudia.myMain - agg:repMsg
raspberrypi 09:14:16.550 [main] INFO  edu.bjut.boudia.myMain - agg:411208536
raspberrypi 09:14:16.550 [main] INFO  edu.bjut.boudia.myMain - meter_3069504971093551721:repMsg
raspberrypi 09:14:16.550 [main] INFO  edu.bjut.boudia.myMain - meter_3069504971093551721:72747129
raspberrypi 09:14:16.550 [main] INFO  edu.bjut.boudia.myMain - meter_4308513255570770727:repMsg
raspberrypi 09:14:16.550 [main] INFO  edu.bjut.boudia.myMain - meter_4308513255570770727:73494796
raspberrypi 09:14:16.550 [main] INFO  edu.bjut.boudia.myMain - meter_844501431799158261:repMsg
raspberrypi 09:14:16.551 [main] INFO  edu.bjut.boudia.myMain - meter_844501431799158261:72664370
raspberrypi 09:14:16.551 [main] INFO  edu.bjut.boudia.myMain - meter_4369698446748646275:repMsg
raspberrypi 09:14:16.551 [main] INFO  edu.bjut.boudia.myMain - meter_4369698446748646275:72649723
raspberrypi 09:14:16.551 [main] INFO  edu.bjut.boudia.myMain - meter_3125006081452916969:repMsg
raspberrypi 09:14:16.551 [main] INFO  edu.bjut.boudia.myMain - meter_3125006081452916969:72962260
raspberrypi 09:14:16.551 [main] INFO  edu.bjut.boudia.myMain - meter_341807080385077393:repMsg
raspberrypi 09:14:16.551 [main] INFO  edu.bjut.boudia.myMain - meter_341807080385077393:72553093
raspberrypi 09:14:16.551 [main] INFO  edu.bjut.boudia.myMain - meter_422232439742928081:repMsg
raspberrypi 09:14:16.551 [main] INFO  edu.bjut.boudia.myMain - meter_422232439742928081:72786740
raspberrypi 09:14:16.551 [main] INFO  edu.bjut.boudia.myMain - meter_8853458857930805921:repMsg
raspberrypi 09:14:16.551 [main] INFO  edu.bjut.boudia.myMain - meter_8853458857930805921:72643203
raspberrypi 09:14:16.551 [main] INFO  edu.bjut.boudia.myMain - meter_7431383549140152327:repMsg
raspberrypi 09:14:16.551 [main] INFO  edu.bjut.boudia.myMain - meter_7431383549140152327:74435926
raspberrypi 09:14:16.551 [main] INFO  edu.bjut.boudia.myMain - meter_879708022900872097:repMsg
raspberrypi 09:14:16.551 [main] INFO  edu.bjut.boudia.myMain - meter_879708022900872097:72824129
raspberrypi 09:14:16.551 [main] INFO  edu.bjut.boudia.myMain - meter_2797158076387401675:repMsg
raspberrypi 09:14:16.551 [main] INFO  edu.bjut.boudia.myMain - meter_2797158076387401675:72498981
raspberrypi 09:14:16.551 [main] INFO  edu.bjut.boudia.myMain - meter_7308247888966362225:repMsg
raspberrypi 09:14:16.551 [main] INFO  edu.bjut.boudia.myMain - meter_7308247888966362225:72556778
raspberrypi 09:14:16.551 [main] INFO  edu.bjut.boudia.myMain - meter_5862171686072551683:repMsg
raspberrypi 09:14:16.551 [main] INFO  edu.bjut.boudia.myMain - meter_5862171686072551683:72526945
raspberrypi 09:14:16.551 [main] INFO  edu.bjut.boudia.myMain - meter_484676623538072575:repMsg
raspberrypi 09:14:16.551 [main] INFO  edu.bjut.boudia.myMain - meter_484676623538072575:72387222
raspberrypi 09:14:16.551 [main] INFO  edu.bjut.boudia.myMain - meter_7887463091272769505:repMsg
raspberrypi 09:14:16.551 [main] INFO  edu.bjut.boudia.myMain - meter_7887463091272769505:74200722
raspberrypi 09:14:16.551 [main] INFO  edu.bjut.boudia.myMain - meter_1295420344644031971:repMsg
raspberrypi 09:14:16.551 [main] INFO  edu.bjut.boudia.myMain - meter_1295420344644031971:72798185
raspberrypi 09:14:16.552 [main] INFO  edu.bjut.boudia.myMain - meter_4966974116346328073:repMsg
raspberrypi 09:14:16.552 [main] INFO  edu.bjut.boudia.myMain - meter_4966974116346328073:73125556
raspberrypi 09:14:16.552 [main] INFO  edu.bjut.boudia.myMain - meter_2620640793746481735:repMsg
raspberrypi 09:14:16.552 [main] INFO  edu.bjut.boudia.myMain - meter_2620640793746481735:72977259
raspberrypi 09:14:16.552 [main] INFO  edu.bjut.boudia.myMain - meter_8756121013359633567:repMsg
raspberrypi 09:14:16.552 [main] INFO  edu.bjut.boudia.myMain - meter_8756121013359633567:72867389
raspberrypi 09:14:16.552 [main] INFO  edu.bjut.boudia.myMain - meter_5033198057084263637:repMsg
raspberrypi 09:14:16.552 [main] INFO  edu.bjut.boudia.myMain - meter_5033198057084263637:72666018
