raspberrypi 08:48:48.389 [main] INFO  edu.bjut.homo.myMain - meterRegTime
raspberrypi 08:48:49.830 [main] INFO  edu.bjut.homo.myMain - kgc:reg_response,reg_response,reg_response,reg_response,reg_response,reg_response,reg_response,reg_response,reg_response,reg_response,reg_response,reg_response,reg_response,reg_response,reg_response,reg_response,reg_response,reg_response,reg_response,reg_response,reg_response,reg_response,reg_response,reg_response,reg_response,reg_response,reg_response,reg_response,reg_response,reg_response,reg_response,reg_response,reg_response,reg_response,reg_response,reg_response,reg_response,reg_response,reg_response,reg_response,reg_response,reg_response,reg_response,reg_response,reg_response,reg_response,reg_response,reg_response,reg_response,reg_response,reg_response,reg_response,reg_response,reg_response,reg_response,reg_response,reg_response,reg_response,reg_response,reg_response
raspberrypi 08:48:49.830 [main] INFO  edu.bjut.homo.myMain - kgc:24861259,23198018,23695074,22591500,22315555,22160000,21706092,21902945,21857519,21939555,38954629,26076259,26149778,27399000,26065667,25615575,23303629,21571371,20919851,21289370,21091777,21006278,20924944,21785037,21422815,21409982,21180908,22429129,21498889,22374259,33731351,22040944,20725259,20819149,21142740,21151537,20713000,20191649,20241037,20238222,21469611,20710352,20793148,21198166,22507278,20981759,21150259,21093315,20799834,21055611,20757500,33436870,20347870,20215685,20154259,22348629,20339148,20087703,21707407,21181944
raspberrypi 08:48:49.831 [main] INFO  edu.bjut.homo.myMain - meter_2594038272296529669:reg,reg_response
raspberrypi 08:48:49.831 [main] INFO  edu.bjut.homo.myMain - meter_2594038272296529669:1429833,1774093
raspberrypi 08:48:49.832 [main] INFO  edu.bjut.homo.myMain - meter_4185952698643782639:reg,reg_response
raspberrypi 08:48:49.832 [main] INFO  edu.bjut.homo.myMain - meter_4185952698643782639:182982,8015870
raspberrypi 08:48:49.832 [main] INFO  edu.bjut.homo.myMain - meter_3437617002562216863:reg,reg_response
raspberrypi 08:48:49.833 [main] INFO  edu.bjut.homo.myMain - meter_3437617002562216863:333315,980426
raspberrypi 08:48:49.833 [main] INFO  edu.bjut.homo.myMain - meter_4543753907185248467:reg,reg_response
raspberrypi 08:48:49.833 [main] INFO  edu.bjut.homo.myMain - meter_4543753907185248467:313204,890926
raspberrypi 08:48:49.834 [main] INFO  edu.bjut.homo.myMain - meter_4288966780395022201:reg,reg_response
raspberrypi 08:48:49.834 [main] INFO  edu.bjut.homo.myMain - meter_4288966780395022201:297444,750297
raspberrypi 08:48:49.835 [main] INFO  edu.bjut.homo.myMain - meter_2804202460438945713:reg,reg_response
raspberrypi 08:48:49.835 [main] INFO  edu.bjut.homo.myMain - meter_2804202460438945713:205944,889611
raspberrypi 08:48:49.835 [main] INFO  edu.bjut.homo.myMain - meter_1013702750081109289:reg,reg_response
raspberrypi 08:48:49.836 [main] INFO  edu.bjut.homo.myMain - meter_1013702750081109289:210888,766352
raspberrypi 08:48:49.836 [main] INFO  edu.bjut.homo.myMain - meter_1357250533584103325:reg,reg_response
raspberrypi 08:48:49.836 [main] INFO  edu.bjut.homo.myMain - meter_1357250533584103325:188666,838944
raspberrypi 08:48:49.837 [main] INFO  edu.bjut.homo.myMain - meter_4672112755805147765:reg,reg_response
raspberrypi 08:48:49.837 [main] INFO  edu.bjut.homo.myMain - meter_4672112755805147765:199056,851278
raspberrypi 08:48:49.837 [main] INFO  edu.bjut.homo.myMain - meter_5336350040318239247:reg,reg_response
raspberrypi 08:48:49.838 [main] INFO  edu.bjut.homo.myMain - meter_5336350040318239247:268556,737537
raspberrypi 08:48:49.838 [main] INFO  edu.bjut.homo.myMain - meter_6143572035501352177:reg,reg_response
raspberrypi 08:48:49.838 [main] INFO  edu.bjut.homo.myMain - meter_6143572035501352177:201315,833055
raspberrypi 08:48:49.839 [main] INFO  edu.bjut.homo.myMain - meter_29511767793188807:reg,reg_response
raspberrypi 08:48:49.839 [main] INFO  edu.bjut.homo.myMain - meter_29511767793188807:183685,617000
raspberrypi 08:48:49.839 [main] INFO  edu.bjut.homo.myMain - meter_4803792447884925585:reg,reg_response
raspberrypi 08:48:49.840 [main] INFO  edu.bjut.homo.myMain - meter_4803792447884925585:215352,573889
raspberrypi 08:48:49.840 [main] INFO  edu.bjut.homo.myMain - meter_1348238587056657777:reg,reg_response
raspberrypi 08:48:49.840 [main] INFO  edu.bjut.homo.myMain - meter_1348238587056657777:149055,644630
raspberrypi 08:48:49.841 [main] INFO  edu.bjut.homo.myMain - meter_5472613690435394327:reg,reg_response
raspberrypi 08:48:49.841 [main] INFO  edu.bjut.homo.myMain - meter_5472613690435394327:149722,411259
raspberrypi 08:48:49.841 [main] INFO  edu.bjut.homo.myMain - meter_4098692757342018397:reg,reg_response
raspberrypi 08:48:49.841 [main] INFO  edu.bjut.homo.myMain - meter_4098692757342018397:110685,523149
raspberrypi 08:48:49.842 [main] INFO  edu.bjut.homo.myMain - meter_3331202695111343303:reg,reg_response
raspberrypi 08:48:49.842 [main] INFO  edu.bjut.homo.myMain - meter_3331202695111343303:122740,555500
raspberrypi 08:48:49.842 [main] INFO  edu.bjut.homo.myMain - meter_2948111095602615329:reg,reg_response
raspberrypi 08:48:49.843 [main] INFO  edu.bjut.homo.myMain - meter_2948111095602615329:131556,481019
raspberrypi 08:48:49.843 [main] INFO  edu.bjut.homo.myMain - meter_5203747527568120889:reg,reg_response
raspberrypi 08:48:49.843 [main] INFO  edu.bjut.homo.myMain - meter_5203747527568120889:122851,499018
raspberrypi 08:48:49.844 [main] INFO  edu.bjut.homo.myMain - meter_5685456276798875951:reg,reg_response
raspberrypi 08:48:49.844 [main] INFO  edu.bjut.homo.myMain - meter_5685456276798875951:180260,569481
raspberrypi 08:48:49.844 [main] INFO  edu.bjut.homo.myMain - meter_1896497047794248465:reg,reg_response
raspberrypi 08:48:49.845 [main] INFO  edu.bjut.homo.myMain - meter_1896497047794248465:136425,367907
raspberrypi 08:48:49.845 [main] INFO  edu.bjut.homo.myMain - meter_7491451397765528293:reg,reg_response
raspberrypi 08:48:49.845 [main] INFO  edu.bjut.homo.myMain - meter_7491451397765528293:105018,511685
raspberrypi 08:48:49.845 [main] INFO  edu.bjut.homo.myMain - meter_6267606746829517053:reg,reg_response
raspberrypi 08:48:49.846 [main] INFO  edu.bjut.homo.myMain - meter_6267606746829517053:113093,356722
raspberrypi 08:48:49.846 [main] INFO  edu.bjut.homo.myMain - meter_6919598851299708751:reg,reg_response
raspberrypi 08:48:49.847 [main] INFO  edu.bjut.homo.myMain - meter_6919598851299708751:244685,806352
raspberrypi 08:48:49.847 [main] INFO  edu.bjut.homo.myMain - meter_1651567504918266675:reg,reg_response
raspberrypi 08:48:49.847 [main] INFO  edu.bjut.homo.myMain - meter_1651567504918266675:182797,670223
raspberrypi 08:48:49.847 [main] INFO  edu.bjut.homo.myMain - meter_1450123303798461887:reg,reg_response
raspberrypi 08:48:49.848 [main] INFO  edu.bjut.homo.myMain - meter_1450123303798461887:175722,515371
raspberrypi 08:48:49.848 [main] INFO  edu.bjut.homo.myMain - meter_1859982107103358057:reg,reg_response
raspberrypi 08:48:49.848 [main] INFO  edu.bjut.homo.myMain - meter_1859982107103358057:140167,722944
raspberrypi 08:48:49.849 [main] INFO  edu.bjut.homo.myMain - meter_2075759115551659929:reg,reg_response
raspberrypi 08:48:49.849 [main] INFO  edu.bjut.homo.myMain - meter_2075759115551659929:383592,534315
raspberrypi 08:48:49.849 [main] INFO  edu.bjut.homo.myMain - meter_149201208477228089:reg,reg_response
raspberrypi 08:48:49.850 [main] INFO  edu.bjut.homo.myMain - meter_149201208477228089:126907,601833
raspberrypi 08:48:49.850 [main] INFO  edu.bjut.homo.myMain - meter_8446789752256219905:reg,reg_response
raspberrypi 08:48:49.850 [main] INFO  edu.bjut.homo.myMain - meter_8446789752256219905:146519,800407
raspberrypi 08:48:49.850 [main] INFO  edu.bjut.homo.myMain - meter_5164015590320716939:reg,reg_response
raspberrypi 08:48:49.851 [main] INFO  edu.bjut.homo.myMain - meter_5164015590320716939:180648,376963
raspberrypi 08:48:49.851 [main] INFO  edu.bjut.homo.myMain - meter_7852316985406644321:reg,reg_response
raspberrypi 08:48:49.851 [main] INFO  edu.bjut.homo.myMain - meter_7852316985406644321:121093,398093
raspberrypi 08:48:49.851 [main] INFO  edu.bjut.homo.myMain - meter_484361059004359731:reg,reg_response
raspberrypi 08:48:49.851 [main] INFO  edu.bjut.homo.myMain - meter_484361059004359731:109352,411889
raspberrypi 08:48:49.852 [main] INFO  edu.bjut.homo.myMain - meter_3808772726593381955:reg,reg_response
raspberrypi 08:48:49.852 [main] INFO  edu.bjut.homo.myMain - meter_3808772726593381955:109611,529926
raspberrypi 08:48:49.852 [main] INFO  edu.bjut.homo.myMain - meter_3117230739443523659:reg,reg_response
raspberrypi 08:48:49.853 [main] INFO  edu.bjut.homo.myMain - meter_3117230739443523659:106334,502167
raspberrypi 08:48:49.853 [main] INFO  edu.bjut.homo.myMain - meter_1103846547316173707:reg,reg_response
raspberrypi 08:48:49.853 [main] INFO  edu.bjut.homo.myMain - meter_1103846547316173707:173704,424666
raspberrypi 08:48:49.854 [main] INFO  edu.bjut.homo.myMain - meter_6124604699688926417:reg,reg_response
raspberrypi 08:48:49.854 [main] INFO  edu.bjut.homo.myMain - meter_6124604699688926417:109852,277981
raspberrypi 08:48:49.854 [main] INFO  edu.bjut.homo.myMain - meter_5180101776176679565:reg,reg_response
raspberrypi 08:48:49.854 [main] INFO  edu.bjut.homo.myMain - meter_5180101776176679565:92740,338871
raspberrypi 08:48:49.855 [main] INFO  edu.bjut.homo.myMain - meter_283171782219971793:reg,reg_response
raspberrypi 08:48:49.855 [main] INFO  edu.bjut.homo.myMain - meter_283171782219971793:114482,418741
raspberrypi 08:48:49.855 [main] INFO  edu.bjut.homo.myMain - meter_6923352255774928721:reg,reg_response
raspberrypi 08:48:49.856 [main] INFO  edu.bjut.homo.myMain - meter_6923352255774928721:104000,281222
raspberrypi 08:48:49.856 [main] INFO  edu.bjut.homo.myMain - meter_7201873905591700097:reg,reg_response
raspberrypi 08:48:49.856 [main] INFO  edu.bjut.homo.myMain - meter_7201873905591700097:89500,496741
raspberrypi 08:48:49.857 [main] INFO  edu.bjut.homo.myMain - meter_5287844848231611143:reg,reg_response
raspberrypi 08:48:49.858 [main] INFO  edu.bjut.homo.myMain - meter_5287844848231611143:141075,437630
raspberrypi 08:48:49.858 [main] INFO  edu.bjut.homo.myMain - meter_946767721022591663:reg,reg_response
raspberrypi 08:48:49.859 [main] INFO  edu.bjut.homo.myMain - meter_946767721022591663:112222,514537
raspberrypi 08:48:49.860 [main] INFO  edu.bjut.homo.myMain - meter_7006526751473176097:reg,reg_response
raspberrypi 08:48:49.860 [main] INFO  edu.bjut.homo.myMain - meter_7006526751473176097:161851,689815
raspberrypi 08:48:49.861 [main] INFO  edu.bjut.homo.myMain - meter_5704423612611235007:reg,reg_response
raspberrypi 08:48:49.861 [main] INFO  edu.bjut.homo.myMain - meter_5704423612611235007:274611,603241
raspberrypi 08:48:49.861 [main] INFO  edu.bjut.homo.myMain - meter_6382405626559159387:reg,reg_response
raspberrypi 08:48:49.861 [main] INFO  edu.bjut.homo.myMain - meter_6382405626559159387:177222,505371
raspberrypi 08:48:49.861 [main] INFO  edu.bjut.homo.myMain - meter_142717740117731195:reg,reg_response
raspberrypi 08:48:49.862 [main] INFO  edu.bjut.homo.myMain - meter_142717740117731195:126186,540074
raspberrypi 08:48:49.862 [main] INFO  edu.bjut.homo.myMain - meter_6435546455231212415:reg,reg_response
raspberrypi 08:48:49.862 [main] INFO  edu.bjut.homo.myMain - meter_6435546455231212415:112926,343500
raspberrypi 08:48:49.862 [main] INFO  edu.bjut.homo.myMain - meter_3150479212626265725:reg,reg_response
raspberrypi 08:48:49.862 [main] INFO  edu.bjut.homo.myMain - meter_3150479212626265725:91426,430296
raspberrypi 08:48:49.862 [main] INFO  edu.bjut.homo.myMain - meter_8673095588782855843:reg,reg_response
raspberrypi 08:48:49.863 [main] INFO  edu.bjut.homo.myMain - meter_8673095588782855843:163648,378519
raspberrypi 08:48:49.863 [main] INFO  edu.bjut.homo.myMain - meter_2327795040827096613:reg,reg_response
raspberrypi 08:48:49.863 [main] INFO  edu.bjut.homo.myMain - meter_2327795040827096613:171685,337944
raspberrypi 08:48:49.863 [main] INFO  edu.bjut.homo.myMain - meter_8342263676757801297:reg,reg_response
raspberrypi 08:48:49.863 [main] INFO  edu.bjut.homo.myMain - meter_8342263676757801297:97630,271667
raspberrypi 08:48:49.863 [main] INFO  edu.bjut.homo.myMain - meter_5128993107950354685:reg,reg_response
raspberrypi 08:48:49.863 [main] INFO  edu.bjut.homo.myMain - meter_5128993107950354685:213852,427000
raspberrypi 08:48:49.864 [main] INFO  edu.bjut.homo.myMain - meter_4263030143029003685:reg,reg_response
raspberrypi 08:48:49.864 [main] INFO  edu.bjut.homo.myMain - meter_4263030143029003685:164370,260037
raspberrypi 08:48:49.864 [main] INFO  edu.bjut.homo.myMain - meter_1113855213024479015:reg,reg_response
raspberrypi 08:48:49.864 [main] INFO  edu.bjut.homo.myMain - meter_1113855213024479015:82944,375944
raspberrypi 08:48:49.865 [main] INFO  edu.bjut.homo.myMain - meter_505028505527506225:reg,reg_response
raspberrypi 08:48:49.865 [main] INFO  edu.bjut.homo.myMain - meter_505028505527506225:93963,352000
raspberrypi 08:48:49.865 [main] INFO  edu.bjut.homo.myMain - meter_6885778545788823839:reg,reg_response
raspberrypi 08:48:49.865 [main] INFO  edu.bjut.homo.myMain - meter_6885778545788823839:89926,255315
raspberrypi 08:48:49.866 [main] INFO  edu.bjut.homo.myMain - meter_2280066039269219491:reg,reg_response
raspberrypi 08:48:49.866 [main] INFO  edu.bjut.homo.myMain - meter_2280066039269219491:80370,319704
raspberrypi 08:48:49.866 [main] INFO  edu.bjut.homo.myMain - meter_93364649425283259:reg,reg_response
raspberrypi 08:48:49.867 [main] INFO  edu.bjut.homo.myMain - meter_93364649425283259:113371,245333
raspberrypi 08:48:49.867 [main] INFO  edu.bjut.homo.myMain - meter_7563797158738214197:reg,reg_response
raspberrypi 08:48:49.867 [main] INFO  edu.bjut.homo.myMain - meter_7563797158738214197:78130,267351
raspberrypi 08:48:49.875 [main] INFO  edu.bjut.homo.myMain - oneTimeMeterRepTime
raspberrypi 08:48:52.744 [main] INFO  edu.bjut.homo.myMain - agg:resp_agg
raspberrypi 08:48:52.745 [main] INFO  edu.bjut.homo.myMain - agg:994240184
raspberrypi 08:48:52.746 [main] INFO  edu.bjut.homo.myMain - server:report_res
raspberrypi 08:48:52.747 [main] INFO  edu.bjut.homo.myMain - server:42002482
raspberrypi 08:48:52.747 [main] INFO  edu.bjut.homo.myMain - meter_2594038272296529669:report
raspberrypi 08:48:52.748 [main] INFO  edu.bjut.homo.myMain - meter_2594038272296529669:129155000
raspberrypi 08:48:52.749 [main] INFO  edu.bjut.homo.myMain - meter_4185952698643782639:report
raspberrypi 08:48:52.749 [main] INFO  edu.bjut.homo.myMain - meter_4185952698643782639:33974926
raspberrypi 08:48:52.750 [main] INFO  edu.bjut.homo.myMain - meter_3437617002562216863:report
raspberrypi 08:48:52.750 [main] INFO  edu.bjut.homo.myMain - meter_3437617002562216863:30067370
raspberrypi 08:48:52.751 [main] INFO  edu.bjut.homo.myMain - meter_4543753907185248467:report
raspberrypi 08:48:52.751 [main] INFO  edu.bjut.homo.myMain - meter_4543753907185248467:30380944
raspberrypi 08:48:52.751 [main] INFO  edu.bjut.homo.myMain - meter_4288966780395022201:report
raspberrypi 08:48:52.752 [main] INFO  edu.bjut.homo.myMain - meter_4288966780395022201:56069815
raspberrypi 08:48:52.752 [main] INFO  edu.bjut.homo.myMain - meter_2804202460438945713:report
raspberrypi 08:48:52.753 [main] INFO  edu.bjut.homo.myMain - meter_2804202460438945713:30079852
raspberrypi 08:48:52.753 [main] INFO  edu.bjut.homo.myMain - meter_1013702750081109289:report
raspberrypi 08:48:52.753 [main] INFO  edu.bjut.homo.myMain - meter_1013702750081109289:28013834
raspberrypi 08:48:52.754 [main] INFO  edu.bjut.homo.myMain - meter_1357250533584103325:report
raspberrypi 08:48:52.754 [main] INFO  edu.bjut.homo.myMain - meter_1357250533584103325:28303759
raspberrypi 08:48:52.755 [main] INFO  edu.bjut.homo.myMain - meter_4672112755805147765:report
raspberrypi 08:48:52.755 [main] INFO  edu.bjut.homo.myMain - meter_4672112755805147765:28037203
raspberrypi 08:48:52.755 [main] INFO  edu.bjut.homo.myMain - meter_5336350040318239247:report
raspberrypi 08:48:52.755 [main] INFO  edu.bjut.homo.myMain - meter_5336350040318239247:27380518
raspberrypi 08:48:52.755 [main] INFO  edu.bjut.homo.myMain - meter_6143572035501352177:report
raspberrypi 08:48:52.756 [main] INFO  edu.bjut.homo.myMain - meter_6143572035501352177:27561481
raspberrypi 08:48:52.756 [main] INFO  edu.bjut.homo.myMain - meter_29511767793188807:report
raspberrypi 08:48:52.756 [main] INFO  edu.bjut.homo.myMain - meter_29511767793188807:27876537
raspberrypi 08:48:52.756 [main] INFO  edu.bjut.homo.myMain - meter_4803792447884925585:report
raspberrypi 08:48:52.757 [main] INFO  edu.bjut.homo.myMain - meter_4803792447884925585:31971278
raspberrypi 08:48:52.757 [main] INFO  edu.bjut.homo.myMain - meter_1348238587056657777:report
raspberrypi 08:48:52.757 [main] INFO  edu.bjut.homo.myMain - meter_1348238587056657777:27299166
raspberrypi 08:48:52.757 [main] INFO  edu.bjut.homo.myMain - meter_5472613690435394327:report
raspberrypi 08:48:52.757 [main] INFO  edu.bjut.homo.myMain - meter_5472613690435394327:27571240
raspberrypi 08:48:52.758 [main] INFO  edu.bjut.homo.myMain - meter_4098692757342018397:report
raspberrypi 08:48:52.758 [main] INFO  edu.bjut.homo.myMain - meter_4098692757342018397:27533037
raspberrypi 08:48:52.758 [main] INFO  edu.bjut.homo.myMain - meter_3331202695111343303:report
raspberrypi 08:48:52.758 [main] INFO  edu.bjut.homo.myMain - meter_3331202695111343303:27450148
raspberrypi 08:48:52.758 [main] INFO  edu.bjut.homo.myMain - meter_2948111095602615329:report
raspberrypi 08:48:52.758 [main] INFO  edu.bjut.homo.myMain - meter_2948111095602615329:28197833
raspberrypi 08:48:52.759 [main] INFO  edu.bjut.homo.myMain - meter_5203747527568120889:report
raspberrypi 08:48:52.759 [main] INFO  edu.bjut.homo.myMain - meter_5203747527568120889:28134815
raspberrypi 08:48:52.759 [main] INFO  edu.bjut.homo.myMain - meter_5685456276798875951:report
raspberrypi 08:48:52.759 [main] INFO  edu.bjut.homo.myMain - meter_5685456276798875951:28226611
raspberrypi 08:48:52.759 [main] INFO  edu.bjut.homo.myMain - meter_1896497047794248465:report
raspberrypi 08:48:52.759 [main] INFO  edu.bjut.homo.myMain - meter_1896497047794248465:33190445
raspberrypi 08:48:52.759 [main] INFO  edu.bjut.homo.myMain - meter_7491451397765528293:report
raspberrypi 08:48:52.760 [main] INFO  edu.bjut.homo.myMain - meter_7491451397765528293:28938296
raspberrypi 08:48:52.760 [main] INFO  edu.bjut.homo.myMain - meter_6267606746829517053:report
raspberrypi 08:48:52.760 [main] INFO  edu.bjut.homo.myMain - meter_6267606746829517053:29018759
raspberrypi 08:48:52.760 [main] INFO  edu.bjut.homo.myMain - meter_6919598851299708751:report
raspberrypi 08:48:52.760 [main] INFO  edu.bjut.homo.myMain - meter_6919598851299708751:29671407
raspberrypi 08:48:52.760 [main] INFO  edu.bjut.homo.myMain - meter_1651567504918266675:report
raspberrypi 08:48:52.761 [main] INFO  edu.bjut.homo.myMain - meter_1651567504918266675:28823092
raspberrypi 08:48:52.761 [main] INFO  edu.bjut.homo.myMain - meter_1450123303798461887:report
raspberrypi 08:48:52.761 [main] INFO  edu.bjut.homo.myMain - meter_1450123303798461887:28839815
raspberrypi 08:48:52.761 [main] INFO  edu.bjut.homo.myMain - meter_1859982107103358057:report
raspberrypi 08:48:52.761 [main] INFO  edu.bjut.homo.myMain - meter_1859982107103358057:29494629
raspberrypi 08:48:52.762 [main] INFO  edu.bjut.homo.myMain - meter_2075759115551659929:report
raspberrypi 08:48:52.762 [main] INFO  edu.bjut.homo.myMain - meter_2075759115551659929:28923537
raspberrypi 08:48:52.762 [main] INFO  edu.bjut.homo.myMain - meter_149201208477228089:report
raspberrypi 08:48:52.762 [main] INFO  edu.bjut.homo.myMain - meter_149201208477228089:29751963
raspberrypi 08:48:52.762 [main] INFO  edu.bjut.homo.myMain - meter_8446789752256219905:report
raspberrypi 08:48:52.763 [main] INFO  edu.bjut.homo.myMain - meter_8446789752256219905:32402741
raspberrypi 08:48:52.763 [main] INFO  edu.bjut.homo.myMain - meter_5164015590320716939:report
raspberrypi 08:48:52.763 [main] INFO  edu.bjut.homo.myMain - meter_5164015590320716939:27944723
raspberrypi 08:48:52.763 [main] INFO  edu.bjut.homo.myMain - meter_7852316985406644321:report
raspberrypi 08:48:52.763 [main] INFO  edu.bjut.homo.myMain - meter_7852316985406644321:28564278
raspberrypi 08:48:52.763 [main] INFO  edu.bjut.homo.myMain - meter_484361059004359731:report
raspberrypi 08:48:52.763 [main] INFO  edu.bjut.homo.myMain - meter_484361059004359731:28113463
raspberrypi 08:48:52.764 [main] INFO  edu.bjut.homo.myMain - meter_3808772726593381955:report
raspberrypi 08:48:52.764 [main] INFO  edu.bjut.homo.myMain - meter_3808772726593381955:27738019
raspberrypi 08:48:52.764 [main] INFO  edu.bjut.homo.myMain - meter_3117230739443523659:report
raspberrypi 08:48:52.764 [main] INFO  edu.bjut.homo.myMain - meter_3117230739443523659:27200778
raspberrypi 08:48:52.765 [main] INFO  edu.bjut.homo.myMain - meter_1103846547316173707:report
raspberrypi 08:48:52.765 [main] INFO  edu.bjut.homo.myMain - meter_1103846547316173707:27131148
raspberrypi 08:48:52.765 [main] INFO  edu.bjut.homo.myMain - meter_6124604699688926417:report
raspberrypi 08:48:52.765 [main] INFO  edu.bjut.homo.myMain - meter_6124604699688926417:27305518
raspberrypi 08:48:52.765 [main] INFO  edu.bjut.homo.myMain - meter_5180101776176679565:report
raspberrypi 08:48:52.765 [main] INFO  edu.bjut.homo.myMain - meter_5180101776176679565:31489592
raspberrypi 08:48:52.766 [main] INFO  edu.bjut.homo.myMain - meter_283171782219971793:report
raspberrypi 08:48:52.766 [main] INFO  edu.bjut.homo.myMain - meter_283171782219971793:28161277
raspberrypi 08:48:52.766 [main] INFO  edu.bjut.homo.myMain - meter_6923352255774928721:report
raspberrypi 08:48:52.766 [main] INFO  edu.bjut.homo.myMain - meter_6923352255774928721:27980703
raspberrypi 08:48:52.766 [main] INFO  edu.bjut.homo.myMain - meter_7201873905591700097:report
raspberrypi 08:48:52.767 [main] INFO  edu.bjut.homo.myMain - meter_7201873905591700097:27959370
raspberrypi 08:48:52.767 [main] INFO  edu.bjut.homo.myMain - meter_5287844848231611143:report
raspberrypi 08:48:52.767 [main] INFO  edu.bjut.homo.myMain - meter_5287844848231611143:27745055
raspberrypi 08:48:52.767 [main] INFO  edu.bjut.homo.myMain - meter_946767721022591663:report
raspberrypi 08:48:52.767 [main] INFO  edu.bjut.homo.myMain - meter_946767721022591663:26963518
raspberrypi 08:48:52.767 [main] INFO  edu.bjut.homo.myMain - meter_7006526751473176097:report
raspberrypi 08:48:52.768 [main] INFO  edu.bjut.homo.myMain - meter_7006526751473176097:26842926
raspberrypi 08:48:52.768 [main] INFO  edu.bjut.homo.myMain - meter_5704423612611235007:report
raspberrypi 08:48:52.768 [main] INFO  edu.bjut.homo.myMain - meter_5704423612611235007:26851093
raspberrypi 08:48:52.768 [main] INFO  edu.bjut.homo.myMain - meter_6382405626559159387:report
raspberrypi 08:48:52.768 [main] INFO  edu.bjut.homo.myMain - meter_6382405626559159387:30140537
raspberrypi 08:48:52.769 [main] INFO  edu.bjut.homo.myMain - meter_142717740117731195:report
raspberrypi 08:48:52.769 [main] INFO  edu.bjut.homo.myMain - meter_142717740117731195:26883426
raspberrypi 08:48:52.769 [main] INFO  edu.bjut.homo.myMain - meter_6435546455231212415:report
raspberrypi 08:48:52.769 [main] INFO  edu.bjut.homo.myMain - meter_6435546455231212415:26993186
raspberrypi 08:48:52.770 [main] INFO  edu.bjut.homo.myMain - meter_3150479212626265725:report
raspberrypi 08:48:52.770 [main] INFO  edu.bjut.homo.myMain - meter_3150479212626265725:26785426
raspberrypi 08:48:52.771 [main] INFO  edu.bjut.homo.myMain - meter_8673095588782855843:report
raspberrypi 08:48:52.771 [main] INFO  edu.bjut.homo.myMain - meter_8673095588782855843:26753888
raspberrypi 08:48:52.771 [main] INFO  edu.bjut.homo.myMain - meter_2327795040827096613:report
raspberrypi 08:48:52.771 [main] INFO  edu.bjut.homo.myMain - meter_2327795040827096613:26768111
raspberrypi 08:48:52.772 [main] INFO  edu.bjut.homo.myMain - meter_8342263676757801297:report
raspberrypi 08:48:52.772 [main] INFO  edu.bjut.homo.myMain - meter_8342263676757801297:26818518
raspberrypi 08:48:52.772 [main] INFO  edu.bjut.homo.myMain - meter_5128993107950354685:report
raspberrypi 08:48:52.772 [main] INFO  edu.bjut.homo.myMain - meter_5128993107950354685:26884797
raspberrypi 08:48:52.772 [main] INFO  edu.bjut.homo.myMain - meter_4263030143029003685:report
raspberrypi 08:48:52.772 [main] INFO  edu.bjut.homo.myMain - meter_4263030143029003685:26830518
raspberrypi 08:48:52.773 [main] INFO  edu.bjut.homo.myMain - meter_1113855213024479015:report
raspberrypi 08:48:52.773 [main] INFO  edu.bjut.homo.myMain - meter_1113855213024479015:29895833
raspberrypi 08:48:52.773 [main] INFO  edu.bjut.homo.myMain - meter_505028505527506225:report
raspberrypi 08:48:52.773 [main] INFO  edu.bjut.homo.myMain - meter_505028505527506225:26942296
raspberrypi 08:48:52.773 [main] INFO  edu.bjut.homo.myMain - meter_6885778545788823839:report
raspberrypi 08:48:52.774 [main] INFO  edu.bjut.homo.myMain - meter_6885778545788823839:26897000
raspberrypi 08:48:52.774 [main] INFO  edu.bjut.homo.myMain - meter_2280066039269219491:report
raspberrypi 08:48:52.774 [main] INFO  edu.bjut.homo.myMain - meter_2280066039269219491:26768333
raspberrypi 08:48:52.774 [main] INFO  edu.bjut.homo.myMain - meter_93364649425283259:report
raspberrypi 08:48:52.775 [main] INFO  edu.bjut.homo.myMain - meter_93364649425283259:26926296
raspberrypi 08:48:52.775 [main] INFO  edu.bjut.homo.myMain - meter_7563797158738214197:report
raspberrypi 08:48:52.775 [main] INFO  edu.bjut.homo.myMain - meter_7563797158738214197:26823481
raspberrypi 08:49:02.578 [main] INFO  edu.bjut.homo.myMain - meterRegTime
raspberrypi 08:49:03.606 [main] INFO  edu.bjut.homo.myMain - kgc:reg_response,reg_response,reg_response,reg_response,reg_response,reg_response,reg_response,reg_response,reg_response,reg_response,reg_response,reg_response,reg_response,reg_response,reg_response,reg_response,reg_response,reg_response,reg_response,reg_response,reg_response,reg_response,reg_response,reg_response,reg_response,reg_response,reg_response,reg_response,reg_response,reg_response,reg_response,reg_response,reg_response,reg_response,reg_response,reg_response,reg_response,reg_response,reg_response,reg_response,reg_response,reg_response,reg_response,reg_response,reg_response,reg_response,reg_response,reg_response,reg_response,reg_response
raspberrypi 08:49:03.607 [main] INFO  edu.bjut.homo.myMain - kgc:20896037,20953371,20520759,20488703,22295074,20377870,20017797,20340722,19816723,20080222,19807296,19772945,19872463,21847463,19856814,19752611,20376185,19700111,19797074,20303630,20434778,19817445,20260500,19837222,19834463,22147463,20020907,19796704,20181019,20413500,20147296,19993148,20184296,20072926,20893797,20906185,19690722,19853908,21580000,19753259,20189277,19708723,20073185,19967555,20294426,20432352,21799148,20150519,20149445,20016129
raspberrypi 08:49:03.607 [main] INFO  edu.bjut.homo.myMain - meter_1124329673774376783:reg,reg_response
raspberrypi 08:49:03.608 [main] INFO  edu.bjut.homo.myMain - meter_1124329673774376783:173667,222149
raspberrypi 08:49:03.608 [main] INFO  edu.bjut.homo.myMain - meter_7537621825389073103:reg,reg_response
raspberrypi 08:49:03.609 [main] INFO  edu.bjut.homo.myMain - meter_7537621825389073103:63185,286056
raspberrypi 08:49:03.609 [main] INFO  edu.bjut.homo.myMain - meter_8220538283057957941:reg,reg_response
raspberrypi 08:49:03.610 [main] INFO  edu.bjut.homo.myMain - meter_8220538283057957941:88963,250204
raspberrypi 08:49:03.610 [main] INFO  edu.bjut.homo.myMain - meter_8893146164093183615:reg,reg_response
raspberrypi 08:49:03.610 [main] INFO  edu.bjut.homo.myMain - meter_8893146164093183615:89500,449259
raspberrypi 08:49:03.611 [main] INFO  edu.bjut.homo.myMain - meter_4579883530307741907:reg,reg_response
raspberrypi 08:49:03.611 [main] INFO  edu.bjut.homo.myMain - meter_4579883530307741907:50870,266723
raspberrypi 08:49:03.612 [main] INFO  edu.bjut.homo.myMain - meter_7361339166289706179:reg,reg_response
raspberrypi 08:49:03.612 [main] INFO  edu.bjut.homo.myMain - meter_7361339166289706179:52148,210333
raspberrypi 08:49:03.613 [main] INFO  edu.bjut.homo.myMain - meter_970466748837353209:reg,reg_response
raspberrypi 08:49:03.613 [main] INFO  edu.bjut.homo.myMain - meter_970466748837353209:47777,132759
raspberrypi 08:49:03.614 [main] INFO  edu.bjut.homo.myMain - meter_651394179382910825:reg,reg_response
raspberrypi 08:49:03.615 [main] INFO  edu.bjut.homo.myMain - meter_651394179382910825:41166,123796
raspberrypi 08:49:03.615 [main] INFO  edu.bjut.homo.myMain - meter_6823791659000463607:reg,reg_response
raspberrypi 08:49:03.615 [main] INFO  edu.bjut.homo.myMain - meter_6823791659000463607:37556,136778
raspberrypi 08:49:03.616 [main] INFO  edu.bjut.homo.myMain - meter_1334548229245164399:reg,reg_response
raspberrypi 08:49:03.617 [main] INFO  edu.bjut.homo.myMain - meter_1334548229245164399:38612,123500
raspberrypi 08:49:03.617 [main] INFO  edu.bjut.homo.myMain - meter_8032741656461154511:reg,reg_response
raspberrypi 08:49:03.617 [main] INFO  edu.bjut.homo.myMain - meter_8032741656461154511:38723,135481
raspberrypi 08:49:03.617 [main] INFO  edu.bjut.homo.myMain - meter_2670470578401199835:reg,reg_response
raspberrypi 08:49:03.618 [main] INFO  edu.bjut.homo.myMain - meter_2670470578401199835:38500,124130
raspberrypi 08:49:03.618 [main] INFO  edu.bjut.homo.myMain - meter_5577122433774923451:reg,reg_response
raspberrypi 08:49:03.618 [main] INFO  edu.bjut.homo.myMain - meter_5577122433774923451:39260,124463
raspberrypi 08:49:03.619 [main] INFO  edu.bjut.homo.myMain - meter_3708508742567179539:reg,reg_response
raspberrypi 08:49:03.619 [main] INFO  edu.bjut.homo.myMain - meter_3708508742567179539:38981,121926
raspberrypi 08:49:03.619 [main] INFO  edu.bjut.homo.myMain - meter_8015693856204965029:reg,reg_response
raspberrypi 08:49:03.620 [main] INFO  edu.bjut.homo.myMain - meter_8015693856204965029:38223,139944
raspberrypi 08:49:03.620 [main] INFO  edu.bjut.homo.myMain - meter_3603758345846577037:reg,reg_response
raspberrypi 08:49:03.620 [main] INFO  edu.bjut.homo.myMain - meter_3603758345846577037:38333,122963
raspberrypi 08:49:03.621 [main] INFO  edu.bjut.homo.myMain - meter_1888181918095338983:reg,reg_response
raspberrypi 08:49:03.621 [main] INFO  edu.bjut.homo.myMain - meter_1888181918095338983:37612,120334
raspberrypi 08:49:03.621 [main] INFO  edu.bjut.homo.myMain - meter_769444459959021923:reg,reg_response
raspberrypi 08:49:03.621 [main] INFO  edu.bjut.homo.myMain - meter_769444459959021923:38389,121092
raspberrypi 08:49:03.622 [main] INFO  edu.bjut.homo.myMain - meter_2988839752014100531:reg,reg_response
raspberrypi 08:49:03.622 [main] INFO  edu.bjut.homo.myMain - meter_2988839752014100531:38759,143592
raspberrypi 08:49:03.623 [main] INFO  edu.bjut.homo.myMain - meter_8598126905002132375:reg,reg_response
raspberrypi 08:49:03.623 [main] INFO  edu.bjut.homo.myMain - meter_8598126905002132375:38741,122629
raspberrypi 08:49:03.623 [main] INFO  edu.bjut.homo.myMain - meter_2834976822782111339:reg,reg_response
raspberrypi 08:49:03.624 [main] INFO  edu.bjut.homo.myMain - meter_2834976822782111339:41167,123055
raspberrypi 08:49:03.624 [main] INFO  edu.bjut.homo.myMain - meter_2733972147733838873:reg,reg_response
raspberrypi 08:49:03.625 [main] INFO  edu.bjut.homo.myMain - meter_2733972147733838873:38426,121871
raspberrypi 08:49:03.625 [main] INFO  edu.bjut.homo.myMain - meter_57624799768230801:reg,reg_response
raspberrypi 08:49:03.626 [main] INFO  edu.bjut.homo.myMain - meter_57624799768230801:50556,215926
raspberrypi 08:49:03.626 [main] INFO  edu.bjut.homo.myMain - meter_3662407052737913129:reg,reg_response
raspberrypi 08:49:03.627 [main] INFO  edu.bjut.homo.myMain - meter_3662407052737913129:51648,122222
raspberrypi 08:49:03.627 [main] INFO  edu.bjut.homo.myMain - meter_2134274068529765371:reg,reg_response
raspberrypi 08:49:03.628 [main] INFO  edu.bjut.homo.myMain - meter_2134274068529765371:38759,122056
raspberrypi 08:49:03.628 [main] INFO  edu.bjut.homo.myMain - meter_3218306023074011253:reg,reg_response
raspberrypi 08:49:03.629 [main] INFO  edu.bjut.homo.myMain - meter_3218306023074011253:39259,200463
raspberrypi 08:49:03.629 [main] INFO  edu.bjut.homo.myMain - meter_4228214217848884867:reg,reg_response
raspberrypi 08:49:03.629 [main] INFO  edu.bjut.homo.myMain - meter_4228214217848884867:39500,126926
raspberrypi 08:49:03.630 [main] INFO  edu.bjut.homo.myMain - meter_5736120799936489593:reg,reg_response
raspberrypi 08:49:03.630 [main] INFO  edu.bjut.homo.myMain - meter_5736120799936489593:38556,121389
raspberrypi 08:49:03.630 [main] INFO  edu.bjut.homo.myMain - meter_2848385709911861407:reg,reg_response
raspberrypi 08:49:03.630 [main] INFO  edu.bjut.homo.myMain - meter_2848385709911861407:39278,131741
raspberrypi 08:49:03.631 [main] INFO  edu.bjut.homo.myMain - meter_8356137263729257959:reg,reg_response
raspberrypi 08:49:03.631 [main] INFO  edu.bjut.homo.myMain - meter_8356137263729257959:38759,123815
raspberrypi 08:49:03.631 [main] INFO  edu.bjut.homo.myMain - meter_2910299789128238405:reg,reg_response
raspberrypi 08:49:03.631 [main] INFO  edu.bjut.homo.myMain - meter_2910299789128238405:37629,139759
raspberrypi 08:49:03.632 [main] INFO  edu.bjut.homo.myMain - meter_3480853003805974515:reg,reg_response
raspberrypi 08:49:03.632 [main] INFO  edu.bjut.homo.myMain - meter_3480853003805974515:42778,290981
raspberrypi 08:49:03.633 [main] INFO  edu.bjut.homo.myMain - meter_6241211992929764357:reg,reg_response
raspberrypi 08:49:03.633 [main] INFO  edu.bjut.homo.myMain - meter_6241211992929764357:48333,138500
raspberrypi 08:49:03.633 [main] INFO  edu.bjut.homo.myMain - meter_6565287340600369617:reg,reg_response
raspberrypi 08:49:03.634 [main] INFO  edu.bjut.homo.myMain - meter_6565287340600369617:37908,187167
raspberrypi 08:49:03.634 [main] INFO  edu.bjut.homo.myMain - meter_6536451780656145603:reg,reg_response
raspberrypi 08:49:03.635 [main] INFO  edu.bjut.homo.myMain - meter_6536451780656145603:103815,223186
raspberrypi 08:49:03.635 [main] INFO  edu.bjut.homo.myMain - meter_5886547303471550839:reg,reg_response
raspberrypi 08:49:03.635 [main] INFO  edu.bjut.homo.myMain - meter_5886547303471550839:195185,255130
raspberrypi 08:49:03.636 [main] INFO  edu.bjut.homo.myMain - meter_5981932579200800547:reg,reg_response
raspberrypi 08:49:03.636 [main] INFO  edu.bjut.homo.myMain - meter_5981932579200800547:33759,198963
raspberrypi 08:49:03.636 [main] INFO  edu.bjut.homo.myMain - meter_8171960287694312757:reg,reg_response
raspberrypi 08:49:03.636 [main] INFO  edu.bjut.homo.myMain - meter_8171960287694312757:35352,105426
raspberrypi 08:49:03.637 [main] INFO  edu.bjut.homo.myMain - meter_7172024554335550339:reg,reg_response
raspberrypi 08:49:03.639 [main] INFO  edu.bjut.homo.myMain - meter_7172024554335550339:31574,114481
raspberrypi 08:49:03.639 [main] INFO  edu.bjut.homo.myMain - meter_4189407291705277351:reg,reg_response
raspberrypi 08:49:03.639 [main] INFO  edu.bjut.homo.myMain - meter_4189407291705277351:31685,111389
raspberrypi 08:49:03.640 [main] INFO  edu.bjut.homo.myMain - meter_638577166995157347:reg,reg_response
raspberrypi 08:49:03.640 [main] INFO  edu.bjut.homo.myMain - meter_638577166995157347:31740,109148
raspberrypi 08:49:03.640 [main] INFO  edu.bjut.homo.myMain - meter_3786236310665584347:reg,reg_response
raspberrypi 08:49:03.640 [main] INFO  edu.bjut.homo.myMain - meter_3786236310665584347:31648,107648
raspberrypi 08:49:03.641 [main] INFO  edu.bjut.homo.myMain - meter_383822183292639203:reg,reg_response
raspberrypi 08:49:03.641 [main] INFO  edu.bjut.homo.myMain - meter_383822183292639203:32815,127148
raspberrypi 08:49:03.641 [main] INFO  edu.bjut.homo.myMain - meter_185312399945980451:reg,reg_response
raspberrypi 08:49:03.641 [main] INFO  edu.bjut.homo.myMain - meter_185312399945980451:31759,168611
raspberrypi 08:49:03.641 [main] INFO  edu.bjut.homo.myMain - meter_3439420955847849653:reg,reg_response
raspberrypi 08:49:03.642 [main] INFO  edu.bjut.homo.myMain - meter_3439420955847849653:48722,346778
raspberrypi 08:49:03.642 [main] INFO  edu.bjut.homo.myMain - meter_9221487803433809733:reg,reg_response
raspberrypi 08:49:03.642 [main] INFO  edu.bjut.homo.myMain - meter_9221487803433809733:30593,108444
raspberrypi 08:49:03.643 [main] INFO  edu.bjut.homo.myMain - meter_1567541892348617597:reg,reg_response
raspberrypi 08:49:03.643 [main] INFO  edu.bjut.homo.myMain - meter_1567541892348617597:31389,101963
raspberrypi 08:49:03.643 [main] INFO  edu.bjut.homo.myMain - meter_8017815883485614623:reg,reg_response
raspberrypi 08:49:03.643 [main] INFO  edu.bjut.homo.myMain - meter_8017815883485614623:31241,156704
raspberrypi 08:49:03.644 [main] INFO  edu.bjut.homo.myMain - meter_8351221251645195843:reg,reg_response
raspberrypi 08:49:03.644 [main] INFO  edu.bjut.homo.myMain - meter_8351221251645195843:33018,199277
raspberrypi 08:49:03.644 [main] INFO  edu.bjut.homo.myMain - meter_574150577968855799:reg,reg_response
raspberrypi 08:49:03.644 [main] INFO  edu.bjut.homo.myMain - meter_574150577968855799:34315,164963
raspberrypi 08:49:03.645 [main] INFO  edu.bjut.homo.myMain - oneTimeMeterRepTime
raspberrypi 08:49:05.803 [main] INFO  edu.bjut.homo.myMain - agg:resp_agg
raspberrypi 08:49:05.804 [main] INFO  edu.bjut.homo.myMain - agg:771543833
raspberrypi 08:49:05.804 [main] INFO  edu.bjut.homo.myMain - server:report_res
raspberrypi 08:49:05.804 [main] INFO  edu.bjut.homo.myMain - server:38369703
raspberrypi 08:49:05.804 [main] INFO  edu.bjut.homo.myMain - meter_1124329673774376783:report
raspberrypi 08:49:05.805 [main] INFO  edu.bjut.homo.myMain - meter_1124329673774376783:27407537
raspberrypi 08:49:05.805 [main] INFO  edu.bjut.homo.myMain - meter_7537621825389073103:report
raspberrypi 08:49:05.805 [main] INFO  edu.bjut.homo.myMain - meter_7537621825389073103:27844852
raspberrypi 08:49:05.805 [main] INFO  edu.bjut.homo.myMain - meter_8220538283057957941:report
raspberrypi 08:49:05.805 [main] INFO  edu.bjut.homo.myMain - meter_8220538283057957941:26934741
raspberrypi 08:49:05.805 [main] INFO  edu.bjut.homo.myMain - meter_8893146164093183615:report
raspberrypi 08:49:05.805 [main] INFO  edu.bjut.homo.myMain - meter_8893146164093183615:29502370
raspberrypi 08:49:05.805 [main] INFO  edu.bjut.homo.myMain - meter_4579883530307741907:report
raspberrypi 08:49:05.805 [main] INFO  edu.bjut.homo.myMain - meter_4579883530307741907:28002240
raspberrypi 08:49:05.805 [main] INFO  edu.bjut.homo.myMain - meter_7361339166289706179:report
raspberrypi 08:49:05.806 [main] INFO  edu.bjut.homo.myMain - meter_7361339166289706179:27413204
raspberrypi 08:49:05.806 [main] INFO  edu.bjut.homo.myMain - meter_970466748837353209:report
raspberrypi 08:49:05.806 [main] INFO  edu.bjut.homo.myMain - meter_970466748837353209:26937796
raspberrypi 08:49:05.806 [main] INFO  edu.bjut.homo.myMain - meter_651394179382910825:report
raspberrypi 08:49:05.806 [main] INFO  edu.bjut.homo.myMain - meter_651394179382910825:28051574
raspberrypi 08:49:05.806 [main] INFO  edu.bjut.homo.myMain - meter_6823791659000463607:report
raspberrypi 08:49:05.806 [main] INFO  edu.bjut.homo.myMain - meter_6823791659000463607:26591834
raspberrypi 08:49:05.806 [main] INFO  edu.bjut.homo.myMain - meter_1334548229245164399:report
raspberrypi 08:49:05.806 [main] INFO  edu.bjut.homo.myMain - meter_1334548229245164399:26475111
raspberrypi 08:49:05.806 [main] INFO  edu.bjut.homo.myMain - meter_8032741656461154511:report
raspberrypi 08:49:05.807 [main] INFO  edu.bjut.homo.myMain - meter_8032741656461154511:26411093
raspberrypi 08:49:05.807 [main] INFO  edu.bjut.homo.myMain - meter_2670470578401199835:report
raspberrypi 08:49:05.807 [main] INFO  edu.bjut.homo.myMain - meter_2670470578401199835:26289000
raspberrypi 08:49:05.807 [main] INFO  edu.bjut.homo.myMain - meter_5577122433774923451:report
raspberrypi 08:49:05.807 [main] INFO  edu.bjut.homo.myMain - meter_5577122433774923451:26350111
raspberrypi 08:49:05.807 [main] INFO  edu.bjut.homo.myMain - meter_3708508742567179539:report
raspberrypi 08:49:05.807 [main] INFO  edu.bjut.homo.myMain - meter_3708508742567179539:26391222
raspberrypi 08:49:05.807 [main] INFO  edu.bjut.homo.myMain - meter_8015693856204965029:report
raspberrypi 08:49:05.808 [main] INFO  edu.bjut.homo.myMain - meter_8015693856204965029:26390370
raspberrypi 08:49:05.808 [main] INFO  edu.bjut.homo.myMain - meter_3603758345846577037:report
raspberrypi 08:49:05.808 [main] INFO  edu.bjut.homo.myMain - meter_3603758345846577037:28217000
raspberrypi 08:49:05.808 [main] INFO  edu.bjut.homo.myMain - meter_1888181918095338983:report
raspberrypi 08:49:05.808 [main] INFO  edu.bjut.homo.myMain - meter_1888181918095338983:26469629
raspberrypi 08:49:05.808 [main] INFO  edu.bjut.homo.myMain - meter_769444459959021923:report
raspberrypi 08:49:05.808 [main] INFO  edu.bjut.homo.myMain - meter_769444459959021923:26433648
raspberrypi 08:49:05.808 [main] INFO  edu.bjut.homo.myMain - meter_2988839752014100531:report
raspberrypi 08:49:05.808 [main] INFO  edu.bjut.homo.myMain - meter_2988839752014100531:26410370
raspberrypi 08:49:05.808 [main] INFO  edu.bjut.homo.myMain - meter_8598126905002132375:report
raspberrypi 08:49:05.808 [main] INFO  edu.bjut.homo.myMain - meter_8598126905002132375:26504111
raspberrypi 08:49:05.808 [main] INFO  edu.bjut.homo.myMain - meter_2834976822782111339:report
raspberrypi 08:49:05.809 [main] INFO  edu.bjut.homo.myMain - meter_2834976822782111339:26425851
raspberrypi 08:49:05.809 [main] INFO  edu.bjut.homo.myMain - meter_2733972147733838873:report
raspberrypi 08:49:05.809 [main] INFO  edu.bjut.homo.myMain - meter_2733972147733838873:26627223
raspberrypi 08:49:05.809 [main] INFO  edu.bjut.homo.myMain - meter_57624799768230801:report
raspberrypi 08:49:05.809 [main] INFO  edu.bjut.homo.myMain - meter_57624799768230801:26601185
raspberrypi 08:49:05.809 [main] INFO  edu.bjut.homo.myMain - meter_3662407052737913129:report
raspberrypi 08:49:05.809 [main] INFO  edu.bjut.homo.myMain - meter_3662407052737913129:28288444
raspberrypi 08:49:05.809 [main] INFO  edu.bjut.homo.myMain - meter_2134274068529765371:report
raspberrypi 08:49:05.809 [main] INFO  edu.bjut.homo.myMain - meter_2134274068529765371:26389444
raspberrypi 08:49:05.809 [main] INFO  edu.bjut.homo.myMain - meter_3218306023074011253:report
raspberrypi 08:49:05.810 [main] INFO  edu.bjut.homo.myMain - meter_3218306023074011253:26464000
raspberrypi 08:49:05.810 [main] INFO  edu.bjut.homo.myMain - meter_4228214217848884867:report
raspberrypi 08:49:05.810 [main] INFO  edu.bjut.homo.myMain - meter_4228214217848884867:26536241
raspberrypi 08:49:05.810 [main] INFO  edu.bjut.homo.myMain - meter_5736120799936489593:report
raspberrypi 08:49:05.810 [main] INFO  edu.bjut.homo.myMain - meter_5736120799936489593:26431037
raspberrypi 08:49:05.810 [main] INFO  edu.bjut.homo.myMain - meter_2848385709911861407:report
raspberrypi 08:49:05.810 [main] INFO  edu.bjut.homo.myMain - meter_2848385709911861407:26443167
raspberrypi 08:49:05.810 [main] INFO  edu.bjut.homo.myMain - meter_8356137263729257959:report
raspberrypi 08:49:05.810 [main] INFO  edu.bjut.homo.myMain - meter_8356137263729257959:26583241
raspberrypi 08:49:05.811 [main] INFO  edu.bjut.homo.myMain - meter_2910299789128238405:report
raspberrypi 08:49:05.811 [main] INFO  edu.bjut.homo.myMain - meter_2910299789128238405:26309260
raspberrypi 08:49:05.811 [main] INFO  edu.bjut.homo.myMain - meter_3480853003805974515:report
raspberrypi 08:49:05.811 [main] INFO  edu.bjut.homo.myMain - meter_3480853003805974515:26275241
raspberrypi 08:49:05.811 [main] INFO  edu.bjut.homo.myMain - meter_6241211992929764357:report
raspberrypi 08:49:05.811 [main] INFO  edu.bjut.homo.myMain - meter_6241211992929764357:27993241
raspberrypi 08:49:05.811 [main] INFO  edu.bjut.homo.myMain - meter_6565287340600369617:report
raspberrypi 08:49:05.811 [main] INFO  edu.bjut.homo.myMain - meter_6565287340600369617:26123297
raspberrypi 08:49:05.811 [main] INFO  edu.bjut.homo.myMain - meter_6536451780656145603:report
raspberrypi 08:49:05.811 [main] INFO  edu.bjut.homo.myMain - meter_6536451780656145603:26169370
raspberrypi 08:49:05.811 [main] INFO  edu.bjut.homo.myMain - meter_5886547303471550839:report
raspberrypi 08:49:05.812 [main] INFO  edu.bjut.homo.myMain - meter_5886547303471550839:26143611
raspberrypi 08:49:05.812 [main] INFO  edu.bjut.homo.myMain - meter_5981932579200800547:report
raspberrypi 08:49:05.812 [main] INFO  edu.bjut.homo.myMain - meter_5981932579200800547:26523037
raspberrypi 08:49:05.812 [main] INFO  edu.bjut.homo.myMain - meter_8171960287694312757:report
raspberrypi 08:49:05.812 [main] INFO  edu.bjut.homo.myMain - meter_8171960287694312757:27137019
raspberrypi 08:49:05.812 [main] INFO  edu.bjut.homo.myMain - meter_7172024554335550339:report
raspberrypi 08:49:05.812 [main] INFO  edu.bjut.homo.myMain - meter_7172024554335550339:26514315
raspberrypi 08:49:05.812 [main] INFO  edu.bjut.homo.myMain - meter_4189407291705277351:report
raspberrypi 08:49:05.812 [main] INFO  edu.bjut.homo.myMain - meter_4189407291705277351:26459945
raspberrypi 08:49:05.812 [main] INFO  edu.bjut.homo.myMain - meter_638577166995157347:report
raspberrypi 08:49:05.812 [main] INFO  edu.bjut.homo.myMain - meter_638577166995157347:28834296
raspberrypi 08:49:05.813 [main] INFO  edu.bjut.homo.myMain - meter_3786236310665584347:report
raspberrypi 08:49:05.813 [main] INFO  edu.bjut.homo.myMain - meter_3786236310665584347:26739629
raspberrypi 08:49:05.813 [main] INFO  edu.bjut.homo.myMain - meter_383822183292639203:report
raspberrypi 08:49:05.813 [main] INFO  edu.bjut.homo.myMain - meter_383822183292639203:26879833
raspberrypi 08:49:05.813 [main] INFO  edu.bjut.homo.myMain - meter_185312399945980451:report
raspberrypi 08:49:05.813 [main] INFO  edu.bjut.homo.myMain - meter_185312399945980451:27281648
raspberrypi 08:49:05.813 [main] INFO  edu.bjut.homo.myMain - meter_3439420955847849653:report
raspberrypi 08:49:05.813 [main] INFO  edu.bjut.homo.myMain - meter_3439420955847849653:27421889
raspberrypi 08:49:05.813 [main] INFO  edu.bjut.homo.myMain - meter_9221487803433809733:report
raspberrypi 08:49:05.813 [main] INFO  edu.bjut.homo.myMain - meter_9221487803433809733:27370926
raspberrypi 08:49:05.813 [main] INFO  edu.bjut.homo.myMain - meter_1567541892348617597:report
raspberrypi 08:49:05.814 [main] INFO  edu.bjut.homo.myMain - meter_1567541892348617597:27143871
raspberrypi 08:49:05.814 [main] INFO  edu.bjut.homo.myMain - meter_8017815883485614623:report
raspberrypi 08:49:05.814 [main] INFO  edu.bjut.homo.myMain - meter_8017815883485614623:26457815
raspberrypi 08:49:05.814 [main] INFO  edu.bjut.homo.myMain - meter_8351221251645195843:report
raspberrypi 08:49:05.814 [main] INFO  edu.bjut.homo.myMain - meter_8351221251645195843:26434148
raspberrypi 08:49:05.814 [main] INFO  edu.bjut.homo.myMain - meter_574150577968855799:report
raspberrypi 08:49:05.814 [main] INFO  edu.bjut.homo.myMain - meter_574150577968855799:28421944
raspberrypi 08:49:12.523 [main] INFO  edu.bjut.homo.myMain - meterRegTime
raspberrypi 08:49:13.331 [main] INFO  edu.bjut.homo.myMain - kgc:reg_response,reg_response,reg_response,reg_response,reg_response,reg_response,reg_response,reg_response,reg_response,reg_response,reg_response,reg_response,reg_response,reg_response,reg_response,reg_response,reg_response,reg_response,reg_response,reg_response,reg_response,reg_response,reg_response,reg_response,reg_response,reg_response,reg_response,reg_response,reg_response,reg_response,reg_response,reg_response,reg_response,reg_response,reg_response,reg_response,reg_response,reg_response,reg_response,reg_response
raspberrypi 08:49:13.331 [main] INFO  edu.bjut.homo.myMain - kgc:19985259,19653963,19715185,19624740,20029186,19876611,20109611,21520204,21895537,19696852,19653111,19776537,19974611,19617296,19887204,19741166,19923093,19929963,19919537,19576852,20037815,20052314,19873796,19644630,19810204,19887093,19681648,19615352,20671667,20311407,21582352,19678037,19866852,19700518,19790074,19738592,19707574,19732130,20141981,19601389
raspberrypi 08:49:13.331 [main] INFO  edu.bjut.homo.myMain - meter_839245177602987581:reg,reg_response
raspberrypi 08:49:13.331 [main] INFO  edu.bjut.homo.myMain - meter_839245177602987581:138593,131870
raspberrypi 08:49:13.332 [main] INFO  edu.bjut.homo.myMain - meter_3759949456233544409:reg,reg_response
raspberrypi 08:49:13.332 [main] INFO  edu.bjut.homo.myMain - meter_3759949456233544409:32093,95278
raspberrypi 08:49:13.332 [main] INFO  edu.bjut.homo.myMain - meter_7084105099975588855:reg,reg_response
raspberrypi 08:49:13.332 [main] INFO  edu.bjut.homo.myMain - meter_7084105099975588855:31055,108166
raspberrypi 08:49:13.332 [main] INFO  edu.bjut.homo.myMain - meter_1970860598729849591:reg,reg_response
raspberrypi 08:49:13.332 [main] INFO  edu.bjut.homo.myMain - meter_1970860598729849591:30667,93740
raspberrypi 08:49:13.332 [main] INFO  edu.bjut.homo.myMain - meter_2157971996849679913:reg,reg_response
raspberrypi 08:49:13.332 [main] INFO  edu.bjut.homo.myMain - meter_2157971996849679913:48463,99796
raspberrypi 08:49:13.332 [main] INFO  edu.bjut.homo.myMain - meter_8879957805598764423:reg,reg_response
raspberrypi 08:49:13.333 [main] INFO  edu.bjut.homo.myMain - meter_8879957805598764423:31148,96518
raspberrypi 08:49:13.333 [main] INFO  edu.bjut.homo.myMain - meter_8291967407630546625:reg,reg_response
raspberrypi 08:49:13.333 [main] INFO  edu.bjut.homo.myMain - meter_8291967407630546625:30907,207463
raspberrypi 08:49:13.333 [main] INFO  edu.bjut.homo.myMain - meter_2073246610019991253:reg,reg_response
raspberrypi 08:49:13.333 [main] INFO  edu.bjut.homo.myMain - meter_2073246610019991253:36981,146870
raspberrypi 08:49:13.333 [main] INFO  edu.bjut.homo.myMain - meter_2118535900750121647:reg,reg_response
raspberrypi 08:49:13.333 [main] INFO  edu.bjut.homo.myMain - meter_2118535900750121647:70241,92444
raspberrypi 08:49:13.333 [main] INFO  edu.bjut.homo.myMain - meter_5658816247902928185:reg,reg_response
raspberrypi 08:49:13.333 [main] INFO  edu.bjut.homo.myMain - meter_5658816247902928185:30148,93074
raspberrypi 08:49:13.334 [main] INFO  edu.bjut.homo.myMain - meter_8531295714223618905:reg,reg_response
raspberrypi 08:49:13.334 [main] INFO  edu.bjut.homo.myMain - meter_8531295714223618905:30537,181389
raspberrypi 08:49:13.334 [main] INFO  edu.bjut.homo.myMain - meter_449765653869638315:reg,reg_response
raspberrypi 08:49:13.334 [main] INFO  edu.bjut.homo.myMain - meter_449765653869638315:34296,93722
raspberrypi 08:49:13.334 [main] INFO  edu.bjut.homo.myMain - meter_2385112281449346893:reg,reg_response
raspberrypi 08:49:13.334 [main] INFO  edu.bjut.homo.myMain - meter_2385112281449346893:31463,94667
raspberrypi 08:49:13.334 [main] INFO  edu.bjut.homo.myMain - meter_202713378960980143:reg,reg_response
raspberrypi 08:49:13.334 [main] INFO  edu.bjut.homo.myMain - meter_202713378960980143:31685,183259
raspberrypi 08:49:13.334 [main] INFO  edu.bjut.homo.myMain - meter_3099260122811958263:reg,reg_response
raspberrypi 08:49:13.334 [main] INFO  edu.bjut.homo.myMain - meter_3099260122811958263:36278,191963
raspberrypi 08:49:13.334 [main] INFO  edu.bjut.homo.myMain - meter_6610245689680213863:reg,reg_response
raspberrypi 08:49:13.335 [main] INFO  edu.bjut.homo.myMain - meter_6610245689680213863:45555,213092
raspberrypi 08:49:13.335 [main] INFO  edu.bjut.homo.myMain - meter_2174892626483772135:reg,reg_response
raspberrypi 08:49:13.335 [main] INFO  edu.bjut.homo.myMain - meter_2174892626483772135:42500,92148
raspberrypi 08:49:13.335 [main] INFO  edu.bjut.homo.myMain - meter_687688595716660359:reg,reg_response
raspberrypi 08:49:13.335 [main] INFO  edu.bjut.homo.myMain - meter_687688595716660359:31278,103130
raspberrypi 08:49:13.335 [main] INFO  edu.bjut.homo.myMain - meter_5403307297912323211:reg,reg_response
raspberrypi 08:49:13.335 [main] INFO  edu.bjut.homo.myMain - meter_5403307297912323211:30334,92778
raspberrypi 08:49:13.335 [main] INFO  edu.bjut.homo.myMain - meter_3011909601282981655:reg,reg_response
raspberrypi 08:49:13.335 [main] INFO  edu.bjut.homo.myMain - meter_3011909601282981655:32371,105388
raspberrypi 08:49:13.335 [main] INFO  edu.bjut.homo.myMain - meter_4216223966469922451:reg,reg_response
raspberrypi 08:49:13.335 [main] INFO  edu.bjut.homo.myMain - meter_4216223966469922451:32463,92315
raspberrypi 08:49:13.336 [main] INFO  edu.bjut.homo.myMain - meter_9086036543842633139:reg,reg_response
raspberrypi 08:49:13.336 [main] INFO  edu.bjut.homo.myMain - meter_9086036543842633139:32926,91574
raspberrypi 08:49:13.336 [main] INFO  edu.bjut.homo.myMain - meter_2393885531993670425:reg,reg_response
raspberrypi 08:49:13.336 [main] INFO  edu.bjut.homo.myMain - meter_2393885531993670425:31667,88482
raspberrypi 08:49:13.336 [main] INFO  edu.bjut.homo.myMain - meter_2896892001493340417:reg,reg_response
raspberrypi 08:49:13.336 [main] INFO  edu.bjut.homo.myMain - meter_2896892001493340417:31667,91093
raspberrypi 08:49:13.336 [main] INFO  edu.bjut.homo.myMain - meter_2981875929978664241:reg,reg_response
raspberrypi 08:49:13.337 [main] INFO  edu.bjut.homo.myMain - meter_2981875929978664241:31537,91426
raspberrypi 08:49:13.337 [main] INFO  edu.bjut.homo.myMain - meter_1078856058684397471:reg,reg_response
raspberrypi 08:49:13.337 [main] INFO  edu.bjut.homo.myMain - meter_1078856058684397471:32148,92037
raspberrypi 08:49:13.337 [main] INFO  edu.bjut.homo.myMain - meter_4258616138868661157:reg,reg_response
raspberrypi 08:49:13.338 [main] INFO  edu.bjut.homo.myMain - meter_4258616138868661157:31407,95592
raspberrypi 08:49:13.338 [main] INFO  edu.bjut.homo.myMain - meter_3456821930567946785:reg,reg_response
raspberrypi 08:49:13.338 [main] INFO  edu.bjut.homo.myMain - meter_3456821930567946785:32630,88056
raspberrypi 08:49:13.338 [main] INFO  edu.bjut.homo.myMain - meter_6305750098727154597:reg,reg_response
raspberrypi 08:49:13.338 [main] INFO  edu.bjut.homo.myMain - meter_6305750098727154597:31796,93537
raspberrypi 08:49:13.338 [main] INFO  edu.bjut.homo.myMain - meter_982139316669219603:reg,reg_response
raspberrypi 08:49:13.339 [main] INFO  edu.bjut.homo.myMain - meter_982139316669219603:30908,89945
raspberrypi 08:49:13.339 [main] INFO  edu.bjut.homo.myMain - meter_6346753655430668495:reg,reg_response
raspberrypi 08:49:13.339 [main] INFO  edu.bjut.homo.myMain - meter_6346753655430668495:30203,106982
raspberrypi 08:49:13.339 [main] INFO  edu.bjut.homo.myMain - meter_1214822584285642683:reg,reg_response
raspberrypi 08:49:13.339 [main] INFO  edu.bjut.homo.myMain - meter_1214822584285642683:31629,196259
raspberrypi 08:49:13.339 [main] INFO  edu.bjut.homo.myMain - meter_7718620203854563355:reg,reg_response
raspberrypi 08:49:13.339 [main] INFO  edu.bjut.homo.myMain - meter_7718620203854563355:40741,149222
raspberrypi 08:49:13.339 [main] INFO  edu.bjut.homo.myMain - meter_986773459033679585:reg,reg_response
raspberrypi 08:49:13.339 [main] INFO  edu.bjut.homo.myMain - meter_986773459033679585:32463,94722
raspberrypi 08:49:13.339 [main] INFO  edu.bjut.homo.myMain - meter_8395129609449375833:reg,reg_response
raspberrypi 08:49:13.339 [main] INFO  edu.bjut.homo.myMain - meter_8395129609449375833:30185,91629
raspberrypi 08:49:13.339 [main] INFO  edu.bjut.homo.myMain - meter_3018524624566140237:reg,reg_response
raspberrypi 08:49:13.340 [main] INFO  edu.bjut.homo.myMain - meter_3018524624566140237:31593,92630
raspberrypi 08:49:13.340 [main] INFO  edu.bjut.homo.myMain - meter_5842860569519361569:reg,reg_response
raspberrypi 08:49:13.340 [main] INFO  edu.bjut.homo.myMain - meter_5842860569519361569:30185,119852
raspberrypi 08:49:13.340 [main] INFO  edu.bjut.homo.myMain - meter_5581793170862790921:reg,reg_response
raspberrypi 08:49:13.340 [main] INFO  edu.bjut.homo.myMain - meter_5581793170862790921:32000,214148
raspberrypi 08:49:13.340 [main] INFO  edu.bjut.homo.myMain - meter_4460157885348219593:reg,reg_response
raspberrypi 08:49:13.340 [main] INFO  edu.bjut.homo.myMain - meter_4460157885348219593:42462,93296
raspberrypi 08:49:13.340 [main] INFO  edu.bjut.homo.myMain - meter_4807614585859587155:reg,reg_response
raspberrypi 08:49:13.340 [main] INFO  edu.bjut.homo.myMain - meter_4807614585859587155:31389,100574
raspberrypi 08:49:13.341 [main] INFO  edu.bjut.homo.myMain - oneTimeMeterRepTime
raspberrypi 08:49:15.061 [main] INFO  edu.bjut.homo.myMain - agg:resp_agg
raspberrypi 08:49:15.061 [main] INFO  edu.bjut.homo.myMain - agg:622757277
raspberrypi 08:49:15.061 [main] INFO  edu.bjut.homo.myMain - server:report_res
raspberrypi 08:49:15.061 [main] INFO  edu.bjut.homo.myMain - server:38267741
raspberrypi 08:49:15.061 [main] INFO  edu.bjut.homo.myMain - meter_839245177602987581:report
raspberrypi 08:49:15.061 [main] INFO  edu.bjut.homo.myMain - meter_839245177602987581:26228093
raspberrypi 08:49:15.061 [main] INFO  edu.bjut.homo.myMain - meter_3759949456233544409:report
raspberrypi 08:49:15.061 [main] INFO  edu.bjut.homo.myMain - meter_3759949456233544409:26225704
raspberrypi 08:49:15.062 [main] INFO  edu.bjut.homo.myMain - meter_7084105099975588855:report
raspberrypi 08:49:15.062 [main] INFO  edu.bjut.homo.myMain - meter_7084105099975588855:26271018
raspberrypi 08:49:15.062 [main] INFO  edu.bjut.homo.myMain - meter_1970860598729849591:report
raspberrypi 08:49:15.062 [main] INFO  edu.bjut.homo.myMain - meter_1970860598729849591:26373241
raspberrypi 08:49:15.062 [main] INFO  edu.bjut.homo.myMain - meter_2157971996849679913:report
raspberrypi 08:49:15.062 [main] INFO  edu.bjut.homo.myMain - meter_2157971996849679913:27844315
raspberrypi 08:49:15.062 [main] INFO  edu.bjut.homo.myMain - meter_8879957805598764423:report
raspberrypi 08:49:15.062 [main] INFO  edu.bjut.homo.myMain - meter_8879957805598764423:26264259
raspberrypi 08:49:15.062 [main] INFO  edu.bjut.homo.myMain - meter_8291967407630546625:report
raspberrypi 08:49:15.062 [main] INFO  edu.bjut.homo.myMain - meter_8291967407630546625:26089000
raspberrypi 08:49:15.062 [main] INFO  edu.bjut.homo.myMain - meter_2073246610019991253:report
raspberrypi 08:49:15.062 [main] INFO  edu.bjut.homo.myMain - meter_2073246610019991253:26068555
raspberrypi 08:49:15.062 [main] INFO  edu.bjut.homo.myMain - meter_2118535900750121647:report
raspberrypi 08:49:15.062 [main] INFO  edu.bjut.homo.myMain - meter_2118535900750121647:26167371
raspberrypi 08:49:15.062 [main] INFO  edu.bjut.homo.myMain - meter_5658816247902928185:report
raspberrypi 08:49:15.062 [main] INFO  edu.bjut.homo.myMain - meter_5658816247902928185:26134537
raspberrypi 08:49:15.063 [main] INFO  edu.bjut.homo.myMain - meter_8531295714223618905:report
raspberrypi 08:49:15.063 [main] INFO  edu.bjut.homo.myMain - meter_8531295714223618905:26268814
raspberrypi 08:49:15.063 [main] INFO  edu.bjut.homo.myMain - meter_449765653869638315:report
raspberrypi 08:49:15.063 [main] INFO  edu.bjut.homo.myMain - meter_449765653869638315:26143166
raspberrypi 08:49:15.063 [main] INFO  edu.bjut.homo.myMain - meter_2385112281449346893:report
raspberrypi 08:49:15.063 [main] INFO  edu.bjut.homo.myMain - meter_2385112281449346893:26167149
raspberrypi 08:49:15.063 [main] INFO  edu.bjut.homo.myMain - meter_202713378960980143:report
raspberrypi 08:49:15.063 [main] INFO  edu.bjut.homo.myMain - meter_202713378960980143:27750481
raspberrypi 08:49:15.063 [main] INFO  edu.bjut.homo.myMain - meter_3099260122811958263:report
raspberrypi 08:49:15.063 [main] INFO  edu.bjut.homo.myMain - meter_3099260122811958263:26074500
raspberrypi 08:49:15.063 [main] INFO  edu.bjut.homo.myMain - meter_6610245689680213863:report
raspberrypi 08:49:15.063 [main] INFO  edu.bjut.homo.myMain - meter_6610245689680213863:26187703
raspberrypi 08:49:15.063 [main] INFO  edu.bjut.homo.myMain - meter_2174892626483772135:report
raspberrypi 08:49:15.063 [main] INFO  edu.bjut.homo.myMain - meter_2174892626483772135:26119648
raspberrypi 08:49:15.063 [main] INFO  edu.bjut.homo.myMain - meter_687688595716660359:report
raspberrypi 08:49:15.063 [main] INFO  edu.bjut.homo.myMain - meter_687688595716660359:26207796
raspberrypi 08:49:15.063 [main] INFO  edu.bjut.homo.myMain - meter_5403307297912323211:report
raspberrypi 08:49:15.063 [main] INFO  edu.bjut.homo.myMain - meter_5403307297912323211:26306833
raspberrypi 08:49:15.064 [main] INFO  edu.bjut.homo.myMain - meter_3011909601282981655:report
raspberrypi 08:49:15.064 [main] INFO  edu.bjut.homo.myMain - meter_3011909601282981655:26177574
raspberrypi 08:49:15.064 [main] INFO  edu.bjut.homo.myMain - meter_4216223966469922451:report
raspberrypi 08:49:15.064 [main] INFO  edu.bjut.homo.myMain - meter_4216223966469922451:26228240
raspberrypi 08:49:15.064 [main] INFO  edu.bjut.homo.myMain - meter_9086036543842633139:report
raspberrypi 08:49:15.064 [main] INFO  edu.bjut.homo.myMain - meter_9086036543842633139:27807185
raspberrypi 08:49:15.064 [main] INFO  edu.bjut.homo.myMain - meter_2393885531993670425:report
raspberrypi 08:49:15.064 [main] INFO  edu.bjut.homo.myMain - meter_2393885531993670425:26122574
raspberrypi 08:49:15.064 [main] INFO  edu.bjut.homo.myMain - meter_2896892001493340417:report
raspberrypi 08:49:15.064 [main] INFO  edu.bjut.homo.myMain - meter_2896892001493340417:26082760
raspberrypi 08:49:15.064 [main] INFO  edu.bjut.homo.myMain - meter_2981875929978664241:report
raspberrypi 08:49:15.064 [main] INFO  edu.bjut.homo.myMain - meter_2981875929978664241:26125481
raspberrypi 08:49:15.064 [main] INFO  edu.bjut.homo.myMain - meter_1078856058684397471:report
raspberrypi 08:49:15.064 [main] INFO  edu.bjut.homo.myMain - meter_1078856058684397471:26147185
raspberrypi 08:49:15.064 [main] INFO  edu.bjut.homo.myMain - meter_4258616138868661157:report
raspberrypi 08:49:15.064 [main] INFO  edu.bjut.homo.myMain - meter_4258616138868661157:26068222
raspberrypi 08:49:15.065 [main] INFO  edu.bjut.homo.myMain - meter_3456821930567946785:report
raspberrypi 08:49:15.065 [main] INFO  edu.bjut.homo.myMain - meter_3456821930567946785:26233852
raspberrypi 08:49:15.065 [main] INFO  edu.bjut.homo.myMain - meter_6305750098727154597:report
raspberrypi 08:49:15.065 [main] INFO  edu.bjut.homo.myMain - meter_6305750098727154597:26133926
raspberrypi 08:49:15.065 [main] INFO  edu.bjut.homo.myMain - meter_982139316669219603:report
raspberrypi 08:49:15.065 [main] INFO  edu.bjut.homo.myMain - meter_982139316669219603:27886148
raspberrypi 08:49:15.065 [main] INFO  edu.bjut.homo.myMain - meter_6346753655430668495:report
raspberrypi 08:49:15.065 [main] INFO  edu.bjut.homo.myMain - meter_6346753655430668495:26073444
raspberrypi 08:49:15.065 [main] INFO  edu.bjut.homo.myMain - meter_1214822584285642683:report
raspberrypi 08:49:15.065 [main] INFO  edu.bjut.homo.myMain - meter_1214822584285642683:26475963
raspberrypi 08:49:15.065 [main] INFO  edu.bjut.homo.myMain - meter_7718620203854563355:report
raspberrypi 08:49:15.065 [main] INFO  edu.bjut.homo.myMain - meter_7718620203854563355:26375963
raspberrypi 08:49:15.065 [main] INFO  edu.bjut.homo.myMain - meter_986773459033679585:report
raspberrypi 08:49:15.065 [main] INFO  edu.bjut.homo.myMain - meter_986773459033679585:26118019
raspberrypi 08:49:15.065 [main] INFO  edu.bjut.homo.myMain - meter_8395129609449375833:report
raspberrypi 08:49:15.065 [main] INFO  edu.bjut.homo.myMain - meter_8395129609449375833:26208814
raspberrypi 08:49:15.065 [main] INFO  edu.bjut.homo.myMain - meter_3018524624566140237:report
raspberrypi 08:49:15.065 [main] INFO  edu.bjut.homo.myMain - meter_3018524624566140237:26254593
raspberrypi 08:49:15.066 [main] INFO  edu.bjut.homo.myMain - meter_5842860569519361569:report
raspberrypi 08:49:15.066 [main] INFO  edu.bjut.homo.myMain - meter_5842860569519361569:26159519
raspberrypi 08:49:15.066 [main] INFO  edu.bjut.homo.myMain - meter_5581793170862790921:report
raspberrypi 08:49:15.066 [main] INFO  edu.bjut.homo.myMain - meter_5581793170862790921:26592759
raspberrypi 08:49:15.066 [main] INFO  edu.bjut.homo.myMain - meter_4460157885348219593:report
raspberrypi 08:49:15.066 [main] INFO  edu.bjut.homo.myMain - meter_4460157885348219593:28343722
raspberrypi 08:49:15.066 [main] INFO  edu.bjut.homo.myMain - meter_4807614585859587155:report
raspberrypi 08:49:15.066 [main] INFO  edu.bjut.homo.myMain - meter_4807614585859587155:26781574
raspberrypi 08:49:20.416 [main] INFO  edu.bjut.homo.myMain - meterRegTime
raspberrypi 08:49:21.023 [main] INFO  edu.bjut.homo.myMain - kgc:reg_response,reg_response,reg_response,reg_response,reg_response,reg_response,reg_response,reg_response,reg_response,reg_response,reg_response,reg_response,reg_response,reg_response,reg_response,reg_response,reg_response,reg_response,reg_response,reg_response,reg_response,reg_response,reg_response,reg_response,reg_response,reg_response,reg_response,reg_response,reg_response,reg_response
raspberrypi 08:49:21.023 [main] INFO  edu.bjut.homo.myMain - kgc:19932666,19732037,19879074,19719537,20125481,20006963,19705278,20174834,19698778,20116445,19866574,19662407,20105629,19720408,20069926,19765611,20092185,19843037,19588167,24821685,19836518,19541537,19790222,20043129,19802759,19976944,19771870,20196112,19688870,19698833
raspberrypi 08:49:21.023 [main] INFO  edu.bjut.homo.myMain - meter_126650422083394505:reg,reg_response
raspberrypi 08:49:21.023 [main] INFO  edu.bjut.homo.myMain - meter_126650422083394505:132482,92371
raspberrypi 08:49:21.023 [main] INFO  edu.bjut.homo.myMain - meter_2958176906458866559:reg,reg_response
raspberrypi 08:49:21.023 [main] INFO  edu.bjut.homo.myMain - meter_2958176906458866559:31574,109351
raspberrypi 08:49:21.023 [main] INFO  edu.bjut.homo.myMain - meter_7121360035492840689:reg,reg_response
raspberrypi 08:49:21.024 [main] INFO  edu.bjut.homo.myMain - meter_7121360035492840689:31575,88537
raspberrypi 08:49:21.024 [main] INFO  edu.bjut.homo.myMain - meter_6452390668563038369:reg,reg_response
raspberrypi 08:49:21.024 [main] INFO  edu.bjut.homo.myMain - meter_6452390668563038369:43482,134592
raspberrypi 08:49:21.024 [main] INFO  edu.bjut.homo.myMain - meter_6438058965041071791:reg,reg_response
raspberrypi 08:49:21.024 [main] INFO  edu.bjut.homo.myMain - meter_6438058965041071791:41445,159426
raspberrypi 08:49:21.024 [main] INFO  edu.bjut.homo.myMain - meter_6732804427646558695:reg,reg_response
raspberrypi 08:49:21.024 [main] INFO  edu.bjut.homo.myMain - meter_6732804427646558695:32037,91704
raspberrypi 08:49:21.024 [main] INFO  edu.bjut.homo.myMain - meter_526752526651070211:reg,reg_response
raspberrypi 08:49:21.024 [main] INFO  edu.bjut.homo.myMain - meter_526752526651070211:30463,86555
raspberrypi 08:49:21.024 [main] INFO  edu.bjut.homo.myMain - meter_8320300968224143061:reg,reg_response
raspberrypi 08:49:21.025 [main] INFO  edu.bjut.homo.myMain - meter_8320300968224143061:31241,89314
raspberrypi 08:49:21.025 [main] INFO  edu.bjut.homo.myMain - meter_2277314837754364295:reg,reg_response
raspberrypi 08:49:21.025 [main] INFO  edu.bjut.homo.myMain - meter_2277314837754364295:30537,84871
raspberrypi 08:49:21.025 [main] INFO  edu.bjut.homo.myMain - meter_4624213409922247293:reg,reg_response
raspberrypi 08:49:21.025 [main] INFO  edu.bjut.homo.myMain - meter_4624213409922247293:31723,84333
raspberrypi 08:49:21.025 [main] INFO  edu.bjut.homo.myMain - meter_1766939387290090303:reg,reg_response
raspberrypi 08:49:21.025 [main] INFO  edu.bjut.homo.myMain - meter_1766939387290090303:30629,86833
raspberrypi 08:49:21.025 [main] INFO  edu.bjut.homo.myMain - meter_6631652732025547589:reg,reg_response
raspberrypi 08:49:21.025 [main] INFO  edu.bjut.homo.myMain - meter_6631652732025547589:29185,88518
raspberrypi 08:49:21.025 [main] INFO  edu.bjut.homo.myMain - meter_3184097425433816373:reg,reg_response
raspberrypi 08:49:21.025 [main] INFO  edu.bjut.homo.myMain - meter_3184097425433816373:30555,116667
raspberrypi 08:49:21.025 [main] INFO  edu.bjut.homo.myMain - meter_2139152781121618705:reg,reg_response
raspberrypi 08:49:21.025 [main] INFO  edu.bjut.homo.myMain - meter_2139152781121618705:31612,89463
raspberrypi 08:49:21.025 [main] INFO  edu.bjut.homo.myMain - meter_853675525962782885:reg,reg_response
raspberrypi 08:49:21.025 [main] INFO  edu.bjut.homo.myMain - meter_853675525962782885:31370,114519
raspberrypi 08:49:21.026 [main] INFO  edu.bjut.homo.myMain - meter_8137492053181756397:reg,reg_response
raspberrypi 08:49:21.026 [main] INFO  edu.bjut.homo.myMain - meter_8137492053181756397:31481,89722
raspberrypi 08:49:21.026 [main] INFO  edu.bjut.homo.myMain - meter_2882853940129450719:reg,reg_response
raspberrypi 08:49:21.026 [main] INFO  edu.bjut.homo.myMain - meter_2882853940129450719:43852,92352
raspberrypi 08:49:21.026 [main] INFO  edu.bjut.homo.myMain - meter_2870531643293739621:reg,reg_response
raspberrypi 08:49:21.026 [main] INFO  edu.bjut.homo.myMain - meter_2870531643293739621:31240,88593
raspberrypi 08:49:21.026 [main] INFO  edu.bjut.homo.myMain - meter_4643277195894478271:reg,reg_response
raspberrypi 08:49:21.026 [main] INFO  edu.bjut.homo.myMain - meter_4643277195894478271:30908,91593
raspberrypi 08:49:21.026 [main] INFO  edu.bjut.homo.myMain - meter_1904030511757930417:reg,reg_response
raspberrypi 08:49:21.026 [main] INFO  edu.bjut.homo.myMain - meter_1904030511757930417:30129,97129
raspberrypi 08:49:21.027 [main] INFO  edu.bjut.homo.myMain - meter_7426928358596264897:reg,reg_response
raspberrypi 08:49:21.027 [main] INFO  edu.bjut.homo.myMain - meter_7426928358596264897:31129,92519
raspberrypi 08:49:21.027 [main] INFO  edu.bjut.homo.myMain - meter_5623225223115883129:reg,reg_response
raspberrypi 08:49:21.027 [main] INFO  edu.bjut.homo.myMain - meter_5623225223115883129:30944,200314
raspberrypi 08:49:21.027 [main] INFO  edu.bjut.homo.myMain - meter_9065517213092171845:reg,reg_response
raspberrypi 08:49:21.027 [main] INFO  edu.bjut.homo.myMain - meter_9065517213092171845:41926,101834
raspberrypi 08:49:21.027 [main] INFO  edu.bjut.homo.myMain - meter_2946136084616510333:reg,reg_response
raspberrypi 08:49:21.027 [main] INFO  edu.bjut.homo.myMain - meter_2946136084616510333:72612,103982
raspberrypi 08:49:21.027 [main] INFO  edu.bjut.homo.myMain - meter_9120950022938820087:reg,reg_response
raspberrypi 08:49:21.027 [main] INFO  edu.bjut.homo.myMain - meter_9120950022938820087:31722,97426
raspberrypi 08:49:21.027 [main] INFO  edu.bjut.homo.myMain - meter_183337393254844383:reg,reg_response
raspberrypi 08:49:21.027 [main] INFO  edu.bjut.homo.myMain - meter_183337393254844383:31167,89926
raspberrypi 08:49:21.027 [main] INFO  edu.bjut.homo.myMain - meter_4406425190524104423:reg,reg_response
raspberrypi 08:49:21.028 [main] INFO  edu.bjut.homo.myMain - meter_4406425190524104423:30315,92426
raspberrypi 08:49:21.028 [main] INFO  edu.bjut.homo.myMain - meter_2157507301302874833:reg,reg_response
raspberrypi 08:49:21.028 [main] INFO  edu.bjut.homo.myMain - meter_2157507301302874833:30370,89148
raspberrypi 08:49:21.028 [main] INFO  edu.bjut.homo.myMain - meter_253103006118243681:reg,reg_response
raspberrypi 08:49:21.028 [main] INFO  edu.bjut.homo.myMain - meter_253103006118243681:30759,87352
raspberrypi 08:49:21.028 [main] INFO  edu.bjut.homo.myMain - meter_4027729427811086449:reg,reg_response
raspberrypi 08:49:21.028 [main] INFO  edu.bjut.homo.myMain - meter_4027729427811086449:29611,91593
raspberrypi 08:49:21.029 [main] INFO  edu.bjut.homo.myMain - oneTimeMeterRepTime
raspberrypi 08:49:22.351 [main] INFO  edu.bjut.homo.myMain - agg:resp_agg
raspberrypi 08:49:22.351 [main] INFO  edu.bjut.homo.myMain - agg:481812963
raspberrypi 08:49:22.351 [main] INFO  edu.bjut.homo.myMain - server:report_res
raspberrypi 08:49:22.351 [main] INFO  edu.bjut.homo.myMain - server:38206889
raspberrypi 08:49:22.352 [main] INFO  edu.bjut.homo.myMain - meter_126650422083394505:report
raspberrypi 08:49:22.352 [main] INFO  edu.bjut.homo.myMain - meter_126650422083394505:26309500
raspberrypi 08:49:22.352 [main] INFO  edu.bjut.homo.myMain - meter_2958176906458866559:report
raspberrypi 08:49:22.352 [main] INFO  edu.bjut.homo.myMain - meter_2958176906458866559:26136352
raspberrypi 08:49:22.352 [main] INFO  edu.bjut.homo.myMain - meter_7121360035492840689:report
raspberrypi 08:49:22.352 [main] INFO  edu.bjut.homo.myMain - meter_7121360035492840689:26164685
raspberrypi 08:49:22.352 [main] INFO  edu.bjut.homo.myMain - meter_6452390668563038369:report
raspberrypi 08:49:22.352 [main] INFO  edu.bjut.homo.myMain - meter_6452390668563038369:26119556
raspberrypi 08:49:22.352 [main] INFO  edu.bjut.homo.myMain - meter_6438058965041071791:report
raspberrypi 08:49:22.352 [main] INFO  edu.bjut.homo.myMain - meter_6438058965041071791:28989000
raspberrypi 08:49:22.352 [main] INFO  edu.bjut.homo.myMain - meter_6732804427646558695:report
raspberrypi 08:49:22.352 [main] INFO  edu.bjut.homo.myMain - meter_6732804427646558695:26196833
raspberrypi 08:49:22.352 [main] INFO  edu.bjut.homo.myMain - meter_526752526651070211:report
raspberrypi 08:49:22.352 [main] INFO  edu.bjut.homo.myMain - meter_526752526651070211:27065074
raspberrypi 08:49:22.353 [main] INFO  edu.bjut.homo.myMain - meter_8320300968224143061:report
raspberrypi 08:49:22.353 [main] INFO  edu.bjut.homo.myMain - meter_8320300968224143061:26293481
raspberrypi 08:49:22.353 [main] INFO  edu.bjut.homo.myMain - meter_2277314837754364295:report
raspberrypi 08:49:22.353 [main] INFO  edu.bjut.homo.myMain - meter_2277314837754364295:26186963
raspberrypi 08:49:22.353 [main] INFO  edu.bjut.homo.myMain - meter_4624213409922247293:report
raspberrypi 08:49:22.353 [main] INFO  edu.bjut.homo.myMain - meter_4624213409922247293:26321370
raspberrypi 08:49:22.353 [main] INFO  edu.bjut.homo.myMain - meter_1766939387290090303:report
raspberrypi 08:49:22.353 [main] INFO  edu.bjut.homo.myMain - meter_1766939387290090303:26273556
raspberrypi 08:49:22.353 [main] INFO  edu.bjut.homo.myMain - meter_6631652732025547589:report
raspberrypi 08:49:22.353 [main] INFO  edu.bjut.homo.myMain - meter_6631652732025547589:26252222
raspberrypi 08:49:22.353 [main] INFO  edu.bjut.homo.myMain - meter_3184097425433816373:report
raspberrypi 08:49:22.353 [main] INFO  edu.bjut.homo.myMain - meter_3184097425433816373:27822686
raspberrypi 08:49:22.353 [main] INFO  edu.bjut.homo.myMain - meter_2139152781121618705:report
raspberrypi 08:49:22.353 [main] INFO  edu.bjut.homo.myMain - meter_2139152781121618705:26011463
raspberrypi 08:49:22.353 [main] INFO  edu.bjut.homo.myMain - meter_853675525962782885:report
raspberrypi 08:49:22.353 [main] INFO  edu.bjut.homo.myMain - meter_853675525962782885:26139685
raspberrypi 08:49:22.353 [main] INFO  edu.bjut.homo.myMain - meter_8137492053181756397:report
raspberrypi 08:49:22.354 [main] INFO  edu.bjut.homo.myMain - meter_8137492053181756397:26088722
raspberrypi 08:49:22.354 [main] INFO  edu.bjut.homo.myMain - meter_2882853940129450719:report
raspberrypi 08:49:22.354 [main] INFO  edu.bjut.homo.myMain - meter_2882853940129450719:26110555
raspberrypi 08:49:22.354 [main] INFO  edu.bjut.homo.myMain - meter_2870531643293739621:report
raspberrypi 08:49:22.354 [main] INFO  edu.bjut.homo.myMain - meter_2870531643293739621:26219834
raspberrypi 08:49:22.354 [main] INFO  edu.bjut.homo.myMain - meter_4643277195894478271:report
raspberrypi 08:49:22.354 [main] INFO  edu.bjut.homo.myMain - meter_4643277195894478271:26152574
raspberrypi 08:49:22.354 [main] INFO  edu.bjut.homo.myMain - meter_1904030511757930417:report
raspberrypi 08:49:22.354 [main] INFO  edu.bjut.homo.myMain - meter_1904030511757930417:26905463
raspberrypi 08:49:22.354 [main] INFO  edu.bjut.homo.myMain - meter_7426928358596264897:report
raspberrypi 08:49:22.354 [main] INFO  edu.bjut.homo.myMain - meter_7426928358596264897:26512259
raspberrypi 08:49:22.354 [main] INFO  edu.bjut.homo.myMain - meter_5623225223115883129:report
raspberrypi 08:49:22.354 [main] INFO  edu.bjut.homo.myMain - meter_5623225223115883129:28117277
raspberrypi 08:49:22.354 [main] INFO  edu.bjut.homo.myMain - meter_9065517213092171845:report
raspberrypi 08:49:22.354 [main] INFO  edu.bjut.homo.myMain - meter_9065517213092171845:26226389
raspberrypi 08:49:22.354 [main] INFO  edu.bjut.homo.myMain - meter_2946136084616510333:report
raspberrypi 08:49:22.354 [main] INFO  edu.bjut.homo.myMain - meter_2946136084616510333:27897444
raspberrypi 08:49:22.355 [main] INFO  edu.bjut.homo.myMain - meter_9120950022938820087:report
raspberrypi 08:49:22.355 [main] INFO  edu.bjut.homo.myMain - meter_9120950022938820087:26719315
raspberrypi 08:49:22.355 [main] INFO  edu.bjut.homo.myMain - meter_183337393254844383:report
raspberrypi 08:49:22.355 [main] INFO  edu.bjut.homo.myMain - meter_183337393254844383:26698612
raspberrypi 08:49:22.355 [main] INFO  edu.bjut.homo.myMain - meter_4406425190524104423:report
raspberrypi 08:49:22.355 [main] INFO  edu.bjut.homo.myMain - meter_4406425190524104423:26646611
raspberrypi 08:49:22.355 [main] INFO  edu.bjut.homo.myMain - meter_2157507301302874833:report
raspberrypi 08:49:22.355 [main] INFO  edu.bjut.homo.myMain - meter_2157507301302874833:26377407
raspberrypi 08:49:22.355 [main] INFO  edu.bjut.homo.myMain - meter_253103006118243681:report
raspberrypi 08:49:22.355 [main] INFO  edu.bjut.homo.myMain - meter_253103006118243681:26513759
raspberrypi 08:49:22.355 [main] INFO  edu.bjut.homo.myMain - meter_4027729427811086449:report
raspberrypi 08:49:22.355 [main] INFO  edu.bjut.homo.myMain - meter_4027729427811086449:29402648
raspberrypi 08:49:26.008 [main] INFO  edu.bjut.homo.myMain - meterRegTime
raspberrypi 08:49:26.417 [main] INFO  edu.bjut.homo.myMain - kgc:reg_response,reg_response,reg_response,reg_response,reg_response,reg_response,reg_response,reg_response,reg_response,reg_response,reg_response,reg_response,reg_response,reg_response,reg_response,reg_response,reg_response,reg_response,reg_response,reg_response
raspberrypi 08:49:26.417 [main] INFO  edu.bjut.homo.myMain - kgc:19790945,20077519,19601315,19736056,19657982,19890722,19595185,20372297,20009704,19655407,20686204,21536722,20087833,20709037,19972555,20311315,20050018,20306445,19857981,19856871
raspberrypi 08:49:26.417 [main] INFO  edu.bjut.homo.myMain - meter_194403724485389303:reg,reg_response
raspberrypi 08:49:26.417 [main] INFO  edu.bjut.homo.myMain - meter_194403724485389303:131296,88259
raspberrypi 08:49:26.417 [main] INFO  edu.bjut.homo.myMain - meter_7504379935514305675:reg,reg_response
raspberrypi 08:49:26.417 [main] INFO  edu.bjut.homo.myMain - meter_7504379935514305675:30500,85778
raspberrypi 08:49:26.417 [main] INFO  edu.bjut.homo.myMain - meter_5307649329504038135:reg,reg_response
raspberrypi 08:49:26.417 [main] INFO  edu.bjut.homo.myMain - meter_5307649329504038135:29741,86371
raspberrypi 08:49:26.417 [main] INFO  edu.bjut.homo.myMain - meter_4672076555824632873:reg,reg_response
raspberrypi 08:49:26.418 [main] INFO  edu.bjut.homo.myMain - meter_4672076555824632873:30371,87241
raspberrypi 08:49:26.418 [main] INFO  edu.bjut.homo.myMain - meter_6971821243569362517:reg,reg_response
raspberrypi 08:49:26.418 [main] INFO  edu.bjut.homo.myMain - meter_6971821243569362517:30463,86055
raspberrypi 08:49:26.418 [main] INFO  edu.bjut.homo.myMain - meter_8848534414759076269:reg,reg_response
raspberrypi 08:49:26.418 [main] INFO  edu.bjut.homo.myMain - meter_8848534414759076269:30352,92926
raspberrypi 08:49:26.418 [main] INFO  edu.bjut.homo.myMain - meter_9195038673615815197:reg,reg_response
raspberrypi 08:49:26.418 [main] INFO  edu.bjut.homo.myMain - meter_9195038673615815197:29870,89908
raspberrypi 08:49:26.419 [main] INFO  edu.bjut.homo.myMain - meter_1903254316917499967:reg,reg_response
raspberrypi 08:49:26.419 [main] INFO  edu.bjut.homo.myMain - meter_1903254316917499967:30240,2884908
raspberrypi 08:49:26.419 [main] INFO  edu.bjut.homo.myMain - meter_37637097925708655:reg,reg_response
raspberrypi 08:49:26.419 [main] INFO  edu.bjut.homo.myMain - meter_37637097925708655:40426,105037
raspberrypi 08:49:26.419 [main] INFO  edu.bjut.homo.myMain - meter_4879390310194689997:reg,reg_response
raspberrypi 08:49:26.419 [main] INFO  edu.bjut.homo.myMain - meter_4879390310194689997:30407,163685
raspberrypi 08:49:26.419 [main] INFO  edu.bjut.homo.myMain - meter_1053915041004387421:reg,reg_response
raspberrypi 08:49:26.419 [main] INFO  edu.bjut.homo.myMain - meter_1053915041004387421:34574,97407
raspberrypi 08:49:26.419 [main] INFO  edu.bjut.homo.myMain - meter_3905466531009362027:reg,reg_response
raspberrypi 08:49:26.419 [main] INFO  edu.bjut.homo.myMain - meter_3905466531009362027:32426,123703
raspberrypi 08:49:26.420 [main] INFO  edu.bjut.homo.myMain - meter_4507458391339871411:reg,reg_response
raspberrypi 08:49:26.420 [main] INFO  edu.bjut.homo.myMain - meter_4507458391339871411:34592,116500
raspberrypi 08:49:26.420 [main] INFO  edu.bjut.homo.myMain - meter_6111726736681537843:reg,reg_response
raspberrypi 08:49:26.420 [main] INFO  edu.bjut.homo.myMain - meter_6111726736681537843:33648,125019
raspberrypi 08:49:26.420 [main] INFO  edu.bjut.homo.myMain - meter_2617365954004628439:reg,reg_response
raspberrypi 08:49:26.420 [main] INFO  edu.bjut.homo.myMain - meter_2617365954004628439:35574,121666
raspberrypi 08:49:26.420 [main] INFO  edu.bjut.homo.myMain - meter_4857207068730799881:reg,reg_response
raspberrypi 08:49:26.420 [main] INFO  edu.bjut.homo.myMain - meter_4857207068730799881:34870,148241
raspberrypi 08:49:26.420 [main] INFO  edu.bjut.homo.myMain - meter_4014320540698114159:reg,reg_response
raspberrypi 08:49:26.421 [main] INFO  edu.bjut.homo.myMain - meter_4014320540698114159:38204,95037
raspberrypi 08:49:26.421 [main] INFO  edu.bjut.homo.myMain - meter_3711872764008108073:reg,reg_response
raspberrypi 08:49:26.421 [main] INFO  edu.bjut.homo.myMain - meter_3711872764008108073:33611,92537
raspberrypi 08:49:26.421 [main] INFO  edu.bjut.homo.myMain - meter_5448102272111360057:reg,reg_response
raspberrypi 08:49:26.421 [main] INFO  edu.bjut.homo.myMain - meter_5448102272111360057:32834,94574
raspberrypi 08:49:26.421 [main] INFO  edu.bjut.homo.myMain - meter_5822969313524966589:reg,reg_response
raspberrypi 08:49:26.421 [main] INFO  edu.bjut.homo.myMain - meter_5822969313524966589:31704,77037
raspberrypi 08:49:26.422 [main] INFO  edu.bjut.homo.myMain - oneTimeMeterRepTime
raspberrypi 08:49:27.293 [main] INFO  edu.bjut.homo.myMain - agg:resp_agg
raspberrypi 08:49:27.293 [main] INFO  edu.bjut.homo.myMain - agg:304781741
raspberrypi 08:49:27.294 [main] INFO  edu.bjut.homo.myMain - server:report_res
raspberrypi 08:49:27.294 [main] INFO  edu.bjut.homo.myMain - server:38138630
raspberrypi 08:49:27.294 [main] INFO  edu.bjut.homo.myMain - meter_194403724485389303:report
raspberrypi 08:49:27.294 [main] INFO  edu.bjut.homo.myMain - meter_194403724485389303:26505203
raspberrypi 08:49:27.294 [main] INFO  edu.bjut.homo.myMain - meter_7504379935514305675:report
raspberrypi 08:49:27.294 [main] INFO  edu.bjut.homo.myMain - meter_7504379935514305675:26180796
raspberrypi 08:49:27.294 [main] INFO  edu.bjut.homo.myMain - meter_5307649329504038135:report
raspberrypi 08:49:27.294 [main] INFO  edu.bjut.homo.myMain - meter_5307649329504038135:26137371
raspberrypi 08:49:27.294 [main] INFO  edu.bjut.homo.myMain - meter_4672076555824632873:report
raspberrypi 08:49:27.294 [main] INFO  edu.bjut.homo.myMain - meter_4672076555824632873:26084315
raspberrypi 08:49:27.294 [main] INFO  edu.bjut.homo.myMain - meter_6971821243569362517:report
raspberrypi 08:49:27.294 [main] INFO  edu.bjut.homo.myMain - meter_6971821243569362517:26060648
raspberrypi 08:49:27.294 [main] INFO  edu.bjut.homo.myMain - meter_8848534414759076269:report
raspberrypi 08:49:27.294 [main] INFO  edu.bjut.homo.myMain - meter_8848534414759076269:27587185
raspberrypi 08:49:27.294 [main] INFO  edu.bjut.homo.myMain - meter_9195038673615815197:report
raspberrypi 08:49:27.294 [main] INFO  edu.bjut.homo.myMain - meter_9195038673615815197:26057815
raspberrypi 08:49:27.294 [main] INFO  edu.bjut.homo.myMain - meter_1903254316917499967:report
raspberrypi 08:49:27.294 [main] INFO  edu.bjut.homo.myMain - meter_1903254316917499967:25979204
raspberrypi 08:49:27.295 [main] INFO  edu.bjut.homo.myMain - meter_37637097925708655:report
raspberrypi 08:49:27.295 [main] INFO  edu.bjut.homo.myMain - meter_37637097925708655:26035834
raspberrypi 08:49:27.295 [main] INFO  edu.bjut.homo.myMain - meter_4879390310194689997:report
raspberrypi 08:49:27.295 [main] INFO  edu.bjut.homo.myMain - meter_4879390310194689997:26027278
raspberrypi 08:49:27.295 [main] INFO  edu.bjut.homo.myMain - meter_1053915041004387421:report
raspberrypi 08:49:27.295 [main] INFO  edu.bjut.homo.myMain - meter_1053915041004387421:26326333
raspberrypi 08:49:27.295 [main] INFO  edu.bjut.homo.myMain - meter_3905466531009362027:report
raspberrypi 08:49:27.295 [main] INFO  edu.bjut.homo.myMain - meter_3905466531009362027:26279278
raspberrypi 08:49:27.295 [main] INFO  edu.bjut.homo.myMain - meter_4507458391339871411:report
raspberrypi 08:49:27.295 [main] INFO  edu.bjut.homo.myMain - meter_4507458391339871411:26086204
raspberrypi 08:49:27.295 [main] INFO  edu.bjut.homo.myMain - meter_6111726736681537843:report
raspberrypi 08:49:27.295 [main] INFO  edu.bjut.homo.myMain - meter_6111726736681537843:27652000
raspberrypi 08:49:27.295 [main] INFO  edu.bjut.homo.myMain - meter_2617365954004628439:report
raspberrypi 08:49:27.295 [main] INFO  edu.bjut.homo.myMain - meter_2617365954004628439:25929000
raspberrypi 08:49:27.295 [main] INFO  edu.bjut.homo.myMain - meter_4857207068730799881:report
raspberrypi 08:49:27.295 [main] INFO  edu.bjut.homo.myMain - meter_4857207068730799881:26252352
raspberrypi 08:49:27.295 [main] INFO  edu.bjut.homo.myMain - meter_4014320540698114159:report
raspberrypi 08:49:27.295 [main] INFO  edu.bjut.homo.myMain - meter_4014320540698114159:26389352
raspberrypi 08:49:27.296 [main] INFO  edu.bjut.homo.myMain - meter_3711872764008108073:report
raspberrypi 08:49:27.296 [main] INFO  edu.bjut.homo.myMain - meter_3711872764008108073:25960166
raspberrypi 08:49:27.296 [main] INFO  edu.bjut.homo.myMain - meter_5448102272111360057:report
raspberrypi 08:49:27.296 [main] INFO  edu.bjut.homo.myMain - meter_5448102272111360057:26812889
raspberrypi 08:49:27.296 [main] INFO  edu.bjut.homo.myMain - meter_5822969313524966589:report
raspberrypi 08:49:27.296 [main] INFO  edu.bjut.homo.myMain - meter_5822969313524966589:26069278
