raspberrypi 16:30:09.955 [main] INFO  edu.bjut.homo.myMain - meterRegTime
raspberrypi 16:30:11.370 [main] INFO  edu.bjut.homo.myMain - kgc:reg_response,reg_response,reg_response,reg_response,reg_response,reg_response,reg_response,reg_response,reg_response,reg_response,reg_response,reg_response,reg_response,reg_response,reg_response,reg_response,reg_response,reg_response,reg_response,reg_response,reg_response,reg_response,reg_response,reg_response,reg_response,reg_response,reg_response,reg_response,reg_response,reg_response,reg_response,reg_response,reg_response,reg_response,reg_response,reg_response,reg_response,reg_response,reg_response,reg_response,reg_response,reg_response,reg_response,reg_response,reg_response,reg_response,reg_response,reg_response,reg_response,reg_response,reg_response,reg_response,reg_response,reg_response,reg_response,reg_response,reg_response,reg_response,reg_response,reg_response
raspberrypi 16:30:11.371 [main] INFO  edu.bjut.homo.myMain - kgc:22690074,23188463,24332055,34614963,22081223,21545685,21400537,21646351,21804555,22458685,21378889,21935889,22160018,21818278,21179500,22165351,21990741,21155333,21209371,32585000,20750500,20552667,20754019,21366407,21278222,21265278,22088741,21239981,21900500,21200407,21914815,21656462,20509296,21015556,20573833,34467611,20874407,20478314,20287462,20179815,20407481,20671371,20758870,21170815,20952574,21522667,21302408,20762055,21693000,20642037,20857055,20632129,20820222,33818815,20222982,20433093,20145852,20405463,20069926,20232982
raspberrypi 16:30:11.372 [main] INFO  edu.bjut.homo.myMain - meter_9116443959123849521:reg,reg_response
raspberrypi 16:30:11.372 [main] INFO  edu.bjut.homo.myMain - meter_9116443959123849521:1478445,2023888
raspberrypi 16:30:11.372 [main] INFO  edu.bjut.homo.myMain - meter_1620701973086540987:reg,reg_response
raspberrypi 16:30:11.373 [main] INFO  edu.bjut.homo.myMain - meter_1620701973086540987:238482,8953777
raspberrypi 16:30:11.373 [main] INFO  edu.bjut.homo.myMain - meter_3009193305701782195:reg,reg_response
raspberrypi 16:30:11.373 [main] INFO  edu.bjut.homo.myMain - meter_3009193305701782195:333167,974463
raspberrypi 16:30:11.374 [main] INFO  edu.bjut.homo.myMain - meter_4253571657820671309:reg,reg_response
raspberrypi 16:30:11.374 [main] INFO  edu.bjut.homo.myMain - meter_4253571657820671309:258612,797000
raspberrypi 16:30:11.374 [main] INFO  edu.bjut.homo.myMain - meter_5261075246565140511:reg,reg_response
raspberrypi 16:30:11.375 [main] INFO  edu.bjut.homo.myMain - meter_5261075246565140511:215537,726833
raspberrypi 16:30:11.375 [main] INFO  edu.bjut.homo.myMain - meter_6262105067640347229:reg,reg_response
raspberrypi 16:30:11.375 [main] INFO  edu.bjut.homo.myMain - meter_6262105067640347229:198259,892296
raspberrypi 16:30:11.376 [main] INFO  edu.bjut.homo.myMain - meter_4156235617561835191:reg,reg_response
raspberrypi 16:30:11.376 [main] INFO  edu.bjut.homo.myMain - meter_4156235617561835191:215778,789555
raspberrypi 16:30:11.376 [main] INFO  edu.bjut.homo.myMain - meter_3316645186611320749:reg,reg_response
raspberrypi 16:30:11.376 [main] INFO  edu.bjut.homo.myMain - meter_3316645186611320749:195834,1098981
raspberrypi 16:30:11.377 [main] INFO  edu.bjut.homo.myMain - meter_3925857388450598813:reg,reg_response
raspberrypi 16:30:11.377 [main] INFO  edu.bjut.homo.myMain - meter_3925857388450598813:260815,777222
raspberrypi 16:30:11.377 [main] INFO  edu.bjut.homo.myMain - meter_6439075149928330225:reg,reg_response
raspberrypi 16:30:11.378 [main] INFO  edu.bjut.homo.myMain - meter_6439075149928330225:267166,685963
raspberrypi 16:30:11.378 [main] INFO  edu.bjut.homo.myMain - meter_1105876305596703157:reg,reg_response
raspberrypi 16:30:11.378 [main] INFO  edu.bjut.homo.myMain - meter_1105876305596703157:203056,636740
raspberrypi 16:30:11.379 [main] INFO  edu.bjut.homo.myMain - meter_8039447635609120623:reg,reg_response
raspberrypi 16:30:11.379 [main] INFO  edu.bjut.homo.myMain - meter_8039447635609120623:181333,403982
raspberrypi 16:30:11.379 [main] INFO  edu.bjut.homo.myMain - meter_4513847790730494989:reg,reg_response
raspberrypi 16:30:11.379 [main] INFO  edu.bjut.homo.myMain - meter_4513847790730494989:172425,771352
raspberrypi 16:30:11.380 [main] INFO  edu.bjut.homo.myMain - meter_5902339123345734811:reg,reg_response
raspberrypi 16:30:11.380 [main] INFO  edu.bjut.homo.myMain - meter_5902339123345734811:151426,621334
raspberrypi 16:30:11.380 [main] INFO  edu.bjut.homo.myMain - meter_2495010083400361209:reg,reg_response
raspberrypi 16:30:11.381 [main] INFO  edu.bjut.homo.myMain - meter_2495010083400361209:136777,391648
raspberrypi 16:30:11.381 [main] INFO  edu.bjut.homo.myMain - meter_1797842227203827691:reg,reg_response
raspberrypi 16:30:11.381 [main] INFO  edu.bjut.homo.myMain - meter_1797842227203827691:164685,498018
raspberrypi 16:30:11.381 [main] INFO  edu.bjut.homo.myMain - meter_7252947454277463191:reg,reg_response
raspberrypi 16:30:11.381 [main] INFO  edu.bjut.homo.myMain - meter_7252947454277463191:163722,698741
raspberrypi 16:30:11.381 [main] INFO  edu.bjut.homo.myMain - meter_5483787365884121911:reg,reg_response
raspberrypi 16:30:11.382 [main] INFO  edu.bjut.homo.myMain - meter_5483787365884121911:181482,656907
raspberrypi 16:30:11.382 [main] INFO  edu.bjut.homo.myMain - meter_1262954032395372225:reg,reg_response
raspberrypi 16:30:11.382 [main] INFO  edu.bjut.homo.myMain - meter_1262954032395372225:143907,507722
raspberrypi 16:30:11.383 [main] INFO  edu.bjut.homo.myMain - meter_3214961652736745053:reg,reg_response
raspberrypi 16:30:11.383 [main] INFO  edu.bjut.homo.myMain - meter_3214961652736745053:177555,608982
raspberrypi 16:30:11.383 [main] INFO  edu.bjut.homo.myMain - meter_5298647857056464329:reg,reg_response
raspberrypi 16:30:11.384 [main] INFO  edu.bjut.homo.myMain - meter_5298647857056464329:144370,380722
raspberrypi 16:30:11.384 [main] INFO  edu.bjut.homo.myMain - meter_1293911623881661079:reg,reg_response
raspberrypi 16:30:11.384 [main] INFO  edu.bjut.homo.myMain - meter_1293911623881661079:104500,395537
raspberrypi 16:30:11.385 [main] INFO  edu.bjut.homo.myMain - meter_605236638452690329:reg,reg_response
raspberrypi 16:30:11.385 [main] INFO  edu.bjut.homo.myMain - meter_605236638452690329:108111,353814
raspberrypi 16:30:11.385 [main] INFO  edu.bjut.homo.myMain - meter_1456867895557107471:reg,reg_response
raspberrypi 16:30:11.386 [main] INFO  edu.bjut.homo.myMain - meter_1456867895557107471:260166,600833
raspberrypi 16:30:11.386 [main] INFO  edu.bjut.homo.myMain - meter_6578886751120146823:reg,reg_response
raspberrypi 16:30:11.386 [main] INFO  edu.bjut.homo.myMain - meter_6578886751120146823:136055,840963
raspberrypi 16:30:11.387 [main] INFO  edu.bjut.homo.myMain - meter_829750479529435751:reg,reg_response
raspberrypi 16:30:11.387 [main] INFO  edu.bjut.homo.myMain - meter_829750479529435751:261111,515315
raspberrypi 16:30:11.387 [main] INFO  edu.bjut.homo.myMain - meter_5268615280935251807:reg,reg_response
raspberrypi 16:30:11.388 [main] INFO  edu.bjut.homo.myMain - meter_5268615280935251807:132167,494482
raspberrypi 16:30:11.388 [main] INFO  edu.bjut.homo.myMain - meter_4184582235502866605:reg,reg_response
raspberrypi 16:30:11.388 [main] INFO  edu.bjut.homo.myMain - meter_4184582235502866605:153574,431296
raspberrypi 16:30:11.389 [main] INFO  edu.bjut.homo.myMain - meter_4228342686829589735:reg,reg_response
raspberrypi 16:30:11.389 [main] INFO  edu.bjut.homo.myMain - meter_4228342686829589735:113796,723981
raspberrypi 16:30:11.389 [main] INFO  edu.bjut.homo.myMain - meter_7578222017114691419:reg,reg_response
raspberrypi 16:30:11.389 [main] INFO  edu.bjut.homo.myMain - meter_7578222017114691419:191574,967963
raspberrypi 16:30:11.390 [main] INFO  edu.bjut.homo.myMain - meter_1232639985592417719:reg,reg_response
raspberrypi 16:30:11.390 [main] INFO  edu.bjut.homo.myMain - meter_1232639985592417719:251055,482518
raspberrypi 16:30:11.390 [main] INFO  edu.bjut.homo.myMain - meter_6206354364901044073:reg,reg_response
raspberrypi 16:30:11.390 [main] INFO  edu.bjut.homo.myMain - meter_6206354364901044073:106277,436537
raspberrypi 16:30:11.391 [main] INFO  edu.bjut.homo.myMain - meter_3859027301461901929:reg,reg_response
raspberrypi 16:30:11.391 [main] INFO  edu.bjut.homo.myMain - meter_3859027301461901929:123019,444889
raspberrypi 16:30:11.392 [main] INFO  edu.bjut.homo.myMain - meter_8096446802236286355:reg,reg_response
raspberrypi 16:30:11.392 [main] INFO  edu.bjut.homo.myMain - meter_8096446802236286355:186203,474630
raspberrypi 16:30:11.393 [main] INFO  edu.bjut.homo.myMain - meter_232985731505201519:reg,reg_response
raspberrypi 16:30:11.393 [main] INFO  edu.bjut.homo.myMain - meter_232985731505201519:120463,340463
raspberrypi 16:30:11.394 [main] INFO  edu.bjut.homo.myMain - meter_1217702259076103095:reg,reg_response
raspberrypi 16:30:11.394 [main] INFO  edu.bjut.homo.myMain - meter_1217702259076103095:103611,486056
raspberrypi 16:30:11.395 [main] INFO  edu.bjut.homo.myMain - meter_3400101161564404531:reg,reg_response
raspberrypi 16:30:11.395 [main] INFO  edu.bjut.homo.myMain - meter_3400101161564404531:193130,286982
raspberrypi 16:30:11.395 [main] INFO  edu.bjut.homo.myMain - meter_4685578412428403645:reg,reg_response
raspberrypi 16:30:11.395 [main] INFO  edu.bjut.homo.myMain - meter_4685578412428403645:92481,423815
raspberrypi 16:30:11.396 [main] INFO  edu.bjut.homo.myMain - meter_1101884213711387403:reg,reg_response
raspberrypi 16:30:11.396 [main] INFO  edu.bjut.homo.myMain - meter_1101884213711387403:161055,430111
raspberrypi 16:30:11.396 [main] INFO  edu.bjut.homo.myMain - meter_5598472710921651379:reg,reg_response
raspberrypi 16:30:11.396 [main] INFO  edu.bjut.homo.myMain - meter_5598472710921651379:104185,295167
raspberrypi 16:30:11.397 [main] INFO  edu.bjut.homo.myMain - meter_4900712975671446197:reg,reg_response
raspberrypi 16:30:11.397 [main] INFO  edu.bjut.homo.myMain - meter_4900712975671446197:87592,518444
raspberrypi 16:30:11.397 [main] INFO  edu.bjut.homo.myMain - meter_1056593819191504683:reg,reg_response
raspberrypi 16:30:11.398 [main] INFO  edu.bjut.homo.myMain - meter_1056593819191504683:146130,445796
raspberrypi 16:30:11.398 [main] INFO  edu.bjut.homo.myMain - meter_114109998777551347:reg,reg_response
raspberrypi 16:30:11.398 [main] INFO  edu.bjut.homo.myMain - meter_114109998777551347:111056,585389
raspberrypi 16:30:11.399 [main] INFO  edu.bjut.homo.myMain - meter_509430549960040233:reg,reg_response
raspberrypi 16:30:11.399 [main] INFO  edu.bjut.homo.myMain - meter_509430549960040233:119222,568630
raspberrypi 16:30:11.399 [main] INFO  edu.bjut.homo.myMain - meter_8821351892460947585:reg,reg_response
raspberrypi 16:30:11.399 [main] INFO  edu.bjut.homo.myMain - meter_8821351892460947585:176093,757351
raspberrypi 16:30:11.400 [main] INFO  edu.bjut.homo.myMain - meter_4483209191631712557:reg,reg_response
raspberrypi 16:30:11.400 [main] INFO  edu.bjut.homo.myMain - meter_4483209191631712557:183241,550889
raspberrypi 16:30:11.400 [main] INFO  edu.bjut.homo.myMain - meter_8454969833978196263:reg,reg_response
raspberrypi 16:30:11.400 [main] INFO  edu.bjut.homo.myMain - meter_8454969833978196263:129463,435963
raspberrypi 16:30:11.401 [main] INFO  edu.bjut.homo.myMain - meter_9125810183921797965:reg,reg_response
raspberrypi 16:30:11.401 [main] INFO  edu.bjut.homo.myMain - meter_9125810183921797965:115759,775907
raspberrypi 16:30:11.401 [main] INFO  edu.bjut.homo.myMain - meter_6338166707087586821:reg,reg_response
raspberrypi 16:30:11.401 [main] INFO  edu.bjut.homo.myMain - meter_6338166707087586821:283148,309444
raspberrypi 16:30:11.402 [main] INFO  edu.bjut.homo.myMain - meter_4750241675255458201:reg,reg_response
raspberrypi 16:30:11.402 [main] INFO  edu.bjut.homo.myMain - meter_4750241675255458201:99575,321334
raspberrypi 16:30:11.402 [main] INFO  edu.bjut.homo.myMain - meter_256722276730828083:reg,reg_response
raspberrypi 16:30:11.402 [main] INFO  edu.bjut.homo.myMain - meter_256722276730828083:154111,448111
raspberrypi 16:30:11.402 [main] INFO  edu.bjut.homo.myMain - meter_438754074245328795:reg,reg_response
raspberrypi 16:30:11.402 [main] INFO  edu.bjut.homo.myMain - meter_438754074245328795:103037,449592
raspberrypi 16:30:11.402 [main] INFO  edu.bjut.homo.myMain - meter_7453935556767714621:reg,reg_response
raspberrypi 16:30:11.403 [main] INFO  edu.bjut.homo.myMain - meter_7453935556767714621:293574,468314
raspberrypi 16:30:11.403 [main] INFO  edu.bjut.homo.myMain - meter_6520695242353212737:reg,reg_response
raspberrypi 16:30:11.403 [main] INFO  edu.bjut.homo.myMain - meter_6520695242353212737:150555,264204
raspberrypi 16:30:11.403 [main] INFO  edu.bjut.homo.myMain - meter_5784400368113871841:reg,reg_response
raspberrypi 16:30:11.403 [main] INFO  edu.bjut.homo.myMain - meter_5784400368113871841:80018,399445
raspberrypi 16:30:11.403 [main] INFO  edu.bjut.homo.myMain - meter_5115381748151087881:reg,reg_response
raspberrypi 16:30:11.404 [main] INFO  edu.bjut.homo.myMain - meter_5115381748151087881:93871,356019
raspberrypi 16:30:11.404 [main] INFO  edu.bjut.homo.myMain - meter_3472023906489086781:reg,reg_response
raspberrypi 16:30:11.404 [main] INFO  edu.bjut.homo.myMain - meter_3472023906489086781:92556,365778
raspberrypi 16:30:11.404 [main] INFO  edu.bjut.homo.myMain - meter_3569034467436250651:reg,reg_response
raspberrypi 16:30:11.405 [main] INFO  edu.bjut.homo.myMain - meter_3569034467436250651:92333,279685
raspberrypi 16:30:11.405 [main] INFO  edu.bjut.homo.myMain - meter_867819827771813995:reg,reg_response
raspberrypi 16:30:11.405 [main] INFO  edu.bjut.homo.myMain - meter_867819827771813995:80056,243648
raspberrypi 16:30:11.406 [main] INFO  edu.bjut.homo.myMain - meter_3286426272504336193:reg,reg_response
raspberrypi 16:30:11.406 [main] INFO  edu.bjut.homo.myMain - meter_3286426272504336193:78908,266315
raspberrypi 16:30:11.414 [main] INFO  edu.bjut.homo.myMain - oneTimeMeterRepTime
raspberrypi 16:30:14.299 [main] INFO  edu.bjut.homo.myMain - agg:resp_agg
raspberrypi 16:30:14.299 [main] INFO  edu.bjut.homo.myMain - agg:1011682296
raspberrypi 16:30:14.299 [main] INFO  edu.bjut.homo.myMain - server:report_res
raspberrypi 16:30:14.300 [main] INFO  edu.bjut.homo.myMain - server:40713481
raspberrypi 16:30:14.300 [main] INFO  edu.bjut.homo.myMain - meter_9116443959123849521:report
raspberrypi 16:30:14.300 [main] INFO  edu.bjut.homo.myMain - meter_9116443959123849521:127603426
raspberrypi 16:30:14.300 [main] INFO  edu.bjut.homo.myMain - meter_1620701973086540987:report
raspberrypi 16:30:14.301 [main] INFO  edu.bjut.homo.myMain - meter_1620701973086540987:34306277
raspberrypi 16:30:14.301 [main] INFO  edu.bjut.homo.myMain - meter_3009193305701782195:report
raspberrypi 16:30:14.301 [main] INFO  edu.bjut.homo.myMain - meter_3009193305701782195:32063944
raspberrypi 16:30:14.301 [main] INFO  edu.bjut.homo.myMain - meter_4253571657820671309:report
raspberrypi 16:30:14.301 [main] INFO  edu.bjut.homo.myMain - meter_4253571657820671309:34962000
raspberrypi 16:30:14.301 [main] INFO  edu.bjut.homo.myMain - meter_5261075246565140511:report
raspberrypi 16:30:14.301 [main] INFO  edu.bjut.homo.myMain - meter_5261075246565140511:30176297
raspberrypi 16:30:14.301 [main] INFO  edu.bjut.homo.myMain - meter_6262105067640347229:report
raspberrypi 16:30:14.302 [main] INFO  edu.bjut.homo.myMain - meter_6262105067640347229:30070389
raspberrypi 16:30:14.302 [main] INFO  edu.bjut.homo.myMain - meter_4156235617561835191:report
raspberrypi 16:30:14.302 [main] INFO  edu.bjut.homo.myMain - meter_4156235617561835191:28683908
raspberrypi 16:30:14.302 [main] INFO  edu.bjut.homo.myMain - meter_3316645186611320749:report
raspberrypi 16:30:14.302 [main] INFO  edu.bjut.homo.myMain - meter_3316645186611320749:28566407
raspberrypi 16:30:14.302 [main] INFO  edu.bjut.homo.myMain - meter_3925857388450598813:report
raspberrypi 16:30:14.302 [main] INFO  edu.bjut.homo.myMain - meter_3925857388450598813:28740685
raspberrypi 16:30:14.303 [main] INFO  edu.bjut.homo.myMain - meter_6439075149928330225:report
raspberrypi 16:30:14.303 [main] INFO  edu.bjut.homo.myMain - meter_6439075149928330225:28104500
raspberrypi 16:30:14.303 [main] INFO  edu.bjut.homo.myMain - meter_1105876305596703157:report
raspberrypi 16:30:14.303 [main] INFO  edu.bjut.homo.myMain - meter_1105876305596703157:30444260
raspberrypi 16:30:14.303 [main] INFO  edu.bjut.homo.myMain - meter_8039447635609120623:report
raspberrypi 16:30:14.303 [main] INFO  edu.bjut.homo.myMain - meter_8039447635609120623:28319056
raspberrypi 16:30:14.303 [main] INFO  edu.bjut.homo.myMain - meter_4513847790730494989:report
raspberrypi 16:30:14.304 [main] INFO  edu.bjut.homo.myMain - meter_4513847790730494989:27838240
raspberrypi 16:30:14.304 [main] INFO  edu.bjut.homo.myMain - meter_5902339123345734811:report
raspberrypi 16:30:14.304 [main] INFO  edu.bjut.homo.myMain - meter_5902339123345734811:27670500
raspberrypi 16:30:14.304 [main] INFO  edu.bjut.homo.myMain - meter_2495010083400361209:report
raspberrypi 16:30:14.304 [main] INFO  edu.bjut.homo.myMain - meter_2495010083400361209:27601389
raspberrypi 16:30:14.304 [main] INFO  edu.bjut.homo.myMain - meter_1797842227203827691:report
raspberrypi 16:30:14.304 [main] INFO  edu.bjut.homo.myMain - meter_1797842227203827691:27710334
raspberrypi 16:30:14.304 [main] INFO  edu.bjut.homo.myMain - meter_7252947454277463191:report
raspberrypi 16:30:14.304 [main] INFO  edu.bjut.homo.myMain - meter_7252947454277463191:27590834
raspberrypi 16:30:14.304 [main] INFO  edu.bjut.homo.myMain - meter_5483787365884121911:report
raspberrypi 16:30:14.305 [main] INFO  edu.bjut.homo.myMain - meter_5483787365884121911:30279370
raspberrypi 16:30:14.305 [main] INFO  edu.bjut.homo.myMain - meter_1262954032395372225:report
raspberrypi 16:30:14.305 [main] INFO  edu.bjut.homo.myMain - meter_1262954032395372225:28187037
raspberrypi 16:30:14.305 [main] INFO  edu.bjut.homo.myMain - meter_3214961652736745053:report
raspberrypi 16:30:14.305 [main] INFO  edu.bjut.homo.myMain - meter_3214961652736745053:28282981
raspberrypi 16:30:14.305 [main] INFO  edu.bjut.homo.myMain - meter_5298647857056464329:report
raspberrypi 16:30:14.306 [main] INFO  edu.bjut.homo.myMain - meter_5298647857056464329:28409963
raspberrypi 16:30:14.306 [main] INFO  edu.bjut.homo.myMain - meter_1293911623881661079:report
raspberrypi 16:30:14.306 [main] INFO  edu.bjut.homo.myMain - meter_1293911623881661079:28211426
raspberrypi 16:30:14.306 [main] INFO  edu.bjut.homo.myMain - meter_605236638452690329:report
raspberrypi 16:30:14.306 [main] INFO  edu.bjut.homo.myMain - meter_605236638452690329:28488907
raspberrypi 16:30:14.307 [main] INFO  edu.bjut.homo.myMain - meter_1456867895557107471:report
raspberrypi 16:30:14.307 [main] INFO  edu.bjut.homo.myMain - meter_1456867895557107471:29168871
raspberrypi 16:30:14.307 [main] INFO  edu.bjut.homo.myMain - meter_6578886751120146823:report
raspberrypi 16:30:14.307 [main] INFO  edu.bjut.homo.myMain - meter_6578886751120146823:32411148
raspberrypi 16:30:14.307 [main] INFO  edu.bjut.homo.myMain - meter_829750479529435751:report
raspberrypi 16:30:14.308 [main] INFO  edu.bjut.homo.myMain - meter_829750479529435751:28890315
raspberrypi 16:30:14.308 [main] INFO  edu.bjut.homo.myMain - meter_5268615280935251807:report
raspberrypi 16:30:14.308 [main] INFO  edu.bjut.homo.myMain - meter_5268615280935251807:28296852
raspberrypi 16:30:14.308 [main] INFO  edu.bjut.homo.myMain - meter_4184582235502866605:report
raspberrypi 16:30:14.308 [main] INFO  edu.bjut.homo.myMain - meter_4184582235502866605:29448740
raspberrypi 16:30:14.308 [main] INFO  edu.bjut.homo.myMain - meter_4228342686829589735:report
raspberrypi 16:30:14.309 [main] INFO  edu.bjut.homo.myMain - meter_4228342686829589735:29211870
raspberrypi 16:30:14.309 [main] INFO  edu.bjut.homo.myMain - meter_7578222017114691419:report
raspberrypi 16:30:14.309 [main] INFO  edu.bjut.homo.myMain - meter_7578222017114691419:28360389
raspberrypi 16:30:14.309 [main] INFO  edu.bjut.homo.myMain - meter_1232639985592417719:report
raspberrypi 16:30:14.309 [main] INFO  edu.bjut.homo.myMain - meter_1232639985592417719:33993000
raspberrypi 16:30:14.310 [main] INFO  edu.bjut.homo.myMain - meter_6206354364901044073:report
raspberrypi 16:30:14.310 [main] INFO  edu.bjut.homo.myMain - meter_6206354364901044073:28075722
raspberrypi 16:30:14.310 [main] INFO  edu.bjut.homo.myMain - meter_3859027301461901929:report
raspberrypi 16:30:14.310 [main] INFO  edu.bjut.homo.myMain - meter_3859027301461901929:28381148
raspberrypi 16:30:14.310 [main] INFO  edu.bjut.homo.myMain - meter_8096446802236286355:report
raspberrypi 16:30:14.311 [main] INFO  edu.bjut.homo.myMain - meter_8096446802236286355:27943500
raspberrypi 16:30:14.311 [main] INFO  edu.bjut.homo.myMain - meter_232985731505201519:report
raspberrypi 16:30:14.311 [main] INFO  edu.bjut.homo.myMain - meter_232985731505201519:28005871
raspberrypi 16:30:14.311 [main] INFO  edu.bjut.homo.myMain - meter_1217702259076103095:report
raspberrypi 16:30:14.311 [main] INFO  edu.bjut.homo.myMain - meter_1217702259076103095:28201593
raspberrypi 16:30:14.312 [main] INFO  edu.bjut.homo.myMain - meter_3400101161564404531:report
raspberrypi 16:30:14.312 [main] INFO  edu.bjut.homo.myMain - meter_3400101161564404531:29275426
raspberrypi 16:30:14.312 [main] INFO  edu.bjut.homo.myMain - meter_4685578412428403645:report
raspberrypi 16:30:14.313 [main] INFO  edu.bjut.homo.myMain - meter_4685578412428403645:33122204
raspberrypi 16:30:14.313 [main] INFO  edu.bjut.homo.myMain - meter_1101884213711387403:report
raspberrypi 16:30:14.313 [main] INFO  edu.bjut.homo.myMain - meter_1101884213711387403:27926111
raspberrypi 16:30:14.314 [main] INFO  edu.bjut.homo.myMain - meter_5598472710921651379:report
raspberrypi 16:30:14.314 [main] INFO  edu.bjut.homo.myMain - meter_5598472710921651379:27884833
raspberrypi 16:30:14.314 [main] INFO  edu.bjut.homo.myMain - meter_4900712975671446197:report
raspberrypi 16:30:14.314 [main] INFO  edu.bjut.homo.myMain - meter_4900712975671446197:27525686
raspberrypi 16:30:14.315 [main] INFO  edu.bjut.homo.myMain - meter_1056593819191504683:report
raspberrypi 16:30:14.315 [main] INFO  edu.bjut.homo.myMain - meter_1056593819191504683:27482981
raspberrypi 16:30:14.315 [main] INFO  edu.bjut.homo.myMain - meter_114109998777551347:report
raspberrypi 16:30:14.315 [main] INFO  edu.bjut.homo.myMain - meter_114109998777551347:27655870
raspberrypi 16:30:14.316 [main] INFO  edu.bjut.homo.myMain - meter_509430549960040233:report
raspberrypi 16:30:14.316 [main] INFO  edu.bjut.homo.myMain - meter_509430549960040233:27863593
raspberrypi 16:30:14.316 [main] INFO  edu.bjut.homo.myMain - meter_8821351892460947585:report
raspberrypi 16:30:14.316 [main] INFO  edu.bjut.homo.myMain - meter_8821351892460947585:30583685
raspberrypi 16:30:14.317 [main] INFO  edu.bjut.homo.myMain - meter_4483209191631712557:report
raspberrypi 16:30:14.317 [main] INFO  edu.bjut.homo.myMain - meter_4483209191631712557:28244167
raspberrypi 16:30:14.317 [main] INFO  edu.bjut.homo.myMain - meter_8454969833978196263:report
raspberrypi 16:30:14.317 [main] INFO  edu.bjut.homo.myMain - meter_8454969833978196263:28260111
raspberrypi 16:30:14.317 [main] INFO  edu.bjut.homo.myMain - meter_9125810183921797965:report
raspberrypi 16:30:14.317 [main] INFO  edu.bjut.homo.myMain - meter_9125810183921797965:28576371
raspberrypi 16:30:14.317 [main] INFO  edu.bjut.homo.myMain - meter_6338166707087586821:report
raspberrypi 16:30:14.317 [main] INFO  edu.bjut.homo.myMain - meter_6338166707087586821:28756241
raspberrypi 16:30:14.318 [main] INFO  edu.bjut.homo.myMain - meter_4750241675255458201:report
raspberrypi 16:30:14.318 [main] INFO  edu.bjut.homo.myMain - meter_4750241675255458201:28053963
raspberrypi 16:30:14.318 [main] INFO  edu.bjut.homo.myMain - meter_256722276730828083:report
raspberrypi 16:30:14.318 [main] INFO  edu.bjut.homo.myMain - meter_256722276730828083:27772870
raspberrypi 16:30:14.318 [main] INFO  edu.bjut.homo.myMain - meter_438754074245328795:report
raspberrypi 16:30:14.318 [main] INFO  edu.bjut.homo.myMain - meter_438754074245328795:29792315
raspberrypi 16:30:14.318 [main] INFO  edu.bjut.homo.myMain - meter_7453935556767714621:report
raspberrypi 16:30:14.318 [main] INFO  edu.bjut.homo.myMain - meter_7453935556767714621:26745315
raspberrypi 16:30:14.319 [main] INFO  edu.bjut.homo.myMain - meter_6520695242353212737:report
raspberrypi 16:30:14.319 [main] INFO  edu.bjut.homo.myMain - meter_6520695242353212737:26710871
raspberrypi 16:30:14.319 [main] INFO  edu.bjut.homo.myMain - meter_5784400368113871841:report
raspberrypi 16:30:14.319 [main] INFO  edu.bjut.homo.myMain - meter_5784400368113871841:26643130
raspberrypi 16:30:14.319 [main] INFO  edu.bjut.homo.myMain - meter_5115381748151087881:report
raspberrypi 16:30:14.319 [main] INFO  edu.bjut.homo.myMain - meter_5115381748151087881:26759259
raspberrypi 16:30:14.319 [main] INFO  edu.bjut.homo.myMain - meter_3472023906489086781:report
raspberrypi 16:30:14.319 [main] INFO  edu.bjut.homo.myMain - meter_3472023906489086781:26698907
raspberrypi 16:30:14.320 [main] INFO  edu.bjut.homo.myMain - meter_3569034467436250651:report
raspberrypi 16:30:14.320 [main] INFO  edu.bjut.homo.myMain - meter_3569034467436250651:29743111
raspberrypi 16:30:14.321 [main] INFO  edu.bjut.homo.myMain - meter_867819827771813995:report
raspberrypi 16:30:14.321 [main] INFO  edu.bjut.homo.myMain - meter_867819827771813995:26711611
raspberrypi 16:30:14.321 [main] INFO  edu.bjut.homo.myMain - meter_3286426272504336193:report
raspberrypi 16:30:14.322 [main] INFO  edu.bjut.homo.myMain - meter_3286426272504336193:27184296
raspberrypi 16:30:21.716 [main] INFO  edu.bjut.homo.myMain - meterRegTime
raspberrypi 16:30:22.733 [main] INFO  edu.bjut.homo.myMain - kgc:reg_response,reg_response,reg_response,reg_response,reg_response,reg_response,reg_response,reg_response,reg_response,reg_response,reg_response,reg_response,reg_response,reg_response,reg_response,reg_response,reg_response,reg_response,reg_response,reg_response,reg_response,reg_response,reg_response,reg_response,reg_response,reg_response,reg_response,reg_response,reg_response,reg_response,reg_response,reg_response,reg_response,reg_response,reg_response,reg_response,reg_response,reg_response,reg_response,reg_response,reg_response,reg_response,reg_response,reg_response,reg_response,reg_response,reg_response,reg_response,reg_response,reg_response
raspberrypi 16:30:22.733 [main] INFO  edu.bjut.homo.myMain - kgc:20156334,20615074,20350445,20301482,20315407,19788593,19984630,19815018,19786907,19627500,19889482,19583722,19811648,19614370,20420888,21429851,19786334,21611630,19662666,19799648,20072814,19913574,19631075,19587445,19634240,19728259,20997296,19790259,19621000,19605537,19639371,19783834,20153593,19640500,19855389,19982296,23574611,20221815,19592204,19773797,19750908,19888333,19588111,19851500,19853926,20452889,19545907,20140907,20165574,19998092
raspberrypi 16:30:22.733 [main] INFO  edu.bjut.homo.myMain - meter_5404285969683619295:reg,reg_response
raspberrypi 16:30:22.733 [main] INFO  edu.bjut.homo.myMain - meter_5404285969683619295:174278,265222
raspberrypi 16:30:22.734 [main] INFO  edu.bjut.homo.myMain - meter_8430813608022186827:reg,reg_response
raspberrypi 16:30:22.734 [main] INFO  edu.bjut.homo.myMain - meter_8430813608022186827:65463,307388
raspberrypi 16:30:22.734 [main] INFO  edu.bjut.homo.myMain - meter_7293640829117630647:reg,reg_response
raspberrypi 16:30:22.734 [main] INFO  edu.bjut.homo.myMain - meter_7293640829117630647:88555,250148
raspberrypi 16:30:22.734 [main] INFO  edu.bjut.homo.myMain - meter_2420928925850734731:reg,reg_response
raspberrypi 16:30:22.735 [main] INFO  edu.bjut.homo.myMain - meter_2420928925850734731:86204,447463
raspberrypi 16:30:22.735 [main] INFO  edu.bjut.homo.myMain - meter_5761886180721569663:reg,reg_response
raspberrypi 16:30:22.735 [main] INFO  edu.bjut.homo.myMain - meter_5761886180721569663:52185,285741
raspberrypi 16:30:22.735 [main] INFO  edu.bjut.homo.myMain - meter_1205217292128323559:reg,reg_response
raspberrypi 16:30:22.735 [main] INFO  edu.bjut.homo.myMain - meter_1205217292128323559:47944,151611
raspberrypi 16:30:22.735 [main] INFO  edu.bjut.homo.myMain - meter_4159170043941622805:reg,reg_response
raspberrypi 16:30:22.735 [main] INFO  edu.bjut.homo.myMain - meter_4159170043941622805:42019,135574
raspberrypi 16:30:22.735 [main] INFO  edu.bjut.homo.myMain - meter_269488718655316899:reg,reg_response
raspberrypi 16:30:22.735 [main] INFO  edu.bjut.homo.myMain - meter_269488718655316899:42260,139833
raspberrypi 16:30:22.736 [main] INFO  edu.bjut.homo.myMain - meter_1382186270626487143:reg,reg_response
raspberrypi 16:30:22.736 [main] INFO  edu.bjut.homo.myMain - meter_1382186270626487143:40667,148759
raspberrypi 16:30:22.736 [main] INFO  edu.bjut.homo.myMain - meter_4156878067062063307:reg,reg_response
raspberrypi 16:30:22.736 [main] INFO  edu.bjut.homo.myMain - meter_4156878067062063307:39852,128111
raspberrypi 16:30:22.736 [main] INFO  edu.bjut.homo.myMain - meter_697330096444364639:reg,reg_response
raspberrypi 16:30:22.736 [main] INFO  edu.bjut.homo.myMain - meter_697330096444364639:37852,147463
raspberrypi 16:30:22.736 [main] INFO  edu.bjut.homo.myMain - meter_3531926556786638517:reg,reg_response
raspberrypi 16:30:22.736 [main] INFO  edu.bjut.homo.myMain - meter_3531926556786638517:39056,135352
raspberrypi 16:30:22.737 [main] INFO  edu.bjut.homo.myMain - meter_3330199781178495621:reg,reg_response
raspberrypi 16:30:22.737 [main] INFO  edu.bjut.homo.myMain - meter_3330199781178495621:38425,136741
raspberrypi 16:30:22.737 [main] INFO  edu.bjut.homo.myMain - meter_8129237150278715609:reg,reg_response
raspberrypi 16:30:22.737 [main] INFO  edu.bjut.homo.myMain - meter_8129237150278715609:51463,128000
raspberrypi 16:30:22.737 [main] INFO  edu.bjut.homo.myMain - meter_882744501252437291:reg,reg_response
raspberrypi 16:30:22.737 [main] INFO  edu.bjut.homo.myMain - meter_882744501252437291:38204,151222
raspberrypi 16:30:22.737 [main] INFO  edu.bjut.homo.myMain - meter_6376382857984116279:reg,reg_response
raspberrypi 16:30:22.737 [main] INFO  edu.bjut.homo.myMain - meter_6376382857984116279:39426,135074
raspberrypi 16:30:22.738 [main] INFO  edu.bjut.homo.myMain - meter_3921077148200853959:reg,reg_response
raspberrypi 16:30:22.738 [main] INFO  edu.bjut.homo.myMain - meter_3921077148200853959:39926,128500
raspberrypi 16:30:22.738 [main] INFO  edu.bjut.homo.myMain - meter_7391244183232832347:reg,reg_response
raspberrypi 16:30:22.738 [main] INFO  edu.bjut.homo.myMain - meter_7391244183232832347:37537,132204
raspberrypi 16:30:22.738 [main] INFO  edu.bjut.homo.myMain - meter_7196775052903659929:reg,reg_response
raspberrypi 16:30:22.738 [main] INFO  edu.bjut.homo.myMain - meter_7196775052903659929:38852,153296
raspberrypi 16:30:22.738 [main] INFO  edu.bjut.homo.myMain - meter_7345672318031141239:reg,reg_response
raspberrypi 16:30:22.738 [main] INFO  edu.bjut.homo.myMain - meter_7345672318031141239:39407,130518
raspberrypi 16:30:22.738 [main] INFO  edu.bjut.homo.myMain - meter_4873429406370356139:reg,reg_response
raspberrypi 16:30:22.739 [main] INFO  edu.bjut.homo.myMain - meter_4873429406370356139:39074,128815
raspberrypi 16:30:22.739 [main] INFO  edu.bjut.homo.myMain - meter_6051109398936640155:reg,reg_response
raspberrypi 16:30:22.739 [main] INFO  edu.bjut.homo.myMain - meter_6051109398936640155:38481,129629
raspberrypi 16:30:22.739 [main] INFO  edu.bjut.homo.myMain - meter_2307440568746863367:reg,reg_response
raspberrypi 16:30:22.739 [main] INFO  edu.bjut.homo.myMain - meter_2307440568746863367:49630,131370
raspberrypi 16:30:22.739 [main] INFO  edu.bjut.homo.myMain - meter_7815723042391717913:reg,reg_response
raspberrypi 16:30:22.739 [main] INFO  edu.bjut.homo.myMain - meter_7815723042391717913:39556,132019
raspberrypi 16:30:22.739 [main] INFO  edu.bjut.homo.myMain - meter_233170051570147475:reg,reg_response
raspberrypi 16:30:22.739 [main] INFO  edu.bjut.homo.myMain - meter_233170051570147475:38000,131796
raspberrypi 16:30:22.739 [main] INFO  edu.bjut.homo.myMain - meter_4133918630774452255:reg,reg_response
raspberrypi 16:30:22.740 [main] INFO  edu.bjut.homo.myMain - meter_4133918630774452255:38055,223908
raspberrypi 16:30:22.740 [main] INFO  edu.bjut.homo.myMain - meter_1862195090248885161:reg,reg_response
raspberrypi 16:30:22.740 [main] INFO  edu.bjut.homo.myMain - meter_1862195090248885161:43908,303870
raspberrypi 16:30:22.740 [main] INFO  edu.bjut.homo.myMain - meter_3733040730404203361:reg,reg_response
raspberrypi 16:30:22.740 [main] INFO  edu.bjut.homo.myMain - meter_3733040730404203361:51926,227963
raspberrypi 16:30:22.740 [main] INFO  edu.bjut.homo.myMain - meter_3727812309240610277:reg,reg_response
raspberrypi 16:30:22.740 [main] INFO  edu.bjut.homo.myMain - meter_3727812309240610277:40760,123130
raspberrypi 16:30:22.751 [main] INFO  edu.bjut.homo.myMain - meter_6864575071296177247:reg,reg_response
raspberrypi 16:30:22.751 [main] INFO  edu.bjut.homo.myMain - meter_6864575071296177247:37926,137241
raspberrypi 16:30:22.752 [main] INFO  edu.bjut.homo.myMain - meter_8622657789032561231:reg,reg_response
raspberrypi 16:30:22.752 [main] INFO  edu.bjut.homo.myMain - meter_8622657789032561231:38537,128630
raspberrypi 16:30:22.752 [main] INFO  edu.bjut.homo.myMain - meter_7840792149103157155:reg,reg_response
raspberrypi 16:30:22.753 [main] INFO  edu.bjut.homo.myMain - meter_7840792149103157155:37666,255111
raspberrypi 16:30:22.753 [main] INFO  edu.bjut.homo.myMain - meter_7368186682213998037:reg,reg_response
raspberrypi 16:30:22.753 [main] INFO  edu.bjut.homo.myMain - meter_7368186682213998037:43482,190130
raspberrypi 16:30:22.754 [main] INFO  edu.bjut.homo.myMain - meter_2562618383116890603:reg,reg_response
raspberrypi 16:30:22.754 [main] INFO  edu.bjut.homo.myMain - meter_2562618383116890603:39611,193889
raspberrypi 16:30:22.754 [main] INFO  edu.bjut.homo.myMain - meter_5344072919604004463:reg,reg_response
raspberrypi 16:30:22.754 [main] INFO  edu.bjut.homo.myMain - meter_5344072919604004463:119723,264870
raspberrypi 16:30:22.754 [main] INFO  edu.bjut.homo.myMain - meter_7740400076045592691:reg,reg_response
raspberrypi 16:30:22.754 [main] INFO  edu.bjut.homo.myMain - meter_7740400076045592691:156944,359778
raspberrypi 16:30:22.755 [main] INFO  edu.bjut.homo.myMain - meter_1481207346378050321:reg,reg_response
raspberrypi 16:30:22.755 [main] INFO  edu.bjut.homo.myMain - meter_1481207346378050321:48111,240740
raspberrypi 16:30:22.755 [main] INFO  edu.bjut.homo.myMain - meter_4951045453385863421:reg,reg_response
raspberrypi 16:30:22.755 [main] INFO  edu.bjut.homo.myMain - meter_4951045453385863421:34222,119149
raspberrypi 16:30:22.755 [main] INFO  edu.bjut.homo.myMain - meter_2731092472943377733:reg,reg_response
raspberrypi 16:30:22.755 [main] INFO  edu.bjut.homo.myMain - meter_2731092472943377733:31111,115481
raspberrypi 16:30:22.756 [main] INFO  edu.bjut.homo.myMain - meter_476638175423561927:reg,reg_response
raspberrypi 16:30:22.756 [main] INFO  edu.bjut.homo.myMain - meter_476638175423561927:30074,110740
raspberrypi 16:30:22.756 [main] INFO  edu.bjut.homo.myMain - meter_1842024377181892707:reg,reg_response
raspberrypi 16:30:22.756 [main] INFO  edu.bjut.homo.myMain - meter_1842024377181892707:41982,115630
raspberrypi 16:30:22.757 [main] INFO  edu.bjut.homo.myMain - meter_529777904600765147:reg,reg_response
raspberrypi 16:30:22.757 [main] INFO  edu.bjut.homo.myMain - meter_529777904600765147:30612,113055
raspberrypi 16:30:22.757 [main] INFO  edu.bjut.homo.myMain - meter_1716825036062647949:reg,reg_response
raspberrypi 16:30:22.757 [main] INFO  edu.bjut.homo.myMain - meter_1716825036062647949:30389,130648
raspberrypi 16:30:22.758 [main] INFO  edu.bjut.homo.myMain - meter_2800858090101679465:reg,reg_response
raspberrypi 16:30:22.758 [main] INFO  edu.bjut.homo.myMain - meter_2800858090101679465:30593,169760
raspberrypi 16:30:22.758 [main] INFO  edu.bjut.homo.myMain - meter_2333481044376113505:reg,reg_response
raspberrypi 16:30:22.758 [main] INFO  edu.bjut.homo.myMain - meter_2333481044376113505:36852,321852
raspberrypi 16:30:22.759 [main] INFO  edu.bjut.homo.myMain - meter_3187404282655124637:reg,reg_response
raspberrypi 16:30:22.759 [main] INFO  edu.bjut.homo.myMain - meter_3187404282655124637:30574,105630
raspberrypi 16:30:22.759 [main] INFO  edu.bjut.homo.myMain - meter_1338412770542198373:reg,reg_response
raspberrypi 16:30:22.759 [main] INFO  edu.bjut.homo.myMain - meter_1338412770542198373:30166,103814
raspberrypi 16:30:22.760 [main] INFO  edu.bjut.homo.myMain - meter_5673979997332726271:reg,reg_response
raspberrypi 16:30:22.760 [main] INFO  edu.bjut.homo.myMain - meter_5673979997332726271:31352,160630
raspberrypi 16:30:22.760 [main] INFO  edu.bjut.homo.myMain - meter_5178218824845203187:reg,reg_response
raspberrypi 16:30:22.760 [main] INFO  edu.bjut.homo.myMain - meter_5178218824845203187:33278,190963
raspberrypi 16:30:22.761 [main] INFO  edu.bjut.homo.myMain - meter_5309898512630078831:reg,reg_response
raspberrypi 16:30:22.761 [main] INFO  edu.bjut.homo.myMain - meter_5309898512630078831:36796,183834
raspberrypi 16:30:22.763 [main] INFO  edu.bjut.homo.myMain - oneTimeMeterRepTime
raspberrypi 16:30:24.905 [main] INFO  edu.bjut.homo.myMain - agg:resp_agg
raspberrypi 16:30:24.905 [main] INFO  edu.bjut.homo.myMain - agg:760234314
raspberrypi 16:30:24.906 [main] INFO  edu.bjut.homo.myMain - server:report_res
raspberrypi 16:30:24.906 [main] INFO  edu.bjut.homo.myMain - server:38390926
raspberrypi 16:30:24.906 [main] INFO  edu.bjut.homo.myMain - meter_5404285969683619295:report
raspberrypi 16:30:24.906 [main] INFO  edu.bjut.homo.myMain - meter_5404285969683619295:27622074
raspberrypi 16:30:24.906 [main] INFO  edu.bjut.homo.myMain - meter_8430813608022186827:report
raspberrypi 16:30:24.906 [main] INFO  edu.bjut.homo.myMain - meter_8430813608022186827:27288944
raspberrypi 16:30:24.906 [main] INFO  edu.bjut.homo.myMain - meter_7293640829117630647:report
raspberrypi 16:30:24.907 [main] INFO  edu.bjut.homo.myMain - meter_7293640829117630647:27398871
raspberrypi 16:30:24.907 [main] INFO  edu.bjut.homo.myMain - meter_2420928925850734731:report
raspberrypi 16:30:24.907 [main] INFO  edu.bjut.homo.myMain - meter_2420928925850734731:29928222
raspberrypi 16:30:24.907 [main] INFO  edu.bjut.homo.myMain - meter_5761886180721569663:report
raspberrypi 16:30:24.907 [main] INFO  edu.bjut.homo.myMain - meter_5761886180721569663:27602778
raspberrypi 16:30:24.907 [main] INFO  edu.bjut.homo.myMain - meter_1205217292128323559:report
raspberrypi 16:30:24.907 [main] INFO  edu.bjut.homo.myMain - meter_1205217292128323559:27426352
raspberrypi 16:30:24.907 [main] INFO  edu.bjut.homo.myMain - meter_4159170043941622805:report
raspberrypi 16:30:24.907 [main] INFO  edu.bjut.homo.myMain - meter_4159170043941622805:27057408
raspberrypi 16:30:24.908 [main] INFO  edu.bjut.homo.myMain - meter_269488718655316899:report
raspberrypi 16:30:24.908 [main] INFO  edu.bjut.homo.myMain - meter_269488718655316899:26721611
raspberrypi 16:30:24.908 [main] INFO  edu.bjut.homo.myMain - meter_1382186270626487143:report
raspberrypi 16:30:24.908 [main] INFO  edu.bjut.homo.myMain - meter_1382186270626487143:26320703
raspberrypi 16:30:24.908 [main] INFO  edu.bjut.homo.myMain - meter_4156878067062063307:report
raspberrypi 16:30:24.908 [main] INFO  edu.bjut.homo.myMain - meter_4156878067062063307:26295314
raspberrypi 16:30:24.908 [main] INFO  edu.bjut.homo.myMain - meter_697330096444364639:report
raspberrypi 16:30:24.909 [main] INFO  edu.bjut.homo.myMain - meter_697330096444364639:26344426
raspberrypi 16:30:24.909 [main] INFO  edu.bjut.homo.myMain - meter_3531926556786638517:report
raspberrypi 16:30:24.909 [main] INFO  edu.bjut.homo.myMain - meter_3531926556786638517:28025574
raspberrypi 16:30:24.909 [main] INFO  edu.bjut.homo.myMain - meter_3330199781178495621:report
raspberrypi 16:30:24.909 [main] INFO  edu.bjut.homo.myMain - meter_3330199781178495621:26242444
raspberrypi 16:30:24.909 [main] INFO  edu.bjut.homo.myMain - meter_8129237150278715609:report
raspberrypi 16:30:24.909 [main] INFO  edu.bjut.homo.myMain - meter_8129237150278715609:26213648
raspberrypi 16:30:24.909 [main] INFO  edu.bjut.homo.myMain - meter_882744501252437291:report
raspberrypi 16:30:24.909 [main] INFO  edu.bjut.homo.myMain - meter_882744501252437291:26253037
raspberrypi 16:30:24.909 [main] INFO  edu.bjut.homo.myMain - meter_6376382857984116279:report
raspberrypi 16:30:24.909 [main] INFO  edu.bjut.homo.myMain - meter_6376382857984116279:26666797
raspberrypi 16:30:24.910 [main] INFO  edu.bjut.homo.myMain - meter_3921077148200853959:report
raspberrypi 16:30:24.910 [main] INFO  edu.bjut.homo.myMain - meter_3921077148200853959:26330870
raspberrypi 16:30:24.910 [main] INFO  edu.bjut.homo.myMain - meter_7391244183232832347:report
raspberrypi 16:30:24.910 [main] INFO  edu.bjut.homo.myMain - meter_7391244183232832347:26200389
raspberrypi 16:30:24.910 [main] INFO  edu.bjut.homo.myMain - meter_7196775052903659929:report
raspberrypi 16:30:24.910 [main] INFO  edu.bjut.homo.myMain - meter_7196775052903659929:26265333
raspberrypi 16:30:24.910 [main] INFO  edu.bjut.homo.myMain - meter_7345672318031141239:report
raspberrypi 16:30:24.910 [main] INFO  edu.bjut.homo.myMain - meter_7345672318031141239:28073760
raspberrypi 16:30:24.910 [main] INFO  edu.bjut.homo.myMain - meter_4873429406370356139:report
raspberrypi 16:30:24.910 [main] INFO  edu.bjut.homo.myMain - meter_4873429406370356139:26252278
raspberrypi 16:30:24.911 [main] INFO  edu.bjut.homo.myMain - meter_6051109398936640155:report
raspberrypi 16:30:24.911 [main] INFO  edu.bjut.homo.myMain - meter_6051109398936640155:26227592
raspberrypi 16:30:24.911 [main] INFO  edu.bjut.homo.myMain - meter_2307440568746863367:report
raspberrypi 16:30:24.911 [main] INFO  edu.bjut.homo.myMain - meter_2307440568746863367:26394648
raspberrypi 16:30:24.911 [main] INFO  edu.bjut.homo.myMain - meter_7815723042391717913:report
raspberrypi 16:30:24.911 [main] INFO  edu.bjut.homo.myMain - meter_7815723042391717913:26117056
raspberrypi 16:30:24.911 [main] INFO  edu.bjut.homo.myMain - meter_233170051570147475:report
raspberrypi 16:30:24.911 [main] INFO  edu.bjut.homo.myMain - meter_233170051570147475:26252944
raspberrypi 16:30:24.911 [main] INFO  edu.bjut.homo.myMain - meter_4133918630774452255:report
raspberrypi 16:30:24.911 [main] INFO  edu.bjut.homo.myMain - meter_4133918630774452255:26237259
raspberrypi 16:30:24.911 [main] INFO  edu.bjut.homo.myMain - meter_1862195090248885161:report
raspberrypi 16:30:24.912 [main] INFO  edu.bjut.homo.myMain - meter_1862195090248885161:26238982
raspberrypi 16:30:24.912 [main] INFO  edu.bjut.homo.myMain - meter_3733040730404203361:report
raspberrypi 16:30:24.912 [main] INFO  edu.bjut.homo.myMain - meter_3733040730404203361:28084741
raspberrypi 16:30:24.912 [main] INFO  edu.bjut.homo.myMain - meter_3727812309240610277:report
raspberrypi 16:30:24.912 [main] INFO  edu.bjut.homo.myMain - meter_3727812309240610277:26122019
raspberrypi 16:30:24.912 [main] INFO  edu.bjut.homo.myMain - meter_6864575071296177247:report
raspberrypi 16:30:24.912 [main] INFO  edu.bjut.homo.myMain - meter_6864575071296177247:26221204
raspberrypi 16:30:24.912 [main] INFO  edu.bjut.homo.myMain - meter_8622657789032561231:report
raspberrypi 16:30:24.912 [main] INFO  edu.bjut.homo.myMain - meter_8622657789032561231:26241426
raspberrypi 16:30:24.912 [main] INFO  edu.bjut.homo.myMain - meter_7840792149103157155:report
raspberrypi 16:30:24.912 [main] INFO  edu.bjut.homo.myMain - meter_7840792149103157155:26185129
raspberrypi 16:30:24.913 [main] INFO  edu.bjut.homo.myMain - meter_7368186682213998037:report
raspberrypi 16:30:24.913 [main] INFO  edu.bjut.homo.myMain - meter_7368186682213998037:26303074
raspberrypi 16:30:24.913 [main] INFO  edu.bjut.homo.myMain - meter_2562618383116890603:report
raspberrypi 16:30:24.913 [main] INFO  edu.bjut.homo.myMain - meter_2562618383116890603:26214518
raspberrypi 16:30:24.913 [main] INFO  edu.bjut.homo.myMain - meter_5344072919604004463:report
raspberrypi 16:30:24.913 [main] INFO  edu.bjut.homo.myMain - meter_5344072919604004463:26291666
raspberrypi 16:30:24.913 [main] INFO  edu.bjut.homo.myMain - meter_7740400076045592691:report
raspberrypi 16:30:24.913 [main] INFO  edu.bjut.homo.myMain - meter_7740400076045592691:26149759
raspberrypi 16:30:24.913 [main] INFO  edu.bjut.homo.myMain - meter_1481207346378050321:report
raspberrypi 16:30:24.913 [main] INFO  edu.bjut.homo.myMain - meter_1481207346378050321:28470592
raspberrypi 16:30:24.913 [main] INFO  edu.bjut.homo.myMain - meter_4951045453385863421:report
raspberrypi 16:30:24.913 [main] INFO  edu.bjut.homo.myMain - meter_4951045453385863421:26973907
raspberrypi 16:30:24.914 [main] INFO  edu.bjut.homo.myMain - meter_2731092472943377733:report
raspberrypi 16:30:24.914 [main] INFO  edu.bjut.homo.myMain - meter_2731092472943377733:26564185
raspberrypi 16:30:24.914 [main] INFO  edu.bjut.homo.myMain - meter_476638175423561927:report
raspberrypi 16:30:24.914 [main] INFO  edu.bjut.homo.myMain - meter_476638175423561927:26377667
raspberrypi 16:30:24.914 [main] INFO  edu.bjut.homo.myMain - meter_1842024377181892707:report
raspberrypi 16:30:24.914 [main] INFO  edu.bjut.homo.myMain - meter_1842024377181892707:26605537
raspberrypi 16:30:24.914 [main] INFO  edu.bjut.homo.myMain - meter_529777904600765147:report
raspberrypi 16:30:24.914 [main] INFO  edu.bjut.homo.myMain - meter_529777904600765147:27015722
raspberrypi 16:30:24.914 [main] INFO  edu.bjut.homo.myMain - meter_1716825036062647949:report
raspberrypi 16:30:24.914 [main] INFO  edu.bjut.homo.myMain - meter_1716825036062647949:26947167
raspberrypi 16:30:24.914 [main] INFO  edu.bjut.homo.myMain - meter_2800858090101679465:report
raspberrypi 16:30:24.914 [main] INFO  edu.bjut.homo.myMain - meter_2800858090101679465:27568277
raspberrypi 16:30:24.915 [main] INFO  edu.bjut.homo.myMain - meter_2333481044376113505:report
raspberrypi 16:30:24.915 [main] INFO  edu.bjut.homo.myMain - meter_2333481044376113505:29603408
raspberrypi 16:30:24.915 [main] INFO  edu.bjut.homo.myMain - meter_3187404282655124637:report
raspberrypi 16:30:24.915 [main] INFO  edu.bjut.homo.myMain - meter_3187404282655124637:27442426
raspberrypi 16:30:24.915 [main] INFO  edu.bjut.homo.myMain - meter_1338412770542198373:report
raspberrypi 16:30:24.915 [main] INFO  edu.bjut.homo.myMain - meter_1338412770542198373:26663555
raspberrypi 16:30:24.915 [main] INFO  edu.bjut.homo.myMain - meter_5673979997332726271:report
raspberrypi 16:30:24.915 [main] INFO  edu.bjut.homo.myMain - meter_5673979997332726271:26601667
raspberrypi 16:30:24.915 [main] INFO  edu.bjut.homo.myMain - meter_5178218824845203187:report
raspberrypi 16:30:24.915 [main] INFO  edu.bjut.homo.myMain - meter_5178218824845203187:26462167
raspberrypi 16:30:24.915 [main] INFO  edu.bjut.homo.myMain - meter_5309898512630078831:report
raspberrypi 16:30:24.915 [main] INFO  edu.bjut.homo.myMain - meter_5309898512630078831:26673852
raspberrypi 16:30:33.046 [main] INFO  edu.bjut.homo.myMain - meterRegTime
raspberrypi 16:30:33.849 [main] INFO  edu.bjut.homo.myMain - kgc:reg_response,reg_response,reg_response,reg_response,reg_response,reg_response,reg_response,reg_response,reg_response,reg_response,reg_response,reg_response,reg_response,reg_response,reg_response,reg_response,reg_response,reg_response,reg_response,reg_response,reg_response,reg_response,reg_response,reg_response,reg_response,reg_response,reg_response,reg_response,reg_response,reg_response,reg_response,reg_response,reg_response,reg_response,reg_response,reg_response,reg_response,reg_response,reg_response,reg_response
raspberrypi 16:30:33.849 [main] INFO  edu.bjut.homo.myMain - kgc:19606259,19540408,19559870,19549296,19557648,19620389,20006315,19612408,20040278,19862703,19702352,19624333,19847500,19998463,19725426,19726296,23329963,19488296,19865260,19745111,19514723,19803167,19603222,19800592,19768297,20012981,20131611,19698167,20561833,19411871,19793815,19790778,20009408,19485574,19693204,20141074,19666315,19947074,21083981,19611074
raspberrypi 16:30:33.849 [main] INFO  edu.bjut.homo.myMain - meter_8868616194160273501:reg,reg_response
raspberrypi 16:30:33.849 [main] INFO  edu.bjut.homo.myMain - meter_8868616194160273501:161648,94907
raspberrypi 16:30:33.849 [main] INFO  edu.bjut.homo.myMain - meter_3911115939834971667:reg,reg_response
raspberrypi 16:30:33.849 [main] INFO  edu.bjut.homo.myMain - meter_3911115939834971667:32407,94463
raspberrypi 16:30:33.850 [main] INFO  edu.bjut.homo.myMain - meter_2029284600154824647:reg,reg_response
raspberrypi 16:30:33.850 [main] INFO  edu.bjut.homo.myMain - meter_2029284600154824647:32686,93352
raspberrypi 16:30:33.850 [main] INFO  edu.bjut.homo.myMain - meter_5345308330473084117:reg,reg_response
raspberrypi 16:30:33.850 [main] INFO  edu.bjut.homo.myMain - meter_5345308330473084117:31722,91685
raspberrypi 16:30:33.850 [main] INFO  edu.bjut.homo.myMain - meter_8722194135089160881:reg,reg_response
raspberrypi 16:30:33.850 [main] INFO  edu.bjut.homo.myMain - meter_8722194135089160881:45000,95167
raspberrypi 16:30:33.850 [main] INFO  edu.bjut.homo.myMain - meter_930789554589473919:reg,reg_response
raspberrypi 16:30:33.850 [main] INFO  edu.bjut.homo.myMain - meter_930789554589473919:31093,93574
raspberrypi 16:30:33.850 [main] INFO  edu.bjut.homo.myMain - meter_6384050985680555061:reg,reg_response
raspberrypi 16:30:33.851 [main] INFO  edu.bjut.homo.myMain - meter_6384050985680555061:30889,182611
raspberrypi 16:30:33.851 [main] INFO  edu.bjut.homo.myMain - meter_1695236786773271455:reg,reg_response
raspberrypi 16:30:33.851 [main] INFO  edu.bjut.homo.myMain - meter_1695236786773271455:40277,144722
raspberrypi 16:30:33.851 [main] INFO  edu.bjut.homo.myMain - meter_3891685917790050935:reg,reg_response
raspberrypi 16:30:33.851 [main] INFO  edu.bjut.homo.myMain - meter_3891685917790050935:31333,89722
raspberrypi 16:30:33.851 [main] INFO  edu.bjut.homo.myMain - meter_7433910546859957979:reg,reg_response
raspberrypi 16:30:33.851 [main] INFO  edu.bjut.homo.myMain - meter_7433910546859957979:31204,90537
raspberrypi 16:30:33.851 [main] INFO  edu.bjut.homo.myMain - meter_614932890769720167:reg,reg_response
raspberrypi 16:30:33.851 [main] INFO  edu.bjut.homo.myMain - meter_614932890769720167:30778,143408
raspberrypi 16:30:33.851 [main] INFO  edu.bjut.homo.myMain - meter_4372935627782842617:reg,reg_response
raspberrypi 16:30:33.851 [main] INFO  edu.bjut.homo.myMain - meter_4372935627782842617:32982,92908
raspberrypi 16:30:33.852 [main] INFO  edu.bjut.homo.myMain - meter_8853359470961552587:reg,reg_response
raspberrypi 16:30:33.852 [main] INFO  edu.bjut.homo.myMain - meter_8853359470961552587:30963,91241
raspberrypi 16:30:33.852 [main] INFO  edu.bjut.homo.myMain - meter_82835437085997877:reg,reg_response
raspberrypi 16:30:33.852 [main] INFO  edu.bjut.homo.myMain - meter_82835437085997877:31759,195612
raspberrypi 16:30:33.852 [main] INFO  edu.bjut.homo.myMain - meter_511918809035255999:reg,reg_response
raspberrypi 16:30:33.852 [main] INFO  edu.bjut.homo.myMain - meter_511918809035255999:40926,190185
raspberrypi 16:30:33.852 [main] INFO  edu.bjut.homo.myMain - meter_3037584020049903369:reg,reg_response
raspberrypi 16:30:33.852 [main] INFO  edu.bjut.homo.myMain - meter_3037584020049903369:44815,203611
raspberrypi 16:30:33.852 [main] INFO  edu.bjut.homo.myMain - meter_6277360868134901807:reg,reg_response
raspberrypi 16:30:33.852 [main] INFO  edu.bjut.homo.myMain - meter_6277360868134901807:39389,88186
raspberrypi 16:30:33.853 [main] INFO  edu.bjut.homo.myMain - meter_1656611067573703079:reg,reg_response
raspberrypi 16:30:33.853 [main] INFO  edu.bjut.homo.myMain - meter_1656611067573703079:32056,98407
raspberrypi 16:30:33.853 [main] INFO  edu.bjut.homo.myMain - meter_8852435555074484853:reg,reg_response
raspberrypi 16:30:33.853 [main] INFO  edu.bjut.homo.myMain - meter_8852435555074484853:32296,88130
raspberrypi 16:30:33.853 [main] INFO  edu.bjut.homo.myMain - meter_5628097732365814777:reg,reg_response
raspberrypi 16:30:33.853 [main] INFO  edu.bjut.homo.myMain - meter_5628097732365814777:31111,99667
raspberrypi 16:30:33.853 [main] INFO  edu.bjut.homo.myMain - meter_6542828827484914753:reg,reg_response
raspberrypi 16:30:33.853 [main] INFO  edu.bjut.homo.myMain - meter_6542828827484914753:31055,101296
raspberrypi 16:30:33.853 [main] INFO  edu.bjut.homo.myMain - meter_1096180053279607203:reg,reg_response
raspberrypi 16:30:33.853 [main] INFO  edu.bjut.homo.myMain - meter_1096180053279607203:31722,84741
raspberrypi 16:30:33.854 [main] INFO  edu.bjut.homo.myMain - meter_2040864183752670721:reg,reg_response
raspberrypi 16:30:33.854 [main] INFO  edu.bjut.homo.myMain - meter_2040864183752670721:31371,86704
raspberrypi 16:30:33.854 [main] INFO  edu.bjut.homo.myMain - meter_722137360211077939:reg,reg_response
raspberrypi 16:30:33.854 [main] INFO  edu.bjut.homo.myMain - meter_722137360211077939:30259,84389
raspberrypi 16:30:33.854 [main] INFO  edu.bjut.homo.myMain - meter_1213989624263382879:reg,reg_response
raspberrypi 16:30:33.854 [main] INFO  edu.bjut.homo.myMain - meter_1213989624263382879:31667,84482
raspberrypi 16:30:33.855 [main] INFO  edu.bjut.homo.myMain - meter_3714715835502070019:reg,reg_response
raspberrypi 16:30:33.855 [main] INFO  edu.bjut.homo.myMain - meter_3714715835502070019:31592,86333
raspberrypi 16:30:33.855 [main] INFO  edu.bjut.homo.myMain - meter_8737118808553007021:reg,reg_response
raspberrypi 16:30:33.856 [main] INFO  edu.bjut.homo.myMain - meter_8737118808553007021:31130,87667
raspberrypi 16:30:33.856 [main] INFO  edu.bjut.homo.myMain - meter_4649520488793174289:reg,reg_response
raspberrypi 16:30:33.856 [main] INFO  edu.bjut.homo.myMain - meter_4649520488793174289:31166,85833
raspberrypi 16:30:33.856 [main] INFO  edu.bjut.homo.myMain - meter_2329622702126033489:reg,reg_response
raspberrypi 16:30:33.856 [main] INFO  edu.bjut.homo.myMain - meter_2329622702126033489:31592,87204
raspberrypi 16:30:33.856 [main] INFO  edu.bjut.homo.myMain - meter_8171311647737001987:reg,reg_response
raspberrypi 16:30:33.856 [main] INFO  edu.bjut.homo.myMain - meter_8171311647737001987:30574,86796
raspberrypi 16:30:33.856 [main] INFO  edu.bjut.homo.myMain - meter_8924230206672836717:reg,reg_response
raspberrypi 16:30:33.857 [main] INFO  edu.bjut.homo.myMain - meter_8924230206672836717:31093,103963
raspberrypi 16:30:33.857 [main] INFO  edu.bjut.homo.myMain - meter_2876774940504113835:reg,reg_response
raspberrypi 16:30:33.857 [main] INFO  edu.bjut.homo.myMain - meter_2876774940504113835:31407,189259
raspberrypi 16:30:33.857 [main] INFO  edu.bjut.homo.myMain - meter_5104314489954896963:reg,reg_response
raspberrypi 16:30:33.857 [main] INFO  edu.bjut.homo.myMain - meter_5104314489954896963:38463,140926
raspberrypi 16:30:33.857 [main] INFO  edu.bjut.homo.myMain - meter_4855287917435583901:reg,reg_response
raspberrypi 16:30:33.857 [main] INFO  edu.bjut.homo.myMain - meter_4855287917435583901:32574,94389
raspberrypi 16:30:33.857 [main] INFO  edu.bjut.homo.myMain - meter_1389853484208563793:reg,reg_response
raspberrypi 16:30:33.857 [main] INFO  edu.bjut.homo.myMain - meter_1389853484208563793:31611,84352
raspberrypi 16:30:33.857 [main] INFO  edu.bjut.homo.myMain - meter_6073390604452979073:reg,reg_response
raspberrypi 16:30:33.857 [main] INFO  edu.bjut.homo.myMain - meter_6073390604452979073:32963,89630
raspberrypi 16:30:33.857 [main] INFO  edu.bjut.homo.myMain - meter_1318026689743892637:reg,reg_response
raspberrypi 16:30:33.858 [main] INFO  edu.bjut.homo.myMain - meter_1318026689743892637:31889,97760
raspberrypi 16:30:33.858 [main] INFO  edu.bjut.homo.myMain - meter_668122212542520841:reg,reg_response
raspberrypi 16:30:33.858 [main] INFO  edu.bjut.homo.myMain - meter_668122212542520841:31870,186000
raspberrypi 16:30:33.858 [main] INFO  edu.bjut.homo.myMain - meter_9195490700371174221:reg,reg_response
raspberrypi 16:30:33.858 [main] INFO  edu.bjut.homo.myMain - meter_9195490700371174221:39870,87907
raspberrypi 16:30:33.858 [main] INFO  edu.bjut.homo.myMain - meter_5145793940108853751:reg,reg_response
raspberrypi 16:30:33.858 [main] INFO  edu.bjut.homo.myMain - meter_5145793940108853751:31407,82333
raspberrypi 16:30:33.859 [main] INFO  edu.bjut.homo.myMain - oneTimeMeterRepTime
raspberrypi 16:30:35.568 [main] INFO  edu.bjut.homo.myMain - agg:resp_agg
raspberrypi 16:30:35.568 [main] INFO  edu.bjut.homo.myMain - agg:613124573
raspberrypi 16:30:35.569 [main] INFO  edu.bjut.homo.myMain - server:report_res
raspberrypi 16:30:35.569 [main] INFO  edu.bjut.homo.myMain - server:38367333
raspberrypi 16:30:35.569 [main] INFO  edu.bjut.homo.myMain - meter_8868616194160273501:report
raspberrypi 16:30:35.569 [main] INFO  edu.bjut.homo.myMain - meter_8868616194160273501:26343241
raspberrypi 16:30:35.569 [main] INFO  edu.bjut.homo.myMain - meter_3911115939834971667:report
raspberrypi 16:30:35.569 [main] INFO  edu.bjut.homo.myMain - meter_3911115939834971667:26170908
raspberrypi 16:30:35.569 [main] INFO  edu.bjut.homo.myMain - meter_2029284600154824647:report
raspberrypi 16:30:35.569 [main] INFO  edu.bjut.homo.myMain - meter_2029284600154824647:26130334
raspberrypi 16:30:35.569 [main] INFO  edu.bjut.homo.myMain - meter_5345308330473084117:report
raspberrypi 16:30:35.569 [main] INFO  edu.bjut.homo.myMain - meter_5345308330473084117:26286740
raspberrypi 16:30:35.569 [main] INFO  edu.bjut.homo.myMain - meter_8722194135089160881:report
raspberrypi 16:30:35.569 [main] INFO  edu.bjut.homo.myMain - meter_8722194135089160881:26279482
raspberrypi 16:30:35.569 [main] INFO  edu.bjut.homo.myMain - meter_930789554589473919:report
raspberrypi 16:30:35.569 [main] INFO  edu.bjut.homo.myMain - meter_930789554589473919:26214240
raspberrypi 16:30:35.569 [main] INFO  edu.bjut.homo.myMain - meter_6384050985680555061:report
raspberrypi 16:30:35.569 [main] INFO  edu.bjut.homo.myMain - meter_6384050985680555061:26158723
raspberrypi 16:30:35.570 [main] INFO  edu.bjut.homo.myMain - meter_1695236786773271455:report
raspberrypi 16:30:35.570 [main] INFO  edu.bjut.homo.myMain - meter_1695236786773271455:27881555
raspberrypi 16:30:35.570 [main] INFO  edu.bjut.homo.myMain - meter_3891685917790050935:report
raspberrypi 16:30:35.570 [main] INFO  edu.bjut.homo.myMain - meter_3891685917790050935:26068722
raspberrypi 16:30:35.570 [main] INFO  edu.bjut.homo.myMain - meter_7433910546859957979:report
raspberrypi 16:30:35.570 [main] INFO  edu.bjut.homo.myMain - meter_7433910546859957979:26094371
raspberrypi 16:30:35.570 [main] INFO  edu.bjut.homo.myMain - meter_614932890769720167:report
raspberrypi 16:30:35.570 [main] INFO  edu.bjut.homo.myMain - meter_614932890769720167:26082055
raspberrypi 16:30:35.570 [main] INFO  edu.bjut.homo.myMain - meter_4372935627782842617:report
raspberrypi 16:30:35.570 [main] INFO  edu.bjut.homo.myMain - meter_4372935627782842617:26183666
raspberrypi 16:30:35.570 [main] INFO  edu.bjut.homo.myMain - meter_8853359470961552587:report
raspberrypi 16:30:35.570 [main] INFO  edu.bjut.homo.myMain - meter_8853359470961552587:26140463
raspberrypi 16:30:35.570 [main] INFO  edu.bjut.homo.myMain - meter_82835437085997877:report
raspberrypi 16:30:35.570 [main] INFO  edu.bjut.homo.myMain - meter_82835437085997877:26213574
raspberrypi 16:30:35.570 [main] INFO  edu.bjut.homo.myMain - meter_511918809035255999:report
raspberrypi 16:30:35.570 [main] INFO  edu.bjut.homo.myMain - meter_511918809035255999:26379296
raspberrypi 16:30:35.571 [main] INFO  edu.bjut.homo.myMain - meter_3037584020049903369:report
raspberrypi 16:30:35.571 [main] INFO  edu.bjut.homo.myMain - meter_3037584020049903369:27724297
raspberrypi 16:30:35.571 [main] INFO  edu.bjut.homo.myMain - meter_6277360868134901807:report
raspberrypi 16:30:35.571 [main] INFO  edu.bjut.homo.myMain - meter_6277360868134901807:26076851
raspberrypi 16:30:35.571 [main] INFO  edu.bjut.homo.myMain - meter_1656611067573703079:report
raspberrypi 16:30:35.571 [main] INFO  edu.bjut.homo.myMain - meter_1656611067573703079:26130352
raspberrypi 16:30:35.571 [main] INFO  edu.bjut.homo.myMain - meter_8852435555074484853:report
raspberrypi 16:30:35.571 [main] INFO  edu.bjut.homo.myMain - meter_8852435555074484853:26122000
raspberrypi 16:30:35.571 [main] INFO  edu.bjut.homo.myMain - meter_5628097732365814777:report
raspberrypi 16:30:35.571 [main] INFO  edu.bjut.homo.myMain - meter_5628097732365814777:26222629
raspberrypi 16:30:35.571 [main] INFO  edu.bjut.homo.myMain - meter_6542828827484914753:report
raspberrypi 16:30:35.571 [main] INFO  edu.bjut.homo.myMain - meter_6542828827484914753:26121963
raspberrypi 16:30:35.571 [main] INFO  edu.bjut.homo.myMain - meter_1096180053279607203:report
raspberrypi 16:30:35.571 [main] INFO  edu.bjut.homo.myMain - meter_1096180053279607203:26347482
raspberrypi 16:30:35.571 [main] INFO  edu.bjut.homo.myMain - meter_2040864183752670721:report
raspberrypi 16:30:35.571 [main] INFO  edu.bjut.homo.myMain - meter_2040864183752670721:26158259
raspberrypi 16:30:35.571 [main] INFO  edu.bjut.homo.myMain - meter_722137360211077939:report
raspberrypi 16:30:35.571 [main] INFO  edu.bjut.homo.myMain - meter_722137360211077939:26191648
raspberrypi 16:30:35.572 [main] INFO  edu.bjut.homo.myMain - meter_1213989624263382879:report
raspberrypi 16:30:35.572 [main] INFO  edu.bjut.homo.myMain - meter_1213989624263382879:27731740
raspberrypi 16:30:35.572 [main] INFO  edu.bjut.homo.myMain - meter_3714715835502070019:report
raspberrypi 16:30:35.572 [main] INFO  edu.bjut.homo.myMain - meter_3714715835502070019:26132796
raspberrypi 16:30:35.572 [main] INFO  edu.bjut.homo.myMain - meter_8737118808553007021:report
raspberrypi 16:30:35.572 [main] INFO  edu.bjut.homo.myMain - meter_8737118808553007021:26165315
raspberrypi 16:30:35.572 [main] INFO  edu.bjut.homo.myMain - meter_4649520488793174289:report
raspberrypi 16:30:35.572 [main] INFO  edu.bjut.homo.myMain - meter_4649520488793174289:26167889
raspberrypi 16:30:35.572 [main] INFO  edu.bjut.homo.myMain - meter_2329622702126033489:report
raspberrypi 16:30:35.572 [main] INFO  edu.bjut.homo.myMain - meter_2329622702126033489:26218129
raspberrypi 16:30:35.572 [main] INFO  edu.bjut.homo.myMain - meter_8171311647737001987:report
raspberrypi 16:30:35.572 [main] INFO  edu.bjut.homo.myMain - meter_8171311647737001987:26223407
raspberrypi 16:30:35.572 [main] INFO  edu.bjut.homo.myMain - meter_8924230206672836717:report
raspberrypi 16:30:35.572 [main] INFO  edu.bjut.homo.myMain - meter_8924230206672836717:26179167
raspberrypi 16:30:35.572 [main] INFO  edu.bjut.homo.myMain - meter_2876774940504113835:report
raspberrypi 16:30:35.572 [main] INFO  edu.bjut.homo.myMain - meter_2876774940504113835:26550055
raspberrypi 16:30:35.573 [main] INFO  edu.bjut.homo.myMain - meter_5104314489954896963:report
raspberrypi 16:30:35.573 [main] INFO  edu.bjut.homo.myMain - meter_5104314489954896963:28022037
raspberrypi 16:30:35.573 [main] INFO  edu.bjut.homo.myMain - meter_4855287917435583901:report
raspberrypi 16:30:35.573 [main] INFO  edu.bjut.homo.myMain - meter_4855287917435583901:26071833
raspberrypi 16:30:35.573 [main] INFO  edu.bjut.homo.myMain - meter_1389853484208563793:report
raspberrypi 16:30:35.573 [main] INFO  edu.bjut.homo.myMain - meter_1389853484208563793:26124500
raspberrypi 16:30:35.573 [main] INFO  edu.bjut.homo.myMain - meter_6073390604452979073:report
raspberrypi 16:30:35.573 [main] INFO  edu.bjut.homo.myMain - meter_6073390604452979073:26114852
raspberrypi 16:30:35.573 [main] INFO  edu.bjut.homo.myMain - meter_1318026689743892637:report
raspberrypi 16:30:35.573 [main] INFO  edu.bjut.homo.myMain - meter_1318026689743892637:26173056
raspberrypi 16:30:35.573 [main] INFO  edu.bjut.homo.myMain - meter_668122212542520841:report
raspberrypi 16:30:35.573 [main] INFO  edu.bjut.homo.myMain - meter_668122212542520841:26730444
raspberrypi 16:30:35.573 [main] INFO  edu.bjut.homo.myMain - meter_9195490700371174221:report
raspberrypi 16:30:35.573 [main] INFO  edu.bjut.homo.myMain - meter_9195490700371174221:26629297
raspberrypi 16:30:35.573 [main] INFO  edu.bjut.homo.myMain - meter_5145793940108853751:report
raspberrypi 16:30:35.573 [main] INFO  edu.bjut.homo.myMain - meter_5145793940108853751:27142982
raspberrypi 16:30:39.524 [main] INFO  edu.bjut.homo.myMain - meterRegTime
raspberrypi 16:30:40.126 [main] INFO  edu.bjut.homo.myMain - kgc:reg_response,reg_response,reg_response,reg_response,reg_response,reg_response,reg_response,reg_response,reg_response,reg_response,reg_response,reg_response,reg_response,reg_response,reg_response,reg_response,reg_response,reg_response,reg_response,reg_response,reg_response,reg_response,reg_response,reg_response,reg_response,reg_response,reg_response,reg_response,reg_response,reg_response
raspberrypi 16:30:40.127 [main] INFO  edu.bjut.homo.myMain - kgc:20449333,19603149,19669482,19982093,19534723,19625796,23453130,19536926,19876037,19450556,20016815,19465722,19518722,19730444,19830426,19479852,19807759,19666444,19465629,19802833,19489704,20242223,19912870,19954963,19922018,19642685,19551908,19864167,21487167,19537833
raspberrypi 16:30:40.128 [main] INFO  edu.bjut.homo.myMain - meter_6524142861675520415:reg,reg_response
raspberrypi 16:30:40.128 [main] INFO  edu.bjut.homo.myMain - meter_6524142861675520415:128759,90260
raspberrypi 16:30:40.128 [main] INFO  edu.bjut.homo.myMain - meter_7377784624977755581:reg,reg_response
raspberrypi 16:30:40.128 [main] INFO  edu.bjut.homo.myMain - meter_7377784624977755581:32852,104500
raspberrypi 16:30:40.128 [main] INFO  edu.bjut.homo.myMain - meter_8461817670426983345:reg,reg_response
raspberrypi 16:30:40.128 [main] INFO  edu.bjut.homo.myMain - meter_8461817670426983345:32241,85815
raspberrypi 16:30:40.128 [main] INFO  edu.bjut.homo.myMain - meter_8133640887812810279:reg,reg_response
raspberrypi 16:30:40.128 [main] INFO  edu.bjut.homo.myMain - meter_8133640887812810279:44741,106260
raspberrypi 16:30:40.128 [main] INFO  edu.bjut.homo.myMain - meter_2625076939191177629:reg,reg_response
raspberrypi 16:30:40.128 [main] INFO  edu.bjut.homo.myMain - meter_2625076939191177629:33574,84185
raspberrypi 16:30:40.128 [main] INFO  edu.bjut.homo.myMain - meter_3907619767970292555:reg,reg_response
raspberrypi 16:30:40.128 [main] INFO  edu.bjut.homo.myMain - meter_3907619767970292555:30704,84982
raspberrypi 16:30:40.128 [main] INFO  edu.bjut.homo.myMain - meter_6155145364905587049:reg,reg_response
raspberrypi 16:30:40.129 [main] INFO  edu.bjut.homo.myMain - meter_6155145364905587049:31630,85018
raspberrypi 16:30:40.129 [main] INFO  edu.bjut.homo.myMain - meter_5505240887720992091:reg,reg_response
raspberrypi 16:30:40.129 [main] INFO  edu.bjut.homo.myMain - meter_5505240887720992091:31074,84555
raspberrypi 16:30:40.129 [main] INFO  edu.bjut.homo.myMain - meter_8502638384582742673:reg,reg_response
raspberrypi 16:30:40.129 [main] INFO  edu.bjut.homo.myMain - meter_8502638384582742673:31222,83259
raspberrypi 16:30:40.129 [main] INFO  edu.bjut.homo.myMain - meter_8030906098735639963:reg,reg_response
raspberrypi 16:30:40.129 [main] INFO  edu.bjut.homo.myMain - meter_8030906098735639963:31611,81463
raspberrypi 16:30:40.129 [main] INFO  edu.bjut.homo.myMain - meter_6774093354410358211:reg,reg_response
raspberrypi 16:30:40.129 [main] INFO  edu.bjut.homo.myMain - meter_6774093354410358211:30926,83407
raspberrypi 16:30:40.129 [main] INFO  edu.bjut.homo.myMain - meter_9160228439193057171:reg,reg_response
raspberrypi 16:30:40.129 [main] INFO  edu.bjut.homo.myMain - meter_9160228439193057171:31723,85149
raspberrypi 16:30:40.129 [main] INFO  edu.bjut.homo.myMain - meter_1383157769811684861:reg,reg_response
raspberrypi 16:30:40.129 [main] INFO  edu.bjut.homo.myMain - meter_1383157769811684861:31018,122556
raspberrypi 16:30:40.130 [main] INFO  edu.bjut.homo.myMain - meter_7643439267814492401:reg,reg_response
raspberrypi 16:30:40.130 [main] INFO  edu.bjut.homo.myMain - meter_7643439267814492401:32260,113352
raspberrypi 16:30:40.130 [main] INFO  edu.bjut.homo.myMain - meter_7094255787400014869:reg,reg_response
raspberrypi 16:30:40.130 [main] INFO  edu.bjut.homo.myMain - meter_7094255787400014869:34426,106075
raspberrypi 16:30:40.130 [main] INFO  edu.bjut.homo.myMain - meter_530323299868005267:reg,reg_response
raspberrypi 16:30:40.130 [main] INFO  edu.bjut.homo.myMain - meter_530323299868005267:31278,85851
raspberrypi 16:30:40.130 [main] INFO  edu.bjut.homo.myMain - meter_9130360719815074915:reg,reg_response
raspberrypi 16:30:40.130 [main] INFO  edu.bjut.homo.myMain - meter_9130360719815074915:43333,86222
raspberrypi 16:30:40.130 [main] INFO  edu.bjut.homo.myMain - meter_3902061315009425881:reg,reg_response
raspberrypi 16:30:40.130 [main] INFO  edu.bjut.homo.myMain - meter_3902061315009425881:31667,82148
raspberrypi 16:30:40.130 [main] INFO  edu.bjut.homo.myMain - meter_9192274799014675647:reg,reg_response
raspberrypi 16:30:40.130 [main] INFO  edu.bjut.homo.myMain - meter_9192274799014675647:32019,82555
raspberrypi 16:30:40.131 [main] INFO  edu.bjut.homo.myMain - meter_662284466907650121:reg,reg_response
raspberrypi 16:30:40.131 [main] INFO  edu.bjut.homo.myMain - meter_662284466907650121:29963,86315
raspberrypi 16:30:40.131 [main] INFO  edu.bjut.homo.myMain - meter_7419808547694588209:reg,reg_response
raspberrypi 16:30:40.131 [main] INFO  edu.bjut.homo.myMain - meter_7419808547694588209:30019,83426
raspberrypi 16:30:40.131 [main] INFO  edu.bjut.homo.myMain - meter_6757915997122059221:reg,reg_response
raspberrypi 16:30:40.131 [main] INFO  edu.bjut.homo.myMain - meter_6757915997122059221:30111,230703
raspberrypi 16:30:40.131 [main] INFO  edu.bjut.homo.myMain - meter_1697811220775398553:reg,reg_response
raspberrypi 16:30:40.131 [main] INFO  edu.bjut.homo.myMain - meter_1697811220775398553:44296,103666
raspberrypi 16:30:40.131 [main] INFO  edu.bjut.homo.myMain - meter_2968956768117432293:reg,reg_response
raspberrypi 16:30:40.131 [main] INFO  edu.bjut.homo.myMain - meter_2968956768117432293:32648,85741
raspberrypi 16:30:40.131 [main] INFO  edu.bjut.homo.myMain - meter_168087468914846675:reg,reg_response
raspberrypi 16:30:40.131 [main] INFO  edu.bjut.homo.myMain - meter_168087468914846675:30852,82166
raspberrypi 16:30:40.132 [main] INFO  edu.bjut.homo.myMain - meter_2086367928099754643:reg,reg_response
raspberrypi 16:30:40.132 [main] INFO  edu.bjut.homo.myMain - meter_2086367928099754643:30056,81111
raspberrypi 16:30:40.132 [main] INFO  edu.bjut.homo.myMain - meter_1075150432042605171:reg,reg_response
raspberrypi 16:30:40.132 [main] INFO  edu.bjut.homo.myMain - meter_1075150432042605171:30315,81241
raspberrypi 16:30:40.132 [main] INFO  edu.bjut.homo.myMain - meter_8101594527974413451:reg,reg_response
raspberrypi 16:30:40.132 [main] INFO  edu.bjut.homo.myMain - meter_8101594527974413451:30445,84055
raspberrypi 16:30:40.132 [main] INFO  edu.bjut.homo.myMain - meter_3298366766889108887:reg,reg_response
raspberrypi 16:30:40.132 [main] INFO  edu.bjut.homo.myMain - meter_3298366766889108887:31074,158241
raspberrypi 16:30:40.132 [main] INFO  edu.bjut.homo.myMain - meter_6632437198946994211:reg,reg_response
raspberrypi 16:30:40.132 [main] INFO  edu.bjut.homo.myMain - meter_6632437198946994211:36500,124315
raspberrypi 16:30:40.133 [main] INFO  edu.bjut.homo.myMain - oneTimeMeterRepTime
raspberrypi 16:30:41.449 [main] INFO  edu.bjut.homo.myMain - agg:resp_agg
raspberrypi 16:30:41.449 [main] INFO  edu.bjut.homo.myMain - agg:479190240
raspberrypi 16:30:41.449 [main] INFO  edu.bjut.homo.myMain - server:report_res
raspberrypi 16:30:41.450 [main] INFO  edu.bjut.homo.myMain - server:38123167
raspberrypi 16:30:41.450 [main] INFO  edu.bjut.homo.myMain - meter_6524142861675520415:report
raspberrypi 16:30:41.450 [main] INFO  edu.bjut.homo.myMain - meter_6524142861675520415:26222222
raspberrypi 16:30:41.450 [main] INFO  edu.bjut.homo.myMain - meter_7377784624977755581:report
raspberrypi 16:30:41.450 [main] INFO  edu.bjut.homo.myMain - meter_7377784624977755581:26385278
raspberrypi 16:30:41.450 [main] INFO  edu.bjut.homo.myMain - meter_8461817670426983345:report
raspberrypi 16:30:41.450 [main] INFO  edu.bjut.homo.myMain - meter_8461817670426983345:26146370
raspberrypi 16:30:41.450 [main] INFO  edu.bjut.homo.myMain - meter_8133640887812810279:report
raspberrypi 16:30:41.450 [main] INFO  edu.bjut.homo.myMain - meter_8133640887812810279:26390370
raspberrypi 16:30:41.450 [main] INFO  edu.bjut.homo.myMain - meter_2625076939191177629:report
raspberrypi 16:30:41.450 [main] INFO  edu.bjut.homo.myMain - meter_2625076939191177629:26252222
raspberrypi 16:30:41.450 [main] INFO  edu.bjut.homo.myMain - meter_3907619767970292555:report
raspberrypi 16:30:41.450 [main] INFO  edu.bjut.homo.myMain - meter_3907619767970292555:26277315
raspberrypi 16:30:41.450 [main] INFO  edu.bjut.homo.myMain - meter_6155145364905587049:report
raspberrypi 16:30:41.451 [main] INFO  edu.bjut.homo.myMain - meter_6155145364905587049:27096777
raspberrypi 16:30:41.451 [main] INFO  edu.bjut.homo.myMain - meter_5505240887720992091:report
raspberrypi 16:30:41.451 [main] INFO  edu.bjut.homo.myMain - meter_5505240887720992091:27930463
raspberrypi 16:30:41.451 [main] INFO  edu.bjut.homo.myMain - meter_8502638384582742673:report
raspberrypi 16:30:41.451 [main] INFO  edu.bjut.homo.myMain - meter_8502638384582742673:26022537
raspberrypi 16:30:41.451 [main] INFO  edu.bjut.homo.myMain - meter_8030906098735639963:report
raspberrypi 16:30:41.451 [main] INFO  edu.bjut.homo.myMain - meter_8030906098735639963:26243778
raspberrypi 16:30:41.451 [main] INFO  edu.bjut.homo.myMain - meter_6774093354410358211:report
raspberrypi 16:30:41.451 [main] INFO  edu.bjut.homo.myMain - meter_6774093354410358211:26245722
raspberrypi 16:30:41.451 [main] INFO  edu.bjut.homo.myMain - meter_9160228439193057171:report
raspberrypi 16:30:41.451 [main] INFO  edu.bjut.homo.myMain - meter_9160228439193057171:26231444
raspberrypi 16:30:41.451 [main] INFO  edu.bjut.homo.myMain - meter_1383157769811684861:report
raspberrypi 16:30:41.451 [main] INFO  edu.bjut.homo.myMain - meter_1383157769811684861:26160407
raspberrypi 16:30:41.451 [main] INFO  edu.bjut.homo.myMain - meter_7643439267814492401:report
raspberrypi 16:30:41.451 [main] INFO  edu.bjut.homo.myMain - meter_7643439267814492401:26228315
raspberrypi 16:30:41.451 [main] INFO  edu.bjut.homo.myMain - meter_7094255787400014869:report
raspberrypi 16:30:41.451 [main] INFO  edu.bjut.homo.myMain - meter_7094255787400014869:26078704
raspberrypi 16:30:41.452 [main] INFO  edu.bjut.homo.myMain - meter_530323299868005267:report
raspberrypi 16:30:41.452 [main] INFO  edu.bjut.homo.myMain - meter_530323299868005267:27719185
raspberrypi 16:30:41.452 [main] INFO  edu.bjut.homo.myMain - meter_9130360719815074915:report
raspberrypi 16:30:41.452 [main] INFO  edu.bjut.homo.myMain - meter_9130360719815074915:26140741
raspberrypi 16:30:41.452 [main] INFO  edu.bjut.homo.myMain - meter_3902061315009425881:report
raspberrypi 16:30:41.452 [main] INFO  edu.bjut.homo.myMain - meter_3902061315009425881:26016055
raspberrypi 16:30:41.452 [main] INFO  edu.bjut.homo.myMain - meter_9192274799014675647:report
raspberrypi 16:30:41.452 [main] INFO  edu.bjut.homo.myMain - meter_9192274799014675647:26143759
raspberrypi 16:30:41.452 [main] INFO  edu.bjut.homo.myMain - meter_662284466907650121:report
raspberrypi 16:30:41.452 [main] INFO  edu.bjut.homo.myMain - meter_662284466907650121:26951889
raspberrypi 16:30:41.452 [main] INFO  edu.bjut.homo.myMain - meter_7419808547694588209:report
raspberrypi 16:30:41.452 [main] INFO  edu.bjut.homo.myMain - meter_7419808547694588209:26475038
raspberrypi 16:30:41.452 [main] INFO  edu.bjut.homo.myMain - meter_6757915997122059221:report
raspberrypi 16:30:41.452 [main] INFO  edu.bjut.homo.myMain - meter_6757915997122059221:26654444
raspberrypi 16:30:41.452 [main] INFO  edu.bjut.homo.myMain - meter_1697811220775398553:report
raspberrypi 16:30:41.452 [main] INFO  edu.bjut.homo.myMain - meter_1697811220775398553:26166445
raspberrypi 16:30:41.452 [main] INFO  edu.bjut.homo.myMain - meter_2968956768117432293:report
raspberrypi 16:30:41.453 [main] INFO  edu.bjut.homo.myMain - meter_2968956768117432293:27784315
raspberrypi 16:30:41.453 [main] INFO  edu.bjut.homo.myMain - meter_168087468914846675:report
raspberrypi 16:30:41.453 [main] INFO  edu.bjut.homo.myMain - meter_168087468914846675:28044444
raspberrypi 16:30:41.453 [main] INFO  edu.bjut.homo.myMain - meter_2086367928099754643:report
raspberrypi 16:30:41.453 [main] INFO  edu.bjut.homo.myMain - meter_2086367928099754643:26561629
raspberrypi 16:30:41.453 [main] INFO  edu.bjut.homo.myMain - meter_1075150432042605171:report
raspberrypi 16:30:41.453 [main] INFO  edu.bjut.homo.myMain - meter_1075150432042605171:26411426
raspberrypi 16:30:41.453 [main] INFO  edu.bjut.homo.myMain - meter_8101594527974413451:report
raspberrypi 16:30:41.453 [main] INFO  edu.bjut.homo.myMain - meter_8101594527974413451:26353240
raspberrypi 16:30:41.453 [main] INFO  edu.bjut.homo.myMain - meter_3298366766889108887:report
raspberrypi 16:30:41.453 [main] INFO  edu.bjut.homo.myMain - meter_3298366766889108887:26488778
raspberrypi 16:30:41.453 [main] INFO  edu.bjut.homo.myMain - meter_6632437198946994211:report
raspberrypi 16:30:41.453 [main] INFO  edu.bjut.homo.myMain - meter_6632437198946994211:27611278
raspberrypi 16:30:45.136 [main] INFO  edu.bjut.homo.myMain - meterRegTime
raspberrypi 16:30:45.540 [main] INFO  edu.bjut.homo.myMain - kgc:reg_response,reg_response,reg_response,reg_response,reg_response,reg_response,reg_response,reg_response,reg_response,reg_response,reg_response,reg_response,reg_response,reg_response,reg_response,reg_response,reg_response,reg_response,reg_response,reg_response
raspberrypi 16:30:45.540 [main] INFO  edu.bjut.homo.myMain - kgc:19730186,19575185,19526629,19517685,19681334,19660981,19412759,19490297,20250056,20150370,19973278,19519148,19885574,20892315,20670333,20325760,19906389,19771111,21768223,19830703
raspberrypi 16:30:45.541 [main] INFO  edu.bjut.homo.myMain - meter_1106421700863813379:reg,reg_response
raspberrypi 16:30:45.541 [main] INFO  edu.bjut.homo.myMain - meter_1106421700863813379:135241,85556
raspberrypi 16:30:45.541 [main] INFO  edu.bjut.homo.myMain - meter_1131690382641253199:reg,reg_response
raspberrypi 16:30:45.542 [main] INFO  edu.bjut.homo.myMain - meter_1131690382641253199:30852,81852
raspberrypi 16:30:45.542 [main] INFO  edu.bjut.homo.myMain - meter_8885785459504498945:reg,reg_response
raspberrypi 16:30:45.542 [main] INFO  edu.bjut.homo.myMain - meter_8885785459504498945:30296,81148
raspberrypi 16:30:45.542 [main] INFO  edu.bjut.homo.myMain - meter_2700367703212651653:reg,reg_response
raspberrypi 16:30:45.542 [main] INFO  edu.bjut.homo.myMain - meter_2700367703212651653:29500,81611
raspberrypi 16:30:45.542 [main] INFO  edu.bjut.homo.myMain - meter_5441809922658824057:reg,reg_response
raspberrypi 16:30:45.542 [main] INFO  edu.bjut.homo.myMain - meter_5441809922658824057:29759,81019
raspberrypi 16:30:45.542 [main] INFO  edu.bjut.homo.myMain - meter_2119765221840762553:reg,reg_response
raspberrypi 16:30:45.543 [main] INFO  edu.bjut.homo.myMain - meter_2119765221840762553:27685,79611
raspberrypi 16:30:45.543 [main] INFO  edu.bjut.homo.myMain - meter_1916491552756973123:reg,reg_response
raspberrypi 16:30:45.543 [main] INFO  edu.bjut.homo.myMain - meter_1916491552756973123:30611,82388
raspberrypi 16:30:45.543 [main] INFO  edu.bjut.homo.myMain - meter_618229487551749337:reg,reg_response
raspberrypi 16:30:45.543 [main] INFO  edu.bjut.homo.myMain - meter_618229487551749337:29704,332055
raspberrypi 16:30:45.543 [main] INFO  edu.bjut.homo.myMain - meter_5676041174655872989:reg,reg_response
raspberrypi 16:30:45.544 [main] INFO  edu.bjut.homo.myMain - meter_5676041174655872989:34148,100111
raspberrypi 16:30:45.544 [main] INFO  edu.bjut.homo.myMain - meter_4900939378551113993:reg,reg_response
raspberrypi 16:30:45.544 [main] INFO  edu.bjut.homo.myMain - meter_4900939378551113993:29204,159019
raspberrypi 16:30:45.544 [main] INFO  edu.bjut.homo.myMain - meter_8053864431233366647:reg,reg_response
raspberrypi 16:30:45.544 [main] INFO  edu.bjut.homo.myMain - meter_8053864431233366647:37370,93871
raspberrypi 16:30:45.544 [main] INFO  edu.bjut.homo.myMain - meter_3136044264414224807:reg,reg_response
raspberrypi 16:30:45.544 [main] INFO  edu.bjut.homo.myMain - meter_3136044264414224807:32482,73444
raspberrypi 16:30:45.544 [main] INFO  edu.bjut.homo.myMain - meter_2792315453733347449:reg,reg_response
raspberrypi 16:30:45.545 [main] INFO  edu.bjut.homo.myMain - meter_2792315453733347449:31240,73000
raspberrypi 16:30:45.545 [main] INFO  edu.bjut.homo.myMain - meter_1063473862259909531:reg,reg_response
raspberrypi 16:30:45.545 [main] INFO  edu.bjut.homo.myMain - meter_1063473862259909531:31945,115907
raspberrypi 16:30:45.545 [main] INFO  edu.bjut.homo.myMain - meter_1946062706572555805:reg,reg_response
raspberrypi 16:30:45.545 [main] INFO  edu.bjut.homo.myMain - meter_1946062706572555805:32500,126666
raspberrypi 16:30:45.545 [main] INFO  edu.bjut.homo.myMain - meter_1886176406475945213:reg,reg_response
raspberrypi 16:30:45.545 [main] INFO  edu.bjut.homo.myMain - meter_1886176406475945213:31926,108944
raspberrypi 16:30:45.545 [main] INFO  edu.bjut.homo.myMain - meter_1118906672106557905:reg,reg_response
raspberrypi 16:30:45.545 [main] INFO  edu.bjut.homo.myMain - meter_1118906672106557905:32944,164870
raspberrypi 16:30:45.545 [main] INFO  edu.bjut.homo.myMain - meter_277717673427318447:reg,reg_response
raspberrypi 16:30:45.546 [main] INFO  edu.bjut.homo.myMain - meter_277717673427318447:37000,102982
raspberrypi 16:30:45.546 [main] INFO  edu.bjut.homo.myMain - meter_2063408491828985685:reg,reg_response
raspberrypi 16:30:45.546 [main] INFO  edu.bjut.homo.myMain - meter_2063408491828985685:31000,104593
raspberrypi 16:30:45.546 [main] INFO  edu.bjut.homo.myMain - meter_4087473706191509751:reg,reg_response
raspberrypi 16:30:45.546 [main] INFO  edu.bjut.homo.myMain - meter_4087473706191509751:36481,86611
raspberrypi 16:30:45.548 [main] INFO  edu.bjut.homo.myMain - oneTimeMeterRepTime
raspberrypi 16:30:46.417 [main] INFO  edu.bjut.homo.myMain - agg:resp_agg
raspberrypi 16:30:46.417 [main] INFO  edu.bjut.homo.myMain - agg:303592278
raspberrypi 16:30:46.418 [main] INFO  edu.bjut.homo.myMain - server:report_res
raspberrypi 16:30:46.418 [main] INFO  edu.bjut.homo.myMain - server:38035167
raspberrypi 16:30:46.418 [main] INFO  edu.bjut.homo.myMain - meter_1106421700863813379:report
raspberrypi 16:30:46.418 [main] INFO  edu.bjut.homo.myMain - meter_1106421700863813379:26852944
raspberrypi 16:30:46.418 [main] INFO  edu.bjut.homo.myMain - meter_1131690382641253199:report
raspberrypi 16:30:46.418 [main] INFO  edu.bjut.homo.myMain - meter_1131690382641253199:26043130
raspberrypi 16:30:46.418 [main] INFO  edu.bjut.homo.myMain - meter_8885785459504498945:report
raspberrypi 16:30:46.418 [main] INFO  edu.bjut.homo.myMain - meter_8885785459504498945:26148037
raspberrypi 16:30:46.418 [main] INFO  edu.bjut.homo.myMain - meter_2700367703212651653:report
raspberrypi 16:30:46.418 [main] INFO  edu.bjut.homo.myMain - meter_2700367703212651653:26536630
raspberrypi 16:30:46.418 [main] INFO  edu.bjut.homo.myMain - meter_5441809922658824057:report
raspberrypi 16:30:46.418 [main] INFO  edu.bjut.homo.myMain - meter_5441809922658824057:26142352
raspberrypi 16:30:46.418 [main] INFO  edu.bjut.homo.myMain - meter_2119765221840762553:report
raspberrypi 16:30:46.418 [main] INFO  edu.bjut.homo.myMain - meter_2119765221840762553:26613463
raspberrypi 16:30:46.418 [main] INFO  edu.bjut.homo.myMain - meter_1916491552756973123:report
raspberrypi 16:30:46.418 [main] INFO  edu.bjut.homo.myMain - meter_1916491552756973123:25994222
raspberrypi 16:30:46.418 [main] INFO  edu.bjut.homo.myMain - meter_618229487551749337:report
raspberrypi 16:30:46.418 [main] INFO  edu.bjut.homo.myMain - meter_618229487551749337:27648612
raspberrypi 16:30:46.418 [main] INFO  edu.bjut.homo.myMain - meter_5676041174655872989:report
raspberrypi 16:30:46.418 [main] INFO  edu.bjut.homo.myMain - meter_5676041174655872989:26049185
raspberrypi 16:30:46.418 [main] INFO  edu.bjut.homo.myMain - meter_4900939378551113993:report
raspberrypi 16:30:46.418 [main] INFO  edu.bjut.homo.myMain - meter_4900939378551113993:26056259
raspberrypi 16:30:46.418 [main] INFO  edu.bjut.homo.myMain - meter_8053864431233366647:report
raspberrypi 16:30:46.419 [main] INFO  edu.bjut.homo.myMain - meter_8053864431233366647:26054130
raspberrypi 16:30:46.419 [main] INFO  edu.bjut.homo.myMain - meter_3136044264414224807:report
raspberrypi 16:30:46.419 [main] INFO  edu.bjut.homo.myMain - meter_3136044264414224807:26092778
raspberrypi 16:30:46.419 [main] INFO  edu.bjut.homo.myMain - meter_2792315453733347449:report
raspberrypi 16:30:46.419 [main] INFO  edu.bjut.homo.myMain - meter_2792315453733347449:26171166
raspberrypi 16:30:46.419 [main] INFO  edu.bjut.homo.myMain - meter_1063473862259909531:report
raspberrypi 16:30:46.419 [main] INFO  edu.bjut.homo.myMain - meter_1063473862259909531:26053371
raspberrypi 16:30:46.419 [main] INFO  edu.bjut.homo.myMain - meter_1946062706572555805:report
raspberrypi 16:30:46.419 [main] INFO  edu.bjut.homo.myMain - meter_1946062706572555805:26184092
raspberrypi 16:30:46.419 [main] INFO  edu.bjut.homo.myMain - meter_1886176406475945213:report
raspberrypi 16:30:46.419 [main] INFO  edu.bjut.homo.myMain - meter_1886176406475945213:27467185
raspberrypi 16:30:46.419 [main] INFO  edu.bjut.homo.myMain - meter_1118906672106557905:report
raspberrypi 16:30:46.419 [main] INFO  edu.bjut.homo.myMain - meter_1118906672106557905:26286351
raspberrypi 16:30:46.419 [main] INFO  edu.bjut.homo.myMain - meter_277717673427318447:report
raspberrypi 16:30:46.419 [main] INFO  edu.bjut.homo.myMain - meter_277717673427318447:26044092
raspberrypi 16:30:46.419 [main] INFO  edu.bjut.homo.myMain - meter_2063408491828985685:report
raspberrypi 16:30:46.419 [main] INFO  edu.bjut.homo.myMain - meter_2063408491828985685:26034630
raspberrypi 16:30:46.419 [main] INFO  edu.bjut.homo.myMain - meter_4087473706191509751:report
raspberrypi 16:30:46.419 [main] INFO  edu.bjut.homo.myMain - meter_4087473706191509751:26025815
