raspberrypi 11:15:08.531 [main] INFO  edu.bjut.boudia.myMain - oneTimeMeterRegTime
raspberrypi 11:15:10.737 [main] INFO  edu.bjut.boudia.myMain - server:pubkey
raspberrypi 11:15:10.738 [main] INFO  edu.bjut.boudia.myMain - server:783703
raspberrypi 11:15:10.749 [main] INFO  edu.bjut.boudia.myMain - agg:regMsg,regMsg,regMsg,regMsg,regMsg,regMsg,regMsg,regMsg,regMsg,regMsg,regMsg,regMsg,regMsg,regMsg,regMsg,regMsg,regMsg,regMsg,regMsg,regMsg,regMsg,regMsg,regMsg,regMsg,regMsg,regMsg,regMsg,regMsg,regMsg,regMsg,regMsg,regMsg,regMsg,regMsg,regMsg,regMsg,regMsg,regMsg,regMsg,regMsg,regMsg,regMsg,regMsg,regMsg,regMsg,regMsg,regMsg,regMsg,regMsg,regMsg,regMsg,regMsg,regMsg,regMsg,regMsg,regMsg,regMsg,regMsg,regMsg,regMsg
raspberrypi 11:15:10.750 [main] INFO  edu.bjut.boudia.myMain - agg:18353741,18215037,18172149,18148130,18111741,18166944,31468574,18291593,18220000,18207556,18088482,18064944,18171815,18064555,18454704,17920574,21092889,17886759,17926852,17960222,17901518,18046481,17887907,17907407,18518852,18164055,18301333,18097000,18168648,18417000,18014722,17885945,17900296,18023981,17851834,17815796,17833167,17818185,17885371,17864704,17896648,17910574,17908667,17904685,17965278,17900370,17940352,17830241,17991055,18276037,17979888,17854055,17923037,17893056,17937111,17826685,17833408,19365278,17892407,17897555
raspberrypi 11:15:10.755 [main] INFO  edu.bjut.boudia.myMain - meter_978582848110122889:regMsg,reg_backagg,reg_cc
raspberrypi 11:15:10.755 [main] INFO  edu.bjut.boudia.myMain - meter_978582848110122889:9593,18160611,47963
raspberrypi 11:15:10.755 [main] INFO  edu.bjut.boudia.myMain - meter_1820755009801223275:regMsg,reg_backagg,reg_cc
raspberrypi 11:15:10.756 [main] INFO  edu.bjut.boudia.myMain - meter_1820755009801223275:3186,18290222,3389
raspberrypi 11:15:10.756 [main] INFO  edu.bjut.boudia.myMain - meter_5432399743067882403:regMsg,reg_backagg,reg_cc
raspberrypi 11:15:10.756 [main] INFO  edu.bjut.boudia.myMain - meter_5432399743067882403:3000,18246129,2796
raspberrypi 11:15:10.756 [main] INFO  edu.bjut.boudia.myMain - meter_5775798102212557267:regMsg,reg_backagg,reg_cc
raspberrypi 11:15:10.756 [main] INFO  edu.bjut.boudia.myMain - meter_5775798102212557267:2519,18356963,2593
raspberrypi 11:15:10.756 [main] INFO  edu.bjut.boudia.myMain - meter_169621920824324193:regMsg,reg_backagg,reg_cc
raspberrypi 11:15:10.756 [main] INFO  edu.bjut.boudia.myMain - meter_169621920824324193:3019,18000649,2870
raspberrypi 11:15:10.757 [main] INFO  edu.bjut.boudia.myMain - meter_3196146760179253839:regMsg,reg_backagg,reg_cc
raspberrypi 11:15:10.757 [main] INFO  edu.bjut.boudia.myMain - meter_3196146760179253839:2852,17819889,2833
raspberrypi 11:15:10.757 [main] INFO  edu.bjut.boudia.myMain - meter_7756264324873360997:regMsg,reg_backagg,reg_cc
raspberrypi 11:15:10.757 [main] INFO  edu.bjut.boudia.myMain - meter_7756264324873360997:2870,18275371,3426
raspberrypi 11:15:10.757 [main] INFO  edu.bjut.boudia.myMain - meter_4375378080261332915:regMsg,reg_backagg,reg_cc
raspberrypi 11:15:10.757 [main] INFO  edu.bjut.boudia.myMain - meter_4375378080261332915:2759,18301167,3574
raspberrypi 11:15:10.757 [main] INFO  edu.bjut.boudia.myMain - meter_6695809389626715569:regMsg,reg_backagg,reg_cc
raspberrypi 11:15:10.758 [main] INFO  edu.bjut.boudia.myMain - meter_6695809389626715569:2871,18056667,3204
raspberrypi 11:15:10.758 [main] INFO  edu.bjut.boudia.myMain - meter_2137946483254084721:regMsg,reg_backagg,reg_cc
raspberrypi 11:15:10.758 [main] INFO  edu.bjut.boudia.myMain - meter_2137946483254084721:2481,18288056,3315
raspberrypi 11:15:10.758 [main] INFO  edu.bjut.boudia.myMain - meter_7753959449172862719:regMsg,reg_backagg,reg_cc
raspberrypi 11:15:10.758 [main] INFO  edu.bjut.boudia.myMain - meter_7753959449172862719:2704,18027370,3148
raspberrypi 11:15:10.758 [main] INFO  edu.bjut.boudia.myMain - meter_3242906755994273495:regMsg,reg_backagg,reg_cc
raspberrypi 11:15:10.759 [main] INFO  edu.bjut.boudia.myMain - meter_3242906755994273495:2685,18008278,3481
raspberrypi 11:15:10.759 [main] INFO  edu.bjut.boudia.myMain - meter_4251459026515624433:regMsg,reg_backagg,reg_cc
raspberrypi 11:15:10.759 [main] INFO  edu.bjut.boudia.myMain - meter_4251459026515624433:2833,18029722,3537
raspberrypi 11:15:10.759 [main] INFO  edu.bjut.boudia.myMain - meter_744901272397781745:regMsg,reg_backagg,reg_cc
raspberrypi 11:15:10.760 [main] INFO  edu.bjut.boudia.myMain - meter_744901272397781745:3241,18282592,3185
raspberrypi 11:15:10.760 [main] INFO  edu.bjut.boudia.myMain - meter_367752801161880141:regMsg,reg_backagg,reg_cc
raspberrypi 11:15:10.760 [main] INFO  edu.bjut.boudia.myMain - meter_367752801161880141:2278,17878074,3000
raspberrypi 11:15:10.760 [main] INFO  edu.bjut.boudia.myMain - meter_1187356726133973871:regMsg,reg_backagg,reg_cc
raspberrypi 11:15:10.760 [main] INFO  edu.bjut.boudia.myMain - meter_1187356726133973871:2870,17743445,2963
raspberrypi 11:15:10.761 [main] INFO  edu.bjut.boudia.myMain - meter_3187290092489593983:regMsg,reg_backagg,reg_cc
raspberrypi 11:15:10.761 [main] INFO  edu.bjut.boudia.myMain - meter_3187290092489593983:2834,17802926,3055
raspberrypi 11:15:10.761 [main] INFO  edu.bjut.boudia.myMain - meter_1004193239635168477:regMsg,reg_backagg,reg_cc
raspberrypi 11:15:10.761 [main] INFO  edu.bjut.boudia.myMain - meter_1004193239635168477:2611,17657981,3222
raspberrypi 11:15:10.762 [main] INFO  edu.bjut.boudia.myMain - meter_3419081427790457127:regMsg,reg_backagg,reg_cc
raspberrypi 11:15:10.762 [main] INFO  edu.bjut.boudia.myMain - meter_3419081427790457127:2778,18034593,3648
raspberrypi 11:15:10.762 [main] INFO  edu.bjut.boudia.myMain - meter_4876718098997262305:regMsg,reg_backagg,reg_cc
raspberrypi 11:15:10.762 [main] INFO  edu.bjut.boudia.myMain - meter_4876718098997262305:2445,18042870,2741
raspberrypi 11:15:10.763 [main] INFO  edu.bjut.boudia.myMain - meter_2550977956215720617:regMsg,reg_backagg,reg_cc
raspberrypi 11:15:10.763 [main] INFO  edu.bjut.boudia.myMain - meter_2550977956215720617:2241,17937760,3351
raspberrypi 11:15:10.763 [main] INFO  edu.bjut.boudia.myMain - meter_5288115229555073423:regMsg,reg_backagg,reg_cc
raspberrypi 11:15:10.763 [main] INFO  edu.bjut.boudia.myMain - meter_5288115229555073423:2297,17896630,2981
raspberrypi 11:15:10.764 [main] INFO  edu.bjut.boudia.myMain - meter_7052959824942690487:regMsg,reg_backagg,reg_cc
raspberrypi 11:15:10.764 [main] INFO  edu.bjut.boudia.myMain - meter_7052959824942690487:2666,17948111,3760
raspberrypi 11:15:10.764 [main] INFO  edu.bjut.boudia.myMain - meter_766031234894973933:regMsg,reg_backagg,reg_cc
raspberrypi 11:15:10.764 [main] INFO  edu.bjut.boudia.myMain - meter_766031234894973933:2389,18582519,2537
raspberrypi 11:15:10.765 [main] INFO  edu.bjut.boudia.myMain - meter_4977795214954461531:regMsg,reg_backagg,reg_cc
raspberrypi 11:15:10.765 [main] INFO  edu.bjut.boudia.myMain - meter_4977795214954461531:2185,18244074,2630
raspberrypi 11:15:10.765 [main] INFO  edu.bjut.boudia.myMain - meter_7652151161944981767:regMsg,reg_backagg,reg_cc
raspberrypi 11:15:10.765 [main] INFO  edu.bjut.boudia.myMain - meter_7652151161944981767:2963,18298648,4334
raspberrypi 11:15:10.765 [main] INFO  edu.bjut.boudia.myMain - meter_6254263958979317299:regMsg,reg_backagg,reg_cc
raspberrypi 11:15:10.766 [main] INFO  edu.bjut.boudia.myMain - meter_6254263958979317299:2259,19639167,2852
raspberrypi 11:15:10.766 [main] INFO  edu.bjut.boudia.myMain - meter_6926606479201740111:regMsg,reg_backagg,reg_cc
raspberrypi 11:15:10.766 [main] INFO  edu.bjut.boudia.myMain - meter_6926606479201740111:2241,18233056,3259
raspberrypi 11:15:10.766 [main] INFO  edu.bjut.boudia.myMain - meter_701642585374803051:regMsg,reg_backagg,reg_cc
raspberrypi 11:15:10.767 [main] INFO  edu.bjut.boudia.myMain - meter_701642585374803051:1963,18450056,2814
raspberrypi 11:15:10.767 [main] INFO  edu.bjut.boudia.myMain - meter_1878073704918766327:regMsg,reg_backagg,reg_cc
raspberrypi 11:15:10.767 [main] INFO  edu.bjut.boudia.myMain - meter_1878073704918766327:2204,18670833,3018
raspberrypi 11:15:10.767 [main] INFO  edu.bjut.boudia.myMain - meter_3576596308198799135:regMsg,reg_backagg,reg_cc
raspberrypi 11:15:10.767 [main] INFO  edu.bjut.boudia.myMain - meter_3576596308198799135:2407,17947074,3463
raspberrypi 11:15:10.768 [main] INFO  edu.bjut.boudia.myMain - meter_3908241821275674183:regMsg,reg_backagg,reg_cc
raspberrypi 11:15:10.768 [main] INFO  edu.bjut.boudia.myMain - meter_3908241821275674183:3796,17990963,3666
raspberrypi 11:15:10.768 [main] INFO  edu.bjut.boudia.myMain - meter_2391519547497768195:regMsg,reg_backagg,reg_cc
raspberrypi 11:15:10.768 [main] INFO  edu.bjut.boudia.myMain - meter_2391519547497768195:2944,17930352,3019
raspberrypi 11:15:10.768 [main] INFO  edu.bjut.boudia.myMain - meter_9082772936330784439:regMsg,reg_backagg,reg_cc
raspberrypi 11:15:10.769 [main] INFO  edu.bjut.boudia.myMain - meter_9082772936330784439:3204,17805648,3519
raspberrypi 11:15:10.769 [main] INFO  edu.bjut.boudia.myMain - meter_2296265818555256601:regMsg,reg_backagg,reg_cc
raspberrypi 11:15:10.769 [main] INFO  edu.bjut.boudia.myMain - meter_2296265818555256601:2278,17837778,3240
raspberrypi 11:15:10.769 [main] INFO  edu.bjut.boudia.myMain - meter_342893551112552841:regMsg,reg_backagg,reg_cc
raspberrypi 11:15:10.769 [main] INFO  edu.bjut.boudia.myMain - meter_342893551112552841:2334,18050129,4389
raspberrypi 11:15:10.770 [main] INFO  edu.bjut.boudia.myMain - meter_5328964951023879835:regMsg,reg_backagg,reg_cc
raspberrypi 11:15:10.770 [main] INFO  edu.bjut.boudia.myMain - meter_5328964951023879835:2222,19315259,3185
raspberrypi 11:15:10.770 [main] INFO  edu.bjut.boudia.myMain - meter_9086617146013475043:regMsg,reg_backagg,reg_cc
raspberrypi 11:15:10.770 [main] INFO  edu.bjut.boudia.myMain - meter_9086617146013475043:2445,17994278,3888
raspberrypi 11:15:10.771 [main] INFO  edu.bjut.boudia.myMain - meter_4802447410690551869:regMsg,reg_backagg,reg_cc
raspberrypi 11:15:10.771 [main] INFO  edu.bjut.boudia.myMain - meter_4802447410690551869:2518,17769186,3426
raspberrypi 11:15:10.771 [main] INFO  edu.bjut.boudia.myMain - meter_4703050600198839607:regMsg,reg_backagg,reg_cc
raspberrypi 11:15:10.771 [main] INFO  edu.bjut.boudia.myMain - meter_4703050600198839607:2889,18027019,3481
raspberrypi 11:15:10.772 [main] INFO  edu.bjut.boudia.myMain - meter_5144365050964154649:regMsg,reg_backagg,reg_cc
raspberrypi 11:15:10.772 [main] INFO  edu.bjut.boudia.myMain - meter_5144365050964154649:2926,18034537,3203
raspberrypi 11:15:10.772 [main] INFO  edu.bjut.boudia.myMain - meter_9020377968326035939:regMsg,reg_backagg,reg_cc
raspberrypi 11:15:10.772 [main] INFO  edu.bjut.boudia.myMain - meter_9020377968326035939:2814,17801444,4167
raspberrypi 11:15:10.773 [main] INFO  edu.bjut.boudia.myMain - meter_1921936691777733473:regMsg,reg_backagg,reg_cc
raspberrypi 11:15:10.773 [main] INFO  edu.bjut.boudia.myMain - meter_1921936691777733473:2908,17814704,3851
raspberrypi 11:15:10.773 [main] INFO  edu.bjut.boudia.myMain - meter_7581833795221394927:regMsg,reg_backagg,reg_cc
raspberrypi 11:15:10.773 [main] INFO  edu.bjut.boudia.myMain - meter_7581833795221394927:2833,17931222,3611
raspberrypi 11:15:10.774 [main] INFO  edu.bjut.boudia.myMain - meter_3206790374575049919:regMsg,reg_backagg,reg_cc
raspberrypi 11:15:10.774 [main] INFO  edu.bjut.boudia.myMain - meter_3206790374575049919:2852,18065777,3703
raspberrypi 11:15:10.774 [main] INFO  edu.bjut.boudia.myMain - meter_1425522910262798791:regMsg,reg_backagg,reg_cc
raspberrypi 11:15:10.774 [main] INFO  edu.bjut.boudia.myMain - meter_1425522910262798791:2834,18014741,3240
raspberrypi 11:15:10.774 [main] INFO  edu.bjut.boudia.myMain - meter_5377252855721700701:regMsg,reg_backagg,reg_cc
raspberrypi 11:15:10.775 [main] INFO  edu.bjut.boudia.myMain - meter_5377252855721700701:2945,19103686,1982
raspberrypi 11:15:10.775 [main] INFO  edu.bjut.boudia.myMain - meter_7812829875532262477:regMsg,reg_backagg,reg_cc
raspberrypi 11:15:10.775 [main] INFO  edu.bjut.boudia.myMain - meter_7812829875532262477:2686,17896926,3407
raspberrypi 11:15:10.775 [main] INFO  edu.bjut.boudia.myMain - meter_6990570773601851039:regMsg,reg_backagg,reg_cc
raspberrypi 11:15:10.775 [main] INFO  edu.bjut.boudia.myMain - meter_6990570773601851039:2889,17993648,3019
raspberrypi 11:15:10.776 [main] INFO  edu.bjut.boudia.myMain - meter_3463394040813823183:regMsg,reg_backagg,reg_cc
raspberrypi 11:15:10.776 [main] INFO  edu.bjut.boudia.myMain - meter_3463394040813823183:3278,17669463,3315
raspberrypi 11:15:10.776 [main] INFO  edu.bjut.boudia.myMain - meter_7387449222279295727:regMsg,reg_backagg,reg_cc
raspberrypi 11:15:10.776 [main] INFO  edu.bjut.boudia.myMain - meter_7387449222279295727:3166,18017185,4000
raspberrypi 11:15:10.776 [main] INFO  edu.bjut.boudia.myMain - meter_9144022951441179317:regMsg,reg_backagg,reg_cc
raspberrypi 11:15:10.777 [main] INFO  edu.bjut.boudia.myMain - meter_9144022951441179317:3148,17926648,3315
raspberrypi 11:15:10.777 [main] INFO  edu.bjut.boudia.myMain - meter_4155031041211065817:regMsg,reg_backagg,reg_cc
raspberrypi 11:15:10.777 [main] INFO  edu.bjut.boudia.myMain - meter_4155031041211065817:2574,17987111,3426
raspberrypi 11:15:10.777 [main] INFO  edu.bjut.boudia.myMain - meter_3129850443701287693:regMsg,reg_backagg,reg_cc
raspberrypi 11:15:10.778 [main] INFO  edu.bjut.boudia.myMain - meter_3129850443701287693:2574,17901333,3166
raspberrypi 11:15:10.778 [main] INFO  edu.bjut.boudia.myMain - meter_8861547402210778079:regMsg,reg_backagg,reg_cc
raspberrypi 11:15:10.778 [main] INFO  edu.bjut.boudia.myMain - meter_8861547402210778079:3037,17895777,3000
raspberrypi 11:15:10.779 [main] INFO  edu.bjut.boudia.myMain - meter_2304815615883467225:regMsg,reg_backagg,reg_cc
raspberrypi 11:15:10.779 [main] INFO  edu.bjut.boudia.myMain - meter_2304815615883467225:2648,17972149,3833
raspberrypi 11:15:10.779 [main] INFO  edu.bjut.boudia.myMain - meter_3123472330256837695:regMsg,reg_backagg,reg_cc
raspberrypi 11:15:10.779 [main] INFO  edu.bjut.boudia.myMain - meter_3123472330256837695:2611,17588000,3537
raspberrypi 11:15:10.780 [main] INFO  edu.bjut.boudia.myMain - meter_802293476455792021:regMsg,reg_backagg,reg_cc
raspberrypi 11:15:10.780 [main] INFO  edu.bjut.boudia.myMain - meter_802293476455792021:2796,17990760,3408
raspberrypi 11:15:10.780 [main] INFO  edu.bjut.boudia.myMain - meter_393079522620026751:regMsg,reg_backagg,reg_cc
raspberrypi 11:15:10.780 [main] INFO  edu.bjut.boudia.myMain - meter_393079522620026751:2981,17716463,4055
raspberrypi 11:15:10.781 [main] INFO  edu.bjut.boudia.myMain - meter_3773740116572337083:regMsg,reg_backagg,reg_cc
raspberrypi 11:15:10.781 [main] INFO  edu.bjut.boudia.myMain - meter_3773740116572337083:2185,17641167,3018
raspberrypi 11:15:12.964 [main] INFO  edu.bjut.boudia.myMain - oneTimeMeterRepTime
raspberrypi 11:15:18.624 [main] INFO  edu.bjut.boudia.myMain - server:repMsg
raspberrypi 11:15:18.624 [main] INFO  edu.bjut.boudia.myMain - server:87214074
raspberrypi 11:15:18.624 [main] INFO  edu.bjut.boudia.myMain - agg:repMsg
raspberrypi 11:15:18.625 [main] INFO  edu.bjut.boudia.myMain - agg:1159914740
raspberrypi 11:15:18.625 [main] INFO  edu.bjut.boudia.myMain - meter_978582848110122889:repMsg
raspberrypi 11:15:18.625 [main] INFO  edu.bjut.boudia.myMain - meter_978582848110122889:127171408
raspberrypi 11:15:18.625 [main] INFO  edu.bjut.boudia.myMain - meter_1820755009801223275:repMsg
raspberrypi 11:15:18.625 [main] INFO  edu.bjut.boudia.myMain - meter_1820755009801223275:74051722
raspberrypi 11:15:18.625 [main] INFO  edu.bjut.boudia.myMain - meter_5432399743067882403:repMsg
raspberrypi 11:15:18.625 [main] INFO  edu.bjut.boudia.myMain - meter_5432399743067882403:72380963
raspberrypi 11:15:18.626 [main] INFO  edu.bjut.boudia.myMain - meter_5775798102212557267:repMsg
raspberrypi 11:15:18.626 [main] INFO  edu.bjut.boudia.myMain - meter_5775798102212557267:73551648
raspberrypi 11:15:18.626 [main] INFO  edu.bjut.boudia.myMain - meter_169621920824324193:repMsg
raspberrypi 11:15:18.626 [main] INFO  edu.bjut.boudia.myMain - meter_169621920824324193:77051167
raspberrypi 11:15:18.626 [main] INFO  edu.bjut.boudia.myMain - meter_3196146760179253839:repMsg
raspberrypi 11:15:18.626 [main] INFO  edu.bjut.boudia.myMain - meter_3196146760179253839:72154000
raspberrypi 11:15:18.626 [main] INFO  edu.bjut.boudia.myMain - meter_7756264324873360997:repMsg
raspberrypi 11:15:18.626 [main] INFO  edu.bjut.boudia.myMain - meter_7756264324873360997:72259278
raspberrypi 11:15:18.627 [main] INFO  edu.bjut.boudia.myMain - meter_4375378080261332915:repMsg
raspberrypi 11:15:18.627 [main] INFO  edu.bjut.boudia.myMain - meter_4375378080261332915:71635314
raspberrypi 11:15:18.627 [main] INFO  edu.bjut.boudia.myMain - meter_6695809389626715569:repMsg
raspberrypi 11:15:18.627 [main] INFO  edu.bjut.boudia.myMain - meter_6695809389626715569:72585167
raspberrypi 11:15:18.627 [main] INFO  edu.bjut.boudia.myMain - meter_2137946483254084721:repMsg
raspberrypi 11:15:18.627 [main] INFO  edu.bjut.boudia.myMain - meter_2137946483254084721:74408037
raspberrypi 11:15:18.627 [main] INFO  edu.bjut.boudia.myMain - meter_7753959449172862719:repMsg
raspberrypi 11:15:18.627 [main] INFO  edu.bjut.boudia.myMain - meter_7753959449172862719:71340278
raspberrypi 11:15:18.627 [main] INFO  edu.bjut.boudia.myMain - meter_3242906755994273495:repMsg
raspberrypi 11:15:18.627 [main] INFO  edu.bjut.boudia.myMain - meter_3242906755994273495:72327833
raspberrypi 11:15:18.627 [main] INFO  edu.bjut.boudia.myMain - meter_4251459026515624433:repMsg
raspberrypi 11:15:18.628 [main] INFO  edu.bjut.boudia.myMain - meter_4251459026515624433:72405204
raspberrypi 11:15:18.628 [main] INFO  edu.bjut.boudia.myMain - meter_744901272397781745:repMsg
raspberrypi 11:15:18.628 [main] INFO  edu.bjut.boudia.myMain - meter_744901272397781745:71364296
raspberrypi 11:15:18.628 [main] INFO  edu.bjut.boudia.myMain - meter_367752801161880141:repMsg
raspberrypi 11:15:18.628 [main] INFO  edu.bjut.boudia.myMain - meter_367752801161880141:74278797
raspberrypi 11:15:18.628 [main] INFO  edu.bjut.boudia.myMain - meter_1187356726133973871:repMsg
raspberrypi 11:15:18.628 [main] INFO  edu.bjut.boudia.myMain - meter_1187356726133973871:72236648
raspberrypi 11:15:18.628 [main] INFO  edu.bjut.boudia.myMain - meter_3187290092489593983:repMsg
raspberrypi 11:15:18.628 [main] INFO  edu.bjut.boudia.myMain - meter_3187290092489593983:72154278
raspberrypi 11:15:18.628 [main] INFO  edu.bjut.boudia.myMain - meter_1004193239635168477:repMsg
raspberrypi 11:15:18.629 [main] INFO  edu.bjut.boudia.myMain - meter_1004193239635168477:71678148
raspberrypi 11:15:18.629 [main] INFO  edu.bjut.boudia.myMain - meter_3419081427790457127:repMsg
raspberrypi 11:15:18.629 [main] INFO  edu.bjut.boudia.myMain - meter_3419081427790457127:72416611
raspberrypi 11:15:18.629 [main] INFO  edu.bjut.boudia.myMain - meter_4876718098997262305:repMsg
raspberrypi 11:15:18.629 [main] INFO  edu.bjut.boudia.myMain - meter_4876718098997262305:74470408
raspberrypi 11:15:18.629 [main] INFO  edu.bjut.boudia.myMain - meter_2550977956215720617:repMsg
raspberrypi 11:15:18.629 [main] INFO  edu.bjut.boudia.myMain - meter_2550977956215720617:72061167
raspberrypi 11:15:18.630 [main] INFO  edu.bjut.boudia.myMain - meter_5288115229555073423:repMsg
raspberrypi 11:15:18.630 [main] INFO  edu.bjut.boudia.myMain - meter_5288115229555073423:72896185
raspberrypi 11:15:18.630 [main] INFO  edu.bjut.boudia.myMain - meter_7052959824942690487:repMsg
raspberrypi 11:15:18.630 [main] INFO  edu.bjut.boudia.myMain - meter_7052959824942690487:72004389
raspberrypi 11:15:18.630 [main] INFO  edu.bjut.boudia.myMain - meter_766031234894973933:repMsg
raspberrypi 11:15:18.630 [main] INFO  edu.bjut.boudia.myMain - meter_766031234894973933:72635000
raspberrypi 11:15:18.630 [main] INFO  edu.bjut.boudia.myMain - meter_4977795214954461531:repMsg
raspberrypi 11:15:18.630 [main] INFO  edu.bjut.boudia.myMain - meter_4977795214954461531:75982963
raspberrypi 11:15:18.631 [main] INFO  edu.bjut.boudia.myMain - meter_7652151161944981767:repMsg
raspberrypi 11:15:18.631 [main] INFO  edu.bjut.boudia.myMain - meter_7652151161944981767:71301685
raspberrypi 11:15:18.631 [main] INFO  edu.bjut.boudia.myMain - meter_6254263958979317299:repMsg
raspberrypi 11:15:18.631 [main] INFO  edu.bjut.boudia.myMain - meter_6254263958979317299:71964814
raspberrypi 11:15:18.631 [main] INFO  edu.bjut.boudia.myMain - meter_6926606479201740111:repMsg
raspberrypi 11:15:18.631 [main] INFO  edu.bjut.boudia.myMain - meter_6926606479201740111:71433686
raspberrypi 11:15:18.631 [main] INFO  edu.bjut.boudia.myMain - meter_701642585374803051:repMsg
raspberrypi 11:15:18.632 [main] INFO  edu.bjut.boudia.myMain - meter_701642585374803051:71550908
raspberrypi 11:15:18.632 [main] INFO  edu.bjut.boudia.myMain - meter_1878073704918766327:repMsg
raspberrypi 11:15:18.632 [main] INFO  edu.bjut.boudia.myMain - meter_1878073704918766327:72692537
raspberrypi 11:15:18.632 [main] INFO  edu.bjut.boudia.myMain - meter_3576596308198799135:repMsg
raspberrypi 11:15:18.632 [main] INFO  edu.bjut.boudia.myMain - meter_3576596308198799135:72395649
raspberrypi 11:15:18.632 [main] INFO  edu.bjut.boudia.myMain - meter_3908241821275674183:repMsg
raspberrypi 11:15:18.633 [main] INFO  edu.bjut.boudia.myMain - meter_3908241821275674183:72031778
raspberrypi 11:15:18.633 [main] INFO  edu.bjut.boudia.myMain - meter_2391519547497768195:repMsg
raspberrypi 11:15:18.633 [main] INFO  edu.bjut.boudia.myMain - meter_2391519547497768195:72440426
raspberrypi 11:15:18.633 [main] INFO  edu.bjut.boudia.myMain - meter_9082772936330784439:repMsg
raspberrypi 11:15:18.633 [main] INFO  edu.bjut.boudia.myMain - meter_9082772936330784439:72763685
raspberrypi 11:15:18.633 [main] INFO  edu.bjut.boudia.myMain - meter_2296265818555256601:repMsg
raspberrypi 11:15:18.633 [main] INFO  edu.bjut.boudia.myMain - meter_2296265818555256601:75739926
raspberrypi 11:15:18.633 [main] INFO  edu.bjut.boudia.myMain - meter_342893551112552841:repMsg
raspberrypi 11:15:18.633 [main] INFO  edu.bjut.boudia.myMain - meter_342893551112552841:72104722
raspberrypi 11:15:18.634 [main] INFO  edu.bjut.boudia.myMain - meter_5328964951023879835:repMsg
raspberrypi 11:15:18.634 [main] INFO  edu.bjut.boudia.myMain - meter_5328964951023879835:72630741
raspberrypi 11:15:18.634 [main] INFO  edu.bjut.boudia.myMain - meter_9086617146013475043:repMsg
raspberrypi 11:15:18.634 [main] INFO  edu.bjut.boudia.myMain - meter_9086617146013475043:71479463
raspberrypi 11:15:18.634 [main] INFO  edu.bjut.boudia.myMain - meter_4802447410690551869:repMsg
raspberrypi 11:15:18.634 [main] INFO  edu.bjut.boudia.myMain - meter_4802447410690551869:72394093
raspberrypi 11:15:18.634 [main] INFO  edu.bjut.boudia.myMain - meter_4703050600198839607:repMsg
raspberrypi 11:15:18.634 [main] INFO  edu.bjut.boudia.myMain - meter_4703050600198839607:75453222
raspberrypi 11:15:18.635 [main] INFO  edu.bjut.boudia.myMain - meter_5144365050964154649:repMsg
raspberrypi 11:15:18.635 [main] INFO  edu.bjut.boudia.myMain - meter_5144365050964154649:72314056
raspberrypi 11:15:18.635 [main] INFO  edu.bjut.boudia.myMain - meter_9020377968326035939:repMsg
raspberrypi 11:15:18.635 [main] INFO  edu.bjut.boudia.myMain - meter_9020377968326035939:72005962
raspberrypi 11:15:18.635 [main] INFO  edu.bjut.boudia.myMain - meter_1921936691777733473:repMsg
raspberrypi 11:15:18.635 [main] INFO  edu.bjut.boudia.myMain - meter_1921936691777733473:72700370
raspberrypi 11:15:18.635 [main] INFO  edu.bjut.boudia.myMain - meter_7581833795221394927:repMsg
raspberrypi 11:15:18.635 [main] INFO  edu.bjut.boudia.myMain - meter_7581833795221394927:72095778
raspberrypi 11:15:18.635 [main] INFO  edu.bjut.boudia.myMain - meter_3206790374575049919:repMsg
raspberrypi 11:15:18.635 [main] INFO  edu.bjut.boudia.myMain - meter_3206790374575049919:74579703
raspberrypi 11:15:18.636 [main] INFO  edu.bjut.boudia.myMain - meter_1425522910262798791:repMsg
raspberrypi 11:15:18.636 [main] INFO  edu.bjut.boudia.myMain - meter_1425522910262798791:71852944
raspberrypi 11:15:18.636 [main] INFO  edu.bjut.boudia.myMain - meter_5377252855721700701:repMsg
raspberrypi 11:15:18.636 [main] INFO  edu.bjut.boudia.myMain - meter_5377252855721700701:71688722
raspberrypi 11:15:18.636 [main] INFO  edu.bjut.boudia.myMain - meter_7812829875532262477:repMsg
raspberrypi 11:15:18.636 [main] INFO  edu.bjut.boudia.myMain - meter_7812829875532262477:71948278
raspberrypi 11:15:18.636 [main] INFO  edu.bjut.boudia.myMain - meter_6990570773601851039:repMsg
raspberrypi 11:15:18.636 [main] INFO  edu.bjut.boudia.myMain - meter_6990570773601851039:72272222
raspberrypi 11:15:18.636 [main] INFO  edu.bjut.boudia.myMain - meter_3463394040813823183:repMsg
raspberrypi 11:15:18.637 [main] INFO  edu.bjut.boudia.myMain - meter_3463394040813823183:74430389
raspberrypi 11:15:18.637 [main] INFO  edu.bjut.boudia.myMain - meter_7387449222279295727:repMsg
raspberrypi 11:15:18.637 [main] INFO  edu.bjut.boudia.myMain - meter_7387449222279295727:71225389
raspberrypi 11:15:18.637 [main] INFO  edu.bjut.boudia.myMain - meter_9144022951441179317:repMsg
raspberrypi 11:15:18.637 [main] INFO  edu.bjut.boudia.myMain - meter_9144022951441179317:72056148
raspberrypi 11:15:18.637 [main] INFO  edu.bjut.boudia.myMain - meter_4155031041211065817:repMsg
raspberrypi 11:15:18.637 [main] INFO  edu.bjut.boudia.myMain - meter_4155031041211065817:71270389
raspberrypi 11:15:18.637 [main] INFO  edu.bjut.boudia.myMain - meter_3129850443701287693:repMsg
raspberrypi 11:15:18.637 [main] INFO  edu.bjut.boudia.myMain - meter_3129850443701287693:71292111
raspberrypi 11:15:18.637 [main] INFO  edu.bjut.boudia.myMain - meter_8861547402210778079:repMsg
raspberrypi 11:15:18.638 [main] INFO  edu.bjut.boudia.myMain - meter_8861547402210778079:71864963
raspberrypi 11:15:18.638 [main] INFO  edu.bjut.boudia.myMain - meter_2304815615883467225:repMsg
raspberrypi 11:15:18.638 [main] INFO  edu.bjut.boudia.myMain - meter_2304815615883467225:73531778
raspberrypi 11:15:18.638 [main] INFO  edu.bjut.boudia.myMain - meter_3123472330256837695:repMsg
raspberrypi 11:15:18.638 [main] INFO  edu.bjut.boudia.myMain - meter_3123472330256837695:71776167
raspberrypi 11:15:18.638 [main] INFO  edu.bjut.boudia.myMain - meter_802293476455792021:repMsg
raspberrypi 11:15:18.638 [main] INFO  edu.bjut.boudia.myMain - meter_802293476455792021:71470778
raspberrypi 11:15:18.638 [main] INFO  edu.bjut.boudia.myMain - meter_393079522620026751:repMsg
raspberrypi 11:15:18.638 [main] INFO  edu.bjut.boudia.myMain - meter_393079522620026751:71721537
raspberrypi 11:15:18.639 [main] INFO  edu.bjut.boudia.myMain - meter_3773740116572337083:repMsg
raspberrypi 11:15:18.639 [main] INFO  edu.bjut.boudia.myMain - meter_3773740116572337083:71230092
raspberrypi 11:15:28.872 [main] INFO  edu.bjut.boudia.myMain - oneTimeMeterRegTime
raspberrypi 11:15:30.664 [main] INFO  edu.bjut.boudia.myMain - server:pubkey
raspberrypi 11:15:30.664 [main] INFO  edu.bjut.boudia.myMain - server:3500
raspberrypi 11:15:30.665 [main] INFO  edu.bjut.boudia.myMain - agg:regMsg,regMsg,regMsg,regMsg,regMsg,regMsg,regMsg,regMsg,regMsg,regMsg,regMsg,regMsg,regMsg,regMsg,regMsg,regMsg,regMsg,regMsg,regMsg,regMsg,regMsg,regMsg,regMsg,regMsg,regMsg,regMsg,regMsg,regMsg,regMsg,regMsg,regMsg,regMsg,regMsg,regMsg,regMsg,regMsg,regMsg,regMsg,regMsg,regMsg,regMsg,regMsg,regMsg,regMsg,regMsg,regMsg,regMsg,regMsg,regMsg,regMsg
raspberrypi 11:15:30.665 [main] INFO  edu.bjut.boudia.myMain - agg:17925481,17781389,17759130,17688259,17705389,17683296,20990759,17899574,17871389,17898926,17797981,17886833,17737092,17691537,17734370,17725129,19103222,17809203,17835537,17720408,17794445,17798537,17708723,17762537,17954759,17723389,17760185,17819611,17734537,17680944,17776352,17775723,17666833,17631574,17729352,17846593,17736741,17701574,17772408,17740018,17689593,17673981,17762556,17772445,17747833,17695481,17711518,17700500,17670149,17784315
raspberrypi 11:15:30.665 [main] INFO  edu.bjut.boudia.myMain - meter_8206772178786485123:regMsg,reg_backagg,reg_cc
raspberrypi 11:15:30.666 [main] INFO  edu.bjut.boudia.myMain - meter_8206772178786485123:2093,17686222,5500
raspberrypi 11:15:30.666 [main] INFO  edu.bjut.boudia.myMain - meter_1075399166449881117:regMsg,reg_backagg,reg_cc
raspberrypi 11:15:30.666 [main] INFO  edu.bjut.boudia.myMain - meter_1075399166449881117:6463,18085518,4926
raspberrypi 11:15:30.666 [main] INFO  edu.bjut.boudia.myMain - meter_7859917721087100455:regMsg,reg_backagg,reg_cc
raspberrypi 11:15:30.666 [main] INFO  edu.bjut.boudia.myMain - meter_7859917721087100455:5833,17755666,5426
raspberrypi 11:15:30.667 [main] INFO  edu.bjut.boudia.myMain - meter_6342032114878721249:regMsg,reg_backagg,reg_cc
raspberrypi 11:15:30.667 [main] INFO  edu.bjut.boudia.myMain - meter_6342032114878721249:5982,17682649,5130
raspberrypi 11:15:30.667 [main] INFO  edu.bjut.boudia.myMain - meter_1241263734402770255:regMsg,reg_backagg,reg_cc
raspberrypi 11:15:30.667 [main] INFO  edu.bjut.boudia.myMain - meter_1241263734402770255:5519,17733463,5111
raspberrypi 11:15:30.667 [main] INFO  edu.bjut.boudia.myMain - meter_1663794416015207355:regMsg,reg_backagg,reg_cc
raspberrypi 11:15:30.667 [main] INFO  edu.bjut.boudia.myMain - meter_1663794416015207355:6093,17661408,4796
raspberrypi 11:15:30.667 [main] INFO  edu.bjut.boudia.myMain - meter_6822982294098151661:regMsg,reg_backagg,reg_cc
raspberrypi 11:15:30.667 [main] INFO  edu.bjut.boudia.myMain - meter_6822982294098151661:25889,18007482,5704
raspberrypi 11:15:30.668 [main] INFO  edu.bjut.boudia.myMain - meter_5536201918346968927:regMsg,reg_backagg,reg_cc
raspberrypi 11:15:30.668 [main] INFO  edu.bjut.boudia.myMain - meter_5536201918346968927:6797,17885630,53093
raspberrypi 11:15:30.668 [main] INFO  edu.bjut.boudia.myMain - meter_5757956067264992539:regMsg,reg_backagg,reg_cc
raspberrypi 11:15:30.668 [main] INFO  edu.bjut.boudia.myMain - meter_5757956067264992539:6907,17662333,1982
raspberrypi 11:15:30.668 [main] INFO  edu.bjut.boudia.myMain - meter_7586938396687466651:regMsg,reg_backagg,reg_cc
raspberrypi 11:15:30.668 [main] INFO  edu.bjut.boudia.myMain - meter_7586938396687466651:6204,17917611,2018
raspberrypi 11:15:30.668 [main] INFO  edu.bjut.boudia.myMain - meter_6857945726485805611:regMsg,reg_backagg,reg_cc
raspberrypi 11:15:30.669 [main] INFO  edu.bjut.boudia.myMain - meter_6857945726485805611:6260,17877148,1722
raspberrypi 11:15:30.669 [main] INFO  edu.bjut.boudia.myMain - meter_3619417568920335301:regMsg,reg_backagg,reg_cc
raspberrypi 11:15:30.669 [main] INFO  edu.bjut.boudia.myMain - meter_3619417568920335301:6019,17561129,2297
raspberrypi 11:15:30.669 [main] INFO  edu.bjut.boudia.myMain - meter_3258104832109665789:regMsg,reg_backagg,reg_cc
raspberrypi 11:15:30.669 [main] INFO  edu.bjut.boudia.myMain - meter_3258104832109665789:5463,17755315,1667
raspberrypi 11:15:30.669 [main] INFO  edu.bjut.boudia.myMain - meter_1247754287141485071:regMsg,reg_backagg,reg_cc
raspberrypi 11:15:30.669 [main] INFO  edu.bjut.boudia.myMain - meter_1247754287141485071:5296,17908833,2166
raspberrypi 11:15:30.670 [main] INFO  edu.bjut.boudia.myMain - meter_5595555371454565905:regMsg,reg_backagg,reg_cc
raspberrypi 11:15:30.670 [main] INFO  edu.bjut.boudia.myMain - meter_5595555371454565905:5445,17877315,1870
raspberrypi 11:15:30.670 [main] INFO  edu.bjut.boudia.myMain - meter_6687420802310626409:regMsg,reg_backagg,reg_cc
raspberrypi 11:15:30.670 [main] INFO  edu.bjut.boudia.myMain - meter_6687420802310626409:5796,17816426,1889
raspberrypi 11:15:30.670 [main] INFO  edu.bjut.boudia.myMain - meter_5107020446684201811:regMsg,reg_backagg,reg_cc
raspberrypi 11:15:30.670 [main] INFO  edu.bjut.boudia.myMain - meter_5107020446684201811:5704,17641333,2185
raspberrypi 11:15:30.671 [main] INFO  edu.bjut.boudia.myMain - meter_1587886247038029125:regMsg,reg_backagg,reg_cc
raspberrypi 11:15:30.671 [main] INFO  edu.bjut.boudia.myMain - meter_1587886247038029125:6685,17943037,2111
raspberrypi 11:15:30.671 [main] INFO  edu.bjut.boudia.myMain - meter_5470740020042760993:regMsg,reg_backagg,reg_cc
raspberrypi 11:15:30.671 [main] INFO  edu.bjut.boudia.myMain - meter_5470740020042760993:6556,17612352,2352
raspberrypi 11:15:30.671 [main] INFO  edu.bjut.boudia.myMain - meter_4694088315933264887:regMsg,reg_backagg,reg_cc
raspberrypi 11:15:30.671 [main] INFO  edu.bjut.boudia.myMain - meter_4694088315933264887:4907,17568333,2112
raspberrypi 11:15:30.671 [main] INFO  edu.bjut.boudia.myMain - meter_7107740520822445305:regMsg,reg_backagg,reg_cc
raspberrypi 11:15:30.671 [main] INFO  edu.bjut.boudia.myMain - meter_7107740520822445305:5648,17808333,2630
raspberrypi 11:15:30.672 [main] INFO  edu.bjut.boudia.myMain - meter_6842829181477201711:regMsg,reg_backagg,reg_cc
raspberrypi 11:15:30.672 [main] INFO  edu.bjut.boudia.myMain - meter_6842829181477201711:5703,17757796,2389
raspberrypi 11:15:30.672 [main] INFO  edu.bjut.boudia.myMain - meter_6808577013717856165:regMsg,reg_backagg,reg_cc
raspberrypi 11:15:30.672 [main] INFO  edu.bjut.boudia.myMain - meter_6808577013717856165:5259,17787074,1981
raspberrypi 11:15:30.672 [main] INFO  edu.bjut.boudia.myMain - meter_2248926932635044143:regMsg,reg_backagg,reg_cc
raspberrypi 11:15:30.672 [main] INFO  edu.bjut.boudia.myMain - meter_2248926932635044143:5278,17986630,2444
raspberrypi 11:15:30.672 [main] INFO  edu.bjut.boudia.myMain - meter_425329743141393503:regMsg,reg_backagg,reg_cc
raspberrypi 11:15:30.672 [main] INFO  edu.bjut.boudia.myMain - meter_425329743141393503:5537,18028574,2852
raspberrypi 11:15:30.672 [main] INFO  edu.bjut.boudia.myMain - meter_5295393060297169963:regMsg,reg_backagg,reg_cc
raspberrypi 11:15:30.673 [main] INFO  edu.bjut.boudia.myMain - meter_5295393060297169963:5704,18002963,2760
raspberrypi 11:15:30.673 [main] INFO  edu.bjut.boudia.myMain - meter_2863016869431219969:regMsg,reg_backagg,reg_cc
raspberrypi 11:15:30.673 [main] INFO  edu.bjut.boudia.myMain - meter_2863016869431219969:5852,20644222,2574
raspberrypi 11:15:30.673 [main] INFO  edu.bjut.boudia.myMain - meter_8978201744532203399:regMsg,reg_backagg,reg_cc
raspberrypi 11:15:30.673 [main] INFO  edu.bjut.boudia.myMain - meter_8978201744532203399:5519,17842130,2944
raspberrypi 11:15:30.673 [main] INFO  edu.bjut.boudia.myMain - meter_4549494109622137349:regMsg,reg_backagg,reg_cc
raspberrypi 11:15:30.673 [main] INFO  edu.bjut.boudia.myMain - meter_4549494109622137349:5482,17858055,2315
raspberrypi 11:15:30.673 [main] INFO  edu.bjut.boudia.myMain - meter_1281189350651468601:regMsg,reg_backagg,reg_cc
raspberrypi 11:15:30.673 [main] INFO  edu.bjut.boudia.myMain - meter_1281189350651468601:6333,17733203,2741
raspberrypi 11:15:30.673 [main] INFO  edu.bjut.boudia.myMain - meter_8560254365190371211:regMsg,reg_backagg,reg_cc
raspberrypi 11:15:30.673 [main] INFO  edu.bjut.boudia.myMain - meter_8560254365190371211:5926,17629445,2277
raspberrypi 11:15:30.674 [main] INFO  edu.bjut.boudia.myMain - meter_5143439578358765315:regMsg,reg_backagg,reg_cc
raspberrypi 11:15:30.674 [main] INFO  edu.bjut.boudia.myMain - meter_5143439578358765315:5834,17533333,2259
raspberrypi 11:15:30.674 [main] INFO  edu.bjut.boudia.myMain - meter_4294168282879259457:regMsg,reg_backagg,reg_cc
raspberrypi 11:15:30.674 [main] INFO  edu.bjut.boudia.myMain - meter_4294168282879259457:4630,17813092,2518
raspberrypi 11:15:30.674 [main] INFO  edu.bjut.boudia.myMain - meter_4984826343171280297:regMsg,reg_backagg,reg_cc
raspberrypi 11:15:30.674 [main] INFO  edu.bjut.boudia.myMain - meter_4984826343171280297:5592,17592407,2408
raspberrypi 11:15:30.674 [main] INFO  edu.bjut.boudia.myMain - meter_2530087893153910589:regMsg,reg_backagg,reg_cc
raspberrypi 11:15:30.674 [main] INFO  edu.bjut.boudia.myMain - meter_2530087893153910589:6130,17654371,2593
raspberrypi 11:15:30.674 [main] INFO  edu.bjut.boudia.myMain - meter_8635015166568598931:regMsg,reg_backagg,reg_cc
raspberrypi 11:15:30.674 [main] INFO  edu.bjut.boudia.myMain - meter_8635015166568598931:5981,17825203,2019
raspberrypi 11:15:30.674 [main] INFO  edu.bjut.boudia.myMain - meter_8038751319764999029:regMsg,reg_backagg,reg_cc
raspberrypi 11:15:30.674 [main] INFO  edu.bjut.boudia.myMain - meter_8038751319764999029:6593,19636370,2649
raspberrypi 11:15:30.675 [main] INFO  edu.bjut.boudia.myMain - meter_1647609487091786113:regMsg,reg_backagg,reg_cc
raspberrypi 11:15:30.675 [main] INFO  edu.bjut.boudia.myMain - meter_1647609487091786113:6555,17852370,2185
raspberrypi 11:15:30.675 [main] INFO  edu.bjut.boudia.myMain - meter_2263657887047813539:regMsg,reg_backagg,reg_cc
raspberrypi 11:15:30.675 [main] INFO  edu.bjut.boudia.myMain - meter_2263657887047813539:5630,17857686,2296
raspberrypi 11:15:30.675 [main] INFO  edu.bjut.boudia.myMain - meter_1791629724276817667:regMsg,reg_backagg,reg_cc
raspberrypi 11:15:30.675 [main] INFO  edu.bjut.boudia.myMain - meter_1791629724276817667:7574,17861944,2537
raspberrypi 11:15:30.675 [main] INFO  edu.bjut.boudia.myMain - meter_5798311335313030123:regMsg,reg_backagg,reg_cc
raspberrypi 11:15:30.675 [main] INFO  edu.bjut.boudia.myMain - meter_5798311335313030123:5685,17679278,2519
raspberrypi 11:15:30.675 [main] INFO  edu.bjut.boudia.myMain - meter_1122797649291888827:regMsg,reg_backagg,reg_cc
raspberrypi 11:15:30.675 [main] INFO  edu.bjut.boudia.myMain - meter_1122797649291888827:5611,17562611,2185
raspberrypi 11:15:30.676 [main] INFO  edu.bjut.boudia.myMain - meter_6423315255746632279:regMsg,reg_backagg,reg_cc
raspberrypi 11:15:30.676 [main] INFO  edu.bjut.boudia.myMain - meter_6423315255746632279:5871,17654908,2037
raspberrypi 11:15:30.676 [main] INFO  edu.bjut.boudia.myMain - meter_2734732560665222481:regMsg,reg_backagg,reg_cc
raspberrypi 11:15:30.676 [main] INFO  edu.bjut.boudia.myMain - meter_2734732560665222481:6277,17753370,2370
raspberrypi 11:15:30.676 [main] INFO  edu.bjut.boudia.myMain - meter_3106567520250323983:regMsg,reg_backagg,reg_cc
raspberrypi 11:15:30.676 [main] INFO  edu.bjut.boudia.myMain - meter_3106567520250323983:5833,17865500,2556
raspberrypi 11:15:30.676 [main] INFO  edu.bjut.boudia.myMain - meter_5487894818525994661:regMsg,reg_backagg,reg_cc
raspberrypi 11:15:30.676 [main] INFO  edu.bjut.boudia.myMain - meter_5487894818525994661:6426,17789018,2074
raspberrypi 11:15:30.676 [main] INFO  edu.bjut.boudia.myMain - meter_7124035747156902277:regMsg,reg_backagg,reg_cc
raspberrypi 11:15:30.676 [main] INFO  edu.bjut.boudia.myMain - meter_7124035747156902277:6167,19461630,2444
raspberrypi 11:15:30.677 [main] INFO  edu.bjut.boudia.myMain - meter_1045738022018297687:regMsg,reg_backagg,reg_cc
raspberrypi 11:15:30.677 [main] INFO  edu.bjut.boudia.myMain - meter_1045738022018297687:4778,17655537,2333
raspberrypi 11:15:30.677 [main] INFO  edu.bjut.boudia.myMain - meter_6604783171686804493:regMsg,reg_backagg,reg_cc
raspberrypi 11:15:30.677 [main] INFO  edu.bjut.boudia.myMain - meter_6604783171686804493:6130,17911666,1982
raspberrypi 11:15:30.677 [main] INFO  edu.bjut.boudia.myMain - meter_9022004186311611069:regMsg,reg_backagg,reg_cc
raspberrypi 11:15:30.677 [main] INFO  edu.bjut.boudia.myMain - meter_9022004186311611069:5760,17515055,2370
raspberrypi 11:15:32.464 [main] INFO  edu.bjut.boudia.myMain - oneTimeMeterRepTime
raspberrypi 11:15:37.122 [main] INFO  edu.bjut.boudia.myMain - server:repMsg
raspberrypi 11:15:37.122 [main] INFO  edu.bjut.boudia.myMain - server:87230852
raspberrypi 11:15:37.122 [main] INFO  edu.bjut.boudia.myMain - agg:repMsg
raspberrypi 11:15:37.122 [main] INFO  edu.bjut.boudia.myMain - agg:962182333
raspberrypi 11:15:37.123 [main] INFO  edu.bjut.boudia.myMain - meter_8206772178786485123:repMsg
raspberrypi 11:15:37.123 [main] INFO  edu.bjut.boudia.myMain - meter_8206772178786485123:71111519
raspberrypi 11:15:37.123 [main] INFO  edu.bjut.boudia.myMain - meter_1075399166449881117:repMsg
raspberrypi 11:15:37.123 [main] INFO  edu.bjut.boudia.myMain - meter_1075399166449881117:71741278
raspberrypi 11:15:37.123 [main] INFO  edu.bjut.boudia.myMain - meter_7859917721087100455:repMsg
raspberrypi 11:15:37.123 [main] INFO  edu.bjut.boudia.myMain - meter_7859917721087100455:71683370
raspberrypi 11:15:37.123 [main] INFO  edu.bjut.boudia.myMain - meter_6342032114878721249:repMsg
raspberrypi 11:15:37.123 [main] INFO  edu.bjut.boudia.myMain - meter_6342032114878721249:71251593
raspberrypi 11:15:37.123 [main] INFO  edu.bjut.boudia.myMain - meter_1241263734402770255:repMsg
raspberrypi 11:15:37.123 [main] INFO  edu.bjut.boudia.myMain - meter_1241263734402770255:73396000
raspberrypi 11:15:37.123 [main] INFO  edu.bjut.boudia.myMain - meter_1663794416015207355:repMsg
raspberrypi 11:15:37.123 [main] INFO  edu.bjut.boudia.myMain - meter_1663794416015207355:72068463
raspberrypi 11:15:37.124 [main] INFO  edu.bjut.boudia.myMain - meter_6822982294098151661:repMsg
raspberrypi 11:15:37.124 [main] INFO  edu.bjut.boudia.myMain - meter_6822982294098151661:71857093
raspberrypi 11:15:37.124 [main] INFO  edu.bjut.boudia.myMain - meter_5536201918346968927:repMsg
raspberrypi 11:15:37.124 [main] INFO  edu.bjut.boudia.myMain - meter_5536201918346968927:72050759
raspberrypi 11:15:37.124 [main] INFO  edu.bjut.boudia.myMain - meter_5757956067264992539:repMsg
raspberrypi 11:15:37.124 [main] INFO  edu.bjut.boudia.myMain - meter_5757956067264992539:71873130
raspberrypi 11:15:37.124 [main] INFO  edu.bjut.boudia.myMain - meter_7586938396687466651:repMsg
raspberrypi 11:15:37.124 [main] INFO  edu.bjut.boudia.myMain - meter_7586938396687466651:73985777
raspberrypi 11:15:37.124 [main] INFO  edu.bjut.boudia.myMain - meter_6857945726485805611:repMsg
raspberrypi 11:15:37.124 [main] INFO  edu.bjut.boudia.myMain - meter_6857945726485805611:71475259
raspberrypi 11:15:37.124 [main] INFO  edu.bjut.boudia.myMain - meter_3619417568920335301:repMsg
raspberrypi 11:15:37.125 [main] INFO  edu.bjut.boudia.myMain - meter_3619417568920335301:71914093
raspberrypi 11:15:37.125 [main] INFO  edu.bjut.boudia.myMain - meter_3258104832109665789:repMsg
raspberrypi 11:15:37.125 [main] INFO  edu.bjut.boudia.myMain - meter_3258104832109665789:71505500
raspberrypi 11:15:37.125 [main] INFO  edu.bjut.boudia.myMain - meter_1247754287141485071:repMsg
raspberrypi 11:15:37.125 [main] INFO  edu.bjut.boudia.myMain - meter_1247754287141485071:72209889
raspberrypi 11:15:37.125 [main] INFO  edu.bjut.boudia.myMain - meter_5595555371454565905:repMsg
raspberrypi 11:15:37.125 [main] INFO  edu.bjut.boudia.myMain - meter_5595555371454565905:73473981
raspberrypi 11:15:37.125 [main] INFO  edu.bjut.boudia.myMain - meter_6687420802310626409:repMsg
raspberrypi 11:15:37.125 [main] INFO  edu.bjut.boudia.myMain - meter_6687420802310626409:71552852
raspberrypi 11:15:37.125 [main] INFO  edu.bjut.boudia.myMain - meter_5107020446684201811:repMsg
raspberrypi 11:15:37.126 [main] INFO  edu.bjut.boudia.myMain - meter_5107020446684201811:71712074
raspberrypi 11:15:37.126 [main] INFO  edu.bjut.boudia.myMain - meter_1587886247038029125:repMsg
raspberrypi 11:15:37.126 [main] INFO  edu.bjut.boudia.myMain - meter_1587886247038029125:71275870
raspberrypi 11:15:37.126 [main] INFO  edu.bjut.boudia.myMain - meter_5470740020042760993:repMsg
raspberrypi 11:15:37.126 [main] INFO  edu.bjut.boudia.myMain - meter_5470740020042760993:71933982
raspberrypi 11:15:37.126 [main] INFO  edu.bjut.boudia.myMain - meter_4694088315933264887:repMsg
raspberrypi 11:15:37.126 [main] INFO  edu.bjut.boudia.myMain - meter_4694088315933264887:73358278
raspberrypi 11:15:37.126 [main] INFO  edu.bjut.boudia.myMain - meter_7107740520822445305:repMsg
raspberrypi 11:15:37.126 [main] INFO  edu.bjut.boudia.myMain - meter_7107740520822445305:72040667
raspberrypi 11:15:37.126 [main] INFO  edu.bjut.boudia.myMain - meter_6842829181477201711:repMsg
raspberrypi 11:15:37.126 [main] INFO  edu.bjut.boudia.myMain - meter_6842829181477201711:72136389
raspberrypi 11:15:37.127 [main] INFO  edu.bjut.boudia.myMain - meter_6808577013717856165:repMsg
raspberrypi 11:15:37.127 [main] INFO  edu.bjut.boudia.myMain - meter_6808577013717856165:71502204
raspberrypi 11:15:37.127 [main] INFO  edu.bjut.boudia.myMain - meter_2248926932635044143:repMsg
raspberrypi 11:15:37.127 [main] INFO  edu.bjut.boudia.myMain - meter_2248926932635044143:71432389
raspberrypi 11:15:37.127 [main] INFO  edu.bjut.boudia.myMain - meter_425329743141393503:repMsg
raspberrypi 11:15:37.127 [main] INFO  edu.bjut.boudia.myMain - meter_425329743141393503:73493389
raspberrypi 11:15:37.127 [main] INFO  edu.bjut.boudia.myMain - meter_5295393060297169963:repMsg
raspberrypi 11:15:37.127 [main] INFO  edu.bjut.boudia.myMain - meter_5295393060297169963:72179852
raspberrypi 11:15:37.127 [main] INFO  edu.bjut.boudia.myMain - meter_2863016869431219969:repMsg
raspberrypi 11:15:37.127 [main] INFO  edu.bjut.boudia.myMain - meter_2863016869431219969:71888315
raspberrypi 11:15:37.128 [main] INFO  edu.bjut.boudia.myMain - meter_8978201744532203399:repMsg
raspberrypi 11:15:37.128 [main] INFO  edu.bjut.boudia.myMain - meter_8978201744532203399:71822611
raspberrypi 11:15:37.128 [main] INFO  edu.bjut.boudia.myMain - meter_4549494109622137349:repMsg
raspberrypi 11:15:37.128 [main] INFO  edu.bjut.boudia.myMain - meter_4549494109622137349:72432944
raspberrypi 11:15:37.128 [main] INFO  edu.bjut.boudia.myMain - meter_1281189350651468601:repMsg
raspberrypi 11:15:37.128 [main] INFO  edu.bjut.boudia.myMain - meter_1281189350651468601:73639630
raspberrypi 11:15:37.128 [main] INFO  edu.bjut.boudia.myMain - meter_8560254365190371211:repMsg
raspberrypi 11:15:37.128 [main] INFO  edu.bjut.boudia.myMain - meter_8560254365190371211:71811259
raspberrypi 11:15:37.128 [main] INFO  edu.bjut.boudia.myMain - meter_5143439578358765315:repMsg
raspberrypi 11:15:37.128 [main] INFO  edu.bjut.boudia.myMain - meter_5143439578358765315:71600889
raspberrypi 11:15:37.128 [main] INFO  edu.bjut.boudia.myMain - meter_4294168282879259457:repMsg
raspberrypi 11:15:37.129 [main] INFO  edu.bjut.boudia.myMain - meter_4294168282879259457:71224759
raspberrypi 11:15:37.129 [main] INFO  edu.bjut.boudia.myMain - meter_4984826343171280297:repMsg
raspberrypi 11:15:37.129 [main] INFO  edu.bjut.boudia.myMain - meter_4984826343171280297:71944870
raspberrypi 11:15:37.129 [main] INFO  edu.bjut.boudia.myMain - meter_2530087893153910589:repMsg
raspberrypi 11:15:37.129 [main] INFO  edu.bjut.boudia.myMain - meter_2530087893153910589:73882055
raspberrypi 11:15:37.129 [main] INFO  edu.bjut.boudia.myMain - meter_8635015166568598931:repMsg
raspberrypi 11:15:37.129 [main] INFO  edu.bjut.boudia.myMain - meter_8635015166568598931:71894296
raspberrypi 11:15:37.129 [main] INFO  edu.bjut.boudia.myMain - meter_8038751319764999029:repMsg
raspberrypi 11:15:37.129 [main] INFO  edu.bjut.boudia.myMain - meter_8038751319764999029:72069926
raspberrypi 11:15:37.130 [main] INFO  edu.bjut.boudia.myMain - meter_1647609487091786113:repMsg
raspberrypi 11:15:37.130 [main] INFO  edu.bjut.boudia.myMain - meter_1647609487091786113:71014093
raspberrypi 11:15:37.130 [main] INFO  edu.bjut.boudia.myMain - meter_2263657887047813539:repMsg
raspberrypi 11:15:37.130 [main] INFO  edu.bjut.boudia.myMain - meter_2263657887047813539:71871722
raspberrypi 11:15:37.130 [main] INFO  edu.bjut.boudia.myMain - meter_1791629724276817667:repMsg
raspberrypi 11:15:37.130 [main] INFO  edu.bjut.boudia.myMain - meter_1791629724276817667:72962760
raspberrypi 11:15:37.130 [main] INFO  edu.bjut.boudia.myMain - meter_5798311335313030123:repMsg
raspberrypi 11:15:37.130 [main] INFO  edu.bjut.boudia.myMain - meter_5798311335313030123:71904074
raspberrypi 11:15:37.130 [main] INFO  edu.bjut.boudia.myMain - meter_1122797649291888827:repMsg
raspberrypi 11:15:37.130 [main] INFO  edu.bjut.boudia.myMain - meter_1122797649291888827:71940463
raspberrypi 11:15:37.130 [main] INFO  edu.bjut.boudia.myMain - meter_6423315255746632279:repMsg
raspberrypi 11:15:37.130 [main] INFO  edu.bjut.boudia.myMain - meter_6423315255746632279:71637259
raspberrypi 11:15:37.131 [main] INFO  edu.bjut.boudia.myMain - meter_2734732560665222481:repMsg
raspberrypi 11:15:37.131 [main] INFO  edu.bjut.boudia.myMain - meter_2734732560665222481:71285314
raspberrypi 11:15:37.132 [main] INFO  edu.bjut.boudia.myMain - meter_3106567520250323983:repMsg
raspberrypi 11:15:37.132 [main] INFO  edu.bjut.boudia.myMain - meter_3106567520250323983:73444908
raspberrypi 11:15:37.132 [main] INFO  edu.bjut.boudia.myMain - meter_5487894818525994661:repMsg
raspberrypi 11:15:37.132 [main] INFO  edu.bjut.boudia.myMain - meter_5487894818525994661:71876463
raspberrypi 11:15:37.132 [main] INFO  edu.bjut.boudia.myMain - meter_7124035747156902277:repMsg
raspberrypi 11:15:37.132 [main] INFO  edu.bjut.boudia.myMain - meter_7124035747156902277:72045000
raspberrypi 11:15:37.132 [main] INFO  edu.bjut.boudia.myMain - meter_1045738022018297687:repMsg
raspberrypi 11:15:37.132 [main] INFO  edu.bjut.boudia.myMain - meter_1045738022018297687:72138148
raspberrypi 11:15:37.133 [main] INFO  edu.bjut.boudia.myMain - meter_6604783171686804493:repMsg
raspberrypi 11:15:37.133 [main] INFO  edu.bjut.boudia.myMain - meter_6604783171686804493:72109481
raspberrypi 11:15:37.133 [main] INFO  edu.bjut.boudia.myMain - meter_9022004186311611069:repMsg
raspberrypi 11:15:37.133 [main] INFO  edu.bjut.boudia.myMain - meter_9022004186311611069:74416944
raspberrypi 11:15:43.433 [main] INFO  edu.bjut.boudia.myMain - oneTimeMeterRegTime
raspberrypi 11:15:44.864 [main] INFO  edu.bjut.boudia.myMain - server:pubkey
raspberrypi 11:15:44.865 [main] INFO  edu.bjut.boudia.myMain - server:11722
raspberrypi 11:15:44.865 [main] INFO  edu.bjut.boudia.myMain - agg:regMsg,regMsg,regMsg,regMsg,regMsg,regMsg,regMsg,regMsg,regMsg,regMsg,regMsg,regMsg,regMsg,regMsg,regMsg,regMsg,regMsg,regMsg,regMsg,regMsg,regMsg,regMsg,regMsg,regMsg,regMsg,regMsg,regMsg,regMsg,regMsg,regMsg,regMsg,regMsg,regMsg,regMsg,regMsg,regMsg,regMsg,regMsg,regMsg,regMsg
raspberrypi 11:15:44.865 [main] INFO  edu.bjut.boudia.myMain - agg:18170741,17698519,17754277,17751371,17685185,17693963,17665445,17785945,17768870,17799740,17818111,17734741,17724352,19359315,17750741,17873704,17759259,17712574,17737666,17752426,17747277,17745222,17748333,19300963,17703093,17726537,17740797,17751037,17727130,17825074,17822556,17695352,17946222,19506908,17767111,17792833,18101482,17836425,17818129,17790907
raspberrypi 11:15:44.865 [main] INFO  edu.bjut.boudia.myMain - meter_6226843818799865935:regMsg,reg_backagg,reg_cc
raspberrypi 11:15:44.865 [main] INFO  edu.bjut.boudia.myMain - meter_6226843818799865935:3333,18083166,2444
raspberrypi 11:15:44.865 [main] INFO  edu.bjut.boudia.myMain - meter_8878104493689147443:regMsg,reg_backagg,reg_cc
raspberrypi 11:15:44.865 [main] INFO  edu.bjut.boudia.myMain - meter_8878104493689147443:6186,17871833,2703
raspberrypi 11:15:44.865 [main] INFO  edu.bjut.boudia.myMain - meter_2486464893992182665:regMsg,reg_backagg,reg_cc
raspberrypi 11:15:44.866 [main] INFO  edu.bjut.boudia.myMain - meter_2486464893992182665:6019,19356815,2149
raspberrypi 11:15:44.866 [main] INFO  edu.bjut.boudia.myMain - meter_1482797539894112007:regMsg,reg_backagg,reg_cc
raspberrypi 11:15:44.866 [main] INFO  edu.bjut.boudia.myMain - meter_1482797539894112007:5685,17873907,2537
raspberrypi 11:15:44.866 [main] INFO  edu.bjut.boudia.myMain - meter_6759930545856241925:regMsg,reg_backagg,reg_cc
raspberrypi 11:15:44.866 [main] INFO  edu.bjut.boudia.myMain - meter_6759930545856241925:6334,17687167,1907
raspberrypi 11:15:44.866 [main] INFO  edu.bjut.boudia.myMain - meter_8675743607370488715:regMsg,reg_backagg,reg_cc
raspberrypi 11:15:44.866 [main] INFO  edu.bjut.boudia.myMain - meter_8675743607370488715:5908,17745981,2463
raspberrypi 11:15:44.866 [main] INFO  edu.bjut.boudia.myMain - meter_4677614312859609519:regMsg,reg_backagg,reg_cc
raspberrypi 11:15:44.866 [main] INFO  edu.bjut.boudia.myMain - meter_4677614312859609519:5389,17903166,2259
raspberrypi 11:15:44.866 [main] INFO  edu.bjut.boudia.myMain - meter_3340820893933295647:regMsg,reg_backagg,reg_cc
raspberrypi 11:15:44.866 [main] INFO  edu.bjut.boudia.myMain - meter_3340820893933295647:4834,17625741,2185
raspberrypi 11:15:44.867 [main] INFO  edu.bjut.boudia.myMain - meter_8056800824027272697:regMsg,reg_backagg,reg_cc
raspberrypi 11:15:44.867 [main] INFO  edu.bjut.boudia.myMain - meter_8056800824027272697:5722,17725945,2241
raspberrypi 11:15:44.867 [main] INFO  edu.bjut.boudia.myMain - meter_7291497757913814257:regMsg,reg_backagg,reg_cc
raspberrypi 11:15:44.867 [main] INFO  edu.bjut.boudia.myMain - meter_7291497757913814257:5074,17753370,2371
raspberrypi 11:15:44.867 [main] INFO  edu.bjut.boudia.myMain - meter_1632190449239786649:regMsg,reg_backagg,reg_cc
raspberrypi 11:15:44.867 [main] INFO  edu.bjut.boudia.myMain - meter_1632190449239786649:3666,17812389,2074
raspberrypi 11:15:44.867 [main] INFO  edu.bjut.boudia.myMain - meter_8543555014585267765:regMsg,reg_backagg,reg_cc
raspberrypi 11:15:44.867 [main] INFO  edu.bjut.boudia.myMain - meter_8543555014585267765:5334,17845611,1889
raspberrypi 11:15:44.867 [main] INFO  edu.bjut.boudia.myMain - meter_7137195243332576887:regMsg,reg_backagg,reg_cc
raspberrypi 11:15:44.867 [main] INFO  edu.bjut.boudia.myMain - meter_7137195243332576887:5463,17849796,2186
raspberrypi 11:15:44.867 [main] INFO  edu.bjut.boudia.myMain - meter_2725735341379254407:regMsg,reg_backagg,reg_cc
raspberrypi 11:15:44.867 [main] INFO  edu.bjut.boudia.myMain - meter_2725735341379254407:4574,18015407,2074
raspberrypi 11:15:44.868 [main] INFO  edu.bjut.boudia.myMain - meter_2001679932971704523:regMsg,reg_backagg,reg_cc
raspberrypi 11:15:44.868 [main] INFO  edu.bjut.boudia.myMain - meter_2001679932971704523:5315,17585185,2667
raspberrypi 11:15:44.868 [main] INFO  edu.bjut.boudia.myMain - meter_7235472231090228513:regMsg,reg_backagg,reg_cc
raspberrypi 11:15:44.868 [main] INFO  edu.bjut.boudia.myMain - meter_7235472231090228513:5667,17555019,2463
raspberrypi 11:15:44.868 [main] INFO  edu.bjut.boudia.myMain - meter_3790672459597725775:regMsg,reg_backagg,reg_cc
raspberrypi 11:15:44.868 [main] INFO  edu.bjut.boudia.myMain - meter_3790672459597725775:5371,17656740,2296
raspberrypi 11:15:44.868 [main] INFO  edu.bjut.boudia.myMain - meter_1881718086614948271:regMsg,reg_backagg,reg_cc
raspberrypi 11:15:44.868 [main] INFO  edu.bjut.boudia.myMain - meter_1881718086614948271:5074,17950241,2796
raspberrypi 11:15:44.868 [main] INFO  edu.bjut.boudia.myMain - meter_5693514394569846027:regMsg,reg_backagg,reg_cc
raspberrypi 11:15:44.868 [main] INFO  edu.bjut.boudia.myMain - meter_5693514394569846027:6241,17509315,2166
raspberrypi 11:15:44.868 [main] INFO  edu.bjut.boudia.myMain - meter_1625890960578522529:regMsg,reg_backagg,reg_cc
raspberrypi 11:15:44.868 [main] INFO  edu.bjut.boudia.myMain - meter_1625890960578522529:5518,17696926,2907
raspberrypi 11:15:44.869 [main] INFO  edu.bjut.boudia.myMain - meter_7539452816283831147:regMsg,reg_backagg,reg_cc
raspberrypi 11:15:44.869 [main] INFO  edu.bjut.boudia.myMain - meter_7539452816283831147:5314,17789370,2334
raspberrypi 11:15:44.869 [main] INFO  edu.bjut.boudia.myMain - meter_8395689279160904619:regMsg,reg_backagg,reg_cc
raspberrypi 11:15:44.869 [main] INFO  edu.bjut.boudia.myMain - meter_8395689279160904619:5574,17423148,2148
raspberrypi 11:15:44.869 [main] INFO  edu.bjut.boudia.myMain - meter_5845725086837357537:regMsg,reg_backagg,reg_cc
raspberrypi 11:15:44.869 [main] INFO  edu.bjut.boudia.myMain - meter_5845725086837357537:4630,17711426,2241
raspberrypi 11:15:44.869 [main] INFO  edu.bjut.boudia.myMain - meter_7469431052326458081:regMsg,reg_backagg,reg_cc
raspberrypi 11:15:44.870 [main] INFO  edu.bjut.boudia.myMain - meter_7469431052326458081:5445,17573314,1815
raspberrypi 11:15:44.870 [main] INFO  edu.bjut.boudia.myMain - meter_8961568957315153413:regMsg,reg_backagg,reg_cc
raspberrypi 11:15:44.870 [main] INFO  edu.bjut.boudia.myMain - meter_8961568957315153413:6482,17703260,1981
raspberrypi 11:15:44.870 [main] INFO  edu.bjut.boudia.myMain - meter_3843300531656025765:regMsg,reg_backagg,reg_cc
raspberrypi 11:15:44.870 [main] INFO  edu.bjut.boudia.myMain - meter_3843300531656025765:5760,18048648,1944
raspberrypi 11:15:44.870 [main] INFO  edu.bjut.boudia.myMain - meter_1911729054862935287:regMsg,reg_backagg,reg_cc
raspberrypi 11:15:44.870 [main] INFO  edu.bjut.boudia.myMain - meter_1911729054862935287:5259,17603555,1982
raspberrypi 11:15:44.870 [main] INFO  edu.bjut.boudia.myMain - meter_1223664138582423045:regMsg,reg_backagg,reg_cc
raspberrypi 11:15:44.870 [main] INFO  edu.bjut.boudia.myMain - meter_1223664138582423045:5981,17584722,1852
raspberrypi 11:15:44.871 [main] INFO  edu.bjut.boudia.myMain - meter_9075035564549034011:regMsg,reg_backagg,reg_cc
raspberrypi 11:15:44.871 [main] INFO  edu.bjut.boudia.myMain - meter_9075035564549034011:5463,17481889,2130
raspberrypi 11:15:44.871 [main] INFO  edu.bjut.boudia.myMain - meter_2830023173395468875:regMsg,reg_backagg,reg_cc
raspberrypi 11:15:44.871 [main] INFO  edu.bjut.boudia.myMain - meter_2830023173395468875:4871,17569519,2185
raspberrypi 11:15:44.871 [main] INFO  edu.bjut.boudia.myMain - meter_6663513704551328591:regMsg,reg_backagg,reg_cc
raspberrypi 11:15:44.871 [main] INFO  edu.bjut.boudia.myMain - meter_6663513704551328591:5629,17600222,2111
raspberrypi 11:15:44.871 [main] INFO  edu.bjut.boudia.myMain - meter_5879305197165316877:regMsg,reg_backagg,reg_cc
raspberrypi 11:15:44.871 [main] INFO  edu.bjut.boudia.myMain - meter_5879305197165316877:6167,17948037,2204
raspberrypi 11:15:44.871 [main] INFO  edu.bjut.boudia.myMain - meter_8972065321893756609:regMsg,reg_backagg,reg_cc
raspberrypi 11:15:44.871 [main] INFO  edu.bjut.boudia.myMain - meter_8972065321893756609:5426,17798259,2018
raspberrypi 11:15:44.872 [main] INFO  edu.bjut.boudia.myMain - meter_8293454489792693835:regMsg,reg_backagg,reg_cc
raspberrypi 11:15:44.872 [main] INFO  edu.bjut.boudia.myMain - meter_8293454489792693835:4889,17724593,1926
raspberrypi 11:15:44.872 [main] INFO  edu.bjut.boudia.myMain - meter_8727417307540993433:regMsg,reg_backagg,reg_cc
raspberrypi 11:15:44.872 [main] INFO  edu.bjut.boudia.myMain - meter_8727417307540993433:68352,17876129,1666
raspberrypi 11:15:44.872 [main] INFO  edu.bjut.boudia.myMain - meter_7885324027050339541:regMsg,reg_backagg,reg_cc
raspberrypi 11:15:44.872 [main] INFO  edu.bjut.boudia.myMain - meter_7885324027050339541:5241,17768611,3000
raspberrypi 11:15:44.872 [main] INFO  edu.bjut.boudia.myMain - meter_8339787722239872937:regMsg,reg_backagg,reg_cc
raspberrypi 11:15:44.872 [main] INFO  edu.bjut.boudia.myMain - meter_8339787722239872937:59519,17943778,8463
raspberrypi 11:15:44.872 [main] INFO  edu.bjut.boudia.myMain - meter_1186562496305598363:regMsg,reg_backagg,reg_cc
raspberrypi 11:15:44.872 [main] INFO  edu.bjut.boudia.myMain - meter_1186562496305598363:1055,17924574,1056
raspberrypi 11:15:44.872 [main] INFO  edu.bjut.boudia.myMain - meter_7410966454210149917:regMsg,reg_backagg,reg_cc
raspberrypi 11:15:44.872 [main] INFO  edu.bjut.boudia.myMain - meter_7410966454210149917:981,17754037,852
raspberrypi 11:15:44.873 [main] INFO  edu.bjut.boudia.myMain - meter_7478933370866408717:regMsg,reg_backagg,reg_cc
raspberrypi 11:15:44.873 [main] INFO  edu.bjut.boudia.myMain - meter_7478933370866408717:963,17562259,907
raspberrypi 11:15:46.301 [main] INFO  edu.bjut.boudia.myMain - oneTimeMeterRepTime
raspberrypi 11:15:50.051 [main] INFO  edu.bjut.boudia.myMain - server:repMsg
raspberrypi 11:15:50.051 [main] INFO  edu.bjut.boudia.myMain - server:90894074
raspberrypi 11:15:50.051 [main] INFO  edu.bjut.boudia.myMain - agg:repMsg
raspberrypi 11:15:50.052 [main] INFO  edu.bjut.boudia.myMain - agg:779295888
raspberrypi 11:15:50.052 [main] INFO  edu.bjut.boudia.myMain - meter_6226843818799865935:repMsg
raspberrypi 11:15:50.052 [main] INFO  edu.bjut.boudia.myMain - meter_6226843818799865935:71756723
raspberrypi 11:15:50.052 [main] INFO  edu.bjut.boudia.myMain - meter_8878104493689147443:repMsg
raspberrypi 11:15:50.053 [main] INFO  edu.bjut.boudia.myMain - meter_8878104493689147443:71765760
raspberrypi 11:15:50.053 [main] INFO  edu.bjut.boudia.myMain - meter_2486464893992182665:repMsg
raspberrypi 11:15:50.053 [main] INFO  edu.bjut.boudia.myMain - meter_2486464893992182665:72678463
raspberrypi 11:15:50.053 [main] INFO  edu.bjut.boudia.myMain - meter_1482797539894112007:repMsg
raspberrypi 11:15:50.053 [main] INFO  edu.bjut.boudia.myMain - meter_1482797539894112007:71559112
raspberrypi 11:15:50.053 [main] INFO  edu.bjut.boudia.myMain - meter_6759930545856241925:repMsg
raspberrypi 11:15:50.054 [main] INFO  edu.bjut.boudia.myMain - meter_6759930545856241925:71697204
raspberrypi 11:15:50.054 [main] INFO  edu.bjut.boudia.myMain - meter_8675743607370488715:repMsg
raspberrypi 11:15:50.054 [main] INFO  edu.bjut.boudia.myMain - meter_8675743607370488715:71818778
raspberrypi 11:15:50.054 [main] INFO  edu.bjut.boudia.myMain - meter_4677614312859609519:repMsg
raspberrypi 11:15:50.054 [main] INFO  edu.bjut.boudia.myMain - meter_4677614312859609519:71040908
raspberrypi 11:15:50.055 [main] INFO  edu.bjut.boudia.myMain - meter_3340820893933295647:repMsg
raspberrypi 11:15:50.055 [main] INFO  edu.bjut.boudia.myMain - meter_3340820893933295647:73017241
raspberrypi 11:15:50.055 [main] INFO  edu.bjut.boudia.myMain - meter_8056800824027272697:repMsg
raspberrypi 11:15:50.055 [main] INFO  edu.bjut.boudia.myMain - meter_8056800824027272697:72210315
raspberrypi 11:15:50.055 [main] INFO  edu.bjut.boudia.myMain - meter_7291497757913814257:repMsg
raspberrypi 11:15:50.055 [main] INFO  edu.bjut.boudia.myMain - meter_7291497757913814257:71600648
raspberrypi 11:15:50.055 [main] INFO  edu.bjut.boudia.myMain - meter_1632190449239786649:repMsg
raspberrypi 11:15:50.055 [main] INFO  edu.bjut.boudia.myMain - meter_1632190449239786649:71262444
raspberrypi 11:15:50.055 [main] INFO  edu.bjut.boudia.myMain - meter_8543555014585267765:repMsg
raspberrypi 11:15:50.055 [main] INFO  edu.bjut.boudia.myMain - meter_8543555014585267765:71064925
raspberrypi 11:15:50.055 [main] INFO  edu.bjut.boudia.myMain - meter_7137195243332576887:repMsg
raspberrypi 11:15:50.055 [main] INFO  edu.bjut.boudia.myMain - meter_7137195243332576887:73957833
raspberrypi 11:15:50.055 [main] INFO  edu.bjut.boudia.myMain - meter_2725735341379254407:repMsg
raspberrypi 11:15:50.055 [main] INFO  edu.bjut.boudia.myMain - meter_2725735341379254407:71908555
raspberrypi 11:15:50.056 [main] INFO  edu.bjut.boudia.myMain - meter_2001679932971704523:repMsg
raspberrypi 11:15:50.056 [main] INFO  edu.bjut.boudia.myMain - meter_2001679932971704523:71394426
raspberrypi 11:15:50.056 [main] INFO  edu.bjut.boudia.myMain - meter_7235472231090228513:repMsg
raspberrypi 11:15:50.056 [main] INFO  edu.bjut.boudia.myMain - meter_7235472231090228513:71749296
raspberrypi 11:15:50.056 [main] INFO  edu.bjut.boudia.myMain - meter_3790672459597725775:repMsg
raspberrypi 11:15:50.056 [main] INFO  edu.bjut.boudia.myMain - meter_3790672459597725775:71714055
raspberrypi 11:15:50.056 [main] INFO  edu.bjut.boudia.myMain - meter_1881718086614948271:repMsg
raspberrypi 11:15:50.056 [main] INFO  edu.bjut.boudia.myMain - meter_1881718086614948271:73331055
raspberrypi 11:15:50.056 [main] INFO  edu.bjut.boudia.myMain - meter_5693514394569846027:repMsg
raspberrypi 11:15:50.056 [main] INFO  edu.bjut.boudia.myMain - meter_5693514394569846027:71478148
raspberrypi 11:15:50.056 [main] INFO  edu.bjut.boudia.myMain - meter_1625890960578522529:repMsg
raspberrypi 11:15:50.056 [main] INFO  edu.bjut.boudia.myMain - meter_1625890960578522529:70919537
raspberrypi 11:15:50.056 [main] INFO  edu.bjut.boudia.myMain - meter_7539452816283831147:repMsg
raspberrypi 11:15:50.056 [main] INFO  edu.bjut.boudia.myMain - meter_7539452816283831147:72111574
raspberrypi 11:15:50.056 [main] INFO  edu.bjut.boudia.myMain - meter_8395689279160904619:repMsg
raspberrypi 11:15:50.056 [main] INFO  edu.bjut.boudia.myMain - meter_8395689279160904619:71666815
raspberrypi 11:15:50.057 [main] INFO  edu.bjut.boudia.myMain - meter_5845725086837357537:repMsg
raspberrypi 11:15:50.057 [main] INFO  edu.bjut.boudia.myMain - meter_5845725086837357537:73123611
raspberrypi 11:15:50.057 [main] INFO  edu.bjut.boudia.myMain - meter_7469431052326458081:repMsg
raspberrypi 11:15:50.057 [main] INFO  edu.bjut.boudia.myMain - meter_7469431052326458081:71124667
raspberrypi 11:15:50.057 [main] INFO  edu.bjut.boudia.myMain - meter_8961568957315153413:repMsg
raspberrypi 11:15:50.057 [main] INFO  edu.bjut.boudia.myMain - meter_8961568957315153413:71587963
raspberrypi 11:15:50.057 [main] INFO  edu.bjut.boudia.myMain - meter_3843300531656025765:repMsg
raspberrypi 11:15:50.057 [main] INFO  edu.bjut.boudia.myMain - meter_3843300531656025765:71931852
raspberrypi 11:15:50.057 [main] INFO  edu.bjut.boudia.myMain - meter_1911729054862935287:repMsg
raspberrypi 11:15:50.057 [main] INFO  edu.bjut.boudia.myMain - meter_1911729054862935287:71305148
raspberrypi 11:15:50.057 [main] INFO  edu.bjut.boudia.myMain - meter_1223664138582423045:repMsg
raspberrypi 11:15:50.057 [main] INFO  edu.bjut.boudia.myMain - meter_1223664138582423045:73143944
raspberrypi 11:15:50.057 [main] INFO  edu.bjut.boudia.myMain - meter_9075035564549034011:repMsg
raspberrypi 11:15:50.057 [main] INFO  edu.bjut.boudia.myMain - meter_9075035564549034011:71743649
raspberrypi 11:15:50.057 [main] INFO  edu.bjut.boudia.myMain - meter_2830023173395468875:repMsg
raspberrypi 11:15:50.057 [main] INFO  edu.bjut.boudia.myMain - meter_2830023173395468875:72058111
raspberrypi 11:15:50.058 [main] INFO  edu.bjut.boudia.myMain - meter_6663513704551328591:repMsg
raspberrypi 11:15:50.058 [main] INFO  edu.bjut.boudia.myMain - meter_6663513704551328591:72053111
raspberrypi 11:15:50.058 [main] INFO  edu.bjut.boudia.myMain - meter_5879305197165316877:repMsg
raspberrypi 11:15:50.058 [main] INFO  edu.bjut.boudia.myMain - meter_5879305197165316877:72342352
raspberrypi 11:15:50.058 [main] INFO  edu.bjut.boudia.myMain - meter_8972065321893756609:repMsg
raspberrypi 11:15:50.058 [main] INFO  edu.bjut.boudia.myMain - meter_8972065321893756609:73035722
raspberrypi 11:15:50.058 [main] INFO  edu.bjut.boudia.myMain - meter_8293454489792693835:repMsg
raspberrypi 11:15:50.058 [main] INFO  edu.bjut.boudia.myMain - meter_8293454489792693835:71736407
raspberrypi 11:15:50.058 [main] INFO  edu.bjut.boudia.myMain - meter_8727417307540993433:repMsg
raspberrypi 11:15:50.058 [main] INFO  edu.bjut.boudia.myMain - meter_8727417307540993433:71528185
raspberrypi 11:15:50.058 [main] INFO  edu.bjut.boudia.myMain - meter_7885324027050339541:repMsg
raspberrypi 11:15:50.058 [main] INFO  edu.bjut.boudia.myMain - meter_7885324027050339541:71458685
raspberrypi 11:15:50.058 [main] INFO  edu.bjut.boudia.myMain - meter_8339787722239872937:repMsg
raspberrypi 11:15:50.058 [main] INFO  edu.bjut.boudia.myMain - meter_8339787722239872937:71222037
raspberrypi 11:15:50.059 [main] INFO  edu.bjut.boudia.myMain - meter_1186562496305598363:repMsg
raspberrypi 11:15:50.059 [main] INFO  edu.bjut.boudia.myMain - meter_1186562496305598363:73636296
raspberrypi 11:15:50.059 [main] INFO  edu.bjut.boudia.myMain - meter_7410966454210149917:repMsg
raspberrypi 11:15:50.059 [main] INFO  edu.bjut.boudia.myMain - meter_7410966454210149917:71774667
raspberrypi 11:15:50.059 [main] INFO  edu.bjut.boudia.myMain - meter_7478933370866408717:repMsg
raspberrypi 11:15:50.059 [main] INFO  edu.bjut.boudia.myMain - meter_7478933370866408717:71770019
raspberrypi 11:15:56.190 [main] INFO  edu.bjut.boudia.myMain - oneTimeMeterRegTime
raspberrypi 11:15:57.260 [main] INFO  edu.bjut.boudia.myMain - server:pubkey
raspberrypi 11:15:57.261 [main] INFO  edu.bjut.boudia.myMain - server:4740
raspberrypi 11:15:57.261 [main] INFO  edu.bjut.boudia.myMain - agg:regMsg,regMsg,regMsg,regMsg,regMsg,regMsg,regMsg,regMsg,regMsg,regMsg,regMsg,regMsg,regMsg,regMsg,regMsg,regMsg,regMsg,regMsg,regMsg,regMsg,regMsg,regMsg,regMsg,regMsg,regMsg,regMsg,regMsg,regMsg,regMsg,regMsg
raspberrypi 11:15:57.261 [main] INFO  edu.bjut.boudia.myMain - agg:17940482,17714296,17655019,17752482,17697074,17768667,17909037,17729760,17787833,17689296,17760981,17789982,19343278,17640204,17743408,17758870,17799722,17808833,17781074,17798481,17832630,17757908,19480666,17721759,17763481,17768982,17737314,17729240,17809574,17773500
raspberrypi 11:15:57.261 [main] INFO  edu.bjut.boudia.myMain - meter_8835806347119738797:regMsg,reg_backagg,reg_cc
raspberrypi 11:15:57.261 [main] INFO  edu.bjut.boudia.myMain - meter_8835806347119738797:889,17959389,611
raspberrypi 11:15:57.261 [main] INFO  edu.bjut.boudia.myMain - meter_3771386940809540747:regMsg,reg_backagg,reg_cc
raspberrypi 11:15:57.261 [main] INFO  edu.bjut.boudia.myMain - meter_3771386940809540747:1056,19403592,426
raspberrypi 11:15:57.261 [main] INFO  edu.bjut.boudia.myMain - meter_1686842248750653301:regMsg,reg_backagg,reg_cc
raspberrypi 11:15:57.261 [main] INFO  edu.bjut.boudia.myMain - meter_1686842248750653301:982,17771278,667
raspberrypi 11:15:57.262 [main] INFO  edu.bjut.boudia.myMain - meter_4380437600249742521:regMsg,reg_backagg,reg_cc
raspberrypi 11:15:57.262 [main] INFO  edu.bjut.boudia.myMain - meter_4380437600249742521:981,17733222,630
raspberrypi 11:15:57.262 [main] INFO  edu.bjut.boudia.myMain - meter_8443537218015429059:regMsg,reg_backagg,reg_cc
raspberrypi 11:15:57.262 [main] INFO  edu.bjut.boudia.myMain - meter_8443537218015429059:907,17740500,555
raspberrypi 11:15:57.262 [main] INFO  edu.bjut.boudia.myMain - meter_7968124788973914911:regMsg,reg_backagg,reg_cc
raspberrypi 11:15:57.262 [main] INFO  edu.bjut.boudia.myMain - meter_7968124788973914911:1241,17065055,723
raspberrypi 11:15:57.262 [main] INFO  edu.bjut.boudia.myMain - meter_4355537480309718551:regMsg,reg_backagg,reg_cc
raspberrypi 11:15:57.262 [main] INFO  edu.bjut.boudia.myMain - meter_4355537480309718551:852,17335852,444
raspberrypi 11:15:57.262 [main] INFO  edu.bjut.boudia.myMain - meter_9194804053250200939:regMsg,reg_backagg,reg_cc
raspberrypi 11:15:57.262 [main] INFO  edu.bjut.boudia.myMain - meter_9194804053250200939:815,17441648,907
raspberrypi 11:15:57.262 [main] INFO  edu.bjut.boudia.myMain - meter_7808297300111962439:regMsg,reg_backagg,reg_cc
raspberrypi 11:15:57.262 [main] INFO  edu.bjut.boudia.myMain - meter_7808297300111962439:796,17683629,722
raspberrypi 11:15:57.263 [main] INFO  edu.bjut.boudia.myMain - meter_8706288117818388165:regMsg,reg_backagg,reg_cc
raspberrypi 11:15:57.263 [main] INFO  edu.bjut.boudia.myMain - meter_8706288117818388165:1259,17696074,481
raspberrypi 11:15:57.263 [main] INFO  edu.bjut.boudia.myMain - meter_3975827424415280979:regMsg,reg_backagg,reg_cc
raspberrypi 11:15:57.263 [main] INFO  edu.bjut.boudia.myMain - meter_3975827424415280979:1074,17669056,500
raspberrypi 11:15:57.263 [main] INFO  edu.bjut.boudia.myMain - meter_5216011503248700617:regMsg,reg_backagg,reg_cc
raspberrypi 11:15:57.263 [main] INFO  edu.bjut.boudia.myMain - meter_5216011503248700617:833,17869037,852
raspberrypi 11:15:57.263 [main] INFO  edu.bjut.boudia.myMain - meter_5536586999130815917:regMsg,reg_backagg,reg_cc
raspberrypi 11:15:57.263 [main] INFO  edu.bjut.boudia.myMain - meter_5536586999130815917:908,17716833,778
raspberrypi 11:15:57.263 [main] INFO  edu.bjut.boudia.myMain - meter_8034717488761517617:regMsg,reg_backagg,reg_cc
raspberrypi 11:15:57.263 [main] INFO  edu.bjut.boudia.myMain - meter_8034717488761517617:1093,17827815,481
raspberrypi 11:15:57.263 [main] INFO  edu.bjut.boudia.myMain - meter_9018892629880977739:regMsg,reg_backagg,reg_cc
raspberrypi 11:15:57.263 [main] INFO  edu.bjut.boudia.myMain - meter_9018892629880977739:1278,17507703,1074
raspberrypi 11:15:57.263 [main] INFO  edu.bjut.boudia.myMain - meter_5411064861088039173:regMsg,reg_backagg,reg_cc
raspberrypi 11:15:57.263 [main] INFO  edu.bjut.boudia.myMain - meter_5411064861088039173:1000,17530889,908
raspberrypi 11:15:57.263 [main] INFO  edu.bjut.boudia.myMain - meter_5437071164582321959:regMsg,reg_backagg,reg_cc
raspberrypi 11:15:57.264 [main] INFO  edu.bjut.boudia.myMain - meter_5437071164582321959:1000,17552260,722
raspberrypi 11:15:57.264 [main] INFO  edu.bjut.boudia.myMain - meter_8407593655537924391:regMsg,reg_backagg,reg_cc
raspberrypi 11:15:57.264 [main] INFO  edu.bjut.boudia.myMain - meter_8407593655537924391:1222,17707926,611
raspberrypi 11:15:57.264 [main] INFO  edu.bjut.boudia.myMain - meter_5000080112087267457:regMsg,reg_backagg,reg_cc
raspberrypi 11:15:57.264 [main] INFO  edu.bjut.boudia.myMain - meter_5000080112087267457:815,17851815,982
raspberrypi 11:15:57.264 [main] INFO  edu.bjut.boudia.myMain - meter_7195503225152486035:regMsg,reg_backagg,reg_cc
raspberrypi 11:15:57.264 [main] INFO  edu.bjut.boudia.myMain - meter_7195503225152486035:963,17616370,574
raspberrypi 11:15:57.264 [main] INFO  edu.bjut.boudia.myMain - meter_6486481489877716855:regMsg,reg_backagg,reg_cc
raspberrypi 11:15:57.264 [main] INFO  edu.bjut.boudia.myMain - meter_6486481489877716855:1018,17785963,686
raspberrypi 11:15:57.264 [main] INFO  edu.bjut.boudia.myMain - meter_4268984016922371169:regMsg,reg_backagg,reg_cc
raspberrypi 11:15:57.264 [main] INFO  edu.bjut.boudia.myMain - meter_4268984016922371169:1185,17773500,519
raspberrypi 11:15:57.264 [main] INFO  edu.bjut.boudia.myMain - meter_5499315825742050933:regMsg,reg_backagg,reg_cc
raspberrypi 11:15:57.264 [main] INFO  edu.bjut.boudia.myMain - meter_5499315825742050933:1130,17846445,926
raspberrypi 11:15:57.264 [main] INFO  edu.bjut.boudia.myMain - meter_808481888538708279:regMsg,reg_backagg,reg_cc
raspberrypi 11:15:57.265 [main] INFO  edu.bjut.boudia.myMain - meter_808481888538708279:963,17696833,407
raspberrypi 11:15:57.265 [main] INFO  edu.bjut.boudia.myMain - meter_10899140711621351:regMsg,reg_backagg,reg_cc
raspberrypi 11:15:57.265 [main] INFO  edu.bjut.boudia.myMain - meter_10899140711621351:1037,17876444,537
raspberrypi 11:15:57.265 [main] INFO  edu.bjut.boudia.myMain - meter_3671058367448459589:regMsg,reg_backagg,reg_cc
raspberrypi 11:15:57.265 [main] INFO  edu.bjut.boudia.myMain - meter_3671058367448459589:1351,17866611,815
raspberrypi 11:15:57.265 [main] INFO  edu.bjut.boudia.myMain - meter_3405229282463696165:regMsg,reg_backagg,reg_cc
raspberrypi 11:15:57.265 [main] INFO  edu.bjut.boudia.myMain - meter_3405229282463696165:1037,17934000,759
raspberrypi 11:15:57.265 [main] INFO  edu.bjut.boudia.myMain - meter_7697791888259604477:regMsg,reg_backagg,reg_cc
raspberrypi 11:15:57.265 [main] INFO  edu.bjut.boudia.myMain - meter_7697791888259604477:1112,17820407,648
raspberrypi 11:15:57.265 [main] INFO  edu.bjut.boudia.myMain - meter_7679499338883603577:regMsg,reg_backagg,reg_cc
raspberrypi 11:15:57.265 [main] INFO  edu.bjut.boudia.myMain - meter_7679499338883603577:1000,17773796,833
raspberrypi 11:15:57.265 [main] INFO  edu.bjut.boudia.myMain - meter_7144984473666422057:regMsg,reg_backagg,reg_cc
raspberrypi 11:15:57.265 [main] INFO  edu.bjut.boudia.myMain - meter_7144984473666422057:1240,17693907,1056
raspberrypi 11:15:58.337 [main] INFO  edu.bjut.boudia.myMain - oneTimeMeterRepTime
raspberrypi 11:16:01.178 [main] INFO  edu.bjut.boudia.myMain - server:repMsg
raspberrypi 11:16:01.178 [main] INFO  edu.bjut.boudia.myMain - server:88340555
raspberrypi 11:16:01.178 [main] INFO  edu.bjut.boudia.myMain - agg:repMsg
raspberrypi 11:16:01.179 [main] INFO  edu.bjut.boudia.myMain - agg:592045370
raspberrypi 11:16:01.179 [main] INFO  edu.bjut.boudia.myMain - meter_8835806347119738797:repMsg
raspberrypi 11:16:01.179 [main] INFO  edu.bjut.boudia.myMain - meter_8835806347119738797:72063629
raspberrypi 11:16:01.179 [main] INFO  edu.bjut.boudia.myMain - meter_3771386940809540747:repMsg
raspberrypi 11:16:01.179 [main] INFO  edu.bjut.boudia.myMain - meter_3771386940809540747:73656093
raspberrypi 11:16:01.179 [main] INFO  edu.bjut.boudia.myMain - meter_1686842248750653301:repMsg
raspberrypi 11:16:01.179 [main] INFO  edu.bjut.boudia.myMain - meter_1686842248750653301:71333055
raspberrypi 11:16:01.179 [main] INFO  edu.bjut.boudia.myMain - meter_4380437600249742521:repMsg
raspberrypi 11:16:01.179 [main] INFO  edu.bjut.boudia.myMain - meter_4380437600249742521:72293148
raspberrypi 11:16:01.179 [main] INFO  edu.bjut.boudia.myMain - meter_8443537218015429059:repMsg
raspberrypi 11:16:01.179 [main] INFO  edu.bjut.boudia.myMain - meter_8443537218015429059:71353926
raspberrypi 11:16:01.179 [main] INFO  edu.bjut.boudia.myMain - meter_7968124788973914911:repMsg
raspberrypi 11:16:01.179 [main] INFO  edu.bjut.boudia.myMain - meter_7968124788973914911:71557555
raspberrypi 11:16:01.179 [main] INFO  edu.bjut.boudia.myMain - meter_4355537480309718551:repMsg
raspberrypi 11:16:01.179 [main] INFO  edu.bjut.boudia.myMain - meter_4355537480309718551:73495537
raspberrypi 11:16:01.179 [main] INFO  edu.bjut.boudia.myMain - meter_9194804053250200939:repMsg
raspberrypi 11:16:01.179 [main] INFO  edu.bjut.boudia.myMain - meter_9194804053250200939:71721814
raspberrypi 11:16:01.179 [main] INFO  edu.bjut.boudia.myMain - meter_7808297300111962439:repMsg
raspberrypi 11:16:01.179 [main] INFO  edu.bjut.boudia.myMain - meter_7808297300111962439:72069333
raspberrypi 11:16:01.179 [main] INFO  edu.bjut.boudia.myMain - meter_8706288117818388165:repMsg
raspberrypi 11:16:01.180 [main] INFO  edu.bjut.boudia.myMain - meter_8706288117818388165:71421222
raspberrypi 11:16:01.180 [main] INFO  edu.bjut.boudia.myMain - meter_3975827424415280979:repMsg
raspberrypi 11:16:01.180 [main] INFO  edu.bjut.boudia.myMain - meter_3975827424415280979:71458574
raspberrypi 11:16:01.180 [main] INFO  edu.bjut.boudia.myMain - meter_5216011503248700617:repMsg
raspberrypi 11:16:01.180 [main] INFO  edu.bjut.boudia.myMain - meter_5216011503248700617:73638796
raspberrypi 11:16:01.180 [main] INFO  edu.bjut.boudia.myMain - meter_5536586999130815917:repMsg
raspberrypi 11:16:01.180 [main] INFO  edu.bjut.boudia.myMain - meter_5536586999130815917:71976759
raspberrypi 11:16:01.180 [main] INFO  edu.bjut.boudia.myMain - meter_8034717488761517617:repMsg
raspberrypi 11:16:01.180 [main] INFO  edu.bjut.boudia.myMain - meter_8034717488761517617:71327370
raspberrypi 11:16:01.180 [main] INFO  edu.bjut.boudia.myMain - meter_9018892629880977739:repMsg
raspberrypi 11:16:01.180 [main] INFO  edu.bjut.boudia.myMain - meter_9018892629880977739:71350611
raspberrypi 11:16:01.180 [main] INFO  edu.bjut.boudia.myMain - meter_5411064861088039173:repMsg
raspberrypi 11:16:01.180 [main] INFO  edu.bjut.boudia.myMain - meter_5411064861088039173:70784556
raspberrypi 11:16:01.180 [main] INFO  edu.bjut.boudia.myMain - meter_5437071164582321959:repMsg
raspberrypi 11:16:01.180 [main] INFO  edu.bjut.boudia.myMain - meter_5437071164582321959:73165963
raspberrypi 11:16:01.180 [main] INFO  edu.bjut.boudia.myMain - meter_8407593655537924391:repMsg
raspberrypi 11:16:01.180 [main] INFO  edu.bjut.boudia.myMain - meter_8407593655537924391:71186611
raspberrypi 11:16:01.180 [main] INFO  edu.bjut.boudia.myMain - meter_5000080112087267457:repMsg
raspberrypi 11:16:01.180 [main] INFO  edu.bjut.boudia.myMain - meter_5000080112087267457:71725426
raspberrypi 11:16:01.180 [main] INFO  edu.bjut.boudia.myMain - meter_7195503225152486035:repMsg
raspberrypi 11:16:01.180 [main] INFO  edu.bjut.boudia.myMain - meter_7195503225152486035:71287629
raspberrypi 11:16:01.181 [main] INFO  edu.bjut.boudia.myMain - meter_6486481489877716855:repMsg
raspberrypi 11:16:01.181 [main] INFO  edu.bjut.boudia.myMain - meter_6486481489877716855:71803148
raspberrypi 11:16:01.181 [main] INFO  edu.bjut.boudia.myMain - meter_4268984016922371169:repMsg
raspberrypi 11:16:01.181 [main] INFO  edu.bjut.boudia.myMain - meter_4268984016922371169:73461111
raspberrypi 11:16:01.181 [main] INFO  edu.bjut.boudia.myMain - meter_5499315825742050933:repMsg
raspberrypi 11:16:01.181 [main] INFO  edu.bjut.boudia.myMain - meter_5499315825742050933:71719482
raspberrypi 11:16:01.181 [main] INFO  edu.bjut.boudia.myMain - meter_808481888538708279:repMsg
raspberrypi 11:16:01.181 [main] INFO  edu.bjut.boudia.myMain - meter_808481888538708279:71792389
raspberrypi 11:16:01.181 [main] INFO  edu.bjut.boudia.myMain - meter_10899140711621351:repMsg
raspberrypi 11:16:01.181 [main] INFO  edu.bjut.boudia.myMain - meter_10899140711621351:71551444
raspberrypi 11:16:01.181 [main] INFO  edu.bjut.boudia.myMain - meter_3671058367448459589:repMsg
raspberrypi 11:16:01.181 [main] INFO  edu.bjut.boudia.myMain - meter_3671058367448459589:71178648
raspberrypi 11:16:01.181 [main] INFO  edu.bjut.boudia.myMain - meter_3405229282463696165:repMsg
raspberrypi 11:16:01.181 [main] INFO  edu.bjut.boudia.myMain - meter_3405229282463696165:73631129
raspberrypi 11:16:01.181 [main] INFO  edu.bjut.boudia.myMain - meter_7697791888259604477:repMsg
raspberrypi 11:16:01.181 [main] INFO  edu.bjut.boudia.myMain - meter_7697791888259604477:72168593
raspberrypi 11:16:01.181 [main] INFO  edu.bjut.boudia.myMain - meter_7679499338883603577:repMsg
raspberrypi 11:16:01.181 [main] INFO  edu.bjut.boudia.myMain - meter_7679499338883603577:71530018
raspberrypi 11:16:01.181 [main] INFO  edu.bjut.boudia.myMain - meter_7144984473666422057:repMsg
raspberrypi 11:16:01.181 [main] INFO  edu.bjut.boudia.myMain - meter_7144984473666422057:71619148
raspberrypi 11:16:04.560 [main] INFO  edu.bjut.boudia.myMain - oneTimeMeterRegTime
raspberrypi 11:16:05.274 [main] INFO  edu.bjut.boudia.myMain - server:pubkey
raspberrypi 11:16:05.274 [main] INFO  edu.bjut.boudia.myMain - server:4278
raspberrypi 11:16:05.274 [main] INFO  edu.bjut.boudia.myMain - agg:regMsg,regMsg,regMsg,regMsg,regMsg,regMsg,regMsg,regMsg,regMsg,regMsg,regMsg,regMsg,regMsg,regMsg,regMsg,regMsg,regMsg,regMsg,regMsg,regMsg
raspberrypi 11:16:05.274 [main] INFO  edu.bjut.boudia.myMain - agg:17730555,17807500,17738686,17744982,17747648,17740796,19309166,17725537,17731834,17753667,17775611,17791500,17687204,17742129,17859630,17740000,19429093,17744426,17896444,17734759
raspberrypi 11:16:05.274 [main] INFO  edu.bjut.boudia.myMain - meter_8925876263892798973:regMsg,reg_backagg,reg_cc
raspberrypi 11:16:05.274 [main] INFO  edu.bjut.boudia.myMain - meter_8925876263892798973:814,17706204,815
raspberrypi 11:16:05.274 [main] INFO  edu.bjut.boudia.myMain - meter_4691197475493483259:regMsg,reg_backagg,reg_cc
raspberrypi 11:16:05.279 [main] INFO  edu.bjut.boudia.myMain - meter_4691197475493483259:963,17815389,741
raspberrypi 11:16:05.279 [main] INFO  edu.bjut.boudia.myMain - meter_8282196280130452765:regMsg,reg_backagg,reg_cc
raspberrypi 11:16:05.279 [main] INFO  edu.bjut.boudia.myMain - meter_8282196280130452765:871,17490185,926
raspberrypi 11:16:05.279 [main] INFO  edu.bjut.boudia.myMain - meter_3135844606594799607:regMsg,reg_backagg,reg_cc
raspberrypi 11:16:05.279 [main] INFO  edu.bjut.boudia.myMain - meter_3135844606594799607:1018,17751037,481
raspberrypi 11:16:05.279 [main] INFO  edu.bjut.boudia.myMain - meter_8309008817038644909:regMsg,reg_backagg,reg_cc
raspberrypi 11:16:05.279 [main] INFO  edu.bjut.boudia.myMain - meter_8309008817038644909:1092,17653833,833
raspberrypi 11:16:05.280 [main] INFO  edu.bjut.boudia.myMain - meter_6954053168911405667:regMsg,reg_backagg,reg_cc
raspberrypi 11:16:05.280 [main] INFO  edu.bjut.boudia.myMain - meter_6954053168911405667:1148,17876796,649
raspberrypi 11:16:05.280 [main] INFO  edu.bjut.boudia.myMain - meter_9139800709775270239:regMsg,reg_backagg,reg_cc
raspberrypi 11:16:05.280 [main] INFO  edu.bjut.boudia.myMain - meter_9139800709775270239:870,17725908,740
raspberrypi 11:16:05.280 [main] INFO  edu.bjut.boudia.myMain - meter_5010156542418962295:regMsg,reg_backagg,reg_cc
raspberrypi 11:16:05.280 [main] INFO  edu.bjut.boudia.myMain - meter_5010156542418962295:1204,17516796,704
raspberrypi 11:16:05.280 [main] INFO  edu.bjut.boudia.myMain - meter_722627815521197821:regMsg,reg_backagg,reg_cc
raspberrypi 11:16:05.280 [main] INFO  edu.bjut.boudia.myMain - meter_722627815521197821:908,17697389,649
raspberrypi 11:16:05.280 [main] INFO  edu.bjut.boudia.myMain - meter_6985054012808856343:regMsg,reg_backagg,reg_cc
raspberrypi 11:16:05.280 [main] INFO  edu.bjut.boudia.myMain - meter_6985054012808856343:889,17699611,612
raspberrypi 11:16:05.280 [main] INFO  edu.bjut.boudia.myMain - meter_8732038955288711225:regMsg,reg_backagg,reg_cc
raspberrypi 11:16:05.280 [main] INFO  edu.bjut.boudia.myMain - meter_8732038955288711225:1111,17825278,686
raspberrypi 11:16:05.280 [main] INFO  edu.bjut.boudia.myMain - meter_330020735619589085:regMsg,reg_backagg,reg_cc
raspberrypi 11:16:05.281 [main] INFO  edu.bjut.boudia.myMain - meter_330020735619589085:1056,17499574,963
raspberrypi 11:16:05.281 [main] INFO  edu.bjut.boudia.myMain - meter_929248298288613715:regMsg,reg_backagg,reg_cc
raspberrypi 11:16:05.281 [main] INFO  edu.bjut.boudia.myMain - meter_929248298288613715:870,17556963,1407
raspberrypi 11:16:05.281 [main] INFO  edu.bjut.boudia.myMain - meter_3518143318963299719:regMsg,reg_backagg,reg_cc
raspberrypi 11:16:05.281 [main] INFO  edu.bjut.boudia.myMain - meter_3518143318963299719:1222,17867407,667
raspberrypi 11:16:05.281 [main] INFO  edu.bjut.boudia.myMain - meter_6404343965878562529:regMsg,reg_backagg,reg_cc
raspberrypi 11:16:05.281 [main] INFO  edu.bjut.boudia.myMain - meter_6404343965878562529:1297,17924648,722
raspberrypi 11:16:05.281 [main] INFO  edu.bjut.boudia.myMain - meter_4641296292992273459:regMsg,reg_backagg,reg_cc
raspberrypi 11:16:05.281 [main] INFO  edu.bjut.boudia.myMain - meter_4641296292992273459:1149,17866037,519
raspberrypi 11:16:05.281 [main] INFO  edu.bjut.boudia.myMain - meter_4745655926039343273:regMsg,reg_backagg,reg_cc
raspberrypi 11:16:05.281 [main] INFO  edu.bjut.boudia.myMain - meter_4745655926039343273:907,17724518,834
raspberrypi 11:16:05.281 [main] INFO  edu.bjut.boudia.myMain - meter_3174604425885435837:regMsg,reg_backagg,reg_cc
raspberrypi 11:16:05.281 [main] INFO  edu.bjut.boudia.myMain - meter_3174604425885435837:1074,17693926,778
raspberrypi 11:16:05.281 [main] INFO  edu.bjut.boudia.myMain - meter_7199588504969097017:regMsg,reg_backagg,reg_cc
raspberrypi 11:16:05.281 [main] INFO  edu.bjut.boudia.myMain - meter_7199588504969097017:1093,17852759,870
raspberrypi 11:16:05.282 [main] INFO  edu.bjut.boudia.myMain - meter_8397365931901892175:regMsg,reg_backagg,reg_cc
raspberrypi 11:16:05.282 [main] INFO  edu.bjut.boudia.myMain - meter_8397365931901892175:1038,17405926,648
raspberrypi 11:16:05.996 [main] INFO  edu.bjut.boudia.myMain - oneTimeMeterRepTime
raspberrypi 11:16:07.931 [main] INFO  edu.bjut.boudia.myMain - server:repMsg
raspberrypi 11:16:07.932 [main] INFO  edu.bjut.boudia.myMain - server:91133297
raspberrypi 11:16:07.932 [main] INFO  edu.bjut.boudia.myMain - agg:repMsg
raspberrypi 11:16:07.932 [main] INFO  edu.bjut.boudia.myMain - agg:404504037
raspberrypi 11:16:07.932 [main] INFO  edu.bjut.boudia.myMain - meter_8925876263892798973:repMsg
raspberrypi 11:16:07.932 [main] INFO  edu.bjut.boudia.myMain - meter_8925876263892798973:71852203
raspberrypi 11:16:07.932 [main] INFO  edu.bjut.boudia.myMain - meter_4691197475493483259:repMsg
raspberrypi 11:16:07.932 [main] INFO  edu.bjut.boudia.myMain - meter_4691197475493483259:71345389
raspberrypi 11:16:07.932 [main] INFO  edu.bjut.boudia.myMain - meter_8282196280130452765:repMsg
raspberrypi 11:16:07.932 [main] INFO  edu.bjut.boudia.myMain - meter_8282196280130452765:71754704
raspberrypi 11:16:07.932 [main] INFO  edu.bjut.boudia.myMain - meter_3135844606594799607:repMsg
raspberrypi 11:16:07.932 [main] INFO  edu.bjut.boudia.myMain - meter_3135844606594799607:72979148
raspberrypi 11:16:07.932 [main] INFO  edu.bjut.boudia.myMain - meter_8309008817038644909:repMsg
raspberrypi 11:16:07.932 [main] INFO  edu.bjut.boudia.myMain - meter_8309008817038644909:71881445
raspberrypi 11:16:07.932 [main] INFO  edu.bjut.boudia.myMain - meter_6954053168911405667:repMsg
raspberrypi 11:16:07.932 [main] INFO  edu.bjut.boudia.myMain - meter_6954053168911405667:71169555
raspberrypi 11:16:07.932 [main] INFO  edu.bjut.boudia.myMain - meter_9139800709775270239:repMsg
raspberrypi 11:16:07.932 [main] INFO  edu.bjut.boudia.myMain - meter_9139800709775270239:71850741
raspberrypi 11:16:07.932 [main] INFO  edu.bjut.boudia.myMain - meter_5010156542418962295:repMsg
raspberrypi 11:16:07.932 [main] INFO  edu.bjut.boudia.myMain - meter_5010156542418962295:71470000
raspberrypi 11:16:07.933 [main] INFO  edu.bjut.boudia.myMain - meter_722627815521197821:repMsg
raspberrypi 11:16:07.933 [main] INFO  edu.bjut.boudia.myMain - meter_722627815521197821:73440259
raspberrypi 11:16:07.933 [main] INFO  edu.bjut.boudia.myMain - meter_6985054012808856343:repMsg
raspberrypi 11:16:07.933 [main] INFO  edu.bjut.boudia.myMain - meter_6985054012808856343:72059926
raspberrypi 11:16:07.933 [main] INFO  edu.bjut.boudia.myMain - meter_8732038955288711225:repMsg
raspberrypi 11:16:07.933 [main] INFO  edu.bjut.boudia.myMain - meter_8732038955288711225:71388259
raspberrypi 11:16:07.933 [main] INFO  edu.bjut.boudia.myMain - meter_330020735619589085:repMsg
raspberrypi 11:16:07.933 [main] INFO  edu.bjut.boudia.myMain - meter_330020735619589085:71807019
raspberrypi 11:16:07.933 [main] INFO  edu.bjut.boudia.myMain - meter_929248298288613715:repMsg
raspberrypi 11:16:07.933 [main] INFO  edu.bjut.boudia.myMain - meter_929248298288613715:71907444
raspberrypi 11:16:07.933 [main] INFO  edu.bjut.boudia.myMain - meter_3518143318963299719:repMsg
raspberrypi 11:16:07.933 [main] INFO  edu.bjut.boudia.myMain - meter_3518143318963299719:73354574
raspberrypi 11:16:07.933 [main] INFO  edu.bjut.boudia.myMain - meter_6404343965878562529:repMsg
raspberrypi 11:16:07.933 [main] INFO  edu.bjut.boudia.myMain - meter_6404343965878562529:71823240
raspberrypi 11:16:07.933 [main] INFO  edu.bjut.boudia.myMain - meter_4641296292992273459:repMsg
raspberrypi 11:16:07.933 [main] INFO  edu.bjut.boudia.myMain - meter_4641296292992273459:71677815
raspberrypi 11:16:07.933 [main] INFO  edu.bjut.boudia.myMain - meter_4745655926039343273:repMsg
raspberrypi 11:16:07.933 [main] INFO  edu.bjut.boudia.myMain - meter_4745655926039343273:72317870
raspberrypi 11:16:07.933 [main] INFO  edu.bjut.boudia.myMain - meter_3174604425885435837:repMsg
raspberrypi 11:16:07.933 [main] INFO  edu.bjut.boudia.myMain - meter_3174604425885435837:70965908
raspberrypi 11:16:07.933 [main] INFO  edu.bjut.boudia.myMain - meter_7199588504969097017:repMsg
raspberrypi 11:16:07.933 [main] INFO  edu.bjut.boudia.myMain - meter_7199588504969097017:72401000
raspberrypi 11:16:07.933 [main] INFO  edu.bjut.boudia.myMain - meter_8397365931901892175:repMsg
raspberrypi 11:16:07.933 [main] INFO  edu.bjut.boudia.myMain - meter_8397365931901892175:71277778
