raspberrypi 22:35:14.385 [main] INFO  edu.bjut.homo.myMain - meterRegTime
raspberrypi 22:35:15.784 [main] INFO  edu.bjut.homo.myMain - kgc:reg_response,reg_response,reg_response,reg_response,reg_response,reg_response,reg_response,reg_response,reg_response,reg_response,reg_response,reg_response,reg_response,reg_response,reg_response,reg_response,reg_response,reg_response,reg_response,reg_response,reg_response,reg_response,reg_response,reg_response,reg_response,reg_response,reg_response,reg_response,reg_response,reg_response,reg_response,reg_response,reg_response,reg_response,reg_response,reg_response,reg_response,reg_response,reg_response,reg_response,reg_response,reg_response,reg_response,reg_response,reg_response,reg_response,reg_response,reg_response,reg_response,reg_response,reg_response,reg_response,reg_response,reg_response,reg_response,reg_response,reg_response,reg_response,reg_response,reg_response
raspberrypi 22:35:15.785 [main] INFO  edu.bjut.homo.myMain - kgc:22848685,22864463,24160000,22452555,22446648,21632074,21411481,21615351,21560074,22424666,21258870,34020092,21682796,21653667,21227926,21691815,21367204,20914278,20671167,21220926,20737611,20552518,21060852,21565686,21488167,21638982,20940241,21015389,34235500,21689926,22932259,21612130,21276778,21746537,20755611,21249871,20483834,20628463,20589555,20172093,20804500,20477740,21168037,20884555,33030778,20641259,21638019,20728704,20426944,20663741,20971482,20640481,20895018,20288593,20146333,20744462,20381149,20326519,20360056,19910759
raspberrypi 22:35:15.785 [main] INFO  edu.bjut.homo.myMain - meter_6706496677734255281:reg,reg_response
raspberrypi 22:35:15.786 [main] INFO  edu.bjut.homo.myMain - meter_6706496677734255281:1414648,2451166
raspberrypi 22:35:15.786 [main] INFO  edu.bjut.homo.myMain - meter_6752200213666564247:reg,reg_response
raspberrypi 22:35:15.787 [main] INFO  edu.bjut.homo.myMain - meter_6752200213666564247:271945,8095907
raspberrypi 22:35:15.787 [main] INFO  edu.bjut.homo.myMain - meter_5219574126222110665:reg,reg_response
raspberrypi 22:35:15.787 [main] INFO  edu.bjut.homo.myMain - meter_5219574126222110665:480667,909629
raspberrypi 22:35:15.788 [main] INFO  edu.bjut.homo.myMain - meter_7188487013453841713:reg,reg_response
raspberrypi 22:35:15.788 [main] INFO  edu.bjut.homo.myMain - meter_7188487013453841713:214333,851444
raspberrypi 22:35:15.789 [main] INFO  edu.bjut.homo.myMain - meter_1241063792564810017:reg,reg_response
raspberrypi 22:35:15.789 [main] INFO  edu.bjut.homo.myMain - meter_1241063792564810017:216185,742611
raspberrypi 22:35:15.789 [main] INFO  edu.bjut.homo.myMain - meter_3164404703082793877:reg,reg_response
raspberrypi 22:35:15.789 [main] INFO  edu.bjut.homo.myMain - meter_3164404703082793877:200908,848352
raspberrypi 22:35:15.790 [main] INFO  edu.bjut.homo.myMain - meter_7552567398661639451:reg,reg_response
raspberrypi 22:35:15.790 [main] INFO  edu.bjut.homo.myMain - meter_7552567398661639451:202760,779852
raspberrypi 22:35:15.791 [main] INFO  edu.bjut.homo.myMain - meter_5382491892487124233:reg,reg_response
raspberrypi 22:35:15.791 [main] INFO  edu.bjut.homo.myMain - meter_5382491892487124233:201148,862482
raspberrypi 22:35:15.791 [main] INFO  edu.bjut.homo.myMain - meter_1305698069602914193:reg,reg_response
raspberrypi 22:35:15.792 [main] INFO  edu.bjut.homo.myMain - meter_1305698069602914193:217334,827333
raspberrypi 22:35:15.792 [main] INFO  edu.bjut.homo.myMain - meter_369969496129907245:reg,reg_response
raspberrypi 22:35:15.792 [main] INFO  edu.bjut.homo.myMain - meter_369969496129907245:293130,655704
raspberrypi 22:35:15.793 [main] INFO  edu.bjut.homo.myMain - meter_643471291287640243:reg,reg_response
raspberrypi 22:35:15.793 [main] INFO  edu.bjut.homo.myMain - meter_643471291287640243:188426,675167
raspberrypi 22:35:15.793 [main] INFO  edu.bjut.homo.myMain - meter_151900506507014115:reg,reg_response
raspberrypi 22:35:15.794 [main] INFO  edu.bjut.homo.myMain - meter_151900506507014115:184185,398519
raspberrypi 22:35:15.794 [main] INFO  edu.bjut.homo.myMain - meter_7074259858835121749:reg,reg_response
raspberrypi 22:35:15.794 [main] INFO  edu.bjut.homo.myMain - meter_7074259858835121749:171241,561611
raspberrypi 22:35:15.795 [main] INFO  edu.bjut.homo.myMain - meter_6240176206609170893:reg,reg_response
raspberrypi 22:35:15.795 [main] INFO  edu.bjut.homo.myMain - meter_6240176206609170893:131723,618389
raspberrypi 22:35:15.795 [main] INFO  edu.bjut.homo.myMain - meter_1724568815140354473:reg,reg_response
raspberrypi 22:35:15.796 [main] INFO  edu.bjut.homo.myMain - meter_1724568815140354473:179185,382852
raspberrypi 22:35:15.796 [main] INFO  edu.bjut.homo.myMain - meter_8177851019638824063:reg,reg_response
raspberrypi 22:35:15.796 [main] INFO  edu.bjut.homo.myMain - meter_8177851019638824063:157722,545704
raspberrypi 22:35:15.796 [main] INFO  edu.bjut.homo.myMain - meter_7362521574162087629:reg,reg_response
raspberrypi 22:35:15.797 [main] INFO  edu.bjut.homo.myMain - meter_7362521574162087629:134611,559889
raspberrypi 22:35:15.797 [main] INFO  edu.bjut.homo.myMain - meter_7480364166743040673:reg,reg_response
raspberrypi 22:35:15.797 [main] INFO  edu.bjut.homo.myMain - meter_7480364166743040673:136870,496389
raspberrypi 22:35:15.798 [main] INFO  edu.bjut.homo.myMain - meter_8333510226510504287:reg,reg_response
raspberrypi 22:35:15.798 [main] INFO  edu.bjut.homo.myMain - meter_8333510226510504287:129740,494296
raspberrypi 22:35:15.798 [main] INFO  edu.bjut.homo.myMain - meter_7177419578450256649:reg,reg_response
raspberrypi 22:35:15.799 [main] INFO  edu.bjut.homo.myMain - meter_7177419578450256649:177537,582407
raspberrypi 22:35:15.799 [main] INFO  edu.bjut.homo.myMain - meter_719075732610542807:reg,reg_response
raspberrypi 22:35:15.799 [main] INFO  edu.bjut.homo.myMain - meter_719075732610542807:132870,390963
raspberrypi 22:35:15.800 [main] INFO  edu.bjut.homo.myMain - meter_972145959739356171:reg,reg_response
raspberrypi 22:35:15.800 [main] INFO  edu.bjut.homo.myMain - meter_972145959739356171:107982,382963
raspberrypi 22:35:15.800 [main] INFO  edu.bjut.homo.myMain - meter_2786138252233701145:reg,reg_response
raspberrypi 22:35:15.801 [main] INFO  edu.bjut.homo.myMain - meter_2786138252233701145:109612,376260
raspberrypi 22:35:15.801 [main] INFO  edu.bjut.homo.myMain - meter_6278985327464290865:reg,reg_response
raspberrypi 22:35:15.801 [main] INFO  edu.bjut.homo.myMain - meter_6278985327464290865:237667,594815
raspberrypi 22:35:15.802 [main] INFO  edu.bjut.homo.myMain - meter_1243783986091634313:reg,reg_response
raspberrypi 22:35:15.802 [main] INFO  edu.bjut.homo.myMain - meter_1243783986091634313:150389,725185
raspberrypi 22:35:15.803 [main] INFO  edu.bjut.homo.myMain - meter_8572247646327663821:reg,reg_response
raspberrypi 22:35:15.803 [main] INFO  edu.bjut.homo.myMain - meter_8572247646327663821:238315,511593
raspberrypi 22:35:15.803 [main] INFO  edu.bjut.homo.myMain - meter_982435112458353827:reg,reg_response
raspberrypi 22:35:15.803 [main] INFO  edu.bjut.homo.myMain - meter_982435112458353827:137815,488870
raspberrypi 22:35:15.804 [main] INFO  edu.bjut.homo.myMain - meter_5723747699127333159:reg,reg_response
raspberrypi 22:35:15.804 [main] INFO  edu.bjut.homo.myMain - meter_5723747699127333159:220852,503222
raspberrypi 22:35:15.805 [main] INFO  edu.bjut.homo.myMain - meter_528748428839249477:reg,reg_response
raspberrypi 22:35:15.805 [main] INFO  edu.bjut.homo.myMain - meter_528748428839249477:183871,574018
raspberrypi 22:35:15.805 [main] INFO  edu.bjut.homo.myMain - meter_4677649209495932525:reg,reg_response
raspberrypi 22:35:15.805 [main] INFO  edu.bjut.homo.myMain - meter_4677649209495932525:167204,993814
raspberrypi 22:35:15.806 [main] INFO  edu.bjut.homo.myMain - meter_5901212385438522961:reg,reg_response
raspberrypi 22:35:15.806 [main] INFO  edu.bjut.homo.myMain - meter_5901212385438522961:231315,401537
raspberrypi 22:35:15.806 [main] INFO  edu.bjut.homo.myMain - meter_4716458334646020045:reg,reg_response
raspberrypi 22:35:15.807 [main] INFO  edu.bjut.homo.myMain - meter_4716458334646020045:103296,349760
raspberrypi 22:35:15.807 [main] INFO  edu.bjut.homo.myMain - meter_1841043342450626075:reg,reg_response
raspberrypi 22:35:15.807 [main] INFO  edu.bjut.homo.myMain - meter_1841043342450626075:103018,401537
raspberrypi 22:35:15.807 [main] INFO  edu.bjut.homo.myMain - meter_1191138865249319627:reg,reg_response
raspberrypi 22:35:15.807 [main] INFO  edu.bjut.homo.myMain - meter_1191138865249319627:107815,454000
raspberrypi 22:35:15.808 [main] INFO  edu.bjut.homo.myMain - meter_3344590682432372219:reg,reg_response
raspberrypi 22:35:15.808 [main] INFO  edu.bjut.homo.myMain - meter_3344590682432372219:119074,524500
raspberrypi 22:35:15.808 [main] INFO  edu.bjut.homo.myMain - meter_2948131986804755241:reg,reg_response
raspberrypi 22:35:15.809 [main] INFO  edu.bjut.homo.myMain - meter_2948131986804755241:150389,420797
raspberrypi 22:35:15.809 [main] INFO  edu.bjut.homo.myMain - meter_6304383366494990909:reg,reg_response
raspberrypi 22:35:15.809 [main] INFO  edu.bjut.homo.myMain - meter_6304383366494990909:105037,393833
raspberrypi 22:35:15.810 [main] INFO  edu.bjut.homo.myMain - meter_839689084869906741:reg,reg_response
raspberrypi 22:35:15.810 [main] INFO  edu.bjut.homo.myMain - meter_839689084869906741:111130,355408
raspberrypi 22:35:15.810 [main] INFO  edu.bjut.homo.myMain - meter_6187036477431966067:reg,reg_response
raspberrypi 22:35:15.811 [main] INFO  edu.bjut.homo.myMain - meter_6187036477431966067:129667,450629
raspberrypi 22:35:15.811 [main] INFO  edu.bjut.homo.myMain - meter_5966623952500164999:reg,reg_response
raspberrypi 22:35:15.811 [main] INFO  edu.bjut.homo.myMain - meter_5966623952500164999:111000,292111
raspberrypi 22:35:15.812 [main] INFO  edu.bjut.homo.myMain - meter_6019483190388485435:reg,reg_response
raspberrypi 22:35:15.812 [main] INFO  edu.bjut.homo.myMain - meter_6019483190388485435:85407,488982
raspberrypi 22:35:15.813 [main] INFO  edu.bjut.homo.myMain - meter_1951744204537430881:reg,reg_response
raspberrypi 22:35:15.813 [main] INFO  edu.bjut.homo.myMain - meter_1951744204537430881:149686,440426
raspberrypi 22:35:15.814 [main] INFO  edu.bjut.homo.myMain - meter_6229983332348040733:reg,reg_response
raspberrypi 22:35:15.815 [main] INFO  edu.bjut.homo.myMain - meter_6229983332348040733:112500,508519
raspberrypi 22:35:15.815 [main] INFO  edu.bjut.homo.myMain - meter_5664175072037118119:reg,reg_response
raspberrypi 22:35:15.816 [main] INFO  edu.bjut.homo.myMain - meter_5664175072037118119:130389,582371
raspberrypi 22:35:15.816 [main] INFO  edu.bjut.homo.myMain - meter_8310454627588892357:reg,reg_response
raspberrypi 22:35:15.816 [main] INFO  edu.bjut.homo.myMain - meter_8310454627588892357:178315,647759
raspberrypi 22:35:15.817 [main] INFO  edu.bjut.homo.myMain - meter_6680735589587293709:reg,reg_response
raspberrypi 22:35:15.817 [main] INFO  edu.bjut.homo.myMain - meter_6680735589587293709:152870,497519
raspberrypi 22:35:15.817 [main] INFO  edu.bjut.homo.myMain - meter_5493688458108699471:reg,reg_response
raspberrypi 22:35:15.817 [main] INFO  edu.bjut.homo.myMain - meter_5493688458108699471:121500,590518
raspberrypi 22:35:15.817 [main] INFO  edu.bjut.homo.myMain - meter_8876261788404897061:reg,reg_response
raspberrypi 22:35:15.817 [main] INFO  edu.bjut.homo.myMain - meter_8876261788404897061:132574,351444
raspberrypi 22:35:15.817 [main] INFO  edu.bjut.homo.myMain - meter_32705781391790853:reg,reg_response
raspberrypi 22:35:15.818 [main] INFO  edu.bjut.homo.myMain - meter_32705781391790853:91592,479981
raspberrypi 22:35:15.818 [main] INFO  edu.bjut.homo.myMain - meter_1450144199295437737:reg,reg_response
raspberrypi 22:35:15.818 [main] INFO  edu.bjut.homo.myMain - meter_1450144199295437737:110371,404296
raspberrypi 22:35:15.818 [main] INFO  edu.bjut.homo.myMain - meter_1814128417574330239:reg,reg_response
raspberrypi 22:35:15.819 [main] INFO  edu.bjut.homo.myMain - meter_1814128417574330239:188574,397111
raspberrypi 22:35:15.819 [main] INFO  edu.bjut.homo.myMain - meter_6598796504758125945:reg,reg_response
raspberrypi 22:35:15.819 [main] INFO  edu.bjut.homo.myMain - meter_6598796504758125945:85649,720260
raspberrypi 22:35:15.819 [main] INFO  edu.bjut.homo.myMain - meter_747001631309935021:reg,reg_response
raspberrypi 22:35:15.820 [main] INFO  edu.bjut.homo.myMain - meter_747001631309935021:335907,353889
raspberrypi 22:35:15.820 [main] INFO  edu.bjut.homo.myMain - meter_516573861673532017:reg,reg_response
raspberrypi 22:35:15.820 [main] INFO  edu.bjut.homo.myMain - meter_516573861673532017:102889,266093
raspberrypi 22:35:15.821 [main] INFO  edu.bjut.homo.myMain - meter_7828840945792255265:reg,reg_response
raspberrypi 22:35:15.821 [main] INFO  edu.bjut.homo.myMain - meter_7828840945792255265:79889,371888
raspberrypi 22:35:15.821 [main] INFO  edu.bjut.homo.myMain - meter_8270856439959949795:reg,reg_response
raspberrypi 22:35:15.821 [main] INFO  edu.bjut.homo.myMain - meter_8270856439959949795:92834,358611
raspberrypi 22:35:15.821 [main] INFO  edu.bjut.homo.myMain - meter_4728631806611853085:reg,reg_response
raspberrypi 22:35:15.822 [main] INFO  edu.bjut.homo.myMain - meter_4728631806611853085:92630,358314
raspberrypi 22:35:15.822 [main] INFO  edu.bjut.homo.myMain - meter_5510215975876225259:reg,reg_response
raspberrypi 22:35:15.822 [main] INFO  edu.bjut.homo.myMain - meter_5510215975876225259:92167,290259
raspberrypi 22:35:15.823 [main] INFO  edu.bjut.homo.myMain - meter_2908304986434912247:reg,reg_response
raspberrypi 22:35:15.823 [main] INFO  edu.bjut.homo.myMain - meter_2908304986434912247:79611,242555
raspberrypi 22:35:15.823 [main] INFO  edu.bjut.homo.myMain - meter_5490288236687255341:reg,reg_response
raspberrypi 22:35:15.824 [main] INFO  edu.bjut.homo.myMain - meter_5490288236687255341:81593,319704
raspberrypi 22:35:15.832 [main] INFO  edu.bjut.homo.myMain - oneTimeMeterRepTime
raspberrypi 22:35:18.704 [main] INFO  edu.bjut.homo.myMain - agg:resp_agg
raspberrypi 22:35:18.705 [main] INFO  edu.bjut.homo.myMain - agg:985865332
raspberrypi 22:35:18.709 [main] INFO  edu.bjut.homo.myMain - server:report_res
raspberrypi 22:35:18.709 [main] INFO  edu.bjut.homo.myMain - server:40017815
raspberrypi 22:35:18.710 [main] INFO  edu.bjut.homo.myMain - meter_6706496677734255281:report
raspberrypi 22:35:18.710 [main] INFO  edu.bjut.homo.myMain - meter_6706496677734255281:152058981
raspberrypi 22:35:18.710 [main] INFO  edu.bjut.homo.myMain - meter_6752200213666564247:report
raspberrypi 22:35:18.710 [main] INFO  edu.bjut.homo.myMain - meter_6752200213666564247:43627315
raspberrypi 22:35:18.710 [main] INFO  edu.bjut.homo.myMain - meter_5219574126222110665:report
raspberrypi 22:35:18.710 [main] INFO  edu.bjut.homo.myMain - meter_5219574126222110665:39244926
raspberrypi 22:35:18.710 [main] INFO  edu.bjut.homo.myMain - meter_7188487013453841713:report
raspberrypi 22:35:18.711 [main] INFO  edu.bjut.homo.myMain - meter_7188487013453841713:29581389
raspberrypi 22:35:18.711 [main] INFO  edu.bjut.homo.myMain - meter_1241063792564810017:report
raspberrypi 22:35:18.711 [main] INFO  edu.bjut.homo.myMain - meter_1241063792564810017:30158685
raspberrypi 22:35:18.711 [main] INFO  edu.bjut.homo.myMain - meter_3164404703082793877:report
raspberrypi 22:35:18.711 [main] INFO  edu.bjut.homo.myMain - meter_3164404703082793877:29089686
raspberrypi 22:35:18.711 [main] INFO  edu.bjut.homo.myMain - meter_7552567398661639451:report
raspberrypi 22:35:18.711 [main] INFO  edu.bjut.homo.myMain - meter_7552567398661639451:28108000
raspberrypi 22:35:18.711 [main] INFO  edu.bjut.homo.myMain - meter_5382491892487124233:report
raspberrypi 22:35:18.712 [main] INFO  edu.bjut.homo.myMain - meter_5382491892487124233:27826537
raspberrypi 22:35:18.712 [main] INFO  edu.bjut.homo.myMain - meter_1305698069602914193:report
raspberrypi 22:35:18.712 [main] INFO  edu.bjut.homo.myMain - meter_1305698069602914193:32272759
raspberrypi 22:35:18.712 [main] INFO  edu.bjut.homo.myMain - meter_369969496129907245:report
raspberrypi 22:35:18.712 [main] INFO  edu.bjut.homo.myMain - meter_369969496129907245:28466852
raspberrypi 22:35:18.712 [main] INFO  edu.bjut.homo.myMain - meter_643471291287640243:report
raspberrypi 22:35:18.713 [main] INFO  edu.bjut.homo.myMain - meter_643471291287640243:27673888
raspberrypi 22:35:18.713 [main] INFO  edu.bjut.homo.myMain - meter_151900506507014115:report
raspberrypi 22:35:18.713 [main] INFO  edu.bjut.homo.myMain - meter_151900506507014115:27907018
raspberrypi 22:35:18.713 [main] INFO  edu.bjut.homo.myMain - meter_7074259858835121749:report
raspberrypi 22:35:18.713 [main] INFO  edu.bjut.homo.myMain - meter_7074259858835121749:27304685
raspberrypi 22:35:18.714 [main] INFO  edu.bjut.homo.myMain - meter_6240176206609170893:report
raspberrypi 22:35:18.714 [main] INFO  edu.bjut.homo.myMain - meter_6240176206609170893:27348333
raspberrypi 22:35:18.714 [main] INFO  edu.bjut.homo.myMain - meter_1724568815140354473:report
raspberrypi 22:35:18.714 [main] INFO  edu.bjut.homo.myMain - meter_1724568815140354473:28834167
raspberrypi 22:35:18.714 [main] INFO  edu.bjut.homo.myMain - meter_8177851019638824063:report
raspberrypi 22:35:18.714 [main] INFO  edu.bjut.homo.myMain - meter_8177851019638824063:28825907
raspberrypi 22:35:18.714 [main] INFO  edu.bjut.homo.myMain - meter_7362521574162087629:report
raspberrypi 22:35:18.715 [main] INFO  edu.bjut.homo.myMain - meter_7362521574162087629:28285222
raspberrypi 22:35:18.715 [main] INFO  edu.bjut.homo.myMain - meter_7480364166743040673:report
raspberrypi 22:35:18.715 [main] INFO  edu.bjut.homo.myMain - meter_7480364166743040673:30743260
raspberrypi 22:35:18.715 [main] INFO  edu.bjut.homo.myMain - meter_8333510226510504287:report
raspberrypi 22:35:18.716 [main] INFO  edu.bjut.homo.myMain - meter_8333510226510504287:27845000
raspberrypi 22:35:18.716 [main] INFO  edu.bjut.homo.myMain - meter_7177419578450256649:report
raspberrypi 22:35:18.716 [main] INFO  edu.bjut.homo.myMain - meter_7177419578450256649:30105092
raspberrypi 22:35:18.717 [main] INFO  edu.bjut.homo.myMain - meter_719075732610542807:report
raspberrypi 22:35:18.717 [main] INFO  edu.bjut.homo.myMain - meter_719075732610542807:29119333
raspberrypi 22:35:18.717 [main] INFO  edu.bjut.homo.myMain - meter_972145959739356171:report
raspberrypi 22:35:18.718 [main] INFO  edu.bjut.homo.myMain - meter_972145959739356171:30241092
raspberrypi 22:35:18.718 [main] INFO  edu.bjut.homo.myMain - meter_2786138252233701145:report
raspberrypi 22:35:18.718 [main] INFO  edu.bjut.homo.myMain - meter_2786138252233701145:29947574
raspberrypi 22:35:18.719 [main] INFO  edu.bjut.homo.myMain - meter_6278985327464290865:report
raspberrypi 22:35:18.719 [main] INFO  edu.bjut.homo.myMain - meter_6278985327464290865:29769388
raspberrypi 22:35:18.720 [main] INFO  edu.bjut.homo.myMain - meter_1243783986091634313:report
raspberrypi 22:35:18.720 [main] INFO  edu.bjut.homo.myMain - meter_1243783986091634313:30863926
raspberrypi 22:35:18.720 [main] INFO  edu.bjut.homo.myMain - meter_8572247646327663821:report
raspberrypi 22:35:18.720 [main] INFO  edu.bjut.homo.myMain - meter_8572247646327663821:33145722
raspberrypi 22:35:18.721 [main] INFO  edu.bjut.homo.myMain - meter_982435112458353827:report
raspberrypi 22:35:18.721 [main] INFO  edu.bjut.homo.myMain - meter_982435112458353827:28315074
raspberrypi 22:35:18.721 [main] INFO  edu.bjut.homo.myMain - meter_5723747699127333159:report
raspberrypi 22:35:18.721 [main] INFO  edu.bjut.homo.myMain - meter_5723747699127333159:28782148
raspberrypi 22:35:18.721 [main] INFO  edu.bjut.homo.myMain - meter_528748428839249477:report
raspberrypi 22:35:18.722 [main] INFO  edu.bjut.homo.myMain - meter_528748428839249477:28506926
raspberrypi 22:35:18.722 [main] INFO  edu.bjut.homo.myMain - meter_4677649209495932525:report
raspberrypi 22:35:18.722 [main] INFO  edu.bjut.homo.myMain - meter_4677649209495932525:28434703
raspberrypi 22:35:18.722 [main] INFO  edu.bjut.homo.myMain - meter_5901212385438522961:report
raspberrypi 22:35:18.722 [main] INFO  edu.bjut.homo.myMain - meter_5901212385438522961:27324648
raspberrypi 22:35:18.723 [main] INFO  edu.bjut.homo.myMain - meter_4716458334646020045:report
raspberrypi 22:35:18.723 [main] INFO  edu.bjut.homo.myMain - meter_4716458334646020045:27345593
raspberrypi 22:35:18.723 [main] INFO  edu.bjut.homo.myMain - meter_1841043342450626075:report
raspberrypi 22:35:18.724 [main] INFO  edu.bjut.homo.myMain - meter_1841043342450626075:27442981
raspberrypi 22:35:18.724 [main] INFO  edu.bjut.homo.myMain - meter_1191138865249319627:report
raspberrypi 22:35:18.724 [main] INFO  edu.bjut.homo.myMain - meter_1191138865249319627:31156204
raspberrypi 22:35:18.725 [main] INFO  edu.bjut.homo.myMain - meter_3344590682432372219:report
raspberrypi 22:35:18.725 [main] INFO  edu.bjut.homo.myMain - meter_3344590682432372219:27010592
raspberrypi 22:35:18.725 [main] INFO  edu.bjut.homo.myMain - meter_2948131986804755241:report
raspberrypi 22:35:18.725 [main] INFO  edu.bjut.homo.myMain - meter_2948131986804755241:27312111
raspberrypi 22:35:18.726 [main] INFO  edu.bjut.homo.myMain - meter_6304383366494990909:report
raspberrypi 22:35:18.726 [main] INFO  edu.bjut.homo.myMain - meter_6304383366494990909:27789204
raspberrypi 22:35:18.726 [main] INFO  edu.bjut.homo.myMain - meter_839689084869906741:report
raspberrypi 22:35:18.726 [main] INFO  edu.bjut.homo.myMain - meter_839689084869906741:28287870
raspberrypi 22:35:18.727 [main] INFO  edu.bjut.homo.myMain - meter_6187036477431966067:report
raspberrypi 22:35:18.727 [main] INFO  edu.bjut.homo.myMain - meter_6187036477431966067:27993722
raspberrypi 22:35:18.727 [main] INFO  edu.bjut.homo.myMain - meter_5966623952500164999:report
raspberrypi 22:35:18.727 [main] INFO  edu.bjut.homo.myMain - meter_5966623952500164999:27983518
raspberrypi 22:35:18.727 [main] INFO  edu.bjut.homo.myMain - meter_6019483190388485435:report
raspberrypi 22:35:18.727 [main] INFO  edu.bjut.homo.myMain - meter_6019483190388485435:27519889
raspberrypi 22:35:18.727 [main] INFO  edu.bjut.homo.myMain - meter_1951744204537430881:report
raspberrypi 22:35:18.728 [main] INFO  edu.bjut.homo.myMain - meter_1951744204537430881:26848315
raspberrypi 22:35:18.728 [main] INFO  edu.bjut.homo.myMain - meter_6229983332348040733:report
raspberrypi 22:35:18.728 [main] INFO  edu.bjut.homo.myMain - meter_6229983332348040733:29009018
raspberrypi 22:35:18.728 [main] INFO  edu.bjut.homo.myMain - meter_5664175072037118119:report
raspberrypi 22:35:18.728 [main] INFO  edu.bjut.homo.myMain - meter_5664175072037118119:26580778
raspberrypi 22:35:18.728 [main] INFO  edu.bjut.homo.myMain - meter_8310454627588892357:report
raspberrypi 22:35:18.728 [main] INFO  edu.bjut.homo.myMain - meter_8310454627588892357:26875092
raspberrypi 22:35:18.728 [main] INFO  edu.bjut.homo.myMain - meter_6680735589587293709:report
raspberrypi 22:35:18.728 [main] INFO  edu.bjut.homo.myMain - meter_6680735589587293709:26889926
raspberrypi 22:35:18.729 [main] INFO  edu.bjut.homo.myMain - meter_5493688458108699471:report
raspberrypi 22:35:18.729 [main] INFO  edu.bjut.homo.myMain - meter_5493688458108699471:26818907
raspberrypi 22:35:18.729 [main] INFO  edu.bjut.homo.myMain - meter_8876261788404897061:report
raspberrypi 22:35:18.729 [main] INFO  edu.bjut.homo.myMain - meter_8876261788404897061:26786111
raspberrypi 22:35:18.729 [main] INFO  edu.bjut.homo.myMain - meter_32705781391790853:report
raspberrypi 22:35:18.729 [main] INFO  edu.bjut.homo.myMain - meter_32705781391790853:26601963
raspberrypi 22:35:18.729 [main] INFO  edu.bjut.homo.myMain - meter_1450144199295437737:report
raspberrypi 22:35:18.729 [main] INFO  edu.bjut.homo.myMain - meter_1450144199295437737:26629111
raspberrypi 22:35:18.729 [main] INFO  edu.bjut.homo.myMain - meter_1814128417574330239:report
raspberrypi 22:35:18.729 [main] INFO  edu.bjut.homo.myMain - meter_1814128417574330239:28755444
raspberrypi 22:35:18.730 [main] INFO  edu.bjut.homo.myMain - meter_6598796504758125945:report
raspberrypi 22:35:18.730 [main] INFO  edu.bjut.homo.myMain - meter_6598796504758125945:26637796
raspberrypi 22:35:18.730 [main] INFO  edu.bjut.homo.myMain - meter_747001631309935021:report
raspberrypi 22:35:18.730 [main] INFO  edu.bjut.homo.myMain - meter_747001631309935021:26535019
raspberrypi 22:35:18.730 [main] INFO  edu.bjut.homo.myMain - meter_516573861673532017:report
raspberrypi 22:35:18.730 [main] INFO  edu.bjut.homo.myMain - meter_516573861673532017:26537000
raspberrypi 22:35:18.731 [main] INFO  edu.bjut.homo.myMain - meter_7828840945792255265:report
raspberrypi 22:35:18.731 [main] INFO  edu.bjut.homo.myMain - meter_7828840945792255265:26503945
raspberrypi 22:35:18.731 [main] INFO  edu.bjut.homo.myMain - meter_8270856439959949795:report
raspberrypi 22:35:18.731 [main] INFO  edu.bjut.homo.myMain - meter_8270856439959949795:26509834
raspberrypi 22:35:18.731 [main] INFO  edu.bjut.homo.myMain - meter_4728631806611853085:report
raspberrypi 22:35:18.732 [main] INFO  edu.bjut.homo.myMain - meter_4728631806611853085:26669018
raspberrypi 22:35:18.732 [main] INFO  edu.bjut.homo.myMain - meter_5510215975876225259:report
raspberrypi 22:35:18.732 [main] INFO  edu.bjut.homo.myMain - meter_5510215975876225259:26635537
raspberrypi 22:35:18.732 [main] INFO  edu.bjut.homo.myMain - meter_2908304986434912247:report
raspberrypi 22:35:18.732 [main] INFO  edu.bjut.homo.myMain - meter_2908304986434912247:28697518
raspberrypi 22:35:18.733 [main] INFO  edu.bjut.homo.myMain - meter_5490288236687255341:report
raspberrypi 22:35:18.733 [main] INFO  edu.bjut.homo.myMain - meter_5490288236687255341:26618666
raspberrypi 22:35:28.927 [main] INFO  edu.bjut.homo.myMain - meterRegTime
raspberrypi 22:35:29.944 [main] INFO  edu.bjut.homo.myMain - kgc:reg_response,reg_response,reg_response,reg_response,reg_response,reg_response,reg_response,reg_response,reg_response,reg_response,reg_response,reg_response,reg_response,reg_response,reg_response,reg_response,reg_response,reg_response,reg_response,reg_response,reg_response,reg_response,reg_response,reg_response,reg_response,reg_response,reg_response,reg_response,reg_response,reg_response,reg_response,reg_response,reg_response,reg_response,reg_response,reg_response,reg_response,reg_response,reg_response,reg_response,reg_response,reg_response,reg_response,reg_response,reg_response,reg_response,reg_response,reg_response,reg_response,reg_response
raspberrypi 22:35:29.945 [main] INFO  edu.bjut.homo.myMain - kgc:20031629,20392519,20210870,20804704,19958185,20204259,20294907,20257630,19657925,20036685,19633389,19663685,19907741,20473000,19623222,19657445,20241371,19632037,22070704,19646722,19819333,19703907,19693185,19579315,19902278,19917149,19737741,19873148,19651482,19940926,20409537,19892945,20280056,19834981,20345630,20085611,20260944,19751370,19649296,19556944,22236166,19580593,21751963,19740222,19983685,19789222,20043592,20066259,19980963,20337352
raspberrypi 22:35:29.945 [main] INFO  edu.bjut.homo.myMain - meter_7074998470969417599:reg,reg_response
raspberrypi 22:35:29.945 [main] INFO  edu.bjut.homo.myMain - meter_7074998470969417599:181426,209056
raspberrypi 22:35:29.945 [main] INFO  edu.bjut.homo.myMain - meter_8096192421820348245:reg,reg_response
raspberrypi 22:35:29.945 [main] INFO  edu.bjut.homo.myMain - meter_8096192421820348245:59167,294760
raspberrypi 22:35:29.946 [main] INFO  edu.bjut.homo.myMain - meter_3671660423414507039:reg,reg_response
raspberrypi 22:35:29.959 [main] INFO  edu.bjut.homo.myMain - meter_3671660423414507039:95241,263222
raspberrypi 22:35:29.959 [main] INFO  edu.bjut.homo.myMain - meter_8731669028554008279:reg,reg_response
raspberrypi 22:35:29.959 [main] INFO  edu.bjut.homo.myMain - meter_8731669028554008279:85704,437204
raspberrypi 22:35:29.960 [main] INFO  edu.bjut.homo.myMain - meter_3355065147477236067:reg,reg_response
raspberrypi 22:35:29.960 [main] INFO  edu.bjut.homo.myMain - meter_3355065147477236067:58371,263630
raspberrypi 22:35:29.960 [main] INFO  edu.bjut.homo.myMain - meter_6029033735251376515:reg,reg_response
raspberrypi 22:35:29.960 [main] INFO  edu.bjut.homo.myMain - meter_6029033735251376515:51759,156445
raspberrypi 22:35:29.960 [main] INFO  edu.bjut.homo.myMain - meter_3355161314406270735:reg,reg_response
raspberrypi 22:35:29.960 [main] INFO  edu.bjut.homo.myMain - meter_3355161314406270735:45556,137648
raspberrypi 22:35:29.960 [main] INFO  edu.bjut.homo.myMain - meter_7684432398772380183:reg,reg_response
raspberrypi 22:35:29.960 [main] INFO  edu.bjut.homo.myMain - meter_7684432398772380183:44778,142296
raspberrypi 22:35:29.961 [main] INFO  edu.bjut.homo.myMain - meter_6732079041108028169:reg,reg_response
raspberrypi 22:35:29.961 [main] INFO  edu.bjut.homo.myMain - meter_6732079041108028169:44166,148148
raspberrypi 22:35:29.961 [main] INFO  edu.bjut.homo.myMain - meter_6654560260533119193:reg,reg_response
raspberrypi 22:35:29.961 [main] INFO  edu.bjut.homo.myMain - meter_6654560260533119193:41871,136926
raspberrypi 22:35:29.961 [main] INFO  edu.bjut.homo.myMain - meter_4447687239196086627:reg,reg_response
raspberrypi 22:35:29.961 [main] INFO  edu.bjut.homo.myMain - meter_4447687239196086627:44093,149889
raspberrypi 22:35:29.961 [main] INFO  edu.bjut.homo.myMain - meter_1797453062936433093:reg,reg_response
raspberrypi 22:35:29.962 [main] INFO  edu.bjut.homo.myMain - meter_1797453062936433093:42759,138056
raspberrypi 22:35:29.962 [main] INFO  edu.bjut.homo.myMain - meter_1523670888001871573:reg,reg_response
raspberrypi 22:35:29.962 [main] INFO  edu.bjut.homo.myMain - meter_1523670888001871573:42981,132667
raspberrypi 22:35:29.962 [main] INFO  edu.bjut.homo.myMain - meter_111195875754631985:reg,reg_response
raspberrypi 22:35:29.962 [main] INFO  edu.bjut.homo.myMain - meter_111195875754631985:53704,131741
raspberrypi 22:35:29.962 [main] INFO  edu.bjut.homo.myMain - meter_8968258307970543097:reg,reg_response
raspberrypi 22:35:29.962 [main] INFO  edu.bjut.homo.myMain - meter_8968258307970543097:42277,152500
raspberrypi 22:35:29.962 [main] INFO  edu.bjut.homo.myMain - meter_8425409208003094807:reg,reg_response
raspberrypi 22:35:29.962 [main] INFO  edu.bjut.homo.myMain - meter_8425409208003094807:43148,136648
raspberrypi 22:35:29.963 [main] INFO  edu.bjut.homo.myMain - meter_2435416881320887771:reg,reg_response
raspberrypi 22:35:29.963 [main] INFO  edu.bjut.homo.myMain - meter_2435416881320887771:42074,135000
raspberrypi 22:35:29.963 [main] INFO  edu.bjut.homo.myMain - meter_253165980135038877:reg,reg_response
raspberrypi 22:35:29.963 [main] INFO  edu.bjut.homo.myMain - meter_253165980135038877:43611,137963
raspberrypi 22:35:29.963 [main] INFO  edu.bjut.homo.myMain - meter_7193354252197989381:reg,reg_response
raspberrypi 22:35:29.963 [main] INFO  edu.bjut.homo.myMain - meter_7193354252197989381:43797,148704
raspberrypi 22:35:29.963 [main] INFO  edu.bjut.homo.myMain - meter_7797835964978195995:reg,reg_response
raspberrypi 22:35:29.963 [main] INFO  edu.bjut.homo.myMain - meter_7797835964978195995:41241,133445
raspberrypi 22:35:29.963 [main] INFO  edu.bjut.homo.myMain - meter_3835949040073319021:reg,reg_response
raspberrypi 22:35:29.964 [main] INFO  edu.bjut.homo.myMain - meter_3835949040073319021:42518,131593
raspberrypi 22:35:29.964 [main] INFO  edu.bjut.homo.myMain - meter_2986757769740785559:reg,reg_response
raspberrypi 22:35:29.964 [main] INFO  edu.bjut.homo.myMain - meter_2986757769740785559:43259,133907
raspberrypi 22:35:29.964 [main] INFO  edu.bjut.homo.myMain - meter_1318415742499231367:reg,reg_response
raspberrypi 22:35:29.964 [main] INFO  edu.bjut.homo.myMain - meter_1318415742499231367:55315,137630
raspberrypi 22:35:29.964 [main] INFO  edu.bjut.homo.myMain - meter_1336275113992100903:reg,reg_response
raspberrypi 22:35:29.964 [main] INFO  edu.bjut.homo.myMain - meter_1336275113992100903:43259,136371
raspberrypi 22:35:29.964 [main] INFO  edu.bjut.homo.myMain - meter_9199736184723187383:reg,reg_response
raspberrypi 22:35:29.964 [main] INFO  edu.bjut.homo.myMain - meter_9199736184723187383:43703,135056
raspberrypi 22:35:29.965 [main] INFO  edu.bjut.homo.myMain - meter_6062663846453046957:reg,reg_response
raspberrypi 22:35:29.965 [main] INFO  edu.bjut.homo.myMain - meter_6062663846453046957:43852,220278
raspberrypi 22:35:29.965 [main] INFO  edu.bjut.homo.myMain - meter_3359747078173706827:reg,reg_response
raspberrypi 22:35:29.965 [main] INFO  edu.bjut.homo.myMain - meter_3359747078173706827:47093,288796
raspberrypi 22:35:29.965 [main] INFO  edu.bjut.homo.myMain - meter_150927817296870843:reg,reg_response
raspberrypi 22:35:29.965 [main] INFO  edu.bjut.homo.myMain - meter_150927817296870843:50982,136741
raspberrypi 22:35:29.965 [main] INFO  edu.bjut.homo.myMain - meter_3125053300064562659:reg,reg_response
raspberrypi 22:35:29.965 [main] INFO  edu.bjut.homo.myMain - meter_3125053300064562659:43500,134241
raspberrypi 22:35:29.965 [main] INFO  edu.bjut.homo.myMain - meter_1042601687341272687:reg,reg_response
raspberrypi 22:35:29.966 [main] INFO  edu.bjut.homo.myMain - meter_1042601687341272687:41889,144722
raspberrypi 22:35:29.966 [main] INFO  edu.bjut.homo.myMain - meter_2279854121617279653:reg,reg_response
raspberrypi 22:35:29.966 [main] INFO  edu.bjut.homo.myMain - meter_2279854121617279653:42260,146778
raspberrypi 22:35:29.966 [main] INFO  edu.bjut.homo.myMain - meter_6034640681329769201:reg,reg_response
raspberrypi 22:35:29.966 [main] INFO  edu.bjut.homo.myMain - meter_6034640681329769201:45334,229518
raspberrypi 22:35:29.966 [main] INFO  edu.bjut.homo.myMain - meter_3027265621589514071:reg,reg_response
raspberrypi 22:35:29.966 [main] INFO  edu.bjut.homo.myMain - meter_3027265621589514071:54388,141093
raspberrypi 22:35:29.966 [main] INFO  edu.bjut.homo.myMain - meter_7476272842600221753:reg,reg_response
raspberrypi 22:35:29.966 [main] INFO  edu.bjut.homo.myMain - meter_7476272842600221753:42537,128944
raspberrypi 22:35:29.967 [main] INFO  edu.bjut.homo.myMain - meter_8258138486841304965:reg,reg_response
raspberrypi 22:35:29.967 [main] INFO  edu.bjut.homo.myMain - meter_8258138486841304965:131944,250278
raspberrypi 22:35:29.967 [main] INFO  edu.bjut.homo.myMain - meter_2214723865117043867:reg,reg_response
raspberrypi 22:35:29.967 [main] INFO  edu.bjut.homo.myMain - meter_2214723865117043867:134500,339426
raspberrypi 22:35:29.967 [main] INFO  edu.bjut.homo.myMain - meter_6766300199205944167:reg,reg_response
raspberrypi 22:35:29.967 [main] INFO  edu.bjut.homo.myMain - meter_6766300199205944167:87278,243630
raspberrypi 22:35:29.967 [main] INFO  edu.bjut.homo.myMain - meter_3845315540815403763:reg,reg_response
raspberrypi 22:35:29.967 [main] INFO  edu.bjut.homo.myMain - meter_3845315540815403763:38907,115629
raspberrypi 22:35:29.967 [main] INFO  edu.bjut.homo.myMain - meter_680220033127084035:reg,reg_response
raspberrypi 22:35:29.967 [main] INFO  edu.bjut.homo.myMain - meter_680220033127084035:30833,122333
raspberrypi 22:35:29.968 [main] INFO  edu.bjut.homo.myMain - meter_7578843059468298479:reg,reg_response
raspberrypi 22:35:29.968 [main] INFO  edu.bjut.homo.myMain - meter_7578843059468298479:32111,148019
raspberrypi 22:35:29.968 [main] INFO  edu.bjut.homo.myMain - meter_7144715586437103791:reg,reg_response
raspberrypi 22:35:29.968 [main] INFO  edu.bjut.homo.myMain - meter_7144715586437103791:32092,109074
raspberrypi 22:35:29.968 [main] INFO  edu.bjut.homo.myMain - meter_6748752594344256175:reg,reg_response
raspberrypi 22:35:29.968 [main] INFO  edu.bjut.homo.myMain - meter_6748752594344256175:29481,116092
raspberrypi 22:35:29.968 [main] INFO  edu.bjut.homo.myMain - meter_3371737329569444913:reg,reg_response
raspberrypi 22:35:29.968 [main] INFO  edu.bjut.homo.myMain - meter_3371737329569444913:30908,134092
raspberrypi 22:35:29.968 [main] INFO  edu.bjut.homo.myMain - meter_5012521986746152325:reg,reg_response
raspberrypi 22:35:29.968 [main] INFO  edu.bjut.homo.myMain - meter_5012521986746152325:31759,224889
raspberrypi 22:35:29.969 [main] INFO  edu.bjut.homo.myMain - meter_7415281584071029077:reg,reg_response
raspberrypi 22:35:29.969 [main] INFO  edu.bjut.homo.myMain - meter_7415281584071029077:32833,339074
raspberrypi 22:35:29.969 [main] INFO  edu.bjut.homo.myMain - meter_9180176978446954793:reg,reg_response
raspberrypi 22:35:29.969 [main] INFO  edu.bjut.homo.myMain - meter_9180176978446954793:31093,108870
raspberrypi 22:35:29.969 [main] INFO  edu.bjut.homo.myMain - meter_14613868365621887:reg,reg_response
raspberrypi 22:35:29.969 [main] INFO  edu.bjut.homo.myMain - meter_14613868365621887:31852,105944
raspberrypi 22:35:29.969 [main] INFO  edu.bjut.homo.myMain - meter_6206052586584244041:reg,reg_response
raspberrypi 22:35:29.969 [main] INFO  edu.bjut.homo.myMain - meter_6206052586584244041:30945,162778
raspberrypi 22:35:29.969 [main] INFO  edu.bjut.homo.myMain - meter_4136698090064681825:reg,reg_response
raspberrypi 22:35:29.969 [main] INFO  edu.bjut.homo.myMain - meter_4136698090064681825:30926,193186
raspberrypi 22:35:29.970 [main] INFO  edu.bjut.homo.myMain - meter_6757526948661620295:reg,reg_response
raspberrypi 22:35:29.970 [main] INFO  edu.bjut.homo.myMain - meter_6757526948661620295:34444,200759
raspberrypi 22:35:29.971 [main] INFO  edu.bjut.homo.myMain - oneTimeMeterRepTime
raspberrypi 22:35:32.111 [main] INFO  edu.bjut.homo.myMain - agg:resp_agg
raspberrypi 22:35:32.112 [main] INFO  edu.bjut.homo.myMain - agg:762174518
raspberrypi 22:35:32.112 [main] INFO  edu.bjut.homo.myMain - server:report_res
raspberrypi 22:35:32.112 [main] INFO  edu.bjut.homo.myMain - server:38256870
raspberrypi 22:35:32.112 [main] INFO  edu.bjut.homo.myMain - meter_7074998470969417599:report
raspberrypi 22:35:32.112 [main] INFO  edu.bjut.homo.myMain - meter_7074998470969417599:26797055
raspberrypi 22:35:32.112 [main] INFO  edu.bjut.homo.myMain - meter_8096192421820348245:report
raspberrypi 22:35:32.113 [main] INFO  edu.bjut.homo.myMain - meter_8096192421820348245:26964667
raspberrypi 22:35:32.113 [main] INFO  edu.bjut.homo.myMain - meter_3671660423414507039:report
raspberrypi 22:35:32.113 [main] INFO  edu.bjut.homo.myMain - meter_3671660423414507039:27791259
raspberrypi 22:35:32.113 [main] INFO  edu.bjut.homo.myMain - meter_8731669028554008279:report
raspberrypi 22:35:32.113 [main] INFO  edu.bjut.homo.myMain - meter_8731669028554008279:26762278
raspberrypi 22:35:32.113 [main] INFO  edu.bjut.homo.myMain - meter_3355065147477236067:report
raspberrypi 22:35:32.113 [main] INFO  edu.bjut.homo.myMain - meter_3355065147477236067:29996611
raspberrypi 22:35:32.114 [main] INFO  edu.bjut.homo.myMain - meter_6029033735251376515:report
raspberrypi 22:35:32.114 [main] INFO  edu.bjut.homo.myMain - meter_6029033735251376515:27938351
raspberrypi 22:35:32.114 [main] INFO  edu.bjut.homo.myMain - meter_3355161314406270735:report
raspberrypi 22:35:32.114 [main] INFO  edu.bjut.homo.myMain - meter_3355161314406270735:27131537
raspberrypi 22:35:32.114 [main] INFO  edu.bjut.homo.myMain - meter_7684432398772380183:report
raspberrypi 22:35:32.114 [main] INFO  edu.bjut.homo.myMain - meter_7684432398772380183:26742778
raspberrypi 22:35:32.114 [main] INFO  edu.bjut.homo.myMain - meter_6732079041108028169:report
raspberrypi 22:35:32.114 [main] INFO  edu.bjut.homo.myMain - meter_6732079041108028169:26304963
raspberrypi 22:35:32.115 [main] INFO  edu.bjut.homo.myMain - meter_6654560260533119193:report
raspberrypi 22:35:32.115 [main] INFO  edu.bjut.homo.myMain - meter_6654560260533119193:26309574
raspberrypi 22:35:32.115 [main] INFO  edu.bjut.homo.myMain - meter_4447687239196086627:report
raspberrypi 22:35:32.115 [main] INFO  edu.bjut.homo.myMain - meter_4447687239196086627:26362537
raspberrypi 22:35:32.115 [main] INFO  edu.bjut.homo.myMain - meter_1797453062936433093:report
raspberrypi 22:35:32.115 [main] INFO  edu.bjut.homo.myMain - meter_1797453062936433093:26210500
raspberrypi 22:35:32.115 [main] INFO  edu.bjut.homo.myMain - meter_1523670888001871573:report
raspberrypi 22:35:32.115 [main] INFO  edu.bjut.homo.myMain - meter_1523670888001871573:26275778
raspberrypi 22:35:32.115 [main] INFO  edu.bjut.homo.myMain - meter_111195875754631985:report
raspberrypi 22:35:32.115 [main] INFO  edu.bjut.homo.myMain - meter_111195875754631985:28033908
raspberrypi 22:35:32.116 [main] INFO  edu.bjut.homo.myMain - meter_8968258307970543097:report
raspberrypi 22:35:32.116 [main] INFO  edu.bjut.homo.myMain - meter_8968258307970543097:26149222
raspberrypi 22:35:32.116 [main] INFO  edu.bjut.homo.myMain - meter_8425409208003094807:report
raspberrypi 22:35:32.116 [main] INFO  edu.bjut.homo.myMain - meter_8425409208003094807:26129463
raspberrypi 22:35:32.116 [main] INFO  edu.bjut.homo.myMain - meter_2435416881320887771:report
raspberrypi 22:35:32.116 [main] INFO  edu.bjut.homo.myMain - meter_2435416881320887771:26169537
raspberrypi 22:35:32.116 [main] INFO  edu.bjut.homo.myMain - meter_253165980135038877:report
raspberrypi 22:35:32.116 [main] INFO  edu.bjut.homo.myMain - meter_253165980135038877:26207944
raspberrypi 22:35:32.116 [main] INFO  edu.bjut.homo.myMain - meter_7193354252197989381:report
raspberrypi 22:35:32.116 [main] INFO  edu.bjut.homo.myMain - meter_7193354252197989381:26183148
raspberrypi 22:35:32.117 [main] INFO  edu.bjut.homo.myMain - meter_7797835964978195995:report
raspberrypi 22:35:32.117 [main] INFO  edu.bjut.homo.myMain - meter_7797835964978195995:26324408
raspberrypi 22:35:32.117 [main] INFO  edu.bjut.homo.myMain - meter_3835949040073319021:report
raspberrypi 22:35:32.117 [main] INFO  edu.bjut.homo.myMain - meter_3835949040073319021:26272778
raspberrypi 22:35:32.117 [main] INFO  edu.bjut.homo.myMain - meter_2986757769740785559:report
raspberrypi 22:35:32.117 [main] INFO  edu.bjut.homo.myMain - meter_2986757769740785559:28149519
raspberrypi 22:35:32.117 [main] INFO  edu.bjut.homo.myMain - meter_1318415742499231367:report
raspberrypi 22:35:32.117 [main] INFO  edu.bjut.homo.myMain - meter_1318415742499231367:26534333
raspberrypi 22:35:32.117 [main] INFO  edu.bjut.homo.myMain - meter_1336275113992100903:report
raspberrypi 22:35:32.117 [main] INFO  edu.bjut.homo.myMain - meter_1336275113992100903:26248334
raspberrypi 22:35:32.117 [main] INFO  edu.bjut.homo.myMain - meter_9199736184723187383:report
raspberrypi 22:35:32.118 [main] INFO  edu.bjut.homo.myMain - meter_9199736184723187383:26139223
raspberrypi 22:35:32.118 [main] INFO  edu.bjut.homo.myMain - meter_6062663846453046957:report
raspberrypi 22:35:32.118 [main] INFO  edu.bjut.homo.myMain - meter_6062663846453046957:26134629
raspberrypi 22:35:32.118 [main] INFO  edu.bjut.homo.myMain - meter_3359747078173706827:report
raspberrypi 22:35:32.118 [main] INFO  edu.bjut.homo.myMain - meter_3359747078173706827:26176907
raspberrypi 22:35:32.118 [main] INFO  edu.bjut.homo.myMain - meter_150927817296870843:report
raspberrypi 22:35:32.119 [main] INFO  edu.bjut.homo.myMain - meter_150927817296870843:26208796
raspberrypi 22:35:32.119 [main] INFO  edu.bjut.homo.myMain - meter_3125053300064562659:report
raspberrypi 22:35:32.119 [main] INFO  edu.bjut.homo.myMain - meter_3125053300064562659:26238722
raspberrypi 22:35:32.119 [main] INFO  edu.bjut.homo.myMain - meter_1042601687341272687:report
raspberrypi 22:35:32.119 [main] INFO  edu.bjut.homo.myMain - meter_1042601687341272687:26176500
raspberrypi 22:35:32.119 [main] INFO  edu.bjut.homo.myMain - meter_2279854121617279653:report
raspberrypi 22:35:32.119 [main] INFO  edu.bjut.homo.myMain - meter_2279854121617279653:28018833
raspberrypi 22:35:32.119 [main] INFO  edu.bjut.homo.myMain - meter_6034640681329769201:report
raspberrypi 22:35:32.119 [main] INFO  edu.bjut.homo.myMain - meter_6034640681329769201:26205019
raspberrypi 22:35:32.119 [main] INFO  edu.bjut.homo.myMain - meter_3027265621589514071:report
raspberrypi 22:35:32.119 [main] INFO  edu.bjut.homo.myMain - meter_3027265621589514071:26115556
raspberrypi 22:35:32.120 [main] INFO  edu.bjut.homo.myMain - meter_7476272842600221753:report
raspberrypi 22:35:32.120 [main] INFO  edu.bjut.homo.myMain - meter_7476272842600221753:26170241
raspberrypi 22:35:32.120 [main] INFO  edu.bjut.homo.myMain - meter_8258138486841304965:report
raspberrypi 22:35:32.120 [main] INFO  edu.bjut.homo.myMain - meter_8258138486841304965:26148167
raspberrypi 22:35:32.120 [main] INFO  edu.bjut.homo.myMain - meter_2214723865117043867:report
raspberrypi 22:35:32.120 [main] INFO  edu.bjut.homo.myMain - meter_2214723865117043867:26287259
raspberrypi 22:35:32.120 [main] INFO  edu.bjut.homo.myMain - meter_6766300199205944167:report
raspberrypi 22:35:32.120 [main] INFO  edu.bjut.homo.myMain - meter_6766300199205944167:26549944
raspberrypi 22:35:32.120 [main] INFO  edu.bjut.homo.myMain - meter_3845315540815403763:report
raspberrypi 22:35:32.120 [main] INFO  edu.bjut.homo.myMain - meter_3845315540815403763:26882759
raspberrypi 22:35:32.120 [main] INFO  edu.bjut.homo.myMain - meter_680220033127084035:report
raspberrypi 22:35:32.121 [main] INFO  edu.bjut.homo.myMain - meter_680220033127084035:28395574
raspberrypi 22:35:32.121 [main] INFO  edu.bjut.homo.myMain - meter_7578843059468298479:report
raspberrypi 22:35:32.121 [main] INFO  edu.bjut.homo.myMain - meter_7578843059468298479:26094019
raspberrypi 22:35:32.121 [main] INFO  edu.bjut.homo.myMain - meter_7144715586437103791:report
raspberrypi 22:35:32.121 [main] INFO  edu.bjut.homo.myMain - meter_7144715586437103791:26395222
raspberrypi 22:35:32.121 [main] INFO  edu.bjut.homo.myMain - meter_6748752594344256175:report
raspberrypi 22:35:32.121 [main] INFO  edu.bjut.homo.myMain - meter_6748752594344256175:26522259
raspberrypi 22:35:32.121 [main] INFO  edu.bjut.homo.myMain - meter_3371737329569444913:report
raspberrypi 22:35:32.121 [main] INFO  edu.bjut.homo.myMain - meter_3371737329569444913:27122111
raspberrypi 22:35:32.122 [main] INFO  edu.bjut.homo.myMain - meter_5012521986746152325:report
raspberrypi 22:35:32.122 [main] INFO  edu.bjut.homo.myMain - meter_5012521986746152325:27187129
raspberrypi 22:35:32.122 [main] INFO  edu.bjut.homo.myMain - meter_7415281584071029077:report
raspberrypi 22:35:32.122 [main] INFO  edu.bjut.homo.myMain - meter_7415281584071029077:26687149
raspberrypi 22:35:32.122 [main] INFO  edu.bjut.homo.myMain - meter_9180176978446954793:report
raspberrypi 22:35:32.122 [main] INFO  edu.bjut.homo.myMain - meter_9180176978446954793:27531055
raspberrypi 22:35:32.122 [main] INFO  edu.bjut.homo.myMain - meter_14613868365621887:report
raspberrypi 22:35:32.122 [main] INFO  edu.bjut.homo.myMain - meter_14613868365621887:27353444
raspberrypi 22:35:32.122 [main] INFO  edu.bjut.homo.myMain - meter_6206052586584244041:report
raspberrypi 22:35:32.122 [main] INFO  edu.bjut.homo.myMain - meter_6206052586584244041:28578204
raspberrypi 22:35:32.122 [main] INFO  edu.bjut.homo.myMain - meter_4136698090064681825:report
raspberrypi 22:35:32.123 [main] INFO  edu.bjut.homo.myMain - meter_4136698090064681825:26623611
raspberrypi 22:35:32.123 [main] INFO  edu.bjut.homo.myMain - meter_6757526948661620295:report
raspberrypi 22:35:32.123 [main] INFO  edu.bjut.homo.myMain - meter_6757526948661620295:26384093
raspberrypi 22:35:38.905 [main] INFO  edu.bjut.homo.myMain - meterRegTime
raspberrypi 22:35:39.706 [main] INFO  edu.bjut.homo.myMain - kgc:reg_response,reg_response,reg_response,reg_response,reg_response,reg_response,reg_response,reg_response,reg_response,reg_response,reg_response,reg_response,reg_response,reg_response,reg_response,reg_response,reg_response,reg_response,reg_response,reg_response,reg_response,reg_response,reg_response,reg_response,reg_response,reg_response,reg_response,reg_response,reg_response,reg_response,reg_response,reg_response,reg_response,reg_response,reg_response,reg_response,reg_response,reg_response,reg_response,reg_response
raspberrypi 22:35:39.706 [main] INFO  edu.bjut.homo.myMain - kgc:20310055,19619314,20222260,19616148,20277667,21307926,19596685,19602167,19921648,19537093,20156852,19764814,19748537,19594796,20166556,20014982,19886797,19724204,19992796,19571444,19678963,19434649,19472593,19697149,19493871,19482519,19471519,21273500,19864371,19466371,19764759,19999944,19543297,19701278,19792093,19493759,19469518,19928907,19737426,19616500
raspberrypi 22:35:39.707 [main] INFO  edu.bjut.homo.myMain - meter_3712859653911971735:reg,reg_response
raspberrypi 22:35:39.707 [main] INFO  edu.bjut.homo.myMain - meter_3712859653911971735:136556,101889
raspberrypi 22:35:39.707 [main] INFO  edu.bjut.homo.myMain - meter_9153543248325041975:reg,reg_response
raspberrypi 22:35:39.707 [main] INFO  edu.bjut.homo.myMain - meter_9153543248325041975:31019,105130
raspberrypi 22:35:39.707 [main] INFO  edu.bjut.homo.myMain - meter_794040629641287047:reg,reg_response
raspberrypi 22:35:39.707 [main] INFO  edu.bjut.homo.myMain - meter_794040629641287047:30426,101889
raspberrypi 22:35:39.707 [main] INFO  edu.bjut.homo.myMain - meter_8081959946260983499:reg,reg_response
raspberrypi 22:35:39.707 [main] INFO  edu.bjut.homo.myMain - meter_8081959946260983499:70260,99944
raspberrypi 22:35:39.707 [main] INFO  edu.bjut.homo.myMain - meter_1787211415352228673:reg,reg_response
raspberrypi 22:35:39.707 [main] INFO  edu.bjut.homo.myMain - meter_1787211415352228673:42204,107204
raspberrypi 22:35:39.708 [main] INFO  edu.bjut.homo.myMain - meter_2005281504469909925:reg,reg_response
raspberrypi 22:35:39.708 [main] INFO  edu.bjut.homo.myMain - meter_2005281504469909925:30686,100148
raspberrypi 22:35:39.708 [main] INFO  edu.bjut.homo.myMain - meter_748468760144759377:reg,reg_response
raspberrypi 22:35:39.708 [main] INFO  edu.bjut.homo.myMain - meter_748468760144759377:31315,206370
raspberrypi 22:35:39.708 [main] INFO  edu.bjut.homo.myMain - meter_5829795435204186741:reg,reg_response
raspberrypi 22:35:39.708 [main] INFO  edu.bjut.homo.myMain - meter_5829795435204186741:34259,145722
raspberrypi 22:35:39.708 [main] INFO  edu.bjut.homo.myMain - meter_4841259177994014009:reg,reg_response
raspberrypi 22:35:39.708 [main] INFO  edu.bjut.homo.myMain - meter_4841259177994014009:30278,98852
raspberrypi 22:35:39.708 [main] INFO  edu.bjut.homo.myMain - meter_46347370158400951:reg,reg_response
raspberrypi 22:35:39.708 [main] INFO  edu.bjut.homo.myMain - meter_46347370158400951:31056,97685
raspberrypi 22:35:39.708 [main] INFO  edu.bjut.homo.myMain - meter_300932404262004209:reg,reg_response
raspberrypi 22:35:39.708 [main] INFO  edu.bjut.homo.myMain - meter_300932404262004209:31648,157612
raspberrypi 22:35:39.708 [main] INFO  edu.bjut.homo.myMain - meter_651422057208943023:reg,reg_response
raspberrypi 22:35:39.708 [main] INFO  edu.bjut.homo.myMain - meter_651422057208943023:33130,97648
raspberrypi 22:35:39.709 [main] INFO  edu.bjut.homo.myMain - meter_2183174407445075705:reg,reg_response
raspberrypi 22:35:39.709 [main] INFO  edu.bjut.homo.myMain - meter_2183174407445075705:30685,96333
raspberrypi 22:35:39.709 [main] INFO  edu.bjut.homo.myMain - meter_8032995257906733517:reg,reg_response
raspberrypi 22:35:39.709 [main] INFO  edu.bjut.homo.myMain - meter_8032995257906733517:30426,214796
raspberrypi 22:35:39.709 [main] INFO  edu.bjut.homo.myMain - meter_7073249862862980563:reg,reg_response
raspberrypi 22:35:39.709 [main] INFO  edu.bjut.homo.myMain - meter_7073249862862980563:38352,267426
raspberrypi 22:35:39.709 [main] INFO  edu.bjut.homo.myMain - meter_4471337769631914629:reg,reg_response
raspberrypi 22:35:39.709 [main] INFO  edu.bjut.homo.myMain - meter_4471337769631914629:71870,240222
raspberrypi 22:35:39.709 [main] INFO  edu.bjut.homo.myMain - meter_8699524523577577433:reg,reg_response
raspberrypi 22:35:39.709 [main] INFO  edu.bjut.homo.myMain - meter_8699524523577577433:39612,89648
raspberrypi 22:35:39.709 [main] INFO  edu.bjut.homo.myMain - meter_3015372801032965771:reg,reg_response
raspberrypi 22:35:39.709 [main] INFO  edu.bjut.homo.myMain - meter_3015372801032965771:31426,104852
raspberrypi 22:35:39.709 [main] INFO  edu.bjut.homo.myMain - meter_4445480234316880285:reg,reg_response
raspberrypi 22:35:39.709 [main] INFO  edu.bjut.homo.myMain - meter_4445480234316880285:31407,90833
raspberrypi 22:35:39.709 [main] INFO  edu.bjut.homo.myMain - meter_2262453142602279297:reg,reg_response
raspberrypi 22:35:39.710 [main] INFO  edu.bjut.homo.myMain - meter_2262453142602279297:30963,105555
raspberrypi 22:35:39.710 [main] INFO  edu.bjut.homo.myMain - meter_2840929318798552327:reg,reg_response
raspberrypi 22:35:39.710 [main] INFO  edu.bjut.homo.myMain - meter_2840929318798552327:31611,107388
raspberrypi 22:35:39.710 [main] INFO  edu.bjut.homo.myMain - meter_5103975021714807425:reg,reg_response
raspberrypi 22:35:39.710 [main] INFO  edu.bjut.homo.myMain - meter_5103975021714807425:30852,90278
raspberrypi 22:35:39.710 [main] INFO  edu.bjut.homo.myMain - meter_5098600612874749781:reg,reg_response
raspberrypi 22:35:39.710 [main] INFO  edu.bjut.homo.myMain - meter_5098600612874749781:30074,91889
raspberrypi 22:35:39.710 [main] INFO  edu.bjut.homo.myMain - meter_6523425041033061871:reg,reg_response
raspberrypi 22:35:39.710 [main] INFO  edu.bjut.homo.myMain - meter_6523425041033061871:30926,90093
raspberrypi 22:35:39.710 [main] INFO  edu.bjut.homo.myMain - meter_2928059587586003331:reg,reg_response
raspberrypi 22:35:39.711 [main] INFO  edu.bjut.homo.myMain - meter_2928059587586003331:30463,94555
raspberrypi 22:35:39.711 [main] INFO  edu.bjut.homo.myMain - meter_7033517925615645855:reg,reg_response
raspberrypi 22:35:39.711 [main] INFO  edu.bjut.homo.myMain - meter_7033517925615645855:31944,89538
raspberrypi 22:35:39.711 [main] INFO  edu.bjut.homo.myMain - meter_4014384618504661135:reg,reg_response
raspberrypi 22:35:39.712 [main] INFO  edu.bjut.homo.myMain - meter_4014384618504661135:31574,92703
raspberrypi 22:35:39.712 [main] INFO  edu.bjut.homo.myMain - meter_8158835022015381195:reg,reg_response
raspberrypi 22:35:39.712 [main] INFO  edu.bjut.homo.myMain - meter_8158835022015381195:31333,94722
raspberrypi 22:35:39.712 [main] INFO  edu.bjut.homo.myMain - meter_157819107687684447:reg,reg_response
raspberrypi 22:35:39.712 [main] INFO  edu.bjut.homo.myMain - meter_157819107687684447:31704,94463
raspberrypi 22:35:39.712 [main] INFO  edu.bjut.homo.myMain - meter_89478433627299773:reg,reg_response
raspberrypi 22:35:39.713 [main] INFO  edu.bjut.homo.myMain - meter_89478433627299773:31111,91463
raspberrypi 22:35:39.713 [main] INFO  edu.bjut.homo.myMain - meter_408270623304914903:reg,reg_response
raspberrypi 22:35:39.713 [main] INFO  edu.bjut.homo.myMain - meter_408270623304914903:31482,104796
raspberrypi 22:35:39.713 [main] INFO  edu.bjut.homo.myMain - meter_8424450064241736215:reg,reg_response
raspberrypi 22:35:39.713 [main] INFO  edu.bjut.homo.myMain - meter_8424450064241736215:31056,196444
raspberrypi 22:35:39.713 [main] INFO  edu.bjut.homo.myMain - meter_5607904426388673683:reg,reg_response
raspberrypi 22:35:39.713 [main] INFO  edu.bjut.homo.myMain - meter_5607904426388673683:35852,141500
raspberrypi 22:35:39.713 [main] INFO  edu.bjut.homo.myMain - meter_1577268031789213259:reg,reg_response
raspberrypi 22:35:39.713 [main] INFO  edu.bjut.homo.myMain - meter_1577268031789213259:32000,101908
raspberrypi 22:35:39.713 [main] INFO  edu.bjut.homo.myMain - meter_6867481520122918405:reg,reg_response
raspberrypi 22:35:39.713 [main] INFO  edu.bjut.homo.myMain - meter_6867481520122918405:30204,97259
raspberrypi 22:35:39.713 [main] INFO  edu.bjut.homo.myMain - meter_8905878433712507893:reg,reg_response
raspberrypi 22:35:39.714 [main] INFO  edu.bjut.homo.myMain - meter_8905878433712507893:32167,88833
raspberrypi 22:35:39.714 [main] INFO  edu.bjut.homo.myMain - meter_3600465104285372859:reg,reg_response
raspberrypi 22:35:39.714 [main] INFO  edu.bjut.homo.myMain - meter_3600465104285372859:31962,88297
raspberrypi 22:35:39.714 [main] INFO  edu.bjut.homo.myMain - meter_1941348416997075317:reg,reg_response
raspberrypi 22:35:39.714 [main] INFO  edu.bjut.homo.myMain - meter_1941348416997075317:30852,185982
raspberrypi 22:35:39.714 [main] INFO  edu.bjut.homo.myMain - meter_7023050863134568153:reg,reg_response
raspberrypi 22:35:39.714 [main] INFO  edu.bjut.homo.myMain - meter_7023050863134568153:37833,86556
raspberrypi 22:35:39.714 [main] INFO  edu.bjut.homo.myMain - meter_7665691573073488755:reg,reg_response
raspberrypi 22:35:39.714 [main] INFO  edu.bjut.homo.myMain - meter_7665691573073488755:31629,122222
raspberrypi 22:35:39.715 [main] INFO  edu.bjut.homo.myMain - oneTimeMeterRepTime
raspberrypi 22:35:41.425 [main] INFO  edu.bjut.homo.myMain - agg:resp_agg
raspberrypi 22:35:41.425 [main] INFO  edu.bjut.homo.myMain - agg:612835870
raspberrypi 22:35:41.425 [main] INFO  edu.bjut.homo.myMain - server:report_res
raspberrypi 22:35:41.425 [main] INFO  edu.bjut.homo.myMain - server:38227593
raspberrypi 22:35:41.425 [main] INFO  edu.bjut.homo.myMain - meter_3712859653911971735:report
raspberrypi 22:35:41.425 [main] INFO  edu.bjut.homo.myMain - meter_3712859653911971735:26229852
raspberrypi 22:35:41.425 [main] INFO  edu.bjut.homo.myMain - meter_9153543248325041975:report
raspberrypi 22:35:41.425 [main] INFO  edu.bjut.homo.myMain - meter_9153543248325041975:26240444
raspberrypi 22:35:41.426 [main] INFO  edu.bjut.homo.myMain - meter_794040629641287047:report
raspberrypi 22:35:41.426 [main] INFO  edu.bjut.homo.myMain - meter_794040629641287047:26069389
raspberrypi 22:35:41.426 [main] INFO  edu.bjut.homo.myMain - meter_8081959946260983499:report
raspberrypi 22:35:41.426 [main] INFO  edu.bjut.homo.myMain - meter_8081959946260983499:27966740
raspberrypi 22:35:41.426 [main] INFO  edu.bjut.homo.myMain - meter_1787211415352228673:report
raspberrypi 22:35:41.426 [main] INFO  edu.bjut.homo.myMain - meter_1787211415352228673:26093500
raspberrypi 22:35:41.426 [main] INFO  edu.bjut.homo.myMain - meter_2005281504469909925:report
raspberrypi 22:35:41.426 [main] INFO  edu.bjut.homo.myMain - meter_2005281504469909925:26310222
raspberrypi 22:35:41.426 [main] INFO  edu.bjut.homo.myMain - meter_748468760144759377:report
raspberrypi 22:35:41.426 [main] INFO  edu.bjut.homo.myMain - meter_748468760144759377:26031000
raspberrypi 22:35:41.426 [main] INFO  edu.bjut.homo.myMain - meter_5829795435204186741:report
raspberrypi 22:35:41.426 [main] INFO  edu.bjut.homo.myMain - meter_5829795435204186741:26105037
raspberrypi 22:35:41.426 [main] INFO  edu.bjut.homo.myMain - meter_4841259177994014009:report
raspberrypi 22:35:41.426 [main] INFO  edu.bjut.homo.myMain - meter_4841259177994014009:26353815
raspberrypi 22:35:41.426 [main] INFO  edu.bjut.homo.myMain - meter_46347370158400951:report
raspberrypi 22:35:41.427 [main] INFO  edu.bjut.homo.myMain - meter_46347370158400951:26222575
raspberrypi 22:35:41.427 [main] INFO  edu.bjut.homo.myMain - meter_300932404262004209:report
raspberrypi 22:35:41.427 [main] INFO  edu.bjut.homo.myMain - meter_300932404262004209:26085445
raspberrypi 22:35:41.427 [main] INFO  edu.bjut.homo.myMain - meter_651422057208943023:report
raspberrypi 22:35:41.427 [main] INFO  edu.bjut.homo.myMain - meter_651422057208943023:26154852
raspberrypi 22:35:41.427 [main] INFO  edu.bjut.homo.myMain - meter_2183174407445075705:report
raspberrypi 22:35:41.427 [main] INFO  edu.bjut.homo.myMain - meter_2183174407445075705:29483518
raspberrypi 22:35:41.427 [main] INFO  edu.bjut.homo.myMain - meter_8032995257906733517:report
raspberrypi 22:35:41.427 [main] INFO  edu.bjut.homo.myMain - meter_8032995257906733517:26175093
raspberrypi 22:35:41.427 [main] INFO  edu.bjut.homo.myMain - meter_7073249862862980563:report
raspberrypi 22:35:41.427 [main] INFO  edu.bjut.homo.myMain - meter_7073249862862980563:26121704
raspberrypi 22:35:41.427 [main] INFO  edu.bjut.homo.myMain - meter_4471337769631914629:report
raspberrypi 22:35:41.427 [main] INFO  edu.bjut.homo.myMain - meter_4471337769631914629:26159074
raspberrypi 22:35:41.427 [main] INFO  edu.bjut.homo.myMain - meter_8699524523577577433:report
raspberrypi 22:35:41.427 [main] INFO  edu.bjut.homo.myMain - meter_8699524523577577433:26084666
raspberrypi 22:35:41.427 [main] INFO  edu.bjut.homo.myMain - meter_3015372801032965771:report
raspberrypi 22:35:41.427 [main] INFO  edu.bjut.homo.myMain - meter_3015372801032965771:26131370
raspberrypi 22:35:41.427 [main] INFO  edu.bjut.homo.myMain - meter_4445480234316880285:report
raspberrypi 22:35:41.428 [main] INFO  edu.bjut.homo.myMain - meter_4445480234316880285:26126889
raspberrypi 22:35:41.428 [main] INFO  edu.bjut.homo.myMain - meter_2262453142602279297:report
raspberrypi 22:35:41.428 [main] INFO  edu.bjut.homo.myMain - meter_2262453142602279297:26171759
raspberrypi 22:35:41.428 [main] INFO  edu.bjut.homo.myMain - meter_2840929318798552327:report
raspberrypi 22:35:41.428 [main] INFO  edu.bjut.homo.myMain - meter_2840929318798552327:27704148
raspberrypi 22:35:41.428 [main] INFO  edu.bjut.homo.myMain - meter_5103975021714807425:report
raspberrypi 22:35:41.428 [main] INFO  edu.bjut.homo.myMain - meter_5103975021714807425:26207037
raspberrypi 22:35:41.428 [main] INFO  edu.bjut.homo.myMain - meter_5098600612874749781:report
raspberrypi 22:35:41.428 [main] INFO  edu.bjut.homo.myMain - meter_5098600612874749781:26182074
raspberrypi 22:35:41.428 [main] INFO  edu.bjut.homo.myMain - meter_6523425041033061871:report
raspberrypi 22:35:41.428 [main] INFO  edu.bjut.homo.myMain - meter_6523425041033061871:26140334
raspberrypi 22:35:41.428 [main] INFO  edu.bjut.homo.myMain - meter_2928059587586003331:report
raspberrypi 22:35:41.428 [main] INFO  edu.bjut.homo.myMain - meter_2928059587586003331:26072111
raspberrypi 22:35:41.428 [main] INFO  edu.bjut.homo.myMain - meter_7033517925615645855:report
raspberrypi 22:35:41.428 [main] INFO  edu.bjut.homo.myMain - meter_7033517925615645855:26106574
raspberrypi 22:35:41.429 [main] INFO  edu.bjut.homo.myMain - meter_4014384618504661135:report
raspberrypi 22:35:41.429 [main] INFO  edu.bjut.homo.myMain - meter_4014384618504661135:26112612
raspberrypi 22:35:41.429 [main] INFO  edu.bjut.homo.myMain - meter_8158835022015381195:report
raspberrypi 22:35:41.429 [main] INFO  edu.bjut.homo.myMain - meter_8158835022015381195:26148148
raspberrypi 22:35:41.429 [main] INFO  edu.bjut.homo.myMain - meter_157819107687684447:report
raspberrypi 22:35:41.429 [main] INFO  edu.bjut.homo.myMain - meter_157819107687684447:27808019
raspberrypi 22:35:41.429 [main] INFO  edu.bjut.homo.myMain - meter_89478433627299773:report
raspberrypi 22:35:41.429 [main] INFO  edu.bjut.homo.myMain - meter_89478433627299773:25957371
raspberrypi 22:35:41.429 [main] INFO  edu.bjut.homo.myMain - meter_408270623304914903:report
raspberrypi 22:35:41.429 [main] INFO  edu.bjut.homo.myMain - meter_408270623304914903:26203426
raspberrypi 22:35:41.429 [main] INFO  edu.bjut.homo.myMain - meter_8424450064241736215:report
raspberrypi 22:35:41.429 [main] INFO  edu.bjut.homo.myMain - meter_8424450064241736215:26431630
raspberrypi 22:35:41.429 [main] INFO  edu.bjut.homo.myMain - meter_5607904426388673683:report
raspberrypi 22:35:41.429 [main] INFO  edu.bjut.homo.myMain - meter_5607904426388673683:26408426
raspberrypi 22:35:41.429 [main] INFO  edu.bjut.homo.myMain - meter_1577268031789213259:report
raspberrypi 22:35:41.429 [main] INFO  edu.bjut.homo.myMain - meter_1577268031789213259:26057259
raspberrypi 22:35:41.430 [main] INFO  edu.bjut.homo.myMain - meter_6867481520122918405:report
raspberrypi 22:35:41.430 [main] INFO  edu.bjut.homo.myMain - meter_6867481520122918405:26104185
raspberrypi 22:35:41.430 [main] INFO  edu.bjut.homo.myMain - meter_8905878433712507893:report
raspberrypi 22:35:41.430 [main] INFO  edu.bjut.homo.myMain - meter_8905878433712507893:26166129
raspberrypi 22:35:41.430 [main] INFO  edu.bjut.homo.myMain - meter_3600465104285372859:report
raspberrypi 22:35:41.430 [main] INFO  edu.bjut.homo.myMain - meter_3600465104285372859:26117703
raspberrypi 22:35:41.430 [main] INFO  edu.bjut.homo.myMain - meter_1941348416997075317:report
raspberrypi 22:35:41.430 [main] INFO  edu.bjut.homo.myMain - meter_1941348416997075317:28215574
raspberrypi 22:35:41.430 [main] INFO  edu.bjut.homo.myMain - meter_7023050863134568153:report
raspberrypi 22:35:41.430 [main] INFO  edu.bjut.homo.myMain - meter_7023050863134568153:26319851
raspberrypi 22:35:41.430 [main] INFO  edu.bjut.homo.myMain - meter_7665691573073488755:report
raspberrypi 22:35:41.430 [main] INFO  edu.bjut.homo.myMain - meter_7665691573073488755:26516352
raspberrypi 22:35:46.560 [main] INFO  edu.bjut.homo.myMain - meterRegTime
raspberrypi 22:35:47.160 [main] INFO  edu.bjut.homo.myMain - kgc:reg_response,reg_response,reg_response,reg_response,reg_response,reg_response,reg_response,reg_response,reg_response,reg_response,reg_response,reg_response,reg_response,reg_response,reg_response,reg_response,reg_response,reg_response,reg_response,reg_response,reg_response,reg_response,reg_response,reg_response,reg_response,reg_response,reg_response,reg_response,reg_response,reg_response
raspberrypi 22:35:47.160 [main] INFO  edu.bjut.homo.myMain - kgc:19611055,19771685,19692648,19697130,19827907,20236259,19483371,19702148,19999796,19793241,19518426,19755926,19652852,19810223,19517888,19586000,19477926,19618371,22439556,19519148,19493833,19469351,19818185,20644296,19492704,19946907,20035241,19482519,19482834,19846037
raspberrypi 22:35:47.160 [main] INFO  edu.bjut.homo.myMain - meter_4763038112637171889:reg,reg_response
raspberrypi 22:35:47.160 [main] INFO  edu.bjut.homo.myMain - meter_4763038112637171889:126704,89926
raspberrypi 22:35:47.160 [main] INFO  edu.bjut.homo.myMain - meter_4735013852313948215:reg,reg_response
raspberrypi 22:35:47.160 [main] INFO  edu.bjut.homo.myMain - meter_4735013852313948215:31444,106500
raspberrypi 22:35:47.160 [main] INFO  edu.bjut.homo.myMain - meter_3128727598193898855:reg,reg_response
raspberrypi 22:35:47.160 [main] INFO  edu.bjut.homo.myMain - meter_3128727598193898855:32260,91018
raspberrypi 22:35:47.160 [main] INFO  edu.bjut.homo.myMain - meter_3546231382250408347:reg,reg_response
raspberrypi 22:35:47.160 [main] INFO  edu.bjut.homo.myMain - meter_3546231382250408347:44444,171240
raspberrypi 22:35:47.161 [main] INFO  edu.bjut.homo.myMain - meter_2092002851748033913:reg,reg_response
raspberrypi 22:35:47.161 [main] INFO  edu.bjut.homo.myMain - meter_2092002851748033913:39019,116889
raspberrypi 22:35:47.161 [main] INFO  edu.bjut.homo.myMain - meter_3277032074448246369:reg,reg_response
raspberrypi 22:35:47.161 [main] INFO  edu.bjut.homo.myMain - meter_3277032074448246369:33426,91630
raspberrypi 22:35:47.161 [main] INFO  edu.bjut.homo.myMain - meter_4864683033884163679:reg,reg_response
raspberrypi 22:35:47.161 [main] INFO  edu.bjut.homo.myMain - meter_4864683033884163679:31074,91944
raspberrypi 22:35:47.161 [main] INFO  edu.bjut.homo.myMain - meter_5785797325068806229:reg,reg_response
raspberrypi 22:35:47.161 [main] INFO  edu.bjut.homo.myMain - meter_5785797325068806229:30556,93333
raspberrypi 22:35:47.161 [main] INFO  edu.bjut.homo.myMain - meter_2548313561948153353:reg,reg_response
raspberrypi 22:35:47.161 [main] INFO  edu.bjut.homo.myMain - meter_2548313561948153353:31889,96259
raspberrypi 22:35:47.161 [main] INFO  edu.bjut.homo.myMain - meter_387285378747726779:reg,reg_response
raspberrypi 22:35:47.162 [main] INFO  edu.bjut.homo.myMain - meter_387285378747726779:31408,87574
raspberrypi 22:35:47.162 [main] INFO  edu.bjut.homo.myMain - meter_2162691280986808861:reg,reg_response
raspberrypi 22:35:47.162 [main] INFO  edu.bjut.homo.myMain - meter_2162691280986808861:31389,90278
raspberrypi 22:35:47.162 [main] INFO  edu.bjut.homo.myMain - meter_5180814873889883755:reg,reg_response
raspberrypi 22:35:47.162 [main] INFO  edu.bjut.homo.myMain - meter_5180814873889883755:30926,90037
raspberrypi 22:35:47.162 [main] INFO  edu.bjut.homo.myMain - meter_4012684507793938621:reg,reg_response
raspberrypi 22:35:47.162 [main] INFO  edu.bjut.homo.myMain - meter_4012684507793938621:30426,120759
raspberrypi 22:35:47.162 [main] INFO  edu.bjut.homo.myMain - meter_5875403623480049915:reg,reg_response
raspberrypi 22:35:47.162 [main] INFO  edu.bjut.homo.myMain - meter_5875403623480049915:31963,92778
raspberrypi 22:35:47.162 [main] INFO  edu.bjut.homo.myMain - meter_2565861162531650611:reg,reg_response
raspberrypi 22:35:47.162 [main] INFO  edu.bjut.homo.myMain - meter_2565861162531650611:31648,113037
raspberrypi 22:35:47.162 [main] INFO  edu.bjut.homo.myMain - meter_5038386644369095397:reg,reg_response
raspberrypi 22:35:47.163 [main] INFO  edu.bjut.homo.myMain - meter_5038386644369095397:30704,89370
raspberrypi 22:35:47.163 [main] INFO  edu.bjut.homo.myMain - meter_7659540150137252679:reg,reg_response
raspberrypi 22:35:47.163 [main] INFO  edu.bjut.homo.myMain - meter_7659540150137252679:44148,91426
raspberrypi 22:35:47.163 [main] INFO  edu.bjut.homo.myMain - meter_5057629160695939201:reg,reg_response
raspberrypi 22:35:47.163 [main] INFO  edu.bjut.homo.myMain - meter_5057629160695939201:34333,93741
raspberrypi 22:35:47.163 [main] INFO  edu.bjut.homo.myMain - meter_3755526021834064753:reg,reg_response
raspberrypi 22:35:47.163 [main] INFO  edu.bjut.homo.myMain - meter_3755526021834064753:30574,93407
raspberrypi 22:35:47.163 [main] INFO  edu.bjut.homo.myMain - meter_8698282805344723163:reg,reg_response
raspberrypi 22:35:47.163 [main] INFO  edu.bjut.homo.myMain - meter_8698282805344723163:30685,92629
raspberrypi 22:35:47.163 [main] INFO  edu.bjut.homo.myMain - meter_7614250859407126029:reg,reg_response
raspberrypi 22:35:47.163 [main] INFO  edu.bjut.homo.myMain - meter_7614250859407126029:30759,88945
raspberrypi 22:35:47.163 [main] INFO  edu.bjut.homo.myMain - meter_4204488416014684357:reg,reg_response
raspberrypi 22:35:47.163 [main] INFO  edu.bjut.homo.myMain - meter_4204488416014684357:30703,159667
raspberrypi 22:35:47.163 [main] INFO  edu.bjut.homo.myMain - meter_4523560981174094095:reg,reg_response
raspberrypi 22:35:47.164 [main] INFO  edu.bjut.homo.myMain - meter_4523560981174094095:39963,104222
raspberrypi 22:35:47.164 [main] INFO  edu.bjut.homo.myMain - meter_6142163224749370005:reg,reg_response
raspberrypi 22:35:47.164 [main] INFO  edu.bjut.homo.myMain - meter_6142163224749370005:31185,86870
raspberrypi 22:35:47.164 [main] INFO  edu.bjut.homo.myMain - meter_5378859953099935229:reg,reg_response
raspberrypi 22:35:47.164 [main] INFO  edu.bjut.homo.myMain - meter_5378859953099935229:30314,91741
raspberrypi 22:35:47.164 [main] INFO  edu.bjut.homo.myMain - meter_3585539327031708391:reg,reg_response
raspberrypi 22:35:47.164 [main] INFO  edu.bjut.homo.myMain - meter_3585539327031708391:30167,88093
raspberrypi 22:35:47.164 [main] INFO  edu.bjut.homo.myMain - meter_4424496089237699845:reg,reg_response
raspberrypi 22:35:47.164 [main] INFO  edu.bjut.homo.myMain - meter_4424496089237699845:29629,89370
raspberrypi 22:35:47.164 [main] INFO  edu.bjut.homo.myMain - meter_2943485283982573113:reg,reg_response
raspberrypi 22:35:47.164 [main] INFO  edu.bjut.homo.myMain - meter_2943485283982573113:30963,87815
raspberrypi 22:35:47.165 [main] INFO  edu.bjut.homo.myMain - meter_7131714245394535045:reg,reg_response
raspberrypi 22:35:47.165 [main] INFO  edu.bjut.homo.myMain - meter_7131714245394535045:30185,89445
raspberrypi 22:35:47.165 [main] INFO  edu.bjut.homo.myMain - meter_1838927305221334295:reg,reg_response
raspberrypi 22:35:47.165 [main] INFO  edu.bjut.homo.myMain - meter_1838927305221334295:29759,87611
raspberrypi 22:35:47.166 [main] INFO  edu.bjut.homo.myMain - oneTimeMeterRepTime
raspberrypi 22:35:48.477 [main] INFO  edu.bjut.homo.myMain - agg:resp_agg
raspberrypi 22:35:48.478 [main] INFO  edu.bjut.homo.myMain - agg:474895500
raspberrypi 22:35:48.478 [main] INFO  edu.bjut.homo.myMain - server:report_res
raspberrypi 22:35:48.478 [main] INFO  edu.bjut.homo.myMain - server:38201019
raspberrypi 22:35:48.478 [main] INFO  edu.bjut.homo.myMain - meter_4763038112637171889:report
raspberrypi 22:35:48.478 [main] INFO  edu.bjut.homo.myMain - meter_4763038112637171889:26812926
raspberrypi 22:35:48.478 [main] INFO  edu.bjut.homo.myMain - meter_4735013852313948215:report
raspberrypi 22:35:48.478 [main] INFO  edu.bjut.homo.myMain - meter_4735013852313948215:26318907
raspberrypi 22:35:48.479 [main] INFO  edu.bjut.homo.myMain - meter_3128727598193898855:report
raspberrypi 22:35:48.479 [main] INFO  edu.bjut.homo.myMain - meter_3128727598193898855:26118796
raspberrypi 22:35:48.479 [main] INFO  edu.bjut.homo.myMain - meter_3546231382250408347:report
raspberrypi 22:35:48.479 [main] INFO  edu.bjut.homo.myMain - meter_3546231382250408347:27904000
raspberrypi 22:35:48.479 [main] INFO  edu.bjut.homo.myMain - meter_2092002851748033913:report
raspberrypi 22:35:48.479 [main] INFO  edu.bjut.homo.myMain - meter_2092002851748033913:26080297
raspberrypi 22:35:48.479 [main] INFO  edu.bjut.homo.myMain - meter_3277032074448246369:report
raspberrypi 22:35:48.479 [main] INFO  edu.bjut.homo.myMain - meter_3277032074448246369:26099481
raspberrypi 22:35:48.479 [main] INFO  edu.bjut.homo.myMain - meter_4864683033884163679:report
raspberrypi 22:35:48.479 [main] INFO  edu.bjut.homo.myMain - meter_4864683033884163679:26961482
raspberrypi 22:35:48.479 [main] INFO  edu.bjut.homo.myMain - meter_5785797325068806229:report
raspberrypi 22:35:48.480 [main] INFO  edu.bjut.homo.myMain - meter_5785797325068806229:26203278
raspberrypi 22:35:48.480 [main] INFO  edu.bjut.homo.myMain - meter_2548313561948153353:report
raspberrypi 22:35:48.480 [main] INFO  edu.bjut.homo.myMain - meter_2548313561948153353:26097482
raspberrypi 22:35:48.480 [main] INFO  edu.bjut.homo.myMain - meter_387285378747726779:report
raspberrypi 22:35:48.480 [main] INFO  edu.bjut.homo.myMain - meter_387285378747726779:26203500
raspberrypi 22:35:48.480 [main] INFO  edu.bjut.homo.myMain - meter_2162691280986808861:report
raspberrypi 22:35:48.480 [main] INFO  edu.bjut.homo.myMain - meter_2162691280986808861:26200852
raspberrypi 22:35:48.480 [main] INFO  edu.bjut.homo.myMain - meter_5180814873889883755:report
raspberrypi 22:35:48.480 [main] INFO  edu.bjut.homo.myMain - meter_5180814873889883755:26208740
raspberrypi 22:35:48.480 [main] INFO  edu.bjut.homo.myMain - meter_4012684507793938621:report
raspberrypi 22:35:48.480 [main] INFO  edu.bjut.homo.myMain - meter_4012684507793938621:27665981
raspberrypi 22:35:48.480 [main] INFO  edu.bjut.homo.myMain - meter_5875403623480049915:report
raspberrypi 22:35:48.480 [main] INFO  edu.bjut.homo.myMain - meter_5875403623480049915:26159426
raspberrypi 22:35:48.481 [main] INFO  edu.bjut.homo.myMain - meter_2565861162531650611:report
raspberrypi 22:35:48.481 [main] INFO  edu.bjut.homo.myMain - meter_2565861162531650611:26096351
raspberrypi 22:35:48.481 [main] INFO  edu.bjut.homo.myMain - meter_5038386644369095397:report
raspberrypi 22:35:48.481 [main] INFO  edu.bjut.homo.myMain - meter_5038386644369095397:26116723
raspberrypi 22:35:48.481 [main] INFO  edu.bjut.homo.myMain - meter_7659540150137252679:report
raspberrypi 22:35:48.481 [main] INFO  edu.bjut.homo.myMain - meter_7659540150137252679:26083018
raspberrypi 22:35:48.481 [main] INFO  edu.bjut.homo.myMain - meter_5057629160695939201:report
raspberrypi 22:35:48.481 [main] INFO  edu.bjut.homo.myMain - meter_5057629160695939201:26097445
raspberrypi 22:35:48.481 [main] INFO  edu.bjut.homo.myMain - meter_3755526021834064753:report
raspberrypi 22:35:48.481 [main] INFO  edu.bjut.homo.myMain - meter_3755526021834064753:26170333
raspberrypi 22:35:48.481 [main] INFO  edu.bjut.homo.myMain - meter_8698282805344723163:report
raspberrypi 22:35:48.481 [main] INFO  edu.bjut.homo.myMain - meter_8698282805344723163:26854278
raspberrypi 22:35:48.481 [main] INFO  edu.bjut.homo.myMain - meter_7614250859407126029:report
raspberrypi 22:35:48.481 [main] INFO  edu.bjut.homo.myMain - meter_7614250859407126029:27751111
raspberrypi 22:35:48.481 [main] INFO  edu.bjut.homo.myMain - meter_4204488416014684357:report
raspberrypi 22:35:48.481 [main] INFO  edu.bjut.homo.myMain - meter_4204488416014684357:26338537
raspberrypi 22:35:48.481 [main] INFO  edu.bjut.homo.myMain - meter_4523560981174094095:report
raspberrypi 22:35:48.481 [main] INFO  edu.bjut.homo.myMain - meter_4523560981174094095:26104426
raspberrypi 22:35:48.481 [main] INFO  edu.bjut.homo.myMain - meter_6142163224749370005:report
raspberrypi 22:35:48.482 [main] INFO  edu.bjut.homo.myMain - meter_6142163224749370005:27837666
raspberrypi 22:35:48.482 [main] INFO  edu.bjut.homo.myMain - meter_5378859953099935229:report
raspberrypi 22:35:48.482 [main] INFO  edu.bjut.homo.myMain - meter_5378859953099935229:26717444
raspberrypi 22:35:48.482 [main] INFO  edu.bjut.homo.myMain - meter_3585539327031708391:report
raspberrypi 22:35:48.482 [main] INFO  edu.bjut.homo.myMain - meter_3585539327031708391:26455167
raspberrypi 22:35:48.482 [main] INFO  edu.bjut.homo.myMain - meter_4424496089237699845:report
raspberrypi 22:35:48.482 [main] INFO  edu.bjut.homo.myMain - meter_4424496089237699845:26338185
raspberrypi 22:35:48.482 [main] INFO  edu.bjut.homo.myMain - meter_2943485283982573113:report
raspberrypi 22:35:48.482 [main] INFO  edu.bjut.homo.myMain - meter_2943485283982573113:26254574
raspberrypi 22:35:48.482 [main] INFO  edu.bjut.homo.myMain - meter_7131714245394535045:report
raspberrypi 22:35:48.482 [main] INFO  edu.bjut.homo.myMain - meter_7131714245394535045:26354759
raspberrypi 22:35:48.482 [main] INFO  edu.bjut.homo.myMain - meter_1838927305221334295:report
raspberrypi 22:35:48.482 [main] INFO  edu.bjut.homo.myMain - meter_1838927305221334295:28818130
raspberrypi 22:35:51.410 [main] INFO  edu.bjut.homo.myMain - meterRegTime
raspberrypi 22:35:51.816 [main] INFO  edu.bjut.homo.myMain - kgc:reg_response,reg_response,reg_response,reg_response,reg_response,reg_response,reg_response,reg_response,reg_response,reg_response,reg_response,reg_response,reg_response,reg_response,reg_response,reg_response,reg_response,reg_response,reg_response,reg_response
raspberrypi 22:35:51.818 [main] INFO  edu.bjut.homo.myMain - kgc:19976333,19745611,19759574,19801593,20148425,19498612,19478352,20095611,20169945,19650445,22029593,19509685,20359371,20230704,21101833,20034945,19989759,20397148,20145741,19828203
raspberrypi 22:35:51.818 [main] INFO  edu.bjut.homo.myMain - meter_6135046083350382781:reg,reg_response
raspberrypi 22:35:51.818 [main] INFO  edu.bjut.homo.myMain - meter_6135046083350382781:126185,91389
raspberrypi 22:35:51.818 [main] INFO  edu.bjut.homo.myMain - meter_1695447989191315803:reg,reg_response
raspberrypi 22:35:51.818 [main] INFO  edu.bjut.homo.myMain - meter_1695447989191315803:30741,89296
raspberrypi 22:35:51.818 [main] INFO  edu.bjut.homo.myMain - meter_993135976071139809:reg,reg_response
raspberrypi 22:35:51.819 [main] INFO  edu.bjut.homo.myMain - meter_993135976071139809:30148,86870
raspberrypi 22:35:51.819 [main] INFO  edu.bjut.homo.myMain - meter_2896827923686790937:reg,reg_response
raspberrypi 22:35:51.819 [main] INFO  edu.bjut.homo.myMain - meter_2896827923686790937:30426,90574
raspberrypi 22:35:51.819 [main] INFO  edu.bjut.homo.myMain - meter_5321769934629877153:reg,reg_response
raspberrypi 22:35:51.819 [main] INFO  edu.bjut.homo.myMain - meter_5321769934629877153:29908,91019
raspberrypi 22:35:51.819 [main] INFO  edu.bjut.homo.myMain - meter_6012139646109896269:reg,reg_response
raspberrypi 22:35:51.819 [main] INFO  edu.bjut.homo.myMain - meter_6012139646109896269:30222,89833
raspberrypi 22:35:51.819 [main] INFO  edu.bjut.homo.myMain - meter_292623849264421661:reg,reg_response
raspberrypi 22:35:51.819 [main] INFO  edu.bjut.homo.myMain - meter_292623849264421661:30666,90667
raspberrypi 22:35:51.819 [main] INFO  edu.bjut.homo.myMain - meter_8676601690603307491:reg,reg_response
raspberrypi 22:35:51.819 [main] INFO  edu.bjut.homo.myMain - meter_8676601690603307491:30000,321518
raspberrypi 22:35:51.819 [main] INFO  edu.bjut.homo.myMain - meter_1597660310716331529:reg,reg_response
raspberrypi 22:35:51.820 [main] INFO  edu.bjut.homo.myMain - meter_1597660310716331529:39777,109389
raspberrypi 22:35:51.820 [main] INFO  edu.bjut.homo.myMain - meter_7941230732234259547:reg,reg_response
raspberrypi 22:35:51.820 [main] INFO  edu.bjut.homo.myMain - meter_7941230732234259547:29519,154075
raspberrypi 22:35:51.820 [main] INFO  edu.bjut.homo.myMain - meter_4471063697219057519:reg,reg_response
raspberrypi 22:35:51.820 [main] INFO  edu.bjut.homo.myMain - meter_4471063697219057519:33537,91703
raspberrypi 22:35:51.820 [main] INFO  edu.bjut.homo.myMain - meter_4143588005033285125:reg,reg_response
raspberrypi 22:35:51.820 [main] INFO  edu.bjut.homo.myMain - meter_4143588005033285125:31314,88056
raspberrypi 22:35:51.820 [main] INFO  edu.bjut.homo.myMain - meter_8245690118911833521:reg,reg_response
raspberrypi 22:35:51.820 [main] INFO  edu.bjut.homo.myMain - meter_8245690118911833521:30611,124037
raspberrypi 22:35:51.821 [main] INFO  edu.bjut.homo.myMain - meter_550423680917928643:reg,reg_response
raspberrypi 22:35:51.821 [main] INFO  edu.bjut.homo.myMain - meter_550423680917928643:35556,129778
raspberrypi 22:35:51.821 [main] INFO  edu.bjut.homo.myMain - meter_3442462357826594371:reg,reg_response
raspberrypi 22:35:51.821 [main] INFO  edu.bjut.homo.myMain - meter_3442462357826594371:37704,115648
raspberrypi 22:35:51.821 [main] INFO  edu.bjut.homo.myMain - meter_4740071282358933821:reg,reg_response
raspberrypi 22:35:51.821 [main] INFO  edu.bjut.homo.myMain - meter_4740071282358933821:33223,171370
raspberrypi 22:35:51.821 [main] INFO  edu.bjut.homo.myMain - meter_301207576169711997:reg,reg_response
raspberrypi 22:35:51.821 [main] INFO  edu.bjut.homo.myMain - meter_301207576169711997:33278,140796
raspberrypi 22:35:51.821 [main] INFO  edu.bjut.homo.myMain - meter_7159365087993175963:reg,reg_response
raspberrypi 22:35:51.821 [main] INFO  edu.bjut.homo.myMain - meter_7159365087993175963:36685,126204
raspberrypi 22:35:51.822 [main] INFO  edu.bjut.homo.myMain - meter_1866949370832918493:reg,reg_response
raspberrypi 22:35:51.822 [main] INFO  edu.bjut.homo.myMain - meter_1866949370832918493:33667,116056
raspberrypi 22:35:51.822 [main] INFO  edu.bjut.homo.myMain - meter_7646633389713137427:reg,reg_response
raspberrypi 22:35:51.822 [main] INFO  edu.bjut.homo.myMain - meter_7646633389713137427:32241,80778
raspberrypi 22:35:51.823 [main] INFO  edu.bjut.homo.myMain - oneTimeMeterRepTime
raspberrypi 22:35:52.694 [main] INFO  edu.bjut.homo.myMain - agg:resp_agg
raspberrypi 22:35:52.695 [main] INFO  edu.bjut.homo.myMain - agg:307762648
raspberrypi 22:35:52.695 [main] INFO  edu.bjut.homo.myMain - server:report_res
raspberrypi 22:35:52.695 [main] INFO  edu.bjut.homo.myMain - server:38191704
raspberrypi 22:35:52.695 [main] INFO  edu.bjut.homo.myMain - meter_6135046083350382781:report
raspberrypi 22:35:52.695 [main] INFO  edu.bjut.homo.myMain - meter_6135046083350382781:26402796
raspberrypi 22:35:52.695 [main] INFO  edu.bjut.homo.myMain - meter_1695447989191315803:report
raspberrypi 22:35:52.695 [main] INFO  edu.bjut.homo.myMain - meter_1695447989191315803:26077574
raspberrypi 22:35:52.695 [main] INFO  edu.bjut.homo.myMain - meter_993135976071139809:report
raspberrypi 22:35:52.695 [main] INFO  edu.bjut.homo.myMain - meter_993135976071139809:26107167
raspberrypi 22:35:52.695 [main] INFO  edu.bjut.homo.myMain - meter_2896827923686790937:report
raspberrypi 22:35:52.695 [main] INFO  edu.bjut.homo.myMain - meter_2896827923686790937:25964277
raspberrypi 22:35:52.695 [main] INFO  edu.bjut.homo.myMain - meter_5321769934629877153:report
raspberrypi 22:35:52.695 [main] INFO  edu.bjut.homo.myMain - meter_5321769934629877153:27506871
raspberrypi 22:35:52.695 [main] INFO  edu.bjut.homo.myMain - meter_6012139646109896269:report
raspberrypi 22:35:52.695 [main] INFO  edu.bjut.homo.myMain - meter_6012139646109896269:26003815
raspberrypi 22:35:52.695 [main] INFO  edu.bjut.homo.myMain - meter_292623849264421661:report
raspberrypi 22:35:52.695 [main] INFO  edu.bjut.homo.myMain - meter_292623849264421661:26029500
raspberrypi 22:35:52.695 [main] INFO  edu.bjut.homo.myMain - meter_8676601690603307491:report
raspberrypi 22:35:52.696 [main] INFO  edu.bjut.homo.myMain - meter_8676601690603307491:25961926
raspberrypi 22:35:52.696 [main] INFO  edu.bjut.homo.myMain - meter_1597660310716331529:report
raspberrypi 22:35:52.696 [main] INFO  edu.bjut.homo.myMain - meter_1597660310716331529:26045741
raspberrypi 22:35:52.696 [main] INFO  edu.bjut.homo.myMain - meter_7941230732234259547:report
raspberrypi 22:35:52.696 [main] INFO  edu.bjut.homo.myMain - meter_7941230732234259547:26033167
raspberrypi 22:35:52.696 [main] INFO  edu.bjut.homo.myMain - meter_4471063697219057519:report
raspberrypi 22:35:52.696 [main] INFO  edu.bjut.homo.myMain - meter_4471063697219057519:26093648
raspberrypi 22:35:52.696 [main] INFO  edu.bjut.homo.myMain - meter_4143588005033285125:report
raspberrypi 22:35:52.696 [main] INFO  edu.bjut.homo.myMain - meter_4143588005033285125:26021722
raspberrypi 22:35:52.696 [main] INFO  edu.bjut.homo.myMain - meter_8245690118911833521:report
raspberrypi 22:35:52.696 [main] INFO  edu.bjut.homo.myMain - meter_8245690118911833521:26003167
raspberrypi 22:35:52.696 [main] INFO  edu.bjut.homo.myMain - meter_550423680917928643:report
raspberrypi 22:35:52.696 [main] INFO  edu.bjut.homo.myMain - meter_550423680917928643:27213870
raspberrypi 22:35:52.696 [main] INFO  edu.bjut.homo.myMain - meter_3442462357826594371:report
raspberrypi 22:35:52.696 [main] INFO  edu.bjut.homo.myMain - meter_3442462357826594371:26028889
raspberrypi 22:35:52.696 [main] INFO  edu.bjut.homo.myMain - meter_4740071282358933821:report
raspberrypi 22:35:52.696 [main] INFO  edu.bjut.homo.myMain - meter_4740071282358933821:26235982
raspberrypi 22:35:52.696 [main] INFO  edu.bjut.homo.myMain - meter_301207576169711997:report
raspberrypi 22:35:52.696 [main] INFO  edu.bjut.homo.myMain - meter_301207576169711997:26297908
raspberrypi 22:35:52.696 [main] INFO  edu.bjut.homo.myMain - meter_7159365087993175963:report
raspberrypi 22:35:52.696 [main] INFO  edu.bjut.homo.myMain - meter_7159365087993175963:26043648
raspberrypi 22:35:52.696 [main] INFO  edu.bjut.homo.myMain - meter_1866949370832918493:report
raspberrypi 22:35:52.696 [main] INFO  edu.bjut.homo.myMain - meter_1866949370832918493:25957889
raspberrypi 22:35:52.696 [main] INFO  edu.bjut.homo.myMain - meter_7646633389713137427:report
raspberrypi 22:35:52.696 [main] INFO  edu.bjut.homo.myMain - meter_7646633389713137427:26086537
