raspberrypi 02:29:57.830 [main] INFO  edu.bjut.homo.myMain - meterRegTime
raspberrypi 02:29:59.261 [main] INFO  edu.bjut.homo.myMain - kgc:reg_response,reg_response,reg_response,reg_response,reg_response,reg_response,reg_response,reg_response,reg_response,reg_response,reg_response,reg_response,reg_response,reg_response,reg_response,reg_response,reg_response,reg_response,reg_response,reg_response,reg_response,reg_response,reg_response,reg_response,reg_response,reg_response,reg_response,reg_response,reg_response,reg_response,reg_response,reg_response,reg_response,reg_response,reg_response,reg_response,reg_response,reg_response,reg_response,reg_response,reg_response,reg_response,reg_response,reg_response,reg_response,reg_response,reg_response,reg_response,reg_response,reg_response,reg_response,reg_response,reg_response,reg_response,reg_response,reg_response,reg_response,reg_response,reg_response,reg_response
raspberrypi 02:29:59.262 [main] INFO  edu.bjut.homo.myMain - kgc:23211240,23363926,24436704,22733203,22029130,21813093,22594574,33308759,22476944,22192518,21786944,22034648,21380389,22065092,21697722,22126537,21746667,21504352,21241833,21452278,20740092,21396926,20779926,21791592,43120778,21657297,21070981,21366760,21694444,21481370,21752426,21424963,20580000,20227834,20611463,20137704,20531444,20301222,20335000,20255981,20696833,32576093,21308778,21287926,21125130,21342519,21521314,21673185,20727778,20951648,20883889,20920426,21078315,20534944,21431519,21577333,20769037,21533852,34058833,20339778
raspberrypi 02:29:59.263 [main] INFO  edu.bjut.homo.myMain - meter_6933857426197247041:reg,reg_response
raspberrypi 02:29:59.263 [main] INFO  edu.bjut.homo.myMain - meter_6933857426197247041:1467648,2058296
raspberrypi 02:29:59.264 [main] INFO  edu.bjut.homo.myMain - meter_6113464136060912605:reg,reg_response
raspberrypi 02:29:59.264 [main] INFO  edu.bjut.homo.myMain - meter_6113464136060912605:234963,7790685
raspberrypi 02:29:59.265 [main] INFO  edu.bjut.homo.myMain - meter_3688522125134603385:reg,reg_response
raspberrypi 02:29:59.265 [main] INFO  edu.bjut.homo.myMain - meter_3688522125134603385:328278,970629
raspberrypi 02:29:59.265 [main] INFO  edu.bjut.homo.myMain - meter_5405265969692042265:reg,reg_response
raspberrypi 02:29:59.266 [main] INFO  edu.bjut.homo.myMain - meter_5405265969692042265:228463,808407
raspberrypi 02:29:59.267 [main] INFO  edu.bjut.homo.myMain - meter_7633636260250779665:reg,reg_response
raspberrypi 02:29:59.267 [main] INFO  edu.bjut.homo.myMain - meter_7633636260250779665:217777,732500
raspberrypi 02:29:59.268 [main] INFO  edu.bjut.homo.myMain - meter_5889836693477215487:reg,reg_response
raspberrypi 02:29:59.269 [main] INFO  edu.bjut.homo.myMain - meter_5889836693477215487:197703,908592
raspberrypi 02:29:59.270 [main] INFO  edu.bjut.homo.myMain - meter_5455709220429243335:reg,reg_response
raspberrypi 02:29:59.270 [main] INFO  edu.bjut.homo.myMain - meter_5455709220429243335:208908,767426
raspberrypi 02:29:59.271 [main] INFO  edu.bjut.homo.myMain - meter_249593048480904195:reg,reg_response
raspberrypi 02:29:59.271 [main] INFO  edu.bjut.homo.myMain - meter_249593048480904195:201222,868148
raspberrypi 02:29:59.272 [main] INFO  edu.bjut.homo.myMain - meter_621878885564776947:reg,reg_response
raspberrypi 02:29:59.272 [main] INFO  edu.bjut.homo.myMain - meter_621878885564776947:250888,729278
raspberrypi 02:29:59.272 [main] INFO  edu.bjut.homo.myMain - meter_3237126323178399165:reg,reg_response
raspberrypi 02:29:59.273 [main] INFO  edu.bjut.homo.myMain - meter_3237126323178399165:251000,741611
raspberrypi 02:29:59.273 [main] INFO  edu.bjut.homo.myMain - meter_3727684064707214765:reg,reg_response
raspberrypi 02:29:59.273 [main] INFO  edu.bjut.homo.myMain - meter_3727684064707214765:200574,677870
raspberrypi 02:29:59.274 [main] INFO  edu.bjut.homo.myMain - meter_8252938167967828085:reg,reg_response
raspberrypi 02:29:59.274 [main] INFO  edu.bjut.homo.myMain - meter_8252938167967828085:198333,395722
raspberrypi 02:29:59.275 [main] INFO  edu.bjut.homo.myMain - meter_5769273903074468637:reg,reg_response
raspberrypi 02:29:59.275 [main] INFO  edu.bjut.homo.myMain - meter_5769273903074468637:171722,548630
raspberrypi 02:29:59.275 [main] INFO  edu.bjut.homo.myMain - meter_6261126167126775415:reg,reg_response
raspberrypi 02:29:59.276 [main] INFO  edu.bjut.homo.myMain - meter_6261126167126775415:126519,611241
raspberrypi 02:29:59.276 [main] INFO  edu.bjut.homo.myMain - meter_7584115821610828945:reg,reg_response
raspberrypi 02:29:59.276 [main] INFO  edu.bjut.homo.myMain - meter_7584115821610828945:124963,387685
raspberrypi 02:29:59.277 [main] INFO  edu.bjut.homo.myMain - meter_3696726473204084479:reg,reg_response
raspberrypi 02:29:59.277 [main] INFO  edu.bjut.homo.myMain - meter_3696726473204084479:119870,502574
raspberrypi 02:29:59.277 [main] INFO  edu.bjut.homo.myMain - meter_2960432702754559227:reg,reg_response
raspberrypi 02:29:59.277 [main] INFO  edu.bjut.homo.myMain - meter_2960432702754559227:121129,543352
raspberrypi 02:29:59.277 [main] INFO  edu.bjut.homo.myMain - meter_3760910665084166397:reg,reg_response
raspberrypi 02:29:59.278 [main] INFO  edu.bjut.homo.myMain - meter_3760910665084166397:127574,493019
raspberrypi 02:29:59.278 [main] INFO  edu.bjut.homo.myMain - meter_491123117961936639:reg,reg_response
raspberrypi 02:29:59.278 [main] INFO  edu.bjut.homo.myMain - meter_491123117961936639:127408,519130
raspberrypi 02:29:59.279 [main] INFO  edu.bjut.homo.myMain - meter_6968383733479267681:reg,reg_response
raspberrypi 02:29:59.279 [main] INFO  edu.bjut.homo.myMain - meter_6968383733479267681:171537,584166
raspberrypi 02:29:59.279 [main] INFO  edu.bjut.homo.myMain - meter_8101345347104640205:reg,reg_response
raspberrypi 02:29:59.279 [main] INFO  edu.bjut.homo.myMain - meter_8101345347104640205:131018,351722
raspberrypi 02:29:59.280 [main] INFO  edu.bjut.homo.myMain - meter_7319478603368707679:reg,reg_response
raspberrypi 02:29:59.280 [main] INFO  edu.bjut.homo.myMain - meter_7319478603368707679:104741,485370
raspberrypi 02:29:59.280 [main] INFO  edu.bjut.homo.myMain - meter_1009349002595093035:reg,reg_response
raspberrypi 02:29:59.281 [main] INFO  edu.bjut.homo.myMain - meter_1009349002595093035:118778,349760
raspberrypi 02:29:59.281 [main] INFO  edu.bjut.homo.myMain - meter_7640472547344479837:reg,reg_response
raspberrypi 02:29:59.281 [main] INFO  edu.bjut.homo.myMain - meter_7640472547344479837:124166,744537
raspberrypi 02:29:59.282 [main] INFO  edu.bjut.homo.myMain - meter_151213503837015475:reg,reg_response
raspberrypi 02:29:59.282 [main] INFO  edu.bjut.homo.myMain - meter_151213503837015475:125833,615833
raspberrypi 02:29:59.283 [main] INFO  edu.bjut.homo.myMain - meter_3446422062273747097:reg,reg_response
raspberrypi 02:29:59.283 [main] INFO  edu.bjut.homo.myMain - meter_3446422062273747097:120908,565537
raspberrypi 02:29:59.283 [main] INFO  edu.bjut.homo.myMain - meter_2656986359362417657:reg,reg_response
raspberrypi 02:29:59.284 [main] INFO  edu.bjut.homo.myMain - meter_2656986359362417657:137407,1012482
raspberrypi 02:29:59.284 [main] INFO  edu.bjut.homo.myMain - meter_4678758488760596553:reg,reg_response
raspberrypi 02:29:59.284 [main] INFO  edu.bjut.homo.myMain - meter_4678758488760596553:148037,476463
raspberrypi 02:29:59.284 [main] INFO  edu.bjut.homo.myMain - meter_2318354587926644999:reg,reg_response
raspberrypi 02:29:59.285 [main] INFO  edu.bjut.homo.myMain - meter_2318354587926644999:135315,595075
raspberrypi 02:29:59.285 [main] INFO  edu.bjut.homo.myMain - meter_2071619987975212815:reg,reg_response
raspberrypi 02:29:59.285 [main] INFO  edu.bjut.homo.myMain - meter_2071619987975212815:146740,727777
raspberrypi 02:29:59.286 [main] INFO  edu.bjut.homo.myMain - meter_8497330211986500835:reg,reg_response
raspberrypi 02:29:59.286 [main] INFO  edu.bjut.homo.myMain - meter_8497330211986500835:175667,374370
raspberrypi 02:29:59.286 [main] INFO  edu.bjut.homo.myMain - meter_3752136310750025227:reg,reg_response
raspberrypi 02:29:59.286 [main] INFO  edu.bjut.homo.myMain - meter_3752136310750025227:104667,412111
raspberrypi 02:29:59.287 [main] INFO  edu.bjut.homo.myMain - meter_35234680078294605:reg,reg_response
raspberrypi 02:29:59.287 [main] INFO  edu.bjut.homo.myMain - meter_35234680078294605:111907,284093
raspberrypi 02:29:59.287 [main] INFO  edu.bjut.homo.myMain - meter_4226661138534459263:reg,reg_response
raspberrypi 02:29:59.287 [main] INFO  edu.bjut.homo.myMain - meter_4226661138534459263:91981,308593
raspberrypi 02:29:59.288 [main] INFO  edu.bjut.homo.myMain - meter_5310693084472059071:reg,reg_response
raspberrypi 02:29:59.288 [main] INFO  edu.bjut.homo.myMain - meter_5310693084472059071:93259,274630
raspberrypi 02:29:59.288 [main] INFO  edu.bjut.homo.myMain - meter_7301508726173766335:reg,reg_response
raspberrypi 02:29:59.289 [main] INFO  edu.bjut.homo.myMain - meter_7301508726173766335:90519,281426
raspberrypi 02:29:59.289 [main] INFO  edu.bjut.homo.myMain - meter_7200785526102203693:reg,reg_response
raspberrypi 02:29:59.290 [main] INFO  edu.bjut.homo.myMain - meter_7200785526102203693:92500,288833
raspberrypi 02:29:59.290 [main] INFO  edu.bjut.homo.myMain - meter_3785385883427618765:reg,reg_response
raspberrypi 02:29:59.291 [main] INFO  edu.bjut.homo.myMain - meter_3785385883427618765:93333,343166
raspberrypi 02:29:59.291 [main] INFO  edu.bjut.homo.myMain - meter_4770855059856331901:reg,reg_response
raspberrypi 02:29:59.291 [main] INFO  edu.bjut.homo.myMain - meter_4770855059856331901:121518,411907
raspberrypi 02:29:59.292 [main] INFO  edu.bjut.homo.myMain - meter_5739833205990220369:reg,reg_response
raspberrypi 02:29:59.292 [main] INFO  edu.bjut.homo.myMain - meter_5739833205990220369:97333,276759
raspberrypi 02:29:59.293 [main] INFO  edu.bjut.homo.myMain - meter_6795457413018004893:reg,reg_response
raspberrypi 02:29:59.293 [main] INFO  edu.bjut.homo.myMain - meter_6795457413018004893:86092,823833
raspberrypi 02:29:59.293 [main] INFO  edu.bjut.homo.myMain - meter_5610702262713939565:reg,reg_response
raspberrypi 02:29:59.294 [main] INFO  edu.bjut.homo.myMain - meter_5610702262713939565:150333,453055
raspberrypi 02:29:59.295 [main] INFO  edu.bjut.homo.myMain - meter_6350649286366175501:reg,reg_response
raspberrypi 02:29:59.295 [main] INFO  edu.bjut.homo.myMain - meter_6350649286366175501:99352,477518
raspberrypi 02:29:59.295 [main] INFO  edu.bjut.homo.myMain - meter_2432301251256416551:reg,reg_response
raspberrypi 02:29:59.296 [main] INFO  edu.bjut.homo.myMain - meter_2432301251256416551:119538,433870
raspberrypi 02:29:59.296 [main] INFO  edu.bjut.homo.myMain - meter_5795803158930788079:reg,reg_response
raspberrypi 02:29:59.297 [main] INFO  edu.bjut.homo.myMain - meter_5795803158930788079:121241,607870
raspberrypi 02:29:59.297 [main] INFO  edu.bjut.homo.myMain - meter_7120088431155122563:reg,reg_response
raspberrypi 02:29:59.298 [main] INFO  edu.bjut.homo.myMain - meter_7120088431155122563:168611,634852
raspberrypi 02:29:59.298 [main] INFO  edu.bjut.homo.myMain - meter_7305294625205121533:reg,reg_response
raspberrypi 02:29:59.299 [main] INFO  edu.bjut.homo.myMain - meter_7305294625205121533:173982,600815
raspberrypi 02:29:59.299 [main] INFO  edu.bjut.homo.myMain - meter_7739036416348215847:reg,reg_response
raspberrypi 02:29:59.299 [main] INFO  edu.bjut.homo.myMain - meter_7739036416348215847:227037,384167
raspberrypi 02:29:59.300 [main] INFO  edu.bjut.homo.myMain - meter_4216114234548996299:reg,reg_response
raspberrypi 02:29:59.300 [main] INFO  edu.bjut.homo.myMain - meter_4216114234548996299:94537,410462
raspberrypi 02:29:59.301 [main] INFO  edu.bjut.homo.myMain - meter_5849329660901009437:reg,reg_response
raspberrypi 02:29:59.301 [main] INFO  edu.bjut.homo.myMain - meter_5849329660901009437:116963,409426
raspberrypi 02:29:59.301 [main] INFO  edu.bjut.homo.myMain - meter_5717264291244875259:reg,reg_response
raspberrypi 02:29:59.302 [main] INFO  edu.bjut.homo.myMain - meter_5717264291244875259:214241,287518
raspberrypi 02:29:59.302 [main] INFO  edu.bjut.homo.myMain - meter_3393967197253943207:reg,reg_response
raspberrypi 02:29:59.302 [main] INFO  edu.bjut.homo.myMain - meter_3393967197253943207:85556,566408
raspberrypi 02:29:59.303 [main] INFO  edu.bjut.homo.myMain - meter_7057636109366621977:reg,reg_response
raspberrypi 02:29:59.303 [main] INFO  edu.bjut.homo.myMain - meter_7057636109366621977:255241,575297
raspberrypi 02:29:59.303 [main] INFO  edu.bjut.homo.myMain - meter_9211087930844642153:reg,reg_response
raspberrypi 02:29:59.304 [main] INFO  edu.bjut.homo.myMain - meter_9211087930844642153:149630,353740
raspberrypi 02:29:59.304 [main] INFO  edu.bjut.homo.myMain - meter_4720544459242607501:reg,reg_response
raspberrypi 02:29:59.304 [main] INFO  edu.bjut.homo.myMain - meter_4720544459242607501:94203,479500
raspberrypi 02:29:59.304 [main] INFO  edu.bjut.homo.myMain - meter_7946424752350479089:reg,reg_response
raspberrypi 02:29:59.304 [main] INFO  edu.bjut.homo.myMain - meter_7946424752350479089:126945,478834
raspberrypi 02:29:59.305 [main] INFO  edu.bjut.homo.myMain - meter_2773558153079731211:reg,reg_response
raspberrypi 02:29:59.305 [main] INFO  edu.bjut.homo.myMain - meter_2773558153079731211:137093,346055
raspberrypi 02:29:59.305 [main] INFO  edu.bjut.homo.myMain - meter_3742254819958718977:reg,reg_response
raspberrypi 02:29:59.306 [main] INFO  edu.bjut.homo.myMain - meter_3742254819958718977:91667,317870
raspberrypi 02:29:59.306 [main] INFO  edu.bjut.homo.myMain - meter_234098381653944891:reg,reg_response
raspberrypi 02:29:59.307 [main] INFO  edu.bjut.homo.myMain - meter_234098381653944891:91111,328278
raspberrypi 02:29:59.307 [main] INFO  edu.bjut.homo.myMain - meter_2006305687337325699:reg,reg_response
raspberrypi 02:29:59.307 [main] INFO  edu.bjut.homo.myMain - meter_2006305687337325699:92296,419685
raspberrypi 02:29:59.318 [main] INFO  edu.bjut.homo.myMain - oneTimeMeterRepTime
raspberrypi 02:30:02.264 [main] INFO  edu.bjut.homo.myMain - agg:resp_agg
raspberrypi 02:30:02.265 [main] INFO  edu.bjut.homo.myMain - agg:1007658740
raspberrypi 02:30:02.265 [main] INFO  edu.bjut.homo.myMain - server:report_res
raspberrypi 02:30:02.265 [main] INFO  edu.bjut.homo.myMain - server:40849759
raspberrypi 02:30:02.266 [main] INFO  edu.bjut.homo.myMain - meter_6933857426197247041:report
raspberrypi 02:30:02.266 [main] INFO  edu.bjut.homo.myMain - meter_6933857426197247041:119376778
raspberrypi 02:30:02.266 [main] INFO  edu.bjut.homo.myMain - meter_6113464136060912605:report
raspberrypi 02:30:02.266 [main] INFO  edu.bjut.homo.myMain - meter_6113464136060912605:32968926
raspberrypi 02:30:02.267 [main] INFO  edu.bjut.homo.myMain - meter_3688522125134603385:report
raspberrypi 02:30:02.267 [main] INFO  edu.bjut.homo.myMain - meter_3688522125134603385:31600204
raspberrypi 02:30:02.267 [main] INFO  edu.bjut.homo.myMain - meter_5405265969692042265:report
raspberrypi 02:30:02.267 [main] INFO  edu.bjut.homo.myMain - meter_5405265969692042265:31008426
raspberrypi 02:30:02.267 [main] INFO  edu.bjut.homo.myMain - meter_7633636260250779665:report
raspberrypi 02:30:02.267 [main] INFO  edu.bjut.homo.myMain - meter_7633636260250779665:31313000
raspberrypi 02:30:02.268 [main] INFO  edu.bjut.homo.myMain - meter_5889836693477215487:report
raspberrypi 02:30:02.268 [main] INFO  edu.bjut.homo.myMain - meter_5889836693477215487:37104926
raspberrypi 02:30:02.268 [main] INFO  edu.bjut.homo.myMain - meter_5455709220429243335:report
raspberrypi 02:30:02.268 [main] INFO  edu.bjut.homo.myMain - meter_5455709220429243335:31680371
raspberrypi 02:30:02.268 [main] INFO  edu.bjut.homo.myMain - meter_249593048480904195:report
raspberrypi 02:30:02.268 [main] INFO  edu.bjut.homo.myMain - meter_249593048480904195:31444870
raspberrypi 02:30:02.268 [main] INFO  edu.bjut.homo.myMain - meter_621878885564776947:report
raspberrypi 02:30:02.268 [main] INFO  edu.bjut.homo.myMain - meter_621878885564776947:32084556
raspberrypi 02:30:02.269 [main] INFO  edu.bjut.homo.myMain - meter_3237126323178399165:report
raspberrypi 02:30:02.269 [main] INFO  edu.bjut.homo.myMain - meter_3237126323178399165:31333982
raspberrypi 02:30:02.269 [main] INFO  edu.bjut.homo.myMain - meter_3727684064707214765:report
raspberrypi 02:30:02.269 [main] INFO  edu.bjut.homo.myMain - meter_3727684064707214765:31370333
raspberrypi 02:30:02.269 [main] INFO  edu.bjut.homo.myMain - meter_8252938167967828085:report
raspberrypi 02:30:02.269 [main] INFO  edu.bjut.homo.myMain - meter_8252938167967828085:35421778
raspberrypi 02:30:02.269 [main] INFO  edu.bjut.homo.myMain - meter_5769273903074468637:report
raspberrypi 02:30:02.269 [main] INFO  edu.bjut.homo.myMain - meter_5769273903074468637:30979926
raspberrypi 02:30:02.270 [main] INFO  edu.bjut.homo.myMain - meter_6261126167126775415:report
raspberrypi 02:30:02.270 [main] INFO  edu.bjut.homo.myMain - meter_6261126167126775415:30576814
raspberrypi 02:30:02.270 [main] INFO  edu.bjut.homo.myMain - meter_7584115821610828945:report
raspberrypi 02:30:02.270 [main] INFO  edu.bjut.homo.myMain - meter_7584115821610828945:29313407
raspberrypi 02:30:02.270 [main] INFO  edu.bjut.homo.myMain - meter_3696726473204084479:report
raspberrypi 02:30:02.270 [main] INFO  edu.bjut.homo.myMain - meter_3696726473204084479:29670130
raspberrypi 02:30:02.270 [main] INFO  edu.bjut.homo.myMain - meter_2960432702754559227:report
raspberrypi 02:30:02.270 [main] INFO  edu.bjut.homo.myMain - meter_2960432702754559227:28456611
raspberrypi 02:30:02.270 [main] INFO  edu.bjut.homo.myMain - meter_3760910665084166397:report
raspberrypi 02:30:02.270 [main] INFO  edu.bjut.homo.myMain - meter_3760910665084166397:30410203
raspberrypi 02:30:02.271 [main] INFO  edu.bjut.homo.myMain - meter_491123117961936639:report
raspberrypi 02:30:02.271 [main] INFO  edu.bjut.homo.myMain - meter_491123117961936639:29116056
raspberrypi 02:30:02.271 [main] INFO  edu.bjut.homo.myMain - meter_6968383733479267681:report
raspberrypi 02:30:02.271 [main] INFO  edu.bjut.homo.myMain - meter_6968383733479267681:29333537
raspberrypi 02:30:02.271 [main] INFO  edu.bjut.homo.myMain - meter_8101345347104640205:report
raspberrypi 02:30:02.271 [main] INFO  edu.bjut.homo.myMain - meter_8101345347104640205:29861815
raspberrypi 02:30:02.271 [main] INFO  edu.bjut.homo.myMain - meter_7319478603368707679:report
raspberrypi 02:30:02.271 [main] INFO  edu.bjut.homo.myMain - meter_7319478603368707679:31280370
raspberrypi 02:30:02.272 [main] INFO  edu.bjut.homo.myMain - meter_1009349002595093035:report
raspberrypi 02:30:02.272 [main] INFO  edu.bjut.homo.myMain - meter_1009349002595093035:30069722
raspberrypi 02:30:02.272 [main] INFO  edu.bjut.homo.myMain - meter_7640472547344479837:report
raspberrypi 02:30:02.272 [main] INFO  edu.bjut.homo.myMain - meter_7640472547344479837:30609574
raspberrypi 02:30:02.272 [main] INFO  edu.bjut.homo.myMain - meter_151213503837015475:report
raspberrypi 02:30:02.273 [main] INFO  edu.bjut.homo.myMain - meter_151213503837015475:34861333
raspberrypi 02:30:02.273 [main] INFO  edu.bjut.homo.myMain - meter_3446422062273747097:report
raspberrypi 02:30:02.273 [main] INFO  edu.bjut.homo.myMain - meter_3446422062273747097:30509889
raspberrypi 02:30:02.273 [main] INFO  edu.bjut.homo.myMain - meter_2656986359362417657:report
raspberrypi 02:30:02.273 [main] INFO  edu.bjut.homo.myMain - meter_2656986359362417657:29777871
raspberrypi 02:30:02.273 [main] INFO  edu.bjut.homo.myMain - meter_4678758488760596553:report
raspberrypi 02:30:02.273 [main] INFO  edu.bjut.homo.myMain - meter_4678758488760596553:30517111
raspberrypi 02:30:02.273 [main] INFO  edu.bjut.homo.myMain - meter_2318354587926644999:report
raspberrypi 02:30:02.273 [main] INFO  edu.bjut.homo.myMain - meter_2318354587926644999:32353944
raspberrypi 02:30:02.274 [main] INFO  edu.bjut.homo.myMain - meter_2071619987975212815:report
raspberrypi 02:30:02.274 [main] INFO  edu.bjut.homo.myMain - meter_2071619987975212815:30888129
raspberrypi 02:30:02.274 [main] INFO  edu.bjut.homo.myMain - meter_8497330211986500835:report
raspberrypi 02:30:02.274 [main] INFO  edu.bjut.homo.myMain - meter_8497330211986500835:32395944
raspberrypi 02:30:02.274 [main] INFO  edu.bjut.homo.myMain - meter_3752136310750025227:report
raspberrypi 02:30:02.274 [main] INFO  edu.bjut.homo.myMain - meter_3752136310750025227:29249500
raspberrypi 02:30:02.274 [main] INFO  edu.bjut.homo.myMain - meter_35234680078294605:report
raspberrypi 02:30:02.274 [main] INFO  edu.bjut.homo.myMain - meter_35234680078294605:29474426
raspberrypi 02:30:02.275 [main] INFO  edu.bjut.homo.myMain - meter_4226661138534459263:report
raspberrypi 02:30:02.275 [main] INFO  edu.bjut.homo.myMain - meter_4226661138534459263:29109426
raspberrypi 02:30:02.275 [main] INFO  edu.bjut.homo.myMain - meter_5310693084472059071:report
raspberrypi 02:30:02.275 [main] INFO  edu.bjut.homo.myMain - meter_5310693084472059071:29925907
raspberrypi 02:30:02.275 [main] INFO  edu.bjut.homo.myMain - meter_7301508726173766335:report
raspberrypi 02:30:02.275 [main] INFO  edu.bjut.homo.myMain - meter_7301508726173766335:28018463
raspberrypi 02:30:02.276 [main] INFO  edu.bjut.homo.myMain - meter_7200785526102203693:report
raspberrypi 02:30:02.276 [main] INFO  edu.bjut.homo.myMain - meter_7200785526102203693:30503537
raspberrypi 02:30:02.276 [main] INFO  edu.bjut.homo.myMain - meter_3785385883427618765:report
raspberrypi 02:30:02.276 [main] INFO  edu.bjut.homo.myMain - meter_3785385883427618765:28773723
raspberrypi 02:30:02.276 [main] INFO  edu.bjut.homo.myMain - meter_4770855059856331901:report
raspberrypi 02:30:02.276 [main] INFO  edu.bjut.homo.myMain - meter_4770855059856331901:29139296
raspberrypi 02:30:02.277 [main] INFO  edu.bjut.homo.myMain - meter_5739833205990220369:report
raspberrypi 02:30:02.277 [main] INFO  edu.bjut.homo.myMain - meter_5739833205990220369:28915278
raspberrypi 02:30:02.277 [main] INFO  edu.bjut.homo.myMain - meter_6795457413018004893:report
raspberrypi 02:30:02.277 [main] INFO  edu.bjut.homo.myMain - meter_6795457413018004893:28794519
raspberrypi 02:30:02.277 [main] INFO  edu.bjut.homo.myMain - meter_5610702262713939565:report
raspberrypi 02:30:02.277 [main] INFO  edu.bjut.homo.myMain - meter_5610702262713939565:28705500
raspberrypi 02:30:02.277 [main] INFO  edu.bjut.homo.myMain - meter_6350649286366175501:report
raspberrypi 02:30:02.278 [main] INFO  edu.bjut.homo.myMain - meter_6350649286366175501:32010223
raspberrypi 02:30:02.278 [main] INFO  edu.bjut.homo.myMain - meter_2432301251256416551:report
raspberrypi 02:30:02.278 [main] INFO  edu.bjut.homo.myMain - meter_2432301251256416551:28267518
raspberrypi 02:30:02.278 [main] INFO  edu.bjut.homo.myMain - meter_5795803158930788079:report
raspberrypi 02:30:02.278 [main] INFO  edu.bjut.homo.myMain - meter_5795803158930788079:28359037
raspberrypi 02:30:02.278 [main] INFO  edu.bjut.homo.myMain - meter_7120088431155122563:report
raspberrypi 02:30:02.279 [main] INFO  edu.bjut.homo.myMain - meter_7120088431155122563:28563834
raspberrypi 02:30:02.279 [main] INFO  edu.bjut.homo.myMain - meter_7305294625205121533:report
raspberrypi 02:30:02.279 [main] INFO  edu.bjut.homo.myMain - meter_7305294625205121533:28590537
raspberrypi 02:30:02.279 [main] INFO  edu.bjut.homo.myMain - meter_7739036416348215847:report
raspberrypi 02:30:02.279 [main] INFO  edu.bjut.homo.myMain - meter_7739036416348215847:27959167
raspberrypi 02:30:02.279 [main] INFO  edu.bjut.homo.myMain - meter_4216114234548996299:report
raspberrypi 02:30:02.279 [main] INFO  edu.bjut.homo.myMain - meter_4216114234548996299:27604334
raspberrypi 02:30:02.280 [main] INFO  edu.bjut.homo.myMain - meter_5849329660901009437:report
raspberrypi 02:30:02.280 [main] INFO  edu.bjut.homo.myMain - meter_5849329660901009437:30692537
raspberrypi 02:30:02.280 [main] INFO  edu.bjut.homo.myMain - meter_5717264291244875259:report
raspberrypi 02:30:02.280 [main] INFO  edu.bjut.homo.myMain - meter_5717264291244875259:27761815
raspberrypi 02:30:02.280 [main] INFO  edu.bjut.homo.myMain - meter_3393967197253943207:report
raspberrypi 02:30:02.280 [main] INFO  edu.bjut.homo.myMain - meter_3393967197253943207:28615259
raspberrypi 02:30:02.280 [main] INFO  edu.bjut.homo.myMain - meter_7057636109366621977:report
raspberrypi 02:30:02.280 [main] INFO  edu.bjut.homo.myMain - meter_7057636109366621977:28722963
raspberrypi 02:30:02.281 [main] INFO  edu.bjut.homo.myMain - meter_9211087930844642153:report
raspberrypi 02:30:02.281 [main] INFO  edu.bjut.homo.myMain - meter_9211087930844642153:28172130
raspberrypi 02:30:02.281 [main] INFO  edu.bjut.homo.myMain - meter_4720544459242607501:report
raspberrypi 02:30:02.281 [main] INFO  edu.bjut.homo.myMain - meter_4720544459242607501:28286871
raspberrypi 02:30:02.281 [main] INFO  edu.bjut.homo.myMain - meter_7946424752350479089:report
raspberrypi 02:30:02.281 [main] INFO  edu.bjut.homo.myMain - meter_7946424752350479089:32126889
raspberrypi 02:30:02.281 [main] INFO  edu.bjut.homo.myMain - meter_2773558153079731211:report
raspberrypi 02:30:02.281 [main] INFO  edu.bjut.homo.myMain - meter_2773558153079731211:27486148
raspberrypi 02:30:02.282 [main] INFO  edu.bjut.homo.myMain - meter_3742254819958718977:report
raspberrypi 02:30:02.282 [main] INFO  edu.bjut.homo.myMain - meter_3742254819958718977:27374871
raspberrypi 02:30:02.282 [main] INFO  edu.bjut.homo.myMain - meter_234098381653944891:report
raspberrypi 02:30:02.282 [main] INFO  edu.bjut.homo.myMain - meter_234098381653944891:27357814
raspberrypi 02:30:02.283 [main] INFO  edu.bjut.homo.myMain - meter_2006305687337325699:report
raspberrypi 02:30:02.283 [main] INFO  edu.bjut.homo.myMain - meter_2006305687337325699:27936148
raspberrypi 02:30:09.609 [main] INFO  edu.bjut.homo.myMain - meterRegTime
raspberrypi 02:30:10.634 [main] INFO  edu.bjut.homo.myMain - kgc:reg_response,reg_response,reg_response,reg_response,reg_response,reg_response,reg_response,reg_response,reg_response,reg_response,reg_response,reg_response,reg_response,reg_response,reg_response,reg_response,reg_response,reg_response,reg_response,reg_response,reg_response,reg_response,reg_response,reg_response,reg_response,reg_response,reg_response,reg_response,reg_response,reg_response,reg_response,reg_response,reg_response,reg_response,reg_response,reg_response,reg_response,reg_response,reg_response,reg_response,reg_response,reg_response,reg_response,reg_response,reg_response,reg_response,reg_response,reg_response,reg_response,reg_response
raspberrypi 02:30:10.635 [main] INFO  edu.bjut.homo.myMain - kgc:20325852,20844482,20151167,20520426,20398426,20333166,21697056,20418463,20058741,20066148,20023852,20334334,20469315,19901259,19869741,19984723,20466314,19848482,20077148,19922297,19888945,20183815,20299000,19887759,19888426,21054519,20063926,19971852,21551000,19893482,20233500,20092944,20226815,19853241,20382648,20280074,19889130,20094018,20203055,19924778,20080223,19791555,20036778,20001426,20017315,20635833,20015833,20044482,20155963,21764408
raspberrypi 02:30:10.635 [main] INFO  edu.bjut.homo.myMain - meter_3061338023884525961:reg,reg_response
raspberrypi 02:30:10.635 [main] INFO  edu.bjut.homo.myMain - meter_3061338023884525961:171778,179814
raspberrypi 02:30:10.636 [main] INFO  edu.bjut.homo.myMain - meter_6671035189443421337:reg,reg_response
raspberrypi 02:30:10.636 [main] INFO  edu.bjut.homo.myMain - meter_6671035189443421337:51167,259074
raspberrypi 02:30:10.636 [main] INFO  edu.bjut.homo.myMain - meter_4763597595662817721:reg,reg_response
raspberrypi 02:30:10.636 [main] INFO  edu.bjut.homo.myMain - meter_4763597595662817721:70963,230574
raspberrypi 02:30:10.636 [main] INFO  edu.bjut.homo.myMain - meter_4965040701582738793:reg,reg_response
raspberrypi 02:30:10.636 [main] INFO  edu.bjut.homo.myMain - meter_4965040701582738793:78556,393704
raspberrypi 02:30:10.636 [main] INFO  edu.bjut.homo.myMain - meter_8737376241612745583:reg,reg_response
raspberrypi 02:30:10.636 [main] INFO  edu.bjut.homo.myMain - meter_8737376241612745583:51463,263722
raspberrypi 02:30:10.637 [main] INFO  edu.bjut.homo.myMain - meter_8277878086136276023:reg,reg_response
raspberrypi 02:30:10.637 [main] INFO  edu.bjut.homo.myMain - meter_8277878086136276023:48574,152407
raspberrypi 02:30:10.637 [main] INFO  edu.bjut.homo.myMain - meter_2338654485208170645:reg,reg_response
raspberrypi 02:30:10.637 [main] INFO  edu.bjut.homo.myMain - meter_2338654485208170645:43371,128592
raspberrypi 02:30:10.637 [main] INFO  edu.bjut.homo.myMain - meter_8793811989594904933:reg,reg_response
raspberrypi 02:30:10.637 [main] INFO  edu.bjut.homo.myMain - meter_8793811989594904933:44685,132185
raspberrypi 02:30:10.637 [main] INFO  edu.bjut.homo.myMain - meter_139630802840138781:reg,reg_response
raspberrypi 02:30:10.637 [main] INFO  edu.bjut.homo.myMain - meter_139630802840138781:41093,138815
raspberrypi 02:30:10.638 [main] INFO  edu.bjut.homo.myMain - meter_3702749630318337425:reg,reg_response
raspberrypi 02:30:10.638 [main] INFO  edu.bjut.homo.myMain - meter_3702749630318337425:40223,124982
raspberrypi 02:30:10.638 [main] INFO  edu.bjut.homo.myMain - meter_8443781832932363805:reg,reg_response
raspberrypi 02:30:10.638 [main] INFO  edu.bjut.homo.myMain - meter_8443781832932363805:39037,138352
raspberrypi 02:30:10.638 [main] INFO  edu.bjut.homo.myMain - meter_8633185216521624649:reg,reg_response
raspberrypi 02:30:10.638 [main] INFO  edu.bjut.homo.myMain - meter_8633185216521624649:39907,210426
raspberrypi 02:30:10.638 [main] INFO  edu.bjut.homo.myMain - meter_2966455851278945799:reg,reg_response
raspberrypi 02:30:10.638 [main] INFO  edu.bjut.homo.myMain - meter_2966455851278945799:42334,125278
raspberrypi 02:30:10.639 [main] INFO  edu.bjut.homo.myMain - meter_5992718125104911901:reg,reg_response
raspberrypi 02:30:10.639 [main] INFO  edu.bjut.homo.myMain - meter_5992718125104911901:39111,123037
raspberrypi 02:30:10.639 [main] INFO  edu.bjut.homo.myMain - meter_6643294594496737605:reg,reg_response
raspberrypi 02:30:10.639 [main] INFO  edu.bjut.homo.myMain - meter_6643294594496737605:40593,141074
raspberrypi 02:30:10.639 [main] INFO  edu.bjut.homo.myMain - meter_3420142534898051059:reg,reg_response
raspberrypi 02:30:10.639 [main] INFO  edu.bjut.homo.myMain - meter_3420142534898051059:39278,126482
raspberrypi 02:30:10.639 [main] INFO  edu.bjut.homo.myMain - meter_2786190845385826557:reg,reg_response
raspberrypi 02:30:10.639 [main] INFO  edu.bjut.homo.myMain - meter_2786190845385826557:39296,122982
raspberrypi 02:30:10.640 [main] INFO  edu.bjut.homo.myMain - meter_5258715227728420813:reg,reg_response
raspberrypi 02:30:10.640 [main] INFO  edu.bjut.homo.myMain - meter_5258715227728420813:39167,121130
raspberrypi 02:30:10.640 [main] INFO  edu.bjut.homo.myMain - meter_6745637787813722527:reg,reg_response
raspberrypi 02:30:10.640 [main] INFO  edu.bjut.homo.myMain - meter_6745637787813722527:38815,142222
raspberrypi 02:30:10.640 [main] INFO  edu.bjut.homo.myMain - meter_6178209534240666899:reg,reg_response
raspberrypi 02:30:10.640 [main] INFO  edu.bjut.homo.myMain - meter_6178209534240666899:39185,126685
raspberrypi 02:30:10.640 [main] INFO  edu.bjut.homo.myMain - meter_3008197199524215881:reg,reg_response
raspberrypi 02:30:10.640 [main] INFO  edu.bjut.homo.myMain - meter_3008197199524215881:38889,125389
raspberrypi 02:30:10.640 [main] INFO  edu.bjut.homo.myMain - meter_5505449827679852183:reg,reg_response
raspberrypi 02:30:10.640 [main] INFO  edu.bjut.homo.myMain - meter_5505449827679852183:38593,126685
raspberrypi 02:30:10.640 [main] INFO  edu.bjut.homo.myMain - meter_7432730297408132239:reg,reg_response
raspberrypi 02:30:10.641 [main] INFO  edu.bjut.homo.myMain - meter_7432730297408132239:51130,122703
raspberrypi 02:30:10.641 [main] INFO  edu.bjut.homo.myMain - meter_5626735176458191123:reg,reg_response
raspberrypi 02:30:10.641 [main] INFO  edu.bjut.homo.myMain - meter_5626735176458191123:38611,123352
raspberrypi 02:30:10.641 [main] INFO  edu.bjut.homo.myMain - meter_8126278686276791871:reg,reg_response
raspberrypi 02:30:10.641 [main] INFO  edu.bjut.homo.myMain - meter_8126278686276791871:39704,123223
raspberrypi 02:30:10.641 [main] INFO  edu.bjut.homo.myMain - meter_8560406155029798631:reg,reg_response
raspberrypi 02:30:10.641 [main] INFO  edu.bjut.homo.myMain - meter_8560406155029798631:39444,205851
raspberrypi 02:30:10.641 [main] INFO  edu.bjut.homo.myMain - meter_6620187437145844123:reg,reg_response
raspberrypi 02:30:10.641 [main] INFO  edu.bjut.homo.myMain - meter_6620187437145844123:44074,269815
raspberrypi 02:30:10.641 [main] INFO  edu.bjut.homo.myMain - meter_1257634888404146829:reg,reg_response
raspberrypi 02:30:10.642 [main] INFO  edu.bjut.homo.myMain - meter_1257634888404146829:48315,120704
raspberrypi 02:30:10.642 [main] INFO  edu.bjut.homo.myMain - meter_6119510256885937219:reg,reg_response
raspberrypi 02:30:10.642 [main] INFO  edu.bjut.homo.myMain - meter_6119510256885937219:38370,124148
raspberrypi 02:30:10.642 [main] INFO  edu.bjut.homo.myMain - meter_5411880988697008159:reg,reg_response
raspberrypi 02:30:10.642 [main] INFO  edu.bjut.homo.myMain - meter_5411880988697008159:39703,119296
raspberrypi 02:30:10.642 [main] INFO  edu.bjut.homo.myMain - meter_5241166527650006833:reg,reg_response
raspberrypi 02:30:10.642 [main] INFO  edu.bjut.homo.myMain - meter_5241166527650006833:38037,135852
raspberrypi 02:30:10.642 [main] INFO  edu.bjut.homo.myMain - meter_608654327089842537:reg,reg_response
raspberrypi 02:30:10.642 [main] INFO  edu.bjut.homo.myMain - meter_608654327089842537:38500,253130
raspberrypi 02:30:10.643 [main] INFO  edu.bjut.homo.myMain - meter_1645801069924823865:reg,reg_response
raspberrypi 02:30:10.643 [main] INFO  edu.bjut.homo.myMain - meter_1645801069924823865:71463,137371
raspberrypi 02:30:10.643 [main] INFO  edu.bjut.homo.myMain - meter_8951532161598899571:reg,reg_response
raspberrypi 02:30:10.643 [main] INFO  edu.bjut.homo.myMain - meter_8951532161598899571:43111,123130
raspberrypi 02:30:10.643 [main] INFO  edu.bjut.homo.myMain - meter_3178295495211751629:reg,reg_response
raspberrypi 02:30:10.643 [main] INFO  edu.bjut.homo.myMain - meter_3178295495211751629:172907,221796
raspberrypi 02:30:10.643 [main] INFO  edu.bjut.homo.myMain - meter_4282558648222749259:reg,reg_response
raspberrypi 02:30:10.643 [main] INFO  edu.bjut.homo.myMain - meter_4282558648222749259:102629,351444
raspberrypi 02:30:10.643 [main] INFO  edu.bjut.homo.myMain - meter_4263641878561906765:reg,reg_response
raspberrypi 02:30:10.643 [main] INFO  edu.bjut.homo.myMain - meter_4263641878561906765:70426,224852
raspberrypi 02:30:10.644 [main] INFO  edu.bjut.homo.myMain - meter_997491401322965695:reg,reg_response
raspberrypi 02:30:10.644 [main] INFO  edu.bjut.homo.myMain - meter_997491401322965695:38500,109148
raspberrypi 02:30:10.644 [main] INFO  edu.bjut.homo.myMain - meter_3599403498848932811:reg,reg_response
raspberrypi 02:30:10.644 [main] INFO  edu.bjut.homo.myMain - meter_3599403498848932811:31815,110167
raspberrypi 02:30:10.644 [main] INFO  edu.bjut.homo.myMain - meter_693729187237181689:reg,reg_response
raspberrypi 02:30:10.644 [main] INFO  edu.bjut.homo.myMain - meter_693729187237181689:32648,107611
raspberrypi 02:30:10.644 [main] INFO  edu.bjut.homo.myMain - meter_2808372983043187977:reg,reg_response
raspberrypi 02:30:10.644 [main] INFO  edu.bjut.homo.myMain - meter_2808372983043187977:32352,105777
raspberrypi 02:30:10.645 [main] INFO  edu.bjut.homo.myMain - meter_1311699632963202997:reg,reg_response
raspberrypi 02:30:10.645 [main] INFO  edu.bjut.homo.myMain - meter_1311699632963202997:31037,105741
raspberrypi 02:30:10.645 [main] INFO  edu.bjut.homo.myMain - meter_7014835991826135453:reg,reg_response
raspberrypi 02:30:10.645 [main] INFO  edu.bjut.homo.myMain - meter_7014835991826135453:32037,120704
raspberrypi 02:30:10.645 [main] INFO  edu.bjut.homo.myMain - meter_5321943744340576489:reg,reg_response
raspberrypi 02:30:10.645 [main] INFO  edu.bjut.homo.myMain - meter_5321943744340576489:32703,162371
raspberrypi 02:30:10.645 [main] INFO  edu.bjut.homo.myMain - meter_8151085950043507969:reg,reg_response
raspberrypi 02:30:10.645 [main] INFO  edu.bjut.homo.myMain - meter_8151085950043507969:32556,317111
raspberrypi 02:30:10.645 [main] INFO  edu.bjut.homo.myMain - meter_7143299786844315641:reg,reg_response
raspberrypi 02:30:10.645 [main] INFO  edu.bjut.homo.myMain - meter_7143299786844315641:32537,100926
raspberrypi 02:30:10.646 [main] INFO  edu.bjut.homo.myMain - meter_8934962104777373757:reg,reg_response
raspberrypi 02:30:10.646 [main] INFO  edu.bjut.homo.myMain - meter_8934962104777373757:30555,103260
raspberrypi 02:30:10.646 [main] INFO  edu.bjut.homo.myMain - meter_7011620094764473563:reg,reg_response
raspberrypi 02:30:10.646 [main] INFO  edu.bjut.homo.myMain - meter_7011620094764473563:32778,163166
raspberrypi 02:30:10.646 [main] INFO  edu.bjut.homo.myMain - meter_900732940846192837:reg,reg_response
raspberrypi 02:30:10.646 [main] INFO  edu.bjut.homo.myMain - meter_900732940846192837:34981,181815
raspberrypi 02:30:10.646 [main] INFO  edu.bjut.homo.myMain - meter_1289570023669183891:reg,reg_response
raspberrypi 02:30:10.647 [main] INFO  edu.bjut.homo.myMain - meter_1289570023669183891:37389,290260
raspberrypi 02:30:10.648 [main] INFO  edu.bjut.homo.myMain - oneTimeMeterRepTime
raspberrypi 02:30:12.825 [main] INFO  edu.bjut.homo.myMain - agg:resp_agg
raspberrypi 02:30:12.825 [main] INFO  edu.bjut.homo.myMain - agg:749758944
raspberrypi 02:30:12.826 [main] INFO  edu.bjut.homo.myMain - server:report_res
raspberrypi 02:30:12.826 [main] INFO  edu.bjut.homo.myMain - server:39084408
raspberrypi 02:30:12.826 [main] INFO  edu.bjut.homo.myMain - meter_3061338023884525961:report
raspberrypi 02:30:12.826 [main] INFO  edu.bjut.homo.myMain - meter_3061338023884525961:27712111
raspberrypi 02:30:12.826 [main] INFO  edu.bjut.homo.myMain - meter_6671035189443421337:report
raspberrypi 02:30:12.826 [main] INFO  edu.bjut.homo.myMain - meter_6671035189443421337:28037426
raspberrypi 02:30:12.826 [main] INFO  edu.bjut.homo.myMain - meter_4763597595662817721:report
raspberrypi 02:30:12.826 [main] INFO  edu.bjut.homo.myMain - meter_4763597595662817721:28293630
raspberrypi 02:30:12.826 [main] INFO  edu.bjut.homo.myMain - meter_4965040701582738793:report
raspberrypi 02:30:12.827 [main] INFO  edu.bjut.homo.myMain - meter_4965040701582738793:28097611
raspberrypi 02:30:12.827 [main] INFO  edu.bjut.homo.myMain - meter_8737376241612745583:report
raspberrypi 02:30:12.827 [main] INFO  edu.bjut.homo.myMain - meter_8737376241612745583:30307111
raspberrypi 02:30:12.827 [main] INFO  edu.bjut.homo.myMain - meter_8277878086136276023:report
raspberrypi 02:30:12.827 [main] INFO  edu.bjut.homo.myMain - meter_8277878086136276023:28873740
raspberrypi 02:30:12.827 [main] INFO  edu.bjut.homo.myMain - meter_2338654485208170645:report
raspberrypi 02:30:12.827 [main] INFO  edu.bjut.homo.myMain - meter_2338654485208170645:28122000
raspberrypi 02:30:12.827 [main] INFO  edu.bjut.homo.myMain - meter_8793811989594904933:report
raspberrypi 02:30:12.827 [main] INFO  edu.bjut.homo.myMain - meter_8793811989594904933:29392056
raspberrypi 02:30:12.827 [main] INFO  edu.bjut.homo.myMain - meter_139630802840138781:report
raspberrypi 02:30:12.827 [main] INFO  edu.bjut.homo.myMain - meter_139630802840138781:26971018
raspberrypi 02:30:12.827 [main] INFO  edu.bjut.homo.myMain - meter_3702749630318337425:report
raspberrypi 02:30:12.828 [main] INFO  edu.bjut.homo.myMain - meter_3702749630318337425:27182815
raspberrypi 02:30:12.828 [main] INFO  edu.bjut.homo.myMain - meter_8443781832932363805:report
raspberrypi 02:30:12.828 [main] INFO  edu.bjut.homo.myMain - meter_8443781832932363805:27244185
raspberrypi 02:30:12.828 [main] INFO  edu.bjut.homo.myMain - meter_8633185216521624649:report
raspberrypi 02:30:12.828 [main] INFO  edu.bjut.homo.myMain - meter_8633185216521624649:27314260
raspberrypi 02:30:12.828 [main] INFO  edu.bjut.homo.myMain - meter_2966455851278945799:report
raspberrypi 02:30:12.828 [main] INFO  edu.bjut.homo.myMain - meter_2966455851278945799:27264944
raspberrypi 02:30:12.828 [main] INFO  edu.bjut.homo.myMain - meter_5992718125104911901:report
raspberrypi 02:30:12.828 [main] INFO  edu.bjut.homo.myMain - meter_5992718125104911901:27048704
raspberrypi 02:30:12.828 [main] INFO  edu.bjut.homo.myMain - meter_6643294594496737605:report
raspberrypi 02:30:12.828 [main] INFO  edu.bjut.homo.myMain - meter_6643294594496737605:27196222
raspberrypi 02:30:12.829 [main] INFO  edu.bjut.homo.myMain - meter_3420142534898051059:report
raspberrypi 02:30:12.829 [main] INFO  edu.bjut.homo.myMain - meter_3420142534898051059:29823019
raspberrypi 02:30:12.829 [main] INFO  edu.bjut.homo.myMain - meter_2786190845385826557:report
raspberrypi 02:30:12.829 [main] INFO  edu.bjut.homo.myMain - meter_2786190845385826557:27033000
raspberrypi 02:30:12.829 [main] INFO  edu.bjut.homo.myMain - meter_5258715227728420813:report
raspberrypi 02:30:12.829 [main] INFO  edu.bjut.homo.myMain - meter_5258715227728420813:27591371
raspberrypi 02:30:12.829 [main] INFO  edu.bjut.homo.myMain - meter_6745637787813722527:report
raspberrypi 02:30:12.829 [main] INFO  edu.bjut.homo.myMain - meter_6745637787813722527:27226982
raspberrypi 02:30:12.829 [main] INFO  edu.bjut.homo.myMain - meter_6178209534240666899:report
raspberrypi 02:30:12.830 [main] INFO  edu.bjut.homo.myMain - meter_6178209534240666899:27183555
raspberrypi 02:30:12.830 [main] INFO  edu.bjut.homo.myMain - meter_3008197199524215881:report
raspberrypi 02:30:12.830 [main] INFO  edu.bjut.homo.myMain - meter_3008197199524215881:27235222
raspberrypi 02:30:12.830 [main] INFO  edu.bjut.homo.myMain - meter_5505449827679852183:report
raspberrypi 02:30:12.830 [main] INFO  edu.bjut.homo.myMain - meter_5505449827679852183:27294518
raspberrypi 02:30:12.830 [main] INFO  edu.bjut.homo.myMain - meter_7432730297408132239:report
raspberrypi 02:30:12.830 [main] INFO  edu.bjut.homo.myMain - meter_7432730297408132239:28638611
raspberrypi 02:30:12.830 [main] INFO  edu.bjut.homo.myMain - meter_5626735176458191123:report
raspberrypi 02:30:12.830 [main] INFO  edu.bjut.homo.myMain - meter_5626735176458191123:26993907
raspberrypi 02:30:12.830 [main] INFO  edu.bjut.homo.myMain - meter_8126278686276791871:report
raspberrypi 02:30:12.831 [main] INFO  edu.bjut.homo.myMain - meter_8126278686276791871:27080759
raspberrypi 02:30:12.831 [main] INFO  edu.bjut.homo.myMain - meter_8560406155029798631:report
raspberrypi 02:30:12.831 [main] INFO  edu.bjut.homo.myMain - meter_8560406155029798631:27274445
raspberrypi 02:30:12.831 [main] INFO  edu.bjut.homo.myMain - meter_6620187437145844123:report
raspberrypi 02:30:12.831 [main] INFO  edu.bjut.homo.myMain - meter_6620187437145844123:27196666
raspberrypi 02:30:12.831 [main] INFO  edu.bjut.homo.myMain - meter_1257634888404146829:report
raspberrypi 02:30:12.831 [main] INFO  edu.bjut.homo.myMain - meter_1257634888404146829:27225834
raspberrypi 02:30:12.831 [main] INFO  edu.bjut.homo.myMain - meter_6119510256885937219:report
raspberrypi 02:30:12.831 [main] INFO  edu.bjut.homo.myMain - meter_6119510256885937219:27107482
raspberrypi 02:30:12.831 [main] INFO  edu.bjut.homo.myMain - meter_5411880988697008159:report
raspberrypi 02:30:12.831 [main] INFO  edu.bjut.homo.myMain - meter_5411880988697008159:27210852
raspberrypi 02:30:12.831 [main] INFO  edu.bjut.homo.myMain - meter_5241166527650006833:report
raspberrypi 02:30:12.832 [main] INFO  edu.bjut.homo.myMain - meter_5241166527650006833:28433426
raspberrypi 02:30:12.832 [main] INFO  edu.bjut.homo.myMain - meter_608654327089842537:report
raspberrypi 02:30:12.832 [main] INFO  edu.bjut.homo.myMain - meter_608654327089842537:27199630
raspberrypi 02:30:12.832 [main] INFO  edu.bjut.homo.myMain - meter_1645801069924823865:report
raspberrypi 02:30:12.832 [main] INFO  edu.bjut.homo.myMain - meter_1645801069924823865:27167481
raspberrypi 02:30:12.832 [main] INFO  edu.bjut.homo.myMain - meter_8951532161598899571:report
raspberrypi 02:30:12.832 [main] INFO  edu.bjut.homo.myMain - meter_8951532161598899571:27212351
raspberrypi 02:30:12.832 [main] INFO  edu.bjut.homo.myMain - meter_3178295495211751629:report
raspberrypi 02:30:12.832 [main] INFO  edu.bjut.homo.myMain - meter_3178295495211751629:27189445
raspberrypi 02:30:12.832 [main] INFO  edu.bjut.homo.myMain - meter_4282558648222749259:report
raspberrypi 02:30:12.832 [main] INFO  edu.bjut.homo.myMain - meter_4282558648222749259:27102555
raspberrypi 02:30:12.832 [main] INFO  edu.bjut.homo.myMain - meter_4263641878561906765:report
raspberrypi 02:30:12.833 [main] INFO  edu.bjut.homo.myMain - meter_4263641878561906765:27253018
raspberrypi 02:30:12.833 [main] INFO  edu.bjut.homo.myMain - meter_997491401322965695:report
raspberrypi 02:30:12.833 [main] INFO  edu.bjut.homo.myMain - meter_997491401322965695:27724333
raspberrypi 02:30:12.833 [main] INFO  edu.bjut.homo.myMain - meter_3599403498848932811:report
raspberrypi 02:30:12.833 [main] INFO  edu.bjut.homo.myMain - meter_3599403498848932811:28423000
raspberrypi 02:30:12.833 [main] INFO  edu.bjut.homo.myMain - meter_693729187237181689:report
raspberrypi 02:30:12.833 [main] INFO  edu.bjut.homo.myMain - meter_693729187237181689:26835037
raspberrypi 02:30:12.833 [main] INFO  edu.bjut.homo.myMain - meter_2808372983043187977:report
raspberrypi 02:30:12.833 [main] INFO  edu.bjut.homo.myMain - meter_2808372983043187977:27244666
raspberrypi 02:30:12.833 [main] INFO  edu.bjut.homo.myMain - meter_1311699632963202997:report
raspberrypi 02:30:12.833 [main] INFO  edu.bjut.homo.myMain - meter_1311699632963202997:27698611
raspberrypi 02:30:12.833 [main] INFO  edu.bjut.homo.myMain - meter_7014835991826135453:report
raspberrypi 02:30:12.834 [main] INFO  edu.bjut.homo.myMain - meter_7014835991826135453:27749796
raspberrypi 02:30:12.834 [main] INFO  edu.bjut.homo.myMain - meter_5321943744340576489:report
raspberrypi 02:30:12.834 [main] INFO  edu.bjut.homo.myMain - meter_5321943744340576489:28259222
raspberrypi 02:30:12.834 [main] INFO  edu.bjut.homo.myMain - meter_8151085950043507969:report
raspberrypi 02:30:12.834 [main] INFO  edu.bjut.homo.myMain - meter_8151085950043507969:28213574
raspberrypi 02:30:12.834 [main] INFO  edu.bjut.homo.myMain - meter_7143299786844315641:report
raspberrypi 02:30:12.834 [main] INFO  edu.bjut.homo.myMain - meter_7143299786844315641:31517333
raspberrypi 02:30:12.834 [main] INFO  edu.bjut.homo.myMain - meter_8934962104777373757:report
raspberrypi 02:30:12.834 [main] INFO  edu.bjut.homo.myMain - meter_8934962104777373757:27721611
raspberrypi 02:30:12.834 [main] INFO  edu.bjut.homo.myMain - meter_7011620094764473563:report
raspberrypi 02:30:12.834 [main] INFO  edu.bjut.homo.myMain - meter_7011620094764473563:26915148
raspberrypi 02:30:12.834 [main] INFO  edu.bjut.homo.myMain - meter_900732940846192837:report
raspberrypi 02:30:12.835 [main] INFO  edu.bjut.homo.myMain - meter_900732940846192837:27079370
raspberrypi 02:30:12.835 [main] INFO  edu.bjut.homo.myMain - meter_1289570023669183891:report
raspberrypi 02:30:12.835 [main] INFO  edu.bjut.homo.myMain - meter_1289570023669183891:27334889
raspberrypi 02:30:19.166 [main] INFO  edu.bjut.homo.myMain - meterRegTime
raspberrypi 02:30:19.981 [main] INFO  edu.bjut.homo.myMain - kgc:reg_response,reg_response,reg_response,reg_response,reg_response,reg_response,reg_response,reg_response,reg_response,reg_response,reg_response,reg_response,reg_response,reg_response,reg_response,reg_response,reg_response,reg_response,reg_response,reg_response,reg_response,reg_response,reg_response,reg_response,reg_response,reg_response,reg_response,reg_response,reg_response,reg_response,reg_response,reg_response,reg_response,reg_response,reg_response,reg_response,reg_response,reg_response,reg_response,reg_response
raspberrypi 02:30:19.982 [main] INFO  edu.bjut.homo.myMain - kgc:19998111,21410407,19757629,20071111,19745945,20051537,20044074,19883445,20080389,19930129,19663666,19803000,20663778,19707055,21294352,20450722,21081407,20017241,20082723,19697981,19888277,20516815,21061482,19660629,19969703,21628982,19893704,19960148,19655167,19937352,19616722,20935482,20390055,19832333,20699296,20474740,19652000,19713426,20028463,19927278
raspberrypi 02:30:19.982 [main] INFO  edu.bjut.homo.myMain - meter_8370157882097010477:reg,reg_response
raspberrypi 02:30:19.982 [main] INFO  edu.bjut.homo.myMain - meter_8370157882097010477:135407,105149
raspberrypi 02:30:19.982 [main] INFO  edu.bjut.homo.myMain - meter_2457567735363459171:reg,reg_response
raspberrypi 02:30:19.982 [main] INFO  edu.bjut.homo.myMain - meter_2457567735363459171:36907,100426
raspberrypi 02:30:19.982 [main] INFO  edu.bjut.homo.myMain - meter_1413478299533750811:reg,reg_response
raspberrypi 02:30:19.982 [main] INFO  edu.bjut.homo.myMain - meter_1413478299533750811:30592,97000
raspberrypi 02:30:19.983 [main] INFO  edu.bjut.homo.myMain - meter_6016417148607932817:reg,reg_response
raspberrypi 02:30:19.983 [main] INFO  edu.bjut.homo.myMain - meter_6016417148607932817:31796,97055
raspberrypi 02:30:19.983 [main] INFO  edu.bjut.homo.myMain - meter_7154446244096409693:reg,reg_response
raspberrypi 02:30:19.983 [main] INFO  edu.bjut.homo.myMain - meter_7154446244096409693:44575,96426
raspberrypi 02:30:19.983 [main] INFO  edu.bjut.homo.myMain - meter_7559626631822356945:reg,reg_response
raspberrypi 02:30:19.983 [main] INFO  edu.bjut.homo.myMain - meter_7559626631822356945:32092,100834
raspberrypi 02:30:19.983 [main] INFO  edu.bjut.homo.myMain - meter_6790083284417052151:reg,reg_response
raspberrypi 02:30:19.983 [main] INFO  edu.bjut.homo.myMain - meter_6790083284417052151:31334,200351
raspberrypi 02:30:19.983 [main] INFO  edu.bjut.homo.myMain - meter_1267466903948783599:reg,reg_response
raspberrypi 02:30:19.983 [main] INFO  edu.bjut.homo.myMain - meter_1267466903948783599:35000,127222
raspberrypi 02:30:19.984 [main] INFO  edu.bjut.homo.myMain - meter_5691717431656103793:reg,reg_response
raspberrypi 02:30:19.984 [main] INFO  edu.bjut.homo.myMain - meter_5691717431656103793:32389,97870
raspberrypi 02:30:19.984 [main] INFO  edu.bjut.homo.myMain - meter_7344773543555960511:reg,reg_response
raspberrypi 02:30:19.984 [main] INFO  edu.bjut.homo.myMain - meter_7344773543555960511:31018,92945
raspberrypi 02:30:19.984 [main] INFO  edu.bjut.homo.myMain - meter_821416783119963947:reg,reg_response
raspberrypi 02:30:19.984 [main] INFO  edu.bjut.homo.myMain - meter_821416783119963947:32037,94148
raspberrypi 02:30:19.984 [main] INFO  edu.bjut.homo.myMain - meter_6402039425274309353:reg,reg_response
raspberrypi 02:30:19.984 [main] INFO  edu.bjut.homo.myMain - meter_6402039425274309353:31167,181722
raspberrypi 02:30:19.984 [main] INFO  edu.bjut.homo.myMain - meter_1486459809458746665:reg,reg_response
raspberrypi 02:30:19.984 [main] INFO  edu.bjut.homo.myMain - meter_1486459809458746665:34407,104389
raspberrypi 02:30:19.984 [main] INFO  edu.bjut.homo.myMain - meter_3785924126016584655:reg,reg_response
raspberrypi 02:30:19.984 [main] INFO  edu.bjut.homo.myMain - meter_3785924126016584655:31352,369982
raspberrypi 02:30:19.985 [main] INFO  edu.bjut.homo.myMain - meter_4540611498772754773:reg,reg_response
raspberrypi 02:30:19.985 [main] INFO  edu.bjut.homo.myMain - meter_4540611498772754773:36223,299481
raspberrypi 02:30:19.985 [main] INFO  edu.bjut.homo.myMain - meter_9113447973416164421:reg,reg_response
raspberrypi 02:30:19.985 [main] INFO  edu.bjut.homo.myMain - meter_9113447973416164421:55037,214500
raspberrypi 02:30:19.985 [main] INFO  edu.bjut.homo.myMain - meter_8446918712040288249:reg,reg_response
raspberrypi 02:30:19.985 [main] INFO  edu.bjut.homo.myMain - meter_8446918712040288249:39796,88370
raspberrypi 02:30:19.985 [main] INFO  edu.bjut.homo.myMain - meter_2808965953018556267:reg,reg_response
raspberrypi 02:30:19.985 [main] INFO  edu.bjut.homo.myMain - meter_2808965953018556267:33481,157149
raspberrypi 02:30:19.985 [main] INFO  edu.bjut.homo.myMain - meter_8829403018676982521:reg,reg_response
raspberrypi 02:30:19.985 [main] INFO  edu.bjut.homo.myMain - meter_8829403018676982521:38704,143629
raspberrypi 02:30:19.985 [main] INFO  edu.bjut.homo.myMain - meter_6496690228953113581:reg,reg_response
raspberrypi 02:30:19.985 [main] INFO  edu.bjut.homo.myMain - meter_6496690228953113581:34055,97037
raspberrypi 02:30:19.986 [main] INFO  edu.bjut.homo.myMain - meter_9100894307653674923:reg,reg_response
raspberrypi 02:30:19.986 [main] INFO  edu.bjut.homo.myMain - meter_9100894307653674923:32444,85518
raspberrypi 02:30:19.986 [main] INFO  edu.bjut.homo.myMain - meter_6324423382553706951:reg,reg_response
raspberrypi 02:30:19.986 [main] INFO  edu.bjut.homo.myMain - meter_6324423382553706951:33500,82741
raspberrypi 02:30:19.986 [main] INFO  edu.bjut.homo.myMain - meter_1851386192094789735:reg,reg_response
raspberrypi 02:30:19.986 [main] INFO  edu.bjut.homo.myMain - meter_1851386192094789735:32278,87056
raspberrypi 02:30:19.986 [main] INFO  edu.bjut.homo.myMain - meter_7662117541924567095:reg,reg_response
raspberrypi 02:30:19.986 [main] INFO  edu.bjut.homo.myMain - meter_7662117541924567095:33167,86223
raspberrypi 02:30:19.986 [main] INFO  edu.bjut.homo.myMain - meter_7367880696611953041:reg,reg_response
raspberrypi 02:30:19.986 [main] INFO  edu.bjut.homo.myMain - meter_7367880696611953041:31741,85241
raspberrypi 02:30:19.987 [main] INFO  edu.bjut.homo.myMain - meter_7407532516410832715:reg,reg_response
raspberrypi 02:30:19.987 [main] INFO  edu.bjut.homo.myMain - meter_7407532516410832715:32223,86648
raspberrypi 02:30:19.987 [main] INFO  edu.bjut.homo.myMain - meter_588171196353450923:reg,reg_response
raspberrypi 02:30:19.988 [main] INFO  edu.bjut.homo.myMain - meter_588171196353450923:32296,84019
raspberrypi 02:30:19.988 [main] INFO  edu.bjut.homo.myMain - meter_3928670149293286993:reg,reg_response
raspberrypi 02:30:19.988 [main] INFO  edu.bjut.homo.myMain - meter_3928670149293286993:33074,121296
raspberrypi 02:30:19.988 [main] INFO  edu.bjut.homo.myMain - meter_1333160303183442795:reg,reg_response
raspberrypi 02:30:19.988 [main] INFO  edu.bjut.homo.myMain - meter_1333160303183442795:32981,86352
raspberrypi 02:30:19.988 [main] INFO  edu.bjut.homo.myMain - meter_1193630176951494807:reg,reg_response
raspberrypi 02:30:19.988 [main] INFO  edu.bjut.homo.myMain - meter_1193630176951494807:32130,88277
raspberrypi 02:30:19.988 [main] INFO  edu.bjut.homo.myMain - meter_3086015694956114839:reg,reg_response
raspberrypi 02:30:19.988 [main] INFO  edu.bjut.homo.myMain - meter_3086015694956114839:32945,100463
raspberrypi 02:30:19.989 [main] INFO  edu.bjut.homo.myMain - meter_1410855372430809489:reg,reg_response
raspberrypi 02:30:19.989 [main] INFO  edu.bjut.homo.myMain - meter_1410855372430809489:32481,184260
raspberrypi 02:30:19.989 [main] INFO  edu.bjut.homo.myMain - meter_5281619932351242717:reg,reg_response
raspberrypi 02:30:19.989 [main] INFO  edu.bjut.homo.myMain - meter_5281619932351242717:39463,142296
raspberrypi 02:30:19.989 [main] INFO  edu.bjut.homo.myMain - meter_4013611264100356689:reg,reg_response
raspberrypi 02:30:19.989 [main] INFO  edu.bjut.homo.myMain - meter_4013611264100356689:34611,88537
raspberrypi 02:30:19.989 [main] INFO  edu.bjut.homo.myMain - meter_1476169673068697051:reg,reg_response
raspberrypi 02:30:19.989 [main] INFO  edu.bjut.homo.myMain - meter_1476169673068697051:32630,89815
raspberrypi 02:30:19.989 [main] INFO  edu.bjut.homo.myMain - meter_7317858614401475009:reg,reg_response
raspberrypi 02:30:19.989 [main] INFO  edu.bjut.homo.myMain - meter_7317858614401475009:33648,87112
raspberrypi 02:30:19.989 [main] INFO  edu.bjut.homo.myMain - meter_6241560377559345057:reg,reg_response
raspberrypi 02:30:19.989 [main] INFO  edu.bjut.homo.myMain - meter_6241560377559345057:33092,85556
raspberrypi 02:30:19.990 [main] INFO  edu.bjut.homo.myMain - meter_7217136518119729813:reg,reg_response
raspberrypi 02:30:19.990 [main] INFO  edu.bjut.homo.myMain - meter_7217136518119729813:32889,178592
raspberrypi 02:30:19.990 [main] INFO  edu.bjut.homo.myMain - meter_1809179044512960009:reg,reg_response
raspberrypi 02:30:19.990 [main] INFO  edu.bjut.homo.myMain - meter_1809179044512960009:40315,88889
raspberrypi 02:30:19.990 [main] INFO  edu.bjut.homo.myMain - meter_8152865087297769771:reg,reg_response
raspberrypi 02:30:19.990 [main] INFO  edu.bjut.homo.myMain - meter_8152865087297769771:33074,89259
raspberrypi 02:30:19.991 [main] INFO  edu.bjut.homo.myMain - oneTimeMeterRepTime
raspberrypi 02:30:21.726 [main] INFO  edu.bjut.homo.myMain - agg:resp_agg
raspberrypi 02:30:21.726 [main] INFO  edu.bjut.homo.myMain - agg:611328240
raspberrypi 02:30:21.727 [main] INFO  edu.bjut.homo.myMain - server:report_res
raspberrypi 02:30:21.727 [main] INFO  edu.bjut.homo.myMain - server:38808556
raspberrypi 02:30:21.727 [main] INFO  edu.bjut.homo.myMain - meter_8370157882097010477:report
raspberrypi 02:30:21.727 [main] INFO  edu.bjut.homo.myMain - meter_8370157882097010477:28265278
raspberrypi 02:30:21.727 [main] INFO  edu.bjut.homo.myMain - meter_2457567735363459171:report
raspberrypi 02:30:21.727 [main] INFO  edu.bjut.homo.myMain - meter_2457567735363459171:26666981
raspberrypi 02:30:21.727 [main] INFO  edu.bjut.homo.myMain - meter_1413478299533750811:report
raspberrypi 02:30:21.727 [main] INFO  edu.bjut.homo.myMain - meter_1413478299533750811:26646667
raspberrypi 02:30:21.727 [main] INFO  edu.bjut.homo.myMain - meter_6016417148607932817:report
raspberrypi 02:30:21.727 [main] INFO  edu.bjut.homo.myMain - meter_6016417148607932817:27018963
raspberrypi 02:30:21.727 [main] INFO  edu.bjut.homo.myMain - meter_7154446244096409693:report
raspberrypi 02:30:21.727 [main] INFO  edu.bjut.homo.myMain - meter_7154446244096409693:26803537
raspberrypi 02:30:21.727 [main] INFO  edu.bjut.homo.myMain - meter_7559626631822356945:report
raspberrypi 02:30:21.727 [main] INFO  edu.bjut.homo.myMain - meter_7559626631822356945:27070908
raspberrypi 02:30:21.728 [main] INFO  edu.bjut.homo.myMain - meter_6790083284417052151:report
raspberrypi 02:30:21.728 [main] INFO  edu.bjut.homo.myMain - meter_6790083284417052151:26716703
raspberrypi 02:30:21.728 [main] INFO  edu.bjut.homo.myMain - meter_1267466903948783599:report
raspberrypi 02:30:21.728 [main] INFO  edu.bjut.homo.myMain - meter_1267466903948783599:26907185
raspberrypi 02:30:21.728 [main] INFO  edu.bjut.homo.myMain - meter_5691717431656103793:report
raspberrypi 02:30:21.728 [main] INFO  edu.bjut.homo.myMain - meter_5691717431656103793:28186722
raspberrypi 02:30:21.728 [main] INFO  edu.bjut.homo.myMain - meter_7344773543555960511:report
raspberrypi 02:30:21.728 [main] INFO  edu.bjut.homo.myMain - meter_7344773543555960511:26688556
raspberrypi 02:30:21.728 [main] INFO  edu.bjut.homo.myMain - meter_821416783119963947:report
raspberrypi 02:30:21.728 [main] INFO  edu.bjut.homo.myMain - meter_821416783119963947:26666481
raspberrypi 02:30:21.728 [main] INFO  edu.bjut.homo.myMain - meter_6402039425274309353:report
raspberrypi 02:30:21.728 [main] INFO  edu.bjut.homo.myMain - meter_6402039425274309353:26892166
raspberrypi 02:30:21.728 [main] INFO  edu.bjut.homo.myMain - meter_1486459809458746665:report
raspberrypi 02:30:21.728 [main] INFO  edu.bjut.homo.myMain - meter_1486459809458746665:26898667
raspberrypi 02:30:21.728 [main] INFO  edu.bjut.homo.myMain - meter_3785924126016584655:report
raspberrypi 02:30:21.728 [main] INFO  edu.bjut.homo.myMain - meter_3785924126016584655:26922019
raspberrypi 02:30:21.728 [main] INFO  edu.bjut.homo.myMain - meter_4540611498772754773:report
raspberrypi 02:30:21.728 [main] INFO  edu.bjut.homo.myMain - meter_4540611498772754773:26820888
raspberrypi 02:30:21.729 [main] INFO  edu.bjut.homo.myMain - meter_9113447973416164421:report
raspberrypi 02:30:21.729 [main] INFO  edu.bjut.homo.myMain - meter_9113447973416164421:26880482
raspberrypi 02:30:21.729 [main] INFO  edu.bjut.homo.myMain - meter_8446918712040288249:report
raspberrypi 02:30:21.729 [main] INFO  edu.bjut.homo.myMain - meter_8446918712040288249:28049055
raspberrypi 02:30:21.729 [main] INFO  edu.bjut.homo.myMain - meter_2808965953018556267:report
raspberrypi 02:30:21.729 [main] INFO  edu.bjut.homo.myMain - meter_2808965953018556267:26768260
raspberrypi 02:30:21.729 [main] INFO  edu.bjut.homo.myMain - meter_8829403018676982521:report
raspberrypi 02:30:21.729 [main] INFO  edu.bjut.homo.myMain - meter_8829403018676982521:26728018
raspberrypi 02:30:21.729 [main] INFO  edu.bjut.homo.myMain - meter_6496690228953113581:report
raspberrypi 02:30:21.729 [main] INFO  edu.bjut.homo.myMain - meter_6496690228953113581:26821204
raspberrypi 02:30:21.730 [main] INFO  edu.bjut.homo.myMain - meter_9100894307653674923:report
raspberrypi 02:30:21.730 [main] INFO  edu.bjut.homo.myMain - meter_9100894307653674923:26895185
raspberrypi 02:30:21.731 [main] INFO  edu.bjut.homo.myMain - meter_6324423382553706951:report
raspberrypi 02:30:21.731 [main] INFO  edu.bjut.homo.myMain - meter_6324423382553706951:27005741
raspberrypi 02:30:21.731 [main] INFO  edu.bjut.homo.myMain - meter_1851386192094789735:report
raspberrypi 02:30:21.731 [main] INFO  edu.bjut.homo.myMain - meter_1851386192094789735:26901352
raspberrypi 02:30:21.731 [main] INFO  edu.bjut.homo.myMain - meter_7662117541924567095:report
raspberrypi 02:30:21.731 [main] INFO  edu.bjut.homo.myMain - meter_7662117541924567095:28136426
raspberrypi 02:30:21.731 [main] INFO  edu.bjut.homo.myMain - meter_7367880696611953041:report
raspberrypi 02:30:21.731 [main] INFO  edu.bjut.homo.myMain - meter_7367880696611953041:26663130
raspberrypi 02:30:21.731 [main] INFO  edu.bjut.homo.myMain - meter_7407532516410832715:report
raspberrypi 02:30:21.731 [main] INFO  edu.bjut.homo.myMain - meter_7407532516410832715:26705408
raspberrypi 02:30:21.731 [main] INFO  edu.bjut.homo.myMain - meter_588171196353450923:report
raspberrypi 02:30:21.731 [main] INFO  edu.bjut.homo.myMain - meter_588171196353450923:26802889
raspberrypi 02:30:21.731 [main] INFO  edu.bjut.homo.myMain - meter_3928670149293286993:report
raspberrypi 02:30:21.732 [main] INFO  edu.bjut.homo.myMain - meter_3928670149293286993:26825092
raspberrypi 02:30:21.732 [main] INFO  edu.bjut.homo.myMain - meter_1333160303183442795:report
raspberrypi 02:30:21.732 [main] INFO  edu.bjut.homo.myMain - meter_1333160303183442795:26965167
raspberrypi 02:30:21.732 [main] INFO  edu.bjut.homo.myMain - meter_1193630176951494807:report
raspberrypi 02:30:21.732 [main] INFO  edu.bjut.homo.myMain - meter_1193630176951494807:26935981
raspberrypi 02:30:21.732 [main] INFO  edu.bjut.homo.myMain - meter_3086015694956114839:report
raspberrypi 02:30:21.732 [main] INFO  edu.bjut.homo.myMain - meter_3086015694956114839:26887037
raspberrypi 02:30:21.732 [main] INFO  edu.bjut.homo.myMain - meter_1410855372430809489:report
raspberrypi 02:30:21.732 [main] INFO  edu.bjut.homo.myMain - meter_1410855372430809489:28407482
raspberrypi 02:30:21.732 [main] INFO  edu.bjut.homo.myMain - meter_5281619932351242717:report
raspberrypi 02:30:21.732 [main] INFO  edu.bjut.homo.myMain - meter_5281619932351242717:27068407
raspberrypi 02:30:21.732 [main] INFO  edu.bjut.homo.myMain - meter_4013611264100356689:report
raspberrypi 02:30:21.732 [main] INFO  edu.bjut.homo.myMain - meter_4013611264100356689:26671167
raspberrypi 02:30:21.732 [main] INFO  edu.bjut.homo.myMain - meter_1476169673068697051:report
raspberrypi 02:30:21.732 [main] INFO  edu.bjut.homo.myMain - meter_1476169673068697051:26878574
raspberrypi 02:30:21.732 [main] INFO  edu.bjut.homo.myMain - meter_7317858614401475009:report
raspberrypi 02:30:21.733 [main] INFO  edu.bjut.homo.myMain - meter_7317858614401475009:26783796
raspberrypi 02:30:21.733 [main] INFO  edu.bjut.homo.myMain - meter_6241560377559345057:report
raspberrypi 02:30:21.733 [main] INFO  edu.bjut.homo.myMain - meter_6241560377559345057:26998037
raspberrypi 02:30:21.733 [main] INFO  edu.bjut.homo.myMain - meter_7217136518119729813:report
raspberrypi 02:30:21.733 [main] INFO  edu.bjut.homo.myMain - meter_7217136518119729813:27271815
raspberrypi 02:30:21.733 [main] INFO  edu.bjut.homo.myMain - meter_1809179044512960009:report
raspberrypi 02:30:21.733 [main] INFO  edu.bjut.homo.myMain - meter_1809179044512960009:27007055
raspberrypi 02:30:21.733 [main] INFO  edu.bjut.homo.myMain - meter_8152865087297769771:report
raspberrypi 02:30:21.733 [main] INFO  edu.bjut.homo.myMain - meter_8152865087297769771:28837426
raspberrypi 02:30:27.567 [main] INFO  edu.bjut.homo.myMain - meterRegTime
raspberrypi 02:30:28.174 [main] INFO  edu.bjut.homo.myMain - kgc:reg_response,reg_response,reg_response,reg_response,reg_response,reg_response,reg_response,reg_response,reg_response,reg_response,reg_response,reg_response,reg_response,reg_response,reg_response,reg_response,reg_response,reg_response,reg_response,reg_response,reg_response,reg_response,reg_response,reg_response,reg_response,reg_response,reg_response,reg_response,reg_response,reg_response
raspberrypi 02:30:28.174 [main] INFO  edu.bjut.homo.myMain - kgc:19887130,20021945,20295297,19963259,19925796,19913555,19683537,19996889,19896129,19702074,19862944,20179204,20565018,19940203,19851685,19606149,19680408,22352259,19636408,19840574,20463111,19670537,20194333,19697500,19847204,19901667,20208000,20151204,20249667,20194833
raspberrypi 02:30:28.175 [main] INFO  edu.bjut.homo.myMain - meter_4374689619330315423:reg,reg_response
raspberrypi 02:30:28.175 [main] INFO  edu.bjut.homo.myMain - meter_4374689619330315423:128648,84370
raspberrypi 02:30:28.175 [main] INFO  edu.bjut.homo.myMain - meter_8533571356191826191:reg,reg_response
raspberrypi 02:30:28.175 [main] INFO  edu.bjut.homo.myMain - meter_8533571356191826191:33186,106093
raspberrypi 02:30:28.175 [main] INFO  edu.bjut.homo.myMain - meter_3075804580831483017:reg,reg_response
raspberrypi 02:30:28.175 [main] INFO  edu.bjut.homo.myMain - meter_3075804580831483017:31574,88667
raspberrypi 02:30:28.175 [main] INFO  edu.bjut.homo.myMain - meter_1665509101054221867:reg,reg_response
raspberrypi 02:30:28.175 [main] INFO  edu.bjut.homo.myMain - meter_1665509101054221867:47259,132777
raspberrypi 02:30:28.175 [main] INFO  edu.bjut.homo.myMain - meter_6855281959493023833:reg,reg_response
raspberrypi 02:30:28.175 [main] INFO  edu.bjut.homo.myMain - meter_6855281959493023833:39685,110926
raspberrypi 02:30:28.175 [main] INFO  edu.bjut.homo.myMain - meter_619903878873639743:reg,reg_response
raspberrypi 02:30:28.175 [main] INFO  edu.bjut.homo.myMain - meter_619903878873639743:33426,82574
raspberrypi 02:30:28.175 [main] INFO  edu.bjut.homo.myMain - meter_2550388827029703467:reg,reg_response
raspberrypi 02:30:28.179 [main] INFO  edu.bjut.homo.myMain - meter_2550388827029703467:30463,85704
raspberrypi 02:30:28.179 [main] INFO  edu.bjut.homo.myMain - meter_3113904010966147327:reg,reg_response
raspberrypi 02:30:28.179 [main] INFO  edu.bjut.homo.myMain - meter_3113904010966147327:33074,83222
raspberrypi 02:30:28.179 [main] INFO  edu.bjut.homo.myMain - meter_1869526762620232919:reg,reg_response
raspberrypi 02:30:28.179 [main] INFO  edu.bjut.homo.myMain - meter_1869526762620232919:31630,83556
raspberrypi 02:30:28.179 [main] INFO  edu.bjut.homo.myMain - meter_5484122902799882731:reg,reg_response
raspberrypi 02:30:28.179 [main] INFO  edu.bjut.homo.myMain - meter_5484122902799882731:32963,82204
raspberrypi 02:30:28.179 [main] INFO  edu.bjut.homo.myMain - meter_4432630834507806801:reg,reg_response
raspberrypi 02:30:28.179 [main] INFO  edu.bjut.homo.myMain - meter_4432630834507806801:31889,86815
raspberrypi 02:30:28.179 [main] INFO  edu.bjut.homo.myMain - meter_5154594005241892969:reg,reg_response
raspberrypi 02:30:28.179 [main] INFO  edu.bjut.homo.myMain - meter_5154594005241892969:31963,84870
raspberrypi 02:30:28.180 [main] INFO  edu.bjut.homo.myMain - meter_6522865562302320399:reg,reg_response
raspberrypi 02:30:28.180 [main] INFO  edu.bjut.homo.myMain - meter_6522865562302320399:31444,117241
raspberrypi 02:30:28.180 [main] INFO  edu.bjut.homo.myMain - meter_8988842524959805615:reg,reg_response
raspberrypi 02:30:28.180 [main] INFO  edu.bjut.homo.myMain - meter_8988842524959805615:32370,87389
raspberrypi 02:30:28.180 [main] INFO  edu.bjut.homo.myMain - meter_292338442946602429:reg,reg_response
raspberrypi 02:30:28.180 [main] INFO  edu.bjut.homo.myMain - meter_292338442946602429:32444,109537
raspberrypi 02:30:28.180 [main] INFO  edu.bjut.homo.myMain - meter_1091209060880785303:reg,reg_response
raspberrypi 02:30:28.180 [main] INFO  edu.bjut.homo.myMain - meter_1091209060880785303:31908,87056
raspberrypi 02:30:28.180 [main] INFO  edu.bjut.homo.myMain - meter_2813087641893964257:reg,reg_response
raspberrypi 02:30:28.180 [main] INFO  edu.bjut.homo.myMain - meter_2813087641893964257:43667,84982
raspberrypi 02:30:28.180 [main] INFO  edu.bjut.homo.myMain - meter_8554053383155244501:reg,reg_response
raspberrypi 02:30:28.180 [main] INFO  edu.bjut.homo.myMain - meter_8554053383155244501:31259,85778
raspberrypi 02:30:28.180 [main] INFO  edu.bjut.homo.myMain - meter_3084577835653931477:reg,reg_response
raspberrypi 02:30:28.180 [main] INFO  edu.bjut.homo.myMain - meter_3084577835653931477:33112,81075
raspberrypi 02:30:28.181 [main] INFO  edu.bjut.homo.myMain - meter_4692774317294020587:reg,reg_response
raspberrypi 02:30:28.181 [main] INFO  edu.bjut.homo.myMain - meter_4692774317294020587:31426,84870
raspberrypi 02:30:28.181 [main] INFO  edu.bjut.homo.myMain - meter_5890227210707732525:reg,reg_response
raspberrypi 02:30:28.181 [main] INFO  edu.bjut.homo.myMain - meter_5890227210707732525:33686,124704
raspberrypi 02:30:28.181 [main] INFO  edu.bjut.homo.myMain - meter_1340234542495117779:reg,reg_response
raspberrypi 02:30:28.181 [main] INFO  edu.bjut.homo.myMain - meter_1340234542495117779:33167,160500
raspberrypi 02:30:28.181 [main] INFO  edu.bjut.homo.myMain - meter_1720940811389110991:reg,reg_response
raspberrypi 02:30:28.181 [main] INFO  edu.bjut.homo.myMain - meter_1720940811389110991:38389,101593
raspberrypi 02:30:28.181 [main] INFO  edu.bjut.homo.myMain - meter_8499989738090972601:reg,reg_response
raspberrypi 02:30:28.181 [main] INFO  edu.bjut.homo.myMain - meter_8499989738090972601:34223,84111
raspberrypi 02:30:28.181 [main] INFO  edu.bjut.homo.myMain - meter_2154689185840311455:reg,reg_response
raspberrypi 02:30:28.181 [main] INFO  edu.bjut.homo.myMain - meter_2154689185840311455:60926,84685
raspberrypi 02:30:28.181 [main] INFO  edu.bjut.homo.myMain - meter_5423131644270624847:reg,reg_response
raspberrypi 02:30:28.181 [main] INFO  edu.bjut.homo.myMain - meter_5423131644270624847:33778,82056
raspberrypi 02:30:28.182 [main] INFO  edu.bjut.homo.myMain - meter_4092363998869963565:reg,reg_response
raspberrypi 02:30:28.182 [main] INFO  edu.bjut.homo.myMain - meter_4092363998869963565:32018,104704
raspberrypi 02:30:28.182 [main] INFO  edu.bjut.homo.myMain - meter_8068962540854490671:reg,reg_response
raspberrypi 02:30:28.182 [main] INFO  edu.bjut.homo.myMain - meter_8068962540854490671:32129,175297
raspberrypi 02:30:28.182 [main] INFO  edu.bjut.homo.myMain - meter_536333386443427507:reg,reg_response
raspberrypi 02:30:28.182 [main] INFO  edu.bjut.homo.myMain - meter_536333386443427507:35630,97315
raspberrypi 02:30:28.182 [main] INFO  edu.bjut.homo.myMain - meter_2689785203626482755:reg,reg_response
raspberrypi 02:30:28.182 [main] INFO  edu.bjut.homo.myMain - meter_2689785203626482755:32370,82870
raspberrypi 02:30:28.183 [main] INFO  edu.bjut.homo.myMain - oneTimeMeterRepTime
raspberrypi 02:30:29.521 [main] INFO  edu.bjut.homo.myMain - agg:resp_agg
raspberrypi 02:30:29.521 [main] INFO  edu.bjut.homo.myMain - agg:475913037
raspberrypi 02:30:29.521 [main] INFO  edu.bjut.homo.myMain - server:report_res
raspberrypi 02:30:29.521 [main] INFO  edu.bjut.homo.myMain - server:39014777
raspberrypi 02:30:29.522 [main] INFO  edu.bjut.homo.myMain - meter_4374689619330315423:report
raspberrypi 02:30:29.522 [main] INFO  edu.bjut.homo.myMain - meter_4374689619330315423:26967388
raspberrypi 02:30:29.522 [main] INFO  edu.bjut.homo.myMain - meter_8533571356191826191:report
raspberrypi 02:30:29.522 [main] INFO  edu.bjut.homo.myMain - meter_8533571356191826191:26830055
raspberrypi 02:30:29.522 [main] INFO  edu.bjut.homo.myMain - meter_3075804580831483017:report
raspberrypi 02:30:29.522 [main] INFO  edu.bjut.homo.myMain - meter_3075804580831483017:26862907
raspberrypi 02:30:29.522 [main] INFO  edu.bjut.homo.myMain - meter_1665509101054221867:report
raspberrypi 02:30:29.522 [main] INFO  edu.bjut.homo.myMain - meter_1665509101054221867:28008315
raspberrypi 02:30:29.522 [main] INFO  edu.bjut.homo.myMain - meter_6855281959493023833:report
raspberrypi 02:30:29.522 [main] INFO  edu.bjut.homo.myMain - meter_6855281959493023833:26750778
raspberrypi 02:30:29.522 [main] INFO  edu.bjut.homo.myMain - meter_619903878873639743:report
raspberrypi 02:30:29.522 [main] INFO  edu.bjut.homo.myMain - meter_619903878873639743:26817852
raspberrypi 02:30:29.522 [main] INFO  edu.bjut.homo.myMain - meter_2550388827029703467:report
raspberrypi 02:30:29.522 [main] INFO  edu.bjut.homo.myMain - meter_2550388827029703467:27695408
raspberrypi 02:30:29.522 [main] INFO  edu.bjut.homo.myMain - meter_3113904010966147327:report
raspberrypi 02:30:29.522 [main] INFO  edu.bjut.homo.myMain - meter_3113904010966147327:26982352
raspberrypi 02:30:29.522 [main] INFO  edu.bjut.homo.myMain - meter_1869526762620232919:report
raspberrypi 02:30:29.522 [main] INFO  edu.bjut.homo.myMain - meter_1869526762620232919:26866222
raspberrypi 02:30:29.522 [main] INFO  edu.bjut.homo.myMain - meter_5484122902799882731:report
raspberrypi 02:30:29.522 [main] INFO  edu.bjut.homo.myMain - meter_5484122902799882731:26852482
raspberrypi 02:30:29.523 [main] INFO  edu.bjut.homo.myMain - meter_4432630834507806801:report
raspberrypi 02:30:29.523 [main] INFO  edu.bjut.homo.myMain - meter_4432630834507806801:30147278
raspberrypi 02:30:29.523 [main] INFO  edu.bjut.homo.myMain - meter_5154594005241892969:report
raspberrypi 02:30:29.523 [main] INFO  edu.bjut.homo.myMain - meter_5154594005241892969:26821019
raspberrypi 02:30:29.523 [main] INFO  edu.bjut.homo.myMain - meter_6522865562302320399:report
raspberrypi 02:30:29.523 [main] INFO  edu.bjut.homo.myMain - meter_6522865562302320399:26628167
raspberrypi 02:30:29.523 [main] INFO  edu.bjut.homo.myMain - meter_8988842524959805615:report
raspberrypi 02:30:29.523 [main] INFO  edu.bjut.homo.myMain - meter_8988842524959805615:26814963
raspberrypi 02:30:29.523 [main] INFO  edu.bjut.homo.myMain - meter_292338442946602429:report
raspberrypi 02:30:29.523 [main] INFO  edu.bjut.homo.myMain - meter_292338442946602429:26844556
raspberrypi 02:30:29.523 [main] INFO  edu.bjut.homo.myMain - meter_1091209060880785303:report
raspberrypi 02:30:29.523 [main] INFO  edu.bjut.homo.myMain - meter_1091209060880785303:26795907
raspberrypi 02:30:29.523 [main] INFO  edu.bjut.homo.myMain - meter_2813087641893964257:report
raspberrypi 02:30:29.523 [main] INFO  edu.bjut.homo.myMain - meter_2813087641893964257:26683111
raspberrypi 02:30:29.523 [main] INFO  edu.bjut.homo.myMain - meter_8554053383155244501:report
raspberrypi 02:30:29.523 [main] INFO  edu.bjut.homo.myMain - meter_8554053383155244501:26872148
raspberrypi 02:30:29.524 [main] INFO  edu.bjut.homo.myMain - meter_3084577835653931477:report
raspberrypi 02:30:29.524 [main] INFO  edu.bjut.homo.myMain - meter_3084577835653931477:28036074
raspberrypi 02:30:29.524 [main] INFO  edu.bjut.homo.myMain - meter_4692774317294020587:report
raspberrypi 02:30:29.524 [main] INFO  edu.bjut.homo.myMain - meter_4692774317294020587:27454740
raspberrypi 02:30:29.524 [main] INFO  edu.bjut.homo.myMain - meter_5890227210707732525:report
raspberrypi 02:30:29.524 [main] INFO  edu.bjut.homo.myMain - meter_5890227210707732525:27214815
raspberrypi 02:30:29.524 [main] INFO  edu.bjut.homo.myMain - meter_1340234542495117779:report
raspberrypi 02:30:29.524 [main] INFO  edu.bjut.homo.myMain - meter_1340234542495117779:27101463
raspberrypi 02:30:29.524 [main] INFO  edu.bjut.homo.myMain - meter_1720940811389110991:report
raspberrypi 02:30:29.524 [main] INFO  edu.bjut.homo.myMain - meter_1720940811389110991:26915704
raspberrypi 02:30:29.524 [main] INFO  edu.bjut.homo.myMain - meter_8499989738090972601:report
raspberrypi 02:30:29.524 [main] INFO  edu.bjut.homo.myMain - meter_8499989738090972601:28670704
raspberrypi 02:30:29.525 [main] INFO  edu.bjut.homo.myMain - meter_2154689185840311455:report
raspberrypi 02:30:29.525 [main] INFO  edu.bjut.homo.myMain - meter_2154689185840311455:27326370
raspberrypi 02:30:29.525 [main] INFO  edu.bjut.homo.myMain - meter_5423131644270624847:report
raspberrypi 02:30:29.525 [main] INFO  edu.bjut.homo.myMain - meter_5423131644270624847:27215630
raspberrypi 02:30:29.525 [main] INFO  edu.bjut.homo.myMain - meter_4092363998869963565:report
raspberrypi 02:30:29.525 [main] INFO  edu.bjut.homo.myMain - meter_4092363998869963565:31815851
raspberrypi 02:30:29.525 [main] INFO  edu.bjut.homo.myMain - meter_8068962540854490671:report
raspberrypi 02:30:29.525 [main] INFO  edu.bjut.homo.myMain - meter_8068962540854490671:26960945
raspberrypi 02:30:29.525 [main] INFO  edu.bjut.homo.myMain - meter_536333386443427507:report
raspberrypi 02:30:29.525 [main] INFO  edu.bjut.homo.myMain - meter_536333386443427507:27238556
raspberrypi 02:30:29.525 [main] INFO  edu.bjut.homo.myMain - meter_2689785203626482755:report
raspberrypi 02:30:29.525 [main] INFO  edu.bjut.homo.myMain - meter_2689785203626482755:27254445
raspberrypi 02:30:33.100 [main] INFO  edu.bjut.homo.myMain - meterRegTime
raspberrypi 02:30:33.505 [main] INFO  edu.bjut.homo.myMain - kgc:reg_response,reg_response,reg_response,reg_response,reg_response,reg_response,reg_response,reg_response,reg_response,reg_response,reg_response,reg_response,reg_response,reg_response,reg_response,reg_response,reg_response,reg_response,reg_response,reg_response
raspberrypi 02:30:33.505 [main] INFO  edu.bjut.homo.myMain - kgc:19959185,21154722,19683204,19675426,19643537,19843074,19792870,19647963,20074129,19652944,20097204,19591908,20830982,20033852,20218166,20447111,20381074,20190796,20228241,19967315
raspberrypi 02:30:33.505 [main] INFO  edu.bjut.homo.myMain - meter_153584507260117387:reg,reg_response
raspberrypi 02:30:33.506 [main] INFO  edu.bjut.homo.myMain - meter_153584507260117387:130537,85759
raspberrypi 02:30:33.506 [main] INFO  edu.bjut.homo.myMain - meter_7254128803207427097:reg,reg_response
raspberrypi 02:30:33.506 [main] INFO  edu.bjut.homo.myMain - meter_7254128803207427097:31834,85500
raspberrypi 02:30:33.506 [main] INFO  edu.bjut.homo.myMain - meter_3350114670626113529:reg,reg_response
raspberrypi 02:30:33.506 [main] INFO  edu.bjut.homo.myMain - meter_3350114670626113529:32611,84111
raspberrypi 02:30:33.506 [main] INFO  edu.bjut.homo.myMain - meter_9142177535053468725:reg,reg_response
raspberrypi 02:30:33.506 [main] INFO  edu.bjut.homo.myMain - meter_9142177535053468725:30889,84593
raspberrypi 02:30:33.506 [main] INFO  edu.bjut.homo.myMain - meter_8212288885239849029:reg,reg_response
raspberrypi 02:30:33.506 [main] INFO  edu.bjut.homo.myMain - meter_8212288885239849029:32074,83352
raspberrypi 02:30:33.506 [main] INFO  edu.bjut.homo.myMain - meter_1346190091716354293:reg,reg_response
raspberrypi 02:30:33.506 [main] INFO  edu.bjut.homo.myMain - meter_1346190091716354293:30167,82315
raspberrypi 02:30:33.506 [main] INFO  edu.bjut.homo.myMain - meter_5785054897417203669:reg,reg_response
raspberrypi 02:30:33.506 [main] INFO  edu.bjut.homo.myMain - meter_5785054897417203669:32407,84463
raspberrypi 02:30:33.506 [main] INFO  edu.bjut.homo.myMain - meter_1481085680840950395:reg,reg_response
raspberrypi 02:30:33.507 [main] INFO  edu.bjut.homo.myMain - meter_1481085680840950395:31055,169204
raspberrypi 02:30:33.507 [main] INFO  edu.bjut.homo.myMain - meter_8754263272917662955:reg,reg_response
raspberrypi 02:30:33.507 [main] INFO  edu.bjut.homo.myMain - meter_8754263272917662955:35593,81815
raspberrypi 02:30:33.507 [main] INFO  edu.bjut.homo.myMain - meter_7034658553300656695:reg,reg_response
raspberrypi 02:30:33.507 [main] INFO  edu.bjut.homo.myMain - meter_7034658553300656695:32111,184500
raspberrypi 02:30:33.507 [main] INFO  edu.bjut.homo.myMain - meter_1349124518096207457:reg,reg_response
raspberrypi 02:30:33.507 [main] INFO  edu.bjut.homo.myMain - meter_1349124518096207457:35667,178149
raspberrypi 02:30:33.507 [main] INFO  edu.bjut.homo.myMain - meter_7608316148268833601:reg,reg_response
raspberrypi 02:30:33.507 [main] INFO  edu.bjut.homo.myMain - meter_7608316148268833601:32778,71555
raspberrypi 02:30:33.507 [main] INFO  edu.bjut.homo.myMain - meter_5083128281667769801:reg,reg_response
raspberrypi 02:30:33.507 [main] INFO  edu.bjut.homo.myMain - meter_5083128281667769801:44370,168370
raspberrypi 02:30:33.507 [main] INFO  edu.bjut.homo.myMain - meter_8862835811924670821:reg,reg_response
raspberrypi 02:30:33.507 [main] INFO  edu.bjut.homo.myMain - meter_8862835811924670821:36371,121833
raspberrypi 02:30:33.508 [main] INFO  edu.bjut.homo.myMain - meter_4685320979385506473:reg,reg_response
raspberrypi 02:30:33.508 [main] INFO  edu.bjut.homo.myMain - meter_4685320979385506473:35611,79037
raspberrypi 02:30:33.508 [main] INFO  edu.bjut.homo.myMain - meter_6460358513127219777:reg,reg_response
raspberrypi 02:30:33.508 [main] INFO  edu.bjut.homo.myMain - meter_6460358513127219777:32833,161037
raspberrypi 02:30:33.508 [main] INFO  edu.bjut.homo.myMain - meter_1531933428843626281:reg,reg_response
raspberrypi 02:30:33.508 [main] INFO  edu.bjut.homo.myMain - meter_1531933428843626281:39797,130463
raspberrypi 02:30:33.508 [main] INFO  edu.bjut.homo.myMain - meter_8919388411390096225:reg,reg_response
raspberrypi 02:30:33.508 [main] INFO  edu.bjut.homo.myMain - meter_8919388411390096225:37351,119167
raspberrypi 02:30:33.508 [main] INFO  edu.bjut.homo.myMain - meter_549742269278210245:reg,reg_response
raspberrypi 02:30:33.508 [main] INFO  edu.bjut.homo.myMain - meter_549742269278210245:38537,126870
raspberrypi 02:30:33.508 [main] INFO  edu.bjut.homo.myMain - meter_7479852357562397283:reg,reg_response
raspberrypi 02:30:33.508 [main] INFO  edu.bjut.homo.myMain - meter_7479852357562397283:33222,73889
raspberrypi 02:30:33.510 [main] INFO  edu.bjut.homo.myMain - oneTimeMeterRepTime
raspberrypi 02:30:34.396 [main] INFO  edu.bjut.homo.myMain - agg:resp_agg
raspberrypi 02:30:34.396 [main] INFO  edu.bjut.homo.myMain - agg:302675277
raspberrypi 02:30:34.396 [main] INFO  edu.bjut.homo.myMain - server:report_res
raspberrypi 02:30:34.396 [main] INFO  edu.bjut.homo.myMain - server:40487019
raspberrypi 02:30:34.396 [main] INFO  edu.bjut.homo.myMain - meter_153584507260117387:report
raspberrypi 02:30:34.396 [main] INFO  edu.bjut.homo.myMain - meter_153584507260117387:27074611
raspberrypi 02:30:34.396 [main] INFO  edu.bjut.homo.myMain - meter_7254128803207427097:report
raspberrypi 02:30:34.396 [main] INFO  edu.bjut.homo.myMain - meter_7254128803207427097:28734741
raspberrypi 02:30:34.397 [main] INFO  edu.bjut.homo.myMain - meter_3350114670626113529:report
raspberrypi 02:30:34.397 [main] INFO  edu.bjut.homo.myMain - meter_3350114670626113529:26528556
raspberrypi 02:30:34.397 [main] INFO  edu.bjut.homo.myMain - meter_9142177535053468725:report
raspberrypi 02:30:34.397 [main] INFO  edu.bjut.homo.myMain - meter_9142177535053468725:26830741
raspberrypi 02:30:34.397 [main] INFO  edu.bjut.homo.myMain - meter_8212288885239849029:report
raspberrypi 02:30:34.397 [main] INFO  edu.bjut.homo.myMain - meter_8212288885239849029:26735759
raspberrypi 02:30:34.397 [main] INFO  edu.bjut.homo.myMain - meter_1346190091716354293:report
raspberrypi 02:30:34.397 [main] INFO  edu.bjut.homo.myMain - meter_1346190091716354293:26684907
raspberrypi 02:30:34.397 [main] INFO  edu.bjut.homo.myMain - meter_5785054897417203669:report
raspberrypi 02:30:34.397 [main] INFO  edu.bjut.homo.myMain - meter_5785054897417203669:26758296
raspberrypi 02:30:34.397 [main] INFO  edu.bjut.homo.myMain - meter_1481085680840950395:report
raspberrypi 02:30:34.397 [main] INFO  edu.bjut.homo.myMain - meter_1481085680840950395:26909056
raspberrypi 02:30:34.397 [main] INFO  edu.bjut.homo.myMain - meter_8754263272917662955:report
raspberrypi 02:30:34.397 [main] INFO  edu.bjut.homo.myMain - meter_8754263272917662955:27890759
raspberrypi 02:30:34.397 [main] INFO  edu.bjut.homo.myMain - meter_7034658553300656695:report
raspberrypi 02:30:34.397 [main] INFO  edu.bjut.homo.myMain - meter_7034658553300656695:26553185
raspberrypi 02:30:34.397 [main] INFO  edu.bjut.homo.myMain - meter_1349124518096207457:report
raspberrypi 02:30:34.397 [main] INFO  edu.bjut.homo.myMain - meter_1349124518096207457:26648241
raspberrypi 02:30:34.397 [main] INFO  edu.bjut.homo.myMain - meter_7608316148268833601:report
raspberrypi 02:30:34.397 [main] INFO  edu.bjut.homo.myMain - meter_7608316148268833601:26668074
raspberrypi 02:30:34.397 [main] INFO  edu.bjut.homo.myMain - meter_5083128281667769801:report
raspberrypi 02:30:34.397 [main] INFO  edu.bjut.homo.myMain - meter_5083128281667769801:26681222
raspberrypi 02:30:34.397 [main] INFO  edu.bjut.homo.myMain - meter_8862835811924670821:report
raspberrypi 02:30:34.397 [main] INFO  edu.bjut.homo.myMain - meter_8862835811924670821:26758574
raspberrypi 02:30:34.397 [main] INFO  edu.bjut.homo.myMain - meter_4685320979385506473:report
raspberrypi 02:30:34.397 [main] INFO  edu.bjut.homo.myMain - meter_4685320979385506473:26776963
raspberrypi 02:30:34.397 [main] INFO  edu.bjut.homo.myMain - meter_6460358513127219777:report
raspberrypi 02:30:34.397 [main] INFO  edu.bjut.homo.myMain - meter_6460358513127219777:26949056
raspberrypi 02:30:34.398 [main] INFO  edu.bjut.homo.myMain - meter_1531933428843626281:report
raspberrypi 02:30:34.398 [main] INFO  edu.bjut.homo.myMain - meter_1531933428843626281:30650648
raspberrypi 02:30:34.398 [main] INFO  edu.bjut.homo.myMain - meter_8919388411390096225:report
raspberrypi 02:30:34.398 [main] INFO  edu.bjut.homo.myMain - meter_8919388411390096225:26489019
raspberrypi 02:30:34.398 [main] INFO  edu.bjut.homo.myMain - meter_549742269278210245:report
raspberrypi 02:30:34.398 [main] INFO  edu.bjut.homo.myMain - meter_549742269278210245:26648223
raspberrypi 02:30:34.398 [main] INFO  edu.bjut.homo.myMain - meter_7479852357562397283:report
raspberrypi 02:30:34.398 [main] INFO  edu.bjut.homo.myMain - meter_7479852357562397283:26666666
