raspberrypi 13:44:24.098 [main] INFO  edu.bjut.boudia.myMain - oneTimeMeterRegTime
raspberrypi 13:44:26.329 [main] INFO  edu.bjut.boudia.myMain - server:pubkey
raspberrypi 13:44:26.330 [main] INFO  edu.bjut.boudia.myMain - server:801092
raspberrypi 13:44:26.341 [main] INFO  edu.bjut.boudia.myMain - agg:regMsg,regMsg,regMsg,regMsg,regMsg,regMsg,regMsg,regMsg,regMsg,regMsg,regMsg,regMsg,regMsg,regMsg,regMsg,regMsg,regMsg,regMsg,regMsg,regMsg,regMsg,regMsg,regMsg,regMsg,regMsg,regMsg,regMsg,regMsg,regMsg,regMsg,regMsg,regMsg,regMsg,regMsg,regMsg,regMsg,regMsg,regMsg,regMsg,regMsg,regMsg,regMsg,regMsg,regMsg,regMsg,regMsg,regMsg,regMsg,regMsg,regMsg,regMsg,regMsg,regMsg,regMsg,regMsg,regMsg,regMsg,regMsg,regMsg,regMsg
raspberrypi 13:44:26.342 [main] INFO  edu.bjut.boudia.myMain - agg:29283555,18252278,18259426,18190185,18118537,18096111,18242166,18051723,18098945,18091389,18135629,18073352,29300888,18143871,18378019,17897223,17890167,17859518,17861704,17900741,18007000,17809722,17825352,17842167,30835148,18543648,18246407,18196500,18527389,18064592,18084111,18059388,18028723,18003648,18088240,18464667,21270852,18415797,18077593,17935630,17917648,17915981,18115148,18009277,18252500,18323222,18376334,18320685,17980000,18047426,17773074,17790556,17798666,17747463,17757611,17655685,17944000,17795463,17829814,18015778
raspberrypi 13:44:26.342 [main] INFO  edu.bjut.boudia.myMain - meter_1099989615191420341:regMsg,reg_backagg,reg_cc
raspberrypi 13:44:26.342 [main] INFO  edu.bjut.boudia.myMain - meter_1099989615191420341:9149,18266667,50630
raspberrypi 13:44:26.343 [main] INFO  edu.bjut.boudia.myMain - meter_3280187122861979337:regMsg,reg_backagg,reg_cc
raspberrypi 13:44:26.343 [main] INFO  edu.bjut.boudia.myMain - meter_3280187122861979337:3000,18072704,2555
raspberrypi 13:44:26.343 [main] INFO  edu.bjut.boudia.myMain - meter_7275823395395900853:regMsg,reg_backagg,reg_cc
raspberrypi 13:44:26.343 [main] INFO  edu.bjut.boudia.myMain - meter_7275823395395900853:2352,17889796,2629
raspberrypi 13:44:26.343 [main] INFO  edu.bjut.boudia.myMain - meter_3551554080893852345:regMsg,reg_backagg,reg_cc
raspberrypi 13:44:26.344 [main] INFO  edu.bjut.boudia.myMain - meter_3551554080893852345:3148,18126148,3019
raspberrypi 13:44:26.344 [main] INFO  edu.bjut.boudia.myMain - meter_4113642606874850033:regMsg,reg_backagg,reg_cc
raspberrypi 13:44:26.344 [main] INFO  edu.bjut.boudia.myMain - meter_4113642606874850033:2945,18359445,2981
raspberrypi 13:44:26.344 [main] INFO  edu.bjut.boudia.myMain - meter_5824717993073510157:regMsg,reg_backagg,reg_cc
raspberrypi 13:44:26.344 [main] INFO  edu.bjut.boudia.myMain - meter_5824717993073510157:2629,18256648,2444
raspberrypi 13:44:26.345 [main] INFO  edu.bjut.boudia.myMain - meter_1365027050237756033:regMsg,reg_backagg,reg_cc
raspberrypi 13:44:26.345 [main] INFO  edu.bjut.boudia.myMain - meter_1365027050237756033:3019,18142186,2982
raspberrypi 13:44:26.345 [main] INFO  edu.bjut.boudia.myMain - meter_5174276246835783899:regMsg,reg_backagg,reg_cc
raspberrypi 13:44:26.345 [main] INFO  edu.bjut.boudia.myMain - meter_5174276246835783899:3130,17985408,2666
raspberrypi 13:44:26.346 [main] INFO  edu.bjut.boudia.myMain - meter_6475920374439709751:regMsg,reg_backagg,reg_cc
raspberrypi 13:44:26.346 [main] INFO  edu.bjut.boudia.myMain - meter_6475920374439709751:2851,18386981,2963
raspberrypi 13:44:26.346 [main] INFO  edu.bjut.boudia.myMain - meter_1820454779822665167:regMsg,reg_backagg,reg_cc
raspberrypi 13:44:26.347 [main] INFO  edu.bjut.boudia.myMain - meter_1820454779822665167:2963,18227556,3074
raspberrypi 13:44:26.347 [main] INFO  edu.bjut.boudia.myMain - meter_3848049598244054091:regMsg,reg_backagg,reg_cc
raspberrypi 13:44:26.347 [main] INFO  edu.bjut.boudia.myMain - meter_3848049598244054091:2945,18057315,2685
raspberrypi 13:44:26.348 [main] INFO  edu.bjut.boudia.myMain - meter_7530714766226059723:regMsg,reg_backagg,reg_cc
raspberrypi 13:44:26.348 [main] INFO  edu.bjut.boudia.myMain - meter_7530714766226059723:3111,18155277,2537
raspberrypi 13:44:26.349 [main] INFO  edu.bjut.boudia.myMain - meter_2728129379752546097:regMsg,reg_backagg,reg_cc
raspberrypi 13:44:26.349 [main] INFO  edu.bjut.boudia.myMain - meter_2728129379752546097:2981,18019334,2870
raspberrypi 13:44:26.349 [main] INFO  edu.bjut.boudia.myMain - meter_2686947368100645431:regMsg,reg_backagg,reg_cc
raspberrypi 13:44:26.350 [main] INFO  edu.bjut.boudia.myMain - meter_2686947368100645431:2629,18521241,2944
raspberrypi 13:44:26.350 [main] INFO  edu.bjut.boudia.myMain - meter_2740549438957040679:regMsg,reg_backagg,reg_cc
raspberrypi 13:44:26.350 [main] INFO  edu.bjut.boudia.myMain - meter_2740549438957040679:3296,18211018,2833
raspberrypi 13:44:26.350 [main] INFO  edu.bjut.boudia.myMain - meter_6682146960313142679:regMsg,reg_backagg,reg_cc
raspberrypi 13:44:26.350 [main] INFO  edu.bjut.boudia.myMain - meter_6682146960313142679:3296,18096074,3185
raspberrypi 13:44:26.351 [main] INFO  edu.bjut.boudia.myMain - meter_6076632189840946163:regMsg,reg_backagg,reg_cc
raspberrypi 13:44:26.351 [main] INFO  edu.bjut.boudia.myMain - meter_6076632189840946163:2926,17836259,2592
raspberrypi 13:44:26.351 [main] INFO  edu.bjut.boudia.myMain - meter_7623979004425042731:regMsg,reg_backagg,reg_cc
raspberrypi 13:44:26.352 [main] INFO  edu.bjut.boudia.myMain - meter_7623979004425042731:2667,17988037,2685
raspberrypi 13:44:26.352 [main] INFO  edu.bjut.boudia.myMain - meter_937825336304419541:regMsg,reg_backagg,reg_cc
raspberrypi 13:44:26.352 [main] INFO  edu.bjut.boudia.myMain - meter_937825336304419541:2834,18017852,2648
raspberrypi 13:44:26.353 [main] INFO  edu.bjut.boudia.myMain - meter_4609911407096965573:regMsg,reg_backagg,reg_cc
raspberrypi 13:44:26.353 [main] INFO  edu.bjut.boudia.myMain - meter_4609911407096965573:3371,17751611,2945
raspberrypi 13:44:26.353 [main] INFO  edu.bjut.boudia.myMain - meter_7315770029171094433:regMsg,reg_backagg,reg_cc
raspberrypi 13:44:26.353 [main] INFO  edu.bjut.boudia.myMain - meter_7315770029171094433:3555,17868685,2593
raspberrypi 13:44:26.354 [main] INFO  edu.bjut.boudia.myMain - meter_8658974893707862305:regMsg,reg_backagg,reg_cc
raspberrypi 13:44:26.354 [main] INFO  edu.bjut.boudia.myMain - meter_8658974893707862305:2407,17598204,2722
raspberrypi 13:44:26.355 [main] INFO  edu.bjut.boudia.myMain - meter_7946355726149668321:regMsg,reg_backagg,reg_cc
raspberrypi 13:44:26.355 [main] INFO  edu.bjut.boudia.myMain - meter_7946355726149668321:3222,17946407,3166
raspberrypi 13:44:26.355 [main] INFO  edu.bjut.boudia.myMain - meter_3790303335969573111:regMsg,reg_backagg,reg_cc
raspberrypi 13:44:26.355 [main] INFO  edu.bjut.boudia.myMain - meter_3790303335969573111:3074,18679111,3112
raspberrypi 13:44:26.356 [main] INFO  edu.bjut.boudia.myMain - meter_7054763961152005331:regMsg,reg_backagg,reg_cc
raspberrypi 13:44:26.356 [main] INFO  edu.bjut.boudia.myMain - meter_7054763961152005331:2389,18578796,3759
raspberrypi 13:44:26.356 [main] INFO  edu.bjut.boudia.myMain - meter_8114173422107671045:regMsg,reg_backagg,reg_cc
raspberrypi 13:44:26.356 [main] INFO  edu.bjut.boudia.myMain - meter_8114173422107671045:4075,18305685,2777
raspberrypi 13:44:26.357 [main] INFO  edu.bjut.boudia.myMain - meter_7389432871018000603:regMsg,reg_backagg,reg_cc
raspberrypi 13:44:26.357 [main] INFO  edu.bjut.boudia.myMain - meter_7389432871018000603:2167,18492519,2963
raspberrypi 13:44:26.357 [main] INFO  edu.bjut.boudia.myMain - meter_2988008137986068487:regMsg,reg_backagg,reg_cc
raspberrypi 13:44:26.357 [main] INFO  edu.bjut.boudia.myMain - meter_2988008137986068487:3482,18132759,2759
raspberrypi 13:44:26.357 [main] INFO  edu.bjut.boudia.myMain - meter_4706407291360393181:regMsg,reg_backagg,reg_cc
raspberrypi 13:44:26.358 [main] INFO  edu.bjut.boudia.myMain - meter_4706407291360393181:3815,17917575,2630
raspberrypi 13:44:26.358 [main] INFO  edu.bjut.boudia.myMain - meter_602702960661569645:regMsg,reg_backagg,reg_cc
raspberrypi 13:44:26.358 [main] INFO  edu.bjut.boudia.myMain - meter_602702960661569645:2426,18446463,2852
raspberrypi 13:44:26.358 [main] INFO  edu.bjut.boudia.myMain - meter_2976061369954384167:regMsg,reg_backagg,reg_cc
raspberrypi 13:44:26.359 [main] INFO  edu.bjut.boudia.myMain - meter_2976061369954384167:2704,18696982,2778
raspberrypi 13:44:26.359 [main] INFO  edu.bjut.boudia.myMain - meter_6242208485551887757:regMsg,reg_backagg,reg_cc
raspberrypi 13:44:26.359 [main] INFO  edu.bjut.boudia.myMain - meter_6242208485551887757:4963,18146241,2833
raspberrypi 13:44:26.359 [main] INFO  edu.bjut.boudia.myMain - meter_6667040488799558819:regMsg,reg_backagg,reg_cc
raspberrypi 13:44:26.360 [main] INFO  edu.bjut.boudia.myMain - meter_6667040488799558819:2981,18235926,2167
raspberrypi 13:44:26.360 [main] INFO  edu.bjut.boudia.myMain - meter_6733975054909872917:regMsg,reg_backagg,reg_cc
raspberrypi 13:44:26.360 [main] INFO  edu.bjut.boudia.myMain - meter_6733975054909872917:3445,18012630,3111
raspberrypi 13:44:26.360 [main] INFO  edu.bjut.boudia.myMain - meter_3069072867952009101:regMsg,reg_backagg,reg_cc
raspberrypi 13:44:26.360 [main] INFO  edu.bjut.boudia.myMain - meter_3069072867952009101:4167,18161500,2982
raspberrypi 13:44:26.361 [main] INFO  edu.bjut.boudia.myMain - meter_3576397949909501807:regMsg,reg_backagg,reg_cc
raspberrypi 13:44:26.361 [main] INFO  edu.bjut.boudia.myMain - meter_3576397949909501807:3963,18025889,2667
raspberrypi 13:44:26.361 [main] INFO  edu.bjut.boudia.myMain - meter_8729781285375302715:regMsg,reg_backagg,reg_cc
raspberrypi 13:44:26.361 [main] INFO  edu.bjut.boudia.myMain - meter_8729781285375302715:2907,18154500,3815
raspberrypi 13:44:26.361 [main] INFO  edu.bjut.boudia.myMain - meter_1915698191104163785:regMsg,reg_backagg,reg_cc
raspberrypi 13:44:26.362 [main] INFO  edu.bjut.boudia.myMain - meter_1915698191104163785:2574,17987852,3203
raspberrypi 13:44:26.362 [main] INFO  edu.bjut.boudia.myMain - meter_8433819355615274809:regMsg,reg_backagg,reg_cc
raspberrypi 13:44:26.362 [main] INFO  edu.bjut.boudia.myMain - meter_8433819355615274809:2852,18073926,3000
raspberrypi 13:44:26.363 [main] INFO  edu.bjut.boudia.myMain - meter_9138332313303361067:regMsg,reg_backagg,reg_cc
raspberrypi 13:44:26.363 [main] INFO  edu.bjut.boudia.myMain - meter_9138332313303361067:2852,18401740,3074
raspberrypi 13:44:26.363 [main] INFO  edu.bjut.boudia.myMain - meter_8147649747273081771:regMsg,reg_backagg,reg_cc
raspberrypi 13:44:26.363 [main] INFO  edu.bjut.boudia.myMain - meter_8147649747273081771:2704,17995240,2759
raspberrypi 13:44:26.364 [main] INFO  edu.bjut.boudia.myMain - meter_8639035352603961633:regMsg,reg_backagg,reg_cc
raspberrypi 13:44:26.364 [main] INFO  edu.bjut.boudia.myMain - meter_8639035352603961633:2537,18372000,2666
raspberrypi 13:44:26.364 [main] INFO  edu.bjut.boudia.myMain - meter_9177831793990229:regMsg,reg_backagg,reg_cc
raspberrypi 13:44:26.364 [main] INFO  edu.bjut.boudia.myMain - meter_9177831793990229:2574,18036759,2871
raspberrypi 13:44:26.365 [main] INFO  edu.bjut.boudia.myMain - meter_5712151591297034311:regMsg,reg_backagg,reg_cc
raspberrypi 13:44:26.365 [main] INFO  edu.bjut.boudia.myMain - meter_5712151591297034311:2555,17894963,2851
raspberrypi 13:44:26.365 [main] INFO  edu.bjut.boudia.myMain - meter_1980723142586209355:regMsg,reg_backagg,reg_cc
raspberrypi 13:44:26.365 [main] INFO  edu.bjut.boudia.myMain - meter_1980723142586209355:3130,18350852,3778
raspberrypi 13:44:26.365 [main] INFO  edu.bjut.boudia.myMain - meter_6873315063262735671:regMsg,reg_backagg,reg_cc
raspberrypi 13:44:26.365 [main] INFO  edu.bjut.boudia.myMain - meter_6873315063262735671:4204,18506944,4629
raspberrypi 13:44:26.366 [main] INFO  edu.bjut.boudia.myMain - meter_8549453056165035513:regMsg,reg_backagg,reg_cc
raspberrypi 13:44:26.366 [main] INFO  edu.bjut.boudia.myMain - meter_8549453056165035513:3833,18309277,3000
raspberrypi 13:44:26.366 [main] INFO  edu.bjut.boudia.myMain - meter_3044770022274582045:regMsg,reg_backagg,reg_cc
raspberrypi 13:44:26.366 [main] INFO  edu.bjut.boudia.myMain - meter_3044770022274582045:2759,18278445,3186
raspberrypi 13:44:26.367 [main] INFO  edu.bjut.boudia.myMain - meter_8191909856327442467:regMsg,reg_backagg,reg_cc
raspberrypi 13:44:26.367 [main] INFO  edu.bjut.boudia.myMain - meter_8191909856327442467:3093,19678981,2796
raspberrypi 13:44:26.367 [main] INFO  edu.bjut.boudia.myMain - meter_5673584903649264677:regMsg,reg_backagg,reg_cc
raspberrypi 13:44:26.367 [main] INFO  edu.bjut.boudia.myMain - meter_5673584903649264677:2907,17939500,3130
raspberrypi 13:44:26.367 [main] INFO  edu.bjut.boudia.myMain - meter_3223330872510041359:regMsg,reg_backagg,reg_cc
raspberrypi 13:44:26.367 [main] INFO  edu.bjut.boudia.myMain - meter_3223330872510041359:3204,17857056,3019
raspberrypi 13:44:26.368 [main] INFO  edu.bjut.boudia.myMain - meter_4271761696850897147:regMsg,reg_backagg,reg_cc
raspberrypi 13:44:26.368 [main] INFO  edu.bjut.boudia.myMain - meter_4271761696850897147:3074,17381056,3074
raspberrypi 13:44:26.368 [main] INFO  edu.bjut.boudia.myMain - meter_5766631386718533343:regMsg,reg_backagg,reg_cc
raspberrypi 13:44:26.368 [main] INFO  edu.bjut.boudia.myMain - meter_5766631386718533343:2852,17875574,3093
raspberrypi 13:44:26.369 [main] INFO  edu.bjut.boudia.myMain - meter_8586344236424314905:regMsg,reg_backagg,reg_cc
raspberrypi 13:44:26.369 [main] INFO  edu.bjut.boudia.myMain - meter_8586344236424314905:3259,17579463,2963
raspberrypi 13:44:26.369 [main] INFO  edu.bjut.boudia.myMain - meter_2455353732228678595:regMsg,reg_backagg,reg_cc
raspberrypi 13:44:26.370 [main] INFO  edu.bjut.boudia.myMain - meter_2455353732228678595:2704,17496519,3167
raspberrypi 13:44:26.370 [main] INFO  edu.bjut.boudia.myMain - meter_1731372832161821813:regMsg,reg_backagg,reg_cc
raspberrypi 13:44:26.370 [main] INFO  edu.bjut.boudia.myMain - meter_1731372832161821813:3240,17848537,3297
raspberrypi 13:44:26.371 [main] INFO  edu.bjut.boudia.myMain - meter_6535802843078182539:regMsg,reg_backagg,reg_cc
raspberrypi 13:44:26.371 [main] INFO  edu.bjut.boudia.myMain - meter_6535802843078182539:2907,17684537,3148
raspberrypi 13:44:26.371 [main] INFO  edu.bjut.boudia.myMain - meter_8034109614078512947:regMsg,reg_backagg,reg_cc
raspberrypi 13:44:26.372 [main] INFO  edu.bjut.boudia.myMain - meter_8034109614078512947:2630,17649204,2889
raspberrypi 13:44:26.372 [main] INFO  edu.bjut.boudia.myMain - meter_2680592083690453477:regMsg,reg_backagg,reg_cc
raspberrypi 13:44:26.372 [main] INFO  edu.bjut.boudia.myMain - meter_2680592083690453477:2796,17792129,3037
raspberrypi 13:44:26.373 [main] INFO  edu.bjut.boudia.myMain - meter_2262761385576582081:regMsg,reg_backagg,reg_cc
raspberrypi 13:44:26.373 [main] INFO  edu.bjut.boudia.myMain - meter_2262761385576582081:3463,17586815,2907
raspberrypi 13:44:28.551 [main] INFO  edu.bjut.boudia.myMain - oneTimeMeterRepTime
raspberrypi 13:44:34.199 [main] INFO  edu.bjut.boudia.myMain - server:repMsg
raspberrypi 13:44:34.200 [main] INFO  edu.bjut.boudia.myMain - server:87389352
raspberrypi 13:44:34.201 [main] INFO  edu.bjut.boudia.myMain - agg:repMsg
raspberrypi 13:44:34.201 [main] INFO  edu.bjut.boudia.myMain - agg:1156869221
raspberrypi 13:44:34.201 [main] INFO  edu.bjut.boudia.myMain - meter_1099989615191420341:repMsg
raspberrypi 13:44:34.201 [main] INFO  edu.bjut.boudia.myMain - meter_1099989615191420341:124229870
raspberrypi 13:44:34.201 [main] INFO  edu.bjut.boudia.myMain - meter_3280187122861979337:repMsg
raspberrypi 13:44:34.201 [main] INFO  edu.bjut.boudia.myMain - meter_3280187122861979337:76111777
raspberrypi 13:44:34.202 [main] INFO  edu.bjut.boudia.myMain - meter_7275823395395900853:repMsg
raspberrypi 13:44:34.202 [main] INFO  edu.bjut.boudia.myMain - meter_7275823395395900853:73677556
raspberrypi 13:44:34.202 [main] INFO  edu.bjut.boudia.myMain - meter_3551554080893852345:repMsg
raspberrypi 13:44:34.202 [main] INFO  edu.bjut.boudia.myMain - meter_3551554080893852345:72881445
raspberrypi 13:44:34.202 [main] INFO  edu.bjut.boudia.myMain - meter_4113642606874850033:repMsg
raspberrypi 13:44:34.202 [main] INFO  edu.bjut.boudia.myMain - meter_4113642606874850033:73038259
raspberrypi 13:44:34.202 [main] INFO  edu.bjut.boudia.myMain - meter_5824717993073510157:repMsg
raspberrypi 13:44:34.202 [main] INFO  edu.bjut.boudia.myMain - meter_5824717993073510157:72380630
raspberrypi 13:44:34.203 [main] INFO  edu.bjut.boudia.myMain - meter_1365027050237756033:repMsg
raspberrypi 13:44:34.203 [main] INFO  edu.bjut.boudia.myMain - meter_1365027050237756033:71789908
raspberrypi 13:44:34.203 [main] INFO  edu.bjut.boudia.myMain - meter_5174276246835783899:repMsg
raspberrypi 13:44:34.203 [main] INFO  edu.bjut.boudia.myMain - meter_5174276246835783899:73859333
raspberrypi 13:44:34.203 [main] INFO  edu.bjut.boudia.myMain - meter_6475920374439709751:repMsg
raspberrypi 13:44:34.203 [main] INFO  edu.bjut.boudia.myMain - meter_6475920374439709751:72206500
raspberrypi 13:44:34.203 [main] INFO  edu.bjut.boudia.myMain - meter_1820454779822665167:repMsg
raspberrypi 13:44:34.203 [main] INFO  edu.bjut.boudia.myMain - meter_1820454779822665167:72069296
raspberrypi 13:44:34.204 [main] INFO  edu.bjut.boudia.myMain - meter_3848049598244054091:repMsg
raspberrypi 13:44:34.204 [main] INFO  edu.bjut.boudia.myMain - meter_3848049598244054091:71823408
raspberrypi 13:44:34.204 [main] INFO  edu.bjut.boudia.myMain - meter_7530714766226059723:repMsg
raspberrypi 13:44:34.204 [main] INFO  edu.bjut.boudia.myMain - meter_7530714766226059723:71986852
raspberrypi 13:44:34.204 [main] INFO  edu.bjut.boudia.myMain - meter_2728129379752546097:repMsg
raspberrypi 13:44:34.204 [main] INFO  edu.bjut.boudia.myMain - meter_2728129379752546097:71085519
raspberrypi 13:44:34.205 [main] INFO  edu.bjut.boudia.myMain - meter_2686947368100645431:repMsg
raspberrypi 13:44:34.205 [main] INFO  edu.bjut.boudia.myMain - meter_2686947368100645431:73975241
raspberrypi 13:44:34.205 [main] INFO  edu.bjut.boudia.myMain - meter_2740549438957040679:repMsg
raspberrypi 13:44:34.205 [main] INFO  edu.bjut.boudia.myMain - meter_2740549438957040679:72089593
raspberrypi 13:44:34.205 [main] INFO  edu.bjut.boudia.myMain - meter_6682146960313142679:repMsg
raspberrypi 13:44:34.205 [main] INFO  edu.bjut.boudia.myMain - meter_6682146960313142679:72351370
raspberrypi 13:44:34.205 [main] INFO  edu.bjut.boudia.myMain - meter_6076632189840946163:repMsg
raspberrypi 13:44:34.205 [main] INFO  edu.bjut.boudia.myMain - meter_6076632189840946163:72014500
raspberrypi 13:44:34.205 [main] INFO  edu.bjut.boudia.myMain - meter_7623979004425042731:repMsg
raspberrypi 13:44:34.205 [main] INFO  edu.bjut.boudia.myMain - meter_7623979004425042731:72277037
raspberrypi 13:44:34.205 [main] INFO  edu.bjut.boudia.myMain - meter_937825336304419541:repMsg
raspberrypi 13:44:34.206 [main] INFO  edu.bjut.boudia.myMain - meter_937825336304419541:72105612
raspberrypi 13:44:34.206 [main] INFO  edu.bjut.boudia.myMain - meter_4609911407096965573:repMsg
raspberrypi 13:44:34.206 [main] INFO  edu.bjut.boudia.myMain - meter_4609911407096965573:72105815
raspberrypi 13:44:34.206 [main] INFO  edu.bjut.boudia.myMain - meter_7315770029171094433:repMsg
raspberrypi 13:44:34.206 [main] INFO  edu.bjut.boudia.myMain - meter_7315770029171094433:74320056
raspberrypi 13:44:34.206 [main] INFO  edu.bjut.boudia.myMain - meter_8658974893707862305:repMsg
raspberrypi 13:44:34.206 [main] INFO  edu.bjut.boudia.myMain - meter_8658974893707862305:72179778
raspberrypi 13:44:34.206 [main] INFO  edu.bjut.boudia.myMain - meter_7946355726149668321:repMsg
raspberrypi 13:44:34.206 [main] INFO  edu.bjut.boudia.myMain - meter_7946355726149668321:71412166
raspberrypi 13:44:34.207 [main] INFO  edu.bjut.boudia.myMain - meter_3790303335969573111:repMsg
raspberrypi 13:44:34.207 [main] INFO  edu.bjut.boudia.myMain - meter_3790303335969573111:72244963
raspberrypi 13:44:34.207 [main] INFO  edu.bjut.boudia.myMain - meter_7054763961152005331:repMsg
raspberrypi 13:44:34.207 [main] INFO  edu.bjut.boudia.myMain - meter_7054763961152005331:72635389
raspberrypi 13:44:34.207 [main] INFO  edu.bjut.boudia.myMain - meter_8114173422107671045:repMsg
raspberrypi 13:44:34.207 [main] INFO  edu.bjut.boudia.myMain - meter_8114173422107671045:71729518
raspberrypi 13:44:34.207 [main] INFO  edu.bjut.boudia.myMain - meter_7389432871018000603:repMsg
raspberrypi 13:44:34.207 [main] INFO  edu.bjut.boudia.myMain - meter_7389432871018000603:73987815
raspberrypi 13:44:34.208 [main] INFO  edu.bjut.boudia.myMain - meter_2988008137986068487:repMsg
raspberrypi 13:44:34.208 [main] INFO  edu.bjut.boudia.myMain - meter_2988008137986068487:73335130
raspberrypi 13:44:34.208 [main] INFO  edu.bjut.boudia.myMain - meter_4706407291360393181:repMsg
raspberrypi 13:44:34.208 [main] INFO  edu.bjut.boudia.myMain - meter_4706407291360393181:73419314
raspberrypi 13:44:34.208 [main] INFO  edu.bjut.boudia.myMain - meter_602702960661569645:repMsg
raspberrypi 13:44:34.208 [main] INFO  edu.bjut.boudia.myMain - meter_602702960661569645:74022426
raspberrypi 13:44:34.208 [main] INFO  edu.bjut.boudia.myMain - meter_2976061369954384167:repMsg
raspberrypi 13:44:34.209 [main] INFO  edu.bjut.boudia.myMain - meter_2976061369954384167:72209148
raspberrypi 13:44:34.209 [main] INFO  edu.bjut.boudia.myMain - meter_6242208485551887757:repMsg
raspberrypi 13:44:34.209 [main] INFO  edu.bjut.boudia.myMain - meter_6242208485551887757:70268408
raspberrypi 13:44:34.209 [main] INFO  edu.bjut.boudia.myMain - meter_6667040488799558819:repMsg
raspberrypi 13:44:34.209 [main] INFO  edu.bjut.boudia.myMain - meter_6667040488799558819:73892908
raspberrypi 13:44:34.209 [main] INFO  edu.bjut.boudia.myMain - meter_6733975054909872917:repMsg
raspberrypi 13:44:34.209 [main] INFO  edu.bjut.boudia.myMain - meter_6733975054909872917:71823296
raspberrypi 13:44:34.210 [main] INFO  edu.bjut.boudia.myMain - meter_3069072867952009101:repMsg
raspberrypi 13:44:34.210 [main] INFO  edu.bjut.boudia.myMain - meter_3069072867952009101:72242444
raspberrypi 13:44:34.210 [main] INFO  edu.bjut.boudia.myMain - meter_3576397949909501807:repMsg
raspberrypi 13:44:34.210 [main] INFO  edu.bjut.boudia.myMain - meter_3576397949909501807:71908463
raspberrypi 13:44:34.210 [main] INFO  edu.bjut.boudia.myMain - meter_8729781285375302715:repMsg
raspberrypi 13:44:34.210 [main] INFO  edu.bjut.boudia.myMain - meter_8729781285375302715:72497926
raspberrypi 13:44:34.210 [main] INFO  edu.bjut.boudia.myMain - meter_1915698191104163785:repMsg
raspberrypi 13:44:34.211 [main] INFO  edu.bjut.boudia.myMain - meter_1915698191104163785:71826333
raspberrypi 13:44:34.211 [main] INFO  edu.bjut.boudia.myMain - meter_8433819355615274809:repMsg
raspberrypi 13:44:34.211 [main] INFO  edu.bjut.boudia.myMain - meter_8433819355615274809:73833407
raspberrypi 13:44:34.211 [main] INFO  edu.bjut.boudia.myMain - meter_9138332313303361067:repMsg
raspberrypi 13:44:34.211 [main] INFO  edu.bjut.boudia.myMain - meter_9138332313303361067:71965981
raspberrypi 13:44:34.211 [main] INFO  edu.bjut.boudia.myMain - meter_8147649747273081771:repMsg
raspberrypi 13:44:34.211 [main] INFO  edu.bjut.boudia.myMain - meter_8147649747273081771:71724334
raspberrypi 13:44:34.211 [main] INFO  edu.bjut.boudia.myMain - meter_8639035352603961633:repMsg
raspberrypi 13:44:34.212 [main] INFO  edu.bjut.boudia.myMain - meter_8639035352603961633:71263833
raspberrypi 13:44:34.212 [main] INFO  edu.bjut.boudia.myMain - meter_9177831793990229:repMsg
raspberrypi 13:44:34.212 [main] INFO  edu.bjut.boudia.myMain - meter_9177831793990229:72259204
raspberrypi 13:44:34.212 [main] INFO  edu.bjut.boudia.myMain - meter_5712151591297034311:repMsg
raspberrypi 13:44:34.212 [main] INFO  edu.bjut.boudia.myMain - meter_5712151591297034311:72777648
raspberrypi 13:44:34.212 [main] INFO  edu.bjut.boudia.myMain - meter_1980723142586209355:repMsg
raspberrypi 13:44:34.212 [main] INFO  edu.bjut.boudia.myMain - meter_1980723142586209355:74412592
raspberrypi 13:44:34.212 [main] INFO  edu.bjut.boudia.myMain - meter_6873315063262735671:repMsg
raspberrypi 13:44:34.212 [main] INFO  edu.bjut.boudia.myMain - meter_6873315063262735671:71999574
raspberrypi 13:44:34.213 [main] INFO  edu.bjut.boudia.myMain - meter_8549453056165035513:repMsg
raspberrypi 13:44:34.213 [main] INFO  edu.bjut.boudia.myMain - meter_8549453056165035513:72191297
raspberrypi 13:44:34.213 [main] INFO  edu.bjut.boudia.myMain - meter_3044770022274582045:repMsg
raspberrypi 13:44:34.213 [main] INFO  edu.bjut.boudia.myMain - meter_3044770022274582045:71714574
raspberrypi 13:44:34.213 [main] INFO  edu.bjut.boudia.myMain - meter_8191909856327442467:repMsg
raspberrypi 13:44:34.213 [main] INFO  edu.bjut.boudia.myMain - meter_8191909856327442467:71655407
raspberrypi 13:44:34.213 [main] INFO  edu.bjut.boudia.myMain - meter_5673584903649264677:repMsg
raspberrypi 13:44:34.213 [main] INFO  edu.bjut.boudia.myMain - meter_5673584903649264677:72006259
raspberrypi 13:44:34.213 [main] INFO  edu.bjut.boudia.myMain - meter_3223330872510041359:repMsg
raspberrypi 13:44:34.214 [main] INFO  edu.bjut.boudia.myMain - meter_3223330872510041359:71356759
raspberrypi 13:44:34.214 [main] INFO  edu.bjut.boudia.myMain - meter_4271761696850897147:repMsg
raspberrypi 13:44:34.214 [main] INFO  edu.bjut.boudia.myMain - meter_4271761696850897147:73624185
raspberrypi 13:44:34.214 [main] INFO  edu.bjut.boudia.myMain - meter_5766631386718533343:repMsg
raspberrypi 13:44:34.214 [main] INFO  edu.bjut.boudia.myMain - meter_5766631386718533343:72094685
raspberrypi 13:44:34.214 [main] INFO  edu.bjut.boudia.myMain - meter_8586344236424314905:repMsg
raspberrypi 13:44:34.214 [main] INFO  edu.bjut.boudia.myMain - meter_8586344236424314905:71892333
raspberrypi 13:44:34.214 [main] INFO  edu.bjut.boudia.myMain - meter_2455353732228678595:repMsg
raspberrypi 13:44:34.214 [main] INFO  edu.bjut.boudia.myMain - meter_2455353732228678595:71654500
raspberrypi 13:44:34.215 [main] INFO  edu.bjut.boudia.myMain - meter_1731372832161821813:repMsg
raspberrypi 13:44:34.215 [main] INFO  edu.bjut.boudia.myMain - meter_1731372832161821813:71472518
raspberrypi 13:44:34.215 [main] INFO  edu.bjut.boudia.myMain - meter_6535802843078182539:repMsg
raspberrypi 13:44:34.215 [main] INFO  edu.bjut.boudia.myMain - meter_6535802843078182539:71758352
raspberrypi 13:44:34.215 [main] INFO  edu.bjut.boudia.myMain - meter_8034109614078512947:repMsg
raspberrypi 13:44:34.215 [main] INFO  edu.bjut.boudia.myMain - meter_8034109614078512947:74282333
raspberrypi 13:44:34.215 [main] INFO  edu.bjut.boudia.myMain - meter_2680592083690453477:repMsg
raspberrypi 13:44:34.215 [main] INFO  edu.bjut.boudia.myMain - meter_2680592083690453477:72106870
raspberrypi 13:44:34.216 [main] INFO  edu.bjut.boudia.myMain - meter_2262761385576582081:repMsg
raspberrypi 13:44:34.216 [main] INFO  edu.bjut.boudia.myMain - meter_2262761385576582081:72119593
raspberrypi 13:44:43.372 [main] INFO  edu.bjut.boudia.myMain - oneTimeMeterRegTime
raspberrypi 13:44:45.153 [main] INFO  edu.bjut.boudia.myMain - server:pubkey
raspberrypi 13:44:45.154 [main] INFO  edu.bjut.boudia.myMain - server:2963
raspberrypi 13:44:45.155 [main] INFO  edu.bjut.boudia.myMain - agg:regMsg,regMsg,regMsg,regMsg,regMsg,regMsg,regMsg,regMsg,regMsg,regMsg,regMsg,regMsg,regMsg,regMsg,regMsg,regMsg,regMsg,regMsg,regMsg,regMsg,regMsg,regMsg,regMsg,regMsg,regMsg,regMsg,regMsg,regMsg,regMsg,regMsg,regMsg,regMsg,regMsg,regMsg,regMsg,regMsg,regMsg,regMsg,regMsg,regMsg,regMsg,regMsg,regMsg,regMsg,regMsg,regMsg,regMsg,regMsg,regMsg,regMsg
raspberrypi 13:44:45.155 [main] INFO  edu.bjut.boudia.myMain - agg:17862370,17835815,17716444,17806518,17703371,17783722,17746444,17753018,19585018,17768056,17666611,17657722,17749834,17862889,17692130,17649926,17774981,17705186,17670241,17895500,17767611,17686407,17703371,17756556,17659074,17662333,17655074,17666574,17695130,17681296,17754444,17762445,17710871,17658186,17733593,17699741,17628000,17669000,17566148,17645926,17666260,17721351,17746425,17596296,17572408,19178741,17649982,17687889,17647981,17778482
raspberrypi 13:44:45.155 [main] INFO  edu.bjut.boudia.myMain - meter_8394692219440540101:regMsg,reg_backagg,reg_cc
raspberrypi 13:44:45.156 [main] INFO  edu.bjut.boudia.myMain - meter_8394692219440540101:2388,17736259,5130
raspberrypi 13:44:45.156 [main] INFO  edu.bjut.boudia.myMain - meter_6364693494946015515:regMsg,reg_backagg,reg_cc
raspberrypi 13:44:45.156 [main] INFO  edu.bjut.boudia.myMain - meter_6364693494946015515:7277,17755852,4240
raspberrypi 13:44:45.156 [main] INFO  edu.bjut.boudia.myMain - meter_7116873587269017281:regMsg,reg_backagg,reg_cc
raspberrypi 13:44:45.156 [main] INFO  edu.bjut.boudia.myMain - meter_7116873587269017281:6852,17782870,5593
raspberrypi 13:44:45.156 [main] INFO  edu.bjut.boudia.myMain - meter_3530320225044429281:regMsg,reg_backagg,reg_cc
raspberrypi 13:44:45.156 [main] INFO  edu.bjut.boudia.myMain - meter_3530320225044429281:7851,17740111,4574
raspberrypi 13:44:45.156 [main] INFO  edu.bjut.boudia.myMain - meter_8266185739109187493:regMsg,reg_backagg,reg_cc
raspberrypi 13:44:45.157 [main] INFO  edu.bjut.boudia.myMain - meter_8266185739109187493:6797,17599703,4111
raspberrypi 13:44:45.157 [main] INFO  edu.bjut.boudia.myMain - meter_4066093076273100659:regMsg,reg_backagg,reg_cc
raspberrypi 13:44:45.157 [main] INFO  edu.bjut.boudia.myMain - meter_4066093076273100659:7944,17724685,4203
raspberrypi 13:44:45.157 [main] INFO  edu.bjut.boudia.myMain - meter_8870400980291573913:regMsg,reg_backagg,reg_cc
raspberrypi 13:44:45.157 [main] INFO  edu.bjut.boudia.myMain - meter_8870400980291573913:27166,17556129,4389
raspberrypi 13:44:45.157 [main] INFO  edu.bjut.boudia.myMain - meter_3774452668363604883:regMsg,reg_backagg,reg_cc
raspberrypi 13:44:45.157 [main] INFO  edu.bjut.boudia.myMain - meter_3774452668363604883:6630,17782944,51703
raspberrypi 13:44:45.158 [main] INFO  edu.bjut.boudia.myMain - meter_9130883777193048845:regMsg,reg_backagg,reg_cc
raspberrypi 13:44:45.158 [main] INFO  edu.bjut.boudia.myMain - meter_9130883777193048845:6963,18078241,2149
raspberrypi 13:44:45.158 [main] INFO  edu.bjut.boudia.myMain - meter_7059164284209023179:regMsg,reg_backagg,reg_cc
raspberrypi 13:44:45.158 [main] INFO  edu.bjut.boudia.myMain - meter_7059164284209023179:6444,17846426,1592
raspberrypi 13:44:45.158 [main] INFO  edu.bjut.boudia.myMain - meter_1462373468926457799:regMsg,reg_backagg,reg_cc
raspberrypi 13:44:45.158 [main] INFO  edu.bjut.boudia.myMain - meter_1462373468926457799:6445,17799445,2778
raspberrypi 13:44:45.158 [main] INFO  edu.bjut.boudia.myMain - meter_6319061158679958143:regMsg,reg_backagg,reg_cc
raspberrypi 13:44:45.159 [main] INFO  edu.bjut.boudia.myMain - meter_6319061158679958143:6223,17589166,2352
raspberrypi 13:44:45.159 [main] INFO  edu.bjut.boudia.myMain - meter_1710272401717818403:regMsg,reg_backagg,reg_cc
raspberrypi 13:44:45.159 [main] INFO  edu.bjut.boudia.myMain - meter_1710272401717818403:7556,17863259,2500
raspberrypi 13:44:45.159 [main] INFO  edu.bjut.boudia.myMain - meter_2389455144352896463:regMsg,reg_backagg,reg_cc
raspberrypi 13:44:45.159 [main] INFO  edu.bjut.boudia.myMain - meter_2389455144352896463:5944,17736426,2056
raspberrypi 13:44:45.159 [main] INFO  edu.bjut.boudia.myMain - meter_218369139876904219:regMsg,reg_backagg,reg_cc
raspberrypi 13:44:45.159 [main] INFO  edu.bjut.boudia.myMain - meter_218369139876904219:6593,17843648,2352
raspberrypi 13:44:45.159 [main] INFO  edu.bjut.boudia.myMain - meter_3224177646053982363:regMsg,reg_backagg,reg_cc
raspberrypi 13:44:45.160 [main] INFO  edu.bjut.boudia.myMain - meter_3224177646053982363:6500,17689296,2796
raspberrypi 13:44:45.160 [main] INFO  edu.bjut.boudia.myMain - meter_8002336987068789179:regMsg,reg_backagg,reg_cc
raspberrypi 13:44:45.160 [main] INFO  edu.bjut.boudia.myMain - meter_8002336987068789179:5648,17435018,2018
raspberrypi 13:44:45.160 [main] INFO  edu.bjut.boudia.myMain - meter_6167729120251492403:regMsg,reg_backagg,reg_cc
raspberrypi 13:44:45.160 [main] INFO  edu.bjut.boudia.myMain - meter_6167729120251492403:5778,17785926,2555
raspberrypi 13:44:45.160 [main] INFO  edu.bjut.boudia.myMain - meter_344651980315199651:regMsg,reg_backagg,reg_cc
raspberrypi 13:44:45.160 [main] INFO  edu.bjut.boudia.myMain - meter_344651980315199651:6778,17796963,2556
raspberrypi 13:44:45.160 [main] INFO  edu.bjut.boudia.myMain - meter_4101923443634584991:regMsg,reg_backagg,reg_cc
raspberrypi 13:44:45.160 [main] INFO  edu.bjut.boudia.myMain - meter_4101923443634584991:6093,18013982,2055
raspberrypi 13:44:45.161 [main] INFO  edu.bjut.boudia.myMain - meter_4444024687835149535:regMsg,reg_backagg,reg_cc
raspberrypi 13:44:45.161 [main] INFO  edu.bjut.boudia.myMain - meter_4444024687835149535:6074,18997130,2667
raspberrypi 13:44:45.161 [main] INFO  edu.bjut.boudia.myMain - meter_3231971373770701965:regMsg,reg_backagg,reg_cc
raspberrypi 13:44:45.161 [main] INFO  edu.bjut.boudia.myMain - meter_3231971373770701965:7185,17565241,2592
raspberrypi 13:44:45.161 [main] INFO  edu.bjut.boudia.myMain - meter_9058789916982197137:regMsg,reg_backagg,reg_cc
raspberrypi 13:44:45.161 [main] INFO  edu.bjut.boudia.myMain - meter_9058789916982197137:7278,17650889,2000
raspberrypi 13:44:45.161 [main] INFO  edu.bjut.boudia.myMain - meter_4250516915928435643:regMsg,reg_backagg,reg_cc
raspberrypi 13:44:45.161 [main] INFO  edu.bjut.boudia.myMain - meter_4250516915928435643:6185,17709352,2185
raspberrypi 13:44:45.161 [main] INFO  edu.bjut.boudia.myMain - meter_7162600084700469263:regMsg,reg_backagg,reg_cc
raspberrypi 13:44:45.161 [main] INFO  edu.bjut.boudia.myMain - meter_7162600084700469263:6703,17823000,2741
raspberrypi 13:44:45.162 [main] INFO  edu.bjut.boudia.myMain - meter_9089131858415483253:regMsg,reg_backagg,reg_cc
raspberrypi 13:44:45.162 [main] INFO  edu.bjut.boudia.myMain - meter_9089131858415483253:7185,17476352,1889
raspberrypi 13:44:45.162 [main] INFO  edu.bjut.boudia.myMain - meter_519656521508064341:regMsg,reg_backagg,reg_cc
raspberrypi 13:44:45.162 [main] INFO  edu.bjut.boudia.myMain - meter_519656521508064341:5834,17770093,2222
raspberrypi 13:44:45.162 [main] INFO  edu.bjut.boudia.myMain - meter_8231317011458067085:regMsg,reg_backagg,reg_cc
raspberrypi 13:44:45.162 [main] INFO  edu.bjut.boudia.myMain - meter_8231317011458067085:5981,17665296,2371
raspberrypi 13:44:45.162 [main] INFO  edu.bjut.boudia.myMain - meter_7300700331669478961:regMsg,reg_backagg,reg_cc
raspberrypi 13:44:45.162 [main] INFO  edu.bjut.boudia.myMain - meter_7300700331669478961:7259,17648722,2333
raspberrypi 13:44:45.163 [main] INFO  edu.bjut.boudia.myMain - meter_7382503465972104695:regMsg,reg_backagg,reg_cc
raspberrypi 13:44:45.163 [main] INFO  edu.bjut.boudia.myMain - meter_7382503465972104695:6074,17557074,2592
raspberrypi 13:44:45.163 [main] INFO  edu.bjut.boudia.myMain - meter_4111255548096417153:regMsg,reg_backagg,reg_cc
raspberrypi 13:44:45.163 [main] INFO  edu.bjut.boudia.myMain - meter_4111255548096417153:5426,17791963,2352
raspberrypi 13:44:45.163 [main] INFO  edu.bjut.boudia.myMain - meter_639916469132136117:regMsg,reg_backagg,reg_cc
raspberrypi 13:44:45.163 [main] INFO  edu.bjut.boudia.myMain - meter_639916469132136117:6019,17792555,2667
raspberrypi 13:44:45.163 [main] INFO  edu.bjut.boudia.myMain - meter_8752309168015199309:regMsg,reg_backagg,reg_cc
raspberrypi 13:44:45.163 [main] INFO  edu.bjut.boudia.myMain - meter_8752309168015199309:6167,19358555,2241
raspberrypi 13:44:45.163 [main] INFO  edu.bjut.boudia.myMain - meter_3515292704781645751:regMsg,reg_backagg,reg_cc
raspberrypi 13:44:45.163 [main] INFO  edu.bjut.boudia.myMain - meter_3515292704781645751:5111,17693407,2148
raspberrypi 13:44:45.164 [main] INFO  edu.bjut.boudia.myMain - meter_8038373249785132811:regMsg,reg_backagg,reg_cc
raspberrypi 13:44:45.164 [main] INFO  edu.bjut.boudia.myMain - meter_8038373249785132811:6574,18004574,2574
raspberrypi 13:44:45.164 [main] INFO  edu.bjut.boudia.myMain - meter_6841142997563883707:regMsg,reg_backagg,reg_cc
raspberrypi 13:44:45.164 [main] INFO  edu.bjut.boudia.myMain - meter_6841142997563883707:7833,17716111,2111
raspberrypi 13:44:45.164 [main] INFO  edu.bjut.boudia.myMain - meter_2081674420083891161:regMsg,reg_backagg,reg_cc
raspberrypi 13:44:45.164 [main] INFO  edu.bjut.boudia.myMain - meter_2081674420083891161:5278,17891574,1944
raspberrypi 13:44:45.164 [main] INFO  edu.bjut.boudia.myMain - meter_7209347386080140225:regMsg,reg_backagg,reg_cc
raspberrypi 13:44:45.164 [main] INFO  edu.bjut.boudia.myMain - meter_7209347386080140225:6797,17671575,2833
raspberrypi 13:44:45.164 [main] INFO  edu.bjut.boudia.myMain - meter_6054967633003779547:regMsg,reg_backagg,reg_cc
raspberrypi 13:44:45.165 [main] INFO  edu.bjut.boudia.myMain - meter_6054967633003779547:6074,17577426,2277
raspberrypi 13:44:45.165 [main] INFO  edu.bjut.boudia.myMain - meter_3234287411447647533:regMsg,reg_backagg,reg_cc
raspberrypi 13:44:45.165 [main] INFO  edu.bjut.boudia.myMain - meter_3234287411447647533:6592,17633556,2000
raspberrypi 13:44:45.165 [main] INFO  edu.bjut.boudia.myMain - meter_1005379872544247473:regMsg,reg_backagg,reg_cc
raspberrypi 13:44:45.165 [main] INFO  edu.bjut.boudia.myMain - meter_1005379872544247473:5963,17664926,1908
raspberrypi 13:44:45.165 [main] INFO  edu.bjut.boudia.myMain - meter_1259234142133607535:regMsg,reg_backagg,reg_cc
raspberrypi 13:44:45.165 [main] INFO  edu.bjut.boudia.myMain - meter_1259234142133607535:6593,17766759,2259
raspberrypi 13:44:45.165 [main] INFO  edu.bjut.boudia.myMain - meter_8554224195803817087:regMsg,reg_backagg,reg_cc
raspberrypi 13:44:45.166 [main] INFO  edu.bjut.boudia.myMain - meter_8554224195803817087:6445,17657241,2333
raspberrypi 13:44:45.166 [main] INFO  edu.bjut.boudia.myMain - meter_8183575242280412289:regMsg,reg_backagg,reg_cc
raspberrypi 13:44:45.166 [main] INFO  edu.bjut.boudia.myMain - meter_8183575242280412289:6870,17763481,2352
raspberrypi 13:44:45.166 [main] INFO  edu.bjut.boudia.myMain - meter_3943217230045486319:regMsg,reg_backagg,reg_cc
raspberrypi 13:44:45.166 [main] INFO  edu.bjut.boudia.myMain - meter_3943217230045486319:5612,17711259,2444
raspberrypi 13:44:45.166 [main] INFO  edu.bjut.boudia.myMain - meter_9091832264092051149:regMsg,reg_backagg,reg_cc
raspberrypi 13:44:45.166 [main] INFO  edu.bjut.boudia.myMain - meter_9091832264092051149:6185,17737259,2574
raspberrypi 13:44:45.167 [main] INFO  edu.bjut.boudia.myMain - meter_5870830585992637713:regMsg,reg_backagg,reg_cc
raspberrypi 13:44:45.167 [main] INFO  edu.bjut.boudia.myMain - meter_5870830585992637713:6814,17420703,2370
raspberrypi 13:44:45.167 [main] INFO  edu.bjut.boudia.myMain - meter_8916742557557738071:regMsg,reg_backagg,reg_cc
raspberrypi 13:44:45.167 [main] INFO  edu.bjut.boudia.myMain - meter_8916742557557738071:7241,17792204,2296
raspberrypi 13:44:45.167 [main] INFO  edu.bjut.boudia.myMain - meter_992907881711417991:regMsg,reg_backagg,reg_cc
raspberrypi 13:44:45.167 [main] INFO  edu.bjut.boudia.myMain - meter_992907881711417991:6759,17620240,2519
raspberrypi 13:44:45.167 [main] INFO  edu.bjut.boudia.myMain - meter_4001447787812681631:regMsg,reg_backagg,reg_cc
raspberrypi 13:44:45.167 [main] INFO  edu.bjut.boudia.myMain - meter_4001447787812681631:6556,17683093,2723
raspberrypi 13:44:46.956 [main] INFO  edu.bjut.boudia.myMain - oneTimeMeterRepTime
raspberrypi 13:44:51.600 [main] INFO  edu.bjut.boudia.myMain - server:repMsg
raspberrypi 13:44:51.600 [main] INFO  edu.bjut.boudia.myMain - server:86318741
raspberrypi 13:44:51.604 [main] INFO  edu.bjut.boudia.myMain - agg:repMsg
raspberrypi 13:44:51.604 [main] INFO  edu.bjut.boudia.myMain - agg:962388092
raspberrypi 13:44:51.604 [main] INFO  edu.bjut.boudia.myMain - meter_8394692219440540101:repMsg
raspberrypi 13:44:51.604 [main] INFO  edu.bjut.boudia.myMain - meter_8394692219440540101:71876667
raspberrypi 13:44:51.604 [main] INFO  edu.bjut.boudia.myMain - meter_6364693494946015515:repMsg
raspberrypi 13:44:51.604 [main] INFO  edu.bjut.boudia.myMain - meter_6364693494946015515:71394148
raspberrypi 13:44:51.604 [main] INFO  edu.bjut.boudia.myMain - meter_7116873587269017281:repMsg
raspberrypi 13:44:51.605 [main] INFO  edu.bjut.boudia.myMain - meter_7116873587269017281:71211667
raspberrypi 13:44:51.605 [main] INFO  edu.bjut.boudia.myMain - meter_3530320225044429281:repMsg
raspberrypi 13:44:51.605 [main] INFO  edu.bjut.boudia.myMain - meter_3530320225044429281:74041037
raspberrypi 13:44:51.605 [main] INFO  edu.bjut.boudia.myMain - meter_8266185739109187493:repMsg
raspberrypi 13:44:51.605 [main] INFO  edu.bjut.boudia.myMain - meter_8266185739109187493:72215833
raspberrypi 13:44:51.605 [main] INFO  edu.bjut.boudia.myMain - meter_4066093076273100659:repMsg
raspberrypi 13:44:51.606 [main] INFO  edu.bjut.boudia.myMain - meter_4066093076273100659:71769037
raspberrypi 13:44:51.606 [main] INFO  edu.bjut.boudia.myMain - meter_8870400980291573913:repMsg
raspberrypi 13:44:51.606 [main] INFO  edu.bjut.boudia.myMain - meter_8870400980291573913:72526685
raspberrypi 13:44:51.606 [main] INFO  edu.bjut.boudia.myMain - meter_3774452668363604883:repMsg
raspberrypi 13:44:51.606 [main] INFO  edu.bjut.boudia.myMain - meter_3774452668363604883:71683445
raspberrypi 13:44:51.606 [main] INFO  edu.bjut.boudia.myMain - meter_9130883777193048845:repMsg
raspberrypi 13:44:51.607 [main] INFO  edu.bjut.boudia.myMain - meter_9130883777193048845:71753277
raspberrypi 13:44:51.607 [main] INFO  edu.bjut.boudia.myMain - meter_7059164284209023179:repMsg
raspberrypi 13:44:51.607 [main] INFO  edu.bjut.boudia.myMain - meter_7059164284209023179:72641093
raspberrypi 13:44:51.607 [main] INFO  edu.bjut.boudia.myMain - meter_1462373468926457799:repMsg
raspberrypi 13:44:51.607 [main] INFO  edu.bjut.boudia.myMain - meter_1462373468926457799:71571815
raspberrypi 13:44:51.607 [main] INFO  edu.bjut.boudia.myMain - meter_6319061158679958143:repMsg
raspberrypi 13:44:51.608 [main] INFO  edu.bjut.boudia.myMain - meter_6319061158679958143:71771814
raspberrypi 13:44:51.608 [main] INFO  edu.bjut.boudia.myMain - meter_1710272401717818403:repMsg
raspberrypi 13:44:51.608 [main] INFO  edu.bjut.boudia.myMain - meter_1710272401717818403:71249945
raspberrypi 13:44:51.608 [main] INFO  edu.bjut.boudia.myMain - meter_2389455144352896463:repMsg
raspberrypi 13:44:51.608 [main] INFO  edu.bjut.boudia.myMain - meter_2389455144352896463:71747037
raspberrypi 13:44:51.609 [main] INFO  edu.bjut.boudia.myMain - meter_218369139876904219:repMsg
raspberrypi 13:44:51.609 [main] INFO  edu.bjut.boudia.myMain - meter_218369139876904219:70977556
raspberrypi 13:44:51.609 [main] INFO  edu.bjut.boudia.myMain - meter_3224177646053982363:repMsg
raspberrypi 13:44:51.609 [main] INFO  edu.bjut.boudia.myMain - meter_3224177646053982363:71328000
raspberrypi 13:44:51.609 [main] INFO  edu.bjut.boudia.myMain - meter_8002336987068789179:repMsg
raspberrypi 13:44:51.609 [main] INFO  edu.bjut.boudia.myMain - meter_8002336987068789179:73409778
raspberrypi 13:44:51.609 [main] INFO  edu.bjut.boudia.myMain - meter_6167729120251492403:repMsg
raspberrypi 13:44:51.609 [main] INFO  edu.bjut.boudia.myMain - meter_6167729120251492403:72628815
raspberrypi 13:44:51.610 [main] INFO  edu.bjut.boudia.myMain - meter_344651980315199651:repMsg
raspberrypi 13:44:51.610 [main] INFO  edu.bjut.boudia.myMain - meter_344651980315199651:71364074
raspberrypi 13:44:51.610 [main] INFO  edu.bjut.boudia.myMain - meter_4101923443634584991:repMsg
raspberrypi 13:44:51.610 [main] INFO  edu.bjut.boudia.myMain - meter_4101923443634584991:71665426
raspberrypi 13:44:51.610 [main] INFO  edu.bjut.boudia.myMain - meter_4444024687835149535:repMsg
raspberrypi 13:44:51.610 [main] INFO  edu.bjut.boudia.myMain - meter_4444024687835149535:71803518
raspberrypi 13:44:51.610 [main] INFO  edu.bjut.boudia.myMain - meter_3231971373770701965:repMsg
raspberrypi 13:44:51.610 [main] INFO  edu.bjut.boudia.myMain - meter_3231971373770701965:71662519
raspberrypi 13:44:51.611 [main] INFO  edu.bjut.boudia.myMain - meter_9058789916982197137:repMsg
raspberrypi 13:44:51.611 [main] INFO  edu.bjut.boudia.myMain - meter_9058789916982197137:73308629
raspberrypi 13:44:51.611 [main] INFO  edu.bjut.boudia.myMain - meter_4250516915928435643:repMsg
raspberrypi 13:44:51.611 [main] INFO  edu.bjut.boudia.myMain - meter_4250516915928435643:71634833
raspberrypi 13:44:51.611 [main] INFO  edu.bjut.boudia.myMain - meter_7162600084700469263:repMsg
raspberrypi 13:44:51.611 [main] INFO  edu.bjut.boudia.myMain - meter_7162600084700469263:71639185
raspberrypi 13:44:51.612 [main] INFO  edu.bjut.boudia.myMain - meter_9089131858415483253:repMsg
raspberrypi 13:44:51.612 [main] INFO  edu.bjut.boudia.myMain - meter_9089131858415483253:71788018
raspberrypi 13:44:51.612 [main] INFO  edu.bjut.boudia.myMain - meter_519656521508064341:repMsg
raspberrypi 13:44:51.612 [main] INFO  edu.bjut.boudia.myMain - meter_519656521508064341:71811370
raspberrypi 13:44:51.612 [main] INFO  edu.bjut.boudia.myMain - meter_8231317011458067085:repMsg
raspberrypi 13:44:51.612 [main] INFO  edu.bjut.boudia.myMain - meter_8231317011458067085:71265759
raspberrypi 13:44:51.612 [main] INFO  edu.bjut.boudia.myMain - meter_7300700331669478961:repMsg
raspberrypi 13:44:51.612 [main] INFO  edu.bjut.boudia.myMain - meter_7300700331669478961:73047907
raspberrypi 13:44:51.612 [main] INFO  edu.bjut.boudia.myMain - meter_7382503465972104695:repMsg
raspberrypi 13:44:51.613 [main] INFO  edu.bjut.boudia.myMain - meter_7382503465972104695:71283352
raspberrypi 13:44:51.613 [main] INFO  edu.bjut.boudia.myMain - meter_4111255548096417153:repMsg
raspberrypi 13:44:51.613 [main] INFO  edu.bjut.boudia.myMain - meter_4111255548096417153:71037815
raspberrypi 13:44:51.613 [main] INFO  edu.bjut.boudia.myMain - meter_639916469132136117:repMsg
raspberrypi 13:44:51.613 [main] INFO  edu.bjut.boudia.myMain - meter_639916469132136117:71526556
raspberrypi 13:44:51.613 [main] INFO  edu.bjut.boudia.myMain - meter_8752309168015199309:repMsg
raspberrypi 13:44:51.613 [main] INFO  edu.bjut.boudia.myMain - meter_8752309168015199309:71519296
raspberrypi 13:44:51.613 [main] INFO  edu.bjut.boudia.myMain - meter_3515292704781645751:repMsg
raspberrypi 13:44:51.614 [main] INFO  edu.bjut.boudia.myMain - meter_3515292704781645751:71420982
raspberrypi 13:44:51.614 [main] INFO  edu.bjut.boudia.myMain - meter_8038373249785132811:repMsg
raspberrypi 13:44:51.614 [main] INFO  edu.bjut.boudia.myMain - meter_8038373249785132811:73226278
raspberrypi 13:44:51.614 [main] INFO  edu.bjut.boudia.myMain - meter_6841142997563883707:repMsg
raspberrypi 13:44:51.614 [main] INFO  edu.bjut.boudia.myMain - meter_6841142997563883707:71805204
raspberrypi 13:44:51.614 [main] INFO  edu.bjut.boudia.myMain - meter_2081674420083891161:repMsg
raspberrypi 13:44:51.614 [main] INFO  edu.bjut.boudia.myMain - meter_2081674420083891161:71669963
raspberrypi 13:44:51.614 [main] INFO  edu.bjut.boudia.myMain - meter_7209347386080140225:repMsg
raspberrypi 13:44:51.614 [main] INFO  edu.bjut.boudia.myMain - meter_7209347386080140225:71198055
raspberrypi 13:44:51.615 [main] INFO  edu.bjut.boudia.myMain - meter_6054967633003779547:repMsg
raspberrypi 13:44:51.615 [main] INFO  edu.bjut.boudia.myMain - meter_6054967633003779547:71006352
raspberrypi 13:44:51.615 [main] INFO  edu.bjut.boudia.myMain - meter_3234287411447647533:repMsg
raspberrypi 13:44:51.615 [main] INFO  edu.bjut.boudia.myMain - meter_3234287411447647533:71108259
raspberrypi 13:44:51.615 [main] INFO  edu.bjut.boudia.myMain - meter_1005379872544247473:repMsg
raspberrypi 13:44:51.615 [main] INFO  edu.bjut.boudia.myMain - meter_1005379872544247473:71144111
raspberrypi 13:44:51.615 [main] INFO  edu.bjut.boudia.myMain - meter_1259234142133607535:repMsg
raspberrypi 13:44:51.615 [main] INFO  edu.bjut.boudia.myMain - meter_1259234142133607535:73693666
raspberrypi 13:44:51.616 [main] INFO  edu.bjut.boudia.myMain - meter_8554224195803817087:repMsg
raspberrypi 13:44:51.616 [main] INFO  edu.bjut.boudia.myMain - meter_8554224195803817087:71131315
raspberrypi 13:44:51.616 [main] INFO  edu.bjut.boudia.myMain - meter_8183575242280412289:repMsg
raspberrypi 13:44:51.616 [main] INFO  edu.bjut.boudia.myMain - meter_8183575242280412289:71628592
raspberrypi 13:44:51.616 [main] INFO  edu.bjut.boudia.myMain - meter_3943217230045486319:repMsg
raspberrypi 13:44:51.616 [main] INFO  edu.bjut.boudia.myMain - meter_3943217230045486319:71201204
raspberrypi 13:44:51.616 [main] INFO  edu.bjut.boudia.myMain - meter_9091832264092051149:repMsg
raspberrypi 13:44:51.616 [main] INFO  edu.bjut.boudia.myMain - meter_9091832264092051149:72009760
raspberrypi 13:44:51.617 [main] INFO  edu.bjut.boudia.myMain - meter_5870830585992637713:repMsg
raspberrypi 13:44:51.617 [main] INFO  edu.bjut.boudia.myMain - meter_5870830585992637713:71369278
raspberrypi 13:44:51.617 [main] INFO  edu.bjut.boudia.myMain - meter_8916742557557738071:repMsg
raspberrypi 13:44:51.617 [main] INFO  edu.bjut.boudia.myMain - meter_8916742557557738071:73430778
raspberrypi 13:44:51.617 [main] INFO  edu.bjut.boudia.myMain - meter_992907881711417991:repMsg
raspberrypi 13:44:51.617 [main] INFO  edu.bjut.boudia.myMain - meter_992907881711417991:72050981
raspberrypi 13:44:51.617 [main] INFO  edu.bjut.boudia.myMain - meter_4001447787812681631:repMsg
raspberrypi 13:44:51.617 [main] INFO  edu.bjut.boudia.myMain - meter_4001447787812681631:72496148
raspberrypi 13:44:58.548 [main] INFO  edu.bjut.boudia.myMain - oneTimeMeterRegTime
raspberrypi 13:44:59.977 [main] INFO  edu.bjut.boudia.myMain - server:pubkey
raspberrypi 13:44:59.978 [main] INFO  edu.bjut.boudia.myMain - server:4649
raspberrypi 13:44:59.978 [main] INFO  edu.bjut.boudia.myMain - agg:regMsg,regMsg,regMsg,regMsg,regMsg,regMsg,regMsg,regMsg,regMsg,regMsg,regMsg,regMsg,regMsg,regMsg,regMsg,regMsg,regMsg,regMsg,regMsg,regMsg,regMsg,regMsg,regMsg,regMsg,regMsg,regMsg,regMsg,regMsg,regMsg,regMsg,regMsg,regMsg,regMsg,regMsg,regMsg,regMsg,regMsg,regMsg,regMsg,regMsg
raspberrypi 13:44:59.978 [main] INFO  edu.bjut.boudia.myMain - agg:18701352,17716648,17722888,17731685,17691815,17731037,17603963,17869259,17790685,18002111,18058278,18083759,18211055,17760222,17652740,17692481,17714500,17583833,17734500,17682148,17661648,19322759,17720463,17657018,17697055,17701519,17804222,17700852,18208797,18470593,17745204,17720111,17658148,17588500,17776703,17915203,18079000,17781148,17701723,17785056
raspberrypi 13:44:59.978 [main] INFO  edu.bjut.boudia.myMain - meter_6187027477030733231:regMsg,reg_backagg,reg_cc
raspberrypi 13:44:59.978 [main] INFO  edu.bjut.boudia.myMain - meter_6187027477030733231:4278,18394222,2574
raspberrypi 13:44:59.979 [main] INFO  edu.bjut.boudia.myMain - meter_4597093722948202045:regMsg,reg_backagg,reg_cc
raspberrypi 13:44:59.979 [main] INFO  edu.bjut.boudia.myMain - meter_4597093722948202045:6963,17691315,2778
raspberrypi 13:44:59.979 [main] INFO  edu.bjut.boudia.myMain - meter_8528108651870879171:regMsg,reg_backagg,reg_cc
raspberrypi 13:44:59.979 [main] INFO  edu.bjut.boudia.myMain - meter_8528108651870879171:7204,17639926,2685
raspberrypi 13:44:59.979 [main] INFO  edu.bjut.boudia.myMain - meter_9219442421927117389:regMsg,reg_backagg,reg_cc
raspberrypi 13:44:59.979 [main] INFO  edu.bjut.boudia.myMain - meter_9219442421927117389:6666,17676204,2185
raspberrypi 13:44:59.979 [main] INFO  edu.bjut.boudia.myMain - meter_8540845605203405101:regMsg,reg_backagg,reg_cc
raspberrypi 13:44:59.979 [main] INFO  edu.bjut.boudia.myMain - meter_8540845605203405101:6612,17571667,2389
raspberrypi 13:44:59.979 [main] INFO  edu.bjut.boudia.myMain - meter_7378119865571432961:regMsg,reg_backagg,reg_cc
raspberrypi 13:44:59.979 [main] INFO  edu.bjut.boudia.myMain - meter_7378119865571432961:6981,17761204,2389
raspberrypi 13:44:59.979 [main] INFO  edu.bjut.boudia.myMain - meter_421908540266533051:regMsg,reg_backagg,reg_cc
raspberrypi 13:44:59.979 [main] INFO  edu.bjut.boudia.myMain - meter_421908540266533051:6204,17719444,2111
raspberrypi 13:44:59.980 [main] INFO  edu.bjut.boudia.myMain - meter_346891857813370637:regMsg,reg_backagg,reg_cc
raspberrypi 13:44:59.980 [main] INFO  edu.bjut.boudia.myMain - meter_346891857813370637:5760,17931351,2148
raspberrypi 13:44:59.980 [main] INFO  edu.bjut.boudia.myMain - meter_1006791156275655121:regMsg,reg_backagg,reg_cc
raspberrypi 13:44:59.980 [main] INFO  edu.bjut.boudia.myMain - meter_1006791156275655121:6204,19278907,2315
raspberrypi 13:44:59.980 [main] INFO  edu.bjut.boudia.myMain - meter_2979590075360750871:regMsg,reg_backagg,reg_cc
raspberrypi 13:44:59.980 [main] INFO  edu.bjut.boudia.myMain - meter_2979590075360750871:6000,17579223,2741
raspberrypi 13:44:59.980 [main] INFO  edu.bjut.boudia.myMain - meter_406951532264793549:regMsg,reg_backagg,reg_cc
raspberrypi 13:44:59.980 [main] INFO  edu.bjut.boudia.myMain - meter_406951532264793549:6370,17740778,2686
raspberrypi 13:44:59.980 [main] INFO  edu.bjut.boudia.myMain - meter_649444175187957421:regMsg,reg_backagg,reg_cc
raspberrypi 13:44:59.980 [main] INFO  edu.bjut.boudia.myMain - meter_649444175187957421:5852,17977815,2444
raspberrypi 13:44:59.980 [main] INFO  edu.bjut.boudia.myMain - meter_5685473842968168421:regMsg,reg_backagg,reg_cc
raspberrypi 13:44:59.980 [main] INFO  edu.bjut.boudia.myMain - meter_5685473842968168421:5740,17910704,2445
raspberrypi 13:44:59.980 [main] INFO  edu.bjut.boudia.myMain - meter_9175601223824679547:regMsg,reg_backagg,reg_cc
raspberrypi 13:44:59.981 [main] INFO  edu.bjut.boudia.myMain - meter_9175601223824679547:6481,17530870,1926
raspberrypi 13:44:59.981 [main] INFO  edu.bjut.boudia.myMain - meter_6515225635189355915:regMsg,reg_backagg,reg_cc
raspberrypi 13:44:59.981 [main] INFO  edu.bjut.boudia.myMain - meter_6515225635189355915:7334,17687778,2426
raspberrypi 13:44:59.981 [main] INFO  edu.bjut.boudia.myMain - meter_8359132376318540573:regMsg,reg_backagg,reg_cc
raspberrypi 13:44:59.981 [main] INFO  edu.bjut.boudia.myMain - meter_8359132376318540573:6240,17602944,1518
raspberrypi 13:44:59.981 [main] INFO  edu.bjut.boudia.myMain - meter_5309848222585278139:regMsg,reg_backagg,reg_cc
raspberrypi 13:44:59.981 [main] INFO  edu.bjut.boudia.myMain - meter_5309848222585278139:6167,17627740,2481
raspberrypi 13:44:59.981 [main] INFO  edu.bjut.boudia.myMain - meter_6049474470687832155:regMsg,reg_backagg,reg_cc
raspberrypi 13:44:59.981 [main] INFO  edu.bjut.boudia.myMain - meter_6049474470687832155:5463,17483648,3296
raspberrypi 13:44:59.981 [main] INFO  edu.bjut.boudia.myMain - meter_3432503564020849201:regMsg,reg_backagg,reg_cc
raspberrypi 13:44:59.981 [main] INFO  edu.bjut.boudia.myMain - meter_3432503564020849201:6555,17867629,2778
raspberrypi 13:44:59.981 [main] INFO  edu.bjut.boudia.myMain - meter_374174652576181199:regMsg,reg_backagg,reg_cc
raspberrypi 13:44:59.982 [main] INFO  edu.bjut.boudia.myMain - meter_374174652576181199:6667,17836796,2741
raspberrypi 13:44:59.982 [main] INFO  edu.bjut.boudia.myMain - meter_3876881095836931817:regMsg,reg_backagg,reg_cc
raspberrypi 13:44:59.982 [main] INFO  edu.bjut.boudia.myMain - meter_3876881095836931817:6000,17663222,2426
raspberrypi 13:44:59.982 [main] INFO  edu.bjut.boudia.myMain - meter_1929816992787610781:regMsg,reg_backagg,reg_cc
raspberrypi 13:44:59.982 [main] INFO  edu.bjut.boudia.myMain - meter_1929816992787610781:22148,17731019,2778
raspberrypi 13:44:59.982 [main] INFO  edu.bjut.boudia.myMain - meter_5178385097295964429:regMsg,reg_backagg,reg_cc
raspberrypi 13:44:59.982 [main] INFO  edu.bjut.boudia.myMain - meter_5178385097295964429:6888,17704482,2907
raspberrypi 13:44:59.982 [main] INFO  edu.bjut.boudia.myMain - meter_1486287821597109319:regMsg,reg_backagg,reg_cc
raspberrypi 13:44:59.983 [main] INFO  edu.bjut.boudia.myMain - meter_1486287821597109319:6333,17956408,2204
raspberrypi 13:44:59.983 [main] INFO  edu.bjut.boudia.myMain - meter_2060804748480266917:regMsg,reg_backagg,reg_cc
raspberrypi 13:44:59.983 [main] INFO  edu.bjut.boudia.myMain - meter_2060804748480266917:7000,17562481,2666
raspberrypi 13:44:59.983 [main] INFO  edu.bjut.boudia.myMain - meter_6718952504527131343:regMsg,reg_backagg,reg_cc
raspberrypi 13:44:59.983 [main] INFO  edu.bjut.boudia.myMain - meter_6718952504527131343:6407,17809593,2389
raspberrypi 13:44:59.983 [main] INFO  edu.bjut.boudia.myMain - meter_5706020370553176367:regMsg,reg_backagg,reg_cc
raspberrypi 13:44:59.983 [main] INFO  edu.bjut.boudia.myMain - meter_5706020370553176367:6648,17570760,2315
raspberrypi 13:44:59.983 [main] INFO  edu.bjut.boudia.myMain - meter_8302173872426641347:regMsg,reg_backagg,reg_cc
raspberrypi 13:44:59.983 [main] INFO  edu.bjut.boudia.myMain - meter_8302173872426641347:7185,17525463,2444
raspberrypi 13:44:59.984 [main] INFO  edu.bjut.boudia.myMain - meter_7974310648494575383:regMsg,reg_backagg,reg_cc
raspberrypi 13:44:59.984 [main] INFO  edu.bjut.boudia.myMain - meter_7974310648494575383:6407,18206519,2852
raspberrypi 13:44:59.984 [main] INFO  edu.bjut.boudia.myMain - meter_3677726491119174897:regMsg,reg_backagg,reg_cc
raspberrypi 13:44:59.984 [main] INFO  edu.bjut.boudia.myMain - meter_3677726491119174897:5963,17830500,2445
raspberrypi 13:44:59.984 [main] INFO  edu.bjut.boudia.myMain - meter_2007520019639551245:regMsg,reg_backagg,reg_cc
raspberrypi 13:44:59.984 [main] INFO  edu.bjut.boudia.myMain - meter_2007520019639551245:5796,17300315,2129
raspberrypi 13:44:59.984 [main] INFO  edu.bjut.boudia.myMain - meter_7331709272997313759:regMsg,reg_backagg,reg_cc
raspberrypi 13:44:59.984 [main] INFO  edu.bjut.boudia.myMain - meter_7331709272997313759:6278,17669815,2796
raspberrypi 13:44:59.984 [main] INFO  edu.bjut.boudia.myMain - meter_3566612065092063121:regMsg,reg_backagg,reg_cc
raspberrypi 13:44:59.984 [main] INFO  edu.bjut.boudia.myMain - meter_3566612065092063121:6352,17773408,2222
raspberrypi 13:44:59.984 [main] INFO  edu.bjut.boudia.myMain - meter_4208920436288402011:regMsg,reg_backagg,reg_cc
raspberrypi 13:44:59.984 [main] INFO  edu.bjut.boudia.myMain - meter_4208920436288402011:6556,19050593,2648
raspberrypi 13:44:59.985 [main] INFO  edu.bjut.boudia.myMain - meter_8449818178519765479:regMsg,reg_backagg,reg_cc
raspberrypi 13:44:59.985 [main] INFO  edu.bjut.boudia.myMain - meter_8449818178519765479:67981,17664500,2463
raspberrypi 13:44:59.985 [main] INFO  edu.bjut.boudia.myMain - meter_5192247184339495995:regMsg,reg_backagg,reg_cc
raspberrypi 13:44:59.985 [main] INFO  edu.bjut.boudia.myMain - meter_5192247184339495995:5889,17988185,3463
raspberrypi 13:44:59.985 [main] INFO  edu.bjut.boudia.myMain - meter_6257772519612502117:regMsg,reg_backagg,reg_cc
raspberrypi 13:44:59.985 [main] INFO  edu.bjut.boudia.myMain - meter_6257772519612502117:62444,17712852,9611
raspberrypi 13:44:59.985 [main] INFO  edu.bjut.boudia.myMain - meter_9134076209949699159:regMsg,reg_backagg,reg_cc
raspberrypi 13:44:59.985 [main] INFO  edu.bjut.boudia.myMain - meter_9134076209949699159:740,17537407,1019
raspberrypi 13:44:59.985 [main] INFO  edu.bjut.boudia.myMain - meter_161295959624872969:regMsg,reg_backagg,reg_cc
raspberrypi 13:44:59.985 [main] INFO  edu.bjut.boudia.myMain - meter_161295959624872969:500,17781722,1000
raspberrypi 13:44:59.985 [main] INFO  edu.bjut.boudia.myMain - meter_5093087314192453409:regMsg,reg_backagg,reg_cc
raspberrypi 13:44:59.985 [main] INFO  edu.bjut.boudia.myMain - meter_5093087314192453409:944,17592352,945
raspberrypi 13:45:01.413 [main] INFO  edu.bjut.boudia.myMain - oneTimeMeterRepTime
raspberrypi 13:45:05.157 [main] INFO  edu.bjut.boudia.myMain - server:repMsg
raspberrypi 13:45:05.157 [main] INFO  edu.bjut.boudia.myMain - server:92040314
raspberrypi 13:45:05.157 [main] INFO  edu.bjut.boudia.myMain - agg:repMsg
raspberrypi 13:45:05.157 [main] INFO  edu.bjut.boudia.myMain - agg:774347425
raspberrypi 13:45:05.157 [main] INFO  edu.bjut.boudia.myMain - meter_6187027477030733231:repMsg
raspberrypi 13:45:05.158 [main] INFO  edu.bjut.boudia.myMain - meter_6187027477030733231:71456574
raspberrypi 13:45:05.158 [main] INFO  edu.bjut.boudia.myMain - meter_4597093722948202045:repMsg
raspberrypi 13:45:05.158 [main] INFO  edu.bjut.boudia.myMain - meter_4597093722948202045:73288908
raspberrypi 13:45:05.158 [main] INFO  edu.bjut.boudia.myMain - meter_8528108651870879171:repMsg
raspberrypi 13:45:05.158 [main] INFO  edu.bjut.boudia.myMain - meter_8528108651870879171:71457426
raspberrypi 13:45:05.158 [main] INFO  edu.bjut.boudia.myMain - meter_9219442421927117389:repMsg
raspberrypi 13:45:05.158 [main] INFO  edu.bjut.boudia.myMain - meter_9219442421927117389:71331685
raspberrypi 13:45:05.158 [main] INFO  edu.bjut.boudia.myMain - meter_8540845605203405101:repMsg
raspberrypi 13:45:05.158 [main] INFO  edu.bjut.boudia.myMain - meter_8540845605203405101:70273722
raspberrypi 13:45:05.158 [main] INFO  edu.bjut.boudia.myMain - meter_7378119865571432961:repMsg
raspberrypi 13:45:05.158 [main] INFO  edu.bjut.boudia.myMain - meter_7378119865571432961:71642037
raspberrypi 13:45:05.158 [main] INFO  edu.bjut.boudia.myMain - meter_421908540266533051:repMsg
raspberrypi 13:45:05.159 [main] INFO  edu.bjut.boudia.myMain - meter_421908540266533051:71464537
raspberrypi 13:45:05.159 [main] INFO  edu.bjut.boudia.myMain - meter_346891857813370637:repMsg
raspberrypi 13:45:05.159 [main] INFO  edu.bjut.boudia.myMain - meter_346891857813370637:74600945
raspberrypi 13:45:05.159 [main] INFO  edu.bjut.boudia.myMain - meter_1006791156275655121:repMsg
raspberrypi 13:45:05.159 [main] INFO  edu.bjut.boudia.myMain - meter_1006791156275655121:71822833
raspberrypi 13:45:05.159 [main] INFO  edu.bjut.boudia.myMain - meter_2979590075360750871:repMsg
raspberrypi 13:45:05.159 [main] INFO  edu.bjut.boudia.myMain - meter_2979590075360750871:71305092
raspberrypi 13:45:05.159 [main] INFO  edu.bjut.boudia.myMain - meter_406951532264793549:repMsg
raspberrypi 13:45:05.159 [main] INFO  edu.bjut.boudia.myMain - meter_406951532264793549:71719203
raspberrypi 13:45:05.160 [main] INFO  edu.bjut.boudia.myMain - meter_649444175187957421:repMsg
raspberrypi 13:45:05.160 [main] INFO  edu.bjut.boudia.myMain - meter_649444175187957421:71618278
raspberrypi 13:45:05.160 [main] INFO  edu.bjut.boudia.myMain - meter_5685473842968168421:repMsg
raspberrypi 13:45:05.160 [main] INFO  edu.bjut.boudia.myMain - meter_5685473842968168421:71619241
raspberrypi 13:45:05.160 [main] INFO  edu.bjut.boudia.myMain - meter_9175601223824679547:repMsg
raspberrypi 13:45:05.160 [main] INFO  edu.bjut.boudia.myMain - meter_9175601223824679547:71506537
raspberrypi 13:45:05.160 [main] INFO  edu.bjut.boudia.myMain - meter_6515225635189355915:repMsg
raspberrypi 13:45:05.160 [main] INFO  edu.bjut.boudia.myMain - meter_6515225635189355915:73654944
raspberrypi 13:45:05.161 [main] INFO  edu.bjut.boudia.myMain - meter_8359132376318540573:repMsg
raspberrypi 13:45:05.161 [main] INFO  edu.bjut.boudia.myMain - meter_8359132376318540573:72060037
raspberrypi 13:45:05.161 [main] INFO  edu.bjut.boudia.myMain - meter_5309848222585278139:repMsg
raspberrypi 13:45:05.161 [main] INFO  edu.bjut.boudia.myMain - meter_5309848222585278139:71097870
raspberrypi 13:45:05.161 [main] INFO  edu.bjut.boudia.myMain - meter_6049474470687832155:repMsg
raspberrypi 13:45:05.161 [main] INFO  edu.bjut.boudia.myMain - meter_6049474470687832155:71487722
raspberrypi 13:45:05.161 [main] INFO  edu.bjut.boudia.myMain - meter_3432503564020849201:repMsg
raspberrypi 13:45:05.161 [main] INFO  edu.bjut.boudia.myMain - meter_3432503564020849201:70890037
raspberrypi 13:45:05.161 [main] INFO  edu.bjut.boudia.myMain - meter_374174652576181199:repMsg
raspberrypi 13:45:05.161 [main] INFO  edu.bjut.boudia.myMain - meter_374174652576181199:71071334
raspberrypi 13:45:05.162 [main] INFO  edu.bjut.boudia.myMain - meter_3876881095836931817:repMsg
raspberrypi 13:45:05.162 [main] INFO  edu.bjut.boudia.myMain - meter_3876881095836931817:73483241
raspberrypi 13:45:05.162 [main] INFO  edu.bjut.boudia.myMain - meter_1929816992787610781:repMsg
raspberrypi 13:45:05.162 [main] INFO  edu.bjut.boudia.myMain - meter_1929816992787610781:71443722
raspberrypi 13:45:05.162 [main] INFO  edu.bjut.boudia.myMain - meter_5178385097295964429:repMsg
raspberrypi 13:45:05.162 [main] INFO  edu.bjut.boudia.myMain - meter_5178385097295964429:71661963
raspberrypi 13:45:05.162 [main] INFO  edu.bjut.boudia.myMain - meter_1486287821597109319:repMsg
raspberrypi 13:45:05.162 [main] INFO  edu.bjut.boudia.myMain - meter_1486287821597109319:71423722
raspberrypi 13:45:05.163 [main] INFO  edu.bjut.boudia.myMain - meter_2060804748480266917:repMsg
raspberrypi 13:45:05.163 [main] INFO  edu.bjut.boudia.myMain - meter_2060804748480266917:71226704
raspberrypi 13:45:05.163 [main] INFO  edu.bjut.boudia.myMain - meter_6718952504527131343:repMsg
raspberrypi 13:45:05.163 [main] INFO  edu.bjut.boudia.myMain - meter_6718952504527131343:71172185
raspberrypi 13:45:05.163 [main] INFO  edu.bjut.boudia.myMain - meter_5706020370553176367:repMsg
raspberrypi 13:45:05.164 [main] INFO  edu.bjut.boudia.myMain - meter_5706020370553176367:73094537
raspberrypi 13:45:05.164 [main] INFO  edu.bjut.boudia.myMain - meter_8302173872426641347:repMsg
raspberrypi 13:45:05.164 [main] INFO  edu.bjut.boudia.myMain - meter_8302173872426641347:71805018
raspberrypi 13:45:05.164 [main] INFO  edu.bjut.boudia.myMain - meter_7974310648494575383:repMsg
raspberrypi 13:45:05.164 [main] INFO  edu.bjut.boudia.myMain - meter_7974310648494575383:71693111
raspberrypi 13:45:05.164 [main] INFO  edu.bjut.boudia.myMain - meter_3677726491119174897:repMsg
raspberrypi 13:45:05.165 [main] INFO  edu.bjut.boudia.myMain - meter_3677726491119174897:72369129
raspberrypi 13:45:05.165 [main] INFO  edu.bjut.boudia.myMain - meter_2007520019639551245:repMsg
raspberrypi 13:45:05.165 [main] INFO  edu.bjut.boudia.myMain - meter_2007520019639551245:73777741
raspberrypi 13:45:05.166 [main] INFO  edu.bjut.boudia.myMain - meter_7331709272997313759:repMsg
raspberrypi 13:45:05.166 [main] INFO  edu.bjut.boudia.myMain - meter_7331709272997313759:72276759
raspberrypi 13:45:05.166 [main] INFO  edu.bjut.boudia.myMain - meter_3566612065092063121:repMsg
raspberrypi 13:45:05.166 [main] INFO  edu.bjut.boudia.myMain - meter_3566612065092063121:73344889
raspberrypi 13:45:05.166 [main] INFO  edu.bjut.boudia.myMain - meter_4208920436288402011:repMsg
raspberrypi 13:45:05.167 [main] INFO  edu.bjut.boudia.myMain - meter_4208920436288402011:71628482
raspberrypi 13:45:05.167 [main] INFO  edu.bjut.boudia.myMain - meter_8449818178519765479:repMsg
raspberrypi 13:45:05.167 [main] INFO  edu.bjut.boudia.myMain - meter_8449818178519765479:70967963
raspberrypi 13:45:05.167 [main] INFO  edu.bjut.boudia.myMain - meter_5192247184339495995:repMsg
raspberrypi 13:45:05.167 [main] INFO  edu.bjut.boudia.myMain - meter_5192247184339495995:71161889
raspberrypi 13:45:05.168 [main] INFO  edu.bjut.boudia.myMain - meter_6257772519612502117:repMsg
raspberrypi 13:45:05.168 [main] INFO  edu.bjut.boudia.myMain - meter_6257772519612502117:71829574
raspberrypi 13:45:05.168 [main] INFO  edu.bjut.boudia.myMain - meter_9134076209949699159:repMsg
raspberrypi 13:45:05.168 [main] INFO  edu.bjut.boudia.myMain - meter_9134076209949699159:72107741
raspberrypi 13:45:05.168 [main] INFO  edu.bjut.boudia.myMain - meter_161295959624872969:repMsg
raspberrypi 13:45:05.168 [main] INFO  edu.bjut.boudia.myMain - meter_161295959624872969:71324834
raspberrypi 13:45:05.168 [main] INFO  edu.bjut.boudia.myMain - meter_5093087314192453409:repMsg
raspberrypi 13:45:05.168 [main] INFO  edu.bjut.boudia.myMain - meter_5093087314192453409:72911111
raspberrypi 13:45:10.173 [main] INFO  edu.bjut.boudia.myMain - oneTimeMeterRegTime
raspberrypi 13:45:11.245 [main] INFO  edu.bjut.boudia.myMain - server:pubkey
raspberrypi 13:45:11.245 [main] INFO  edu.bjut.boudia.myMain - server:4704
raspberrypi 13:45:11.246 [main] INFO  edu.bjut.boudia.myMain - agg:regMsg,regMsg,regMsg,regMsg,regMsg,regMsg,regMsg,regMsg,regMsg,regMsg,regMsg,regMsg,regMsg,regMsg,regMsg,regMsg,regMsg,regMsg,regMsg,regMsg,regMsg,regMsg,regMsg,regMsg,regMsg,regMsg,regMsg,regMsg,regMsg,regMsg
raspberrypi 13:45:11.246 [main] INFO  edu.bjut.boudia.myMain - agg:18011777,17839537,17730871,17672092,17750444,17688833,17647018,17753574,17697092,17713686,17667741,17686185,17738741,19066074,17752537,17880852,17718852,17723907,17669130,17764278,17757907,17692648,17750815,17712870,17713574,17761704,17806241,17755593,17767852,17814667
raspberrypi 13:45:11.246 [main] INFO  edu.bjut.boudia.myMain - meter_2983192643455489671:regMsg,reg_backagg,reg_cc
raspberrypi 13:45:11.246 [main] INFO  edu.bjut.boudia.myMain - meter_2983192643455489671:944,19077537,926
raspberrypi 13:45:11.246 [main] INFO  edu.bjut.boudia.myMain - meter_931668709102036949:regMsg,reg_backagg,reg_cc
raspberrypi 13:45:11.246 [main] INFO  edu.bjut.boudia.myMain - meter_931668709102036949:629,17731796,1092
raspberrypi 13:45:11.246 [main] INFO  edu.bjut.boudia.myMain - meter_4416371418134317781:regMsg,reg_backagg,reg_cc
raspberrypi 13:45:11.247 [main] INFO  edu.bjut.boudia.myMain - meter_4416371418134317781:1185,17879593,815
raspberrypi 13:45:11.247 [main] INFO  edu.bjut.boudia.myMain - meter_5508152536211209549:regMsg,reg_backagg,reg_cc
raspberrypi 13:45:11.247 [main] INFO  edu.bjut.boudia.myMain - meter_5508152536211209549:685,17720333,1185
raspberrypi 13:45:11.247 [main] INFO  edu.bjut.boudia.myMain - meter_24974391909010419:regMsg,reg_backagg,reg_cc
raspberrypi 13:45:11.247 [main] INFO  edu.bjut.boudia.myMain - meter_24974391909010419:685,17415908,592
raspberrypi 13:45:11.247 [main] INFO  edu.bjut.boudia.myMain - meter_5668200611640277767:regMsg,reg_backagg,reg_cc
raspberrypi 13:45:11.247 [main] INFO  edu.bjut.boudia.myMain - meter_5668200611640277767:556,17943056,778
raspberrypi 13:45:11.247 [main] INFO  edu.bjut.boudia.myMain - meter_539709085849333031:regMsg,reg_backagg,reg_cc
raspberrypi 13:45:11.247 [main] INFO  edu.bjut.boudia.myMain - meter_539709085849333031:796,17426833,1074
raspberrypi 13:45:11.247 [main] INFO  edu.bjut.boudia.myMain - meter_3981355811386960425:regMsg,reg_backagg,reg_cc
raspberrypi 13:45:11.247 [main] INFO  edu.bjut.boudia.myMain - meter_3981355811386960425:722,17926852,963
raspberrypi 13:45:11.247 [main] INFO  edu.bjut.boudia.myMain - meter_4015163288756077559:regMsg,reg_backagg,reg_cc
raspberrypi 13:45:11.247 [main] INFO  edu.bjut.boudia.myMain - meter_4015163288756077559:797,17475611,1204
raspberrypi 13:45:11.248 [main] INFO  edu.bjut.boudia.myMain - meter_2797745789067963095:regMsg,reg_backagg,reg_cc
raspberrypi 13:45:11.248 [main] INFO  edu.bjut.boudia.myMain - meter_2797745789067963095:667,17815648,1148
raspberrypi 13:45:11.248 [main] INFO  edu.bjut.boudia.myMain - meter_2128175619388181955:regMsg,reg_backagg,reg_cc
raspberrypi 13:45:11.248 [main] INFO  edu.bjut.boudia.myMain - meter_2128175619388181955:759,17827277,555
raspberrypi 13:45:11.248 [main] INFO  edu.bjut.boudia.myMain - meter_5337340510510619017:regMsg,reg_backagg,reg_cc
raspberrypi 13:45:11.248 [main] INFO  edu.bjut.boudia.myMain - meter_5337340510510619017:1056,18542075,852
raspberrypi 13:45:11.248 [main] INFO  edu.bjut.boudia.myMain - meter_3100900424219059645:regMsg,reg_backagg,reg_cc
raspberrypi 13:45:11.248 [main] INFO  edu.bjut.boudia.myMain - meter_3100900424219059645:593,17481833,1203
raspberrypi 13:45:11.248 [main] INFO  edu.bjut.boudia.myMain - meter_2929528179609770927:regMsg,reg_backagg,reg_cc
raspberrypi 13:45:11.248 [main] INFO  edu.bjut.boudia.myMain - meter_2929528179609770927:648,18596482,1037
raspberrypi 13:45:11.248 [main] INFO  edu.bjut.boudia.myMain - meter_467940896045056833:regMsg,reg_backagg,reg_cc
raspberrypi 13:45:11.248 [main] INFO  edu.bjut.boudia.myMain - meter_467940896045056833:612,17749315,1241
raspberrypi 13:45:11.248 [main] INFO  edu.bjut.boudia.myMain - meter_8168074089678159655:regMsg,reg_backagg,reg_cc
raspberrypi 13:45:11.248 [main] INFO  edu.bjut.boudia.myMain - meter_8168074089678159655:519,17768963,1241
raspberrypi 13:45:11.249 [main] INFO  edu.bjut.boudia.myMain - meter_3039285480807440915:regMsg,reg_backagg,reg_cc
raspberrypi 13:45:11.249 [main] INFO  edu.bjut.boudia.myMain - meter_3039285480807440915:982,17624555,1074
raspberrypi 13:45:11.249 [main] INFO  edu.bjut.boudia.myMain - meter_8644087190519459003:regMsg,reg_backagg,reg_cc
raspberrypi 13:45:11.249 [main] INFO  edu.bjut.boudia.myMain - meter_8644087190519459003:667,17894463,1000
raspberrypi 13:45:11.249 [main] INFO  edu.bjut.boudia.myMain - meter_6110854217823398933:regMsg,reg_backagg,reg_cc
raspberrypi 13:45:11.249 [main] INFO  edu.bjut.boudia.myMain - meter_6110854217823398933:629,17798907,945
raspberrypi 13:45:11.249 [main] INFO  edu.bjut.boudia.myMain - meter_1379607355121495165:regMsg,reg_backagg,reg_cc
raspberrypi 13:45:11.249 [main] INFO  edu.bjut.boudia.myMain - meter_1379607355121495165:833,17852167,888
raspberrypi 13:45:11.249 [main] INFO  edu.bjut.boudia.myMain - meter_8083972631457258239:regMsg,reg_backagg,reg_cc
raspberrypi 13:45:11.249 [main] INFO  edu.bjut.boudia.myMain - meter_8083972631457258239:741,17619241,1018
raspberrypi 13:45:11.249 [main] INFO  edu.bjut.boudia.myMain - meter_6486688107112092495:regMsg,reg_backagg,reg_cc
raspberrypi 13:45:11.249 [main] INFO  edu.bjut.boudia.myMain - meter_6486688107112092495:704,17695704,797
raspberrypi 13:45:11.249 [main] INFO  edu.bjut.boudia.myMain - meter_8887939030448754163:regMsg,reg_backagg,reg_cc
raspberrypi 13:45:11.249 [main] INFO  edu.bjut.boudia.myMain - meter_8887939030448754163:741,18125481,963
raspberrypi 13:45:11.250 [main] INFO  edu.bjut.boudia.myMain - meter_159532968470378399:regMsg,reg_backagg,reg_cc
raspberrypi 13:45:11.250 [main] INFO  edu.bjut.boudia.myMain - meter_159532968470378399:778,17696037,963
raspberrypi 13:45:11.250 [main] INFO  edu.bjut.boudia.myMain - meter_8288619334397376921:regMsg,reg_backagg,reg_cc
raspberrypi 13:45:11.250 [main] INFO  edu.bjut.boudia.myMain - meter_8288619334397376921:1037,17852704,834
raspberrypi 13:45:11.250 [main] INFO  edu.bjut.boudia.myMain - meter_5745372183904378801:regMsg,reg_backagg,reg_cc
raspberrypi 13:45:11.250 [main] INFO  edu.bjut.boudia.myMain - meter_5745372183904378801:519,19097611,1204
raspberrypi 13:45:11.250 [main] INFO  edu.bjut.boudia.myMain - meter_4996665104005327969:regMsg,reg_backagg,reg_cc
raspberrypi 13:45:11.250 [main] INFO  edu.bjut.boudia.myMain - meter_4996665104005327969:685,18059889,1129
raspberrypi 13:45:11.250 [main] INFO  edu.bjut.boudia.myMain - meter_3932161582817581637:regMsg,reg_backagg,reg_cc
raspberrypi 13:45:11.251 [main] INFO  edu.bjut.boudia.myMain - meter_3932161582817581637:741,17703555,852
raspberrypi 13:45:11.251 [main] INFO  edu.bjut.boudia.myMain - meter_2527749859935705375:regMsg,reg_backagg,reg_cc
raspberrypi 13:45:11.251 [main] INFO  edu.bjut.boudia.myMain - meter_2527749859935705375:982,17647111,945
raspberrypi 13:45:11.251 [main] INFO  edu.bjut.boudia.myMain - meter_1059895789108130023:regMsg,reg_backagg,reg_cc
raspberrypi 13:45:11.251 [main] INFO  edu.bjut.boudia.myMain - meter_1059895789108130023:852,17898666,944
raspberrypi 13:45:12.332 [main] INFO  edu.bjut.boudia.myMain - oneTimeMeterRepTime
raspberrypi 13:45:15.168 [main] INFO  edu.bjut.boudia.myMain - server:repMsg
raspberrypi 13:45:15.168 [main] INFO  edu.bjut.boudia.myMain - server:89937518
raspberrypi 13:45:15.168 [main] INFO  edu.bjut.boudia.myMain - agg:repMsg
raspberrypi 13:45:15.168 [main] INFO  edu.bjut.boudia.myMain - agg:591104796
raspberrypi 13:45:15.168 [main] INFO  edu.bjut.boudia.myMain - meter_2983192643455489671:repMsg
raspberrypi 13:45:15.168 [main] INFO  edu.bjut.boudia.myMain - meter_2983192643455489671:72088981
raspberrypi 13:45:15.168 [main] INFO  edu.bjut.boudia.myMain - meter_931668709102036949:repMsg
raspberrypi 13:45:15.168 [main] INFO  edu.bjut.boudia.myMain - meter_931668709102036949:72551500
raspberrypi 13:45:15.168 [main] INFO  edu.bjut.boudia.myMain - meter_4416371418134317781:repMsg
raspberrypi 13:45:15.168 [main] INFO  edu.bjut.boudia.myMain - meter_4416371418134317781:71562648
raspberrypi 13:45:15.168 [main] INFO  edu.bjut.boudia.myMain - meter_5508152536211209549:repMsg
raspberrypi 13:45:15.168 [main] INFO  edu.bjut.boudia.myMain - meter_5508152536211209549:72214093
raspberrypi 13:45:15.168 [main] INFO  edu.bjut.boudia.myMain - meter_24974391909010419:repMsg
raspberrypi 13:45:15.169 [main] INFO  edu.bjut.boudia.myMain - meter_24974391909010419:71271481
raspberrypi 13:45:15.169 [main] INFO  edu.bjut.boudia.myMain - meter_5668200611640277767:repMsg
raspberrypi 13:45:15.169 [main] INFO  edu.bjut.boudia.myMain - meter_5668200611640277767:71485722
raspberrypi 13:45:15.169 [main] INFO  edu.bjut.boudia.myMain - meter_539709085849333031:repMsg
raspberrypi 13:45:15.169 [main] INFO  edu.bjut.boudia.myMain - meter_539709085849333031:72045185
raspberrypi 13:45:15.169 [main] INFO  edu.bjut.boudia.myMain - meter_3981355811386960425:repMsg
raspberrypi 13:45:15.169 [main] INFO  edu.bjut.boudia.myMain - meter_3981355811386960425:72809537
raspberrypi 13:45:15.169 [main] INFO  edu.bjut.boudia.myMain - meter_4015163288756077559:repMsg
raspberrypi 13:45:15.169 [main] INFO  edu.bjut.boudia.myMain - meter_4015163288756077559:72136981
raspberrypi 13:45:15.169 [main] INFO  edu.bjut.boudia.myMain - meter_2797745789067963095:repMsg
raspberrypi 13:45:15.169 [main] INFO  edu.bjut.boudia.myMain - meter_2797745789067963095:71464426
raspberrypi 13:45:15.169 [main] INFO  edu.bjut.boudia.myMain - meter_2128175619388181955:repMsg
raspberrypi 13:45:15.169 [main] INFO  edu.bjut.boudia.myMain - meter_2128175619388181955:73184815
raspberrypi 13:45:15.169 [main] INFO  edu.bjut.boudia.myMain - meter_5337340510510619017:repMsg
raspberrypi 13:45:15.169 [main] INFO  edu.bjut.boudia.myMain - meter_5337340510510619017:71190407
raspberrypi 13:45:15.169 [main] INFO  edu.bjut.boudia.myMain - meter_3100900424219059645:repMsg
raspberrypi 13:45:15.169 [main] INFO  edu.bjut.boudia.myMain - meter_3100900424219059645:71118852
raspberrypi 13:45:15.169 [main] INFO  edu.bjut.boudia.myMain - meter_2929528179609770927:repMsg
raspberrypi 13:45:15.169 [main] INFO  edu.bjut.boudia.myMain - meter_2929528179609770927:73493223
raspberrypi 13:45:15.169 [main] INFO  edu.bjut.boudia.myMain - meter_467940896045056833:repMsg
raspberrypi 13:45:15.169 [main] INFO  edu.bjut.boudia.myMain - meter_467940896045056833:71462463
raspberrypi 13:45:15.169 [main] INFO  edu.bjut.boudia.myMain - meter_8168074089678159655:repMsg
raspberrypi 13:45:15.170 [main] INFO  edu.bjut.boudia.myMain - meter_8168074089678159655:70939851
raspberrypi 13:45:15.170 [main] INFO  edu.bjut.boudia.myMain - meter_3039285480807440915:repMsg
raspberrypi 13:45:15.170 [main] INFO  edu.bjut.boudia.myMain - meter_3039285480807440915:71111759
raspberrypi 13:45:15.170 [main] INFO  edu.bjut.boudia.myMain - meter_8644087190519459003:repMsg
raspberrypi 13:45:15.170 [main] INFO  edu.bjut.boudia.myMain - meter_8644087190519459003:71482277
raspberrypi 13:45:15.170 [main] INFO  edu.bjut.boudia.myMain - meter_6110854217823398933:repMsg
raspberrypi 13:45:15.170 [main] INFO  edu.bjut.boudia.myMain - meter_6110854217823398933:71529407
raspberrypi 13:45:15.170 [main] INFO  edu.bjut.boudia.myMain - meter_1379607355121495165:repMsg
raspberrypi 13:45:15.170 [main] INFO  edu.bjut.boudia.myMain - meter_1379607355121495165:71342537
raspberrypi 13:45:15.170 [main] INFO  edu.bjut.boudia.myMain - meter_8083972631457258239:repMsg
raspberrypi 13:45:15.170 [main] INFO  edu.bjut.boudia.myMain - meter_8083972631457258239:73398703
raspberrypi 13:45:15.170 [main] INFO  edu.bjut.boudia.myMain - meter_6486688107112092495:repMsg
raspberrypi 13:45:15.170 [main] INFO  edu.bjut.boudia.myMain - meter_6486688107112092495:70312519
raspberrypi 13:45:15.170 [main] INFO  edu.bjut.boudia.myMain - meter_8887939030448754163:repMsg
raspberrypi 13:45:15.170 [main] INFO  edu.bjut.boudia.myMain - meter_8887939030448754163:71388481
raspberrypi 13:45:15.170 [main] INFO  edu.bjut.boudia.myMain - meter_159532968470378399:repMsg
raspberrypi 13:45:15.170 [main] INFO  edu.bjut.boudia.myMain - meter_159532968470378399:71635203
raspberrypi 13:45:15.170 [main] INFO  edu.bjut.boudia.myMain - meter_8288619334397376921:repMsg
raspberrypi 13:45:15.170 [main] INFO  edu.bjut.boudia.myMain - meter_8288619334397376921:71883760
raspberrypi 13:45:15.170 [main] INFO  edu.bjut.boudia.myMain - meter_5745372183904378801:repMsg
raspberrypi 13:45:15.170 [main] INFO  edu.bjut.boudia.myMain - meter_5745372183904378801:71969166
raspberrypi 13:45:15.170 [main] INFO  edu.bjut.boudia.myMain - meter_4996665104005327969:repMsg
raspberrypi 13:45:15.171 [main] INFO  edu.bjut.boudia.myMain - meter_4996665104005327969:72436518
raspberrypi 13:45:15.171 [main] INFO  edu.bjut.boudia.myMain - meter_3932161582817581637:repMsg
raspberrypi 13:45:15.171 [main] INFO  edu.bjut.boudia.myMain - meter_3932161582817581637:71099963
raspberrypi 13:45:15.171 [main] INFO  edu.bjut.boudia.myMain - meter_2527749859935705375:repMsg
raspberrypi 13:45:15.171 [main] INFO  edu.bjut.boudia.myMain - meter_2527749859935705375:71969907
raspberrypi 13:45:15.171 [main] INFO  edu.bjut.boudia.myMain - meter_1059895789108130023:repMsg
raspberrypi 13:45:15.171 [main] INFO  edu.bjut.boudia.myMain - meter_1059895789108130023:71012870
raspberrypi 13:45:18.427 [main] INFO  edu.bjut.boudia.myMain - oneTimeMeterRegTime
raspberrypi 13:45:19.139 [main] INFO  edu.bjut.boudia.myMain - server:pubkey
raspberrypi 13:45:19.139 [main] INFO  edu.bjut.boudia.myMain - server:4371
raspberrypi 13:45:19.139 [main] INFO  edu.bjut.boudia.myMain - agg:regMsg,regMsg,regMsg,regMsg,regMsg,regMsg,regMsg,regMsg,regMsg,regMsg,regMsg,regMsg,regMsg,regMsg,regMsg,regMsg,regMsg,regMsg,regMsg,regMsg
raspberrypi 13:45:19.139 [main] INFO  edu.bjut.boudia.myMain - agg:17802259,17822759,17764629,17750482,17728185,17720537,17757592,17671871,19159741,17730186,17635593,17654630,17632870,17814797,17763592,17719222,17722686,17697297,17683260,17647167
raspberrypi 13:45:19.139 [main] INFO  edu.bjut.boudia.myMain - meter_4671919689515710783:regMsg,reg_backagg,reg_cc
raspberrypi 13:45:19.140 [main] INFO  edu.bjut.boudia.myMain - meter_4671919689515710783:630,17719815,797
raspberrypi 13:45:19.140 [main] INFO  edu.bjut.boudia.myMain - meter_8624005149179627309:regMsg,reg_backagg,reg_cc
raspberrypi 13:45:19.142 [main] INFO  edu.bjut.boudia.myMain - meter_8624005149179627309:704,17745518,1018
raspberrypi 13:45:19.143 [main] INFO  edu.bjut.boudia.myMain - meter_2704636407960085417:regMsg,reg_backagg,reg_cc
raspberrypi 13:45:19.144 [main] INFO  edu.bjut.boudia.myMain - meter_2704636407960085417:870,17813426,889
raspberrypi 13:45:19.144 [main] INFO  edu.bjut.boudia.myMain - meter_888876096787059509:regMsg,reg_backagg,reg_cc
raspberrypi 13:45:19.144 [main] INFO  edu.bjut.boudia.myMain - meter_888876096787059509:389,17904018,703
raspberrypi 13:45:19.144 [main] INFO  edu.bjut.boudia.myMain - meter_4588670469749693793:regMsg,reg_backagg,reg_cc
raspberrypi 13:45:19.144 [main] INFO  edu.bjut.boudia.myMain - meter_4588670469749693793:556,17801055,852
raspberrypi 13:45:19.144 [main] INFO  edu.bjut.boudia.myMain - meter_480394666743673589:regMsg,reg_backagg,reg_cc
raspberrypi 13:45:19.144 [main] INFO  edu.bjut.boudia.myMain - meter_480394666743673589:463,17618278,908
raspberrypi 13:45:19.144 [main] INFO  edu.bjut.boudia.myMain - meter_2804173943103354733:regMsg,reg_backagg,reg_cc
raspberrypi 13:45:19.144 [main] INFO  edu.bjut.boudia.myMain - meter_2804173943103354733:649,17370129,926
raspberrypi 13:45:19.144 [main] INFO  edu.bjut.boudia.myMain - meter_754382748714088419:regMsg,reg_backagg,reg_cc
raspberrypi 13:45:19.144 [main] INFO  edu.bjut.boudia.myMain - meter_754382748714088419:667,17790592,926
raspberrypi 13:45:19.144 [main] INFO  edu.bjut.boudia.myMain - meter_3979276719064532935:regMsg,reg_backagg,reg_cc
raspberrypi 13:45:19.145 [main] INFO  edu.bjut.boudia.myMain - meter_3979276719064532935:463,17728852,871
raspberrypi 13:45:19.145 [main] INFO  edu.bjut.boudia.myMain - meter_1688854531093676659:regMsg,reg_backagg,reg_cc
raspberrypi 13:45:19.145 [main] INFO  edu.bjut.boudia.myMain - meter_1688854531093676659:685,17968056,1130
raspberrypi 13:45:19.145 [main] INFO  edu.bjut.boudia.myMain - meter_3395424006229568141:regMsg,reg_backagg,reg_cc
raspberrypi 13:45:19.145 [main] INFO  edu.bjut.boudia.myMain - meter_3395424006229568141:908,17779389,963
raspberrypi 13:45:19.145 [main] INFO  edu.bjut.boudia.myMain - meter_1095755064487122577:regMsg,reg_backagg,reg_cc
raspberrypi 13:45:19.145 [main] INFO  edu.bjut.boudia.myMain - meter_1095755064487122577:760,17403962,1019
raspberrypi 13:45:19.145 [main] INFO  edu.bjut.boudia.myMain - meter_7257204241698184207:regMsg,reg_backagg,reg_cc
raspberrypi 13:45:19.145 [main] INFO  edu.bjut.boudia.myMain - meter_7257204241698184207:648,17776445,723
raspberrypi 13:45:19.145 [main] INFO  edu.bjut.boudia.myMain - meter_1845695754624873565:regMsg,reg_backagg,reg_cc
raspberrypi 13:45:19.145 [main] INFO  edu.bjut.boudia.myMain - meter_1845695754624873565:611,17706463,834
raspberrypi 13:45:19.145 [main] INFO  edu.bjut.boudia.myMain - meter_2788270117979309365:regMsg,reg_backagg,reg_cc
raspberrypi 13:45:19.145 [main] INFO  edu.bjut.boudia.myMain - meter_2788270117979309365:833,17615148,1278
raspberrypi 13:45:19.145 [main] INFO  edu.bjut.boudia.myMain - meter_9208215667965000043:regMsg,reg_backagg,reg_cc
raspberrypi 13:45:19.145 [main] INFO  edu.bjut.boudia.myMain - meter_9208215667965000043:704,17720222,945
raspberrypi 13:45:19.146 [main] INFO  edu.bjut.boudia.myMain - meter_6785772425378162163:regMsg,reg_backagg,reg_cc
raspberrypi 13:45:19.146 [main] INFO  edu.bjut.boudia.myMain - meter_6785772425378162163:667,17671982,1056
raspberrypi 13:45:19.146 [main] INFO  edu.bjut.boudia.myMain - meter_646188561588359225:regMsg,reg_backagg,reg_cc
raspberrypi 13:45:19.146 [main] INFO  edu.bjut.boudia.myMain - meter_646188561588359225:908,17685963,888
raspberrypi 13:45:19.146 [main] INFO  edu.bjut.boudia.myMain - meter_3322271322600266433:regMsg,reg_backagg,reg_cc
raspberrypi 13:45:19.146 [main] INFO  edu.bjut.boudia.myMain - meter_3322271322600266433:500,17870518,851
raspberrypi 13:45:19.146 [main] INFO  edu.bjut.boudia.myMain - meter_3271644638153107557:regMsg,reg_backagg,reg_cc
raspberrypi 13:45:19.146 [main] INFO  edu.bjut.boudia.myMain - meter_3271644638153107557:981,17858592,870
raspberrypi 13:45:19.863 [main] INFO  edu.bjut.boudia.myMain - oneTimeMeterRepTime
raspberrypi 13:45:21.791 [main] INFO  edu.bjut.boudia.myMain - server:repMsg
raspberrypi 13:45:21.791 [main] INFO  edu.bjut.boudia.myMain - server:89905796
raspberrypi 13:45:21.791 [main] INFO  edu.bjut.boudia.myMain - agg:repMsg
raspberrypi 13:45:21.791 [main] INFO  edu.bjut.boudia.myMain - agg:400832185
raspberrypi 13:45:21.791 [main] INFO  edu.bjut.boudia.myMain - meter_4671919689515710783:repMsg
raspberrypi 13:45:21.791 [main] INFO  edu.bjut.boudia.myMain - meter_4671919689515710783:71265796
raspberrypi 13:45:21.791 [main] INFO  edu.bjut.boudia.myMain - meter_8624005149179627309:repMsg
raspberrypi 13:45:21.791 [main] INFO  edu.bjut.boudia.myMain - meter_8624005149179627309:71959630
raspberrypi 13:45:21.791 [main] INFO  edu.bjut.boudia.myMain - meter_2704636407960085417:repMsg
raspberrypi 13:45:21.791 [main] INFO  edu.bjut.boudia.myMain - meter_2704636407960085417:73228371
raspberrypi 13:45:21.791 [main] INFO  edu.bjut.boudia.myMain - meter_888876096787059509:repMsg
raspberrypi 13:45:21.791 [main] INFO  edu.bjut.boudia.myMain - meter_888876096787059509:71441111
raspberrypi 13:45:21.791 [main] INFO  edu.bjut.boudia.myMain - meter_4588670469749693793:repMsg
raspberrypi 13:45:21.791 [main] INFO  edu.bjut.boudia.myMain - meter_4588670469749693793:71324741
raspberrypi 13:45:21.791 [main] INFO  edu.bjut.boudia.myMain - meter_480394666743673589:repMsg
raspberrypi 13:45:21.791 [main] INFO  edu.bjut.boudia.myMain - meter_480394666743673589:70868963
raspberrypi 13:45:21.791 [main] INFO  edu.bjut.boudia.myMain - meter_2804173943103354733:repMsg
raspberrypi 13:45:21.791 [main] INFO  edu.bjut.boudia.myMain - meter_2804173943103354733:71651000
raspberrypi 13:45:21.792 [main] INFO  edu.bjut.boudia.myMain - meter_754382748714088419:repMsg
raspberrypi 13:45:21.792 [main] INFO  edu.bjut.boudia.myMain - meter_754382748714088419:71610167
raspberrypi 13:45:21.792 [main] INFO  edu.bjut.boudia.myMain - meter_3979276719064532935:repMsg
raspberrypi 13:45:21.792 [main] INFO  edu.bjut.boudia.myMain - meter_3979276719064532935:71343556
raspberrypi 13:45:21.792 [main] INFO  edu.bjut.boudia.myMain - meter_1688854531093676659:repMsg
raspberrypi 13:45:21.792 [main] INFO  edu.bjut.boudia.myMain - meter_1688854531093676659:72823741
raspberrypi 13:45:21.792 [main] INFO  edu.bjut.boudia.myMain - meter_3395424006229568141:repMsg
raspberrypi 13:45:21.792 [main] INFO  edu.bjut.boudia.myMain - meter_3395424006229568141:71820315
raspberrypi 13:45:21.792 [main] INFO  edu.bjut.boudia.myMain - meter_1095755064487122577:repMsg
raspberrypi 13:45:21.792 [main] INFO  edu.bjut.boudia.myMain - meter_1095755064487122577:71189389
raspberrypi 13:45:21.792 [main] INFO  edu.bjut.boudia.myMain - meter_7257204241698184207:repMsg
raspberrypi 13:45:21.792 [main] INFO  edu.bjut.boudia.myMain - meter_7257204241698184207:71472500
raspberrypi 13:45:21.792 [main] INFO  edu.bjut.boudia.myMain - meter_1845695754624873565:repMsg
raspberrypi 13:45:21.792 [main] INFO  edu.bjut.boudia.myMain - meter_1845695754624873565:71812518
raspberrypi 13:45:21.792 [main] INFO  edu.bjut.boudia.myMain - meter_2788270117979309365:repMsg
raspberrypi 13:45:21.792 [main] INFO  edu.bjut.boudia.myMain - meter_2788270117979309365:71096871
raspberrypi 13:45:21.792 [main] INFO  edu.bjut.boudia.myMain - meter_9208215667965000043:repMsg
raspberrypi 13:45:21.792 [main] INFO  edu.bjut.boudia.myMain - meter_9208215667965000043:73362240
raspberrypi 13:45:21.792 [main] INFO  edu.bjut.boudia.myMain - meter_6785772425378162163:repMsg
raspberrypi 13:45:21.792 [main] INFO  edu.bjut.boudia.myMain - meter_6785772425378162163:72559537
raspberrypi 13:45:21.792 [main] INFO  edu.bjut.boudia.myMain - meter_646188561588359225:repMsg
raspberrypi 13:45:21.792 [main] INFO  edu.bjut.boudia.myMain - meter_646188561588359225:71555351
raspberrypi 13:45:21.792 [main] INFO  edu.bjut.boudia.myMain - meter_3322271322600266433:repMsg
raspberrypi 13:45:21.792 [main] INFO  edu.bjut.boudia.myMain - meter_3322271322600266433:71365556
raspberrypi 13:45:21.792 [main] INFO  edu.bjut.boudia.myMain - meter_3271644638153107557:repMsg
raspberrypi 13:45:21.792 [main] INFO  edu.bjut.boudia.myMain - meter_3271644638153107557:71667297
