raspberrypi 02:13:50.837 [main] INFO  edu.bjut.boudia.myMain - oneTimeMeterRegTime
raspberrypi 02:13:53.084 [main] INFO  edu.bjut.boudia.myMain - server:pubkey
raspberrypi 02:13:53.085 [main] INFO  edu.bjut.boudia.myMain - server:816037
raspberrypi 02:13:53.099 [main] INFO  edu.bjut.boudia.myMain - agg:regMsg,regMsg,regMsg,regMsg,regMsg,regMsg,regMsg,regMsg,regMsg,regMsg,regMsg,regMsg,regMsg,regMsg,regMsg,regMsg,regMsg,regMsg,regMsg,regMsg,regMsg,regMsg,regMsg,regMsg,regMsg,regMsg,regMsg,regMsg,regMsg,regMsg,regMsg,regMsg,regMsg,regMsg,regMsg,regMsg,regMsg,regMsg,regMsg,regMsg,regMsg,regMsg,regMsg,regMsg,regMsg,regMsg,regMsg,regMsg,regMsg,regMsg,regMsg,regMsg,regMsg,regMsg,regMsg,regMsg,regMsg,regMsg,regMsg,regMsg
raspberrypi 02:13:53.100 [main] INFO  edu.bjut.boudia.myMain - agg:18708759,18648981,18596093,18632704,18502815,29903074,18759944,18551000,18430815,18510981,18513037,18504444,18536352,18560852,18668723,18186018,18264352,18275537,18420518,18246166,18106537,18229870,18196833,18571907,18795704,18565167,18518649,18594148,18797334,22373259,18103148,18103500,18167945,18140204,18340500,18186222,18113889,18186500,18153852,18143556,18117648,18164592,18092000,18151222,18180185,18102463,18118259,18045111,18306000,18450777,18141648,18159555,18135055,18115685,19582741,18121593,18118037,18063907,18011666,18222129
raspberrypi 02:13:53.100 [main] INFO  edu.bjut.boudia.myMain - meter_4866608733672107545:regMsg,reg_backagg,reg_cc
raspberrypi 02:13:53.100 [main] INFO  edu.bjut.boudia.myMain - meter_4866608733672107545:10037,18515519,49426
raspberrypi 02:13:53.100 [main] INFO  edu.bjut.boudia.myMain - meter_2669619065886250583:regMsg,reg_backagg,reg_cc
raspberrypi 02:13:53.100 [main] INFO  edu.bjut.boudia.myMain - meter_2669619065886250583:2796,18704074,3148
raspberrypi 02:13:53.101 [main] INFO  edu.bjut.boudia.myMain - meter_8167403765751276987:regMsg,reg_backagg,reg_cc
raspberrypi 02:13:53.101 [main] INFO  edu.bjut.boudia.myMain - meter_8167403765751276987:3129,18546093,3185
raspberrypi 02:13:53.101 [main] INFO  edu.bjut.boudia.myMain - meter_6764637144417413651:regMsg,reg_backagg,reg_cc
raspberrypi 02:13:53.101 [main] INFO  edu.bjut.boudia.myMain - meter_6764637144417413651:2871,18654815,2759
raspberrypi 02:13:53.102 [main] INFO  edu.bjut.boudia.myMain - meter_4923551175402968429:regMsg,reg_backagg,reg_cc
raspberrypi 02:13:53.102 [main] INFO  edu.bjut.boudia.myMain - meter_4923551175402968429:2963,18389944,3148
raspberrypi 02:13:53.102 [main] INFO  edu.bjut.boudia.myMain - meter_7847015474281795595:regMsg,reg_backagg,reg_cc
raspberrypi 02:13:53.102 [main] INFO  edu.bjut.boudia.myMain - meter_7847015474281795595:3092,18622333,2722
raspberrypi 02:13:53.102 [main] INFO  edu.bjut.boudia.myMain - meter_7003003078544759331:regMsg,reg_backagg,reg_cc
raspberrypi 02:13:53.103 [main] INFO  edu.bjut.boudia.myMain - meter_7003003078544759331:2685,18830278,3222
raspberrypi 02:13:53.103 [main] INFO  edu.bjut.boudia.myMain - meter_5448470981944484165:regMsg,reg_backagg,reg_cc
raspberrypi 02:13:53.103 [main] INFO  edu.bjut.boudia.myMain - meter_5448470981944484165:3426,18417518,2574
raspberrypi 02:13:53.103 [main] INFO  edu.bjut.boudia.myMain - meter_7430953263653451553:regMsg,reg_backagg,reg_cc
raspberrypi 02:13:53.103 [main] INFO  edu.bjut.boudia.myMain - meter_7430953263653451553:3222,18390093,2982
raspberrypi 02:13:53.104 [main] INFO  edu.bjut.boudia.myMain - meter_4391150129810257257:regMsg,reg_backagg,reg_cc
raspberrypi 02:13:53.104 [main] INFO  edu.bjut.boudia.myMain - meter_4391150129810257257:3055,18436888,2889
raspberrypi 02:13:53.104 [main] INFO  edu.bjut.boudia.myMain - meter_4637158068928335955:regMsg,reg_backagg,reg_cc
raspberrypi 02:13:53.104 [main] INFO  edu.bjut.boudia.myMain - meter_4637158068928335955:2945,18545945,2667
raspberrypi 02:13:53.105 [main] INFO  edu.bjut.boudia.myMain - meter_6810022830428047675:regMsg,reg_backagg,reg_cc
raspberrypi 02:13:53.105 [main] INFO  edu.bjut.boudia.myMain - meter_6810022830428047675:2870,18415555,2407
raspberrypi 02:13:53.105 [main] INFO  edu.bjut.boudia.myMain - meter_5795227453570755655:regMsg,reg_backagg,reg_cc
raspberrypi 02:13:53.105 [main] INFO  edu.bjut.boudia.myMain - meter_5795227453570755655:2945,18206759,2648
raspberrypi 02:13:53.106 [main] INFO  edu.bjut.boudia.myMain - meter_3361414415272504519:regMsg,reg_backagg,reg_cc
raspberrypi 02:13:53.106 [main] INFO  edu.bjut.boudia.myMain - meter_3361414415272504519:2963,18844018,2630
raspberrypi 02:13:53.106 [main] INFO  edu.bjut.boudia.myMain - meter_5236227048437876249:regMsg,reg_backagg,reg_cc
raspberrypi 02:13:53.106 [main] INFO  edu.bjut.boudia.myMain - meter_5236227048437876249:2592,18456056,2981
raspberrypi 02:13:53.106 [main] INFO  edu.bjut.boudia.myMain - meter_5668176909191949727:regMsg,reg_backagg,reg_cc
raspberrypi 02:13:53.107 [main] INFO  edu.bjut.boudia.myMain - meter_5668176909191949727:3241,18093500,2426
raspberrypi 02:13:53.107 [main] INFO  edu.bjut.boudia.myMain - meter_650552307255931699:regMsg,reg_backagg,reg_cc
raspberrypi 02:13:53.107 [main] INFO  edu.bjut.boudia.myMain - meter_650552307255931699:2889,31351388,2759
raspberrypi 02:13:53.107 [main] INFO  edu.bjut.boudia.myMain - meter_9154581811972117597:regMsg,reg_backagg,reg_cc
raspberrypi 02:13:53.107 [main] INFO  edu.bjut.boudia.myMain - meter_9154581811972117597:2944,18659667,2871
raspberrypi 02:13:53.108 [main] INFO  edu.bjut.boudia.myMain - meter_812796730666203187:regMsg,reg_backagg,reg_cc
raspberrypi 02:13:53.108 [main] INFO  edu.bjut.boudia.myMain - meter_812796730666203187:3018,18521277,3500
raspberrypi 02:13:53.108 [main] INFO  edu.bjut.boudia.myMain - meter_2313516089315580845:regMsg,reg_backagg,reg_cc
raspberrypi 02:13:53.108 [main] INFO  edu.bjut.boudia.myMain - meter_2313516089315580845:3481,17282407,3352
raspberrypi 02:13:53.109 [main] INFO  edu.bjut.boudia.myMain - meter_1864367331540171737:regMsg,reg_backagg,reg_cc
raspberrypi 02:13:53.109 [main] INFO  edu.bjut.boudia.myMain - meter_1864367331540171737:3130,18274870,3259
raspberrypi 02:13:53.109 [main] INFO  edu.bjut.boudia.myMain - meter_4084925555531108399:regMsg,reg_backagg,reg_cc
raspberrypi 02:13:53.109 [main] INFO  edu.bjut.boudia.myMain - meter_4084925555531108399:2982,17841741,3000
raspberrypi 02:13:53.109 [main] INFO  edu.bjut.boudia.myMain - meter_8824593539694222303:regMsg,reg_backagg,reg_cc
raspberrypi 02:13:53.110 [main] INFO  edu.bjut.boudia.myMain - meter_8824593539694222303:3092,17980352,2963
raspberrypi 02:13:53.110 [main] INFO  edu.bjut.boudia.myMain - meter_3620323417455258845:regMsg,reg_backagg,reg_cc
raspberrypi 02:13:53.110 [main] INFO  edu.bjut.boudia.myMain - meter_3620323417455258845:3092,18576259,2760
raspberrypi 02:13:53.110 [main] INFO  edu.bjut.boudia.myMain - meter_8092793366894761967:regMsg,reg_backagg,reg_cc
raspberrypi 02:13:53.111 [main] INFO  edu.bjut.boudia.myMain - meter_8092793366894761967:3148,18944167,3000
raspberrypi 02:13:53.111 [main] INFO  edu.bjut.boudia.myMain - meter_1237623332945989953:regMsg,reg_backagg,reg_cc
raspberrypi 02:13:53.111 [main] INFO  edu.bjut.boudia.myMain - meter_1237623332945989953:2926,18258463,2944
raspberrypi 02:13:53.111 [main] INFO  edu.bjut.boudia.myMain - meter_4548179678237468591:regMsg,reg_backagg,reg_cc
raspberrypi 02:13:53.111 [main] INFO  edu.bjut.boudia.myMain - meter_4548179678237468591:2778,18567445,2463
raspberrypi 02:13:53.114 [main] INFO  edu.bjut.boudia.myMain - meter_3851829028455336309:regMsg,reg_backagg,reg_cc
raspberrypi 02:13:53.115 [main] INFO  edu.bjut.boudia.myMain - meter_3851829028455336309:2500,18290130,3278
raspberrypi 02:13:53.116 [main] INFO  edu.bjut.boudia.myMain - meter_4066287060491529189:regMsg,reg_backagg,reg_cc
raspberrypi 02:13:53.116 [main] INFO  edu.bjut.boudia.myMain - meter_4066287060491529189:3074,18444259,4426
raspberrypi 02:13:53.116 [main] INFO  edu.bjut.boudia.myMain - meter_679291087331747605:regMsg,reg_backagg,reg_cc
raspberrypi 02:13:53.117 [main] INFO  edu.bjut.boudia.myMain - meter_679291087331747605:4222,18189667,3259
raspberrypi 02:13:53.117 [main] INFO  edu.bjut.boudia.myMain - meter_5629214264446436923:regMsg,reg_backagg,reg_cc
raspberrypi 02:13:53.117 [main] INFO  edu.bjut.boudia.myMain - meter_5629214264446436923:3370,18162630,3074
raspberrypi 02:13:53.118 [main] INFO  edu.bjut.boudia.myMain - meter_5455733013468093061:regMsg,reg_backagg,reg_cc
raspberrypi 02:13:53.118 [main] INFO  edu.bjut.boudia.myMain - meter_5455733013468093061:4389,18031815,3333
raspberrypi 02:13:53.118 [main] INFO  edu.bjut.boudia.myMain - meter_259045110628737421:regMsg,reg_backagg,reg_cc
raspberrypi 02:13:53.118 [main] INFO  edu.bjut.boudia.myMain - meter_259045110628737421:2815,17887222,3277
raspberrypi 02:13:53.119 [main] INFO  edu.bjut.boudia.myMain - meter_2096566519014309165:regMsg,reg_backagg,reg_cc
raspberrypi 02:13:53.119 [main] INFO  edu.bjut.boudia.myMain - meter_2096566519014309165:2777,17981463,3000
raspberrypi 02:13:53.119 [main] INFO  edu.bjut.boudia.myMain - meter_1497506827738727227:regMsg,reg_backagg,reg_cc
raspberrypi 02:13:53.119 [main] INFO  edu.bjut.boudia.myMain - meter_1497506827738727227:2704,18154278,2797
raspberrypi 02:13:53.119 [main] INFO  edu.bjut.boudia.myMain - meter_4639536878899522097:regMsg,reg_backagg,reg_cc
raspberrypi 02:13:53.119 [main] INFO  edu.bjut.boudia.myMain - meter_4639536878899522097:2982,17970630,3000
raspberrypi 02:13:53.120 [main] INFO  edu.bjut.boudia.myMain - meter_4281964510537840787:regMsg,reg_backagg,reg_cc
raspberrypi 02:13:53.120 [main] INFO  edu.bjut.boudia.myMain - meter_4281964510537840787:3389,18053185,3426
raspberrypi 02:13:53.120 [main] INFO  edu.bjut.boudia.myMain - meter_3955314718515973455:regMsg,reg_backagg,reg_cc
raspberrypi 02:13:53.121 [main] INFO  edu.bjut.boudia.myMain - meter_3955314718515973455:3352,18311166,3074
raspberrypi 02:13:53.121 [main] INFO  edu.bjut.boudia.myMain - meter_405755844870779543:regMsg,reg_backagg,reg_cc
raspberrypi 02:13:53.121 [main] INFO  edu.bjut.boudia.myMain - meter_405755844870779543:2963,18077203,3074
raspberrypi 02:13:53.121 [main] INFO  edu.bjut.boudia.myMain - meter_6868649478057605495:regMsg,reg_backagg,reg_cc
raspberrypi 02:13:53.122 [main] INFO  edu.bjut.boudia.myMain - meter_6868649478057605495:2722,17940056,3130
raspberrypi 02:13:53.122 [main] INFO  edu.bjut.boudia.myMain - meter_2707212102268592959:regMsg,reg_backagg,reg_cc
raspberrypi 02:13:53.122 [main] INFO  edu.bjut.boudia.myMain - meter_2707212102268592959:2945,17936240,3518
raspberrypi 02:13:53.122 [main] INFO  edu.bjut.boudia.myMain - meter_8521478876287676855:regMsg,reg_backagg,reg_cc
raspberrypi 02:13:53.123 [main] INFO  edu.bjut.boudia.myMain - meter_8521478876287676855:2723,19909982,2963
raspberrypi 02:13:53.123 [main] INFO  edu.bjut.boudia.myMain - meter_8051760787760837791:regMsg,reg_backagg,reg_cc
raspberrypi 02:13:53.123 [main] INFO  edu.bjut.boudia.myMain - meter_8051760787760837791:3000,18176907,2870
raspberrypi 02:13:53.123 [main] INFO  edu.bjut.boudia.myMain - meter_8292636478892376445:regMsg,reg_backagg,reg_cc
raspberrypi 02:13:53.124 [main] INFO  edu.bjut.boudia.myMain - meter_8292636478892376445:2982,18039407,3129
raspberrypi 02:13:53.124 [main] INFO  edu.bjut.boudia.myMain - meter_8873338003834122673:regMsg,reg_backagg,reg_cc
raspberrypi 02:13:53.124 [main] INFO  edu.bjut.boudia.myMain - meter_8873338003834122673:3018,17991834,3389
raspberrypi 02:13:53.124 [main] INFO  edu.bjut.boudia.myMain - meter_8815895641894723529:regMsg,reg_backagg,reg_cc
raspberrypi 02:13:53.124 [main] INFO  edu.bjut.boudia.myMain - meter_8815895641894723529:3037,17838908,3056
raspberrypi 02:13:53.125 [main] INFO  edu.bjut.boudia.myMain - meter_76694355210592943:regMsg,reg_backagg,reg_cc
raspberrypi 02:13:53.125 [main] INFO  edu.bjut.boudia.myMain - meter_76694355210592943:3093,18255000,2963
raspberrypi 02:13:53.125 [main] INFO  edu.bjut.boudia.myMain - meter_1938690420883491755:regMsg,reg_backagg,reg_cc
raspberrypi 02:13:53.125 [main] INFO  edu.bjut.boudia.myMain - meter_1938690420883491755:3186,18034408,2926
raspberrypi 02:13:53.125 [main] INFO  edu.bjut.boudia.myMain - meter_5484447007912613015:regMsg,reg_backagg,reg_cc
raspberrypi 02:13:53.126 [main] INFO  edu.bjut.boudia.myMain - meter_5484447007912613015:3185,18317648,3370
raspberrypi 02:13:53.126 [main] INFO  edu.bjut.boudia.myMain - meter_1716768271173373997:regMsg,reg_backagg,reg_cc
raspberrypi 02:13:53.126 [main] INFO  edu.bjut.boudia.myMain - meter_1716768271173373997:3093,17869223,2907
raspberrypi 02:13:53.126 [main] INFO  edu.bjut.boudia.myMain - meter_2580796423485726413:regMsg,reg_backagg,reg_cc
raspberrypi 02:13:53.126 [main] INFO  edu.bjut.boudia.myMain - meter_2580796423485726413:3648,18363500,2352
raspberrypi 02:13:53.127 [main] INFO  edu.bjut.boudia.myMain - meter_8879185283602647183:regMsg,reg_backagg,reg_cc
raspberrypi 02:13:53.127 [main] INFO  edu.bjut.boudia.myMain - meter_8879185283602647183:3907,18134389,2667
raspberrypi 02:13:53.127 [main] INFO  edu.bjut.boudia.myMain - meter_1937575858712845831:regMsg,reg_backagg,reg_cc
raspberrypi 02:13:53.128 [main] INFO  edu.bjut.boudia.myMain - meter_1937575858712845831:3389,17643222,2870
raspberrypi 02:13:53.128 [main] INFO  edu.bjut.boudia.myMain - meter_3033165811273747277:regMsg,reg_backagg,reg_cc
raspberrypi 02:13:53.128 [main] INFO  edu.bjut.boudia.myMain - meter_3033165811273747277:3500,17780537,2852
raspberrypi 02:13:53.129 [main] INFO  edu.bjut.boudia.myMain - meter_9138520569399248763:regMsg,reg_backagg,reg_cc
raspberrypi 02:13:53.129 [main] INFO  edu.bjut.boudia.myMain - meter_9138520569399248763:3092,18252333,2796
raspberrypi 02:13:53.129 [main] INFO  edu.bjut.boudia.myMain - meter_55848212594447287:regMsg,reg_backagg,reg_cc
raspberrypi 02:13:53.129 [main] INFO  edu.bjut.boudia.myMain - meter_55848212594447287:3519,17948723,2834
raspberrypi 02:13:53.130 [main] INFO  edu.bjut.boudia.myMain - meter_892684209549550855:regMsg,reg_backagg,reg_cc
raspberrypi 02:13:53.130 [main] INFO  edu.bjut.boudia.myMain - meter_892684209549550855:3241,18022500,2982
raspberrypi 02:13:53.130 [main] INFO  edu.bjut.boudia.myMain - meter_8201280023323203877:regMsg,reg_backagg,reg_cc
raspberrypi 02:13:53.130 [main] INFO  edu.bjut.boudia.myMain - meter_8201280023323203877:2870,18174500,2851
raspberrypi 02:13:53.131 [main] INFO  edu.bjut.boudia.myMain - meter_5474487929978106571:regMsg,reg_backagg,reg_cc
raspberrypi 02:13:53.131 [main] INFO  edu.bjut.boudia.myMain - meter_5474487929978106571:3389,17922333,2760
raspberrypi 02:13:53.131 [main] INFO  edu.bjut.boudia.myMain - meter_5331678130851448017:regMsg,reg_backagg,reg_cc
raspberrypi 02:13:53.131 [main] INFO  edu.bjut.boudia.myMain - meter_5331678130851448017:3500,18251352,2796
raspberrypi 02:13:55.350 [main] INFO  edu.bjut.boudia.myMain - oneTimeMeterRepTime
raspberrypi 02:14:01.110 [main] INFO  edu.bjut.boudia.myMain - server:repMsg
raspberrypi 02:14:01.111 [main] INFO  edu.bjut.boudia.myMain - server:88923611
raspberrypi 02:14:01.111 [main] INFO  edu.bjut.boudia.myMain - agg:repMsg
raspberrypi 02:14:01.111 [main] INFO  edu.bjut.boudia.myMain - agg:1180610943
raspberrypi 02:14:01.111 [main] INFO  edu.bjut.boudia.myMain - meter_4866608733672107545:repMsg
raspberrypi 02:14:01.111 [main] INFO  edu.bjut.boudia.myMain - meter_4866608733672107545:127379000
raspberrypi 02:14:01.112 [main] INFO  edu.bjut.boudia.myMain - meter_2669619065886250583:repMsg
raspberrypi 02:14:01.112 [main] INFO  edu.bjut.boudia.myMain - meter_2669619065886250583:75550018
raspberrypi 02:14:01.112 [main] INFO  edu.bjut.boudia.myMain - meter_8167403765751276987:repMsg
raspberrypi 02:14:01.112 [main] INFO  edu.bjut.boudia.myMain - meter_8167403765751276987:74995759
raspberrypi 02:14:01.112 [main] INFO  edu.bjut.boudia.myMain - meter_6764637144417413651:repMsg
raspberrypi 02:14:01.112 [main] INFO  edu.bjut.boudia.myMain - meter_6764637144417413651:77957278
raspberrypi 02:14:01.112 [main] INFO  edu.bjut.boudia.myMain - meter_4923551175402968429:repMsg
raspberrypi 02:14:01.112 [main] INFO  edu.bjut.boudia.myMain - meter_4923551175402968429:74086741
raspberrypi 02:14:01.113 [main] INFO  edu.bjut.boudia.myMain - meter_7847015474281795595:repMsg
raspberrypi 02:14:01.113 [main] INFO  edu.bjut.boudia.myMain - meter_7847015474281795595:73261982
raspberrypi 02:14:01.113 [main] INFO  edu.bjut.boudia.myMain - meter_7003003078544759331:repMsg
raspberrypi 02:14:01.113 [main] INFO  edu.bjut.boudia.myMain - meter_7003003078544759331:72943370
raspberrypi 02:14:01.113 [main] INFO  edu.bjut.boudia.myMain - meter_5448470981944484165:repMsg
raspberrypi 02:14:01.113 [main] INFO  edu.bjut.boudia.myMain - meter_5448470981944484165:73461260
raspberrypi 02:14:01.113 [main] INFO  edu.bjut.boudia.myMain - meter_7430953263653451553:repMsg
raspberrypi 02:14:01.113 [main] INFO  edu.bjut.boudia.myMain - meter_7430953263653451553:72128519
raspberrypi 02:14:01.113 [main] INFO  edu.bjut.boudia.myMain - meter_4391150129810257257:repMsg
raspberrypi 02:14:01.114 [main] INFO  edu.bjut.boudia.myMain - meter_4391150129810257257:73438148
raspberrypi 02:14:01.114 [main] INFO  edu.bjut.boudia.myMain - meter_4637158068928335955:repMsg
raspberrypi 02:14:01.114 [main] INFO  edu.bjut.boudia.myMain - meter_4637158068928335955:75454186
raspberrypi 02:14:01.114 [main] INFO  edu.bjut.boudia.myMain - meter_6810022830428047675:repMsg
raspberrypi 02:14:01.114 [main] INFO  edu.bjut.boudia.myMain - meter_6810022830428047675:73052500
raspberrypi 02:14:01.114 [main] INFO  edu.bjut.boudia.myMain - meter_5795227453570755655:repMsg
raspberrypi 02:14:01.114 [main] INFO  edu.bjut.boudia.myMain - meter_5795227453570755655:74744685
raspberrypi 02:14:01.114 [main] INFO  edu.bjut.boudia.myMain - meter_3361414415272504519:repMsg
raspberrypi 02:14:01.114 [main] INFO  edu.bjut.boudia.myMain - meter_3361414415272504519:75285556
raspberrypi 02:14:01.114 [main] INFO  edu.bjut.boudia.myMain - meter_5236227048437876249:repMsg
raspberrypi 02:14:01.114 [main] INFO  edu.bjut.boudia.myMain - meter_5236227048437876249:74466815
raspberrypi 02:14:01.115 [main] INFO  edu.bjut.boudia.myMain - meter_5668176909191949727:repMsg
raspberrypi 02:14:01.115 [main] INFO  edu.bjut.boudia.myMain - meter_5668176909191949727:73091759
raspberrypi 02:14:01.115 [main] INFO  edu.bjut.boudia.myMain - meter_650552307255931699:repMsg
raspberrypi 02:14:01.115 [main] INFO  edu.bjut.boudia.myMain - meter_650552307255931699:75535797
raspberrypi 02:14:01.115 [main] INFO  edu.bjut.boudia.myMain - meter_9154581811972117597:repMsg
raspberrypi 02:14:01.115 [main] INFO  edu.bjut.boudia.myMain - meter_9154581811972117597:72908296
raspberrypi 02:14:01.115 [main] INFO  edu.bjut.boudia.myMain - meter_812796730666203187:repMsg
raspberrypi 02:14:01.115 [main] INFO  edu.bjut.boudia.myMain - meter_812796730666203187:74060814
raspberrypi 02:14:01.115 [main] INFO  edu.bjut.boudia.myMain - meter_2313516089315580845:repMsg
raspberrypi 02:14:01.115 [main] INFO  edu.bjut.boudia.myMain - meter_2313516089315580845:73862296
raspberrypi 02:14:01.116 [main] INFO  edu.bjut.boudia.myMain - meter_1864367331540171737:repMsg
raspberrypi 02:14:01.116 [main] INFO  edu.bjut.boudia.myMain - meter_1864367331540171737:72851944
raspberrypi 02:14:01.116 [main] INFO  edu.bjut.boudia.myMain - meter_4084925555531108399:repMsg
raspberrypi 02:14:01.116 [main] INFO  edu.bjut.boudia.myMain - meter_4084925555531108399:74296592
raspberrypi 02:14:01.116 [main] INFO  edu.bjut.boudia.myMain - meter_8824593539694222303:repMsg
raspberrypi 02:14:01.116 [main] INFO  edu.bjut.boudia.myMain - meter_8824593539694222303:77125167
raspberrypi 02:14:01.116 [main] INFO  edu.bjut.boudia.myMain - meter_3620323417455258845:repMsg
raspberrypi 02:14:01.116 [main] INFO  edu.bjut.boudia.myMain - meter_3620323417455258845:73119018
raspberrypi 02:14:01.116 [main] INFO  edu.bjut.boudia.myMain - meter_8092793366894761967:repMsg
raspberrypi 02:14:01.117 [main] INFO  edu.bjut.boudia.myMain - meter_8092793366894761967:73266463
raspberrypi 02:14:01.117 [main] INFO  edu.bjut.boudia.myMain - meter_1237623332945989953:repMsg
raspberrypi 02:14:01.117 [main] INFO  edu.bjut.boudia.myMain - meter_1237623332945989953:72843592
raspberrypi 02:14:01.117 [main] INFO  edu.bjut.boudia.myMain - meter_4548179678237468591:repMsg
raspberrypi 02:14:01.117 [main] INFO  edu.bjut.boudia.myMain - meter_4548179678237468591:71770351
raspberrypi 02:14:01.117 [main] INFO  edu.bjut.boudia.myMain - meter_3851829028455336309:repMsg
raspberrypi 02:14:01.117 [main] INFO  edu.bjut.boudia.myMain - meter_3851829028455336309:73132445
raspberrypi 02:14:01.117 [main] INFO  edu.bjut.boudia.myMain - meter_4066287060491529189:repMsg
raspberrypi 02:14:01.118 [main] INFO  edu.bjut.boudia.myMain - meter_4066287060491529189:74974592
raspberrypi 02:14:01.118 [main] INFO  edu.bjut.boudia.myMain - meter_679291087331747605:repMsg
raspberrypi 02:14:01.118 [main] INFO  edu.bjut.boudia.myMain - meter_679291087331747605:73174926
raspberrypi 02:14:01.118 [main] INFO  edu.bjut.boudia.myMain - meter_5629214264446436923:repMsg
raspberrypi 02:14:01.118 [main] INFO  edu.bjut.boudia.myMain - meter_5629214264446436923:72814575
raspberrypi 02:14:01.119 [main] INFO  edu.bjut.boudia.myMain - meter_5455733013468093061:repMsg
raspberrypi 02:14:01.119 [main] INFO  edu.bjut.boudia.myMain - meter_5455733013468093061:73043037
raspberrypi 02:14:01.119 [main] INFO  edu.bjut.boudia.myMain - meter_259045110628737421:repMsg
raspberrypi 02:14:01.119 [main] INFO  edu.bjut.boudia.myMain - meter_259045110628737421:73371185
raspberrypi 02:14:01.119 [main] INFO  edu.bjut.boudia.myMain - meter_2096566519014309165:repMsg
raspberrypi 02:14:01.119 [main] INFO  edu.bjut.boudia.myMain - meter_2096566519014309165:74043352
raspberrypi 02:14:01.119 [main] INFO  edu.bjut.boudia.myMain - meter_1497506827738727227:repMsg
raspberrypi 02:14:01.119 [main] INFO  edu.bjut.boudia.myMain - meter_1497506827738727227:75644352
raspberrypi 02:14:01.120 [main] INFO  edu.bjut.boudia.myMain - meter_4639536878899522097:repMsg
raspberrypi 02:14:01.120 [main] INFO  edu.bjut.boudia.myMain - meter_4639536878899522097:72867241
raspberrypi 02:14:01.120 [main] INFO  edu.bjut.boudia.myMain - meter_4281964510537840787:repMsg
raspberrypi 02:14:01.120 [main] INFO  edu.bjut.boudia.myMain - meter_4281964510537840787:73009815
raspberrypi 02:14:01.120 [main] INFO  edu.bjut.boudia.myMain - meter_3955314718515973455:repMsg
raspberrypi 02:14:01.120 [main] INFO  edu.bjut.boudia.myMain - meter_3955314718515973455:72973814
raspberrypi 02:14:01.120 [main] INFO  edu.bjut.boudia.myMain - meter_405755844870779543:repMsg
raspberrypi 02:14:01.120 [main] INFO  edu.bjut.boudia.myMain - meter_405755844870779543:77933352
raspberrypi 02:14:01.121 [main] INFO  edu.bjut.boudia.myMain - meter_6868649478057605495:repMsg
raspberrypi 02:14:01.121 [main] INFO  edu.bjut.boudia.myMain - meter_6868649478057605495:72705351
raspberrypi 02:14:01.121 [main] INFO  edu.bjut.boudia.myMain - meter_2707212102268592959:repMsg
raspberrypi 02:14:01.121 [main] INFO  edu.bjut.boudia.myMain - meter_2707212102268592959:74798111
raspberrypi 02:14:01.121 [main] INFO  edu.bjut.boudia.myMain - meter_8521478876287676855:repMsg
raspberrypi 02:14:01.121 [main] INFO  edu.bjut.boudia.myMain - meter_8521478876287676855:75168963
raspberrypi 02:14:01.121 [main] INFO  edu.bjut.boudia.myMain - meter_8051760787760837791:repMsg
raspberrypi 02:14:01.121 [main] INFO  edu.bjut.boudia.myMain - meter_8051760787760837791:73504334
raspberrypi 02:14:01.121 [main] INFO  edu.bjut.boudia.myMain - meter_8292636478892376445:repMsg
raspberrypi 02:14:01.121 [main] INFO  edu.bjut.boudia.myMain - meter_8292636478892376445:73571574
raspberrypi 02:14:01.122 [main] INFO  edu.bjut.boudia.myMain - meter_8873338003834122673:repMsg
raspberrypi 02:14:01.122 [main] INFO  edu.bjut.boudia.myMain - meter_8873338003834122673:72826426
raspberrypi 02:14:01.122 [main] INFO  edu.bjut.boudia.myMain - meter_8815895641894723529:repMsg
raspberrypi 02:14:01.122 [main] INFO  edu.bjut.boudia.myMain - meter_8815895641894723529:73638074
raspberrypi 02:14:01.122 [main] INFO  edu.bjut.boudia.myMain - meter_76694355210592943:repMsg
raspberrypi 02:14:01.122 [main] INFO  edu.bjut.boudia.myMain - meter_76694355210592943:73056222
raspberrypi 02:14:01.122 [main] INFO  edu.bjut.boudia.myMain - meter_1938690420883491755:repMsg
raspberrypi 02:14:01.122 [main] INFO  edu.bjut.boudia.myMain - meter_1938690420883491755:75713907
raspberrypi 02:14:01.122 [main] INFO  edu.bjut.boudia.myMain - meter_5484447007912613015:repMsg
raspberrypi 02:14:01.122 [main] INFO  edu.bjut.boudia.myMain - meter_5484447007912613015:72824426
raspberrypi 02:14:01.123 [main] INFO  edu.bjut.boudia.myMain - meter_1716768271173373997:repMsg
raspberrypi 02:14:01.123 [main] INFO  edu.bjut.boudia.myMain - meter_1716768271173373997:72753851
raspberrypi 02:14:01.123 [main] INFO  edu.bjut.boudia.myMain - meter_2580796423485726413:repMsg
raspberrypi 02:14:01.123 [main] INFO  edu.bjut.boudia.myMain - meter_2580796423485726413:73015963
raspberrypi 02:14:01.123 [main] INFO  edu.bjut.boudia.myMain - meter_8879185283602647183:repMsg
raspberrypi 02:14:01.123 [main] INFO  edu.bjut.boudia.myMain - meter_8879185283602647183:72899407
raspberrypi 02:14:01.123 [main] INFO  edu.bjut.boudia.myMain - meter_1937575858712845831:repMsg
raspberrypi 02:14:01.123 [main] INFO  edu.bjut.boudia.myMain - meter_1937575858712845831:73467352
raspberrypi 02:14:01.123 [main] INFO  edu.bjut.boudia.myMain - meter_3033165811273747277:repMsg
raspberrypi 02:14:01.124 [main] INFO  edu.bjut.boudia.myMain - meter_3033165811273747277:75306759
raspberrypi 02:14:01.124 [main] INFO  edu.bjut.boudia.myMain - meter_9138520569399248763:repMsg
raspberrypi 02:14:01.124 [main] INFO  edu.bjut.boudia.myMain - meter_9138520569399248763:73368314
raspberrypi 02:14:01.124 [main] INFO  edu.bjut.boudia.myMain - meter_55848212594447287:repMsg
raspberrypi 02:14:01.124 [main] INFO  edu.bjut.boudia.myMain - meter_55848212594447287:73241667
raspberrypi 02:14:01.124 [main] INFO  edu.bjut.boudia.myMain - meter_892684209549550855:repMsg
raspberrypi 02:14:01.124 [main] INFO  edu.bjut.boudia.myMain - meter_892684209549550855:72943667
raspberrypi 02:14:01.124 [main] INFO  edu.bjut.boudia.myMain - meter_8201280023323203877:repMsg
raspberrypi 02:14:01.124 [main] INFO  edu.bjut.boudia.myMain - meter_8201280023323203877:72774056
raspberrypi 02:14:01.124 [main] INFO  edu.bjut.boudia.myMain - meter_5474487929978106571:repMsg
raspberrypi 02:14:01.125 [main] INFO  edu.bjut.boudia.myMain - meter_5474487929978106571:72965149
raspberrypi 02:14:01.125 [main] INFO  edu.bjut.boudia.myMain - meter_5331678130851448017:repMsg
raspberrypi 02:14:01.125 [main] INFO  edu.bjut.boudia.myMain - meter_5331678130851448017:75872649
raspberrypi 02:14:10.367 [main] INFO  edu.bjut.boudia.myMain - oneTimeMeterRegTime
raspberrypi 02:14:12.188 [main] INFO  edu.bjut.boudia.myMain - server:pubkey
raspberrypi 02:14:12.189 [main] INFO  edu.bjut.boudia.myMain - server:3444
raspberrypi 02:14:12.189 [main] INFO  edu.bjut.boudia.myMain - agg:regMsg,regMsg,regMsg,regMsg,regMsg,regMsg,regMsg,regMsg,regMsg,regMsg,regMsg,regMsg,regMsg,regMsg,regMsg,regMsg,regMsg,regMsg,regMsg,regMsg,regMsg,regMsg,regMsg,regMsg,regMsg,regMsg,regMsg,regMsg,regMsg,regMsg,regMsg,regMsg,regMsg,regMsg,regMsg,regMsg,regMsg,regMsg,regMsg,regMsg,regMsg,regMsg,regMsg,regMsg,regMsg,regMsg,regMsg,regMsg,regMsg,regMsg
raspberrypi 02:14:12.190 [main] INFO  edu.bjut.boudia.myMain - agg:18297667,18163352,18155963,18128333,18166111,18248500,18240537,18051981,18186334,18092129,18149352,18140278,19548500,18310074,18113852,18102352,18084889,18193093,18075204,18173482,18145019,18171093,18141148,18145481,18103537,18110482,18157241,18066945,18225537,18094778,18302463,18379334,18176611,18163630,18045352,18179241,18183167,18168981,18047593,18084333,18139204,18128870,18096611,18077759,18088111,18176148,18117204,18107111,18211185,19658260
raspberrypi 02:14:12.190 [main] INFO  edu.bjut.boudia.myMain - meter_6759357410046064755:regMsg,reg_backagg,reg_cc
raspberrypi 02:14:12.190 [main] INFO  edu.bjut.boudia.myMain - meter_6759357410046064755:2778,18152407,4908
raspberrypi 02:14:12.190 [main] INFO  edu.bjut.boudia.myMain - meter_5349680577439353781:regMsg,reg_backagg,reg_cc
raspberrypi 02:14:12.191 [main] INFO  edu.bjut.boudia.myMain - meter_5349680577439353781:7130,17994815,5222
raspberrypi 02:14:12.191 [main] INFO  edu.bjut.boudia.myMain - meter_6749802263246823017:regMsg,reg_backagg,reg_cc
raspberrypi 02:14:12.191 [main] INFO  edu.bjut.boudia.myMain - meter_6749802263246823017:5556,17955000,5556
raspberrypi 02:14:12.191 [main] INFO  edu.bjut.boudia.myMain - meter_8423826812497176593:regMsg,reg_backagg,reg_cc
raspberrypi 02:14:12.191 [main] INFO  edu.bjut.boudia.myMain - meter_8423826812497176593:5611,18102297,4481
raspberrypi 02:14:12.191 [main] INFO  edu.bjut.boudia.myMain - meter_6377952537396273687:regMsg,reg_backagg,reg_cc
raspberrypi 02:14:12.191 [main] INFO  edu.bjut.boudia.myMain - meter_6377952537396273687:5926,18124259,4333
raspberrypi 02:14:12.191 [main] INFO  edu.bjut.boudia.myMain - meter_5122185518368650359:regMsg,reg_backagg,reg_cc
raspberrypi 02:14:12.192 [main] INFO  edu.bjut.boudia.myMain - meter_5122185518368650359:6037,17847592,4833
raspberrypi 02:14:12.192 [main] INFO  edu.bjut.boudia.myMain - meter_9031931943551915033:regMsg,reg_backagg,reg_cc
raspberrypi 02:14:12.192 [main] INFO  edu.bjut.boudia.myMain - meter_9031931943551915033:23796,18166833,4723
raspberrypi 02:14:12.192 [main] INFO  edu.bjut.boudia.myMain - meter_5081843406626645769:regMsg,reg_backagg,reg_cc
raspberrypi 02:14:12.192 [main] INFO  edu.bjut.boudia.myMain - meter_5081843406626645769:6111,18052760,50333
raspberrypi 02:14:12.192 [main] INFO  edu.bjut.boudia.myMain - meter_6917092264572342695:regMsg,reg_backagg,reg_cc
raspberrypi 02:14:12.192 [main] INFO  edu.bjut.boudia.myMain - meter_6917092264572342695:6852,18029963,1944
raspberrypi 02:14:12.193 [main] INFO  edu.bjut.boudia.myMain - meter_4423656214496053295:regMsg,reg_backagg,reg_cc
raspberrypi 02:14:12.193 [main] INFO  edu.bjut.boudia.myMain - meter_4423656214496053295:5778,17859185,1870
raspberrypi 02:14:12.193 [main] INFO  edu.bjut.boudia.myMain - meter_8385263734449497213:regMsg,reg_backagg,reg_cc
raspberrypi 02:14:12.193 [main] INFO  edu.bjut.boudia.myMain - meter_8385263734449497213:6037,18134315,2629
raspberrypi 02:14:12.193 [main] INFO  edu.bjut.boudia.myMain - meter_6139585231063131877:regMsg,reg_backagg,reg_cc
raspberrypi 02:14:12.193 [main] INFO  edu.bjut.boudia.myMain - meter_6139585231063131877:7018,18240388,2129
raspberrypi 02:14:12.193 [main] INFO  edu.bjut.boudia.myMain - meter_2335669028471209:regMsg,reg_backagg,reg_cc
raspberrypi 02:14:12.193 [main] INFO  edu.bjut.boudia.myMain - meter_2335669028471209:6166,18158778,2445
raspberrypi 02:14:12.194 [main] INFO  edu.bjut.boudia.myMain - meter_1416372600567986637:regMsg,reg_backagg,reg_cc
raspberrypi 02:14:12.194 [main] INFO  edu.bjut.boudia.myMain - meter_1416372600567986637:7074,17862612,2389
raspberrypi 02:14:12.194 [main] INFO  edu.bjut.boudia.myMain - meter_2933894148241957063:regMsg,reg_backagg,reg_cc
raspberrypi 02:14:12.194 [main] INFO  edu.bjut.boudia.myMain - meter_2933894148241957063:5759,18026555,2204
raspberrypi 02:14:12.195 [main] INFO  edu.bjut.boudia.myMain - meter_2406948910646151221:regMsg,reg_backagg,reg_cc
raspberrypi 02:14:12.195 [main] INFO  edu.bjut.boudia.myMain - meter_2406948910646151221:5667,18086278,2426
raspberrypi 02:14:12.195 [main] INFO  edu.bjut.boudia.myMain - meter_6635111446500473437:regMsg,reg_backagg,reg_cc
raspberrypi 02:14:12.195 [main] INFO  edu.bjut.boudia.myMain - meter_6635111446500473437:6277,17870223,2167
raspberrypi 02:14:12.195 [main] INFO  edu.bjut.boudia.myMain - meter_7313028718322472603:regMsg,reg_backagg,reg_cc
raspberrypi 02:14:12.195 [main] INFO  edu.bjut.boudia.myMain - meter_7313028718322472603:5481,17871074,2796
raspberrypi 02:14:12.195 [main] INFO  edu.bjut.boudia.myMain - meter_6912227804203202049:regMsg,reg_backagg,reg_cc
raspberrypi 02:14:12.195 [main] INFO  edu.bjut.boudia.myMain - meter_6912227804203202049:5685,17828908,2167
raspberrypi 02:14:12.195 [main] INFO  edu.bjut.boudia.myMain - meter_1843447444359810019:regMsg,reg_backagg,reg_cc
raspberrypi 02:14:12.196 [main] INFO  edu.bjut.boudia.myMain - meter_1843447444359810019:5574,18005352,2574
raspberrypi 02:14:12.196 [main] INFO  edu.bjut.boudia.myMain - meter_6637032750525037285:regMsg,reg_backagg,reg_cc
raspberrypi 02:14:12.196 [main] INFO  edu.bjut.boudia.myMain - meter_6637032750525037285:6370,17962889,1834
raspberrypi 02:14:12.196 [main] INFO  edu.bjut.boudia.myMain - meter_5822868966482948643:regMsg,reg_backagg,reg_cc
raspberrypi 02:14:12.196 [main] INFO  edu.bjut.boudia.myMain - meter_5822868966482948643:6241,18218907,2630
raspberrypi 02:14:12.196 [main] INFO  edu.bjut.boudia.myMain - meter_7257270637715823905:regMsg,reg_backagg,reg_cc
raspberrypi 02:14:12.196 [main] INFO  edu.bjut.boudia.myMain - meter_7257270637715823905:6074,17963666,2444
raspberrypi 02:14:12.196 [main] INFO  edu.bjut.boudia.myMain - meter_3800858163259604925:regMsg,reg_backagg,reg_cc
raspberrypi 02:14:12.196 [main] INFO  edu.bjut.boudia.myMain - meter_3800858163259604925:6241,18021759,2370
raspberrypi 02:14:12.197 [main] INFO  edu.bjut.boudia.myMain - meter_4824823719790944871:regMsg,reg_backagg,reg_cc
raspberrypi 02:14:12.197 [main] INFO  edu.bjut.boudia.myMain - meter_4824823719790944871:6333,19816093,2241
raspberrypi 02:14:12.197 [main] INFO  edu.bjut.boudia.myMain - meter_8572634257051726571:regMsg,reg_backagg,reg_cc
raspberrypi 02:14:12.197 [main] INFO  edu.bjut.boudia.myMain - meter_8572634257051726571:6888,18207185,2537
raspberrypi 02:14:12.197 [main] INFO  edu.bjut.boudia.myMain - meter_1334672561049426123:regMsg,reg_backagg,reg_cc
raspberrypi 02:14:12.197 [main] INFO  edu.bjut.boudia.myMain - meter_1334672561049426123:6537,17966574,2241
raspberrypi 02:14:12.197 [main] INFO  edu.bjut.boudia.myMain - meter_1895149023892386297:regMsg,reg_backagg,reg_cc
raspberrypi 02:14:12.197 [main] INFO  edu.bjut.boudia.myMain - meter_1895149023892386297:5982,18148407,2277
raspberrypi 02:14:12.197 [main] INFO  edu.bjut.boudia.myMain - meter_863550282275761791:regMsg,reg_backagg,reg_cc
raspberrypi 02:14:12.198 [main] INFO  edu.bjut.boudia.myMain - meter_863550282275761791:5093,17786555,2574
raspberrypi 02:14:12.198 [main] INFO  edu.bjut.boudia.myMain - meter_2267535786079874063:regMsg,reg_backagg,reg_cc
raspberrypi 02:14:12.198 [main] INFO  edu.bjut.boudia.myMain - meter_2267535786079874063:5963,17937834,2740
raspberrypi 02:14:12.198 [main] INFO  edu.bjut.boudia.myMain - meter_3276661661755567257:regMsg,reg_backagg,reg_cc
raspberrypi 02:14:12.198 [main] INFO  edu.bjut.boudia.myMain - meter_3276661661755567257:6389,18106833,2167
raspberrypi 02:14:12.198 [main] INFO  edu.bjut.boudia.myMain - meter_7842059472768812627:regMsg,reg_backagg,reg_cc
raspberrypi 02:14:12.198 [main] INFO  edu.bjut.boudia.myMain - meter_7842059472768812627:5870,18307648,2260
raspberrypi 02:14:12.198 [main] INFO  edu.bjut.boudia.myMain - meter_255768041390373353:regMsg,reg_backagg,reg_cc
raspberrypi 02:14:12.198 [main] INFO  edu.bjut.boudia.myMain - meter_255768041390373353:5851,18291019,2166
raspberrypi 02:14:12.198 [main] INFO  edu.bjut.boudia.myMain - meter_6869080587584011649:regMsg,reg_backagg,reg_cc
raspberrypi 02:14:12.199 [main] INFO  edu.bjut.boudia.myMain - meter_6869080587584011649:6500,18107204,2056
raspberrypi 02:14:12.199 [main] INFO  edu.bjut.boudia.myMain - meter_2129517897618246841:regMsg,reg_backagg,reg_cc
raspberrypi 02:14:12.199 [main] INFO  edu.bjut.boudia.myMain - meter_2129517897618246841:6371,17703222,2222
raspberrypi 02:14:12.199 [main] INFO  edu.bjut.boudia.myMain - meter_4642204461000139909:regMsg,reg_backagg,reg_cc
raspberrypi 02:14:12.199 [main] INFO  edu.bjut.boudia.myMain - meter_4642204461000139909:5907,18196185,2185
raspberrypi 02:14:12.199 [main] INFO  edu.bjut.boudia.myMain - meter_2130260557359276093:regMsg,reg_backagg,reg_cc
raspberrypi 02:14:12.199 [main] INFO  edu.bjut.boudia.myMain - meter_2130260557359276093:5704,19522500,1723
raspberrypi 02:14:12.199 [main] INFO  edu.bjut.boudia.myMain - meter_9040616144575405885:regMsg,reg_backagg,reg_cc
raspberrypi 02:14:12.199 [main] INFO  edu.bjut.boudia.myMain - meter_9040616144575405885:4426,18218611,2333
raspberrypi 02:14:12.199 [main] INFO  edu.bjut.boudia.myMain - meter_3770540085594195221:regMsg,reg_backagg,reg_cc
raspberrypi 02:14:12.199 [main] INFO  edu.bjut.boudia.myMain - meter_3770540085594195221:6389,17966130,2130
raspberrypi 02:14:12.199 [main] INFO  edu.bjut.boudia.myMain - meter_1869185274559973209:regMsg,reg_backagg,reg_cc
raspberrypi 02:14:12.200 [main] INFO  edu.bjut.boudia.myMain - meter_1869185274559973209:6074,18018851,1852
raspberrypi 02:14:12.200 [main] INFO  edu.bjut.boudia.myMain - meter_5019336545755787723:regMsg,reg_backagg,reg_cc
raspberrypi 02:14:12.200 [main] INFO  edu.bjut.boudia.myMain - meter_5019336545755787723:6648,18154277,2759
raspberrypi 02:14:12.200 [main] INFO  edu.bjut.boudia.myMain - meter_6894787225135056997:regMsg,reg_backagg,reg_cc
raspberrypi 02:14:12.200 [main] INFO  edu.bjut.boudia.myMain - meter_6894787225135056997:6463,18195648,1982
raspberrypi 02:14:12.200 [main] INFO  edu.bjut.boudia.myMain - meter_6927788340820913991:regMsg,reg_backagg,reg_cc
raspberrypi 02:14:12.200 [main] INFO  edu.bjut.boudia.myMain - meter_6927788340820913991:5648,18138926,1629
raspberrypi 02:14:12.200 [main] INFO  edu.bjut.boudia.myMain - meter_7239450700203432223:regMsg,reg_backagg,reg_cc
raspberrypi 02:14:12.200 [main] INFO  edu.bjut.boudia.myMain - meter_7239450700203432223:5203,18284593,1908
raspberrypi 02:14:12.201 [main] INFO  edu.bjut.boudia.myMain - meter_1570728362577624939:regMsg,reg_backagg,reg_cc
raspberrypi 02:14:12.201 [main] INFO  edu.bjut.boudia.myMain - meter_1570728362577624939:6000,18330963,1870
raspberrypi 02:14:12.201 [main] INFO  edu.bjut.boudia.myMain - meter_5668943017891443475:regMsg,reg_backagg,reg_cc
raspberrypi 02:14:12.201 [main] INFO  edu.bjut.boudia.myMain - meter_5668943017891443475:5685,18163815,1963
raspberrypi 02:14:12.201 [main] INFO  edu.bjut.boudia.myMain - meter_5884527740835815051:regMsg,reg_backagg,reg_cc
raspberrypi 02:14:12.201 [main] INFO  edu.bjut.boudia.myMain - meter_5884527740835815051:5519,18302204,1926
raspberrypi 02:14:12.201 [main] INFO  edu.bjut.boudia.myMain - meter_6156990159576638899:regMsg,reg_backagg,reg_cc
raspberrypi 02:14:12.201 [main] INFO  edu.bjut.boudia.myMain - meter_6156990159576638899:4907,18082852,2241
raspberrypi 02:14:12.202 [main] INFO  edu.bjut.boudia.myMain - meter_2046474414307552325:regMsg,reg_backagg,reg_cc
raspberrypi 02:14:12.202 [main] INFO  edu.bjut.boudia.myMain - meter_2046474414307552325:5630,18070186,1777
raspberrypi 02:14:12.202 [main] INFO  edu.bjut.boudia.myMain - meter_6362307953556030047:regMsg,reg_backagg,reg_cc
raspberrypi 02:14:12.202 [main] INFO  edu.bjut.boudia.myMain - meter_6362307953556030047:6148,18260575,2074
raspberrypi 02:14:14.019 [main] INFO  edu.bjut.boudia.myMain - oneTimeMeterRepTime
raspberrypi 02:14:18.735 [main] INFO  edu.bjut.boudia.myMain - server:repMsg
raspberrypi 02:14:18.735 [main] INFO  edu.bjut.boudia.myMain - server:89020981
raspberrypi 02:14:18.735 [main] INFO  edu.bjut.boudia.myMain - agg:repMsg
raspberrypi 02:14:18.735 [main] INFO  edu.bjut.boudia.myMain - agg:979737943
raspberrypi 02:14:18.735 [main] INFO  edu.bjut.boudia.myMain - meter_6759357410046064755:repMsg
raspberrypi 02:14:18.735 [main] INFO  edu.bjut.boudia.myMain - meter_6759357410046064755:72391926
raspberrypi 02:14:18.735 [main] INFO  edu.bjut.boudia.myMain - meter_5349680577439353781:repMsg
raspberrypi 02:14:18.735 [main] INFO  edu.bjut.boudia.myMain - meter_5349680577439353781:73233260
raspberrypi 02:14:18.736 [main] INFO  edu.bjut.boudia.myMain - meter_6749802263246823017:repMsg
raspberrypi 02:14:18.736 [main] INFO  edu.bjut.boudia.myMain - meter_6749802263246823017:73006963
raspberrypi 02:14:18.736 [main] INFO  edu.bjut.boudia.myMain - meter_8423826812497176593:repMsg
raspberrypi 02:14:18.736 [main] INFO  edu.bjut.boudia.myMain - meter_8423826812497176593:72972463
raspberrypi 02:14:18.736 [main] INFO  edu.bjut.boudia.myMain - meter_6377952537396273687:repMsg
raspberrypi 02:14:18.736 [main] INFO  edu.bjut.boudia.myMain - meter_6377952537396273687:73239240
raspberrypi 02:14:18.736 [main] INFO  edu.bjut.boudia.myMain - meter_5122185518368650359:repMsg
raspberrypi 02:14:18.736 [main] INFO  edu.bjut.boudia.myMain - meter_5122185518368650359:74177519
raspberrypi 02:14:18.736 [main] INFO  edu.bjut.boudia.myMain - meter_9031931943551915033:repMsg
raspberrypi 02:14:18.736 [main] INFO  edu.bjut.boudia.myMain - meter_9031931943551915033:73158629
raspberrypi 02:14:18.736 [main] INFO  edu.bjut.boudia.myMain - meter_5081843406626645769:repMsg
raspberrypi 02:14:18.736 [main] INFO  edu.bjut.boudia.myMain - meter_5081843406626645769:72580371
raspberrypi 02:14:18.737 [main] INFO  edu.bjut.boudia.myMain - meter_6917092264572342695:repMsg
raspberrypi 02:14:18.737 [main] INFO  edu.bjut.boudia.myMain - meter_6917092264572342695:72952500
raspberrypi 02:14:18.737 [main] INFO  edu.bjut.boudia.myMain - meter_4423656214496053295:repMsg
raspberrypi 02:14:18.737 [main] INFO  edu.bjut.boudia.myMain - meter_4423656214496053295:72262186
raspberrypi 02:14:18.737 [main] INFO  edu.bjut.boudia.myMain - meter_8385263734449497213:repMsg
raspberrypi 02:14:18.737 [main] INFO  edu.bjut.boudia.myMain - meter_8385263734449497213:72677685
raspberrypi 02:14:18.737 [main] INFO  edu.bjut.boudia.myMain - meter_6139585231063131877:repMsg
raspberrypi 02:14:18.737 [main] INFO  edu.bjut.boudia.myMain - meter_6139585231063131877:74120333
raspberrypi 02:14:18.737 [main] INFO  edu.bjut.boudia.myMain - meter_2335669028471209:repMsg
raspberrypi 02:14:18.738 [main] INFO  edu.bjut.boudia.myMain - meter_2335669028471209:72853648
raspberrypi 02:14:18.738 [main] INFO  edu.bjut.boudia.myMain - meter_1416372600567986637:repMsg
raspberrypi 02:14:18.738 [main] INFO  edu.bjut.boudia.myMain - meter_1416372600567986637:72698148
raspberrypi 02:14:18.738 [main] INFO  edu.bjut.boudia.myMain - meter_2933894148241957063:repMsg
raspberrypi 02:14:18.738 [main] INFO  edu.bjut.boudia.myMain - meter_2933894148241957063:72841796
raspberrypi 02:14:18.738 [main] INFO  edu.bjut.boudia.myMain - meter_2406948910646151221:repMsg
raspberrypi 02:14:18.738 [main] INFO  edu.bjut.boudia.myMain - meter_2406948910646151221:72589722
raspberrypi 02:14:18.738 [main] INFO  edu.bjut.boudia.myMain - meter_6635111446500473437:repMsg
raspberrypi 02:14:18.738 [main] INFO  edu.bjut.boudia.myMain - meter_6635111446500473437:72498444
raspberrypi 02:14:18.738 [main] INFO  edu.bjut.boudia.myMain - meter_7313028718322472603:repMsg
raspberrypi 02:14:18.738 [main] INFO  edu.bjut.boudia.myMain - meter_7313028718322472603:73587926
raspberrypi 02:14:18.738 [main] INFO  edu.bjut.boudia.myMain - meter_6912227804203202049:repMsg
raspberrypi 02:14:18.739 [main] INFO  edu.bjut.boudia.myMain - meter_6912227804203202049:72524797
raspberrypi 02:14:18.739 [main] INFO  edu.bjut.boudia.myMain - meter_1843447444359810019:repMsg
raspberrypi 02:14:18.739 [main] INFO  edu.bjut.boudia.myMain - meter_1843447444359810019:72375445
raspberrypi 02:14:18.739 [main] INFO  edu.bjut.boudia.myMain - meter_6637032750525037285:repMsg
raspberrypi 02:14:18.739 [main] INFO  edu.bjut.boudia.myMain - meter_6637032750525037285:72646000
raspberrypi 02:14:18.739 [main] INFO  edu.bjut.boudia.myMain - meter_5822868966482948643:repMsg
raspberrypi 02:14:18.739 [main] INFO  edu.bjut.boudia.myMain - meter_5822868966482948643:72635537
raspberrypi 02:14:18.739 [main] INFO  edu.bjut.boudia.myMain - meter_7257270637715823905:repMsg
raspberrypi 02:14:18.739 [main] INFO  edu.bjut.boudia.myMain - meter_7257270637715823905:72934426
raspberrypi 02:14:18.739 [main] INFO  edu.bjut.boudia.myMain - meter_3800858163259604925:repMsg
raspberrypi 02:14:18.740 [main] INFO  edu.bjut.boudia.myMain - meter_3800858163259604925:72535630
raspberrypi 02:14:18.740 [main] INFO  edu.bjut.boudia.myMain - meter_4824823719790944871:repMsg
raspberrypi 02:14:18.740 [main] INFO  edu.bjut.boudia.myMain - meter_4824823719790944871:73947759
raspberrypi 02:14:18.740 [main] INFO  edu.bjut.boudia.myMain - meter_8572634257051726571:repMsg
raspberrypi 02:14:18.740 [main] INFO  edu.bjut.boudia.myMain - meter_8572634257051726571:73044796
raspberrypi 02:14:18.740 [main] INFO  edu.bjut.boudia.myMain - meter_1334672561049426123:repMsg
raspberrypi 02:14:18.740 [main] INFO  edu.bjut.boudia.myMain - meter_1334672561049426123:73467908
raspberrypi 02:14:18.740 [main] INFO  edu.bjut.boudia.myMain - meter_1895149023892386297:repMsg
raspberrypi 02:14:18.740 [main] INFO  edu.bjut.boudia.myMain - meter_1895149023892386297:72409426
raspberrypi 02:14:18.740 [main] INFO  edu.bjut.boudia.myMain - meter_863550282275761791:repMsg
raspberrypi 02:14:18.741 [main] INFO  edu.bjut.boudia.myMain - meter_863550282275761791:73335778
raspberrypi 02:14:18.741 [main] INFO  edu.bjut.boudia.myMain - meter_2267535786079874063:repMsg
raspberrypi 02:14:18.741 [main] INFO  edu.bjut.boudia.myMain - meter_2267535786079874063:73331074
raspberrypi 02:14:18.741 [main] INFO  edu.bjut.boudia.myMain - meter_3276661661755567257:repMsg
raspberrypi 02:14:18.741 [main] INFO  edu.bjut.boudia.myMain - meter_3276661661755567257:73924259
raspberrypi 02:14:18.741 [main] INFO  edu.bjut.boudia.myMain - meter_7842059472768812627:repMsg
raspberrypi 02:14:18.741 [main] INFO  edu.bjut.boudia.myMain - meter_7842059472768812627:72297963
raspberrypi 02:14:18.741 [main] INFO  edu.bjut.boudia.myMain - meter_255768041390373353:repMsg
raspberrypi 02:14:18.741 [main] INFO  edu.bjut.boudia.myMain - meter_255768041390373353:72559092
raspberrypi 02:14:18.741 [main] INFO  edu.bjut.boudia.myMain - meter_6869080587584011649:repMsg
raspberrypi 02:14:18.741 [main] INFO  edu.bjut.boudia.myMain - meter_6869080587584011649:72920018
raspberrypi 02:14:18.741 [main] INFO  edu.bjut.boudia.myMain - meter_2129517897618246841:repMsg
raspberrypi 02:14:18.742 [main] INFO  edu.bjut.boudia.myMain - meter_2129517897618246841:72099592
raspberrypi 02:14:18.742 [main] INFO  edu.bjut.boudia.myMain - meter_4642204461000139909:repMsg
raspberrypi 02:14:18.742 [main] INFO  edu.bjut.boudia.myMain - meter_4642204461000139909:73176963
raspberrypi 02:14:18.742 [main] INFO  edu.bjut.boudia.myMain - meter_2130260557359276093:repMsg
raspberrypi 02:14:18.742 [main] INFO  edu.bjut.boudia.myMain - meter_2130260557359276093:73929611
raspberrypi 02:14:18.742 [main] INFO  edu.bjut.boudia.myMain - meter_9040616144575405885:repMsg
raspberrypi 02:14:18.742 [main] INFO  edu.bjut.boudia.myMain - meter_9040616144575405885:72493778
raspberrypi 02:14:18.742 [main] INFO  edu.bjut.boudia.myMain - meter_3770540085594195221:repMsg
raspberrypi 02:14:18.742 [main] INFO  edu.bjut.boudia.myMain - meter_3770540085594195221:72212685
raspberrypi 02:14:18.742 [main] INFO  edu.bjut.boudia.myMain - meter_1869185274559973209:repMsg
raspberrypi 02:14:18.742 [main] INFO  edu.bjut.boudia.myMain - meter_1869185274559973209:72178592
raspberrypi 02:14:18.743 [main] INFO  edu.bjut.boudia.myMain - meter_5019336545755787723:repMsg
raspberrypi 02:14:18.743 [main] INFO  edu.bjut.boudia.myMain - meter_5019336545755787723:71784611
raspberrypi 02:14:18.743 [main] INFO  edu.bjut.boudia.myMain - meter_6894787225135056997:repMsg
raspberrypi 02:14:18.743 [main] INFO  edu.bjut.boudia.myMain - meter_6894787225135056997:72794796
raspberrypi 02:14:18.743 [main] INFO  edu.bjut.boudia.myMain - meter_6927788340820913991:repMsg
raspberrypi 02:14:18.743 [main] INFO  edu.bjut.boudia.myMain - meter_6927788340820913991:74108870
raspberrypi 02:14:18.743 [main] INFO  edu.bjut.boudia.myMain - meter_7239450700203432223:repMsg
raspberrypi 02:14:18.743 [main] INFO  edu.bjut.boudia.myMain - meter_7239450700203432223:71995370
raspberrypi 02:14:18.743 [main] INFO  edu.bjut.boudia.myMain - meter_1570728362577624939:repMsg
raspberrypi 02:14:18.743 [main] INFO  edu.bjut.boudia.myMain - meter_1570728362577624939:72721500
raspberrypi 02:14:18.743 [main] INFO  edu.bjut.boudia.myMain - meter_5668943017891443475:repMsg
raspberrypi 02:14:18.743 [main] INFO  edu.bjut.boudia.myMain - meter_5668943017891443475:72884000
raspberrypi 02:14:18.744 [main] INFO  edu.bjut.boudia.myMain - meter_5884527740835815051:repMsg
raspberrypi 02:14:18.744 [main] INFO  edu.bjut.boudia.myMain - meter_5884527740835815051:72124388
raspberrypi 02:14:18.744 [main] INFO  edu.bjut.boudia.myMain - meter_6156990159576638899:repMsg
raspberrypi 02:14:18.744 [main] INFO  edu.bjut.boudia.myMain - meter_6156990159576638899:72513648
raspberrypi 02:14:18.744 [main] INFO  edu.bjut.boudia.myMain - meter_2046474414307552325:repMsg
raspberrypi 02:14:18.744 [main] INFO  edu.bjut.boudia.myMain - meter_2046474414307552325:74133130
raspberrypi 02:14:18.744 [main] INFO  edu.bjut.boudia.myMain - meter_6362307953556030047:repMsg
raspberrypi 02:14:18.744 [main] INFO  edu.bjut.boudia.myMain - meter_6362307953556030047:73174630
raspberrypi 02:14:25.813 [main] INFO  edu.bjut.boudia.myMain - oneTimeMeterRegTime
raspberrypi 02:14:27.272 [main] INFO  edu.bjut.boudia.myMain - server:pubkey
raspberrypi 02:14:27.273 [main] INFO  edu.bjut.boudia.myMain - server:4723
raspberrypi 02:14:27.273 [main] INFO  edu.bjut.boudia.myMain - agg:regMsg,regMsg,regMsg,regMsg,regMsg,regMsg,regMsg,regMsg,regMsg,regMsg,regMsg,regMsg,regMsg,regMsg,regMsg,regMsg,regMsg,regMsg,regMsg,regMsg,regMsg,regMsg,regMsg,regMsg,regMsg,regMsg,regMsg,regMsg,regMsg,regMsg,regMsg,regMsg,regMsg,regMsg,regMsg,regMsg,regMsg,regMsg,regMsg,regMsg
raspberrypi 02:14:27.273 [main] INFO  edu.bjut.boudia.myMain - agg:18280056,18205556,18063963,18265444,18118074,18117185,18121185,18200445,18193981,18155611,18202852,18089463,18087537,18103112,18061852,18196241,18181685,18207389,18421685,18279204,18172037,18125074,18100278,18258852,19792685,18200611,18129945,18154537,18164537,18163703,18146852,18242055,18095203,18177000,18132204,18471129,18343444,18112389,18018963,18039833
raspberrypi 02:14:27.273 [main] INFO  edu.bjut.boudia.myMain - meter_1672974699799272713:regMsg,reg_backagg,reg_cc
raspberrypi 02:14:27.273 [main] INFO  edu.bjut.boudia.myMain - meter_1672974699799272713:2796,18091000,2426
raspberrypi 02:14:27.274 [main] INFO  edu.bjut.boudia.myMain - meter_9065280213593372089:regMsg,reg_backagg,reg_cc
raspberrypi 02:14:27.274 [main] INFO  edu.bjut.boudia.myMain - meter_9065280213593372089:6925,18166629,2667
raspberrypi 02:14:27.274 [main] INFO  edu.bjut.boudia.myMain - meter_6581508932173629143:regMsg,reg_backagg,reg_cc
raspberrypi 02:14:27.274 [main] INFO  edu.bjut.boudia.myMain - meter_6581508932173629143:5871,18384519,2185
raspberrypi 02:14:27.274 [main] INFO  edu.bjut.boudia.myMain - meter_2281346413700672969:regMsg,reg_backagg,reg_cc
raspberrypi 02:14:27.274 [main] INFO  edu.bjut.boudia.myMain - meter_2281346413700672969:6722,18031074,1537
raspberrypi 02:14:27.274 [main] INFO  edu.bjut.boudia.myMain - meter_1102577407798850353:regMsg,reg_backagg,reg_cc
raspberrypi 02:14:27.274 [main] INFO  edu.bjut.boudia.myMain - meter_1102577407798850353:6685,18302018,1741
raspberrypi 02:14:27.274 [main] INFO  edu.bjut.boudia.myMain - meter_1185196998447633547:regMsg,reg_backagg,reg_cc
raspberrypi 02:14:27.274 [main] INFO  edu.bjut.boudia.myMain - meter_1185196998447633547:6333,17999408,2333
raspberrypi 02:14:27.274 [main] INFO  edu.bjut.boudia.myMain - meter_1378890337269005389:regMsg,reg_backagg,reg_cc
raspberrypi 02:14:27.274 [main] INFO  edu.bjut.boudia.myMain - meter_1378890337269005389:7000,18023000,2407
raspberrypi 02:14:27.274 [main] INFO  edu.bjut.boudia.myMain - meter_5925905068818418905:regMsg,reg_backagg,reg_cc
raspberrypi 02:14:27.274 [main] INFO  edu.bjut.boudia.myMain - meter_5925905068818418905:5852,17900426,2037
raspberrypi 02:14:27.275 [main] INFO  edu.bjut.boudia.myMain - meter_5033416947605133291:regMsg,reg_backagg,reg_cc
raspberrypi 02:14:27.275 [main] INFO  edu.bjut.boudia.myMain - meter_5033416947605133291:5629,18178166,2018
raspberrypi 02:14:27.275 [main] INFO  edu.bjut.boudia.myMain - meter_2655153952766381483:regMsg,reg_backagg,reg_cc
raspberrypi 02:14:27.275 [main] INFO  edu.bjut.boudia.myMain - meter_2655153952766381483:6574,17831185,1871
raspberrypi 02:14:27.275 [main] INFO  edu.bjut.boudia.myMain - meter_4405210623657148365:regMsg,reg_backagg,reg_cc
raspberrypi 02:14:27.275 [main] INFO  edu.bjut.boudia.myMain - meter_4405210623657148365:6574,17974574,2018
raspberrypi 02:14:27.275 [main] INFO  edu.bjut.boudia.myMain - meter_3661043620458453649:regMsg,reg_backagg,reg_cc
raspberrypi 02:14:27.275 [main] INFO  edu.bjut.boudia.myMain - meter_3661043620458453649:5889,19860222,2315
raspberrypi 02:14:27.275 [main] INFO  edu.bjut.boudia.myMain - meter_1288927661785340747:regMsg,reg_backagg,reg_cc
raspberrypi 02:14:27.275 [main] INFO  edu.bjut.boudia.myMain - meter_1288927661785340747:4741,17883352,2315
raspberrypi 02:14:27.275 [main] INFO  edu.bjut.boudia.myMain - meter_7188248287299227183:regMsg,reg_backagg,reg_cc
raspberrypi 02:14:27.275 [main] INFO  edu.bjut.boudia.myMain - meter_7188248287299227183:5722,18102389,2259
raspberrypi 02:14:27.276 [main] INFO  edu.bjut.boudia.myMain - meter_2767672451515962033:regMsg,reg_backagg,reg_cc
raspberrypi 02:14:27.276 [main] INFO  edu.bjut.boudia.myMain - meter_2767672451515962033:5556,18085426,2148
raspberrypi 02:14:27.276 [main] INFO  edu.bjut.boudia.myMain - meter_908133909675795139:regMsg,reg_backagg,reg_cc
raspberrypi 02:14:27.276 [main] INFO  edu.bjut.boudia.myMain - meter_908133909675795139:6574,18071944,2260
raspberrypi 02:14:27.276 [main] INFO  edu.bjut.boudia.myMain - meter_6569614440984255821:regMsg,reg_backagg,reg_cc
raspberrypi 02:14:27.276 [main] INFO  edu.bjut.boudia.myMain - meter_6569614440984255821:5555,17944723,2185
raspberrypi 02:14:27.276 [main] INFO  edu.bjut.boudia.myMain - meter_7957587131911336197:regMsg,reg_backagg,reg_cc
raspberrypi 02:14:27.276 [main] INFO  edu.bjut.boudia.myMain - meter_7957587131911336197:5963,17906648,1833
raspberrypi 02:14:27.276 [main] INFO  edu.bjut.boudia.myMain - meter_6890464678671786377:regMsg,reg_backagg,reg_cc
raspberrypi 02:14:27.276 [main] INFO  edu.bjut.boudia.myMain - meter_6890464678671786377:6222,18153630,2407
raspberrypi 02:14:27.276 [main] INFO  edu.bjut.boudia.myMain - meter_4811806906395556181:regMsg,reg_backagg,reg_cc
raspberrypi 02:14:27.277 [main] INFO  edu.bjut.boudia.myMain - meter_4811806906395556181:6759,18155111,1926
raspberrypi 02:14:27.277 [main] INFO  edu.bjut.boudia.myMain - meter_3166536475048168177:regMsg,reg_backagg,reg_cc
raspberrypi 02:14:27.277 [main] INFO  edu.bjut.boudia.myMain - meter_3166536475048168177:6611,18229055,2296
raspberrypi 02:14:27.277 [main] INFO  edu.bjut.boudia.myMain - meter_5792771810071662619:regMsg,reg_backagg,reg_cc
raspberrypi 02:14:27.277 [main] INFO  edu.bjut.boudia.myMain - meter_5792771810071662619:5408,18279278,2389
raspberrypi 02:14:27.277 [main] INFO  edu.bjut.boudia.myMain - meter_9034732945007826895:regMsg,reg_backagg,reg_cc
raspberrypi 02:14:27.277 [main] INFO  edu.bjut.boudia.myMain - meter_9034732945007826895:6148,17909389,1889
raspberrypi 02:14:27.277 [main] INFO  edu.bjut.boudia.myMain - meter_3495798312137812639:regMsg,reg_backagg,reg_cc
raspberrypi 02:14:27.278 [main] INFO  edu.bjut.boudia.myMain - meter_3495798312137812639:5814,18138481,2185
raspberrypi 02:14:27.278 [main] INFO  edu.bjut.boudia.myMain - meter_9200334692355812717:regMsg,reg_backagg,reg_cc
raspberrypi 02:14:27.278 [main] INFO  edu.bjut.boudia.myMain - meter_9200334692355812717:6166,17808796,2425
raspberrypi 02:14:27.278 [main] INFO  edu.bjut.boudia.myMain - meter_4840928214089073895:regMsg,reg_backagg,reg_cc
raspberrypi 02:14:27.278 [main] INFO  edu.bjut.boudia.myMain - meter_4840928214089073895:6982,18200963,1907
raspberrypi 02:14:27.278 [main] INFO  edu.bjut.boudia.myMain - meter_3417881275254463141:regMsg,reg_backagg,reg_cc
raspberrypi 02:14:27.279 [main] INFO  edu.bjut.boudia.myMain - meter_3417881275254463141:6334,18166907,2500
raspberrypi 02:14:27.279 [main] INFO  edu.bjut.boudia.myMain - meter_1150002281822124071:regMsg,reg_backagg,reg_cc
raspberrypi 02:14:27.279 [main] INFO  edu.bjut.boudia.myMain - meter_1150002281822124071:6945,18245296,2130
raspberrypi 02:14:27.279 [main] INFO  edu.bjut.boudia.myMain - meter_748531359048155703:regMsg,reg_backagg,reg_cc
raspberrypi 02:14:27.279 [main] INFO  edu.bjut.boudia.myMain - meter_748531359048155703:6167,18250686,2870
raspberrypi 02:14:27.279 [main] INFO  edu.bjut.boudia.myMain - meter_2519160914931403175:regMsg,reg_backagg,reg_cc
raspberrypi 02:14:27.279 [main] INFO  edu.bjut.boudia.myMain - meter_2519160914931403175:6481,18009704,2500
raspberrypi 02:14:27.279 [main] INFO  edu.bjut.boudia.myMain - meter_6878985394548554069:regMsg,reg_backagg,reg_cc
raspberrypi 02:14:27.280 [main] INFO  edu.bjut.boudia.myMain - meter_6878985394548554069:6222,18154315,2611
raspberrypi 02:14:27.280 [main] INFO  edu.bjut.boudia.myMain - meter_1914272196180625293:regMsg,reg_backagg,reg_cc
raspberrypi 02:14:27.280 [main] INFO  edu.bjut.boudia.myMain - meter_1914272196180625293:5648,17910630,2019
raspberrypi 02:14:27.280 [main] INFO  edu.bjut.boudia.myMain - meter_2621805287108225093:regMsg,reg_backagg,reg_cc
raspberrypi 02:14:27.280 [main] INFO  edu.bjut.boudia.myMain - meter_2621805287108225093:5333,17917370,1852
raspberrypi 02:14:27.280 [main] INFO  edu.bjut.boudia.myMain - meter_3574325505790938097:regMsg,reg_backagg,reg_cc
raspberrypi 02:14:27.280 [main] INFO  edu.bjut.boudia.myMain - meter_3574325505790938097:6426,17922259,2333
raspberrypi 02:14:27.280 [main] INFO  edu.bjut.boudia.myMain - meter_8789226988250247357:regMsg,reg_backagg,reg_cc
raspberrypi 02:14:27.280 [main] INFO  edu.bjut.boudia.myMain - meter_8789226988250247357:65463,18243519,1834
raspberrypi 02:14:27.280 [main] INFO  edu.bjut.boudia.myMain - meter_1331926712115240227:regMsg,reg_backagg,reg_cc
raspberrypi 02:14:27.280 [main] INFO  edu.bjut.boudia.myMain - meter_1331926712115240227:4203,18694241,4074
raspberrypi 02:14:27.281 [main] INFO  edu.bjut.boudia.myMain - meter_2474476338548595837:regMsg,reg_backagg,reg_cc
raspberrypi 02:14:27.281 [main] INFO  edu.bjut.boudia.myMain - meter_2474476338548595837:66223,19578686,9278
raspberrypi 02:14:27.281 [main] INFO  edu.bjut.boudia.myMain - meter_5980574004192438559:regMsg,reg_backagg,reg_cc
raspberrypi 02:14:27.281 [main] INFO  edu.bjut.boudia.myMain - meter_5980574004192438559:796,18264481,1241
raspberrypi 02:14:27.281 [main] INFO  edu.bjut.boudia.myMain - meter_1178964393805476355:regMsg,reg_backagg,reg_cc
raspberrypi 02:14:27.281 [main] INFO  edu.bjut.boudia.myMain - meter_1178964393805476355:833,18235648,1241
raspberrypi 02:14:27.281 [main] INFO  edu.bjut.boudia.myMain - meter_1141017434315840741:regMsg,reg_backagg,reg_cc
raspberrypi 02:14:27.281 [main] INFO  edu.bjut.boudia.myMain - meter_1141017434315840741:1055,18011296,611
raspberrypi 02:14:28.738 [main] INFO  edu.bjut.boudia.myMain - oneTimeMeterRepTime
raspberrypi 02:14:32.541 [main] INFO  edu.bjut.boudia.myMain - server:repMsg
raspberrypi 02:14:32.541 [main] INFO  edu.bjut.boudia.myMain - server:91814500
raspberrypi 02:14:32.541 [main] INFO  edu.bjut.boudia.myMain - agg:repMsg
raspberrypi 02:14:32.542 [main] INFO  edu.bjut.boudia.myMain - agg:792398999
raspberrypi 02:14:32.542 [main] INFO  edu.bjut.boudia.myMain - meter_1672974699799272713:repMsg
raspberrypi 02:14:32.542 [main] INFO  edu.bjut.boudia.myMain - meter_1672974699799272713:73031259
raspberrypi 02:14:32.542 [main] INFO  edu.bjut.boudia.myMain - meter_9065280213593372089:repMsg
raspberrypi 02:14:32.542 [main] INFO  edu.bjut.boudia.myMain - meter_9065280213593372089:72870833
raspberrypi 02:14:32.542 [main] INFO  edu.bjut.boudia.myMain - meter_6581508932173629143:repMsg
raspberrypi 02:14:32.542 [main] INFO  edu.bjut.boudia.myMain - meter_6581508932173629143:72812871
raspberrypi 02:14:32.542 [main] INFO  edu.bjut.boudia.myMain - meter_2281346413700672969:repMsg
raspberrypi 02:14:32.543 [main] INFO  edu.bjut.boudia.myMain - meter_2281346413700672969:74898426
raspberrypi 02:14:32.543 [main] INFO  edu.bjut.boudia.myMain - meter_1102577407798850353:repMsg
raspberrypi 02:14:32.543 [main] INFO  edu.bjut.boudia.myMain - meter_1102577407798850353:72752611
raspberrypi 02:14:32.543 [main] INFO  edu.bjut.boudia.myMain - meter_1185196998447633547:repMsg
raspberrypi 02:14:32.543 [main] INFO  edu.bjut.boudia.myMain - meter_1185196998447633547:72901648
raspberrypi 02:14:32.543 [main] INFO  edu.bjut.boudia.myMain - meter_1378890337269005389:repMsg
raspberrypi 02:14:32.543 [main] INFO  edu.bjut.boudia.myMain - meter_1378890337269005389:72073370
raspberrypi 02:14:32.543 [main] INFO  edu.bjut.boudia.myMain - meter_5925905068818418905:repMsg
raspberrypi 02:14:32.543 [main] INFO  edu.bjut.boudia.myMain - meter_5925905068818418905:72657259
raspberrypi 02:14:32.543 [main] INFO  edu.bjut.boudia.myMain - meter_5033416947605133291:repMsg
raspberrypi 02:14:32.543 [main] INFO  edu.bjut.boudia.myMain - meter_5033416947605133291:72101222
raspberrypi 02:14:32.543 [main] INFO  edu.bjut.boudia.myMain - meter_2655153952766381483:repMsg
raspberrypi 02:14:32.543 [main] INFO  edu.bjut.boudia.myMain - meter_2655153952766381483:74734667
raspberrypi 02:14:32.543 [main] INFO  edu.bjut.boudia.myMain - meter_4405210623657148365:repMsg
raspberrypi 02:14:32.544 [main] INFO  edu.bjut.boudia.myMain - meter_4405210623657148365:72017500
raspberrypi 02:14:32.544 [main] INFO  edu.bjut.boudia.myMain - meter_3661043620458453649:repMsg
raspberrypi 02:14:32.544 [main] INFO  edu.bjut.boudia.myMain - meter_3661043620458453649:72665649
raspberrypi 02:14:32.544 [main] INFO  edu.bjut.boudia.myMain - meter_1288927661785340747:repMsg
raspberrypi 02:14:32.544 [main] INFO  edu.bjut.boudia.myMain - meter_1288927661785340747:72806185
raspberrypi 02:14:32.544 [main] INFO  edu.bjut.boudia.myMain - meter_7188248287299227183:repMsg
raspberrypi 02:14:32.544 [main] INFO  edu.bjut.boudia.myMain - meter_7188248287299227183:72566092
raspberrypi 02:14:32.544 [main] INFO  edu.bjut.boudia.myMain - meter_2767672451515962033:repMsg
raspberrypi 02:14:32.544 [main] INFO  edu.bjut.boudia.myMain - meter_2767672451515962033:72783481
raspberrypi 02:14:32.544 [main] INFO  edu.bjut.boudia.myMain - meter_908133909675795139:repMsg
raspberrypi 02:14:32.544 [main] INFO  edu.bjut.boudia.myMain - meter_908133909675795139:74602760
raspberrypi 02:14:32.544 [main] INFO  edu.bjut.boudia.myMain - meter_6569614440984255821:repMsg
raspberrypi 02:14:32.544 [main] INFO  edu.bjut.boudia.myMain - meter_6569614440984255821:71952944
raspberrypi 02:14:32.545 [main] INFO  edu.bjut.boudia.myMain - meter_7957587131911336197:repMsg
raspberrypi 02:14:32.545 [main] INFO  edu.bjut.boudia.myMain - meter_7957587131911336197:72570834
raspberrypi 02:14:32.545 [main] INFO  edu.bjut.boudia.myMain - meter_6890464678671786377:repMsg
raspberrypi 02:14:32.545 [main] INFO  edu.bjut.boudia.myMain - meter_6890464678671786377:72579649
raspberrypi 02:14:32.545 [main] INFO  edu.bjut.boudia.myMain - meter_4811806906395556181:repMsg
raspberrypi 02:14:32.545 [main] INFO  edu.bjut.boudia.myMain - meter_4811806906395556181:72378760
raspberrypi 02:14:32.545 [main] INFO  edu.bjut.boudia.myMain - meter_3166536475048168177:repMsg
raspberrypi 02:14:32.545 [main] INFO  edu.bjut.boudia.myMain - meter_3166536475048168177:72472333
raspberrypi 02:14:32.545 [main] INFO  edu.bjut.boudia.myMain - meter_5792771810071662619:repMsg
raspberrypi 02:14:32.545 [main] INFO  edu.bjut.boudia.myMain - meter_5792771810071662619:74515056
raspberrypi 02:14:32.545 [main] INFO  edu.bjut.boudia.myMain - meter_9034732945007826895:repMsg
raspberrypi 02:14:32.545 [main] INFO  edu.bjut.boudia.myMain - meter_9034732945007826895:71884260
raspberrypi 02:14:32.545 [main] INFO  edu.bjut.boudia.myMain - meter_3495798312137812639:repMsg
raspberrypi 02:14:32.545 [main] INFO  edu.bjut.boudia.myMain - meter_3495798312137812639:72603963
raspberrypi 02:14:32.546 [main] INFO  edu.bjut.boudia.myMain - meter_9200334692355812717:repMsg
raspberrypi 02:14:32.546 [main] INFO  edu.bjut.boudia.myMain - meter_9200334692355812717:72288778
raspberrypi 02:14:32.546 [main] INFO  edu.bjut.boudia.myMain - meter_4840928214089073895:repMsg
raspberrypi 02:14:32.546 [main] INFO  edu.bjut.boudia.myMain - meter_4840928214089073895:73117926
raspberrypi 02:14:32.546 [main] INFO  edu.bjut.boudia.myMain - meter_3417881275254463141:repMsg
raspberrypi 02:14:32.546 [main] INFO  edu.bjut.boudia.myMain - meter_3417881275254463141:72465630
raspberrypi 02:14:32.546 [main] INFO  edu.bjut.boudia.myMain - meter_1150002281822124071:repMsg
raspberrypi 02:14:32.546 [main] INFO  edu.bjut.boudia.myMain - meter_1150002281822124071:73810963
raspberrypi 02:14:32.546 [main] INFO  edu.bjut.boudia.myMain - meter_748531359048155703:repMsg
raspberrypi 02:14:32.546 [main] INFO  edu.bjut.boudia.myMain - meter_748531359048155703:72450926
raspberrypi 02:14:32.546 [main] INFO  edu.bjut.boudia.myMain - meter_2519160914931403175:repMsg
raspberrypi 02:14:32.546 [main] INFO  edu.bjut.boudia.myMain - meter_2519160914931403175:72914852
raspberrypi 02:14:32.546 [main] INFO  edu.bjut.boudia.myMain - meter_6878985394548554069:repMsg
raspberrypi 02:14:32.546 [main] INFO  edu.bjut.boudia.myMain - meter_6878985394548554069:72941407
raspberrypi 02:14:32.547 [main] INFO  edu.bjut.boudia.myMain - meter_1914272196180625293:repMsg
raspberrypi 02:14:32.551 [main] INFO  edu.bjut.boudia.myMain - meter_1914272196180625293:74052260
raspberrypi 02:14:32.552 [main] INFO  edu.bjut.boudia.myMain - meter_2621805287108225093:repMsg
raspberrypi 02:14:32.552 [main] INFO  edu.bjut.boudia.myMain - meter_2621805287108225093:73716278
raspberrypi 02:14:32.552 [main] INFO  edu.bjut.boudia.myMain - meter_3574325505790938097:repMsg
raspberrypi 02:14:32.552 [main] INFO  edu.bjut.boudia.myMain - meter_3574325505790938097:74304167
raspberrypi 02:14:32.552 [main] INFO  edu.bjut.boudia.myMain - meter_8789226988250247357:repMsg
raspberrypi 02:14:32.552 [main] INFO  edu.bjut.boudia.myMain - meter_8789226988250247357:72914982
raspberrypi 02:14:32.552 [main] INFO  edu.bjut.boudia.myMain - meter_1331926712115240227:repMsg
raspberrypi 02:14:32.553 [main] INFO  edu.bjut.boudia.myMain - meter_1331926712115240227:72583981
raspberrypi 02:14:32.553 [main] INFO  edu.bjut.boudia.myMain - meter_2474476338548595837:repMsg
raspberrypi 02:14:32.553 [main] INFO  edu.bjut.boudia.myMain - meter_2474476338548595837:72891833
raspberrypi 02:14:32.553 [main] INFO  edu.bjut.boudia.myMain - meter_5980574004192438559:repMsg
raspberrypi 02:14:32.553 [main] INFO  edu.bjut.boudia.myMain - meter_5980574004192438559:72997908
raspberrypi 02:14:32.553 [main] INFO  edu.bjut.boudia.myMain - meter_1178964393805476355:repMsg
raspberrypi 02:14:32.553 [main] INFO  edu.bjut.boudia.myMain - meter_1178964393805476355:72173556
raspberrypi 02:14:32.553 [main] INFO  edu.bjut.boudia.myMain - meter_1141017434315840741:repMsg
raspberrypi 02:14:32.553 [main] INFO  edu.bjut.boudia.myMain - meter_1141017434315840741:72654444
raspberrypi 02:14:37.758 [main] INFO  edu.bjut.boudia.myMain - oneTimeMeterRegTime
raspberrypi 02:14:38.855 [main] INFO  edu.bjut.boudia.myMain - server:pubkey
raspberrypi 02:14:38.857 [main] INFO  edu.bjut.boudia.myMain - server:3870
raspberrypi 02:14:38.857 [main] INFO  edu.bjut.boudia.myMain - agg:regMsg,regMsg,regMsg,regMsg,regMsg,regMsg,regMsg,regMsg,regMsg,regMsg,regMsg,regMsg,regMsg,regMsg,regMsg,regMsg,regMsg,regMsg,regMsg,regMsg,regMsg,regMsg,regMsg,regMsg,regMsg,regMsg,regMsg,regMsg,regMsg,regMsg
raspberrypi 02:14:38.858 [main] INFO  edu.bjut.boudia.myMain - agg:18608426,18099148,18044612,18118296,18107537,18151037,18137000,18018926,18192204,18026944,18050129,18112259,18148166,18071500,18098907,18143685,18064333,18119704,18052278,18103444,18178907,18049129,18007000,18175370,18082056,18058963,18138463,19961093,18032222,18127611
raspberrypi 02:14:38.858 [main] INFO  edu.bjut.boudia.myMain - meter_1442922404286133779:regMsg,reg_backagg,reg_cc
raspberrypi 02:14:38.858 [main] INFO  edu.bjut.boudia.myMain - meter_1442922404286133779:926,18321870,926
raspberrypi 02:14:38.858 [main] INFO  edu.bjut.boudia.myMain - meter_8556900565194087241:regMsg,reg_backagg,reg_cc
raspberrypi 02:14:38.858 [main] INFO  edu.bjut.boudia.myMain - meter_8556900565194087241:926,18018074,1000
raspberrypi 02:14:38.858 [main] INFO  edu.bjut.boudia.myMain - meter_6369580896324331999:regMsg,reg_backagg,reg_cc
raspberrypi 02:14:38.858 [main] INFO  edu.bjut.boudia.myMain - meter_6369580896324331999:1018,19877630,889
raspberrypi 02:14:38.858 [main] INFO  edu.bjut.boudia.myMain - meter_5256586299243508755:regMsg,reg_backagg,reg_cc
raspberrypi 02:14:38.858 [main] INFO  edu.bjut.boudia.myMain - meter_5256586299243508755:889,18170760,1018
raspberrypi 02:14:38.858 [main] INFO  edu.bjut.boudia.myMain - meter_9119260000401840939:regMsg,reg_backagg,reg_cc
raspberrypi 02:14:38.858 [main] INFO  edu.bjut.boudia.myMain - meter_9119260000401840939:1111,18015945,1092
raspberrypi 02:14:38.858 [main] INFO  edu.bjut.boudia.myMain - meter_6305603379826898215:regMsg,reg_backagg,reg_cc
raspberrypi 02:14:38.858 [main] INFO  edu.bjut.boudia.myMain - meter_6305603379826898215:889,18179500,944
raspberrypi 02:14:38.859 [main] INFO  edu.bjut.boudia.myMain - meter_4614309138521766457:regMsg,reg_backagg,reg_cc
raspberrypi 02:14:38.859 [main] INFO  edu.bjut.boudia.myMain - meter_4614309138521766457:815,18103889,741
raspberrypi 02:14:38.859 [main] INFO  edu.bjut.boudia.myMain - meter_873541062059537085:regMsg,reg_backagg,reg_cc
raspberrypi 02:14:38.859 [main] INFO  edu.bjut.boudia.myMain - meter_873541062059537085:778,18046834,1037
raspberrypi 02:14:38.859 [main] INFO  edu.bjut.boudia.myMain - meter_1735128790915038745:regMsg,reg_backagg,reg_cc
raspberrypi 02:14:38.859 [main] INFO  edu.bjut.boudia.myMain - meter_1735128790915038745:1056,18094148,1074
raspberrypi 02:14:38.859 [main] INFO  edu.bjut.boudia.myMain - meter_8690785224792752031:regMsg,reg_backagg,reg_cc
raspberrypi 02:14:38.859 [main] INFO  edu.bjut.boudia.myMain - meter_8690785224792752031:963,18460056,1315
raspberrypi 02:14:38.859 [main] INFO  edu.bjut.boudia.myMain - meter_1844715480693248645:regMsg,reg_backagg,reg_cc
raspberrypi 02:14:38.859 [main] INFO  edu.bjut.boudia.myMain - meter_1844715480693248645:907,17973241,944
raspberrypi 02:14:38.859 [main] INFO  edu.bjut.boudia.myMain - meter_3546467731957489009:regMsg,reg_backagg,reg_cc
raspberrypi 02:14:38.859 [main] INFO  edu.bjut.boudia.myMain - meter_3546467731957489009:888,17978704,611
raspberrypi 02:14:38.860 [main] INFO  edu.bjut.boudia.myMain - meter_13845665853799085:regMsg,reg_backagg,reg_cc
raspberrypi 02:14:38.860 [main] INFO  edu.bjut.boudia.myMain - meter_13845665853799085:1204,18003815,1260
raspberrypi 02:14:38.860 [main] INFO  edu.bjut.boudia.myMain - meter_4615331913963867515:regMsg,reg_backagg,reg_cc
raspberrypi 02:14:38.860 [main] INFO  edu.bjut.boudia.myMain - meter_4615331913963867515:833,18096500,1000
raspberrypi 02:14:38.860 [main] INFO  edu.bjut.boudia.myMain - meter_1092601052365990465:regMsg,reg_backagg,reg_cc
raspberrypi 02:14:38.860 [main] INFO  edu.bjut.boudia.myMain - meter_1092601052365990465:1260,19509907,574
raspberrypi 02:14:38.860 [main] INFO  edu.bjut.boudia.myMain - meter_5617962250876205653:regMsg,reg_backagg,reg_cc
raspberrypi 02:14:38.860 [main] INFO  edu.bjut.boudia.myMain - meter_5617962250876205653:593,18125204,851
raspberrypi 02:14:38.860 [main] INFO  edu.bjut.boudia.myMain - meter_4142833761653519167:regMsg,reg_backagg,reg_cc
raspberrypi 02:14:38.860 [main] INFO  edu.bjut.boudia.myMain - meter_4142833761653519167:982,18190963,926
raspberrypi 02:14:38.860 [main] INFO  edu.bjut.boudia.myMain - meter_1985557103215104797:regMsg,reg_backagg,reg_cc
raspberrypi 02:14:38.860 [main] INFO  edu.bjut.boudia.myMain - meter_1985557103215104797:907,17943592,926
raspberrypi 02:14:38.860 [main] INFO  edu.bjut.boudia.myMain - meter_4896018756932466085:regMsg,reg_backagg,reg_cc
raspberrypi 02:14:38.860 [main] INFO  edu.bjut.boudia.myMain - meter_4896018756932466085:833,18220908,981
raspberrypi 02:14:38.861 [main] INFO  edu.bjut.boudia.myMain - meter_4865048138784877667:regMsg,reg_backagg,reg_cc
raspberrypi 02:14:38.861 [main] INFO  edu.bjut.boudia.myMain - meter_4865048138784877667:1204,18213777,704
raspberrypi 02:14:38.861 [main] INFO  edu.bjut.boudia.myMain - meter_7118543827345564673:regMsg,reg_backagg,reg_cc
raspberrypi 02:14:38.861 [main] INFO  edu.bjut.boudia.myMain - meter_7118543827345564673:963,18167333,1444
raspberrypi 02:14:38.861 [main] INFO  edu.bjut.boudia.myMain - meter_7556072633437195371:regMsg,reg_backagg,reg_cc
raspberrypi 02:14:38.861 [main] INFO  edu.bjut.boudia.myMain - meter_7556072633437195371:834,18064389,1000
raspberrypi 02:14:38.861 [main] INFO  edu.bjut.boudia.myMain - meter_6776215963263060511:regMsg,reg_backagg,reg_cc
raspberrypi 02:14:38.861 [main] INFO  edu.bjut.boudia.myMain - meter_6776215963263060511:1166,18206482,1111
raspberrypi 02:14:38.861 [main] INFO  edu.bjut.boudia.myMain - meter_9018293581753998169:regMsg,reg_backagg,reg_cc
raspberrypi 02:14:38.861 [main] INFO  edu.bjut.boudia.myMain - meter_9018293581753998169:815,18034333,611
raspberrypi 02:14:38.861 [main] INFO  edu.bjut.boudia.myMain - meter_5630214094752407121:regMsg,reg_backagg,reg_cc
raspberrypi 02:14:38.861 [main] INFO  edu.bjut.boudia.myMain - meter_5630214094752407121:1056,18168870,1130
raspberrypi 02:14:38.862 [main] INFO  edu.bjut.boudia.myMain - meter_6192029494109696729:regMsg,reg_backagg,reg_cc
raspberrypi 02:14:38.862 [main] INFO  edu.bjut.boudia.myMain - meter_6192029494109696729:1093,18111092,1426
raspberrypi 02:14:38.862 [main] INFO  edu.bjut.boudia.myMain - meter_3005751406884190925:regMsg,reg_backagg,reg_cc
raspberrypi 02:14:38.862 [main] INFO  edu.bjut.boudia.myMain - meter_3005751406884190925:870,18062851,1056
raspberrypi 02:14:38.862 [main] INFO  edu.bjut.boudia.myMain - meter_2079185558267759011:regMsg,reg_backagg,reg_cc
raspberrypi 02:14:38.862 [main] INFO  edu.bjut.boudia.myMain - meter_2079185558267759011:889,18037649,888
raspberrypi 02:14:38.862 [main] INFO  edu.bjut.boudia.myMain - meter_7024903418503408217:regMsg,reg_backagg,reg_cc
raspberrypi 02:14:38.862 [main] INFO  edu.bjut.boudia.myMain - meter_7024903418503408217:1130,18135686,1167
raspberrypi 02:14:38.862 [main] INFO  edu.bjut.boudia.myMain - meter_3685723912188311945:regMsg,reg_backagg,reg_cc
raspberrypi 02:14:38.862 [main] INFO  edu.bjut.boudia.myMain - meter_3685723912188311945:1185,18287834,1167
raspberrypi 02:14:39.955 [main] INFO  edu.bjut.boudia.myMain - oneTimeMeterRepTime
raspberrypi 02:14:42.837 [main] INFO  edu.bjut.boudia.myMain - server:repMsg
raspberrypi 02:14:42.841 [main] INFO  edu.bjut.boudia.myMain - server:91970519
raspberrypi 02:14:42.841 [main] INFO  edu.bjut.boudia.myMain - agg:repMsg
raspberrypi 02:14:42.841 [main] INFO  edu.bjut.boudia.myMain - agg:598226889
raspberrypi 02:14:42.841 [main] INFO  edu.bjut.boudia.myMain - meter_1442922404286133779:repMsg
raspberrypi 02:14:42.841 [main] INFO  edu.bjut.boudia.myMain - meter_1442922404286133779:72495463
raspberrypi 02:14:42.842 [main] INFO  edu.bjut.boudia.myMain - meter_8556900565194087241:repMsg
raspberrypi 02:14:42.842 [main] INFO  edu.bjut.boudia.myMain - meter_8556900565194087241:72830537
raspberrypi 02:14:42.842 [main] INFO  edu.bjut.boudia.myMain - meter_6369580896324331999:repMsg
raspberrypi 02:14:42.842 [main] INFO  edu.bjut.boudia.myMain - meter_6369580896324331999:74428537
raspberrypi 02:14:42.842 [main] INFO  edu.bjut.boudia.myMain - meter_5256586299243508755:repMsg
raspberrypi 02:14:42.842 [main] INFO  edu.bjut.boudia.myMain - meter_5256586299243508755:73038241
raspberrypi 02:14:42.842 [main] INFO  edu.bjut.boudia.myMain - meter_9119260000401840939:repMsg
raspberrypi 02:14:42.842 [main] INFO  edu.bjut.boudia.myMain - meter_9119260000401840939:72042445
raspberrypi 02:14:42.842 [main] INFO  edu.bjut.boudia.myMain - meter_6305603379826898215:repMsg
raspberrypi 02:14:42.842 [main] INFO  edu.bjut.boudia.myMain - meter_6305603379826898215:72808092
raspberrypi 02:14:42.842 [main] INFO  edu.bjut.boudia.myMain - meter_4614309138521766457:repMsg
raspberrypi 02:14:42.842 [main] INFO  edu.bjut.boudia.myMain - meter_4614309138521766457:72839278
raspberrypi 02:14:42.842 [main] INFO  edu.bjut.boudia.myMain - meter_873541062059537085:repMsg
raspberrypi 02:14:42.843 [main] INFO  edu.bjut.boudia.myMain - meter_873541062059537085:72547407
raspberrypi 02:14:42.843 [main] INFO  edu.bjut.boudia.myMain - meter_1735128790915038745:repMsg
raspberrypi 02:14:42.843 [main] INFO  edu.bjut.boudia.myMain - meter_1735128790915038745:74827889
raspberrypi 02:14:42.843 [main] INFO  edu.bjut.boudia.myMain - meter_8690785224792752031:repMsg
raspberrypi 02:14:42.843 [main] INFO  edu.bjut.boudia.myMain - meter_8690785224792752031:71840704
raspberrypi 02:14:42.843 [main] INFO  edu.bjut.boudia.myMain - meter_1844715480693248645:repMsg
raspberrypi 02:14:42.843 [main] INFO  edu.bjut.boudia.myMain - meter_1844715480693248645:72353704
raspberrypi 02:14:42.843 [main] INFO  edu.bjut.boudia.myMain - meter_3546467731957489009:repMsg
raspberrypi 02:14:42.843 [main] INFO  edu.bjut.boudia.myMain - meter_3546467731957489009:76669500
raspberrypi 02:14:42.843 [main] INFO  edu.bjut.boudia.myMain - meter_13845665853799085:repMsg
raspberrypi 02:14:42.843 [main] INFO  edu.bjut.boudia.myMain - meter_13845665853799085:72555982
raspberrypi 02:14:42.843 [main] INFO  edu.bjut.boudia.myMain - meter_4615331913963867515:repMsg
raspberrypi 02:14:42.843 [main] INFO  edu.bjut.boudia.myMain - meter_4615331913963867515:72724704
raspberrypi 02:14:42.843 [main] INFO  edu.bjut.boudia.myMain - meter_1092601052365990465:repMsg
raspberrypi 02:14:42.843 [main] INFO  edu.bjut.boudia.myMain - meter_1092601052365990465:74616389
raspberrypi 02:14:42.843 [main] INFO  edu.bjut.boudia.myMain - meter_5617962250876205653:repMsg
raspberrypi 02:14:42.843 [main] INFO  edu.bjut.boudia.myMain - meter_5617962250876205653:73171723
raspberrypi 02:14:42.843 [main] INFO  edu.bjut.boudia.myMain - meter_4142833761653519167:repMsg
raspberrypi 02:14:42.843 [main] INFO  edu.bjut.boudia.myMain - meter_4142833761653519167:72812370
raspberrypi 02:14:42.843 [main] INFO  edu.bjut.boudia.myMain - meter_1985557103215104797:repMsg
raspberrypi 02:14:42.843 [main] INFO  edu.bjut.boudia.myMain - meter_1985557103215104797:72186963
raspberrypi 02:14:42.844 [main] INFO  edu.bjut.boudia.myMain - meter_4896018756932466085:repMsg
raspberrypi 02:14:42.844 [main] INFO  edu.bjut.boudia.myMain - meter_4896018756932466085:73032148
raspberrypi 02:14:42.844 [main] INFO  edu.bjut.boudia.myMain - meter_4865048138784877667:repMsg
raspberrypi 02:14:42.844 [main] INFO  edu.bjut.boudia.myMain - meter_4865048138784877667:72738555
raspberrypi 02:14:42.844 [main] INFO  edu.bjut.boudia.myMain - meter_7118543827345564673:repMsg
raspberrypi 02:14:42.844 [main] INFO  edu.bjut.boudia.myMain - meter_7118543827345564673:74325945
raspberrypi 02:14:42.844 [main] INFO  edu.bjut.boudia.myMain - meter_7556072633437195371:repMsg
raspberrypi 02:14:42.844 [main] INFO  edu.bjut.boudia.myMain - meter_7556072633437195371:72760482
raspberrypi 02:14:42.844 [main] INFO  edu.bjut.boudia.myMain - meter_6776215963263060511:repMsg
raspberrypi 02:14:42.844 [main] INFO  edu.bjut.boudia.myMain - meter_6776215963263060511:72034963
raspberrypi 02:14:42.844 [main] INFO  edu.bjut.boudia.myMain - meter_9018293581753998169:repMsg
raspberrypi 02:14:42.844 [main] INFO  edu.bjut.boudia.myMain - meter_9018293581753998169:72735130
raspberrypi 02:14:42.844 [main] INFO  edu.bjut.boudia.myMain - meter_5630214094752407121:repMsg
raspberrypi 02:14:42.844 [main] INFO  edu.bjut.boudia.myMain - meter_5630214094752407121:72216889
raspberrypi 02:14:42.844 [main] INFO  edu.bjut.boudia.myMain - meter_6192029494109696729:repMsg
raspberrypi 02:14:42.844 [main] INFO  edu.bjut.boudia.myMain - meter_6192029494109696729:72275259
raspberrypi 02:14:42.844 [main] INFO  edu.bjut.boudia.myMain - meter_3005751406884190925:repMsg
raspberrypi 02:14:42.844 [main] INFO  edu.bjut.boudia.myMain - meter_3005751406884190925:74049204
raspberrypi 02:14:42.844 [main] INFO  edu.bjut.boudia.myMain - meter_2079185558267759011:repMsg
raspberrypi 02:14:42.844 [main] INFO  edu.bjut.boudia.myMain - meter_2079185558267759011:71818315
raspberrypi 02:14:42.844 [main] INFO  edu.bjut.boudia.myMain - meter_7024903418503408217:repMsg
raspberrypi 02:14:42.844 [main] INFO  edu.bjut.boudia.myMain - meter_7024903418503408217:73052111
raspberrypi 02:14:42.845 [main] INFO  edu.bjut.boudia.myMain - meter_3685723912188311945:repMsg
raspberrypi 02:14:42.845 [main] INFO  edu.bjut.boudia.myMain - meter_3685723912188311945:72370370
raspberrypi 02:14:46.424 [main] INFO  edu.bjut.boudia.myMain - oneTimeMeterRegTime
raspberrypi 02:14:47.151 [main] INFO  edu.bjut.boudia.myMain - server:pubkey
raspberrypi 02:14:47.151 [main] INFO  edu.bjut.boudia.myMain - server:4129
raspberrypi 02:14:47.151 [main] INFO  edu.bjut.boudia.myMain - agg:regMsg,regMsg,regMsg,regMsg,regMsg,regMsg,regMsg,regMsg,regMsg,regMsg,regMsg,regMsg,regMsg,regMsg,regMsg,regMsg,regMsg,regMsg,regMsg,regMsg
raspberrypi 02:14:47.151 [main] INFO  edu.bjut.boudia.myMain - agg:18303426,18100963,18106537,18194037,18159333,18102760,18098352,18083185,18049018,18063963,18095260,18021241,18075907,18100722,18099963,18121000,18025962,18114611,18101704,18095481
raspberrypi 02:14:47.151 [main] INFO  edu.bjut.boudia.myMain - meter_8018688420542455031:regMsg,reg_backagg,reg_cc
raspberrypi 02:14:47.152 [main] INFO  edu.bjut.boudia.myMain - meter_8018688420542455031:1112,17864648,1129
raspberrypi 02:14:47.152 [main] INFO  edu.bjut.boudia.myMain - meter_5603432674024803123:regMsg,reg_backagg,reg_cc
raspberrypi 02:14:47.152 [main] INFO  edu.bjut.boudia.myMain - meter_5603432674024803123:1333,17875926,815
raspberrypi 02:14:47.152 [main] INFO  edu.bjut.boudia.myMain - meter_3789031323024032823:regMsg,reg_backagg,reg_cc
raspberrypi 02:14:47.152 [main] INFO  edu.bjut.boudia.myMain - meter_3789031323024032823:871,17946204,1204
raspberrypi 02:14:47.152 [main] INFO  edu.bjut.boudia.myMain - meter_2755000483634196383:regMsg,reg_backagg,reg_cc
raspberrypi 02:14:47.152 [main] INFO  edu.bjut.boudia.myMain - meter_2755000483634196383:1074,18304722,1204
raspberrypi 02:14:47.152 [main] INFO  edu.bjut.boudia.myMain - meter_3677139497675579697:regMsg,reg_backagg,reg_cc
raspberrypi 02:14:47.153 [main] INFO  edu.bjut.boudia.myMain - meter_3677139497675579697:908,18056223,871
raspberrypi 02:14:47.153 [main] INFO  edu.bjut.boudia.myMain - meter_4184947158632668357:regMsg,reg_backagg,reg_cc
raspberrypi 02:14:47.153 [main] INFO  edu.bjut.boudia.myMain - meter_4184947158632668357:945,18180759,1075
raspberrypi 02:14:47.153 [main] INFO  edu.bjut.boudia.myMain - meter_1491614790076042039:regMsg,reg_backagg,reg_cc
raspberrypi 02:14:47.153 [main] INFO  edu.bjut.boudia.myMain - meter_1491614790076042039:814,18368296,888
raspberrypi 02:14:47.153 [main] INFO  edu.bjut.boudia.myMain - meter_1691911618873000183:regMsg,reg_backagg,reg_cc
raspberrypi 02:14:47.153 [main] INFO  edu.bjut.boudia.myMain - meter_1691911618873000183:1334,17753314,1351
raspberrypi 02:14:47.153 [main] INFO  edu.bjut.boudia.myMain - meter_2336217948119062253:regMsg,reg_backagg,reg_cc
raspberrypi 02:14:47.153 [main] INFO  edu.bjut.boudia.myMain - meter_2336217948119062253:1259,19931500,759
raspberrypi 02:14:47.153 [main] INFO  edu.bjut.boudia.myMain - meter_8593087340834320661:regMsg,reg_backagg,reg_cc
raspberrypi 02:14:47.154 [main] INFO  edu.bjut.boudia.myMain - meter_8593087340834320661:630,17940944,630
raspberrypi 02:14:47.154 [main] INFO  edu.bjut.boudia.myMain - meter_7986686651999674341:regMsg,reg_backagg,reg_cc
raspberrypi 02:14:47.154 [main] INFO  edu.bjut.boudia.myMain - meter_7986686651999674341:982,18047833,482
raspberrypi 02:14:47.154 [main] INFO  edu.bjut.boudia.myMain - meter_4277124286363140901:regMsg,reg_backagg,reg_cc
raspberrypi 02:14:47.154 [main] INFO  edu.bjut.boudia.myMain - meter_4277124286363140901:1259,18213185,444
raspberrypi 02:14:47.154 [main] INFO  edu.bjut.boudia.myMain - meter_2602575197479964735:regMsg,reg_backagg,reg_cc
raspberrypi 02:14:47.154 [main] INFO  edu.bjut.boudia.myMain - meter_2602575197479964735:889,18108037,981
raspberrypi 02:14:47.154 [main] INFO  edu.bjut.boudia.myMain - meter_2868627797734521241:regMsg,reg_backagg,reg_cc
raspberrypi 02:14:47.155 [main] INFO  edu.bjut.boudia.myMain - meter_2868627797734521241:888,18080315,592
raspberrypi 02:14:47.155 [main] INFO  edu.bjut.boudia.myMain - meter_4120389801749631611:regMsg,reg_backagg,reg_cc
raspberrypi 02:14:47.155 [main] INFO  edu.bjut.boudia.myMain - meter_4120389801749631611:945,18083963,815
raspberrypi 02:14:47.155 [main] INFO  edu.bjut.boudia.myMain - meter_894188070487587301:regMsg,reg_backagg,reg_cc
raspberrypi 02:14:47.155 [main] INFO  edu.bjut.boudia.myMain - meter_894188070487587301:888,17959315,815
raspberrypi 02:14:47.155 [main] INFO  edu.bjut.boudia.myMain - meter_2652923507893511131:regMsg,reg_backagg,reg_cc
raspberrypi 02:14:47.155 [main] INFO  edu.bjut.boudia.myMain - meter_2652923507893511131:1204,18140759,1074
raspberrypi 02:14:47.155 [main] INFO  edu.bjut.boudia.myMain - meter_5137059220023349717:regMsg,reg_backagg,reg_cc
raspberrypi 02:14:47.155 [main] INFO  edu.bjut.boudia.myMain - meter_5137059220023349717:982,18208334,1130
raspberrypi 02:14:47.155 [main] INFO  edu.bjut.boudia.myMain - meter_6228609122342552547:regMsg,reg_backagg,reg_cc
raspberrypi 02:14:47.155 [main] INFO  edu.bjut.boudia.myMain - meter_6228609122342552547:1167,18093630,1130
raspberrypi 02:14:47.156 [main] INFO  edu.bjut.boudia.myMain - meter_7782944129348348677:regMsg,reg_backagg,reg_cc
raspberrypi 02:14:47.156 [main] INFO  edu.bjut.boudia.myMain - meter_7782944129348348677:1056,17960426,1352
raspberrypi 02:14:47.885 [main] INFO  edu.bjut.boudia.myMain - oneTimeMeterRepTime
raspberrypi 02:14:49.850 [main] INFO  edu.bjut.boudia.myMain - server:repMsg
raspberrypi 02:14:49.850 [main] INFO  edu.bjut.boudia.myMain - server:91875166
raspberrypi 02:14:49.850 [main] INFO  edu.bjut.boudia.myMain - agg:repMsg
raspberrypi 02:14:49.850 [main] INFO  edu.bjut.boudia.myMain - agg:411205851
raspberrypi 02:14:49.850 [main] INFO  edu.bjut.boudia.myMain - meter_8018688420542455031:repMsg
raspberrypi 02:14:49.850 [main] INFO  edu.bjut.boudia.myMain - meter_8018688420542455031:72614222
raspberrypi 02:14:49.850 [main] INFO  edu.bjut.boudia.myMain - meter_5603432674024803123:repMsg
raspberrypi 02:14:49.851 [main] INFO  edu.bjut.boudia.myMain - meter_5603432674024803123:73377981
raspberrypi 02:14:49.851 [main] INFO  edu.bjut.boudia.myMain - meter_3789031323024032823:repMsg
raspberrypi 02:14:49.851 [main] INFO  edu.bjut.boudia.myMain - meter_3789031323024032823:73023555
raspberrypi 02:14:49.851 [main] INFO  edu.bjut.boudia.myMain - meter_2755000483634196383:repMsg
raspberrypi 02:14:49.851 [main] INFO  edu.bjut.boudia.myMain - meter_2755000483634196383:74149333
raspberrypi 02:14:49.851 [main] INFO  edu.bjut.boudia.myMain - meter_3677139497675579697:repMsg
raspberrypi 02:14:49.851 [main] INFO  edu.bjut.boudia.myMain - meter_3677139497675579697:72680908
raspberrypi 02:14:49.851 [main] INFO  edu.bjut.boudia.myMain - meter_4184947158632668357:repMsg
raspberrypi 02:14:49.851 [main] INFO  edu.bjut.boudia.myMain - meter_4184947158632668357:72799999
raspberrypi 02:14:49.851 [main] INFO  edu.bjut.boudia.myMain - meter_1491614790076042039:repMsg
raspberrypi 02:14:49.851 [main] INFO  edu.bjut.boudia.myMain - meter_1491614790076042039:72524037
raspberrypi 02:14:49.851 [main] INFO  edu.bjut.boudia.myMain - meter_1691911618873000183:repMsg
raspberrypi 02:14:49.851 [main] INFO  edu.bjut.boudia.myMain - meter_1691911618873000183:72501611
raspberrypi 02:14:49.851 [main] INFO  edu.bjut.boudia.myMain - meter_2336217948119062253:repMsg
raspberrypi 02:14:49.851 [main] INFO  edu.bjut.boudia.myMain - meter_2336217948119062253:72996222
raspberrypi 02:14:49.851 [main] INFO  edu.bjut.boudia.myMain - meter_8593087340834320661:repMsg
raspberrypi 02:14:49.851 [main] INFO  edu.bjut.boudia.myMain - meter_8593087340834320661:73622056
raspberrypi 02:14:49.851 [main] INFO  edu.bjut.boudia.myMain - meter_7986686651999674341:repMsg
raspberrypi 02:14:49.851 [main] INFO  edu.bjut.boudia.myMain - meter_7986686651999674341:72150759
raspberrypi 02:14:49.851 [main] INFO  edu.bjut.boudia.myMain - meter_4277124286363140901:repMsg
raspberrypi 02:14:49.851 [main] INFO  edu.bjut.boudia.myMain - meter_4277124286363140901:72762222
raspberrypi 02:14:49.851 [main] INFO  edu.bjut.boudia.myMain - meter_2602575197479964735:repMsg
raspberrypi 02:14:49.851 [main] INFO  edu.bjut.boudia.myMain - meter_2602575197479964735:72587945
raspberrypi 02:14:49.851 [main] INFO  edu.bjut.boudia.myMain - meter_2868627797734521241:repMsg
raspberrypi 02:14:49.851 [main] INFO  edu.bjut.boudia.myMain - meter_2868627797734521241:72558814
raspberrypi 02:14:49.851 [main] INFO  edu.bjut.boudia.myMain - meter_4120389801749631611:repMsg
raspberrypi 02:14:49.851 [main] INFO  edu.bjut.boudia.myMain - meter_4120389801749631611:72289778
raspberrypi 02:14:49.852 [main] INFO  edu.bjut.boudia.myMain - meter_894188070487587301:repMsg
raspberrypi 02:14:49.852 [main] INFO  edu.bjut.boudia.myMain - meter_894188070487587301:74575055
raspberrypi 02:14:49.852 [main] INFO  edu.bjut.boudia.myMain - meter_2652923507893511131:repMsg
raspberrypi 02:14:49.852 [main] INFO  edu.bjut.boudia.myMain - meter_2652923507893511131:73317241
raspberrypi 02:14:49.852 [main] INFO  edu.bjut.boudia.myMain - meter_5137059220023349717:repMsg
raspberrypi 02:14:49.852 [main] INFO  edu.bjut.boudia.myMain - meter_5137059220023349717:72178092
raspberrypi 02:14:49.852 [main] INFO  edu.bjut.boudia.myMain - meter_6228609122342552547:repMsg
raspberrypi 02:14:49.852 [main] INFO  edu.bjut.boudia.myMain - meter_6228609122342552547:72480037
raspberrypi 02:14:49.852 [main] INFO  edu.bjut.boudia.myMain - meter_7782944129348348677:repMsg
raspberrypi 02:14:49.852 [main] INFO  edu.bjut.boudia.myMain - meter_7782944129348348677:72473519
