raspberrypi 03:48:30.724 [main] INFO  edu.bjut.boudia.myMain - oneTimeMeterRegTime
raspberrypi 03:48:32.969 [main] INFO  edu.bjut.boudia.myMain - server:pubkey
raspberrypi 03:48:32.969 [main] INFO  edu.bjut.boudia.myMain - server:812685
raspberrypi 03:48:32.987 [main] INFO  edu.bjut.boudia.myMain - agg:regMsg,regMsg,regMsg,regMsg,regMsg,regMsg,regMsg,regMsg,regMsg,regMsg,regMsg,regMsg,regMsg,regMsg,regMsg,regMsg,regMsg,regMsg,regMsg,regMsg,regMsg,regMsg,regMsg,regMsg,regMsg,regMsg,regMsg,regMsg,regMsg,regMsg,regMsg,regMsg,regMsg,regMsg,regMsg,regMsg,regMsg,regMsg,regMsg,regMsg,regMsg,regMsg,regMsg,regMsg,regMsg,regMsg,regMsg,regMsg,regMsg,regMsg,regMsg,regMsg,regMsg,regMsg,regMsg,regMsg,regMsg,regMsg,regMsg,regMsg
raspberrypi 03:48:32.988 [main] INFO  edu.bjut.boudia.myMain - agg:18298037,18160074,18184759,18074149,18097685,18252148,18332797,18126908,18095000,18139389,18114889,18119148,18176297,18183278,18481148,17886333,17847593,17963129,17962907,17930426,17889907,17951741,18049778,17985185,18671963,18571629,18278963,18295222,18059722,18054019,18043204,18390611,18077870,17964704,18072260,18011463,18413426,18113444,23551889,18076870,18087593,18084741,18165722,18257685,18067333,18103778,18375944,18496592,22582926,17963907,17750963,17798019,17772870,17854074,18015870,17812630,17934537,17815371,17898407,17838519
raspberrypi 03:48:32.988 [main] INFO  edu.bjut.boudia.myMain - meter_3793069162055823049:regMsg,reg_backagg,reg_cc
raspberrypi 03:48:32.989 [main] INFO  edu.bjut.boudia.myMain - meter_3793069162055823049:9463,18390741,46648
raspberrypi 03:48:32.989 [main] INFO  edu.bjut.boudia.myMain - meter_5525888295723653591:regMsg,reg_backagg,reg_cc
raspberrypi 03:48:32.989 [main] INFO  edu.bjut.boudia.myMain - meter_5525888295723653591:2834,29084111,2982
raspberrypi 03:48:32.989 [main] INFO  edu.bjut.boudia.myMain - meter_8648177759722722847:regMsg,reg_backagg,reg_cc
raspberrypi 03:48:32.990 [main] INFO  edu.bjut.boudia.myMain - meter_8648177759722722847:2444,18408352,2723
raspberrypi 03:48:32.990 [main] INFO  edu.bjut.boudia.myMain - meter_241837580833212839:regMsg,reg_backagg,reg_cc
raspberrypi 03:48:32.990 [main] INFO  edu.bjut.boudia.myMain - meter_241837580833212839:2481,18159666,2444
raspberrypi 03:48:32.990 [main] INFO  edu.bjut.boudia.myMain - meter_1082320888016396159:regMsg,reg_backagg,reg_cc
raspberrypi 03:48:32.990 [main] INFO  edu.bjut.boudia.myMain - meter_1082320888016396159:3148,18425704,3185
raspberrypi 03:48:32.991 [main] INFO  edu.bjut.boudia.myMain - meter_7303067709067482923:regMsg,reg_backagg,reg_cc
raspberrypi 03:48:32.991 [main] INFO  edu.bjut.boudia.myMain - meter_7303067709067482923:2908,18341555,2519
raspberrypi 03:48:32.991 [main] INFO  edu.bjut.boudia.myMain - meter_2971355757145345547:regMsg,reg_backagg,reg_cc
raspberrypi 03:48:32.991 [main] INFO  edu.bjut.boudia.myMain - meter_2971355757145345547:2389,18299611,3296
raspberrypi 03:48:32.991 [main] INFO  edu.bjut.boudia.myMain - meter_6958260383076580107:regMsg,reg_backagg,reg_cc
raspberrypi 03:48:32.992 [main] INFO  edu.bjut.boudia.myMain - meter_6958260383076580107:3185,18101519,2907
raspberrypi 03:48:32.992 [main] INFO  edu.bjut.boudia.myMain - meter_2340268659202409515:regMsg,reg_backagg,reg_cc
raspberrypi 03:48:32.992 [main] INFO  edu.bjut.boudia.myMain - meter_2340268659202409515:2981,18221092,2963
raspberrypi 03:48:32.992 [main] INFO  edu.bjut.boudia.myMain - meter_268326927147853439:regMsg,reg_backagg,reg_cc
raspberrypi 03:48:32.992 [main] INFO  edu.bjut.boudia.myMain - meter_268326927147853439:3037,18333907,2944
raspberrypi 03:48:32.993 [main] INFO  edu.bjut.boudia.myMain - meter_655488962201987219:regMsg,reg_backagg,reg_cc
raspberrypi 03:48:32.993 [main] INFO  edu.bjut.boudia.myMain - meter_655488962201987219:3019,18226796,2778
raspberrypi 03:48:32.993 [main] INFO  edu.bjut.boudia.myMain - meter_6669062558270988181:regMsg,reg_backagg,reg_cc
raspberrypi 03:48:32.993 [main] INFO  edu.bjut.boudia.myMain - meter_6669062558270988181:2741,18104944,2630
raspberrypi 03:48:32.993 [main] INFO  edu.bjut.boudia.myMain - meter_2843824982344790749:regMsg,reg_backagg,reg_cc
raspberrypi 03:48:32.994 [main] INFO  edu.bjut.boudia.myMain - meter_2843824982344790749:2797,18267629,2630
raspberrypi 03:48:32.994 [main] INFO  edu.bjut.boudia.myMain - meter_2883899719176444249:regMsg,reg_backagg,reg_cc
raspberrypi 03:48:32.994 [main] INFO  edu.bjut.boudia.myMain - meter_2883899719176444249:3037,30755630,3018
raspberrypi 03:48:32.994 [main] INFO  edu.bjut.boudia.myMain - meter_479545465694184423:regMsg,reg_backagg,reg_cc
raspberrypi 03:48:32.994 [main] INFO  edu.bjut.boudia.myMain - meter_479545465694184423:3148,17749759,2870
raspberrypi 03:48:32.995 [main] INFO  edu.bjut.boudia.myMain - meter_6209409107665945299:regMsg,reg_backagg,reg_cc
raspberrypi 03:48:32.995 [main] INFO  edu.bjut.boudia.myMain - meter_6209409107665945299:2500,18055500,2723
raspberrypi 03:48:32.995 [main] INFO  edu.bjut.boudia.myMain - meter_3467357407533426121:regMsg,reg_backagg,reg_cc
raspberrypi 03:48:32.995 [main] INFO  edu.bjut.boudia.myMain - meter_3467357407533426121:2852,18348463,2963
raspberrypi 03:48:32.995 [main] INFO  edu.bjut.boudia.myMain - meter_8355471269794304721:regMsg,reg_backagg,reg_cc
raspberrypi 03:48:32.995 [main] INFO  edu.bjut.boudia.myMain - meter_8355471269794304721:2686,17744685,3389
raspberrypi 03:48:32.996 [main] INFO  edu.bjut.boudia.myMain - meter_8728576416081246011:regMsg,reg_backagg,reg_cc
raspberrypi 03:48:32.996 [main] INFO  edu.bjut.boudia.myMain - meter_8728576416081246011:3278,17774889,3018
raspberrypi 03:48:32.996 [main] INFO  edu.bjut.boudia.myMain - meter_8309659236195282771:regMsg,reg_backagg,reg_cc
raspberrypi 03:48:32.996 [main] INFO  edu.bjut.boudia.myMain - meter_8309659236195282771:2982,17945129,2851
raspberrypi 03:48:32.997 [main] INFO  edu.bjut.boudia.myMain - meter_786104977741766143:regMsg,reg_backagg,reg_cc
raspberrypi 03:48:32.997 [main] INFO  edu.bjut.boudia.myMain - meter_786104977741766143:3074,18299093,2592
raspberrypi 03:48:32.997 [main] INFO  edu.bjut.boudia.myMain - meter_1330993879689014863:regMsg,reg_backagg,reg_cc
raspberrypi 03:48:32.997 [main] INFO  edu.bjut.boudia.myMain - meter_1330993879689014863:3093,17974870,3112
raspberrypi 03:48:32.998 [main] INFO  edu.bjut.boudia.myMain - meter_1525883387643967989:regMsg,reg_backagg,reg_cc
raspberrypi 03:48:32.998 [main] INFO  edu.bjut.boudia.myMain - meter_1525883387643967989:3129,17673389,2963
raspberrypi 03:48:32.998 [main] INFO  edu.bjut.boudia.myMain - meter_5568445006375945169:regMsg,reg_backagg,reg_cc
raspberrypi 03:48:32.998 [main] INFO  edu.bjut.boudia.myMain - meter_5568445006375945169:2926,18232500,2556
raspberrypi 03:48:32.999 [main] INFO  edu.bjut.boudia.myMain - meter_2449505341035401499:regMsg,reg_backagg,reg_cc
raspberrypi 03:48:32.999 [main] INFO  edu.bjut.boudia.myMain - meter_2449505341035401499:2981,18687778,5852
raspberrypi 03:48:32.999 [main] INFO  edu.bjut.boudia.myMain - meter_4402697530504193441:regMsg,reg_backagg,reg_cc
raspberrypi 03:48:32.999 [main] INFO  edu.bjut.boudia.myMain - meter_4402697530504193441:4296,31559629,2889
raspberrypi 03:48:33.000 [main] INFO  edu.bjut.boudia.myMain - meter_900245848383641783:regMsg,reg_backagg,reg_cc
raspberrypi 03:48:33.000 [main] INFO  edu.bjut.boudia.myMain - meter_900245848383641783:2741,18115944,2704
raspberrypi 03:48:33.000 [main] INFO  edu.bjut.boudia.myMain - meter_1394812373924915237:regMsg,reg_backagg,reg_cc
raspberrypi 03:48:33.000 [main] INFO  edu.bjut.boudia.myMain - meter_1394812373924915237:3722,18212518,2629
raspberrypi 03:48:33.000 [main] INFO  edu.bjut.boudia.myMain - meter_4512906348156596913:regMsg,reg_backagg,reg_cc
raspberrypi 03:48:33.001 [main] INFO  edu.bjut.boudia.myMain - meter_4512906348156596913:2723,18068315,3019
raspberrypi 03:48:33.001 [main] INFO  edu.bjut.boudia.myMain - meter_1796297842423862563:regMsg,reg_backagg,reg_cc
raspberrypi 03:48:33.001 [main] INFO  edu.bjut.boudia.myMain - meter_1796297842423862563:3241,18148593,2908
raspberrypi 03:48:33.001 [main] INFO  edu.bjut.boudia.myMain - meter_4512706468925773273:regMsg,reg_backagg,reg_cc
raspberrypi 03:48:33.001 [main] INFO  edu.bjut.boudia.myMain - meter_4512706468925773273:2408,18057148,3333
raspberrypi 03:48:33.002 [main] INFO  edu.bjut.boudia.myMain - meter_6460357725294113079:regMsg,reg_backagg,reg_cc
raspberrypi 03:48:33.002 [main] INFO  edu.bjut.boudia.myMain - meter_6460357725294113079:3963,18074963,3037
raspberrypi 03:48:33.002 [main] INFO  edu.bjut.boudia.myMain - meter_3470002613422263397:regMsg,reg_backagg,reg_cc
raspberrypi 03:48:33.002 [main] INFO  edu.bjut.boudia.myMain - meter_3470002613422263397:2759,18020667,3019
raspberrypi 03:48:33.003 [main] INFO  edu.bjut.boudia.myMain - meter_1084283843880049031:regMsg,reg_backagg,reg_cc
raspberrypi 03:48:33.003 [main] INFO  edu.bjut.boudia.myMain - meter_1084283843880049031:5056,18191018,3408
raspberrypi 03:48:33.003 [main] INFO  edu.bjut.boudia.myMain - meter_7473985840078620857:regMsg,reg_backagg,reg_cc
raspberrypi 03:48:33.003 [main] INFO  edu.bjut.boudia.myMain - meter_7473985840078620857:2815,17882686,2630
raspberrypi 03:48:33.004 [main] INFO  edu.bjut.boudia.myMain - meter_4655498324421816637:regMsg,reg_backagg,reg_cc
raspberrypi 03:48:33.004 [main] INFO  edu.bjut.boudia.myMain - meter_4655498324421816637:2926,18002981,2815
raspberrypi 03:48:33.004 [main] INFO  edu.bjut.boudia.myMain - meter_4834714219398544547:regMsg,reg_backagg,reg_cc
raspberrypi 03:48:33.004 [main] INFO  edu.bjut.boudia.myMain - meter_4834714219398544547:3056,17966667,2908
raspberrypi 03:48:33.004 [main] INFO  edu.bjut.boudia.myMain - meter_7860222608423594395:regMsg,reg_backagg,reg_cc
raspberrypi 03:48:33.005 [main] INFO  edu.bjut.boudia.myMain - meter_7860222608423594395:2945,17948260,3037
raspberrypi 03:48:33.005 [main] INFO  edu.bjut.boudia.myMain - meter_8029251502271834461:regMsg,reg_backagg,reg_cc
raspberrypi 03:48:33.005 [main] INFO  edu.bjut.boudia.myMain - meter_8029251502271834461:3075,18563963,3277
raspberrypi 03:48:33.005 [main] INFO  edu.bjut.boudia.myMain - meter_4201689791032018989:regMsg,reg_backagg,reg_cc
raspberrypi 03:48:33.006 [main] INFO  edu.bjut.boudia.myMain - meter_4201689791032018989:2537,18159760,2944
raspberrypi 03:48:33.006 [main] INFO  edu.bjut.boudia.myMain - meter_1553229828964537873:regMsg,reg_backagg,reg_cc
raspberrypi 03:48:33.006 [main] INFO  edu.bjut.boudia.myMain - meter_1553229828964537873:3055,18529852,3315
raspberrypi 03:48:33.007 [main] INFO  edu.bjut.boudia.myMain - meter_1832647799230752641:regMsg,reg_backagg,reg_cc
raspberrypi 03:48:33.007 [main] INFO  edu.bjut.boudia.myMain - meter_1832647799230752641:2945,17816981,3537
raspberrypi 03:48:33.007 [main] INFO  edu.bjut.boudia.myMain - meter_277896131059063889:regMsg,reg_backagg,reg_cc
raspberrypi 03:48:33.007 [main] INFO  edu.bjut.boudia.myMain - meter_277896131059063889:2686,17934981,3222
raspberrypi 03:48:33.007 [main] INFO  edu.bjut.boudia.myMain - meter_1815100578193855073:regMsg,reg_backagg,reg_cc
raspberrypi 03:48:33.008 [main] INFO  edu.bjut.boudia.myMain - meter_1815100578193855073:2593,18075315,2888
raspberrypi 03:48:33.008 [main] INFO  edu.bjut.boudia.myMain - meter_5996232628635881465:regMsg,reg_backagg,reg_cc
raspberrypi 03:48:33.008 [main] INFO  edu.bjut.boudia.myMain - meter_5996232628635881465:2907,18138407,3056
raspberrypi 03:48:33.008 [main] INFO  edu.bjut.boudia.myMain - meter_4652693869637886181:regMsg,reg_backagg,reg_cc
raspberrypi 03:48:33.008 [main] INFO  edu.bjut.boudia.myMain - meter_4652693869637886181:3389,18284629,3056
raspberrypi 03:48:33.009 [main] INFO  edu.bjut.boudia.myMain - meter_4791636772559448239:regMsg,reg_backagg,reg_cc
raspberrypi 03:48:33.009 [main] INFO  edu.bjut.boudia.myMain - meter_4791636772559448239:2851,18547093,3334
raspberrypi 03:48:33.009 [main] INFO  edu.bjut.boudia.myMain - meter_8960973970447951443:regMsg,reg_backagg,reg_cc
raspberrypi 03:48:33.009 [main] INFO  edu.bjut.boudia.myMain - meter_8960973970447951443:3685,18449481,3092
raspberrypi 03:48:33.009 [main] INFO  edu.bjut.boudia.myMain - meter_7622580177792283991:regMsg,reg_backagg,reg_cc
raspberrypi 03:48:33.010 [main] INFO  edu.bjut.boudia.myMain - meter_7622580177792283991:2945,18124500,2834
raspberrypi 03:48:33.010 [main] INFO  edu.bjut.boudia.myMain - meter_3129446722027647457:regMsg,reg_backagg,reg_cc
raspberrypi 03:48:33.010 [main] INFO  edu.bjut.boudia.myMain - meter_3129446722027647457:3204,17950741,3000
raspberrypi 03:48:33.010 [main] INFO  edu.bjut.boudia.myMain - meter_600101600162915111:regMsg,reg_backagg,reg_cc
raspberrypi 03:48:33.011 [main] INFO  edu.bjut.boudia.myMain - meter_600101600162915111:2981,19986000,2574
raspberrypi 03:48:33.011 [main] INFO  edu.bjut.boudia.myMain - meter_5983723997867447971:regMsg,reg_backagg,reg_cc
raspberrypi 03:48:33.011 [main] INFO  edu.bjut.boudia.myMain - meter_5983723997867447971:3130,17773148,2834
raspberrypi 03:48:33.011 [main] INFO  edu.bjut.boudia.myMain - meter_4183912495239829717:regMsg,reg_backagg,reg_cc
raspberrypi 03:48:33.011 [main] INFO  edu.bjut.boudia.myMain - meter_4183912495239829717:3185,17840278,3592
raspberrypi 03:48:33.012 [main] INFO  edu.bjut.boudia.myMain - meter_3636671795681459889:regMsg,reg_backagg,reg_cc
raspberrypi 03:48:33.012 [main] INFO  edu.bjut.boudia.myMain - meter_3636671795681459889:2796,19283352,2944
raspberrypi 03:48:33.012 [main] INFO  edu.bjut.boudia.myMain - meter_4917513668884499285:regMsg,reg_backagg,reg_cc
raspberrypi 03:48:33.012 [main] INFO  edu.bjut.boudia.myMain - meter_4917513668884499285:3037,17770278,3000
raspberrypi 03:48:33.013 [main] INFO  edu.bjut.boudia.myMain - meter_7589081194663720159:regMsg,reg_backagg,reg_cc
raspberrypi 03:48:33.013 [main] INFO  edu.bjut.boudia.myMain - meter_7589081194663720159:2833,17793630,3463
raspberrypi 03:48:33.013 [main] INFO  edu.bjut.boudia.myMain - meter_7831538303699284609:regMsg,reg_backagg,reg_cc
raspberrypi 03:48:33.013 [main] INFO  edu.bjut.boudia.myMain - meter_7831538303699284609:3130,18109148,3037
raspberrypi 03:48:33.014 [main] INFO  edu.bjut.boudia.myMain - meter_5521556138373741265:regMsg,reg_backagg,reg_cc
raspberrypi 03:48:33.014 [main] INFO  edu.bjut.boudia.myMain - meter_5521556138373741265:3444,17482556,3352
raspberrypi 03:48:33.014 [main] INFO  edu.bjut.boudia.myMain - meter_1438434668603424537:regMsg,reg_backagg,reg_cc
raspberrypi 03:48:33.015 [main] INFO  edu.bjut.boudia.myMain - meter_1438434668603424537:3074,17883296,2889
raspberrypi 03:48:33.015 [main] INFO  edu.bjut.boudia.myMain - meter_7377483183160213039:regMsg,reg_backagg,reg_cc
raspberrypi 03:48:33.015 [main] INFO  edu.bjut.boudia.myMain - meter_7377483183160213039:3908,17804593,2481
raspberrypi 03:48:35.195 [main] INFO  edu.bjut.boudia.myMain - oneTimeMeterRepTime
raspberrypi 03:48:40.859 [main] INFO  edu.bjut.boudia.myMain - server:repMsg
raspberrypi 03:48:40.860 [main] INFO  edu.bjut.boudia.myMain - server:88579389
raspberrypi 03:48:40.860 [main] INFO  edu.bjut.boudia.myMain - agg:repMsg
raspberrypi 03:48:40.860 [main] INFO  edu.bjut.boudia.myMain - agg:1160398981
raspberrypi 03:48:40.861 [main] INFO  edu.bjut.boudia.myMain - meter_3793069162055823049:repMsg
raspberrypi 03:48:40.861 [main] INFO  edu.bjut.boudia.myMain - meter_3793069162055823049:126646093
raspberrypi 03:48:40.861 [main] INFO  edu.bjut.boudia.myMain - meter_5525888295723653591:repMsg
raspberrypi 03:48:40.861 [main] INFO  edu.bjut.boudia.myMain - meter_5525888295723653591:74133203
raspberrypi 03:48:40.861 [main] INFO  edu.bjut.boudia.myMain - meter_8648177759722722847:repMsg
raspberrypi 03:48:40.861 [main] INFO  edu.bjut.boudia.myMain - meter_8648177759722722847:76366333
raspberrypi 03:48:40.861 [main] INFO  edu.bjut.boudia.myMain - meter_241837580833212839:repMsg
raspberrypi 03:48:40.861 [main] INFO  edu.bjut.boudia.myMain - meter_241837580833212839:73355148
raspberrypi 03:48:40.862 [main] INFO  edu.bjut.boudia.myMain - meter_1082320888016396159:repMsg
raspberrypi 03:48:40.862 [main] INFO  edu.bjut.boudia.myMain - meter_1082320888016396159:72615704
raspberrypi 03:48:40.862 [main] INFO  edu.bjut.boudia.myMain - meter_7303067709067482923:repMsg
raspberrypi 03:48:40.862 [main] INFO  edu.bjut.boudia.myMain - meter_7303067709067482923:72093833
raspberrypi 03:48:40.862 [main] INFO  edu.bjut.boudia.myMain - meter_2971355757145345547:repMsg
raspberrypi 03:48:40.862 [main] INFO  edu.bjut.boudia.myMain - meter_2971355757145345547:71575556
raspberrypi 03:48:40.862 [main] INFO  edu.bjut.boudia.myMain - meter_6958260383076580107:repMsg
raspberrypi 03:48:40.863 [main] INFO  edu.bjut.boudia.myMain - meter_6958260383076580107:72019889
raspberrypi 03:48:40.863 [main] INFO  edu.bjut.boudia.myMain - meter_2340268659202409515:repMsg
raspberrypi 03:48:40.863 [main] INFO  edu.bjut.boudia.myMain - meter_2340268659202409515:75171500
raspberrypi 03:48:40.863 [main] INFO  edu.bjut.boudia.myMain - meter_268326927147853439:repMsg
raspberrypi 03:48:40.863 [main] INFO  edu.bjut.boudia.myMain - meter_268326927147853439:72354222
raspberrypi 03:48:40.863 [main] INFO  edu.bjut.boudia.myMain - meter_655488962201987219:repMsg
raspberrypi 03:48:40.863 [main] INFO  edu.bjut.boudia.myMain - meter_655488962201987219:71986703
raspberrypi 03:48:40.863 [main] INFO  edu.bjut.boudia.myMain - meter_6669062558270988181:repMsg
raspberrypi 03:48:40.863 [main] INFO  edu.bjut.boudia.myMain - meter_6669062558270988181:72187592
raspberrypi 03:48:40.864 [main] INFO  edu.bjut.boudia.myMain - meter_2843824982344790749:repMsg
raspberrypi 03:48:40.864 [main] INFO  edu.bjut.boudia.myMain - meter_2843824982344790749:72171222
raspberrypi 03:48:40.864 [main] INFO  edu.bjut.boudia.myMain - meter_2883899719176444249:repMsg
raspberrypi 03:48:40.864 [main] INFO  edu.bjut.boudia.myMain - meter_2883899719176444249:71786981
raspberrypi 03:48:40.864 [main] INFO  edu.bjut.boudia.myMain - meter_479545465694184423:repMsg
raspberrypi 03:48:40.864 [main] INFO  edu.bjut.boudia.myMain - meter_479545465694184423:74968018
raspberrypi 03:48:40.864 [main] INFO  edu.bjut.boudia.myMain - meter_6209409107665945299:repMsg
raspberrypi 03:48:40.865 [main] INFO  edu.bjut.boudia.myMain - meter_6209409107665945299:72671000
raspberrypi 03:48:40.865 [main] INFO  edu.bjut.boudia.myMain - meter_3467357407533426121:repMsg
raspberrypi 03:48:40.865 [main] INFO  edu.bjut.boudia.myMain - meter_3467357407533426121:71864240
raspberrypi 03:48:40.865 [main] INFO  edu.bjut.boudia.myMain - meter_8355471269794304721:repMsg
raspberrypi 03:48:40.865 [main] INFO  edu.bjut.boudia.myMain - meter_8355471269794304721:72383870
raspberrypi 03:48:40.865 [main] INFO  edu.bjut.boudia.myMain - meter_8728576416081246011:repMsg
raspberrypi 03:48:40.865 [main] INFO  edu.bjut.boudia.myMain - meter_8728576416081246011:72860240
raspberrypi 03:48:40.865 [main] INFO  edu.bjut.boudia.myMain - meter_8309659236195282771:repMsg
raspberrypi 03:48:40.865 [main] INFO  edu.bjut.boudia.myMain - meter_8309659236195282771:72796481
raspberrypi 03:48:40.866 [main] INFO  edu.bjut.boudia.myMain - meter_786104977741766143:repMsg
raspberrypi 03:48:40.866 [main] INFO  edu.bjut.boudia.myMain - meter_786104977741766143:74795833
raspberrypi 03:48:40.866 [main] INFO  edu.bjut.boudia.myMain - meter_1330993879689014863:repMsg
raspberrypi 03:48:40.866 [main] INFO  edu.bjut.boudia.myMain - meter_1330993879689014863:72511333
raspberrypi 03:48:40.866 [main] INFO  edu.bjut.boudia.myMain - meter_1525883387643967989:repMsg
raspberrypi 03:48:40.866 [main] INFO  edu.bjut.boudia.myMain - meter_1525883387643967989:72192481
raspberrypi 03:48:40.866 [main] INFO  edu.bjut.boudia.myMain - meter_5568445006375945169:repMsg
raspberrypi 03:48:40.866 [main] INFO  edu.bjut.boudia.myMain - meter_5568445006375945169:72255000
raspberrypi 03:48:40.867 [main] INFO  edu.bjut.boudia.myMain - meter_2449505341035401499:repMsg
raspberrypi 03:48:40.867 [main] INFO  edu.bjut.boudia.myMain - meter_2449505341035401499:71337741
raspberrypi 03:48:40.867 [main] INFO  edu.bjut.boudia.myMain - meter_4402697530504193441:repMsg
raspberrypi 03:48:40.867 [main] INFO  edu.bjut.boudia.myMain - meter_4402697530504193441:72075686
raspberrypi 03:48:40.867 [main] INFO  edu.bjut.boudia.myMain - meter_900245848383641783:repMsg
raspberrypi 03:48:40.867 [main] INFO  edu.bjut.boudia.myMain - meter_900245848383641783:71847555
raspberrypi 03:48:40.867 [main] INFO  edu.bjut.boudia.myMain - meter_1394812373924915237:repMsg
raspberrypi 03:48:40.867 [main] INFO  edu.bjut.boudia.myMain - meter_1394812373924915237:75000722
raspberrypi 03:48:40.868 [main] INFO  edu.bjut.boudia.myMain - meter_4512906348156596913:repMsg
raspberrypi 03:48:40.868 [main] INFO  edu.bjut.boudia.myMain - meter_4512906348156596913:71566611
raspberrypi 03:48:40.868 [main] INFO  edu.bjut.boudia.myMain - meter_1796297842423862563:repMsg
raspberrypi 03:48:40.868 [main] INFO  edu.bjut.boudia.myMain - meter_1796297842423862563:72662945
raspberrypi 03:48:40.868 [main] INFO  edu.bjut.boudia.myMain - meter_4512706468925773273:repMsg
raspberrypi 03:48:40.868 [main] INFO  edu.bjut.boudia.myMain - meter_4512706468925773273:72106129
raspberrypi 03:48:40.869 [main] INFO  edu.bjut.boudia.myMain - meter_6460357725294113079:repMsg
raspberrypi 03:48:40.869 [main] INFO  edu.bjut.boudia.myMain - meter_6460357725294113079:71649407
raspberrypi 03:48:40.869 [main] INFO  edu.bjut.boudia.myMain - meter_3470002613422263397:repMsg
raspberrypi 03:48:40.869 [main] INFO  edu.bjut.boudia.myMain - meter_3470002613422263397:71308944
raspberrypi 03:48:40.869 [main] INFO  edu.bjut.boudia.myMain - meter_1084283843880049031:repMsg
raspberrypi 03:48:40.869 [main] INFO  edu.bjut.boudia.myMain - meter_1084283843880049031:75387945
raspberrypi 03:48:40.869 [main] INFO  edu.bjut.boudia.myMain - meter_7473985840078620857:repMsg
raspberrypi 03:48:40.869 [main] INFO  edu.bjut.boudia.myMain - meter_7473985840078620857:71998315
raspberrypi 03:48:40.869 [main] INFO  edu.bjut.boudia.myMain - meter_4655498324421816637:repMsg
raspberrypi 03:48:40.870 [main] INFO  edu.bjut.boudia.myMain - meter_4655498324421816637:72152167
raspberrypi 03:48:40.870 [main] INFO  edu.bjut.boudia.myMain - meter_4834714219398544547:repMsg
raspberrypi 03:48:40.870 [main] INFO  edu.bjut.boudia.myMain - meter_4834714219398544547:72106944
raspberrypi 03:48:40.870 [main] INFO  edu.bjut.boudia.myMain - meter_7860222608423594395:repMsg
raspberrypi 03:48:40.870 [main] INFO  edu.bjut.boudia.myMain - meter_7860222608423594395:71780352
raspberrypi 03:48:40.870 [main] INFO  edu.bjut.boudia.myMain - meter_8029251502271834461:repMsg
raspberrypi 03:48:40.871 [main] INFO  edu.bjut.boudia.myMain - meter_8029251502271834461:72132166
raspberrypi 03:48:40.871 [main] INFO  edu.bjut.boudia.myMain - meter_4201689791032018989:repMsg
raspberrypi 03:48:40.871 [main] INFO  edu.bjut.boudia.myMain - meter_4201689791032018989:75232611
raspberrypi 03:48:40.871 [main] INFO  edu.bjut.boudia.myMain - meter_1553229828964537873:repMsg
raspberrypi 03:48:40.871 [main] INFO  edu.bjut.boudia.myMain - meter_1553229828964537873:71809167
raspberrypi 03:48:40.871 [main] INFO  edu.bjut.boudia.myMain - meter_1832647799230752641:repMsg
raspberrypi 03:48:40.872 [main] INFO  edu.bjut.boudia.myMain - meter_1832647799230752641:71119056
raspberrypi 03:48:40.872 [main] INFO  edu.bjut.boudia.myMain - meter_277896131059063889:repMsg
raspberrypi 03:48:40.872 [main] INFO  edu.bjut.boudia.myMain - meter_277896131059063889:72212389
raspberrypi 03:48:40.872 [main] INFO  edu.bjut.boudia.myMain - meter_1815100578193855073:repMsg
raspberrypi 03:48:40.872 [main] INFO  edu.bjut.boudia.myMain - meter_1815100578193855073:72307241
raspberrypi 03:48:40.872 [main] INFO  edu.bjut.boudia.myMain - meter_5996232628635881465:repMsg
raspberrypi 03:48:40.872 [main] INFO  edu.bjut.boudia.myMain - meter_5996232628635881465:71577296
raspberrypi 03:48:40.872 [main] INFO  edu.bjut.boudia.myMain - meter_4652693869637886181:repMsg
raspberrypi 03:48:40.872 [main] INFO  edu.bjut.boudia.myMain - meter_4652693869637886181:74420482
raspberrypi 03:48:40.873 [main] INFO  edu.bjut.boudia.myMain - meter_4791636772559448239:repMsg
raspberrypi 03:48:40.873 [main] INFO  edu.bjut.boudia.myMain - meter_4791636772559448239:72040537
raspberrypi 03:48:40.873 [main] INFO  edu.bjut.boudia.myMain - meter_8960973970447951443:repMsg
raspberrypi 03:48:40.873 [main] INFO  edu.bjut.boudia.myMain - meter_8960973970447951443:71962833
raspberrypi 03:48:40.873 [main] INFO  edu.bjut.boudia.myMain - meter_7622580177792283991:repMsg
raspberrypi 03:48:40.873 [main] INFO  edu.bjut.boudia.myMain - meter_7622580177792283991:72475722
raspberrypi 03:48:40.873 [main] INFO  edu.bjut.boudia.myMain - meter_3129446722027647457:repMsg
raspberrypi 03:48:40.873 [main] INFO  edu.bjut.boudia.myMain - meter_3129446722027647457:72026259
raspberrypi 03:48:40.873 [main] INFO  edu.bjut.boudia.myMain - meter_600101600162915111:repMsg
raspberrypi 03:48:40.874 [main] INFO  edu.bjut.boudia.myMain - meter_600101600162915111:72275778
raspberrypi 03:48:40.874 [main] INFO  edu.bjut.boudia.myMain - meter_5983723997867447971:repMsg
raspberrypi 03:48:40.874 [main] INFO  edu.bjut.boudia.myMain - meter_5983723997867447971:72043185
raspberrypi 03:48:40.874 [main] INFO  edu.bjut.boudia.myMain - meter_4183912495239829717:repMsg
raspberrypi 03:48:40.874 [main] INFO  edu.bjut.boudia.myMain - meter_4183912495239829717:75285166
raspberrypi 03:48:40.874 [main] INFO  edu.bjut.boudia.myMain - meter_3636671795681459889:repMsg
raspberrypi 03:48:40.874 [main] INFO  edu.bjut.boudia.myMain - meter_3636671795681459889:71746426
raspberrypi 03:48:40.874 [main] INFO  edu.bjut.boudia.myMain - meter_4917513668884499285:repMsg
raspberrypi 03:48:40.874 [main] INFO  edu.bjut.boudia.myMain - meter_4917513668884499285:72005871
raspberrypi 03:48:40.875 [main] INFO  edu.bjut.boudia.myMain - meter_7589081194663720159:repMsg
raspberrypi 03:48:40.875 [main] INFO  edu.bjut.boudia.myMain - meter_7589081194663720159:71923666
raspberrypi 03:48:40.875 [main] INFO  edu.bjut.boudia.myMain - meter_7831538303699284609:repMsg
raspberrypi 03:48:40.875 [main] INFO  edu.bjut.boudia.myMain - meter_7831538303699284609:71479834
raspberrypi 03:48:40.875 [main] INFO  edu.bjut.boudia.myMain - meter_5521556138373741265:repMsg
raspberrypi 03:48:40.875 [main] INFO  edu.bjut.boudia.myMain - meter_5521556138373741265:72025111
raspberrypi 03:48:40.875 [main] INFO  edu.bjut.boudia.myMain - meter_1438434668603424537:repMsg
raspberrypi 03:48:40.875 [main] INFO  edu.bjut.boudia.myMain - meter_1438434668603424537:75292815
raspberrypi 03:48:40.876 [main] INFO  edu.bjut.boudia.myMain - meter_7377483183160213039:repMsg
raspberrypi 03:48:40.876 [main] INFO  edu.bjut.boudia.myMain - meter_7377483183160213039:71531297
raspberrypi 03:48:48.798 [main] INFO  edu.bjut.boudia.myMain - oneTimeMeterRegTime
raspberrypi 03:48:50.584 [main] INFO  edu.bjut.boudia.myMain - server:pubkey
raspberrypi 03:48:50.584 [main] INFO  edu.bjut.boudia.myMain - server:3685
raspberrypi 03:48:50.585 [main] INFO  edu.bjut.boudia.myMain - agg:regMsg,regMsg,regMsg,regMsg,regMsg,regMsg,regMsg,regMsg,regMsg,regMsg,regMsg,regMsg,regMsg,regMsg,regMsg,regMsg,regMsg,regMsg,regMsg,regMsg,regMsg,regMsg,regMsg,regMsg,regMsg,regMsg,regMsg,regMsg,regMsg,regMsg,regMsg,regMsg,regMsg,regMsg,regMsg,regMsg,regMsg,regMsg,regMsg,regMsg,regMsg,regMsg,regMsg,regMsg,regMsg,regMsg,regMsg,regMsg,regMsg,regMsg
raspberrypi 03:48:50.585 [main] INFO  edu.bjut.boudia.myMain - agg:17823074,17798981,17720074,17717129,17836186,17727686,17757704,17818241,17950389,17793037,17648907,19593703,17730019,17687352,17730703,17672500,17702592,17733463,17742630,17741944,17749796,17667575,17766741,17724944,17903870,17662611,17623445,17759889,17695592,17692148,17753167,17744648,17752630,17738407,17740537,17673463,19582740,17733703,17670426,17648611,17673871,17784389,17658018,17778407,17710759,17761389,17723741,17714593,17716685,17687000
raspberrypi 03:48:50.585 [main] INFO  edu.bjut.boudia.myMain - meter_3515670056690327867:regMsg,reg_backagg,reg_cc
raspberrypi 03:48:50.586 [main] INFO  edu.bjut.boudia.myMain - meter_3515670056690327867:2574,18030722,5148
raspberrypi 03:48:50.586 [main] INFO  edu.bjut.boudia.myMain - meter_1410132193934675243:regMsg,reg_backagg,reg_cc
raspberrypi 03:48:50.586 [main] INFO  edu.bjut.boudia.myMain - meter_1410132193934675243:6222,17871907,5833
raspberrypi 03:48:50.586 [main] INFO  edu.bjut.boudia.myMain - meter_2623027020791341741:regMsg,reg_backagg,reg_cc
raspberrypi 03:48:50.586 [main] INFO  edu.bjut.boudia.myMain - meter_2623027020791341741:6574,17928129,5241
raspberrypi 03:48:50.586 [main] INFO  edu.bjut.boudia.myMain - meter_2260447916245084681:regMsg,reg_backagg,reg_cc
raspberrypi 03:48:50.587 [main] INFO  edu.bjut.boudia.myMain - meter_2260447916245084681:6703,17573185,5333
raspberrypi 03:48:50.587 [main] INFO  edu.bjut.boudia.myMain - meter_6360263352471427679:regMsg,reg_backagg,reg_cc
raspberrypi 03:48:50.587 [main] INFO  edu.bjut.boudia.myMain - meter_6360263352471427679:6426,17750000,4408
raspberrypi 03:48:50.587 [main] INFO  edu.bjut.boudia.myMain - meter_6210139479341946419:regMsg,reg_backagg,reg_cc
raspberrypi 03:48:50.587 [main] INFO  edu.bjut.boudia.myMain - meter_6210139479341946419:6185,17689203,5574
raspberrypi 03:48:50.587 [main] INFO  edu.bjut.boudia.myMain - meter_2725109662600053461:regMsg,reg_backagg,reg_cc
raspberrypi 03:48:50.587 [main] INFO  edu.bjut.boudia.myMain - meter_2725109662600053461:26019,17712982,4926
raspberrypi 03:48:50.588 [main] INFO  edu.bjut.boudia.myMain - meter_7763867533102030689:regMsg,reg_backagg,reg_cc
raspberrypi 03:48:50.588 [main] INFO  edu.bjut.boudia.myMain - meter_7763867533102030689:6333,17739092,43444
raspberrypi 03:48:50.588 [main] INFO  edu.bjut.boudia.myMain - meter_6847268327152440741:regMsg,reg_backagg,reg_cc
raspberrypi 03:48:50.588 [main] INFO  edu.bjut.boudia.myMain - meter_6847268327152440741:7852,17740723,2944
raspberrypi 03:48:50.588 [main] INFO  edu.bjut.boudia.myMain - meter_3278841799807535117:regMsg,reg_backagg,reg_cc
raspberrypi 03:48:50.588 [main] INFO  edu.bjut.boudia.myMain - meter_3278841799807535117:6703,17856166,2852
raspberrypi 03:48:50.588 [main] INFO  edu.bjut.boudia.myMain - meter_8859573086868202955:regMsg,reg_backagg,reg_cc
raspberrypi 03:48:50.589 [main] INFO  edu.bjut.boudia.myMain - meter_8859573086868202955:6778,17869426,2666
raspberrypi 03:48:50.589 [main] INFO  edu.bjut.boudia.myMain - meter_3858563611633837173:regMsg,reg_backagg,reg_cc
raspberrypi 03:48:50.589 [main] INFO  edu.bjut.boudia.myMain - meter_3858563611633837173:6445,17844389,2481
raspberrypi 03:48:50.589 [main] INFO  edu.bjut.boudia.myMain - meter_1480850864891190977:regMsg,reg_backagg,reg_cc
raspberrypi 03:48:50.589 [main] INFO  edu.bjut.boudia.myMain - meter_1480850864891190977:6333,17633463,3500
raspberrypi 03:48:50.589 [main] INFO  edu.bjut.boudia.myMain - meter_7405219331999919975:regMsg,reg_backagg,reg_cc
raspberrypi 03:48:50.589 [main] INFO  edu.bjut.boudia.myMain - meter_7405219331999919975:5759,17532759,2537
raspberrypi 03:48:50.589 [main] INFO  edu.bjut.boudia.myMain - meter_3359497222223131895:regMsg,reg_backagg,reg_cc
raspberrypi 03:48:50.589 [main] INFO  edu.bjut.boudia.myMain - meter_3359497222223131895:5037,17764499,2278
raspberrypi 03:48:50.590 [main] INFO  edu.bjut.boudia.myMain - meter_2632155655081758447:regMsg,reg_backagg,reg_cc
raspberrypi 03:48:50.590 [main] INFO  edu.bjut.boudia.myMain - meter_2632155655081758447:6686,17828945,2722
raspberrypi 03:48:50.590 [main] INFO  edu.bjut.boudia.myMain - meter_7420593386733266379:regMsg,reg_backagg,reg_cc
raspberrypi 03:48:50.590 [main] INFO  edu.bjut.boudia.myMain - meter_7420593386733266379:5296,17707556,2426
raspberrypi 03:48:50.590 [main] INFO  edu.bjut.boudia.myMain - meter_1146256877417658597:regMsg,reg_backagg,reg_cc
raspberrypi 03:48:50.590 [main] INFO  edu.bjut.boudia.myMain - meter_1146256877417658597:6074,17639629,2982
raspberrypi 03:48:50.590 [main] INFO  edu.bjut.boudia.myMain - meter_6055984618699667197:regMsg,reg_backagg,reg_cc
raspberrypi 03:48:50.591 [main] INFO  edu.bjut.boudia.myMain - meter_6055984618699667197:5777,17574833,2741
raspberrypi 03:48:50.591 [main] INFO  edu.bjut.boudia.myMain - meter_1583467077519175093:regMsg,reg_backagg,reg_cc
raspberrypi 03:48:50.591 [main] INFO  edu.bjut.boudia.myMain - meter_1583467077519175093:6056,17842833,3259
raspberrypi 03:48:50.591 [main] INFO  edu.bjut.boudia.myMain - meter_606011602369699101:regMsg,reg_backagg,reg_cc
raspberrypi 03:48:50.591 [main] INFO  edu.bjut.boudia.myMain - meter_606011602369699101:6222,17826315,2556
raspberrypi 03:48:50.591 [main] INFO  edu.bjut.boudia.myMain - meter_5625463422332751853:regMsg,reg_backagg,reg_cc
raspberrypi 03:48:50.591 [main] INFO  edu.bjut.boudia.myMain - meter_5625463422332751853:5611,17750703,2519
raspberrypi 03:48:50.591 [main] INFO  edu.bjut.boudia.myMain - meter_3575305118065946407:regMsg,reg_backagg,reg_cc
raspberrypi 03:48:50.592 [main] INFO  edu.bjut.boudia.myMain - meter_3575305118065946407:6296,17745833,2907
raspberrypi 03:48:50.592 [main] INFO  edu.bjut.boudia.myMain - meter_8742205732455616889:regMsg,reg_backagg,reg_cc
raspberrypi 03:48:50.592 [main] INFO  edu.bjut.boudia.myMain - meter_8742205732455616889:6019,19822556,1945
raspberrypi 03:48:50.592 [main] INFO  edu.bjut.boudia.myMain - meter_5111755943044372559:regMsg,reg_backagg,reg_cc
raspberrypi 03:48:50.592 [main] INFO  edu.bjut.boudia.myMain - meter_5111755943044372559:5240,17824667,3148
raspberrypi 03:48:50.592 [main] INFO  edu.bjut.boudia.myMain - meter_572964044499504495:regMsg,reg_backagg,reg_cc
raspberrypi 03:48:50.592 [main] INFO  edu.bjut.boudia.myMain - meter_572964044499504495:6834,17932500,2574
raspberrypi 03:48:50.592 [main] INFO  edu.bjut.boudia.myMain - meter_2107834776651226387:regMsg,reg_backagg,reg_cc
raspberrypi 03:48:50.592 [main] INFO  edu.bjut.boudia.myMain - meter_2107834776651226387:6574,17806112,2611
raspberrypi 03:48:50.593 [main] INFO  edu.bjut.boudia.myMain - meter_4357307541093707137:regMsg,reg_backagg,reg_cc
raspberrypi 03:48:50.593 [main] INFO  edu.bjut.boudia.myMain - meter_4357307541093707137:6223,17475870,2463
raspberrypi 03:48:50.593 [main] INFO  edu.bjut.boudia.myMain - meter_7172845422683725307:regMsg,reg_backagg,reg_cc
raspberrypi 03:48:50.593 [main] INFO  edu.bjut.boudia.myMain - meter_7172845422683725307:6166,17804722,2185
raspberrypi 03:48:50.593 [main] INFO  edu.bjut.boudia.myMain - meter_7700323494226745943:regMsg,reg_backagg,reg_cc
raspberrypi 03:48:50.593 [main] INFO  edu.bjut.boudia.myMain - meter_7700323494226745943:5926,17856352,1889
raspberrypi 03:48:50.593 [main] INFO  edu.bjut.boudia.myMain - meter_8616194721107066083:regMsg,reg_backagg,reg_cc
raspberrypi 03:48:50.593 [main] INFO  edu.bjut.boudia.myMain - meter_8616194721107066083:6796,17658018,2204
raspberrypi 03:48:50.593 [main] INFO  edu.bjut.boudia.myMain - meter_6301877178518467907:regMsg,reg_backagg,reg_cc
raspberrypi 03:48:50.593 [main] INFO  edu.bjut.boudia.myMain - meter_6301877178518467907:6796,17738740,2463
raspberrypi 03:48:50.594 [main] INFO  edu.bjut.boudia.myMain - meter_8211049463689981629:regMsg,reg_backagg,reg_cc
raspberrypi 03:48:50.594 [main] INFO  edu.bjut.boudia.myMain - meter_8211049463689981629:5889,17654667,2685
raspberrypi 03:48:50.594 [main] INFO  edu.bjut.boudia.myMain - meter_6776824137769659775:regMsg,reg_backagg,reg_cc
raspberrypi 03:48:50.594 [main] INFO  edu.bjut.boudia.myMain - meter_6776824137769659775:6278,18092092,2129
raspberrypi 03:48:50.594 [main] INFO  edu.bjut.boudia.myMain - meter_3671907698646174765:regMsg,reg_backagg,reg_cc
raspberrypi 03:48:50.594 [main] INFO  edu.bjut.boudia.myMain - meter_3671907698646174765:5981,17843075,2759
raspberrypi 03:48:50.594 [main] INFO  edu.bjut.boudia.myMain - meter_3348008458799395065:regMsg,reg_backagg,reg_cc
raspberrypi 03:48:50.594 [main] INFO  edu.bjut.boudia.myMain - meter_3348008458799395065:5852,17515408,2333
raspberrypi 03:48:50.595 [main] INFO  edu.bjut.boudia.myMain - meter_1473990803683062951:regMsg,reg_backagg,reg_cc
raspberrypi 03:48:50.595 [main] INFO  edu.bjut.boudia.myMain - meter_1473990803683062951:5778,17506778,2203
raspberrypi 03:48:50.595 [main] INFO  edu.bjut.boudia.myMain - meter_5701968872877439757:regMsg,reg_backagg,reg_cc
raspberrypi 03:48:50.595 [main] INFO  edu.bjut.boudia.myMain - meter_5701968872877439757:7018,17808093,3129
raspberrypi 03:48:50.595 [main] INFO  edu.bjut.boudia.myMain - meter_4832437125081787271:regMsg,reg_backagg,reg_cc
raspberrypi 03:48:50.595 [main] INFO  edu.bjut.boudia.myMain - meter_4832437125081787271:6241,17690815,2889
raspberrypi 03:48:50.595 [main] INFO  edu.bjut.boudia.myMain - meter_7792045579479016159:regMsg,reg_backagg,reg_cc
raspberrypi 03:48:50.595 [main] INFO  edu.bjut.boudia.myMain - meter_7792045579479016159:6463,17668556,2371
raspberrypi 03:48:50.596 [main] INFO  edu.bjut.boudia.myMain - meter_6067640771069125007:regMsg,reg_backagg,reg_cc
raspberrypi 03:48:50.596 [main] INFO  edu.bjut.boudia.myMain - meter_6067640771069125007:5760,17678611,2482
raspberrypi 03:48:50.596 [main] INFO  edu.bjut.boudia.myMain - meter_6856533022948896051:regMsg,reg_backagg,reg_cc
raspberrypi 03:48:50.596 [main] INFO  edu.bjut.boudia.myMain - meter_6856533022948896051:6352,17939926,2703
raspberrypi 03:48:50.596 [main] INFO  edu.bjut.boudia.myMain - meter_5774271771026657773:regMsg,reg_backagg,reg_cc
raspberrypi 03:48:50.596 [main] INFO  edu.bjut.boudia.myMain - meter_5774271771026657773:6444,17465203,2907
raspberrypi 03:48:50.596 [main] INFO  edu.bjut.boudia.myMain - meter_7363761901737059735:regMsg,reg_backagg,reg_cc
raspberrypi 03:48:50.596 [main] INFO  edu.bjut.boudia.myMain - meter_7363761901737059735:6314,17591000,2500
raspberrypi 03:48:50.596 [main] INFO  edu.bjut.boudia.myMain - meter_7931869121675696797:regMsg,reg_backagg,reg_cc
raspberrypi 03:48:50.597 [main] INFO  edu.bjut.boudia.myMain - meter_7931869121675696797:5963,17848611,2796
raspberrypi 03:48:50.597 [main] INFO  edu.bjut.boudia.myMain - meter_1784545485641956887:regMsg,reg_backagg,reg_cc
raspberrypi 03:48:50.597 [main] INFO  edu.bjut.boudia.myMain - meter_1784545485641956887:7112,17855130,2871
raspberrypi 03:48:50.597 [main] INFO  edu.bjut.boudia.myMain - meter_2675878785811797681:regMsg,reg_backagg,reg_cc
raspberrypi 03:48:50.597 [main] INFO  edu.bjut.boudia.myMain - meter_2675878785811797681:7315,17923518,2852
raspberrypi 03:48:50.597 [main] INFO  edu.bjut.boudia.myMain - meter_6960500838059021839:regMsg,reg_backagg,reg_cc
raspberrypi 03:48:50.597 [main] INFO  edu.bjut.boudia.myMain - meter_6960500838059021839:6537,17685907,2518
raspberrypi 03:48:50.597 [main] INFO  edu.bjut.boudia.myMain - meter_4815753599530729609:regMsg,reg_backagg,reg_cc
raspberrypi 03:48:50.597 [main] INFO  edu.bjut.boudia.myMain - meter_4815753599530729609:6463,19843537,2277
raspberrypi 03:48:50.598 [main] INFO  edu.bjut.boudia.myMain - meter_5595010580082371505:regMsg,reg_backagg,reg_cc
raspberrypi 03:48:50.598 [main] INFO  edu.bjut.boudia.myMain - meter_5595010580082371505:5852,17620056,3055
raspberrypi 03:48:52.384 [main] INFO  edu.bjut.boudia.myMain - oneTimeMeterRepTime
raspberrypi 03:48:57.034 [main] INFO  edu.bjut.boudia.myMain - server:repMsg
raspberrypi 03:48:57.035 [main] INFO  edu.bjut.boudia.myMain - server:87213259
raspberrypi 03:48:57.035 [main] INFO  edu.bjut.boudia.myMain - agg:repMsg
raspberrypi 03:48:57.035 [main] INFO  edu.bjut.boudia.myMain - agg:963910574
raspberrypi 03:48:57.035 [main] INFO  edu.bjut.boudia.myMain - meter_3515670056690327867:repMsg
raspberrypi 03:48:57.035 [main] INFO  edu.bjut.boudia.myMain - meter_3515670056690327867:71766685
raspberrypi 03:48:57.035 [main] INFO  edu.bjut.boudia.myMain - meter_1410132193934675243:repMsg
raspberrypi 03:48:57.035 [main] INFO  edu.bjut.boudia.myMain - meter_1410132193934675243:72068075
raspberrypi 03:48:57.035 [main] INFO  edu.bjut.boudia.myMain - meter_2623027020791341741:repMsg
raspberrypi 03:48:57.036 [main] INFO  edu.bjut.boudia.myMain - meter_2623027020791341741:71367444
raspberrypi 03:48:57.036 [main] INFO  edu.bjut.boudia.myMain - meter_2260447916245084681:repMsg
raspberrypi 03:48:57.036 [main] INFO  edu.bjut.boudia.myMain - meter_2260447916245084681:71552889
raspberrypi 03:48:57.036 [main] INFO  edu.bjut.boudia.myMain - meter_6360263352471427679:repMsg
raspberrypi 03:48:57.036 [main] INFO  edu.bjut.boudia.myMain - meter_6360263352471427679:71317574
raspberrypi 03:48:57.036 [main] INFO  edu.bjut.boudia.myMain - meter_6210139479341946419:repMsg
raspberrypi 03:48:57.036 [main] INFO  edu.bjut.boudia.myMain - meter_6210139479341946419:73234445
raspberrypi 03:48:57.036 [main] INFO  edu.bjut.boudia.myMain - meter_2725109662600053461:repMsg
raspberrypi 03:48:57.036 [main] INFO  edu.bjut.boudia.myMain - meter_2725109662600053461:72871444
raspberrypi 03:48:57.036 [main] INFO  edu.bjut.boudia.myMain - meter_7763867533102030689:repMsg
raspberrypi 03:48:57.036 [main] INFO  edu.bjut.boudia.myMain - meter_7763867533102030689:71854611
raspberrypi 03:48:57.037 [main] INFO  edu.bjut.boudia.myMain - meter_6847268327152440741:repMsg
raspberrypi 03:48:57.037 [main] INFO  edu.bjut.boudia.myMain - meter_6847268327152440741:71265463
raspberrypi 03:48:57.037 [main] INFO  edu.bjut.boudia.myMain - meter_3278841799807535117:repMsg
raspberrypi 03:48:57.037 [main] INFO  edu.bjut.boudia.myMain - meter_3278841799807535117:71872444
raspberrypi 03:48:57.037 [main] INFO  edu.bjut.boudia.myMain - meter_8859573086868202955:repMsg
raspberrypi 03:48:57.037 [main] INFO  edu.bjut.boudia.myMain - meter_8859573086868202955:71891871
raspberrypi 03:48:57.037 [main] INFO  edu.bjut.boudia.myMain - meter_3858563611633837173:repMsg
raspberrypi 03:48:57.037 [main] INFO  edu.bjut.boudia.myMain - meter_3858563611633837173:73328666
raspberrypi 03:48:57.037 [main] INFO  edu.bjut.boudia.myMain - meter_1480850864891190977:repMsg
raspberrypi 03:48:57.038 [main] INFO  edu.bjut.boudia.myMain - meter_1480850864891190977:71888482
raspberrypi 03:48:57.038 [main] INFO  edu.bjut.boudia.myMain - meter_7405219331999919975:repMsg
raspberrypi 03:48:57.038 [main] INFO  edu.bjut.boudia.myMain - meter_7405219331999919975:72123556
raspberrypi 03:48:57.038 [main] INFO  edu.bjut.boudia.myMain - meter_3359497222223131895:repMsg
raspberrypi 03:48:57.038 [main] INFO  edu.bjut.boudia.myMain - meter_3359497222223131895:71625981
raspberrypi 03:48:57.038 [main] INFO  edu.bjut.boudia.myMain - meter_2632155655081758447:repMsg
raspberrypi 03:48:57.038 [main] INFO  edu.bjut.boudia.myMain - meter_2632155655081758447:71919593
raspberrypi 03:48:57.038 [main] INFO  edu.bjut.boudia.myMain - meter_7420593386733266379:repMsg
raspberrypi 03:48:57.038 [main] INFO  edu.bjut.boudia.myMain - meter_7420593386733266379:71356574
raspberrypi 03:48:57.039 [main] INFO  edu.bjut.boudia.myMain - meter_1146256877417658597:repMsg
raspberrypi 03:48:57.039 [main] INFO  edu.bjut.boudia.myMain - meter_1146256877417658597:72603036
raspberrypi 03:48:57.039 [main] INFO  edu.bjut.boudia.myMain - meter_6055984618699667197:repMsg
raspberrypi 03:48:57.039 [main] INFO  edu.bjut.boudia.myMain - meter_6055984618699667197:71944592
raspberrypi 03:48:57.039 [main] INFO  edu.bjut.boudia.myMain - meter_1583467077519175093:repMsg
raspberrypi 03:48:57.039 [main] INFO  edu.bjut.boudia.myMain - meter_1583467077519175093:72161407
raspberrypi 03:48:57.039 [main] INFO  edu.bjut.boudia.myMain - meter_606011602369699101:repMsg
raspberrypi 03:48:57.039 [main] INFO  edu.bjut.boudia.myMain - meter_606011602369699101:71517667
raspberrypi 03:48:57.039 [main] INFO  edu.bjut.boudia.myMain - meter_5625463422332751853:repMsg
raspberrypi 03:48:57.039 [main] INFO  edu.bjut.boudia.myMain - meter_5625463422332751853:72154463
raspberrypi 03:48:57.039 [main] INFO  edu.bjut.boudia.myMain - meter_3575305118065946407:repMsg
raspberrypi 03:48:57.040 [main] INFO  edu.bjut.boudia.myMain - meter_3575305118065946407:71812222
raspberrypi 03:48:57.040 [main] INFO  edu.bjut.boudia.myMain - meter_8742205732455616889:repMsg
raspberrypi 03:48:57.040 [main] INFO  edu.bjut.boudia.myMain - meter_8742205732455616889:71213333
raspberrypi 03:48:57.040 [main] INFO  edu.bjut.boudia.myMain - meter_5111755943044372559:repMsg
raspberrypi 03:48:57.040 [main] INFO  edu.bjut.boudia.myMain - meter_5111755943044372559:72856500
raspberrypi 03:48:57.040 [main] INFO  edu.bjut.boudia.myMain - meter_572964044499504495:repMsg
raspberrypi 03:48:57.040 [main] INFO  edu.bjut.boudia.myMain - meter_572964044499504495:71591203
raspberrypi 03:48:57.040 [main] INFO  edu.bjut.boudia.myMain - meter_2107834776651226387:repMsg
raspberrypi 03:48:57.040 [main] INFO  edu.bjut.boudia.myMain - meter_2107834776651226387:71468963
raspberrypi 03:48:57.040 [main] INFO  edu.bjut.boudia.myMain - meter_4357307541093707137:repMsg
raspberrypi 03:48:57.041 [main] INFO  edu.bjut.boudia.myMain - meter_4357307541093707137:71664518
raspberrypi 03:48:57.041 [main] INFO  edu.bjut.boudia.myMain - meter_7172845422683725307:repMsg
raspberrypi 03:48:57.041 [main] INFO  edu.bjut.boudia.myMain - meter_7172845422683725307:71272648
raspberrypi 03:48:57.041 [main] INFO  edu.bjut.boudia.myMain - meter_7700323494226745943:repMsg
raspberrypi 03:48:57.041 [main] INFO  edu.bjut.boudia.myMain - meter_7700323494226745943:71355926
raspberrypi 03:48:57.041 [main] INFO  edu.bjut.boudia.myMain - meter_8616194721107066083:repMsg
raspberrypi 03:48:57.041 [main] INFO  edu.bjut.boudia.myMain - meter_8616194721107066083:75931814
raspberrypi 03:48:57.041 [main] INFO  edu.bjut.boudia.myMain - meter_6301877178518467907:repMsg
raspberrypi 03:48:57.041 [main] INFO  edu.bjut.boudia.myMain - meter_6301877178518467907:71453426
raspberrypi 03:48:57.041 [main] INFO  edu.bjut.boudia.myMain - meter_8211049463689981629:repMsg
raspberrypi 03:48:57.041 [main] INFO  edu.bjut.boudia.myMain - meter_8211049463689981629:71041204
raspberrypi 03:48:57.041 [main] INFO  edu.bjut.boudia.myMain - meter_6776824137769659775:repMsg
raspberrypi 03:48:57.042 [main] INFO  edu.bjut.boudia.myMain - meter_6776824137769659775:71052612
raspberrypi 03:48:57.042 [main] INFO  edu.bjut.boudia.myMain - meter_3671907698646174765:repMsg
raspberrypi 03:48:57.042 [main] INFO  edu.bjut.boudia.myMain - meter_3671907698646174765:71497907
raspberrypi 03:48:57.042 [main] INFO  edu.bjut.boudia.myMain - meter_3348008458799395065:repMsg
raspberrypi 03:48:57.042 [main] INFO  edu.bjut.boudia.myMain - meter_3348008458799395065:71717296
raspberrypi 03:48:57.042 [main] INFO  edu.bjut.boudia.myMain - meter_1473990803683062951:repMsg
raspberrypi 03:48:57.042 [main] INFO  edu.bjut.boudia.myMain - meter_1473990803683062951:73019259
raspberrypi 03:48:57.042 [main] INFO  edu.bjut.boudia.myMain - meter_5701968872877439757:repMsg
raspberrypi 03:48:57.042 [main] INFO  edu.bjut.boudia.myMain - meter_5701968872877439757:71211889
raspberrypi 03:48:57.042 [main] INFO  edu.bjut.boudia.myMain - meter_4832437125081787271:repMsg
raspberrypi 03:48:57.042 [main] INFO  edu.bjut.boudia.myMain - meter_4832437125081787271:71779426
raspberrypi 03:48:57.043 [main] INFO  edu.bjut.boudia.myMain - meter_7792045579479016159:repMsg
raspberrypi 03:48:57.043 [main] INFO  edu.bjut.boudia.myMain - meter_7792045579479016159:71430444
raspberrypi 03:48:57.043 [main] INFO  edu.bjut.boudia.myMain - meter_6067640771069125007:repMsg
raspberrypi 03:48:57.043 [main] INFO  edu.bjut.boudia.myMain - meter_6067640771069125007:71649722
raspberrypi 03:48:57.043 [main] INFO  edu.bjut.boudia.myMain - meter_6856533022948896051:repMsg
raspberrypi 03:48:57.043 [main] INFO  edu.bjut.boudia.myMain - meter_6856533022948896051:71554592
raspberrypi 03:48:57.043 [main] INFO  edu.bjut.boudia.myMain - meter_5774271771026657773:repMsg
raspberrypi 03:48:57.043 [main] INFO  edu.bjut.boudia.myMain - meter_5774271771026657773:73601093
raspberrypi 03:48:57.043 [main] INFO  edu.bjut.boudia.myMain - meter_7363761901737059735:repMsg
raspberrypi 03:48:57.043 [main] INFO  edu.bjut.boudia.myMain - meter_7363761901737059735:71524555
raspberrypi 03:48:57.043 [main] INFO  edu.bjut.boudia.myMain - meter_7931869121675696797:repMsg
raspberrypi 03:48:57.044 [main] INFO  edu.bjut.boudia.myMain - meter_7931869121675696797:71360093
raspberrypi 03:48:57.044 [main] INFO  edu.bjut.boudia.myMain - meter_1784545485641956887:repMsg
raspberrypi 03:48:57.044 [main] INFO  edu.bjut.boudia.myMain - meter_1784545485641956887:71276648
raspberrypi 03:48:57.044 [main] INFO  edu.bjut.boudia.myMain - meter_2675878785811797681:repMsg
raspberrypi 03:48:57.044 [main] INFO  edu.bjut.boudia.myMain - meter_2675878785811797681:71273704
raspberrypi 03:48:57.044 [main] INFO  edu.bjut.boudia.myMain - meter_6960500838059021839:repMsg
raspberrypi 03:48:57.044 [main] INFO  edu.bjut.boudia.myMain - meter_6960500838059021839:71998666
raspberrypi 03:48:57.044 [main] INFO  edu.bjut.boudia.myMain - meter_4815753599530729609:repMsg
raspberrypi 03:48:57.044 [main] INFO  edu.bjut.boudia.myMain - meter_4815753599530729609:73615797
raspberrypi 03:48:57.044 [main] INFO  edu.bjut.boudia.myMain - meter_5595010580082371505:repMsg
raspberrypi 03:48:57.044 [main] INFO  edu.bjut.boudia.myMain - meter_5595010580082371505:72114741
raspberrypi 03:49:03.864 [main] INFO  edu.bjut.boudia.myMain - oneTimeMeterRegTime
raspberrypi 03:49:05.295 [main] INFO  edu.bjut.boudia.myMain - server:pubkey
raspberrypi 03:49:05.296 [main] INFO  edu.bjut.boudia.myMain - server:5315
raspberrypi 03:49:05.296 [main] INFO  edu.bjut.boudia.myMain - agg:regMsg,regMsg,regMsg,regMsg,regMsg,regMsg,regMsg,regMsg,regMsg,regMsg,regMsg,regMsg,regMsg,regMsg,regMsg,regMsg,regMsg,regMsg,regMsg,regMsg,regMsg,regMsg,regMsg,regMsg,regMsg,regMsg,regMsg,regMsg,regMsg,regMsg,regMsg,regMsg,regMsg,regMsg,regMsg,regMsg,regMsg,regMsg,regMsg,regMsg
raspberrypi 03:49:05.296 [main] INFO  edu.bjut.boudia.myMain - agg:19539259,17658167,17775148,17693981,17702296,17725241,17811352,17957556,17833852,17864259,17747148,17703296,17781278,17680444,17681037,17724203,17710685,17767370,17753130,17663389,17705574,17697037,17636407,17753944,17693482,19389111,17697074,17629315,17716611,17766982,17740963,17715722,17672186,17658870,17689981,17802389,18055000,17808741,17690444,17648704
raspberrypi 03:49:05.296 [main] INFO  edu.bjut.boudia.myMain - meter_5635330939813296253:regMsg,reg_backagg,reg_cc
raspberrypi 03:49:05.296 [main] INFO  edu.bjut.boudia.myMain - meter_5635330939813296253:2667,17901351,2482
raspberrypi 03:49:05.297 [main] INFO  edu.bjut.boudia.myMain - meter_8428716374643808491:regMsg,reg_backagg,reg_cc
raspberrypi 03:49:05.297 [main] INFO  edu.bjut.boudia.myMain - meter_8428716374643808491:6833,17710704,2685
raspberrypi 03:49:05.297 [main] INFO  edu.bjut.boudia.myMain - meter_6403272905617587485:regMsg,reg_backagg,reg_cc
raspberrypi 03:49:05.297 [main] INFO  edu.bjut.boudia.myMain - meter_6403272905617587485:6093,17781741,2425
raspberrypi 03:49:05.297 [main] INFO  edu.bjut.boudia.myMain - meter_1351598435816664023:regMsg,reg_backagg,reg_cc
raspberrypi 03:49:05.297 [main] INFO  edu.bjut.boudia.myMain - meter_1351598435816664023:6741,17971037,2537
raspberrypi 03:49:05.297 [main] INFO  edu.bjut.boudia.myMain - meter_4981519931222235073:regMsg,reg_backagg,reg_cc
raspberrypi 03:49:05.297 [main] INFO  edu.bjut.boudia.myMain - meter_4981519931222235073:6222,17757537,2481
raspberrypi 03:49:05.297 [main] INFO  edu.bjut.boudia.myMain - meter_3602078369804843397:regMsg,reg_backagg,reg_cc
raspberrypi 03:49:05.297 [main] INFO  edu.bjut.boudia.myMain - meter_3602078369804843397:6592,17676389,2574
raspberrypi 03:49:05.297 [main] INFO  edu.bjut.boudia.myMain - meter_3111974576303053241:regMsg,reg_backagg,reg_cc
raspberrypi 03:49:05.297 [main] INFO  edu.bjut.boudia.myMain - meter_3111974576303053241:6148,17750630,2296
raspberrypi 03:49:05.298 [main] INFO  edu.bjut.boudia.myMain - meter_5739277046761921037:regMsg,reg_backagg,reg_cc
raspberrypi 03:49:05.298 [main] INFO  edu.bjut.boudia.myMain - meter_5739277046761921037:5648,17883481,2796
raspberrypi 03:49:05.298 [main] INFO  edu.bjut.boudia.myMain - meter_3835439900833472015:regMsg,reg_backagg,reg_cc
raspberrypi 03:49:05.298 [main] INFO  edu.bjut.boudia.myMain - meter_3835439900833472015:6296,17826777,2278
raspberrypi 03:49:05.298 [main] INFO  edu.bjut.boudia.myMain - meter_614459514587950927:regMsg,reg_backagg,reg_cc
raspberrypi 03:49:05.298 [main] INFO  edu.bjut.boudia.myMain - meter_614459514587950927:5482,17877722,2815
raspberrypi 03:49:05.298 [main] INFO  edu.bjut.boudia.myMain - meter_5416617296863591285:regMsg,reg_backagg,reg_cc
raspberrypi 03:49:05.298 [main] INFO  edu.bjut.boudia.myMain - meter_5416617296863591285:6482,17644537,2389
raspberrypi 03:49:05.298 [main] INFO  edu.bjut.boudia.myMain - meter_6786021759310943199:regMsg,reg_backagg,reg_cc
raspberrypi 03:49:05.298 [main] INFO  edu.bjut.boudia.myMain - meter_6786021759310943199:6222,17767000,2759
raspberrypi 03:49:05.298 [main] INFO  edu.bjut.boudia.myMain - meter_9113551382522234831:regMsg,reg_backagg,reg_cc
raspberrypi 03:49:05.298 [main] INFO  edu.bjut.boudia.myMain - meter_9113551382522234831:6463,19540852,2241
raspberrypi 03:49:05.299 [main] INFO  edu.bjut.boudia.myMain - meter_7556202034350131469:regMsg,reg_backagg,reg_cc
raspberrypi 03:49:05.299 [main] INFO  edu.bjut.boudia.myMain - meter_7556202034350131469:6908,17706149,2186
raspberrypi 03:49:05.299 [main] INFO  edu.bjut.boudia.myMain - meter_6184372930205880537:regMsg,reg_backagg,reg_cc
raspberrypi 03:49:05.299 [main] INFO  edu.bjut.boudia.myMain - meter_6184372930205880537:6593,17738963,3111
raspberrypi 03:49:05.299 [main] INFO  edu.bjut.boudia.myMain - meter_7040404496615295957:regMsg,reg_backagg,reg_cc
raspberrypi 03:49:05.299 [main] INFO  edu.bjut.boudia.myMain - meter_7040404496615295957:6092,17610018,2315
raspberrypi 03:49:05.299 [main] INFO  edu.bjut.boudia.myMain - meter_2168715066133356959:regMsg,reg_backagg,reg_cc
raspberrypi 03:49:05.299 [main] INFO  edu.bjut.boudia.myMain - meter_2168715066133356959:5389,17646796,3296
raspberrypi 03:49:05.299 [main] INFO  edu.bjut.boudia.myMain - meter_4811905041915579749:regMsg,reg_backagg,reg_cc
raspberrypi 03:49:05.299 [main] INFO  edu.bjut.boudia.myMain - meter_4811905041915579749:5926,17892537,2167
raspberrypi 03:49:05.299 [main] INFO  edu.bjut.boudia.myMain - meter_6444274480875645411:regMsg,reg_backagg,reg_cc
raspberrypi 03:49:05.300 [main] INFO  edu.bjut.boudia.myMain - meter_6444274480875645411:5741,17782203,2574
raspberrypi 03:49:05.300 [main] INFO  edu.bjut.boudia.myMain - meter_322232098529455227:regMsg,reg_backagg,reg_cc
raspberrypi 03:49:05.300 [main] INFO  edu.bjut.boudia.myMain - meter_322232098529455227:5592,17974481,2186
raspberrypi 03:49:05.300 [main] INFO  edu.bjut.boudia.myMain - meter_3534429430438025447:regMsg,reg_backagg,reg_cc
raspberrypi 03:49:05.300 [main] INFO  edu.bjut.boudia.myMain - meter_3534429430438025447:6148,17439963,1685
raspberrypi 03:49:05.300 [main] INFO  edu.bjut.boudia.myMain - meter_5068099202236735447:regMsg,reg_backagg,reg_cc
raspberrypi 03:49:05.300 [main] INFO  edu.bjut.boudia.myMain - meter_5068099202236735447:5833,17990685,2148
raspberrypi 03:49:05.300 [main] INFO  edu.bjut.boudia.myMain - meter_8679687091407058303:regMsg,reg_backagg,reg_cc
raspberrypi 03:49:05.300 [main] INFO  edu.bjut.boudia.myMain - meter_8679687091407058303:6555,17845667,2260
raspberrypi 03:49:05.300 [main] INFO  edu.bjut.boudia.myMain - meter_7435446567911637035:regMsg,reg_backagg,reg_cc
raspberrypi 03:49:05.301 [main] INFO  edu.bjut.boudia.myMain - meter_7435446567911637035:5500,17962481,2426
raspberrypi 03:49:05.301 [main] INFO  edu.bjut.boudia.myMain - meter_7489893612753734843:regMsg,reg_backagg,reg_cc
raspberrypi 03:49:05.301 [main] INFO  edu.bjut.boudia.myMain - meter_7489893612753734843:5722,17721703,2815
raspberrypi 03:49:05.301 [main] INFO  edu.bjut.boudia.myMain - meter_8114415053459209019:regMsg,reg_backagg,reg_cc
raspberrypi 03:49:05.301 [main] INFO  edu.bjut.boudia.myMain - meter_8114415053459209019:6296,17787796,2074
raspberrypi 03:49:05.301 [main] INFO  edu.bjut.boudia.myMain - meter_4240272418349632517:regMsg,reg_backagg,reg_cc
raspberrypi 03:49:05.302 [main] INFO  edu.bjut.boudia.myMain - meter_4240272418349632517:6389,17908297,3389
raspberrypi 03:49:05.302 [main] INFO  edu.bjut.boudia.myMain - meter_732394038899763555:regMsg,reg_backagg,reg_cc
raspberrypi 03:49:05.302 [main] INFO  edu.bjut.boudia.myMain - meter_732394038899763555:6926,17688037,2426
raspberrypi 03:49:05.302 [main] INFO  edu.bjut.boudia.myMain - meter_6157799137779917091:regMsg,reg_backagg,reg_cc
raspberrypi 03:49:05.302 [main] INFO  edu.bjut.boudia.myMain - meter_6157799137779917091:6760,17765463,2111
raspberrypi 03:49:05.302 [main] INFO  edu.bjut.boudia.myMain - meter_2820564261693774231:regMsg,reg_backagg,reg_cc
raspberrypi 03:49:05.302 [main] INFO  edu.bjut.boudia.myMain - meter_2820564261693774231:6704,17751445,2611
raspberrypi 03:49:05.302 [main] INFO  edu.bjut.boudia.myMain - meter_8803793382050156739:regMsg,reg_backagg,reg_cc
raspberrypi 03:49:05.302 [main] INFO  edu.bjut.boudia.myMain - meter_8803793382050156739:6889,17420759,2722
raspberrypi 03:49:05.302 [main] INFO  edu.bjut.boudia.myMain - meter_5375413014175897867:regMsg,reg_backagg,reg_cc
raspberrypi 03:49:05.302 [main] INFO  edu.bjut.boudia.myMain - meter_5375413014175897867:6704,17966037,2186
raspberrypi 03:49:05.303 [main] INFO  edu.bjut.boudia.myMain - meter_5848253003039419:regMsg,reg_backagg,reg_cc
raspberrypi 03:49:05.303 [main] INFO  edu.bjut.boudia.myMain - meter_5848253003039419:6371,18125278,2148
raspberrypi 03:49:05.303 [main] INFO  edu.bjut.boudia.myMain - meter_4703927932972003051:regMsg,reg_backagg,reg_cc
raspberrypi 03:49:05.303 [main] INFO  edu.bjut.boudia.myMain - meter_4703927932972003051:4870,17789389,3203
raspberrypi 03:49:05.303 [main] INFO  edu.bjut.boudia.myMain - meter_6423988385903977519:regMsg,reg_backagg,reg_cc
raspberrypi 03:49:05.303 [main] INFO  edu.bjut.boudia.myMain - meter_6423988385903977519:66055,17773759,2203
raspberrypi 03:49:05.303 [main] INFO  edu.bjut.boudia.myMain - meter_1480552557371093313:regMsg,reg_backagg,reg_cc
raspberrypi 03:49:05.303 [main] INFO  edu.bjut.boudia.myMain - meter_1480552557371093313:5889,17883093,4371
raspberrypi 03:49:05.303 [main] INFO  edu.bjut.boudia.myMain - meter_6971109433590610199:regMsg,reg_backagg,reg_cc
raspberrypi 03:49:05.303 [main] INFO  edu.bjut.boudia.myMain - meter_6971109433590610199:59889,18010759,8686
raspberrypi 03:49:05.303 [main] INFO  edu.bjut.boudia.myMain - meter_8331765160592045391:regMsg,reg_backagg,reg_cc
raspberrypi 03:49:05.303 [main] INFO  edu.bjut.boudia.myMain - meter_8331765160592045391:814,19426018,778
raspberrypi 03:49:05.304 [main] INFO  edu.bjut.boudia.myMain - meter_3454532864796430285:regMsg,reg_backagg,reg_cc
raspberrypi 03:49:05.304 [main] INFO  edu.bjut.boudia.myMain - meter_3454532864796430285:834,17729000,796
raspberrypi 03:49:05.304 [main] INFO  edu.bjut.boudia.myMain - meter_2825569038046498801:regMsg,reg_backagg,reg_cc
raspberrypi 03:49:05.304 [main] INFO  edu.bjut.boudia.myMain - meter_2825569038046498801:907,17788537,667
raspberrypi 03:49:06.733 [main] INFO  edu.bjut.boudia.myMain - oneTimeMeterRepTime
raspberrypi 03:49:10.472 [main] INFO  edu.bjut.boudia.myMain - server:repMsg
raspberrypi 03:49:10.473 [main] INFO  edu.bjut.boudia.myMain - server:90916037
raspberrypi 03:49:10.473 [main] INFO  edu.bjut.boudia.myMain - agg:repMsg
raspberrypi 03:49:10.474 [main] INFO  edu.bjut.boudia.myMain - agg:776436462
raspberrypi 03:49:10.474 [main] INFO  edu.bjut.boudia.myMain - meter_5635330939813296253:repMsg
raspberrypi 03:49:10.474 [main] INFO  edu.bjut.boudia.myMain - meter_5635330939813296253:72013407
raspberrypi 03:49:10.474 [main] INFO  edu.bjut.boudia.myMain - meter_8428716374643808491:repMsg
raspberrypi 03:49:10.474 [main] INFO  edu.bjut.boudia.myMain - meter_8428716374643808491:71915278
raspberrypi 03:49:10.475 [main] INFO  edu.bjut.boudia.myMain - meter_6403272905617587485:repMsg
raspberrypi 03:49:10.475 [main] INFO  edu.bjut.boudia.myMain - meter_6403272905617587485:71700148
raspberrypi 03:49:10.475 [main] INFO  edu.bjut.boudia.myMain - meter_1351598435816664023:repMsg
raspberrypi 03:49:10.475 [main] INFO  edu.bjut.boudia.myMain - meter_1351598435816664023:73434296
raspberrypi 03:49:10.475 [main] INFO  edu.bjut.boudia.myMain - meter_4981519931222235073:repMsg
raspberrypi 03:49:10.475 [main] INFO  edu.bjut.boudia.myMain - meter_4981519931222235073:71730351
raspberrypi 03:49:10.476 [main] INFO  edu.bjut.boudia.myMain - meter_3602078369804843397:repMsg
raspberrypi 03:49:10.476 [main] INFO  edu.bjut.boudia.myMain - meter_3602078369804843397:71487259
raspberrypi 03:49:10.476 [main] INFO  edu.bjut.boudia.myMain - meter_3111974576303053241:repMsg
raspberrypi 03:49:10.476 [main] INFO  edu.bjut.boudia.myMain - meter_3111974576303053241:70596963
raspberrypi 03:49:10.476 [main] INFO  edu.bjut.boudia.myMain - meter_5739277046761921037:repMsg
raspberrypi 03:49:10.476 [main] INFO  edu.bjut.boudia.myMain - meter_5739277046761921037:71616871
raspberrypi 03:49:10.476 [main] INFO  edu.bjut.boudia.myMain - meter_3835439900833472015:repMsg
raspberrypi 03:49:10.476 [main] INFO  edu.bjut.boudia.myMain - meter_3835439900833472015:71866889
raspberrypi 03:49:10.476 [main] INFO  edu.bjut.boudia.myMain - meter_614459514587950927:repMsg
raspberrypi 03:49:10.477 [main] INFO  edu.bjut.boudia.myMain - meter_614459514587950927:72507760
raspberrypi 03:49:10.481 [main] INFO  edu.bjut.boudia.myMain - meter_5416617296863591285:repMsg
raspberrypi 03:49:10.482 [main] INFO  edu.bjut.boudia.myMain - meter_5416617296863591285:71064704
raspberrypi 03:49:10.482 [main] INFO  edu.bjut.boudia.myMain - meter_6786021759310943199:repMsg
raspberrypi 03:49:10.482 [main] INFO  edu.bjut.boudia.myMain - meter_6786021759310943199:71079963
raspberrypi 03:49:10.482 [main] INFO  edu.bjut.boudia.myMain - meter_9113551382522234831:repMsg
raspberrypi 03:49:10.482 [main] INFO  edu.bjut.boudia.myMain - meter_9113551382522234831:71445685
raspberrypi 03:49:10.482 [main] INFO  edu.bjut.boudia.myMain - meter_7556202034350131469:repMsg
raspberrypi 03:49:10.482 [main] INFO  edu.bjut.boudia.myMain - meter_7556202034350131469:70688870
raspberrypi 03:49:10.482 [main] INFO  edu.bjut.boudia.myMain - meter_6184372930205880537:repMsg
raspberrypi 03:49:10.482 [main] INFO  edu.bjut.boudia.myMain - meter_6184372930205880537:72135297
raspberrypi 03:49:10.482 [main] INFO  edu.bjut.boudia.myMain - meter_7040404496615295957:repMsg
raspberrypi 03:49:10.483 [main] INFO  edu.bjut.boudia.myMain - meter_7040404496615295957:70868389
raspberrypi 03:49:10.483 [main] INFO  edu.bjut.boudia.myMain - meter_2168715066133356959:repMsg
raspberrypi 03:49:10.483 [main] INFO  edu.bjut.boudia.myMain - meter_2168715066133356959:72980370
raspberrypi 03:49:10.483 [main] INFO  edu.bjut.boudia.myMain - meter_4811905041915579749:repMsg
raspberrypi 03:49:10.483 [main] INFO  edu.bjut.boudia.myMain - meter_4811905041915579749:71272111
raspberrypi 03:49:10.483 [main] INFO  edu.bjut.boudia.myMain - meter_6444274480875645411:repMsg
raspberrypi 03:49:10.483 [main] INFO  edu.bjut.boudia.myMain - meter_6444274480875645411:71264407
raspberrypi 03:49:10.485 [main] INFO  edu.bjut.boudia.myMain - meter_322232098529455227:repMsg
raspberrypi 03:49:10.486 [main] INFO  edu.bjut.boudia.myMain - meter_322232098529455227:70921611
raspberrypi 03:49:10.486 [main] INFO  edu.bjut.boudia.myMain - meter_3534429430438025447:repMsg
raspberrypi 03:49:10.486 [main] INFO  edu.bjut.boudia.myMain - meter_3534429430438025447:71940018
raspberrypi 03:49:10.486 [main] INFO  edu.bjut.boudia.myMain - meter_5068099202236735447:repMsg
raspberrypi 03:49:10.486 [main] INFO  edu.bjut.boudia.myMain - meter_5068099202236735447:71582241
raspberrypi 03:49:10.487 [main] INFO  edu.bjut.boudia.myMain - meter_8679687091407058303:repMsg
raspberrypi 03:49:10.487 [main] INFO  edu.bjut.boudia.myMain - meter_8679687091407058303:73035537
raspberrypi 03:49:10.487 [main] INFO  edu.bjut.boudia.myMain - meter_7435446567911637035:repMsg
raspberrypi 03:49:10.487 [main] INFO  edu.bjut.boudia.myMain - meter_7435446567911637035:71713667
raspberrypi 03:49:10.487 [main] INFO  edu.bjut.boudia.myMain - meter_7489893612753734843:repMsg
raspberrypi 03:49:10.487 [main] INFO  edu.bjut.boudia.myMain - meter_7489893612753734843:71579703
raspberrypi 03:49:10.487 [main] INFO  edu.bjut.boudia.myMain - meter_8114415053459209019:repMsg
raspberrypi 03:49:10.487 [main] INFO  edu.bjut.boudia.myMain - meter_8114415053459209019:71887371
raspberrypi 03:49:10.488 [main] INFO  edu.bjut.boudia.myMain - meter_4240272418349632517:repMsg
raspberrypi 03:49:10.488 [main] INFO  edu.bjut.boudia.myMain - meter_4240272418349632517:71445111
raspberrypi 03:49:10.488 [main] INFO  edu.bjut.boudia.myMain - meter_732394038899763555:repMsg
raspberrypi 03:49:10.488 [main] INFO  edu.bjut.boudia.myMain - meter_732394038899763555:71336537
raspberrypi 03:49:10.488 [main] INFO  edu.bjut.boudia.myMain - meter_6157799137779917091:repMsg
raspberrypi 03:49:10.488 [main] INFO  edu.bjut.boudia.myMain - meter_6157799137779917091:73290982
raspberrypi 03:49:10.488 [main] INFO  edu.bjut.boudia.myMain - meter_2820564261693774231:repMsg
raspberrypi 03:49:10.488 [main] INFO  edu.bjut.boudia.myMain - meter_2820564261693774231:71951796
raspberrypi 03:49:10.489 [main] INFO  edu.bjut.boudia.myMain - meter_8803793382050156739:repMsg
raspberrypi 03:49:10.489 [main] INFO  edu.bjut.boudia.myMain - meter_8803793382050156739:71015352
raspberrypi 03:49:10.489 [main] INFO  edu.bjut.boudia.myMain - meter_5375413014175897867:repMsg
raspberrypi 03:49:10.489 [main] INFO  edu.bjut.boudia.myMain - meter_5375413014175897867:71774500
raspberrypi 03:49:10.489 [main] INFO  edu.bjut.boudia.myMain - meter_5848253003039419:repMsg
raspberrypi 03:49:10.489 [main] INFO  edu.bjut.boudia.myMain - meter_5848253003039419:72039000
raspberrypi 03:49:10.489 [main] INFO  edu.bjut.boudia.myMain - meter_4703927932972003051:repMsg
raspberrypi 03:49:10.489 [main] INFO  edu.bjut.boudia.myMain - meter_4703927932972003051:72007241
raspberrypi 03:49:10.489 [main] INFO  edu.bjut.boudia.myMain - meter_6423988385903977519:repMsg
raspberrypi 03:49:10.489 [main] INFO  edu.bjut.boudia.myMain - meter_6423988385903977519:73763537
raspberrypi 03:49:10.490 [main] INFO  edu.bjut.boudia.myMain - meter_1480552557371093313:repMsg
raspberrypi 03:49:10.490 [main] INFO  edu.bjut.boudia.myMain - meter_1480552557371093313:71203130
raspberrypi 03:49:10.490 [main] INFO  edu.bjut.boudia.myMain - meter_6971109433590610199:repMsg
raspberrypi 03:49:10.490 [main] INFO  edu.bjut.boudia.myMain - meter_6971109433590610199:71405889
raspberrypi 03:49:10.490 [main] INFO  edu.bjut.boudia.myMain - meter_8331765160592045391:repMsg
raspberrypi 03:49:10.490 [main] INFO  edu.bjut.boudia.myMain - meter_8331765160592045391:71496500
raspberrypi 03:49:10.490 [main] INFO  edu.bjut.boudia.myMain - meter_3454532864796430285:repMsg
raspberrypi 03:49:10.490 [main] INFO  edu.bjut.boudia.myMain - meter_3454532864796430285:71714851
raspberrypi 03:49:10.490 [main] INFO  edu.bjut.boudia.myMain - meter_2825569038046498801:repMsg
raspberrypi 03:49:10.490 [main] INFO  edu.bjut.boudia.myMain - meter_2825569038046498801:71512871
raspberrypi 03:49:15.708 [main] INFO  edu.bjut.boudia.myMain - oneTimeMeterRegTime
raspberrypi 03:49:16.778 [main] INFO  edu.bjut.boudia.myMain - server:pubkey
raspberrypi 03:49:16.778 [main] INFO  edu.bjut.boudia.myMain - server:4149
raspberrypi 03:49:16.778 [main] INFO  edu.bjut.boudia.myMain - agg:regMsg,regMsg,regMsg,regMsg,regMsg,regMsg,regMsg,regMsg,regMsg,regMsg,regMsg,regMsg,regMsg,regMsg,regMsg,regMsg,regMsg,regMsg,regMsg,regMsg,regMsg,regMsg,regMsg,regMsg,regMsg,regMsg,regMsg,regMsg,regMsg,regMsg
raspberrypi 03:49:16.778 [main] INFO  edu.bjut.boudia.myMain - agg:17708241,17717741,17842185,17754778,19446778,17763148,17718129,17698814,17772907,17778907,17742037,17788778,17719574,17783574,17762667,17730407,17964537,17709315,17689944,17715444,17744389,17688778,17660722,17793649,17636889,17767315,17713815,17730297,17738482,19493685
raspberrypi 03:49:16.778 [main] INFO  edu.bjut.boudia.myMain - meter_2106660327891690959:regMsg,reg_backagg,reg_cc
raspberrypi 03:49:16.778 [main] INFO  edu.bjut.boudia.myMain - meter_2106660327891690959:870,17708703,1204
raspberrypi 03:49:16.779 [main] INFO  edu.bjut.boudia.myMain - meter_6325891894477543495:regMsg,reg_backagg,reg_cc
raspberrypi 03:49:16.779 [main] INFO  edu.bjut.boudia.myMain - meter_6325891894477543495:926,17603925,463
raspberrypi 03:49:16.779 [main] INFO  edu.bjut.boudia.myMain - meter_1840439375907709375:regMsg,reg_backagg,reg_cc
raspberrypi 03:49:16.780 [main] INFO  edu.bjut.boudia.myMain - meter_1840439375907709375:907,17821185,611
raspberrypi 03:49:16.780 [main] INFO  edu.bjut.boudia.myMain - meter_3027768599383058915:regMsg,reg_backagg,reg_cc
raspberrypi 03:49:16.780 [main] INFO  edu.bjut.boudia.myMain - meter_3027768599383058915:982,17754315,704
raspberrypi 03:49:16.780 [main] INFO  edu.bjut.boudia.myMain - meter_7835505410311652769:regMsg,reg_backagg,reg_cc
raspberrypi 03:49:16.780 [main] INFO  edu.bjut.boudia.myMain - meter_7835505410311652769:1222,17810537,907
raspberrypi 03:49:16.781 [main] INFO  edu.bjut.boudia.myMain - meter_8184826494262636537:regMsg,reg_backagg,reg_cc
raspberrypi 03:49:16.781 [main] INFO  edu.bjut.boudia.myMain - meter_8184826494262636537:889,17769166,944
raspberrypi 03:49:16.781 [main] INFO  edu.bjut.boudia.myMain - meter_5013818428921725717:regMsg,reg_backagg,reg_cc
raspberrypi 03:49:16.781 [main] INFO  edu.bjut.boudia.myMain - meter_5013818428921725717:889,17763075,722
raspberrypi 03:49:16.781 [main] INFO  edu.bjut.boudia.myMain - meter_840645054088130443:regMsg,reg_backagg,reg_cc
raspberrypi 03:49:16.781 [main] INFO  edu.bjut.boudia.myMain - meter_840645054088130443:611,17173759,1166
raspberrypi 03:49:16.781 [main] INFO  edu.bjut.boudia.myMain - meter_4094031205039062281:regMsg,reg_backagg,reg_cc
raspberrypi 03:49:16.781 [main] INFO  edu.bjut.boudia.myMain - meter_4094031205039062281:1000,17857204,685
raspberrypi 03:49:16.781 [main] INFO  edu.bjut.boudia.myMain - meter_8824302984914189967:regMsg,reg_backagg,reg_cc
raspberrypi 03:49:16.781 [main] INFO  edu.bjut.boudia.myMain - meter_8824302984914189967:796,17829944,1074
raspberrypi 03:49:16.781 [main] INFO  edu.bjut.boudia.myMain - meter_2905753718228313367:regMsg,reg_backagg,reg_cc
raspberrypi 03:49:16.781 [main] INFO  edu.bjut.boudia.myMain - meter_2905753718228313367:907,17650722,611
raspberrypi 03:49:16.781 [main] INFO  edu.bjut.boudia.myMain - meter_9209605153964922777:regMsg,reg_backagg,reg_cc
raspberrypi 03:49:16.782 [main] INFO  edu.bjut.boudia.myMain - meter_9209605153964922777:981,17520519,815
raspberrypi 03:49:16.782 [main] INFO  edu.bjut.boudia.myMain - meter_8814042688853093327:regMsg,reg_backagg,reg_cc
raspberrypi 03:49:16.782 [main] INFO  edu.bjut.boudia.myMain - meter_8814042688853093327:1000,17827388,870
raspberrypi 03:49:16.782 [main] INFO  edu.bjut.boudia.myMain - meter_4481575950378667673:regMsg,reg_backagg,reg_cc
raspberrypi 03:49:16.782 [main] INFO  edu.bjut.boudia.myMain - meter_4481575950378667673:1204,17857111,815
raspberrypi 03:49:16.782 [main] INFO  edu.bjut.boudia.myMain - meter_2343886370961734309:regMsg,reg_backagg,reg_cc
raspberrypi 03:49:16.782 [main] INFO  edu.bjut.boudia.myMain - meter_2343886370961734309:870,17666334,1037
raspberrypi 03:49:16.782 [main] INFO  edu.bjut.boudia.myMain - meter_2483334622142347267:regMsg,reg_backagg,reg_cc
raspberrypi 03:49:16.782 [main] INFO  edu.bjut.boudia.myMain - meter_2483334622142347267:667,17307278,1074
raspberrypi 03:49:16.782 [main] INFO  edu.bjut.boudia.myMain - meter_6925488625099927773:regMsg,reg_backagg,reg_cc
raspberrypi 03:49:16.782 [main] INFO  edu.bjut.boudia.myMain - meter_6925488625099927773:926,19451852,630
raspberrypi 03:49:16.782 [main] INFO  edu.bjut.boudia.myMain - meter_4113554053051036917:regMsg,reg_backagg,reg_cc
raspberrypi 03:49:16.783 [main] INFO  edu.bjut.boudia.myMain - meter_4113554053051036917:833,17667796,519
raspberrypi 03:49:16.783 [main] INFO  edu.bjut.boudia.myMain - meter_4862032847623674469:regMsg,reg_backagg,reg_cc
raspberrypi 03:49:16.783 [main] INFO  edu.bjut.boudia.myMain - meter_4862032847623674469:889,17852630,667
raspberrypi 03:49:16.783 [main] INFO  edu.bjut.boudia.myMain - meter_8519159276798479891:regMsg,reg_backagg,reg_cc
raspberrypi 03:49:16.783 [main] INFO  edu.bjut.boudia.myMain - meter_8519159276798479891:889,17908777,796
raspberrypi 03:49:16.783 [main] INFO  edu.bjut.boudia.myMain - meter_3676721344623017361:regMsg,reg_backagg,reg_cc
raspberrypi 03:49:16.783 [main] INFO  edu.bjut.boudia.myMain - meter_3676721344623017361:796,17739556,908
raspberrypi 03:49:16.783 [main] INFO  edu.bjut.boudia.myMain - meter_7628123297561385431:regMsg,reg_backagg,reg_cc
raspberrypi 03:49:16.783 [main] INFO  edu.bjut.boudia.myMain - meter_7628123297561385431:908,17492111,1019
raspberrypi 03:49:16.783 [main] INFO  edu.bjut.boudia.myMain - meter_4005474895617394875:regMsg,reg_backagg,reg_cc
raspberrypi 03:49:16.783 [main] INFO  edu.bjut.boudia.myMain - meter_4005474895617394875:1240,17601667,611
raspberrypi 03:49:16.783 [main] INFO  edu.bjut.boudia.myMain - meter_4397696504709350731:regMsg,reg_backagg,reg_cc
raspberrypi 03:49:16.783 [main] INFO  edu.bjut.boudia.myMain - meter_4397696504709350731:982,17723815,1056
raspberrypi 03:49:16.783 [main] INFO  edu.bjut.boudia.myMain - meter_6158442026503380603:regMsg,reg_backagg,reg_cc
raspberrypi 03:49:16.784 [main] INFO  edu.bjut.boudia.myMain - meter_6158442026503380603:1074,17881704,907
raspberrypi 03:49:16.784 [main] INFO  edu.bjut.boudia.myMain - meter_6341879526655300699:regMsg,reg_backagg,reg_cc
raspberrypi 03:49:16.784 [main] INFO  edu.bjut.boudia.myMain - meter_6341879526655300699:889,17640056,611
raspberrypi 03:49:16.784 [main] INFO  edu.bjut.boudia.myMain - meter_1493374126543663259:regMsg,reg_backagg,reg_cc
raspberrypi 03:49:16.784 [main] INFO  edu.bjut.boudia.myMain - meter_1493374126543663259:1111,17680315,667
raspberrypi 03:49:16.784 [main] INFO  edu.bjut.boudia.myMain - meter_4091056595922313169:regMsg,reg_backagg,reg_cc
raspberrypi 03:49:16.784 [main] INFO  edu.bjut.boudia.myMain - meter_4091056595922313169:667,17458593,722
raspberrypi 03:49:16.784 [main] INFO  edu.bjut.boudia.myMain - meter_6004360939048584191:regMsg,reg_backagg,reg_cc
raspberrypi 03:49:16.784 [main] INFO  edu.bjut.boudia.myMain - meter_6004360939048584191:944,17733352,685
raspberrypi 03:49:16.784 [main] INFO  edu.bjut.boudia.myMain - meter_7373001746315960567:regMsg,reg_backagg,reg_cc
raspberrypi 03:49:16.784 [main] INFO  edu.bjut.boudia.myMain - meter_7373001746315960567:833,17699556,907
raspberrypi 03:49:17.855 [main] INFO  edu.bjut.boudia.myMain - oneTimeMeterRepTime
raspberrypi 03:49:20.700 [main] INFO  edu.bjut.boudia.myMain - server:repMsg
raspberrypi 03:49:20.701 [main] INFO  edu.bjut.boudia.myMain - server:89212445
raspberrypi 03:49:20.701 [main] INFO  edu.bjut.boudia.myMain - agg:repMsg
raspberrypi 03:49:20.701 [main] INFO  edu.bjut.boudia.myMain - agg:590509500
raspberrypi 03:49:20.701 [main] INFO  edu.bjut.boudia.myMain - meter_2106660327891690959:repMsg
raspberrypi 03:49:20.701 [main] INFO  edu.bjut.boudia.myMain - meter_2106660327891690959:72028351
raspberrypi 03:49:20.701 [main] INFO  edu.bjut.boudia.myMain - meter_6325891894477543495:repMsg
raspberrypi 03:49:20.701 [main] INFO  edu.bjut.boudia.myMain - meter_6325891894477543495:72413926
raspberrypi 03:49:20.701 [main] INFO  edu.bjut.boudia.myMain - meter_1840439375907709375:repMsg
raspberrypi 03:49:20.701 [main] INFO  edu.bjut.boudia.myMain - meter_1840439375907709375:71691092
raspberrypi 03:49:20.701 [main] INFO  edu.bjut.boudia.myMain - meter_3027768599383058915:repMsg
raspberrypi 03:49:20.701 [main] INFO  edu.bjut.boudia.myMain - meter_3027768599383058915:73238666
raspberrypi 03:49:20.701 [main] INFO  edu.bjut.boudia.myMain - meter_7835505410311652769:repMsg
raspberrypi 03:49:20.701 [main] INFO  edu.bjut.boudia.myMain - meter_7835505410311652769:71317037
raspberrypi 03:49:20.701 [main] INFO  edu.bjut.boudia.myMain - meter_8184826494262636537:repMsg
raspberrypi 03:49:20.701 [main] INFO  edu.bjut.boudia.myMain - meter_8184826494262636537:71178759
raspberrypi 03:49:20.701 [main] INFO  edu.bjut.boudia.myMain - meter_5013818428921725717:repMsg
raspberrypi 03:49:20.701 [main] INFO  edu.bjut.boudia.myMain - meter_5013818428921725717:71410592
raspberrypi 03:49:20.701 [main] INFO  edu.bjut.boudia.myMain - meter_840645054088130443:repMsg
raspberrypi 03:49:20.701 [main] INFO  edu.bjut.boudia.myMain - meter_840645054088130443:71660371
raspberrypi 03:49:20.702 [main] INFO  edu.bjut.boudia.myMain - meter_4094031205039062281:repMsg
raspberrypi 03:49:20.702 [main] INFO  edu.bjut.boudia.myMain - meter_4094031205039062281:71340092
raspberrypi 03:49:20.702 [main] INFO  edu.bjut.boudia.myMain - meter_8824302984914189967:repMsg
raspberrypi 03:49:20.702 [main] INFO  edu.bjut.boudia.myMain - meter_8824302984914189967:73293667
raspberrypi 03:49:20.702 [main] INFO  edu.bjut.boudia.myMain - meter_2905753718228313367:repMsg
raspberrypi 03:49:20.702 [main] INFO  edu.bjut.boudia.myMain - meter_2905753718228313367:71812037
raspberrypi 03:49:20.702 [main] INFO  edu.bjut.boudia.myMain - meter_9209605153964922777:repMsg
raspberrypi 03:49:20.702 [main] INFO  edu.bjut.boudia.myMain - meter_9209605153964922777:71748389
raspberrypi 03:49:20.702 [main] INFO  edu.bjut.boudia.myMain - meter_8814042688853093327:repMsg
raspberrypi 03:49:20.702 [main] INFO  edu.bjut.boudia.myMain - meter_8814042688853093327:72070889
raspberrypi 03:49:20.702 [main] INFO  edu.bjut.boudia.myMain - meter_4481575950378667673:repMsg
raspberrypi 03:49:20.702 [main] INFO  edu.bjut.boudia.myMain - meter_4481575950378667673:77176629
raspberrypi 03:49:20.702 [main] INFO  edu.bjut.boudia.myMain - meter_2343886370961734309:repMsg
raspberrypi 03:49:20.702 [main] INFO  edu.bjut.boudia.myMain - meter_2343886370961734309:71794352
raspberrypi 03:49:20.702 [main] INFO  edu.bjut.boudia.myMain - meter_2483334622142347267:repMsg
raspberrypi 03:49:20.702 [main] INFO  edu.bjut.boudia.myMain - meter_2483334622142347267:73708186
raspberrypi 03:49:20.702 [main] INFO  edu.bjut.boudia.myMain - meter_6925488625099927773:repMsg
raspberrypi 03:49:20.702 [main] INFO  edu.bjut.boudia.myMain - meter_6925488625099927773:71000334
raspberrypi 03:49:20.702 [main] INFO  edu.bjut.boudia.myMain - meter_4113554053051036917:repMsg
raspberrypi 03:49:20.702 [main] INFO  edu.bjut.boudia.myMain - meter_4113554053051036917:71803333
raspberrypi 03:49:20.703 [main] INFO  edu.bjut.boudia.myMain - meter_4862032847623674469:repMsg
raspberrypi 03:49:20.703 [main] INFO  edu.bjut.boudia.myMain - meter_4862032847623674469:71225389
raspberrypi 03:49:20.703 [main] INFO  edu.bjut.boudia.myMain - meter_8519159276798479891:repMsg
raspberrypi 03:49:20.703 [main] INFO  edu.bjut.boudia.myMain - meter_8519159276798479891:72018444
raspberrypi 03:49:20.703 [main] INFO  edu.bjut.boudia.myMain - meter_3676721344623017361:repMsg
raspberrypi 03:49:20.703 [main] INFO  edu.bjut.boudia.myMain - meter_3676721344623017361:71786426
raspberrypi 03:49:20.703 [main] INFO  edu.bjut.boudia.myMain - meter_7628123297561385431:repMsg
raspberrypi 03:49:20.703 [main] INFO  edu.bjut.boudia.myMain - meter_7628123297561385431:73611482
raspberrypi 03:49:20.703 [main] INFO  edu.bjut.boudia.myMain - meter_4005474895617394875:repMsg
raspberrypi 03:49:20.703 [main] INFO  edu.bjut.boudia.myMain - meter_4005474895617394875:71621797
raspberrypi 03:49:20.703 [main] INFO  edu.bjut.boudia.myMain - meter_4397696504709350731:repMsg
raspberrypi 03:49:20.703 [main] INFO  edu.bjut.boudia.myMain - meter_4397696504709350731:71921833
raspberrypi 03:49:20.703 [main] INFO  edu.bjut.boudia.myMain - meter_6158442026503380603:repMsg
raspberrypi 03:49:20.703 [main] INFO  edu.bjut.boudia.myMain - meter_6158442026503380603:71496852
raspberrypi 03:49:20.703 [main] INFO  edu.bjut.boudia.myMain - meter_6341879526655300699:repMsg
raspberrypi 03:49:20.703 [main] INFO  edu.bjut.boudia.myMain - meter_6341879526655300699:71112870
raspberrypi 03:49:20.703 [main] INFO  edu.bjut.boudia.myMain - meter_1493374126543663259:repMsg
raspberrypi 03:49:20.703 [main] INFO  edu.bjut.boudia.myMain - meter_1493374126543663259:71457241
raspberrypi 03:49:20.703 [main] INFO  edu.bjut.boudia.myMain - meter_4091056595922313169:repMsg
raspberrypi 03:49:20.703 [main] INFO  edu.bjut.boudia.myMain - meter_4091056595922313169:72323648
raspberrypi 03:49:20.703 [main] INFO  edu.bjut.boudia.myMain - meter_6004360939048584191:repMsg
raspberrypi 03:49:20.704 [main] INFO  edu.bjut.boudia.myMain - meter_6004360939048584191:73682056
raspberrypi 03:49:20.704 [main] INFO  edu.bjut.boudia.myMain - meter_7373001746315960567:repMsg
raspberrypi 03:49:20.704 [main] INFO  edu.bjut.boudia.myMain - meter_7373001746315960567:71247352
raspberrypi 03:49:23.707 [main] INFO  edu.bjut.boudia.myMain - oneTimeMeterRegTime
raspberrypi 03:49:24.420 [main] INFO  edu.bjut.boudia.myMain - server:pubkey
raspberrypi 03:49:24.420 [main] INFO  edu.bjut.boudia.myMain - server:3741
raspberrypi 03:49:24.420 [main] INFO  edu.bjut.boudia.myMain - agg:regMsg,regMsg,regMsg,regMsg,regMsg,regMsg,regMsg,regMsg,regMsg,regMsg,regMsg,regMsg,regMsg,regMsg,regMsg,regMsg,regMsg,regMsg,regMsg,regMsg
raspberrypi 03:49:24.420 [main] INFO  edu.bjut.boudia.myMain - agg:17741148,17789315,17742667,17732129,17774056,17779778,17832981,17805130,17869444,17782389,17748722,17786852,19363963,17747019,17657278,17658408,17759500,17715074,17690426,17755222
raspberrypi 03:49:24.420 [main] INFO  edu.bjut.boudia.myMain - meter_8056059153017269801:regMsg,reg_backagg,reg_cc
raspberrypi 03:49:24.420 [main] INFO  edu.bjut.boudia.myMain - meter_8056059153017269801:759,17762222,1055
raspberrypi 03:49:24.421 [main] INFO  edu.bjut.boudia.myMain - meter_7239072056524960547:regMsg,reg_backagg,reg_cc
raspberrypi 03:49:24.421 [main] INFO  edu.bjut.boudia.myMain - meter_7239072056524960547:1222,17721426,926
raspberrypi 03:49:24.421 [main] INFO  edu.bjut.boudia.myMain - meter_4715505708716926291:regMsg,reg_backagg,reg_cc
raspberrypi 03:49:24.421 [main] INFO  edu.bjut.boudia.myMain - meter_4715505708716926291:1092,17538500,760
raspberrypi 03:49:24.421 [main] INFO  edu.bjut.boudia.myMain - meter_671432701666526707:regMsg,reg_backagg,reg_cc
raspberrypi 03:49:24.421 [main] INFO  edu.bjut.boudia.myMain - meter_671432701666526707:1037,17297649,667
raspberrypi 03:49:24.421 [main] INFO  edu.bjut.boudia.myMain - meter_4412589476385572907:regMsg,reg_backagg,reg_cc
raspberrypi 03:49:24.421 [main] INFO  edu.bjut.boudia.myMain - meter_4412589476385572907:722,17931260,778
raspberrypi 03:49:24.421 [main] INFO  edu.bjut.boudia.myMain - meter_578135796352111183:regMsg,reg_backagg,reg_cc
raspberrypi 03:49:24.421 [main] INFO  edu.bjut.boudia.myMain - meter_578135796352111183:889,17628963,797
raspberrypi 03:49:24.421 [main] INFO  edu.bjut.boudia.myMain - meter_6422325774147572191:regMsg,reg_backagg,reg_cc
raspberrypi 03:49:24.421 [main] INFO  edu.bjut.boudia.myMain - meter_6422325774147572191:888,18142148,852
raspberrypi 03:49:24.422 [main] INFO  edu.bjut.boudia.myMain - meter_1037999660892307309:regMsg,reg_backagg,reg_cc
raspberrypi 03:49:24.422 [main] INFO  edu.bjut.boudia.myMain - meter_1037999660892307309:963,17710778,759
raspberrypi 03:49:24.422 [main] INFO  edu.bjut.boudia.myMain - meter_2909699022788721361:regMsg,reg_backagg,reg_cc
raspberrypi 03:49:24.422 [main] INFO  edu.bjut.boudia.myMain - meter_2909699022788721361:1111,17863259,797
raspberrypi 03:49:24.422 [main] INFO  edu.bjut.boudia.myMain - meter_7890275566211384115:regMsg,reg_backagg,reg_cc
raspberrypi 03:49:24.422 [main] INFO  edu.bjut.boudia.myMain - meter_7890275566211384115:796,17876889,852
raspberrypi 03:49:24.422 [main] INFO  edu.bjut.boudia.myMain - meter_8774876861833596571:regMsg,reg_backagg,reg_cc
raspberrypi 03:49:24.422 [main] INFO  edu.bjut.boudia.myMain - meter_8774876861833596571:871,17828204,723
raspberrypi 03:49:24.422 [main] INFO  edu.bjut.boudia.myMain - meter_6672050019580247393:regMsg,reg_backagg,reg_cc
raspberrypi 03:49:24.422 [main] INFO  edu.bjut.boudia.myMain - meter_6672050019580247393:796,17593074,1000
raspberrypi 03:49:24.422 [main] INFO  edu.bjut.boudia.myMain - meter_5582586147100267123:regMsg,reg_backagg,reg_cc
raspberrypi 03:49:24.422 [main] INFO  edu.bjut.boudia.myMain - meter_5582586147100267123:852,17673537,1370
raspberrypi 03:49:24.422 [main] INFO  edu.bjut.boudia.myMain - meter_2267832157501952369:regMsg,reg_backagg,reg_cc
raspberrypi 03:49:24.423 [main] INFO  edu.bjut.boudia.myMain - meter_2267832157501952369:981,17776241,667
raspberrypi 03:49:24.423 [main] INFO  edu.bjut.boudia.myMain - meter_7509070700620081593:regMsg,reg_backagg,reg_cc
raspberrypi 03:49:24.423 [main] INFO  edu.bjut.boudia.myMain - meter_7509070700620081593:815,17835519,1222
raspberrypi 03:49:24.423 [main] INFO  edu.bjut.boudia.myMain - meter_3870317665549127419:regMsg,reg_backagg,reg_cc
raspberrypi 03:49:24.423 [main] INFO  edu.bjut.boudia.myMain - meter_3870317665549127419:797,17687018,723
raspberrypi 03:49:24.423 [main] INFO  edu.bjut.boudia.myMain - meter_4805620145849384329:regMsg,reg_backagg,reg_cc
raspberrypi 03:49:24.423 [main] INFO  edu.bjut.boudia.myMain - meter_4805620145849384329:945,17652889,759
raspberrypi 03:49:24.423 [main] INFO  edu.bjut.boudia.myMain - meter_6943817834927925013:regMsg,reg_backagg,reg_cc
raspberrypi 03:49:24.423 [main] INFO  edu.bjut.boudia.myMain - meter_6943817834927925013:871,17608555,648
raspberrypi 03:49:24.423 [main] INFO  edu.bjut.boudia.myMain - meter_56577063273810913:regMsg,reg_backagg,reg_cc
raspberrypi 03:49:24.423 [main] INFO  edu.bjut.boudia.myMain - meter_56577063273810913:981,17846371,1018
raspberrypi 03:49:24.423 [main] INFO  edu.bjut.boudia.myMain - meter_29381974532753341:regMsg,reg_backagg,reg_cc
raspberrypi 03:49:24.423 [main] INFO  edu.bjut.boudia.myMain - meter_29381974532753341:963,17741982,704
raspberrypi 03:49:25.139 [main] INFO  edu.bjut.boudia.myMain - oneTimeMeterRepTime
raspberrypi 03:49:27.074 [main] INFO  edu.bjut.boudia.myMain - server:repMsg
raspberrypi 03:49:27.074 [main] INFO  edu.bjut.boudia.myMain - server:91960315
raspberrypi 03:49:27.074 [main] INFO  edu.bjut.boudia.myMain - agg:repMsg
raspberrypi 03:49:27.074 [main] INFO  edu.bjut.boudia.myMain - agg:404726370
raspberrypi 03:49:27.074 [main] INFO  edu.bjut.boudia.myMain - meter_8056059153017269801:repMsg
raspberrypi 03:49:27.074 [main] INFO  edu.bjut.boudia.myMain - meter_8056059153017269801:71927500
raspberrypi 03:49:27.074 [main] INFO  edu.bjut.boudia.myMain - meter_7239072056524960547:repMsg
raspberrypi 03:49:27.074 [main] INFO  edu.bjut.boudia.myMain - meter_7239072056524960547:71904500
raspberrypi 03:49:27.074 [main] INFO  edu.bjut.boudia.myMain - meter_4715505708716926291:repMsg
raspberrypi 03:49:27.074 [main] INFO  edu.bjut.boudia.myMain - meter_4715505708716926291:71111537
raspberrypi 03:49:27.074 [main] INFO  edu.bjut.boudia.myMain - meter_671432701666526707:repMsg
raspberrypi 03:49:27.075 [main] INFO  edu.bjut.boudia.myMain - meter_671432701666526707:71875389
raspberrypi 03:49:27.075 [main] INFO  edu.bjut.boudia.myMain - meter_4412589476385572907:repMsg
raspberrypi 03:49:27.075 [main] INFO  edu.bjut.boudia.myMain - meter_4412589476385572907:73706463
raspberrypi 03:49:27.075 [main] INFO  edu.bjut.boudia.myMain - meter_578135796352111183:repMsg
raspberrypi 03:49:27.075 [main] INFO  edu.bjut.boudia.myMain - meter_578135796352111183:71857352
raspberrypi 03:49:27.075 [main] INFO  edu.bjut.boudia.myMain - meter_6422325774147572191:repMsg
raspberrypi 03:49:27.075 [main] INFO  edu.bjut.boudia.myMain - meter_6422325774147572191:71467018
raspberrypi 03:49:27.075 [main] INFO  edu.bjut.boudia.myMain - meter_1037999660892307309:repMsg
raspberrypi 03:49:27.075 [main] INFO  edu.bjut.boudia.myMain - meter_1037999660892307309:71433537
raspberrypi 03:49:27.075 [main] INFO  edu.bjut.boudia.myMain - meter_2909699022788721361:repMsg
raspberrypi 03:49:27.075 [main] INFO  edu.bjut.boudia.myMain - meter_2909699022788721361:71260574
raspberrypi 03:49:27.075 [main] INFO  edu.bjut.boudia.myMain - meter_7890275566211384115:repMsg
raspberrypi 03:49:27.075 [main] INFO  edu.bjut.boudia.myMain - meter_7890275566211384115:71611741
raspberrypi 03:49:27.075 [main] INFO  edu.bjut.boudia.myMain - meter_8774876861833596571:repMsg
raspberrypi 03:49:27.075 [main] INFO  edu.bjut.boudia.myMain - meter_8774876861833596571:73329241
raspberrypi 03:49:27.075 [main] INFO  edu.bjut.boudia.myMain - meter_6672050019580247393:repMsg
raspberrypi 03:49:27.075 [main] INFO  edu.bjut.boudia.myMain - meter_6672050019580247393:71309278
raspberrypi 03:49:27.075 [main] INFO  edu.bjut.boudia.myMain - meter_5582586147100267123:repMsg
raspberrypi 03:49:27.075 [main] INFO  edu.bjut.boudia.myMain - meter_5582586147100267123:71161611
raspberrypi 03:49:27.075 [main] INFO  edu.bjut.boudia.myMain - meter_2267832157501952369:repMsg
raspberrypi 03:49:27.075 [main] INFO  edu.bjut.boudia.myMain - meter_2267832157501952369:71736352
raspberrypi 03:49:27.075 [main] INFO  edu.bjut.boudia.myMain - meter_7509070700620081593:repMsg
raspberrypi 03:49:27.076 [main] INFO  edu.bjut.boudia.myMain - meter_7509070700620081593:72081907
raspberrypi 03:49:27.076 [main] INFO  edu.bjut.boudia.myMain - meter_3870317665549127419:repMsg
raspberrypi 03:49:27.076 [main] INFO  edu.bjut.boudia.myMain - meter_3870317665549127419:71971722
raspberrypi 03:49:27.076 [main] INFO  edu.bjut.boudia.myMain - meter_4805620145849384329:repMsg
raspberrypi 03:49:27.076 [main] INFO  edu.bjut.boudia.myMain - meter_4805620145849384329:72115019
raspberrypi 03:49:27.076 [main] INFO  edu.bjut.boudia.myMain - meter_6943817834927925013:repMsg
raspberrypi 03:49:27.076 [main] INFO  edu.bjut.boudia.myMain - meter_6943817834927925013:72942315
raspberrypi 03:49:27.076 [main] INFO  edu.bjut.boudia.myMain - meter_56577063273810913:repMsg
raspberrypi 03:49:27.076 [main] INFO  edu.bjut.boudia.myMain - meter_56577063273810913:70714296
raspberrypi 03:49:27.076 [main] INFO  edu.bjut.boudia.myMain - meter_29381974532753341:repMsg
raspberrypi 03:49:27.076 [main] INFO  edu.bjut.boudia.myMain - meter_29381974532753341:71517277
