raspberrypi 07:38:13.634 [main] INFO  edu.bjut.boudia.myMain - oneTimeMeterRegTime
raspberrypi 07:38:15.896 [main] INFO  edu.bjut.boudia.myMain - server:pubkey
raspberrypi 07:38:15.896 [main] INFO  edu.bjut.boudia.myMain - server:790463
raspberrypi 07:38:15.908 [main] INFO  edu.bjut.boudia.myMain - agg:regMsg,regMsg,regMsg,regMsg,regMsg,regMsg,regMsg,regMsg,regMsg,regMsg,regMsg,regMsg,regMsg,regMsg,regMsg,regMsg,regMsg,regMsg,regMsg,regMsg,regMsg,regMsg,regMsg,regMsg,regMsg,regMsg,regMsg,regMsg,regMsg,regMsg,regMsg,regMsg,regMsg,regMsg,regMsg,regMsg,regMsg,regMsg,regMsg,regMsg,regMsg,regMsg,regMsg,regMsg,regMsg,regMsg,regMsg,regMsg,regMsg,regMsg,regMsg,regMsg,regMsg,regMsg,regMsg,regMsg,regMsg,regMsg,regMsg,regMsg
raspberrypi 07:38:15.908 [main] INFO  edu.bjut.boudia.myMain - agg:18345889,18150926,18087148,18159667,18045870,18174833,18312333,18021777,18172018,18266426,18194019,18170593,18081888,18058130,18474778,17933000,18078611,18242722,17903815,18100148,21758333,21764203,21639982,21725834,19607796,18259981,18261296,18376352,18348185,18454685,18126574,18024055,17993537,17988463,18066889,17942333,18018796,17958130,17951333,17918222,17942333,17915408,17850426,17994278,17923130,17981314,17970166,17954352,18198537,18201870,17938648,17980223,17903963,17994019,17915630,17878666,17946888,17966148,18037148,17954296
raspberrypi 07:38:15.909 [main] INFO  edu.bjut.boudia.myMain - meter_8803385647028885769:regMsg,reg_backagg,reg_cc
raspberrypi 07:38:15.909 [main] INFO  edu.bjut.boudia.myMain - meter_8803385647028885769:9222,18438630,47722
raspberrypi 07:38:15.909 [main] INFO  edu.bjut.boudia.myMain - meter_6893987040195600735:regMsg,reg_backagg,reg_cc
raspberrypi 07:38:15.909 [main] INFO  edu.bjut.boudia.myMain - meter_6893987040195600735:2592,18103760,2926
raspberrypi 07:38:15.910 [main] INFO  edu.bjut.boudia.myMain - meter_7981404796264482233:regMsg,reg_backagg,reg_cc
raspberrypi 07:38:15.910 [main] INFO  edu.bjut.boudia.myMain - meter_7981404796264482233:2667,17906389,2963
raspberrypi 07:38:15.910 [main] INFO  edu.bjut.boudia.myMain - meter_1457751594678840949:regMsg,reg_backagg,reg_cc
raspberrypi 07:38:15.910 [main] INFO  edu.bjut.boudia.myMain - meter_1457751594678840949:2944,17911537,2778
raspberrypi 07:38:15.911 [main] INFO  edu.bjut.boudia.myMain - meter_8955318039442985663:regMsg,reg_backagg,reg_cc
raspberrypi 07:38:15.911 [main] INFO  edu.bjut.boudia.myMain - meter_8955318039442985663:2797,18238296,3000
raspberrypi 07:38:15.911 [main] INFO  edu.bjut.boudia.myMain - meter_547939161623473659:regMsg,reg_backagg,reg_cc
raspberrypi 07:38:15.911 [main] INFO  edu.bjut.boudia.myMain - meter_547939161623473659:2889,18409333,2723
raspberrypi 07:38:15.912 [main] INFO  edu.bjut.boudia.myMain - meter_5476259783610137881:regMsg,reg_backagg,reg_cc
raspberrypi 07:38:15.912 [main] INFO  edu.bjut.boudia.myMain - meter_5476259783610137881:2741,17954093,2926
raspberrypi 07:38:15.912 [main] INFO  edu.bjut.boudia.myMain - meter_642116525409052679:regMsg,reg_backagg,reg_cc
raspberrypi 07:38:15.912 [main] INFO  edu.bjut.boudia.myMain - meter_642116525409052679:3408,30697223,2278
raspberrypi 07:38:15.912 [main] INFO  edu.bjut.boudia.myMain - meter_275748835847372845:regMsg,reg_backagg,reg_cc
raspberrypi 07:38:15.912 [main] INFO  edu.bjut.boudia.myMain - meter_275748835847372845:2315,18411204,2759
raspberrypi 07:38:15.913 [main] INFO  edu.bjut.boudia.myMain - meter_1519133130843005533:regMsg,reg_backagg,reg_cc
raspberrypi 07:38:15.913 [main] INFO  edu.bjut.boudia.myMain - meter_1519133130843005533:2926,18307834,3019
raspberrypi 07:38:15.913 [main] INFO  edu.bjut.boudia.myMain - meter_4988443044962159851:regMsg,reg_backagg,reg_cc
raspberrypi 07:38:15.913 [main] INFO  edu.bjut.boudia.myMain - meter_4988443044962159851:2537,17950333,2926
raspberrypi 07:38:15.913 [main] INFO  edu.bjut.boudia.myMain - meter_8536162085240517909:regMsg,reg_backagg,reg_cc
raspberrypi 07:38:15.913 [main] INFO  edu.bjut.boudia.myMain - meter_8536162085240517909:2481,18279407,3148
raspberrypi 07:38:15.914 [main] INFO  edu.bjut.boudia.myMain - meter_742325374492373063:regMsg,reg_backagg,reg_cc
raspberrypi 07:38:15.914 [main] INFO  edu.bjut.boudia.myMain - meter_742325374492373063:2759,18338037,2870
raspberrypi 07:38:15.914 [main] INFO  edu.bjut.boudia.myMain - meter_7786525135998263557:regMsg,reg_backagg,reg_cc
raspberrypi 07:38:15.914 [main] INFO  edu.bjut.boudia.myMain - meter_7786525135998263557:2907,18360555,2926
raspberrypi 07:38:15.914 [main] INFO  edu.bjut.boudia.myMain - meter_3744955026875949481:regMsg,reg_backagg,reg_cc
raspberrypi 07:38:15.915 [main] INFO  edu.bjut.boudia.myMain - meter_3744955026875949481:2518,18064241,2871
raspberrypi 07:38:15.915 [main] INFO  edu.bjut.boudia.myMain - meter_2496460553037526037:regMsg,reg_backagg,reg_cc
raspberrypi 07:38:15.915 [main] INFO  edu.bjut.boudia.myMain - meter_2496460553037526037:2426,18276241,2889
raspberrypi 07:38:15.915 [main] INFO  edu.bjut.boudia.myMain - meter_6647743987678979009:regMsg,reg_backagg,reg_cc
raspberrypi 07:38:15.915 [main] INFO  edu.bjut.boudia.myMain - meter_6647743987678979009:2833,18054092,2759
raspberrypi 07:38:15.915 [main] INFO  edu.bjut.boudia.myMain - meter_6142812678303093419:regMsg,reg_backagg,reg_cc
raspberrypi 07:38:15.916 [main] INFO  edu.bjut.boudia.myMain - meter_6142812678303093419:2926,18175482,2944
raspberrypi 07:38:15.916 [main] INFO  edu.bjut.boudia.myMain - meter_5872611877574515381:regMsg,reg_backagg,reg_cc
raspberrypi 07:38:15.916 [main] INFO  edu.bjut.boudia.myMain - meter_5872611877574515381:2815,18033296,3370
raspberrypi 07:38:15.916 [main] INFO  edu.bjut.boudia.myMain - meter_2434800084147124085:regMsg,reg_backagg,reg_cc
raspberrypi 07:38:15.916 [main] INFO  edu.bjut.boudia.myMain - meter_2434800084147124085:2648,33725963,3037
raspberrypi 07:38:15.917 [main] INFO  edu.bjut.boudia.myMain - meter_7912248273115160255:regMsg,reg_backagg,reg_cc
raspberrypi 07:38:15.917 [main] INFO  edu.bjut.boudia.myMain - meter_7912248273115160255:2814,21725797,2777
raspberrypi 07:38:15.917 [main] INFO  edu.bjut.boudia.myMain - meter_5880667182106587883:regMsg,reg_backagg,reg_cc
raspberrypi 07:38:15.917 [main] INFO  edu.bjut.boudia.myMain - meter_5880667182106587883:2963,21691000,2703
raspberrypi 07:38:15.917 [main] INFO  edu.bjut.boudia.myMain - meter_3850366909032529099:regMsg,reg_backagg,reg_cc
raspberrypi 07:38:15.918 [main] INFO  edu.bjut.boudia.myMain - meter_3850366909032529099:2352,21610019,2926
raspberrypi 07:38:15.918 [main] INFO  edu.bjut.boudia.myMain - meter_1727599542068048957:regMsg,reg_backagg,reg_cc
raspberrypi 07:38:15.918 [main] INFO  edu.bjut.boudia.myMain - meter_1727599542068048957:2630,22413649,2981
raspberrypi 07:38:15.918 [main] INFO  edu.bjut.boudia.myMain - meter_6579087336425311189:regMsg,reg_backagg,reg_cc
raspberrypi 07:38:15.918 [main] INFO  edu.bjut.boudia.myMain - meter_6579087336425311189:2278,18323223,2796
raspberrypi 07:38:15.919 [main] INFO  edu.bjut.boudia.myMain - meter_5098569905705289653:regMsg,reg_backagg,reg_cc
raspberrypi 07:38:15.919 [main] INFO  edu.bjut.boudia.myMain - meter_5098569905705289653:2278,18582629,2740
raspberrypi 07:38:15.919 [main] INFO  edu.bjut.boudia.myMain - meter_694808783015519997:regMsg,reg_backagg,reg_cc
raspberrypi 07:38:15.919 [main] INFO  edu.bjut.boudia.myMain - meter_694808783015519997:2667,17952704,2945
raspberrypi 07:38:15.920 [main] INFO  edu.bjut.boudia.myMain - meter_3689094088302903689:regMsg,reg_backagg,reg_cc
raspberrypi 07:38:15.920 [main] INFO  edu.bjut.boudia.myMain - meter_3689094088302903689:2611,18563889,3351
raspberrypi 07:38:15.920 [main] INFO  edu.bjut.boudia.myMain - meter_5682433504997376377:regMsg,reg_backagg,reg_cc
raspberrypi 07:38:15.920 [main] INFO  edu.bjut.boudia.myMain - meter_5682433504997376377:2629,18617889,2797
raspberrypi 07:38:15.921 [main] INFO  edu.bjut.boudia.myMain - meter_7655734888170964191:regMsg,reg_backagg,reg_cc
raspberrypi 07:38:15.921 [main] INFO  edu.bjut.boudia.myMain - meter_7655734888170964191:2796,18643407,2704
raspberrypi 07:38:15.921 [main] INFO  edu.bjut.boudia.myMain - meter_7274847277799850333:regMsg,reg_backagg,reg_cc
raspberrypi 07:38:15.921 [main] INFO  edu.bjut.boudia.myMain - meter_7274847277799850333:2981,18164907,3018
raspberrypi 07:38:15.922 [main] INFO  edu.bjut.boudia.myMain - meter_3569039936527215903:regMsg,reg_backagg,reg_cc
raspberrypi 07:38:15.922 [main] INFO  edu.bjut.boudia.myMain - meter_3569039936527215903:4204,18490204,2630
raspberrypi 07:38:15.922 [main] INFO  edu.bjut.boudia.myMain - meter_314587487514482767:regMsg,reg_backagg,reg_cc
raspberrypi 07:38:15.922 [main] INFO  edu.bjut.boudia.myMain - meter_314587487514482767:2463,17783796,3056
raspberrypi 07:38:15.922 [main] INFO  edu.bjut.boudia.myMain - meter_7767787915387299973:regMsg,reg_backagg,reg_cc
raspberrypi 07:38:15.923 [main] INFO  edu.bjut.boudia.myMain - meter_7767787915387299973:3352,18325778,2888
raspberrypi 07:38:15.923 [main] INFO  edu.bjut.boudia.myMain - meter_1292886465252401243:regMsg,reg_backagg,reg_cc
raspberrypi 07:38:15.923 [main] INFO  edu.bjut.boudia.myMain - meter_1292886465252401243:2907,21921278,2778
raspberrypi 07:38:15.923 [main] INFO  edu.bjut.boudia.myMain - meter_8864128550915680591:regMsg,reg_backagg,reg_cc
raspberrypi 07:38:15.923 [main] INFO  edu.bjut.boudia.myMain - meter_8864128550915680591:2759,18124611,3037
raspberrypi 07:38:15.924 [main] INFO  edu.bjut.boudia.myMain - meter_1903313964587862837:regMsg,reg_backagg,reg_cc
raspberrypi 07:38:15.924 [main] INFO  edu.bjut.boudia.myMain - meter_1903313964587862837:2926,18151889,3611
raspberrypi 07:38:15.924 [main] INFO  edu.bjut.boudia.myMain - meter_8609317747435567637:regMsg,reg_backagg,reg_cc
raspberrypi 07:38:15.924 [main] INFO  edu.bjut.boudia.myMain - meter_8609317747435567637:2722,18070481,3334
raspberrypi 07:38:15.924 [main] INFO  edu.bjut.boudia.myMain - meter_2679422664186498437:regMsg,reg_backagg,reg_cc
raspberrypi 07:38:15.925 [main] INFO  edu.bjut.boudia.myMain - meter_2679422664186498437:2981,18259315,2703
raspberrypi 07:38:15.925 [main] INFO  edu.bjut.boudia.myMain - meter_5189586378230307233:regMsg,reg_backagg,reg_cc
raspberrypi 07:38:15.925 [main] INFO  edu.bjut.boudia.myMain - meter_5189586378230307233:2518,18101500,3092
raspberrypi 07:38:15.925 [main] INFO  edu.bjut.boudia.myMain - meter_8129105336018956301:regMsg,reg_backagg,reg_cc
raspberrypi 07:38:15.925 [main] INFO  edu.bjut.boudia.myMain - meter_8129105336018956301:2648,17894352,3278
raspberrypi 07:38:15.926 [main] INFO  edu.bjut.boudia.myMain - meter_4631143884779460625:regMsg,reg_backagg,reg_cc
raspberrypi 07:38:15.926 [main] INFO  edu.bjut.boudia.myMain - meter_4631143884779460625:2870,18116278,3481
raspberrypi 07:38:15.926 [main] INFO  edu.bjut.boudia.myMain - meter_2865907508712134149:regMsg,reg_backagg,reg_cc
raspberrypi 07:38:15.926 [main] INFO  edu.bjut.boudia.myMain - meter_2865907508712134149:2611,18104000,2981
raspberrypi 07:38:15.927 [main] INFO  edu.bjut.boudia.myMain - meter_822153339937705075:regMsg,reg_backagg,reg_cc
raspberrypi 07:38:15.927 [main] INFO  edu.bjut.boudia.myMain - meter_822153339937705075:2871,18057166,3074
raspberrypi 07:38:15.927 [main] INFO  edu.bjut.boudia.myMain - meter_8789843002519714989:regMsg,reg_backagg,reg_cc
raspberrypi 07:38:15.927 [main] INFO  edu.bjut.boudia.myMain - meter_8789843002519714989:3648,18177297,2852
raspberrypi 07:38:15.928 [main] INFO  edu.bjut.boudia.myMain - meter_8445989468210990159:regMsg,reg_backagg,reg_cc
raspberrypi 07:38:15.928 [main] INFO  edu.bjut.boudia.myMain - meter_8445989468210990159:2963,18078611,3000
raspberrypi 07:38:15.928 [main] INFO  edu.bjut.boudia.myMain - meter_2232411762393315667:regMsg,reg_backagg,reg_cc
raspberrypi 07:38:15.928 [main] INFO  edu.bjut.boudia.myMain - meter_2232411762393315667:2686,18381574,2944
raspberrypi 07:38:15.928 [main] INFO  edu.bjut.boudia.myMain - meter_8209469318076440361:regMsg,reg_backagg,reg_cc
raspberrypi 07:38:15.929 [main] INFO  edu.bjut.boudia.myMain - meter_8209469318076440361:3167,17733481,2852
raspberrypi 07:38:15.929 [main] INFO  edu.bjut.boudia.myMain - meter_7831235692802093759:regMsg,reg_backagg,reg_cc
raspberrypi 07:38:15.929 [main] INFO  edu.bjut.boudia.myMain - meter_7831235692802093759:3037,18224315,2926
raspberrypi 07:38:15.929 [main] INFO  edu.bjut.boudia.myMain - meter_8655354268988005445:regMsg,reg_backagg,reg_cc
raspberrypi 07:38:15.930 [main] INFO  edu.bjut.boudia.myMain - meter_8655354268988005445:2870,20088185,3037
raspberrypi 07:38:15.930 [main] INFO  edu.bjut.boudia.myMain - meter_6540373293643986833:regMsg,reg_backagg,reg_cc
raspberrypi 07:38:15.930 [main] INFO  edu.bjut.boudia.myMain - meter_6540373293643986833:2611,17885944,2963
raspberrypi 07:38:15.930 [main] INFO  edu.bjut.boudia.myMain - meter_76083428304592889:regMsg,reg_backagg,reg_cc
raspberrypi 07:38:15.930 [main] INFO  edu.bjut.boudia.myMain - meter_76083428304592889:2555,18028704,2944
raspberrypi 07:38:15.931 [main] INFO  edu.bjut.boudia.myMain - meter_2244195607431226243:regMsg,reg_backagg,reg_cc
raspberrypi 07:38:15.931 [main] INFO  edu.bjut.boudia.myMain - meter_2244195607431226243:2555,17837685,2797
raspberrypi 07:38:15.931 [main] INFO  edu.bjut.boudia.myMain - meter_4425459349476083761:regMsg,reg_backagg,reg_cc
raspberrypi 07:38:15.931 [main] INFO  edu.bjut.boudia.myMain - meter_4425459349476083761:2741,18114426,3352
raspberrypi 07:38:15.931 [main] INFO  edu.bjut.boudia.myMain - meter_3015147392933676509:regMsg,reg_backagg,reg_cc
raspberrypi 07:38:15.931 [main] INFO  edu.bjut.boudia.myMain - meter_3015147392933676509:2315,17930056,2963
raspberrypi 07:38:15.932 [main] INFO  edu.bjut.boudia.myMain - meter_2646152190412314067:regMsg,reg_backagg,reg_cc
raspberrypi 07:38:15.932 [main] INFO  edu.bjut.boudia.myMain - meter_2646152190412314067:2463,17937315,3408
raspberrypi 07:38:15.932 [main] INFO  edu.bjut.boudia.myMain - meter_9036876391924049345:regMsg,reg_backagg,reg_cc
raspberrypi 07:38:15.932 [main] INFO  edu.bjut.boudia.myMain - meter_9036876391924049345:2314,18219981,3074
raspberrypi 07:38:15.932 [main] INFO  edu.bjut.boudia.myMain - meter_264013211642030587:regMsg,reg_backagg,reg_cc
raspberrypi 07:38:15.932 [main] INFO  edu.bjut.boudia.myMain - meter_264013211642030587:2759,18552870,2722
raspberrypi 07:38:15.933 [main] INFO  edu.bjut.boudia.myMain - meter_1943117238839135373:regMsg,reg_backagg,reg_cc
raspberrypi 07:38:15.939 [main] INFO  edu.bjut.boudia.myMain - meter_1943117238839135373:2259,17894926,2445
raspberrypi 07:38:15.940 [main] INFO  edu.bjut.boudia.myMain - meter_3348035071240872931:regMsg,reg_backagg,reg_cc
raspberrypi 07:38:15.940 [main] INFO  edu.bjut.boudia.myMain - meter_3348035071240872931:2186,18190815,2741
raspberrypi 07:38:18.143 [main] INFO  edu.bjut.boudia.myMain - oneTimeMeterRepTime
raspberrypi 07:38:23.841 [main] INFO  edu.bjut.boudia.myMain - server:repMsg
raspberrypi 07:38:23.841 [main] INFO  edu.bjut.boudia.myMain - server:86900685
raspberrypi 07:38:23.842 [main] INFO  edu.bjut.boudia.myMain - agg:repMsg
raspberrypi 07:38:23.842 [main] INFO  edu.bjut.boudia.myMain - agg:1165994833
raspberrypi 07:38:23.842 [main] INFO  edu.bjut.boudia.myMain - meter_8803385647028885769:repMsg
raspberrypi 07:38:23.842 [main] INFO  edu.bjut.boudia.myMain - meter_8803385647028885769:126971426
raspberrypi 07:38:23.842 [main] INFO  edu.bjut.boudia.myMain - meter_6893987040195600735:repMsg
raspberrypi 07:38:23.843 [main] INFO  edu.bjut.boudia.myMain - meter_6893987040195600735:74923500
raspberrypi 07:38:23.843 [main] INFO  edu.bjut.boudia.myMain - meter_7981404796264482233:repMsg
raspberrypi 07:38:23.843 [main] INFO  edu.bjut.boudia.myMain - meter_7981404796264482233:77684592
raspberrypi 07:38:23.843 [main] INFO  edu.bjut.boudia.myMain - meter_1457751594678840949:repMsg
raspberrypi 07:38:23.843 [main] INFO  edu.bjut.boudia.myMain - meter_1457751594678840949:73768500
raspberrypi 07:38:23.843 [main] INFO  edu.bjut.boudia.myMain - meter_8955318039442985663:repMsg
raspberrypi 07:38:23.843 [main] INFO  edu.bjut.boudia.myMain - meter_8955318039442985663:74400981
raspberrypi 07:38:23.843 [main] INFO  edu.bjut.boudia.myMain - meter_547939161623473659:repMsg
raspberrypi 07:38:23.843 [main] INFO  edu.bjut.boudia.myMain - meter_547939161623473659:74093334
raspberrypi 07:38:23.844 [main] INFO  edu.bjut.boudia.myMain - meter_5476259783610137881:repMsg
raspberrypi 07:38:23.844 [main] INFO  edu.bjut.boudia.myMain - meter_5476259783610137881:72055019
raspberrypi 07:38:23.844 [main] INFO  edu.bjut.boudia.myMain - meter_642116525409052679:repMsg
raspberrypi 07:38:23.844 [main] INFO  edu.bjut.boudia.myMain - meter_642116525409052679:72388778
raspberrypi 07:38:23.844 [main] INFO  edu.bjut.boudia.myMain - meter_275748835847372845:repMsg
raspberrypi 07:38:23.844 [main] INFO  edu.bjut.boudia.myMain - meter_275748835847372845:71707037
raspberrypi 07:38:23.844 [main] INFO  edu.bjut.boudia.myMain - meter_1519133130843005533:repMsg
raspberrypi 07:38:23.845 [main] INFO  edu.bjut.boudia.myMain - meter_1519133130843005533:74766704
raspberrypi 07:38:23.845 [main] INFO  edu.bjut.boudia.myMain - meter_4988443044962159851:repMsg
raspberrypi 07:38:23.845 [main] INFO  edu.bjut.boudia.myMain - meter_4988443044962159851:72832482
raspberrypi 07:38:23.845 [main] INFO  edu.bjut.boudia.myMain - meter_8536162085240517909:repMsg
raspberrypi 07:38:23.845 [main] INFO  edu.bjut.boudia.myMain - meter_8536162085240517909:72576426
raspberrypi 07:38:23.845 [main] INFO  edu.bjut.boudia.myMain - meter_742325374492373063:repMsg
raspberrypi 07:38:23.845 [main] INFO  edu.bjut.boudia.myMain - meter_742325374492373063:72808389
raspberrypi 07:38:23.845 [main] INFO  edu.bjut.boudia.myMain - meter_7786525135998263557:repMsg
raspberrypi 07:38:23.845 [main] INFO  edu.bjut.boudia.myMain - meter_7786525135998263557:72965037
raspberrypi 07:38:23.846 [main] INFO  edu.bjut.boudia.myMain - meter_3744955026875949481:repMsg
raspberrypi 07:38:23.846 [main] INFO  edu.bjut.boudia.myMain - meter_3744955026875949481:73347445
raspberrypi 07:38:23.846 [main] INFO  edu.bjut.boudia.myMain - meter_2496460553037526037:repMsg
raspberrypi 07:38:23.846 [main] INFO  edu.bjut.boudia.myMain - meter_2496460553037526037:72406519
raspberrypi 07:38:23.846 [main] INFO  edu.bjut.boudia.myMain - meter_6647743987678979009:repMsg
raspberrypi 07:38:23.846 [main] INFO  edu.bjut.boudia.myMain - meter_6647743987678979009:72749277
raspberrypi 07:38:23.846 [main] INFO  edu.bjut.boudia.myMain - meter_6142812678303093419:repMsg
raspberrypi 07:38:23.847 [main] INFO  edu.bjut.boudia.myMain - meter_6142812678303093419:75297389
raspberrypi 07:38:23.847 [main] INFO  edu.bjut.boudia.myMain - meter_5872611877574515381:repMsg
raspberrypi 07:38:23.847 [main] INFO  edu.bjut.boudia.myMain - meter_5872611877574515381:73070685
raspberrypi 07:38:23.847 [main] INFO  edu.bjut.boudia.myMain - meter_2434800084147124085:repMsg
raspberrypi 07:38:23.847 [main] INFO  edu.bjut.boudia.myMain - meter_2434800084147124085:72561685
raspberrypi 07:38:23.847 [main] INFO  edu.bjut.boudia.myMain - meter_7912248273115160255:repMsg
raspberrypi 07:38:23.847 [main] INFO  edu.bjut.boudia.myMain - meter_7912248273115160255:72228463
raspberrypi 07:38:23.847 [main] INFO  edu.bjut.boudia.myMain - meter_5880667182106587883:repMsg
raspberrypi 07:38:23.848 [main] INFO  edu.bjut.boudia.myMain - meter_5880667182106587883:72844556
raspberrypi 07:38:23.848 [main] INFO  edu.bjut.boudia.myMain - meter_3850366909032529099:repMsg
raspberrypi 07:38:23.848 [main] INFO  edu.bjut.boudia.myMain - meter_3850366909032529099:72710000
raspberrypi 07:38:23.848 [main] INFO  edu.bjut.boudia.myMain - meter_1727599542068048957:repMsg
raspberrypi 07:38:23.848 [main] INFO  edu.bjut.boudia.myMain - meter_1727599542068048957:72357574
raspberrypi 07:38:23.848 [main] INFO  edu.bjut.boudia.myMain - meter_6579087336425311189:repMsg
raspberrypi 07:38:23.848 [main] INFO  edu.bjut.boudia.myMain - meter_6579087336425311189:74896426
raspberrypi 07:38:23.848 [main] INFO  edu.bjut.boudia.myMain - meter_5098569905705289653:repMsg
raspberrypi 07:38:23.848 [main] INFO  edu.bjut.boudia.myMain - meter_5098569905705289653:72430926
raspberrypi 07:38:23.849 [main] INFO  edu.bjut.boudia.myMain - meter_694808783015519997:repMsg
raspberrypi 07:38:23.849 [main] INFO  edu.bjut.boudia.myMain - meter_694808783015519997:72291056
raspberrypi 07:38:23.849 [main] INFO  edu.bjut.boudia.myMain - meter_3689094088302903689:repMsg
raspberrypi 07:38:23.849 [main] INFO  edu.bjut.boudia.myMain - meter_3689094088302903689:72050852
raspberrypi 07:38:23.849 [main] INFO  edu.bjut.boudia.myMain - meter_5682433504997376377:repMsg
raspberrypi 07:38:23.849 [main] INFO  edu.bjut.boudia.myMain - meter_5682433504997376377:72690018
raspberrypi 07:38:23.849 [main] INFO  edu.bjut.boudia.myMain - meter_7655734888170964191:repMsg
raspberrypi 07:38:23.849 [main] INFO  edu.bjut.boudia.myMain - meter_7655734888170964191:73072259
raspberrypi 07:38:23.849 [main] INFO  edu.bjut.boudia.myMain - meter_7274847277799850333:repMsg
raspberrypi 07:38:23.850 [main] INFO  edu.bjut.boudia.myMain - meter_7274847277799850333:72866814
raspberrypi 07:38:23.850 [main] INFO  edu.bjut.boudia.myMain - meter_3569039936527215903:repMsg
raspberrypi 07:38:23.850 [main] INFO  edu.bjut.boudia.myMain - meter_3569039936527215903:72484240
raspberrypi 07:38:23.850 [main] INFO  edu.bjut.boudia.myMain - meter_314587487514482767:repMsg
raspberrypi 07:38:23.850 [main] INFO  edu.bjut.boudia.myMain - meter_314587487514482767:74568685
raspberrypi 07:38:23.850 [main] INFO  edu.bjut.boudia.myMain - meter_7767787915387299973:repMsg
raspberrypi 07:38:23.850 [main] INFO  edu.bjut.boudia.myMain - meter_7767787915387299973:72500537
raspberrypi 07:38:23.850 [main] INFO  edu.bjut.boudia.myMain - meter_1292886465252401243:repMsg
raspberrypi 07:38:23.851 [main] INFO  edu.bjut.boudia.myMain - meter_1292886465252401243:72903185
raspberrypi 07:38:23.851 [main] INFO  edu.bjut.boudia.myMain - meter_8864128550915680591:repMsg
raspberrypi 07:38:23.851 [main] INFO  edu.bjut.boudia.myMain - meter_8864128550915680591:72456796
raspberrypi 07:38:23.851 [main] INFO  edu.bjut.boudia.myMain - meter_1903313964587862837:repMsg
raspberrypi 07:38:23.851 [main] INFO  edu.bjut.boudia.myMain - meter_1903313964587862837:72878574
raspberrypi 07:38:23.851 [main] INFO  edu.bjut.boudia.myMain - meter_8609317747435567637:repMsg
raspberrypi 07:38:23.851 [main] INFO  edu.bjut.boudia.myMain - meter_8609317747435567637:72773259
raspberrypi 07:38:23.851 [main] INFO  edu.bjut.boudia.myMain - meter_2679422664186498437:repMsg
raspberrypi 07:38:23.852 [main] INFO  edu.bjut.boudia.myMain - meter_2679422664186498437:73193685
raspberrypi 07:38:23.852 [main] INFO  edu.bjut.boudia.myMain - meter_5189586378230307233:repMsg
raspberrypi 07:38:23.852 [main] INFO  edu.bjut.boudia.myMain - meter_5189586378230307233:74826778
raspberrypi 07:38:23.852 [main] INFO  edu.bjut.boudia.myMain - meter_8129105336018956301:repMsg
raspberrypi 07:38:23.852 [main] INFO  edu.bjut.boudia.myMain - meter_8129105336018956301:72540630
raspberrypi 07:38:23.852 [main] INFO  edu.bjut.boudia.myMain - meter_4631143884779460625:repMsg
raspberrypi 07:38:23.852 [main] INFO  edu.bjut.boudia.myMain - meter_4631143884779460625:71917112
raspberrypi 07:38:23.852 [main] INFO  edu.bjut.boudia.myMain - meter_2865907508712134149:repMsg
raspberrypi 07:38:23.852 [main] INFO  edu.bjut.boudia.myMain - meter_2865907508712134149:73387871
raspberrypi 07:38:23.852 [main] INFO  edu.bjut.boudia.myMain - meter_822153339937705075:repMsg
raspberrypi 07:38:23.853 [main] INFO  edu.bjut.boudia.myMain - meter_822153339937705075:72949685
raspberrypi 07:38:23.853 [main] INFO  edu.bjut.boudia.myMain - meter_8789843002519714989:repMsg
raspberrypi 07:38:23.853 [main] INFO  edu.bjut.boudia.myMain - meter_8789843002519714989:72571537
raspberrypi 07:38:23.853 [main] INFO  edu.bjut.boudia.myMain - meter_8445989468210990159:repMsg
raspberrypi 07:38:23.853 [main] INFO  edu.bjut.boudia.myMain - meter_8445989468210990159:72476574
raspberrypi 07:38:23.853 [main] INFO  edu.bjut.boudia.myMain - meter_2232411762393315667:repMsg
raspberrypi 07:38:23.853 [main] INFO  edu.bjut.boudia.myMain - meter_2232411762393315667:73598463
raspberrypi 07:38:23.853 [main] INFO  edu.bjut.boudia.myMain - meter_8209469318076440361:repMsg
raspberrypi 07:38:23.853 [main] INFO  edu.bjut.boudia.myMain - meter_8209469318076440361:76059166
raspberrypi 07:38:23.854 [main] INFO  edu.bjut.boudia.myMain - meter_7831235692802093759:repMsg
raspberrypi 07:38:23.854 [main] INFO  edu.bjut.boudia.myMain - meter_7831235692802093759:72515481
raspberrypi 07:38:23.854 [main] INFO  edu.bjut.boudia.myMain - meter_8655354268988005445:repMsg
raspberrypi 07:38:23.854 [main] INFO  edu.bjut.boudia.myMain - meter_8655354268988005445:72149519
raspberrypi 07:38:23.854 [main] INFO  edu.bjut.boudia.myMain - meter_6540373293643986833:repMsg
raspberrypi 07:38:23.854 [main] INFO  edu.bjut.boudia.myMain - meter_6540373293643986833:72755963
raspberrypi 07:38:23.854 [main] INFO  edu.bjut.boudia.myMain - meter_76083428304592889:repMsg
raspberrypi 07:38:23.854 [main] INFO  edu.bjut.boudia.myMain - meter_76083428304592889:71833408
raspberrypi 07:38:23.854 [main] INFO  edu.bjut.boudia.myMain - meter_2244195607431226243:repMsg
raspberrypi 07:38:23.855 [main] INFO  edu.bjut.boudia.myMain - meter_2244195607431226243:72215222
raspberrypi 07:38:23.855 [main] INFO  edu.bjut.boudia.myMain - meter_4425459349476083761:repMsg
raspberrypi 07:38:23.855 [main] INFO  edu.bjut.boudia.myMain - meter_4425459349476083761:72301334
raspberrypi 07:38:23.855 [main] INFO  edu.bjut.boudia.myMain - meter_3015147392933676509:repMsg
raspberrypi 07:38:23.855 [main] INFO  edu.bjut.boudia.myMain - meter_3015147392933676509:76012056
raspberrypi 07:38:23.855 [main] INFO  edu.bjut.boudia.myMain - meter_2646152190412314067:repMsg
raspberrypi 07:38:23.855 [main] INFO  edu.bjut.boudia.myMain - meter_2646152190412314067:72388315
raspberrypi 07:38:23.855 [main] INFO  edu.bjut.boudia.myMain - meter_9036876391924049345:repMsg
raspberrypi 07:38:23.855 [main] INFO  edu.bjut.boudia.myMain - meter_9036876391924049345:72835222
raspberrypi 07:38:23.856 [main] INFO  edu.bjut.boudia.myMain - meter_264013211642030587:repMsg
raspberrypi 07:38:23.856 [main] INFO  edu.bjut.boudia.myMain - meter_264013211642030587:72040260
raspberrypi 07:38:23.856 [main] INFO  edu.bjut.boudia.myMain - meter_1943117238839135373:repMsg
raspberrypi 07:38:23.856 [main] INFO  edu.bjut.boudia.myMain - meter_1943117238839135373:72489944
raspberrypi 07:38:23.856 [main] INFO  edu.bjut.boudia.myMain - meter_3348035071240872931:repMsg
raspberrypi 07:38:23.856 [main] INFO  edu.bjut.boudia.myMain - meter_3348035071240872931:73329759
raspberrypi 07:38:32.777 [main] INFO  edu.bjut.boudia.myMain - oneTimeMeterRegTime
raspberrypi 07:38:34.575 [main] INFO  edu.bjut.boudia.myMain - server:pubkey
raspberrypi 07:38:34.576 [main] INFO  edu.bjut.boudia.myMain - server:3463
raspberrypi 07:38:34.577 [main] INFO  edu.bjut.boudia.myMain - agg:regMsg,regMsg,regMsg,regMsg,regMsg,regMsg,regMsg,regMsg,regMsg,regMsg,regMsg,regMsg,regMsg,regMsg,regMsg,regMsg,regMsg,regMsg,regMsg,regMsg,regMsg,regMsg,regMsg,regMsg,regMsg,regMsg,regMsg,regMsg,regMsg,regMsg,regMsg,regMsg,regMsg,regMsg,regMsg,regMsg,regMsg,regMsg,regMsg,regMsg,regMsg,regMsg,regMsg,regMsg,regMsg,regMsg,regMsg,regMsg,regMsg,regMsg
raspberrypi 07:38:34.577 [main] INFO  edu.bjut.boudia.myMain - agg:18004593,17902981,17901481,17907444,17863074,19769519,17862500,17841518,17844704,17788000,17897241,17804926,17805482,17823926,17869741,17794167,17813500,17931963,17866463,17866704,19803629,17870704,17825241,17940111,17873741,17764000,17867889,17954907,17862666,17869500,17979297,17882278,17903797,17828630,17948315,19640388,17928852,17816241,17847185,17806778,17916926,17759611,17856851,17894592,17803666,17870111,17694093,17856500,17735371,17830019
raspberrypi 07:38:34.577 [main] INFO  edu.bjut.boudia.myMain - meter_1595896732606073633:regMsg,reg_backagg,reg_cc
raspberrypi 07:38:34.577 [main] INFO  edu.bjut.boudia.myMain - meter_1595896732606073633:2111,18020685,5167
raspberrypi 07:38:34.578 [main] INFO  edu.bjut.boudia.myMain - meter_1431600446946918031:regMsg,reg_backagg,reg_cc
raspberrypi 07:38:34.578 [main] INFO  edu.bjut.boudia.myMain - meter_1431600446946918031:7203,18070445,4649
raspberrypi 07:38:34.578 [main] INFO  edu.bjut.boudia.myMain - meter_7910130031857174641:regMsg,reg_backagg,reg_cc
raspberrypi 07:38:34.578 [main] INFO  edu.bjut.boudia.myMain - meter_7910130031857174641:6666,18025944,5074
raspberrypi 07:38:34.578 [main] INFO  edu.bjut.boudia.myMain - meter_8750493057583470503:regMsg,reg_backagg,reg_cc
raspberrypi 07:38:34.578 [main] INFO  edu.bjut.boudia.myMain - meter_8750493057583470503:5297,17885593,4538
raspberrypi 07:38:34.578 [main] INFO  edu.bjut.boudia.myMain - meter_495161906888352787:regMsg,reg_backagg,reg_cc
raspberrypi 07:38:34.579 [main] INFO  edu.bjut.boudia.myMain - meter_495161906888352787:5982,17841741,4240
raspberrypi 07:38:34.579 [main] INFO  edu.bjut.boudia.myMain - meter_2359640539418890491:regMsg,reg_backagg,reg_cc
raspberrypi 07:38:34.579 [main] INFO  edu.bjut.boudia.myMain - meter_2359640539418890491:6778,17843518,4444
raspberrypi 07:38:34.579 [main] INFO  edu.bjut.boudia.myMain - meter_5320776818874819633:regMsg,reg_backagg,reg_cc
raspberrypi 07:38:34.579 [main] INFO  edu.bjut.boudia.myMain - meter_5320776818874819633:24129,17753649,4407
raspberrypi 07:38:34.579 [main] INFO  edu.bjut.boudia.myMain - meter_3293750653507296155:regMsg,reg_backagg,reg_cc
raspberrypi 07:38:34.579 [main] INFO  edu.bjut.boudia.myMain - meter_3293750653507296155:7148,17744037,47945
raspberrypi 07:38:34.579 [main] INFO  edu.bjut.boudia.myMain - meter_4977010658441124701:regMsg,reg_backagg,reg_cc
raspberrypi 07:38:34.579 [main] INFO  edu.bjut.boudia.myMain - meter_4977010658441124701:7649,17806556,2371
raspberrypi 07:38:34.580 [main] INFO  edu.bjut.boudia.myMain - meter_6745845410636920499:regMsg,reg_backagg,reg_cc
raspberrypi 07:38:34.580 [main] INFO  edu.bjut.boudia.myMain - meter_6745845410636920499:7148,18011259,2426
raspberrypi 07:38:34.580 [main] INFO  edu.bjut.boudia.myMain - meter_2334166244398194655:regMsg,reg_backagg,reg_cc
raspberrypi 07:38:34.580 [main] INFO  edu.bjut.boudia.myMain - meter_2334166244398194655:6685,17654704,2186
raspberrypi 07:38:34.580 [main] INFO  edu.bjut.boudia.myMain - meter_4437906861177970063:regMsg,reg_backagg,reg_cc
raspberrypi 07:38:34.580 [main] INFO  edu.bjut.boudia.myMain - meter_4437906861177970063:6074,18189852,2185
raspberrypi 07:38:34.580 [main] INFO  edu.bjut.boudia.myMain - meter_8738021646788014453:regMsg,reg_backagg,reg_cc
raspberrypi 07:38:34.581 [main] INFO  edu.bjut.boudia.myMain - meter_8738021646788014453:4982,17931296,2130
raspberrypi 07:38:34.581 [main] INFO  edu.bjut.boudia.myMain - meter_333545108107890987:regMsg,reg_backagg,reg_cc
raspberrypi 07:38:34.581 [main] INFO  edu.bjut.boudia.myMain - meter_333545108107890987:7149,17901963,2166
raspberrypi 07:38:34.581 [main] INFO  edu.bjut.boudia.myMain - meter_2365396363891175383:regMsg,reg_backagg,reg_cc
raspberrypi 07:38:34.581 [main] INFO  edu.bjut.boudia.myMain - meter_2365396363891175383:6111,18146278,2722
raspberrypi 07:38:34.581 [main] INFO  edu.bjut.boudia.myMain - meter_6219020635900593023:regMsg,reg_backagg,reg_cc
raspberrypi 07:38:34.581 [main] INFO  edu.bjut.boudia.myMain - meter_6219020635900593023:6333,17864426,2019
raspberrypi 07:38:34.581 [main] INFO  edu.bjut.boudia.myMain - meter_6999899632960460393:regMsg,reg_backagg,reg_cc
raspberrypi 07:38:34.581 [main] INFO  edu.bjut.boudia.myMain - meter_6999899632960460393:5593,17651704,1778
raspberrypi 07:38:34.582 [main] INFO  edu.bjut.boudia.myMain - meter_8971833662902185149:regMsg,reg_backagg,reg_cc
raspberrypi 07:38:34.582 [main] INFO  edu.bjut.boudia.myMain - meter_8971833662902185149:5797,17744111,1926
raspberrypi 07:38:34.582 [main] INFO  edu.bjut.boudia.myMain - meter_3603392282622958585:regMsg,reg_backagg,reg_cc
raspberrypi 07:38:34.582 [main] INFO  edu.bjut.boudia.myMain - meter_3603392282622958585:5685,18002556,1408
raspberrypi 07:38:34.582 [main] INFO  edu.bjut.boudia.myMain - meter_7778589527716566405:regMsg,reg_backagg,reg_cc
raspberrypi 07:38:34.582 [main] INFO  edu.bjut.boudia.myMain - meter_7778589527716566405:6685,17982407,2018
raspberrypi 07:38:34.582 [main] INFO  edu.bjut.boudia.myMain - meter_3331771350844284713:regMsg,reg_backagg,reg_cc
raspberrypi 07:38:34.582 [main] INFO  edu.bjut.boudia.myMain - meter_3331771350844284713:6741,18022944,2407
raspberrypi 07:38:34.582 [main] INFO  edu.bjut.boudia.myMain - meter_1902328947252290797:regMsg,reg_backagg,reg_cc
raspberrypi 07:38:34.583 [main] INFO  edu.bjut.boudia.myMain - meter_1902328947252290797:6648,17929055,3000
raspberrypi 07:38:34.583 [main] INFO  edu.bjut.boudia.myMain - meter_5956827227029049955:regMsg,reg_backagg,reg_cc
raspberrypi 07:38:34.583 [main] INFO  edu.bjut.boudia.myMain - meter_5956827227029049955:6685,17942704,2148
raspberrypi 07:38:34.583 [main] INFO  edu.bjut.boudia.myMain - meter_6557928149043436087:regMsg,reg_backagg,reg_cc
raspberrypi 07:38:34.583 [main] INFO  edu.bjut.boudia.myMain - meter_6557928149043436087:6593,17904889,2278
raspberrypi 07:38:34.583 [main] INFO  edu.bjut.boudia.myMain - meter_5970579835202455099:regMsg,reg_backagg,reg_cc
raspberrypi 07:38:34.583 [main] INFO  edu.bjut.boudia.myMain - meter_5970579835202455099:5778,18099074,1982
raspberrypi 07:38:34.583 [main] INFO  edu.bjut.boudia.myMain - meter_5876821035241394339:regMsg,reg_backagg,reg_cc
raspberrypi 07:38:34.583 [main] INFO  edu.bjut.boudia.myMain - meter_5876821035241394339:6092,18303000,2389
raspberrypi 07:38:34.584 [main] INFO  edu.bjut.boudia.myMain - meter_2231078826221429899:regMsg,reg_backagg,reg_cc
raspberrypi 07:38:34.584 [main] INFO  edu.bjut.boudia.myMain - meter_2231078826221429899:7185,18311352,2648
raspberrypi 07:38:34.584 [main] INFO  edu.bjut.boudia.myMain - meter_5534404448107763867:regMsg,reg_backagg,reg_cc
raspberrypi 07:38:34.584 [main] INFO  edu.bjut.boudia.myMain - meter_5534404448107763867:6574,17981555,2759
raspberrypi 07:38:34.584 [main] INFO  edu.bjut.boudia.myMain - meter_1977131365740274311:regMsg,reg_backagg,reg_cc
raspberrypi 07:38:34.584 [main] INFO  edu.bjut.boudia.myMain - meter_1977131365740274311:6296,17927759,2185
raspberrypi 07:38:34.584 [main] INFO  edu.bjut.boudia.myMain - meter_5596536855879198643:regMsg,reg_backagg,reg_cc
raspberrypi 07:38:34.584 [main] INFO  edu.bjut.boudia.myMain - meter_5596536855879198643:6148,18042963,2297
raspberrypi 07:38:34.584 [main] INFO  edu.bjut.boudia.myMain - meter_8792895541414078097:regMsg,reg_backagg,reg_cc
raspberrypi 07:38:34.585 [main] INFO  edu.bjut.boudia.myMain - meter_8792895541414078097:6278,17641537,2500
raspberrypi 07:38:34.586 [main] INFO  edu.bjut.boudia.myMain - meter_1838171063707859635:regMsg,reg_backagg,reg_cc
raspberrypi 07:38:34.586 [main] INFO  edu.bjut.boudia.myMain - meter_1838171063707859635:5982,17936500,2407
raspberrypi 07:38:34.586 [main] INFO  edu.bjut.boudia.myMain - meter_6882414200327043593:regMsg,reg_backagg,reg_cc
raspberrypi 07:38:34.587 [main] INFO  edu.bjut.boudia.myMain - meter_6882414200327043593:5778,17743482,2963
raspberrypi 07:38:34.587 [main] INFO  edu.bjut.boudia.myMain - meter_6205743249183528401:regMsg,reg_backagg,reg_cc
raspberrypi 07:38:34.587 [main] INFO  edu.bjut.boudia.myMain - meter_6205743249183528401:6000,17822000,2203
raspberrypi 07:38:34.587 [main] INFO  edu.bjut.boudia.myMain - meter_6186715048121185135:regMsg,reg_backagg,reg_cc
raspberrypi 07:38:34.587 [main] INFO  edu.bjut.boudia.myMain - meter_6186715048121185135:6426,17989944,2037
raspberrypi 07:38:34.587 [main] INFO  edu.bjut.boudia.myMain - meter_5190208350120160257:regMsg,reg_backagg,reg_cc
raspberrypi 07:38:34.587 [main] INFO  edu.bjut.boudia.myMain - meter_5190208350120160257:6870,17784834,2482
raspberrypi 07:38:34.587 [main] INFO  edu.bjut.boudia.myMain - meter_135610305896223923:regMsg,reg_backagg,reg_cc
raspberrypi 07:38:34.587 [main] INFO  edu.bjut.boudia.myMain - meter_135610305896223923:6112,17534129,2334
raspberrypi 07:38:34.587 [main] INFO  edu.bjut.boudia.myMain - meter_2846956292718738763:regMsg,reg_backagg,reg_cc
raspberrypi 07:38:34.588 [main] INFO  edu.bjut.boudia.myMain - meter_2846956292718738763:5926,17828185,2111
raspberrypi 07:38:34.588 [main] INFO  edu.bjut.boudia.myMain - meter_5829419075601910801:regMsg,reg_backagg,reg_cc
raspberrypi 07:38:34.588 [main] INFO  edu.bjut.boudia.myMain - meter_5829419075601910801:5315,17980537,2259
raspberrypi 07:38:34.588 [main] INFO  edu.bjut.boudia.myMain - meter_3393564505946365731:regMsg,reg_backagg,reg_cc
raspberrypi 07:38:34.588 [main] INFO  edu.bjut.boudia.myMain - meter_3393564505946365731:5240,17732704,2093
raspberrypi 07:38:34.588 [main] INFO  edu.bjut.boudia.myMain - meter_677923945025856857:regMsg,reg_backagg,reg_cc
raspberrypi 07:38:34.588 [main] INFO  edu.bjut.boudia.myMain - meter_677923945025856857:5870,17985982,2000
raspberrypi 07:38:34.588 [main] INFO  edu.bjut.boudia.myMain - meter_839184316623663049:regMsg,reg_backagg,reg_cc
raspberrypi 07:38:34.588 [main] INFO  edu.bjut.boudia.myMain - meter_839184316623663049:5444,17803129,2648
raspberrypi 07:38:34.588 [main] INFO  edu.bjut.boudia.myMain - meter_2640281609203316565:regMsg,reg_backagg,reg_cc
raspberrypi 07:38:34.589 [main] INFO  edu.bjut.boudia.myMain - meter_2640281609203316565:6352,18100833,2315
raspberrypi 07:38:34.589 [main] INFO  edu.bjut.boudia.myMain - meter_2735700157347365387:regMsg,reg_backagg,reg_cc
raspberrypi 07:38:34.589 [main] INFO  edu.bjut.boudia.myMain - meter_2735700157347365387:5685,17728167,2074
raspberrypi 07:38:34.589 [main] INFO  edu.bjut.boudia.myMain - meter_2765061671268878181:regMsg,reg_backagg,reg_cc
raspberrypi 07:38:34.589 [main] INFO  edu.bjut.boudia.myMain - meter_2765061671268878181:6222,17954834,2037
raspberrypi 07:38:34.589 [main] INFO  edu.bjut.boudia.myMain - meter_2283080722785470919:regMsg,reg_backagg,reg_cc
raspberrypi 07:38:34.589 [main] INFO  edu.bjut.boudia.myMain - meter_2283080722785470919:5944,17699611,2185
raspberrypi 07:38:34.589 [main] INFO  edu.bjut.boudia.myMain - meter_2923922703823084377:regMsg,reg_backagg,reg_cc
raspberrypi 07:38:34.589 [main] INFO  edu.bjut.boudia.myMain - meter_2923922703823084377:6481,18167407,1926
raspberrypi 07:38:34.590 [main] INFO  edu.bjut.boudia.myMain - meter_2863469674262708785:regMsg,reg_backagg,reg_cc
raspberrypi 07:38:34.590 [main] INFO  edu.bjut.boudia.myMain - meter_2863469674262708785:5963,18077111,1945
raspberrypi 07:38:34.590 [main] INFO  edu.bjut.boudia.myMain - meter_2918400757982047693:regMsg,reg_backagg,reg_cc
raspberrypi 07:38:34.590 [main] INFO  edu.bjut.boudia.myMain - meter_2918400757982047693:5296,18072519,3185
raspberrypi 07:38:34.590 [main] INFO  edu.bjut.boudia.myMain - meter_3188839938159709469:regMsg,reg_backagg,reg_cc
raspberrypi 07:38:34.590 [main] INFO  edu.bjut.boudia.myMain - meter_3188839938159709469:6241,17925963,2074
raspberrypi 07:38:36.391 [main] INFO  edu.bjut.boudia.myMain - oneTimeMeterRepTime
raspberrypi 07:38:41.072 [main] INFO  edu.bjut.boudia.myMain - server:repMsg
raspberrypi 07:38:41.072 [main] INFO  edu.bjut.boudia.myMain - server:87132426
raspberrypi 07:38:41.072 [main] INFO  edu.bjut.boudia.myMain - agg:repMsg
raspberrypi 07:38:41.072 [main] INFO  edu.bjut.boudia.myMain - agg:968353240
raspberrypi 07:38:41.072 [main] INFO  edu.bjut.boudia.myMain - meter_1595896732606073633:repMsg
raspberrypi 07:38:41.072 [main] INFO  edu.bjut.boudia.myMain - meter_1595896732606073633:72191481
raspberrypi 07:38:41.072 [main] INFO  edu.bjut.boudia.myMain - meter_1431600446946918031:repMsg
raspberrypi 07:38:41.072 [main] INFO  edu.bjut.boudia.myMain - meter_1431600446946918031:71844185
raspberrypi 07:38:41.072 [main] INFO  edu.bjut.boudia.myMain - meter_7910130031857174641:repMsg
raspberrypi 07:38:41.073 [main] INFO  edu.bjut.boudia.myMain - meter_7910130031857174641:72090203
raspberrypi 07:38:41.073 [main] INFO  edu.bjut.boudia.myMain - meter_8750493057583470503:repMsg
raspberrypi 07:38:41.073 [main] INFO  edu.bjut.boudia.myMain - meter_8750493057583470503:72527407
raspberrypi 07:38:41.073 [main] INFO  edu.bjut.boudia.myMain - meter_495161906888352787:repMsg
raspberrypi 07:38:41.073 [main] INFO  edu.bjut.boudia.myMain - meter_495161906888352787:72117389
raspberrypi 07:38:41.073 [main] INFO  edu.bjut.boudia.myMain - meter_2359640539418890491:repMsg
raspberrypi 07:38:41.073 [main] INFO  edu.bjut.boudia.myMain - meter_2359640539418890491:74920444
raspberrypi 07:38:41.073 [main] INFO  edu.bjut.boudia.myMain - meter_5320776818874819633:repMsg
raspberrypi 07:38:41.073 [main] INFO  edu.bjut.boudia.myMain - meter_5320776818874819633:73745667
raspberrypi 07:38:41.073 [main] INFO  edu.bjut.boudia.myMain - meter_3293750653507296155:repMsg
raspberrypi 07:38:41.073 [main] INFO  edu.bjut.boudia.myMain - meter_3293750653507296155:72676204
raspberrypi 07:38:41.074 [main] INFO  edu.bjut.boudia.myMain - meter_4977010658441124701:repMsg
raspberrypi 07:38:41.074 [main] INFO  edu.bjut.boudia.myMain - meter_4977010658441124701:73962278
raspberrypi 07:38:41.074 [main] INFO  edu.bjut.boudia.myMain - meter_6745845410636920499:repMsg
raspberrypi 07:38:41.074 [main] INFO  edu.bjut.boudia.myMain - meter_6745845410636920499:72286185
raspberrypi 07:38:41.074 [main] INFO  edu.bjut.boudia.myMain - meter_2334166244398194655:repMsg
raspberrypi 07:38:41.074 [main] INFO  edu.bjut.boudia.myMain - meter_2334166244398194655:71768389
raspberrypi 07:38:41.074 [main] INFO  edu.bjut.boudia.myMain - meter_4437906861177970063:repMsg
raspberrypi 07:38:41.075 [main] INFO  edu.bjut.boudia.myMain - meter_4437906861177970063:72230815
raspberrypi 07:38:41.075 [main] INFO  edu.bjut.boudia.myMain - meter_8738021646788014453:repMsg
raspberrypi 07:38:41.075 [main] INFO  edu.bjut.boudia.myMain - meter_8738021646788014453:74697055
raspberrypi 07:38:41.075 [main] INFO  edu.bjut.boudia.myMain - meter_333545108107890987:repMsg
raspberrypi 07:38:41.075 [main] INFO  edu.bjut.boudia.myMain - meter_333545108107890987:71463759
raspberrypi 07:38:41.075 [main] INFO  edu.bjut.boudia.myMain - meter_2365396363891175383:repMsg
raspberrypi 07:38:41.075 [main] INFO  edu.bjut.boudia.myMain - meter_2365396363891175383:71888371
raspberrypi 07:38:41.075 [main] INFO  edu.bjut.boudia.myMain - meter_6219020635900593023:repMsg
raspberrypi 07:38:41.075 [main] INFO  edu.bjut.boudia.myMain - meter_6219020635900593023:72485630
raspberrypi 07:38:41.075 [main] INFO  edu.bjut.boudia.myMain - meter_6999899632960460393:repMsg
raspberrypi 07:38:41.076 [main] INFO  edu.bjut.boudia.myMain - meter_6999899632960460393:72919593
raspberrypi 07:38:41.076 [main] INFO  edu.bjut.boudia.myMain - meter_8971833662902185149:repMsg
raspberrypi 07:38:41.076 [main] INFO  edu.bjut.boudia.myMain - meter_8971833662902185149:71696426
raspberrypi 07:38:41.076 [main] INFO  edu.bjut.boudia.myMain - meter_3603392282622958585:repMsg
raspberrypi 07:38:41.076 [main] INFO  edu.bjut.boudia.myMain - meter_3603392282622958585:71845407
raspberrypi 07:38:41.076 [main] INFO  edu.bjut.boudia.myMain - meter_7778589527716566405:repMsg
raspberrypi 07:38:41.076 [main] INFO  edu.bjut.boudia.myMain - meter_7778589527716566405:72307167
raspberrypi 07:38:41.076 [main] INFO  edu.bjut.boudia.myMain - meter_3331771350844284713:repMsg
raspberrypi 07:38:41.076 [main] INFO  edu.bjut.boudia.myMain - meter_3331771350844284713:74163148
raspberrypi 07:38:41.076 [main] INFO  edu.bjut.boudia.myMain - meter_1902328947252290797:repMsg
raspberrypi 07:38:41.076 [main] INFO  edu.bjut.boudia.myMain - meter_1902328947252290797:72388352
raspberrypi 07:38:41.076 [main] INFO  edu.bjut.boudia.myMain - meter_5956827227029049955:repMsg
raspberrypi 07:38:41.077 [main] INFO  edu.bjut.boudia.myMain - meter_5956827227029049955:72245926
raspberrypi 07:38:41.077 [main] INFO  edu.bjut.boudia.myMain - meter_6557928149043436087:repMsg
raspberrypi 07:38:41.077 [main] INFO  edu.bjut.boudia.myMain - meter_6557928149043436087:71771945
raspberrypi 07:38:41.077 [main] INFO  edu.bjut.boudia.myMain - meter_5970579835202455099:repMsg
raspberrypi 07:38:41.077 [main] INFO  edu.bjut.boudia.myMain - meter_5970579835202455099:72294648
raspberrypi 07:38:41.077 [main] INFO  edu.bjut.boudia.myMain - meter_5876821035241394339:repMsg
raspberrypi 07:38:41.077 [main] INFO  edu.bjut.boudia.myMain - meter_5876821035241394339:72148482
raspberrypi 07:38:41.077 [main] INFO  edu.bjut.boudia.myMain - meter_2231078826221429899:repMsg
raspberrypi 07:38:41.077 [main] INFO  edu.bjut.boudia.myMain - meter_2231078826221429899:72233241
raspberrypi 07:38:41.077 [main] INFO  edu.bjut.boudia.myMain - meter_5534404448107763867:repMsg
raspberrypi 07:38:41.077 [main] INFO  edu.bjut.boudia.myMain - meter_5534404448107763867:73288426
raspberrypi 07:38:41.078 [main] INFO  edu.bjut.boudia.myMain - meter_1977131365740274311:repMsg
raspberrypi 07:38:41.078 [main] INFO  edu.bjut.boudia.myMain - meter_1977131365740274311:72238333
raspberrypi 07:38:41.078 [main] INFO  edu.bjut.boudia.myMain - meter_5596536855879198643:repMsg
raspberrypi 07:38:41.078 [main] INFO  edu.bjut.boudia.myMain - meter_5596536855879198643:72102203
raspberrypi 07:38:41.078 [main] INFO  edu.bjut.boudia.myMain - meter_8792895541414078097:repMsg
raspberrypi 07:38:41.078 [main] INFO  edu.bjut.boudia.myMain - meter_8792895541414078097:72081333
raspberrypi 07:38:41.078 [main] INFO  edu.bjut.boudia.myMain - meter_1838171063707859635:repMsg
raspberrypi 07:38:41.078 [main] INFO  edu.bjut.boudia.myMain - meter_1838171063707859635:71746740
raspberrypi 07:38:41.078 [main] INFO  edu.bjut.boudia.myMain - meter_6882414200327043593:repMsg
raspberrypi 07:38:41.078 [main] INFO  edu.bjut.boudia.myMain - meter_6882414200327043593:71629722
raspberrypi 07:38:41.078 [main] INFO  edu.bjut.boudia.myMain - meter_6205743249183528401:repMsg
raspberrypi 07:38:41.079 [main] INFO  edu.bjut.boudia.myMain - meter_6205743249183528401:72409481
raspberrypi 07:38:41.079 [main] INFO  edu.bjut.boudia.myMain - meter_6186715048121185135:repMsg
raspberrypi 07:38:41.079 [main] INFO  edu.bjut.boudia.myMain - meter_6186715048121185135:72527703
raspberrypi 07:38:41.079 [main] INFO  edu.bjut.boudia.myMain - meter_5190208350120160257:repMsg
raspberrypi 07:38:41.079 [main] INFO  edu.bjut.boudia.myMain - meter_5190208350120160257:73625778
raspberrypi 07:38:41.079 [main] INFO  edu.bjut.boudia.myMain - meter_135610305896223923:repMsg
raspberrypi 07:38:41.079 [main] INFO  edu.bjut.boudia.myMain - meter_135610305896223923:72133481
raspberrypi 07:38:41.079 [main] INFO  edu.bjut.boudia.myMain - meter_2846956292718738763:repMsg
raspberrypi 07:38:41.079 [main] INFO  edu.bjut.boudia.myMain - meter_2846956292718738763:72322907
raspberrypi 07:38:41.079 [main] INFO  edu.bjut.boudia.myMain - meter_5829419075601910801:repMsg
raspberrypi 07:38:41.079 [main] INFO  edu.bjut.boudia.myMain - meter_5829419075601910801:71414537
raspberrypi 07:38:41.080 [main] INFO  edu.bjut.boudia.myMain - meter_3393564505946365731:repMsg
raspberrypi 07:38:41.080 [main] INFO  edu.bjut.boudia.myMain - meter_3393564505946365731:72044370
raspberrypi 07:38:41.080 [main] INFO  edu.bjut.boudia.myMain - meter_677923945025856857:repMsg
raspberrypi 07:38:41.080 [main] INFO  edu.bjut.boudia.myMain - meter_677923945025856857:72197389
raspberrypi 07:38:41.080 [main] INFO  edu.bjut.boudia.myMain - meter_839184316623663049:repMsg
raspberrypi 07:38:41.080 [main] INFO  edu.bjut.boudia.myMain - meter_839184316623663049:72199129
raspberrypi 07:38:41.080 [main] INFO  edu.bjut.boudia.myMain - meter_2640281609203316565:repMsg
raspberrypi 07:38:41.081 [main] INFO  edu.bjut.boudia.myMain - meter_2640281609203316565:74872925
raspberrypi 07:38:41.081 [main] INFO  edu.bjut.boudia.myMain - meter_2735700157347365387:repMsg
raspberrypi 07:38:41.081 [main] INFO  edu.bjut.boudia.myMain - meter_2735700157347365387:72243055
raspberrypi 07:38:41.081 [main] INFO  edu.bjut.boudia.myMain - meter_2765061671268878181:repMsg
raspberrypi 07:38:41.081 [main] INFO  edu.bjut.boudia.myMain - meter_2765061671268878181:71489148
raspberrypi 07:38:41.081 [main] INFO  edu.bjut.boudia.myMain - meter_2283080722785470919:repMsg
raspberrypi 07:38:41.081 [main] INFO  edu.bjut.boudia.myMain - meter_2283080722785470919:71630852
raspberrypi 07:38:41.082 [main] INFO  edu.bjut.boudia.myMain - meter_2923922703823084377:repMsg
raspberrypi 07:38:41.082 [main] INFO  edu.bjut.boudia.myMain - meter_2923922703823084377:72081685
raspberrypi 07:38:41.082 [main] INFO  edu.bjut.boudia.myMain - meter_2863469674262708785:repMsg
raspberrypi 07:38:41.082 [main] INFO  edu.bjut.boudia.myMain - meter_2863469674262708785:71868778
raspberrypi 07:38:41.082 [main] INFO  edu.bjut.boudia.myMain - meter_2918400757982047693:repMsg
raspberrypi 07:38:41.082 [main] INFO  edu.bjut.boudia.myMain - meter_2918400757982047693:73341334
raspberrypi 07:38:41.082 [main] INFO  edu.bjut.boudia.myMain - meter_3188839938159709469:repMsg
raspberrypi 07:38:41.083 [main] INFO  edu.bjut.boudia.myMain - meter_3188839938159709469:73087111
raspberrypi 07:38:47.795 [main] INFO  edu.bjut.boudia.myMain - oneTimeMeterRegTime
raspberrypi 07:38:49.233 [main] INFO  edu.bjut.boudia.myMain - server:pubkey
raspberrypi 07:38:49.234 [main] INFO  edu.bjut.boudia.myMain - server:6796
raspberrypi 07:38:49.234 [main] INFO  edu.bjut.boudia.myMain - agg:regMsg,regMsg,regMsg,regMsg,regMsg,regMsg,regMsg,regMsg,regMsg,regMsg,regMsg,regMsg,regMsg,regMsg,regMsg,regMsg,regMsg,regMsg,regMsg,regMsg,regMsg,regMsg,regMsg,regMsg,regMsg,regMsg,regMsg,regMsg,regMsg,regMsg,regMsg,regMsg,regMsg,regMsg,regMsg,regMsg,regMsg,regMsg,regMsg,regMsg
raspberrypi 07:38:49.234 [main] INFO  edu.bjut.boudia.myMain - agg:18442352,17838926,17808648,17846741,17827333,17747889,17834055,17715315,17755444,17844685,17842389,17784408,17838315,17800278,17759611,17784981,17822648,17815722,17803389,17852389,17875315,17885611,17867888,17841092,17776648,17875482,17877592,17835759,17783444,17742426,17817019,17865648,17878093,17928741,17924333,18018463,18128648,17896741,17801333,17799667
raspberrypi 07:38:49.234 [main] INFO  edu.bjut.boudia.myMain - meter_2396653085234117993:regMsg,reg_backagg,reg_cc
raspberrypi 07:38:49.234 [main] INFO  edu.bjut.boudia.myMain - meter_2396653085234117993:4481,18076334,1759
raspberrypi 07:38:49.235 [main] INFO  edu.bjut.boudia.myMain - meter_3726445731251434987:regMsg,reg_backagg,reg_cc
raspberrypi 07:38:49.235 [main] INFO  edu.bjut.boudia.myMain - meter_3726445731251434987:6204,17589463,2019
raspberrypi 07:38:49.235 [main] INFO  edu.bjut.boudia.myMain - meter_1963887276801591391:regMsg,reg_backagg,reg_cc
raspberrypi 07:38:49.235 [main] INFO  edu.bjut.boudia.myMain - meter_1963887276801591391:5371,17947481,2351
raspberrypi 07:38:49.235 [main] INFO  edu.bjut.boudia.myMain - meter_2308604895026046215:regMsg,reg_backagg,reg_cc
raspberrypi 07:38:49.235 [main] INFO  edu.bjut.boudia.myMain - meter_2308604895026046215:5723,17973241,1871
raspberrypi 07:38:49.235 [main] INFO  edu.bjut.boudia.myMain - meter_5710272589608886917:regMsg,reg_backagg,reg_cc
raspberrypi 07:38:49.235 [main] INFO  edu.bjut.boudia.myMain - meter_5710272589608886917:5759,17507870,2204
raspberrypi 07:38:49.236 [main] INFO  edu.bjut.boudia.myMain - meter_8126458418335009905:regMsg,reg_backagg,reg_cc
raspberrypi 07:38:49.236 [main] INFO  edu.bjut.boudia.myMain - meter_8126458418335009905:6018,18212945,2630
raspberrypi 07:38:49.236 [main] INFO  edu.bjut.boudia.myMain - meter_4782150207236115215:regMsg,reg_backagg,reg_cc
raspberrypi 07:38:49.236 [main] INFO  edu.bjut.boudia.myMain - meter_4782150207236115215:4685,18022222,1574
raspberrypi 07:38:49.236 [main] INFO  edu.bjut.boudia.myMain - meter_4154123982183811903:regMsg,reg_backagg,reg_cc
raspberrypi 07:38:49.236 [main] INFO  edu.bjut.boudia.myMain - meter_4154123982183811903:6055,18020870,2204
raspberrypi 07:38:49.236 [main] INFO  edu.bjut.boudia.myMain - meter_8288264118971684127:regMsg,reg_backagg,reg_cc
raspberrypi 07:38:49.236 [main] INFO  edu.bjut.boudia.myMain - meter_8288264118971684127:6241,17836704,1888
raspberrypi 07:38:49.236 [main] INFO  edu.bjut.boudia.myMain - meter_2307322708545639455:regMsg,reg_backagg,reg_cc
raspberrypi 07:38:49.236 [main] INFO  edu.bjut.boudia.myMain - meter_2307322708545639455:6259,17954907,2519
raspberrypi 07:38:49.236 [main] INFO  edu.bjut.boudia.myMain - meter_4234534284503121269:regMsg,reg_backagg,reg_cc
raspberrypi 07:38:49.237 [main] INFO  edu.bjut.boudia.myMain - meter_4234534284503121269:5389,17990148,2389
raspberrypi 07:38:49.237 [main] INFO  edu.bjut.boudia.myMain - meter_1870809921513581049:regMsg,reg_backagg,reg_cc
raspberrypi 07:38:49.237 [main] INFO  edu.bjut.boudia.myMain - meter_1870809921513581049:5630,20006129,2815
raspberrypi 07:38:49.237 [main] INFO  edu.bjut.boudia.myMain - meter_8520531074887381619:regMsg,reg_backagg,reg_cc
raspberrypi 07:38:49.237 [main] INFO  edu.bjut.boudia.myMain - meter_8520531074887381619:6537,17620963,1944
raspberrypi 07:38:49.237 [main] INFO  edu.bjut.boudia.myMain - meter_3062096673332961177:regMsg,reg_backagg,reg_cc
raspberrypi 07:38:49.237 [main] INFO  edu.bjut.boudia.myMain - meter_3062096673332961177:6278,17735889,2075
raspberrypi 07:38:49.237 [main] INFO  edu.bjut.boudia.myMain - meter_5675648027647702767:regMsg,reg_backagg,reg_cc
raspberrypi 07:38:49.237 [main] INFO  edu.bjut.boudia.myMain - meter_5675648027647702767:6166,17769241,1981
raspberrypi 07:38:49.237 [main] INFO  edu.bjut.boudia.myMain - meter_7849537176603187853:regMsg,reg_backagg,reg_cc
raspberrypi 07:38:49.237 [main] INFO  edu.bjut.boudia.myMain - meter_7849537176603187853:6945,17776204,1944
raspberrypi 07:38:49.238 [main] INFO  edu.bjut.boudia.myMain - meter_8617308060567767781:regMsg,reg_backagg,reg_cc
raspberrypi 07:38:49.238 [main] INFO  edu.bjut.boudia.myMain - meter_8617308060567767781:6426,18034037,2389
raspberrypi 07:38:49.238 [main] INFO  edu.bjut.boudia.myMain - meter_2923213243389201967:regMsg,reg_backagg,reg_cc
raspberrypi 07:38:49.238 [main] INFO  edu.bjut.boudia.myMain - meter_2923213243389201967:5815,17973648,2555
raspberrypi 07:38:49.238 [main] INFO  edu.bjut.boudia.myMain - meter_8603677952949558169:regMsg,reg_backagg,reg_cc
raspberrypi 07:38:49.238 [main] INFO  edu.bjut.boudia.myMain - meter_8603677952949558169:6259,18132130,2222
raspberrypi 07:38:49.238 [main] INFO  edu.bjut.boudia.myMain - meter_124576403981712675:regMsg,reg_backagg,reg_cc
raspberrypi 07:38:49.238 [main] INFO  edu.bjut.boudia.myMain - meter_124576403981712675:6148,18151871,1963
raspberrypi 07:38:49.238 [main] INFO  edu.bjut.boudia.myMain - meter_49297126049784719:regMsg,reg_backagg,reg_cc
raspberrypi 07:38:49.238 [main] INFO  edu.bjut.boudia.myMain - meter_49297126049784719:6371,18053537,2185
raspberrypi 07:38:49.238 [main] INFO  edu.bjut.boudia.myMain - meter_6287509394118481979:regMsg,reg_backagg,reg_cc
raspberrypi 07:38:49.238 [main] INFO  edu.bjut.boudia.myMain - meter_6287509394118481979:5963,18014186,1889
raspberrypi 07:38:49.238 [main] INFO  edu.bjut.boudia.myMain - meter_8942294906488294459:regMsg,reg_backagg,reg_cc
raspberrypi 07:38:49.238 [main] INFO  edu.bjut.boudia.myMain - meter_8942294906488294459:6056,17924945,1500
raspberrypi 07:38:49.239 [main] INFO  edu.bjut.boudia.myMain - meter_1757889381327154547:regMsg,reg_backagg,reg_cc
raspberrypi 07:38:49.239 [main] INFO  edu.bjut.boudia.myMain - meter_1757889381327154547:5963,17871666,2445
raspberrypi 07:38:49.239 [main] INFO  edu.bjut.boudia.myMain - meter_6882315307024259365:regMsg,reg_backagg,reg_cc
raspberrypi 07:38:49.239 [main] INFO  edu.bjut.boudia.myMain - meter_6882315307024259365:5685,18013740,2111
raspberrypi 07:38:49.240 [main] INFO  edu.bjut.boudia.myMain - meter_8857771690806096129:regMsg,reg_backagg,reg_cc
raspberrypi 07:38:49.240 [main] INFO  edu.bjut.boudia.myMain - meter_8857771690806096129:6463,18043444,2555
raspberrypi 07:38:49.240 [main] INFO  edu.bjut.boudia.myMain - meter_7976989522893134701:regMsg,reg_backagg,reg_cc
raspberrypi 07:38:49.240 [main] INFO  edu.bjut.boudia.myMain - meter_7976989522893134701:6074,19781333,2315
raspberrypi 07:38:49.240 [main] INFO  edu.bjut.boudia.myMain - meter_5565682831945174967:regMsg,reg_backagg,reg_cc
raspberrypi 07:38:49.240 [main] INFO  edu.bjut.boudia.myMain - meter_5565682831945174967:6815,17792611,2537
raspberrypi 07:38:49.240 [main] INFO  edu.bjut.boudia.myMain - meter_3516503452435985143:regMsg,reg_backagg,reg_cc
raspberrypi 07:38:49.240 [main] INFO  edu.bjut.boudia.myMain - meter_3516503452435985143:6241,17923204,2389
raspberrypi 07:38:49.240 [main] INFO  edu.bjut.boudia.myMain - meter_6996045094048664139:regMsg,reg_backagg,reg_cc
raspberrypi 07:38:49.240 [main] INFO  edu.bjut.boudia.myMain - meter_6996045094048664139:7500,17698630,2259
raspberrypi 07:38:49.241 [main] INFO  edu.bjut.boudia.myMain - meter_1050686011439387803:regMsg,reg_backagg,reg_cc
raspberrypi 07:38:49.241 [main] INFO  edu.bjut.boudia.myMain - meter_1050686011439387803:5204,17871815,2241
raspberrypi 07:38:49.241 [main] INFO  edu.bjut.boudia.myMain - meter_1688790713478524475:regMsg,reg_backagg,reg_cc
raspberrypi 07:38:49.241 [main] INFO  edu.bjut.boudia.myMain - meter_1688790713478524475:5796,18034333,2759
raspberrypi 07:38:49.241 [main] INFO  edu.bjut.boudia.myMain - meter_7134280965486612337:regMsg,reg_backagg,reg_cc
raspberrypi 07:38:49.241 [main] INFO  edu.bjut.boudia.myMain - meter_7134280965486612337:5648,18018722,2296
raspberrypi 07:38:49.241 [main] INFO  edu.bjut.boudia.myMain - meter_485061080985317633:regMsg,reg_backagg,reg_cc
raspberrypi 07:38:49.241 [main] INFO  edu.bjut.boudia.myMain - meter_485061080985317633:5241,17973019,2037
raspberrypi 07:38:49.241 [main] INFO  edu.bjut.boudia.myMain - meter_3406894012488303209:regMsg,reg_backagg,reg_cc
raspberrypi 07:38:49.241 [main] INFO  edu.bjut.boudia.myMain - meter_3406894012488303209:70629,17875834,2203
raspberrypi 07:38:49.241 [main] INFO  edu.bjut.boudia.myMain - meter_812281747518942655:regMsg,reg_backagg,reg_cc
raspberrypi 07:38:49.241 [main] INFO  edu.bjut.boudia.myMain - meter_812281747518942655:5482,17964852,3666
raspberrypi 07:38:49.242 [main] INFO  edu.bjut.boudia.myMain - meter_7084883869885508837:regMsg,reg_backagg,reg_cc
raspberrypi 07:38:49.242 [main] INFO  edu.bjut.boudia.myMain - meter_7084883869885508837:57500,18083925,9130
raspberrypi 07:38:49.242 [main] INFO  edu.bjut.boudia.myMain - meter_3153241215671608115:regMsg,reg_backagg,reg_cc
raspberrypi 07:38:49.242 [main] INFO  edu.bjut.boudia.myMain - meter_3153241215671608115:741,17730833,852
raspberrypi 07:38:49.242 [main] INFO  edu.bjut.boudia.myMain - meter_6099438434044118601:regMsg,reg_backagg,reg_cc
raspberrypi 07:38:49.242 [main] INFO  edu.bjut.boudia.myMain - meter_6099438434044118601:759,18050333,759
raspberrypi 07:38:49.242 [main] INFO  edu.bjut.boudia.myMain - meter_4197455364236493933:regMsg,reg_backagg,reg_cc
raspberrypi 07:38:49.242 [main] INFO  edu.bjut.boudia.myMain - meter_4197455364236493933:778,17891741,574
raspberrypi 07:38:50.681 [main] INFO  edu.bjut.boudia.myMain - oneTimeMeterRepTime
raspberrypi 07:38:54.441 [main] INFO  edu.bjut.boudia.myMain - server:repMsg
raspberrypi 07:38:54.441 [main] INFO  edu.bjut.boudia.myMain - server:90350241
raspberrypi 07:38:54.441 [main] INFO  edu.bjut.boudia.myMain - agg:repMsg
raspberrypi 07:38:54.441 [main] INFO  edu.bjut.boudia.myMain - agg:780753315
raspberrypi 07:38:54.441 [main] INFO  edu.bjut.boudia.myMain - meter_2396653085234117993:repMsg
raspberrypi 07:38:54.441 [main] INFO  edu.bjut.boudia.myMain - meter_2396653085234117993:71816037
raspberrypi 07:38:54.441 [main] INFO  edu.bjut.boudia.myMain - meter_3726445731251434987:repMsg
raspberrypi 07:38:54.442 [main] INFO  edu.bjut.boudia.myMain - meter_3726445731251434987:71974000
raspberrypi 07:38:54.442 [main] INFO  edu.bjut.boudia.myMain - meter_1963887276801591391:repMsg
raspberrypi 07:38:54.442 [main] INFO  edu.bjut.boudia.myMain - meter_1963887276801591391:71903019
raspberrypi 07:38:54.442 [main] INFO  edu.bjut.boudia.myMain - meter_2308604895026046215:repMsg
raspberrypi 07:38:54.442 [main] INFO  edu.bjut.boudia.myMain - meter_2308604895026046215:74061611
raspberrypi 07:38:54.442 [main] INFO  edu.bjut.boudia.myMain - meter_5710272589608886917:repMsg
raspberrypi 07:38:54.442 [main] INFO  edu.bjut.boudia.myMain - meter_5710272589608886917:71960444
raspberrypi 07:38:54.442 [main] INFO  edu.bjut.boudia.myMain - meter_8126458418335009905:repMsg
raspberrypi 07:38:54.442 [main] INFO  edu.bjut.boudia.myMain - meter_8126458418335009905:71027037
raspberrypi 07:38:54.442 [main] INFO  edu.bjut.boudia.myMain - meter_4782150207236115215:repMsg
raspberrypi 07:38:54.442 [main] INFO  edu.bjut.boudia.myMain - meter_4782150207236115215:71810778
raspberrypi 07:38:54.442 [main] INFO  edu.bjut.boudia.myMain - meter_4154123982183811903:repMsg
raspberrypi 07:38:54.442 [main] INFO  edu.bjut.boudia.myMain - meter_4154123982183811903:71935703
raspberrypi 07:38:54.442 [main] INFO  edu.bjut.boudia.myMain - meter_8288264118971684127:repMsg
raspberrypi 07:38:54.442 [main] INFO  edu.bjut.boudia.myMain - meter_8288264118971684127:72349204
raspberrypi 07:38:54.443 [main] INFO  edu.bjut.boudia.myMain - meter_2307322708545639455:repMsg
raspberrypi 07:38:54.443 [main] INFO  edu.bjut.boudia.myMain - meter_2307322708545639455:72194741
raspberrypi 07:38:54.443 [main] INFO  edu.bjut.boudia.myMain - meter_4234534284503121269:repMsg
raspberrypi 07:38:54.443 [main] INFO  edu.bjut.boudia.myMain - meter_4234534284503121269:73942407
raspberrypi 07:38:54.443 [main] INFO  edu.bjut.boudia.myMain - meter_1870809921513581049:repMsg
raspberrypi 07:38:54.443 [main] INFO  edu.bjut.boudia.myMain - meter_1870809921513581049:71970389
raspberrypi 07:38:54.443 [main] INFO  edu.bjut.boudia.myMain - meter_8520531074887381619:repMsg
raspberrypi 07:38:54.443 [main] INFO  edu.bjut.boudia.myMain - meter_8520531074887381619:71098592
raspberrypi 07:38:54.443 [main] INFO  edu.bjut.boudia.myMain - meter_3062096673332961177:repMsg
raspberrypi 07:38:54.443 [main] INFO  edu.bjut.boudia.myMain - meter_3062096673332961177:72171723
raspberrypi 07:38:54.443 [main] INFO  edu.bjut.boudia.myMain - meter_5675648027647702767:repMsg
raspberrypi 07:38:54.443 [main] INFO  edu.bjut.boudia.myMain - meter_5675648027647702767:72131389
raspberrypi 07:38:54.443 [main] INFO  edu.bjut.boudia.myMain - meter_7849537176603187853:repMsg
raspberrypi 07:38:54.443 [main] INFO  edu.bjut.boudia.myMain - meter_7849537176603187853:71692686
raspberrypi 07:38:54.443 [main] INFO  edu.bjut.boudia.myMain - meter_8617308060567767781:repMsg
raspberrypi 07:38:54.443 [main] INFO  edu.bjut.boudia.myMain - meter_8617308060567767781:72300704
raspberrypi 07:38:54.444 [main] INFO  edu.bjut.boudia.myMain - meter_2923213243389201967:repMsg
raspberrypi 07:38:54.444 [main] INFO  edu.bjut.boudia.myMain - meter_2923213243389201967:71578019
raspberrypi 07:38:54.444 [main] INFO  edu.bjut.boudia.myMain - meter_8603677952949558169:repMsg
raspberrypi 07:38:54.444 [main] INFO  edu.bjut.boudia.myMain - meter_8603677952949558169:74019074
raspberrypi 07:38:54.444 [main] INFO  edu.bjut.boudia.myMain - meter_124576403981712675:repMsg
raspberrypi 07:38:54.444 [main] INFO  edu.bjut.boudia.myMain - meter_124576403981712675:71866222
raspberrypi 07:38:54.444 [main] INFO  edu.bjut.boudia.myMain - meter_49297126049784719:repMsg
raspberrypi 07:38:54.444 [main] INFO  edu.bjut.boudia.myMain - meter_49297126049784719:72022204
raspberrypi 07:38:54.444 [main] INFO  edu.bjut.boudia.myMain - meter_6287509394118481979:repMsg
raspberrypi 07:38:54.444 [main] INFO  edu.bjut.boudia.myMain - meter_6287509394118481979:71864167
raspberrypi 07:38:54.444 [main] INFO  edu.bjut.boudia.myMain - meter_8942294906488294459:repMsg
raspberrypi 07:38:54.444 [main] INFO  edu.bjut.boudia.myMain - meter_8942294906488294459:71864314
raspberrypi 07:38:54.444 [main] INFO  edu.bjut.boudia.myMain - meter_1757889381327154547:repMsg
raspberrypi 07:38:54.444 [main] INFO  edu.bjut.boudia.myMain - meter_1757889381327154547:72115148
raspberrypi 07:38:54.444 [main] INFO  edu.bjut.boudia.myMain - meter_6882315307024259365:repMsg
raspberrypi 07:38:54.444 [main] INFO  edu.bjut.boudia.myMain - meter_6882315307024259365:72063333
raspberrypi 07:38:54.444 [main] INFO  edu.bjut.boudia.myMain - meter_8857771690806096129:repMsg
raspberrypi 07:38:54.444 [main] INFO  edu.bjut.boudia.myMain - meter_8857771690806096129:73411000
raspberrypi 07:38:54.445 [main] INFO  edu.bjut.boudia.myMain - meter_7976989522893134701:repMsg
raspberrypi 07:38:54.445 [main] INFO  edu.bjut.boudia.myMain - meter_7976989522893134701:72195426
raspberrypi 07:38:54.445 [main] INFO  edu.bjut.boudia.myMain - meter_5565682831945174967:repMsg
raspberrypi 07:38:54.445 [main] INFO  edu.bjut.boudia.myMain - meter_5565682831945174967:71389000
raspberrypi 07:38:54.445 [main] INFO  edu.bjut.boudia.myMain - meter_3516503452435985143:repMsg
raspberrypi 07:38:54.445 [main] INFO  edu.bjut.boudia.myMain - meter_3516503452435985143:71380297
raspberrypi 07:38:54.445 [main] INFO  edu.bjut.boudia.myMain - meter_6996045094048664139:repMsg
raspberrypi 07:38:54.445 [main] INFO  edu.bjut.boudia.myMain - meter_6996045094048664139:72242148
raspberrypi 07:38:54.445 [main] INFO  edu.bjut.boudia.myMain - meter_1050686011439387803:repMsg
raspberrypi 07:38:54.445 [main] INFO  edu.bjut.boudia.myMain - meter_1050686011439387803:72218611
raspberrypi 07:38:54.445 [main] INFO  edu.bjut.boudia.myMain - meter_1688790713478524475:repMsg
raspberrypi 07:38:54.445 [main] INFO  edu.bjut.boudia.myMain - meter_1688790713478524475:72125185
raspberrypi 07:38:54.445 [main] INFO  edu.bjut.boudia.myMain - meter_7134280965486612337:repMsg
raspberrypi 07:38:54.445 [main] INFO  edu.bjut.boudia.myMain - meter_7134280965486612337:72147019
raspberrypi 07:38:54.445 [main] INFO  edu.bjut.boudia.myMain - meter_485061080985317633:repMsg
raspberrypi 07:38:54.445 [main] INFO  edu.bjut.boudia.myMain - meter_485061080985317633:74146833
raspberrypi 07:38:54.445 [main] INFO  edu.bjut.boudia.myMain - meter_3406894012488303209:repMsg
raspberrypi 07:38:54.446 [main] INFO  edu.bjut.boudia.myMain - meter_3406894012488303209:71796019
raspberrypi 07:38:54.446 [main] INFO  edu.bjut.boudia.myMain - meter_812281747518942655:repMsg
raspberrypi 07:38:54.446 [main] INFO  edu.bjut.boudia.myMain - meter_812281747518942655:72410630
raspberrypi 07:38:54.446 [main] INFO  edu.bjut.boudia.myMain - meter_7084883869885508837:repMsg
raspberrypi 07:38:54.446 [main] INFO  edu.bjut.boudia.myMain - meter_7084883869885508837:71601667
raspberrypi 07:38:54.446 [main] INFO  edu.bjut.boudia.myMain - meter_3153241215671608115:repMsg
raspberrypi 07:38:54.446 [main] INFO  edu.bjut.boudia.myMain - meter_3153241215671608115:71931389
raspberrypi 07:38:54.446 [main] INFO  edu.bjut.boudia.myMain - meter_6099438434044118601:repMsg
raspberrypi 07:38:54.446 [main] INFO  edu.bjut.boudia.myMain - meter_6099438434044118601:72460870
raspberrypi 07:38:54.446 [main] INFO  edu.bjut.boudia.myMain - meter_4197455364236493933:repMsg
raspberrypi 07:38:54.446 [main] INFO  edu.bjut.boudia.myMain - meter_4197455364236493933:71788463
raspberrypi 07:38:59.272 [main] INFO  edu.bjut.boudia.myMain - oneTimeMeterRegTime
raspberrypi 07:39:00.343 [main] INFO  edu.bjut.boudia.myMain - server:pubkey
raspberrypi 07:39:00.343 [main] INFO  edu.bjut.boudia.myMain - server:3315
raspberrypi 07:39:00.343 [main] INFO  edu.bjut.boudia.myMain - agg:regMsg,regMsg,regMsg,regMsg,regMsg,regMsg,regMsg,regMsg,regMsg,regMsg,regMsg,regMsg,regMsg,regMsg,regMsg,regMsg,regMsg,regMsg,regMsg,regMsg,regMsg,regMsg,regMsg,regMsg,regMsg,regMsg,regMsg,regMsg,regMsg,regMsg
raspberrypi 07:39:00.344 [main] INFO  edu.bjut.boudia.myMain - agg:17866334,17784260,17740796,17763482,17693000,17790629,17713908,17792630,17770092,17721574,17668370,17685093,17736463,17765185,17725463,17737297,17765111,17671537,17789352,17844129,17819389,17781370,17771759,17746185,17830204,17730296,17729648,17722278,17656574,17824463
raspberrypi 07:39:00.344 [main] INFO  edu.bjut.boudia.myMain - meter_5586228113956165903:regMsg,reg_backagg,reg_cc
raspberrypi 07:39:00.344 [main] INFO  edu.bjut.boudia.myMain - meter_5586228113956165903:685,17921370,519
raspberrypi 07:39:00.344 [main] INFO  edu.bjut.boudia.myMain - meter_8979532513591020135:regMsg,reg_backagg,reg_cc
raspberrypi 07:39:00.344 [main] INFO  edu.bjut.boudia.myMain - meter_8979532513591020135:778,18016241,426
raspberrypi 07:39:00.344 [main] INFO  edu.bjut.boudia.myMain - meter_2734625433790409019:regMsg,reg_backagg,reg_cc
raspberrypi 07:39:00.344 [main] INFO  edu.bjut.boudia.myMain - meter_2734625433790409019:778,17915963,797
raspberrypi 07:39:00.344 [main] INFO  edu.bjut.boudia.myMain - meter_2186632141585612777:regMsg,reg_backagg,reg_cc
raspberrypi 07:39:00.344 [main] INFO  edu.bjut.boudia.myMain - meter_2186632141585612777:611,17680667,685
raspberrypi 07:39:00.344 [main] INFO  edu.bjut.boudia.myMain - meter_5252506987841183411:regMsg,reg_backagg,reg_cc
raspberrypi 07:39:00.344 [main] INFO  edu.bjut.boudia.myMain - meter_5252506987841183411:407,17884796,630
raspberrypi 07:39:00.344 [main] INFO  edu.bjut.boudia.myMain - meter_6342885373095718207:regMsg,reg_backagg,reg_cc
raspberrypi 07:39:00.345 [main] INFO  edu.bjut.boudia.myMain - meter_6342885373095718207:519,17783056,370
raspberrypi 07:39:00.345 [main] INFO  edu.bjut.boudia.myMain - meter_4077000937226764245:regMsg,reg_backagg,reg_cc
raspberrypi 07:39:00.345 [main] INFO  edu.bjut.boudia.myMain - meter_4077000937226764245:926,17543000,722
raspberrypi 07:39:00.345 [main] INFO  edu.bjut.boudia.myMain - meter_1262272438163182023:regMsg,reg_backagg,reg_cc
raspberrypi 07:39:00.345 [main] INFO  edu.bjut.boudia.myMain - meter_1262272438163182023:648,17669148,740
raspberrypi 07:39:00.345 [main] INFO  edu.bjut.boudia.myMain - meter_5699399738644380577:regMsg,reg_backagg,reg_cc
raspberrypi 07:39:00.345 [main] INFO  edu.bjut.boudia.myMain - meter_5699399738644380577:555,19457203,722
raspberrypi 07:39:00.345 [main] INFO  edu.bjut.boudia.myMain - meter_4897972856187670741:regMsg,reg_backagg,reg_cc
raspberrypi 07:39:00.345 [main] INFO  edu.bjut.boudia.myMain - meter_4897972856187670741:833,17673352,611
raspberrypi 07:39:00.345 [main] INFO  edu.bjut.boudia.myMain - meter_3804821351682496711:regMsg,reg_backagg,reg_cc
raspberrypi 07:39:00.345 [main] INFO  edu.bjut.boudia.myMain - meter_3804821351682496711:389,17816741,871
raspberrypi 07:39:00.345 [main] INFO  edu.bjut.boudia.myMain - meter_3773898566321042025:regMsg,reg_backagg,reg_cc
raspberrypi 07:39:00.345 [main] INFO  edu.bjut.boudia.myMain - meter_3773898566321042025:704,17741037,741
raspberrypi 07:39:00.346 [main] INFO  edu.bjut.boudia.myMain - meter_8786289767118290739:regMsg,reg_backagg,reg_cc
raspberrypi 07:39:00.346 [main] INFO  edu.bjut.boudia.myMain - meter_8786289767118290739:833,17557463,815
raspberrypi 07:39:00.346 [main] INFO  edu.bjut.boudia.myMain - meter_2988766108962025979:regMsg,reg_backagg,reg_cc
raspberrypi 07:39:00.346 [main] INFO  edu.bjut.boudia.myMain - meter_2988766108962025979:833,17591667,556
raspberrypi 07:39:00.346 [main] INFO  edu.bjut.boudia.myMain - meter_1040820510689721757:regMsg,reg_backagg,reg_cc
raspberrypi 07:39:00.346 [main] INFO  edu.bjut.boudia.myMain - meter_1040820510689721757:741,17832593,871
raspberrypi 07:39:00.346 [main] INFO  edu.bjut.boudia.myMain - meter_6359910123865747889:regMsg,reg_backagg,reg_cc
raspberrypi 07:39:00.346 [main] INFO  edu.bjut.boudia.myMain - meter_6359910123865747889:334,17964277,815
raspberrypi 07:39:00.346 [main] INFO  edu.bjut.boudia.myMain - meter_7690862840206803839:regMsg,reg_backagg,reg_cc
raspberrypi 07:39:00.346 [main] INFO  edu.bjut.boudia.myMain - meter_7690862840206803839:870,17892092,907
raspberrypi 07:39:00.346 [main] INFO  edu.bjut.boudia.myMain - meter_2654218804038978339:regMsg,reg_backagg,reg_cc
raspberrypi 07:39:00.346 [main] INFO  edu.bjut.boudia.myMain - meter_2654218804038978339:667,17832463,1203
raspberrypi 07:39:00.347 [main] INFO  edu.bjut.boudia.myMain - meter_286363659609867969:regMsg,reg_backagg,reg_cc
raspberrypi 07:39:00.347 [main] INFO  edu.bjut.boudia.myMain - meter_286363659609867969:815,17769185,870
raspberrypi 07:39:00.347 [main] INFO  edu.bjut.boudia.myMain - meter_2052675314562864689:regMsg,reg_backagg,reg_cc
raspberrypi 07:39:00.347 [main] INFO  edu.bjut.boudia.myMain - meter_2052675314562864689:981,17880574,759
raspberrypi 07:39:00.347 [main] INFO  edu.bjut.boudia.myMain - meter_4957420354753974519:regMsg,reg_backagg,reg_cc
raspberrypi 07:39:00.347 [main] INFO  edu.bjut.boudia.myMain - meter_4957420354753974519:852,17571148,741
raspberrypi 07:39:00.347 [main] INFO  edu.bjut.boudia.myMain - meter_4740415358172997917:regMsg,reg_backagg,reg_cc
raspberrypi 07:39:00.347 [main] INFO  edu.bjut.boudia.myMain - meter_4740415358172997917:592,17862722,778
raspberrypi 07:39:00.347 [main] INFO  edu.bjut.boudia.myMain - meter_5129463633285140429:regMsg,reg_backagg,reg_cc
raspberrypi 07:39:00.347 [main] INFO  edu.bjut.boudia.myMain - meter_5129463633285140429:482,17839000,518
raspberrypi 07:39:00.347 [main] INFO  edu.bjut.boudia.myMain - meter_9100301463724909965:regMsg,reg_backagg,reg_cc
raspberrypi 07:39:00.347 [main] INFO  edu.bjut.boudia.myMain - meter_9100301463724909965:741,19412963,370
raspberrypi 07:39:00.347 [main] INFO  edu.bjut.boudia.myMain - meter_7268512814219550799:regMsg,reg_backagg,reg_cc
raspberrypi 07:39:00.348 [main] INFO  edu.bjut.boudia.myMain - meter_7268512814219550799:593,17766740,796
raspberrypi 07:39:00.348 [main] INFO  edu.bjut.boudia.myMain - meter_2033951159403009625:regMsg,reg_backagg,reg_cc
raspberrypi 07:39:00.348 [main] INFO  edu.bjut.boudia.myMain - meter_2033951159403009625:759,17871667,574
raspberrypi 07:39:00.348 [main] INFO  edu.bjut.boudia.myMain - meter_5811502394520135063:regMsg,reg_backagg,reg_cc
raspberrypi 07:39:00.348 [main] INFO  edu.bjut.boudia.myMain - meter_5811502394520135063:759,17491000,685
raspberrypi 07:39:00.348 [main] INFO  edu.bjut.boudia.myMain - meter_8546075970530880065:regMsg,reg_backagg,reg_cc
raspberrypi 07:39:00.348 [main] INFO  edu.bjut.boudia.myMain - meter_8546075970530880065:889,17728334,852
raspberrypi 07:39:00.348 [main] INFO  edu.bjut.boudia.myMain - meter_8372602739891443345:regMsg,reg_backagg,reg_cc
raspberrypi 07:39:00.348 [main] INFO  edu.bjut.boudia.myMain - meter_8372602739891443345:463,18032019,814
raspberrypi 07:39:00.348 [main] INFO  edu.bjut.boudia.myMain - meter_9016514485829701161:regMsg,reg_backagg,reg_cc
raspberrypi 07:39:00.348 [main] INFO  edu.bjut.boudia.myMain - meter_9016514485829701161:444,17620056,833
raspberrypi 07:39:01.427 [main] INFO  edu.bjut.boudia.myMain - oneTimeMeterRepTime
raspberrypi 07:39:04.274 [main] INFO  edu.bjut.boudia.myMain - server:repMsg
raspberrypi 07:39:04.274 [main] INFO  edu.bjut.boudia.myMain - server:89313315
raspberrypi 07:39:04.274 [main] INFO  edu.bjut.boudia.myMain - agg:repMsg
raspberrypi 07:39:04.274 [main] INFO  edu.bjut.boudia.myMain - agg:592160167
raspberrypi 07:39:04.274 [main] INFO  edu.bjut.boudia.myMain - meter_5586228113956165903:repMsg
raspberrypi 07:39:04.274 [main] INFO  edu.bjut.boudia.myMain - meter_5586228113956165903:72254111
raspberrypi 07:39:04.274 [main] INFO  edu.bjut.boudia.myMain - meter_8979532513591020135:repMsg
raspberrypi 07:39:04.274 [main] INFO  edu.bjut.boudia.myMain - meter_8979532513591020135:71468018
raspberrypi 07:39:04.275 [main] INFO  edu.bjut.boudia.myMain - meter_2734625433790409019:repMsg
raspberrypi 07:39:04.275 [main] INFO  edu.bjut.boudia.myMain - meter_2734625433790409019:72006666
raspberrypi 07:39:04.275 [main] INFO  edu.bjut.boudia.myMain - meter_2186632141585612777:repMsg
raspberrypi 07:39:04.275 [main] INFO  edu.bjut.boudia.myMain - meter_2186632141585612777:72189778
raspberrypi 07:39:04.275 [main] INFO  edu.bjut.boudia.myMain - meter_5252506987841183411:repMsg
raspberrypi 07:39:04.275 [main] INFO  edu.bjut.boudia.myMain - meter_5252506987841183411:74242871
raspberrypi 07:39:04.275 [main] INFO  edu.bjut.boudia.myMain - meter_6342885373095718207:repMsg
raspberrypi 07:39:04.275 [main] INFO  edu.bjut.boudia.myMain - meter_6342885373095718207:71656278
raspberrypi 07:39:04.275 [main] INFO  edu.bjut.boudia.myMain - meter_4077000937226764245:repMsg
raspberrypi 07:39:04.275 [main] INFO  edu.bjut.boudia.myMain - meter_4077000937226764245:72101278
raspberrypi 07:39:04.275 [main] INFO  edu.bjut.boudia.myMain - meter_1262272438163182023:repMsg
raspberrypi 07:39:04.275 [main] INFO  edu.bjut.boudia.myMain - meter_1262272438163182023:71549852
raspberrypi 07:39:04.275 [main] INFO  edu.bjut.boudia.myMain - meter_5699399738644380577:repMsg
raspberrypi 07:39:04.275 [main] INFO  edu.bjut.boudia.myMain - meter_5699399738644380577:71869278
raspberrypi 07:39:04.275 [main] INFO  edu.bjut.boudia.myMain - meter_4897972856187670741:repMsg
raspberrypi 07:39:04.275 [main] INFO  edu.bjut.boudia.myMain - meter_4897972856187670741:72129666
raspberrypi 07:39:04.275 [main] INFO  edu.bjut.boudia.myMain - meter_3804821351682496711:repMsg
raspberrypi 07:39:04.275 [main] INFO  edu.bjut.boudia.myMain - meter_3804821351682496711:72066686
raspberrypi 07:39:04.275 [main] INFO  edu.bjut.boudia.myMain - meter_3773898566321042025:repMsg
raspberrypi 07:39:04.275 [main] INFO  edu.bjut.boudia.myMain - meter_3773898566321042025:73152148
raspberrypi 07:39:04.275 [main] INFO  edu.bjut.boudia.myMain - meter_8786289767118290739:repMsg
raspberrypi 07:39:04.275 [main] INFO  edu.bjut.boudia.myMain - meter_8786289767118290739:71723074
raspberrypi 07:39:04.275 [main] INFO  edu.bjut.boudia.myMain - meter_2988766108962025979:repMsg
raspberrypi 07:39:04.275 [main] INFO  edu.bjut.boudia.myMain - meter_2988766108962025979:71684722
raspberrypi 07:39:04.276 [main] INFO  edu.bjut.boudia.myMain - meter_1040820510689721757:repMsg
raspberrypi 07:39:04.276 [main] INFO  edu.bjut.boudia.myMain - meter_1040820510689721757:71595871
raspberrypi 07:39:04.276 [main] INFO  edu.bjut.boudia.myMain - meter_6359910123865747889:repMsg
raspberrypi 07:39:04.276 [main] INFO  edu.bjut.boudia.myMain - meter_6359910123865747889:71323907
raspberrypi 07:39:04.276 [main] INFO  edu.bjut.boudia.myMain - meter_7690862840206803839:repMsg
raspberrypi 07:39:04.276 [main] INFO  edu.bjut.boudia.myMain - meter_7690862840206803839:71932907
raspberrypi 07:39:04.276 [main] INFO  edu.bjut.boudia.myMain - meter_2654218804038978339:repMsg
raspberrypi 07:39:04.276 [main] INFO  edu.bjut.boudia.myMain - meter_2654218804038978339:71036518
raspberrypi 07:39:04.276 [main] INFO  edu.bjut.boudia.myMain - meter_286363659609867969:repMsg
raspberrypi 07:39:04.276 [main] INFO  edu.bjut.boudia.myMain - meter_286363659609867969:72037574
raspberrypi 07:39:04.276 [main] INFO  edu.bjut.boudia.myMain - meter_2052675314562864689:repMsg
raspberrypi 07:39:04.276 [main] INFO  edu.bjut.boudia.myMain - meter_2052675314562864689:74312297
raspberrypi 07:39:04.276 [main] INFO  edu.bjut.boudia.myMain - meter_4957420354753974519:repMsg
raspberrypi 07:39:04.276 [main] INFO  edu.bjut.boudia.myMain - meter_4957420354753974519:71782593
raspberrypi 07:39:04.276 [main] INFO  edu.bjut.boudia.myMain - meter_4740415358172997917:repMsg
raspberrypi 07:39:04.276 [main] INFO  edu.bjut.boudia.myMain - meter_4740415358172997917:71931611
raspberrypi 07:39:04.276 [main] INFO  edu.bjut.boudia.myMain - meter_5129463633285140429:repMsg
raspberrypi 07:39:04.276 [main] INFO  edu.bjut.boudia.myMain - meter_5129463633285140429:72150111
raspberrypi 07:39:04.276 [main] INFO  edu.bjut.boudia.myMain - meter_9100301463724909965:repMsg
raspberrypi 07:39:04.277 [main] INFO  edu.bjut.boudia.myMain - meter_9100301463724909965:71869722
raspberrypi 07:39:04.277 [main] INFO  edu.bjut.boudia.myMain - meter_7268512814219550799:repMsg
raspberrypi 07:39:04.277 [main] INFO  edu.bjut.boudia.myMain - meter_7268512814219550799:71695186
raspberrypi 07:39:04.277 [main] INFO  edu.bjut.boudia.myMain - meter_2033951159403009625:repMsg
raspberrypi 07:39:04.277 [main] INFO  edu.bjut.boudia.myMain - meter_2033951159403009625:72530740
raspberrypi 07:39:04.277 [main] INFO  edu.bjut.boudia.myMain - meter_5811502394520135063:repMsg
raspberrypi 07:39:04.277 [main] INFO  edu.bjut.boudia.myMain - meter_5811502394520135063:73922426
raspberrypi 07:39:04.277 [main] INFO  edu.bjut.boudia.myMain - meter_8546075970530880065:repMsg
raspberrypi 07:39:04.277 [main] INFO  edu.bjut.boudia.myMain - meter_8546075970530880065:72303056
raspberrypi 07:39:04.277 [main] INFO  edu.bjut.boudia.myMain - meter_8372602739891443345:repMsg
raspberrypi 07:39:04.277 [main] INFO  edu.bjut.boudia.myMain - meter_8372602739891443345:71865852
raspberrypi 07:39:04.277 [main] INFO  edu.bjut.boudia.myMain - meter_9016514485829701161:repMsg
raspberrypi 07:39:04.277 [main] INFO  edu.bjut.boudia.myMain - meter_9016514485829701161:71680444
raspberrypi 07:39:08.114 [main] INFO  edu.bjut.boudia.myMain - oneTimeMeterRegTime
raspberrypi 07:39:08.827 [main] INFO  edu.bjut.boudia.myMain - server:pubkey
raspberrypi 07:39:08.828 [main] INFO  edu.bjut.boudia.myMain - server:3537
raspberrypi 07:39:08.828 [main] INFO  edu.bjut.boudia.myMain - agg:regMsg,regMsg,regMsg,regMsg,regMsg,regMsg,regMsg,regMsg,regMsg,regMsg,regMsg,regMsg,regMsg,regMsg,regMsg,regMsg,regMsg,regMsg,regMsg,regMsg
raspberrypi 07:39:08.828 [main] INFO  edu.bjut.boudia.myMain - agg:17816649,17732556,17724518,17776778,17793982,17721445,17843648,17716778,17780685,17767704,17757833,17791129,17893760,17736667,17787463,17802630,17719166,17779834,17735296,17703425
raspberrypi 07:39:08.828 [main] INFO  edu.bjut.boudia.myMain - meter_963046946962941761:regMsg,reg_backagg,reg_cc
raspberrypi 07:39:08.828 [main] INFO  edu.bjut.boudia.myMain - meter_963046946962941761:629,17848426,741
raspberrypi 07:39:08.828 [main] INFO  edu.bjut.boudia.myMain - meter_2861114105613342399:regMsg,reg_backagg,reg_cc
raspberrypi 07:39:08.830 [main] INFO  edu.bjut.boudia.myMain - meter_2861114105613342399:740,17694092,686
raspberrypi 07:39:08.831 [main] INFO  edu.bjut.boudia.myMain - meter_2005591377903429215:regMsg,reg_backagg,reg_cc
raspberrypi 07:39:08.831 [main] INFO  edu.bjut.boudia.myMain - meter_2005591377903429215:815,17924981,611
raspberrypi 07:39:08.831 [main] INFO  edu.bjut.boudia.myMain - meter_8023583260997312119:regMsg,reg_backagg,reg_cc
raspberrypi 07:39:08.831 [main] INFO  edu.bjut.boudia.myMain - meter_8023583260997312119:629,17873315,426
raspberrypi 07:39:08.831 [main] INFO  edu.bjut.boudia.myMain - meter_3925018574788301703:regMsg,reg_backagg,reg_cc
raspberrypi 07:39:08.831 [main] INFO  edu.bjut.boudia.myMain - meter_3925018574788301703:982,17750723,796
raspberrypi 07:39:08.831 [main] INFO  edu.bjut.boudia.myMain - meter_2533239869014189261:regMsg,reg_backagg,reg_cc
raspberrypi 07:39:08.831 [main] INFO  edu.bjut.boudia.myMain - meter_2533239869014189261:704,17676240,741
raspberrypi 07:39:08.832 [main] INFO  edu.bjut.boudia.myMain - meter_2099864496876778627:regMsg,reg_backagg,reg_cc
raspberrypi 07:39:08.832 [main] INFO  edu.bjut.boudia.myMain - meter_2099864496876778627:648,17931611,703
raspberrypi 07:39:08.832 [main] INFO  edu.bjut.boudia.myMain - meter_4965020072863919601:regMsg,reg_backagg,reg_cc
raspberrypi 07:39:08.832 [main] INFO  edu.bjut.boudia.myMain - meter_4965020072863919601:1019,17742722,389
raspberrypi 07:39:08.832 [main] INFO  edu.bjut.boudia.myMain - meter_479098756683108345:regMsg,reg_backagg,reg_cc
raspberrypi 07:39:08.832 [main] INFO  edu.bjut.boudia.myMain - meter_479098756683108345:945,17985611,741
raspberrypi 07:39:08.832 [main] INFO  edu.bjut.boudia.myMain - meter_8775209457639743543:regMsg,reg_backagg,reg_cc
raspberrypi 07:39:08.832 [main] INFO  edu.bjut.boudia.myMain - meter_8775209457639743543:889,18948315,481
raspberrypi 07:39:08.832 [main] INFO  edu.bjut.boudia.myMain - meter_3030968610042497113:regMsg,reg_backagg,reg_cc
raspberrypi 07:39:08.832 [main] INFO  edu.bjut.boudia.myMain - meter_3030968610042497113:611,17702648,612
raspberrypi 07:39:08.832 [main] INFO  edu.bjut.boudia.myMain - meter_1104545264473837681:regMsg,reg_backagg,reg_cc
raspberrypi 07:39:08.832 [main] INFO  edu.bjut.boudia.myMain - meter_1104545264473837681:611,17759871,648
raspberrypi 07:39:08.832 [main] INFO  edu.bjut.boudia.myMain - meter_3165173954007608895:regMsg,reg_backagg,reg_cc
raspberrypi 07:39:08.832 [main] INFO  edu.bjut.boudia.myMain - meter_3165173954007608895:611,17683833,482
raspberrypi 07:39:08.832 [main] INFO  edu.bjut.boudia.myMain - meter_2918905250694692831:regMsg,reg_backagg,reg_cc
raspberrypi 07:39:08.832 [main] INFO  edu.bjut.boudia.myMain - meter_2918905250694692831:352,17722019,666
raspberrypi 07:39:08.832 [main] INFO  edu.bjut.boudia.myMain - meter_3244001493126678157:regMsg,reg_backagg,reg_cc
raspberrypi 07:39:08.832 [main] INFO  edu.bjut.boudia.myMain - meter_3244001493126678157:759,17784741,667
raspberrypi 07:39:08.832 [main] INFO  edu.bjut.boudia.myMain - meter_2186403505387744959:regMsg,reg_backagg,reg_cc
raspberrypi 07:39:08.833 [main] INFO  edu.bjut.boudia.myMain - meter_2186403505387744959:482,17758093,740
raspberrypi 07:39:08.833 [main] INFO  edu.bjut.boudia.myMain - meter_6538458853985349481:regMsg,reg_backagg,reg_cc
raspberrypi 07:39:08.833 [main] INFO  edu.bjut.boudia.myMain - meter_6538458853985349481:1130,17888518,612
raspberrypi 07:39:08.833 [main] INFO  edu.bjut.boudia.myMain - meter_3670971969098412895:regMsg,reg_backagg,reg_cc
raspberrypi 07:39:08.833 [main] INFO  edu.bjut.boudia.myMain - meter_3670971969098412895:944,17846445,482
raspberrypi 07:39:08.833 [main] INFO  edu.bjut.boudia.myMain - meter_5656018114851153575:regMsg,reg_backagg,reg_cc
raspberrypi 07:39:08.833 [main] INFO  edu.bjut.boudia.myMain - meter_5656018114851153575:611,17407963,611
raspberrypi 07:39:08.833 [main] INFO  edu.bjut.boudia.myMain - meter_5846003799910114003:regMsg,reg_backagg,reg_cc
raspberrypi 07:39:08.833 [main] INFO  edu.bjut.boudia.myMain - meter_5846003799910114003:741,17941222,444
raspberrypi 07:39:09.552 [main] INFO  edu.bjut.boudia.myMain - oneTimeMeterRepTime
raspberrypi 07:39:11.491 [main] INFO  edu.bjut.boudia.myMain - server:repMsg
raspberrypi 07:39:11.492 [main] INFO  edu.bjut.boudia.myMain - server:91426129
raspberrypi 07:39:11.492 [main] INFO  edu.bjut.boudia.myMain - agg:repMsg
raspberrypi 07:39:11.492 [main] INFO  edu.bjut.boudia.myMain - agg:406591647
raspberrypi 07:39:11.492 [main] INFO  edu.bjut.boudia.myMain - meter_963046946962941761:repMsg
raspberrypi 07:39:11.492 [main] INFO  edu.bjut.boudia.myMain - meter_963046946962941761:72477889
raspberrypi 07:39:11.492 [main] INFO  edu.bjut.boudia.myMain - meter_2861114105613342399:repMsg
raspberrypi 07:39:11.492 [main] INFO  edu.bjut.boudia.myMain - meter_2861114105613342399:71847611
raspberrypi 07:39:11.492 [main] INFO  edu.bjut.boudia.myMain - meter_2005591377903429215:repMsg
raspberrypi 07:39:11.492 [main] INFO  edu.bjut.boudia.myMain - meter_2005591377903429215:71749222
raspberrypi 07:39:11.492 [main] INFO  edu.bjut.boudia.myMain - meter_8023583260997312119:repMsg
raspberrypi 07:39:11.492 [main] INFO  edu.bjut.boudia.myMain - meter_8023583260997312119:71954796
raspberrypi 07:39:11.492 [main] INFO  edu.bjut.boudia.myMain - meter_3925018574788301703:repMsg
raspberrypi 07:39:11.492 [main] INFO  edu.bjut.boudia.myMain - meter_3925018574788301703:71774852
raspberrypi 07:39:11.492 [main] INFO  edu.bjut.boudia.myMain - meter_2533239869014189261:repMsg
raspberrypi 07:39:11.492 [main] INFO  edu.bjut.boudia.myMain - meter_2533239869014189261:72121037
raspberrypi 07:39:11.492 [main] INFO  edu.bjut.boudia.myMain - meter_2099864496876778627:repMsg
raspberrypi 07:39:11.492 [main] INFO  edu.bjut.boudia.myMain - meter_2099864496876778627:71400982
raspberrypi 07:39:11.492 [main] INFO  edu.bjut.boudia.myMain - meter_4965020072863919601:repMsg
raspberrypi 07:39:11.492 [main] INFO  edu.bjut.boudia.myMain - meter_4965020072863919601:72987723
raspberrypi 07:39:11.492 [main] INFO  edu.bjut.boudia.myMain - meter_479098756683108345:repMsg
raspberrypi 07:39:11.492 [main] INFO  edu.bjut.boudia.myMain - meter_479098756683108345:72240389
raspberrypi 07:39:11.492 [main] INFO  edu.bjut.boudia.myMain - meter_8775209457639743543:repMsg
raspberrypi 07:39:11.492 [main] INFO  edu.bjut.boudia.myMain - meter_8775209457639743543:71774963
raspberrypi 07:39:11.493 [main] INFO  edu.bjut.boudia.myMain - meter_3030968610042497113:repMsg
raspberrypi 07:39:11.493 [main] INFO  edu.bjut.boudia.myMain - meter_3030968610042497113:71628556
raspberrypi 07:39:11.493 [main] INFO  edu.bjut.boudia.myMain - meter_1104545264473837681:repMsg
raspberrypi 07:39:11.493 [main] INFO  edu.bjut.boudia.myMain - meter_1104545264473837681:71448556
raspberrypi 07:39:11.493 [main] INFO  edu.bjut.boudia.myMain - meter_3165173954007608895:repMsg
raspberrypi 07:39:11.493 [main] INFO  edu.bjut.boudia.myMain - meter_3165173954007608895:72147944
raspberrypi 07:39:11.493 [main] INFO  edu.bjut.boudia.myMain - meter_2918905250694692831:repMsg
raspberrypi 07:39:11.493 [main] INFO  edu.bjut.boudia.myMain - meter_2918905250694692831:72034944
raspberrypi 07:39:11.493 [main] INFO  edu.bjut.boudia.myMain - meter_3244001493126678157:repMsg
raspberrypi 07:39:11.493 [main] INFO  edu.bjut.boudia.myMain - meter_3244001493126678157:73948519
raspberrypi 07:39:11.493 [main] INFO  edu.bjut.boudia.myMain - meter_2186403505387744959:repMsg
raspberrypi 07:39:11.493 [main] INFO  edu.bjut.boudia.myMain - meter_2186403505387744959:72019055
raspberrypi 07:39:11.493 [main] INFO  edu.bjut.boudia.myMain - meter_6538458853985349481:repMsg
raspberrypi 07:39:11.493 [main] INFO  edu.bjut.boudia.myMain - meter_6538458853985349481:72091814
raspberrypi 07:39:11.493 [main] INFO  edu.bjut.boudia.myMain - meter_3670971969098412895:repMsg
raspberrypi 07:39:11.493 [main] INFO  edu.bjut.boudia.myMain - meter_3670971969098412895:71928759
raspberrypi 07:39:11.493 [main] INFO  edu.bjut.boudia.myMain - meter_5656018114851153575:repMsg
raspberrypi 07:39:11.493 [main] INFO  edu.bjut.boudia.myMain - meter_5656018114851153575:71530426
raspberrypi 07:39:11.493 [main] INFO  edu.bjut.boudia.myMain - meter_5846003799910114003:repMsg
raspberrypi 07:39:11.493 [main] INFO  edu.bjut.boudia.myMain - meter_5846003799910114003:70928519
