raspberrypi 14:52:21.794 [main] INFO  edu.bjut.boudia.myMain - oneTimeMeterRegTime
raspberrypi 14:52:24.039 [main] INFO  edu.bjut.boudia.myMain - server:pubkey
raspberrypi 14:52:24.040 [main] INFO  edu.bjut.boudia.myMain - server:786537
raspberrypi 14:52:24.052 [main] INFO  edu.bjut.boudia.myMain - agg:regMsg,regMsg,regMsg,regMsg,regMsg,regMsg,regMsg,regMsg,regMsg,regMsg,regMsg,regMsg,regMsg,regMsg,regMsg,regMsg,regMsg,regMsg,regMsg,regMsg,regMsg,regMsg,regMsg,regMsg,regMsg,regMsg,regMsg,regMsg,regMsg,regMsg,regMsg,regMsg,regMsg,regMsg,regMsg,regMsg,regMsg,regMsg,regMsg,regMsg,regMsg,regMsg,regMsg,regMsg,regMsg,regMsg,regMsg,regMsg,regMsg,regMsg,regMsg,regMsg,regMsg,regMsg,regMsg,regMsg,regMsg,regMsg,regMsg,regMsg
raspberrypi 14:52:24.052 [main] INFO  edu.bjut.boudia.myMain - agg:18363648,29272130,18214204,18077481,18069315,18040778,18211723,18039037,18331074,18140241,18065648,18018611,18017314,29114519,18274074,17798445,17823426,17753519,17953370,17892740,17955241,17907593,17914333,17843759,18423426,18389593,18646592,18344537,18314667,18418741,18069796,18093371,18121259,18322926,18330037,18549093,18282574,22843352,17852056,17855722,17732648,17831518,17804000,17790352,17827518,17767019,17785240,17886481,17915296,17976797,17809130,17787574,17768425,17760907,17945000,17719537,17778500,17814093,17857333,17832426
raspberrypi 14:52:24.052 [main] INFO  edu.bjut.boudia.myMain - meter_6984550047700220555:regMsg,reg_backagg,reg_cc
raspberrypi 14:52:24.053 [main] INFO  edu.bjut.boudia.myMain - meter_6984550047700220555:9167,18493889,47111
raspberrypi 14:52:24.053 [main] INFO  edu.bjut.boudia.myMain - meter_4838820878880765811:regMsg,reg_backagg,reg_cc
raspberrypi 14:52:24.053 [main] INFO  edu.bjut.boudia.myMain - meter_4838820878880765811:2648,18581463,3019
raspberrypi 14:52:24.053 [main] INFO  edu.bjut.boudia.myMain - meter_3734310683827051643:regMsg,reg_backagg,reg_cc
raspberrypi 14:52:24.053 [main] INFO  edu.bjut.boudia.myMain - meter_3734310683827051643:2463,18705574,2981
raspberrypi 14:52:24.054 [main] INFO  edu.bjut.boudia.myMain - meter_1776382652864875913:regMsg,reg_backagg,reg_cc
raspberrypi 14:52:24.054 [main] INFO  edu.bjut.boudia.myMain - meter_1776382652864875913:2519,18380834,3019
raspberrypi 14:52:24.054 [main] INFO  edu.bjut.boudia.myMain - meter_8671885395141201207:regMsg,reg_backagg,reg_cc
raspberrypi 14:52:24.054 [main] INFO  edu.bjut.boudia.myMain - meter_8671885395141201207:2611,18132741,2703
raspberrypi 14:52:24.055 [main] INFO  edu.bjut.boudia.myMain - meter_3399353488546792819:regMsg,reg_backagg,reg_cc
raspberrypi 14:52:24.055 [main] INFO  edu.bjut.boudia.myMain - meter_3399353488546792819:2759,18651315,2963
raspberrypi 14:52:24.055 [main] INFO  edu.bjut.boudia.myMain - meter_3492415553196097535:regMsg,reg_backagg,reg_cc
raspberrypi 14:52:24.055 [main] INFO  edu.bjut.boudia.myMain - meter_3492415553196097535:2500,18426111,3093
raspberrypi 14:52:24.055 [main] INFO  edu.bjut.boudia.myMain - meter_7208646347907788755:regMsg,reg_backagg,reg_cc
raspberrypi 14:52:24.056 [main] INFO  edu.bjut.boudia.myMain - meter_7208646347907788755:3000,18470574,2889
raspberrypi 14:52:24.056 [main] INFO  edu.bjut.boudia.myMain - meter_525586055464816309:regMsg,reg_backagg,reg_cc
raspberrypi 14:52:24.056 [main] INFO  edu.bjut.boudia.myMain - meter_525586055464816309:2833,18509222,3259
raspberrypi 14:52:24.056 [main] INFO  edu.bjut.boudia.myMain - meter_5426080633649535453:regMsg,reg_backagg,reg_cc
raspberrypi 14:52:24.056 [main] INFO  edu.bjut.boudia.myMain - meter_5426080633649535453:2833,18257055,3333
raspberrypi 14:52:24.056 [main] INFO  edu.bjut.boudia.myMain - meter_2677763916636643729:regMsg,reg_backagg,reg_cc
raspberrypi 14:52:24.057 [main] INFO  edu.bjut.boudia.myMain - meter_2677763916636643729:2426,18281334,3852
raspberrypi 14:52:24.057 [main] INFO  edu.bjut.boudia.myMain - meter_1293894421280903035:regMsg,reg_backagg,reg_cc
raspberrypi 14:52:24.057 [main] INFO  edu.bjut.boudia.myMain - meter_1293894421280903035:2926,18532167,2871
raspberrypi 14:52:24.057 [main] INFO  edu.bjut.boudia.myMain - meter_7932176723305361551:regMsg,reg_backagg,reg_cc
raspberrypi 14:52:24.057 [main] INFO  edu.bjut.boudia.myMain - meter_7932176723305361551:3056,18326649,3056
raspberrypi 14:52:24.058 [main] INFO  edu.bjut.boudia.myMain - meter_8153206958936878293:regMsg,reg_backagg,reg_cc
raspberrypi 14:52:24.058 [main] INFO  edu.bjut.boudia.myMain - meter_8153206958936878293:2703,19000686,2463
raspberrypi 14:52:24.058 [main] INFO  edu.bjut.boudia.myMain - meter_3092626774288612539:regMsg,reg_backagg,reg_cc
raspberrypi 14:52:24.058 [main] INFO  edu.bjut.boudia.myMain - meter_3092626774288612539:2500,18135388,2703
raspberrypi 14:52:24.058 [main] INFO  edu.bjut.boudia.myMain - meter_1067398944368923005:regMsg,reg_backagg,reg_cc
raspberrypi 14:52:24.058 [main] INFO  edu.bjut.boudia.myMain - meter_1067398944368923005:2741,18242167,2796
raspberrypi 14:52:24.059 [main] INFO  edu.bjut.boudia.myMain - meter_2020096541959405411:regMsg,reg_backagg,reg_cc
raspberrypi 14:52:24.059 [main] INFO  edu.bjut.boudia.myMain - meter_2020096541959405411:3019,18313981,2389
raspberrypi 14:52:24.059 [main] INFO  edu.bjut.boudia.myMain - meter_7725044458853562937:regMsg,reg_backagg,reg_cc
raspberrypi 14:52:24.059 [main] INFO  edu.bjut.boudia.myMain - meter_7725044458853562937:2981,18069093,2111
raspberrypi 14:52:24.059 [main] INFO  edu.bjut.boudia.myMain - meter_5101611972666798167:regMsg,reg_backagg,reg_cc
raspberrypi 14:52:24.060 [main] INFO  edu.bjut.boudia.myMain - meter_5101611972666798167:2444,18229648,3130
raspberrypi 14:52:24.060 [main] INFO  edu.bjut.boudia.myMain - meter_1525338570221229919:regMsg,reg_backagg,reg_cc
raspberrypi 14:52:24.060 [main] INFO  edu.bjut.boudia.myMain - meter_1525338570221229919:3074,18304296,2981
raspberrypi 14:52:24.060 [main] INFO  edu.bjut.boudia.myMain - meter_4630838438059772027:regMsg,reg_backagg,reg_cc
raspberrypi 14:52:24.060 [main] INFO  edu.bjut.boudia.myMain - meter_4630838438059772027:2982,18043833,3148
raspberrypi 14:52:24.061 [main] INFO  edu.bjut.boudia.myMain - meter_7761026438708564633:regMsg,reg_backagg,reg_cc
raspberrypi 14:52:24.061 [main] INFO  edu.bjut.boudia.myMain - meter_7761026438708564633:3278,17998463,3389
raspberrypi 14:52:24.061 [main] INFO  edu.bjut.boudia.myMain - meter_907816541548081003:regMsg,reg_backagg,reg_cc
raspberrypi 14:52:24.061 [main] INFO  edu.bjut.boudia.myMain - meter_907816541548081003:3241,18102148,3074
raspberrypi 14:52:24.061 [main] INFO  edu.bjut.boudia.myMain - meter_3363890280300434459:regMsg,reg_backagg,reg_cc
raspberrypi 14:52:24.061 [main] INFO  edu.bjut.boudia.myMain - meter_3363890280300434459:2685,18531500,3315
raspberrypi 14:52:24.062 [main] INFO  edu.bjut.boudia.myMain - meter_4924821165370273323:regMsg,reg_backagg,reg_cc
raspberrypi 14:52:24.062 [main] INFO  edu.bjut.boudia.myMain - meter_4924821165370273323:2611,32202037,3148
raspberrypi 14:52:24.062 [main] INFO  edu.bjut.boudia.myMain - meter_7133519780266129659:regMsg,reg_backagg,reg_cc
raspberrypi 14:52:24.062 [main] INFO  edu.bjut.boudia.myMain - meter_7133519780266129659:2908,18445093,3129
raspberrypi 14:52:24.062 [main] INFO  edu.bjut.boudia.myMain - meter_2183232776079933319:regMsg,reg_backagg,reg_cc
raspberrypi 14:52:24.063 [main] INFO  edu.bjut.boudia.myMain - meter_2183232776079933319:2667,18426796,2648
raspberrypi 14:52:24.063 [main] INFO  edu.bjut.boudia.myMain - meter_4933541318100190993:regMsg,reg_backagg,reg_cc
raspberrypi 14:52:24.063 [main] INFO  edu.bjut.boudia.myMain - meter_4933541318100190993:2981,18569537,2796
raspberrypi 14:52:24.063 [main] INFO  edu.bjut.boudia.myMain - meter_3681670306990293055:regMsg,reg_backagg,reg_cc
raspberrypi 14:52:24.063 [main] INFO  edu.bjut.boudia.myMain - meter_3681670306990293055:2407,18556685,4556
raspberrypi 14:52:24.064 [main] INFO  edu.bjut.boudia.myMain - meter_7806556099135926225:regMsg,reg_backagg,reg_cc
raspberrypi 14:52:24.064 [main] INFO  edu.bjut.boudia.myMain - meter_7806556099135926225:3260,18604148,2351
raspberrypi 14:52:24.064 [main] INFO  edu.bjut.boudia.myMain - meter_2663843863685526177:regMsg,reg_backagg,reg_cc
raspberrypi 14:52:24.064 [main] INFO  edu.bjut.boudia.myMain - meter_2663843863685526177:2908,18047945,2944
raspberrypi 14:52:24.064 [main] INFO  edu.bjut.boudia.myMain - meter_7166206081728028559:regMsg,reg_backagg,reg_cc
raspberrypi 14:52:24.064 [main] INFO  edu.bjut.boudia.myMain - meter_7166206081728028559:3685,18928129,2518
raspberrypi 14:52:24.065 [main] INFO  edu.bjut.boudia.myMain - meter_7700560470082227681:regMsg,reg_backagg,reg_cc
raspberrypi 14:52:24.065 [main] INFO  edu.bjut.boudia.myMain - meter_7700560470082227681:2537,18758519,3222
raspberrypi 14:52:24.065 [main] INFO  edu.bjut.boudia.myMain - meter_2950255757864324611:regMsg,reg_backagg,reg_cc
raspberrypi 14:52:24.065 [main] INFO  edu.bjut.boudia.myMain - meter_2950255757864324611:2908,18579277,4222
raspberrypi 14:52:24.065 [main] INFO  edu.bjut.boudia.myMain - meter_4421489040075909531:regMsg,reg_backagg,reg_cc
raspberrypi 14:52:24.065 [main] INFO  edu.bjut.boudia.myMain - meter_4421489040075909531:3259,18476500,3018
raspberrypi 14:52:24.066 [main] INFO  edu.bjut.boudia.myMain - meter_7441351358348348745:regMsg,reg_backagg,reg_cc
raspberrypi 14:52:24.066 [main] INFO  edu.bjut.boudia.myMain - meter_7441351358348348745:2889,18402463,3704
raspberrypi 14:52:24.066 [main] INFO  edu.bjut.boudia.myMain - meter_4075845015703411009:regMsg,reg_backagg,reg_cc
raspberrypi 14:52:24.066 [main] INFO  edu.bjut.boudia.myMain - meter_4075845015703411009:2389,18714222,3000
raspberrypi 14:52:24.066 [main] INFO  edu.bjut.boudia.myMain - meter_4330749396630500597:regMsg,reg_backagg,reg_cc
raspberrypi 14:52:24.067 [main] INFO  edu.bjut.boudia.myMain - meter_4330749396630500597:2667,17983296,3370
raspberrypi 14:52:24.067 [main] INFO  edu.bjut.boudia.myMain - meter_4026451929647523909:regMsg,reg_backagg,reg_cc
raspberrypi 14:52:24.067 [main] INFO  edu.bjut.boudia.myMain - meter_4026451929647523909:2778,18135611,3315
raspberrypi 14:52:24.067 [main] INFO  edu.bjut.boudia.myMain - meter_1705335432137426729:regMsg,reg_backagg,reg_cc
raspberrypi 14:52:24.067 [main] INFO  edu.bjut.boudia.myMain - meter_1705335432137426729:2722,18079241,3296
raspberrypi 14:52:24.068 [main] INFO  edu.bjut.boudia.myMain - meter_2460722862405482493:regMsg,reg_backagg,reg_cc
raspberrypi 14:52:24.068 [main] INFO  edu.bjut.boudia.myMain - meter_2460722862405482493:2482,18227148,3519
raspberrypi 14:52:24.068 [main] INFO  edu.bjut.boudia.myMain - meter_3067858359663396291:regMsg,reg_backagg,reg_cc
raspberrypi 14:52:24.068 [main] INFO  edu.bjut.boudia.myMain - meter_3067858359663396291:2963,17767815,3018
raspberrypi 14:52:24.068 [main] INFO  edu.bjut.boudia.myMain - meter_4122264776770158379:regMsg,reg_backagg,reg_cc
raspberrypi 14:52:24.069 [main] INFO  edu.bjut.boudia.myMain - meter_4122264776770158379:2612,18067408,3352
raspberrypi 14:52:24.069 [main] INFO  edu.bjut.boudia.myMain - meter_3704782633043132667:regMsg,reg_backagg,reg_cc
raspberrypi 14:52:24.069 [main] INFO  edu.bjut.boudia.myMain - meter_3704782633043132667:3055,18072611,2593
raspberrypi 14:52:24.070 [main] INFO  edu.bjut.boudia.myMain - meter_2750664699095387555:regMsg,reg_backagg,reg_cc
raspberrypi 14:52:24.070 [main] INFO  edu.bjut.boudia.myMain - meter_2750664699095387555:3018,17833703,3297
raspberrypi 14:52:24.070 [main] INFO  edu.bjut.boudia.myMain - meter_6987175336101054091:regMsg,reg_backagg,reg_cc
raspberrypi 14:52:24.070 [main] INFO  edu.bjut.boudia.myMain - meter_6987175336101054091:2630,18130352,2944
raspberrypi 14:52:24.070 [main] INFO  edu.bjut.boudia.myMain - meter_5398812759610846147:regMsg,reg_backagg,reg_cc
raspberrypi 14:52:24.071 [main] INFO  edu.bjut.boudia.myMain - meter_5398812759610846147:3037,17994926,3518
raspberrypi 14:52:24.071 [main] INFO  edu.bjut.boudia.myMain - meter_2395175247022428453:regMsg,reg_backagg,reg_cc
raspberrypi 14:52:24.071 [main] INFO  edu.bjut.boudia.myMain - meter_2395175247022428453:2871,18196111,2888
raspberrypi 14:52:24.071 [main] INFO  edu.bjut.boudia.myMain - meter_968311884949407601:regMsg,reg_backagg,reg_cc
raspberrypi 14:52:24.071 [main] INFO  edu.bjut.boudia.myMain - meter_968311884949407601:2185,18351444,2945
raspberrypi 14:52:24.072 [main] INFO  edu.bjut.boudia.myMain - meter_901006826971296285:regMsg,reg_backagg,reg_cc
raspberrypi 14:52:24.072 [main] INFO  edu.bjut.boudia.myMain - meter_901006826971296285:3056,20324926,3149
raspberrypi 14:52:24.072 [main] INFO  edu.bjut.boudia.myMain - meter_2262022035230824381:regMsg,reg_backagg,reg_cc
raspberrypi 14:52:24.073 [main] INFO  edu.bjut.boudia.myMain - meter_2262022035230824381:3278,18055334,3204
raspberrypi 14:52:24.073 [main] INFO  edu.bjut.boudia.myMain - meter_7342156902784763415:regMsg,reg_backagg,reg_cc
raspberrypi 14:52:24.073 [main] INFO  edu.bjut.boudia.myMain - meter_7342156902784763415:2852,18082056,2870
raspberrypi 14:52:24.073 [main] INFO  edu.bjut.boudia.myMain - meter_2978998859704602081:regMsg,reg_backagg,reg_cc
raspberrypi 14:52:24.074 [main] INFO  edu.bjut.boudia.myMain - meter_2978998859704602081:2685,18146871,3222
raspberrypi 14:52:24.074 [main] INFO  edu.bjut.boudia.myMain - meter_8937293347614307095:regMsg,reg_backagg,reg_cc
raspberrypi 14:52:24.074 [main] INFO  edu.bjut.boudia.myMain - meter_8937293347614307095:2481,18225130,2685
raspberrypi 14:52:24.074 [main] INFO  edu.bjut.boudia.myMain - meter_8041486901559823183:regMsg,reg_backagg,reg_cc
raspberrypi 14:52:24.075 [main] INFO  edu.bjut.boudia.myMain - meter_8041486901559823183:2833,18106944,2741
raspberrypi 14:52:24.075 [main] INFO  edu.bjut.boudia.myMain - meter_7888464971926249979:regMsg,reg_backagg,reg_cc
raspberrypi 14:52:24.075 [main] INFO  edu.bjut.boudia.myMain - meter_7888464971926249979:2685,17950333,3240
raspberrypi 14:52:24.075 [main] INFO  edu.bjut.boudia.myMain - meter_1829387683857925915:regMsg,reg_backagg,reg_cc
raspberrypi 14:52:24.075 [main] INFO  edu.bjut.boudia.myMain - meter_1829387683857925915:2778,18239574,3296
raspberrypi 14:52:24.076 [main] INFO  edu.bjut.boudia.myMain - meter_6844597205229069111:regMsg,reg_backagg,reg_cc
raspberrypi 14:52:24.076 [main] INFO  edu.bjut.boudia.myMain - meter_6844597205229069111:2407,18253129,2982
raspberrypi 14:52:24.076 [main] INFO  edu.bjut.boudia.myMain - meter_653819345489704357:regMsg,reg_backagg,reg_cc
raspberrypi 14:52:24.076 [main] INFO  edu.bjut.boudia.myMain - meter_653819345489704357:2777,18089111,3444
raspberrypi 14:52:24.076 [main] INFO  edu.bjut.boudia.myMain - meter_7699901197310800655:regMsg,reg_backagg,reg_cc
raspberrypi 14:52:24.077 [main] INFO  edu.bjut.boudia.myMain - meter_7699901197310800655:2759,18255834,3278
raspberrypi 14:52:26.268 [main] INFO  edu.bjut.boudia.myMain - oneTimeMeterRepTime
raspberrypi 14:52:32.273 [main] INFO  edu.bjut.boudia.myMain - server:repMsg
raspberrypi 14:52:32.273 [main] INFO  edu.bjut.boudia.myMain - server:88325074
raspberrypi 14:52:32.274 [main] INFO  edu.bjut.boudia.myMain - agg:repMsg
raspberrypi 14:52:32.274 [main] INFO  edu.bjut.boudia.myMain - agg:1190650333
raspberrypi 14:52:32.274 [main] INFO  edu.bjut.boudia.myMain - meter_6984550047700220555:repMsg
raspberrypi 14:52:32.274 [main] INFO  edu.bjut.boudia.myMain - meter_6984550047700220555:129517241
raspberrypi 14:52:32.274 [main] INFO  edu.bjut.boudia.myMain - meter_4838820878880765811:repMsg
raspberrypi 14:52:32.274 [main] INFO  edu.bjut.boudia.myMain - meter_4838820878880765811:79360093
raspberrypi 14:52:32.275 [main] INFO  edu.bjut.boudia.myMain - meter_3734310683827051643:repMsg
raspberrypi 14:52:32.275 [main] INFO  edu.bjut.boudia.myMain - meter_3734310683827051643:74662370
raspberrypi 14:52:32.275 [main] INFO  edu.bjut.boudia.myMain - meter_1776382652864875913:repMsg
raspberrypi 14:52:32.275 [main] INFO  edu.bjut.boudia.myMain - meter_1776382652864875913:74810519
raspberrypi 14:52:32.275 [main] INFO  edu.bjut.boudia.myMain - meter_8671885395141201207:repMsg
raspberrypi 14:52:32.275 [main] INFO  edu.bjut.boudia.myMain - meter_8671885395141201207:72831907
raspberrypi 14:52:32.275 [main] INFO  edu.bjut.boudia.myMain - meter_3399353488546792819:repMsg
raspberrypi 14:52:32.275 [main] INFO  edu.bjut.boudia.myMain - meter_3399353488546792819:72939426
raspberrypi 14:52:32.275 [main] INFO  edu.bjut.boudia.myMain - meter_3492415553196097535:repMsg
raspberrypi 14:52:32.276 [main] INFO  edu.bjut.boudia.myMain - meter_3492415553196097535:73070945
raspberrypi 14:52:32.276 [main] INFO  edu.bjut.boudia.myMain - meter_7208646347907788755:repMsg
raspberrypi 14:52:32.276 [main] INFO  edu.bjut.boudia.myMain - meter_7208646347907788755:77154593
raspberrypi 14:52:32.276 [main] INFO  edu.bjut.boudia.myMain - meter_525586055464816309:repMsg
raspberrypi 14:52:32.276 [main] INFO  edu.bjut.boudia.myMain - meter_525586055464816309:73287722
raspberrypi 14:52:32.276 [main] INFO  edu.bjut.boudia.myMain - meter_5426080633649535453:repMsg
raspberrypi 14:52:32.276 [main] INFO  edu.bjut.boudia.myMain - meter_5426080633649535453:73414463
raspberrypi 14:52:32.277 [main] INFO  edu.bjut.boudia.myMain - meter_2677763916636643729:repMsg
raspberrypi 14:52:32.277 [main] INFO  edu.bjut.boudia.myMain - meter_2677763916636643729:72958648
raspberrypi 14:52:32.277 [main] INFO  edu.bjut.boudia.myMain - meter_1293894421280903035:repMsg
raspberrypi 14:52:32.277 [main] INFO  edu.bjut.boudia.myMain - meter_1293894421280903035:73278797
raspberrypi 14:52:32.277 [main] INFO  edu.bjut.boudia.myMain - meter_7932176723305361551:repMsg
raspberrypi 14:52:32.277 [main] INFO  edu.bjut.boudia.myMain - meter_7932176723305361551:73290500
raspberrypi 14:52:32.277 [main] INFO  edu.bjut.boudia.myMain - meter_8153206958936878293:repMsg
raspberrypi 14:52:32.277 [main] INFO  edu.bjut.boudia.myMain - meter_8153206958936878293:76084056
raspberrypi 14:52:32.278 [main] INFO  edu.bjut.boudia.myMain - meter_3092626774288612539:repMsg
raspberrypi 14:52:32.278 [main] INFO  edu.bjut.boudia.myMain - meter_3092626774288612539:73541704
raspberrypi 14:52:32.278 [main] INFO  edu.bjut.boudia.myMain - meter_1067398944368923005:repMsg
raspberrypi 14:52:32.278 [main] INFO  edu.bjut.boudia.myMain - meter_1067398944368923005:113801093
raspberrypi 14:52:32.278 [main] INFO  edu.bjut.boudia.myMain - meter_2020096541959405411:repMsg
raspberrypi 14:52:32.278 [main] INFO  edu.bjut.boudia.myMain - meter_2020096541959405411:97573667
raspberrypi 14:52:32.278 [main] INFO  edu.bjut.boudia.myMain - meter_7725044458853562937:repMsg
raspberrypi 14:52:32.279 [main] INFO  edu.bjut.boudia.myMain - meter_7725044458853562937:92944963
raspberrypi 14:52:32.279 [main] INFO  edu.bjut.boudia.myMain - meter_5101611972666798167:repMsg
raspberrypi 14:52:32.279 [main] INFO  edu.bjut.boudia.myMain - meter_5101611972666798167:94519037
raspberrypi 14:52:32.279 [main] INFO  edu.bjut.boudia.myMain - meter_1525338570221229919:repMsg
raspberrypi 14:52:32.279 [main] INFO  edu.bjut.boudia.myMain - meter_1525338570221229919:93328907
raspberrypi 14:52:32.279 [main] INFO  edu.bjut.boudia.myMain - meter_4630838438059772027:repMsg
raspberrypi 14:52:32.279 [main] INFO  edu.bjut.boudia.myMain - meter_4630838438059772027:96942814
raspberrypi 14:52:32.279 [main] INFO  edu.bjut.boudia.myMain - meter_7761026438708564633:repMsg
raspberrypi 14:52:32.279 [main] INFO  edu.bjut.boudia.myMain - meter_7761026438708564633:93547148
raspberrypi 14:52:32.280 [main] INFO  edu.bjut.boudia.myMain - meter_907816541548081003:repMsg
raspberrypi 14:52:32.280 [main] INFO  edu.bjut.boudia.myMain - meter_907816541548081003:94689740
raspberrypi 14:52:32.280 [main] INFO  edu.bjut.boudia.myMain - meter_3363890280300434459:repMsg
raspberrypi 14:52:32.280 [main] INFO  edu.bjut.boudia.myMain - meter_3363890280300434459:94514223
raspberrypi 14:52:32.280 [main] INFO  edu.bjut.boudia.myMain - meter_4924821165370273323:repMsg
raspberrypi 14:52:32.280 [main] INFO  edu.bjut.boudia.myMain - meter_4924821165370273323:85131981
raspberrypi 14:52:32.280 [main] INFO  edu.bjut.boudia.myMain - meter_7133519780266129659:repMsg
raspberrypi 14:52:32.280 [main] INFO  edu.bjut.boudia.myMain - meter_7133519780266129659:74064944
raspberrypi 14:52:32.281 [main] INFO  edu.bjut.boudia.myMain - meter_2183232776079933319:repMsg
raspberrypi 14:52:32.281 [main] INFO  edu.bjut.boudia.myMain - meter_2183232776079933319:76634648
raspberrypi 14:52:32.281 [main] INFO  edu.bjut.boudia.myMain - meter_4933541318100190993:repMsg
raspberrypi 14:52:32.281 [main] INFO  edu.bjut.boudia.myMain - meter_4933541318100190993:73482962
raspberrypi 14:52:32.281 [main] INFO  edu.bjut.boudia.myMain - meter_3681670306990293055:repMsg
raspberrypi 14:52:32.281 [main] INFO  edu.bjut.boudia.myMain - meter_3681670306990293055:72839555
raspberrypi 14:52:32.281 [main] INFO  edu.bjut.boudia.myMain - meter_7806556099135926225:repMsg
raspberrypi 14:52:32.281 [main] INFO  edu.bjut.boudia.myMain - meter_7806556099135926225:74134982
raspberrypi 14:52:32.282 [main] INFO  edu.bjut.boudia.myMain - meter_2663843863685526177:repMsg
raspberrypi 14:52:32.282 [main] INFO  edu.bjut.boudia.myMain - meter_2663843863685526177:73648500
raspberrypi 14:52:32.282 [main] INFO  edu.bjut.boudia.myMain - meter_7166206081728028559:repMsg
raspberrypi 14:52:32.282 [main] INFO  edu.bjut.boudia.myMain - meter_7166206081728028559:73702185
raspberrypi 14:52:32.282 [main] INFO  edu.bjut.boudia.myMain - meter_7700560470082227681:repMsg
raspberrypi 14:52:32.282 [main] INFO  edu.bjut.boudia.myMain - meter_7700560470082227681:77233815
raspberrypi 14:52:32.282 [main] INFO  edu.bjut.boudia.myMain - meter_2950255757864324611:repMsg
raspberrypi 14:52:32.283 [main] INFO  edu.bjut.boudia.myMain - meter_2950255757864324611:73608111
raspberrypi 14:52:32.283 [main] INFO  edu.bjut.boudia.myMain - meter_4421489040075909531:repMsg
raspberrypi 14:52:32.283 [main] INFO  edu.bjut.boudia.myMain - meter_4421489040075909531:74098092
raspberrypi 14:52:32.283 [main] INFO  edu.bjut.boudia.myMain - meter_7441351358348348745:repMsg
raspberrypi 14:52:32.283 [main] INFO  edu.bjut.boudia.myMain - meter_7441351358348348745:72650389
raspberrypi 14:52:32.283 [main] INFO  edu.bjut.boudia.myMain - meter_4075845015703411009:repMsg
raspberrypi 14:52:32.283 [main] INFO  edu.bjut.boudia.myMain - meter_4075845015703411009:73581056
raspberrypi 14:52:32.283 [main] INFO  edu.bjut.boudia.myMain - meter_4330749396630500597:repMsg
raspberrypi 14:52:32.284 [main] INFO  edu.bjut.boudia.myMain - meter_4330749396630500597:73970722
raspberrypi 14:52:32.284 [main] INFO  edu.bjut.boudia.myMain - meter_4026451929647523909:repMsg
raspberrypi 14:52:32.284 [main] INFO  edu.bjut.boudia.myMain - meter_4026451929647523909:76319796
raspberrypi 14:52:32.284 [main] INFO  edu.bjut.boudia.myMain - meter_1705335432137426729:repMsg
raspberrypi 14:52:32.284 [main] INFO  edu.bjut.boudia.myMain - meter_1705335432137426729:73811741
raspberrypi 14:52:32.284 [main] INFO  edu.bjut.boudia.myMain - meter_2460722862405482493:repMsg
raspberrypi 14:52:32.284 [main] INFO  edu.bjut.boudia.myMain - meter_2460722862405482493:73099408
raspberrypi 14:52:32.284 [main] INFO  edu.bjut.boudia.myMain - meter_3067858359663396291:repMsg
raspberrypi 14:52:32.285 [main] INFO  edu.bjut.boudia.myMain - meter_3067858359663396291:73786351
raspberrypi 14:52:32.285 [main] INFO  edu.bjut.boudia.myMain - meter_4122264776770158379:repMsg
raspberrypi 14:52:32.285 [main] INFO  edu.bjut.boudia.myMain - meter_4122264776770158379:74252019
raspberrypi 14:52:32.285 [main] INFO  edu.bjut.boudia.myMain - meter_3704782633043132667:repMsg
raspberrypi 14:52:32.285 [main] INFO  edu.bjut.boudia.myMain - meter_3704782633043132667:73481722
raspberrypi 14:52:32.285 [main] INFO  edu.bjut.boudia.myMain - meter_2750664699095387555:repMsg
raspberrypi 14:52:32.285 [main] INFO  edu.bjut.boudia.myMain - meter_2750664699095387555:77508000
raspberrypi 14:52:32.285 [main] INFO  edu.bjut.boudia.myMain - meter_6987175336101054091:repMsg
raspberrypi 14:52:32.285 [main] INFO  edu.bjut.boudia.myMain - meter_6987175336101054091:73611000
raspberrypi 14:52:32.286 [main] INFO  edu.bjut.boudia.myMain - meter_5398812759610846147:repMsg
raspberrypi 14:52:32.286 [main] INFO  edu.bjut.boudia.myMain - meter_5398812759610846147:73729759
raspberrypi 14:52:32.286 [main] INFO  edu.bjut.boudia.myMain - meter_2395175247022428453:repMsg
raspberrypi 14:52:32.286 [main] INFO  edu.bjut.boudia.myMain - meter_2395175247022428453:73863241
raspberrypi 14:52:32.286 [main] INFO  edu.bjut.boudia.myMain - meter_968311884949407601:repMsg
raspberrypi 14:52:32.286 [main] INFO  edu.bjut.boudia.myMain - meter_968311884949407601:73090667
raspberrypi 14:52:32.286 [main] INFO  edu.bjut.boudia.myMain - meter_901006826971296285:repMsg
raspberrypi 14:52:32.286 [main] INFO  edu.bjut.boudia.myMain - meter_901006826971296285:73861556
raspberrypi 14:52:32.286 [main] INFO  edu.bjut.boudia.myMain - meter_2262022035230824381:repMsg
raspberrypi 14:52:32.287 [main] INFO  edu.bjut.boudia.myMain - meter_2262022035230824381:76503796
raspberrypi 14:52:32.287 [main] INFO  edu.bjut.boudia.myMain - meter_7342156902784763415:repMsg
raspberrypi 14:52:32.287 [main] INFO  edu.bjut.boudia.myMain - meter_7342156902784763415:73219685
raspberrypi 14:52:32.287 [main] INFO  edu.bjut.boudia.myMain - meter_2978998859704602081:repMsg
raspberrypi 14:52:32.287 [main] INFO  edu.bjut.boudia.myMain - meter_2978998859704602081:73710500
raspberrypi 14:52:32.287 [main] INFO  edu.bjut.boudia.myMain - meter_8937293347614307095:repMsg
raspberrypi 14:52:32.287 [main] INFO  edu.bjut.boudia.myMain - meter_8937293347614307095:73985723
raspberrypi 14:52:32.287 [main] INFO  edu.bjut.boudia.myMain - meter_8041486901559823183:repMsg
raspberrypi 14:52:32.287 [main] INFO  edu.bjut.boudia.myMain - meter_8041486901559823183:73569611
raspberrypi 14:52:32.288 [main] INFO  edu.bjut.boudia.myMain - meter_7888464971926249979:repMsg
raspberrypi 14:52:32.288 [main] INFO  edu.bjut.boudia.myMain - meter_7888464971926249979:73335870
raspberrypi 14:52:32.288 [main] INFO  edu.bjut.boudia.myMain - meter_1829387683857925915:repMsg
raspberrypi 14:52:32.288 [main] INFO  edu.bjut.boudia.myMain - meter_1829387683857925915:76061704
raspberrypi 14:52:32.288 [main] INFO  edu.bjut.boudia.myMain - meter_6844597205229069111:repMsg
raspberrypi 14:52:32.288 [main] INFO  edu.bjut.boudia.myMain - meter_6844597205229069111:74110019
raspberrypi 14:52:32.288 [main] INFO  edu.bjut.boudia.myMain - meter_653819345489704357:repMsg
raspberrypi 14:52:32.288 [main] INFO  edu.bjut.boudia.myMain - meter_653819345489704357:73075537
raspberrypi 14:52:32.288 [main] INFO  edu.bjut.boudia.myMain - meter_7699901197310800655:repMsg
raspberrypi 14:52:32.289 [main] INFO  edu.bjut.boudia.myMain - meter_7699901197310800655:73159111
raspberrypi 14:52:39.958 [main] INFO  edu.bjut.boudia.myMain - oneTimeMeterRegTime
raspberrypi 14:52:41.772 [main] INFO  edu.bjut.boudia.myMain - server:pubkey
raspberrypi 14:52:41.773 [main] INFO  edu.bjut.boudia.myMain - server:4148
raspberrypi 14:52:41.774 [main] INFO  edu.bjut.boudia.myMain - agg:regMsg,regMsg,regMsg,regMsg,regMsg,regMsg,regMsg,regMsg,regMsg,regMsg,regMsg,regMsg,regMsg,regMsg,regMsg,regMsg,regMsg,regMsg,regMsg,regMsg,regMsg,regMsg,regMsg,regMsg,regMsg,regMsg,regMsg,regMsg,regMsg,regMsg,regMsg,regMsg,regMsg,regMsg,regMsg,regMsg,regMsg,regMsg,regMsg,regMsg,regMsg,regMsg,regMsg,regMsg,regMsg,regMsg,regMsg,regMsg,regMsg,regMsg
raspberrypi 14:52:41.774 [main] INFO  edu.bjut.boudia.myMain - agg:18018296,17893111,17970592,17947093,17975574,17887445,18039852,17908482,19667574,17833944,17895555,17877685,17924796,17933926,17861796,17878167,17939130,17821075,17877075,17832056,19678333,17887018,17940852,17918944,17863278,17878092,17829852,17867037,17807352,17803722,18031518,17971334,17860037,18006685,17871871,17979945,17983314,17862556,17838444,17869315,17846093,17869630,17871186,17887444,17883612,19365222,17963241,17883444,17890278,17855222
raspberrypi 14:52:41.774 [main] INFO  edu.bjut.boudia.myMain - meter_3002793788430847975:regMsg,reg_backagg,reg_cc
raspberrypi 14:52:41.775 [main] INFO  edu.bjut.boudia.myMain - meter_3002793788430847975:2370,18234074,5371
raspberrypi 14:52:41.775 [main] INFO  edu.bjut.boudia.myMain - meter_279061289886086695:regMsg,reg_backagg,reg_cc
raspberrypi 14:52:41.775 [main] INFO  edu.bjut.boudia.myMain - meter_279061289886086695:6611,17934760,5574
raspberrypi 14:52:41.775 [main] INFO  edu.bjut.boudia.myMain - meter_2763757031994971579:regMsg,reg_backagg,reg_cc
raspberrypi 14:52:41.775 [main] INFO  edu.bjut.boudia.myMain - meter_2763757031994971579:5482,18112111,5519
raspberrypi 14:52:41.775 [main] INFO  edu.bjut.boudia.myMain - meter_7890737310943744887:regMsg,reg_backagg,reg_cc
raspberrypi 14:52:41.775 [main] INFO  edu.bjut.boudia.myMain - meter_7890737310943744887:6278,17890333,4722
raspberrypi 14:52:41.775 [main] INFO  edu.bjut.boudia.myMain - meter_53913806158283431:regMsg,reg_backagg,reg_cc
raspberrypi 14:52:41.776 [main] INFO  edu.bjut.boudia.myMain - meter_53913806158283431:6519,18355592,4871
raspberrypi 14:52:41.776 [main] INFO  edu.bjut.boudia.myMain - meter_7149154048062828357:regMsg,reg_backagg,reg_cc
raspberrypi 14:52:41.776 [main] INFO  edu.bjut.boudia.myMain - meter_7149154048062828357:5315,18016481,5500
raspberrypi 14:52:41.776 [main] INFO  edu.bjut.boudia.myMain - meter_360144226224578641:regMsg,reg_backagg,reg_cc
raspberrypi 14:52:41.776 [main] INFO  edu.bjut.boudia.myMain - meter_360144226224578641:24723,18312926,5130
raspberrypi 14:52:41.776 [main] INFO  edu.bjut.boudia.myMain - meter_5668776571328031201:regMsg,reg_backagg,reg_cc
raspberrypi 14:52:41.776 [main] INFO  edu.bjut.boudia.myMain - meter_5668776571328031201:7685,18138574,57185
raspberrypi 14:52:41.776 [main] INFO  edu.bjut.boudia.myMain - meter_2941697986137920699:regMsg,reg_backagg,reg_cc
raspberrypi 14:52:41.777 [main] INFO  edu.bjut.boudia.myMain - meter_2941697986137920699:7352,18040334,2907
raspberrypi 14:52:41.777 [main] INFO  edu.bjut.boudia.myMain - meter_9095585552699399391:regMsg,reg_backagg,reg_cc
raspberrypi 14:52:41.777 [main] INFO  edu.bjut.boudia.myMain - meter_9095585552699399391:6667,18385296,2370
raspberrypi 14:52:41.777 [main] INFO  edu.bjut.boudia.myMain - meter_534984617327387093:regMsg,reg_backagg,reg_cc
raspberrypi 14:52:41.777 [main] INFO  edu.bjut.boudia.myMain - meter_534984617327387093:6667,18330204,1741
raspberrypi 14:52:41.777 [main] INFO  edu.bjut.boudia.myMain - meter_8414838371713098185:regMsg,reg_backagg,reg_cc
raspberrypi 14:52:41.777 [main] INFO  edu.bjut.boudia.myMain - meter_8414838371713098185:5777,18292649,2260
raspberrypi 14:52:41.778 [main] INFO  edu.bjut.boudia.myMain - meter_1701011609040193285:regMsg,reg_backagg,reg_cc
raspberrypi 14:52:41.778 [main] INFO  edu.bjut.boudia.myMain - meter_1701011609040193285:6074,17993352,2555
raspberrypi 14:52:41.778 [main] INFO  edu.bjut.boudia.myMain - meter_2825659066958653261:regMsg,reg_backagg,reg_cc
raspberrypi 14:52:41.778 [main] INFO  edu.bjut.boudia.myMain - meter_2825659066958653261:6926,18205241,2445
raspberrypi 14:52:41.778 [main] INFO  edu.bjut.boudia.myMain - meter_3291265718174240745:regMsg,reg_backagg,reg_cc
raspberrypi 14:52:41.778 [main] INFO  edu.bjut.boudia.myMain - meter_3291265718174240745:5370,18225407,2222
raspberrypi 14:52:41.778 [main] INFO  edu.bjut.boudia.myMain - meter_6865318440276947995:regMsg,reg_backagg,reg_cc
raspberrypi 14:52:41.778 [main] INFO  edu.bjut.boudia.myMain - meter_6865318440276947995:5908,17964185,2537
raspberrypi 14:52:41.778 [main] INFO  edu.bjut.boudia.myMain - meter_2247749184746825173:regMsg,reg_backagg,reg_cc
raspberrypi 14:52:41.779 [main] INFO  edu.bjut.boudia.myMain - meter_2247749184746825173:6463,17922259,2186
raspberrypi 14:52:41.779 [main] INFO  edu.bjut.boudia.myMain - meter_7307270261934755399:regMsg,reg_backagg,reg_cc
raspberrypi 14:52:41.779 [main] INFO  edu.bjut.boudia.myMain - meter_7307270261934755399:6575,17884740,2297
raspberrypi 14:52:41.779 [main] INFO  edu.bjut.boudia.myMain - meter_4851026125602724011:regMsg,reg_backagg,reg_cc
raspberrypi 14:52:41.779 [main] INFO  edu.bjut.boudia.myMain - meter_4851026125602724011:6926,18162351,1889
raspberrypi 14:52:41.779 [main] INFO  edu.bjut.boudia.myMain - meter_4572104474136344899:regMsg,reg_backagg,reg_cc
raspberrypi 14:52:41.779 [main] INFO  edu.bjut.boudia.myMain - meter_4572104474136344899:6796,18278833,2574
raspberrypi 14:52:41.779 [main] INFO  edu.bjut.boudia.myMain - meter_1902568872903321687:regMsg,reg_backagg,reg_cc
raspberrypi 14:52:41.779 [main] INFO  edu.bjut.boudia.myMain - meter_1902568872903321687:6222,17968982,2556
raspberrypi 14:52:41.779 [main] INFO  edu.bjut.boudia.myMain - meter_2842181320740594403:regMsg,reg_backagg,reg_cc
raspberrypi 14:52:41.780 [main] INFO  edu.bjut.boudia.myMain - meter_2842181320740594403:6908,18158426,2852
raspberrypi 14:52:41.780 [main] INFO  edu.bjut.boudia.myMain - meter_4022283954724802317:regMsg,reg_backagg,reg_cc
raspberrypi 14:52:41.780 [main] INFO  edu.bjut.boudia.myMain - meter_4022283954724802317:7722,18107982,1797
raspberrypi 14:52:41.780 [main] INFO  edu.bjut.boudia.myMain - meter_2592562678963390779:regMsg,reg_backagg,reg_cc
raspberrypi 14:52:41.780 [main] INFO  edu.bjut.boudia.myMain - meter_2592562678963390779:6871,18274185,1889
raspberrypi 14:52:41.780 [main] INFO  edu.bjut.boudia.myMain - meter_7901132377023442055:regMsg,reg_backagg,reg_cc
raspberrypi 14:52:41.780 [main] INFO  edu.bjut.boudia.myMain - meter_7901132377023442055:6296,18130926,2611
raspberrypi 14:52:41.780 [main] INFO  edu.bjut.boudia.myMain - meter_7628513558892334647:regMsg,reg_backagg,reg_cc
raspberrypi 14:52:41.780 [main] INFO  edu.bjut.boudia.myMain - meter_7628513558892334647:6148,18353778,2334
raspberrypi 14:52:41.781 [main] INFO  edu.bjut.boudia.myMain - meter_7307976298480780317:regMsg,reg_backagg,reg_cc
raspberrypi 14:52:41.781 [main] INFO  edu.bjut.boudia.myMain - meter_7307976298480780317:6000,18318334,1778
raspberrypi 14:52:41.781 [main] INFO  edu.bjut.boudia.myMain - meter_7480544280952618573:regMsg,reg_backagg,reg_cc
raspberrypi 14:52:41.781 [main] INFO  edu.bjut.boudia.myMain - meter_7480544280952618573:7074,18281204,2278
raspberrypi 14:52:41.781 [main] INFO  edu.bjut.boudia.myMain - meter_6505128111384590353:regMsg,reg_backagg,reg_cc
raspberrypi 14:52:41.782 [main] INFO  edu.bjut.boudia.myMain - meter_6505128111384590353:6852,18191074,2092
raspberrypi 14:52:41.782 [main] INFO  edu.bjut.boudia.myMain - meter_4796497135683967129:regMsg,reg_backagg,reg_cc
raspberrypi 14:52:41.782 [main] INFO  edu.bjut.boudia.myMain - meter_4796497135683967129:6371,17735907,2334
raspberrypi 14:52:41.782 [main] INFO  edu.bjut.boudia.myMain - meter_3573014265941065199:regMsg,reg_backagg,reg_cc
raspberrypi 14:52:41.782 [main] INFO  edu.bjut.boudia.myMain - meter_3573014265941065199:6926,18156407,2519
raspberrypi 14:52:41.782 [main] INFO  edu.bjut.boudia.myMain - meter_6073847800237131825:regMsg,reg_backagg,reg_cc
raspberrypi 14:52:41.782 [main] INFO  edu.bjut.boudia.myMain - meter_6073847800237131825:6352,18290092,2630
raspberrypi 14:52:41.782 [main] INFO  edu.bjut.boudia.myMain - meter_6228216337425033599:regMsg,reg_backagg,reg_cc
raspberrypi 14:52:41.783 [main] INFO  edu.bjut.boudia.myMain - meter_6228216337425033599:6018,19484166,2278
raspberrypi 14:52:41.783 [main] INFO  edu.bjut.boudia.myMain - meter_3335108297482494327:regMsg,reg_backagg,reg_cc
raspberrypi 14:52:41.783 [main] INFO  edu.bjut.boudia.myMain - meter_3335108297482494327:6315,18096685,2815
raspberrypi 14:52:41.783 [main] INFO  edu.bjut.boudia.myMain - meter_2961807692668727407:regMsg,reg_backagg,reg_cc
raspberrypi 14:52:41.783 [main] INFO  edu.bjut.boudia.myMain - meter_2961807692668727407:6629,18070074,2278
raspberrypi 14:52:41.783 [main] INFO  edu.bjut.boudia.myMain - meter_559744926701697089:regMsg,reg_backagg,reg_cc
raspberrypi 14:52:41.783 [main] INFO  edu.bjut.boudia.myMain - meter_559744926701697089:6185,18327056,2296
raspberrypi 14:52:41.783 [main] INFO  edu.bjut.boudia.myMain - meter_6804866045365085627:regMsg,reg_backagg,reg_cc
raspberrypi 14:52:41.783 [main] INFO  edu.bjut.boudia.myMain - meter_6804866045365085627:6222,18236685,1944
raspberrypi 14:52:41.783 [main] INFO  edu.bjut.boudia.myMain - meter_2016954523490013635:regMsg,reg_backagg,reg_cc
raspberrypi 14:52:41.784 [main] INFO  edu.bjut.boudia.myMain - meter_2016954523490013635:6815,18032056,2389
raspberrypi 14:52:41.784 [main] INFO  edu.bjut.boudia.myMain - meter_3990186289788655505:regMsg,reg_backagg,reg_cc
raspberrypi 14:52:41.784 [main] INFO  edu.bjut.boudia.myMain - meter_3990186289788655505:6297,18008834,2278
raspberrypi 14:52:41.784 [main] INFO  edu.bjut.boudia.myMain - meter_7606096386114789253:regMsg,reg_backagg,reg_cc
raspberrypi 14:52:41.784 [main] INFO  edu.bjut.boudia.myMain - meter_7606096386114789253:6778,18150037,2611
raspberrypi 14:52:41.784 [main] INFO  edu.bjut.boudia.myMain - meter_2629822280831544011:regMsg,reg_backagg,reg_cc
raspberrypi 14:52:41.784 [main] INFO  edu.bjut.boudia.myMain - meter_2629822280831544011:6481,18008667,2796
raspberrypi 14:52:41.784 [main] INFO  edu.bjut.boudia.myMain - meter_8156426247171095207:regMsg,reg_backagg,reg_cc
raspberrypi 14:52:41.784 [main] INFO  edu.bjut.boudia.myMain - meter_8156426247171095207:6000,18109982,2370
raspberrypi 14:52:41.784 [main] INFO  edu.bjut.boudia.myMain - meter_4791785645850546275:regMsg,reg_backagg,reg_cc
raspberrypi 14:52:41.784 [main] INFO  edu.bjut.boudia.myMain - meter_4791785645850546275:7074,18144352,2296
raspberrypi 14:52:41.785 [main] INFO  edu.bjut.boudia.myMain - meter_1319553998739129903:regMsg,reg_backagg,reg_cc
raspberrypi 14:52:41.785 [main] INFO  edu.bjut.boudia.myMain - meter_1319553998739129903:6278,18166204,2519
raspberrypi 14:52:41.785 [main] INFO  edu.bjut.boudia.myMain - meter_8726033222950648245:regMsg,reg_backagg,reg_cc
raspberrypi 14:52:41.785 [main] INFO  edu.bjut.boudia.myMain - meter_8726033222950648245:6982,18178093,2481
raspberrypi 14:52:41.785 [main] INFO  edu.bjut.boudia.myMain - meter_5501061820835540841:regMsg,reg_backagg,reg_cc
raspberrypi 14:52:41.785 [main] INFO  edu.bjut.boudia.myMain - meter_5501061820835540841:6797,18220852,2851
raspberrypi 14:52:41.785 [main] INFO  edu.bjut.boudia.myMain - meter_3207440943338368297:regMsg,reg_backagg,reg_cc
raspberrypi 14:52:41.785 [main] INFO  edu.bjut.boudia.myMain - meter_3207440943338368297:7407,18247556,2519
raspberrypi 14:52:41.785 [main] INFO  edu.bjut.boudia.myMain - meter_1887603900065699351:regMsg,reg_backagg,reg_cc
raspberrypi 14:52:41.785 [main] INFO  edu.bjut.boudia.myMain - meter_1887603900065699351:7186,18354389,1981
raspberrypi 14:52:41.785 [main] INFO  edu.bjut.boudia.myMain - meter_4055609152618277989:regMsg,reg_backagg,reg_cc
raspberrypi 14:52:41.785 [main] INFO  edu.bjut.boudia.myMain - meter_4055609152618277989:6537,18282888,2222
raspberrypi 14:52:41.786 [main] INFO  edu.bjut.boudia.myMain - meter_3717578711480148469:regMsg,reg_backagg,reg_cc
raspberrypi 14:52:41.786 [main] INFO  edu.bjut.boudia.myMain - meter_3717578711480148469:6111,18276963,2723
raspberrypi 14:52:43.599 [main] INFO  edu.bjut.boudia.myMain - oneTimeMeterRepTime
raspberrypi 14:52:48.360 [main] INFO  edu.bjut.boudia.myMain - server:repMsg
raspberrypi 14:52:48.360 [main] INFO  edu.bjut.boudia.myMain - server:87801796
raspberrypi 14:52:48.360 [main] INFO  edu.bjut.boudia.myMain - agg:repMsg
raspberrypi 14:52:48.360 [main] INFO  edu.bjut.boudia.myMain - agg:986197407
raspberrypi 14:52:48.360 [main] INFO  edu.bjut.boudia.myMain - meter_3002793788430847975:repMsg
raspberrypi 14:52:48.360 [main] INFO  edu.bjut.boudia.myMain - meter_3002793788430847975:73808630
raspberrypi 14:52:48.360 [main] INFO  edu.bjut.boudia.myMain - meter_279061289886086695:repMsg
raspberrypi 14:52:48.361 [main] INFO  edu.bjut.boudia.myMain - meter_279061289886086695:72905037
raspberrypi 14:52:48.361 [main] INFO  edu.bjut.boudia.myMain - meter_2763757031994971579:repMsg
raspberrypi 14:52:48.361 [main] INFO  edu.bjut.boudia.myMain - meter_2763757031994971579:73873444
raspberrypi 14:52:48.361 [main] INFO  edu.bjut.boudia.myMain - meter_7890737310943744887:repMsg
raspberrypi 14:52:48.361 [main] INFO  edu.bjut.boudia.myMain - meter_7890737310943744887:74806723
raspberrypi 14:52:48.361 [main] INFO  edu.bjut.boudia.myMain - meter_53913806158283431:repMsg
raspberrypi 14:52:48.361 [main] INFO  edu.bjut.boudia.myMain - meter_53913806158283431:73791148
raspberrypi 14:52:48.361 [main] INFO  edu.bjut.boudia.myMain - meter_7149154048062828357:repMsg
raspberrypi 14:52:48.361 [main] INFO  edu.bjut.boudia.myMain - meter_7149154048062828357:73860148
raspberrypi 14:52:48.361 [main] INFO  edu.bjut.boudia.myMain - meter_360144226224578641:repMsg
raspberrypi 14:52:48.361 [main] INFO  edu.bjut.boudia.myMain - meter_360144226224578641:73852148
raspberrypi 14:52:48.361 [main] INFO  edu.bjut.boudia.myMain - meter_5668776571328031201:repMsg
raspberrypi 14:52:48.362 [main] INFO  edu.bjut.boudia.myMain - meter_5668776571328031201:72936222
raspberrypi 14:52:48.362 [main] INFO  edu.bjut.boudia.myMain - meter_2941697986137920699:repMsg
raspberrypi 14:52:48.362 [main] INFO  edu.bjut.boudia.myMain - meter_2941697986137920699:73081444
raspberrypi 14:52:48.362 [main] INFO  edu.bjut.boudia.myMain - meter_9095585552699399391:repMsg
raspberrypi 14:52:48.362 [main] INFO  edu.bjut.boudia.myMain - meter_9095585552699399391:74908019
raspberrypi 14:52:48.362 [main] INFO  edu.bjut.boudia.myMain - meter_534984617327387093:repMsg
raspberrypi 14:52:48.362 [main] INFO  edu.bjut.boudia.myMain - meter_534984617327387093:73397926
raspberrypi 14:52:48.362 [main] INFO  edu.bjut.boudia.myMain - meter_8414838371713098185:repMsg
raspberrypi 14:52:48.362 [main] INFO  edu.bjut.boudia.myMain - meter_8414838371713098185:73745056
raspberrypi 14:52:48.362 [main] INFO  edu.bjut.boudia.myMain - meter_1701011609040193285:repMsg
raspberrypi 14:52:48.363 [main] INFO  edu.bjut.boudia.myMain - meter_1701011609040193285:73206666
raspberrypi 14:52:48.363 [main] INFO  edu.bjut.boudia.myMain - meter_2825659066958653261:repMsg
raspberrypi 14:52:48.363 [main] INFO  edu.bjut.boudia.myMain - meter_2825659066958653261:73114723
raspberrypi 14:52:48.363 [main] INFO  edu.bjut.boudia.myMain - meter_3291265718174240745:repMsg
raspberrypi 14:52:48.363 [main] INFO  edu.bjut.boudia.myMain - meter_3291265718174240745:72834000
raspberrypi 14:52:48.363 [main] INFO  edu.bjut.boudia.myMain - meter_6865318440276947995:repMsg
raspberrypi 14:52:48.363 [main] INFO  edu.bjut.boudia.myMain - meter_6865318440276947995:74664462
raspberrypi 14:52:48.363 [main] INFO  edu.bjut.boudia.myMain - meter_2247749184746825173:repMsg
raspberrypi 14:52:48.363 [main] INFO  edu.bjut.boudia.myMain - meter_2247749184746825173:72890259
raspberrypi 14:52:48.363 [main] INFO  edu.bjut.boudia.myMain - meter_7307270261934755399:repMsg
raspberrypi 14:52:48.363 [main] INFO  edu.bjut.boudia.myMain - meter_7307270261934755399:72665815
raspberrypi 14:52:48.363 [main] INFO  edu.bjut.boudia.myMain - meter_4851026125602724011:repMsg
raspberrypi 14:52:48.363 [main] INFO  edu.bjut.boudia.myMain - meter_4851026125602724011:73715408
raspberrypi 14:52:48.364 [main] INFO  edu.bjut.boudia.myMain - meter_4572104474136344899:repMsg
raspberrypi 14:52:48.364 [main] INFO  edu.bjut.boudia.myMain - meter_4572104474136344899:73287407
raspberrypi 14:52:48.364 [main] INFO  edu.bjut.boudia.myMain - meter_1902568872903321687:repMsg
raspberrypi 14:52:48.364 [main] INFO  edu.bjut.boudia.myMain - meter_1902568872903321687:73845148
raspberrypi 14:52:48.364 [main] INFO  edu.bjut.boudia.myMain - meter_2842181320740594403:repMsg
raspberrypi 14:52:48.364 [main] INFO  edu.bjut.boudia.myMain - meter_2842181320740594403:75003259
raspberrypi 14:52:48.364 [main] INFO  edu.bjut.boudia.myMain - meter_4022283954724802317:repMsg
raspberrypi 14:52:48.364 [main] INFO  edu.bjut.boudia.myMain - meter_4022283954724802317:73342148
raspberrypi 14:52:48.364 [main] INFO  edu.bjut.boudia.myMain - meter_2592562678963390779:repMsg
raspberrypi 14:52:48.364 [main] INFO  edu.bjut.boudia.myMain - meter_2592562678963390779:73432740
raspberrypi 14:52:48.364 [main] INFO  edu.bjut.boudia.myMain - meter_7901132377023442055:repMsg
raspberrypi 14:52:48.364 [main] INFO  edu.bjut.boudia.myMain - meter_7901132377023442055:73598167
raspberrypi 14:52:48.365 [main] INFO  edu.bjut.boudia.myMain - meter_7628513558892334647:repMsg
raspberrypi 14:52:48.365 [main] INFO  edu.bjut.boudia.myMain - meter_7628513558892334647:74102759
raspberrypi 14:52:48.365 [main] INFO  edu.bjut.boudia.myMain - meter_7307976298480780317:repMsg
raspberrypi 14:52:48.365 [main] INFO  edu.bjut.boudia.myMain - meter_7307976298480780317:72949408
raspberrypi 14:52:48.365 [main] INFO  edu.bjut.boudia.myMain - meter_7480544280952618573:repMsg
raspberrypi 14:52:48.365 [main] INFO  edu.bjut.boudia.myMain - meter_7480544280952618573:75217018
raspberrypi 14:52:48.365 [main] INFO  edu.bjut.boudia.myMain - meter_6505128111384590353:repMsg
raspberrypi 14:52:48.365 [main] INFO  edu.bjut.boudia.myMain - meter_6505128111384590353:72761425
raspberrypi 14:52:48.365 [main] INFO  edu.bjut.boudia.myMain - meter_4796497135683967129:repMsg
raspberrypi 14:52:48.365 [main] INFO  edu.bjut.boudia.myMain - meter_4796497135683967129:73095297
raspberrypi 14:52:48.366 [main] INFO  edu.bjut.boudia.myMain - meter_3573014265941065199:repMsg
raspberrypi 14:52:48.366 [main] INFO  edu.bjut.boudia.myMain - meter_3573014265941065199:73161871
raspberrypi 14:52:48.366 [main] INFO  edu.bjut.boudia.myMain - meter_6073847800237131825:repMsg
raspberrypi 14:52:48.366 [main] INFO  edu.bjut.boudia.myMain - meter_6073847800237131825:73434148
raspberrypi 14:52:48.366 [main] INFO  edu.bjut.boudia.myMain - meter_6228216337425033599:repMsg
raspberrypi 14:52:48.366 [main] INFO  edu.bjut.boudia.myMain - meter_6228216337425033599:73094204
raspberrypi 14:52:48.366 [main] INFO  edu.bjut.boudia.myMain - meter_3335108297482494327:repMsg
raspberrypi 14:52:48.366 [main] INFO  edu.bjut.boudia.myMain - meter_3335108297482494327:73699222
raspberrypi 14:52:48.366 [main] INFO  edu.bjut.boudia.myMain - meter_2961807692668727407:repMsg
raspberrypi 14:52:48.366 [main] INFO  edu.bjut.boudia.myMain - meter_2961807692668727407:75146074
raspberrypi 14:52:48.366 [main] INFO  edu.bjut.boudia.myMain - meter_559744926701697089:repMsg
raspberrypi 14:52:48.367 [main] INFO  edu.bjut.boudia.myMain - meter_559744926701697089:73203129
raspberrypi 14:52:48.367 [main] INFO  edu.bjut.boudia.myMain - meter_6804866045365085627:repMsg
raspberrypi 14:52:48.367 [main] INFO  edu.bjut.boudia.myMain - meter_6804866045365085627:73375648
raspberrypi 14:52:48.367 [main] INFO  edu.bjut.boudia.myMain - meter_2016954523490013635:repMsg
raspberrypi 14:52:48.367 [main] INFO  edu.bjut.boudia.myMain - meter_2016954523490013635:73228556
raspberrypi 14:52:48.367 [main] INFO  edu.bjut.boudia.myMain - meter_3990186289788655505:repMsg
raspberrypi 14:52:48.367 [main] INFO  edu.bjut.boudia.myMain - meter_3990186289788655505:73527426
raspberrypi 14:52:48.367 [main] INFO  edu.bjut.boudia.myMain - meter_7606096386114789253:repMsg
raspberrypi 14:52:48.367 [main] INFO  edu.bjut.boudia.myMain - meter_7606096386114789253:73362537
raspberrypi 14:52:48.367 [main] INFO  edu.bjut.boudia.myMain - meter_2629822280831544011:repMsg
raspberrypi 14:52:48.367 [main] INFO  edu.bjut.boudia.myMain - meter_2629822280831544011:75464556
raspberrypi 14:52:48.367 [main] INFO  edu.bjut.boudia.myMain - meter_8156426247171095207:repMsg
raspberrypi 14:52:48.368 [main] INFO  edu.bjut.boudia.myMain - meter_8156426247171095207:73086760
raspberrypi 14:52:48.368 [main] INFO  edu.bjut.boudia.myMain - meter_4791785645850546275:repMsg
raspberrypi 14:52:48.368 [main] INFO  edu.bjut.boudia.myMain - meter_4791785645850546275:73628519
raspberrypi 14:52:48.368 [main] INFO  edu.bjut.boudia.myMain - meter_1319553998739129903:repMsg
raspberrypi 14:52:48.368 [main] INFO  edu.bjut.boudia.myMain - meter_1319553998739129903:73639074
raspberrypi 14:52:48.368 [main] INFO  edu.bjut.boudia.myMain - meter_8726033222950648245:repMsg
raspberrypi 14:52:48.368 [main] INFO  edu.bjut.boudia.myMain - meter_8726033222950648245:73319186
raspberrypi 14:52:48.368 [main] INFO  edu.bjut.boudia.myMain - meter_5501061820835540841:repMsg
raspberrypi 14:52:48.368 [main] INFO  edu.bjut.boudia.myMain - meter_5501061820835540841:73806315
raspberrypi 14:52:48.368 [main] INFO  edu.bjut.boudia.myMain - meter_3207440943338368297:repMsg
raspberrypi 14:52:48.368 [main] INFO  edu.bjut.boudia.myMain - meter_3207440943338368297:75630889
raspberrypi 14:52:48.369 [main] INFO  edu.bjut.boudia.myMain - meter_1887603900065699351:repMsg
raspberrypi 14:52:48.369 [main] INFO  edu.bjut.boudia.myMain - meter_1887603900065699351:73421166
raspberrypi 14:52:48.369 [main] INFO  edu.bjut.boudia.myMain - meter_4055609152618277989:repMsg
raspberrypi 14:52:48.369 [main] INFO  edu.bjut.boudia.myMain - meter_4055609152618277989:73901518
raspberrypi 14:52:48.369 [main] INFO  edu.bjut.boudia.myMain - meter_3717578711480148469:repMsg
raspberrypi 14:52:48.369 [main] INFO  edu.bjut.boudia.myMain - meter_3717578711480148469:74627649
raspberrypi 14:52:55.682 [main] INFO  edu.bjut.boudia.myMain - oneTimeMeterRegTime
raspberrypi 14:52:57.133 [main] INFO  edu.bjut.boudia.myMain - server:pubkey
raspberrypi 14:52:57.134 [main] INFO  edu.bjut.boudia.myMain - server:5185
raspberrypi 14:52:57.134 [main] INFO  edu.bjut.boudia.myMain - agg:regMsg,regMsg,regMsg,regMsg,regMsg,regMsg,regMsg,regMsg,regMsg,regMsg,regMsg,regMsg,regMsg,regMsg,regMsg,regMsg,regMsg,regMsg,regMsg,regMsg,regMsg,regMsg,regMsg,regMsg,regMsg,regMsg,regMsg,regMsg,regMsg,regMsg,regMsg,regMsg,regMsg,regMsg,regMsg,regMsg,regMsg,regMsg,regMsg,regMsg
raspberrypi 14:52:57.134 [main] INFO  edu.bjut.boudia.myMain - agg:17972630,17878908,17836407,17880574,17869703,17821796,17879222,17950315,17897871,17956611,17922667,17889519,17834500,17883259,17927833,17900741,17878130,17941518,19587148,17877519,17824204,17844334,17907481,17838352,17917982,17800426,17943648,17818519,17923240,17830481,17898945,17952482,17794111,17859185,17958408,18071685,18108592,17903592,17915222,17871629
raspberrypi 14:52:57.134 [main] INFO  edu.bjut.boudia.myMain - meter_7280053035050730997:regMsg,reg_backagg,reg_cc
raspberrypi 14:52:57.134 [main] INFO  edu.bjut.boudia.myMain - meter_7280053035050730997:2833,18050500,2833
raspberrypi 14:52:57.134 [main] INFO  edu.bjut.boudia.myMain - meter_362372918882096891:regMsg,reg_backagg,reg_cc
raspberrypi 14:52:57.134 [main] INFO  edu.bjut.boudia.myMain - meter_362372918882096891:7389,18269593,2351
raspberrypi 14:52:57.134 [main] INFO  edu.bjut.boudia.myMain - meter_6906258207609876809:regMsg,reg_backagg,reg_cc
raspberrypi 14:52:57.135 [main] INFO  edu.bjut.boudia.myMain - meter_6906258207609876809:6426,18188389,2426
raspberrypi 14:52:57.135 [main] INFO  edu.bjut.boudia.myMain - meter_598527866609671849:regMsg,reg_backagg,reg_cc
raspberrypi 14:52:57.135 [main] INFO  edu.bjut.boudia.myMain - meter_598527866609671849:6240,17829518,2741
raspberrypi 14:52:57.135 [main] INFO  edu.bjut.boudia.myMain - meter_6954286628048514745:regMsg,reg_backagg,reg_cc
raspberrypi 14:52:57.135 [main] INFO  edu.bjut.boudia.myMain - meter_6954286628048514745:6352,18246722,2685
raspberrypi 14:52:57.135 [main] INFO  edu.bjut.boudia.myMain - meter_7520834409872192301:regMsg,reg_backagg,reg_cc
raspberrypi 14:52:57.135 [main] INFO  edu.bjut.boudia.myMain - meter_7520834409872192301:6945,19859186,2297
raspberrypi 14:52:57.136 [main] INFO  edu.bjut.boudia.myMain - meter_1108249707879882573:regMsg,reg_backagg,reg_cc
raspberrypi 14:52:57.136 [main] INFO  edu.bjut.boudia.myMain - meter_1108249707879882573:5481,18445796,2074
raspberrypi 14:52:57.136 [main] INFO  edu.bjut.boudia.myMain - meter_8685887246770513765:regMsg,reg_backagg,reg_cc
raspberrypi 14:52:57.136 [main] INFO  edu.bjut.boudia.myMain - meter_8685887246770513765:7000,18047666,2408
raspberrypi 14:52:57.136 [main] INFO  edu.bjut.boudia.myMain - meter_7424114274089981663:regMsg,reg_backagg,reg_cc
raspberrypi 14:52:57.136 [main] INFO  edu.bjut.boudia.myMain - meter_7424114274089981663:6889,17981852,2370
raspberrypi 14:52:57.136 [main] INFO  edu.bjut.boudia.myMain - meter_8944011748787582033:regMsg,reg_backagg,reg_cc
raspberrypi 14:52:57.136 [main] INFO  edu.bjut.boudia.myMain - meter_8944011748787582033:6519,18074704,2814
raspberrypi 14:52:57.136 [main] INFO  edu.bjut.boudia.myMain - meter_7060372546724475133:regMsg,reg_backagg,reg_cc
raspberrypi 14:52:57.136 [main] INFO  edu.bjut.boudia.myMain - meter_7060372546724475133:7297,18267852,3130
raspberrypi 14:52:57.136 [main] INFO  edu.bjut.boudia.myMain - meter_1643380671813062139:regMsg,reg_backagg,reg_cc
raspberrypi 14:52:57.137 [main] INFO  edu.bjut.boudia.myMain - meter_1643380671813062139:6018,17895055,2463
raspberrypi 14:52:57.137 [main] INFO  edu.bjut.boudia.myMain - meter_8061128038379931103:regMsg,reg_backagg,reg_cc
raspberrypi 14:52:57.137 [main] INFO  edu.bjut.boudia.myMain - meter_8061128038379931103:5982,17921888,2982
raspberrypi 14:52:57.137 [main] INFO  edu.bjut.boudia.myMain - meter_7564078369742046507:regMsg,reg_backagg,reg_cc
raspberrypi 14:52:57.137 [main] INFO  edu.bjut.boudia.myMain - meter_7564078369742046507:6575,18047297,2778
raspberrypi 14:52:57.137 [main] INFO  edu.bjut.boudia.myMain - meter_2958534778977586375:regMsg,reg_backagg,reg_cc
raspberrypi 14:52:57.137 [main] INFO  edu.bjut.boudia.myMain - meter_2958534778977586375:6630,17968259,2612
raspberrypi 14:52:57.137 [main] INFO  edu.bjut.boudia.myMain - meter_3379037143625433969:regMsg,reg_backagg,reg_cc
raspberrypi 14:52:57.137 [main] INFO  edu.bjut.boudia.myMain - meter_3379037143625433969:6648,18178240,2407
raspberrypi 14:52:57.137 [main] INFO  edu.bjut.boudia.myMain - meter_6467166978879969661:regMsg,reg_backagg,reg_cc
raspberrypi 14:52:57.138 [main] INFO  edu.bjut.boudia.myMain - meter_6467166978879969661:6186,18244870,3000
raspberrypi 14:52:57.138 [main] INFO  edu.bjut.boudia.myMain - meter_2770880509550211689:regMsg,reg_backagg,reg_cc
raspberrypi 14:52:57.138 [main] INFO  edu.bjut.boudia.myMain - meter_2770880509550211689:6277,18271926,2185
raspberrypi 14:52:57.138 [main] INFO  edu.bjut.boudia.myMain - meter_829367868893786685:regMsg,reg_backagg,reg_cc
raspberrypi 14:52:57.138 [main] INFO  edu.bjut.boudia.myMain - meter_829367868893786685:5574,18240297,2574
raspberrypi 14:52:57.138 [main] INFO  edu.bjut.boudia.myMain - meter_8609587278924476391:regMsg,reg_backagg,reg_cc
raspberrypi 14:52:57.138 [main] INFO  edu.bjut.boudia.myMain - meter_8609587278924476391:7111,17992926,2740
raspberrypi 14:52:57.138 [main] INFO  edu.bjut.boudia.myMain - meter_838905099748734789:regMsg,reg_backagg,reg_cc
raspberrypi 14:52:57.138 [main] INFO  edu.bjut.boudia.myMain - meter_838905099748734789:6704,18126037,2704
raspberrypi 14:52:57.139 [main] INFO  edu.bjut.boudia.myMain - meter_3201629874485461047:regMsg,reg_backagg,reg_cc
raspberrypi 14:52:57.139 [main] INFO  edu.bjut.boudia.myMain - meter_3201629874485461047:6407,18286426,2760
raspberrypi 14:52:57.139 [main] INFO  edu.bjut.boudia.myMain - meter_4697681426054700877:regMsg,reg_backagg,reg_cc
raspberrypi 14:52:57.139 [main] INFO  edu.bjut.boudia.myMain - meter_4697681426054700877:6575,18256648,2482
raspberrypi 14:52:57.139 [main] INFO  edu.bjut.boudia.myMain - meter_2486025259707613191:regMsg,reg_backagg,reg_cc
raspberrypi 14:52:57.140 [main] INFO  edu.bjut.boudia.myMain - meter_2486025259707613191:6722,18203852,3315
raspberrypi 14:52:57.140 [main] INFO  edu.bjut.boudia.myMain - meter_4000362854758822567:regMsg,reg_backagg,reg_cc
raspberrypi 14:52:57.140 [main] INFO  edu.bjut.boudia.myMain - meter_4000362854758822567:6741,18316814,2685
raspberrypi 14:52:57.140 [main] INFO  edu.bjut.boudia.myMain - meter_1778756982037983805:regMsg,reg_backagg,reg_cc
raspberrypi 14:52:57.140 [main] INFO  edu.bjut.boudia.myMain - meter_1778756982037983805:6907,18380667,2926
raspberrypi 14:52:57.140 [main] INFO  edu.bjut.boudia.myMain - meter_2505803393747688533:regMsg,reg_backagg,reg_cc
raspberrypi 14:52:57.140 [main] INFO  edu.bjut.boudia.myMain - meter_2505803393747688533:6444,17927704,2278
raspberrypi 14:52:57.140 [main] INFO  edu.bjut.boudia.myMain - meter_7318299796577145243:regMsg,reg_backagg,reg_cc
raspberrypi 14:52:57.141 [main] INFO  edu.bjut.boudia.myMain - meter_7318299796577145243:5759,18122963,2815
raspberrypi 14:52:57.141 [main] INFO  edu.bjut.boudia.myMain - meter_5447857928354394903:regMsg,reg_backagg,reg_cc
raspberrypi 14:52:57.141 [main] INFO  edu.bjut.boudia.myMain - meter_5447857928354394903:5130,18035315,2759
raspberrypi 14:52:57.141 [main] INFO  edu.bjut.boudia.myMain - meter_7968350947004509629:regMsg,reg_backagg,reg_cc
raspberrypi 14:52:57.141 [main] INFO  edu.bjut.boudia.myMain - meter_7968350947004509629:6574,17634018,1667
raspberrypi 14:52:57.141 [main] INFO  edu.bjut.boudia.myMain - meter_7576540959328956855:regMsg,reg_backagg,reg_cc
raspberrypi 14:52:57.141 [main] INFO  edu.bjut.boudia.myMain - meter_7576540959328956855:6278,19945167,2519
raspberrypi 14:52:57.141 [main] INFO  edu.bjut.boudia.myMain - meter_9054646643465416499:regMsg,reg_backagg,reg_cc
raspberrypi 14:52:57.142 [main] INFO  edu.bjut.boudia.myMain - meter_9054646643465416499:6074,18158926,3093
raspberrypi 14:52:57.142 [main] INFO  edu.bjut.boudia.myMain - meter_1152804994912295177:regMsg,reg_backagg,reg_cc
raspberrypi 14:52:57.142 [main] INFO  edu.bjut.boudia.myMain - meter_1152804994912295177:6741,18151722,2296
raspberrypi 14:52:57.142 [main] INFO  edu.bjut.boudia.myMain - meter_6183619131585770565:regMsg,reg_backagg,reg_cc
raspberrypi 14:52:57.142 [main] INFO  edu.bjut.boudia.myMain - meter_6183619131585770565:6259,18094445,2315
raspberrypi 14:52:57.142 [main] INFO  edu.bjut.boudia.myMain - meter_4124382443012595549:regMsg,reg_backagg,reg_cc
raspberrypi 14:52:57.142 [main] INFO  edu.bjut.boudia.myMain - meter_4124382443012595549:74426,18141537,2518
raspberrypi 14:52:57.142 [main] INFO  edu.bjut.boudia.myMain - meter_608969232220756407:regMsg,reg_backagg,reg_cc
raspberrypi 14:52:57.142 [main] INFO  edu.bjut.boudia.myMain - meter_608969232220756407:6130,18205519,3130
raspberrypi 14:52:57.143 [main] INFO  edu.bjut.boudia.myMain - meter_8648410154225482929:regMsg,reg_backagg,reg_cc
raspberrypi 14:52:57.143 [main] INFO  edu.bjut.boudia.myMain - meter_8648410154225482929:58333,18343963,8630
raspberrypi 14:52:57.143 [main] INFO  edu.bjut.boudia.myMain - meter_3821475449893714071:regMsg,reg_backagg,reg_cc
raspberrypi 14:52:57.143 [main] INFO  edu.bjut.boudia.myMain - meter_3821475449893714071:796,18379370,1000
raspberrypi 14:52:57.143 [main] INFO  edu.bjut.boudia.myMain - meter_3206254231813687851:regMsg,reg_backagg,reg_cc
raspberrypi 14:52:57.143 [main] INFO  edu.bjut.boudia.myMain - meter_3206254231813687851:778,18031370,667
raspberrypi 14:52:57.143 [main] INFO  edu.bjut.boudia.myMain - meter_9203672645597392097:regMsg,reg_backagg,reg_cc
raspberrypi 14:52:57.143 [main] INFO  edu.bjut.boudia.myMain - meter_9203672645597392097:1037,18148629,1037
raspberrypi 14:52:58.592 [main] INFO  edu.bjut.boudia.myMain - oneTimeMeterRepTime
raspberrypi 14:53:02.423 [main] INFO  edu.bjut.boudia.myMain - server:repMsg
raspberrypi 14:53:02.423 [main] INFO  edu.bjut.boudia.myMain - server:90307055
raspberrypi 14:53:02.424 [main] INFO  edu.bjut.boudia.myMain - agg:repMsg
raspberrypi 14:53:02.424 [main] INFO  edu.bjut.boudia.myMain - agg:796132851
raspberrypi 14:53:02.424 [main] INFO  edu.bjut.boudia.myMain - meter_7280053035050730997:repMsg
raspberrypi 14:53:02.424 [main] INFO  edu.bjut.boudia.myMain - meter_7280053035050730997:76080408
raspberrypi 14:53:02.424 [main] INFO  edu.bjut.boudia.myMain - meter_362372918882096891:repMsg
raspberrypi 14:53:02.424 [main] INFO  edu.bjut.boudia.myMain - meter_362372918882096891:73196963
raspberrypi 14:53:02.424 [main] INFO  edu.bjut.boudia.myMain - meter_6906258207609876809:repMsg
raspberrypi 14:53:02.425 [main] INFO  edu.bjut.boudia.myMain - meter_6906258207609876809:72868945
raspberrypi 14:53:02.425 [main] INFO  edu.bjut.boudia.myMain - meter_598527866609671849:repMsg
raspberrypi 14:53:02.425 [main] INFO  edu.bjut.boudia.myMain - meter_598527866609671849:73322592
raspberrypi 14:53:02.425 [main] INFO  edu.bjut.boudia.myMain - meter_6954286628048514745:repMsg
raspberrypi 14:53:02.425 [main] INFO  edu.bjut.boudia.myMain - meter_6954286628048514745:73048112
raspberrypi 14:53:02.425 [main] INFO  edu.bjut.boudia.myMain - meter_7520834409872192301:repMsg
raspberrypi 14:53:02.425 [main] INFO  edu.bjut.boudia.myMain - meter_7520834409872192301:73451018
raspberrypi 14:53:02.425 [main] INFO  edu.bjut.boudia.myMain - meter_1108249707879882573:repMsg
raspberrypi 14:53:02.425 [main] INFO  edu.bjut.boudia.myMain - meter_1108249707879882573:74277519
raspberrypi 14:53:02.426 [main] INFO  edu.bjut.boudia.myMain - meter_8685887246770513765:repMsg
raspberrypi 14:53:02.426 [main] INFO  edu.bjut.boudia.myMain - meter_8685887246770513765:73398482
raspberrypi 14:53:02.426 [main] INFO  edu.bjut.boudia.myMain - meter_7424114274089981663:repMsg
raspberrypi 14:53:02.426 [main] INFO  edu.bjut.boudia.myMain - meter_7424114274089981663:73620166
raspberrypi 14:53:02.426 [main] INFO  edu.bjut.boudia.myMain - meter_8944011748787582033:repMsg
raspberrypi 14:53:02.426 [main] INFO  edu.bjut.boudia.myMain - meter_8944011748787582033:72989611
raspberrypi 14:53:02.426 [main] INFO  edu.bjut.boudia.myMain - meter_7060372546724475133:repMsg
raspberrypi 14:53:02.426 [main] INFO  edu.bjut.boudia.myMain - meter_7060372546724475133:73569111
raspberrypi 14:53:02.426 [main] INFO  edu.bjut.boudia.myMain - meter_1643380671813062139:repMsg
raspberrypi 14:53:02.426 [main] INFO  edu.bjut.boudia.myMain - meter_1643380671813062139:73377223
raspberrypi 14:53:02.426 [main] INFO  edu.bjut.boudia.myMain - meter_8061128038379931103:repMsg
raspberrypi 14:53:02.426 [main] INFO  edu.bjut.boudia.myMain - meter_8061128038379931103:75051259
raspberrypi 14:53:02.427 [main] INFO  edu.bjut.boudia.myMain - meter_7564078369742046507:repMsg
raspberrypi 14:53:02.427 [main] INFO  edu.bjut.boudia.myMain - meter_7564078369742046507:73107445
raspberrypi 14:53:02.427 [main] INFO  edu.bjut.boudia.myMain - meter_2958534778977586375:repMsg
raspberrypi 14:53:02.427 [main] INFO  edu.bjut.boudia.myMain - meter_2958534778977586375:73374130
raspberrypi 14:53:02.427 [main] INFO  edu.bjut.boudia.myMain - meter_3379037143625433969:repMsg
raspberrypi 14:53:02.427 [main] INFO  edu.bjut.boudia.myMain - meter_3379037143625433969:73087518
raspberrypi 14:53:02.427 [main] INFO  edu.bjut.boudia.myMain - meter_6467166978879969661:repMsg
raspberrypi 14:53:02.427 [main] INFO  edu.bjut.boudia.myMain - meter_6467166978879969661:73291908
raspberrypi 14:53:02.427 [main] INFO  edu.bjut.boudia.myMain - meter_2770880509550211689:repMsg
raspberrypi 14:53:02.427 [main] INFO  edu.bjut.boudia.myMain - meter_2770880509550211689:73339592
raspberrypi 14:53:02.427 [main] INFO  edu.bjut.boudia.myMain - meter_829367868893786685:repMsg
raspberrypi 14:53:02.427 [main] INFO  edu.bjut.boudia.myMain - meter_829367868893786685:75195315
raspberrypi 14:53:02.427 [main] INFO  edu.bjut.boudia.myMain - meter_8609587278924476391:repMsg
raspberrypi 14:53:02.428 [main] INFO  edu.bjut.boudia.myMain - meter_8609587278924476391:73408963
raspberrypi 14:53:02.428 [main] INFO  edu.bjut.boudia.myMain - meter_838905099748734789:repMsg
raspberrypi 14:53:02.428 [main] INFO  edu.bjut.boudia.myMain - meter_838905099748734789:73149574
raspberrypi 14:53:02.428 [main] INFO  edu.bjut.boudia.myMain - meter_3201629874485461047:repMsg
raspberrypi 14:53:02.428 [main] INFO  edu.bjut.boudia.myMain - meter_3201629874485461047:73152629
raspberrypi 14:53:02.428 [main] INFO  edu.bjut.boudia.myMain - meter_4697681426054700877:repMsg
raspberrypi 14:53:02.428 [main] INFO  edu.bjut.boudia.myMain - meter_4697681426054700877:73245815
raspberrypi 14:53:02.428 [main] INFO  edu.bjut.boudia.myMain - meter_2486025259707613191:repMsg
raspberrypi 14:53:02.428 [main] INFO  edu.bjut.boudia.myMain - meter_2486025259707613191:73719723
raspberrypi 14:53:02.428 [main] INFO  edu.bjut.boudia.myMain - meter_4000362854758822567:repMsg
raspberrypi 14:53:02.428 [main] INFO  edu.bjut.boudia.myMain - meter_4000362854758822567:74698166
raspberrypi 14:53:02.428 [main] INFO  edu.bjut.boudia.myMain - meter_1778756982037983805:repMsg
raspberrypi 14:53:02.428 [main] INFO  edu.bjut.boudia.myMain - meter_1778756982037983805:73024686
raspberrypi 14:53:02.429 [main] INFO  edu.bjut.boudia.myMain - meter_2505803393747688533:repMsg
raspberrypi 14:53:02.429 [main] INFO  edu.bjut.boudia.myMain - meter_2505803393747688533:73368648
raspberrypi 14:53:02.429 [main] INFO  edu.bjut.boudia.myMain - meter_7318299796577145243:repMsg
raspberrypi 14:53:02.429 [main] INFO  edu.bjut.boudia.myMain - meter_7318299796577145243:73097925
raspberrypi 14:53:02.429 [main] INFO  edu.bjut.boudia.myMain - meter_5447857928354394903:repMsg
raspberrypi 14:53:02.429 [main] INFO  edu.bjut.boudia.myMain - meter_5447857928354394903:73522111
raspberrypi 14:53:02.429 [main] INFO  edu.bjut.boudia.myMain - meter_7968350947004509629:repMsg
raspberrypi 14:53:02.429 [main] INFO  edu.bjut.boudia.myMain - meter_7968350947004509629:73281574
raspberrypi 14:53:02.429 [main] INFO  edu.bjut.boudia.myMain - meter_7576540959328956855:repMsg
raspberrypi 14:53:02.429 [main] INFO  edu.bjut.boudia.myMain - meter_7576540959328956855:75119926
raspberrypi 14:53:02.429 [main] INFO  edu.bjut.boudia.myMain - meter_9054646643465416499:repMsg
raspberrypi 14:53:02.429 [main] INFO  edu.bjut.boudia.myMain - meter_9054646643465416499:73115518
raspberrypi 14:53:02.429 [main] INFO  edu.bjut.boudia.myMain - meter_1152804994912295177:repMsg
raspberrypi 14:53:02.430 [main] INFO  edu.bjut.boudia.myMain - meter_1152804994912295177:73740593
raspberrypi 14:53:02.430 [main] INFO  edu.bjut.boudia.myMain - meter_6183619131585770565:repMsg
raspberrypi 14:53:02.430 [main] INFO  edu.bjut.boudia.myMain - meter_6183619131585770565:73386777
raspberrypi 14:53:02.430 [main] INFO  edu.bjut.boudia.myMain - meter_4124382443012595549:repMsg
raspberrypi 14:53:02.430 [main] INFO  edu.bjut.boudia.myMain - meter_4124382443012595549:73635389
raspberrypi 14:53:02.430 [main] INFO  edu.bjut.boudia.myMain - meter_608969232220756407:repMsg
raspberrypi 14:53:02.430 [main] INFO  edu.bjut.boudia.myMain - meter_608969232220756407:72950778
raspberrypi 14:53:02.430 [main] INFO  edu.bjut.boudia.myMain - meter_8648410154225482929:repMsg
raspberrypi 14:53:02.430 [main] INFO  edu.bjut.boudia.myMain - meter_8648410154225482929:75512241
raspberrypi 14:53:02.430 [main] INFO  edu.bjut.boudia.myMain - meter_3821475449893714071:repMsg
raspberrypi 14:53:02.430 [main] INFO  edu.bjut.boudia.myMain - meter_3821475449893714071:72925277
raspberrypi 14:53:02.430 [main] INFO  edu.bjut.boudia.myMain - meter_3206254231813687851:repMsg
raspberrypi 14:53:02.430 [main] INFO  edu.bjut.boudia.myMain - meter_3206254231813687851:72933945
raspberrypi 14:53:02.431 [main] INFO  edu.bjut.boudia.myMain - meter_9203672645597392097:repMsg
raspberrypi 14:53:02.431 [main] INFO  edu.bjut.boudia.myMain - meter_9203672645597392097:71589167
raspberrypi 14:53:06.872 [main] INFO  edu.bjut.boudia.myMain - oneTimeMeterRegTime
raspberrypi 14:53:07.959 [main] INFO  edu.bjut.boudia.myMain - server:pubkey
raspberrypi 14:53:07.960 [main] INFO  edu.bjut.boudia.myMain - server:3500
raspberrypi 14:53:07.960 [main] INFO  edu.bjut.boudia.myMain - agg:regMsg,regMsg,regMsg,regMsg,regMsg,regMsg,regMsg,regMsg,regMsg,regMsg,regMsg,regMsg,regMsg,regMsg,regMsg,regMsg,regMsg,regMsg,regMsg,regMsg,regMsg,regMsg,regMsg,regMsg,regMsg,regMsg,regMsg,regMsg,regMsg,regMsg
raspberrypi 14:53:07.960 [main] INFO  edu.bjut.boudia.myMain - agg:17898074,17861222,17949388,17933722,17905518,17865018,17896834,17852334,17869148,17865130,17851111,17779760,17853963,17868092,17850630,17909537,17858482,17875500,17790482,17850574,17897814,19527797,17857148,17763759,17863204,17845222,17890018,17819519,17804944,17907926
raspberrypi 14:53:07.960 [main] INFO  edu.bjut.boudia.myMain - meter_7307487470219025697:regMsg,reg_backagg,reg_cc
raspberrypi 14:53:07.960 [main] INFO  edu.bjut.boudia.myMain - meter_7307487470219025697:759,18292444,796
raspberrypi 14:53:07.960 [main] INFO  edu.bjut.boudia.myMain - meter_6293356052806699563:regMsg,reg_backagg,reg_cc
raspberrypi 14:53:07.960 [main] INFO  edu.bjut.boudia.myMain - meter_6293356052806699563:759,18062482,685
raspberrypi 14:53:07.961 [main] INFO  edu.bjut.boudia.myMain - meter_5487088271873514485:regMsg,reg_backagg,reg_cc
raspberrypi 14:53:07.961 [main] INFO  edu.bjut.boudia.myMain - meter_5487088271873514485:759,18283926,704
raspberrypi 14:53:07.961 [main] INFO  edu.bjut.boudia.myMain - meter_7227379318644389749:regMsg,reg_backagg,reg_cc
raspberrypi 14:53:07.961 [main] INFO  edu.bjut.boudia.myMain - meter_7227379318644389749:852,18248778,945
raspberrypi 14:53:07.961 [main] INFO  edu.bjut.boudia.myMain - meter_6015100481344722687:regMsg,reg_backagg,reg_cc
raspberrypi 14:53:07.961 [main] INFO  edu.bjut.boudia.myMain - meter_6015100481344722687:889,18096223,870
raspberrypi 14:53:07.961 [main] INFO  edu.bjut.boudia.myMain - meter_3675463947226470517:regMsg,reg_backagg,reg_cc
raspberrypi 14:53:07.961 [main] INFO  edu.bjut.boudia.myMain - meter_3675463947226470517:870,18010204,1093
raspberrypi 14:53:07.961 [main] INFO  edu.bjut.boudia.myMain - meter_1354215222532748547:regMsg,reg_backagg,reg_cc
raspberrypi 14:53:07.961 [main] INFO  edu.bjut.boudia.myMain - meter_1354215222532748547:852,18283815,1130
raspberrypi 14:53:07.962 [main] INFO  edu.bjut.boudia.myMain - meter_2059885976314405159:regMsg,reg_backagg,reg_cc
raspberrypi 14:53:07.962 [main] INFO  edu.bjut.boudia.myMain - meter_2059885976314405159:722,17751685,1241
raspberrypi 14:53:07.962 [main] INFO  edu.bjut.boudia.myMain - meter_5367597412998761679:regMsg,reg_backagg,reg_cc
raspberrypi 14:53:07.962 [main] INFO  edu.bjut.boudia.myMain - meter_5367597412998761679:907,20000500,667
raspberrypi 14:53:07.962 [main] INFO  edu.bjut.boudia.myMain - meter_1125642844243513853:regMsg,reg_backagg,reg_cc
raspberrypi 14:53:07.962 [main] INFO  edu.bjut.boudia.myMain - meter_1125642844243513853:1166,18358852,463
raspberrypi 14:53:07.962 [main] INFO  edu.bjut.boudia.myMain - meter_7005567249823593023:regMsg,reg_backagg,reg_cc
raspberrypi 14:53:07.962 [main] INFO  edu.bjut.boudia.myMain - meter_7005567249823593023:1259,18088130,1055
raspberrypi 14:53:07.963 [main] INFO  edu.bjut.boudia.myMain - meter_4143169544686019613:regMsg,reg_backagg,reg_cc
raspberrypi 14:53:07.963 [main] INFO  edu.bjut.boudia.myMain - meter_4143169544686019613:1037,18409351,685
raspberrypi 14:53:07.963 [main] INFO  edu.bjut.boudia.myMain - meter_2667761068922894997:regMsg,reg_backagg,reg_cc
raspberrypi 14:53:07.963 [main] INFO  edu.bjut.boudia.myMain - meter_2667761068922894997:1334,18290944,686
raspberrypi 14:53:07.963 [main] INFO  edu.bjut.boudia.myMain - meter_8538961308091425385:regMsg,reg_backagg,reg_cc
raspberrypi 14:53:07.963 [main] INFO  edu.bjut.boudia.myMain - meter_8538961308091425385:963,18266944,815
raspberrypi 14:53:07.963 [main] INFO  edu.bjut.boudia.myMain - meter_2456587555345785655:regMsg,reg_backagg,reg_cc
raspberrypi 14:53:07.963 [main] INFO  edu.bjut.boudia.myMain - meter_2456587555345785655:1056,18139463,907
raspberrypi 14:53:07.963 [main] INFO  edu.bjut.boudia.myMain - meter_7725430988475403969:regMsg,reg_backagg,reg_cc
raspberrypi 14:53:07.963 [main] INFO  edu.bjut.boudia.myMain - meter_7725430988475403969:889,18041741,889
raspberrypi 14:53:07.963 [main] INFO  edu.bjut.boudia.myMain - meter_1996627035882472515:regMsg,reg_backagg,reg_cc
raspberrypi 14:53:07.963 [main] INFO  edu.bjut.boudia.myMain - meter_1996627035882472515:963,18296185,1000
raspberrypi 14:53:07.964 [main] INFO  edu.bjut.boudia.myMain - meter_8219280475462874277:regMsg,reg_backagg,reg_cc
raspberrypi 14:53:07.964 [main] INFO  edu.bjut.boudia.myMain - meter_8219280475462874277:963,18212592,963
raspberrypi 14:53:07.964 [main] INFO  edu.bjut.boudia.myMain - meter_940691420588029507:regMsg,reg_backagg,reg_cc
raspberrypi 14:53:07.964 [main] INFO  edu.bjut.boudia.myMain - meter_940691420588029507:1240,18255204,797
raspberrypi 14:53:07.964 [main] INFO  edu.bjut.boudia.myMain - meter_8711652014340562359:regMsg,reg_backagg,reg_cc
raspberrypi 14:53:07.964 [main] INFO  edu.bjut.boudia.myMain - meter_8711652014340562359:1019,18546907,889
raspberrypi 14:53:07.964 [main] INFO  edu.bjut.boudia.myMain - meter_9212511993198920471:regMsg,reg_backagg,reg_cc
raspberrypi 14:53:07.964 [main] INFO  edu.bjut.boudia.myMain - meter_9212511993198920471:760,18043537,703
raspberrypi 14:53:07.964 [main] INFO  edu.bjut.boudia.myMain - meter_7499913631933627851:regMsg,reg_backagg,reg_cc
raspberrypi 14:53:07.964 [main] INFO  edu.bjut.boudia.myMain - meter_7499913631933627851:963,18233666,666
raspberrypi 14:53:07.964 [main] INFO  edu.bjut.boudia.myMain - meter_736617942398782431:regMsg,reg_backagg,reg_cc
raspberrypi 14:53:07.964 [main] INFO  edu.bjut.boudia.myMain - meter_736617942398782431:1241,18232481,722
raspberrypi 14:53:07.964 [main] INFO  edu.bjut.boudia.myMain - meter_1966695432848811483:regMsg,reg_backagg,reg_cc
raspberrypi 14:53:07.964 [main] INFO  edu.bjut.boudia.myMain - meter_1966695432848811483:649,18215963,815
raspberrypi 14:53:07.965 [main] INFO  edu.bjut.boudia.myMain - meter_8063359658447242069:regMsg,reg_backagg,reg_cc
raspberrypi 14:53:07.965 [main] INFO  edu.bjut.boudia.myMain - meter_8063359658447242069:519,18224704,1000
raspberrypi 14:53:07.965 [main] INFO  edu.bjut.boudia.myMain - meter_5459137919556552011:regMsg,reg_backagg,reg_cc
raspberrypi 14:53:07.965 [main] INFO  edu.bjut.boudia.myMain - meter_5459137919556552011:759,18336778,703
raspberrypi 14:53:07.965 [main] INFO  edu.bjut.boudia.myMain - meter_5661416790468994973:regMsg,reg_backagg,reg_cc
raspberrypi 14:53:07.965 [main] INFO  edu.bjut.boudia.myMain - meter_5661416790468994973:704,18390574,611
raspberrypi 14:53:07.965 [main] INFO  edu.bjut.boudia.myMain - meter_1943854357719103891:regMsg,reg_backagg,reg_cc
raspberrypi 14:53:07.965 [main] INFO  edu.bjut.boudia.myMain - meter_1943854357719103891:1019,17923055,1018
raspberrypi 14:53:07.965 [main] INFO  edu.bjut.boudia.myMain - meter_9212725770790754823:regMsg,reg_backagg,reg_cc
raspberrypi 14:53:07.965 [main] INFO  edu.bjut.boudia.myMain - meter_9212725770790754823:704,17935425,667
raspberrypi 14:53:07.965 [main] INFO  edu.bjut.boudia.myMain - meter_3002022728609689523:regMsg,reg_backagg,reg_cc
raspberrypi 14:53:07.965 [main] INFO  edu.bjut.boudia.myMain - meter_3002022728609689523:908,18210740,1000
raspberrypi 14:53:09.055 [main] INFO  edu.bjut.boudia.myMain - oneTimeMeterRepTime
raspberrypi 14:53:11.960 [main] INFO  edu.bjut.boudia.myMain - server:repMsg
raspberrypi 14:53:11.960 [main] INFO  edu.bjut.boudia.myMain - server:91791222
raspberrypi 14:53:11.960 [main] INFO  edu.bjut.boudia.myMain - agg:repMsg
raspberrypi 14:53:11.960 [main] INFO  edu.bjut.boudia.myMain - agg:601566814
raspberrypi 14:53:11.960 [main] INFO  edu.bjut.boudia.myMain - meter_7307487470219025697:repMsg
raspberrypi 14:53:11.960 [main] INFO  edu.bjut.boudia.myMain - meter_7307487470219025697:73841278
raspberrypi 14:53:11.960 [main] INFO  edu.bjut.boudia.myMain - meter_6293356052806699563:repMsg
raspberrypi 14:53:11.960 [main] INFO  edu.bjut.boudia.myMain - meter_6293356052806699563:73682648
raspberrypi 14:53:11.960 [main] INFO  edu.bjut.boudia.myMain - meter_5487088271873514485:repMsg
raspberrypi 14:53:11.960 [main] INFO  edu.bjut.boudia.myMain - meter_5487088271873514485:73121370
raspberrypi 14:53:11.960 [main] INFO  edu.bjut.boudia.myMain - meter_7227379318644389749:repMsg
raspberrypi 14:53:11.961 [main] INFO  edu.bjut.boudia.myMain - meter_7227379318644389749:73167722
raspberrypi 14:53:11.961 [main] INFO  edu.bjut.boudia.myMain - meter_6015100481344722687:repMsg
raspberrypi 14:53:11.961 [main] INFO  edu.bjut.boudia.myMain - meter_6015100481344722687:73107241
raspberrypi 14:53:11.961 [main] INFO  edu.bjut.boudia.myMain - meter_3675463947226470517:repMsg
raspberrypi 14:53:11.961 [main] INFO  edu.bjut.boudia.myMain - meter_3675463947226470517:74870018
raspberrypi 14:53:11.961 [main] INFO  edu.bjut.boudia.myMain - meter_1354215222532748547:repMsg
raspberrypi 14:53:11.961 [main] INFO  edu.bjut.boudia.myMain - meter_1354215222532748547:73100389
raspberrypi 14:53:11.961 [main] INFO  edu.bjut.boudia.myMain - meter_2059885976314405159:repMsg
raspberrypi 14:53:11.961 [main] INFO  edu.bjut.boudia.myMain - meter_2059885976314405159:73958814
raspberrypi 14:53:11.961 [main] INFO  edu.bjut.boudia.myMain - meter_5367597412998761679:repMsg
raspberrypi 14:53:11.961 [main] INFO  edu.bjut.boudia.myMain - meter_5367597412998761679:73019112
raspberrypi 14:53:11.961 [main] INFO  edu.bjut.boudia.myMain - meter_1125642844243513853:repMsg
raspberrypi 14:53:11.961 [main] INFO  edu.bjut.boudia.myMain - meter_1125642844243513853:73484519
raspberrypi 14:53:11.961 [main] INFO  edu.bjut.boudia.myMain - meter_7005567249823593023:repMsg
raspberrypi 14:53:11.961 [main] INFO  edu.bjut.boudia.myMain - meter_7005567249823593023:73030537
raspberrypi 14:53:11.962 [main] INFO  edu.bjut.boudia.myMain - meter_4143169544686019613:repMsg
raspberrypi 14:53:11.962 [main] INFO  edu.bjut.boudia.myMain - meter_4143169544686019613:75151389
raspberrypi 14:53:11.962 [main] INFO  edu.bjut.boudia.myMain - meter_2667761068922894997:repMsg
raspberrypi 14:53:11.962 [main] INFO  edu.bjut.boudia.myMain - meter_2667761068922894997:73892963
raspberrypi 14:53:11.962 [main] INFO  edu.bjut.boudia.myMain - meter_8538961308091425385:repMsg
raspberrypi 14:53:11.962 [main] INFO  edu.bjut.boudia.myMain - meter_8538961308091425385:73194833
raspberrypi 14:53:11.962 [main] INFO  edu.bjut.boudia.myMain - meter_2456587555345785655:repMsg
raspberrypi 14:53:11.962 [main] INFO  edu.bjut.boudia.myMain - meter_2456587555345785655:73427778
raspberrypi 14:53:11.962 [main] INFO  edu.bjut.boudia.myMain - meter_7725430988475403969:repMsg
raspberrypi 14:53:11.962 [main] INFO  edu.bjut.boudia.myMain - meter_7725430988475403969:74052037
raspberrypi 14:53:11.962 [main] INFO  edu.bjut.boudia.myMain - meter_1996627035882472515:repMsg
raspberrypi 14:53:11.962 [main] INFO  edu.bjut.boudia.myMain - meter_1996627035882472515:72820389
raspberrypi 14:53:11.962 [main] INFO  edu.bjut.boudia.myMain - meter_8219280475462874277:repMsg
raspberrypi 14:53:11.962 [main] INFO  edu.bjut.boudia.myMain - meter_8219280475462874277:75147833
raspberrypi 14:53:11.962 [main] INFO  edu.bjut.boudia.myMain - meter_940691420588029507:repMsg
raspberrypi 14:53:11.962 [main] INFO  edu.bjut.boudia.myMain - meter_940691420588029507:73724482
raspberrypi 14:53:11.963 [main] INFO  edu.bjut.boudia.myMain - meter_8711652014340562359:repMsg
raspberrypi 14:53:11.963 [main] INFO  edu.bjut.boudia.myMain - meter_8711652014340562359:73143259
raspberrypi 14:53:11.963 [main] INFO  edu.bjut.boudia.myMain - meter_9212511993198920471:repMsg
raspberrypi 14:53:11.963 [main] INFO  edu.bjut.boudia.myMain - meter_9212511993198920471:73555611
raspberrypi 14:53:11.963 [main] INFO  edu.bjut.boudia.myMain - meter_7499913631933627851:repMsg
raspberrypi 14:53:11.963 [main] INFO  edu.bjut.boudia.myMain - meter_7499913631933627851:72891611
raspberrypi 14:53:11.963 [main] INFO  edu.bjut.boudia.myMain - meter_736617942398782431:repMsg
raspberrypi 14:53:11.963 [main] INFO  edu.bjut.boudia.myMain - meter_736617942398782431:73474945
raspberrypi 14:53:11.963 [main] INFO  edu.bjut.boudia.myMain - meter_1966695432848811483:repMsg
raspberrypi 14:53:11.963 [main] INFO  edu.bjut.boudia.myMain - meter_1966695432848811483:75091500
raspberrypi 14:53:11.963 [main] INFO  edu.bjut.boudia.myMain - meter_8063359658447242069:repMsg
raspberrypi 14:53:11.963 [main] INFO  edu.bjut.boudia.myMain - meter_8063359658447242069:73086482
raspberrypi 14:53:11.963 [main] INFO  edu.bjut.boudia.myMain - meter_5459137919556552011:repMsg
raspberrypi 14:53:11.963 [main] INFO  edu.bjut.boudia.myMain - meter_5459137919556552011:73492445
raspberrypi 14:53:11.963 [main] INFO  edu.bjut.boudia.myMain - meter_5661416790468994973:repMsg
raspberrypi 14:53:11.963 [main] INFO  edu.bjut.boudia.myMain - meter_5661416790468994973:73125778
raspberrypi 14:53:11.963 [main] INFO  edu.bjut.boudia.myMain - meter_1943854357719103891:repMsg
raspberrypi 14:53:11.963 [main] INFO  edu.bjut.boudia.myMain - meter_1943854357719103891:74124871
raspberrypi 14:53:11.963 [main] INFO  edu.bjut.boudia.myMain - meter_9212725770790754823:repMsg
raspberrypi 14:53:11.964 [main] INFO  edu.bjut.boudia.myMain - meter_9212725770790754823:73524889
raspberrypi 14:53:11.964 [main] INFO  edu.bjut.boudia.myMain - meter_3002022728609689523:repMsg
raspberrypi 14:53:11.964 [main] INFO  edu.bjut.boudia.myMain - meter_3002022728609689523:74493889
raspberrypi 14:53:16.838 [main] INFO  edu.bjut.boudia.myMain - oneTimeMeterRegTime
raspberrypi 14:53:17.563 [main] INFO  edu.bjut.boudia.myMain - server:pubkey
raspberrypi 14:53:17.563 [main] INFO  edu.bjut.boudia.myMain - server:3926
raspberrypi 14:53:17.563 [main] INFO  edu.bjut.boudia.myMain - agg:regMsg,regMsg,regMsg,regMsg,regMsg,regMsg,regMsg,regMsg,regMsg,regMsg,regMsg,regMsg,regMsg,regMsg,regMsg,regMsg,regMsg,regMsg,regMsg,regMsg
raspberrypi 14:53:17.563 [main] INFO  edu.bjut.boudia.myMain - agg:19585741,17858889,17841630,17849703,17850185,17835945,18038222,17850518,17783871,17928259,17813463,17810667,17954111,17867611,17917759,17812759,17857297,17774555,17752204,17923797
raspberrypi 14:53:17.563 [main] INFO  edu.bjut.boudia.myMain - meter_1661100263123850989:regMsg,reg_backagg,reg_cc
raspberrypi 14:53:17.564 [main] INFO  edu.bjut.boudia.myMain - meter_1661100263123850989:852,18115482,1092
raspberrypi 14:53:17.564 [main] INFO  edu.bjut.boudia.myMain - meter_5996233602895791785:regMsg,reg_backagg,reg_cc
raspberrypi 14:53:17.564 [main] INFO  edu.bjut.boudia.myMain - meter_5996233602895791785:852,18228907,1222
raspberrypi 14:53:17.564 [main] INFO  edu.bjut.boudia.myMain - meter_5613577186615535497:regMsg,reg_backagg,reg_cc
raspberrypi 14:53:17.564 [main] INFO  edu.bjut.boudia.myMain - meter_5613577186615535497:1204,18003833,888
raspberrypi 14:53:17.564 [main] INFO  edu.bjut.boudia.myMain - meter_4972811982117032045:regMsg,reg_backagg,reg_cc
raspberrypi 14:53:17.564 [main] INFO  edu.bjut.boudia.myMain - meter_4972811982117032045:1297,18352870,518
raspberrypi 14:53:17.564 [main] INFO  edu.bjut.boudia.myMain - meter_4639101382734146565:regMsg,reg_backagg,reg_cc
raspberrypi 14:53:17.564 [main] INFO  edu.bjut.boudia.myMain - meter_4639101382734146565:907,17650092,741
raspberrypi 14:53:17.565 [main] INFO  edu.bjut.boudia.myMain - meter_5183332267013692701:regMsg,reg_backagg,reg_cc
raspberrypi 14:53:17.565 [main] INFO  edu.bjut.boudia.myMain - meter_5183332267013692701:852,17959389,815
raspberrypi 14:53:17.565 [main] INFO  edu.bjut.boudia.myMain - meter_3206524989581823479:regMsg,reg_backagg,reg_cc
raspberrypi 14:53:17.565 [main] INFO  edu.bjut.boudia.myMain - meter_3206524989581823479:1167,18177648,649
raspberrypi 14:53:17.565 [main] INFO  edu.bjut.boudia.myMain - meter_3747271407746137125:regMsg,reg_backagg,reg_cc
raspberrypi 14:53:17.565 [main] INFO  edu.bjut.boudia.myMain - meter_3747271407746137125:1000,18252019,871
raspberrypi 14:53:17.565 [main] INFO  edu.bjut.boudia.myMain - meter_5143879075851375895:regMsg,reg_backagg,reg_cc
raspberrypi 14:53:17.565 [main] INFO  edu.bjut.boudia.myMain - meter_5143879075851375895:1222,18038760,963
raspberrypi 14:53:17.565 [main] INFO  edu.bjut.boudia.myMain - meter_5051164620867367611:regMsg,reg_backagg,reg_cc
raspberrypi 14:53:17.565 [main] INFO  edu.bjut.boudia.myMain - meter_5051164620867367611:1204,18300870,685
raspberrypi 14:53:17.565 [main] INFO  edu.bjut.boudia.myMain - meter_1849576812479307035:regMsg,reg_backagg,reg_cc
raspberrypi 14:53:17.565 [main] INFO  edu.bjut.boudia.myMain - meter_1849576812479307035:926,18251463,686
raspberrypi 14:53:17.565 [main] INFO  edu.bjut.boudia.myMain - meter_8466000556414762199:regMsg,reg_backagg,reg_cc
raspberrypi 14:53:17.565 [main] INFO  edu.bjut.boudia.myMain - meter_8466000556414762199:889,18236223,1130
raspberrypi 14:53:17.565 [main] INFO  edu.bjut.boudia.myMain - meter_2417343280001978709:regMsg,reg_backagg,reg_cc
raspberrypi 14:53:17.566 [main] INFO  edu.bjut.boudia.myMain - meter_2417343280001978709:926,19829315,649
raspberrypi 14:53:17.566 [main] INFO  edu.bjut.boudia.myMain - meter_7628882385317073231:regMsg,reg_backagg,reg_cc
raspberrypi 14:53:17.566 [main] INFO  edu.bjut.boudia.myMain - meter_7628882385317073231:852,18189629,21481
raspberrypi 14:53:17.566 [main] INFO  edu.bjut.boudia.myMain - meter_1282063247017198363:regMsg,reg_backagg,reg_cc
raspberrypi 14:53:17.566 [main] INFO  edu.bjut.boudia.myMain - meter_1282063247017198363:519,18253834,926
raspberrypi 14:53:17.566 [main] INFO  edu.bjut.boudia.myMain - meter_6971098019149307295:regMsg,reg_backagg,reg_cc
raspberrypi 14:53:17.566 [main] INFO  edu.bjut.boudia.myMain - meter_6971098019149307295:926,18250889,593
raspberrypi 14:53:17.566 [main] INFO  edu.bjut.boudia.myMain - meter_510835147968047849:regMsg,reg_backagg,reg_cc
raspberrypi 14:53:17.566 [main] INFO  edu.bjut.boudia.myMain - meter_510835147968047849:778,18184093,667
raspberrypi 14:53:17.567 [main] INFO  edu.bjut.boudia.myMain - meter_475567118471560703:regMsg,reg_backagg,reg_cc
raspberrypi 14:53:17.567 [main] INFO  edu.bjut.boudia.myMain - meter_475567118471560703:760,18200666,649
raspberrypi 14:53:17.567 [main] INFO  edu.bjut.boudia.myMain - meter_4111556506373577891:regMsg,reg_backagg,reg_cc
raspberrypi 14:53:17.567 [main] INFO  edu.bjut.boudia.myMain - meter_4111556506373577891:833,18287111,667
raspberrypi 14:53:17.567 [main] INFO  edu.bjut.boudia.myMain - meter_3005694889051797533:regMsg,reg_backagg,reg_cc
raspberrypi 14:53:17.567 [main] INFO  edu.bjut.boudia.myMain - meter_3005694889051797533:777,18148259,648
raspberrypi 14:53:18.293 [main] INFO  edu.bjut.boudia.myMain - oneTimeMeterRepTime
raspberrypi 14:53:20.273 [main] INFO  edu.bjut.boudia.myMain - server:repMsg
raspberrypi 14:53:20.273 [main] INFO  edu.bjut.boudia.myMain - server:93618944
raspberrypi 14:53:20.273 [main] INFO  edu.bjut.boudia.myMain - agg:repMsg
raspberrypi 14:53:20.273 [main] INFO  edu.bjut.boudia.myMain - agg:413922630
raspberrypi 14:53:20.273 [main] INFO  edu.bjut.boudia.myMain - meter_1661100263123850989:repMsg
raspberrypi 14:53:20.273 [main] INFO  edu.bjut.boudia.myMain - meter_1661100263123850989:73679296
raspberrypi 14:53:20.273 [main] INFO  edu.bjut.boudia.myMain - meter_5996233602895791785:repMsg
raspberrypi 14:53:20.274 [main] INFO  edu.bjut.boudia.myMain - meter_5996233602895791785:73016926
raspberrypi 14:53:20.274 [main] INFO  edu.bjut.boudia.myMain - meter_5613577186615535497:repMsg
raspberrypi 14:53:20.274 [main] INFO  edu.bjut.boudia.myMain - meter_5613577186615535497:73537870
raspberrypi 14:53:20.274 [main] INFO  edu.bjut.boudia.myMain - meter_4972811982117032045:repMsg
raspberrypi 14:53:20.274 [main] INFO  edu.bjut.boudia.myMain - meter_4972811982117032045:73439092
raspberrypi 14:53:20.274 [main] INFO  edu.bjut.boudia.myMain - meter_4639101382734146565:repMsg
raspberrypi 14:53:20.274 [main] INFO  edu.bjut.boudia.myMain - meter_4639101382734146565:75136204
raspberrypi 14:53:20.274 [main] INFO  edu.bjut.boudia.myMain - meter_5183332267013692701:repMsg
raspberrypi 14:53:20.274 [main] INFO  edu.bjut.boudia.myMain - meter_5183332267013692701:73818000
raspberrypi 14:53:20.274 [main] INFO  edu.bjut.boudia.myMain - meter_3206524989581823479:repMsg
raspberrypi 14:53:20.274 [main] INFO  edu.bjut.boudia.myMain - meter_3206524989581823479:73625759
raspberrypi 14:53:20.274 [main] INFO  edu.bjut.boudia.myMain - meter_3747271407746137125:repMsg
raspberrypi 14:53:20.274 [main] INFO  edu.bjut.boudia.myMain - meter_3747271407746137125:73503870
raspberrypi 14:53:20.274 [main] INFO  edu.bjut.boudia.myMain - meter_5143879075851375895:repMsg
raspberrypi 14:53:20.274 [main] INFO  edu.bjut.boudia.myMain - meter_5143879075851375895:73274445
raspberrypi 14:53:20.274 [main] INFO  edu.bjut.boudia.myMain - meter_5051164620867367611:repMsg
raspberrypi 14:53:20.274 [main] INFO  edu.bjut.boudia.myMain - meter_5051164620867367611:73107537
raspberrypi 14:53:20.274 [main] INFO  edu.bjut.boudia.myMain - meter_1849576812479307035:repMsg
raspberrypi 14:53:20.274 [main] INFO  edu.bjut.boudia.myMain - meter_1849576812479307035:74402592
raspberrypi 14:53:20.274 [main] INFO  edu.bjut.boudia.myMain - meter_8466000556414762199:repMsg
raspberrypi 14:53:20.274 [main] INFO  edu.bjut.boudia.myMain - meter_8466000556414762199:73786204
raspberrypi 14:53:20.274 [main] INFO  edu.bjut.boudia.myMain - meter_2417343280001978709:repMsg
raspberrypi 14:53:20.274 [main] INFO  edu.bjut.boudia.myMain - meter_2417343280001978709:72822851
raspberrypi 14:53:20.275 [main] INFO  edu.bjut.boudia.myMain - meter_7628882385317073231:repMsg
raspberrypi 14:53:20.275 [main] INFO  edu.bjut.boudia.myMain - meter_7628882385317073231:72401388
raspberrypi 14:53:20.275 [main] INFO  edu.bjut.boudia.myMain - meter_1282063247017198363:repMsg
raspberrypi 14:53:20.275 [main] INFO  edu.bjut.boudia.myMain - meter_1282063247017198363:73402444
raspberrypi 14:53:20.275 [main] INFO  edu.bjut.boudia.myMain - meter_6971098019149307295:repMsg
raspberrypi 14:53:20.275 [main] INFO  edu.bjut.boudia.myMain - meter_6971098019149307295:73384075
raspberrypi 14:53:20.275 [main] INFO  edu.bjut.boudia.myMain - meter_510835147968047849:repMsg
raspberrypi 14:53:20.275 [main] INFO  edu.bjut.boudia.myMain - meter_510835147968047849:73733018
raspberrypi 14:53:20.275 [main] INFO  edu.bjut.boudia.myMain - meter_475567118471560703:repMsg
raspberrypi 14:53:20.275 [main] INFO  edu.bjut.boudia.myMain - meter_475567118471560703:75082704
raspberrypi 14:53:20.275 [main] INFO  edu.bjut.boudia.myMain - meter_4111556506373577891:repMsg
raspberrypi 14:53:20.275 [main] INFO  edu.bjut.boudia.myMain - meter_4111556506373577891:73367999
raspberrypi 14:53:20.275 [main] INFO  edu.bjut.boudia.myMain - meter_3005694889051797533:repMsg
raspberrypi 14:53:20.275 [main] INFO  edu.bjut.boudia.myMain - meter_3005694889051797533:71947741
