raspberrypi 23:29:27.828 [main] INFO  edu.bjut.homo.myMain - meterRegTime
raspberrypi 23:29:29.278 [main] INFO  edu.bjut.homo.myMain - kgc:reg_response,reg_response,reg_response,reg_response,reg_response,reg_response,reg_response,reg_response,reg_response,reg_response,reg_response,reg_response,reg_response,reg_response,reg_response,reg_response,reg_response,reg_response,reg_response,reg_response,reg_response,reg_response,reg_response,reg_response,reg_response,reg_response,reg_response,reg_response,reg_response,reg_response,reg_response,reg_response,reg_response,reg_response,reg_response,reg_response,reg_response,reg_response,reg_response,reg_response,reg_response,reg_response,reg_response,reg_response,reg_response,reg_response,reg_response,reg_response,reg_response,reg_response,reg_response,reg_response,reg_response,reg_response,reg_response,reg_response,reg_response,reg_response,reg_response,reg_response
raspberrypi 23:29:29.278 [main] INFO  edu.bjut.homo.myMain - kgc:22914129,22699796,23909963,21971315,21872926,21669074,21329777,21414686,21725278,21611907,33667611,21543815,21322667,21647852,21932963,21556463,21395167,21266852,21153167,20817574,21125759,21876630,20506760,22075314,23316389,23092482,46623167,22793630,22652018,21876574,21466685,20324630,21017630,20960630,20001130,21433926,20246833,20080259,20216796,20069871,21107630,20619055,31870981,21505389,21179056,22136074,21629204,20860778,20551630,21013593,20986519,21614963,21055037,20883648,21145537,21478760,20680759,20384055,20224093,39100704
raspberrypi 23:29:29.279 [main] INFO  edu.bjut.homo.myMain - meter_3071442209628970125:reg,reg_response
raspberrypi 23:29:29.279 [main] INFO  edu.bjut.homo.myMain - meter_3071442209628970125:1568648,1943537
raspberrypi 23:29:29.280 [main] INFO  edu.bjut.homo.myMain - meter_5901088979631489593:reg,reg_response
raspberrypi 23:29:29.280 [main] INFO  edu.bjut.homo.myMain - meter_5901088979631489593:259981,17794759
raspberrypi 23:29:29.280 [main] INFO  edu.bjut.homo.myMain - meter_4289165457633983473:reg,reg_response
raspberrypi 23:29:29.281 [main] INFO  edu.bjut.homo.myMain - meter_4289165457633983473:490704,814296
raspberrypi 23:29:29.281 [main] INFO  edu.bjut.homo.myMain - meter_2351490644604333251:reg,reg_response
raspberrypi 23:29:29.281 [main] INFO  edu.bjut.homo.myMain - meter_2351490644604333251:200481,948667
raspberrypi 23:29:29.282 [main] INFO  edu.bjut.homo.myMain - meter_5297116234070605845:reg,reg_response
raspberrypi 23:29:29.282 [main] INFO  edu.bjut.homo.myMain - meter_5297116234070605845:221297,810871
raspberrypi 23:29:29.283 [main] INFO  edu.bjut.homo.myMain - meter_2132497739094366943:reg,reg_response
raspberrypi 23:29:29.283 [main] INFO  edu.bjut.homo.myMain - meter_2132497739094366943:255056,861778
raspberrypi 23:29:29.283 [main] INFO  edu.bjut.homo.myMain - meter_5862924498676363485:reg,reg_response
raspberrypi 23:29:29.284 [main] INFO  edu.bjut.homo.myMain - meter_5862924498676363485:216388,818500
raspberrypi 23:29:29.284 [main] INFO  edu.bjut.homo.myMain - meter_138582442094867573:reg,reg_response
raspberrypi 23:29:29.284 [main] INFO  edu.bjut.homo.myMain - meter_138582442094867573:209166,821092
raspberrypi 23:29:29.285 [main] INFO  edu.bjut.homo.myMain - meter_5453552623748735055:reg,reg_response
raspberrypi 23:29:29.285 [main] INFO  edu.bjut.homo.myMain - meter_5453552623748735055:211500,857074
raspberrypi 23:29:29.285 [main] INFO  edu.bjut.homo.myMain - meter_2844317395006967305:reg,reg_response
raspberrypi 23:29:29.285 [main] INFO  edu.bjut.homo.myMain - meter_2844317395006967305:237982,682797
raspberrypi 23:29:29.286 [main] INFO  edu.bjut.homo.myMain - meter_5619289562612657783:reg,reg_response
raspberrypi 23:29:29.286 [main] INFO  edu.bjut.homo.myMain - meter_5619289562612657783:214426,662260
raspberrypi 23:29:29.286 [main] INFO  edu.bjut.homo.myMain - meter_2911263723742690475:reg,reg_response
raspberrypi 23:29:29.287 [main] INFO  edu.bjut.homo.myMain - meter_2911263723742690475:196518,399778
raspberrypi 23:29:29.287 [main] INFO  edu.bjut.homo.myMain - meter_5882648942460533639:reg,reg_response
raspberrypi 23:29:29.287 [main] INFO  edu.bjut.homo.myMain - meter_5882648942460533639:171074,663259
raspberrypi 23:29:29.288 [main] INFO  edu.bjut.homo.myMain - meter_4249433516091678229:reg,reg_response
raspberrypi 23:29:29.288 [main] INFO  edu.bjut.homo.myMain - meter_4249433516091678229:174741,894426
raspberrypi 23:29:29.288 [main] INFO  edu.bjut.homo.myMain - meter_609225955328581335:reg,reg_response
raspberrypi 23:29:29.289 [main] INFO  edu.bjut.homo.myMain - meter_609225955328581335:171259,439667
raspberrypi 23:29:29.289 [main] INFO  edu.bjut.homo.myMain - meter_594893152328540697:reg,reg_response
raspberrypi 23:29:29.289 [main] INFO  edu.bjut.homo.myMain - meter_594893152328540697:154851,481297
raspberrypi 23:29:29.289 [main] INFO  edu.bjut.homo.myMain - meter_4628129278804631569:reg,reg_response
raspberrypi 23:29:29.289 [main] INFO  edu.bjut.homo.myMain - meter_4628129278804631569:119315,551778
raspberrypi 23:29:29.290 [main] INFO  edu.bjut.homo.myMain - meter_7573755972043947113:reg,reg_response
raspberrypi 23:29:29.290 [main] INFO  edu.bjut.homo.myMain - meter_7573755972043947113:140907,374445
raspberrypi 23:29:29.290 [main] INFO  edu.bjut.homo.myMain - meter_3415798151069504859:reg,reg_response
raspberrypi 23:29:29.291 [main] INFO  edu.bjut.homo.myMain - meter_3415798151069504859:114167,534277
raspberrypi 23:29:29.291 [main] INFO  edu.bjut.homo.myMain - meter_4593955790223192757:reg,reg_response
raspberrypi 23:29:29.291 [main] INFO  edu.bjut.homo.myMain - meter_4593955790223192757:173407,585611
raspberrypi 23:29:29.292 [main] INFO  edu.bjut.homo.myMain - meter_5865101337582003653:reg,reg_response
raspberrypi 23:29:29.292 [main] INFO  edu.bjut.homo.myMain - meter_5865101337582003653:130370,361981
raspberrypi 23:29:29.292 [main] INFO  edu.bjut.homo.myMain - meter_945565745606535923:reg,reg_response
raspberrypi 23:29:29.293 [main] INFO  edu.bjut.homo.myMain - meter_945565745606535923:108667,376908
raspberrypi 23:29:29.293 [main] INFO  edu.bjut.homo.myMain - meter_4464568083629688701:reg,reg_response
raspberrypi 23:29:29.293 [main] INFO  edu.bjut.homo.myMain - meter_4464568083629688701:110185,450555
raspberrypi 23:29:29.294 [main] INFO  edu.bjut.homo.myMain - meter_7809373661745255681:reg,reg_response
raspberrypi 23:29:29.294 [main] INFO  edu.bjut.homo.myMain - meter_7809373661745255681:161482,729463
raspberrypi 23:29:29.294 [main] INFO  edu.bjut.homo.myMain - meter_8397362960235398733:reg,reg_response
raspberrypi 23:29:29.295 [main] INFO  edu.bjut.homo.myMain - meter_8397362960235398733:185444,910667
raspberrypi 23:29:29.295 [main] INFO  edu.bjut.homo.myMain - meter_3145957497556931491:reg,reg_response
raspberrypi 23:29:29.296 [main] INFO  edu.bjut.homo.myMain - meter_3145957497556931491:211018,677333
raspberrypi 23:29:29.296 [main] INFO  edu.bjut.homo.myMain - meter_3199906004647152147:reg,reg_response
raspberrypi 23:29:29.296 [main] INFO  edu.bjut.homo.myMain - meter_3199906004647152147:164593,531445
raspberrypi 23:29:29.297 [main] INFO  edu.bjut.homo.myMain - meter_8976745345183879585:reg,reg_response
raspberrypi 23:29:29.297 [main] INFO  edu.bjut.homo.myMain - meter_8976745345183879585:133704,802889
raspberrypi 23:29:29.297 [main] INFO  edu.bjut.homo.myMain - meter_880602102036320031:reg,reg_response
raspberrypi 23:29:29.297 [main] INFO  edu.bjut.homo.myMain - meter_880602102036320031:263426,649093
raspberrypi 23:29:29.298 [main] INFO  edu.bjut.homo.myMain - meter_9182164130351121437:reg,reg_response
raspberrypi 23:29:29.298 [main] INFO  edu.bjut.homo.myMain - meter_9182164130351121437:159833,1113870
raspberrypi 23:29:29.298 [main] INFO  edu.bjut.homo.myMain - meter_7273764305951689775:reg,reg_response
raspberrypi 23:29:29.299 [main] INFO  edu.bjut.homo.myMain - meter_7273764305951689775:272870,283777
raspberrypi 23:29:29.299 [main] INFO  edu.bjut.homo.myMain - meter_3295184794498395829:reg,reg_response
raspberrypi 23:29:29.300 [main] INFO  edu.bjut.homo.myMain - meter_3295184794498395829:94222,389222
raspberrypi 23:29:29.300 [main] INFO  edu.bjut.homo.myMain - meter_405157723299241677:reg,reg_response
raspberrypi 23:29:29.300 [main] INFO  edu.bjut.homo.myMain - meter_405157723299241677:104963,282722
raspberrypi 23:29:29.301 [main] INFO  edu.bjut.homo.myMain - meter_5585117169264658773:reg,reg_response
raspberrypi 23:29:29.301 [main] INFO  edu.bjut.homo.myMain - meter_5585117169264658773:91185,302944
raspberrypi 23:29:29.302 [main] INFO  edu.bjut.homo.myMain - meter_7268964535648143105:reg,reg_response
raspberrypi 23:29:29.303 [main] INFO  edu.bjut.homo.myMain - meter_7268964535648143105:94426,279666
raspberrypi 23:29:29.303 [main] INFO  edu.bjut.homo.myMain - meter_8406137314552764877:reg,reg_response
raspberrypi 23:29:29.303 [main] INFO  edu.bjut.homo.myMain - meter_8406137314552764877:91482,284130
raspberrypi 23:29:29.304 [main] INFO  edu.bjut.homo.myMain - meter_8652114327046760597:reg,reg_response
raspberrypi 23:29:29.304 [main] INFO  edu.bjut.homo.myMain - meter_8652114327046760597:95908,283722
raspberrypi 23:29:29.304 [main] INFO  edu.bjut.homo.myMain - meter_4286064698546373539:reg,reg_response
raspberrypi 23:29:29.304 [main] INFO  edu.bjut.homo.myMain - meter_4286064698546373539:94481,354111
raspberrypi 23:29:29.305 [main] INFO  edu.bjut.homo.myMain - meter_1583430504738595699:reg,reg_response
raspberrypi 23:29:29.305 [main] INFO  edu.bjut.homo.myMain - meter_1583430504738595699:129889,474093
raspberrypi 23:29:29.305 [main] INFO  edu.bjut.homo.myMain - meter_8954563203214839189:reg,reg_response
raspberrypi 23:29:29.305 [main] INFO  edu.bjut.homo.myMain - meter_8954563203214839189:100907,282518
raspberrypi 23:29:29.305 [main] INFO  edu.bjut.homo.myMain - meter_626626934343581061:reg,reg_response
raspberrypi 23:29:29.306 [main] INFO  edu.bjut.homo.myMain - meter_626626934343581061:88352,496870
raspberrypi 23:29:29.306 [main] INFO  edu.bjut.homo.myMain - meter_8636380871341311353:reg,reg_response
raspberrypi 23:29:29.307 [main] INFO  edu.bjut.homo.myMain - meter_8636380871341311353:139833,430907
raspberrypi 23:29:29.307 [main] INFO  edu.bjut.homo.myMain - meter_9185563252277715455:reg,reg_response
raspberrypi 23:29:29.307 [main] INFO  edu.bjut.homo.myMain - meter_9185563252277715455:111240,550092
raspberrypi 23:29:29.307 [main] INFO  edu.bjut.homo.myMain - meter_7409895310256980599:reg,reg_response
raspberrypi 23:29:29.308 [main] INFO  edu.bjut.homo.myMain - meter_7409895310256980599:186240,458463
raspberrypi 23:29:29.308 [main] INFO  edu.bjut.homo.myMain - meter_7519098257526168709:reg,reg_response
raspberrypi 23:29:29.308 [main] INFO  edu.bjut.homo.myMain - meter_7519098257526168709:110500,539278
raspberrypi 23:29:29.308 [main] INFO  edu.bjut.homo.myMain - meter_6320011399422077595:reg,reg_response
raspberrypi 23:29:29.309 [main] INFO  edu.bjut.homo.myMain - meter_6320011399422077595:122407,587908
raspberrypi 23:29:29.309 [main] INFO  edu.bjut.homo.myMain - meter_1780424497439483093:reg,reg_response
raspberrypi 23:29:29.309 [main] INFO  edu.bjut.homo.myMain - meter_1780424497439483093:155408,643463
raspberrypi 23:29:29.310 [main] INFO  edu.bjut.homo.myMain - meter_1578979192513083227:reg,reg_response
raspberrypi 23:29:29.310 [main] INFO  edu.bjut.homo.myMain - meter_1578979192513083227:279000,365556
raspberrypi 23:29:29.310 [main] INFO  edu.bjut.homo.myMain - meter_241629106935470183:reg,reg_response
raspberrypi 23:29:29.310 [main] INFO  edu.bjut.homo.myMain - meter_241629106935470183:92519,306537
raspberrypi 23:29:29.311 [main] INFO  edu.bjut.homo.myMain - meter_2895415134391776297:reg,reg_response
raspberrypi 23:29:29.311 [main] INFO  edu.bjut.homo.myMain - meter_2895415134391776297:87074,519685
raspberrypi 23:29:29.311 [main] INFO  edu.bjut.homo.myMain - meter_3557652841548566921:reg,reg_response
raspberrypi 23:29:29.311 [main] INFO  edu.bjut.homo.myMain - meter_3557652841548566921:206815,481407
raspberrypi 23:29:29.311 [main] INFO  edu.bjut.homo.myMain - meter_8543509204933547115:reg,reg_response
raspberrypi 23:29:29.311 [main] INFO  edu.bjut.homo.myMain - meter_8543509204933547115:342871,516481
raspberrypi 23:29:29.312 [main] INFO  edu.bjut.homo.myMain - meter_6447681007947737269:reg,reg_response
raspberrypi 23:29:29.312 [main] INFO  edu.bjut.homo.myMain - meter_6447681007947737269:280426,585259
raspberrypi 23:29:29.312 [main] INFO  edu.bjut.homo.myMain - meter_4442252192042319289:reg,reg_response
raspberrypi 23:29:29.312 [main] INFO  edu.bjut.homo.myMain - meter_4442252192042319289:131352,349537
raspberrypi 23:29:29.313 [main] INFO  edu.bjut.homo.myMain - meter_4008405094476205931:reg,reg_response
raspberrypi 23:29:29.313 [main] INFO  edu.bjut.homo.myMain - meter_4008405094476205931:88463,457963
raspberrypi 23:29:29.313 [main] INFO  edu.bjut.homo.myMain - meter_4759032776044044311:reg,reg_response
raspberrypi 23:29:29.313 [main] INFO  edu.bjut.homo.myMain - meter_4759032776044044311:120611,351944
raspberrypi 23:29:29.313 [main] INFO  edu.bjut.homo.myMain - meter_4570371904694158727:reg,reg_response
raspberrypi 23:29:29.314 [main] INFO  edu.bjut.homo.myMain - meter_4570371904694158727:90907,364148
raspberrypi 23:29:29.314 [main] INFO  edu.bjut.homo.myMain - meter_725980969632767473:reg,reg_response
raspberrypi 23:29:29.314 [main] INFO  edu.bjut.homo.myMain - meter_725980969632767473:92611,288111
raspberrypi 23:29:29.314 [main] INFO  edu.bjut.homo.myMain - meter_7289913461459744397:reg,reg_response
raspberrypi 23:29:29.315 [main] INFO  edu.bjut.homo.myMain - meter_7289913461459744397:78814,346815
raspberrypi 23:29:29.315 [main] INFO  edu.bjut.homo.myMain - meter_4424984962662425401:reg,reg_response
raspberrypi 23:29:29.316 [main] INFO  edu.bjut.homo.myMain - meter_4424984962662425401:89852,327555
raspberrypi 23:29:29.324 [main] INFO  edu.bjut.homo.myMain - oneTimeMeterRepTime
raspberrypi 23:29:32.201 [main] INFO  edu.bjut.homo.myMain - agg:resp_agg
raspberrypi 23:29:32.201 [main] INFO  edu.bjut.homo.myMain - agg:1003878500
raspberrypi 23:29:32.201 [main] INFO  edu.bjut.homo.myMain - server:report_res
raspberrypi 23:29:32.201 [main] INFO  edu.bjut.homo.myMain - server:40025778
raspberrypi 23:29:32.202 [main] INFO  edu.bjut.homo.myMain - meter_3071442209628970125:report
raspberrypi 23:29:32.202 [main] INFO  edu.bjut.homo.myMain - meter_3071442209628970125:142576037
raspberrypi 23:29:32.202 [main] INFO  edu.bjut.homo.myMain - meter_5901088979631489593:report
raspberrypi 23:29:32.202 [main] INFO  edu.bjut.homo.myMain - meter_5901088979631489593:41999259
raspberrypi 23:29:32.202 [main] INFO  edu.bjut.homo.myMain - meter_4289165457633983473:report
raspberrypi 23:29:32.203 [main] INFO  edu.bjut.homo.myMain - meter_4289165457633983473:30228704
raspberrypi 23:29:32.203 [main] INFO  edu.bjut.homo.myMain - meter_2351490644604333251:report
raspberrypi 23:29:32.203 [main] INFO  edu.bjut.homo.myMain - meter_2351490644604333251:30151685
raspberrypi 23:29:32.203 [main] INFO  edu.bjut.homo.myMain - meter_5297116234070605845:report
raspberrypi 23:29:32.203 [main] INFO  edu.bjut.homo.myMain - meter_5297116234070605845:30184685
raspberrypi 23:29:32.203 [main] INFO  edu.bjut.homo.myMain - meter_2132497739094366943:report
raspberrypi 23:29:32.203 [main] INFO  edu.bjut.homo.myMain - meter_2132497739094366943:28949852
raspberrypi 23:29:32.203 [main] INFO  edu.bjut.homo.myMain - meter_5862924498676363485:report
raspberrypi 23:29:32.204 [main] INFO  edu.bjut.homo.myMain - meter_5862924498676363485:27953148
raspberrypi 23:29:32.204 [main] INFO  edu.bjut.homo.myMain - meter_138582442094867573:report
raspberrypi 23:29:32.204 [main] INFO  edu.bjut.homo.myMain - meter_138582442094867573:31739723
raspberrypi 23:29:32.204 [main] INFO  edu.bjut.homo.myMain - meter_5453552623748735055:report
raspberrypi 23:29:32.204 [main] INFO  edu.bjut.homo.myMain - meter_5453552623748735055:27613334
raspberrypi 23:29:32.204 [main] INFO  edu.bjut.homo.myMain - meter_2844317395006967305:report
raspberrypi 23:29:32.204 [main] INFO  edu.bjut.homo.myMain - meter_2844317395006967305:27190351
raspberrypi 23:29:32.204 [main] INFO  edu.bjut.homo.myMain - meter_5619289562612657783:report
raspberrypi 23:29:32.204 [main] INFO  edu.bjut.homo.myMain - meter_5619289562612657783:27386482
raspberrypi 23:29:32.205 [main] INFO  edu.bjut.homo.myMain - meter_2911263723742690475:report
raspberrypi 23:29:32.205 [main] INFO  edu.bjut.homo.myMain - meter_2911263723742690475:27763074
raspberrypi 23:29:32.205 [main] INFO  edu.bjut.homo.myMain - meter_5882648942460533639:report
raspberrypi 23:29:32.205 [main] INFO  edu.bjut.homo.myMain - meter_5882648942460533639:27682593
raspberrypi 23:29:32.206 [main] INFO  edu.bjut.homo.myMain - meter_4249433516091678229:report
raspberrypi 23:29:32.206 [main] INFO  edu.bjut.homo.myMain - meter_4249433516091678229:27335556
raspberrypi 23:29:32.206 [main] INFO  edu.bjut.homo.myMain - meter_609225955328581335:report
raspberrypi 23:29:32.206 [main] INFO  edu.bjut.homo.myMain - meter_609225955328581335:27447667
raspberrypi 23:29:32.206 [main] INFO  edu.bjut.homo.myMain - meter_594893152328540697:report
raspberrypi 23:29:32.206 [main] INFO  edu.bjut.homo.myMain - meter_594893152328540697:29802963
raspberrypi 23:29:32.206 [main] INFO  edu.bjut.homo.myMain - meter_4628129278804631569:report
raspberrypi 23:29:32.207 [main] INFO  edu.bjut.homo.myMain - meter_4628129278804631569:27109019
raspberrypi 23:29:32.207 [main] INFO  edu.bjut.homo.myMain - meter_7573755972043947113:report
raspberrypi 23:29:32.207 [main] INFO  edu.bjut.homo.myMain - meter_7573755972043947113:28367204
raspberrypi 23:29:32.207 [main] INFO  edu.bjut.homo.myMain - meter_3415798151069504859:report
raspberrypi 23:29:32.207 [main] INFO  edu.bjut.homo.myMain - meter_3415798151069504859:28129981
raspberrypi 23:29:32.207 [main] INFO  edu.bjut.homo.myMain - meter_4593955790223192757:report
raspberrypi 23:29:32.208 [main] INFO  edu.bjut.homo.myMain - meter_4593955790223192757:28186408
raspberrypi 23:29:32.208 [main] INFO  edu.bjut.homo.myMain - meter_5865101337582003653:report
raspberrypi 23:29:32.208 [main] INFO  edu.bjut.homo.myMain - meter_5865101337582003653:28291371
raspberrypi 23:29:32.208 [main] INFO  edu.bjut.homo.myMain - meter_945565745606535923:report
raspberrypi 23:29:32.208 [main] INFO  edu.bjut.homo.myMain - meter_945565745606535923:28289666
raspberrypi 23:29:32.209 [main] INFO  edu.bjut.homo.myMain - meter_4464568083629688701:report
raspberrypi 23:29:32.209 [main] INFO  edu.bjut.homo.myMain - meter_4464568083629688701:28103945
raspberrypi 23:29:32.209 [main] INFO  edu.bjut.homo.myMain - meter_7809373661745255681:report
raspberrypi 23:29:32.209 [main] INFO  edu.bjut.homo.myMain - meter_7809373661745255681:28540000
raspberrypi 23:29:32.209 [main] INFO  edu.bjut.homo.myMain - meter_8397362960235398733:report
raspberrypi 23:29:32.210 [main] INFO  edu.bjut.homo.myMain - meter_8397362960235398733:31301926
raspberrypi 23:29:32.210 [main] INFO  edu.bjut.homo.myMain - meter_3145957497556931491:report
raspberrypi 23:29:32.210 [main] INFO  edu.bjut.homo.myMain - meter_3145957497556931491:28144241
raspberrypi 23:29:32.210 [main] INFO  edu.bjut.homo.myMain - meter_3199906004647152147:report
raspberrypi 23:29:32.210 [main] INFO  edu.bjut.homo.myMain - meter_3199906004647152147:28433000
raspberrypi 23:29:32.211 [main] INFO  edu.bjut.homo.myMain - meter_8976745345183879585:report
raspberrypi 23:29:32.211 [main] INFO  edu.bjut.homo.myMain - meter_8976745345183879585:29535519
raspberrypi 23:29:32.211 [main] INFO  edu.bjut.homo.myMain - meter_880602102036320031:report
raspberrypi 23:29:32.212 [main] INFO  edu.bjut.homo.myMain - meter_880602102036320031:28870296
raspberrypi 23:29:32.212 [main] INFO  edu.bjut.homo.myMain - meter_9182164130351121437:report
raspberrypi 23:29:32.212 [main] INFO  edu.bjut.homo.myMain - meter_9182164130351121437:28248741
raspberrypi 23:29:32.212 [main] INFO  edu.bjut.homo.myMain - meter_7273764305951689775:report
raspberrypi 23:29:32.213 [main] INFO  edu.bjut.homo.myMain - meter_7273764305951689775:29772111
raspberrypi 23:29:32.213 [main] INFO  edu.bjut.homo.myMain - meter_3295184794498395829:report
raspberrypi 23:29:32.213 [main] INFO  edu.bjut.homo.myMain - meter_3295184794498395829:28552982
raspberrypi 23:29:32.213 [main] INFO  edu.bjut.homo.myMain - meter_405157723299241677:report
raspberrypi 23:29:32.214 [main] INFO  edu.bjut.homo.myMain - meter_405157723299241677:31114203
raspberrypi 23:29:32.214 [main] INFO  edu.bjut.homo.myMain - meter_5585117169264658773:report
raspberrypi 23:29:32.214 [main] INFO  edu.bjut.homo.myMain - meter_5585117169264658773:28097241
raspberrypi 23:29:32.215 [main] INFO  edu.bjut.homo.myMain - meter_7268964535648143105:report
raspberrypi 23:29:32.215 [main] INFO  edu.bjut.homo.myMain - meter_7268964535648143105:28390352
raspberrypi 23:29:32.215 [main] INFO  edu.bjut.homo.myMain - meter_8406137314552764877:report
raspberrypi 23:29:32.216 [main] INFO  edu.bjut.homo.myMain - meter_8406137314552764877:29220204
raspberrypi 23:29:32.216 [main] INFO  edu.bjut.homo.myMain - meter_8652114327046760597:report
raspberrypi 23:29:32.216 [main] INFO  edu.bjut.homo.myMain - meter_8652114327046760597:28747815
raspberrypi 23:29:32.216 [main] INFO  edu.bjut.homo.myMain - meter_4286064698546373539:report
raspberrypi 23:29:32.217 [main] INFO  edu.bjut.homo.myMain - meter_4286064698546373539:29231241
raspberrypi 23:29:32.217 [main] INFO  edu.bjut.homo.myMain - meter_1583430504738595699:report
raspberrypi 23:29:32.217 [main] INFO  edu.bjut.homo.myMain - meter_1583430504738595699:29658630
raspberrypi 23:29:32.217 [main] INFO  edu.bjut.homo.myMain - meter_8954563203214839189:report
raspberrypi 23:29:32.217 [main] INFO  edu.bjut.homo.myMain - meter_8954563203214839189:28571444
raspberrypi 23:29:32.218 [main] INFO  edu.bjut.homo.myMain - meter_626626934343581061:report
raspberrypi 23:29:32.218 [main] INFO  edu.bjut.homo.myMain - meter_626626934343581061:31171370
raspberrypi 23:29:32.218 [main] INFO  edu.bjut.homo.myMain - meter_8636380871341311353:report
raspberrypi 23:29:32.218 [main] INFO  edu.bjut.homo.myMain - meter_8636380871341311353:27719241
raspberrypi 23:29:32.218 [main] INFO  edu.bjut.homo.myMain - meter_9185563252277715455:report
raspberrypi 23:29:32.218 [main] INFO  edu.bjut.homo.myMain - meter_9185563252277715455:27146796
raspberrypi 23:29:32.218 [main] INFO  edu.bjut.homo.myMain - meter_7409895310256980599:report
raspberrypi 23:29:32.219 [main] INFO  edu.bjut.homo.myMain - meter_7409895310256980599:27161333
raspberrypi 23:29:32.219 [main] INFO  edu.bjut.homo.myMain - meter_7519098257526168709:report
raspberrypi 23:29:32.219 [main] INFO  edu.bjut.homo.myMain - meter_7519098257526168709:27082112
raspberrypi 23:29:32.219 [main] INFO  edu.bjut.homo.myMain - meter_6320011399422077595:report
raspberrypi 23:29:32.220 [main] INFO  edu.bjut.homo.myMain - meter_6320011399422077595:27746444
raspberrypi 23:29:32.220 [main] INFO  edu.bjut.homo.myMain - meter_1780424497439483093:report
raspberrypi 23:29:32.220 [main] INFO  edu.bjut.homo.myMain - meter_1780424497439483093:27287111
raspberrypi 23:29:32.220 [main] INFO  edu.bjut.homo.myMain - meter_1578979192513083227:report
raspberrypi 23:29:32.220 [main] INFO  edu.bjut.homo.myMain - meter_1578979192513083227:27092185
raspberrypi 23:29:32.220 [main] INFO  edu.bjut.homo.myMain - meter_241629106935470183:report
raspberrypi 23:29:32.220 [main] INFO  edu.bjut.homo.myMain - meter_241629106935470183:27605926
raspberrypi 23:29:32.221 [main] INFO  edu.bjut.homo.myMain - meter_2895415134391776297:report
raspberrypi 23:29:32.221 [main] INFO  edu.bjut.homo.myMain - meter_2895415134391776297:30069703
raspberrypi 23:29:32.221 [main] INFO  edu.bjut.homo.myMain - meter_3557652841548566921:report
raspberrypi 23:29:32.221 [main] INFO  edu.bjut.homo.myMain - meter_3557652841548566921:27887296
raspberrypi 23:29:32.221 [main] INFO  edu.bjut.homo.myMain - meter_8543509204933547115:report
raspberrypi 23:29:32.221 [main] INFO  edu.bjut.homo.myMain - meter_8543509204933547115:27818148
raspberrypi 23:29:32.221 [main] INFO  edu.bjut.homo.myMain - meter_6447681007947737269:report
raspberrypi 23:29:32.221 [main] INFO  edu.bjut.homo.myMain - meter_6447681007947737269:27390592
raspberrypi 23:29:32.221 [main] INFO  edu.bjut.homo.myMain - meter_4442252192042319289:report
raspberrypi 23:29:32.222 [main] INFO  edu.bjut.homo.myMain - meter_4442252192042319289:27096963
raspberrypi 23:29:32.222 [main] INFO  edu.bjut.homo.myMain - meter_4008405094476205931:report
raspberrypi 23:29:32.222 [main] INFO  edu.bjut.homo.myMain - meter_4008405094476205931:26491074
raspberrypi 23:29:32.222 [main] INFO  edu.bjut.homo.myMain - meter_4759032776044044311:report
raspberrypi 23:29:32.222 [main] INFO  edu.bjut.homo.myMain - meter_4759032776044044311:26490870
raspberrypi 23:29:32.222 [main] INFO  edu.bjut.homo.myMain - meter_4570371904694158727:report
raspberrypi 23:29:32.222 [main] INFO  edu.bjut.homo.myMain - meter_4570371904694158727:26663334
raspberrypi 23:29:32.223 [main] INFO  edu.bjut.homo.myMain - meter_725980969632767473:report
raspberrypi 23:29:32.223 [main] INFO  edu.bjut.homo.myMain - meter_725980969632767473:29061260
raspberrypi 23:29:32.223 [main] INFO  edu.bjut.homo.myMain - meter_7289913461459744397:report
raspberrypi 23:29:32.223 [main] INFO  edu.bjut.homo.myMain - meter_7289913461459744397:26450352
raspberrypi 23:29:32.223 [main] INFO  edu.bjut.homo.myMain - meter_4424984962662425401:report
raspberrypi 23:29:32.223 [main] INFO  edu.bjut.homo.myMain - meter_4424984962662425401:26584778
raspberrypi 23:29:39.878 [main] INFO  edu.bjut.homo.myMain - meterRegTime
raspberrypi 23:29:40.897 [main] INFO  edu.bjut.homo.myMain - kgc:reg_response,reg_response,reg_response,reg_response,reg_response,reg_response,reg_response,reg_response,reg_response,reg_response,reg_response,reg_response,reg_response,reg_response,reg_response,reg_response,reg_response,reg_response,reg_response,reg_response,reg_response,reg_response,reg_response,reg_response,reg_response,reg_response,reg_response,reg_response,reg_response,reg_response,reg_response,reg_response,reg_response,reg_response,reg_response,reg_response,reg_response,reg_response,reg_response,reg_response,reg_response,reg_response,reg_response,reg_response,reg_response,reg_response,reg_response,reg_response,reg_response,reg_response
raspberrypi 23:29:40.897 [main] INFO  edu.bjut.homo.myMain - kgc:20426666,20671352,20197648,20384648,19943056,20311444,20123518,19974315,20360889,20560555,19714778,19917241,19697370,19717167,19704889,19913074,19789703,19733648,19678703,22029111,19687240,20024778,19767185,19947741,19680648,19819148,20345778,21329185,19602314,19930667,19645592,19865518,20093963,20151018,20091722,20497334,20166278,19787037,19763907,20933129,22176370,19628834,20467666,20002518,19886407,19749037,20067500,19978555,20109037,20042630
raspberrypi 23:29:40.898 [main] INFO  edu.bjut.homo.myMain - meter_8592657941720351049:reg,reg_response
raspberrypi 23:29:40.898 [main] INFO  edu.bjut.homo.myMain - meter_8592657941720351049:199926,197685
raspberrypi 23:29:40.898 [main] INFO  edu.bjut.homo.myMain - meter_5875690944895821065:reg,reg_response
raspberrypi 23:29:40.899 [main] INFO  edu.bjut.homo.myMain - meter_5875690944895821065:51314,288556
raspberrypi 23:29:40.899 [main] INFO  edu.bjut.homo.myMain - meter_2031298910339579197:reg,reg_response
raspberrypi 23:29:40.900 [main] INFO  edu.bjut.homo.myMain - meter_2031298910339579197:85667,239908
raspberrypi 23:29:40.901 [main] INFO  edu.bjut.homo.myMain - meter_6990681577553146575:reg,reg_response
raspberrypi 23:29:40.901 [main] INFO  edu.bjut.homo.myMain - meter_6990681577553146575:87741,440185
raspberrypi 23:29:40.901 [main] INFO  edu.bjut.homo.myMain - meter_517754933002738233:reg,reg_response
raspberrypi 23:29:40.902 [main] INFO  edu.bjut.homo.myMain - meter_517754933002738233:54092,313667
raspberrypi 23:29:40.902 [main] INFO  edu.bjut.homo.myMain - meter_7311797236278058645:reg,reg_response
raspberrypi 23:29:40.903 [main] INFO  edu.bjut.homo.myMain - meter_7311797236278058645:50666,148185
raspberrypi 23:29:40.903 [main] INFO  edu.bjut.homo.myMain - meter_3537169710795399147:reg,reg_response
raspberrypi 23:29:40.904 [main] INFO  edu.bjut.homo.myMain - meter_3537169710795399147:42333,129203
raspberrypi 23:29:40.904 [main] INFO  edu.bjut.homo.myMain - meter_3323552033398081781:reg,reg_response
raspberrypi 23:29:40.904 [main] INFO  edu.bjut.homo.myMain - meter_3323552033398081781:42389,134574
raspberrypi 23:29:40.905 [main] INFO  edu.bjut.homo.myMain - meter_2194228593445747759:reg,reg_response
raspberrypi 23:29:40.905 [main] INFO  edu.bjut.homo.myMain - meter_2194228593445747759:38408,142944
raspberrypi 23:29:40.906 [main] INFO  edu.bjut.homo.myMain - meter_4440552081331530991:reg,reg_response
raspberrypi 23:29:40.906 [main] INFO  edu.bjut.homo.myMain - meter_4440552081331530991:39500,125722
raspberrypi 23:29:40.907 [main] INFO  edu.bjut.homo.myMain - meter_8747737194969315111:reg,reg_response
raspberrypi 23:29:40.907 [main] INFO  edu.bjut.homo.myMain - meter_8747737194969315111:39482,127519
raspberrypi 23:29:40.908 [main] INFO  edu.bjut.homo.myMain - meter_5378572635979066231:reg,reg_response
raspberrypi 23:29:40.908 [main] INFO  edu.bjut.homo.myMain - meter_5378572635979066231:38963,132518
raspberrypi 23:29:40.909 [main] INFO  edu.bjut.homo.myMain - meter_8312526048044687731:reg,reg_response
raspberrypi 23:29:40.909 [main] INFO  edu.bjut.homo.myMain - meter_8312526048044687731:38963,127500
raspberrypi 23:29:40.909 [main] INFO  edu.bjut.homo.myMain - meter_1600570559218199801:reg,reg_response
raspberrypi 23:29:40.910 [main] INFO  edu.bjut.homo.myMain - meter_1600570559218199801:38852,127148
raspberrypi 23:29:40.910 [main] INFO  edu.bjut.homo.myMain - meter_6358507925800400227:reg,reg_response
raspberrypi 23:29:40.910 [main] INFO  edu.bjut.homo.myMain - meter_6358507925800400227:38389,143371
raspberrypi 23:29:40.910 [main] INFO  edu.bjut.homo.myMain - meter_7133609726183284457:reg,reg_response
raspberrypi 23:29:40.911 [main] INFO  edu.bjut.homo.myMain - meter_7133609726183284457:38223,216555
raspberrypi 23:29:40.911 [main] INFO  edu.bjut.homo.myMain - meter_4373079549154354465:reg,reg_response
raspberrypi 23:29:40.911 [main] INFO  edu.bjut.homo.myMain - meter_4373079549154354465:44148,130926
raspberrypi 23:29:40.912 [main] INFO  edu.bjut.homo.myMain - meter_5871399386381768549:reg,reg_response
raspberrypi 23:29:40.912 [main] INFO  edu.bjut.homo.myMain - meter_5871399386381768549:39611,125518
raspberrypi 23:29:40.912 [main] INFO  edu.bjut.homo.myMain - meter_3944349680172548647:reg,reg_response
raspberrypi 23:29:40.913 [main] INFO  edu.bjut.homo.myMain - meter_3944349680172548647:39574,141259
raspberrypi 23:29:40.913 [main] INFO  edu.bjut.homo.myMain - meter_6778946136236697721:reg,reg_response
raspberrypi 23:29:40.913 [main] INFO  edu.bjut.homo.myMain - meter_6778946136236697721:38611,132241
raspberrypi 23:29:40.914 [main] INFO  edu.bjut.homo.myMain - meter_1286522085601167783:reg,reg_response
raspberrypi 23:29:40.914 [main] INFO  edu.bjut.homo.myMain - meter_1286522085601167783:39074,134149
raspberrypi 23:29:40.914 [main] INFO  edu.bjut.homo.myMain - meter_4168418347149513869:reg,reg_response
raspberrypi 23:29:40.915 [main] INFO  edu.bjut.homo.myMain - meter_4168418347149513869:40222,137574
raspberrypi 23:29:40.915 [main] INFO  edu.bjut.homo.myMain - meter_1874996274574745699:reg,reg_response
raspberrypi 23:29:40.915 [main] INFO  edu.bjut.homo.myMain - meter_1874996274574745699:51240,125111
raspberrypi 23:29:40.916 [main] INFO  edu.bjut.homo.myMain - meter_6299528272963810167:reg,reg_response
raspberrypi 23:29:40.916 [main] INFO  edu.bjut.homo.myMain - meter_6299528272963810167:39203,127667
raspberrypi 23:29:40.917 [main] INFO  edu.bjut.homo.myMain - meter_3154432385262271411:reg,reg_response
raspberrypi 23:29:40.917 [main] INFO  edu.bjut.homo.myMain - meter_3154432385262271411:39166,126315
raspberrypi 23:29:40.917 [main] INFO  edu.bjut.homo.myMain - meter_3463082159630030007:reg,reg_response
raspberrypi 23:29:40.918 [main] INFO  edu.bjut.homo.myMain - meter_3463082159630030007:39074,214482
raspberrypi 23:29:40.918 [main] INFO  edu.bjut.homo.myMain - meter_2810884597464311165:reg,reg_response
raspberrypi 23:29:40.918 [main] INFO  edu.bjut.homo.myMain - meter_2810884597464311165:45204,260037
raspberrypi 23:29:40.919 [main] INFO  edu.bjut.homo.myMain - meter_3779861644120126573:reg,reg_response
raspberrypi 23:29:40.919 [main] INFO  edu.bjut.homo.myMain - meter_3779861644120126573:47259,125241
raspberrypi 23:29:40.919 [main] INFO  edu.bjut.homo.myMain - meter_4501824814837501193:reg,reg_response
raspberrypi 23:29:40.920 [main] INFO  edu.bjut.homo.myMain - meter_4501824814837501193:40000,122222
raspberrypi 23:29:40.920 [main] INFO  edu.bjut.homo.myMain - meter_7391411756843334829:reg,reg_response
raspberrypi 23:29:40.920 [main] INFO  edu.bjut.homo.myMain - meter_7391411756843334829:39556,118093
raspberrypi 23:29:40.920 [main] INFO  edu.bjut.homo.myMain - meter_2626064081024224109:reg,reg_response
raspberrypi 23:29:40.921 [main] INFO  edu.bjut.homo.myMain - meter_2626064081024224109:38740,138352
raspberrypi 23:29:40.921 [main] INFO  edu.bjut.homo.myMain - meter_510980156008055265:reg,reg_response
raspberrypi 23:29:40.921 [main] INFO  edu.bjut.homo.myMain - meter_510980156008055265:38759,251574
raspberrypi 23:29:40.921 [main] INFO  edu.bjut.homo.myMain - meter_5400755873148055493:reg,reg_response
raspberrypi 23:29:40.922 [main] INFO  edu.bjut.homo.myMain - meter_5400755873148055493:45222,132574
raspberrypi 23:29:40.922 [main] INFO  edu.bjut.homo.myMain - meter_4543898212800935267:reg,reg_response
raspberrypi 23:29:40.922 [main] INFO  edu.bjut.homo.myMain - meter_4543898212800935267:42333,184963
raspberrypi 23:29:40.922 [main] INFO  edu.bjut.homo.myMain - meter_2163754788653141527:reg,reg_response
raspberrypi 23:29:40.922 [main] INFO  edu.bjut.homo.myMain - meter_2163754788653141527:99000,132537
raspberrypi 23:29:40.922 [main] INFO  edu.bjut.homo.myMain - meter_1146069142977001449:reg,reg_response
raspberrypi 23:29:40.923 [main] INFO  edu.bjut.homo.myMain - meter_1146069142977001449:272518,265834
raspberrypi 23:29:40.923 [main] INFO  edu.bjut.homo.myMain - meter_4132386089379330403:reg,reg_response
raspberrypi 23:29:40.923 [main] INFO  edu.bjut.homo.myMain - meter_4132386089379330403:35074,199019
raspberrypi 23:29:40.923 [main] INFO  edu.bjut.homo.myMain - meter_2782701682924473915:reg,reg_response
raspberrypi 23:29:40.923 [main] INFO  edu.bjut.homo.myMain - meter_2782701682924473915:35518,113185
raspberrypi 23:29:40.923 [main] INFO  edu.bjut.homo.myMain - meter_7536940465229404605:reg,reg_response
raspberrypi 23:29:40.923 [main] INFO  edu.bjut.homo.myMain - meter_7536940465229404605:31371,113186
raspberrypi 23:29:40.923 [main] INFO  edu.bjut.homo.myMain - meter_6380849821464124231:reg,reg_response
raspberrypi 23:29:40.924 [main] INFO  edu.bjut.homo.myMain - meter_6380849821464124231:31981,116148
raspberrypi 23:29:40.924 [main] INFO  edu.bjut.homo.myMain - meter_3104558028410110163:reg,reg_response
raspberrypi 23:29:40.924 [main] INFO  edu.bjut.homo.myMain - meter_3104558028410110163:32204,111870
raspberrypi 23:29:40.924 [main] INFO  edu.bjut.homo.myMain - meter_5646848027894162587:reg,reg_response
raspberrypi 23:29:40.924 [main] INFO  edu.bjut.homo.myMain - meter_5646848027894162587:31907,122352
raspberrypi 23:29:40.924 [main] INFO  edu.bjut.homo.myMain - meter_5776235738782634905:reg,reg_response
raspberrypi 23:29:40.924 [main] INFO  edu.bjut.homo.myMain - meter_5776235738782634905:30981,125296
raspberrypi 23:29:40.925 [main] INFO  edu.bjut.homo.myMain - meter_2471278335400083055:reg,reg_response
raspberrypi 23:29:40.925 [main] INFO  edu.bjut.homo.myMain - meter_2471278335400083055:31667,175315
raspberrypi 23:29:40.925 [main] INFO  edu.bjut.homo.myMain - meter_3656032390487422585:reg,reg_response
raspberrypi 23:29:40.925 [main] INFO  edu.bjut.homo.myMain - meter_3656032390487422585:33037,364574
raspberrypi 23:29:40.926 [main] INFO  edu.bjut.homo.myMain - meter_4377995561221573119:reg,reg_response
raspberrypi 23:29:40.926 [main] INFO  edu.bjut.homo.myMain - meter_4377995561221573119:31611,109537
raspberrypi 23:29:40.926 [main] INFO  edu.bjut.homo.myMain - meter_7246041706968842007:reg,reg_response
raspberrypi 23:29:40.926 [main] INFO  edu.bjut.homo.myMain - meter_7246041706968842007:31538,103981
raspberrypi 23:29:40.926 [main] INFO  edu.bjut.homo.myMain - meter_2185936930605404491:reg,reg_response
raspberrypi 23:29:40.927 [main] INFO  edu.bjut.homo.myMain - meter_2185936930605404491:30370,165944
raspberrypi 23:29:40.927 [main] INFO  edu.bjut.homo.myMain - meter_4186450838233353923:reg,reg_response
raspberrypi 23:29:40.927 [main] INFO  edu.bjut.homo.myMain - meter_4186450838233353923:36092,204408
raspberrypi 23:29:40.928 [main] INFO  edu.bjut.homo.myMain - meter_6698999570231448481:reg,reg_response
raspberrypi 23:29:40.928 [main] INFO  edu.bjut.homo.myMain - meter_6698999570231448481:37815,169074
raspberrypi 23:29:40.929 [main] INFO  edu.bjut.homo.myMain - oneTimeMeterRepTime
raspberrypi 23:29:43.068 [main] INFO  edu.bjut.homo.myMain - agg:resp_agg
raspberrypi 23:29:43.068 [main] INFO  edu.bjut.homo.myMain - agg:762664296
raspberrypi 23:29:43.069 [main] INFO  edu.bjut.homo.myMain - server:report_res
raspberrypi 23:29:43.069 [main] INFO  edu.bjut.homo.myMain - server:38364203
raspberrypi 23:29:43.069 [main] INFO  edu.bjut.homo.myMain - meter_8592657941720351049:report
raspberrypi 23:29:43.069 [main] INFO  edu.bjut.homo.myMain - meter_8592657941720351049:27415222
raspberrypi 23:29:43.069 [main] INFO  edu.bjut.homo.myMain - meter_5875690944895821065:report
raspberrypi 23:29:43.069 [main] INFO  edu.bjut.homo.myMain - meter_5875690944895821065:27062704
raspberrypi 23:29:43.070 [main] INFO  edu.bjut.homo.myMain - meter_2031298910339579197:report
raspberrypi 23:29:43.070 [main] INFO  edu.bjut.homo.myMain - meter_2031298910339579197:27235889
raspberrypi 23:29:43.070 [main] INFO  edu.bjut.homo.myMain - meter_6990681577553146575:report
raspberrypi 23:29:43.070 [main] INFO  edu.bjut.homo.myMain - meter_6990681577553146575:28558334
raspberrypi 23:29:43.070 [main] INFO  edu.bjut.homo.myMain - meter_517754933002738233:report
raspberrypi 23:29:43.070 [main] INFO  edu.bjut.homo.myMain - meter_517754933002738233:30027445
raspberrypi 23:29:43.070 [main] INFO  edu.bjut.homo.myMain - meter_7311797236278058645:report
raspberrypi 23:29:43.070 [main] INFO  edu.bjut.homo.myMain - meter_7311797236278058645:27224685
raspberrypi 23:29:43.071 [main] INFO  edu.bjut.homo.myMain - meter_3537169710795399147:report
raspberrypi 23:29:43.071 [main] INFO  edu.bjut.homo.myMain - meter_3537169710795399147:26947334
raspberrypi 23:29:43.071 [main] INFO  edu.bjut.homo.myMain - meter_3323552033398081781:report
raspberrypi 23:29:43.071 [main] INFO  edu.bjut.homo.myMain - meter_3323552033398081781:26342759
raspberrypi 23:29:43.071 [main] INFO  edu.bjut.homo.myMain - meter_2194228593445747759:report
raspberrypi 23:29:43.071 [main] INFO  edu.bjut.homo.myMain - meter_2194228593445747759:25992759
raspberrypi 23:29:43.071 [main] INFO  edu.bjut.homo.myMain - meter_4440552081331530991:report
raspberrypi 23:29:43.071 [main] INFO  edu.bjut.homo.myMain - meter_4440552081331530991:26302870
raspberrypi 23:29:43.071 [main] INFO  edu.bjut.homo.myMain - meter_8747737194969315111:report
raspberrypi 23:29:43.071 [main] INFO  edu.bjut.homo.myMain - meter_8747737194969315111:26264889
raspberrypi 23:29:43.072 [main] INFO  edu.bjut.homo.myMain - meter_5378572635979066231:report
raspberrypi 23:29:43.072 [main] INFO  edu.bjut.homo.myMain - meter_5378572635979066231:26209537
raspberrypi 23:29:43.072 [main] INFO  edu.bjut.homo.myMain - meter_8312526048044687731:report
raspberrypi 23:29:43.072 [main] INFO  edu.bjut.homo.myMain - meter_8312526048044687731:25997111
raspberrypi 23:29:43.072 [main] INFO  edu.bjut.homo.myMain - meter_1600570559218199801:report
raspberrypi 23:29:43.072 [main] INFO  edu.bjut.homo.myMain - meter_1600570559218199801:27912982
raspberrypi 23:29:43.072 [main] INFO  edu.bjut.homo.myMain - meter_6358507925800400227:report
raspberrypi 23:29:43.072 [main] INFO  edu.bjut.homo.myMain - meter_6358507925800400227:26106629
raspberrypi 23:29:43.072 [main] INFO  edu.bjut.homo.myMain - meter_7133609726183284457:report
raspberrypi 23:29:43.073 [main] INFO  edu.bjut.homo.myMain - meter_7133609726183284457:26116241
raspberrypi 23:29:43.073 [main] INFO  edu.bjut.homo.myMain - meter_4373079549154354465:report
raspberrypi 23:29:43.073 [main] INFO  edu.bjut.homo.myMain - meter_4373079549154354465:26093074
raspberrypi 23:29:43.073 [main] INFO  edu.bjut.homo.myMain - meter_5871399386381768549:report
raspberrypi 23:29:43.073 [main] INFO  edu.bjut.homo.myMain - meter_5871399386381768549:26065723
raspberrypi 23:29:43.073 [main] INFO  edu.bjut.homo.myMain - meter_3944349680172548647:report
raspberrypi 23:29:43.073 [main] INFO  edu.bjut.homo.myMain - meter_3944349680172548647:26150000
raspberrypi 23:29:43.073 [main] INFO  edu.bjut.homo.myMain - meter_6778946136236697721:report
raspberrypi 23:29:43.073 [main] INFO  edu.bjut.homo.myMain - meter_6778946136236697721:26192797
raspberrypi 23:29:43.073 [main] INFO  edu.bjut.homo.myMain - meter_1286522085601167783:report
raspberrypi 23:29:43.073 [main] INFO  edu.bjut.homo.myMain - meter_1286522085601167783:26113333
raspberrypi 23:29:43.074 [main] INFO  edu.bjut.homo.myMain - meter_4168418347149513869:report
raspberrypi 23:29:43.074 [main] INFO  edu.bjut.homo.myMain - meter_4168418347149513869:28326000
raspberrypi 23:29:43.074 [main] INFO  edu.bjut.homo.myMain - meter_1874996274574745699:report
raspberrypi 23:29:43.074 [main] INFO  edu.bjut.homo.myMain - meter_1874996274574745699:26192907
raspberrypi 23:29:43.074 [main] INFO  edu.bjut.homo.myMain - meter_6299528272963810167:report
raspberrypi 23:29:43.074 [main] INFO  edu.bjut.homo.myMain - meter_6299528272963810167:26018834
raspberrypi 23:29:43.074 [main] INFO  edu.bjut.homo.myMain - meter_3154432385262271411:report
raspberrypi 23:29:43.074 [main] INFO  edu.bjut.homo.myMain - meter_3154432385262271411:26134593
raspberrypi 23:29:43.074 [main] INFO  edu.bjut.homo.myMain - meter_3463082159630030007:report
raspberrypi 23:29:43.075 [main] INFO  edu.bjut.homo.myMain - meter_3463082159630030007:26024555
raspberrypi 23:29:43.075 [main] INFO  edu.bjut.homo.myMain - meter_2810884597464311165:report
raspberrypi 23:29:43.075 [main] INFO  edu.bjut.homo.myMain - meter_2810884597464311165:26083704
raspberrypi 23:29:43.075 [main] INFO  edu.bjut.homo.myMain - meter_3779861644120126573:report
raspberrypi 23:29:43.075 [main] INFO  edu.bjut.homo.myMain - meter_3779861644120126573:26149648
raspberrypi 23:29:43.075 [main] INFO  edu.bjut.homo.myMain - meter_4501824814837501193:report
raspberrypi 23:29:43.075 [main] INFO  edu.bjut.homo.myMain - meter_4501824814837501193:26139111
raspberrypi 23:29:43.075 [main] INFO  edu.bjut.homo.myMain - meter_7391411756843334829:report
raspberrypi 23:29:43.075 [main] INFO  edu.bjut.homo.myMain - meter_7391411756843334829:26081426
raspberrypi 23:29:43.076 [main] INFO  edu.bjut.homo.myMain - meter_2626064081024224109:report
raspberrypi 23:29:43.076 [main] INFO  edu.bjut.homo.myMain - meter_2626064081024224109:27942240
raspberrypi 23:29:43.076 [main] INFO  edu.bjut.homo.myMain - meter_510980156008055265:report
raspberrypi 23:29:43.076 [main] INFO  edu.bjut.homo.myMain - meter_510980156008055265:26137963
raspberrypi 23:29:43.076 [main] INFO  edu.bjut.homo.myMain - meter_5400755873148055493:report
raspberrypi 23:29:43.076 [main] INFO  edu.bjut.homo.myMain - meter_5400755873148055493:26079574
raspberrypi 23:29:43.076 [main] INFO  edu.bjut.homo.myMain - meter_4543898212800935267:report
raspberrypi 23:29:43.076 [main] INFO  edu.bjut.homo.myMain - meter_4543898212800935267:26143408
raspberrypi 23:29:43.076 [main] INFO  edu.bjut.homo.myMain - meter_2163754788653141527:report
raspberrypi 23:29:43.076 [main] INFO  edu.bjut.homo.myMain - meter_2163754788653141527:26154648
raspberrypi 23:29:43.076 [main] INFO  edu.bjut.homo.myMain - meter_1146069142977001449:report
raspberrypi 23:29:43.077 [main] INFO  edu.bjut.homo.myMain - meter_1146069142977001449:26123777
raspberrypi 23:29:43.077 [main] INFO  edu.bjut.homo.myMain - meter_4132386089379330403:report
raspberrypi 23:29:43.077 [main] INFO  edu.bjut.homo.myMain - meter_4132386089379330403:26541685
raspberrypi 23:29:43.077 [main] INFO  edu.bjut.homo.myMain - meter_2782701682924473915:report
raspberrypi 23:29:43.077 [main] INFO  edu.bjut.homo.myMain - meter_2782701682924473915:27181481
raspberrypi 23:29:43.077 [main] INFO  edu.bjut.homo.myMain - meter_7536940465229404605:report
raspberrypi 23:29:43.077 [main] INFO  edu.bjut.homo.myMain - meter_7536940465229404605:28152371
raspberrypi 23:29:43.077 [main] INFO  edu.bjut.homo.myMain - meter_6380849821464124231:report
raspberrypi 23:29:43.077 [main] INFO  edu.bjut.homo.myMain - meter_6380849821464124231:26025519
raspberrypi 23:29:43.077 [main] INFO  edu.bjut.homo.myMain - meter_3104558028410110163:report
raspberrypi 23:29:43.078 [main] INFO  edu.bjut.homo.myMain - meter_3104558028410110163:26299926
raspberrypi 23:29:43.078 [main] INFO  edu.bjut.homo.myMain - meter_5646848027894162587:report
raspberrypi 23:29:43.078 [main] INFO  edu.bjut.homo.myMain - meter_5646848027894162587:26382389
raspberrypi 23:29:43.078 [main] INFO  edu.bjut.homo.myMain - meter_5776235738782634905:report
raspberrypi 23:29:43.078 [main] INFO  edu.bjut.homo.myMain - meter_5776235738782634905:27149630
raspberrypi 23:29:43.078 [main] INFO  edu.bjut.homo.myMain - meter_2471278335400083055:report
raspberrypi 23:29:43.078 [main] INFO  edu.bjut.homo.myMain - meter_2471278335400083055:27278945
raspberrypi 23:29:43.078 [main] INFO  edu.bjut.homo.myMain - meter_3656032390487422585:report
raspberrypi 23:29:43.078 [main] INFO  edu.bjut.homo.myMain - meter_3656032390487422585:26779130
raspberrypi 23:29:43.078 [main] INFO  edu.bjut.homo.myMain - meter_4377995561221573119:report
raspberrypi 23:29:43.078 [main] INFO  edu.bjut.homo.myMain - meter_4377995561221573119:27228222
raspberrypi 23:29:43.078 [main] INFO  edu.bjut.homo.myMain - meter_7246041706968842007:report
raspberrypi 23:29:43.079 [main] INFO  edu.bjut.homo.myMain - meter_7246041706968842007:29490852
raspberrypi 23:29:43.079 [main] INFO  edu.bjut.homo.myMain - meter_2185936930605404491:report
raspberrypi 23:29:43.079 [main] INFO  edu.bjut.homo.myMain - meter_2185936930605404491:26655259
raspberrypi 23:29:43.079 [main] INFO  edu.bjut.homo.myMain - meter_4186450838233353923:report
raspberrypi 23:29:43.079 [main] INFO  edu.bjut.homo.myMain - meter_4186450838233353923:26443592
raspberrypi 23:29:43.079 [main] INFO  edu.bjut.homo.myMain - meter_6698999570231448481:report
raspberrypi 23:29:43.079 [main] INFO  edu.bjut.homo.myMain - meter_6698999570231448481:26223630
raspberrypi 23:29:50.294 [main] INFO  edu.bjut.homo.myMain - meterRegTime
raspberrypi 23:29:51.096 [main] INFO  edu.bjut.homo.myMain - kgc:reg_response,reg_response,reg_response,reg_response,reg_response,reg_response,reg_response,reg_response,reg_response,reg_response,reg_response,reg_response,reg_response,reg_response,reg_response,reg_response,reg_response,reg_response,reg_response,reg_response,reg_response,reg_response,reg_response,reg_response,reg_response,reg_response,reg_response,reg_response,reg_response,reg_response,reg_response,reg_response,reg_response,reg_response,reg_response,reg_response,reg_response,reg_response,reg_response,reg_response
raspberrypi 23:29:51.097 [main] INFO  edu.bjut.homo.myMain - kgc:19684778,19722908,19718704,19881740,20849833,19758352,20485074,19704074,19764500,19682852,19506334,19967222,19759055,20297870,20163981,19676352,19923037,19602555,19680797,19587778,20010037,19563630,19526963,19615296,19638852,19831093,21461056,19725315,19706834,19591500,19614760,19672815,19805888,19968148,19800093,20219222,19601296,19751963,20126907,19772797
raspberrypi 23:29:51.097 [main] INFO  edu.bjut.homo.myMain - meter_610466845698976089:reg,reg_response
raspberrypi 23:29:51.097 [main] INFO  edu.bjut.homo.myMain - meter_610466845698976089:137093,103093
raspberrypi 23:29:51.097 [main] INFO  edu.bjut.homo.myMain - meter_4500149270480198129:reg,reg_response
raspberrypi 23:29:51.097 [main] INFO  edu.bjut.homo.myMain - meter_4500149270480198129:32037,93463
raspberrypi 23:29:51.097 [main] INFO  edu.bjut.homo.myMain - meter_2078397495028563671:reg,reg_response
raspberrypi 23:29:51.097 [main] INFO  edu.bjut.homo.myMain - meter_2078397495028563671:32593,101333
raspberrypi 23:29:51.097 [main] INFO  edu.bjut.homo.myMain - meter_9025403378035843719:reg,reg_response
raspberrypi 23:29:51.098 [main] INFO  edu.bjut.homo.myMain - meter_9025403378035843719:31000,101445
raspberrypi 23:29:51.098 [main] INFO  edu.bjut.homo.myMain - meter_6034628536116738355:reg,reg_response
raspberrypi 23:29:51.098 [main] INFO  edu.bjut.homo.myMain - meter_6034628536116738355:44593,99722
raspberrypi 23:29:51.098 [main] INFO  edu.bjut.homo.myMain - meter_20159895891131431:reg,reg_response
raspberrypi 23:29:51.098 [main] INFO  edu.bjut.homo.myMain - meter_20159895891131431:31908,100778
raspberrypi 23:29:51.098 [main] INFO  edu.bjut.homo.myMain - meter_761705748349951899:reg,reg_response
raspberrypi 23:29:51.098 [main] INFO  edu.bjut.homo.myMain - meter_761705748349951899:31166,205926
raspberrypi 23:29:51.098 [main] INFO  edu.bjut.homo.myMain - meter_5186237746722238911:reg,reg_response
raspberrypi 23:29:51.098 [main] INFO  edu.bjut.homo.myMain - meter_5186237746722238911:37871,146167
raspberrypi 23:29:51.098 [main] INFO  edu.bjut.homo.myMain - meter_1870214012125852253:reg,reg_response
raspberrypi 23:29:51.099 [main] INFO  edu.bjut.homo.myMain - meter_1870214012125852253:31352,95648
raspberrypi 23:29:51.099 [main] INFO  edu.bjut.homo.myMain - meter_1081728233489626847:reg,reg_response
raspberrypi 23:29:51.099 [main] INFO  edu.bjut.homo.myMain - meter_1081728233489626847:31333,95352
raspberrypi 23:29:51.099 [main] INFO  edu.bjut.homo.myMain - meter_6748740173187091305:reg,reg_response
raspberrypi 23:29:51.099 [main] INFO  edu.bjut.homo.myMain - meter_6748740173187091305:32037,172037
raspberrypi 23:29:51.099 [main] INFO  edu.bjut.homo.myMain - meter_4572848210228600511:reg,reg_response
raspberrypi 23:29:51.099 [main] INFO  edu.bjut.homo.myMain - meter_4572848210228600511:37667,93185
raspberrypi 23:29:51.099 [main] INFO  edu.bjut.homo.myMain - meter_534862408687816093:reg,reg_response
raspberrypi 23:29:51.099 [main] INFO  edu.bjut.homo.myMain - meter_534862408687816093:30740,97296
raspberrypi 23:29:51.099 [main] INFO  edu.bjut.homo.myMain - meter_6923698649782403349:reg,reg_response
raspberrypi 23:29:51.099 [main] INFO  edu.bjut.homo.myMain - meter_6923698649782403349:32278,188630
raspberrypi 23:29:51.099 [main] INFO  edu.bjut.homo.myMain - meter_4657227001573834449:reg,reg_response
raspberrypi 23:29:51.099 [main] INFO  edu.bjut.homo.myMain - meter_4657227001573834449:39130,193833
raspberrypi 23:29:51.100 [main] INFO  edu.bjut.homo.myMain - meter_4473050025555667435:reg,reg_response
raspberrypi 23:29:51.100 [main] INFO  edu.bjut.homo.myMain - meter_4473050025555667435:46741,211796
raspberrypi 23:29:51.100 [main] INFO  edu.bjut.homo.myMain - meter_3405025323185658133:reg,reg_response
raspberrypi 23:29:51.100 [main] INFO  edu.bjut.homo.myMain - meter_3405025323185658133:40833,91944
raspberrypi 23:29:51.100 [main] INFO  edu.bjut.homo.myMain - meter_3419974567314602351:reg,reg_response
raspberrypi 23:29:51.100 [main] INFO  edu.bjut.homo.myMain - meter_3419974567314602351:32611,98852
raspberrypi 23:29:51.100 [main] INFO  edu.bjut.homo.myMain - meter_1514932890145382205:reg,reg_response
raspberrypi 23:29:51.100 [main] INFO  edu.bjut.homo.myMain - meter_1514932890145382205:32037,86296
raspberrypi 23:29:51.100 [main] INFO  edu.bjut.homo.myMain - meter_5807785196454671489:reg,reg_response
raspberrypi 23:29:51.100 [main] INFO  edu.bjut.homo.myMain - meter_5807785196454671489:31148,102296
raspberrypi 23:29:51.100 [main] INFO  edu.bjut.homo.myMain - meter_5595890001426694281:reg,reg_response
raspberrypi 23:29:51.101 [main] INFO  edu.bjut.homo.myMain - meter_5595890001426694281:31945,86167
raspberrypi 23:29:51.101 [main] INFO  edu.bjut.homo.myMain - meter_2701980017312231279:reg,reg_response
raspberrypi 23:29:51.101 [main] INFO  edu.bjut.homo.myMain - meter_2701980017312231279:32685,86315
raspberrypi 23:29:51.101 [main] INFO  edu.bjut.homo.myMain - meter_176314810592550545:reg,reg_response
raspberrypi 23:29:51.101 [main] INFO  edu.bjut.homo.myMain - meter_176314810592550545:30925,89648
raspberrypi 23:29:51.101 [main] INFO  edu.bjut.homo.myMain - meter_1457182090736171497:reg,reg_response
raspberrypi 23:29:51.101 [main] INFO  edu.bjut.homo.myMain - meter_1457182090736171497:31297,87611
raspberrypi 23:29:51.102 [main] INFO  edu.bjut.homo.myMain - meter_4323154621838798735:reg,reg_response
raspberrypi 23:29:51.102 [main] INFO  edu.bjut.homo.myMain - meter_4323154621838798735:30389,87648
raspberrypi 23:29:51.102 [main] INFO  edu.bjut.homo.myMain - meter_322943742506370663:reg,reg_response
raspberrypi 23:29:51.102 [main] INFO  edu.bjut.homo.myMain - meter_322943742506370663:31648,88093
raspberrypi 23:29:51.102 [main] INFO  edu.bjut.homo.myMain - meter_7937378236423175603:reg,reg_response
raspberrypi 23:29:51.103 [main] INFO  edu.bjut.homo.myMain - meter_7937378236423175603:32112,93037
raspberrypi 23:29:51.103 [main] INFO  edu.bjut.homo.myMain - meter_2963663857114482499:reg,reg_response
raspberrypi 23:29:51.103 [main] INFO  edu.bjut.homo.myMain - meter_2963663857114482499:31500,129037
raspberrypi 23:29:51.103 [main] INFO  edu.bjut.homo.myMain - meter_4165042696393234033:reg,reg_response
raspberrypi 23:29:51.103 [main] INFO  edu.bjut.homo.myMain - meter_4165042696393234033:30667,90425
raspberrypi 23:29:51.103 [main] INFO  edu.bjut.homo.myMain - meter_2445719443146292973:reg,reg_response
raspberrypi 23:29:51.103 [main] INFO  edu.bjut.homo.myMain - meter_2445719443146292973:32611,89648
raspberrypi 23:29:51.103 [main] INFO  edu.bjut.homo.myMain - meter_971589337668416231:reg,reg_response
raspberrypi 23:29:51.104 [main] INFO  edu.bjut.homo.myMain - meter_971589337668416231:31481,106129
raspberrypi 23:29:51.104 [main] INFO  edu.bjut.homo.myMain - meter_894309352005051861:reg,reg_response
raspberrypi 23:29:51.104 [main] INFO  edu.bjut.homo.myMain - meter_894309352005051861:30759,194426
raspberrypi 23:29:51.104 [main] INFO  edu.bjut.homo.myMain - meter_800821248763286409:reg,reg_response
raspberrypi 23:29:51.104 [main] INFO  edu.bjut.homo.myMain - meter_800821248763286409:41037,146722
raspberrypi 23:29:51.104 [main] INFO  edu.bjut.homo.myMain - meter_6163373801799885875:reg,reg_response
raspberrypi 23:29:51.104 [main] INFO  edu.bjut.homo.myMain - meter_6163373801799885875:31611,94538
raspberrypi 23:29:51.104 [main] INFO  edu.bjut.homo.myMain - meter_7420185446647028111:reg,reg_response
raspberrypi 23:29:51.104 [main] INFO  edu.bjut.homo.myMain - meter_7420185446647028111:31814,87278
raspberrypi 23:29:51.104 [main] INFO  edu.bjut.homo.myMain - meter_408074158026938281:reg,reg_response
raspberrypi 23:29:51.104 [main] INFO  edu.bjut.homo.myMain - meter_408074158026938281:31833,88908
raspberrypi 23:29:51.104 [main] INFO  edu.bjut.homo.myMain - meter_5081498983628732297:reg,reg_response
raspberrypi 23:29:51.105 [main] INFO  edu.bjut.homo.myMain - meter_5081498983628732297:32074,87796
raspberrypi 23:29:51.105 [main] INFO  edu.bjut.homo.myMain - meter_412733261487708959:reg,reg_response
raspberrypi 23:29:51.105 [main] INFO  edu.bjut.homo.myMain - meter_412733261487708959:31500,188166
raspberrypi 23:29:51.105 [main] INFO  edu.bjut.homo.myMain - meter_3841311023478019107:reg,reg_response
raspberrypi 23:29:51.105 [main] INFO  edu.bjut.homo.myMain - meter_3841311023478019107:39278,84667
raspberrypi 23:29:51.105 [main] INFO  edu.bjut.homo.myMain - meter_1868978605551807699:reg,reg_response
raspberrypi 23:29:51.105 [main] INFO  edu.bjut.homo.myMain - meter_1868978605551807699:31722,91093
raspberrypi 23:29:51.106 [main] INFO  edu.bjut.homo.myMain - oneTimeMeterRepTime
raspberrypi 23:29:52.811 [main] INFO  edu.bjut.homo.myMain - agg:resp_agg
raspberrypi 23:29:52.812 [main] INFO  edu.bjut.homo.myMain - agg:613289926
raspberrypi 23:29:52.812 [main] INFO  edu.bjut.homo.myMain - server:report_res
raspberrypi 23:29:52.812 [main] INFO  edu.bjut.homo.myMain - server:38366851
raspberrypi 23:29:52.812 [main] INFO  edu.bjut.homo.myMain - meter_610466845698976089:report
raspberrypi 23:29:52.812 [main] INFO  edu.bjut.homo.myMain - meter_610466845698976089:26194426
raspberrypi 23:29:52.812 [main] INFO  edu.bjut.homo.myMain - meter_4500149270480198129:report
raspberrypi 23:29:52.812 [main] INFO  edu.bjut.homo.myMain - meter_4500149270480198129:26237722
raspberrypi 23:29:52.812 [main] INFO  edu.bjut.homo.myMain - meter_2078397495028563671:report
raspberrypi 23:29:52.812 [main] INFO  edu.bjut.homo.myMain - meter_2078397495028563671:26077574
raspberrypi 23:29:52.812 [main] INFO  edu.bjut.homo.myMain - meter_9025403378035843719:report
raspberrypi 23:29:52.812 [main] INFO  edu.bjut.homo.myMain - meter_9025403378035843719:27461574
raspberrypi 23:29:52.812 [main] INFO  edu.bjut.homo.myMain - meter_6034628536116738355:report
raspberrypi 23:29:52.812 [main] INFO  edu.bjut.homo.myMain - meter_6034628536116738355:26029204
raspberrypi 23:29:52.813 [main] INFO  edu.bjut.homo.myMain - meter_20159895891131431:report
raspberrypi 23:29:52.813 [main] INFO  edu.bjut.homo.myMain - meter_20159895891131431:26177574
raspberrypi 23:29:52.813 [main] INFO  edu.bjut.homo.myMain - meter_761705748349951899:report
raspberrypi 23:29:52.813 [main] INFO  edu.bjut.homo.myMain - meter_761705748349951899:26059870
raspberrypi 23:29:52.813 [main] INFO  edu.bjut.homo.myMain - meter_5186237746722238911:report
raspberrypi 23:29:52.813 [main] INFO  edu.bjut.homo.myMain - meter_5186237746722238911:26002555
raspberrypi 23:29:52.813 [main] INFO  edu.bjut.homo.myMain - meter_1870214012125852253:report
raspberrypi 23:29:52.813 [main] INFO  edu.bjut.homo.myMain - meter_1870214012125852253:26110037
raspberrypi 23:29:52.813 [main] INFO  edu.bjut.homo.myMain - meter_1081728233489626847:report
raspberrypi 23:29:52.813 [main] INFO  edu.bjut.homo.myMain - meter_1081728233489626847:26081778
raspberrypi 23:29:52.813 [main] INFO  edu.bjut.homo.myMain - meter_6748740173187091305:report
raspberrypi 23:29:52.813 [main] INFO  edu.bjut.homo.myMain - meter_6748740173187091305:26104444
raspberrypi 23:29:52.813 [main] INFO  edu.bjut.homo.myMain - meter_4572848210228600511:report
raspberrypi 23:29:52.813 [main] INFO  edu.bjut.homo.myMain - meter_4572848210228600511:27402463
raspberrypi 23:29:52.813 [main] INFO  edu.bjut.homo.myMain - meter_534862408687816093:report
raspberrypi 23:29:52.813 [main] INFO  edu.bjut.homo.myMain - meter_534862408687816093:26300704
raspberrypi 23:29:52.814 [main] INFO  edu.bjut.homo.myMain - meter_6923698649782403349:report
raspberrypi 23:29:52.814 [main] INFO  edu.bjut.homo.myMain - meter_6923698649782403349:26085463
raspberrypi 23:29:52.814 [main] INFO  edu.bjut.homo.myMain - meter_4657227001573834449:report
raspberrypi 23:29:52.814 [main] INFO  edu.bjut.homo.myMain - meter_4657227001573834449:26048426
raspberrypi 23:29:52.814 [main] INFO  edu.bjut.homo.myMain - meter_4473050025555667435:report
raspberrypi 23:29:52.814 [main] INFO  edu.bjut.homo.myMain - meter_4473050025555667435:25989389
raspberrypi 23:29:52.814 [main] INFO  edu.bjut.homo.myMain - meter_3405025323185658133:report
raspberrypi 23:29:52.814 [main] INFO  edu.bjut.homo.myMain - meter_3405025323185658133:26097278
raspberrypi 23:29:52.814 [main] INFO  edu.bjut.homo.myMain - meter_3419974567314602351:report
raspberrypi 23:29:52.814 [main] INFO  edu.bjut.homo.myMain - meter_3419974567314602351:26094667
raspberrypi 23:29:52.814 [main] INFO  edu.bjut.homo.myMain - meter_1514932890145382205:report
raspberrypi 23:29:52.814 [main] INFO  edu.bjut.homo.myMain - meter_1514932890145382205:26072296
raspberrypi 23:29:52.814 [main] INFO  edu.bjut.homo.myMain - meter_5807785196454671489:report
raspberrypi 23:29:52.814 [main] INFO  edu.bjut.homo.myMain - meter_5807785196454671489:27281093
raspberrypi 23:29:52.814 [main] INFO  edu.bjut.homo.myMain - meter_5595890001426694281:report
raspberrypi 23:29:52.815 [main] INFO  edu.bjut.homo.myMain - meter_5595890001426694281:26004555
raspberrypi 23:29:52.815 [main] INFO  edu.bjut.homo.myMain - meter_2701980017312231279:report
raspberrypi 23:29:52.815 [main] INFO  edu.bjut.homo.myMain - meter_2701980017312231279:26131037
raspberrypi 23:29:52.815 [main] INFO  edu.bjut.homo.myMain - meter_176314810592550545:report
raspberrypi 23:29:52.815 [main] INFO  edu.bjut.homo.myMain - meter_176314810592550545:26141037
raspberrypi 23:29:52.815 [main] INFO  edu.bjut.homo.myMain - meter_1457182090736171497:report
raspberrypi 23:29:52.815 [main] INFO  edu.bjut.homo.myMain - meter_1457182090736171497:26046037
raspberrypi 23:29:52.815 [main] INFO  edu.bjut.homo.myMain - meter_4323154621838798735:report
raspberrypi 23:29:52.815 [main] INFO  edu.bjut.homo.myMain - meter_4323154621838798735:26117907
raspberrypi 23:29:52.815 [main] INFO  edu.bjut.homo.myMain - meter_322943742506370663:report
raspberrypi 23:29:52.815 [main] INFO  edu.bjut.homo.myMain - meter_322943742506370663:26127685
raspberrypi 23:29:52.815 [main] INFO  edu.bjut.homo.myMain - meter_7937378236423175603:report
raspberrypi 23:29:52.815 [main] INFO  edu.bjut.homo.myMain - meter_7937378236423175603:26134241
raspberrypi 23:29:52.816 [main] INFO  edu.bjut.homo.myMain - meter_2963663857114482499:report
raspberrypi 23:29:52.816 [main] INFO  edu.bjut.homo.myMain - meter_2963663857114482499:26015685
raspberrypi 23:29:52.816 [main] INFO  edu.bjut.homo.myMain - meter_4165042696393234033:report
raspberrypi 23:29:52.816 [main] INFO  edu.bjut.homo.myMain - meter_4165042696393234033:27363704
raspberrypi 23:29:52.816 [main] INFO  edu.bjut.homo.myMain - meter_2445719443146292973:report
raspberrypi 23:29:52.816 [main] INFO  edu.bjut.homo.myMain - meter_2445719443146292973:26039611
raspberrypi 23:29:52.816 [main] INFO  edu.bjut.homo.myMain - meter_971589337668416231:report
raspberrypi 23:29:52.816 [main] INFO  edu.bjut.homo.myMain - meter_971589337668416231:26038778
raspberrypi 23:29:52.816 [main] INFO  edu.bjut.homo.myMain - meter_894309352005051861:report
raspberrypi 23:29:52.816 [main] INFO  edu.bjut.homo.myMain - meter_894309352005051861:26385870
raspberrypi 23:29:52.816 [main] INFO  edu.bjut.homo.myMain - meter_800821248763286409:report
raspberrypi 23:29:52.816 [main] INFO  edu.bjut.homo.myMain - meter_800821248763286409:26337408
raspberrypi 23:29:52.817 [main] INFO  edu.bjut.homo.myMain - meter_6163373801799885875:report
raspberrypi 23:29:52.817 [main] INFO  edu.bjut.homo.myMain - meter_6163373801799885875:25956297
raspberrypi 23:29:52.817 [main] INFO  edu.bjut.homo.myMain - meter_7420185446647028111:report
raspberrypi 23:29:52.817 [main] INFO  edu.bjut.homo.myMain - meter_7420185446647028111:26206722
raspberrypi 23:29:52.817 [main] INFO  edu.bjut.homo.myMain - meter_408074158026938281:report
raspberrypi 23:29:52.817 [main] INFO  edu.bjut.homo.myMain - meter_408074158026938281:26228685
raspberrypi 23:29:52.817 [main] INFO  edu.bjut.homo.myMain - meter_5081498983628732297:report
raspberrypi 23:29:52.817 [main] INFO  edu.bjut.homo.myMain - meter_5081498983628732297:27750111
raspberrypi 23:29:52.817 [main] INFO  edu.bjut.homo.myMain - meter_412733261487708959:report
raspberrypi 23:29:52.817 [main] INFO  edu.bjut.homo.myMain - meter_412733261487708959:26533649
raspberrypi 23:29:52.817 [main] INFO  edu.bjut.homo.myMain - meter_3841311023478019107:report
raspberrypi 23:29:52.817 [main] INFO  edu.bjut.homo.myMain - meter_3841311023478019107:26225500
raspberrypi 23:29:52.817 [main] INFO  edu.bjut.homo.myMain - meter_1868978605551807699:report
raspberrypi 23:29:52.817 [main] INFO  edu.bjut.homo.myMain - meter_1868978605551807699:26628574
raspberrypi 23:29:57.606 [main] INFO  edu.bjut.homo.myMain - meterRegTime
raspberrypi 23:29:58.207 [main] INFO  edu.bjut.homo.myMain - kgc:reg_response,reg_response,reg_response,reg_response,reg_response,reg_response,reg_response,reg_response,reg_response,reg_response,reg_response,reg_response,reg_response,reg_response,reg_response,reg_response,reg_response,reg_response,reg_response,reg_response,reg_response,reg_response,reg_response,reg_response,reg_response,reg_response,reg_response,reg_response,reg_response,reg_response
raspberrypi 23:29:58.207 [main] INFO  edu.bjut.homo.myMain - kgc:19779278,19722296,19540981,19712759,20696000,20159111,19795241,19740425,19793130,19502352,19678537,19766445,19924241,19607871,19587777,20133074,19527000,21552648,19578185,19550759,19941926,19915019,19986815,19732315,19601611,21078463,19575629,19542666,19529944,19705426
raspberrypi 23:29:58.207 [main] INFO  edu.bjut.homo.myMain - meter_1040455600998232137:reg,reg_response
raspberrypi 23:29:58.207 [main] INFO  edu.bjut.homo.myMain - meter_1040455600998232137:133037,125407
raspberrypi 23:29:58.207 [main] INFO  edu.bjut.homo.myMain - meter_3454122385719314573:reg,reg_response
raspberrypi 23:29:58.208 [main] INFO  edu.bjut.homo.myMain - meter_3454122385719314573:31741,112167
raspberrypi 23:29:58.208 [main] INFO  edu.bjut.homo.myMain - meter_4930136930579505633:reg,reg_response
raspberrypi 23:29:58.208 [main] INFO  edu.bjut.homo.myMain - meter_4930136930579505633:31463,88555
raspberrypi 23:29:58.208 [main] INFO  edu.bjut.homo.myMain - meter_9038935419858745195:reg,reg_response
raspberrypi 23:29:58.208 [main] INFO  edu.bjut.homo.myMain - meter_9038935419858745195:42278,144500
raspberrypi 23:29:58.208 [main] INFO  edu.bjut.homo.myMain - meter_8170679378579693691:reg,reg_response
raspberrypi 23:29:58.208 [main] INFO  edu.bjut.homo.myMain - meter_8170679378579693691:40019,123130
raspberrypi 23:29:58.208 [main] INFO  edu.bjut.homo.myMain - meter_373925235832473043:reg,reg_response
raspberrypi 23:29:58.208 [main] INFO  edu.bjut.homo.myMain - meter_373925235832473043:32092,86296
raspberrypi 23:29:58.209 [main] INFO  edu.bjut.homo.myMain - meter_9168480347240958051:reg,reg_response
raspberrypi 23:29:58.209 [main] INFO  edu.bjut.homo.myMain - meter_9168480347240958051:31333,87186
raspberrypi 23:29:58.209 [main] INFO  edu.bjut.homo.myMain - meter_4412834957555161567:reg,reg_response
raspberrypi 23:29:58.209 [main] INFO  edu.bjut.homo.myMain - meter_4412834957555161567:32260,90852
raspberrypi 23:29:58.209 [main] INFO  edu.bjut.homo.myMain - meter_429481200372273569:reg,reg_response
raspberrypi 23:29:58.209 [main] INFO  edu.bjut.homo.myMain - meter_429481200372273569:30463,90871
raspberrypi 23:29:58.209 [main] INFO  edu.bjut.homo.myMain - meter_6504372699816803569:reg,reg_response
raspberrypi 23:29:58.209 [main] INFO  edu.bjut.homo.myMain - meter_6504372699816803569:32555,86648
raspberrypi 23:29:58.209 [main] INFO  edu.bjut.homo.myMain - meter_1156434424773732161:reg,reg_response
raspberrypi 23:29:58.209 [main] INFO  edu.bjut.homo.myMain - meter_1156434424773732161:30870,86518
raspberrypi 23:29:58.210 [main] INFO  edu.bjut.homo.myMain - meter_3815269444042174555:reg,reg_response
raspberrypi 23:29:58.210 [main] INFO  edu.bjut.homo.myMain - meter_3815269444042174555:31112,86611
raspberrypi 23:29:58.210 [main] INFO  edu.bjut.homo.myMain - meter_5070590972698457101:reg,reg_response
raspberrypi 23:29:58.210 [main] INFO  edu.bjut.homo.myMain - meter_5070590972698457101:31018,108278
raspberrypi 23:29:58.210 [main] INFO  edu.bjut.homo.myMain - meter_4210308520247953473:reg,reg_response
raspberrypi 23:29:58.210 [main] INFO  edu.bjut.homo.myMain - meter_4210308520247953473:31074,88814
raspberrypi 23:29:58.210 [main] INFO  edu.bjut.homo.myMain - meter_27110980526431749:reg,reg_response
raspberrypi 23:29:58.210 [main] INFO  edu.bjut.homo.myMain - meter_27110980526431749:31704,111482
raspberrypi 23:29:58.210 [main] INFO  edu.bjut.homo.myMain - meter_9013536281350034689:reg,reg_response
raspberrypi 23:29:58.210 [main] INFO  edu.bjut.homo.myMain - meter_9013536281350034689:30815,84612
raspberrypi 23:29:58.210 [main] INFO  edu.bjut.homo.myMain - meter_4373103020307823735:reg,reg_response
raspberrypi 23:29:58.210 [main] INFO  edu.bjut.homo.myMain - meter_4373103020307823735:42944,89352
raspberrypi 23:29:58.211 [main] INFO  edu.bjut.homo.myMain - meter_3435363940636999499:reg,reg_response
raspberrypi 23:29:58.211 [main] INFO  edu.bjut.homo.myMain - meter_3435363940636999499:31389,86685
raspberrypi 23:29:58.211 [main] INFO  edu.bjut.homo.myMain - meter_8394465132857079261:reg,reg_response
raspberrypi 23:29:58.211 [main] INFO  edu.bjut.homo.myMain - meter_8394465132857079261:32222,86389
raspberrypi 23:29:58.211 [main] INFO  edu.bjut.homo.myMain - meter_2264941589054784739:reg,reg_response
raspberrypi 23:29:58.211 [main] INFO  edu.bjut.homo.myMain - meter_2264941589054784739:30760,96500
raspberrypi 23:29:58.211 [main] INFO  edu.bjut.homo.myMain - meter_3123341048435713937:reg,reg_response
raspberrypi 23:29:58.211 [main] INFO  edu.bjut.homo.myMain - meter_3123341048435713937:31426,138000
raspberrypi 23:29:58.211 [main] INFO  edu.bjut.homo.myMain - meter_780953459627394877:reg,reg_response
raspberrypi 23:29:58.211 [main] INFO  edu.bjut.homo.myMain - meter_780953459627394877:33408,140963
raspberrypi 23:29:58.211 [main] INFO  edu.bjut.homo.myMain - meter_7258215178934609061:reg,reg_response
raspberrypi 23:29:58.211 [main] INFO  edu.bjut.homo.myMain - meter_7258215178934609061:38370,101241
raspberrypi 23:29:58.212 [main] INFO  edu.bjut.homo.myMain - meter_8267543136872709563:reg,reg_response
raspberrypi 23:29:58.212 [main] INFO  edu.bjut.homo.myMain - meter_8267543136872709563:32186,87167
raspberrypi 23:29:58.212 [main] INFO  edu.bjut.homo.myMain - meter_4205550828464290949:reg,reg_response
raspberrypi 23:29:58.212 [main] INFO  edu.bjut.homo.myMain - meter_4205550828464290949:29426,89759
raspberrypi 23:29:58.212 [main] INFO  edu.bjut.homo.myMain - meter_4769066008105768285:reg,reg_response
raspberrypi 23:29:58.212 [main] INFO  edu.bjut.homo.myMain - meter_4769066008105768285:31037,85370
raspberrypi 23:29:58.212 [main] INFO  edu.bjut.homo.myMain - meter_4285912957275889859:reg,reg_response
raspberrypi 23:29:58.212 [main] INFO  edu.bjut.homo.myMain - meter_4285912957275889859:30296,85574
raspberrypi 23:29:58.212 [main] INFO  edu.bjut.homo.myMain - meter_5310042438296425847:reg,reg_response
raspberrypi 23:29:58.212 [main] INFO  edu.bjut.homo.myMain - meter_5310042438296425847:29482,86741
raspberrypi 23:29:58.212 [main] INFO  edu.bjut.homo.myMain - meter_6875785332471259537:reg,reg_response
raspberrypi 23:29:58.212 [main] INFO  edu.bjut.homo.myMain - meter_6875785332471259537:30240,85740
raspberrypi 23:29:58.213 [main] INFO  edu.bjut.homo.myMain - meter_4748251935719155575:reg,reg_response
raspberrypi 23:29:58.213 [main] INFO  edu.bjut.homo.myMain - meter_4748251935719155575:28981,86371
raspberrypi 23:29:58.213 [main] INFO  edu.bjut.homo.myMain - oneTimeMeterRepTime
raspberrypi 23:29:59.526 [main] INFO  edu.bjut.homo.myMain - agg:resp_agg
raspberrypi 23:29:59.526 [main] INFO  edu.bjut.homo.myMain - agg:477535407
raspberrypi 23:29:59.527 [main] INFO  edu.bjut.homo.myMain - server:report_res
raspberrypi 23:29:59.527 [main] INFO  edu.bjut.homo.myMain - server:38276962
raspberrypi 23:29:59.527 [main] INFO  edu.bjut.homo.myMain - meter_1040455600998232137:report
raspberrypi 23:29:59.527 [main] INFO  edu.bjut.homo.myMain - meter_1040455600998232137:26193833
raspberrypi 23:29:59.527 [main] INFO  edu.bjut.homo.myMain - meter_3454122385719314573:report
raspberrypi 23:29:59.527 [main] INFO  edu.bjut.homo.myMain - meter_3454122385719314573:26053574
raspberrypi 23:29:59.527 [main] INFO  edu.bjut.homo.myMain - meter_4930136930579505633:report
raspberrypi 23:29:59.527 [main] INFO  edu.bjut.homo.myMain - meter_4930136930579505633:26042777
raspberrypi 23:29:59.527 [main] INFO  edu.bjut.homo.myMain - meter_9038935419858745195:report
raspberrypi 23:29:59.527 [main] INFO  edu.bjut.homo.myMain - meter_9038935419858745195:27675241
raspberrypi 23:29:59.527 [main] INFO  edu.bjut.homo.myMain - meter_8170679378579693691:report
raspberrypi 23:29:59.527 [main] INFO  edu.bjut.homo.myMain - meter_8170679378579693691:26007945
raspberrypi 23:29:59.528 [main] INFO  edu.bjut.homo.myMain - meter_373925235832473043:report
raspberrypi 23:29:59.528 [main] INFO  edu.bjut.homo.myMain - meter_373925235832473043:26143056
raspberrypi 23:29:59.528 [main] INFO  edu.bjut.homo.myMain - meter_9168480347240958051:report
raspberrypi 23:29:59.528 [main] INFO  edu.bjut.homo.myMain - meter_9168480347240958051:27010778
raspberrypi 23:29:59.528 [main] INFO  edu.bjut.homo.myMain - meter_4412834957555161567:report
raspberrypi 23:29:59.528 [main] INFO  edu.bjut.homo.myMain - meter_4412834957555161567:26091833
raspberrypi 23:29:59.528 [main] INFO  edu.bjut.homo.myMain - meter_429481200372273569:report
raspberrypi 23:29:59.528 [main] INFO  edu.bjut.homo.myMain - meter_429481200372273569:26097963
raspberrypi 23:29:59.528 [main] INFO  edu.bjut.homo.myMain - meter_6504372699816803569:report
raspberrypi 23:29:59.528 [main] INFO  edu.bjut.homo.myMain - meter_6504372699816803569:26068278
raspberrypi 23:29:59.528 [main] INFO  edu.bjut.homo.myMain - meter_1156434424773732161:report
raspberrypi 23:29:59.528 [main] INFO  edu.bjut.homo.myMain - meter_1156434424773732161:26219704
raspberrypi 23:29:59.528 [main] INFO  edu.bjut.homo.myMain - meter_3815269444042174555:report
raspberrypi 23:29:59.528 [main] INFO  edu.bjut.homo.myMain - meter_3815269444042174555:27729537
raspberrypi 23:29:59.528 [main] INFO  edu.bjut.homo.myMain - meter_5070590972698457101:report
raspberrypi 23:29:59.529 [main] INFO  edu.bjut.homo.myMain - meter_5070590972698457101:25953963
raspberrypi 23:29:59.529 [main] INFO  edu.bjut.homo.myMain - meter_4210308520247953473:report
raspberrypi 23:29:59.529 [main] INFO  edu.bjut.homo.myMain - meter_4210308520247953473:26050519
raspberrypi 23:29:59.529 [main] INFO  edu.bjut.homo.myMain - meter_27110980526431749:report
raspberrypi 23:29:59.529 [main] INFO  edu.bjut.homo.myMain - meter_27110980526431749:25944296
raspberrypi 23:29:59.529 [main] INFO  edu.bjut.homo.myMain - meter_9013536281350034689:report
raspberrypi 23:29:59.529 [main] INFO  edu.bjut.homo.myMain - meter_9013536281350034689:26014056
raspberrypi 23:29:59.529 [main] INFO  edu.bjut.homo.myMain - meter_4373103020307823735:report
raspberrypi 23:29:59.529 [main] INFO  edu.bjut.homo.myMain - meter_4373103020307823735:25992111
raspberrypi 23:29:59.529 [main] INFO  edu.bjut.homo.myMain - meter_3435363940636999499:report
raspberrypi 23:29:59.529 [main] INFO  edu.bjut.homo.myMain - meter_3435363940636999499:26151777
raspberrypi 23:29:59.529 [main] INFO  edu.bjut.homo.myMain - meter_8394465132857079261:report
raspberrypi 23:29:59.529 [main] INFO  edu.bjut.homo.myMain - meter_8394465132857079261:26088704
raspberrypi 23:29:59.529 [main] INFO  edu.bjut.homo.myMain - meter_2264941589054784739:report
raspberrypi 23:29:59.529 [main] INFO  edu.bjut.homo.myMain - meter_2264941589054784739:26787056
raspberrypi 23:29:59.529 [main] INFO  edu.bjut.homo.myMain - meter_3123341048435713937:report
raspberrypi 23:29:59.530 [main] INFO  edu.bjut.homo.myMain - meter_3123341048435713937:28022945
raspberrypi 23:29:59.530 [main] INFO  edu.bjut.homo.myMain - meter_780953459627394877:report
raspberrypi 23:29:59.530 [main] INFO  edu.bjut.homo.myMain - meter_780953459627394877:26369037
raspberrypi 23:29:59.530 [main] INFO  edu.bjut.homo.myMain - meter_7258215178934609061:report
raspberrypi 23:29:59.530 [main] INFO  edu.bjut.homo.myMain - meter_7258215178934609061:26069444
raspberrypi 23:29:59.530 [main] INFO  edu.bjut.homo.myMain - meter_8267543136872709563:report
raspberrypi 23:29:59.530 [main] INFO  edu.bjut.homo.myMain - meter_8267543136872709563:27612518
raspberrypi 23:29:59.530 [main] INFO  edu.bjut.homo.myMain - meter_4205550828464290949:report
raspberrypi 23:29:59.530 [main] INFO  edu.bjut.homo.myMain - meter_4205550828464290949:26619574
raspberrypi 23:29:59.530 [main] INFO  edu.bjut.homo.myMain - meter_4769066008105768285:report
raspberrypi 23:29:59.530 [main] INFO  edu.bjut.homo.myMain - meter_4769066008105768285:26428259
raspberrypi 23:29:59.530 [main] INFO  edu.bjut.homo.myMain - meter_4285912957275889859:report
raspberrypi 23:29:59.530 [main] INFO  edu.bjut.homo.myMain - meter_4285912957275889859:26410130
raspberrypi 23:29:59.530 [main] INFO  edu.bjut.homo.myMain - meter_5310042438296425847:report
raspberrypi 23:29:59.530 [main] INFO  edu.bjut.homo.myMain - meter_5310042438296425847:26286667
raspberrypi 23:29:59.530 [main] INFO  edu.bjut.homo.myMain - meter_6875785332471259537:report
raspberrypi 23:29:59.530 [main] INFO  edu.bjut.homo.myMain - meter_6875785332471259537:28184056
raspberrypi 23:29:59.530 [main] INFO  edu.bjut.homo.myMain - meter_4748251935719155575:report
raspberrypi 23:29:59.531 [main] INFO  edu.bjut.homo.myMain - meter_4748251935719155575:27437907
raspberrypi 23:30:03.232 [main] INFO  edu.bjut.homo.myMain - meterRegTime
raspberrypi 23:30:03.637 [main] INFO  edu.bjut.homo.myMain - kgc:reg_response,reg_response,reg_response,reg_response,reg_response,reg_response,reg_response,reg_response,reg_response,reg_response,reg_response,reg_response,reg_response,reg_response,reg_response,reg_response,reg_response,reg_response,reg_response,reg_response
raspberrypi 23:30:03.637 [main] INFO  edu.bjut.homo.myMain - kgc:19666686,19778092,20014519,20006259,19585056,19836260,19479277,19580111,21743963,20704370,20155370,20069166,20171852,20064649,20171166,20053426,19842685,19967555,20237148,19482092
raspberrypi 23:30:03.637 [main] INFO  edu.bjut.homo.myMain - meter_85835452816768261:reg,reg_response
raspberrypi 23:30:03.637 [main] INFO  edu.bjut.homo.myMain - meter_85835452816768261:123222,102519
raspberrypi 23:30:03.637 [main] INFO  edu.bjut.homo.myMain - meter_3602683150587791625:reg,reg_response
raspberrypi 23:30:03.637 [main] INFO  edu.bjut.homo.myMain - meter_3602683150587791625:30426,87000
raspberrypi 23:30:03.637 [main] INFO  edu.bjut.homo.myMain - meter_5399600235000275805:reg,reg_response
raspberrypi 23:30:03.638 [main] INFO  edu.bjut.homo.myMain - meter_5399600235000275805:31204,83611
raspberrypi 23:30:03.638 [main] INFO  edu.bjut.homo.myMain - meter_6800413868729418925:reg,reg_response
raspberrypi 23:30:03.638 [main] INFO  edu.bjut.homo.myMain - meter_6800413868729418925:30389,82685
raspberrypi 23:30:03.638 [main] INFO  edu.bjut.homo.myMain - meter_6366286399993189725:reg,reg_response
raspberrypi 23:30:03.638 [main] INFO  edu.bjut.homo.myMain - meter_6366286399993189725:30814,86185
raspberrypi 23:30:03.638 [main] INFO  edu.bjut.homo.myMain - meter_1435542066515005325:reg,reg_response
raspberrypi 23:30:03.638 [main] INFO  edu.bjut.homo.myMain - meter_1435542066515005325:31259,85315
raspberrypi 23:30:03.638 [main] INFO  edu.bjut.homo.myMain - meter_5763963198974602885:reg,reg_response
raspberrypi 23:30:03.638 [main] INFO  edu.bjut.homo.myMain - meter_5763963198974602885:30185,84685
raspberrypi 23:30:03.638 [main] INFO  edu.bjut.homo.myMain - meter_3019946423865562303:reg,reg_response
raspberrypi 23:30:03.639 [main] INFO  edu.bjut.homo.myMain - meter_3019946423865562303:30352,180407
raspberrypi 23:30:03.639 [main] INFO  edu.bjut.homo.myMain - meter_8632754251335166729:reg,reg_response
raspberrypi 23:30:03.639 [main] INFO  edu.bjut.homo.myMain - meter_8632754251335166729:38945,103315
raspberrypi 23:30:03.639 [main] INFO  edu.bjut.homo.myMain - meter_6979674836991978473:reg,reg_response
raspberrypi 23:30:03.639 [main] INFO  edu.bjut.homo.myMain - meter_6979674836991978473:29574,164037
raspberrypi 23:30:03.639 [main] INFO  edu.bjut.homo.myMain - meter_5274402916096823995:reg,reg_response
raspberrypi 23:30:03.639 [main] INFO  edu.bjut.homo.myMain - meter_5274402916096823995:35037,86407
raspberrypi 23:30:03.639 [main] INFO  edu.bjut.homo.myMain - meter_2426703449834594477:reg,reg_response
raspberrypi 23:30:03.639 [main] INFO  edu.bjut.homo.myMain - meter_2426703449834594477:30815,116944
raspberrypi 23:30:03.640 [main] INFO  edu.bjut.homo.myMain - meter_3193955915576997559:reg,reg_response
raspberrypi 23:30:03.640 [main] INFO  edu.bjut.homo.myMain - meter_3193955915576997559:34351,85463
raspberrypi 23:30:03.640 [main] INFO  edu.bjut.homo.myMain - meter_8292894877514173477:reg,reg_response
raspberrypi 23:30:03.640 [main] INFO  edu.bjut.homo.myMain - meter_8292894877514173477:31833,145685
raspberrypi 23:30:03.640 [main] INFO  edu.bjut.homo.myMain - meter_530155907343023877:reg,reg_response
raspberrypi 23:30:03.640 [main] INFO  edu.bjut.homo.myMain - meter_530155907343023877:34907,110574
raspberrypi 23:30:03.640 [main] INFO  edu.bjut.homo.myMain - meter_1321411078825320387:reg,reg_response
raspberrypi 23:30:03.640 [main] INFO  edu.bjut.homo.myMain - meter_1321411078825320387:34444,201018
raspberrypi 23:30:03.640 [main] INFO  edu.bjut.homo.myMain - meter_2777376047407556057:reg,reg_response
raspberrypi 23:30:03.641 [main] INFO  edu.bjut.homo.myMain - meter_2777376047407556057:44574,100759
raspberrypi 23:30:03.641 [main] INFO  edu.bjut.homo.myMain - meter_5597638605238229723:reg,reg_response
raspberrypi 23:30:03.641 [main] INFO  edu.bjut.homo.myMain - meter_5597638605238229723:34351,84814
raspberrypi 23:30:03.641 [main] INFO  edu.bjut.homo.myMain - meter_314378898894658145:reg,reg_response
raspberrypi 23:30:03.641 [main] INFO  edu.bjut.homo.myMain - meter_314378898894658145:33444,104204
raspberrypi 23:30:03.641 [main] INFO  edu.bjut.homo.myMain - meter_4829489491611975927:reg,reg_response
raspberrypi 23:30:03.641 [main] INFO  edu.bjut.homo.myMain - meter_4829489491611975927:33426,77222
raspberrypi 23:30:03.642 [main] INFO  edu.bjut.homo.myMain - oneTimeMeterRepTime
raspberrypi 23:30:04.510 [main] INFO  edu.bjut.homo.myMain - agg:resp_agg
raspberrypi 23:30:04.511 [main] INFO  edu.bjut.homo.myMain - agg:305435685
raspberrypi 23:30:04.511 [main] INFO  edu.bjut.homo.myMain - server:report_res
raspberrypi 23:30:04.511 [main] INFO  edu.bjut.homo.myMain - server:38158667
raspberrypi 23:30:04.511 [main] INFO  edu.bjut.homo.myMain - meter_85835452816768261:report
raspberrypi 23:30:04.511 [main] INFO  edu.bjut.homo.myMain - meter_85835452816768261:26352889
raspberrypi 23:30:04.511 [main] INFO  edu.bjut.homo.myMain - meter_3602683150587791625:report
raspberrypi 23:30:04.511 [main] INFO  edu.bjut.homo.myMain - meter_3602683150587791625:26131352
raspberrypi 23:30:04.511 [main] INFO  edu.bjut.homo.myMain - meter_5399600235000275805:report
raspberrypi 23:30:04.511 [main] INFO  edu.bjut.homo.myMain - meter_5399600235000275805:25993629
raspberrypi 23:30:04.511 [main] INFO  edu.bjut.homo.myMain - meter_6800413868729418925:report
raspberrypi 23:30:04.511 [main] INFO  edu.bjut.homo.myMain - meter_6800413868729418925:25953204
raspberrypi 23:30:04.511 [main] INFO  edu.bjut.homo.myMain - meter_6366286399993189725:report
raspberrypi 23:30:04.512 [main] INFO  edu.bjut.homo.myMain - meter_6366286399993189725:27459167
raspberrypi 23:30:04.512 [main] INFO  edu.bjut.homo.myMain - meter_1435542066515005325:report
raspberrypi 23:30:04.512 [main] INFO  edu.bjut.homo.myMain - meter_1435542066515005325:25948870
raspberrypi 23:30:04.512 [main] INFO  edu.bjut.homo.myMain - meter_5763963198974602885:report
raspberrypi 23:30:04.512 [main] INFO  edu.bjut.homo.myMain - meter_5763963198974602885:26042260
raspberrypi 23:30:04.512 [main] INFO  edu.bjut.homo.myMain - meter_3019946423865562303:report
raspberrypi 23:30:04.512 [main] INFO  edu.bjut.homo.myMain - meter_3019946423865562303:26027093
raspberrypi 23:30:04.512 [main] INFO  edu.bjut.homo.myMain - meter_8632754251335166729:report
raspberrypi 23:30:04.512 [main] INFO  edu.bjut.homo.myMain - meter_8632754251335166729:25867185
raspberrypi 23:30:04.512 [main] INFO  edu.bjut.homo.myMain - meter_6979674836991978473:report
raspberrypi 23:30:04.512 [main] INFO  edu.bjut.homo.myMain - meter_6979674836991978473:25925759
raspberrypi 23:30:04.512 [main] INFO  edu.bjut.homo.myMain - meter_5274402916096823995:report
raspberrypi 23:30:04.512 [main] INFO  edu.bjut.homo.myMain - meter_5274402916096823995:25978111
raspberrypi 23:30:04.512 [main] INFO  edu.bjut.homo.myMain - meter_2426703449834594477:report
raspberrypi 23:30:04.512 [main] INFO  edu.bjut.homo.myMain - meter_2426703449834594477:25903407
raspberrypi 23:30:04.512 [main] INFO  edu.bjut.homo.myMain - meter_3193955915576997559:report
raspberrypi 23:30:04.512 [main] INFO  edu.bjut.homo.myMain - meter_3193955915576997559:27506556
raspberrypi 23:30:04.512 [main] INFO  edu.bjut.homo.myMain - meter_8292894877514173477:report
raspberrypi 23:30:04.512 [main] INFO  edu.bjut.homo.myMain - meter_8292894877514173477:25936352
raspberrypi 23:30:04.512 [main] INFO  edu.bjut.homo.myMain - meter_530155907343023877:report
raspberrypi 23:30:04.512 [main] INFO  edu.bjut.homo.myMain - meter_530155907343023877:25985093
raspberrypi 23:30:04.512 [main] INFO  edu.bjut.homo.myMain - meter_1321411078825320387:report
raspberrypi 23:30:04.512 [main] INFO  edu.bjut.homo.myMain - meter_1321411078825320387:26095296
raspberrypi 23:30:04.513 [main] INFO  edu.bjut.homo.myMain - meter_2777376047407556057:report
raspberrypi 23:30:04.513 [main] INFO  edu.bjut.homo.myMain - meter_2777376047407556057:26228334
raspberrypi 23:30:04.513 [main] INFO  edu.bjut.homo.myMain - meter_5597638605238229723:report
raspberrypi 23:30:04.513 [main] INFO  edu.bjut.homo.myMain - meter_5597638605238229723:26135834
raspberrypi 23:30:04.513 [main] INFO  edu.bjut.homo.myMain - meter_314378898894658145:report
raspberrypi 23:30:04.513 [main] INFO  edu.bjut.homo.myMain - meter_314378898894658145:25989500
raspberrypi 23:30:04.513 [main] INFO  edu.bjut.homo.myMain - meter_4829489491611975927:report
raspberrypi 23:30:04.513 [main] INFO  edu.bjut.homo.myMain - meter_4829489491611975927:26018148
