BruceChen 21:49:20.478 [main] INFO  edu.bjut.boudia.myMain - oneTimeMeterRegTime
BruceChen 21:49:21.282 [main] INFO  edu.bjut.boudia.myMain - server:pubkey
BruceChen 21:49:21.282 [main] INFO  edu.bjut.boudia.myMain - server:209500
BruceChen 21:49:21.282 [main] INFO  edu.bjut.boudia.myMain - agg:regMsg,regMsg,regMsg,regMsg,regMsg,regMsg,regMsg,regMsg,regMsg,regMsg,regMsg,regMsg,regMsg,regMsg,regMsg,regMsg,regMsg,regMsg,regMsg,regMsg,regMsg,regMsg,regMsg,regMsg,regMsg,regMsg,regMsg,regMsg,regMsg,regMsg,regMsg,regMsg,regMsg,regMsg,regMsg,regMsg,regMsg,regMsg,regMsg,regMsg,regMsg,regMsg,regMsg,regMsg,regMsg,regMsg,regMsg,regMsg,regMsg,regMsg,regMsg,regMsg,regMsg,regMsg,regMsg,regMsg,regMsg,regMsg,regMsg,regMsg
BruceChen 21:49:21.282 [main] INFO  edu.bjut.boudia.myMain - agg:6772200,6721800,6715300,6711300,6736400,6688600,6750600,6695000,6682400,6741400,6730200,6716200,6700000,6690100,6781100,6692000,6708900,6713800,6742000,6667100,6714700,6698200,6692900,6711700,6606300,6876700,6704200,6722900,6688600,6689100,6775500,6652200,9517900,6721800,6690200,6712400,6705200,6698100,6709800,6732500,6719800,6703200,6713800,6696100,6609100,6549800,6522200,6506600,6714600,6717400,6689900,6695800,6720400,6694700,6677100,6703200,6703200,6686900,6676800,6693100
BruceChen 21:49:21.282 [main] INFO  edu.bjut.boudia.myMain - meter_8473340398282133507:regMsg,reg_backagg,reg_cc
BruceChen 21:49:21.282 [main] INFO  edu.bjut.boudia.myMain - meter_8473340398282133507:2900,6627500,4100
BruceChen 21:49:21.282 [main] INFO  edu.bjut.boudia.myMain - meter_3460307022789958005:regMsg,reg_backagg,reg_cc
BruceChen 21:49:21.282 [main] INFO  edu.bjut.boudia.myMain - meter_3460307022789958005:300,6657900,300
BruceChen 21:49:21.282 [main] INFO  edu.bjut.boudia.myMain - meter_3145379228308309745:regMsg,reg_backagg,reg_cc
BruceChen 21:49:21.282 [main] INFO  edu.bjut.boudia.myMain - meter_3145379228308309745:300,6565200,300
BruceChen 21:49:21.282 [main] INFO  edu.bjut.boudia.myMain - meter_5914275041850440853:regMsg,reg_backagg,reg_cc
BruceChen 21:49:21.282 [main] INFO  edu.bjut.boudia.myMain - meter_5914275041850440853:300,6670500,400
BruceChen 21:49:21.282 [main] INFO  edu.bjut.boudia.myMain - meter_3021953212139259323:regMsg,reg_backagg,reg_cc
BruceChen 21:49:21.282 [main] INFO  edu.bjut.boudia.myMain - meter_3021953212139259323:300,6612300,400
BruceChen 21:49:21.282 [main] INFO  edu.bjut.boudia.myMain - meter_3228484113219570049:regMsg,reg_backagg,reg_cc
BruceChen 21:49:21.282 [main] INFO  edu.bjut.boudia.myMain - meter_3228484113219570049:200,6578000,400
BruceChen 21:49:21.282 [main] INFO  edu.bjut.boudia.myMain - meter_3399184664394219043:regMsg,reg_backagg,reg_cc
BruceChen 21:49:21.282 [main] INFO  edu.bjut.boudia.myMain - meter_3399184664394219043:400,6619300,300
BruceChen 21:49:21.282 [main] INFO  edu.bjut.boudia.myMain - meter_1939072725095079719:regMsg,reg_backagg,reg_cc
BruceChen 21:49:21.282 [main] INFO  edu.bjut.boudia.myMain - meter_1939072725095079719:300,6687600,300
BruceChen 21:49:21.282 [main] INFO  edu.bjut.boudia.myMain - meter_6023861136186525069:regMsg,reg_backagg,reg_cc
BruceChen 21:49:21.282 [main] INFO  edu.bjut.boudia.myMain - meter_6023861136186525069:300,6529000,300
BruceChen 21:49:21.282 [main] INFO  edu.bjut.boudia.myMain - meter_2064696317301566129:regMsg,reg_backagg,reg_cc
BruceChen 21:49:21.282 [main] INFO  edu.bjut.boudia.myMain - meter_2064696317301566129:300,6607100,300
BruceChen 21:49:21.282 [main] INFO  edu.bjut.boudia.myMain - meter_3138576421989937089:regMsg,reg_backagg,reg_cc
BruceChen 21:49:21.282 [main] INFO  edu.bjut.boudia.myMain - meter_3138576421989937089:300,6635400,300
BruceChen 21:49:21.282 [main] INFO  edu.bjut.boudia.myMain - meter_157167100204196065:regMsg,reg_backagg,reg_cc
BruceChen 21:49:21.282 [main] INFO  edu.bjut.boudia.myMain - meter_157167100204196065:300,6559800,300
BruceChen 21:49:21.282 [main] INFO  edu.bjut.boudia.myMain - meter_176697918068418973:regMsg,reg_backagg,reg_cc
BruceChen 21:49:21.282 [main] INFO  edu.bjut.boudia.myMain - meter_176697918068418973:300,6702400,300
BruceChen 21:49:21.282 [main] INFO  edu.bjut.boudia.myMain - meter_2579590922149143935:regMsg,reg_backagg,reg_cc
BruceChen 21:49:21.282 [main] INFO  edu.bjut.boudia.myMain - meter_2579590922149143935:400,6683200,400
BruceChen 21:49:21.282 [main] INFO  edu.bjut.boudia.myMain - meter_253164852538585785:regMsg,reg_backagg,reg_cc
BruceChen 21:49:21.282 [main] INFO  edu.bjut.boudia.myMain - meter_253164852538585785:300,6605300,500
BruceChen 21:49:21.282 [main] INFO  edu.bjut.boudia.myMain - meter_2009540277311633445:regMsg,reg_backagg,reg_cc
BruceChen 21:49:21.282 [main] INFO  edu.bjut.boudia.myMain - meter_2009540277311633445:300,6549100,500
BruceChen 21:49:21.282 [main] INFO  edu.bjut.boudia.myMain - meter_1755744689027750769:regMsg,reg_backagg,reg_cc
BruceChen 21:49:21.282 [main] INFO  edu.bjut.boudia.myMain - meter_1755744689027750769:300,6609800,400
BruceChen 21:49:21.282 [main] INFO  edu.bjut.boudia.myMain - meter_3236673975119613757:regMsg,reg_backagg,reg_cc
BruceChen 21:49:21.282 [main] INFO  edu.bjut.boudia.myMain - meter_3236673975119613757:200,6545600,400
BruceChen 21:49:21.282 [main] INFO  edu.bjut.boudia.myMain - meter_4045696880432379027:regMsg,reg_backagg,reg_cc
BruceChen 21:49:21.282 [main] INFO  edu.bjut.boudia.myMain - meter_4045696880432379027:300,6649600,700
BruceChen 21:49:21.282 [main] INFO  edu.bjut.boudia.myMain - meter_7746689501968717835:regMsg,reg_backagg,reg_cc
BruceChen 21:49:21.282 [main] INFO  edu.bjut.boudia.myMain - meter_7746689501968717835:400,6614700,500
BruceChen 21:49:21.282 [main] INFO  edu.bjut.boudia.myMain - meter_2172741699886837957:regMsg,reg_backagg,reg_cc
BruceChen 21:49:21.282 [main] INFO  edu.bjut.boudia.myMain - meter_2172741699886837957:300,6619300,500
BruceChen 21:49:21.282 [main] INFO  edu.bjut.boudia.myMain - meter_9064225608771175665:regMsg,reg_backagg,reg_cc
BruceChen 21:49:21.282 [main] INFO  edu.bjut.boudia.myMain - meter_9064225608771175665:300,6661600,500
BruceChen 21:49:21.282 [main] INFO  edu.bjut.boudia.myMain - meter_6379587151510118613:regMsg,reg_backagg,reg_cc
BruceChen 21:49:21.282 [main] INFO  edu.bjut.boudia.myMain - meter_6379587151510118613:300,6633200,400
BruceChen 21:49:21.282 [main] INFO  edu.bjut.boudia.myMain - meter_1996378626201216423:regMsg,reg_backagg,reg_cc
BruceChen 21:49:21.282 [main] INFO  edu.bjut.boudia.myMain - meter_1996378626201216423:400,6496700,400
BruceChen 21:49:21.282 [main] INFO  edu.bjut.boudia.myMain - meter_7690073920817702227:regMsg,reg_backagg,reg_cc
BruceChen 21:49:21.282 [main] INFO  edu.bjut.boudia.myMain - meter_7690073920817702227:300,6611300,400
BruceChen 21:49:21.282 [main] INFO  edu.bjut.boudia.myMain - meter_450164214610989541:regMsg,reg_backagg,reg_cc
BruceChen 21:49:21.282 [main] INFO  edu.bjut.boudia.myMain - meter_450164214610989541:300,7000700,400
BruceChen 21:49:21.282 [main] INFO  edu.bjut.boudia.myMain - meter_282915531148831295:regMsg,reg_backagg,reg_cc
BruceChen 21:49:21.282 [main] INFO  edu.bjut.boudia.myMain - meter_282915531148831295:300,6659900,400
BruceChen 21:49:21.282 [main] INFO  edu.bjut.boudia.myMain - meter_615647783017171483:regMsg,reg_backagg,reg_cc
BruceChen 21:49:21.282 [main] INFO  edu.bjut.boudia.myMain - meter_615647783017171483:300,6667700,400
BruceChen 21:49:21.282 [main] INFO  edu.bjut.boudia.myMain - meter_6751250194333788527:regMsg,reg_backagg,reg_cc
BruceChen 21:49:21.282 [main] INFO  edu.bjut.boudia.myMain - meter_6751250194333788527:300,6677700,400
BruceChen 21:49:21.282 [main] INFO  edu.bjut.boudia.myMain - meter_1629627832559449901:regMsg,reg_backagg,reg_cc
BruceChen 21:49:21.282 [main] INFO  edu.bjut.boudia.myMain - meter_1629627832559449901:300,6628700,300
BruceChen 21:49:21.282 [main] INFO  edu.bjut.boudia.myMain - meter_8596176485078938483:regMsg,reg_backagg,reg_cc
BruceChen 21:49:21.282 [main] INFO  edu.bjut.boudia.myMain - meter_8596176485078938483:300,6567400,400
BruceChen 21:49:21.282 [main] INFO  edu.bjut.boudia.myMain - meter_8135783006719988753:regMsg,reg_backagg,reg_cc
BruceChen 21:49:21.282 [main] INFO  edu.bjut.boudia.myMain - meter_8135783006719988753:1300,6581900,400
BruceChen 21:49:21.282 [main] INFO  edu.bjut.boudia.myMain - meter_4009253253032992215:regMsg,reg_backagg,reg_cc
BruceChen 21:49:21.282 [main] INFO  edu.bjut.boudia.myMain - meter_4009253253032992215:400,6761100,400
BruceChen 21:49:21.282 [main] INFO  edu.bjut.boudia.myMain - meter_5840939929172147563:regMsg,reg_backagg,reg_cc
BruceChen 21:49:21.282 [main] INFO  edu.bjut.boudia.myMain - meter_5840939929172147563:300,6558800,400
BruceChen 21:49:21.282 [main] INFO  edu.bjut.boudia.myMain - meter_2681231277174925403:regMsg,reg_backagg,reg_cc
BruceChen 21:49:21.282 [main] INFO  edu.bjut.boudia.myMain - meter_2681231277174925403:300,6693000,300
BruceChen 21:49:21.282 [main] INFO  edu.bjut.boudia.myMain - meter_8794506514045247675:regMsg,reg_backagg,reg_cc
BruceChen 21:49:21.282 [main] INFO  edu.bjut.boudia.myMain - meter_8794506514045247675:300,6607100,300
BruceChen 21:49:21.282 [main] INFO  edu.bjut.boudia.myMain - meter_246988351929869117:regMsg,reg_backagg,reg_cc
BruceChen 21:49:21.282 [main] INFO  edu.bjut.boudia.myMain - meter_246988351929869117:200,6725700,400
BruceChen 21:49:21.282 [main] INFO  edu.bjut.boudia.myMain - meter_2863040495198022397:regMsg,reg_backagg,reg_cc
BruceChen 21:49:21.282 [main] INFO  edu.bjut.boudia.myMain - meter_2863040495198022397:300,6607800,400
BruceChen 21:49:21.282 [main] INFO  edu.bjut.boudia.myMain - meter_4307684173229680295:regMsg,reg_backagg,reg_cc
BruceChen 21:49:21.282 [main] INFO  edu.bjut.boudia.myMain - meter_4307684173229680295:300,6585900,300
BruceChen 21:49:21.282 [main] INFO  edu.bjut.boudia.myMain - meter_8195952746185678569:regMsg,reg_backagg,reg_cc
BruceChen 21:49:21.282 [main] INFO  edu.bjut.boudia.myMain - meter_8195952746185678569:200,6636900,300
BruceChen 21:49:21.282 [main] INFO  edu.bjut.boudia.myMain - meter_5634677018129667121:regMsg,reg_backagg,reg_cc
BruceChen 21:49:21.282 [main] INFO  edu.bjut.boudia.myMain - meter_5634677018129667121:300,6586000,300
BruceChen 21:49:21.282 [main] INFO  edu.bjut.boudia.myMain - meter_8888376492474490727:regMsg,reg_backagg,reg_cc
BruceChen 21:49:21.298 [main] INFO  edu.bjut.boudia.myMain - meter_8888376492474490727:300,6586200,300
BruceChen 21:49:21.298 [main] INFO  edu.bjut.boudia.myMain - meter_5173751446184064507:regMsg,reg_backagg,reg_cc
BruceChen 21:49:21.298 [main] INFO  edu.bjut.boudia.myMain - meter_5173751446184064507:200,6707700,300
BruceChen 21:49:21.298 [main] INFO  edu.bjut.boudia.myMain - meter_1006402065212747703:regMsg,reg_backagg,reg_cc
BruceChen 21:49:21.298 [main] INFO  edu.bjut.boudia.myMain - meter_1006402065212747703:300,6546400,300
BruceChen 21:49:21.298 [main] INFO  edu.bjut.boudia.myMain - meter_5772758927781429377:regMsg,reg_backagg,reg_cc
BruceChen 21:49:21.298 [main] INFO  edu.bjut.boudia.myMain - meter_5772758927781429377:200,6468800,400
BruceChen 21:49:21.298 [main] INFO  edu.bjut.boudia.myMain - meter_1868194046541301913:regMsg,reg_backagg,reg_cc
BruceChen 21:49:21.298 [main] INFO  edu.bjut.boudia.myMain - meter_1868194046541301913:300,6433400,300
BruceChen 21:49:21.298 [main] INFO  edu.bjut.boudia.myMain - meter_3403277429462830221:regMsg,reg_backagg,reg_cc
BruceChen 21:49:21.298 [main] INFO  edu.bjut.boudia.myMain - meter_3403277429462830221:400,6443400,300
BruceChen 21:49:21.298 [main] INFO  edu.bjut.boudia.myMain - meter_5328800121205774093:regMsg,reg_backagg,reg_cc
BruceChen 21:49:21.298 [main] INFO  edu.bjut.boudia.myMain - meter_5328800121205774093:200,6476800,300
BruceChen 21:49:21.298 [main] INFO  edu.bjut.boudia.myMain - meter_343463637393861869:regMsg,reg_backagg,reg_cc
BruceChen 21:49:21.298 [main] INFO  edu.bjut.boudia.myMain - meter_343463637393861869:200,6689400,400
BruceChen 21:49:21.298 [main] INFO  edu.bjut.boudia.myMain - meter_7464831677129256513:regMsg,reg_backagg,reg_cc
BruceChen 21:49:21.298 [main] INFO  edu.bjut.boudia.myMain - meter_7464831677129256513:300,6641600,400
BruceChen 21:49:21.298 [main] INFO  edu.bjut.boudia.myMain - meter_1065444909480287377:regMsg,reg_backagg,reg_cc
BruceChen 21:49:21.298 [main] INFO  edu.bjut.boudia.myMain - meter_1065444909480287377:200,6605600,500
BruceChen 21:49:21.298 [main] INFO  edu.bjut.boudia.myMain - meter_4434952770181869527:regMsg,reg_backagg,reg_cc
BruceChen 21:49:21.298 [main] INFO  edu.bjut.boudia.myMain - meter_4434952770181869527:200,6662100,400
BruceChen 21:49:21.298 [main] INFO  edu.bjut.boudia.myMain - meter_111078960043909149:regMsg,reg_backagg,reg_cc
BruceChen 21:49:21.298 [main] INFO  edu.bjut.boudia.myMain - meter_111078960043909149:200,6625000,300
BruceChen 21:49:21.298 [main] INFO  edu.bjut.boudia.myMain - meter_973618369276051495:regMsg,reg_backagg,reg_cc
BruceChen 21:49:21.298 [main] INFO  edu.bjut.boudia.myMain - meter_973618369276051495:300,6602600,300
BruceChen 21:49:21.298 [main] INFO  edu.bjut.boudia.myMain - meter_4665102196437364075:regMsg,reg_backagg,reg_cc
BruceChen 21:49:21.298 [main] INFO  edu.bjut.boudia.myMain - meter_4665102196437364075:400,6472200,300
BruceChen 21:49:21.298 [main] INFO  edu.bjut.boudia.myMain - meter_5257236929793877455:regMsg,reg_backagg,reg_cc
BruceChen 21:49:21.298 [main] INFO  edu.bjut.boudia.myMain - meter_5257236929793877455:200,6655500,300
BruceChen 21:49:21.298 [main] INFO  edu.bjut.boudia.myMain - meter_9042563775305313147:regMsg,reg_backagg,reg_cc
BruceChen 21:49:21.298 [main] INFO  edu.bjut.boudia.myMain - meter_9042563775305313147:200,6481500,400
BruceChen 21:49:21.298 [main] INFO  edu.bjut.boudia.myMain - meter_8010563152059784689:regMsg,reg_backagg,reg_cc
BruceChen 21:49:21.298 [main] INFO  edu.bjut.boudia.myMain - meter_8010563152059784689:300,6666400,300
BruceChen 21:49:21.298 [main] INFO  edu.bjut.boudia.myMain - meter_5641072245376062797:regMsg,reg_backagg,reg_cc
BruceChen 21:49:21.298 [main] INFO  edu.bjut.boudia.myMain - meter_5641072245376062797:400,6687400,400
BruceChen 21:49:21.298 [main] INFO  edu.bjut.boudia.myMain - meter_8658809897238822199:regMsg,reg_backagg,reg_cc
BruceChen 21:49:21.298 [main] INFO  edu.bjut.boudia.myMain - meter_8658809897238822199:300,6670600,400
BruceChen 21:49:22.107 [main] INFO  edu.bjut.boudia.myMain - oneTimeMeterRepTime
BruceChen 21:49:24.172 [main] INFO  edu.bjut.boudia.myMain - server:repMsg
BruceChen 21:49:24.172 [main] INFO  edu.bjut.boudia.myMain - server:31835200
BruceChen 21:49:24.172 [main] INFO  edu.bjut.boudia.myMain - agg:repMsg
BruceChen 21:49:24.172 [main] INFO  edu.bjut.boudia.myMain - agg:424891100
BruceChen 21:49:24.172 [main] INFO  edu.bjut.boudia.myMain - meter_8473340398282133507:repMsg
BruceChen 21:49:24.172 [main] INFO  edu.bjut.boudia.myMain - meter_8473340398282133507:35790400
BruceChen 21:49:24.172 [main] INFO  edu.bjut.boudia.myMain - meter_3460307022789958005:repMsg
BruceChen 21:49:24.172 [main] INFO  edu.bjut.boudia.myMain - meter_3460307022789958005:26442700
BruceChen 21:49:24.172 [main] INFO  edu.bjut.boudia.myMain - meter_3145379228308309745:repMsg
BruceChen 21:49:24.172 [main] INFO  edu.bjut.boudia.myMain - meter_3145379228308309745:26451300
BruceChen 21:49:24.172 [main] INFO  edu.bjut.boudia.myMain - meter_5914275041850440853:repMsg
BruceChen 21:49:24.172 [main] INFO  edu.bjut.boudia.myMain - meter_5914275041850440853:26500700
BruceChen 21:49:24.172 [main] INFO  edu.bjut.boudia.myMain - meter_3021953212139259323:repMsg
BruceChen 21:49:24.172 [main] INFO  edu.bjut.boudia.myMain - meter_3021953212139259323:26608100
BruceChen 21:49:24.172 [main] INFO  edu.bjut.boudia.myMain - meter_3228484113219570049:repMsg
BruceChen 21:49:24.172 [main] INFO  edu.bjut.boudia.myMain - meter_3228484113219570049:26586600
BruceChen 21:49:24.172 [main] INFO  edu.bjut.boudia.myMain - meter_3399184664394219043:repMsg
BruceChen 21:49:24.172 [main] INFO  edu.bjut.boudia.myMain - meter_3399184664394219043:27589600
BruceChen 21:49:24.172 [main] INFO  edu.bjut.boudia.myMain - meter_1939072725095079719:repMsg
BruceChen 21:49:24.172 [main] INFO  edu.bjut.boudia.myMain - meter_1939072725095079719:26605700
BruceChen 21:49:24.172 [main] INFO  edu.bjut.boudia.myMain - meter_6023861136186525069:repMsg
BruceChen 21:49:24.172 [main] INFO  edu.bjut.boudia.myMain - meter_6023861136186525069:26742800
BruceChen 21:49:24.172 [main] INFO  edu.bjut.boudia.myMain - meter_2064696317301566129:repMsg
BruceChen 21:49:24.172 [main] INFO  edu.bjut.boudia.myMain - meter_2064696317301566129:29600600
BruceChen 21:49:24.172 [main] INFO  edu.bjut.boudia.myMain - meter_3138576421989937089:repMsg
BruceChen 21:49:24.172 [main] INFO  edu.bjut.boudia.myMain - meter_3138576421989937089:26619800
BruceChen 21:49:24.172 [main] INFO  edu.bjut.boudia.myMain - meter_157167100204196065:repMsg
BruceChen 21:49:24.172 [main] INFO  edu.bjut.boudia.myMain - meter_157167100204196065:26828600
BruceChen 21:49:24.172 [main] INFO  edu.bjut.boudia.myMain - meter_176697918068418973:repMsg
BruceChen 21:49:24.172 [main] INFO  edu.bjut.boudia.myMain - meter_176697918068418973:26746000
BruceChen 21:49:24.172 [main] INFO  edu.bjut.boudia.myMain - meter_2579590922149143935:repMsg
BruceChen 21:49:24.172 [main] INFO  edu.bjut.boudia.myMain - meter_2579590922149143935:26667400
BruceChen 21:49:24.172 [main] INFO  edu.bjut.boudia.myMain - meter_253164852538585785:repMsg
BruceChen 21:49:24.172 [main] INFO  edu.bjut.boudia.myMain - meter_253164852538585785:26588500
BruceChen 21:49:24.172 [main] INFO  edu.bjut.boudia.myMain - meter_2009540277311633445:repMsg
BruceChen 21:49:24.172 [main] INFO  edu.bjut.boudia.myMain - meter_2009540277311633445:26600100
BruceChen 21:49:24.172 [main] INFO  edu.bjut.boudia.myMain - meter_1755744689027750769:repMsg
BruceChen 21:49:24.172 [main] INFO  edu.bjut.boudia.myMain - meter_1755744689027750769:26494200
BruceChen 21:49:24.172 [main] INFO  edu.bjut.boudia.myMain - meter_3236673975119613757:repMsg
BruceChen 21:49:24.172 [main] INFO  edu.bjut.boudia.myMain - meter_3236673975119613757:26736500
BruceChen 21:49:24.172 [main] INFO  edu.bjut.boudia.myMain - meter_4045696880432379027:repMsg
BruceChen 21:49:24.172 [main] INFO  edu.bjut.boudia.myMain - meter_4045696880432379027:26595900
BruceChen 21:49:24.172 [main] INFO  edu.bjut.boudia.myMain - meter_7746689501968717835:repMsg
BruceChen 21:49:24.172 [main] INFO  edu.bjut.boudia.myMain - meter_7746689501968717835:26563500
BruceChen 21:49:24.172 [main] INFO  edu.bjut.boudia.myMain - meter_2172741699886837957:repMsg
BruceChen 21:49:24.172 [main] INFO  edu.bjut.boudia.myMain - meter_2172741699886837957:26349100
BruceChen 21:49:24.172 [main] INFO  edu.bjut.boudia.myMain - meter_9064225608771175665:repMsg
BruceChen 21:49:24.172 [main] INFO  edu.bjut.boudia.myMain - meter_9064225608771175665:26356600
BruceChen 21:49:24.172 [main] INFO  edu.bjut.boudia.myMain - meter_6379587151510118613:repMsg
BruceChen 21:49:24.172 [main] INFO  edu.bjut.boudia.myMain - meter_6379587151510118613:26550000
BruceChen 21:49:24.172 [main] INFO  edu.bjut.boudia.myMain - meter_1996378626201216423:repMsg
BruceChen 21:49:24.172 [main] INFO  edu.bjut.boudia.myMain - meter_1996378626201216423:26472600
BruceChen 21:49:24.172 [main] INFO  edu.bjut.boudia.myMain - meter_7690073920817702227:repMsg
BruceChen 21:49:24.172 [main] INFO  edu.bjut.boudia.myMain - meter_7690073920817702227:26543200
BruceChen 21:49:24.172 [main] INFO  edu.bjut.boudia.myMain - meter_450164214610989541:repMsg
BruceChen 21:49:24.172 [main] INFO  edu.bjut.boudia.myMain - meter_450164214610989541:26507500
BruceChen 21:49:24.172 [main] INFO  edu.bjut.boudia.myMain - meter_282915531148831295:repMsg
BruceChen 21:49:24.172 [main] INFO  edu.bjut.boudia.myMain - meter_282915531148831295:26522400
BruceChen 21:49:24.172 [main] INFO  edu.bjut.boudia.myMain - meter_615647783017171483:repMsg
BruceChen 21:49:24.172 [main] INFO  edu.bjut.boudia.myMain - meter_615647783017171483:26415500
BruceChen 21:49:24.172 [main] INFO  edu.bjut.boudia.myMain - meter_6751250194333788527:repMsg
BruceChen 21:49:24.172 [main] INFO  edu.bjut.boudia.myMain - meter_6751250194333788527:26947200
BruceChen 21:49:24.172 [main] INFO  edu.bjut.boudia.myMain - meter_1629627832559449901:repMsg
BruceChen 21:49:24.172 [main] INFO  edu.bjut.boudia.myMain - meter_1629627832559449901:26685100
BruceChen 21:49:24.172 [main] INFO  edu.bjut.boudia.myMain - meter_8596176485078938483:repMsg
BruceChen 21:49:24.172 [main] INFO  edu.bjut.boudia.myMain - meter_8596176485078938483:26536800
BruceChen 21:49:24.172 [main] INFO  edu.bjut.boudia.myMain - meter_8135783006719988753:repMsg
BruceChen 21:49:24.172 [main] INFO  edu.bjut.boudia.myMain - meter_8135783006719988753:26512300
BruceChen 21:49:24.172 [main] INFO  edu.bjut.boudia.myMain - meter_4009253253032992215:repMsg
BruceChen 21:49:24.172 [main] INFO  edu.bjut.boudia.myMain - meter_4009253253032992215:26668900
BruceChen 21:49:24.172 [main] INFO  edu.bjut.boudia.myMain - meter_5840939929172147563:repMsg
BruceChen 21:49:24.172 [main] INFO  edu.bjut.boudia.myMain - meter_5840939929172147563:26540500
BruceChen 21:49:24.172 [main] INFO  edu.bjut.boudia.myMain - meter_2681231277174925403:repMsg
BruceChen 21:49:24.172 [main] INFO  edu.bjut.boudia.myMain - meter_2681231277174925403:26514700
BruceChen 21:49:24.172 [main] INFO  edu.bjut.boudia.myMain - meter_8794506514045247675:repMsg
BruceChen 21:49:24.172 [main] INFO  edu.bjut.boudia.myMain - meter_8794506514045247675:26632100
BruceChen 21:49:24.172 [main] INFO  edu.bjut.boudia.myMain - meter_246988351929869117:repMsg
BruceChen 21:49:24.172 [main] INFO  edu.bjut.boudia.myMain - meter_246988351929869117:29949200
BruceChen 21:49:24.172 [main] INFO  edu.bjut.boudia.myMain - meter_2863040495198022397:repMsg
BruceChen 21:49:24.172 [main] INFO  edu.bjut.boudia.myMain - meter_2863040495198022397:26749100
BruceChen 21:49:24.172 [main] INFO  edu.bjut.boudia.myMain - meter_4307684173229680295:repMsg
BruceChen 21:49:24.172 [main] INFO  edu.bjut.boudia.myMain - meter_4307684173229680295:26891400
BruceChen 21:49:24.172 [main] INFO  edu.bjut.boudia.myMain - meter_8195952746185678569:repMsg
BruceChen 21:49:24.172 [main] INFO  edu.bjut.boudia.myMain - meter_8195952746185678569:26522200
BruceChen 21:49:24.172 [main] INFO  edu.bjut.boudia.myMain - meter_5634677018129667121:repMsg
BruceChen 21:49:24.172 [main] INFO  edu.bjut.boudia.myMain - meter_5634677018129667121:26714500
BruceChen 21:49:24.172 [main] INFO  edu.bjut.boudia.myMain - meter_8888376492474490727:repMsg
BruceChen 21:49:24.172 [main] INFO  edu.bjut.boudia.myMain - meter_8888376492474490727:26378100
BruceChen 21:49:24.172 [main] INFO  edu.bjut.boudia.myMain - meter_5173751446184064507:repMsg
BruceChen 21:49:24.172 [main] INFO  edu.bjut.boudia.myMain - meter_5173751446184064507:26413300
BruceChen 21:49:24.172 [main] INFO  edu.bjut.boudia.myMain - meter_1006402065212747703:repMsg
BruceChen 21:49:24.172 [main] INFO  edu.bjut.boudia.myMain - meter_1006402065212747703:26632200
BruceChen 21:49:24.172 [main] INFO  edu.bjut.boudia.myMain - meter_5772758927781429377:repMsg
BruceChen 21:49:24.172 [main] INFO  edu.bjut.boudia.myMain - meter_5772758927781429377:26386100
BruceChen 21:49:24.172 [main] INFO  edu.bjut.boudia.myMain - meter_1868194046541301913:repMsg
BruceChen 21:49:24.172 [main] INFO  edu.bjut.boudia.myMain - meter_1868194046541301913:26705600
BruceChen 21:49:24.172 [main] INFO  edu.bjut.boudia.myMain - meter_3403277429462830221:repMsg
BruceChen 21:49:24.172 [main] INFO  edu.bjut.boudia.myMain - meter_3403277429462830221:26597400
BruceChen 21:49:24.172 [main] INFO  edu.bjut.boudia.myMain - meter_5328800121205774093:repMsg
BruceChen 21:49:24.172 [main] INFO  edu.bjut.boudia.myMain - meter_5328800121205774093:26718000
BruceChen 21:49:24.172 [main] INFO  edu.bjut.boudia.myMain - meter_343463637393861869:repMsg
BruceChen 21:49:24.172 [main] INFO  edu.bjut.boudia.myMain - meter_343463637393861869:26528600
BruceChen 21:49:24.172 [main] INFO  edu.bjut.boudia.myMain - meter_7464831677129256513:repMsg
BruceChen 21:49:24.172 [main] INFO  edu.bjut.boudia.myMain - meter_7464831677129256513:26862300
BruceChen 21:49:24.172 [main] INFO  edu.bjut.boudia.myMain - meter_1065444909480287377:repMsg
BruceChen 21:49:24.172 [main] INFO  edu.bjut.boudia.myMain - meter_1065444909480287377:26731200
BruceChen 21:49:24.172 [main] INFO  edu.bjut.boudia.myMain - meter_4434952770181869527:repMsg
BruceChen 21:49:24.172 [main] INFO  edu.bjut.boudia.myMain - meter_4434952770181869527:26181800
BruceChen 21:49:24.172 [main] INFO  edu.bjut.boudia.myMain - meter_111078960043909149:repMsg
BruceChen 21:49:24.172 [main] INFO  edu.bjut.boudia.myMain - meter_111078960043909149:26595200
BruceChen 21:49:24.172 [main] INFO  edu.bjut.boudia.myMain - meter_973618369276051495:repMsg
BruceChen 21:49:24.172 [main] INFO  edu.bjut.boudia.myMain - meter_973618369276051495:26476300
BruceChen 21:49:24.172 [main] INFO  edu.bjut.boudia.myMain - meter_4665102196437364075:repMsg
BruceChen 21:49:24.172 [main] INFO  edu.bjut.boudia.myMain - meter_4665102196437364075:26377300
BruceChen 21:49:24.172 [main] INFO  edu.bjut.boudia.myMain - meter_5257236929793877455:repMsg
BruceChen 21:49:24.172 [main] INFO  edu.bjut.boudia.myMain - meter_5257236929793877455:26623300
BruceChen 21:49:24.172 [main] INFO  edu.bjut.boudia.myMain - meter_9042563775305313147:repMsg
BruceChen 21:49:24.172 [main] INFO  edu.bjut.boudia.myMain - meter_9042563775305313147:26509500
BruceChen 21:49:24.172 [main] INFO  edu.bjut.boudia.myMain - meter_8010563152059784689:repMsg
BruceChen 21:49:24.172 [main] INFO  edu.bjut.boudia.myMain - meter_8010563152059784689:26418300
BruceChen 21:49:24.172 [main] INFO  edu.bjut.boudia.myMain - meter_5641072245376062797:repMsg
BruceChen 21:49:24.172 [main] INFO  edu.bjut.boudia.myMain - meter_5641072245376062797:26676000
BruceChen 21:49:24.172 [main] INFO  edu.bjut.boudia.myMain - meter_8658809897238822199:repMsg
BruceChen 21:49:24.172 [main] INFO  edu.bjut.boudia.myMain - meter_8658809897238822199:26533100
BruceChen 21:49:28.055 [main] INFO  edu.bjut.boudia.myMain - oneTimeMeterRegTime
BruceChen 21:49:28.727 [main] INFO  edu.bjut.boudia.myMain - server:pubkey
BruceChen 21:49:28.727 [main] INFO  edu.bjut.boudia.myMain - server:1200
BruceChen 21:49:28.727 [main] INFO  edu.bjut.boudia.myMain - agg:regMsg,regMsg,regMsg,regMsg,regMsg,regMsg,regMsg,regMsg,regMsg,regMsg,regMsg,regMsg,regMsg,regMsg,regMsg,regMsg,regMsg,regMsg,regMsg,regMsg,regMsg,regMsg,regMsg,regMsg,regMsg,regMsg,regMsg,regMsg,regMsg,regMsg,regMsg,regMsg,regMsg,regMsg,regMsg,regMsg,regMsg,regMsg,regMsg,regMsg,regMsg,regMsg,regMsg,regMsg,regMsg,regMsg,regMsg,regMsg,regMsg,regMsg
BruceChen 21:49:28.727 [main] INFO  edu.bjut.boudia.myMain - agg:6680400,6658200,6694400,6675300,6667100,6645500,6695800,6678400,6658400,6670800,6668700,6677300,6658400,6668700,6645200,6684700,6658100,6674700,6689300,6660700,6662500,6691200,6641300,6675000,6659500,6683200,6702200,6672200,6672200,6675500,6723100,6737500,6680800,6673500,6691400,6692900,6679100,6680100,6656000,6679700,6682100,6694600,6794200,6666900,6653700,6651400,6737600,6663900,6689500,6704700
BruceChen 21:49:28.727 [main] INFO  edu.bjut.boudia.myMain - meter_5683968886478675051:regMsg,reg_backagg,reg_cc
BruceChen 21:49:28.727 [main] INFO  edu.bjut.boudia.myMain - meter_5683968886478675051:600,6648400,600
BruceChen 21:49:28.727 [main] INFO  edu.bjut.boudia.myMain - meter_2083347892373523119:regMsg,reg_backagg,reg_cc
BruceChen 21:49:28.727 [main] INFO  edu.bjut.boudia.myMain - meter_2083347892373523119:500,6563600,300
BruceChen 21:49:28.727 [main] INFO  edu.bjut.boudia.myMain - meter_7291669307133226355:regMsg,reg_backagg,reg_cc
BruceChen 21:49:28.727 [main] INFO  edu.bjut.boudia.myMain - meter_7291669307133226355:400,6658500,400
BruceChen 21:49:28.727 [main] INFO  edu.bjut.boudia.myMain - meter_4869637232079010735:regMsg,reg_backagg,reg_cc
BruceChen 21:49:28.727 [main] INFO  edu.bjut.boudia.myMain - meter_4869637232079010735:300,6579400,400
BruceChen 21:49:28.727 [main] INFO  edu.bjut.boudia.myMain - meter_8014215718353809253:regMsg,reg_backagg,reg_cc
BruceChen 21:49:28.727 [main] INFO  edu.bjut.boudia.myMain - meter_8014215718353809253:300,6514800,300
BruceChen 21:49:28.727 [main] INFO  edu.bjut.boudia.myMain - meter_4534796415426615445:regMsg,reg_backagg,reg_cc
BruceChen 21:49:28.727 [main] INFO  edu.bjut.boudia.myMain - meter_4534796415426615445:300,6606600,300
BruceChen 21:49:28.727 [main] INFO  edu.bjut.boudia.myMain - meter_1632955711624727613:regMsg,reg_backagg,reg_cc
BruceChen 21:49:28.727 [main] INFO  edu.bjut.boudia.myMain - meter_1632955711624727613:2700,6455700,300
BruceChen 21:49:28.727 [main] INFO  edu.bjut.boudia.myMain - meter_4450177213776509581:regMsg,reg_backagg,reg_cc
BruceChen 21:49:28.727 [main] INFO  edu.bjut.boudia.myMain - meter_4450177213776509581:400,6670700,5900
BruceChen 21:49:28.727 [main] INFO  edu.bjut.boudia.myMain - meter_1225177515628516789:regMsg,reg_backagg,reg_cc
BruceChen 21:49:28.727 [main] INFO  edu.bjut.boudia.myMain - meter_1225177515628516789:500,6684000,900
BruceChen 21:49:28.727 [main] INFO  edu.bjut.boudia.myMain - meter_5549758006901951495:regMsg,reg_backagg,reg_cc
BruceChen 21:49:28.727 [main] INFO  edu.bjut.boudia.myMain - meter_5549758006901951495:700,6548200,200
BruceChen 21:49:28.727 [main] INFO  edu.bjut.boudia.myMain - meter_3730735956677774105:regMsg,reg_backagg,reg_cc
BruceChen 21:49:28.727 [main] INFO  edu.bjut.boudia.myMain - meter_3730735956677774105:400,6641000,500
BruceChen 21:49:28.727 [main] INFO  edu.bjut.boudia.myMain - meter_8245228979213980929:regMsg,reg_backagg,reg_cc
BruceChen 21:49:28.727 [main] INFO  edu.bjut.boudia.myMain - meter_8245228979213980929:700,6552100,300
BruceChen 21:49:28.727 [main] INFO  edu.bjut.boudia.myMain - meter_3947861579359519593:regMsg,reg_backagg,reg_cc
BruceChen 21:49:28.727 [main] INFO  edu.bjut.boudia.myMain - meter_3947861579359519593:500,6636400,300
BruceChen 21:49:28.727 [main] INFO  edu.bjut.boudia.myMain - meter_6544924871928782527:regMsg,reg_backagg,reg_cc
BruceChen 21:49:28.727 [main] INFO  edu.bjut.boudia.myMain - meter_6544924871928782527:500,6617600,200
BruceChen 21:49:28.727 [main] INFO  edu.bjut.boudia.myMain - meter_1755557895122469369:regMsg,reg_backagg,reg_cc
BruceChen 21:49:28.727 [main] INFO  edu.bjut.boudia.myMain - meter_1755557895122469369:500,6602200,200
BruceChen 21:49:28.727 [main] INFO  edu.bjut.boudia.myMain - meter_2401824138410651903:regMsg,reg_backagg,reg_cc
BruceChen 21:49:28.727 [main] INFO  edu.bjut.boudia.myMain - meter_2401824138410651903:300,6596300,200
BruceChen 21:49:28.727 [main] INFO  edu.bjut.boudia.myMain - meter_2020228028519863371:regMsg,reg_backagg,reg_cc
BruceChen 21:49:28.727 [main] INFO  edu.bjut.boudia.myMain - meter_2020228028519863371:300,6584000,200
BruceChen 21:49:28.727 [main] INFO  edu.bjut.boudia.myMain - meter_5454325740673465983:regMsg,reg_backagg,reg_cc
BruceChen 21:49:28.727 [main] INFO  edu.bjut.boudia.myMain - meter_5454325740673465983:300,6542100,300
BruceChen 21:49:28.727 [main] INFO  edu.bjut.boudia.myMain - meter_2348647235890335091:regMsg,reg_backagg,reg_cc
BruceChen 21:49:28.727 [main] INFO  edu.bjut.boudia.myMain - meter_2348647235890335091:300,6565500,200
BruceChen 21:49:28.727 [main] INFO  edu.bjut.boudia.myMain - meter_8601461056680056931:regMsg,reg_backagg,reg_cc
BruceChen 21:49:28.727 [main] INFO  edu.bjut.boudia.myMain - meter_8601461056680056931:300,6590700,200
BruceChen 21:49:28.727 [main] INFO  edu.bjut.boudia.myMain - meter_5318114339420879211:regMsg,reg_backagg,reg_cc
BruceChen 21:49:28.727 [main] INFO  edu.bjut.boudia.myMain - meter_5318114339420879211:400,6643600,200
BruceChen 21:49:28.727 [main] INFO  edu.bjut.boudia.myMain - meter_2743177393935391817:regMsg,reg_backagg,reg_cc
BruceChen 21:49:28.727 [main] INFO  edu.bjut.boudia.myMain - meter_2743177393935391817:300,6607600,200
BruceChen 21:49:28.727 [main] INFO  edu.bjut.boudia.myMain - meter_2049404634462360593:regMsg,reg_backagg,reg_cc
BruceChen 21:49:28.727 [main] INFO  edu.bjut.boudia.myMain - meter_2049404634462360593:400,6556400,300
BruceChen 21:49:28.727 [main] INFO  edu.bjut.boudia.myMain - meter_6639012516746262761:regMsg,reg_backagg,reg_cc
BruceChen 21:49:28.727 [main] INFO  edu.bjut.boudia.myMain - meter_6639012516746262761:400,6501700,500
BruceChen 21:49:28.727 [main] INFO  edu.bjut.boudia.myMain - meter_8425264368777256017:regMsg,reg_backagg,reg_cc
BruceChen 21:49:28.727 [main] INFO  edu.bjut.boudia.myMain - meter_8425264368777256017:800,6619500,400
BruceChen 21:49:28.727 [main] INFO  edu.bjut.boudia.myMain - meter_62566180323366481:regMsg,reg_backagg,reg_cc
BruceChen 21:49:28.727 [main] INFO  edu.bjut.boudia.myMain - meter_62566180323366481:700,6569500,200
BruceChen 21:49:28.727 [main] INFO  edu.bjut.boudia.myMain - meter_4733920227051340521:regMsg,reg_backagg,reg_cc
BruceChen 21:49:28.727 [main] INFO  edu.bjut.boudia.myMain - meter_4733920227051340521:400,6576400,200
BruceChen 21:49:28.727 [main] INFO  edu.bjut.boudia.myMain - meter_1204249442803198947:regMsg,reg_backagg,reg_cc
BruceChen 21:49:28.727 [main] INFO  edu.bjut.boudia.myMain - meter_1204249442803198947:400,6480600,200
BruceChen 21:49:28.727 [main] INFO  edu.bjut.boudia.myMain - meter_6765095167128569869:regMsg,reg_backagg,reg_cc
BruceChen 21:49:28.727 [main] INFO  edu.bjut.boudia.myMain - meter_6765095167128569869:300,9202500,600
BruceChen 21:49:28.727 [main] INFO  edu.bjut.boudia.myMain - meter_6412189901305855695:regMsg,reg_backagg,reg_cc
BruceChen 21:49:28.727 [main] INFO  edu.bjut.boudia.myMain - meter_6412189901305855695:800,6518700,400
BruceChen 21:49:28.727 [main] INFO  edu.bjut.boudia.myMain - meter_206405500053275351:regMsg,reg_backagg,reg_cc
BruceChen 21:49:28.727 [main] INFO  edu.bjut.boudia.myMain - meter_206405500053275351:600,6579200,300
BruceChen 21:49:28.727 [main] INFO  edu.bjut.boudia.myMain - meter_3342621051083665135:regMsg,reg_backagg,reg_cc
BruceChen 21:49:28.727 [main] INFO  edu.bjut.boudia.myMain - meter_3342621051083665135:600,6598300,400
BruceChen 21:49:28.727 [main] INFO  edu.bjut.boudia.myMain - meter_7786823840194948259:regMsg,reg_backagg,reg_cc
BruceChen 21:49:28.727 [main] INFO  edu.bjut.boudia.myMain - meter_7786823840194948259:800,6611400,200
BruceChen 21:49:28.727 [main] INFO  edu.bjut.boudia.myMain - meter_7237187154809584253:regMsg,reg_backagg,reg_cc
BruceChen 21:49:28.727 [main] INFO  edu.bjut.boudia.myMain - meter_7237187154809584253:600,6559800,200
BruceChen 21:49:28.727 [main] INFO  edu.bjut.boudia.myMain - meter_2038519140135587133:regMsg,reg_backagg,reg_cc
BruceChen 21:49:28.727 [main] INFO  edu.bjut.boudia.myMain - meter_2038519140135587133:600,6588900,300
BruceChen 21:49:28.727 [main] INFO  edu.bjut.boudia.myMain - meter_969097316259329669:regMsg,reg_backagg,reg_cc
BruceChen 21:49:28.727 [main] INFO  edu.bjut.boudia.myMain - meter_969097316259329669:800,6580400,200
BruceChen 21:49:28.727 [main] INFO  edu.bjut.boudia.myMain - meter_6209700467640237081:regMsg,reg_backagg,reg_cc
BruceChen 21:49:28.727 [main] INFO  edu.bjut.boudia.myMain - meter_6209700467640237081:400,6538500,300
BruceChen 21:49:28.727 [main] INFO  edu.bjut.boudia.myMain - meter_5164369804384253605:regMsg,reg_backagg,reg_cc
BruceChen 21:49:28.727 [main] INFO  edu.bjut.boudia.myMain - meter_5164369804384253605:400,6593200,200
BruceChen 21:49:28.727 [main] INFO  edu.bjut.boudia.myMain - meter_8128729051748189191:regMsg,reg_backagg,reg_cc
BruceChen 21:49:28.727 [main] INFO  edu.bjut.boudia.myMain - meter_8128729051748189191:200,6660600,200
BruceChen 21:49:28.727 [main] INFO  edu.bjut.boudia.myMain - meter_4788863233096333689:regMsg,reg_backagg,reg_cc
BruceChen 21:49:28.727 [main] INFO  edu.bjut.boudia.myMain - meter_4788863233096333689:200,6615200,200
BruceChen 21:49:28.727 [main] INFO  edu.bjut.boudia.myMain - meter_1623379989888285797:regMsg,reg_backagg,reg_cc
BruceChen 21:49:28.727 [main] INFO  edu.bjut.boudia.myMain - meter_1623379989888285797:300,6467500,100
BruceChen 21:49:28.727 [main] INFO  edu.bjut.boudia.myMain - meter_3688905489230569695:regMsg,reg_backagg,reg_cc
BruceChen 21:49:28.727 [main] INFO  edu.bjut.boudia.myMain - meter_3688905489230569695:200,6529200,200
BruceChen 21:49:28.727 [main] INFO  edu.bjut.boudia.myMain - meter_3082212260133551615:regMsg,reg_backagg,reg_cc
BruceChen 21:49:28.727 [main] INFO  edu.bjut.boudia.myMain - meter_3082212260133551615:500,6671900,200
BruceChen 21:49:28.727 [main] INFO  edu.bjut.boudia.myMain - meter_1124976889444187179:regMsg,reg_backagg,reg_cc
BruceChen 21:49:28.727 [main] INFO  edu.bjut.boudia.myMain - meter_1124976889444187179:600,6578800,200
BruceChen 21:49:28.727 [main] INFO  edu.bjut.boudia.myMain - meter_5419108095267707205:regMsg,reg_backagg,reg_cc
BruceChen 21:49:28.727 [main] INFO  edu.bjut.boudia.myMain - meter_5419108095267707205:300,6582000,200
BruceChen 21:49:28.727 [main] INFO  edu.bjut.boudia.myMain - meter_8309909242119764603:regMsg,reg_backagg,reg_cc
BruceChen 21:49:28.727 [main] INFO  edu.bjut.boudia.myMain - meter_8309909242119764603:400,6603400,100
BruceChen 21:49:28.727 [main] INFO  edu.bjut.boudia.myMain - meter_8063475174298164277:regMsg,reg_backagg,reg_cc
BruceChen 21:49:28.727 [main] INFO  edu.bjut.boudia.myMain - meter_8063475174298164277:400,6598400,200
BruceChen 21:49:28.727 [main] INFO  edu.bjut.boudia.myMain - meter_2357513421791711609:regMsg,reg_backagg,reg_cc
BruceChen 21:49:28.727 [main] INFO  edu.bjut.boudia.myMain - meter_2357513421791711609:400,6641400,200
BruceChen 21:49:28.727 [main] INFO  edu.bjut.boudia.myMain - meter_4765177012016357999:regMsg,reg_backagg,reg_cc
BruceChen 21:49:28.727 [main] INFO  edu.bjut.boudia.myMain - meter_4765177012016357999:400,6706200,400
BruceChen 21:49:28.727 [main] INFO  edu.bjut.boudia.myMain - meter_4709813942386267667:regMsg,reg_backagg,reg_cc
BruceChen 21:49:28.727 [main] INFO  edu.bjut.boudia.myMain - meter_4709813942386267667:700,6478500,300
BruceChen 21:49:29.401 [main] INFO  edu.bjut.boudia.myMain - oneTimeMeterRepTime
BruceChen 21:49:31.122 [main] INFO  edu.bjut.boudia.myMain - server:repMsg
BruceChen 21:49:31.122 [main] INFO  edu.bjut.boudia.myMain - server:32510300
BruceChen 21:49:31.122 [main] INFO  edu.bjut.boudia.myMain - agg:repMsg
BruceChen 21:49:31.122 [main] INFO  edu.bjut.boudia.myMain - agg:350821300
BruceChen 21:49:31.122 [main] INFO  edu.bjut.boudia.myMain - meter_5683968886478675051:repMsg
BruceChen 21:49:31.122 [main] INFO  edu.bjut.boudia.myMain - meter_5683968886478675051:26498600
BruceChen 21:49:31.122 [main] INFO  edu.bjut.boudia.myMain - meter_2083347892373523119:repMsg
BruceChen 21:49:31.122 [main] INFO  edu.bjut.boudia.myMain - meter_2083347892373523119:26687600
BruceChen 21:49:31.122 [main] INFO  edu.bjut.boudia.myMain - meter_7291669307133226355:repMsg
BruceChen 21:49:31.122 [main] INFO  edu.bjut.boudia.myMain - meter_7291669307133226355:26445000
BruceChen 21:49:31.122 [main] INFO  edu.bjut.boudia.myMain - meter_4869637232079010735:repMsg
BruceChen 21:49:31.122 [main] INFO  edu.bjut.boudia.myMain - meter_4869637232079010735:26408800
BruceChen 21:49:31.122 [main] INFO  edu.bjut.boudia.myMain - meter_8014215718353809253:repMsg
BruceChen 21:49:31.122 [main] INFO  edu.bjut.boudia.myMain - meter_8014215718353809253:26346700
BruceChen 21:49:31.122 [main] INFO  edu.bjut.boudia.myMain - meter_4534796415426615445:repMsg
BruceChen 21:49:31.122 [main] INFO  edu.bjut.boudia.myMain - meter_4534796415426615445:26638600
BruceChen 21:49:31.122 [main] INFO  edu.bjut.boudia.myMain - meter_1632955711624727613:repMsg
BruceChen 21:49:31.122 [main] INFO  edu.bjut.boudia.myMain - meter_1632955711624727613:26622200
BruceChen 21:49:31.122 [main] INFO  edu.bjut.boudia.myMain - meter_4450177213776509581:repMsg
BruceChen 21:49:31.122 [main] INFO  edu.bjut.boudia.myMain - meter_4450177213776509581:26385200
BruceChen 21:49:31.122 [main] INFO  edu.bjut.boudia.myMain - meter_1225177515628516789:repMsg
BruceChen 21:49:31.122 [main] INFO  edu.bjut.boudia.myMain - meter_1225177515628516789:26676800
BruceChen 21:49:31.122 [main] INFO  edu.bjut.boudia.myMain - meter_5549758006901951495:repMsg
BruceChen 21:49:31.122 [main] INFO  edu.bjut.boudia.myMain - meter_5549758006901951495:26607800
BruceChen 21:49:31.122 [main] INFO  edu.bjut.boudia.myMain - meter_3730735956677774105:repMsg
BruceChen 21:49:31.122 [main] INFO  edu.bjut.boudia.myMain - meter_3730735956677774105:26549500
BruceChen 21:49:31.122 [main] INFO  edu.bjut.boudia.myMain - meter_8245228979213980929:repMsg
BruceChen 21:49:31.122 [main] INFO  edu.bjut.boudia.myMain - meter_8245228979213980929:26556800
BruceChen 21:49:31.122 [main] INFO  edu.bjut.boudia.myMain - meter_3947861579359519593:repMsg
BruceChen 21:49:31.122 [main] INFO  edu.bjut.boudia.myMain - meter_3947861579359519593:26492200
BruceChen 21:49:31.122 [main] INFO  edu.bjut.boudia.myMain - meter_6544924871928782527:repMsg
BruceChen 21:49:31.122 [main] INFO  edu.bjut.boudia.myMain - meter_6544924871928782527:26541000
BruceChen 21:49:31.122 [main] INFO  edu.bjut.boudia.myMain - meter_1755557895122469369:repMsg
BruceChen 21:49:31.122 [main] INFO  edu.bjut.boudia.myMain - meter_1755557895122469369:26635600
BruceChen 21:49:31.122 [main] INFO  edu.bjut.boudia.myMain - meter_2401824138410651903:repMsg
BruceChen 21:49:31.122 [main] INFO  edu.bjut.boudia.myMain - meter_2401824138410651903:26696900
BruceChen 21:49:31.122 [main] INFO  edu.bjut.boudia.myMain - meter_2020228028519863371:repMsg
BruceChen 21:49:31.122 [main] INFO  edu.bjut.boudia.myMain - meter_2020228028519863371:26605600
BruceChen 21:49:31.122 [main] INFO  edu.bjut.boudia.myMain - meter_5454325740673465983:repMsg
BruceChen 21:49:31.122 [main] INFO  edu.bjut.boudia.myMain - meter_5454325740673465983:26401300
BruceChen 21:49:31.122 [main] INFO  edu.bjut.boudia.myMain - meter_2348647235890335091:repMsg
BruceChen 21:49:31.122 [main] INFO  edu.bjut.boudia.myMain - meter_2348647235890335091:29387900
BruceChen 21:49:31.122 [main] INFO  edu.bjut.boudia.myMain - meter_8601461056680056931:repMsg
BruceChen 21:49:31.122 [main] INFO  edu.bjut.boudia.myMain - meter_8601461056680056931:26896600
BruceChen 21:49:31.122 [main] INFO  edu.bjut.boudia.myMain - meter_5318114339420879211:repMsg
BruceChen 21:49:31.122 [main] INFO  edu.bjut.boudia.myMain - meter_5318114339420879211:26497100
BruceChen 21:49:31.122 [main] INFO  edu.bjut.boudia.myMain - meter_2743177393935391817:repMsg
BruceChen 21:49:31.122 [main] INFO  edu.bjut.boudia.myMain - meter_2743177393935391817:26374800
BruceChen 21:49:31.122 [main] INFO  edu.bjut.boudia.myMain - meter_2049404634462360593:repMsg
BruceChen 21:49:31.122 [main] INFO  edu.bjut.boudia.myMain - meter_2049404634462360593:26585900
BruceChen 21:49:31.122 [main] INFO  edu.bjut.boudia.myMain - meter_6639012516746262761:repMsg
BruceChen 21:49:31.122 [main] INFO  edu.bjut.boudia.myMain - meter_6639012516746262761:26630800
BruceChen 21:49:31.122 [main] INFO  edu.bjut.boudia.myMain - meter_8425264368777256017:repMsg
BruceChen 21:49:31.122 [main] INFO  edu.bjut.boudia.myMain - meter_8425264368777256017:26633800
BruceChen 21:49:31.122 [main] INFO  edu.bjut.boudia.myMain - meter_62566180323366481:repMsg
BruceChen 21:49:31.122 [main] INFO  edu.bjut.boudia.myMain - meter_62566180323366481:26440700
BruceChen 21:49:31.122 [main] INFO  edu.bjut.boudia.myMain - meter_4733920227051340521:repMsg
BruceChen 21:49:31.122 [main] INFO  edu.bjut.boudia.myMain - meter_4733920227051340521:26500100
BruceChen 21:49:31.122 [main] INFO  edu.bjut.boudia.myMain - meter_1204249442803198947:repMsg
BruceChen 21:49:31.122 [main] INFO  edu.bjut.boudia.myMain - meter_1204249442803198947:26467500
BruceChen 21:49:31.122 [main] INFO  edu.bjut.boudia.myMain - meter_6765095167128569869:repMsg
BruceChen 21:49:31.122 [main] INFO  edu.bjut.boudia.myMain - meter_6765095167128569869:26515200
BruceChen 21:49:31.122 [main] INFO  edu.bjut.boudia.myMain - meter_6412189901305855695:repMsg
BruceChen 21:49:31.122 [main] INFO  edu.bjut.boudia.myMain - meter_6412189901305855695:26601700
BruceChen 21:49:31.122 [main] INFO  edu.bjut.boudia.myMain - meter_206405500053275351:repMsg
BruceChen 21:49:31.122 [main] INFO  edu.bjut.boudia.myMain - meter_206405500053275351:26431600
BruceChen 21:49:31.122 [main] INFO  edu.bjut.boudia.myMain - meter_3342621051083665135:repMsg
BruceChen 21:49:31.122 [main] INFO  edu.bjut.boudia.myMain - meter_3342621051083665135:26431500
BruceChen 21:49:31.122 [main] INFO  edu.bjut.boudia.myMain - meter_7786823840194948259:repMsg
BruceChen 21:49:31.122 [main] INFO  edu.bjut.boudia.myMain - meter_7786823840194948259:26524600
BruceChen 21:49:31.122 [main] INFO  edu.bjut.boudia.myMain - meter_7237187154809584253:repMsg
BruceChen 21:49:31.122 [main] INFO  edu.bjut.boudia.myMain - meter_7237187154809584253:26617800
BruceChen 21:49:31.122 [main] INFO  edu.bjut.boudia.myMain - meter_2038519140135587133:repMsg
BruceChen 21:49:31.122 [main] INFO  edu.bjut.boudia.myMain - meter_2038519140135587133:26452500
BruceChen 21:49:31.122 [main] INFO  edu.bjut.boudia.myMain - meter_969097316259329669:repMsg
BruceChen 21:49:31.122 [main] INFO  edu.bjut.boudia.myMain - meter_969097316259329669:26365600
BruceChen 21:49:31.122 [main] INFO  edu.bjut.boudia.myMain - meter_6209700467640237081:repMsg
BruceChen 21:49:31.122 [main] INFO  edu.bjut.boudia.myMain - meter_6209700467640237081:26454200
BruceChen 21:49:31.122 [main] INFO  edu.bjut.boudia.myMain - meter_5164369804384253605:repMsg
BruceChen 21:49:31.122 [main] INFO  edu.bjut.boudia.myMain - meter_5164369804384253605:26555200
BruceChen 21:49:31.122 [main] INFO  edu.bjut.boudia.myMain - meter_8128729051748189191:repMsg
BruceChen 21:49:31.122 [main] INFO  edu.bjut.boudia.myMain - meter_8128729051748189191:26263600
BruceChen 21:49:31.122 [main] INFO  edu.bjut.boudia.myMain - meter_4788863233096333689:repMsg
BruceChen 21:49:31.122 [main] INFO  edu.bjut.boudia.myMain - meter_4788863233096333689:26487200
BruceChen 21:49:31.122 [main] INFO  edu.bjut.boudia.myMain - meter_1623379989888285797:repMsg
BruceChen 21:49:31.122 [main] INFO  edu.bjut.boudia.myMain - meter_1623379989888285797:26535000
BruceChen 21:49:31.122 [main] INFO  edu.bjut.boudia.myMain - meter_3688905489230569695:repMsg
BruceChen 21:49:31.122 [main] INFO  edu.bjut.boudia.myMain - meter_3688905489230569695:26541000
BruceChen 21:49:31.122 [main] INFO  edu.bjut.boudia.myMain - meter_3082212260133551615:repMsg
BruceChen 21:49:31.122 [main] INFO  edu.bjut.boudia.myMain - meter_3082212260133551615:26440500
BruceChen 21:49:31.122 [main] INFO  edu.bjut.boudia.myMain - meter_1124976889444187179:repMsg
BruceChen 21:49:31.122 [main] INFO  edu.bjut.boudia.myMain - meter_1124976889444187179:26478300
BruceChen 21:49:31.122 [main] INFO  edu.bjut.boudia.myMain - meter_5419108095267707205:repMsg
BruceChen 21:49:31.122 [main] INFO  edu.bjut.boudia.myMain - meter_5419108095267707205:28839700
BruceChen 21:49:31.122 [main] INFO  edu.bjut.boudia.myMain - meter_8309909242119764603:repMsg
BruceChen 21:49:31.122 [main] INFO  edu.bjut.boudia.myMain - meter_8309909242119764603:38205800
BruceChen 21:49:31.122 [main] INFO  edu.bjut.boudia.myMain - meter_8063475174298164277:repMsg
BruceChen 21:49:31.122 [main] INFO  edu.bjut.boudia.myMain - meter_8063475174298164277:26200300
BruceChen 21:49:31.122 [main] INFO  edu.bjut.boudia.myMain - meter_2357513421791711609:repMsg
BruceChen 21:49:31.122 [main] INFO  edu.bjut.boudia.myMain - meter_2357513421791711609:26516200
BruceChen 21:49:31.122 [main] INFO  edu.bjut.boudia.myMain - meter_4765177012016357999:repMsg
BruceChen 21:49:31.122 [main] INFO  edu.bjut.boudia.myMain - meter_4765177012016357999:26648000
BruceChen 21:49:31.122 [main] INFO  edu.bjut.boudia.myMain - meter_4709813942386267667:repMsg
BruceChen 21:49:31.122 [main] INFO  edu.bjut.boudia.myMain - meter_4709813942386267667:26714200
BruceChen 21:49:33.474 [main] INFO  edu.bjut.boudia.myMain - oneTimeMeterRegTime
BruceChen 21:49:34.005 [main] INFO  edu.bjut.boudia.myMain - server:pubkey
BruceChen 21:49:34.005 [main] INFO  edu.bjut.boudia.myMain - server:900
BruceChen 21:49:34.005 [main] INFO  edu.bjut.boudia.myMain - agg:regMsg,regMsg,regMsg,regMsg,regMsg,regMsg,regMsg,regMsg,regMsg,regMsg,regMsg,regMsg,regMsg,regMsg,regMsg,regMsg,regMsg,regMsg,regMsg,regMsg,regMsg,regMsg,regMsg,regMsg,regMsg,regMsg,regMsg,regMsg,regMsg,regMsg,regMsg,regMsg,regMsg,regMsg,regMsg,regMsg,regMsg,regMsg,regMsg,regMsg
BruceChen 21:49:34.005 [main] INFO  edu.bjut.boudia.myMain - agg:6681000,6655300,6691400,6646900,6671100,6664500,6645700,6635500,6676400,6684800,6649300,6693000,6652500,6676800,6660400,6673200,6676100,6663000,6684300,6650400,6664400,6660900,6650100,6661700,6735100,6680300,6679000,6664500,6669600,7260800,6505800,6487700,6479200,6520000,6676400,6689700,6702200,6672300,6652700,6658700
BruceChen 21:49:34.005 [main] INFO  edu.bjut.boudia.myMain - meter_3376591508426378295:regMsg,reg_backagg,reg_cc
BruceChen 21:49:34.005 [main] INFO  edu.bjut.boudia.myMain - meter_3376591508426378295:600,6539800,800
BruceChen 21:49:34.005 [main] INFO  edu.bjut.boudia.myMain - meter_1127365764742939599:regMsg,reg_backagg,reg_cc
BruceChen 21:49:34.005 [main] INFO  edu.bjut.boudia.myMain - meter_1127365764742939599:500,6560400,300
BruceChen 21:49:34.005 [main] INFO  edu.bjut.boudia.myMain - meter_6727866953784751931:regMsg,reg_backagg,reg_cc
BruceChen 21:49:34.005 [main] INFO  edu.bjut.boudia.myMain - meter_6727866953784751931:500,6487700,600
BruceChen 21:49:34.005 [main] INFO  edu.bjut.boudia.myMain - meter_4073996015311623765:regMsg,reg_backagg,reg_cc
BruceChen 21:49:34.005 [main] INFO  edu.bjut.boudia.myMain - meter_4073996015311623765:700,6595500,200
BruceChen 21:49:34.005 [main] INFO  edu.bjut.boudia.myMain - meter_1046201637908893073:regMsg,reg_backagg,reg_cc
BruceChen 21:49:34.005 [main] INFO  edu.bjut.boudia.myMain - meter_1046201637908893073:500,6537500,200
BruceChen 21:49:34.005 [main] INFO  edu.bjut.boudia.myMain - meter_5060069916835324733:regMsg,reg_backagg,reg_cc
BruceChen 21:49:34.005 [main] INFO  edu.bjut.boudia.myMain - meter_5060069916835324733:500,6531300,200
BruceChen 21:49:34.005 [main] INFO  edu.bjut.boudia.myMain - meter_4409744673207230195:regMsg,reg_backagg,reg_cc
BruceChen 21:49:34.005 [main] INFO  edu.bjut.boudia.myMain - meter_4409744673207230195:400,6574900,300
BruceChen 21:49:34.005 [main] INFO  edu.bjut.boudia.myMain - meter_648007792506404661:regMsg,reg_backagg,reg_cc
BruceChen 21:49:34.005 [main] INFO  edu.bjut.boudia.myMain - meter_648007792506404661:400,6571800,300
BruceChen 21:49:34.005 [main] INFO  edu.bjut.boudia.myMain - meter_2358123609653874343:regMsg,reg_backagg,reg_cc
BruceChen 21:49:34.005 [main] INFO  edu.bjut.boudia.myMain - meter_2358123609653874343:400,6629400,300
BruceChen 21:49:34.005 [main] INFO  edu.bjut.boudia.myMain - meter_2947565251693160281:regMsg,reg_backagg,reg_cc
BruceChen 21:49:34.005 [main] INFO  edu.bjut.boudia.myMain - meter_2947565251693160281:300,6558300,300
BruceChen 21:49:34.005 [main] INFO  edu.bjut.boudia.myMain - meter_6718517699797833781:regMsg,reg_backagg,reg_cc
BruceChen 21:49:34.005 [main] INFO  edu.bjut.boudia.myMain - meter_6718517699797833781:200,6585800,300
BruceChen 21:49:34.005 [main] INFO  edu.bjut.boudia.myMain - meter_1571094702130236325:regMsg,reg_backagg,reg_cc
BruceChen 21:49:34.005 [main] INFO  edu.bjut.boudia.myMain - meter_1571094702130236325:600,6680800,200
BruceChen 21:49:34.005 [main] INFO  edu.bjut.boudia.myMain - meter_2511319538039045057:regMsg,reg_backagg,reg_cc
BruceChen 21:49:34.005 [main] INFO  edu.bjut.boudia.myMain - meter_2511319538039045057:300,6565500,300
BruceChen 21:49:34.005 [main] INFO  edu.bjut.boudia.myMain - meter_4682277335768851213:regMsg,reg_backagg,reg_cc
BruceChen 21:49:34.005 [main] INFO  edu.bjut.boudia.myMain - meter_4682277335768851213:300,6602500,300
BruceChen 21:49:34.005 [main] INFO  edu.bjut.boudia.myMain - meter_8735187245357072743:regMsg,reg_backagg,reg_cc
BruceChen 21:49:34.005 [main] INFO  edu.bjut.boudia.myMain - meter_8735187245357072743:300,6475100,300
BruceChen 21:49:34.005 [main] INFO  edu.bjut.boudia.myMain - meter_585098457870470105:regMsg,reg_backagg,reg_cc
BruceChen 21:49:34.005 [main] INFO  edu.bjut.boudia.myMain - meter_585098457870470105:300,6568400,200
BruceChen 21:49:34.005 [main] INFO  edu.bjut.boudia.myMain - meter_7029663544890964661:regMsg,reg_backagg,reg_cc
BruceChen 21:49:34.005 [main] INFO  edu.bjut.boudia.myMain - meter_7029663544890964661:200,6656300,100
BruceChen 21:49:34.005 [main] INFO  edu.bjut.boudia.myMain - meter_3466740849136301853:regMsg,reg_backagg,reg_cc
BruceChen 21:49:34.005 [main] INFO  edu.bjut.boudia.myMain - meter_3466740849136301853:200,6615800,200
BruceChen 21:49:34.005 [main] INFO  edu.bjut.boudia.myMain - meter_6745781700364872243:regMsg,reg_backagg,reg_cc
BruceChen 21:49:34.005 [main] INFO  edu.bjut.boudia.myMain - meter_6745781700364872243:200,6481100,400
BruceChen 21:49:34.005 [main] INFO  edu.bjut.boudia.myMain - meter_7232297052069019713:regMsg,reg_backagg,reg_cc
BruceChen 21:49:34.005 [main] INFO  edu.bjut.boudia.myMain - meter_7232297052069019713:700,6547800,300
BruceChen 21:49:34.005 [main] INFO  edu.bjut.boudia.myMain - meter_72141337110549707:regMsg,reg_backagg,reg_cc
BruceChen 21:49:34.005 [main] INFO  edu.bjut.boudia.myMain - meter_72141337110549707:400,6624700,200
BruceChen 21:49:34.005 [main] INFO  edu.bjut.boudia.myMain - meter_3556203655605251045:regMsg,reg_backagg,reg_cc
BruceChen 21:49:34.005 [main] INFO  edu.bjut.boudia.myMain - meter_3556203655605251045:400,6601800,100
BruceChen 21:49:34.005 [main] INFO  edu.bjut.boudia.myMain - meter_9010768290605296015:regMsg,reg_backagg,reg_cc
BruceChen 21:49:34.005 [main] INFO  edu.bjut.boudia.myMain - meter_9010768290605296015:300,6572000,100
BruceChen 21:49:34.005 [main] INFO  edu.bjut.boudia.myMain - meter_5358004436786295621:regMsg,reg_backagg,reg_cc
BruceChen 21:49:34.005 [main] INFO  edu.bjut.boudia.myMain - meter_5358004436786295621:200,6565000,200
BruceChen 21:49:34.005 [main] INFO  edu.bjut.boudia.myMain - meter_3294297197674192523:regMsg,reg_backagg,reg_cc
BruceChen 21:49:34.005 [main] INFO  edu.bjut.boudia.myMain - meter_3294297197674192523:300,6561000,500
BruceChen 21:49:34.005 [main] INFO  edu.bjut.boudia.myMain - meter_2159640536477225081:regMsg,reg_backagg,reg_cc
BruceChen 21:49:34.005 [main] INFO  edu.bjut.boudia.myMain - meter_2159640536477225081:1000,6540900,200
BruceChen 21:49:34.005 [main] INFO  edu.bjut.boudia.myMain - meter_4935847910366432239:regMsg,reg_backagg,reg_cc
BruceChen 21:49:34.005 [main] INFO  edu.bjut.boudia.myMain - meter_4935847910366432239:400,6569300,100
BruceChen 21:49:34.005 [main] INFO  edu.bjut.boudia.myMain - meter_9144639768677063959:regMsg,reg_backagg,reg_cc
BruceChen 21:49:34.005 [main] INFO  edu.bjut.boudia.myMain - meter_9144639768677063959:300,6659100,200
BruceChen 21:49:34.005 [main] INFO  edu.bjut.boudia.myMain - meter_5665451905537983789:regMsg,reg_backagg,reg_cc
BruceChen 21:49:34.005 [main] INFO  edu.bjut.boudia.myMain - meter_5665451905537983789:300,6526200,100
BruceChen 21:49:34.005 [main] INFO  edu.bjut.boudia.myMain - meter_7068397140399279367:regMsg,reg_backagg,reg_cc
BruceChen 21:49:34.005 [main] INFO  edu.bjut.boudia.myMain - meter_7068397140399279367:300,6557700,200
BruceChen 21:49:34.005 [main] INFO  edu.bjut.boudia.myMain - meter_8614220444865960217:regMsg,reg_backagg,reg_cc
BruceChen 21:49:34.005 [main] INFO  edu.bjut.boudia.myMain - meter_8614220444865960217:400,6415500,200
BruceChen 21:49:34.005 [main] INFO  edu.bjut.boudia.myMain - meter_8580527204029505545:regMsg,reg_backagg,reg_cc
BruceChen 21:49:34.005 [main] INFO  edu.bjut.boudia.myMain - meter_8580527204029505545:300,6395000,200
BruceChen 21:49:34.005 [main] INFO  edu.bjut.boudia.myMain - meter_3194921632685688763:regMsg,reg_backagg,reg_cc
BruceChen 21:49:34.005 [main] INFO  edu.bjut.boudia.myMain - meter_3194921632685688763:300,6453200,200
BruceChen 21:49:34.005 [main] INFO  edu.bjut.boudia.myMain - meter_8015364016643630555:regMsg,reg_backagg,reg_cc
BruceChen 21:49:34.005 [main] INFO  edu.bjut.boudia.myMain - meter_8015364016643630555:200,6466600,100
BruceChen 21:49:34.005 [main] INFO  edu.bjut.boudia.myMain - meter_7124692315645083583:regMsg,reg_backagg,reg_cc
BruceChen 21:49:34.005 [main] INFO  edu.bjut.boudia.myMain - meter_7124692315645083583:12000,6638000,200
BruceChen 21:49:34.005 [main] INFO  edu.bjut.boudia.myMain - meter_8441913984698394277:regMsg,reg_backagg,reg_cc
BruceChen 21:49:34.005 [main] INFO  edu.bjut.boudia.myMain - meter_8441913984698394277:500,6598900,400
BruceChen 21:49:34.005 [main] INFO  edu.bjut.boudia.myMain - meter_5863297771851748885:regMsg,reg_backagg,reg_cc
BruceChen 21:49:34.005 [main] INFO  edu.bjut.boudia.myMain - meter_5863297771851748885:8900,6508400,2200
BruceChen 21:49:34.005 [main] INFO  edu.bjut.boudia.myMain - meter_8707404793892533373:regMsg,reg_backagg,reg_cc
BruceChen 21:49:34.005 [main] INFO  edu.bjut.boudia.myMain - meter_8707404793892533373:100,6555200,0
BruceChen 21:49:34.005 [main] INFO  edu.bjut.boudia.myMain - meter_822995672474325191:regMsg,reg_backagg,reg_cc
BruceChen 21:49:34.005 [main] INFO  edu.bjut.boudia.myMain - meter_822995672474325191:100,6571300,100
BruceChen 21:49:34.005 [main] INFO  edu.bjut.boudia.myMain - meter_915703898134198107:regMsg,reg_backagg,reg_cc
BruceChen 21:49:34.005 [main] INFO  edu.bjut.boudia.myMain - meter_915703898134198107:100,6587300,100
BruceChen 21:49:34.539 [main] INFO  edu.bjut.boudia.myMain - oneTimeMeterRepTime
BruceChen 21:49:35.916 [main] INFO  edu.bjut.boudia.myMain - server:repMsg
BruceChen 21:49:35.916 [main] INFO  edu.bjut.boudia.myMain - server:33402300
BruceChen 21:49:35.916 [main] INFO  edu.bjut.boudia.myMain - agg:repMsg
BruceChen 21:49:35.916 [main] INFO  edu.bjut.boudia.myMain - agg:281623600
BruceChen 21:49:35.916 [main] INFO  edu.bjut.boudia.myMain - meter_3376591508426378295:repMsg
BruceChen 21:49:35.916 [main] INFO  edu.bjut.boudia.myMain - meter_3376591508426378295:26547600
BruceChen 21:49:35.916 [main] INFO  edu.bjut.boudia.myMain - meter_1127365764742939599:repMsg
BruceChen 21:49:35.916 [main] INFO  edu.bjut.boudia.myMain - meter_1127365764742939599:26381200
BruceChen 21:49:35.916 [main] INFO  edu.bjut.boudia.myMain - meter_6727866953784751931:repMsg
BruceChen 21:49:35.916 [main] INFO  edu.bjut.boudia.myMain - meter_6727866953784751931:26362200
BruceChen 21:49:35.916 [main] INFO  edu.bjut.boudia.myMain - meter_4073996015311623765:repMsg
BruceChen 21:49:35.916 [main] INFO  edu.bjut.boudia.myMain - meter_4073996015311623765:26694500
BruceChen 21:49:35.916 [main] INFO  edu.bjut.boudia.myMain - meter_1046201637908893073:repMsg
BruceChen 21:49:35.916 [main] INFO  edu.bjut.boudia.myMain - meter_1046201637908893073:26340800
BruceChen 21:49:35.916 [main] INFO  edu.bjut.boudia.myMain - meter_5060069916835324733:repMsg
BruceChen 21:49:35.916 [main] INFO  edu.bjut.boudia.myMain - meter_5060069916835324733:26393500
BruceChen 21:49:35.916 [main] INFO  edu.bjut.boudia.myMain - meter_4409744673207230195:repMsg
BruceChen 21:49:35.916 [main] INFO  edu.bjut.boudia.myMain - meter_4409744673207230195:26600400
BruceChen 21:49:35.916 [main] INFO  edu.bjut.boudia.myMain - meter_648007792506404661:repMsg
BruceChen 21:49:35.916 [main] INFO  edu.bjut.boudia.myMain - meter_648007792506404661:26383700
BruceChen 21:49:35.916 [main] INFO  edu.bjut.boudia.myMain - meter_2358123609653874343:repMsg
BruceChen 21:49:35.916 [main] INFO  edu.bjut.boudia.myMain - meter_2358123609653874343:28027500
BruceChen 21:49:35.916 [main] INFO  edu.bjut.boudia.myMain - meter_2947565251693160281:repMsg
BruceChen 21:49:35.916 [main] INFO  edu.bjut.boudia.myMain - meter_2947565251693160281:26616600
BruceChen 21:49:35.916 [main] INFO  edu.bjut.boudia.myMain - meter_6718517699797833781:repMsg
BruceChen 21:49:35.916 [main] INFO  edu.bjut.boudia.myMain - meter_6718517699797833781:26532500
BruceChen 21:49:35.916 [main] INFO  edu.bjut.boudia.myMain - meter_1571094702130236325:repMsg
BruceChen 21:49:35.916 [main] INFO  edu.bjut.boudia.myMain - meter_1571094702130236325:26337100
BruceChen 21:49:35.916 [main] INFO  edu.bjut.boudia.myMain - meter_2511319538039045057:repMsg
BruceChen 21:49:35.916 [main] INFO  edu.bjut.boudia.myMain - meter_2511319538039045057:26535400
BruceChen 21:49:35.916 [main] INFO  edu.bjut.boudia.myMain - meter_4682277335768851213:repMsg
BruceChen 21:49:35.916 [main] INFO  edu.bjut.boudia.myMain - meter_4682277335768851213:26479400
BruceChen 21:49:35.916 [main] INFO  edu.bjut.boudia.myMain - meter_8735187245357072743:repMsg
BruceChen 21:49:35.916 [main] INFO  edu.bjut.boudia.myMain - meter_8735187245357072743:26437400
BruceChen 21:49:35.916 [main] INFO  edu.bjut.boudia.myMain - meter_585098457870470105:repMsg
BruceChen 21:49:35.916 [main] INFO  edu.bjut.boudia.myMain - meter_585098457870470105:26520200
BruceChen 21:49:35.916 [main] INFO  edu.bjut.boudia.myMain - meter_7029663544890964661:repMsg
BruceChen 21:49:35.916 [main] INFO  edu.bjut.boudia.myMain - meter_7029663544890964661:26829100
BruceChen 21:49:35.916 [main] INFO  edu.bjut.boudia.myMain - meter_3466740849136301853:repMsg
BruceChen 21:49:35.916 [main] INFO  edu.bjut.boudia.myMain - meter_3466740849136301853:25951100
BruceChen 21:49:35.916 [main] INFO  edu.bjut.boudia.myMain - meter_6745781700364872243:repMsg
BruceChen 21:49:35.916 [main] INFO  edu.bjut.boudia.myMain - meter_6745781700364872243:25715800
BruceChen 21:49:35.916 [main] INFO  edu.bjut.boudia.myMain - meter_7232297052069019713:repMsg
BruceChen 21:49:35.916 [main] INFO  edu.bjut.boudia.myMain - meter_7232297052069019713:25841700
BruceChen 21:49:35.916 [main] INFO  edu.bjut.boudia.myMain - meter_72141337110549707:repMsg
BruceChen 21:49:35.916 [main] INFO  edu.bjut.boudia.myMain - meter_72141337110549707:26230500
BruceChen 21:49:35.916 [main] INFO  edu.bjut.boudia.myMain - meter_3556203655605251045:repMsg
BruceChen 21:49:35.916 [main] INFO  edu.bjut.boudia.myMain - meter_3556203655605251045:26304800
BruceChen 21:49:35.916 [main] INFO  edu.bjut.boudia.myMain - meter_9010768290605296015:repMsg
BruceChen 21:49:35.916 [main] INFO  edu.bjut.boudia.myMain - meter_9010768290605296015:26435800
BruceChen 21:49:35.916 [main] INFO  edu.bjut.boudia.myMain - meter_5358004436786295621:repMsg
BruceChen 21:49:35.916 [main] INFO  edu.bjut.boudia.myMain - meter_5358004436786295621:26571700
BruceChen 21:49:35.916 [main] INFO  edu.bjut.boudia.myMain - meter_3294297197674192523:repMsg
BruceChen 21:49:35.916 [main] INFO  edu.bjut.boudia.myMain - meter_3294297197674192523:26551800
BruceChen 21:49:35.916 [main] INFO  edu.bjut.boudia.myMain - meter_2159640536477225081:repMsg
BruceChen 21:49:35.916 [main] INFO  edu.bjut.boudia.myMain - meter_2159640536477225081:26583800
BruceChen 21:49:35.916 [main] INFO  edu.bjut.boudia.myMain - meter_4935847910366432239:repMsg
BruceChen 21:49:35.916 [main] INFO  edu.bjut.boudia.myMain - meter_4935847910366432239:26754700
BruceChen 21:49:35.916 [main] INFO  edu.bjut.boudia.myMain - meter_9144639768677063959:repMsg
BruceChen 21:49:35.916 [main] INFO  edu.bjut.boudia.myMain - meter_9144639768677063959:26307800
BruceChen 21:49:35.916 [main] INFO  edu.bjut.boudia.myMain - meter_5665451905537983789:repMsg
BruceChen 21:49:35.916 [main] INFO  edu.bjut.boudia.myMain - meter_5665451905537983789:26715900
BruceChen 21:49:35.916 [main] INFO  edu.bjut.boudia.myMain - meter_7068397140399279367:repMsg
BruceChen 21:49:35.916 [main] INFO  edu.bjut.boudia.myMain - meter_7068397140399279367:26514000
BruceChen 21:49:35.916 [main] INFO  edu.bjut.boudia.myMain - meter_8614220444865960217:repMsg
BruceChen 21:49:35.916 [main] INFO  edu.bjut.boudia.myMain - meter_8614220444865960217:26491200
BruceChen 21:49:35.916 [main] INFO  edu.bjut.boudia.myMain - meter_8580527204029505545:repMsg
BruceChen 21:49:35.916 [main] INFO  edu.bjut.boudia.myMain - meter_8580527204029505545:26632300
BruceChen 21:49:35.916 [main] INFO  edu.bjut.boudia.myMain - meter_3194921632685688763:repMsg
BruceChen 21:49:35.916 [main] INFO  edu.bjut.boudia.myMain - meter_3194921632685688763:26693200
BruceChen 21:49:35.916 [main] INFO  edu.bjut.boudia.myMain - meter_8015364016643630555:repMsg
BruceChen 21:49:35.916 [main] INFO  edu.bjut.boudia.myMain - meter_8015364016643630555:26365000
BruceChen 21:49:35.916 [main] INFO  edu.bjut.boudia.myMain - meter_7124692315645083583:repMsg
BruceChen 21:49:35.916 [main] INFO  edu.bjut.boudia.myMain - meter_7124692315645083583:26499500
BruceChen 21:49:35.916 [main] INFO  edu.bjut.boudia.myMain - meter_8441913984698394277:repMsg
BruceChen 21:49:35.916 [main] INFO  edu.bjut.boudia.myMain - meter_8441913984698394277:27613300
BruceChen 21:49:35.916 [main] INFO  edu.bjut.boudia.myMain - meter_5863297771851748885:repMsg
BruceChen 21:49:35.916 [main] INFO  edu.bjut.boudia.myMain - meter_5863297771851748885:26618900
BruceChen 21:49:35.916 [main] INFO  edu.bjut.boudia.myMain - meter_8707404793892533373:repMsg
BruceChen 21:49:35.916 [main] INFO  edu.bjut.boudia.myMain - meter_8707404793892533373:26284200
BruceChen 21:49:35.916 [main] INFO  edu.bjut.boudia.myMain - meter_822995672474325191:repMsg
BruceChen 21:49:35.916 [main] INFO  edu.bjut.boudia.myMain - meter_822995672474325191:26399200
BruceChen 21:49:35.916 [main] INFO  edu.bjut.boudia.myMain - meter_915703898134198107:repMsg
BruceChen 21:49:35.916 [main] INFO  edu.bjut.boudia.myMain - meter_915703898134198107:26620600
BruceChen 21:49:37.718 [main] INFO  edu.bjut.boudia.myMain - oneTimeMeterRegTime
BruceChen 21:49:38.124 [main] INFO  edu.bjut.boudia.myMain - server:pubkey
BruceChen 21:49:38.124 [main] INFO  edu.bjut.boudia.myMain - server:1000
BruceChen 21:49:38.124 [main] INFO  edu.bjut.boudia.myMain - agg:regMsg,regMsg,regMsg,regMsg,regMsg,regMsg,regMsg,regMsg,regMsg,regMsg,regMsg,regMsg,regMsg,regMsg,regMsg,regMsg,regMsg,regMsg,regMsg,regMsg,regMsg,regMsg,regMsg,regMsg,regMsg,regMsg,regMsg,regMsg,regMsg,regMsg
BruceChen 21:49:38.124 [main] INFO  edu.bjut.boudia.myMain - agg:6695600,6675800,6677500,6677700,6661500,6642800,6553000,6515800,6652600,6671000,6662600,6648600,6678600,6659300,6681400,6713600,6685800,6658800,6673800,6680500,6697800,6645000,6632700,6665300,6674700,6655800,6675300,6676000,6685100,6661700
BruceChen 21:49:38.124 [main] INFO  edu.bjut.boudia.myMain - meter_6624875526460392825:regMsg,reg_backagg,reg_cc
BruceChen 21:49:38.124 [main] INFO  edu.bjut.boudia.myMain - meter_6624875526460392825:300,6510500,100
BruceChen 21:49:38.124 [main] INFO  edu.bjut.boudia.myMain - meter_9019183293126872141:regMsg,reg_backagg,reg_cc
BruceChen 21:49:38.124 [main] INFO  edu.bjut.boudia.myMain - meter_9019183293126872141:400,6561200,100
BruceChen 21:49:38.124 [main] INFO  edu.bjut.boudia.myMain - meter_3824986163529768321:regMsg,reg_backagg,reg_cc
BruceChen 21:49:38.124 [main] INFO  edu.bjut.boudia.myMain - meter_3824986163529768321:0,6506800,200
BruceChen 21:49:38.124 [main] INFO  edu.bjut.boudia.myMain - meter_3087259254765527659:regMsg,reg_backagg,reg_cc
BruceChen 21:49:38.124 [main] INFO  edu.bjut.boudia.myMain - meter_3087259254765527659:300,6647500,100
BruceChen 21:49:38.124 [main] INFO  edu.bjut.boudia.myMain - meter_2104037999954507791:regMsg,reg_backagg,reg_cc
BruceChen 21:49:38.124 [main] INFO  edu.bjut.boudia.myMain - meter_2104037999954507791:0,6499400,100
BruceChen 21:49:38.124 [main] INFO  edu.bjut.boudia.myMain - meter_4935984946559684931:regMsg,reg_backagg,reg_cc
BruceChen 21:49:38.124 [main] INFO  edu.bjut.boudia.myMain - meter_4935984946559684931:0,6381100,200
BruceChen 21:49:38.124 [main] INFO  edu.bjut.boudia.myMain - meter_9016524614877589591:regMsg,reg_backagg,reg_cc
BruceChen 21:49:38.124 [main] INFO  edu.bjut.boudia.myMain - meter_9016524614877589591:0,6351500,100
BruceChen 21:49:38.124 [main] INFO  edu.bjut.boudia.myMain - meter_2556975967939654071:regMsg,reg_backagg,reg_cc
BruceChen 21:49:38.124 [main] INFO  edu.bjut.boudia.myMain - meter_2556975967939654071:0,6588500,200
BruceChen 21:49:38.124 [main] INFO  edu.bjut.boudia.myMain - meter_1338355933804843955:regMsg,reg_backagg,reg_cc
BruceChen 21:49:38.124 [main] INFO  edu.bjut.boudia.myMain - meter_1338355933804843955:0,6674800,100
BruceChen 21:49:38.124 [main] INFO  edu.bjut.boudia.myMain - meter_1988326009767622465:regMsg,reg_backagg,reg_cc
BruceChen 21:49:38.124 [main] INFO  edu.bjut.boudia.myMain - meter_1988326009767622465:100,6552300,100
BruceChen 21:49:38.124 [main] INFO  edu.bjut.boudia.myMain - meter_1118892439123930333:regMsg,reg_backagg,reg_cc
BruceChen 21:49:38.124 [main] INFO  edu.bjut.boudia.myMain - meter_1118892439123930333:0,6541700,100
BruceChen 21:49:38.124 [main] INFO  edu.bjut.boudia.myMain - meter_3843552155212313091:regMsg,reg_backagg,reg_cc
BruceChen 21:49:38.124 [main] INFO  edu.bjut.boudia.myMain - meter_3843552155212313091:100,6501000,200
BruceChen 21:49:38.124 [main] INFO  edu.bjut.boudia.myMain - meter_7756041096299883701:regMsg,reg_backagg,reg_cc
BruceChen 21:49:38.124 [main] INFO  edu.bjut.boudia.myMain - meter_7756041096299883701:0,6438500,200
BruceChen 21:49:38.124 [main] INFO  edu.bjut.boudia.myMain - meter_1265645666149194759:regMsg,reg_backagg,reg_cc
BruceChen 21:49:38.124 [main] INFO  edu.bjut.boudia.myMain - meter_1265645666149194759:100,6589500,100
BruceChen 21:49:38.124 [main] INFO  edu.bjut.boudia.myMain - meter_4791279286077909815:regMsg,reg_backagg,reg_cc
BruceChen 21:49:38.124 [main] INFO  edu.bjut.boudia.myMain - meter_4791279286077909815:0,7483100,100
BruceChen 21:49:38.124 [main] INFO  edu.bjut.boudia.myMain - meter_5620813350863544597:regMsg,reg_backagg,reg_cc
BruceChen 21:49:38.124 [main] INFO  edu.bjut.boudia.myMain - meter_5620813350863544597:0,6589300,0
BruceChen 21:49:38.124 [main] INFO  edu.bjut.boudia.myMain - meter_683130189054645405:regMsg,reg_backagg,reg_cc
BruceChen 21:49:38.124 [main] INFO  edu.bjut.boudia.myMain - meter_683130189054645405:200,6676900,100
BruceChen 21:49:38.124 [main] INFO  edu.bjut.boudia.myMain - meter_3542730886712618405:regMsg,reg_backagg,reg_cc
BruceChen 21:49:38.124 [main] INFO  edu.bjut.boudia.myMain - meter_3542730886712618405:100,6445800,100
BruceChen 21:49:38.124 [main] INFO  edu.bjut.boudia.myMain - meter_2191828806016709301:regMsg,reg_backagg,reg_cc
BruceChen 21:49:38.124 [main] INFO  edu.bjut.boudia.myMain - meter_2191828806016709301:0,6613500,100
BruceChen 21:49:38.124 [main] INFO  edu.bjut.boudia.myMain - meter_6430456273103222303:regMsg,reg_backagg,reg_cc
BruceChen 21:49:38.124 [main] INFO  edu.bjut.boudia.myMain - meter_6430456273103222303:0,6500100,100
BruceChen 21:49:38.124 [main] INFO  edu.bjut.boudia.myMain - meter_5499421791969953181:regMsg,reg_backagg,reg_cc
BruceChen 21:49:38.124 [main] INFO  edu.bjut.boudia.myMain - meter_5499421791969953181:0,6522400,100
BruceChen 21:49:38.124 [main] INFO  edu.bjut.boudia.myMain - meter_2304710384103733147:regMsg,reg_backagg,reg_cc
BruceChen 21:49:38.124 [main] INFO  edu.bjut.boudia.myMain - meter_2304710384103733147:0,6555300,100
BruceChen 21:49:38.124 [main] INFO  edu.bjut.boudia.myMain - meter_8087395975410235937:regMsg,reg_backagg,reg_cc
BruceChen 21:49:38.124 [main] INFO  edu.bjut.boudia.myMain - meter_8087395975410235937:100,6496900,0
BruceChen 21:49:38.124 [main] INFO  edu.bjut.boudia.myMain - meter_6684134624575608717:regMsg,reg_backagg,reg_cc
BruceChen 21:49:38.124 [main] INFO  edu.bjut.boudia.myMain - meter_6684134624575608717:0,6602300,100
BruceChen 21:49:38.124 [main] INFO  edu.bjut.boudia.myMain - meter_7023066901104437575:regMsg,reg_backagg,reg_cc
BruceChen 21:49:38.124 [main] INFO  edu.bjut.boudia.myMain - meter_7023066901104437575:0,6600700,100
BruceChen 21:49:38.124 [main] INFO  edu.bjut.boudia.myMain - meter_551444425528775789:regMsg,reg_backagg,reg_cc
BruceChen 21:49:38.124 [main] INFO  edu.bjut.boudia.myMain - meter_551444425528775789:0,6587000,100
BruceChen 21:49:38.124 [main] INFO  edu.bjut.boudia.myMain - meter_5180414661146745907:regMsg,reg_backagg,reg_cc
BruceChen 21:49:38.124 [main] INFO  edu.bjut.boudia.myMain - meter_5180414661146745907:0,6561800,0
BruceChen 21:49:38.124 [main] INFO  edu.bjut.boudia.myMain - meter_5177836858963940387:regMsg,reg_backagg,reg_cc
BruceChen 21:49:38.124 [main] INFO  edu.bjut.boudia.myMain - meter_5177836858963940387:0,6580600,0
BruceChen 21:49:38.124 [main] INFO  edu.bjut.boudia.myMain - meter_6595838113321235113:regMsg,reg_backagg,reg_cc
BruceChen 21:49:38.124 [main] INFO  edu.bjut.boudia.myMain - meter_6595838113321235113:0,6559100,100
BruceChen 21:49:38.124 [main] INFO  edu.bjut.boudia.myMain - meter_5662105095816237509:regMsg,reg_backagg,reg_cc
BruceChen 21:49:38.124 [main] INFO  edu.bjut.boudia.myMain - meter_5662105095816237509:0,6555100,100
BruceChen 21:49:38.518 [main] INFO  edu.bjut.boudia.myMain - oneTimeMeterRepTime
BruceChen 21:49:39.533 [main] INFO  edu.bjut.boudia.myMain - server:repMsg
BruceChen 21:49:39.533 [main] INFO  edu.bjut.boudia.myMain - server:33808700
BruceChen 21:49:39.533 [main] INFO  edu.bjut.boudia.myMain - agg:repMsg
BruceChen 21:49:39.533 [main] INFO  edu.bjut.boudia.myMain - agg:211637800
BruceChen 21:49:39.533 [main] INFO  edu.bjut.boudia.myMain - meter_6624875526460392825:repMsg
BruceChen 21:49:39.533 [main] INFO  edu.bjut.boudia.myMain - meter_6624875526460392825:26061500
BruceChen 21:49:39.533 [main] INFO  edu.bjut.boudia.myMain - meter_9019183293126872141:repMsg
BruceChen 21:49:39.533 [main] INFO  edu.bjut.boudia.myMain - meter_9019183293126872141:25830700
BruceChen 21:49:39.533 [main] INFO  edu.bjut.boudia.myMain - meter_3824986163529768321:repMsg
BruceChen 21:49:39.533 [main] INFO  edu.bjut.boudia.myMain - meter_3824986163529768321:25658000
BruceChen 21:49:39.533 [main] INFO  edu.bjut.boudia.myMain - meter_3087259254765527659:repMsg
BruceChen 21:49:39.533 [main] INFO  edu.bjut.boudia.myMain - meter_3087259254765527659:26339900
BruceChen 21:49:39.533 [main] INFO  edu.bjut.boudia.myMain - meter_2104037999954507791:repMsg
BruceChen 21:49:39.533 [main] INFO  edu.bjut.boudia.myMain - meter_2104037999954507791:27500200
BruceChen 21:49:39.533 [main] INFO  edu.bjut.boudia.myMain - meter_4935984946559684931:repMsg
BruceChen 21:49:39.533 [main] INFO  edu.bjut.boudia.myMain - meter_4935984946559684931:26523200
BruceChen 21:49:39.533 [main] INFO  edu.bjut.boudia.myMain - meter_9016524614877589591:repMsg
BruceChen 21:49:39.533 [main] INFO  edu.bjut.boudia.myMain - meter_9016524614877589591:26568400
BruceChen 21:49:39.533 [main] INFO  edu.bjut.boudia.myMain - meter_2556975967939654071:repMsg
BruceChen 21:49:39.533 [main] INFO  edu.bjut.boudia.myMain - meter_2556975967939654071:25900900
BruceChen 21:49:39.533 [main] INFO  edu.bjut.boudia.myMain - meter_1338355933804843955:repMsg
BruceChen 21:49:39.533 [main] INFO  edu.bjut.boudia.myMain - meter_1338355933804843955:25848600
BruceChen 21:49:39.533 [main] INFO  edu.bjut.boudia.myMain - meter_1988326009767622465:repMsg
BruceChen 21:49:39.533 [main] INFO  edu.bjut.boudia.myMain - meter_1988326009767622465:25458100
BruceChen 21:49:39.533 [main] INFO  edu.bjut.boudia.myMain - meter_1118892439123930333:repMsg
BruceChen 21:49:39.533 [main] INFO  edu.bjut.boudia.myMain - meter_1118892439123930333:25792700
BruceChen 21:49:39.533 [main] INFO  edu.bjut.boudia.myMain - meter_3843552155212313091:repMsg
BruceChen 21:49:39.533 [main] INFO  edu.bjut.boudia.myMain - meter_3843552155212313091:25640700
BruceChen 21:49:39.533 [main] INFO  edu.bjut.boudia.myMain - meter_7756041096299883701:repMsg
BruceChen 21:49:39.533 [main] INFO  edu.bjut.boudia.myMain - meter_7756041096299883701:25599500
BruceChen 21:49:39.533 [main] INFO  edu.bjut.boudia.myMain - meter_1265645666149194759:repMsg
BruceChen 21:49:39.533 [main] INFO  edu.bjut.boudia.myMain - meter_1265645666149194759:25761800
BruceChen 21:49:39.533 [main] INFO  edu.bjut.boudia.myMain - meter_4791279286077909815:repMsg
BruceChen 21:49:39.533 [main] INFO  edu.bjut.boudia.myMain - meter_4791279286077909815:25731400
BruceChen 21:49:39.533 [main] INFO  edu.bjut.boudia.myMain - meter_5620813350863544597:repMsg
BruceChen 21:49:39.533 [main] INFO  edu.bjut.boudia.myMain - meter_5620813350863544597:25733700
BruceChen 21:49:39.533 [main] INFO  edu.bjut.boudia.myMain - meter_683130189054645405:repMsg
BruceChen 21:49:39.533 [main] INFO  edu.bjut.boudia.myMain - meter_683130189054645405:25852500
BruceChen 21:49:39.533 [main] INFO  edu.bjut.boudia.myMain - meter_3542730886712618405:repMsg
BruceChen 21:49:39.533 [main] INFO  edu.bjut.boudia.myMain - meter_3542730886712618405:25607700
BruceChen 21:49:39.533 [main] INFO  edu.bjut.boudia.myMain - meter_2191828806016709301:repMsg
BruceChen 21:49:39.533 [main] INFO  edu.bjut.boudia.myMain - meter_2191828806016709301:25380300
BruceChen 21:49:39.533 [main] INFO  edu.bjut.boudia.myMain - meter_6430456273103222303:repMsg
BruceChen 21:49:39.533 [main] INFO  edu.bjut.boudia.myMain - meter_6430456273103222303:25651400
BruceChen 21:49:39.533 [main] INFO  edu.bjut.boudia.myMain - meter_5499421791969953181:repMsg
BruceChen 21:49:39.533 [main] INFO  edu.bjut.boudia.myMain - meter_5499421791969953181:25751500
BruceChen 21:49:39.533 [main] INFO  edu.bjut.boudia.myMain - meter_2304710384103733147:repMsg
BruceChen 21:49:39.533 [main] INFO  edu.bjut.boudia.myMain - meter_2304710384103733147:25804600
BruceChen 21:49:39.533 [main] INFO  edu.bjut.boudia.myMain - meter_8087395975410235937:repMsg
BruceChen 21:49:39.533 [main] INFO  edu.bjut.boudia.myMain - meter_8087395975410235937:25907600
BruceChen 21:49:39.533 [main] INFO  edu.bjut.boudia.myMain - meter_6684134624575608717:repMsg
BruceChen 21:49:39.533 [main] INFO  edu.bjut.boudia.myMain - meter_6684134624575608717:25793400
BruceChen 21:49:39.533 [main] INFO  edu.bjut.boudia.myMain - meter_7023066901104437575:repMsg
BruceChen 21:49:39.533 [main] INFO  edu.bjut.boudia.myMain - meter_7023066901104437575:25629500
BruceChen 21:49:39.533 [main] INFO  edu.bjut.boudia.myMain - meter_551444425528775789:repMsg
BruceChen 21:49:39.533 [main] INFO  edu.bjut.boudia.myMain - meter_551444425528775789:25467000
BruceChen 21:49:39.533 [main] INFO  edu.bjut.boudia.myMain - meter_5180414661146745907:repMsg
BruceChen 21:49:39.533 [main] INFO  edu.bjut.boudia.myMain - meter_5180414661146745907:25741800
BruceChen 21:49:39.533 [main] INFO  edu.bjut.boudia.myMain - meter_5177836858963940387:repMsg
BruceChen 21:49:39.533 [main] INFO  edu.bjut.boudia.myMain - meter_5177836858963940387:25460600
BruceChen 21:49:39.533 [main] INFO  edu.bjut.boudia.myMain - meter_6595838113321235113:repMsg
BruceChen 21:49:39.533 [main] INFO  edu.bjut.boudia.myMain - meter_6595838113321235113:25753300
BruceChen 21:49:39.533 [main] INFO  edu.bjut.boudia.myMain - meter_5662105095816237509:repMsg
BruceChen 21:49:39.533 [main] INFO  edu.bjut.boudia.myMain - meter_5662105095816237509:25580100
BruceChen 21:49:40.932 [main] INFO  edu.bjut.boudia.myMain - oneTimeMeterRegTime
BruceChen 21:49:41.192 [main] INFO  edu.bjut.boudia.myMain - server:pubkey
BruceChen 21:49:41.192 [main] INFO  edu.bjut.boudia.myMain - server:1400
BruceChen 21:49:41.192 [main] INFO  edu.bjut.boudia.myMain - agg:regMsg,regMsg,regMsg,regMsg,regMsg,regMsg,regMsg,regMsg,regMsg,regMsg,regMsg,regMsg,regMsg,regMsg,regMsg,regMsg,regMsg,regMsg,regMsg,regMsg
BruceChen 21:49:41.192 [main] INFO  edu.bjut.boudia.myMain - agg:6677300,6536100,6453100,6492300,6443400,6490500,6500000,6475400,6474300,6470700,6463000,6479800,6500000,6481600,6484500,6472500,6583000,6642900,7470200,6474700
BruceChen 21:49:41.192 [main] INFO  edu.bjut.boudia.myMain - meter_7109539698517525841:regMsg,reg_backagg,reg_cc
BruceChen 21:49:41.192 [main] INFO  edu.bjut.boudia.myMain - meter_7109539698517525841:300,6689000,100
BruceChen 21:49:41.192 [main] INFO  edu.bjut.boudia.myMain - meter_8960015305294541451:regMsg,reg_backagg,reg_cc
BruceChen 21:49:41.192 [main] INFO  edu.bjut.boudia.myMain - meter_8960015305294541451:100,6310200,200
BruceChen 21:49:41.192 [main] INFO  edu.bjut.boudia.myMain - meter_5517868281805195309:regMsg,reg_backagg,reg_cc
BruceChen 21:49:41.192 [main] INFO  edu.bjut.boudia.myMain - meter_5517868281805195309:100,6345200,300
BruceChen 21:49:41.192 [main] INFO  edu.bjut.boudia.myMain - meter_4936097944083101501:regMsg,reg_backagg,reg_cc
BruceChen 21:49:41.192 [main] INFO  edu.bjut.boudia.myMain - meter_4936097944083101501:0,6316800,200
BruceChen 21:49:41.192 [main] INFO  edu.bjut.boudia.myMain - meter_9010201160279396129:regMsg,reg_backagg,reg_cc
BruceChen 21:49:41.192 [main] INFO  edu.bjut.boudia.myMain - meter_9010201160279396129:0,6307700,300
BruceChen 21:49:41.192 [main] INFO  edu.bjut.boudia.myMain - meter_6858689638164425295:regMsg,reg_backagg,reg_cc
BruceChen 21:49:41.192 [main] INFO  edu.bjut.boudia.myMain - meter_6858689638164425295:0,6363400,200
BruceChen 21:49:41.192 [main] INFO  edu.bjut.boudia.myMain - meter_7930498402327151809:regMsg,reg_backagg,reg_cc
BruceChen 21:49:41.192 [main] INFO  edu.bjut.boudia.myMain - meter_7930498402327151809:0,6437600,100
BruceChen 21:49:41.192 [main] INFO  edu.bjut.boudia.myMain - meter_5113849263378517337:regMsg,reg_backagg,reg_cc
BruceChen 21:49:41.192 [main] INFO  edu.bjut.boudia.myMain - meter_5113849263378517337:0,6424400,200
BruceChen 21:49:41.192 [main] INFO  edu.bjut.boudia.myMain - meter_1910232444818519679:regMsg,reg_backagg,reg_cc
BruceChen 21:49:41.192 [main] INFO  edu.bjut.boudia.myMain - meter_1910232444818519679:0,6349300,100
BruceChen 21:49:41.192 [main] INFO  edu.bjut.boudia.myMain - meter_7513205691436127571:regMsg,reg_backagg,reg_cc
BruceChen 21:49:41.192 [main] INFO  edu.bjut.boudia.myMain - meter_7513205691436127571:100,6419900,100
BruceChen 21:49:41.192 [main] INFO  edu.bjut.boudia.myMain - meter_3963826879801170757:regMsg,reg_backagg,reg_cc
BruceChen 21:49:41.192 [main] INFO  edu.bjut.boudia.myMain - meter_3963826879801170757:0,6302400,100
BruceChen 21:49:41.192 [main] INFO  edu.bjut.boudia.myMain - meter_6430116874232522897:regMsg,reg_backagg,reg_cc
BruceChen 21:49:41.192 [main] INFO  edu.bjut.boudia.myMain - meter_6430116874232522897:0,6385000,200
BruceChen 21:49:41.192 [main] INFO  edu.bjut.boudia.myMain - meter_7211269673130455519:regMsg,reg_backagg,reg_cc
BruceChen 21:49:41.192 [main] INFO  edu.bjut.boudia.myMain - meter_7211269673130455519:0,6303900,100
BruceChen 21:49:41.192 [main] INFO  edu.bjut.boudia.myMain - meter_8742027169866887485:regMsg,reg_backagg,reg_cc
BruceChen 21:49:41.192 [main] INFO  edu.bjut.boudia.myMain - meter_8742027169866887485:0,6419500,100
BruceChen 21:49:41.192 [main] INFO  edu.bjut.boudia.myMain - meter_3936978474676800667:regMsg,reg_backagg,reg_cc
BruceChen 21:49:41.192 [main] INFO  edu.bjut.boudia.myMain - meter_3936978474676800667:0,6264700,100
BruceChen 21:49:41.192 [main] INFO  edu.bjut.boudia.myMain - meter_7591667482861568691:regMsg,reg_backagg,reg_cc
BruceChen 21:49:41.192 [main] INFO  edu.bjut.boudia.myMain - meter_7591667482861568691:0,6322700,200
BruceChen 21:49:41.192 [main] INFO  edu.bjut.boudia.myMain - meter_3379412680298857149:regMsg,reg_backagg,reg_cc
BruceChen 21:49:41.192 [main] INFO  edu.bjut.boudia.myMain - meter_3379412680298857149:0,6579100,100
BruceChen 21:49:41.192 [main] INFO  edu.bjut.boudia.myMain - meter_7564016649663895113:regMsg,reg_backagg,reg_cc
BruceChen 21:49:41.192 [main] INFO  edu.bjut.boudia.myMain - meter_7564016649663895113:0,6630800,100
BruceChen 21:49:41.192 [main] INFO  edu.bjut.boudia.myMain - meter_5260404026751578565:regMsg,reg_backagg,reg_cc
BruceChen 21:49:41.192 [main] INFO  edu.bjut.boudia.myMain - meter_5260404026751578565:0,6397400,100
BruceChen 21:49:41.192 [main] INFO  edu.bjut.boudia.myMain - meter_3964410726078577219:regMsg,reg_backagg,reg_cc
BruceChen 21:49:41.192 [main] INFO  edu.bjut.boudia.myMain - meter_3964410726078577219:0,6473700,100
BruceChen 21:49:41.450 [main] INFO  edu.bjut.boudia.myMain - oneTimeMeterRepTime
BruceChen 21:49:42.163 [main] INFO  edu.bjut.boudia.myMain - server:repMsg
BruceChen 21:49:42.163 [main] INFO  edu.bjut.boudia.myMain - server:34784600
BruceChen 21:49:42.163 [main] INFO  edu.bjut.boudia.myMain - agg:repMsg
BruceChen 21:49:42.163 [main] INFO  edu.bjut.boudia.myMain - agg:147998400
BruceChen 21:49:42.163 [main] INFO  edu.bjut.boudia.myMain - meter_7109539698517525841:repMsg
BruceChen 21:49:42.163 [main] INFO  edu.bjut.boudia.myMain - meter_7109539698517525841:26559800
BruceChen 21:49:42.163 [main] INFO  edu.bjut.boudia.myMain - meter_8960015305294541451:repMsg
BruceChen 21:49:42.163 [main] INFO  edu.bjut.boudia.myMain - meter_8960015305294541451:26394500
BruceChen 21:49:42.163 [main] INFO  edu.bjut.boudia.myMain - meter_5517868281805195309:repMsg
BruceChen 21:49:42.163 [main] INFO  edu.bjut.boudia.myMain - meter_5517868281805195309:26592700
BruceChen 21:49:42.163 [main] INFO  edu.bjut.boudia.myMain - meter_4936097944083101501:repMsg
BruceChen 21:49:42.163 [main] INFO  edu.bjut.boudia.myMain - meter_4936097944083101501:26498100
BruceChen 21:49:42.163 [main] INFO  edu.bjut.boudia.myMain - meter_9010201160279396129:repMsg
BruceChen 21:49:42.163 [main] INFO  edu.bjut.boudia.myMain - meter_9010201160279396129:26415100
BruceChen 21:49:42.163 [main] INFO  edu.bjut.boudia.myMain - meter_6858689638164425295:repMsg
BruceChen 21:49:42.163 [main] INFO  edu.bjut.boudia.myMain - meter_6858689638164425295:26450600
BruceChen 21:49:42.163 [main] INFO  edu.bjut.boudia.myMain - meter_7930498402327151809:repMsg
BruceChen 21:49:42.163 [main] INFO  edu.bjut.boudia.myMain - meter_7930498402327151809:27507900
BruceChen 21:49:42.163 [main] INFO  edu.bjut.boudia.myMain - meter_5113849263378517337:repMsg
BruceChen 21:49:42.163 [main] INFO  edu.bjut.boudia.myMain - meter_5113849263378517337:26493000
BruceChen 21:49:42.163 [main] INFO  edu.bjut.boudia.myMain - meter_1910232444818519679:repMsg
BruceChen 21:49:42.163 [main] INFO  edu.bjut.boudia.myMain - meter_1910232444818519679:26661400
BruceChen 21:49:42.163 [main] INFO  edu.bjut.boudia.myMain - meter_7513205691436127571:repMsg
BruceChen 21:49:42.163 [main] INFO  edu.bjut.boudia.myMain - meter_7513205691436127571:26243400
BruceChen 21:49:42.163 [main] INFO  edu.bjut.boudia.myMain - meter_3963826879801170757:repMsg
BruceChen 21:49:42.163 [main] INFO  edu.bjut.boudia.myMain - meter_3963826879801170757:26480400
BruceChen 21:49:42.163 [main] INFO  edu.bjut.boudia.myMain - meter_6430116874232522897:repMsg
BruceChen 21:49:42.163 [main] INFO  edu.bjut.boudia.myMain - meter_6430116874232522897:26357200
BruceChen 21:49:42.163 [main] INFO  edu.bjut.boudia.myMain - meter_7211269673130455519:repMsg
BruceChen 21:49:42.163 [main] INFO  edu.bjut.boudia.myMain - meter_7211269673130455519:25649900
BruceChen 21:49:42.163 [main] INFO  edu.bjut.boudia.myMain - meter_8742027169866887485:repMsg
BruceChen 21:49:42.163 [main] INFO  edu.bjut.boudia.myMain - meter_8742027169866887485:25721400
BruceChen 21:49:42.163 [main] INFO  edu.bjut.boudia.myMain - meter_3936978474676800667:repMsg
BruceChen 21:49:42.163 [main] INFO  edu.bjut.boudia.myMain - meter_3936978474676800667:25965000
BruceChen 21:49:42.163 [main] INFO  edu.bjut.boudia.myMain - meter_7591667482861568691:repMsg
BruceChen 21:49:42.163 [main] INFO  edu.bjut.boudia.myMain - meter_7591667482861568691:26687600
BruceChen 21:49:42.163 [main] INFO  edu.bjut.boudia.myMain - meter_3379412680298857149:repMsg
BruceChen 21:49:42.163 [main] INFO  edu.bjut.boudia.myMain - meter_3379412680298857149:26735900
BruceChen 21:49:42.163 [main] INFO  edu.bjut.boudia.myMain - meter_7564016649663895113:repMsg
BruceChen 21:49:42.163 [main] INFO  edu.bjut.boudia.myMain - meter_7564016649663895113:26442500
BruceChen 21:49:42.163 [main] INFO  edu.bjut.boudia.myMain - meter_5260404026751578565:repMsg
BruceChen 21:49:42.163 [main] INFO  edu.bjut.boudia.myMain - meter_5260404026751578565:26411600
BruceChen 21:49:42.163 [main] INFO  edu.bjut.boudia.myMain - meter_3964410726078577219:repMsg
BruceChen 21:49:42.163 [main] INFO  edu.bjut.boudia.myMain - meter_3964410726078577219:26458400
