BruceChen 01:01:26.756 [main] INFO  edu.bjut.boudia.myMain - oneTimeMeterRegTime
BruceChen 01:01:27.553 [main] INFO  edu.bjut.boudia.myMain - server:pubkey
BruceChen 01:01:27.553 [main] INFO  edu.bjut.boudia.myMain - server:204900
BruceChen 01:01:27.553 [main] INFO  edu.bjut.boudia.myMain - agg:regMsg,regMsg,regMsg,regMsg,regMsg,regMsg,regMsg,regMsg,regMsg,regMsg,regMsg,regMsg,regMsg,regMsg,regMsg,regMsg,regMsg,regMsg,regMsg,regMsg,regMsg,regMsg,regMsg,regMsg,regMsg,regMsg,regMsg,regMsg,regMsg,regMsg,regMsg,regMsg,regMsg,regMsg,regMsg,regMsg,regMsg,regMsg,regMsg,regMsg,regMsg,regMsg,regMsg,regMsg,regMsg,regMsg,regMsg,regMsg,regMsg,regMsg,regMsg,regMsg,regMsg,regMsg,regMsg,regMsg,regMsg,regMsg,regMsg,regMsg
BruceChen 01:01:27.566 [main] INFO  edu.bjut.boudia.myMain - agg:6697400,6662500,6525800,6450800,6441900,6434200,6485300,6458800,6460100,6444400,6432100,6477000,6457300,6455400,6541300,6463600,6432500,6445900,6449300,6434700,6586900,6427800,6458200,6438600,6475200,6440000,6447500,6459100,6427700,6444000,6436500,6478400,9203200,6655100,6618300,6452200,6454100,6472400,6467500,6464000,6459200,6431300,6452700,6454700,6468100,6418800,6460600,6465300,6458300,6492000,6598800,6428600,6427700,6448600,6574500,6625400,6503000,6449100,6490900,6611400
BruceChen 01:01:27.566 [main] INFO  edu.bjut.boudia.myMain - meter_3170759891361253291:regMsg,reg_backagg,reg_cc
BruceChen 01:01:27.566 [main] INFO  edu.bjut.boudia.myMain - meter_3170759891361253291:2800,6612000,3700
BruceChen 01:01:27.566 [main] INFO  edu.bjut.boudia.myMain - meter_1131919755177487377:regMsg,reg_backagg,reg_cc
BruceChen 01:01:27.566 [main] INFO  edu.bjut.boudia.myMain - meter_1131919755177487377:400,6600900,400
BruceChen 01:01:27.566 [main] INFO  edu.bjut.boudia.myMain - meter_1988256202477013935:regMsg,reg_backagg,reg_cc
BruceChen 01:01:27.566 [main] INFO  edu.bjut.boudia.myMain - meter_1988256202477013935:400,6527200,400
BruceChen 01:01:27.566 [main] INFO  edu.bjut.boudia.myMain - meter_7114494865824385959:regMsg,reg_backagg,reg_cc
BruceChen 01:01:27.566 [main] INFO  edu.bjut.boudia.myMain - meter_7114494865824385959:400,6500400,400
BruceChen 01:01:27.566 [main] INFO  edu.bjut.boudia.myMain - meter_3652540495190793041:regMsg,reg_backagg,reg_cc
BruceChen 01:01:27.566 [main] INFO  edu.bjut.boudia.myMain - meter_3652540495190793041:400,6496000,500
BruceChen 01:01:27.566 [main] INFO  edu.bjut.boudia.myMain - meter_8690287200637548707:regMsg,reg_backagg,reg_cc
BruceChen 01:01:27.566 [main] INFO  edu.bjut.boudia.myMain - meter_8690287200637548707:300,6525000,400
BruceChen 01:01:27.566 [main] INFO  edu.bjut.boudia.myMain - meter_8581823102434242219:regMsg,reg_backagg,reg_cc
BruceChen 01:01:27.566 [main] INFO  edu.bjut.boudia.myMain - meter_8581823102434242219:300,6476100,300
BruceChen 01:01:27.566 [main] INFO  edu.bjut.boudia.myMain - meter_5802038352416004751:regMsg,reg_backagg,reg_cc
BruceChen 01:01:27.566 [main] INFO  edu.bjut.boudia.myMain - meter_5802038352416004751:300,6433000,500
BruceChen 01:01:27.566 [main] INFO  edu.bjut.boudia.myMain - meter_6504989855488558439:regMsg,reg_backagg,reg_cc
BruceChen 01:01:27.566 [main] INFO  edu.bjut.boudia.myMain - meter_6504989855488558439:400,6440000,300
BruceChen 01:01:27.566 [main] INFO  edu.bjut.boudia.myMain - meter_7650640838415757467:regMsg,reg_backagg,reg_cc
BruceChen 01:01:27.566 [main] INFO  edu.bjut.boudia.myMain - meter_7650640838415757467:300,6547800,300
BruceChen 01:01:27.566 [main] INFO  edu.bjut.boudia.myMain - meter_2131711665633016129:regMsg,reg_backagg,reg_cc
BruceChen 01:01:27.566 [main] INFO  edu.bjut.boudia.myMain - meter_2131711665633016129:300,6500000,300
BruceChen 01:01:27.566 [main] INFO  edu.bjut.boudia.myMain - meter_1128084589174256247:regMsg,reg_backagg,reg_cc
BruceChen 01:01:27.566 [main] INFO  edu.bjut.boudia.myMain - meter_1128084589174256247:400,6486500,300
BruceChen 01:01:27.566 [main] INFO  edu.bjut.boudia.myMain - meter_5053036172217326455:regMsg,reg_backagg,reg_cc
BruceChen 01:01:27.566 [main] INFO  edu.bjut.boudia.myMain - meter_5053036172217326455:200,6385200,300
BruceChen 01:01:27.566 [main] INFO  edu.bjut.boudia.myMain - meter_6622979270602874605:regMsg,reg_backagg,reg_cc
BruceChen 01:01:27.566 [main] INFO  edu.bjut.boudia.myMain - meter_6622979270602874605:300,6470200,300
BruceChen 01:01:27.566 [main] INFO  edu.bjut.boudia.myMain - meter_8593856426886939107:regMsg,reg_backagg,reg_cc
BruceChen 01:01:27.566 [main] INFO  edu.bjut.boudia.myMain - meter_8593856426886939107:300,6408900,400
BruceChen 01:01:27.566 [main] INFO  edu.bjut.boudia.myMain - meter_3080385152329038573:regMsg,reg_backagg,reg_cc
BruceChen 01:01:27.566 [main] INFO  edu.bjut.boudia.myMain - meter_3080385152329038573:300,6487100,400
BruceChen 01:01:27.566 [main] INFO  edu.bjut.boudia.myMain - meter_7641821820843979377:regMsg,reg_backagg,reg_cc
BruceChen 01:01:27.566 [main] INFO  edu.bjut.boudia.myMain - meter_7641821820843979377:200,6399900,300
BruceChen 01:01:27.566 [main] INFO  edu.bjut.boudia.myMain - meter_811707292517523253:regMsg,reg_backagg,reg_cc
BruceChen 01:01:27.566 [main] INFO  edu.bjut.boudia.myMain - meter_811707292517523253:300,6454700,200
BruceChen 01:01:27.566 [main] INFO  edu.bjut.boudia.myMain - meter_4279385199174221575:regMsg,reg_backagg,reg_cc
BruceChen 01:01:27.566 [main] INFO  edu.bjut.boudia.myMain - meter_4279385199174221575:200,6482200,300
BruceChen 01:01:27.566 [main] INFO  edu.bjut.boudia.myMain - meter_4101764406804263945:regMsg,reg_backagg,reg_cc
BruceChen 01:01:27.566 [main] INFO  edu.bjut.boudia.myMain - meter_4101764406804263945:200,6463300,200
BruceChen 01:01:27.566 [main] INFO  edu.bjut.boudia.myMain - meter_2050452303701089657:regMsg,reg_backagg,reg_cc
BruceChen 01:01:27.566 [main] INFO  edu.bjut.boudia.myMain - meter_2050452303701089657:200,6513500,400
BruceChen 01:01:27.566 [main] INFO  edu.bjut.boudia.myMain - meter_2178908146966285655:regMsg,reg_backagg,reg_cc
BruceChen 01:01:27.566 [main] INFO  edu.bjut.boudia.myMain - meter_2178908146966285655:400,6404900,200
BruceChen 01:01:27.566 [main] INFO  edu.bjut.boudia.myMain - meter_3229143450630965783:regMsg,reg_backagg,reg_cc
BruceChen 01:01:27.566 [main] INFO  edu.bjut.boudia.myMain - meter_3229143450630965783:300,6426700,400
BruceChen 01:01:27.566 [main] INFO  edu.bjut.boudia.myMain - meter_3990876479042256893:regMsg,reg_backagg,reg_cc
BruceChen 01:01:27.566 [main] INFO  edu.bjut.boudia.myMain - meter_3990876479042256893:200,6421600,400
BruceChen 01:01:27.566 [main] INFO  edu.bjut.boudia.myMain - meter_552080801904535311:regMsg,reg_backagg,reg_cc
BruceChen 01:01:27.566 [main] INFO  edu.bjut.boudia.myMain - meter_552080801904535311:200,6327600,300
BruceChen 01:01:27.566 [main] INFO  edu.bjut.boudia.myMain - meter_8972378633900417369:regMsg,reg_backagg,reg_cc
BruceChen 01:01:27.566 [main] INFO  edu.bjut.boudia.myMain - meter_8972378633900417369:200,6484200,500
BruceChen 01:01:27.566 [main] INFO  edu.bjut.boudia.myMain - meter_8947004454885861103:regMsg,reg_backagg,reg_cc
BruceChen 01:01:27.566 [main] INFO  edu.bjut.boudia.myMain - meter_8947004454885861103:200,6483400,200
BruceChen 01:01:27.566 [main] INFO  edu.bjut.boudia.myMain - meter_1071702632572466515:regMsg,reg_backagg,reg_cc
BruceChen 01:01:27.566 [main] INFO  edu.bjut.boudia.myMain - meter_1071702632572466515:200,6469400,300
BruceChen 01:01:27.566 [main] INFO  edu.bjut.boudia.myMain - meter_2765990283938057545:regMsg,reg_backagg,reg_cc
BruceChen 01:01:27.566 [main] INFO  edu.bjut.boudia.myMain - meter_2765990283938057545:200,7089300,300
BruceChen 01:01:27.566 [main] INFO  edu.bjut.boudia.myMain - meter_5876027786922370483:regMsg,reg_backagg,reg_cc
BruceChen 01:01:27.566 [main] INFO  edu.bjut.boudia.myMain - meter_5876027786922370483:300,6461500,300
BruceChen 01:01:27.566 [main] INFO  edu.bjut.boudia.myMain - meter_5574274181670898063:regMsg,reg_backagg,reg_cc
BruceChen 01:01:27.566 [main] INFO  edu.bjut.boudia.myMain - meter_5574274181670898063:200,6459900,300
BruceChen 01:01:27.566 [main] INFO  edu.bjut.boudia.myMain - meter_5608681533182379117:regMsg,reg_backagg,reg_cc
BruceChen 01:01:27.566 [main] INFO  edu.bjut.boudia.myMain - meter_5608681533182379117:1100,6413400,400
BruceChen 01:01:27.566 [main] INFO  edu.bjut.boudia.myMain - meter_1605208818955406707:regMsg,reg_backagg,reg_cc
BruceChen 01:01:27.566 [main] INFO  edu.bjut.boudia.myMain - meter_1605208818955406707:300,6703000,500
BruceChen 01:01:27.566 [main] INFO  edu.bjut.boudia.myMain - meter_7468639115478235043:regMsg,reg_backagg,reg_cc
BruceChen 01:01:27.566 [main] INFO  edu.bjut.boudia.myMain - meter_7468639115478235043:400,6781200,300
BruceChen 01:01:27.566 [main] INFO  edu.bjut.boudia.myMain - meter_3808461795995099661:regMsg,reg_backagg,reg_cc
BruceChen 01:01:27.566 [main] INFO  edu.bjut.boudia.myMain - meter_3808461795995099661:200,6562100,400
BruceChen 01:01:27.566 [main] INFO  edu.bjut.boudia.myMain - meter_913535266281980401:regMsg,reg_backagg,reg_cc
BruceChen 01:01:27.566 [main] INFO  edu.bjut.boudia.myMain - meter_913535266281980401:400,6503900,300
BruceChen 01:01:27.566 [main] INFO  edu.bjut.boudia.myMain - meter_3044545032416890225:regMsg,reg_backagg,reg_cc
BruceChen 01:01:27.566 [main] INFO  edu.bjut.boudia.myMain - meter_3044545032416890225:400,6395900,300
BruceChen 01:01:27.566 [main] INFO  edu.bjut.boudia.myMain - meter_6392992196082852341:regMsg,reg_backagg,reg_cc
BruceChen 01:01:27.566 [main] INFO  edu.bjut.boudia.myMain - meter_6392992196082852341:300,6390600,300
BruceChen 01:01:27.566 [main] INFO  edu.bjut.boudia.myMain - meter_3497677536057248291:regMsg,reg_backagg,reg_cc
BruceChen 01:01:27.566 [main] INFO  edu.bjut.boudia.myMain - meter_3497677536057248291:400,6443400,300
BruceChen 01:01:27.566 [main] INFO  edu.bjut.boudia.myMain - meter_133829165567075637:regMsg,reg_backagg,reg_cc
BruceChen 01:01:27.566 [main] INFO  edu.bjut.boudia.myMain - meter_133829165567075637:300,6493400,300
BruceChen 01:01:27.566 [main] INFO  edu.bjut.boudia.myMain - meter_2407805229711647883:regMsg,reg_backagg,reg_cc
BruceChen 01:01:27.566 [main] INFO  edu.bjut.boudia.myMain - meter_2407805229711647883:200,6532600,200
BruceChen 01:01:27.566 [main] INFO  edu.bjut.boudia.myMain - meter_3973642183854775415:regMsg,reg_backagg,reg_cc
BruceChen 01:01:27.566 [main] INFO  edu.bjut.boudia.myMain - meter_3973642183854775415:200,6420700,300
BruceChen 01:01:27.566 [main] INFO  edu.bjut.boudia.myMain - meter_3615669797817181269:regMsg,reg_backagg,reg_cc
BruceChen 01:01:27.566 [main] INFO  edu.bjut.boudia.myMain - meter_3615669797817181269:200,6458600,200
BruceChen 01:01:27.566 [main] INFO  edu.bjut.boudia.myMain - meter_5892457579677061739:regMsg,reg_backagg,reg_cc
BruceChen 01:01:27.566 [main] INFO  edu.bjut.boudia.myMain - meter_5892457579677061739:100,6472500,200
BruceChen 01:01:27.566 [main] INFO  edu.bjut.boudia.myMain - meter_478431558638945263:regMsg,reg_backagg,reg_cc
BruceChen 01:01:27.566 [main] INFO  edu.bjut.boudia.myMain - meter_478431558638945263:200,6320700,300
BruceChen 01:01:27.566 [main] INFO  edu.bjut.boudia.myMain - meter_8256639527663339543:regMsg,reg_backagg,reg_cc
BruceChen 01:01:27.566 [main] INFO  edu.bjut.boudia.myMain - meter_8256639527663339543:300,6565900,200
BruceChen 01:01:27.566 [main] INFO  edu.bjut.boudia.myMain - meter_6894009714006502399:regMsg,reg_backagg,reg_cc
BruceChen 01:01:27.566 [main] INFO  edu.bjut.boudia.myMain - meter_6894009714006502399:200,6463100,300
BruceChen 01:01:27.566 [main] INFO  edu.bjut.boudia.myMain - meter_1656488275027761705:regMsg,reg_backagg,reg_cc
BruceChen 01:01:27.566 [main] INFO  edu.bjut.boudia.myMain - meter_1656488275027761705:200,6462100,300
BruceChen 01:01:27.566 [main] INFO  edu.bjut.boudia.myMain - meter_2340698996978254543:regMsg,reg_backagg,reg_cc
BruceChen 01:01:27.566 [main] INFO  edu.bjut.boudia.myMain - meter_2340698996978254543:200,6429400,400
BruceChen 01:01:27.566 [main] INFO  edu.bjut.boudia.myMain - meter_2375036159614129879:regMsg,reg_backagg,reg_cc
BruceChen 01:01:27.566 [main] INFO  edu.bjut.boudia.myMain - meter_2375036159614129879:200,6411400,200
BruceChen 01:01:27.566 [main] INFO  edu.bjut.boudia.myMain - meter_127246260034758105:regMsg,reg_backagg,reg_cc
BruceChen 01:01:27.566 [main] INFO  edu.bjut.boudia.myMain - meter_127246260034758105:200,6499600,500
BruceChen 01:01:27.566 [main] INFO  edu.bjut.boudia.myMain - meter_1212077509723458237:regMsg,reg_backagg,reg_cc
BruceChen 01:01:27.566 [main] INFO  edu.bjut.boudia.myMain - meter_1212077509723458237:400,6397500,200
BruceChen 01:01:27.566 [main] INFO  edu.bjut.boudia.myMain - meter_3297327688887420703:regMsg,reg_backagg,reg_cc
BruceChen 01:01:27.566 [main] INFO  edu.bjut.boudia.myMain - meter_3297327688887420703:200,6489700,300
BruceChen 01:01:27.566 [main] INFO  edu.bjut.boudia.myMain - meter_3465996059512813549:regMsg,reg_backagg,reg_cc
BruceChen 01:01:27.566 [main] INFO  edu.bjut.boudia.myMain - meter_3465996059512813549:200,6401600,400
BruceChen 01:01:27.566 [main] INFO  edu.bjut.boudia.myMain - meter_68552577743964231:regMsg,reg_backagg,reg_cc
BruceChen 01:01:27.566 [main] INFO  edu.bjut.boudia.myMain - meter_68552577743964231:200,6705200,200
BruceChen 01:01:27.566 [main] INFO  edu.bjut.boudia.myMain - meter_7464332550796385325:regMsg,reg_backagg,reg_cc
BruceChen 01:01:27.566 [main] INFO  edu.bjut.boudia.myMain - meter_7464332550796385325:200,6691200,300
BruceChen 01:01:27.566 [main] INFO  edu.bjut.boudia.myMain - meter_2078996349324934381:regMsg,reg_backagg,reg_cc
BruceChen 01:01:27.566 [main] INFO  edu.bjut.boudia.myMain - meter_2078996349324934381:200,6459100,200
BruceChen 01:01:27.566 [main] INFO  edu.bjut.boudia.myMain - meter_2071881953005292473:regMsg,reg_backagg,reg_cc
BruceChen 01:01:27.566 [main] INFO  edu.bjut.boudia.myMain - meter_2071881953005292473:200,6569700,300
BruceChen 01:01:27.566 [main] INFO  edu.bjut.boudia.myMain - meter_9009429624872291233:regMsg,reg_backagg,reg_cc
BruceChen 01:01:27.566 [main] INFO  edu.bjut.boudia.myMain - meter_9009429624872291233:200,6520700,300
BruceChen 01:01:27.566 [main] INFO  edu.bjut.boudia.myMain - meter_6302512324698360311:regMsg,reg_backagg,reg_cc
BruceChen 01:01:27.566 [main] INFO  edu.bjut.boudia.myMain - meter_6302512324698360311:200,6536800,200
BruceChen 01:01:28.364 [main] INFO  edu.bjut.boudia.myMain - oneTimeMeterRepTime
BruceChen 01:01:30.428 [main] INFO  edu.bjut.boudia.myMain - server:repMsg
BruceChen 01:01:30.428 [main] INFO  edu.bjut.boudia.myMain - server:31758600
BruceChen 01:01:30.428 [main] INFO  edu.bjut.boudia.myMain - agg:repMsg
BruceChen 01:01:30.428 [main] INFO  edu.bjut.boudia.myMain - agg:421750000
BruceChen 01:01:30.428 [main] INFO  edu.bjut.boudia.myMain - meter_3170759891361253291:repMsg
BruceChen 01:01:30.428 [main] INFO  edu.bjut.boudia.myMain - meter_3170759891361253291:36009100
BruceChen 01:01:30.428 [main] INFO  edu.bjut.boudia.myMain - meter_1131919755177487377:repMsg
BruceChen 01:01:30.428 [main] INFO  edu.bjut.boudia.myMain - meter_1131919755177487377:26747000
BruceChen 01:01:30.428 [main] INFO  edu.bjut.boudia.myMain - meter_1988256202477013935:repMsg
BruceChen 01:01:30.428 [main] INFO  edu.bjut.boudia.myMain - meter_1988256202477013935:27064700
BruceChen 01:01:30.428 [main] INFO  edu.bjut.boudia.myMain - meter_7114494865824385959:repMsg
BruceChen 01:01:30.428 [main] INFO  edu.bjut.boudia.myMain - meter_7114494865824385959:26803200
BruceChen 01:01:30.428 [main] INFO  edu.bjut.boudia.myMain - meter_3652540495190793041:repMsg
BruceChen 01:01:30.428 [main] INFO  edu.bjut.boudia.myMain - meter_3652540495190793041:26884300
BruceChen 01:01:30.428 [main] INFO  edu.bjut.boudia.myMain - meter_8690287200637548707:repMsg
BruceChen 01:01:30.428 [main] INFO  edu.bjut.boudia.myMain - meter_8690287200637548707:26607100
BruceChen 01:01:30.428 [main] INFO  edu.bjut.boudia.myMain - meter_8581823102434242219:repMsg
BruceChen 01:01:30.428 [main] INFO  edu.bjut.boudia.myMain - meter_8581823102434242219:26731700
BruceChen 01:01:30.428 [main] INFO  edu.bjut.boudia.myMain - meter_5802038352416004751:repMsg
BruceChen 01:01:30.428 [main] INFO  edu.bjut.boudia.myMain - meter_5802038352416004751:26827600
BruceChen 01:01:30.428 [main] INFO  edu.bjut.boudia.myMain - meter_6504989855488558439:repMsg
BruceChen 01:01:30.428 [main] INFO  edu.bjut.boudia.myMain - meter_6504989855488558439:26389600
BruceChen 01:01:30.428 [main] INFO  edu.bjut.boudia.myMain - meter_7650640838415757467:repMsg
BruceChen 01:01:30.428 [main] INFO  edu.bjut.boudia.myMain - meter_7650640838415757467:26743300
BruceChen 01:01:30.428 [main] INFO  edu.bjut.boudia.myMain - meter_2131711665633016129:repMsg
BruceChen 01:01:30.428 [main] INFO  edu.bjut.boudia.myMain - meter_2131711665633016129:29157800
BruceChen 01:01:30.428 [main] INFO  edu.bjut.boudia.myMain - meter_1128084589174256247:repMsg
BruceChen 01:01:30.428 [main] INFO  edu.bjut.boudia.myMain - meter_1128084589174256247:27221500
BruceChen 01:01:30.428 [main] INFO  edu.bjut.boudia.myMain - meter_5053036172217326455:repMsg
BruceChen 01:01:30.428 [main] INFO  edu.bjut.boudia.myMain - meter_5053036172217326455:26433600
BruceChen 01:01:30.428 [main] INFO  edu.bjut.boudia.myMain - meter_6622979270602874605:repMsg
BruceChen 01:01:30.428 [main] INFO  edu.bjut.boudia.myMain - meter_6622979270602874605:26620000
BruceChen 01:01:30.428 [main] INFO  edu.bjut.boudia.myMain - meter_8593856426886939107:repMsg
BruceChen 01:01:30.428 [main] INFO  edu.bjut.boudia.myMain - meter_8593856426886939107:26662300
BruceChen 01:01:30.428 [main] INFO  edu.bjut.boudia.myMain - meter_3080385152329038573:repMsg
BruceChen 01:01:30.428 [main] INFO  edu.bjut.boudia.myMain - meter_3080385152329038573:26470700
BruceChen 01:01:30.428 [main] INFO  edu.bjut.boudia.myMain - meter_7641821820843979377:repMsg
BruceChen 01:01:30.428 [main] INFO  edu.bjut.boudia.myMain - meter_7641821820843979377:26144500
BruceChen 01:01:30.428 [main] INFO  edu.bjut.boudia.myMain - meter_811707292517523253:repMsg
BruceChen 01:01:30.428 [main] INFO  edu.bjut.boudia.myMain - meter_811707292517523253:26204600
BruceChen 01:01:30.428 [main] INFO  edu.bjut.boudia.myMain - meter_4279385199174221575:repMsg
BruceChen 01:01:30.428 [main] INFO  edu.bjut.boudia.myMain - meter_4279385199174221575:26113200
BruceChen 01:01:30.428 [main] INFO  edu.bjut.boudia.myMain - meter_4101764406804263945:repMsg
BruceChen 01:01:30.428 [main] INFO  edu.bjut.boudia.myMain - meter_4101764406804263945:26227400
BruceChen 01:01:30.428 [main] INFO  edu.bjut.boudia.myMain - meter_2050452303701089657:repMsg
BruceChen 01:01:30.428 [main] INFO  edu.bjut.boudia.myMain - meter_2050452303701089657:26257500
BruceChen 01:01:30.428 [main] INFO  edu.bjut.boudia.myMain - meter_2178908146966285655:repMsg
BruceChen 01:01:30.428 [main] INFO  edu.bjut.boudia.myMain - meter_2178908146966285655:25768300
BruceChen 01:01:30.428 [main] INFO  edu.bjut.boudia.myMain - meter_3229143450630965783:repMsg
BruceChen 01:01:30.428 [main] INFO  edu.bjut.boudia.myMain - meter_3229143450630965783:26280900
BruceChen 01:01:30.428 [main] INFO  edu.bjut.boudia.myMain - meter_3990876479042256893:repMsg
BruceChen 01:01:30.428 [main] INFO  edu.bjut.boudia.myMain - meter_3990876479042256893:26047300
BruceChen 01:01:30.428 [main] INFO  edu.bjut.boudia.myMain - meter_552080801904535311:repMsg
BruceChen 01:01:30.428 [main] INFO  edu.bjut.boudia.myMain - meter_552080801904535311:26215900
BruceChen 01:01:30.428 [main] INFO  edu.bjut.boudia.myMain - meter_8972378633900417369:repMsg
BruceChen 01:01:30.428 [main] INFO  edu.bjut.boudia.myMain - meter_8972378633900417369:25746100
BruceChen 01:01:30.428 [main] INFO  edu.bjut.boudia.myMain - meter_8947004454885861103:repMsg
BruceChen 01:01:30.428 [main] INFO  edu.bjut.boudia.myMain - meter_8947004454885861103:26352000
BruceChen 01:01:30.428 [main] INFO  edu.bjut.boudia.myMain - meter_1071702632572466515:repMsg
BruceChen 01:01:30.428 [main] INFO  edu.bjut.boudia.myMain - meter_1071702632572466515:26231400
BruceChen 01:01:30.428 [main] INFO  edu.bjut.boudia.myMain - meter_2765990283938057545:repMsg
BruceChen 01:01:30.428 [main] INFO  edu.bjut.boudia.myMain - meter_2765990283938057545:25993500
BruceChen 01:01:30.428 [main] INFO  edu.bjut.boudia.myMain - meter_5876027786922370483:repMsg
BruceChen 01:01:30.428 [main] INFO  edu.bjut.boudia.myMain - meter_5876027786922370483:26306600
BruceChen 01:01:30.428 [main] INFO  edu.bjut.boudia.myMain - meter_5574274181670898063:repMsg
BruceChen 01:01:30.428 [main] INFO  edu.bjut.boudia.myMain - meter_5574274181670898063:25737200
BruceChen 01:01:30.428 [main] INFO  edu.bjut.boudia.myMain - meter_5608681533182379117:repMsg
BruceChen 01:01:30.428 [main] INFO  edu.bjut.boudia.myMain - meter_5608681533182379117:25780000
BruceChen 01:01:30.428 [main] INFO  edu.bjut.boudia.myMain - meter_1605208818955406707:repMsg
BruceChen 01:01:30.428 [main] INFO  edu.bjut.boudia.myMain - meter_1605208818955406707:26009700
BruceChen 01:01:30.428 [main] INFO  edu.bjut.boudia.myMain - meter_7468639115478235043:repMsg
BruceChen 01:01:30.428 [main] INFO  edu.bjut.boudia.myMain - meter_7468639115478235043:25881900
BruceChen 01:01:30.428 [main] INFO  edu.bjut.boudia.myMain - meter_3808461795995099661:repMsg
BruceChen 01:01:30.428 [main] INFO  edu.bjut.boudia.myMain - meter_3808461795995099661:25833200
BruceChen 01:01:30.428 [main] INFO  edu.bjut.boudia.myMain - meter_913535266281980401:repMsg
BruceChen 01:01:30.428 [main] INFO  edu.bjut.boudia.myMain - meter_913535266281980401:26337600
BruceChen 01:01:30.428 [main] INFO  edu.bjut.boudia.myMain - meter_3044545032416890225:repMsg
BruceChen 01:01:30.428 [main] INFO  edu.bjut.boudia.myMain - meter_3044545032416890225:26206200
BruceChen 01:01:30.428 [main] INFO  edu.bjut.boudia.myMain - meter_6392992196082852341:repMsg
BruceChen 01:01:30.428 [main] INFO  edu.bjut.boudia.myMain - meter_6392992196082852341:29571900
BruceChen 01:01:30.428 [main] INFO  edu.bjut.boudia.myMain - meter_3497677536057248291:repMsg
BruceChen 01:01:30.428 [main] INFO  edu.bjut.boudia.myMain - meter_3497677536057248291:26595600
BruceChen 01:01:30.428 [main] INFO  edu.bjut.boudia.myMain - meter_133829165567075637:repMsg
BruceChen 01:01:30.428 [main] INFO  edu.bjut.boudia.myMain - meter_133829165567075637:25982000
BruceChen 01:01:30.428 [main] INFO  edu.bjut.boudia.myMain - meter_2407805229711647883:repMsg
BruceChen 01:01:30.428 [main] INFO  edu.bjut.boudia.myMain - meter_2407805229711647883:25968400
BruceChen 01:01:30.428 [main] INFO  edu.bjut.boudia.myMain - meter_3973642183854775415:repMsg
BruceChen 01:01:30.428 [main] INFO  edu.bjut.boudia.myMain - meter_3973642183854775415:26532500
BruceChen 01:01:30.428 [main] INFO  edu.bjut.boudia.myMain - meter_3615669797817181269:repMsg
BruceChen 01:01:30.428 [main] INFO  edu.bjut.boudia.myMain - meter_3615669797817181269:26920400
BruceChen 01:01:30.428 [main] INFO  edu.bjut.boudia.myMain - meter_5892457579677061739:repMsg
BruceChen 01:01:30.428 [main] INFO  edu.bjut.boudia.myMain - meter_5892457579677061739:26421900
BruceChen 01:01:30.428 [main] INFO  edu.bjut.boudia.myMain - meter_478431558638945263:repMsg
BruceChen 01:01:30.428 [main] INFO  edu.bjut.boudia.myMain - meter_478431558638945263:26594100
BruceChen 01:01:30.428 [main] INFO  edu.bjut.boudia.myMain - meter_8256639527663339543:repMsg
BruceChen 01:01:30.428 [main] INFO  edu.bjut.boudia.myMain - meter_8256639527663339543:26534400
BruceChen 01:01:30.428 [main] INFO  edu.bjut.boudia.myMain - meter_6894009714006502399:repMsg
BruceChen 01:01:30.428 [main] INFO  edu.bjut.boudia.myMain - meter_6894009714006502399:26584600
BruceChen 01:01:30.428 [main] INFO  edu.bjut.boudia.myMain - meter_1656488275027761705:repMsg
BruceChen 01:01:30.428 [main] INFO  edu.bjut.boudia.myMain - meter_1656488275027761705:26389900
BruceChen 01:01:30.428 [main] INFO  edu.bjut.boudia.myMain - meter_2340698996978254543:repMsg
BruceChen 01:01:30.428 [main] INFO  edu.bjut.boudia.myMain - meter_2340698996978254543:26673100
BruceChen 01:01:30.428 [main] INFO  edu.bjut.boudia.myMain - meter_2375036159614129879:repMsg
BruceChen 01:01:30.428 [main] INFO  edu.bjut.boudia.myMain - meter_2375036159614129879:27087400
BruceChen 01:01:30.428 [main] INFO  edu.bjut.boudia.myMain - meter_127246260034758105:repMsg
BruceChen 01:01:30.428 [main] INFO  edu.bjut.boudia.myMain - meter_127246260034758105:27194000
BruceChen 01:01:30.428 [main] INFO  edu.bjut.boudia.myMain - meter_1212077509723458237:repMsg
BruceChen 01:01:30.428 [main] INFO  edu.bjut.boudia.myMain - meter_1212077509723458237:31704200
BruceChen 01:01:30.428 [main] INFO  edu.bjut.boudia.myMain - meter_3297327688887420703:repMsg
BruceChen 01:01:30.428 [main] INFO  edu.bjut.boudia.myMain - meter_3297327688887420703:26545500
BruceChen 01:01:30.428 [main] INFO  edu.bjut.boudia.myMain - meter_3465996059512813549:repMsg
BruceChen 01:01:30.428 [main] INFO  edu.bjut.boudia.myMain - meter_3465996059512813549:26430400
BruceChen 01:01:30.428 [main] INFO  edu.bjut.boudia.myMain - meter_68552577743964231:repMsg
BruceChen 01:01:30.428 [main] INFO  edu.bjut.boudia.myMain - meter_68552577743964231:26528200
BruceChen 01:01:30.428 [main] INFO  edu.bjut.boudia.myMain - meter_7464332550796385325:repMsg
BruceChen 01:01:30.428 [main] INFO  edu.bjut.boudia.myMain - meter_7464332550796385325:26642000
BruceChen 01:01:30.428 [main] INFO  edu.bjut.boudia.myMain - meter_2078996349324934381:repMsg
BruceChen 01:01:30.428 [main] INFO  edu.bjut.boudia.myMain - meter_2078996349324934381:26690100
BruceChen 01:01:30.428 [main] INFO  edu.bjut.boudia.myMain - meter_2071881953005292473:repMsg
BruceChen 01:01:30.428 [main] INFO  edu.bjut.boudia.myMain - meter_2071881953005292473:26648200
BruceChen 01:01:30.428 [main] INFO  edu.bjut.boudia.myMain - meter_9009429624872291233:repMsg
BruceChen 01:01:30.428 [main] INFO  edu.bjut.boudia.myMain - meter_9009429624872291233:26633300
BruceChen 01:01:30.428 [main] INFO  edu.bjut.boudia.myMain - meter_6302512324698360311:repMsg
BruceChen 01:01:30.428 [main] INFO  edu.bjut.boudia.myMain - meter_6302512324698360311:26621900
BruceChen 01:01:33.836 [main] INFO  edu.bjut.boudia.myMain - oneTimeMeterRegTime
BruceChen 01:01:34.477 [main] INFO  edu.bjut.boudia.myMain - server:pubkey
BruceChen 01:01:34.477 [main] INFO  edu.bjut.boudia.myMain - server:900
BruceChen 01:01:34.477 [main] INFO  edu.bjut.boudia.myMain - agg:regMsg,regMsg,regMsg,regMsg,regMsg,regMsg,regMsg,regMsg,regMsg,regMsg,regMsg,regMsg,regMsg,regMsg,regMsg,regMsg,regMsg,regMsg,regMsg,regMsg,regMsg,regMsg,regMsg,regMsg,regMsg,regMsg,regMsg,regMsg,regMsg,regMsg,regMsg,regMsg,regMsg,regMsg,regMsg,regMsg,regMsg,regMsg,regMsg,regMsg,regMsg,regMsg,regMsg,regMsg,regMsg,regMsg,regMsg,regMsg,regMsg,regMsg
BruceChen 01:01:34.477 [main] INFO  edu.bjut.boudia.myMain - agg:6639100,6617200,6598300,6436600,6420300,6404900,6407100,6412800,6432000,6420900,6427600,6430700,6423700,6452700,6430900,6438300,6438200,6411000,6393800,6437800,6471400,6429600,6420100,6425000,6424700,6426900,6407500,6433900,6422900,6400500,6536700,6456800,8963200,6620000,6614500,6599600,6599100,6406800,6446200,6437800,6396300,6412500,6442700,6416200,6412400,6411300,6430900,6412400,6412100,6544100
BruceChen 01:01:34.477 [main] INFO  edu.bjut.boudia.myMain - meter_381205938009678417:regMsg,reg_backagg,reg_cc
BruceChen 01:01:34.477 [main] INFO  edu.bjut.boudia.myMain - meter_381205938009678417:600,7404600,600
BruceChen 01:01:34.477 [main] INFO  edu.bjut.boudia.myMain - meter_7166490814287619133:regMsg,reg_backagg,reg_cc
BruceChen 01:01:34.477 [main] INFO  edu.bjut.boudia.myMain - meter_7166490814287619133:800,6597500,500
BruceChen 01:01:34.477 [main] INFO  edu.bjut.boudia.myMain - meter_8840327468349187721:regMsg,reg_backagg,reg_cc
BruceChen 01:01:34.477 [main] INFO  edu.bjut.boudia.myMain - meter_8840327468349187721:700,6515300,400
BruceChen 01:01:34.477 [main] INFO  edu.bjut.boudia.myMain - meter_172868301768120783:regMsg,reg_backagg,reg_cc
BruceChen 01:01:34.477 [main] INFO  edu.bjut.boudia.myMain - meter_172868301768120783:600,6413800,300
BruceChen 01:01:34.477 [main] INFO  edu.bjut.boudia.myMain - meter_2253460545383961033:regMsg,reg_backagg,reg_cc
BruceChen 01:01:34.477 [main] INFO  edu.bjut.boudia.myMain - meter_2253460545383961033:600,6382300,400
BruceChen 01:01:34.477 [main] INFO  edu.bjut.boudia.myMain - meter_8378810360935535891:regMsg,reg_backagg,reg_cc
BruceChen 01:01:34.477 [main] INFO  edu.bjut.boudia.myMain - meter_8378810360935535891:600,6492000,400
BruceChen 01:01:34.477 [main] INFO  edu.bjut.boudia.myMain - meter_604127059718895921:regMsg,reg_backagg,reg_cc
BruceChen 01:01:34.477 [main] INFO  edu.bjut.boudia.myMain - meter_604127059718895921:2700,6473400,400
BruceChen 01:01:34.477 [main] INFO  edu.bjut.boudia.myMain - meter_6023286966499533585:regMsg,reg_backagg,reg_cc
BruceChen 01:01:34.477 [main] INFO  edu.bjut.boudia.myMain - meter_6023286966499533585:500,6375200,4800
BruceChen 01:01:34.477 [main] INFO  edu.bjut.boudia.myMain - meter_893387879226891345:regMsg,reg_backagg,reg_cc
BruceChen 01:01:34.477 [main] INFO  edu.bjut.boudia.myMain - meter_893387879226891345:400,6445400,400
BruceChen 01:01:34.477 [main] INFO  edu.bjut.boudia.myMain - meter_7724558617459622721:regMsg,reg_backagg,reg_cc
BruceChen 01:01:34.477 [main] INFO  edu.bjut.boudia.myMain - meter_7724558617459622721:600,6496100,400
BruceChen 01:01:34.477 [main] INFO  edu.bjut.boudia.myMain - meter_6728092959334331171:regMsg,reg_backagg,reg_cc
BruceChen 01:01:34.477 [main] INFO  edu.bjut.boudia.myMain - meter_6728092959334331171:500,6438200,300
BruceChen 01:01:34.477 [main] INFO  edu.bjut.boudia.myMain - meter_8216842226509353687:regMsg,reg_backagg,reg_cc
BruceChen 01:01:34.477 [main] INFO  edu.bjut.boudia.myMain - meter_8216842226509353687:500,6436500,200
BruceChen 01:01:34.477 [main] INFO  edu.bjut.boudia.myMain - meter_5195302253826578529:regMsg,reg_backagg,reg_cc
BruceChen 01:01:34.477 [main] INFO  edu.bjut.boudia.myMain - meter_5195302253826578529:500,6394000,300
BruceChen 01:01:34.477 [main] INFO  edu.bjut.boudia.myMain - meter_8039646853433406253:regMsg,reg_backagg,reg_cc
BruceChen 01:01:34.477 [main] INFO  edu.bjut.boudia.myMain - meter_8039646853433406253:500,6390600,400
BruceChen 01:01:34.477 [main] INFO  edu.bjut.boudia.myMain - meter_453651751139943415:regMsg,reg_backagg,reg_cc
BruceChen 01:01:34.477 [main] INFO  edu.bjut.boudia.myMain - meter_453651751139943415:500,6385800,200
BruceChen 01:01:34.477 [main] INFO  edu.bjut.boudia.myMain - meter_7274924141072645991:regMsg,reg_backagg,reg_cc
BruceChen 01:01:34.477 [main] INFO  edu.bjut.boudia.myMain - meter_7274924141072645991:500,6252900,200
BruceChen 01:01:34.477 [main] INFO  edu.bjut.boudia.myMain - meter_3318670818065743883:regMsg,reg_backagg,reg_cc
BruceChen 01:01:34.477 [main] INFO  edu.bjut.boudia.myMain - meter_3318670818065743883:300,6479200,300
BruceChen 01:01:34.477 [main] INFO  edu.bjut.boudia.myMain - meter_4119758469432823077:regMsg,reg_backagg,reg_cc
BruceChen 01:01:34.477 [main] INFO  edu.bjut.boudia.myMain - meter_4119758469432823077:600,6441100,200
BruceChen 01:01:34.477 [main] INFO  edu.bjut.boudia.myMain - meter_9076746945030080529:regMsg,reg_backagg,reg_cc
BruceChen 01:01:34.477 [main] INFO  edu.bjut.boudia.myMain - meter_9076746945030080529:500,6487300,300
BruceChen 01:01:34.477 [main] INFO  edu.bjut.boudia.myMain - meter_2118487527125160591:regMsg,reg_backagg,reg_cc
BruceChen 01:01:34.477 [main] INFO  edu.bjut.boudia.myMain - meter_2118487527125160591:600,6490100,300
BruceChen 01:01:34.477 [main] INFO  edu.bjut.boudia.myMain - meter_119906140067542611:regMsg,reg_backagg,reg_cc
BruceChen 01:01:34.477 [main] INFO  edu.bjut.boudia.myMain - meter_119906140067542611:600,6417200,400
BruceChen 01:01:34.477 [main] INFO  edu.bjut.boudia.myMain - meter_3770941248220543977:regMsg,reg_backagg,reg_cc
BruceChen 01:01:34.477 [main] INFO  edu.bjut.boudia.myMain - meter_3770941248220543977:700,6343700,200
BruceChen 01:01:34.477 [main] INFO  edu.bjut.boudia.myMain - meter_8303712714487930511:regMsg,reg_backagg,reg_cc
BruceChen 01:01:34.477 [main] INFO  edu.bjut.boudia.myMain - meter_8303712714487930511:500,6415600,400
BruceChen 01:01:34.477 [main] INFO  edu.bjut.boudia.myMain - meter_8031806023486220003:regMsg,reg_backagg,reg_cc
BruceChen 01:01:34.477 [main] INFO  edu.bjut.boudia.myMain - meter_8031806023486220003:500,6494700,300
BruceChen 01:01:34.477 [main] INFO  edu.bjut.boudia.myMain - meter_5537616363327041945:regMsg,reg_backagg,reg_cc
BruceChen 01:01:34.477 [main] INFO  edu.bjut.boudia.myMain - meter_5537616363327041945:600,6431400,200
BruceChen 01:01:34.477 [main] INFO  edu.bjut.boudia.myMain - meter_8880300392939842197:regMsg,reg_backagg,reg_cc
BruceChen 01:01:34.477 [main] INFO  edu.bjut.boudia.myMain - meter_8880300392939842197:500,6503200,300
BruceChen 01:01:34.477 [main] INFO  edu.bjut.boudia.myMain - meter_2579881028344879251:regMsg,reg_backagg,reg_cc
BruceChen 01:01:34.477 [main] INFO  edu.bjut.boudia.myMain - meter_2579881028344879251:500,6460600,200
BruceChen 01:01:34.477 [main] INFO  edu.bjut.boudia.myMain - meter_6610561780413995675:regMsg,reg_backagg,reg_cc
BruceChen 01:01:34.477 [main] INFO  edu.bjut.boudia.myMain - meter_6610561780413995675:400,6361700,300
BruceChen 01:01:34.477 [main] INFO  edu.bjut.boudia.myMain - meter_1994573511833152935:regMsg,reg_backagg,reg_cc
BruceChen 01:01:34.477 [main] INFO  edu.bjut.boudia.myMain - meter_1994573511833152935:500,6459800,200
BruceChen 01:01:34.477 [main] INFO  edu.bjut.boudia.myMain - meter_2049115714349037791:regMsg,reg_backagg,reg_cc
BruceChen 01:01:34.477 [main] INFO  edu.bjut.boudia.myMain - meter_2049115714349037791:500,6432200,200
BruceChen 01:01:34.477 [main] INFO  edu.bjut.boudia.myMain - meter_2787130303148566137:regMsg,reg_backagg,reg_cc
BruceChen 01:01:34.477 [main] INFO  edu.bjut.boudia.myMain - meter_2787130303148566137:500,6330300,200
BruceChen 01:01:34.477 [main] INFO  edu.bjut.boudia.myMain - meter_1428647907471132517:regMsg,reg_backagg,reg_cc
BruceChen 01:01:34.477 [main] INFO  edu.bjut.boudia.myMain - meter_1428647907471132517:500,6458200,200
BruceChen 01:01:34.477 [main] INFO  edu.bjut.boudia.myMain - meter_5307403743906349945:regMsg,reg_backagg,reg_cc
BruceChen 01:01:34.477 [main] INFO  edu.bjut.boudia.myMain - meter_5307403743906349945:300,6614400,400
BruceChen 01:01:34.477 [main] INFO  edu.bjut.boudia.myMain - meter_3972334896593119185:regMsg,reg_backagg,reg_cc
BruceChen 01:01:34.477 [main] INFO  edu.bjut.boudia.myMain - meter_3972334896593119185:700,6720000,300
BruceChen 01:01:34.477 [main] INFO  edu.bjut.boudia.myMain - meter_2390729982150031695:regMsg,reg_backagg,reg_cc
BruceChen 01:01:34.477 [main] INFO  edu.bjut.boudia.myMain - meter_2390729982150031695:500,6585800,400
BruceChen 01:01:34.477 [main] INFO  edu.bjut.boudia.myMain - meter_294717549533713931:regMsg,reg_backagg,reg_cc
BruceChen 01:01:34.477 [main] INFO  edu.bjut.boudia.myMain - meter_294717549533713931:600,6670200,300
BruceChen 01:01:34.477 [main] INFO  edu.bjut.boudia.myMain - meter_4698438953725649467:regMsg,reg_backagg,reg_cc
BruceChen 01:01:34.477 [main] INFO  edu.bjut.boudia.myMain - meter_4698438953725649467:500,6472600,200
BruceChen 01:01:34.477 [main] INFO  edu.bjut.boudia.myMain - meter_5650536724598130791:regMsg,reg_backagg,reg_cc
BruceChen 01:01:34.477 [main] INFO  edu.bjut.boudia.myMain - meter_5650536724598130791:500,6480100,200
BruceChen 01:01:34.477 [main] INFO  edu.bjut.boudia.myMain - meter_5867283712879269641:regMsg,reg_backagg,reg_cc
BruceChen 01:01:34.477 [main] INFO  edu.bjut.boudia.myMain - meter_5867283712879269641:400,6350400,300
BruceChen 01:01:34.477 [main] INFO  edu.bjut.boudia.myMain - meter_8994994225517107075:regMsg,reg_backagg,reg_cc
BruceChen 01:01:34.477 [main] INFO  edu.bjut.boudia.myMain - meter_8994994225517107075:500,6415200,300
BruceChen 01:01:34.477 [main] INFO  edu.bjut.boudia.myMain - meter_8221095076627433475:regMsg,reg_backagg,reg_cc
BruceChen 01:01:34.477 [main] INFO  edu.bjut.boudia.myMain - meter_8221095076627433475:500,6439800,200
BruceChen 01:01:34.477 [main] INFO  edu.bjut.boudia.myMain - meter_7382328852913216165:regMsg,reg_backagg,reg_cc
BruceChen 01:01:34.477 [main] INFO  edu.bjut.boudia.myMain - meter_7382328852913216165:400,6472000,300
BruceChen 01:01:34.477 [main] INFO  edu.bjut.boudia.myMain - meter_1028455269498971037:regMsg,reg_backagg,reg_cc
BruceChen 01:01:34.477 [main] INFO  edu.bjut.boudia.myMain - meter_1028455269498971037:500,6418200,300
BruceChen 01:01:34.477 [main] INFO  edu.bjut.boudia.myMain - meter_6656835044147905375:regMsg,reg_backagg,reg_cc
BruceChen 01:01:34.477 [main] INFO  edu.bjut.boudia.myMain - meter_6656835044147905375:600,6399000,200
BruceChen 01:01:34.477 [main] INFO  edu.bjut.boudia.myMain - meter_885364337815655117:regMsg,reg_backagg,reg_cc
BruceChen 01:01:34.477 [main] INFO  edu.bjut.boudia.myMain - meter_885364337815655117:300,6380300,300
BruceChen 01:01:34.477 [main] INFO  edu.bjut.boudia.myMain - meter_7811881051185362679:regMsg,reg_backagg,reg_cc
BruceChen 01:01:34.477 [main] INFO  edu.bjut.boudia.myMain - meter_7811881051185362679:500,6487100,200
BruceChen 01:01:34.477 [main] INFO  edu.bjut.boudia.myMain - meter_4277884093825853539:regMsg,reg_backagg,reg_cc
BruceChen 01:01:34.477 [main] INFO  edu.bjut.boudia.myMain - meter_4277884093825853539:600,6397300,200
BruceChen 01:01:34.477 [main] INFO  edu.bjut.boudia.myMain - meter_4682867534633511051:regMsg,reg_backagg,reg_cc
BruceChen 01:01:34.477 [main] INFO  edu.bjut.boudia.myMain - meter_4682867534633511051:400,7107500,300
BruceChen 01:01:34.477 [main] INFO  edu.bjut.boudia.myMain - meter_3606603836277273041:regMsg,reg_backagg,reg_cc
BruceChen 01:01:34.477 [main] INFO  edu.bjut.boudia.myMain - meter_3606603836277273041:400,6364100,300
BruceChen 01:01:34.477 [main] INFO  edu.bjut.boudia.myMain - meter_7120633369797752149:regMsg,reg_backagg,reg_cc
BruceChen 01:01:34.477 [main] INFO  edu.bjut.boudia.myMain - meter_7120633369797752149:400,6593400,300
BruceChen 01:01:35.150 [main] INFO  edu.bjut.boudia.myMain - oneTimeMeterRepTime
BruceChen 01:01:36.854 [main] INFO  edu.bjut.boudia.myMain - server:repMsg
BruceChen 01:01:36.854 [main] INFO  edu.bjut.boudia.myMain - server:31881100
BruceChen 01:01:36.854 [main] INFO  edu.bjut.boudia.myMain - agg:repMsg
BruceChen 01:01:36.854 [main] INFO  edu.bjut.boudia.myMain - agg:352194000
BruceChen 01:01:36.854 [main] INFO  edu.bjut.boudia.myMain - meter_381205938009678417:repMsg
BruceChen 01:01:36.854 [main] INFO  edu.bjut.boudia.myMain - meter_381205938009678417:26863300
BruceChen 01:01:36.854 [main] INFO  edu.bjut.boudia.myMain - meter_7166490814287619133:repMsg
BruceChen 01:01:36.854 [main] INFO  edu.bjut.boudia.myMain - meter_7166490814287619133:26504600
BruceChen 01:01:36.854 [main] INFO  edu.bjut.boudia.myMain - meter_8840327468349187721:repMsg
BruceChen 01:01:36.854 [main] INFO  edu.bjut.boudia.myMain - meter_8840327468349187721:26595800
BruceChen 01:01:36.854 [main] INFO  edu.bjut.boudia.myMain - meter_172868301768120783:repMsg
BruceChen 01:01:36.854 [main] INFO  edu.bjut.boudia.myMain - meter_172868301768120783:26584000
BruceChen 01:01:36.854 [main] INFO  edu.bjut.boudia.myMain - meter_2253460545383961033:repMsg
BruceChen 01:01:36.854 [main] INFO  edu.bjut.boudia.myMain - meter_2253460545383961033:26426600
BruceChen 01:01:36.854 [main] INFO  edu.bjut.boudia.myMain - meter_8378810360935535891:repMsg
BruceChen 01:01:36.854 [main] INFO  edu.bjut.boudia.myMain - meter_8378810360935535891:26634000
BruceChen 01:01:36.854 [main] INFO  edu.bjut.boudia.myMain - meter_604127059718895921:repMsg
BruceChen 01:01:36.854 [main] INFO  edu.bjut.boudia.myMain - meter_604127059718895921:26247400
BruceChen 01:01:36.854 [main] INFO  edu.bjut.boudia.myMain - meter_6023286966499533585:repMsg
BruceChen 01:01:36.854 [main] INFO  edu.bjut.boudia.myMain - meter_6023286966499533585:26334600
BruceChen 01:01:36.854 [main] INFO  edu.bjut.boudia.myMain - meter_893387879226891345:repMsg
BruceChen 01:01:36.854 [main] INFO  edu.bjut.boudia.myMain - meter_893387879226891345:26379000
BruceChen 01:01:36.854 [main] INFO  edu.bjut.boudia.myMain - meter_7724558617459622721:repMsg
BruceChen 01:01:36.854 [main] INFO  edu.bjut.boudia.myMain - meter_7724558617459622721:26672300
BruceChen 01:01:36.854 [main] INFO  edu.bjut.boudia.myMain - meter_6728092959334331171:repMsg
BruceChen 01:01:36.854 [main] INFO  edu.bjut.boudia.myMain - meter_6728092959334331171:26420600
BruceChen 01:01:36.854 [main] INFO  edu.bjut.boudia.myMain - meter_8216842226509353687:repMsg
BruceChen 01:01:36.854 [main] INFO  edu.bjut.boudia.myMain - meter_8216842226509353687:26621600
BruceChen 01:01:36.854 [main] INFO  edu.bjut.boudia.myMain - meter_5195302253826578529:repMsg
BruceChen 01:01:36.854 [main] INFO  edu.bjut.boudia.myMain - meter_5195302253826578529:26361900
BruceChen 01:01:36.854 [main] INFO  edu.bjut.boudia.myMain - meter_8039646853433406253:repMsg
BruceChen 01:01:36.854 [main] INFO  edu.bjut.boudia.myMain - meter_8039646853433406253:26819800
BruceChen 01:01:36.854 [main] INFO  edu.bjut.boudia.myMain - meter_453651751139943415:repMsg
BruceChen 01:01:36.854 [main] INFO  edu.bjut.boudia.myMain - meter_453651751139943415:26480400
BruceChen 01:01:36.854 [main] INFO  edu.bjut.boudia.myMain - meter_7274924141072645991:repMsg
BruceChen 01:01:36.854 [main] INFO  edu.bjut.boudia.myMain - meter_7274924141072645991:26489300
BruceChen 01:01:36.854 [main] INFO  edu.bjut.boudia.myMain - meter_3318670818065743883:repMsg
BruceChen 01:01:36.854 [main] INFO  edu.bjut.boudia.myMain - meter_3318670818065743883:26279000
BruceChen 01:01:36.854 [main] INFO  edu.bjut.boudia.myMain - meter_4119758469432823077:repMsg
BruceChen 01:01:36.854 [main] INFO  edu.bjut.boudia.myMain - meter_4119758469432823077:26493000
BruceChen 01:01:36.854 [main] INFO  edu.bjut.boudia.myMain - meter_9076746945030080529:repMsg
BruceChen 01:01:36.854 [main] INFO  edu.bjut.boudia.myMain - meter_9076746945030080529:26478000
BruceChen 01:01:36.854 [main] INFO  edu.bjut.boudia.myMain - meter_2118487527125160591:repMsg
BruceChen 01:01:36.854 [main] INFO  edu.bjut.boudia.myMain - meter_2118487527125160591:26311600
BruceChen 01:01:36.854 [main] INFO  edu.bjut.boudia.myMain - meter_119906140067542611:repMsg
BruceChen 01:01:36.854 [main] INFO  edu.bjut.boudia.myMain - meter_119906140067542611:29212000
BruceChen 01:01:36.854 [main] INFO  edu.bjut.boudia.myMain - meter_3770941248220543977:repMsg
BruceChen 01:01:36.854 [main] INFO  edu.bjut.boudia.myMain - meter_3770941248220543977:26323100
BruceChen 01:01:36.854 [main] INFO  edu.bjut.boudia.myMain - meter_8303712714487930511:repMsg
BruceChen 01:01:36.854 [main] INFO  edu.bjut.boudia.myMain - meter_8303712714487930511:26427700
BruceChen 01:01:36.854 [main] INFO  edu.bjut.boudia.myMain - meter_8031806023486220003:repMsg
BruceChen 01:01:36.854 [main] INFO  edu.bjut.boudia.myMain - meter_8031806023486220003:26191800
BruceChen 01:01:36.854 [main] INFO  edu.bjut.boudia.myMain - meter_5537616363327041945:repMsg
BruceChen 01:01:36.854 [main] INFO  edu.bjut.boudia.myMain - meter_5537616363327041945:26215400
BruceChen 01:01:36.854 [main] INFO  edu.bjut.boudia.myMain - meter_8880300392939842197:repMsg
BruceChen 01:01:36.854 [main] INFO  edu.bjut.boudia.myMain - meter_8880300392939842197:25994900
BruceChen 01:01:36.854 [main] INFO  edu.bjut.boudia.myMain - meter_2579881028344879251:repMsg
BruceChen 01:01:36.854 [main] INFO  edu.bjut.boudia.myMain - meter_2579881028344879251:26059000
BruceChen 01:01:36.854 [main] INFO  edu.bjut.boudia.myMain - meter_6610561780413995675:repMsg
BruceChen 01:01:36.854 [main] INFO  edu.bjut.boudia.myMain - meter_6610561780413995675:25758300
BruceChen 01:01:36.854 [main] INFO  edu.bjut.boudia.myMain - meter_1994573511833152935:repMsg
BruceChen 01:01:36.854 [main] INFO  edu.bjut.boudia.myMain - meter_1994573511833152935:26198200
BruceChen 01:01:36.854 [main] INFO  edu.bjut.boudia.myMain - meter_2049115714349037791:repMsg
BruceChen 01:01:36.854 [main] INFO  edu.bjut.boudia.myMain - meter_2049115714349037791:25939400
BruceChen 01:01:36.854 [main] INFO  edu.bjut.boudia.myMain - meter_2787130303148566137:repMsg
BruceChen 01:01:36.854 [main] INFO  edu.bjut.boudia.myMain - meter_2787130303148566137:26293000
BruceChen 01:01:36.854 [main] INFO  edu.bjut.boudia.myMain - meter_1428647907471132517:repMsg
BruceChen 01:01:36.854 [main] INFO  edu.bjut.boudia.myMain - meter_1428647907471132517:26769900
BruceChen 01:01:36.854 [main] INFO  edu.bjut.boudia.myMain - meter_5307403743906349945:repMsg
BruceChen 01:01:36.854 [main] INFO  edu.bjut.boudia.myMain - meter_5307403743906349945:25714300
BruceChen 01:01:36.854 [main] INFO  edu.bjut.boudia.myMain - meter_3972334896593119185:repMsg
BruceChen 01:01:36.854 [main] INFO  edu.bjut.boudia.myMain - meter_3972334896593119185:25647300
BruceChen 01:01:36.854 [main] INFO  edu.bjut.boudia.myMain - meter_2390729982150031695:repMsg
BruceChen 01:01:36.854 [main] INFO  edu.bjut.boudia.myMain - meter_2390729982150031695:26027700
BruceChen 01:01:36.854 [main] INFO  edu.bjut.boudia.myMain - meter_294717549533713931:repMsg
BruceChen 01:01:36.854 [main] INFO  edu.bjut.boudia.myMain - meter_294717549533713931:26108000
BruceChen 01:01:36.854 [main] INFO  edu.bjut.boudia.myMain - meter_4698438953725649467:repMsg
BruceChen 01:01:36.854 [main] INFO  edu.bjut.boudia.myMain - meter_4698438953725649467:26309700
BruceChen 01:01:36.854 [main] INFO  edu.bjut.boudia.myMain - meter_5650536724598130791:repMsg
BruceChen 01:01:36.854 [main] INFO  edu.bjut.boudia.myMain - meter_5650536724598130791:26341900
BruceChen 01:01:36.854 [main] INFO  edu.bjut.boudia.myMain - meter_5867283712879269641:repMsg
BruceChen 01:01:36.854 [main] INFO  edu.bjut.boudia.myMain - meter_5867283712879269641:26130100
BruceChen 01:01:36.854 [main] INFO  edu.bjut.boudia.myMain - meter_8994994225517107075:repMsg
BruceChen 01:01:36.854 [main] INFO  edu.bjut.boudia.myMain - meter_8994994225517107075:26249300
BruceChen 01:01:36.854 [main] INFO  edu.bjut.boudia.myMain - meter_8221095076627433475:repMsg
BruceChen 01:01:36.854 [main] INFO  edu.bjut.boudia.myMain - meter_8221095076627433475:26251300
BruceChen 01:01:36.854 [main] INFO  edu.bjut.boudia.myMain - meter_7382328852913216165:repMsg
BruceChen 01:01:36.854 [main] INFO  edu.bjut.boudia.myMain - meter_7382328852913216165:26048600
BruceChen 01:01:36.854 [main] INFO  edu.bjut.boudia.myMain - meter_1028455269498971037:repMsg
BruceChen 01:01:36.854 [main] INFO  edu.bjut.boudia.myMain - meter_1028455269498971037:26403500
BruceChen 01:01:36.854 [main] INFO  edu.bjut.boudia.myMain - meter_6656835044147905375:repMsg
BruceChen 01:01:36.854 [main] INFO  edu.bjut.boudia.myMain - meter_6656835044147905375:25920200
BruceChen 01:01:36.854 [main] INFO  edu.bjut.boudia.myMain - meter_885364337815655117:repMsg
BruceChen 01:01:36.854 [main] INFO  edu.bjut.boudia.myMain - meter_885364337815655117:26294800
BruceChen 01:01:36.854 [main] INFO  edu.bjut.boudia.myMain - meter_7811881051185362679:repMsg
BruceChen 01:01:36.854 [main] INFO  edu.bjut.boudia.myMain - meter_7811881051185362679:26064800
BruceChen 01:01:36.854 [main] INFO  edu.bjut.boudia.myMain - meter_4277884093825853539:repMsg
BruceChen 01:01:36.854 [main] INFO  edu.bjut.boudia.myMain - meter_4277884093825853539:26008000
BruceChen 01:01:36.854 [main] INFO  edu.bjut.boudia.myMain - meter_4682867534633511051:repMsg
BruceChen 01:01:36.854 [main] INFO  edu.bjut.boudia.myMain - meter_4682867534633511051:29106900
BruceChen 01:01:36.854 [main] INFO  edu.bjut.boudia.myMain - meter_3606603836277273041:repMsg
BruceChen 01:01:36.854 [main] INFO  edu.bjut.boudia.myMain - meter_3606603836277273041:26741500
BruceChen 01:01:36.854 [main] INFO  edu.bjut.boudia.myMain - meter_7120633369797752149:repMsg
BruceChen 01:01:36.854 [main] INFO  edu.bjut.boudia.myMain - meter_7120633369797752149:26877100
BruceChen 01:01:39.588 [main] INFO  edu.bjut.boudia.myMain - oneTimeMeterRegTime
BruceChen 01:01:40.105 [main] INFO  edu.bjut.boudia.myMain - server:pubkey
BruceChen 01:01:40.105 [main] INFO  edu.bjut.boudia.myMain - server:800
BruceChen 01:01:40.105 [main] INFO  edu.bjut.boudia.myMain - agg:regMsg,regMsg,regMsg,regMsg,regMsg,regMsg,regMsg,regMsg,regMsg,regMsg,regMsg,regMsg,regMsg,regMsg,regMsg,regMsg,regMsg,regMsg,regMsg,regMsg,regMsg,regMsg,regMsg,regMsg,regMsg,regMsg,regMsg,regMsg,regMsg,regMsg,regMsg,regMsg,regMsg,regMsg,regMsg,regMsg,regMsg,regMsg,regMsg,regMsg
BruceChen 01:01:40.105 [main] INFO  edu.bjut.boudia.myMain - agg:6434900,6445500,6414100,6417600,6402600,6423800,6415400,6436100,6401000,6459000,6663500,6454700,6420700,6443900,6424000,6405400,6417300,6395400,6395300,6419300,6438200,6404800,6424100,6386500,6423800,6416300,6410100,6381100,6438900,6404900,6423800,6397100,6423900,6418900,6602300,6575800,6611700,6630600,6570900,6545000
BruceChen 01:01:40.105 [main] INFO  edu.bjut.boudia.myMain - meter_647106442940728917:regMsg,reg_backagg,reg_cc
BruceChen 01:01:40.105 [main] INFO  edu.bjut.boudia.myMain - meter_647106442940728917:1000,6448600,500
BruceChen 01:01:40.105 [main] INFO  edu.bjut.boudia.myMain - meter_5683906198909605625:regMsg,reg_backagg,reg_cc
BruceChen 01:01:40.105 [main] INFO  edu.bjut.boudia.myMain - meter_5683906198909605625:500,6376300,200
BruceChen 01:01:40.105 [main] INFO  edu.bjut.boudia.myMain - meter_6510761729994828821:regMsg,reg_backagg,reg_cc
BruceChen 01:01:40.105 [main] INFO  edu.bjut.boudia.myMain - meter_6510761729994828821:300,6460200,400
BruceChen 01:01:40.105 [main] INFO  edu.bjut.boudia.myMain - meter_9009997510575857777:regMsg,reg_backagg,reg_cc
BruceChen 01:01:40.105 [main] INFO  edu.bjut.boudia.myMain - meter_9009997510575857777:600,6504500,300
BruceChen 01:01:40.105 [main] INFO  edu.bjut.boudia.myMain - meter_1062880051760298215:regMsg,reg_backagg,reg_cc
BruceChen 01:01:40.105 [main] INFO  edu.bjut.boudia.myMain - meter_1062880051760298215:600,6463000,100
BruceChen 01:01:40.105 [main] INFO  edu.bjut.boudia.myMain - meter_4640406211822786333:regMsg,reg_backagg,reg_cc
BruceChen 01:01:40.105 [main] INFO  edu.bjut.boudia.myMain - meter_4640406211822786333:400,6483200,200
BruceChen 01:01:40.105 [main] INFO  edu.bjut.boudia.myMain - meter_2571513288565110107:regMsg,reg_backagg,reg_cc
BruceChen 01:01:40.105 [main] INFO  edu.bjut.boudia.myMain - meter_2571513288565110107:200,6502400,200
BruceChen 01:01:40.105 [main] INFO  edu.bjut.boudia.myMain - meter_1425349546581831341:regMsg,reg_backagg,reg_cc
BruceChen 01:01:40.105 [main] INFO  edu.bjut.boudia.myMain - meter_1425349546581831341:300,6424400,200
BruceChen 01:01:40.105 [main] INFO  edu.bjut.boudia.myMain - meter_1857017808714732533:regMsg,reg_backagg,reg_cc
BruceChen 01:01:40.105 [main] INFO  edu.bjut.boudia.myMain - meter_1857017808714732533:400,6454600,200
BruceChen 01:01:40.105 [main] INFO  edu.bjut.boudia.myMain - meter_1689952729991105337:regMsg,reg_backagg,reg_cc
BruceChen 01:01:40.105 [main] INFO  edu.bjut.boudia.myMain - meter_1689952729991105337:300,6413600,100
BruceChen 01:01:40.105 [main] INFO  edu.bjut.boudia.myMain - meter_1780890431513992401:regMsg,reg_backagg,reg_cc
BruceChen 01:01:40.105 [main] INFO  edu.bjut.boudia.myMain - meter_1780890431513992401:300,6422600,400
BruceChen 01:01:40.105 [main] INFO  edu.bjut.boudia.myMain - meter_324678533619769999:regMsg,reg_backagg,reg_cc
BruceChen 01:01:40.105 [main] INFO  edu.bjut.boudia.myMain - meter_324678533619769999:800,6349100,300
BruceChen 01:01:40.105 [main] INFO  edu.bjut.boudia.myMain - meter_1459390047267396309:regMsg,reg_backagg,reg_cc
BruceChen 01:01:40.105 [main] INFO  edu.bjut.boudia.myMain - meter_1459390047267396309:600,6430000,200
BruceChen 01:01:40.105 [main] INFO  edu.bjut.boudia.myMain - meter_6427851178103089235:regMsg,reg_backagg,reg_cc
BruceChen 01:01:40.105 [main] INFO  edu.bjut.boudia.myMain - meter_6427851178103089235:300,6414100,200
BruceChen 01:01:40.105 [main] INFO  edu.bjut.boudia.myMain - meter_9157131769264295753:regMsg,reg_backagg,reg_cc
BruceChen 01:01:40.105 [main] INFO  edu.bjut.boudia.myMain - meter_9157131769264295753:200,6502200,200
BruceChen 01:01:40.105 [main] INFO  edu.bjut.boudia.myMain - meter_648424762050859177:regMsg,reg_backagg,reg_cc
BruceChen 01:01:40.105 [main] INFO  edu.bjut.boudia.myMain - meter_648424762050859177:300,6408000,200
BruceChen 01:01:40.105 [main] INFO  edu.bjut.boudia.myMain - meter_2354933264153476335:regMsg,reg_backagg,reg_cc
BruceChen 01:01:40.105 [main] INFO  edu.bjut.boudia.myMain - meter_2354933264153476335:300,6466400,100
BruceChen 01:01:40.105 [main] INFO  edu.bjut.boudia.myMain - meter_3217923860118605403:regMsg,reg_backagg,reg_cc
BruceChen 01:01:40.105 [main] INFO  edu.bjut.boudia.myMain - meter_3217923860118605403:200,6493500,100
BruceChen 01:01:40.105 [main] INFO  edu.bjut.boudia.myMain - meter_1581744345492295389:regMsg,reg_backagg,reg_cc
BruceChen 01:01:40.105 [main] INFO  edu.bjut.boudia.myMain - meter_1581744345492295389:300,6401500,100
BruceChen 01:01:40.105 [main] INFO  edu.bjut.boudia.myMain - meter_2661018353566377543:regMsg,reg_backagg,reg_cc
BruceChen 01:01:40.105 [main] INFO  edu.bjut.boudia.myMain - meter_2661018353566377543:300,6470700,100
BruceChen 01:01:40.105 [main] INFO  edu.bjut.boudia.myMain - meter_4075682191677687761:regMsg,reg_backagg,reg_cc
BruceChen 01:01:40.105 [main] INFO  edu.bjut.boudia.myMain - meter_4075682191677687761:200,6406000,200
BruceChen 01:01:40.105 [main] INFO  edu.bjut.boudia.myMain - meter_3314057443768680627:regMsg,reg_backagg,reg_cc
BruceChen 01:01:40.105 [main] INFO  edu.bjut.boudia.myMain - meter_3314057443768680627:200,6374400,100
BruceChen 01:01:40.105 [main] INFO  edu.bjut.boudia.myMain - meter_5326523678365718187:regMsg,reg_backagg,reg_cc
BruceChen 01:01:40.105 [main] INFO  edu.bjut.boudia.myMain - meter_5326523678365718187:200,6447200,100
BruceChen 01:01:40.105 [main] INFO  edu.bjut.boudia.myMain - meter_7764328075842536563:regMsg,reg_backagg,reg_cc
BruceChen 01:01:40.105 [main] INFO  edu.bjut.boudia.myMain - meter_7764328075842536563:200,6399000,100
BruceChen 01:01:40.105 [main] INFO  edu.bjut.boudia.myMain - meter_8466694900747161625:regMsg,reg_backagg,reg_cc
BruceChen 01:01:40.105 [main] INFO  edu.bjut.boudia.myMain - meter_8466694900747161625:200,6481500,400
BruceChen 01:01:40.105 [main] INFO  edu.bjut.boudia.myMain - meter_8251847235857131753:regMsg,reg_backagg,reg_cc
BruceChen 01:01:40.105 [main] INFO  edu.bjut.boudia.myMain - meter_8251847235857131753:700,6491500,300
BruceChen 01:01:40.105 [main] INFO  edu.bjut.boudia.myMain - meter_3751806375639770275:regMsg,reg_backagg,reg_cc
BruceChen 01:01:40.105 [main] INFO  edu.bjut.boudia.myMain - meter_3751806375639770275:500,6387600,200
BruceChen 01:01:40.105 [main] INFO  edu.bjut.boudia.myMain - meter_3530527565004502865:regMsg,reg_backagg,reg_cc
BruceChen 01:01:40.105 [main] INFO  edu.bjut.boudia.myMain - meter_3530527565004502865:300,6430800,100
BruceChen 01:01:40.105 [main] INFO  edu.bjut.boudia.myMain - meter_722075330380040923:regMsg,reg_backagg,reg_cc
BruceChen 01:01:40.105 [main] INFO  edu.bjut.boudia.myMain - meter_722075330380040923:300,6386400,100
BruceChen 01:01:40.105 [main] INFO  edu.bjut.boudia.myMain - meter_204694177307756753:regMsg,reg_backagg,reg_cc
BruceChen 01:01:40.105 [main] INFO  edu.bjut.boudia.myMain - meter_204694177307756753:300,6484700,200
BruceChen 01:01:40.105 [main] INFO  edu.bjut.boudia.myMain - meter_5827404017234244745:regMsg,reg_backagg,reg_cc
BruceChen 01:01:40.105 [main] INFO  edu.bjut.boudia.myMain - meter_5827404017234244745:200,6428100,200
BruceChen 01:01:40.105 [main] INFO  edu.bjut.boudia.myMain - meter_5733170582669748031:regMsg,reg_backagg,reg_cc
BruceChen 01:01:40.105 [main] INFO  edu.bjut.boudia.myMain - meter_5733170582669748031:300,6440300,100
BruceChen 01:01:40.105 [main] INFO  edu.bjut.boudia.myMain - meter_936706029137603639:regMsg,reg_backagg,reg_cc
BruceChen 01:01:40.105 [main] INFO  edu.bjut.boudia.myMain - meter_936706029137603639:200,6418300,100
BruceChen 01:01:40.105 [main] INFO  edu.bjut.boudia.myMain - meter_1208169681775705243:regMsg,reg_backagg,reg_cc
BruceChen 01:01:40.105 [main] INFO  edu.bjut.boudia.myMain - meter_1208169681775705243:300,6349500,200
BruceChen 01:01:40.105 [main] INFO  edu.bjut.boudia.myMain - meter_8610618250045622511:regMsg,reg_backagg,reg_cc
BruceChen 01:01:40.105 [main] INFO  edu.bjut.boudia.myMain - meter_8610618250045622511:12100,6629100,200
BruceChen 01:01:40.105 [main] INFO  edu.bjut.boudia.myMain - meter_8383321583684277637:regMsg,reg_backagg,reg_cc
BruceChen 01:01:40.105 [main] INFO  edu.bjut.boudia.myMain - meter_8383321583684277637:600,6588000,300
BruceChen 01:01:40.105 [main] INFO  edu.bjut.boudia.myMain - meter_3419972738372966321:regMsg,reg_backagg,reg_cc
BruceChen 01:01:40.105 [main] INFO  edu.bjut.boudia.myMain - meter_3419972738372966321:9100,6650000,2200
BruceChen 01:01:40.105 [main] INFO  edu.bjut.boudia.myMain - meter_1773771688659042303:regMsg,reg_backagg,reg_cc
BruceChen 01:01:40.105 [main] INFO  edu.bjut.boudia.myMain - meter_1773771688659042303:0,6678900,100
BruceChen 01:01:40.105 [main] INFO  edu.bjut.boudia.myMain - meter_2253355458900574493:regMsg,reg_backagg,reg_cc
BruceChen 01:01:40.105 [main] INFO  edu.bjut.boudia.myMain - meter_2253355458900574493:100,6534700,0
BruceChen 01:01:40.105 [main] INFO  edu.bjut.boudia.myMain - meter_2037251270238856463:regMsg,reg_backagg,reg_cc
BruceChen 01:01:40.105 [main] INFO  edu.bjut.boudia.myMain - meter_2037251270238856463:100,6462000,100
BruceChen 01:01:40.638 [main] INFO  edu.bjut.boudia.myMain - oneTimeMeterRepTime
BruceChen 01:01:41.997 [main] INFO  edu.bjut.boudia.myMain - server:repMsg
BruceChen 01:01:41.997 [main] INFO  edu.bjut.boudia.myMain - server:32385700
BruceChen 01:01:41.997 [main] INFO  edu.bjut.boudia.myMain - agg:repMsg
BruceChen 01:01:41.997 [main] INFO  edu.bjut.boudia.myMain - agg:279603700
BruceChen 01:01:41.997 [main] INFO  edu.bjut.boudia.myMain - meter_647106442940728917:repMsg
BruceChen 01:01:41.997 [main] INFO  edu.bjut.boudia.myMain - meter_647106442940728917:26451100
BruceChen 01:01:41.997 [main] INFO  edu.bjut.boudia.myMain - meter_5683906198909605625:repMsg
BruceChen 01:01:41.997 [main] INFO  edu.bjut.boudia.myMain - meter_5683906198909605625:26383700
BruceChen 01:01:41.997 [main] INFO  edu.bjut.boudia.myMain - meter_6510761729994828821:repMsg
BruceChen 01:01:41.997 [main] INFO  edu.bjut.boudia.myMain - meter_6510761729994828821:26145100
BruceChen 01:01:41.997 [main] INFO  edu.bjut.boudia.myMain - meter_9009997510575857777:repMsg
BruceChen 01:01:41.997 [main] INFO  edu.bjut.boudia.myMain - meter_9009997510575857777:26116200
BruceChen 01:01:41.997 [main] INFO  edu.bjut.boudia.myMain - meter_1062880051760298215:repMsg
BruceChen 01:01:41.997 [main] INFO  edu.bjut.boudia.myMain - meter_1062880051760298215:26687100
BruceChen 01:01:41.997 [main] INFO  edu.bjut.boudia.myMain - meter_4640406211822786333:repMsg
BruceChen 01:01:41.997 [main] INFO  edu.bjut.boudia.myMain - meter_4640406211822786333:30666700
BruceChen 01:01:41.997 [main] INFO  edu.bjut.boudia.myMain - meter_2571513288565110107:repMsg
BruceChen 01:01:41.997 [main] INFO  edu.bjut.boudia.myMain - meter_2571513288565110107:26309900
BruceChen 01:01:41.997 [main] INFO  edu.bjut.boudia.myMain - meter_1425349546581831341:repMsg
BruceChen 01:01:41.997 [main] INFO  edu.bjut.boudia.myMain - meter_1425349546581831341:25839700
BruceChen 01:01:41.997 [main] INFO  edu.bjut.boudia.myMain - meter_1857017808714732533:repMsg
BruceChen 01:01:41.997 [main] INFO  edu.bjut.boudia.myMain - meter_1857017808714732533:25777400
BruceChen 01:01:41.997 [main] INFO  edu.bjut.boudia.myMain - meter_1689952729991105337:repMsg
BruceChen 01:01:41.997 [main] INFO  edu.bjut.boudia.myMain - meter_1689952729991105337:25567300
BruceChen 01:01:41.997 [main] INFO  edu.bjut.boudia.myMain - meter_1780890431513992401:repMsg
BruceChen 01:01:41.997 [main] INFO  edu.bjut.boudia.myMain - meter_1780890431513992401:27472200
BruceChen 01:01:41.997 [main] INFO  edu.bjut.boudia.myMain - meter_324678533619769999:repMsg
BruceChen 01:01:41.997 [main] INFO  edu.bjut.boudia.myMain - meter_324678533619769999:26474900
BruceChen 01:01:41.997 [main] INFO  edu.bjut.boudia.myMain - meter_1459390047267396309:repMsg
BruceChen 01:01:41.997 [main] INFO  edu.bjut.boudia.myMain - meter_1459390047267396309:26316900
BruceChen 01:01:41.997 [main] INFO  edu.bjut.boudia.myMain - meter_6427851178103089235:repMsg
BruceChen 01:01:41.997 [main] INFO  edu.bjut.boudia.myMain - meter_6427851178103089235:26018700
BruceChen 01:01:41.997 [main] INFO  edu.bjut.boudia.myMain - meter_9157131769264295753:repMsg
BruceChen 01:01:41.997 [main] INFO  edu.bjut.boudia.myMain - meter_9157131769264295753:26302500
BruceChen 01:01:41.997 [main] INFO  edu.bjut.boudia.myMain - meter_648424762050859177:repMsg
BruceChen 01:01:41.997 [main] INFO  edu.bjut.boudia.myMain - meter_648424762050859177:25982800
BruceChen 01:01:41.997 [main] INFO  edu.bjut.boudia.myMain - meter_2354933264153476335:repMsg
BruceChen 01:01:41.997 [main] INFO  edu.bjut.boudia.myMain - meter_2354933264153476335:26133500
BruceChen 01:01:41.997 [main] INFO  edu.bjut.boudia.myMain - meter_3217923860118605403:repMsg
BruceChen 01:01:41.997 [main] INFO  edu.bjut.boudia.myMain - meter_3217923860118605403:25862600
BruceChen 01:01:41.997 [main] INFO  edu.bjut.boudia.myMain - meter_1581744345492295389:repMsg
BruceChen 01:01:41.997 [main] INFO  edu.bjut.boudia.myMain - meter_1581744345492295389:25789600
BruceChen 01:01:41.997 [main] INFO  edu.bjut.boudia.myMain - meter_2661018353566377543:repMsg
BruceChen 01:01:41.997 [main] INFO  edu.bjut.boudia.myMain - meter_2661018353566377543:26075000
BruceChen 01:01:41.997 [main] INFO  edu.bjut.boudia.myMain - meter_4075682191677687761:repMsg
BruceChen 01:01:41.997 [main] INFO  edu.bjut.boudia.myMain - meter_4075682191677687761:26289700
BruceChen 01:01:41.997 [main] INFO  edu.bjut.boudia.myMain - meter_3314057443768680627:repMsg
BruceChen 01:01:41.997 [main] INFO  edu.bjut.boudia.myMain - meter_3314057443768680627:26269900
BruceChen 01:01:41.997 [main] INFO  edu.bjut.boudia.myMain - meter_5326523678365718187:repMsg
BruceChen 01:01:41.997 [main] INFO  edu.bjut.boudia.myMain - meter_5326523678365718187:26190800
BruceChen 01:01:41.997 [main] INFO  edu.bjut.boudia.myMain - meter_7764328075842536563:repMsg
BruceChen 01:01:41.997 [main] INFO  edu.bjut.boudia.myMain - meter_7764328075842536563:26224900
BruceChen 01:01:41.997 [main] INFO  edu.bjut.boudia.myMain - meter_8466694900747161625:repMsg
BruceChen 01:01:41.997 [main] INFO  edu.bjut.boudia.myMain - meter_8466694900747161625:26019200
BruceChen 01:01:41.997 [main] INFO  edu.bjut.boudia.myMain - meter_8251847235857131753:repMsg
BruceChen 01:01:41.997 [main] INFO  edu.bjut.boudia.myMain - meter_8251847235857131753:26039200
BruceChen 01:01:41.997 [main] INFO  edu.bjut.boudia.myMain - meter_3751806375639770275:repMsg
BruceChen 01:01:41.997 [main] INFO  edu.bjut.boudia.myMain - meter_3751806375639770275:26163100
BruceChen 01:01:41.997 [main] INFO  edu.bjut.boudia.myMain - meter_3530527565004502865:repMsg
BruceChen 01:01:41.997 [main] INFO  edu.bjut.boudia.myMain - meter_3530527565004502865:26120400
BruceChen 01:01:41.997 [main] INFO  edu.bjut.boudia.myMain - meter_722075330380040923:repMsg
BruceChen 01:01:41.997 [main] INFO  edu.bjut.boudia.myMain - meter_722075330380040923:26310300
BruceChen 01:01:41.997 [main] INFO  edu.bjut.boudia.myMain - meter_204694177307756753:repMsg
BruceChen 01:01:41.997 [main] INFO  edu.bjut.boudia.myMain - meter_204694177307756753:26079900
BruceChen 01:01:41.997 [main] INFO  edu.bjut.boudia.myMain - meter_5827404017234244745:repMsg
BruceChen 01:01:41.997 [main] INFO  edu.bjut.boudia.myMain - meter_5827404017234244745:26185900
BruceChen 01:01:41.997 [main] INFO  edu.bjut.boudia.myMain - meter_5733170582669748031:repMsg
BruceChen 01:01:41.997 [main] INFO  edu.bjut.boudia.myMain - meter_5733170582669748031:26175600
BruceChen 01:01:41.997 [main] INFO  edu.bjut.boudia.myMain - meter_936706029137603639:repMsg
BruceChen 01:01:41.997 [main] INFO  edu.bjut.boudia.myMain - meter_936706029137603639:26667400
BruceChen 01:01:41.997 [main] INFO  edu.bjut.boudia.myMain - meter_1208169681775705243:repMsg
BruceChen 01:01:41.997 [main] INFO  edu.bjut.boudia.myMain - meter_1208169681775705243:26615400
BruceChen 01:01:41.997 [main] INFO  edu.bjut.boudia.myMain - meter_8610618250045622511:repMsg
BruceChen 01:01:41.997 [main] INFO  edu.bjut.boudia.myMain - meter_8610618250045622511:26270000
BruceChen 01:01:41.997 [main] INFO  edu.bjut.boudia.myMain - meter_8383321583684277637:repMsg
BruceChen 01:01:41.997 [main] INFO  edu.bjut.boudia.myMain - meter_8383321583684277637:26239700
BruceChen 01:01:41.997 [main] INFO  edu.bjut.boudia.myMain - meter_3419972738372966321:repMsg
BruceChen 01:01:41.997 [main] INFO  edu.bjut.boudia.myMain - meter_3419972738372966321:25819200
BruceChen 01:01:41.997 [main] INFO  edu.bjut.boudia.myMain - meter_1773771688659042303:repMsg
BruceChen 01:01:41.997 [main] INFO  edu.bjut.boudia.myMain - meter_1773771688659042303:27208500
BruceChen 01:01:41.997 [main] INFO  edu.bjut.boudia.myMain - meter_2253355458900574493:repMsg
BruceChen 01:01:41.997 [main] INFO  edu.bjut.boudia.myMain - meter_2253355458900574493:26126500
BruceChen 01:01:41.997 [main] INFO  edu.bjut.boudia.myMain - meter_2037251270238856463:repMsg
BruceChen 01:01:41.997 [main] INFO  edu.bjut.boudia.myMain - meter_2037251270238856463:25817600
BruceChen 01:01:44.059 [main] INFO  edu.bjut.boudia.myMain - oneTimeMeterRegTime
BruceChen 01:01:44.449 [main] INFO  edu.bjut.boudia.myMain - server:pubkey
BruceChen 01:01:44.449 [main] INFO  edu.bjut.boudia.myMain - server:1000
BruceChen 01:01:44.449 [main] INFO  edu.bjut.boudia.myMain - agg:regMsg,regMsg,regMsg,regMsg,regMsg,regMsg,regMsg,regMsg,regMsg,regMsg,regMsg,regMsg,regMsg,regMsg,regMsg,regMsg,regMsg,regMsg,regMsg,regMsg,regMsg,regMsg,regMsg,regMsg,regMsg,regMsg,regMsg,regMsg,regMsg,regMsg
BruceChen 01:01:44.449 [main] INFO  edu.bjut.boudia.myMain - agg:6412200,6439200,6415200,6424700,6430800,6409100,6394400,6427400,6413400,6446300,6509900,6449100,6473800,6469400,6574900,6461900,6424400,6399600,6391700,6596900,6613000,6452400,6466600,6489200,6499900,6462300,6536800,6524400,6489400,6523400
BruceChen 01:01:44.449 [main] INFO  edu.bjut.boudia.myMain - meter_6805720259731222989:regMsg,reg_backagg,reg_cc
BruceChen 01:01:44.449 [main] INFO  edu.bjut.boudia.myMain - meter_6805720259731222989:100,6431000,200
BruceChen 01:01:44.449 [main] INFO  edu.bjut.boudia.myMain - meter_9114344395648215953:regMsg,reg_backagg,reg_cc
BruceChen 01:01:44.449 [main] INFO  edu.bjut.boudia.myMain - meter_9114344395648215953:200,6402100,100
BruceChen 01:01:44.449 [main] INFO  edu.bjut.boudia.myMain - meter_6953973119651797343:regMsg,reg_backagg,reg_cc
BruceChen 01:01:44.449 [main] INFO  edu.bjut.boudia.myMain - meter_6953973119651797343:100,6424600,100
BruceChen 01:01:44.449 [main] INFO  edu.bjut.boudia.myMain - meter_1156880634996463681:regMsg,reg_backagg,reg_cc
BruceChen 01:01:44.449 [main] INFO  edu.bjut.boudia.myMain - meter_1156880634996463681:100,6405300,200
BruceChen 01:01:44.449 [main] INFO  edu.bjut.boudia.myMain - meter_3436332592851071399:regMsg,reg_backagg,reg_cc
BruceChen 01:01:44.449 [main] INFO  edu.bjut.boudia.myMain - meter_3436332592851071399:100,6376400,100
BruceChen 01:01:44.449 [main] INFO  edu.bjut.boudia.myMain - meter_5530143166291736301:regMsg,reg_backagg,reg_cc
BruceChen 01:01:44.449 [main] INFO  edu.bjut.boudia.myMain - meter_5530143166291736301:200,6405300,100
BruceChen 01:01:44.449 [main] INFO  edu.bjut.boudia.myMain - meter_2137321049868532923:regMsg,reg_backagg,reg_cc
BruceChen 01:01:44.449 [main] INFO  edu.bjut.boudia.myMain - meter_2137321049868532923:100,6394800,200
BruceChen 01:01:44.449 [main] INFO  edu.bjut.boudia.myMain - meter_6671136014027204249:regMsg,reg_backagg,reg_cc
BruceChen 01:01:44.449 [main] INFO  edu.bjut.boudia.myMain - meter_6671136014027204249:200,6444000,100
BruceChen 01:01:44.449 [main] INFO  edu.bjut.boudia.myMain - meter_1928442608221462207:regMsg,reg_backagg,reg_cc
BruceChen 01:01:44.449 [main] INFO  edu.bjut.boudia.myMain - meter_1928442608221462207:100,6429800,200
BruceChen 01:01:44.449 [main] INFO  edu.bjut.boudia.myMain - meter_63818793236927519:regMsg,reg_backagg,reg_cc
BruceChen 01:01:44.449 [main] INFO  edu.bjut.boudia.myMain - meter_63818793236927519:100,6549800,100
BruceChen 01:01:44.449 [main] INFO  edu.bjut.boudia.myMain - meter_416701849572876569:regMsg,reg_backagg,reg_cc
BruceChen 01:01:44.449 [main] INFO  edu.bjut.boudia.myMain - meter_416701849572876569:100,6566400,100
BruceChen 01:01:44.449 [main] INFO  edu.bjut.boudia.myMain - meter_2520541264787294743:regMsg,reg_backagg,reg_cc
BruceChen 01:01:44.449 [main] INFO  edu.bjut.boudia.myMain - meter_2520541264787294743:0,6571400,100
BruceChen 01:01:44.449 [main] INFO  edu.bjut.boudia.myMain - meter_8148410822636474911:regMsg,reg_backagg,reg_cc
BruceChen 01:01:44.449 [main] INFO  edu.bjut.boudia.myMain - meter_8148410822636474911:100,6501500,100
BruceChen 01:01:44.449 [main] INFO  edu.bjut.boudia.myMain - meter_3028121144395741951:regMsg,reg_backagg,reg_cc
BruceChen 01:01:44.449 [main] INFO  edu.bjut.boudia.myMain - meter_3028121144395741951:100,6485900,100
BruceChen 01:01:44.449 [main] INFO  edu.bjut.boudia.myMain - meter_5012079480899171071:regMsg,reg_backagg,reg_cc
BruceChen 01:01:44.449 [main] INFO  edu.bjut.boudia.myMain - meter_5012079480899171071:100,6341800,100
BruceChen 01:01:44.449 [main] INFO  edu.bjut.boudia.myMain - meter_7366748013672668691:regMsg,reg_backagg,reg_cc
BruceChen 01:01:44.449 [main] INFO  edu.bjut.boudia.myMain - meter_7366748013672668691:0,6440500,100
BruceChen 01:01:44.449 [main] INFO  edu.bjut.boudia.myMain - meter_180497137361826883:regMsg,reg_backagg,reg_cc
BruceChen 01:01:44.449 [main] INFO  edu.bjut.boudia.myMain - meter_180497137361826883:100,6490800,100
BruceChen 01:01:44.449 [main] INFO  edu.bjut.boudia.myMain - meter_2057778527014011401:regMsg,reg_backagg,reg_cc
BruceChen 01:01:44.449 [main] INFO  edu.bjut.boudia.myMain - meter_2057778527014011401:100,6422400,100
BruceChen 01:01:44.449 [main] INFO  edu.bjut.boudia.myMain - meter_8238804440104982983:regMsg,reg_backagg,reg_cc
BruceChen 01:01:44.449 [main] INFO  edu.bjut.boudia.myMain - meter_8238804440104982983:100,7547700,100
BruceChen 01:01:44.449 [main] INFO  edu.bjut.boudia.myMain - meter_2062098777323314767:regMsg,reg_backagg,reg_cc
BruceChen 01:01:44.449 [main] INFO  edu.bjut.boudia.myMain - meter_2062098777323314767:100,6585300,0
BruceChen 01:01:44.449 [main] INFO  edu.bjut.boudia.myMain - meter_8495128843921898341:regMsg,reg_backagg,reg_cc
BruceChen 01:01:44.449 [main] INFO  edu.bjut.boudia.myMain - meter_8495128843921898341:100,6544600,100
BruceChen 01:01:44.449 [main] INFO  edu.bjut.boudia.myMain - meter_5552998422768332435:regMsg,reg_backagg,reg_cc
BruceChen 01:01:44.449 [main] INFO  edu.bjut.boudia.myMain - meter_5552998422768332435:0,6451200,0
BruceChen 01:01:44.449 [main] INFO  edu.bjut.boudia.myMain - meter_4987748277180779755:regMsg,reg_backagg,reg_cc
BruceChen 01:01:44.449 [main] INFO  edu.bjut.boudia.myMain - meter_4987748277180779755:0,6449700,0
BruceChen 01:01:44.449 [main] INFO  edu.bjut.boudia.myMain - meter_7038060722736385415:regMsg,reg_backagg,reg_cc
BruceChen 01:01:44.449 [main] INFO  edu.bjut.boudia.myMain - meter_7038060722736385415:100,6364400,100
BruceChen 01:01:44.449 [main] INFO  edu.bjut.boudia.myMain - meter_3324720115897554321:regMsg,reg_backagg,reg_cc
BruceChen 01:01:44.449 [main] INFO  edu.bjut.boudia.myMain - meter_3324720115897554321:0,6456700,0
BruceChen 01:01:44.449 [main] INFO  edu.bjut.boudia.myMain - meter_2142361542304355205:regMsg,reg_backagg,reg_cc
BruceChen 01:01:44.449 [main] INFO  edu.bjut.boudia.myMain - meter_2142361542304355205:100,6383000,0
BruceChen 01:01:44.449 [main] INFO  edu.bjut.boudia.myMain - meter_4975743702645976755:regMsg,reg_backagg,reg_cc
BruceChen 01:01:44.449 [main] INFO  edu.bjut.boudia.myMain - meter_4975743702645976755:100,6613400,0
BruceChen 01:01:44.449 [main] INFO  edu.bjut.boudia.myMain - meter_7490009350387458045:regMsg,reg_backagg,reg_cc
BruceChen 01:01:44.449 [main] INFO  edu.bjut.boudia.myMain - meter_7490009350387458045:0,6521000,100
BruceChen 01:01:44.449 [main] INFO  edu.bjut.boudia.myMain - meter_768693263389855507:regMsg,reg_backagg,reg_cc
BruceChen 01:01:44.449 [main] INFO  edu.bjut.boudia.myMain - meter_768693263389855507:100,6613100,100
BruceChen 01:01:44.449 [main] INFO  edu.bjut.boudia.myMain - meter_9064965632559164283:regMsg,reg_backagg,reg_cc
BruceChen 01:01:44.449 [main] INFO  edu.bjut.boudia.myMain - meter_9064965632559164283:0,6598800,100
BruceChen 01:01:44.840 [main] INFO  edu.bjut.boudia.myMain - oneTimeMeterRepTime
BruceChen 01:01:45.879 [main] INFO  edu.bjut.boudia.myMain - server:repMsg
BruceChen 01:01:45.879 [main] INFO  edu.bjut.boudia.myMain - server:33036700
BruceChen 01:01:45.879 [main] INFO  edu.bjut.boudia.myMain - agg:repMsg
BruceChen 01:01:45.879 [main] INFO  edu.bjut.boudia.myMain - agg:215811000
BruceChen 01:01:45.879 [main] INFO  edu.bjut.boudia.myMain - meter_6805720259731222989:repMsg
BruceChen 01:01:45.879 [main] INFO  edu.bjut.boudia.myMain - meter_6805720259731222989:26422500
BruceChen 01:01:45.879 [main] INFO  edu.bjut.boudia.myMain - meter_9114344395648215953:repMsg
BruceChen 01:01:45.879 [main] INFO  edu.bjut.boudia.myMain - meter_9114344395648215953:26159600
BruceChen 01:01:45.879 [main] INFO  edu.bjut.boudia.myMain - meter_6953973119651797343:repMsg
BruceChen 01:01:45.879 [main] INFO  edu.bjut.boudia.myMain - meter_6953973119651797343:26126000
BruceChen 01:01:45.879 [main] INFO  edu.bjut.boudia.myMain - meter_1156880634996463681:repMsg
BruceChen 01:01:45.879 [main] INFO  edu.bjut.boudia.myMain - meter_1156880634996463681:26508800
BruceChen 01:01:45.879 [main] INFO  edu.bjut.boudia.myMain - meter_3436332592851071399:repMsg
BruceChen 01:01:45.879 [main] INFO  edu.bjut.boudia.myMain - meter_3436332592851071399:26490300
BruceChen 01:01:45.879 [main] INFO  edu.bjut.boudia.myMain - meter_5530143166291736301:repMsg
BruceChen 01:01:45.879 [main] INFO  edu.bjut.boudia.myMain - meter_5530143166291736301:26736200
BruceChen 01:01:45.879 [main] INFO  edu.bjut.boudia.myMain - meter_2137321049868532923:repMsg
BruceChen 01:01:45.879 [main] INFO  edu.bjut.boudia.myMain - meter_2137321049868532923:27552700
BruceChen 01:01:45.879 [main] INFO  edu.bjut.boudia.myMain - meter_6671136014027204249:repMsg
BruceChen 01:01:45.879 [main] INFO  edu.bjut.boudia.myMain - meter_6671136014027204249:26551000
BruceChen 01:01:45.879 [main] INFO  edu.bjut.boudia.myMain - meter_1928442608221462207:repMsg
BruceChen 01:01:45.879 [main] INFO  edu.bjut.boudia.myMain - meter_1928442608221462207:26716300
BruceChen 01:01:45.879 [main] INFO  edu.bjut.boudia.myMain - meter_63818793236927519:repMsg
BruceChen 01:01:45.879 [main] INFO  edu.bjut.boudia.myMain - meter_63818793236927519:26074600
BruceChen 01:01:45.879 [main] INFO  edu.bjut.boudia.myMain - meter_416701849572876569:repMsg
BruceChen 01:01:45.879 [main] INFO  edu.bjut.boudia.myMain - meter_416701849572876569:26350300
BruceChen 01:01:45.879 [main] INFO  edu.bjut.boudia.myMain - meter_2520541264787294743:repMsg
BruceChen 01:01:45.879 [main] INFO  edu.bjut.boudia.myMain - meter_2520541264787294743:26267100
BruceChen 01:01:45.879 [main] INFO  edu.bjut.boudia.myMain - meter_8148410822636474911:repMsg
BruceChen 01:01:45.879 [main] INFO  edu.bjut.boudia.myMain - meter_8148410822636474911:25716300
BruceChen 01:01:45.879 [main] INFO  edu.bjut.boudia.myMain - meter_3028121144395741951:repMsg
BruceChen 01:01:45.879 [main] INFO  edu.bjut.boudia.myMain - meter_3028121144395741951:25954100
BruceChen 01:01:45.879 [main] INFO  edu.bjut.boudia.myMain - meter_5012079480899171071:repMsg
BruceChen 01:01:45.879 [main] INFO  edu.bjut.boudia.myMain - meter_5012079480899171071:25883300
BruceChen 01:01:45.879 [main] INFO  edu.bjut.boudia.myMain - meter_7366748013672668691:repMsg
BruceChen 01:01:45.879 [main] INFO  edu.bjut.boudia.myMain - meter_7366748013672668691:25502000
BruceChen 01:01:45.879 [main] INFO  edu.bjut.boudia.myMain - meter_180497137361826883:repMsg
BruceChen 01:01:45.879 [main] INFO  edu.bjut.boudia.myMain - meter_180497137361826883:25980800
BruceChen 01:01:45.879 [main] INFO  edu.bjut.boudia.myMain - meter_2057778527014011401:repMsg
BruceChen 01:01:45.879 [main] INFO  edu.bjut.boudia.myMain - meter_2057778527014011401:26046000
BruceChen 01:01:45.879 [main] INFO  edu.bjut.boudia.myMain - meter_8238804440104982983:repMsg
BruceChen 01:01:45.879 [main] INFO  edu.bjut.boudia.myMain - meter_8238804440104982983:25717500
BruceChen 01:01:45.879 [main] INFO  edu.bjut.boudia.myMain - meter_2062098777323314767:repMsg
BruceChen 01:01:45.879 [main] INFO  edu.bjut.boudia.myMain - meter_2062098777323314767:26035900
BruceChen 01:01:45.879 [main] INFO  edu.bjut.boudia.myMain - meter_8495128843921898341:repMsg
BruceChen 01:01:45.879 [main] INFO  edu.bjut.boudia.myMain - meter_8495128843921898341:25874200
BruceChen 01:01:45.879 [main] INFO  edu.bjut.boudia.myMain - meter_5552998422768332435:repMsg
BruceChen 01:01:45.879 [main] INFO  edu.bjut.boudia.myMain - meter_5552998422768332435:26067800
BruceChen 01:01:45.879 [main] INFO  edu.bjut.boudia.myMain - meter_4987748277180779755:repMsg
BruceChen 01:01:45.879 [main] INFO  edu.bjut.boudia.myMain - meter_4987748277180779755:25654800
BruceChen 01:01:45.879 [main] INFO  edu.bjut.boudia.myMain - meter_7038060722736385415:repMsg
BruceChen 01:01:45.879 [main] INFO  edu.bjut.boudia.myMain - meter_7038060722736385415:25799600
BruceChen 01:01:45.879 [main] INFO  edu.bjut.boudia.myMain - meter_3324720115897554321:repMsg
BruceChen 01:01:45.879 [main] INFO  edu.bjut.boudia.myMain - meter_3324720115897554321:26468800
BruceChen 01:01:45.879 [main] INFO  edu.bjut.boudia.myMain - meter_2142361542304355205:repMsg
BruceChen 01:01:45.879 [main] INFO  edu.bjut.boudia.myMain - meter_2142361542304355205:26255000
BruceChen 01:01:45.879 [main] INFO  edu.bjut.boudia.myMain - meter_4975743702645976755:repMsg
BruceChen 01:01:45.879 [main] INFO  edu.bjut.boudia.myMain - meter_4975743702645976755:26420800
BruceChen 01:01:45.879 [main] INFO  edu.bjut.boudia.myMain - meter_7490009350387458045:repMsg
BruceChen 01:01:45.879 [main] INFO  edu.bjut.boudia.myMain - meter_7490009350387458045:26639200
BruceChen 01:01:45.879 [main] INFO  edu.bjut.boudia.myMain - meter_768693263389855507:repMsg
BruceChen 01:01:45.879 [main] INFO  edu.bjut.boudia.myMain - meter_768693263389855507:26728000
BruceChen 01:01:45.879 [main] INFO  edu.bjut.boudia.myMain - meter_9064965632559164283:repMsg
BruceChen 01:01:45.879 [main] INFO  edu.bjut.boudia.myMain - meter_9064965632559164283:26104800
BruceChen 01:01:47.121 [main] INFO  edu.bjut.boudia.myMain - oneTimeMeterRegTime
BruceChen 01:01:47.371 [main] INFO  edu.bjut.boudia.myMain - server:pubkey
BruceChen 01:01:47.371 [main] INFO  edu.bjut.boudia.myMain - server:1000
BruceChen 01:01:47.371 [main] INFO  edu.bjut.boudia.myMain - agg:regMsg,regMsg,regMsg,regMsg,regMsg,regMsg,regMsg,regMsg,regMsg,regMsg,regMsg,regMsg,regMsg,regMsg,regMsg,regMsg,regMsg,regMsg,regMsg,regMsg
BruceChen 01:01:47.371 [main] INFO  edu.bjut.boudia.myMain - agg:6444500,6413600,6416600,6407600,6433700,6411700,6497200,6406300,6421700,6457800,6469600,6405900,6417200,6415200,6491000,6439800,6478200,6528100,6565100,6533000
BruceChen 01:01:47.371 [main] INFO  edu.bjut.boudia.myMain - meter_8367467144535446763:regMsg,reg_backagg,reg_cc
BruceChen 01:01:47.371 [main] INFO  edu.bjut.boudia.myMain - meter_8367467144535446763:200,6373400,100
BruceChen 01:01:47.371 [main] INFO  edu.bjut.boudia.myMain - meter_3692652322747331481:regMsg,reg_backagg,reg_cc
BruceChen 01:01:47.371 [main] INFO  edu.bjut.boudia.myMain - meter_3692652322747331481:200,6287200,200
BruceChen 01:01:47.371 [main] INFO  edu.bjut.boudia.myMain - meter_4580034213758637979:regMsg,reg_backagg,reg_cc
BruceChen 01:01:47.371 [main] INFO  edu.bjut.boudia.myMain - meter_4580034213758637979:100,6294800,100
BruceChen 01:01:47.371 [main] INFO  edu.bjut.boudia.myMain - meter_1190783159218141891:regMsg,reg_backagg,reg_cc
BruceChen 01:01:47.371 [main] INFO  edu.bjut.boudia.myMain - meter_1190783159218141891:100,7397100,100
BruceChen 01:01:47.371 [main] INFO  edu.bjut.boudia.myMain - meter_8834906223984634579:regMsg,reg_backagg,reg_cc
BruceChen 01:01:47.371 [main] INFO  edu.bjut.boudia.myMain - meter_8834906223984634579:100,6470300,100
BruceChen 01:01:47.371 [main] INFO  edu.bjut.boudia.myMain - meter_1570855678271783369:regMsg,reg_backagg,reg_cc
BruceChen 01:01:47.371 [main] INFO  edu.bjut.boudia.myMain - meter_1570855678271783369:0,6429800,100
BruceChen 01:01:47.371 [main] INFO  edu.bjut.boudia.myMain - meter_1259835134883192797:regMsg,reg_backagg,reg_cc
BruceChen 01:01:47.371 [main] INFO  edu.bjut.boudia.myMain - meter_1259835134883192797:100,6476600,0
BruceChen 01:01:47.371 [main] INFO  edu.bjut.boudia.myMain - meter_2330178172325112343:regMsg,reg_backagg,reg_cc
BruceChen 01:01:47.371 [main] INFO  edu.bjut.boudia.myMain - meter_2330178172325112343:0,6492100,0
BruceChen 01:01:47.371 [main] INFO  edu.bjut.boudia.myMain - meter_339051182733291893:regMsg,reg_backagg,reg_cc
BruceChen 01:01:47.371 [main] INFO  edu.bjut.boudia.myMain - meter_339051182733291893:0,6470300,200
BruceChen 01:01:47.371 [main] INFO  edu.bjut.boudia.myMain - meter_7825858117964105989:regMsg,reg_backagg,reg_cc
BruceChen 01:01:47.371 [main] INFO  edu.bjut.boudia.myMain - meter_7825858117964105989:0,6476600,0
BruceChen 01:01:47.371 [main] INFO  edu.bjut.boudia.myMain - meter_8391428487291496089:regMsg,reg_backagg,reg_cc
BruceChen 01:01:47.371 [main] INFO  edu.bjut.boudia.myMain - meter_8391428487291496089:100,6577900,100
BruceChen 01:01:47.371 [main] INFO  edu.bjut.boudia.myMain - meter_1291401689680074275:regMsg,reg_backagg,reg_cc
BruceChen 01:01:47.371 [main] INFO  edu.bjut.boudia.myMain - meter_1291401689680074275:100,6522600,100
BruceChen 01:01:47.371 [main] INFO  edu.bjut.boudia.myMain - meter_3345872299796721233:regMsg,reg_backagg,reg_cc
BruceChen 01:01:47.371 [main] INFO  edu.bjut.boudia.myMain - meter_3345872299796721233:100,6562900,100
BruceChen 01:01:47.371 [main] INFO  edu.bjut.boudia.myMain - meter_6549360279213579811:regMsg,reg_backagg,reg_cc
BruceChen 01:01:47.371 [main] INFO  edu.bjut.boudia.myMain - meter_6549360279213579811:0,6420700,100
BruceChen 01:01:47.371 [main] INFO  edu.bjut.boudia.myMain - meter_8044182908263798753:regMsg,reg_backagg,reg_cc
BruceChen 01:01:47.371 [main] INFO  edu.bjut.boudia.myMain - meter_8044182908263798753:0,6501400,100
BruceChen 01:01:47.371 [main] INFO  edu.bjut.boudia.myMain - meter_3346227252366274051:regMsg,reg_backagg,reg_cc
BruceChen 01:01:47.371 [main] INFO  edu.bjut.boudia.myMain - meter_3346227252366274051:0,6534900,0
BruceChen 01:01:47.371 [main] INFO  edu.bjut.boudia.myMain - meter_4506538750275553629:regMsg,reg_backagg,reg_cc
BruceChen 01:01:47.371 [main] INFO  edu.bjut.boudia.myMain - meter_4506538750275553629:100,6477500,0
BruceChen 01:01:47.371 [main] INFO  edu.bjut.boudia.myMain - meter_5274109665279532333:regMsg,reg_backagg,reg_cc
BruceChen 01:01:47.371 [main] INFO  edu.bjut.boudia.myMain - meter_5274109665279532333:0,6568500,100
BruceChen 01:01:47.371 [main] INFO  edu.bjut.boudia.myMain - meter_6172050618644355093:regMsg,reg_backagg,reg_cc
BruceChen 01:01:47.371 [main] INFO  edu.bjut.boudia.myMain - meter_6172050618644355093:0,6493600,0
BruceChen 01:01:47.371 [main] INFO  edu.bjut.boudia.myMain - meter_971923768432835553:regMsg,reg_backagg,reg_cc
BruceChen 01:01:47.371 [main] INFO  edu.bjut.boudia.myMain - meter_971923768432835553:0,6458200,100
BruceChen 01:01:47.637 [main] INFO  edu.bjut.boudia.myMain - oneTimeMeterRepTime
BruceChen 01:01:48.347 [main] INFO  edu.bjut.boudia.myMain - server:repMsg
BruceChen 01:01:48.347 [main] INFO  edu.bjut.boudia.myMain - server:33836000
BruceChen 01:01:48.347 [main] INFO  edu.bjut.boudia.myMain - agg:repMsg
BruceChen 01:01:48.347 [main] INFO  edu.bjut.boudia.myMain - agg:148350600
BruceChen 01:01:48.347 [main] INFO  edu.bjut.boudia.myMain - meter_8367467144535446763:repMsg
BruceChen 01:01:48.347 [main] INFO  edu.bjut.boudia.myMain - meter_8367467144535446763:26192700
BruceChen 01:01:48.347 [main] INFO  edu.bjut.boudia.myMain - meter_3692652322747331481:repMsg
BruceChen 01:01:48.347 [main] INFO  edu.bjut.boudia.myMain - meter_3692652322747331481:25758100
BruceChen 01:01:48.347 [main] INFO  edu.bjut.boudia.myMain - meter_4580034213758637979:repMsg
BruceChen 01:01:48.347 [main] INFO  edu.bjut.boudia.myMain - meter_4580034213758637979:26034200
BruceChen 01:01:48.347 [main] INFO  edu.bjut.boudia.myMain - meter_1190783159218141891:repMsg
BruceChen 01:01:48.347 [main] INFO  edu.bjut.boudia.myMain - meter_1190783159218141891:25718800
BruceChen 01:01:48.347 [main] INFO  edu.bjut.boudia.myMain - meter_8834906223984634579:repMsg
BruceChen 01:01:48.347 [main] INFO  edu.bjut.boudia.myMain - meter_8834906223984634579:26020000
BruceChen 01:01:48.347 [main] INFO  edu.bjut.boudia.myMain - meter_1570855678271783369:repMsg
BruceChen 01:01:48.347 [main] INFO  edu.bjut.boudia.myMain - meter_1570855678271783369:25789200
BruceChen 01:01:48.347 [main] INFO  edu.bjut.boudia.myMain - meter_1259835134883192797:repMsg
BruceChen 01:01:48.347 [main] INFO  edu.bjut.boudia.myMain - meter_1259835134883192797:25704600
BruceChen 01:01:48.347 [main] INFO  edu.bjut.boudia.myMain - meter_2330178172325112343:repMsg
BruceChen 01:01:48.347 [main] INFO  edu.bjut.boudia.myMain - meter_2330178172325112343:25835900
BruceChen 01:01:48.347 [main] INFO  edu.bjut.boudia.myMain - meter_339051182733291893:repMsg
BruceChen 01:01:48.347 [main] INFO  edu.bjut.boudia.myMain - meter_339051182733291893:26440000
BruceChen 01:01:48.347 [main] INFO  edu.bjut.boudia.myMain - meter_7825858117964105989:repMsg
BruceChen 01:01:48.347 [main] INFO  edu.bjut.boudia.myMain - meter_7825858117964105989:27406600
BruceChen 01:01:48.347 [main] INFO  edu.bjut.boudia.myMain - meter_8391428487291496089:repMsg
BruceChen 01:01:48.347 [main] INFO  edu.bjut.boudia.myMain - meter_8391428487291496089:26558700
BruceChen 01:01:48.347 [main] INFO  edu.bjut.boudia.myMain - meter_1291401689680074275:repMsg
BruceChen 01:01:48.347 [main] INFO  edu.bjut.boudia.myMain - meter_1291401689680074275:26254000
BruceChen 01:01:48.347 [main] INFO  edu.bjut.boudia.myMain - meter_3345872299796721233:repMsg
BruceChen 01:01:48.347 [main] INFO  edu.bjut.boudia.myMain - meter_3345872299796721233:26524600
BruceChen 01:01:48.347 [main] INFO  edu.bjut.boudia.myMain - meter_6549360279213579811:repMsg
BruceChen 01:01:48.347 [main] INFO  edu.bjut.boudia.myMain - meter_6549360279213579811:26340500
BruceChen 01:01:48.347 [main] INFO  edu.bjut.boudia.myMain - meter_8044182908263798753:repMsg
BruceChen 01:01:48.347 [main] INFO  edu.bjut.boudia.myMain - meter_8044182908263798753:26636900
BruceChen 01:01:48.347 [main] INFO  edu.bjut.boudia.myMain - meter_3346227252366274051:repMsg
BruceChen 01:01:48.347 [main] INFO  edu.bjut.boudia.myMain - meter_3346227252366274051:26596300
BruceChen 01:01:48.347 [main] INFO  edu.bjut.boudia.myMain - meter_4506538750275553629:repMsg
BruceChen 01:01:48.347 [main] INFO  edu.bjut.boudia.myMain - meter_4506538750275553629:26432600
BruceChen 01:01:48.347 [main] INFO  edu.bjut.boudia.myMain - meter_5274109665279532333:repMsg
BruceChen 01:01:48.347 [main] INFO  edu.bjut.boudia.myMain - meter_5274109665279532333:26611200
BruceChen 01:01:48.347 [main] INFO  edu.bjut.boudia.myMain - meter_6172050618644355093:repMsg
BruceChen 01:01:48.347 [main] INFO  edu.bjut.boudia.myMain - meter_6172050618644355093:26162700
BruceChen 01:01:48.347 [main] INFO  edu.bjut.boudia.myMain - meter_971923768432835553:repMsg
BruceChen 01:01:48.347 [main] INFO  edu.bjut.boudia.myMain - meter_971923768432835553:26153700
