BruceChen 02:17:30.853 [main] INFO  edu.bjut.boudia.myMain - oneTimeMeterRegTime
BruceChen 02:17:31.650 [main] INFO  edu.bjut.boudia.myMain - server:pubkey
BruceChen 02:17:31.650 [main] INFO  edu.bjut.boudia.myMain - server:209600
BruceChen 02:17:31.650 [main] INFO  edu.bjut.boudia.myMain - agg:regMsg,regMsg,regMsg,regMsg,regMsg,regMsg,regMsg,regMsg,regMsg,regMsg,regMsg,regMsg,regMsg,regMsg,regMsg,regMsg,regMsg,regMsg,regMsg,regMsg,regMsg,regMsg,regMsg,regMsg,regMsg,regMsg,regMsg,regMsg,regMsg,regMsg,regMsg,regMsg,regMsg,regMsg,regMsg,regMsg,regMsg,regMsg,regMsg,regMsg,regMsg,regMsg,regMsg,regMsg,regMsg,regMsg,regMsg,regMsg,regMsg,regMsg,regMsg,regMsg,regMsg,regMsg,regMsg,regMsg,regMsg,regMsg,regMsg,regMsg
BruceChen 02:17:31.672 [main] INFO  edu.bjut.boudia.myMain - agg:6706100,6711100,6650200,6631400,6665300,6670300,6636700,6668500,6646200,6663800,6628000,6658100,6686100,6653600,6668900,6601400,6598300,6592800,6650200,6621600,6610700,6610800,6653700,6601600,6702400,6619900,6626200,6624100,6626500,6589100,6603300,6645200,6599300,9032500,6682300,6604000,6599800,6599600,6618200,6592900,6545500,6473000,6410000,6437700,6450700,6430200,6482600,6422000,6605400,6640700,6602600,6675700,6775400,6606000,6610500,6600700,6614300,6663000,6749400,6605300
BruceChen 02:17:31.672 [main] INFO  edu.bjut.boudia.myMain - meter_5231934218489095243:regMsg,reg_backagg,reg_cc
BruceChen 02:17:31.672 [main] INFO  edu.bjut.boudia.myMain - meter_5231934218489095243:2500,6689500,4100
BruceChen 02:17:31.672 [main] INFO  edu.bjut.boudia.myMain - meter_6632816349905719999:regMsg,reg_backagg,reg_cc
BruceChen 02:17:31.672 [main] INFO  edu.bjut.boudia.myMain - meter_6632816349905719999:400,6647100,300
BruceChen 02:17:31.672 [main] INFO  edu.bjut.boudia.myMain - meter_6536592512985509847:regMsg,reg_backagg,reg_cc
BruceChen 02:17:31.672 [main] INFO  edu.bjut.boudia.myMain - meter_6536592512985509847:300,6698200,400
BruceChen 02:17:31.672 [main] INFO  edu.bjut.boudia.myMain - meter_5560600854370305233:regMsg,reg_backagg,reg_cc
BruceChen 02:17:31.672 [main] INFO  edu.bjut.boudia.myMain - meter_5560600854370305233:300,6638900,400
BruceChen 02:17:31.672 [main] INFO  edu.bjut.boudia.myMain - meter_2413836818953819151:regMsg,reg_backagg,reg_cc
BruceChen 02:17:31.672 [main] INFO  edu.bjut.boudia.myMain - meter_2413836818953819151:200,6604800,300
BruceChen 02:17:31.672 [main] INFO  edu.bjut.boudia.myMain - meter_6624570442099208827:regMsg,reg_backagg,reg_cc
BruceChen 02:17:31.672 [main] INFO  edu.bjut.boudia.myMain - meter_6624570442099208827:300,6649100,300
BruceChen 02:17:31.672 [main] INFO  edu.bjut.boudia.myMain - meter_446580163543984635:regMsg,reg_backagg,reg_cc
BruceChen 02:17:31.672 [main] INFO  edu.bjut.boudia.myMain - meter_446580163543984635:200,6726200,400
BruceChen 02:17:31.672 [main] INFO  edu.bjut.boudia.myMain - meter_5073478720648945163:regMsg,reg_backagg,reg_cc
BruceChen 02:17:31.672 [main] INFO  edu.bjut.boudia.myMain - meter_5073478720648945163:200,6633100,600
BruceChen 02:17:31.672 [main] INFO  edu.bjut.boudia.myMain - meter_2987786955063288189:regMsg,reg_backagg,reg_cc
BruceChen 02:17:31.672 [main] INFO  edu.bjut.boudia.myMain - meter_2987786955063288189:300,6925300,400
BruceChen 02:17:31.672 [main] INFO  edu.bjut.boudia.myMain - meter_1060089954590020909:regMsg,reg_backagg,reg_cc
BruceChen 02:17:31.672 [main] INFO  edu.bjut.boudia.myMain - meter_1060089954590020909:400,6646100,600
BruceChen 02:17:31.672 [main] INFO  edu.bjut.boudia.myMain - meter_3553659898809871949:regMsg,reg_backagg,reg_cc
BruceChen 02:17:31.672 [main] INFO  edu.bjut.boudia.myMain - meter_3553659898809871949:300,6726900,300
BruceChen 02:17:31.672 [main] INFO  edu.bjut.boudia.myMain - meter_1766788579042784395:regMsg,reg_backagg,reg_cc
BruceChen 02:17:31.672 [main] INFO  edu.bjut.boudia.myMain - meter_1766788579042784395:300,6729400,300
BruceChen 02:17:31.672 [main] INFO  edu.bjut.boudia.myMain - meter_4995128737685992939:regMsg,reg_backagg,reg_cc
BruceChen 02:17:31.672 [main] INFO  edu.bjut.boudia.myMain - meter_4995128737685992939:300,6621200,400
BruceChen 02:17:31.672 [main] INFO  edu.bjut.boudia.myMain - meter_1739794506578246439:regMsg,reg_backagg,reg_cc
BruceChen 02:17:31.672 [main] INFO  edu.bjut.boudia.myMain - meter_1739794506578246439:200,6743500,400
BruceChen 02:17:31.672 [main] INFO  edu.bjut.boudia.myMain - meter_1306308710097534859:regMsg,reg_backagg,reg_cc
BruceChen 02:17:31.672 [main] INFO  edu.bjut.boudia.myMain - meter_1306308710097534859:300,6665000,300
BruceChen 02:17:31.672 [main] INFO  edu.bjut.boudia.myMain - meter_3953895516776137619:regMsg,reg_backagg,reg_cc
BruceChen 02:17:31.672 [main] INFO  edu.bjut.boudia.myMain - meter_3953895516776137619:300,6754300,300
BruceChen 02:17:31.672 [main] INFO  edu.bjut.boudia.myMain - meter_1188830144901952835:regMsg,reg_backagg,reg_cc
BruceChen 02:17:31.672 [main] INFO  edu.bjut.boudia.myMain - meter_1188830144901952835:300,6672700,400
BruceChen 02:17:31.672 [main] INFO  edu.bjut.boudia.myMain - meter_2012285241137482131:regMsg,reg_backagg,reg_cc
BruceChen 02:17:31.672 [main] INFO  edu.bjut.boudia.myMain - meter_2012285241137482131:200,6623400,400
BruceChen 02:17:31.672 [main] INFO  edu.bjut.boudia.myMain - meter_128209861471505423:regMsg,reg_backagg,reg_cc
BruceChen 02:17:31.672 [main] INFO  edu.bjut.boudia.myMain - meter_128209861471505423:200,6668100,400
BruceChen 02:17:31.672 [main] INFO  edu.bjut.boudia.myMain - meter_8021274813444736791:regMsg,reg_backagg,reg_cc
BruceChen 02:17:31.672 [main] INFO  edu.bjut.boudia.myMain - meter_8021274813444736791:300,6541100,300
BruceChen 02:17:31.672 [main] INFO  edu.bjut.boudia.myMain - meter_8706030912098656133:regMsg,reg_backagg,reg_cc
BruceChen 02:17:31.672 [main] INFO  edu.bjut.boudia.myMain - meter_8706030912098656133:300,6602500,300
BruceChen 02:17:31.672 [main] INFO  edu.bjut.boudia.myMain - meter_3808266202093507543:regMsg,reg_backagg,reg_cc
BruceChen 02:17:31.672 [main] INFO  edu.bjut.boudia.myMain - meter_3808266202093507543:200,6630200,400
BruceChen 02:17:31.672 [main] INFO  edu.bjut.boudia.myMain - meter_2580025381593586095:regMsg,reg_backagg,reg_cc
BruceChen 02:17:31.672 [main] INFO  edu.bjut.boudia.myMain - meter_2580025381593586095:200,6653100,300
BruceChen 02:17:31.672 [main] INFO  edu.bjut.boudia.myMain - meter_5752036905436319723:regMsg,reg_backagg,reg_cc
BruceChen 02:17:31.672 [main] INFO  edu.bjut.boudia.myMain - meter_5752036905436319723:200,6633800,300
BruceChen 02:17:31.672 [main] INFO  edu.bjut.boudia.myMain - meter_5070174932909250803:regMsg,reg_backagg,reg_cc
BruceChen 02:17:31.672 [main] INFO  edu.bjut.boudia.myMain - meter_5070174932909250803:200,6705900,400
BruceChen 02:17:31.672 [main] INFO  edu.bjut.boudia.myMain - meter_7004529093632407025:regMsg,reg_backagg,reg_cc
BruceChen 02:17:31.672 [main] INFO  edu.bjut.boudia.myMain - meter_7004529093632407025:200,6974400,300
BruceChen 02:17:31.672 [main] INFO  edu.bjut.boudia.myMain - meter_836766080793314089:regMsg,reg_backagg,reg_cc
BruceChen 02:17:31.672 [main] INFO  edu.bjut.boudia.myMain - meter_836766080793314089:400,6531900,300
BruceChen 02:17:31.672 [main] INFO  edu.bjut.boudia.myMain - meter_8090381689664743337:regMsg,reg_backagg,reg_cc
BruceChen 02:17:31.672 [main] INFO  edu.bjut.boudia.myMain - meter_8090381689664743337:200,7017000,400
BruceChen 02:17:31.672 [main] INFO  edu.bjut.boudia.myMain - meter_7683670784526442207:regMsg,reg_backagg,reg_cc
BruceChen 02:17:31.672 [main] INFO  edu.bjut.boudia.myMain - meter_7683670784526442207:300,6615400,400
BruceChen 02:17:31.672 [main] INFO  edu.bjut.boudia.myMain - meter_5047417730763503415:regMsg,reg_backagg,reg_cc
BruceChen 02:17:31.672 [main] INFO  edu.bjut.boudia.myMain - meter_5047417730763503415:300,6506700,300
BruceChen 02:17:31.672 [main] INFO  edu.bjut.boudia.myMain - meter_4738277321655271243:regMsg,reg_backagg,reg_cc
BruceChen 02:17:31.672 [main] INFO  edu.bjut.boudia.myMain - meter_4738277321655271243:200,6605300,300
BruceChen 02:17:31.672 [main] INFO  edu.bjut.boudia.myMain - meter_6626827045565990861:regMsg,reg_backagg,reg_cc
BruceChen 02:17:31.672 [main] INFO  edu.bjut.boudia.myMain - meter_6626827045565990861:1200,6674700,400
BruceChen 02:17:31.672 [main] INFO  edu.bjut.boudia.myMain - meter_996184208345574537:regMsg,reg_backagg,reg_cc
BruceChen 02:17:31.672 [main] INFO  edu.bjut.boudia.myMain - meter_996184208345574537:200,6686700,300
BruceChen 02:17:31.672 [main] INFO  edu.bjut.boudia.myMain - meter_5859944636065735287:regMsg,reg_backagg,reg_cc
BruceChen 02:17:31.672 [main] INFO  edu.bjut.boudia.myMain - meter_5859944636065735287:200,6791300,400
BruceChen 02:17:31.672 [main] INFO  edu.bjut.boudia.myMain - meter_2270402315913672163:regMsg,reg_backagg,reg_cc
BruceChen 02:17:31.672 [main] INFO  edu.bjut.boudia.myMain - meter_2270402315913672163:300,6651100,300
BruceChen 02:17:31.672 [main] INFO  edu.bjut.boudia.myMain - meter_386818638908511463:regMsg,reg_backagg,reg_cc
BruceChen 02:17:31.672 [main] INFO  edu.bjut.boudia.myMain - meter_386818638908511463:300,6647800,200
BruceChen 02:17:31.672 [main] INFO  edu.bjut.boudia.myMain - meter_7537278734733350565:regMsg,reg_backagg,reg_cc
BruceChen 02:17:31.672 [main] INFO  edu.bjut.boudia.myMain - meter_7537278734733350565:200,6626000,200
BruceChen 02:17:31.672 [main] INFO  edu.bjut.boudia.myMain - meter_7095574557235737177:regMsg,reg_backagg,reg_cc
BruceChen 02:17:31.672 [main] INFO  edu.bjut.boudia.myMain - meter_7095574557235737177:200,6912500,300
BruceChen 02:17:31.672 [main] INFO  edu.bjut.boudia.myMain - meter_257381499244422149:regMsg,reg_backagg,reg_cc
BruceChen 02:17:31.672 [main] INFO  edu.bjut.boudia.myMain - meter_257381499244422149:400,6579000,300
BruceChen 02:17:31.672 [main] INFO  edu.bjut.boudia.myMain - meter_1557124395039495897:regMsg,reg_backagg,reg_cc
BruceChen 02:17:31.672 [main] INFO  edu.bjut.boudia.myMain - meter_1557124395039495897:300,6524300,200
BruceChen 02:17:31.672 [main] INFO  edu.bjut.boudia.myMain - meter_6001401284982908123:regMsg,reg_backagg,reg_cc
BruceChen 02:17:31.672 [main] INFO  edu.bjut.boudia.myMain - meter_6001401284982908123:200,6507700,300
BruceChen 02:17:31.672 [main] INFO  edu.bjut.boudia.myMain - meter_3114507664070467961:regMsg,reg_backagg,reg_cc
BruceChen 02:17:31.672 [main] INFO  edu.bjut.boudia.myMain - meter_3114507664070467961:100,6398300,300
BruceChen 02:17:31.672 [main] INFO  edu.bjut.boudia.myMain - meter_266994829446944523:regMsg,reg_backagg,reg_cc
BruceChen 02:17:31.672 [main] INFO  edu.bjut.boudia.myMain - meter_266994829446944523:300,6403800,200
BruceChen 02:17:31.672 [main] INFO  edu.bjut.boudia.myMain - meter_6138261793478578215:regMsg,reg_backagg,reg_cc
BruceChen 02:17:31.672 [main] INFO  edu.bjut.boudia.myMain - meter_6138261793478578215:200,6400100,200
BruceChen 02:17:31.672 [main] INFO  edu.bjut.boudia.myMain - meter_2257982624797783779:regMsg,reg_backagg,reg_cc
BruceChen 02:17:31.672 [main] INFO  edu.bjut.boudia.myMain - meter_2257982624797783779:200,6528300,300
BruceChen 02:17:31.672 [main] INFO  edu.bjut.boudia.myMain - meter_5648418436734638615:regMsg,reg_backagg,reg_cc
BruceChen 02:17:31.672 [main] INFO  edu.bjut.boudia.myMain - meter_5648418436734638615:200,6456000,300
BruceChen 02:17:31.672 [main] INFO  edu.bjut.boudia.myMain - meter_941771138601835579:regMsg,reg_backagg,reg_cc
BruceChen 02:17:31.672 [main] INFO  edu.bjut.boudia.myMain - meter_941771138601835579:200,6500900,200
BruceChen 02:17:31.672 [main] INFO  edu.bjut.boudia.myMain - meter_941256942458878893:regMsg,reg_backagg,reg_cc
BruceChen 02:17:31.672 [main] INFO  edu.bjut.boudia.myMain - meter_941256942458878893:200,6517300,200
BruceChen 02:17:31.672 [main] INFO  edu.bjut.boudia.myMain - meter_331200129603501289:regMsg,reg_backagg,reg_cc
BruceChen 02:17:31.672 [main] INFO  edu.bjut.boudia.myMain - meter_331200129603501289:200,6645800,400
BruceChen 02:17:31.672 [main] INFO  edu.bjut.boudia.myMain - meter_7056286930488021913:regMsg,reg_backagg,reg_cc
BruceChen 02:17:31.672 [main] INFO  edu.bjut.boudia.myMain - meter_7056286930488021913:300,6622900,300
BruceChen 02:17:31.672 [main] INFO  edu.bjut.boudia.myMain - meter_6554032206892143863:regMsg,reg_backagg,reg_cc
BruceChen 02:17:31.672 [main] INFO  edu.bjut.boudia.myMain - meter_6554032206892143863:200,6603600,200
BruceChen 02:17:31.672 [main] INFO  edu.bjut.boudia.myMain - meter_2989907524517445389:regMsg,reg_backagg,reg_cc
BruceChen 02:17:31.672 [main] INFO  edu.bjut.boudia.myMain - meter_2989907524517445389:200,6629100,200
BruceChen 02:17:31.672 [main] INFO  edu.bjut.boudia.myMain - meter_5634611887164403461:regMsg,reg_backagg,reg_cc
BruceChen 02:17:31.672 [main] INFO  edu.bjut.boudia.myMain - meter_5634611887164403461:300,6528400,300
BruceChen 02:17:31.672 [main] INFO  edu.bjut.boudia.myMain - meter_4011758411031471457:regMsg,reg_backagg,reg_cc
BruceChen 02:17:31.672 [main] INFO  edu.bjut.boudia.myMain - meter_4011758411031471457:300,6638900,300
BruceChen 02:17:31.672 [main] INFO  edu.bjut.boudia.myMain - meter_6295290690128279705:regMsg,reg_backagg,reg_cc
BruceChen 02:17:31.672 [main] INFO  edu.bjut.boudia.myMain - meter_6295290690128279705:200,6730200,300
BruceChen 02:17:31.672 [main] INFO  edu.bjut.boudia.myMain - meter_1618296295196849689:regMsg,reg_backagg,reg_cc
BruceChen 02:17:31.672 [main] INFO  edu.bjut.boudia.myMain - meter_1618296295196849689:300,6626300,300
BruceChen 02:17:31.672 [main] INFO  edu.bjut.boudia.myMain - meter_4394606936339447471:regMsg,reg_backagg,reg_cc
BruceChen 02:17:31.672 [main] INFO  edu.bjut.boudia.myMain - meter_4394606936339447471:200,6645400,300
BruceChen 02:17:31.672 [main] INFO  edu.bjut.boudia.myMain - meter_8479774936977310953:regMsg,reg_backagg,reg_cc
BruceChen 02:17:31.672 [main] INFO  edu.bjut.boudia.myMain - meter_8479774936977310953:300,6553900,300
BruceChen 02:17:31.672 [main] INFO  edu.bjut.boudia.myMain - meter_1511690726894848943:regMsg,reg_backagg,reg_cc
BruceChen 02:17:31.672 [main] INFO  edu.bjut.boudia.myMain - meter_1511690726894848943:300,6652600,300
BruceChen 02:17:31.672 [main] INFO  edu.bjut.boudia.myMain - meter_4178506113348893841:regMsg,reg_backagg,reg_cc
BruceChen 02:17:31.672 [main] INFO  edu.bjut.boudia.myMain - meter_4178506113348893841:300,6614500,300
BruceChen 02:17:32.480 [main] INFO  edu.bjut.boudia.myMain - oneTimeMeterRepTime
BruceChen 02:17:34.538 [main] INFO  edu.bjut.boudia.myMain - server:repMsg
BruceChen 02:17:34.538 [main] INFO  edu.bjut.boudia.myMain - server:31504400
BruceChen 02:17:34.538 [main] INFO  edu.bjut.boudia.myMain - agg:repMsg
BruceChen 02:17:34.538 [main] INFO  edu.bjut.boudia.myMain - agg:424138600
BruceChen 02:17:34.538 [main] INFO  edu.bjut.boudia.myMain - meter_5231934218489095243:repMsg
BruceChen 02:17:34.538 [main] INFO  edu.bjut.boudia.myMain - meter_5231934218489095243:36198100
BruceChen 02:17:34.538 [main] INFO  edu.bjut.boudia.myMain - meter_6632816349905719999:repMsg
BruceChen 02:17:34.538 [main] INFO  edu.bjut.boudia.myMain - meter_6632816349905719999:26791200
BruceChen 02:17:34.538 [main] INFO  edu.bjut.boudia.myMain - meter_6536592512985509847:repMsg
BruceChen 02:17:34.538 [main] INFO  edu.bjut.boudia.myMain - meter_6536592512985509847:26646300
BruceChen 02:17:34.538 [main] INFO  edu.bjut.boudia.myMain - meter_5560600854370305233:repMsg
BruceChen 02:17:34.538 [main] INFO  edu.bjut.boudia.myMain - meter_5560600854370305233:26818900
BruceChen 02:17:34.538 [main] INFO  edu.bjut.boudia.myMain - meter_2413836818953819151:repMsg
BruceChen 02:17:34.538 [main] INFO  edu.bjut.boudia.myMain - meter_2413836818953819151:27017200
BruceChen 02:17:34.538 [main] INFO  edu.bjut.boudia.myMain - meter_6624570442099208827:repMsg
BruceChen 02:17:34.538 [main] INFO  edu.bjut.boudia.myMain - meter_6624570442099208827:26865100
BruceChen 02:17:34.538 [main] INFO  edu.bjut.boudia.myMain - meter_446580163543984635:repMsg
BruceChen 02:17:34.538 [main] INFO  edu.bjut.boudia.myMain - meter_446580163543984635:26684400
BruceChen 02:17:34.538 [main] INFO  edu.bjut.boudia.myMain - meter_5073478720648945163:repMsg
BruceChen 02:17:34.538 [main] INFO  edu.bjut.boudia.myMain - meter_5073478720648945163:26538700
BruceChen 02:17:34.538 [main] INFO  edu.bjut.boudia.myMain - meter_2987786955063288189:repMsg
BruceChen 02:17:34.538 [main] INFO  edu.bjut.boudia.myMain - meter_2987786955063288189:26387400
BruceChen 02:17:34.538 [main] INFO  edu.bjut.boudia.myMain - meter_1060089954590020909:repMsg
BruceChen 02:17:34.538 [main] INFO  edu.bjut.boudia.myMain - meter_1060089954590020909:26483500
BruceChen 02:17:34.538 [main] INFO  edu.bjut.boudia.myMain - meter_3553659898809871949:repMsg
BruceChen 02:17:34.538 [main] INFO  edu.bjut.boudia.myMain - meter_3553659898809871949:29301700
BruceChen 02:17:34.538 [main] INFO  edu.bjut.boudia.myMain - meter_1766788579042784395:repMsg
BruceChen 02:17:34.538 [main] INFO  edu.bjut.boudia.myMain - meter_1766788579042784395:26560400
BruceChen 02:17:34.538 [main] INFO  edu.bjut.boudia.myMain - meter_4995128737685992939:repMsg
BruceChen 02:17:34.538 [main] INFO  edu.bjut.boudia.myMain - meter_4995128737685992939:26344600
BruceChen 02:17:34.538 [main] INFO  edu.bjut.boudia.myMain - meter_1739794506578246439:repMsg
BruceChen 02:17:34.538 [main] INFO  edu.bjut.boudia.myMain - meter_1739794506578246439:26757500
BruceChen 02:17:34.538 [main] INFO  edu.bjut.boudia.myMain - meter_1306308710097534859:repMsg
BruceChen 02:17:34.538 [main] INFO  edu.bjut.boudia.myMain - meter_1306308710097534859:26486800
BruceChen 02:17:34.538 [main] INFO  edu.bjut.boudia.myMain - meter_3953895516776137619:repMsg
BruceChen 02:17:34.538 [main] INFO  edu.bjut.boudia.myMain - meter_3953895516776137619:26768800
BruceChen 02:17:34.538 [main] INFO  edu.bjut.boudia.myMain - meter_1188830144901952835:repMsg
BruceChen 02:17:34.538 [main] INFO  edu.bjut.boudia.myMain - meter_1188830144901952835:26592000
BruceChen 02:17:34.538 [main] INFO  edu.bjut.boudia.myMain - meter_2012285241137482131:repMsg
BruceChen 02:17:34.538 [main] INFO  edu.bjut.boudia.myMain - meter_2012285241137482131:26853000
BruceChen 02:17:34.538 [main] INFO  edu.bjut.boudia.myMain - meter_128209861471505423:repMsg
BruceChen 02:17:34.538 [main] INFO  edu.bjut.boudia.myMain - meter_128209861471505423:26535300
BruceChen 02:17:34.538 [main] INFO  edu.bjut.boudia.myMain - meter_8021274813444736791:repMsg
BruceChen 02:17:34.538 [main] INFO  edu.bjut.boudia.myMain - meter_8021274813444736791:26437900
BruceChen 02:17:34.538 [main] INFO  edu.bjut.boudia.myMain - meter_8706030912098656133:repMsg
BruceChen 02:17:34.538 [main] INFO  edu.bjut.boudia.myMain - meter_8706030912098656133:26580200
BruceChen 02:17:34.538 [main] INFO  edu.bjut.boudia.myMain - meter_3808266202093507543:repMsg
BruceChen 02:17:34.538 [main] INFO  edu.bjut.boudia.myMain - meter_3808266202093507543:26525700
BruceChen 02:17:34.538 [main] INFO  edu.bjut.boudia.myMain - meter_2580025381593586095:repMsg
BruceChen 02:17:34.538 [main] INFO  edu.bjut.boudia.myMain - meter_2580025381593586095:26560500
BruceChen 02:17:34.538 [main] INFO  edu.bjut.boudia.myMain - meter_5752036905436319723:repMsg
BruceChen 02:17:34.538 [main] INFO  edu.bjut.boudia.myMain - meter_5752036905436319723:26617100
BruceChen 02:17:34.538 [main] INFO  edu.bjut.boudia.myMain - meter_5070174932909250803:repMsg
BruceChen 02:17:34.538 [main] INFO  edu.bjut.boudia.myMain - meter_5070174932909250803:26699300
BruceChen 02:17:34.538 [main] INFO  edu.bjut.boudia.myMain - meter_7004529093632407025:repMsg
BruceChen 02:17:34.538 [main] INFO  edu.bjut.boudia.myMain - meter_7004529093632407025:26745700
BruceChen 02:17:34.538 [main] INFO  edu.bjut.boudia.myMain - meter_836766080793314089:repMsg
BruceChen 02:17:34.538 [main] INFO  edu.bjut.boudia.myMain - meter_836766080793314089:26439700
BruceChen 02:17:34.538 [main] INFO  edu.bjut.boudia.myMain - meter_8090381689664743337:repMsg
BruceChen 02:17:34.538 [main] INFO  edu.bjut.boudia.myMain - meter_8090381689664743337:26382200
BruceChen 02:17:34.538 [main] INFO  edu.bjut.boudia.myMain - meter_7683670784526442207:repMsg
BruceChen 02:17:34.538 [main] INFO  edu.bjut.boudia.myMain - meter_7683670784526442207:26613700
BruceChen 02:17:34.538 [main] INFO  edu.bjut.boudia.myMain - meter_5047417730763503415:repMsg
BruceChen 02:17:34.538 [main] INFO  edu.bjut.boudia.myMain - meter_5047417730763503415:26568300
BruceChen 02:17:34.538 [main] INFO  edu.bjut.boudia.myMain - meter_4738277321655271243:repMsg
BruceChen 02:17:34.538 [main] INFO  edu.bjut.boudia.myMain - meter_4738277321655271243:26081100
BruceChen 02:17:34.538 [main] INFO  edu.bjut.boudia.myMain - meter_6626827045565990861:repMsg
BruceChen 02:17:34.538 [main] INFO  edu.bjut.boudia.myMain - meter_6626827045565990861:26619800
BruceChen 02:17:34.538 [main] INFO  edu.bjut.boudia.myMain - meter_996184208345574537:repMsg
BruceChen 02:17:34.538 [main] INFO  edu.bjut.boudia.myMain - meter_996184208345574537:26869800
BruceChen 02:17:34.538 [main] INFO  edu.bjut.boudia.myMain - meter_5859944636065735287:repMsg
BruceChen 02:17:34.538 [main] INFO  edu.bjut.boudia.myMain - meter_5859944636065735287:25994500
BruceChen 02:17:34.538 [main] INFO  edu.bjut.boudia.myMain - meter_2270402315913672163:repMsg
BruceChen 02:17:34.538 [main] INFO  edu.bjut.boudia.myMain - meter_2270402315913672163:25925000
BruceChen 02:17:34.538 [main] INFO  edu.bjut.boudia.myMain - meter_386818638908511463:repMsg
BruceChen 02:17:34.538 [main] INFO  edu.bjut.boudia.myMain - meter_386818638908511463:25808600
BruceChen 02:17:34.538 [main] INFO  edu.bjut.boudia.myMain - meter_7537278734733350565:repMsg
BruceChen 02:17:34.538 [main] INFO  edu.bjut.boudia.myMain - meter_7537278734733350565:25781900
BruceChen 02:17:34.538 [main] INFO  edu.bjut.boudia.myMain - meter_7095574557235737177:repMsg
BruceChen 02:17:34.538 [main] INFO  edu.bjut.boudia.myMain - meter_7095574557235737177:28246500
BruceChen 02:17:34.538 [main] INFO  edu.bjut.boudia.myMain - meter_257381499244422149:repMsg
BruceChen 02:17:34.538 [main] INFO  edu.bjut.boudia.myMain - meter_257381499244422149:26525200
BruceChen 02:17:34.538 [main] INFO  edu.bjut.boudia.myMain - meter_1557124395039495897:repMsg
BruceChen 02:17:34.538 [main] INFO  edu.bjut.boudia.myMain - meter_1557124395039495897:26768500
BruceChen 02:17:34.538 [main] INFO  edu.bjut.boudia.myMain - meter_6001401284982908123:repMsg
BruceChen 02:17:34.538 [main] INFO  edu.bjut.boudia.myMain - meter_6001401284982908123:25877100
BruceChen 02:17:34.538 [main] INFO  edu.bjut.boudia.myMain - meter_3114507664070467961:repMsg
BruceChen 02:17:34.538 [main] INFO  edu.bjut.boudia.myMain - meter_3114507664070467961:25855400
BruceChen 02:17:34.538 [main] INFO  edu.bjut.boudia.myMain - meter_266994829446944523:repMsg
BruceChen 02:17:34.538 [main] INFO  edu.bjut.boudia.myMain - meter_266994829446944523:25908100
BruceChen 02:17:34.538 [main] INFO  edu.bjut.boudia.myMain - meter_6138261793478578215:repMsg
BruceChen 02:17:34.538 [main] INFO  edu.bjut.boudia.myMain - meter_6138261793478578215:26382700
BruceChen 02:17:34.538 [main] INFO  edu.bjut.boudia.myMain - meter_2257982624797783779:repMsg
BruceChen 02:17:34.538 [main] INFO  edu.bjut.boudia.myMain - meter_2257982624797783779:25894700
BruceChen 02:17:34.538 [main] INFO  edu.bjut.boudia.myMain - meter_5648418436734638615:repMsg
BruceChen 02:17:34.538 [main] INFO  edu.bjut.boudia.myMain - meter_5648418436734638615:25911600
BruceChen 02:17:34.538 [main] INFO  edu.bjut.boudia.myMain - meter_941771138601835579:repMsg
BruceChen 02:17:34.538 [main] INFO  edu.bjut.boudia.myMain - meter_941771138601835579:26065500
BruceChen 02:17:34.538 [main] INFO  edu.bjut.boudia.myMain - meter_941256942458878893:repMsg
BruceChen 02:17:34.538 [main] INFO  edu.bjut.boudia.myMain - meter_941256942458878893:25695800
BruceChen 02:17:34.538 [main] INFO  edu.bjut.boudia.myMain - meter_331200129603501289:repMsg
BruceChen 02:17:34.538 [main] INFO  edu.bjut.boudia.myMain - meter_331200129603501289:25802300
BruceChen 02:17:34.538 [main] INFO  edu.bjut.boudia.myMain - meter_7056286930488021913:repMsg
BruceChen 02:17:34.538 [main] INFO  edu.bjut.boudia.myMain - meter_7056286930488021913:26538100
BruceChen 02:17:34.538 [main] INFO  edu.bjut.boudia.myMain - meter_6554032206892143863:repMsg
BruceChen 02:17:34.538 [main] INFO  edu.bjut.boudia.myMain - meter_6554032206892143863:26212900
BruceChen 02:17:34.538 [main] INFO  edu.bjut.boudia.myMain - meter_2989907524517445389:repMsg
BruceChen 02:17:34.538 [main] INFO  edu.bjut.boudia.myMain - meter_2989907524517445389:31528900
BruceChen 02:17:34.538 [main] INFO  edu.bjut.boudia.myMain - meter_5634611887164403461:repMsg
BruceChen 02:17:34.538 [main] INFO  edu.bjut.boudia.myMain - meter_5634611887164403461:26086100
BruceChen 02:17:34.538 [main] INFO  edu.bjut.boudia.myMain - meter_4011758411031471457:repMsg
BruceChen 02:17:34.538 [main] INFO  edu.bjut.boudia.myMain - meter_4011758411031471457:26480500
BruceChen 02:17:34.538 [main] INFO  edu.bjut.boudia.myMain - meter_6295290690128279705:repMsg
BruceChen 02:17:34.538 [main] INFO  edu.bjut.boudia.myMain - meter_6295290690128279705:26346100
BruceChen 02:17:34.538 [main] INFO  edu.bjut.boudia.myMain - meter_1618296295196849689:repMsg
BruceChen 02:17:34.538 [main] INFO  edu.bjut.boudia.myMain - meter_1618296295196849689:26543200
BruceChen 02:17:34.538 [main] INFO  edu.bjut.boudia.myMain - meter_4394606936339447471:repMsg
BruceChen 02:17:34.538 [main] INFO  edu.bjut.boudia.myMain - meter_4394606936339447471:26445000
BruceChen 02:17:34.538 [main] INFO  edu.bjut.boudia.myMain - meter_8479774936977310953:repMsg
BruceChen 02:17:34.538 [main] INFO  edu.bjut.boudia.myMain - meter_8479774936977310953:26414900
BruceChen 02:17:34.538 [main] INFO  edu.bjut.boudia.myMain - meter_1511690726894848943:repMsg
BruceChen 02:17:34.538 [main] INFO  edu.bjut.boudia.myMain - meter_1511690726894848943:26480800
BruceChen 02:17:34.538 [main] INFO  edu.bjut.boudia.myMain - meter_4178506113348893841:repMsg
BruceChen 02:17:34.538 [main] INFO  edu.bjut.boudia.myMain - meter_4178506113348893841:26702300
BruceChen 02:17:38.170 [main] INFO  edu.bjut.boudia.myMain - oneTimeMeterRegTime
BruceChen 02:17:38.826 [main] INFO  edu.bjut.boudia.myMain - server:pubkey
BruceChen 02:17:38.826 [main] INFO  edu.bjut.boudia.myMain - server:900
BruceChen 02:17:38.826 [main] INFO  edu.bjut.boudia.myMain - agg:regMsg,regMsg,regMsg,regMsg,regMsg,regMsg,regMsg,regMsg,regMsg,regMsg,regMsg,regMsg,regMsg,regMsg,regMsg,regMsg,regMsg,regMsg,regMsg,regMsg,regMsg,regMsg,regMsg,regMsg,regMsg,regMsg,regMsg,regMsg,regMsg,regMsg,regMsg,regMsg,regMsg,regMsg,regMsg,regMsg,regMsg,regMsg,regMsg,regMsg,regMsg,regMsg,regMsg,regMsg,regMsg,regMsg,regMsg,regMsg,regMsg,regMsg
BruceChen 02:17:38.826 [main] INFO  edu.bjut.boudia.myMain - agg:6606400,6583100,6557900,6653000,6457800,6408800,6493700,6403500,6446000,6394600,6415500,6416600,6393600,6437600,6427200,6483100,6388700,6599800,6492300,6423800,6466800,6407400,6474100,6559200,6607500,6617000,6602500,6598200,6607300,6404900,6660900,6598400,6607100,6763900,6602000,6588100,6620400,6636900,6636300,6554300,6596900,6599000,6597500,6605900,6608400,6588700,6606800,6583700,6581300,6612900
BruceChen 02:17:38.826 [main] INFO  edu.bjut.boudia.myMain - meter_1521728313507699209:regMsg,reg_backagg,reg_cc
BruceChen 02:17:38.826 [main] INFO  edu.bjut.boudia.myMain - meter_1521728313507699209:500,6586400,600
BruceChen 02:17:38.826 [main] INFO  edu.bjut.boudia.myMain - meter_8386219341741643363:regMsg,reg_backagg,reg_cc
BruceChen 02:17:38.826 [main] INFO  edu.bjut.boudia.myMain - meter_8386219341741643363:600,6645900,300
BruceChen 02:17:38.826 [main] INFO  edu.bjut.boudia.myMain - meter_3688269240836974055:regMsg,reg_backagg,reg_cc
BruceChen 02:17:38.826 [main] INFO  edu.bjut.boudia.myMain - meter_3688269240836974055:300,6539700,200
BruceChen 02:17:38.826 [main] INFO  edu.bjut.boudia.myMain - meter_8892896731327505007:regMsg,reg_backagg,reg_cc
BruceChen 02:17:38.826 [main] INFO  edu.bjut.boudia.myMain - meter_8892896731327505007:200,6643200,200
BruceChen 02:17:38.826 [main] INFO  edu.bjut.boudia.myMain - meter_2680590293109770547:regMsg,reg_backagg,reg_cc
BruceChen 02:17:38.826 [main] INFO  edu.bjut.boudia.myMain - meter_2680590293109770547:400,6405900,300
BruceChen 02:17:38.826 [main] INFO  edu.bjut.boudia.myMain - meter_4187230405547589599:regMsg,reg_backagg,reg_cc
BruceChen 02:17:38.826 [main] INFO  edu.bjut.boudia.myMain - meter_4187230405547589599:600,6458600,300
BruceChen 02:17:38.826 [main] INFO  edu.bjut.boudia.myMain - meter_3678434767443832337:regMsg,reg_backagg,reg_cc
BruceChen 02:17:38.826 [main] INFO  edu.bjut.boudia.myMain - meter_3678434767443832337:2900,6509200,300
BruceChen 02:17:38.826 [main] INFO  edu.bjut.boudia.myMain - meter_3879958888839291101:regMsg,reg_backagg,reg_cc
BruceChen 02:17:38.826 [main] INFO  edu.bjut.boudia.myMain - meter_3879958888839291101:400,6431900,5400
BruceChen 02:17:38.826 [main] INFO  edu.bjut.boudia.myMain - meter_8674324893606180213:regMsg,reg_backagg,reg_cc
BruceChen 02:17:38.826 [main] INFO  edu.bjut.boudia.myMain - meter_8674324893606180213:300,6481100,500
BruceChen 02:17:38.826 [main] INFO  edu.bjut.boudia.myMain - meter_6111234903369624589:regMsg,reg_backagg,reg_cc
BruceChen 02:17:38.826 [main] INFO  edu.bjut.boudia.myMain - meter_6111234903369624589:300,6455400,200
BruceChen 02:17:38.826 [main] INFO  edu.bjut.boudia.myMain - meter_5587046794098944211:regMsg,reg_backagg,reg_cc
BruceChen 02:17:38.826 [main] INFO  edu.bjut.boudia.myMain - meter_5587046794098944211:300,6452700,200
BruceChen 02:17:38.826 [main] INFO  edu.bjut.boudia.myMain - meter_5733705755597126091:regMsg,reg_backagg,reg_cc
BruceChen 02:17:38.826 [main] INFO  edu.bjut.boudia.myMain - meter_5733705755597126091:200,6434700,400
BruceChen 02:17:38.826 [main] INFO  edu.bjut.boudia.myMain - meter_265550217388503069:regMsg,reg_backagg,reg_cc
BruceChen 02:17:38.826 [main] INFO  edu.bjut.boudia.myMain - meter_265550217388503069:600,6433000,200
BruceChen 02:17:38.826 [main] INFO  edu.bjut.boudia.myMain - meter_92678926134099555:regMsg,reg_backagg,reg_cc
BruceChen 02:17:38.826 [main] INFO  edu.bjut.boudia.myMain - meter_92678926134099555:300,6351300,200
BruceChen 02:17:38.826 [main] INFO  edu.bjut.boudia.myMain - meter_2849132054968233793:regMsg,reg_backagg,reg_cc
BruceChen 02:17:38.826 [main] INFO  edu.bjut.boudia.myMain - meter_2849132054968233793:200,6446400,200
BruceChen 02:17:38.826 [main] INFO  edu.bjut.boudia.myMain - meter_7834743589001944003:regMsg,reg_backagg,reg_cc
BruceChen 02:17:38.826 [main] INFO  edu.bjut.boudia.myMain - meter_7834743589001944003:300,6495100,200
BruceChen 02:17:38.826 [main] INFO  edu.bjut.boudia.myMain - meter_853397528417522961:regMsg,reg_backagg,reg_cc
BruceChen 02:17:38.826 [main] INFO  edu.bjut.boudia.myMain - meter_853397528417522961:300,6663200,200
BruceChen 02:17:38.826 [main] INFO  edu.bjut.boudia.myMain - meter_3470234562176853449:regMsg,reg_backagg,reg_cc
BruceChen 02:17:38.826 [main] INFO  edu.bjut.boudia.myMain - meter_3470234562176853449:200,6609800,300
BruceChen 02:17:38.826 [main] INFO  edu.bjut.boudia.myMain - meter_2221286932302773467:regMsg,reg_backagg,reg_cc
BruceChen 02:17:38.826 [main] INFO  edu.bjut.boudia.myMain - meter_2221286932302773467:400,6553800,200
BruceChen 02:17:38.826 [main] INFO  edu.bjut.boudia.myMain - meter_7282953729817223043:regMsg,reg_backagg,reg_cc
BruceChen 02:17:38.826 [main] INFO  edu.bjut.boudia.myMain - meter_7282953729817223043:300,6451100,200
BruceChen 02:17:38.826 [main] INFO  edu.bjut.boudia.myMain - meter_5202948573101875351:regMsg,reg_backagg,reg_cc
BruceChen 02:17:38.826 [main] INFO  edu.bjut.boudia.myMain - meter_5202948573101875351:300,6429500,300
BruceChen 02:17:38.826 [main] INFO  edu.bjut.boudia.myMain - meter_1054928914494401157:regMsg,reg_backagg,reg_cc
BruceChen 02:17:38.826 [main] INFO  edu.bjut.boudia.myMain - meter_1054928914494401157:400,6371600,200
BruceChen 02:17:38.826 [main] INFO  edu.bjut.boudia.myMain - meter_2001139048586970589:regMsg,reg_backagg,reg_cc
BruceChen 02:17:38.826 [main] INFO  edu.bjut.boudia.myMain - meter_2001139048586970589:200,6509000,500
BruceChen 02:17:38.826 [main] INFO  edu.bjut.boudia.myMain - meter_7352909704221139973:regMsg,reg_backagg,reg_cc
BruceChen 02:17:38.826 [main] INFO  edu.bjut.boudia.myMain - meter_7352909704221139973:600,6653800,200
BruceChen 02:17:38.826 [main] INFO  edu.bjut.boudia.myMain - meter_693199947109938489:regMsg,reg_backagg,reg_cc
BruceChen 02:17:38.826 [main] INFO  edu.bjut.boudia.myMain - meter_693199947109938489:500,6626900,300
BruceChen 02:17:38.826 [main] INFO  edu.bjut.boudia.myMain - meter_4501006754588021555:regMsg,reg_backagg,reg_cc
BruceChen 02:17:38.826 [main] INFO  edu.bjut.boudia.myMain - meter_4501006754588021555:400,6609200,200
BruceChen 02:17:38.826 [main] INFO  edu.bjut.boudia.myMain - meter_6256684721354920267:regMsg,reg_backagg,reg_cc
BruceChen 02:17:38.826 [main] INFO  edu.bjut.boudia.myMain - meter_6256684721354920267:300,6583700,200
BruceChen 02:17:38.826 [main] INFO  edu.bjut.boudia.myMain - meter_3501470513243291107:regMsg,reg_backagg,reg_cc
BruceChen 02:17:38.826 [main] INFO  edu.bjut.boudia.myMain - meter_3501470513243291107:300,6646700,400
BruceChen 02:17:38.826 [main] INFO  edu.bjut.boudia.myMain - meter_3191906338952257711:regMsg,reg_backagg,reg_cc
BruceChen 02:17:38.826 [main] INFO  edu.bjut.boudia.myMain - meter_3191906338952257711:300,6349300,100
BruceChen 02:17:38.826 [main] INFO  edu.bjut.boudia.myMain - meter_6670668882080995661:regMsg,reg_backagg,reg_cc
BruceChen 02:17:38.826 [main] INFO  edu.bjut.boudia.myMain - meter_6670668882080995661:200,6816800,500
BruceChen 02:17:38.826 [main] INFO  edu.bjut.boudia.myMain - meter_6184339122275895085:regMsg,reg_backagg,reg_cc
BruceChen 02:17:38.826 [main] INFO  edu.bjut.boudia.myMain - meter_6184339122275895085:700,6628800,200
BruceChen 02:17:38.826 [main] INFO  edu.bjut.boudia.myMain - meter_7135948059323121479:regMsg,reg_backagg,reg_cc
BruceChen 02:17:38.826 [main] INFO  edu.bjut.boudia.myMain - meter_7135948059323121479:400,6670200,300
BruceChen 02:17:38.826 [main] INFO  edu.bjut.boudia.myMain - meter_5058779644146296613:regMsg,reg_backagg,reg_cc
BruceChen 02:17:38.826 [main] INFO  edu.bjut.boudia.myMain - meter_5058779644146296613:300,9333800,500
BruceChen 02:17:38.826 [main] INFO  edu.bjut.boudia.myMain - meter_2872341753261784647:regMsg,reg_backagg,reg_cc
BruceChen 02:17:38.826 [main] INFO  edu.bjut.boudia.myMain - meter_2872341753261784647:800,6648200,300
BruceChen 02:17:38.826 [main] INFO  edu.bjut.boudia.myMain - meter_7542409541140911355:regMsg,reg_backagg,reg_cc
BruceChen 02:17:38.826 [main] INFO  edu.bjut.boudia.myMain - meter_7542409541140911355:400,6499800,200
BruceChen 02:17:38.826 [main] INFO  edu.bjut.boudia.myMain - meter_4690685014578623477:regMsg,reg_backagg,reg_cc
BruceChen 02:17:38.826 [main] INFO  edu.bjut.boudia.myMain - meter_4690685014578623477:200,6684600,100
BruceChen 02:17:38.826 [main] INFO  edu.bjut.boudia.myMain - meter_7399942887111600721:regMsg,reg_backagg,reg_cc
BruceChen 02:17:38.826 [main] INFO  edu.bjut.boudia.myMain - meter_7399942887111600721:200,6566500,200
BruceChen 02:17:38.826 [main] INFO  edu.bjut.boudia.myMain - meter_5202197548094154761:regMsg,reg_backagg,reg_cc
BruceChen 02:17:38.826 [main] INFO  edu.bjut.boudia.myMain - meter_5202197548094154761:600,6662100,400
BruceChen 02:17:38.826 [main] INFO  edu.bjut.boudia.myMain - meter_8886351255563354953:regMsg,reg_backagg,reg_cc
BruceChen 02:17:38.826 [main] INFO  edu.bjut.boudia.myMain - meter_8886351255563354953:700,6537700,300
BruceChen 02:17:38.826 [main] INFO  edu.bjut.boudia.myMain - meter_8407174779715609981:regMsg,reg_backagg,reg_cc
BruceChen 02:17:38.826 [main] INFO  edu.bjut.boudia.myMain - meter_8407174779715609981:700,6696600,300
BruceChen 02:17:38.826 [main] INFO  edu.bjut.boudia.myMain - meter_5287803182166896805:regMsg,reg_backagg,reg_cc
BruceChen 02:17:38.826 [main] INFO  edu.bjut.boudia.myMain - meter_5287803182166896805:300,6569300,300
BruceChen 02:17:38.826 [main] INFO  edu.bjut.boudia.myMain - meter_5318110546946731869:regMsg,reg_backagg,reg_cc
BruceChen 02:17:38.826 [main] INFO  edu.bjut.boudia.myMain - meter_5318110546946731869:400,6665900,300
BruceChen 02:17:38.826 [main] INFO  edu.bjut.boudia.myMain - meter_5530230609793559399:regMsg,reg_backagg,reg_cc
BruceChen 02:17:38.826 [main] INFO  edu.bjut.boudia.myMain - meter_5530230609793559399:300,6665000,200
BruceChen 02:17:38.826 [main] INFO  edu.bjut.boudia.myMain - meter_5716191258920156017:regMsg,reg_backagg,reg_cc
BruceChen 02:17:38.826 [main] INFO  edu.bjut.boudia.myMain - meter_5716191258920156017:300,6547300,100
BruceChen 02:17:38.826 [main] INFO  edu.bjut.boudia.myMain - meter_196810124628092889:regMsg,reg_backagg,reg_cc
BruceChen 02:17:38.826 [main] INFO  edu.bjut.boudia.myMain - meter_196810124628092889:300,6690200,100
BruceChen 02:17:38.826 [main] INFO  edu.bjut.boudia.myMain - meter_7532969228362428077:regMsg,reg_backagg,reg_cc
BruceChen 02:17:38.826 [main] INFO  edu.bjut.boudia.myMain - meter_7532969228362428077:200,6650400,400
BruceChen 02:17:38.826 [main] INFO  edu.bjut.boudia.myMain - meter_218114129305386671:regMsg,reg_backagg,reg_cc
BruceChen 02:17:38.826 [main] INFO  edu.bjut.boudia.myMain - meter_218114129305386671:700,6619300,200
BruceChen 02:17:38.826 [main] INFO  edu.bjut.boudia.myMain - meter_3290442814636604401:regMsg,reg_backagg,reg_cc
BruceChen 02:17:38.826 [main] INFO  edu.bjut.boudia.myMain - meter_3290442814636604401:200,6662000,200
BruceChen 02:17:38.826 [main] INFO  edu.bjut.boudia.myMain - meter_7664319425885663709:regMsg,reg_backagg,reg_cc
BruceChen 02:17:38.826 [main] INFO  edu.bjut.boudia.myMain - meter_7664319425885663709:300,6515000,100
BruceChen 02:17:38.826 [main] INFO  edu.bjut.boudia.myMain - meter_108961216407376999:regMsg,reg_backagg,reg_cc
BruceChen 02:17:38.826 [main] INFO  edu.bjut.boudia.myMain - meter_108961216407376999:200,6678800,200
BruceChen 02:17:39.498 [main] INFO  edu.bjut.boudia.myMain - oneTimeMeterRepTime
BruceChen 02:17:41.185 [main] INFO  edu.bjut.boudia.myMain - server:repMsg
BruceChen 02:17:41.185 [main] INFO  edu.bjut.boudia.myMain - server:31822200
BruceChen 02:17:41.185 [main] INFO  edu.bjut.boudia.myMain - agg:repMsg
BruceChen 02:17:41.185 [main] INFO  edu.bjut.boudia.myMain - agg:351862500
BruceChen 02:17:41.201 [main] INFO  edu.bjut.boudia.myMain - meter_1521728313507699209:repMsg
BruceChen 02:17:41.201 [main] INFO  edu.bjut.boudia.myMain - meter_1521728313507699209:26433000
BruceChen 02:17:41.201 [main] INFO  edu.bjut.boudia.myMain - meter_8386219341741643363:repMsg
BruceChen 02:17:41.201 [main] INFO  edu.bjut.boudia.myMain - meter_8386219341741643363:26799100
BruceChen 02:17:41.201 [main] INFO  edu.bjut.boudia.myMain - meter_3688269240836974055:repMsg
BruceChen 02:17:41.201 [main] INFO  edu.bjut.boudia.myMain - meter_3688269240836974055:26736400
BruceChen 02:17:41.201 [main] INFO  edu.bjut.boudia.myMain - meter_8892896731327505007:repMsg
BruceChen 02:17:41.201 [main] INFO  edu.bjut.boudia.myMain - meter_8892896731327505007:26811000
BruceChen 02:17:41.201 [main] INFO  edu.bjut.boudia.myMain - meter_2680590293109770547:repMsg
BruceChen 02:17:41.201 [main] INFO  edu.bjut.boudia.myMain - meter_2680590293109770547:26607600
BruceChen 02:17:41.201 [main] INFO  edu.bjut.boudia.myMain - meter_4187230405547589599:repMsg
BruceChen 02:17:41.201 [main] INFO  edu.bjut.boudia.myMain - meter_4187230405547589599:26685700
BruceChen 02:17:41.201 [main] INFO  edu.bjut.boudia.myMain - meter_3678434767443832337:repMsg
BruceChen 02:17:41.201 [main] INFO  edu.bjut.boudia.myMain - meter_3678434767443832337:26682000
BruceChen 02:17:41.201 [main] INFO  edu.bjut.boudia.myMain - meter_3879958888839291101:repMsg
BruceChen 02:17:41.201 [main] INFO  edu.bjut.boudia.myMain - meter_3879958888839291101:26517500
BruceChen 02:17:41.201 [main] INFO  edu.bjut.boudia.myMain - meter_8674324893606180213:repMsg
BruceChen 02:17:41.201 [main] INFO  edu.bjut.boudia.myMain - meter_8674324893606180213:26567800
BruceChen 02:17:41.201 [main] INFO  edu.bjut.boudia.myMain - meter_6111234903369624589:repMsg
BruceChen 02:17:41.201 [main] INFO  edu.bjut.boudia.myMain - meter_6111234903369624589:26281700
BruceChen 02:17:41.201 [main] INFO  edu.bjut.boudia.myMain - meter_5587046794098944211:repMsg
BruceChen 02:17:41.201 [main] INFO  edu.bjut.boudia.myMain - meter_5587046794098944211:26240300
BruceChen 02:17:41.201 [main] INFO  edu.bjut.boudia.myMain - meter_5733705755597126091:repMsg
BruceChen 02:17:41.201 [main] INFO  edu.bjut.boudia.myMain - meter_5733705755597126091:26476600
BruceChen 02:17:41.201 [main] INFO  edu.bjut.boudia.myMain - meter_265550217388503069:repMsg
BruceChen 02:17:41.201 [main] INFO  edu.bjut.boudia.myMain - meter_265550217388503069:26689400
BruceChen 02:17:41.201 [main] INFO  edu.bjut.boudia.myMain - meter_92678926134099555:repMsg
BruceChen 02:17:41.201 [main] INFO  edu.bjut.boudia.myMain - meter_92678926134099555:26711000
BruceChen 02:17:41.201 [main] INFO  edu.bjut.boudia.myMain - meter_2849132054968233793:repMsg
BruceChen 02:17:41.201 [main] INFO  edu.bjut.boudia.myMain - meter_2849132054968233793:26378600
BruceChen 02:17:41.201 [main] INFO  edu.bjut.boudia.myMain - meter_7834743589001944003:repMsg
BruceChen 02:17:41.201 [main] INFO  edu.bjut.boudia.myMain - meter_7834743589001944003:26400800
BruceChen 02:17:41.201 [main] INFO  edu.bjut.boudia.myMain - meter_853397528417522961:repMsg
BruceChen 02:17:41.201 [main] INFO  edu.bjut.boudia.myMain - meter_853397528417522961:26476900
BruceChen 02:17:41.201 [main] INFO  edu.bjut.boudia.myMain - meter_3470234562176853449:repMsg
BruceChen 02:17:41.201 [main] INFO  edu.bjut.boudia.myMain - meter_3470234562176853449:26413100
BruceChen 02:17:41.201 [main] INFO  edu.bjut.boudia.myMain - meter_2221286932302773467:repMsg
BruceChen 02:17:41.201 [main] INFO  edu.bjut.boudia.myMain - meter_2221286932302773467:26445900
BruceChen 02:17:41.201 [main] INFO  edu.bjut.boudia.myMain - meter_7282953729817223043:repMsg
BruceChen 02:17:41.201 [main] INFO  edu.bjut.boudia.myMain - meter_7282953729817223043:26442100
BruceChen 02:17:41.201 [main] INFO  edu.bjut.boudia.myMain - meter_5202948573101875351:repMsg
BruceChen 02:17:41.201 [main] INFO  edu.bjut.boudia.myMain - meter_5202948573101875351:29240600
BruceChen 02:17:41.201 [main] INFO  edu.bjut.boudia.myMain - meter_1054928914494401157:repMsg
BruceChen 02:17:41.201 [main] INFO  edu.bjut.boudia.myMain - meter_1054928914494401157:26618700
BruceChen 02:17:41.201 [main] INFO  edu.bjut.boudia.myMain - meter_2001139048586970589:repMsg
BruceChen 02:17:41.201 [main] INFO  edu.bjut.boudia.myMain - meter_2001139048586970589:26479900
BruceChen 02:17:41.201 [main] INFO  edu.bjut.boudia.myMain - meter_7352909704221139973:repMsg
BruceChen 02:17:41.201 [main] INFO  edu.bjut.boudia.myMain - meter_7352909704221139973:26393600
BruceChen 02:17:41.201 [main] INFO  edu.bjut.boudia.myMain - meter_693199947109938489:repMsg
BruceChen 02:17:41.201 [main] INFO  edu.bjut.boudia.myMain - meter_693199947109938489:26183700
BruceChen 02:17:41.201 [main] INFO  edu.bjut.boudia.myMain - meter_4501006754588021555:repMsg
BruceChen 02:17:41.201 [main] INFO  edu.bjut.boudia.myMain - meter_4501006754588021555:25853700
BruceChen 02:17:41.201 [main] INFO  edu.bjut.boudia.myMain - meter_6256684721354920267:repMsg
BruceChen 02:17:41.201 [main] INFO  edu.bjut.boudia.myMain - meter_6256684721354920267:26157500
BruceChen 02:17:41.201 [main] INFO  edu.bjut.boudia.myMain - meter_3501470513243291107:repMsg
BruceChen 02:17:41.201 [main] INFO  edu.bjut.boudia.myMain - meter_3501470513243291107:26113700
BruceChen 02:17:41.201 [main] INFO  edu.bjut.boudia.myMain - meter_3191906338952257711:repMsg
BruceChen 02:17:41.201 [main] INFO  edu.bjut.boudia.myMain - meter_3191906338952257711:25678600
BruceChen 02:17:41.201 [main] INFO  edu.bjut.boudia.myMain - meter_6670668882080995661:repMsg
BruceChen 02:17:41.201 [main] INFO  edu.bjut.boudia.myMain - meter_6670668882080995661:25663900
BruceChen 02:17:41.201 [main] INFO  edu.bjut.boudia.myMain - meter_6184339122275895085:repMsg
BruceChen 02:17:41.201 [main] INFO  edu.bjut.boudia.myMain - meter_6184339122275895085:25768900
BruceChen 02:17:41.201 [main] INFO  edu.bjut.boudia.myMain - meter_7135948059323121479:repMsg
BruceChen 02:17:41.201 [main] INFO  edu.bjut.boudia.myMain - meter_7135948059323121479:25700900
BruceChen 02:17:41.201 [main] INFO  edu.bjut.boudia.myMain - meter_5058779644146296613:repMsg
BruceChen 02:17:41.201 [main] INFO  edu.bjut.boudia.myMain - meter_5058779644146296613:25828800
BruceChen 02:17:41.201 [main] INFO  edu.bjut.boudia.myMain - meter_2872341753261784647:repMsg
BruceChen 02:17:41.201 [main] INFO  edu.bjut.boudia.myMain - meter_2872341753261784647:25761600
BruceChen 02:17:41.201 [main] INFO  edu.bjut.boudia.myMain - meter_7542409541140911355:repMsg
BruceChen 02:17:41.201 [main] INFO  edu.bjut.boudia.myMain - meter_7542409541140911355:25644200
BruceChen 02:17:41.201 [main] INFO  edu.bjut.boudia.myMain - meter_4690685014578623477:repMsg
BruceChen 02:17:41.201 [main] INFO  edu.bjut.boudia.myMain - meter_4690685014578623477:25747300
BruceChen 02:17:41.201 [main] INFO  edu.bjut.boudia.myMain - meter_7399942887111600721:repMsg
BruceChen 02:17:41.201 [main] INFO  edu.bjut.boudia.myMain - meter_7399942887111600721:26179100
BruceChen 02:17:41.201 [main] INFO  edu.bjut.boudia.myMain - meter_5202197548094154761:repMsg
BruceChen 02:17:41.201 [main] INFO  edu.bjut.boudia.myMain - meter_5202197548094154761:25680700
BruceChen 02:17:41.201 [main] INFO  edu.bjut.boudia.myMain - meter_8886351255563354953:repMsg
BruceChen 02:17:41.201 [main] INFO  edu.bjut.boudia.myMain - meter_8886351255563354953:25657500
BruceChen 02:17:41.201 [main] INFO  edu.bjut.boudia.myMain - meter_8407174779715609981:repMsg
BruceChen 02:17:41.201 [main] INFO  edu.bjut.boudia.myMain - meter_8407174779715609981:25840800
BruceChen 02:17:41.201 [main] INFO  edu.bjut.boudia.myMain - meter_5287803182166896805:repMsg
BruceChen 02:17:41.201 [main] INFO  edu.bjut.boudia.myMain - meter_5287803182166896805:25769400
BruceChen 02:17:41.201 [main] INFO  edu.bjut.boudia.myMain - meter_5318110546946731869:repMsg
BruceChen 02:17:41.201 [main] INFO  edu.bjut.boudia.myMain - meter_5318110546946731869:25669000
BruceChen 02:17:41.201 [main] INFO  edu.bjut.boudia.myMain - meter_5530230609793559399:repMsg
BruceChen 02:17:41.201 [main] INFO  edu.bjut.boudia.myMain - meter_5530230609793559399:25825200
BruceChen 02:17:41.201 [main] INFO  edu.bjut.boudia.myMain - meter_5716191258920156017:repMsg
BruceChen 02:17:41.201 [main] INFO  edu.bjut.boudia.myMain - meter_5716191258920156017:25850700
BruceChen 02:17:41.201 [main] INFO  edu.bjut.boudia.myMain - meter_196810124628092889:repMsg
BruceChen 02:17:41.201 [main] INFO  edu.bjut.boudia.myMain - meter_196810124628092889:26825700
BruceChen 02:17:41.201 [main] INFO  edu.bjut.boudia.myMain - meter_7532969228362428077:repMsg
BruceChen 02:17:41.201 [main] INFO  edu.bjut.boudia.myMain - meter_7532969228362428077:26523800
BruceChen 02:17:41.201 [main] INFO  edu.bjut.boudia.myMain - meter_218114129305386671:repMsg
BruceChen 02:17:41.201 [main] INFO  edu.bjut.boudia.myMain - meter_218114129305386671:26526600
BruceChen 02:17:41.201 [main] INFO  edu.bjut.boudia.myMain - meter_3290442814636604401:repMsg
BruceChen 02:17:41.201 [main] INFO  edu.bjut.boudia.myMain - meter_3290442814636604401:28978000
BruceChen 02:17:41.201 [main] INFO  edu.bjut.boudia.myMain - meter_7664319425885663709:repMsg
BruceChen 02:17:41.201 [main] INFO  edu.bjut.boudia.myMain - meter_7664319425885663709:26483700
BruceChen 02:17:41.201 [main] INFO  edu.bjut.boudia.myMain - meter_108961216407376999:repMsg
BruceChen 02:17:41.201 [main] INFO  edu.bjut.boudia.myMain - meter_108961216407376999:26543100
BruceChen 02:17:44.174 [main] INFO  edu.bjut.boudia.myMain - oneTimeMeterRegTime
BruceChen 02:17:44.690 [main] INFO  edu.bjut.boudia.myMain - server:pubkey
BruceChen 02:17:44.690 [main] INFO  edu.bjut.boudia.myMain - server:1300
BruceChen 02:17:44.690 [main] INFO  edu.bjut.boudia.myMain - agg:regMsg,regMsg,regMsg,regMsg,regMsg,regMsg,regMsg,regMsg,regMsg,regMsg,regMsg,regMsg,regMsg,regMsg,regMsg,regMsg,regMsg,regMsg,regMsg,regMsg,regMsg,regMsg,regMsg,regMsg,regMsg,regMsg,regMsg,regMsg,regMsg,regMsg,regMsg,regMsg,regMsg,regMsg,regMsg,regMsg,regMsg,regMsg,regMsg,regMsg
BruceChen 02:17:44.690 [main] INFO  edu.bjut.boudia.myMain - agg:6579400,6569000,6585600,6581700,6605400,6537400,6404400,6605300,6587500,6677600,6565600,6577100,6595500,6594100,6595000,6603000,6516300,6396100,6400800,6378600,6411000,6407700,6393700,6395600,6384900,6376300,6406200,6392300,6439000,6391800,6388400,6405800,6412700,6394600,6406700,6563600,6612600,6585700,6528800,6626400
BruceChen 02:17:44.690 [main] INFO  edu.bjut.boudia.myMain - meter_8729670135195765783:regMsg,reg_backagg,reg_cc
BruceChen 02:17:44.690 [main] INFO  edu.bjut.boudia.myMain - meter_8729670135195765783:600,6559400,600
BruceChen 02:17:44.690 [main] INFO  edu.bjut.boudia.myMain - meter_8927396651807394415:regMsg,reg_backagg,reg_cc
BruceChen 02:17:44.690 [main] INFO  edu.bjut.boudia.myMain - meter_8927396651807394415:400,6610200,400
BruceChen 02:17:44.690 [main] INFO  edu.bjut.boudia.myMain - meter_5605087368968452219:regMsg,reg_backagg,reg_cc
BruceChen 02:17:44.690 [main] INFO  edu.bjut.boudia.myMain - meter_5605087368968452219:400,6576400,200
BruceChen 02:17:44.690 [main] INFO  edu.bjut.boudia.myMain - meter_4739815889356097437:regMsg,reg_backagg,reg_cc
BruceChen 02:17:44.690 [main] INFO  edu.bjut.boudia.myMain - meter_4739815889356097437:300,6563000,500
BruceChen 02:17:44.690 [main] INFO  edu.bjut.boudia.myMain - meter_7800224533569337875:regMsg,reg_backagg,reg_cc
BruceChen 02:17:44.690 [main] INFO  edu.bjut.boudia.myMain - meter_7800224533569337875:700,6633000,400
BruceChen 02:17:44.690 [main] INFO  edu.bjut.boudia.myMain - meter_8109822348935359967:regMsg,reg_backagg,reg_cc
BruceChen 02:17:44.690 [main] INFO  edu.bjut.boudia.myMain - meter_8109822348935359967:500,6499000,300
BruceChen 02:17:44.690 [main] INFO  edu.bjut.boudia.myMain - meter_6068543950718973921:regMsg,reg_backagg,reg_cc
BruceChen 02:17:44.690 [main] INFO  edu.bjut.boudia.myMain - meter_6068543950718973921:500,6498900,200
BruceChen 02:17:44.690 [main] INFO  edu.bjut.boudia.myMain - meter_8861499624604531191:regMsg,reg_backagg,reg_cc
BruceChen 02:17:44.690 [main] INFO  edu.bjut.boudia.myMain - meter_8861499624604531191:400,6470300,300
BruceChen 02:17:44.690 [main] INFO  edu.bjut.boudia.myMain - meter_1228057458349145111:regMsg,reg_backagg,reg_cc
BruceChen 02:17:44.690 [main] INFO  edu.bjut.boudia.myMain - meter_1228057458349145111:300,6617400,300
BruceChen 02:17:44.690 [main] INFO  edu.bjut.boudia.myMain - meter_8258173308439157791:regMsg,reg_backagg,reg_cc
BruceChen 02:17:44.690 [main] INFO  edu.bjut.boudia.myMain - meter_8258173308439157791:500,6632000,300
BruceChen 02:17:44.690 [main] INFO  edu.bjut.boudia.myMain - meter_2903153164584482451:regMsg,reg_backagg,reg_cc
BruceChen 02:17:44.690 [main] INFO  edu.bjut.boudia.myMain - meter_2903153164584482451:800,6624600,300
BruceChen 02:17:44.690 [main] INFO  edu.bjut.boudia.myMain - meter_7399368151623529861:regMsg,reg_backagg,reg_cc
BruceChen 02:17:44.690 [main] INFO  edu.bjut.boudia.myMain - meter_7399368151623529861:600,6676000,300
BruceChen 02:17:44.690 [main] INFO  edu.bjut.boudia.myMain - meter_8841279234562101923:regMsg,reg_backagg,reg_cc
BruceChen 02:17:44.690 [main] INFO  edu.bjut.boudia.myMain - meter_8841279234562101923:600,6568300,400
BruceChen 02:17:44.690 [main] INFO  edu.bjut.boudia.myMain - meter_1594243139683625623:regMsg,reg_backagg,reg_cc
BruceChen 02:17:44.690 [main] INFO  edu.bjut.boudia.myMain - meter_1594243139683625623:600,6590800,200
BruceChen 02:17:44.690 [main] INFO  edu.bjut.boudia.myMain - meter_7243489903767947987:regMsg,reg_backagg,reg_cc
BruceChen 02:17:44.690 [main] INFO  edu.bjut.boudia.myMain - meter_7243489903767947987:500,6628800,300
BruceChen 02:17:44.690 [main] INFO  edu.bjut.boudia.myMain - meter_8994568217678874727:regMsg,reg_backagg,reg_cc
BruceChen 02:17:44.690 [main] INFO  edu.bjut.boudia.myMain - meter_8994568217678874727:600,6520300,300
BruceChen 02:17:44.690 [main] INFO  edu.bjut.boudia.myMain - meter_2899635419801726783:regMsg,reg_backagg,reg_cc
BruceChen 02:17:44.690 [main] INFO  edu.bjut.boudia.myMain - meter_2899635419801726783:600,6538000,300
BruceChen 02:17:44.690 [main] INFO  edu.bjut.boudia.myMain - meter_5352251386103353227:regMsg,reg_backagg,reg_cc
BruceChen 02:17:44.690 [main] INFO  edu.bjut.boudia.myMain - meter_5352251386103353227:600,6343800,300
BruceChen 02:17:44.690 [main] INFO  edu.bjut.boudia.myMain - meter_7380928055681042741:regMsg,reg_backagg,reg_cc
BruceChen 02:17:44.690 [main] INFO  edu.bjut.boudia.myMain - meter_7380928055681042741:700,6255900,300
BruceChen 02:17:44.690 [main] INFO  edu.bjut.boudia.myMain - meter_3453229923096557865:regMsg,reg_backagg,reg_cc
BruceChen 02:17:44.690 [main] INFO  edu.bjut.boudia.myMain - meter_3453229923096557865:600,6429500,300
BruceChen 02:17:44.690 [main] INFO  edu.bjut.boudia.myMain - meter_5074216946205716269:regMsg,reg_backagg,reg_cc
BruceChen 02:17:44.690 [main] INFO  edu.bjut.boudia.myMain - meter_5074216946205716269:500,6416300,300
BruceChen 02:17:44.690 [main] INFO  edu.bjut.boudia.myMain - meter_7228901260191196301:regMsg,reg_backagg,reg_cc
BruceChen 02:17:44.690 [main] INFO  edu.bjut.boudia.myMain - meter_7228901260191196301:600,6445400,200
BruceChen 02:17:44.690 [main] INFO  edu.bjut.boudia.myMain - meter_5936385061952949145:regMsg,reg_backagg,reg_cc
BruceChen 02:17:44.690 [main] INFO  edu.bjut.boudia.myMain - meter_5936385061952949145:500,6452700,300
BruceChen 02:17:44.690 [main] INFO  edu.bjut.boudia.myMain - meter_7672604864330640049:regMsg,reg_backagg,reg_cc
BruceChen 02:17:44.690 [main] INFO  edu.bjut.boudia.myMain - meter_7672604864330640049:300,6399600,500
BruceChen 02:17:44.690 [main] INFO  edu.bjut.boudia.myMain - meter_7818167098243168597:regMsg,reg_backagg,reg_cc
BruceChen 02:17:44.690 [main] INFO  edu.bjut.boudia.myMain - meter_7818167098243168597:600,6384800,300
BruceChen 02:17:44.690 [main] INFO  edu.bjut.boudia.myMain - meter_8733833423821291593:regMsg,reg_backagg,reg_cc
BruceChen 02:17:44.690 [main] INFO  edu.bjut.boudia.myMain - meter_8733833423821291593:500,6399200,200
BruceChen 02:17:44.690 [main] INFO  edu.bjut.boudia.myMain - meter_3233095266430257389:regMsg,reg_backagg,reg_cc
BruceChen 02:17:44.690 [main] INFO  edu.bjut.boudia.myMain - meter_3233095266430257389:500,6354200,300
BruceChen 02:17:44.690 [main] INFO  edu.bjut.boudia.myMain - meter_4684170744433697259:regMsg,reg_backagg,reg_cc
BruceChen 02:17:44.690 [main] INFO  edu.bjut.boudia.myMain - meter_4684170744433697259:600,6379300,300
BruceChen 02:17:44.690 [main] INFO  edu.bjut.boudia.myMain - meter_2187970171877951435:regMsg,reg_backagg,reg_cc
BruceChen 02:17:44.690 [main] INFO  edu.bjut.boudia.myMain - meter_2187970171877951435:400,6454700,300
BruceChen 02:17:44.690 [main] INFO  edu.bjut.boudia.myMain - meter_1536530665601429391:regMsg,reg_backagg,reg_cc
BruceChen 02:17:44.690 [main] INFO  edu.bjut.boudia.myMain - meter_1536530665601429391:500,6520600,300
BruceChen 02:17:44.690 [main] INFO  edu.bjut.boudia.myMain - meter_4252818774636006443:regMsg,reg_backagg,reg_cc
BruceChen 02:17:44.690 [main] INFO  edu.bjut.boudia.myMain - meter_4252818774636006443:500,6411400,300
BruceChen 02:17:44.690 [main] INFO  edu.bjut.boudia.myMain - meter_643075326356623629:regMsg,reg_backagg,reg_cc
BruceChen 02:17:44.690 [main] INFO  edu.bjut.boudia.myMain - meter_643075326356623629:400,6362200,300
BruceChen 02:17:44.690 [main] INFO  edu.bjut.boudia.myMain - meter_7989536036723632885:regMsg,reg_backagg,reg_cc
BruceChen 02:17:44.690 [main] INFO  edu.bjut.boudia.myMain - meter_7989536036723632885:600,6390900,400
BruceChen 02:17:44.690 [main] INFO  edu.bjut.boudia.myMain - meter_3794988339208256717:regMsg,reg_backagg,reg_cc
BruceChen 02:17:44.690 [main] INFO  edu.bjut.boudia.myMain - meter_3794988339208256717:500,6446900,300
BruceChen 02:17:44.690 [main] INFO  edu.bjut.boudia.myMain - meter_5819541656768537909:regMsg,reg_backagg,reg_cc
BruceChen 02:17:44.690 [main] INFO  edu.bjut.boudia.myMain - meter_5819541656768537909:11500,6374100,400
BruceChen 02:17:44.690 [main] INFO  edu.bjut.boudia.myMain - meter_5431213277950365201:regMsg,reg_backagg,reg_cc
BruceChen 02:17:44.690 [main] INFO  edu.bjut.boudia.myMain - meter_5431213277950365201:600,7326700,400
BruceChen 02:17:44.690 [main] INFO  edu.bjut.boudia.myMain - meter_5692534613116829073:regMsg,reg_backagg,reg_cc
BruceChen 02:17:44.690 [main] INFO  edu.bjut.boudia.myMain - meter_5692534613116829073:8600,6563000,2300
BruceChen 02:17:44.690 [main] INFO  edu.bjut.boudia.myMain - meter_8257575615259219309:regMsg,reg_backagg,reg_cc
BruceChen 02:17:44.690 [main] INFO  edu.bjut.boudia.myMain - meter_8257575615259219309:100,6392600,100
BruceChen 02:17:44.690 [main] INFO  edu.bjut.boudia.myMain - meter_7605221155868018415:regMsg,reg_backagg,reg_cc
BruceChen 02:17:44.690 [main] INFO  edu.bjut.boudia.myMain - meter_7605221155868018415:0,6377300,0
BruceChen 02:17:44.690 [main] INFO  edu.bjut.boudia.myMain - meter_719038583561053233:regMsg,reg_backagg,reg_cc
BruceChen 02:17:44.690 [main] INFO  edu.bjut.boudia.myMain - meter_719038583561053233:0,6677000,0
BruceChen 02:17:45.221 [main] INFO  edu.bjut.boudia.myMain - oneTimeMeterRepTime
BruceChen 02:17:46.595 [main] INFO  edu.bjut.boudia.myMain - server:repMsg
BruceChen 02:17:46.595 [main] INFO  edu.bjut.boudia.myMain - server:32631600
BruceChen 02:17:46.595 [main] INFO  edu.bjut.boudia.myMain - agg:repMsg
BruceChen 02:17:46.595 [main] INFO  edu.bjut.boudia.myMain - agg:280503700
BruceChen 02:17:46.595 [main] INFO  edu.bjut.boudia.myMain - meter_8729670135195765783:repMsg
BruceChen 02:17:46.595 [main] INFO  edu.bjut.boudia.myMain - meter_8729670135195765783:26398200
BruceChen 02:17:46.595 [main] INFO  edu.bjut.boudia.myMain - meter_8927396651807394415:repMsg
BruceChen 02:17:46.595 [main] INFO  edu.bjut.boudia.myMain - meter_8927396651807394415:26648100
BruceChen 02:17:46.595 [main] INFO  edu.bjut.boudia.myMain - meter_5605087368968452219:repMsg
BruceChen 02:17:46.595 [main] INFO  edu.bjut.boudia.myMain - meter_5605087368968452219:26425600
BruceChen 02:17:46.595 [main] INFO  edu.bjut.boudia.myMain - meter_4739815889356097437:repMsg
BruceChen 02:17:46.595 [main] INFO  edu.bjut.boudia.myMain - meter_4739815889356097437:26532900
BruceChen 02:17:46.595 [main] INFO  edu.bjut.boudia.myMain - meter_7800224533569337875:repMsg
BruceChen 02:17:46.595 [main] INFO  edu.bjut.boudia.myMain - meter_7800224533569337875:26646400
BruceChen 02:17:46.595 [main] INFO  edu.bjut.boudia.myMain - meter_8109822348935359967:repMsg
BruceChen 02:17:46.595 [main] INFO  edu.bjut.boudia.myMain - meter_8109822348935359967:26287400
BruceChen 02:17:46.595 [main] INFO  edu.bjut.boudia.myMain - meter_6068543950718973921:repMsg
BruceChen 02:17:46.595 [main] INFO  edu.bjut.boudia.myMain - meter_6068543950718973921:26570400
BruceChen 02:17:46.595 [main] INFO  edu.bjut.boudia.myMain - meter_8861499624604531191:repMsg
BruceChen 02:17:46.595 [main] INFO  edu.bjut.boudia.myMain - meter_8861499624604531191:26075900
BruceChen 02:17:46.595 [main] INFO  edu.bjut.boudia.myMain - meter_1228057458349145111:repMsg
BruceChen 02:17:46.595 [main] INFO  edu.bjut.boudia.myMain - meter_1228057458349145111:26061000
BruceChen 02:17:46.595 [main] INFO  edu.bjut.boudia.myMain - meter_8258173308439157791:repMsg
BruceChen 02:17:46.595 [main] INFO  edu.bjut.boudia.myMain - meter_8258173308439157791:27206300
BruceChen 02:17:46.595 [main] INFO  edu.bjut.boudia.myMain - meter_2903153164584482451:repMsg
BruceChen 02:17:46.595 [main] INFO  edu.bjut.boudia.myMain - meter_2903153164584482451:27248200
BruceChen 02:17:46.595 [main] INFO  edu.bjut.boudia.myMain - meter_7399368151623529861:repMsg
BruceChen 02:17:46.595 [main] INFO  edu.bjut.boudia.myMain - meter_7399368151623529861:26573000
BruceChen 02:17:46.595 [main] INFO  edu.bjut.boudia.myMain - meter_8841279234562101923:repMsg
BruceChen 02:17:46.595 [main] INFO  edu.bjut.boudia.myMain - meter_8841279234562101923:26612800
BruceChen 02:17:46.595 [main] INFO  edu.bjut.boudia.myMain - meter_1594243139683625623:repMsg
BruceChen 02:17:46.595 [main] INFO  edu.bjut.boudia.myMain - meter_1594243139683625623:26431100
BruceChen 02:17:46.595 [main] INFO  edu.bjut.boudia.myMain - meter_7243489903767947987:repMsg
BruceChen 02:17:46.595 [main] INFO  edu.bjut.boudia.myMain - meter_7243489903767947987:26415300
BruceChen 02:17:46.595 [main] INFO  edu.bjut.boudia.myMain - meter_8994568217678874727:repMsg
BruceChen 02:17:46.595 [main] INFO  edu.bjut.boudia.myMain - meter_8994568217678874727:26369700
BruceChen 02:17:46.595 [main] INFO  edu.bjut.boudia.myMain - meter_2899635419801726783:repMsg
BruceChen 02:17:46.595 [main] INFO  edu.bjut.boudia.myMain - meter_2899635419801726783:26492300
BruceChen 02:17:46.595 [main] INFO  edu.bjut.boudia.myMain - meter_5352251386103353227:repMsg
BruceChen 02:17:46.595 [main] INFO  edu.bjut.boudia.myMain - meter_5352251386103353227:26455100
BruceChen 02:17:46.595 [main] INFO  edu.bjut.boudia.myMain - meter_7380928055681042741:repMsg
BruceChen 02:17:46.595 [main] INFO  edu.bjut.boudia.myMain - meter_7380928055681042741:26514600
BruceChen 02:17:46.595 [main] INFO  edu.bjut.boudia.myMain - meter_3453229923096557865:repMsg
BruceChen 02:17:46.595 [main] INFO  edu.bjut.boudia.myMain - meter_3453229923096557865:26411800
BruceChen 02:17:46.595 [main] INFO  edu.bjut.boudia.myMain - meter_5074216946205716269:repMsg
BruceChen 02:17:46.595 [main] INFO  edu.bjut.boudia.myMain - meter_5074216946205716269:26207700
BruceChen 02:17:46.595 [main] INFO  edu.bjut.boudia.myMain - meter_7228901260191196301:repMsg
BruceChen 02:17:46.595 [main] INFO  edu.bjut.boudia.myMain - meter_7228901260191196301:26412200
BruceChen 02:17:46.595 [main] INFO  edu.bjut.boudia.myMain - meter_5936385061952949145:repMsg
BruceChen 02:17:46.595 [main] INFO  edu.bjut.boudia.myMain - meter_5936385061952949145:26347600
BruceChen 02:17:46.595 [main] INFO  edu.bjut.boudia.myMain - meter_7672604864330640049:repMsg
BruceChen 02:17:46.595 [main] INFO  edu.bjut.boudia.myMain - meter_7672604864330640049:26502100
BruceChen 02:17:46.595 [main] INFO  edu.bjut.boudia.myMain - meter_7818167098243168597:repMsg
BruceChen 02:17:46.595 [main] INFO  edu.bjut.boudia.myMain - meter_7818167098243168597:26592600
BruceChen 02:17:46.595 [main] INFO  edu.bjut.boudia.myMain - meter_8733833423821291593:repMsg
BruceChen 02:17:46.595 [main] INFO  edu.bjut.boudia.myMain - meter_8733833423821291593:26096600
BruceChen 02:17:46.595 [main] INFO  edu.bjut.boudia.myMain - meter_3233095266430257389:repMsg
BruceChen 02:17:46.595 [main] INFO  edu.bjut.boudia.myMain - meter_3233095266430257389:26050500
BruceChen 02:17:46.595 [main] INFO  edu.bjut.boudia.myMain - meter_4684170744433697259:repMsg
BruceChen 02:17:46.595 [main] INFO  edu.bjut.boudia.myMain - meter_4684170744433697259:26224800
BruceChen 02:17:46.595 [main] INFO  edu.bjut.boudia.myMain - meter_2187970171877951435:repMsg
BruceChen 02:17:46.595 [main] INFO  edu.bjut.boudia.myMain - meter_2187970171877951435:26083100
BruceChen 02:17:46.595 [main] INFO  edu.bjut.boudia.myMain - meter_1536530665601429391:repMsg
BruceChen 02:17:46.595 [main] INFO  edu.bjut.boudia.myMain - meter_1536530665601429391:26011400
BruceChen 02:17:46.595 [main] INFO  edu.bjut.boudia.myMain - meter_4252818774636006443:repMsg
BruceChen 02:17:46.595 [main] INFO  edu.bjut.boudia.myMain - meter_4252818774636006443:26280400
BruceChen 02:17:46.595 [main] INFO  edu.bjut.boudia.myMain - meter_643075326356623629:repMsg
BruceChen 02:17:46.595 [main] INFO  edu.bjut.boudia.myMain - meter_643075326356623629:26077400
BruceChen 02:17:46.595 [main] INFO  edu.bjut.boudia.myMain - meter_7989536036723632885:repMsg
BruceChen 02:17:46.595 [main] INFO  edu.bjut.boudia.myMain - meter_7989536036723632885:26703100
BruceChen 02:17:46.595 [main] INFO  edu.bjut.boudia.myMain - meter_3794988339208256717:repMsg
BruceChen 02:17:46.595 [main] INFO  edu.bjut.boudia.myMain - meter_3794988339208256717:26303100
BruceChen 02:17:46.595 [main] INFO  edu.bjut.boudia.myMain - meter_5819541656768537909:repMsg
BruceChen 02:17:46.595 [main] INFO  edu.bjut.boudia.myMain - meter_5819541656768537909:26154600
BruceChen 02:17:46.595 [main] INFO  edu.bjut.boudia.myMain - meter_5431213277950365201:repMsg
BruceChen 02:17:46.595 [main] INFO  edu.bjut.boudia.myMain - meter_5431213277950365201:26278300
BruceChen 02:17:46.595 [main] INFO  edu.bjut.boudia.myMain - meter_5692534613116829073:repMsg
BruceChen 02:17:46.595 [main] INFO  edu.bjut.boudia.myMain - meter_5692534613116829073:26301000
BruceChen 02:17:46.595 [main] INFO  edu.bjut.boudia.myMain - meter_8257575615259219309:repMsg
BruceChen 02:17:46.595 [main] INFO  edu.bjut.boudia.myMain - meter_8257575615259219309:27178500
BruceChen 02:17:46.595 [main] INFO  edu.bjut.boudia.myMain - meter_7605221155868018415:repMsg
BruceChen 02:17:46.595 [main] INFO  edu.bjut.boudia.myMain - meter_7605221155868018415:26177600
BruceChen 02:17:46.595 [main] INFO  edu.bjut.boudia.myMain - meter_719038583561053233:repMsg
BruceChen 02:17:46.595 [main] INFO  edu.bjut.boudia.myMain - meter_719038583561053233:26259400
BruceChen 02:17:48.605 [main] INFO  edu.bjut.boudia.myMain - oneTimeMeterRegTime
BruceChen 02:17:48.996 [main] INFO  edu.bjut.boudia.myMain - server:pubkey
BruceChen 02:17:48.996 [main] INFO  edu.bjut.boudia.myMain - server:1100
BruceChen 02:17:48.996 [main] INFO  edu.bjut.boudia.myMain - agg:regMsg,regMsg,regMsg,regMsg,regMsg,regMsg,regMsg,regMsg,regMsg,regMsg,regMsg,regMsg,regMsg,regMsg,regMsg,regMsg,regMsg,regMsg,regMsg,regMsg,regMsg,regMsg,regMsg,regMsg,regMsg,regMsg,regMsg,regMsg,regMsg,regMsg
BruceChen 02:17:48.996 [main] INFO  edu.bjut.boudia.myMain - agg:6633300,6581700,6491100,6394600,6447300,6442400,6617100,6590500,6691300,6629700,6600200,6605100,6612100,6598100,6602200,6607000,6587600,6600900,6822500,6581800,6597400,6592300,6583900,6483500,6610700,6572600,6462200,6400500,6483000,6440300
BruceChen 02:17:48.996 [main] INFO  edu.bjut.boudia.myMain - meter_112361117646107875:regMsg,reg_backagg,reg_cc
BruceChen 02:17:48.996 [main] INFO  edu.bjut.boudia.myMain - meter_112361117646107875:100,6593900,200
BruceChen 02:17:48.996 [main] INFO  edu.bjut.boudia.myMain - meter_2902060003728191015:regMsg,reg_backagg,reg_cc
BruceChen 02:17:48.996 [main] INFO  edu.bjut.boudia.myMain - meter_2902060003728191015:0,6487200,100
BruceChen 02:17:48.996 [main] INFO  edu.bjut.boudia.myMain - meter_3672969334674309377:regMsg,reg_backagg,reg_cc
BruceChen 02:17:48.996 [main] INFO  edu.bjut.boudia.myMain - meter_3672969334674309377:100,6400500,0
BruceChen 02:17:48.996 [main] INFO  edu.bjut.boudia.myMain - meter_8510965394360303431:regMsg,reg_backagg,reg_cc
BruceChen 02:17:48.996 [main] INFO  edu.bjut.boudia.myMain - meter_8510965394360303431:0,6456500,100
BruceChen 02:17:48.996 [main] INFO  edu.bjut.boudia.myMain - meter_7108035520359457483:regMsg,reg_backagg,reg_cc
BruceChen 02:17:48.996 [main] INFO  edu.bjut.boudia.myMain - meter_7108035520359457483:0,6467200,100
BruceChen 02:17:48.996 [main] INFO  edu.bjut.boudia.myMain - meter_6829709353086808699:regMsg,reg_backagg,reg_cc
BruceChen 02:17:48.996 [main] INFO  edu.bjut.boudia.myMain - meter_6829709353086808699:100,6582200,100
BruceChen 02:17:48.996 [main] INFO  edu.bjut.boudia.myMain - meter_5229586837128296025:regMsg,reg_backagg,reg_cc
BruceChen 02:17:48.996 [main] INFO  edu.bjut.boudia.myMain - meter_5229586837128296025:100,6633200,100
BruceChen 02:17:48.996 [main] INFO  edu.bjut.boudia.myMain - meter_6098619719927661415:regMsg,reg_backagg,reg_cc
BruceChen 02:17:48.996 [main] INFO  edu.bjut.boudia.myMain - meter_6098619719927661415:0,6648600,0
BruceChen 02:17:48.996 [main] INFO  edu.bjut.boudia.myMain - meter_5854835855968235533:regMsg,reg_backagg,reg_cc
BruceChen 02:17:48.996 [main] INFO  edu.bjut.boudia.myMain - meter_5854835855968235533:0,6580600,0
BruceChen 02:17:48.996 [main] INFO  edu.bjut.boudia.myMain - meter_3208444776278356073:regMsg,reg_backagg,reg_cc
BruceChen 02:17:48.996 [main] INFO  edu.bjut.boudia.myMain - meter_3208444776278356073:100,6668900,100
BruceChen 02:17:48.996 [main] INFO  edu.bjut.boudia.myMain - meter_5717015591547590795:regMsg,reg_backagg,reg_cc
BruceChen 02:17:48.996 [main] INFO  edu.bjut.boudia.myMain - meter_5717015591547590795:0,6644700,0
BruceChen 02:17:48.996 [main] INFO  edu.bjut.boudia.myMain - meter_6748124271673125785:regMsg,reg_backagg,reg_cc
BruceChen 02:17:48.996 [main] INFO  edu.bjut.boudia.myMain - meter_6748124271673125785:0,6714100,100
BruceChen 02:17:48.996 [main] INFO  edu.bjut.boudia.myMain - meter_44565371036981699:regMsg,reg_backagg,reg_cc
BruceChen 02:17:48.996 [main] INFO  edu.bjut.boudia.myMain - meter_44565371036981699:100,6647400,100
BruceChen 02:17:48.996 [main] INFO  edu.bjut.boudia.myMain - meter_5137667069806171185:regMsg,reg_backagg,reg_cc
BruceChen 02:17:48.996 [main] INFO  edu.bjut.boudia.myMain - meter_5137667069806171185:100,6648000,100
BruceChen 02:17:48.996 [main] INFO  edu.bjut.boudia.myMain - meter_306250367026070845:regMsg,reg_backagg,reg_cc
BruceChen 02:17:48.996 [main] INFO  edu.bjut.boudia.myMain - meter_306250367026070845:100,6660400,100
BruceChen 02:17:48.996 [main] INFO  edu.bjut.boudia.myMain - meter_8053543619753960013:regMsg,reg_backagg,reg_cc
BruceChen 02:17:48.996 [main] INFO  edu.bjut.boudia.myMain - meter_8053543619753960013:100,6591200,100
BruceChen 02:17:48.996 [main] INFO  edu.bjut.boudia.myMain - meter_6665885012233002209:regMsg,reg_backagg,reg_cc
BruceChen 02:17:48.996 [main] INFO  edu.bjut.boudia.myMain - meter_6665885012233002209:0,6688100,0
BruceChen 02:17:48.996 [main] INFO  edu.bjut.boudia.myMain - meter_4104716321212449349:regMsg,reg_backagg,reg_cc
BruceChen 02:17:48.996 [main] INFO  edu.bjut.boudia.myMain - meter_4104716321212449349:100,7692800,0
BruceChen 02:17:48.996 [main] INFO  edu.bjut.boudia.myMain - meter_7234902273903237947:regMsg,reg_backagg,reg_cc
BruceChen 02:17:48.996 [main] INFO  edu.bjut.boudia.myMain - meter_7234902273903237947:0,6630300,0
BruceChen 02:17:48.996 [main] INFO  edu.bjut.boudia.myMain - meter_3699352412035890071:regMsg,reg_backagg,reg_cc
BruceChen 02:17:48.996 [main] INFO  edu.bjut.boudia.myMain - meter_3699352412035890071:100,6564500,0
BruceChen 02:17:48.996 [main] INFO  edu.bjut.boudia.myMain - meter_8451568325628803979:regMsg,reg_backagg,reg_cc
BruceChen 02:17:48.996 [main] INFO  edu.bjut.boudia.myMain - meter_8451568325628803979:0,6606400,100
BruceChen 02:17:48.996 [main] INFO  edu.bjut.boudia.myMain - meter_3967540807146758747:regMsg,reg_backagg,reg_cc
BruceChen 02:17:48.996 [main] INFO  edu.bjut.boudia.myMain - meter_3967540807146758747:100,6592400,0
BruceChen 02:17:48.996 [main] INFO  edu.bjut.boudia.myMain - meter_7629476650059560525:regMsg,reg_backagg,reg_cc
BruceChen 02:17:48.996 [main] INFO  edu.bjut.boudia.myMain - meter_7629476650059560525:0,6440300,0
BruceChen 02:17:48.996 [main] INFO  edu.bjut.boudia.myMain - meter_1563946826065179995:regMsg,reg_backagg,reg_cc
BruceChen 02:17:48.996 [main] INFO  edu.bjut.boudia.myMain - meter_1563946826065179995:100,6609700,0
BruceChen 02:17:48.996 [main] INFO  edu.bjut.boudia.myMain - meter_8173667549390904477:regMsg,reg_backagg,reg_cc
BruceChen 02:17:48.996 [main] INFO  edu.bjut.boudia.myMain - meter_8173667549390904477:100,6626500,100
BruceChen 02:17:48.996 [main] INFO  edu.bjut.boudia.myMain - meter_6450580027239682169:regMsg,reg_backagg,reg_cc
BruceChen 02:17:48.996 [main] INFO  edu.bjut.boudia.myMain - meter_6450580027239682169:0,6588100,100
BruceChen 02:17:48.996 [main] INFO  edu.bjut.boudia.myMain - meter_7728543268222778337:regMsg,reg_backagg,reg_cc
BruceChen 02:17:48.996 [main] INFO  edu.bjut.boudia.myMain - meter_7728543268222778337:100,6483000,0
BruceChen 02:17:48.996 [main] INFO  edu.bjut.boudia.myMain - meter_237839855033273309:regMsg,reg_backagg,reg_cc
BruceChen 02:17:48.996 [main] INFO  edu.bjut.boudia.myMain - meter_237839855033273309:0,6297500,100
BruceChen 02:17:48.996 [main] INFO  edu.bjut.boudia.myMain - meter_7691930391096258107:regMsg,reg_backagg,reg_cc
BruceChen 02:17:48.996 [main] INFO  edu.bjut.boudia.myMain - meter_7691930391096258107:0,6386200,0
BruceChen 02:17:48.996 [main] INFO  edu.bjut.boudia.myMain - meter_3055020316001329343:regMsg,reg_backagg,reg_cc
BruceChen 02:17:48.996 [main] INFO  edu.bjut.boudia.myMain - meter_3055020316001329343:0,6383100,0
BruceChen 02:17:49.402 [main] INFO  edu.bjut.boudia.myMain - oneTimeMeterRepTime
BruceChen 02:17:50.442 [main] INFO  edu.bjut.boudia.myMain - server:repMsg
BruceChen 02:17:50.442 [main] INFO  edu.bjut.boudia.myMain - server:31964100
BruceChen 02:17:50.442 [main] INFO  edu.bjut.boudia.myMain - agg:repMsg
BruceChen 02:17:50.442 [main] INFO  edu.bjut.boudia.myMain - agg:213173000
BruceChen 02:17:50.442 [main] INFO  edu.bjut.boudia.myMain - meter_112361117646107875:repMsg
BruceChen 02:17:50.442 [main] INFO  edu.bjut.boudia.myMain - meter_112361117646107875:26549400
BruceChen 02:17:50.442 [main] INFO  edu.bjut.boudia.myMain - meter_2902060003728191015:repMsg
BruceChen 02:17:50.442 [main] INFO  edu.bjut.boudia.myMain - meter_2902060003728191015:26147000
BruceChen 02:17:50.442 [main] INFO  edu.bjut.boudia.myMain - meter_3672969334674309377:repMsg
BruceChen 02:17:50.442 [main] INFO  edu.bjut.boudia.myMain - meter_3672969334674309377:26668000
BruceChen 02:17:50.442 [main] INFO  edu.bjut.boudia.myMain - meter_8510965394360303431:repMsg
BruceChen 02:17:50.442 [main] INFO  edu.bjut.boudia.myMain - meter_8510965394360303431:26618300
BruceChen 02:17:50.442 [main] INFO  edu.bjut.boudia.myMain - meter_7108035520359457483:repMsg
BruceChen 02:17:50.442 [main] INFO  edu.bjut.boudia.myMain - meter_7108035520359457483:26228500
BruceChen 02:17:50.442 [main] INFO  edu.bjut.boudia.myMain - meter_6829709353086808699:repMsg
BruceChen 02:17:50.442 [main] INFO  edu.bjut.boudia.myMain - meter_6829709353086808699:26487500
BruceChen 02:17:50.442 [main] INFO  edu.bjut.boudia.myMain - meter_5229586837128296025:repMsg
BruceChen 02:17:50.442 [main] INFO  edu.bjut.boudia.myMain - meter_5229586837128296025:27412900
BruceChen 02:17:50.442 [main] INFO  edu.bjut.boudia.myMain - meter_6098619719927661415:repMsg
BruceChen 02:17:50.442 [main] INFO  edu.bjut.boudia.myMain - meter_6098619719927661415:26647100
BruceChen 02:17:50.442 [main] INFO  edu.bjut.boudia.myMain - meter_5854835855968235533:repMsg
BruceChen 02:17:50.442 [main] INFO  edu.bjut.boudia.myMain - meter_5854835855968235533:26583800
BruceChen 02:17:50.442 [main] INFO  edu.bjut.boudia.myMain - meter_3208444776278356073:repMsg
BruceChen 02:17:50.442 [main] INFO  edu.bjut.boudia.myMain - meter_3208444776278356073:26345000
BruceChen 02:17:50.442 [main] INFO  edu.bjut.boudia.myMain - meter_5717015591547590795:repMsg
BruceChen 02:17:50.442 [main] INFO  edu.bjut.boudia.myMain - meter_5717015591547590795:26647600
BruceChen 02:17:50.442 [main] INFO  edu.bjut.boudia.myMain - meter_6748124271673125785:repMsg
BruceChen 02:17:50.442 [main] INFO  edu.bjut.boudia.myMain - meter_6748124271673125785:26762100
BruceChen 02:17:50.442 [main] INFO  edu.bjut.boudia.myMain - meter_44565371036981699:repMsg
BruceChen 02:17:50.442 [main] INFO  edu.bjut.boudia.myMain - meter_44565371036981699:26484100
BruceChen 02:17:50.442 [main] INFO  edu.bjut.boudia.myMain - meter_5137667069806171185:repMsg
BruceChen 02:17:50.442 [main] INFO  edu.bjut.boudia.myMain - meter_5137667069806171185:27729800
BruceChen 02:17:50.442 [main] INFO  edu.bjut.boudia.myMain - meter_306250367026070845:repMsg
BruceChen 02:17:50.442 [main] INFO  edu.bjut.boudia.myMain - meter_306250367026070845:26674400
BruceChen 02:17:50.442 [main] INFO  edu.bjut.boudia.myMain - meter_8053543619753960013:repMsg
BruceChen 02:17:50.442 [main] INFO  edu.bjut.boudia.myMain - meter_8053543619753960013:26568800
BruceChen 02:17:50.442 [main] INFO  edu.bjut.boudia.myMain - meter_6665885012233002209:repMsg
BruceChen 02:17:50.442 [main] INFO  edu.bjut.boudia.myMain - meter_6665885012233002209:26354800
BruceChen 02:17:50.442 [main] INFO  edu.bjut.boudia.myMain - meter_4104716321212449349:repMsg
BruceChen 02:17:50.442 [main] INFO  edu.bjut.boudia.myMain - meter_4104716321212449349:26543800
BruceChen 02:17:50.442 [main] INFO  edu.bjut.boudia.myMain - meter_7234902273903237947:repMsg
BruceChen 02:17:50.442 [main] INFO  edu.bjut.boudia.myMain - meter_7234902273903237947:26512400
BruceChen 02:17:50.442 [main] INFO  edu.bjut.boudia.myMain - meter_3699352412035890071:repMsg
BruceChen 02:17:50.442 [main] INFO  edu.bjut.boudia.myMain - meter_3699352412035890071:26449100
BruceChen 02:17:50.442 [main] INFO  edu.bjut.boudia.myMain - meter_8451568325628803979:repMsg
BruceChen 02:17:50.442 [main] INFO  edu.bjut.boudia.myMain - meter_8451568325628803979:26249800
BruceChen 02:17:50.442 [main] INFO  edu.bjut.boudia.myMain - meter_3967540807146758747:repMsg
BruceChen 02:17:50.442 [main] INFO  edu.bjut.boudia.myMain - meter_3967540807146758747:25727400
BruceChen 02:17:50.442 [main] INFO  edu.bjut.boudia.myMain - meter_7629476650059560525:repMsg
BruceChen 02:17:50.442 [main] INFO  edu.bjut.boudia.myMain - meter_7629476650059560525:25773700
BruceChen 02:17:50.442 [main] INFO  edu.bjut.boudia.myMain - meter_1563946826065179995:repMsg
BruceChen 02:17:50.442 [main] INFO  edu.bjut.boudia.myMain - meter_1563946826065179995:25719400
BruceChen 02:17:50.442 [main] INFO  edu.bjut.boudia.myMain - meter_8173667549390904477:repMsg
BruceChen 02:17:50.442 [main] INFO  edu.bjut.boudia.myMain - meter_8173667549390904477:25765700
BruceChen 02:17:50.442 [main] INFO  edu.bjut.boudia.myMain - meter_6450580027239682169:repMsg
BruceChen 02:17:50.442 [main] INFO  edu.bjut.boudia.myMain - meter_6450580027239682169:25742300
BruceChen 02:17:50.442 [main] INFO  edu.bjut.boudia.myMain - meter_7728543268222778337:repMsg
BruceChen 02:17:50.442 [main] INFO  edu.bjut.boudia.myMain - meter_7728543268222778337:26218800
BruceChen 02:17:50.442 [main] INFO  edu.bjut.boudia.myMain - meter_237839855033273309:repMsg
BruceChen 02:17:50.442 [main] INFO  edu.bjut.boudia.myMain - meter_237839855033273309:26586500
BruceChen 02:17:50.442 [main] INFO  edu.bjut.boudia.myMain - meter_7691930391096258107:repMsg
BruceChen 02:17:50.442 [main] INFO  edu.bjut.boudia.myMain - meter_7691930391096258107:26353600
BruceChen 02:17:50.442 [main] INFO  edu.bjut.boudia.myMain - meter_3055020316001329343:repMsg
BruceChen 02:17:50.442 [main] INFO  edu.bjut.boudia.myMain - meter_3055020316001329343:25892600
BruceChen 02:17:51.653 [main] INFO  edu.bjut.boudia.myMain - oneTimeMeterRegTime
BruceChen 02:17:51.919 [main] INFO  edu.bjut.boudia.myMain - server:pubkey
BruceChen 02:17:51.919 [main] INFO  edu.bjut.boudia.myMain - server:1400
BruceChen 02:17:51.919 [main] INFO  edu.bjut.boudia.myMain - agg:regMsg,regMsg,regMsg,regMsg,regMsg,regMsg,regMsg,regMsg,regMsg,regMsg,regMsg,regMsg,regMsg,regMsg,regMsg,regMsg,regMsg,regMsg,regMsg,regMsg
BruceChen 02:17:51.919 [main] INFO  edu.bjut.boudia.myMain - agg:6459900,6379100,7716000,6612800,6617700,6608500,6495100,6543600,6401500,6413900,6500200,6508800,6585500,6563100,6435400,6475400,6506300,6539400,6538500,6495300
BruceChen 02:17:51.919 [main] INFO  edu.bjut.boudia.myMain - meter_4141167216883179623:regMsg,reg_backagg,reg_cc
BruceChen 02:17:51.919 [main] INFO  edu.bjut.boudia.myMain - meter_4141167216883179623:100,6410600,100
BruceChen 02:17:51.919 [main] INFO  edu.bjut.boudia.myMain - meter_9137132813104694891:regMsg,reg_backagg,reg_cc
BruceChen 02:17:51.919 [main] INFO  edu.bjut.boudia.myMain - meter_9137132813104694891:100,6575600,100
BruceChen 02:17:51.919 [main] INFO  edu.bjut.boudia.myMain - meter_510960118884967053:regMsg,reg_backagg,reg_cc
BruceChen 02:17:51.919 [main] INFO  edu.bjut.boudia.myMain - meter_510960118884967053:100,6772300,100
BruceChen 02:17:51.919 [main] INFO  edu.bjut.boudia.myMain - meter_1178383297477243567:regMsg,reg_backagg,reg_cc
BruceChen 02:17:51.919 [main] INFO  edu.bjut.boudia.myMain - meter_1178383297477243567:0,6613600,100
BruceChen 02:17:51.919 [main] INFO  edu.bjut.boudia.myMain - meter_3433793611231312407:regMsg,reg_backagg,reg_cc
BruceChen 02:17:51.919 [main] INFO  edu.bjut.boudia.myMain - meter_3433793611231312407:0,6521100,100
BruceChen 02:17:51.919 [main] INFO  edu.bjut.boudia.myMain - meter_4877953546669495179:regMsg,reg_backagg,reg_cc
BruceChen 02:17:51.919 [main] INFO  edu.bjut.boudia.myMain - meter_4877953546669495179:0,6524500,0
BruceChen 02:17:51.919 [main] INFO  edu.bjut.boudia.myMain - meter_3561150369345497803:regMsg,reg_backagg,reg_cc
BruceChen 02:17:51.919 [main] INFO  edu.bjut.boudia.myMain - meter_3561150369345497803:0,6433900,100
BruceChen 02:17:51.919 [main] INFO  edu.bjut.boudia.myMain - meter_6439407036660128049:regMsg,reg_backagg,reg_cc
BruceChen 02:17:51.919 [main] INFO  edu.bjut.boudia.myMain - meter_6439407036660128049:0,6534000,100
BruceChen 02:17:51.919 [main] INFO  edu.bjut.boudia.myMain - meter_2582830143706868971:regMsg,reg_backagg,reg_cc
BruceChen 02:17:51.919 [main] INFO  edu.bjut.boudia.myMain - meter_2582830143706868971:0,6463100,100
BruceChen 02:17:51.919 [main] INFO  edu.bjut.boudia.myMain - meter_4951128120572186745:regMsg,reg_backagg,reg_cc
BruceChen 02:17:51.919 [main] INFO  edu.bjut.boudia.myMain - meter_4951128120572186745:0,6459000,100
BruceChen 02:17:51.919 [main] INFO  edu.bjut.boudia.myMain - meter_6519644286511365097:regMsg,reg_backagg,reg_cc
BruceChen 02:17:51.919 [main] INFO  edu.bjut.boudia.myMain - meter_6519644286511365097:0,6357000,0
BruceChen 02:17:51.919 [main] INFO  edu.bjut.boudia.myMain - meter_1671133669439188805:regMsg,reg_backagg,reg_cc
BruceChen 02:17:51.919 [main] INFO  edu.bjut.boudia.myMain - meter_1671133669439188805:100,6448100,0
BruceChen 02:17:51.919 [main] INFO  edu.bjut.boudia.myMain - meter_3154383511430815265:regMsg,reg_backagg,reg_cc
BruceChen 02:17:51.919 [main] INFO  edu.bjut.boudia.myMain - meter_3154383511430815265:0,6529400,0
BruceChen 02:17:51.919 [main] INFO  edu.bjut.boudia.myMain - meter_3701990631831913195:regMsg,reg_backagg,reg_cc
BruceChen 02:17:51.919 [main] INFO  edu.bjut.boudia.myMain - meter_3701990631831913195:100,6494500,0
BruceChen 02:17:51.919 [main] INFO  edu.bjut.boudia.myMain - meter_4646538876939945249:regMsg,reg_backagg,reg_cc
BruceChen 02:17:51.919 [main] INFO  edu.bjut.boudia.myMain - meter_4646538876939945249:100,6513400,100
BruceChen 02:17:51.919 [main] INFO  edu.bjut.boudia.myMain - meter_6344343098504537683:regMsg,reg_backagg,reg_cc
BruceChen 02:17:51.919 [main] INFO  edu.bjut.boudia.myMain - meter_6344343098504537683:0,6600400,0
BruceChen 02:17:51.919 [main] INFO  edu.bjut.boudia.myMain - meter_4524267202971453551:regMsg,reg_backagg,reg_cc
BruceChen 02:17:51.919 [main] INFO  edu.bjut.boudia.myMain - meter_4524267202971453551:0,6529900,0
BruceChen 02:17:51.919 [main] INFO  edu.bjut.boudia.myMain - meter_8782202924217203669:regMsg,reg_backagg,reg_cc
BruceChen 02:17:51.919 [main] INFO  edu.bjut.boudia.myMain - meter_8782202924217203669:0,6514200,0
BruceChen 02:17:51.919 [main] INFO  edu.bjut.boudia.myMain - meter_1330286524980413:regMsg,reg_backagg,reg_cc
BruceChen 02:17:51.919 [main] INFO  edu.bjut.boudia.myMain - meter_1330286524980413:0,6549600,0
BruceChen 02:17:51.919 [main] INFO  edu.bjut.boudia.myMain - meter_6134074932123980009:regMsg,reg_backagg,reg_cc
BruceChen 02:17:51.919 [main] INFO  edu.bjut.boudia.myMain - meter_6134074932123980009:0,6406400,0
BruceChen 02:17:52.184 [main] INFO  edu.bjut.boudia.myMain - oneTimeMeterRepTime
BruceChen 02:17:52.889 [main] INFO  edu.bjut.boudia.myMain - server:repMsg
BruceChen 02:17:52.889 [main] INFO  edu.bjut.boudia.myMain - server:33505500
BruceChen 02:17:52.889 [main] INFO  edu.bjut.boudia.myMain - agg:repMsg
BruceChen 02:17:52.889 [main] INFO  edu.bjut.boudia.myMain - agg:147253100
BruceChen 02:17:52.889 [main] INFO  edu.bjut.boudia.myMain - meter_4141167216883179623:repMsg
BruceChen 02:17:52.889 [main] INFO  edu.bjut.boudia.myMain - meter_4141167216883179623:26353800
BruceChen 02:17:52.889 [main] INFO  edu.bjut.boudia.myMain - meter_9137132813104694891:repMsg
BruceChen 02:17:52.889 [main] INFO  edu.bjut.boudia.myMain - meter_9137132813104694891:26437700
BruceChen 02:17:52.889 [main] INFO  edu.bjut.boudia.myMain - meter_510960118884967053:repMsg
BruceChen 02:17:52.889 [main] INFO  edu.bjut.boudia.myMain - meter_510960118884967053:26577400
BruceChen 02:17:52.889 [main] INFO  edu.bjut.boudia.myMain - meter_1178383297477243567:repMsg
BruceChen 02:17:52.889 [main] INFO  edu.bjut.boudia.myMain - meter_1178383297477243567:26354200
BruceChen 02:17:52.889 [main] INFO  edu.bjut.boudia.myMain - meter_3433793611231312407:repMsg
BruceChen 02:17:52.889 [main] INFO  edu.bjut.boudia.myMain - meter_3433793611231312407:26057300
BruceChen 02:17:52.889 [main] INFO  edu.bjut.boudia.myMain - meter_4877953546669495179:repMsg
BruceChen 02:17:52.889 [main] INFO  edu.bjut.boudia.myMain - meter_4877953546669495179:26159100
BruceChen 02:17:52.889 [main] INFO  edu.bjut.boudia.myMain - meter_3561150369345497803:repMsg
BruceChen 02:17:52.889 [main] INFO  edu.bjut.boudia.myMain - meter_3561150369345497803:25820800
BruceChen 02:17:52.889 [main] INFO  edu.bjut.boudia.myMain - meter_6439407036660128049:repMsg
BruceChen 02:17:52.889 [main] INFO  edu.bjut.boudia.myMain - meter_6439407036660128049:26254300
BruceChen 02:17:52.889 [main] INFO  edu.bjut.boudia.myMain - meter_2582830143706868971:repMsg
BruceChen 02:17:52.889 [main] INFO  edu.bjut.boudia.myMain - meter_2582830143706868971:27122500
BruceChen 02:17:52.889 [main] INFO  edu.bjut.boudia.myMain - meter_4951128120572186745:repMsg
BruceChen 02:17:52.889 [main] INFO  edu.bjut.boudia.myMain - meter_4951128120572186745:26637500
BruceChen 02:17:52.889 [main] INFO  edu.bjut.boudia.myMain - meter_6519644286511365097:repMsg
BruceChen 02:17:52.889 [main] INFO  edu.bjut.boudia.myMain - meter_6519644286511365097:26422900
BruceChen 02:17:52.889 [main] INFO  edu.bjut.boudia.myMain - meter_1671133669439188805:repMsg
BruceChen 02:17:52.889 [main] INFO  edu.bjut.boudia.myMain - meter_1671133669439188805:26462300
BruceChen 02:17:52.889 [main] INFO  edu.bjut.boudia.myMain - meter_3154383511430815265:repMsg
BruceChen 02:17:52.889 [main] INFO  edu.bjut.boudia.myMain - meter_3154383511430815265:26215900
BruceChen 02:17:52.889 [main] INFO  edu.bjut.boudia.myMain - meter_3701990631831913195:repMsg
BruceChen 02:17:52.889 [main] INFO  edu.bjut.boudia.myMain - meter_3701990631831913195:26365600
BruceChen 02:17:52.889 [main] INFO  edu.bjut.boudia.myMain - meter_4646538876939945249:repMsg
BruceChen 02:17:52.889 [main] INFO  edu.bjut.boudia.myMain - meter_4646538876939945249:25869600
BruceChen 02:17:52.889 [main] INFO  edu.bjut.boudia.myMain - meter_6344343098504537683:repMsg
BruceChen 02:17:52.889 [main] INFO  edu.bjut.boudia.myMain - meter_6344343098504537683:26522900
BruceChen 02:17:52.889 [main] INFO  edu.bjut.boudia.myMain - meter_4524267202971453551:repMsg
BruceChen 02:17:52.889 [main] INFO  edu.bjut.boudia.myMain - meter_4524267202971453551:26453100
BruceChen 02:17:52.889 [main] INFO  edu.bjut.boudia.myMain - meter_8782202924217203669:repMsg
BruceChen 02:17:52.889 [main] INFO  edu.bjut.boudia.myMain - meter_8782202924217203669:26605500
BruceChen 02:17:52.889 [main] INFO  edu.bjut.boudia.myMain - meter_1330286524980413:repMsg
BruceChen 02:17:52.889 [main] INFO  edu.bjut.boudia.myMain - meter_1330286524980413:26613600
BruceChen 02:17:52.889 [main] INFO  edu.bjut.boudia.myMain - meter_6134074932123980009:repMsg
BruceChen 02:17:52.889 [main] INFO  edu.bjut.boudia.myMain - meter_6134074932123980009:26471700
