BruceChen 22:19:42.403 [main] INFO  edu.bjut.boudia.myMain - oneTimeMeterRegTime
BruceChen 22:19:43.168 [main] INFO  edu.bjut.boudia.myMain - server:pubkey
BruceChen 22:19:43.168 [main] INFO  edu.bjut.boudia.myMain - server:205300
BruceChen 22:19:43.168 [main] INFO  edu.bjut.boudia.myMain - agg:regMsg,regMsg,regMsg,regMsg,regMsg,regMsg,regMsg,regMsg,regMsg,regMsg,regMsg,regMsg,regMsg,regMsg,regMsg,regMsg,regMsg,regMsg,regMsg,regMsg,regMsg,regMsg,regMsg,regMsg,regMsg,regMsg,regMsg,regMsg,regMsg,regMsg,regMsg,regMsg,regMsg,regMsg,regMsg,regMsg,regMsg,regMsg,regMsg,regMsg,regMsg,regMsg,regMsg,regMsg,regMsg,regMsg,regMsg,regMsg,regMsg,regMsg,regMsg,regMsg,regMsg,regMsg,regMsg,regMsg,regMsg,regMsg,regMsg,regMsg
BruceChen 22:19:43.185 [main] INFO  edu.bjut.boudia.myMain - agg:6561700,6486800,6501900,6463400,6464000,6302800,6323600,6303200,6368000,6279700,6300900,6320000,6284200,6318400,6504500,6264400,6344500,6291200,6274900,6326200,6283900,6277900,6286600,6251600,6591300,6287500,6447200,6278800,6273000,6246800,6243000,6705600,6474500,6466800,6444100,6252400,6301400,6272900,6257300,6261300,6270800,6251100,6302900,6256100,6270500,6265900,6269500,6284600,6292800,6412300,6270100,6274500,6329200,6263000,6265700,6280900,6274800,6412600,6266500,6268200
BruceChen 22:19:43.185 [main] INFO  edu.bjut.boudia.myMain - meter_1142349018491220925:regMsg,reg_backagg,reg_cc
BruceChen 22:19:43.185 [main] INFO  edu.bjut.boudia.myMain - meter_1142349018491220925:2400,6638000,4000
BruceChen 22:19:43.185 [main] INFO  edu.bjut.boudia.myMain - meter_3598297924683885749:regMsg,reg_backagg,reg_cc
BruceChen 22:19:43.185 [main] INFO  edu.bjut.boudia.myMain - meter_3598297924683885749:500,6606900,300
BruceChen 22:19:43.185 [main] INFO  edu.bjut.boudia.myMain - meter_8483363559929898607:regMsg,reg_backagg,reg_cc
BruceChen 22:19:43.185 [main] INFO  edu.bjut.boudia.myMain - meter_8483363559929898607:400,6583900,300
BruceChen 22:19:43.185 [main] INFO  edu.bjut.boudia.myMain - meter_7429800971254661949:regMsg,reg_backagg,reg_cc
BruceChen 22:19:43.185 [main] INFO  edu.bjut.boudia.myMain - meter_7429800971254661949:300,6572800,400
BruceChen 22:19:43.185 [main] INFO  edu.bjut.boudia.myMain - meter_7938396969050450571:regMsg,reg_backagg,reg_cc
BruceChen 22:19:43.185 [main] INFO  edu.bjut.boudia.myMain - meter_7938396969050450571:300,6487100,400
BruceChen 22:19:43.185 [main] INFO  edu.bjut.boudia.myMain - meter_2999919241057471709:regMsg,reg_backagg,reg_cc
BruceChen 22:19:43.185 [main] INFO  edu.bjut.boudia.myMain - meter_2999919241057471709:200,6347800,400
BruceChen 22:19:43.185 [main] INFO  edu.bjut.boudia.myMain - meter_2984683644366011663:regMsg,reg_backagg,reg_cc
BruceChen 22:19:43.185 [main] INFO  edu.bjut.boudia.myMain - meter_2984683644366011663:300,6363300,300
BruceChen 22:19:43.185 [main] INFO  edu.bjut.boudia.myMain - meter_4569115979286393671:regMsg,reg_backagg,reg_cc
BruceChen 22:19:43.185 [main] INFO  edu.bjut.boudia.myMain - meter_4569115979286393671:300,6356500,300
BruceChen 22:19:43.185 [main] INFO  edu.bjut.boudia.myMain - meter_7918607078694182063:regMsg,reg_backagg,reg_cc
BruceChen 22:19:43.185 [main] INFO  edu.bjut.boudia.myMain - meter_7918607078694182063:300,6417100,200
BruceChen 22:19:43.185 [main] INFO  edu.bjut.boudia.myMain - meter_5462767865254129699:regMsg,reg_backagg,reg_cc
BruceChen 22:19:43.185 [main] INFO  edu.bjut.boudia.myMain - meter_5462767865254129699:300,6256100,300
BruceChen 22:19:43.185 [main] INFO  edu.bjut.boudia.myMain - meter_3106805641746947899:regMsg,reg_backagg,reg_cc
BruceChen 22:19:43.185 [main] INFO  edu.bjut.boudia.myMain - meter_3106805641746947899:300,6395300,300
BruceChen 22:19:43.185 [main] INFO  edu.bjut.boudia.myMain - meter_5063914602942748529:regMsg,reg_backagg,reg_cc
BruceChen 22:19:43.185 [main] INFO  edu.bjut.boudia.myMain - meter_5063914602942748529:300,6428200,400
BruceChen 22:19:43.185 [main] INFO  edu.bjut.boudia.myMain - meter_4735493001788369785:regMsg,reg_backagg,reg_cc
BruceChen 22:19:43.185 [main] INFO  edu.bjut.boudia.myMain - meter_4735493001788369785:300,6273300,300
BruceChen 22:19:43.185 [main] INFO  edu.bjut.boudia.myMain - meter_6517220958173711033:regMsg,reg_backagg,reg_cc
BruceChen 22:19:43.185 [main] INFO  edu.bjut.boudia.myMain - meter_6517220958173711033:300,6498200,300
BruceChen 22:19:43.185 [main] INFO  edu.bjut.boudia.myMain - meter_4699467822261354957:regMsg,reg_backagg,reg_cc
BruceChen 22:19:43.185 [main] INFO  edu.bjut.boudia.myMain - meter_4699467822261354957:300,6392400,300
BruceChen 22:19:43.185 [main] INFO  edu.bjut.boudia.myMain - meter_5325284744258260863:regMsg,reg_backagg,reg_cc
BruceChen 22:19:43.185 [main] INFO  edu.bjut.boudia.myMain - meter_5325284744258260863:300,6446800,300
BruceChen 22:19:43.185 [main] INFO  edu.bjut.boudia.myMain - meter_5996255665190488089:regMsg,reg_backagg,reg_cc
BruceChen 22:19:43.185 [main] INFO  edu.bjut.boudia.myMain - meter_5996255665190488089:300,6502000,300
BruceChen 22:19:43.185 [main] INFO  edu.bjut.boudia.myMain - meter_219582931101314173:regMsg,reg_backagg,reg_cc
BruceChen 22:19:43.185 [main] INFO  edu.bjut.boudia.myMain - meter_219582931101314173:400,6392700,300
BruceChen 22:19:43.185 [main] INFO  edu.bjut.boudia.myMain - meter_753898873761662373:regMsg,reg_backagg,reg_cc
BruceChen 22:19:43.185 [main] INFO  edu.bjut.boudia.myMain - meter_753898873761662373:300,6354200,300
BruceChen 22:19:43.185 [main] INFO  edu.bjut.boudia.myMain - meter_9168356901528622275:regMsg,reg_backagg,reg_cc
BruceChen 22:19:43.185 [main] INFO  edu.bjut.boudia.myMain - meter_9168356901528622275:300,6441400,300
BruceChen 22:19:43.185 [main] INFO  edu.bjut.boudia.myMain - meter_3906396795105481293:regMsg,reg_backagg,reg_cc
BruceChen 22:19:43.185 [main] INFO  edu.bjut.boudia.myMain - meter_3906396795105481293:300,6341600,500
BruceChen 22:19:43.185 [main] INFO  edu.bjut.boudia.myMain - meter_1293720268840265009:regMsg,reg_backagg,reg_cc
BruceChen 22:19:43.185 [main] INFO  edu.bjut.boudia.myMain - meter_1293720268840265009:300,6367000,300
BruceChen 22:19:43.185 [main] INFO  edu.bjut.boudia.myMain - meter_9136801542058389105:regMsg,reg_backagg,reg_cc
BruceChen 22:19:43.185 [main] INFO  edu.bjut.boudia.myMain - meter_9136801542058389105:200,6382200,300
BruceChen 22:19:43.185 [main] INFO  edu.bjut.boudia.myMain - meter_5166594062245374727:regMsg,reg_backagg,reg_cc
BruceChen 22:19:43.185 [main] INFO  edu.bjut.boudia.myMain - meter_5166594062245374727:200,6361100,200
BruceChen 22:19:43.185 [main] INFO  edu.bjut.boudia.myMain - meter_5263092735541871089:regMsg,reg_backagg,reg_cc
BruceChen 22:19:43.185 [main] INFO  edu.bjut.boudia.myMain - meter_5263092735541871089:200,6355800,400
BruceChen 22:19:43.185 [main] INFO  edu.bjut.boudia.myMain - meter_3245382646503922659:regMsg,reg_backagg,reg_cc
BruceChen 22:19:43.185 [main] INFO  edu.bjut.boudia.myMain - meter_3245382646503922659:300,6398500,300
BruceChen 22:19:43.185 [main] INFO  edu.bjut.boudia.myMain - meter_2024520874709916977:regMsg,reg_backagg,reg_cc
BruceChen 22:19:43.185 [main] INFO  edu.bjut.boudia.myMain - meter_2024520874709916977:200,6386200,300
BruceChen 22:19:43.185 [main] INFO  edu.bjut.boudia.myMain - meter_6137606485620507647:regMsg,reg_backagg,reg_cc
BruceChen 22:19:43.185 [main] INFO  edu.bjut.boudia.myMain - meter_6137606485620507647:200,6408400,300
BruceChen 22:19:43.185 [main] INFO  edu.bjut.boudia.myMain - meter_2156561402738446895:regMsg,reg_backagg,reg_cc
BruceChen 22:19:43.185 [main] INFO  edu.bjut.boudia.myMain - meter_2156561402738446895:200,6205400,300
BruceChen 22:19:43.185 [main] INFO  edu.bjut.boudia.myMain - meter_1019270422883875031:regMsg,reg_backagg,reg_cc
BruceChen 22:19:43.185 [main] INFO  edu.bjut.boudia.myMain - meter_1019270422883875031:200,6339400,300
BruceChen 22:19:43.185 [main] INFO  edu.bjut.boudia.myMain - meter_8221698596567033009:regMsg,reg_backagg,reg_cc
BruceChen 22:19:43.185 [main] INFO  edu.bjut.boudia.myMain - meter_8221698596567033009:200,9141100,400
BruceChen 22:19:43.185 [main] INFO  edu.bjut.boudia.myMain - meter_6775887615347123943:regMsg,reg_backagg,reg_cc
BruceChen 22:19:43.185 [main] INFO  edu.bjut.boudia.myMain - meter_6775887615347123943:1400,6550500,400
BruceChen 22:19:43.185 [main] INFO  edu.bjut.boudia.myMain - meter_4347362286672818301:regMsg,reg_backagg,reg_cc
BruceChen 22:19:43.185 [main] INFO  edu.bjut.boudia.myMain - meter_4347362286672818301:300,6564500,400
BruceChen 22:19:43.185 [main] INFO  edu.bjut.boudia.myMain - meter_5136055624651715303:regMsg,reg_backagg,reg_cc
BruceChen 22:19:43.185 [main] INFO  edu.bjut.boudia.myMain - meter_5136055624651715303:300,6585700,400
BruceChen 22:19:43.185 [main] INFO  edu.bjut.boudia.myMain - meter_1663325598322827473:regMsg,reg_backagg,reg_cc
BruceChen 22:19:43.185 [main] INFO  edu.bjut.boudia.myMain - meter_1663325598322827473:300,6413800,200
BruceChen 22:19:43.185 [main] INFO  edu.bjut.boudia.myMain - meter_7214568189031066799:regMsg,reg_backagg,reg_cc
BruceChen 22:19:43.185 [main] INFO  edu.bjut.boudia.myMain - meter_7214568189031066799:300,6284100,200
BruceChen 22:19:43.185 [main] INFO  edu.bjut.boudia.myMain - meter_8692636570479671093:regMsg,reg_backagg,reg_cc
BruceChen 22:19:43.185 [main] INFO  edu.bjut.boudia.myMain - meter_8692636570479671093:200,6336300,300
BruceChen 22:19:43.185 [main] INFO  edu.bjut.boudia.myMain - meter_2479483928929198349:regMsg,reg_backagg,reg_cc
BruceChen 22:19:43.185 [main] INFO  edu.bjut.boudia.myMain - meter_2479483928929198349:300,6247800,200
BruceChen 22:19:43.185 [main] INFO  edu.bjut.boudia.myMain - meter_2464706431287225143:regMsg,reg_backagg,reg_cc
BruceChen 22:19:43.185 [main] INFO  edu.bjut.boudia.myMain - meter_2464706431287225143:200,6351300,200
BruceChen 22:19:43.185 [main] INFO  edu.bjut.boudia.myMain - meter_2035029980692025551:regMsg,reg_backagg,reg_cc
BruceChen 22:19:43.185 [main] INFO  edu.bjut.boudia.myMain - meter_2035029980692025551:200,6341900,300
BruceChen 22:19:43.185 [main] INFO  edu.bjut.boudia.myMain - meter_2407850601184958127:regMsg,reg_backagg,reg_cc
BruceChen 22:19:43.185 [main] INFO  edu.bjut.boudia.myMain - meter_2407850601184958127:200,6321500,300
BruceChen 22:19:43.185 [main] INFO  edu.bjut.boudia.myMain - meter_1966110709098194167:regMsg,reg_backagg,reg_cc
BruceChen 22:19:43.185 [main] INFO  edu.bjut.boudia.myMain - meter_1966110709098194167:300,6308700,300
BruceChen 22:19:43.185 [main] INFO  edu.bjut.boudia.myMain - meter_4820025748264026027:regMsg,reg_backagg,reg_cc
BruceChen 22:19:43.185 [main] INFO  edu.bjut.boudia.myMain - meter_4820025748264026027:200,6419100,400
BruceChen 22:19:43.185 [main] INFO  edu.bjut.boudia.myMain - meter_1067838019994333981:regMsg,reg_backagg,reg_cc
BruceChen 22:19:43.185 [main] INFO  edu.bjut.boudia.myMain - meter_1067838019994333981:200,6310300,300
BruceChen 22:19:43.185 [main] INFO  edu.bjut.boudia.myMain - meter_2042376643080927193:regMsg,reg_backagg,reg_cc
BruceChen 22:19:43.185 [main] INFO  edu.bjut.boudia.myMain - meter_2042376643080927193:300,6301000,200
BruceChen 22:19:43.185 [main] INFO  edu.bjut.boudia.myMain - meter_7996026449576815827:regMsg,reg_backagg,reg_cc
BruceChen 22:19:43.185 [main] INFO  edu.bjut.boudia.myMain - meter_7996026449576815827:200,6430900,400
BruceChen 22:19:43.185 [main] INFO  edu.bjut.boudia.myMain - meter_8077642206551688189:regMsg,reg_backagg,reg_cc
BruceChen 22:19:43.185 [main] INFO  edu.bjut.boudia.myMain - meter_8077642206551688189:300,6367300,200
BruceChen 22:19:43.185 [main] INFO  edu.bjut.boudia.myMain - meter_8117048630186974975:regMsg,reg_backagg,reg_cc
BruceChen 22:19:43.185 [main] INFO  edu.bjut.boudia.myMain - meter_8117048630186974975:300,6319600,300
BruceChen 22:19:43.185 [main] INFO  edu.bjut.boudia.myMain - meter_1584210484316109601:regMsg,reg_backagg,reg_cc
BruceChen 22:19:43.185 [main] INFO  edu.bjut.boudia.myMain - meter_1584210484316109601:200,6520200,300
BruceChen 22:19:43.185 [main] INFO  edu.bjut.boudia.myMain - meter_602118069952066377:regMsg,reg_backagg,reg_cc
BruceChen 22:19:43.185 [main] INFO  edu.bjut.boudia.myMain - meter_602118069952066377:300,6364900,200
BruceChen 22:19:43.185 [main] INFO  edu.bjut.boudia.myMain - meter_7556192190439806573:regMsg,reg_backagg,reg_cc
BruceChen 22:19:43.185 [main] INFO  edu.bjut.boudia.myMain - meter_7556192190439806573:300,6385300,600
BruceChen 22:19:43.185 [main] INFO  edu.bjut.boudia.myMain - meter_413330752127185045:regMsg,reg_backagg,reg_cc
BruceChen 22:19:43.185 [main] INFO  edu.bjut.boudia.myMain - meter_413330752127185045:300,6311200,300
BruceChen 22:19:43.185 [main] INFO  edu.bjut.boudia.myMain - meter_7231743465787716749:regMsg,reg_backagg,reg_cc
BruceChen 22:19:43.185 [main] INFO  edu.bjut.boudia.myMain - meter_7231743465787716749:300,6470400,300
BruceChen 22:19:43.185 [main] INFO  edu.bjut.boudia.myMain - meter_2544625579125313509:regMsg,reg_backagg,reg_cc
BruceChen 22:19:43.185 [main] INFO  edu.bjut.boudia.myMain - meter_2544625579125313509:200,6329200,300
BruceChen 22:19:43.185 [main] INFO  edu.bjut.boudia.myMain - meter_5520415653747331035:regMsg,reg_backagg,reg_cc
BruceChen 22:19:43.185 [main] INFO  edu.bjut.boudia.myMain - meter_5520415653747331035:300,6316900,400
BruceChen 22:19:43.185 [main] INFO  edu.bjut.boudia.myMain - meter_5278891395483305321:regMsg,reg_backagg,reg_cc
BruceChen 22:19:43.185 [main] INFO  edu.bjut.boudia.myMain - meter_5278891395483305321:300,6226200,200
BruceChen 22:19:43.185 [main] INFO  edu.bjut.boudia.myMain - meter_7337614420538800345:regMsg,reg_backagg,reg_cc
BruceChen 22:19:43.185 [main] INFO  edu.bjut.boudia.myMain - meter_7337614420538800345:300,6382800,200
BruceChen 22:19:43.185 [main] INFO  edu.bjut.boudia.myMain - meter_6192604874856297731:regMsg,reg_backagg,reg_cc
BruceChen 22:19:43.185 [main] INFO  edu.bjut.boudia.myMain - meter_6192604874856297731:200,6456000,400
BruceChen 22:19:43.185 [main] INFO  edu.bjut.boudia.myMain - meter_4896686291098757945:regMsg,reg_backagg,reg_cc
BruceChen 22:19:43.185 [main] INFO  edu.bjut.boudia.myMain - meter_4896686291098757945:200,6347800,400
BruceChen 22:19:43.185 [main] INFO  edu.bjut.boudia.myMain - meter_4452701740599764859:regMsg,reg_backagg,reg_cc
BruceChen 22:19:43.185 [main] INFO  edu.bjut.boudia.myMain - meter_4452701740599764859:200,6408100,300
BruceChen 22:19:43.968 [main] INFO  edu.bjut.boudia.myMain - oneTimeMeterRepTime
BruceChen 22:19:46.025 [main] INFO  edu.bjut.boudia.myMain - server:repMsg
BruceChen 22:19:46.025 [main] INFO  edu.bjut.boudia.myMain - server:35281100
BruceChen 22:19:46.025 [main] INFO  edu.bjut.boudia.myMain - agg:repMsg
BruceChen 22:19:46.025 [main] INFO  edu.bjut.boudia.myMain - agg:420236500
BruceChen 22:19:46.025 [main] INFO  edu.bjut.boudia.myMain - meter_1142349018491220925:repMsg
BruceChen 22:19:46.025 [main] INFO  edu.bjut.boudia.myMain - meter_1142349018491220925:35786800
BruceChen 22:19:46.025 [main] INFO  edu.bjut.boudia.myMain - meter_3598297924683885749:repMsg
BruceChen 22:19:46.025 [main] INFO  edu.bjut.boudia.myMain - meter_3598297924683885749:26151200
BruceChen 22:19:46.025 [main] INFO  edu.bjut.boudia.myMain - meter_8483363559929898607:repMsg
BruceChen 22:19:46.025 [main] INFO  edu.bjut.boudia.myMain - meter_8483363559929898607:26340400
BruceChen 22:19:46.025 [main] INFO  edu.bjut.boudia.myMain - meter_7429800971254661949:repMsg
BruceChen 22:19:46.025 [main] INFO  edu.bjut.boudia.myMain - meter_7429800971254661949:26704100
BruceChen 22:19:46.025 [main] INFO  edu.bjut.boudia.myMain - meter_7938396969050450571:repMsg
BruceChen 22:19:46.025 [main] INFO  edu.bjut.boudia.myMain - meter_7938396969050450571:26275600
BruceChen 22:19:46.025 [main] INFO  edu.bjut.boudia.myMain - meter_2999919241057471709:repMsg
BruceChen 22:19:46.025 [main] INFO  edu.bjut.boudia.myMain - meter_2999919241057471709:26630800
BruceChen 22:19:46.025 [main] INFO  edu.bjut.boudia.myMain - meter_2984683644366011663:repMsg
BruceChen 22:19:46.025 [main] INFO  edu.bjut.boudia.myMain - meter_2984683644366011663:26093900
BruceChen 22:19:46.025 [main] INFO  edu.bjut.boudia.myMain - meter_4569115979286393671:repMsg
BruceChen 22:19:46.025 [main] INFO  edu.bjut.boudia.myMain - meter_4569115979286393671:26241000
BruceChen 22:19:46.025 [main] INFO  edu.bjut.boudia.myMain - meter_7918607078694182063:repMsg
BruceChen 22:19:46.025 [main] INFO  edu.bjut.boudia.myMain - meter_7918607078694182063:26312800
BruceChen 22:19:46.025 [main] INFO  edu.bjut.boudia.myMain - meter_5462767865254129699:repMsg
BruceChen 22:19:46.025 [main] INFO  edu.bjut.boudia.myMain - meter_5462767865254129699:29496100
BruceChen 22:19:46.025 [main] INFO  edu.bjut.boudia.myMain - meter_3106805641746947899:repMsg
BruceChen 22:19:46.025 [main] INFO  edu.bjut.boudia.myMain - meter_3106805641746947899:26278300
BruceChen 22:19:46.025 [main] INFO  edu.bjut.boudia.myMain - meter_5063914602942748529:repMsg
BruceChen 22:19:46.025 [main] INFO  edu.bjut.boudia.myMain - meter_5063914602942748529:26984600
BruceChen 22:19:46.025 [main] INFO  edu.bjut.boudia.myMain - meter_4735493001788369785:repMsg
BruceChen 22:19:46.025 [main] INFO  edu.bjut.boudia.myMain - meter_4735493001788369785:26264000
BruceChen 22:19:46.025 [main] INFO  edu.bjut.boudia.myMain - meter_6517220958173711033:repMsg
BruceChen 22:19:46.025 [main] INFO  edu.bjut.boudia.myMain - meter_6517220958173711033:26234200
BruceChen 22:19:46.025 [main] INFO  edu.bjut.boudia.myMain - meter_4699467822261354957:repMsg
BruceChen 22:19:46.025 [main] INFO  edu.bjut.boudia.myMain - meter_4699467822261354957:26294700
BruceChen 22:19:46.025 [main] INFO  edu.bjut.boudia.myMain - meter_5325284744258260863:repMsg
BruceChen 22:19:46.025 [main] INFO  edu.bjut.boudia.myMain - meter_5325284744258260863:26288300
BruceChen 22:19:46.025 [main] INFO  edu.bjut.boudia.myMain - meter_5996255665190488089:repMsg
BruceChen 22:19:46.025 [main] INFO  edu.bjut.boudia.myMain - meter_5996255665190488089:26204700
BruceChen 22:19:46.025 [main] INFO  edu.bjut.boudia.myMain - meter_219582931101314173:repMsg
BruceChen 22:19:46.025 [main] INFO  edu.bjut.boudia.myMain - meter_219582931101314173:26365100
BruceChen 22:19:46.025 [main] INFO  edu.bjut.boudia.myMain - meter_753898873761662373:repMsg
BruceChen 22:19:46.025 [main] INFO  edu.bjut.boudia.myMain - meter_753898873761662373:26315700
BruceChen 22:19:46.025 [main] INFO  edu.bjut.boudia.myMain - meter_9168356901528622275:repMsg
BruceChen 22:19:46.025 [main] INFO  edu.bjut.boudia.myMain - meter_9168356901528622275:26412500
BruceChen 22:19:46.025 [main] INFO  edu.bjut.boudia.myMain - meter_3906396795105481293:repMsg
BruceChen 22:19:46.025 [main] INFO  edu.bjut.boudia.myMain - meter_3906396795105481293:26058100
BruceChen 22:19:46.025 [main] INFO  edu.bjut.boudia.myMain - meter_1293720268840265009:repMsg
BruceChen 22:19:46.025 [main] INFO  edu.bjut.boudia.myMain - meter_1293720268840265009:26428400
BruceChen 22:19:46.025 [main] INFO  edu.bjut.boudia.myMain - meter_9136801542058389105:repMsg
BruceChen 22:19:46.025 [main] INFO  edu.bjut.boudia.myMain - meter_9136801542058389105:26336200
BruceChen 22:19:46.025 [main] INFO  edu.bjut.boudia.myMain - meter_5166594062245374727:repMsg
BruceChen 22:19:46.025 [main] INFO  edu.bjut.boudia.myMain - meter_5166594062245374727:26287500
BruceChen 22:19:46.025 [main] INFO  edu.bjut.boudia.myMain - meter_5263092735541871089:repMsg
BruceChen 22:19:46.025 [main] INFO  edu.bjut.boudia.myMain - meter_5263092735541871089:26265700
BruceChen 22:19:46.025 [main] INFO  edu.bjut.boudia.myMain - meter_3245382646503922659:repMsg
BruceChen 22:19:46.025 [main] INFO  edu.bjut.boudia.myMain - meter_3245382646503922659:26234500
BruceChen 22:19:46.025 [main] INFO  edu.bjut.boudia.myMain - meter_2024520874709916977:repMsg
BruceChen 22:19:46.025 [main] INFO  edu.bjut.boudia.myMain - meter_2024520874709916977:26103000
BruceChen 22:19:46.025 [main] INFO  edu.bjut.boudia.myMain - meter_6137606485620507647:repMsg
BruceChen 22:19:46.025 [main] INFO  edu.bjut.boudia.myMain - meter_6137606485620507647:26213000
BruceChen 22:19:46.025 [main] INFO  edu.bjut.boudia.myMain - meter_2156561402738446895:repMsg
BruceChen 22:19:46.025 [main] INFO  edu.bjut.boudia.myMain - meter_2156561402738446895:26333500
BruceChen 22:19:46.025 [main] INFO  edu.bjut.boudia.myMain - meter_1019270422883875031:repMsg
BruceChen 22:19:46.025 [main] INFO  edu.bjut.boudia.myMain - meter_1019270422883875031:26367500
BruceChen 22:19:46.025 [main] INFO  edu.bjut.boudia.myMain - meter_8221698596567033009:repMsg
BruceChen 22:19:46.025 [main] INFO  edu.bjut.boudia.myMain - meter_8221698596567033009:26340500
BruceChen 22:19:46.025 [main] INFO  edu.bjut.boudia.myMain - meter_6775887615347123943:repMsg
BruceChen 22:19:46.025 [main] INFO  edu.bjut.boudia.myMain - meter_6775887615347123943:25872400
BruceChen 22:19:46.025 [main] INFO  edu.bjut.boudia.myMain - meter_4347362286672818301:repMsg
BruceChen 22:19:46.025 [main] INFO  edu.bjut.boudia.myMain - meter_4347362286672818301:26465000
BruceChen 22:19:46.025 [main] INFO  edu.bjut.boudia.myMain - meter_5136055624651715303:repMsg
BruceChen 22:19:46.025 [main] INFO  edu.bjut.boudia.myMain - meter_5136055624651715303:26140100
BruceChen 22:19:46.025 [main] INFO  edu.bjut.boudia.myMain - meter_1663325598322827473:repMsg
BruceChen 22:19:46.025 [main] INFO  edu.bjut.boudia.myMain - meter_1663325598322827473:26971200
BruceChen 22:19:46.025 [main] INFO  edu.bjut.boudia.myMain - meter_7214568189031066799:repMsg
BruceChen 22:19:46.025 [main] INFO  edu.bjut.boudia.myMain - meter_7214568189031066799:25941400
BruceChen 22:19:46.025 [main] INFO  edu.bjut.boudia.myMain - meter_8692636570479671093:repMsg
BruceChen 22:19:46.025 [main] INFO  edu.bjut.boudia.myMain - meter_8692636570479671093:29665600
BruceChen 22:19:46.025 [main] INFO  edu.bjut.boudia.myMain - meter_2479483928929198349:repMsg
BruceChen 22:19:46.025 [main] INFO  edu.bjut.boudia.myMain - meter_2479483928929198349:26229400
BruceChen 22:19:46.025 [main] INFO  edu.bjut.boudia.myMain - meter_2464706431287225143:repMsg
BruceChen 22:19:46.025 [main] INFO  edu.bjut.boudia.myMain - meter_2464706431287225143:26515300
BruceChen 22:19:46.025 [main] INFO  edu.bjut.boudia.myMain - meter_2035029980692025551:repMsg
BruceChen 22:19:46.025 [main] INFO  edu.bjut.boudia.myMain - meter_2035029980692025551:26254600
BruceChen 22:19:46.025 [main] INFO  edu.bjut.boudia.myMain - meter_2407850601184958127:repMsg
BruceChen 22:19:46.025 [main] INFO  edu.bjut.boudia.myMain - meter_2407850601184958127:26344700
BruceChen 22:19:46.025 [main] INFO  edu.bjut.boudia.myMain - meter_1966110709098194167:repMsg
BruceChen 22:19:46.025 [main] INFO  edu.bjut.boudia.myMain - meter_1966110709098194167:26112700
BruceChen 22:19:46.025 [main] INFO  edu.bjut.boudia.myMain - meter_4820025748264026027:repMsg
BruceChen 22:19:46.025 [main] INFO  edu.bjut.boudia.myMain - meter_4820025748264026027:26437500
BruceChen 22:19:46.025 [main] INFO  edu.bjut.boudia.myMain - meter_1067838019994333981:repMsg
BruceChen 22:19:46.025 [main] INFO  edu.bjut.boudia.myMain - meter_1067838019994333981:26665700
BruceChen 22:19:46.025 [main] INFO  edu.bjut.boudia.myMain - meter_2042376643080927193:repMsg
BruceChen 22:19:46.025 [main] INFO  edu.bjut.boudia.myMain - meter_2042376643080927193:26425300
BruceChen 22:19:46.025 [main] INFO  edu.bjut.boudia.myMain - meter_7996026449576815827:repMsg
BruceChen 22:19:46.025 [main] INFO  edu.bjut.boudia.myMain - meter_7996026449576815827:26396400
BruceChen 22:19:46.025 [main] INFO  edu.bjut.boudia.myMain - meter_8077642206551688189:repMsg
BruceChen 22:19:46.025 [main] INFO  edu.bjut.boudia.myMain - meter_8077642206551688189:26395500
BruceChen 22:19:46.025 [main] INFO  edu.bjut.boudia.myMain - meter_8117048630186974975:repMsg
BruceChen 22:19:46.025 [main] INFO  edu.bjut.boudia.myMain - meter_8117048630186974975:26401100
BruceChen 22:19:46.025 [main] INFO  edu.bjut.boudia.myMain - meter_1584210484316109601:repMsg
BruceChen 22:19:46.025 [main] INFO  edu.bjut.boudia.myMain - meter_1584210484316109601:26336000
BruceChen 22:19:46.025 [main] INFO  edu.bjut.boudia.myMain - meter_602118069952066377:repMsg
BruceChen 22:19:46.025 [main] INFO  edu.bjut.boudia.myMain - meter_602118069952066377:26466700
BruceChen 22:19:46.025 [main] INFO  edu.bjut.boudia.myMain - meter_7556192190439806573:repMsg
BruceChen 22:19:46.025 [main] INFO  edu.bjut.boudia.myMain - meter_7556192190439806573:26351700
BruceChen 22:19:46.025 [main] INFO  edu.bjut.boudia.myMain - meter_413330752127185045:repMsg
BruceChen 22:19:46.025 [main] INFO  edu.bjut.boudia.myMain - meter_413330752127185045:31510100
BruceChen 22:19:46.025 [main] INFO  edu.bjut.boudia.myMain - meter_7231743465787716749:repMsg
BruceChen 22:19:46.025 [main] INFO  edu.bjut.boudia.myMain - meter_7231743465787716749:26357900
BruceChen 22:19:46.025 [main] INFO  edu.bjut.boudia.myMain - meter_2544625579125313509:repMsg
BruceChen 22:19:46.025 [main] INFO  edu.bjut.boudia.myMain - meter_2544625579125313509:26396600
BruceChen 22:19:46.025 [main] INFO  edu.bjut.boudia.myMain - meter_5520415653747331035:repMsg
BruceChen 22:19:46.025 [main] INFO  edu.bjut.boudia.myMain - meter_5520415653747331035:26333200
BruceChen 22:19:46.025 [main] INFO  edu.bjut.boudia.myMain - meter_5278891395483305321:repMsg
BruceChen 22:19:46.025 [main] INFO  edu.bjut.boudia.myMain - meter_5278891395483305321:26126800
BruceChen 22:19:46.025 [main] INFO  edu.bjut.boudia.myMain - meter_7337614420538800345:repMsg
BruceChen 22:19:46.025 [main] INFO  edu.bjut.boudia.myMain - meter_7337614420538800345:26060300
BruceChen 22:19:46.025 [main] INFO  edu.bjut.boudia.myMain - meter_6192604874856297731:repMsg
BruceChen 22:19:46.025 [main] INFO  edu.bjut.boudia.myMain - meter_6192604874856297731:27058800
BruceChen 22:19:46.025 [main] INFO  edu.bjut.boudia.myMain - meter_4896686291098757945:repMsg
BruceChen 22:19:46.025 [main] INFO  edu.bjut.boudia.myMain - meter_4896686291098757945:26203200
BruceChen 22:19:46.025 [main] INFO  edu.bjut.boudia.myMain - meter_4452701740599764859:repMsg
BruceChen 22:19:46.025 [main] INFO  edu.bjut.boudia.myMain - meter_4452701740599764859:26247600
BruceChen 22:19:49.649 [main] INFO  edu.bjut.boudia.myMain - oneTimeMeterRegTime
BruceChen 22:19:50.293 [main] INFO  edu.bjut.boudia.myMain - server:pubkey
BruceChen 22:19:50.293 [main] INFO  edu.bjut.boudia.myMain - server:1100
BruceChen 22:19:50.293 [main] INFO  edu.bjut.boudia.myMain - agg:regMsg,regMsg,regMsg,regMsg,regMsg,regMsg,regMsg,regMsg,regMsg,regMsg,regMsg,regMsg,regMsg,regMsg,regMsg,regMsg,regMsg,regMsg,regMsg,regMsg,regMsg,regMsg,regMsg,regMsg,regMsg,regMsg,regMsg,regMsg,regMsg,regMsg,regMsg,regMsg,regMsg,regMsg,regMsg,regMsg,regMsg,regMsg,regMsg,regMsg,regMsg,regMsg,regMsg,regMsg,regMsg,regMsg,regMsg,regMsg,regMsg,regMsg
BruceChen 22:19:50.293 [main] INFO  edu.bjut.boudia.myMain - agg:6471900,6427000,6455700,6414200,6437900,6400200,6439200,6423100,6446700,6449000,6415900,6542500,6369200,6368500,6629000,6343100,6291200,6262000,6241400,6247600,6272200,6288400,6256400,6248100,6255200,6268100,6277000,6255800,6240100,6281300,6532200,6432800,6467500,6452200,6429100,6356600,6352100,6358500,6400300,6358000,6273100,6269700,6270800,6407800,6310700,6440000,6530100,6476600,6447600,6454100
BruceChen 22:19:50.293 [main] INFO  edu.bjut.boudia.myMain - meter_5938763829850613761:regMsg,reg_backagg,reg_cc
BruceChen 22:19:50.293 [main] INFO  edu.bjut.boudia.myMain - meter_5938763829850613761:500,6569300,600
BruceChen 22:19:50.293 [main] INFO  edu.bjut.boudia.myMain - meter_2963946727199004083:regMsg,reg_backagg,reg_cc
BruceChen 22:19:50.293 [main] INFO  edu.bjut.boudia.myMain - meter_2963946727199004083:800,6539800,300
BruceChen 22:19:50.293 [main] INFO  edu.bjut.boudia.myMain - meter_2566501971509875679:regMsg,reg_backagg,reg_cc
BruceChen 22:19:50.293 [main] INFO  edu.bjut.boudia.myMain - meter_2566501971509875679:400,6460800,300
BruceChen 22:19:50.293 [main] INFO  edu.bjut.boudia.myMain - meter_952167150122735503:regMsg,reg_backagg,reg_cc
BruceChen 22:19:50.293 [main] INFO  edu.bjut.boudia.myMain - meter_952167150122735503:200,6525100,300
BruceChen 22:19:50.293 [main] INFO  edu.bjut.boudia.myMain - meter_65478016290152847:regMsg,reg_backagg,reg_cc
BruceChen 22:19:50.293 [main] INFO  edu.bjut.boudia.myMain - meter_65478016290152847:300,6391200,300
BruceChen 22:19:50.293 [main] INFO  edu.bjut.boudia.myMain - meter_5889154936221615173:regMsg,reg_backagg,reg_cc
BruceChen 22:19:50.293 [main] INFO  edu.bjut.boudia.myMain - meter_5889154936221615173:200,6583600,400
BruceChen 22:19:50.293 [main] INFO  edu.bjut.boudia.myMain - meter_6644021536048975015:regMsg,reg_backagg,reg_cc
BruceChen 22:19:50.293 [main] INFO  edu.bjut.boudia.myMain - meter_6644021536048975015:3100,6558700,400
BruceChen 22:19:50.293 [main] INFO  edu.bjut.boudia.myMain - meter_8465219732263754255:regMsg,reg_backagg,reg_cc
BruceChen 22:19:50.293 [main] INFO  edu.bjut.boudia.myMain - meter_8465219732263754255:400,6193800,5200
BruceChen 22:19:50.293 [main] INFO  edu.bjut.boudia.myMain - meter_1214639103461834539:regMsg,reg_backagg,reg_cc
BruceChen 22:19:50.293 [main] INFO  edu.bjut.boudia.myMain - meter_1214639103461834539:500,6342500,400
BruceChen 22:19:50.293 [main] INFO  edu.bjut.boudia.myMain - meter_4731323988850836421:regMsg,reg_backagg,reg_cc
BruceChen 22:19:50.293 [main] INFO  edu.bjut.boudia.myMain - meter_4731323988850836421:200,6574900,300
BruceChen 22:19:50.293 [main] INFO  edu.bjut.boudia.myMain - meter_5747826694440314653:regMsg,reg_backagg,reg_cc
BruceChen 22:19:50.293 [main] INFO  edu.bjut.boudia.myMain - meter_5747826694440314653:400,6510000,300
BruceChen 22:19:50.293 [main] INFO  edu.bjut.boudia.myMain - meter_6474133409979210077:regMsg,reg_backagg,reg_cc
BruceChen 22:19:50.293 [main] INFO  edu.bjut.boudia.myMain - meter_6474133409979210077:600,6445100,300
BruceChen 22:19:50.293 [main] INFO  edu.bjut.boudia.myMain - meter_2296353315306185543:regMsg,reg_backagg,reg_cc
BruceChen 22:19:50.293 [main] INFO  edu.bjut.boudia.myMain - meter_2296353315306185543:500,6533300,300
BruceChen 22:19:50.293 [main] INFO  edu.bjut.boudia.myMain - meter_6238051593764677693:regMsg,reg_backagg,reg_cc
BruceChen 22:19:50.293 [main] INFO  edu.bjut.boudia.myMain - meter_6238051593764677693:400,6315100,400
BruceChen 22:19:50.293 [main] INFO  edu.bjut.boudia.myMain - meter_4247610863352657301:regMsg,reg_backagg,reg_cc
BruceChen 22:19:50.293 [main] INFO  edu.bjut.boudia.myMain - meter_4247610863352657301:400,6302800,400
BruceChen 22:19:50.293 [main] INFO  edu.bjut.boudia.myMain - meter_3488672235954079619:regMsg,reg_backagg,reg_cc
BruceChen 22:19:50.293 [main] INFO  edu.bjut.boudia.myMain - meter_3488672235954079619:700,6345200,200
BruceChen 22:19:50.293 [main] INFO  edu.bjut.boudia.myMain - meter_5645121878881961067:regMsg,reg_backagg,reg_cc
BruceChen 22:19:50.293 [main] INFO  edu.bjut.boudia.myMain - meter_5645121878881961067:400,6391400,200
BruceChen 22:19:50.293 [main] INFO  edu.bjut.boudia.myMain - meter_6717377726714921551:regMsg,reg_backagg,reg_cc
BruceChen 22:19:50.293 [main] INFO  edu.bjut.boudia.myMain - meter_6717377726714921551:400,6338600,200
BruceChen 22:19:50.293 [main] INFO  edu.bjut.boudia.myMain - meter_8749246043877447615:regMsg,reg_backagg,reg_cc
BruceChen 22:19:50.293 [main] INFO  edu.bjut.boudia.myMain - meter_8749246043877447615:300,6319800,200
BruceChen 22:19:50.293 [main] INFO  edu.bjut.boudia.myMain - meter_590472674444087409:regMsg,reg_backagg,reg_cc
BruceChen 22:19:50.293 [main] INFO  edu.bjut.boudia.myMain - meter_590472674444087409:300,6366200,100
BruceChen 22:19:50.293 [main] INFO  edu.bjut.boudia.myMain - meter_6973709046720029837:regMsg,reg_backagg,reg_cc
BruceChen 22:19:50.293 [main] INFO  edu.bjut.boudia.myMain - meter_6973709046720029837:200,6314800,200
BruceChen 22:19:50.293 [main] INFO  edu.bjut.boudia.myMain - meter_3401463420112372915:regMsg,reg_backagg,reg_cc
BruceChen 22:19:50.293 [main] INFO  edu.bjut.boudia.myMain - meter_3401463420112372915:200,6339100,100
BruceChen 22:19:50.293 [main] INFO  edu.bjut.boudia.myMain - meter_5822058618088644239:regMsg,reg_backagg,reg_cc
BruceChen 22:19:50.293 [main] INFO  edu.bjut.boudia.myMain - meter_5822058618088644239:200,6394800,100
BruceChen 22:19:50.293 [main] INFO  edu.bjut.boudia.myMain - meter_6925042863697070677:regMsg,reg_backagg,reg_cc
BruceChen 22:19:50.293 [main] INFO  edu.bjut.boudia.myMain - meter_6925042863697070677:200,6373500,200
BruceChen 22:19:50.293 [main] INFO  edu.bjut.boudia.myMain - meter_5486754415197009133:regMsg,reg_backagg,reg_cc
BruceChen 22:19:50.293 [main] INFO  edu.bjut.boudia.myMain - meter_5486754415197009133:400,6227000,100
BruceChen 22:19:50.293 [main] INFO  edu.bjut.boudia.myMain - meter_862319654812492829:regMsg,reg_backagg,reg_cc
BruceChen 22:19:50.293 [main] INFO  edu.bjut.boudia.myMain - meter_862319654812492829:300,6386900,100
BruceChen 22:19:50.293 [main] INFO  edu.bjut.boudia.myMain - meter_1598446815412397711:regMsg,reg_backagg,reg_cc
BruceChen 22:19:50.293 [main] INFO  edu.bjut.boudia.myMain - meter_1598446815412397711:200,6350200,200
BruceChen 22:19:50.293 [main] INFO  edu.bjut.boudia.myMain - meter_3881365605434172639:regMsg,reg_backagg,reg_cc
BruceChen 22:19:50.293 [main] INFO  edu.bjut.boudia.myMain - meter_3881365605434172639:200,6332000,100
BruceChen 22:19:50.293 [main] INFO  edu.bjut.boudia.myMain - meter_7886374830686033201:regMsg,reg_backagg,reg_cc
BruceChen 22:19:50.293 [main] INFO  edu.bjut.boudia.myMain - meter_7886374830686033201:300,6377300,200
BruceChen 22:19:50.293 [main] INFO  edu.bjut.boudia.myMain - meter_4550954082995568927:regMsg,reg_backagg,reg_cc
BruceChen 22:19:50.293 [main] INFO  edu.bjut.boudia.myMain - meter_4550954082995568927:200,9276800,400
BruceChen 22:19:50.293 [main] INFO  edu.bjut.boudia.myMain - meter_8414774866152939883:regMsg,reg_backagg,reg_cc
BruceChen 22:19:50.293 [main] INFO  edu.bjut.boudia.myMain - meter_8414774866152939883:700,6527600,300
BruceChen 22:19:50.293 [main] INFO  edu.bjut.boudia.myMain - meter_3524782965030662831:regMsg,reg_backagg,reg_cc
BruceChen 22:19:50.293 [main] INFO  edu.bjut.boudia.myMain - meter_3524782965030662831:600,6561900,100
BruceChen 22:19:50.293 [main] INFO  edu.bjut.boudia.myMain - meter_8848971759887836791:regMsg,reg_backagg,reg_cc
BruceChen 22:19:50.293 [main] INFO  edu.bjut.boudia.myMain - meter_8848971759887836791:300,6502400,200
BruceChen 22:19:50.293 [main] INFO  edu.bjut.boudia.myMain - meter_514891322831539215:regMsg,reg_backagg,reg_cc
BruceChen 22:19:50.293 [main] INFO  edu.bjut.boudia.myMain - meter_514891322831539215:300,6571500,200
BruceChen 22:19:50.293 [main] INFO  edu.bjut.boudia.myMain - meter_520669525016445739:regMsg,reg_backagg,reg_cc
BruceChen 22:19:50.293 [main] INFO  edu.bjut.boudia.myMain - meter_520669525016445739:200,6540800,100
BruceChen 22:19:50.293 [main] INFO  edu.bjut.boudia.myMain - meter_3411324932480352369:regMsg,reg_backagg,reg_cc
BruceChen 22:19:50.293 [main] INFO  edu.bjut.boudia.myMain - meter_3411324932480352369:300,6502500,200
BruceChen 22:19:50.293 [main] INFO  edu.bjut.boudia.myMain - meter_7090906735008196551:regMsg,reg_backagg,reg_cc
BruceChen 22:19:50.293 [main] INFO  edu.bjut.boudia.myMain - meter_7090906735008196551:300,6390400,200
BruceChen 22:19:50.293 [main] INFO  edu.bjut.boudia.myMain - meter_4653058115218395293:regMsg,reg_backagg,reg_cc
BruceChen 22:19:50.293 [main] INFO  edu.bjut.boudia.myMain - meter_4653058115218395293:400,6502100,300
BruceChen 22:19:50.293 [main] INFO  edu.bjut.boudia.myMain - meter_4766264598670198159:regMsg,reg_backagg,reg_cc
BruceChen 22:19:50.293 [main] INFO  edu.bjut.boudia.myMain - meter_4766264598670198159:600,6512900,200
BruceChen 22:19:50.293 [main] INFO  edu.bjut.boudia.myMain - meter_1595702758286124887:regMsg,reg_backagg,reg_cc
BruceChen 22:19:50.293 [main] INFO  edu.bjut.boudia.myMain - meter_1595702758286124887:300,6280100,200
BruceChen 22:19:50.293 [main] INFO  edu.bjut.boudia.myMain - meter_4725576983851020563:regMsg,reg_backagg,reg_cc
BruceChen 22:19:50.293 [main] INFO  edu.bjut.boudia.myMain - meter_4725576983851020563:200,6303800,100
BruceChen 22:19:50.293 [main] INFO  edu.bjut.boudia.myMain - meter_5377501280160382117:regMsg,reg_backagg,reg_cc
BruceChen 22:19:50.293 [main] INFO  edu.bjut.boudia.myMain - meter_5377501280160382117:200,6386500,100
BruceChen 22:19:50.293 [main] INFO  edu.bjut.boudia.myMain - meter_435113621360579297:regMsg,reg_backagg,reg_cc
BruceChen 22:19:50.293 [main] INFO  edu.bjut.boudia.myMain - meter_435113621360579297:200,6511000,300
BruceChen 22:19:50.293 [main] INFO  edu.bjut.boudia.myMain - meter_7570873436172749531:regMsg,reg_backagg,reg_cc
BruceChen 22:19:50.293 [main] INFO  edu.bjut.boudia.myMain - meter_7570873436172749531:200,6394600,200
BruceChen 22:19:50.293 [main] INFO  edu.bjut.boudia.myMain - meter_2031126737728889531:regMsg,reg_backagg,reg_cc
BruceChen 22:19:50.293 [main] INFO  edu.bjut.boudia.myMain - meter_2031126737728889531:300,6507100,300
BruceChen 22:19:50.293 [main] INFO  edu.bjut.boudia.myMain - meter_3491239417270695823:regMsg,reg_backagg,reg_cc
BruceChen 22:19:50.293 [main] INFO  edu.bjut.boudia.myMain - meter_3491239417270695823:500,6575000,400
BruceChen 22:19:50.293 [main] INFO  edu.bjut.boudia.myMain - meter_3495467561200551601:regMsg,reg_backagg,reg_cc
BruceChen 22:19:50.293 [main] INFO  edu.bjut.boudia.myMain - meter_3495467561200551601:800,6521000,300
BruceChen 22:19:50.293 [main] INFO  edu.bjut.boudia.myMain - meter_2154224468576058277:regMsg,reg_backagg,reg_cc
BruceChen 22:19:50.293 [main] INFO  edu.bjut.boudia.myMain - meter_2154224468576058277:600,6573900,300
BruceChen 22:19:50.293 [main] INFO  edu.bjut.boudia.myMain - meter_1162515372247127763:regMsg,reg_backagg,reg_cc
BruceChen 22:19:50.293 [main] INFO  edu.bjut.boudia.myMain - meter_1162515372247127763:700,6490400,200
BruceChen 22:19:50.293 [main] INFO  edu.bjut.boudia.myMain - meter_4201339613065243887:regMsg,reg_backagg,reg_cc
BruceChen 22:19:50.293 [main] INFO  edu.bjut.boudia.myMain - meter_4201339613065243887:400,6376700,300
BruceChen 22:19:50.933 [main] INFO  edu.bjut.boudia.myMain - oneTimeMeterRepTime
BruceChen 22:19:52.604 [main] INFO  edu.bjut.boudia.myMain - server:repMsg
BruceChen 22:19:52.604 [main] INFO  edu.bjut.boudia.myMain - server:34133300
BruceChen 22:19:52.604 [main] INFO  edu.bjut.boudia.myMain - agg:repMsg
BruceChen 22:19:52.604 [main] INFO  edu.bjut.boudia.myMain - agg:345854100
BruceChen 22:19:52.604 [main] INFO  edu.bjut.boudia.myMain - meter_5938763829850613761:repMsg
BruceChen 22:19:52.604 [main] INFO  edu.bjut.boudia.myMain - meter_5938763829850613761:25694600
BruceChen 22:19:52.604 [main] INFO  edu.bjut.boudia.myMain - meter_2963946727199004083:repMsg
BruceChen 22:19:52.604 [main] INFO  edu.bjut.boudia.myMain - meter_2963946727199004083:25332500
BruceChen 22:19:52.604 [main] INFO  edu.bjut.boudia.myMain - meter_2566501971509875679:repMsg
BruceChen 22:19:52.604 [main] INFO  edu.bjut.boudia.myMain - meter_2566501971509875679:25530400
BruceChen 22:19:52.604 [main] INFO  edu.bjut.boudia.myMain - meter_952167150122735503:repMsg
BruceChen 22:19:52.604 [main] INFO  edu.bjut.boudia.myMain - meter_952167150122735503:25399000
BruceChen 22:19:52.604 [main] INFO  edu.bjut.boudia.myMain - meter_65478016290152847:repMsg
BruceChen 22:19:52.604 [main] INFO  edu.bjut.boudia.myMain - meter_65478016290152847:25478200
BruceChen 22:19:52.604 [main] INFO  edu.bjut.boudia.myMain - meter_5889154936221615173:repMsg
BruceChen 22:19:52.604 [main] INFO  edu.bjut.boudia.myMain - meter_5889154936221615173:25503700
BruceChen 22:19:52.604 [main] INFO  edu.bjut.boudia.myMain - meter_6644021536048975015:repMsg
BruceChen 22:19:52.604 [main] INFO  edu.bjut.boudia.myMain - meter_6644021536048975015:25416800
BruceChen 22:19:52.604 [main] INFO  edu.bjut.boudia.myMain - meter_8465219732263754255:repMsg
BruceChen 22:19:52.604 [main] INFO  edu.bjut.boudia.myMain - meter_8465219732263754255:25496800
BruceChen 22:19:52.604 [main] INFO  edu.bjut.boudia.myMain - meter_1214639103461834539:repMsg
BruceChen 22:19:52.604 [main] INFO  edu.bjut.boudia.myMain - meter_1214639103461834539:25494400
BruceChen 22:19:52.604 [main] INFO  edu.bjut.boudia.myMain - meter_4731323988850836421:repMsg
BruceChen 22:19:52.604 [main] INFO  edu.bjut.boudia.myMain - meter_4731323988850836421:25914400
BruceChen 22:19:52.604 [main] INFO  edu.bjut.boudia.myMain - meter_5747826694440314653:repMsg
BruceChen 22:19:52.604 [main] INFO  edu.bjut.boudia.myMain - meter_5747826694440314653:25480300
BruceChen 22:19:52.604 [main] INFO  edu.bjut.boudia.myMain - meter_6474133409979210077:repMsg
BruceChen 22:19:52.604 [main] INFO  edu.bjut.boudia.myMain - meter_6474133409979210077:26095000
BruceChen 22:19:52.604 [main] INFO  edu.bjut.boudia.myMain - meter_2296353315306185543:repMsg
BruceChen 22:19:52.604 [main] INFO  edu.bjut.boudia.myMain - meter_2296353315306185543:25957500
BruceChen 22:19:52.604 [main] INFO  edu.bjut.boudia.myMain - meter_6238051593764677693:repMsg
BruceChen 22:19:52.604 [main] INFO  edu.bjut.boudia.myMain - meter_6238051593764677693:26362900
BruceChen 22:19:52.604 [main] INFO  edu.bjut.boudia.myMain - meter_4247610863352657301:repMsg
BruceChen 22:19:52.604 [main] INFO  edu.bjut.boudia.myMain - meter_4247610863352657301:25405100
BruceChen 22:19:52.604 [main] INFO  edu.bjut.boudia.myMain - meter_3488672235954079619:repMsg
BruceChen 22:19:52.604 [main] INFO  edu.bjut.boudia.myMain - meter_3488672235954079619:25546400
BruceChen 22:19:52.604 [main] INFO  edu.bjut.boudia.myMain - meter_5645121878881961067:repMsg
BruceChen 22:19:52.604 [main] INFO  edu.bjut.boudia.myMain - meter_5645121878881961067:25434100
BruceChen 22:19:52.604 [main] INFO  edu.bjut.boudia.myMain - meter_6717377726714921551:repMsg
BruceChen 22:19:52.604 [main] INFO  edu.bjut.boudia.myMain - meter_6717377726714921551:25781700
BruceChen 22:19:52.604 [main] INFO  edu.bjut.boudia.myMain - meter_8749246043877447615:repMsg
BruceChen 22:19:52.604 [main] INFO  edu.bjut.boudia.myMain - meter_8749246043877447615:28714100
BruceChen 22:19:52.604 [main] INFO  edu.bjut.boudia.myMain - meter_590472674444087409:repMsg
BruceChen 22:19:52.604 [main] INFO  edu.bjut.boudia.myMain - meter_590472674444087409:26799100
BruceChen 22:19:52.604 [main] INFO  edu.bjut.boudia.myMain - meter_6973709046720029837:repMsg
BruceChen 22:19:52.604 [main] INFO  edu.bjut.boudia.myMain - meter_6973709046720029837:26062800
BruceChen 22:19:52.604 [main] INFO  edu.bjut.boudia.myMain - meter_3401463420112372915:repMsg
BruceChen 22:19:52.604 [main] INFO  edu.bjut.boudia.myMain - meter_3401463420112372915:25613800
BruceChen 22:19:52.604 [main] INFO  edu.bjut.boudia.myMain - meter_5822058618088644239:repMsg
BruceChen 22:19:52.604 [main] INFO  edu.bjut.boudia.myMain - meter_5822058618088644239:25602500
BruceChen 22:19:52.604 [main] INFO  edu.bjut.boudia.myMain - meter_6925042863697070677:repMsg
BruceChen 22:19:52.604 [main] INFO  edu.bjut.boudia.myMain - meter_6925042863697070677:25544600
BruceChen 22:19:52.604 [main] INFO  edu.bjut.boudia.myMain - meter_5486754415197009133:repMsg
BruceChen 22:19:52.604 [main] INFO  edu.bjut.boudia.myMain - meter_5486754415197009133:25535300
BruceChen 22:19:52.604 [main] INFO  edu.bjut.boudia.myMain - meter_862319654812492829:repMsg
BruceChen 22:19:52.604 [main] INFO  edu.bjut.boudia.myMain - meter_862319654812492829:26188500
BruceChen 22:19:52.604 [main] INFO  edu.bjut.boudia.myMain - meter_1598446815412397711:repMsg
BruceChen 22:19:52.604 [main] INFO  edu.bjut.boudia.myMain - meter_1598446815412397711:25599700
BruceChen 22:19:52.604 [main] INFO  edu.bjut.boudia.myMain - meter_3881365605434172639:repMsg
BruceChen 22:19:52.604 [main] INFO  edu.bjut.boudia.myMain - meter_3881365605434172639:25478300
BruceChen 22:19:52.604 [main] INFO  edu.bjut.boudia.myMain - meter_7886374830686033201:repMsg
BruceChen 22:19:52.604 [main] INFO  edu.bjut.boudia.myMain - meter_7886374830686033201:25266000
BruceChen 22:19:52.604 [main] INFO  edu.bjut.boudia.myMain - meter_4550954082995568927:repMsg
BruceChen 22:19:52.604 [main] INFO  edu.bjut.boudia.myMain - meter_4550954082995568927:25325200
BruceChen 22:19:52.604 [main] INFO  edu.bjut.boudia.myMain - meter_8414774866152939883:repMsg
BruceChen 22:19:52.604 [main] INFO  edu.bjut.boudia.myMain - meter_8414774866152939883:25568900
BruceChen 22:19:52.604 [main] INFO  edu.bjut.boudia.myMain - meter_3524782965030662831:repMsg
BruceChen 22:19:52.604 [main] INFO  edu.bjut.boudia.myMain - meter_3524782965030662831:26095400
BruceChen 22:19:52.604 [main] INFO  edu.bjut.boudia.myMain - meter_8848971759887836791:repMsg
BruceChen 22:19:52.604 [main] INFO  edu.bjut.boudia.myMain - meter_8848971759887836791:25347700
BruceChen 22:19:52.604 [main] INFO  edu.bjut.boudia.myMain - meter_514891322831539215:repMsg
BruceChen 22:19:52.604 [main] INFO  edu.bjut.boudia.myMain - meter_514891322831539215:25233600
BruceChen 22:19:52.604 [main] INFO  edu.bjut.boudia.myMain - meter_520669525016445739:repMsg
BruceChen 22:19:52.604 [main] INFO  edu.bjut.boudia.myMain - meter_520669525016445739:25613200
BruceChen 22:19:52.604 [main] INFO  edu.bjut.boudia.myMain - meter_3411324932480352369:repMsg
BruceChen 22:19:52.604 [main] INFO  edu.bjut.boudia.myMain - meter_3411324932480352369:25494800
BruceChen 22:19:52.604 [main] INFO  edu.bjut.boudia.myMain - meter_7090906735008196551:repMsg
BruceChen 22:19:52.604 [main] INFO  edu.bjut.boudia.myMain - meter_7090906735008196551:25531900
BruceChen 22:19:52.604 [main] INFO  edu.bjut.boudia.myMain - meter_4653058115218395293:repMsg
BruceChen 22:19:52.604 [main] INFO  edu.bjut.boudia.myMain - meter_4653058115218395293:25378300
BruceChen 22:19:52.604 [main] INFO  edu.bjut.boudia.myMain - meter_4766264598670198159:repMsg
BruceChen 22:19:52.604 [main] INFO  edu.bjut.boudia.myMain - meter_4766264598670198159:26056300
BruceChen 22:19:52.604 [main] INFO  edu.bjut.boudia.myMain - meter_1595702758286124887:repMsg
BruceChen 22:19:52.604 [main] INFO  edu.bjut.boudia.myMain - meter_1595702758286124887:26053300
BruceChen 22:19:52.604 [main] INFO  edu.bjut.boudia.myMain - meter_4725576983851020563:repMsg
BruceChen 22:19:52.604 [main] INFO  edu.bjut.boudia.myMain - meter_4725576983851020563:25438100
BruceChen 22:19:52.604 [main] INFO  edu.bjut.boudia.myMain - meter_5377501280160382117:repMsg
BruceChen 22:19:52.604 [main] INFO  edu.bjut.boudia.myMain - meter_5377501280160382117:25486900
BruceChen 22:19:52.604 [main] INFO  edu.bjut.boudia.myMain - meter_435113621360579297:repMsg
BruceChen 22:19:52.604 [main] INFO  edu.bjut.boudia.myMain - meter_435113621360579297:25488100
BruceChen 22:19:52.604 [main] INFO  edu.bjut.boudia.myMain - meter_7570873436172749531:repMsg
BruceChen 22:19:52.604 [main] INFO  edu.bjut.boudia.myMain - meter_7570873436172749531:25620700
BruceChen 22:19:52.604 [main] INFO  edu.bjut.boudia.myMain - meter_2031126737728889531:repMsg
BruceChen 22:19:52.604 [main] INFO  edu.bjut.boudia.myMain - meter_2031126737728889531:25523500
BruceChen 22:19:52.604 [main] INFO  edu.bjut.boudia.myMain - meter_3491239417270695823:repMsg
BruceChen 22:19:52.604 [main] INFO  edu.bjut.boudia.myMain - meter_3491239417270695823:28650700
BruceChen 22:19:52.604 [main] INFO  edu.bjut.boudia.myMain - meter_3495467561200551601:repMsg
BruceChen 22:19:52.604 [main] INFO  edu.bjut.boudia.myMain - meter_3495467561200551601:26467600
BruceChen 22:19:52.604 [main] INFO  edu.bjut.boudia.myMain - meter_2154224468576058277:repMsg
BruceChen 22:19:52.604 [main] INFO  edu.bjut.boudia.myMain - meter_2154224468576058277:26208200
BruceChen 22:19:52.604 [main] INFO  edu.bjut.boudia.myMain - meter_1162515372247127763:repMsg
BruceChen 22:19:52.604 [main] INFO  edu.bjut.boudia.myMain - meter_1162515372247127763:26323100
BruceChen 22:19:52.604 [main] INFO  edu.bjut.boudia.myMain - meter_4201339613065243887:repMsg
BruceChen 22:19:52.604 [main] INFO  edu.bjut.boudia.myMain - meter_4201339613065243887:26948000
BruceChen 22:19:55.372 [main] INFO  edu.bjut.boudia.myMain - oneTimeMeterRegTime
BruceChen 22:19:55.888 [main] INFO  edu.bjut.boudia.myMain - server:pubkey
BruceChen 22:19:55.888 [main] INFO  edu.bjut.boudia.myMain - server:1200
BruceChen 22:19:55.888 [main] INFO  edu.bjut.boudia.myMain - agg:regMsg,regMsg,regMsg,regMsg,regMsg,regMsg,regMsg,regMsg,regMsg,regMsg,regMsg,regMsg,regMsg,regMsg,regMsg,regMsg,regMsg,regMsg,regMsg,regMsg,regMsg,regMsg,regMsg,regMsg,regMsg,regMsg,regMsg,regMsg,regMsg,regMsg,regMsg,regMsg,regMsg,regMsg,regMsg,regMsg,regMsg,regMsg,regMsg,regMsg
BruceChen 22:19:55.888 [main] INFO  edu.bjut.boudia.myMain - agg:6481800,6450700,6439400,6442100,6450900,6475300,6481900,6442800,6418200,6429700,6431500,6450600,6257800,6241000,6254300,6261300,6263200,6268800,6275300,6275300,6248500,6249700,6263600,6261500,6253200,6250300,6270200,6280200,6267400,6265600,6266100,6264400,6251600,6276200,6268700,6271900,6279600,6953300,6268500,6257100
BruceChen 22:19:55.888 [main] INFO  edu.bjut.boudia.myMain - meter_3987795432586128277:regMsg,reg_backagg,reg_cc
BruceChen 22:19:55.888 [main] INFO  edu.bjut.boudia.myMain - meter_3987795432586128277:800,6496800,600
BruceChen 22:19:55.888 [main] INFO  edu.bjut.boudia.myMain - meter_5846894388231959319:regMsg,reg_backagg,reg_cc
BruceChen 22:19:55.888 [main] INFO  edu.bjut.boudia.myMain - meter_5846894388231959319:500,6582700,200
BruceChen 22:19:55.888 [main] INFO  edu.bjut.boudia.myMain - meter_8652933301205192855:regMsg,reg_backagg,reg_cc
BruceChen 22:19:55.888 [main] INFO  edu.bjut.boudia.myMain - meter_8652933301205192855:500,6571500,400
BruceChen 22:19:55.888 [main] INFO  edu.bjut.boudia.myMain - meter_1081314325606763893:regMsg,reg_backagg,reg_cc
BruceChen 22:19:55.888 [main] INFO  edu.bjut.boudia.myMain - meter_1081314325606763893:400,6571800,200
BruceChen 22:19:55.888 [main] INFO  edu.bjut.boudia.myMain - meter_1319409056143856603:regMsg,reg_backagg,reg_cc
BruceChen 22:19:55.888 [main] INFO  edu.bjut.boudia.myMain - meter_1319409056143856603:500,6595600,200
BruceChen 22:19:55.888 [main] INFO  edu.bjut.boudia.myMain - meter_6792298063436984993:regMsg,reg_backagg,reg_cc
BruceChen 22:19:55.888 [main] INFO  edu.bjut.boudia.myMain - meter_6792298063436984993:400,6541000,400
BruceChen 22:19:55.888 [main] INFO  edu.bjut.boudia.myMain - meter_6308782868650370773:regMsg,reg_backagg,reg_cc
BruceChen 22:19:55.888 [main] INFO  edu.bjut.boudia.myMain - meter_6308782868650370773:600,6525100,500
BruceChen 22:19:55.888 [main] INFO  edu.bjut.boudia.myMain - meter_7338119228220550193:regMsg,reg_backagg,reg_cc
BruceChen 22:19:55.888 [main] INFO  edu.bjut.boudia.myMain - meter_7338119228220550193:1000,6567500,400
BruceChen 22:19:55.888 [main] INFO  edu.bjut.boudia.myMain - meter_2977297700011740527:regMsg,reg_backagg,reg_cc
BruceChen 22:19:55.888 [main] INFO  edu.bjut.boudia.myMain - meter_2977297700011740527:800,6571500,300
BruceChen 22:19:55.888 [main] INFO  edu.bjut.boudia.myMain - meter_9142458107016171931:regMsg,reg_backagg,reg_cc
BruceChen 22:19:55.888 [main] INFO  edu.bjut.boudia.myMain - meter_9142458107016171931:600,6477600,300
BruceChen 22:19:55.888 [main] INFO  edu.bjut.boudia.myMain - meter_1432116623126343185:regMsg,reg_backagg,reg_cc
BruceChen 22:19:55.888 [main] INFO  edu.bjut.boudia.myMain - meter_1432116623126343185:500,6450800,300
BruceChen 22:19:55.888 [main] INFO  edu.bjut.boudia.myMain - meter_9209864334744284881:regMsg,reg_backagg,reg_cc
BruceChen 22:19:55.888 [main] INFO  edu.bjut.boudia.myMain - meter_9209864334744284881:600,6346500,500
BruceChen 22:19:55.888 [main] INFO  edu.bjut.boudia.myMain - meter_8328036805318228869:regMsg,reg_backagg,reg_cc
BruceChen 22:19:55.888 [main] INFO  edu.bjut.boudia.myMain - meter_8328036805318228869:500,6284000,400
BruceChen 22:19:55.888 [main] INFO  edu.bjut.boudia.myMain - meter_1228079589094608387:regMsg,reg_backagg,reg_cc
BruceChen 22:19:55.888 [main] INFO  edu.bjut.boudia.myMain - meter_1228079589094608387:400,6319700,300
BruceChen 22:19:55.888 [main] INFO  edu.bjut.boudia.myMain - meter_7983364815351706951:regMsg,reg_backagg,reg_cc
BruceChen 22:19:55.888 [main] INFO  edu.bjut.boudia.myMain - meter_7983364815351706951:600,6267100,300
BruceChen 22:19:55.888 [main] INFO  edu.bjut.boudia.myMain - meter_3872241765686249203:regMsg,reg_backagg,reg_cc
BruceChen 22:19:55.888 [main] INFO  edu.bjut.boudia.myMain - meter_3872241765686249203:500,6265800,300
BruceChen 22:19:55.888 [main] INFO  edu.bjut.boudia.myMain - meter_1760706740363965467:regMsg,reg_backagg,reg_cc
BruceChen 22:19:55.888 [main] INFO  edu.bjut.boudia.myMain - meter_1760706740363965467:400,6334400,400
BruceChen 22:19:55.888 [main] INFO  edu.bjut.boudia.myMain - meter_2003408089757541451:regMsg,reg_backagg,reg_cc
BruceChen 22:19:55.888 [main] INFO  edu.bjut.boudia.myMain - meter_2003408089757541451:400,6385900,300
BruceChen 22:19:55.888 [main] INFO  edu.bjut.boudia.myMain - meter_3640602311371980523:regMsg,reg_backagg,reg_cc
BruceChen 22:19:55.888 [main] INFO  edu.bjut.boudia.myMain - meter_3640602311371980523:400,6406900,200
BruceChen 22:19:55.888 [main] INFO  edu.bjut.boudia.myMain - meter_1653833651051490471:regMsg,reg_backagg,reg_cc
BruceChen 22:19:55.888 [main] INFO  edu.bjut.boudia.myMain - meter_1653833651051490471:500,6371300,500
BruceChen 22:19:55.888 [main] INFO  edu.bjut.boudia.myMain - meter_1856673224277061017:regMsg,reg_backagg,reg_cc
BruceChen 22:19:55.888 [main] INFO  edu.bjut.boudia.myMain - meter_1856673224277061017:500,6379600,300
BruceChen 22:19:55.888 [main] INFO  edu.bjut.boudia.myMain - meter_3096118030314060725:regMsg,reg_backagg,reg_cc
BruceChen 22:19:55.888 [main] INFO  edu.bjut.boudia.myMain - meter_3096118030314060725:400,6303100,300
BruceChen 22:19:55.888 [main] INFO  edu.bjut.boudia.myMain - meter_7232797717550086065:regMsg,reg_backagg,reg_cc
BruceChen 22:19:55.888 [main] INFO  edu.bjut.boudia.myMain - meter_7232797717550086065:500,6357700,300
BruceChen 22:19:55.888 [main] INFO  edu.bjut.boudia.myMain - meter_6217196255592693093:regMsg,reg_backagg,reg_cc
BruceChen 22:19:55.888 [main] INFO  edu.bjut.boudia.myMain - meter_6217196255592693093:400,6397800,200
BruceChen 22:19:55.888 [main] INFO  edu.bjut.boudia.myMain - meter_2469266734132694611:regMsg,reg_backagg,reg_cc
BruceChen 22:19:55.888 [main] INFO  edu.bjut.boudia.myMain - meter_2469266734132694611:500,6396900,300
BruceChen 22:19:55.888 [main] INFO  edu.bjut.boudia.myMain - meter_3199676479480272999:regMsg,reg_backagg,reg_cc
BruceChen 22:19:55.888 [main] INFO  edu.bjut.boudia.myMain - meter_3199676479480272999:500,6275500,200
BruceChen 22:19:55.888 [main] INFO  edu.bjut.boudia.myMain - meter_4032677262951180581:regMsg,reg_backagg,reg_cc
BruceChen 22:19:55.888 [main] INFO  edu.bjut.boudia.myMain - meter_4032677262951180581:400,6252400,200
BruceChen 22:19:55.888 [main] INFO  edu.bjut.boudia.myMain - meter_2066478938589501567:regMsg,reg_backagg,reg_cc
BruceChen 22:19:55.888 [main] INFO  edu.bjut.boudia.myMain - meter_2066478938589501567:400,6289600,300
BruceChen 22:19:55.888 [main] INFO  edu.bjut.boudia.myMain - meter_492356302106977617:regMsg,reg_backagg,reg_cc
BruceChen 22:19:55.888 [main] INFO  edu.bjut.boudia.myMain - meter_492356302106977617:500,6329500,300
BruceChen 22:19:55.888 [main] INFO  edu.bjut.boudia.myMain - meter_1208348149457233413:regMsg,reg_backagg,reg_cc
BruceChen 22:19:55.888 [main] INFO  edu.bjut.boudia.myMain - meter_1208348149457233413:500,6348400,300
BruceChen 22:19:55.888 [main] INFO  edu.bjut.boudia.myMain - meter_1016948374482243889:regMsg,reg_backagg,reg_cc
BruceChen 22:19:55.888 [main] INFO  edu.bjut.boudia.myMain - meter_1016948374482243889:400,6163400,300
BruceChen 22:19:55.888 [main] INFO  edu.bjut.boudia.myMain - meter_2336989380885639073:regMsg,reg_backagg,reg_cc
BruceChen 22:19:55.888 [main] INFO  edu.bjut.boudia.myMain - meter_2336989380885639073:500,6260400,400
BruceChen 22:19:55.888 [main] INFO  edu.bjut.boudia.myMain - meter_5978133429200313423:regMsg,reg_backagg,reg_cc
BruceChen 22:19:55.888 [main] INFO  edu.bjut.boudia.myMain - meter_5978133429200313423:500,6348600,300
BruceChen 22:19:55.888 [main] INFO  edu.bjut.boudia.myMain - meter_441504348835332339:regMsg,reg_backagg,reg_cc
BruceChen 22:19:55.888 [main] INFO  edu.bjut.boudia.myMain - meter_441504348835332339:400,6359600,200
BruceChen 22:19:55.888 [main] INFO  edu.bjut.boudia.myMain - meter_6713441683378826125:regMsg,reg_backagg,reg_cc
BruceChen 22:19:55.888 [main] INFO  edu.bjut.boudia.myMain - meter_6713441683378826125:13200,6417400,300
BruceChen 22:19:55.888 [main] INFO  edu.bjut.boudia.myMain - meter_5810629690987505617:regMsg,reg_backagg,reg_cc
BruceChen 22:19:55.888 [main] INFO  edu.bjut.boudia.myMain - meter_5810629690987505617:600,6335300,200
BruceChen 22:19:55.888 [main] INFO  edu.bjut.boudia.myMain - meter_2577771988302608749:regMsg,reg_backagg,reg_cc
BruceChen 22:19:55.888 [main] INFO  edu.bjut.boudia.myMain - meter_2577771988302608749:8300,6253300,2100
BruceChen 22:19:55.888 [main] INFO  edu.bjut.boudia.myMain - meter_4387430542583386721:regMsg,reg_backagg,reg_cc
BruceChen 22:19:55.888 [main] INFO  edu.bjut.boudia.myMain - meter_4387430542583386721:100,6305200,100
BruceChen 22:19:55.888 [main] INFO  edu.bjut.boudia.myMain - meter_7561690150593576799:regMsg,reg_backagg,reg_cc
BruceChen 22:19:55.888 [main] INFO  edu.bjut.boudia.myMain - meter_7561690150593576799:100,6354500,100
BruceChen 22:19:55.888 [main] INFO  edu.bjut.boudia.myMain - meter_7547895181420788429:regMsg,reg_backagg,reg_cc
BruceChen 22:19:55.888 [main] INFO  edu.bjut.boudia.myMain - meter_7547895181420788429:0,6238300,0
BruceChen 22:19:56.396 [main] INFO  edu.bjut.boudia.myMain - oneTimeMeterRepTime
BruceChen 22:19:57.748 [main] INFO  edu.bjut.boudia.myMain - server:repMsg
BruceChen 22:19:57.748 [main] INFO  edu.bjut.boudia.myMain - server:37118700
BruceChen 22:19:57.748 [main] INFO  edu.bjut.boudia.myMain - agg:repMsg
BruceChen 22:19:57.748 [main] INFO  edu.bjut.boudia.myMain - agg:279401700
BruceChen 22:19:57.748 [main] INFO  edu.bjut.boudia.myMain - meter_3987795432586128277:repMsg
BruceChen 22:19:57.748 [main] INFO  edu.bjut.boudia.myMain - meter_3987795432586128277:25436500
BruceChen 22:19:57.748 [main] INFO  edu.bjut.boudia.myMain - meter_5846894388231959319:repMsg
BruceChen 22:19:57.748 [main] INFO  edu.bjut.boudia.myMain - meter_5846894388231959319:25533800
BruceChen 22:19:57.748 [main] INFO  edu.bjut.boudia.myMain - meter_8652933301205192855:repMsg
BruceChen 22:19:57.748 [main] INFO  edu.bjut.boudia.myMain - meter_8652933301205192855:25493300
BruceChen 22:19:57.748 [main] INFO  edu.bjut.boudia.myMain - meter_1081314325606763893:repMsg
BruceChen 22:19:57.748 [main] INFO  edu.bjut.boudia.myMain - meter_1081314325606763893:25697300
BruceChen 22:19:57.748 [main] INFO  edu.bjut.boudia.myMain - meter_1319409056143856603:repMsg
BruceChen 22:19:57.748 [main] INFO  edu.bjut.boudia.myMain - meter_1319409056143856603:25300300
BruceChen 22:19:57.748 [main] INFO  edu.bjut.boudia.myMain - meter_6792298063436984993:repMsg
BruceChen 22:19:57.748 [main] INFO  edu.bjut.boudia.myMain - meter_6792298063436984993:25560900
BruceChen 22:19:57.748 [main] INFO  edu.bjut.boudia.myMain - meter_6308782868650370773:repMsg
BruceChen 22:19:57.748 [main] INFO  edu.bjut.boudia.myMain - meter_6308782868650370773:25677400
BruceChen 22:19:57.748 [main] INFO  edu.bjut.boudia.myMain - meter_7338119228220550193:repMsg
BruceChen 22:19:57.748 [main] INFO  edu.bjut.boudia.myMain - meter_7338119228220550193:25402500
BruceChen 22:19:57.748 [main] INFO  edu.bjut.boudia.myMain - meter_2977297700011740527:repMsg
BruceChen 22:19:57.748 [main] INFO  edu.bjut.boudia.myMain - meter_2977297700011740527:26863500
BruceChen 22:19:57.748 [main] INFO  edu.bjut.boudia.myMain - meter_9142458107016171931:repMsg
BruceChen 22:19:57.748 [main] INFO  edu.bjut.boudia.myMain - meter_9142458107016171931:26124800
BruceChen 22:19:57.748 [main] INFO  edu.bjut.boudia.myMain - meter_1432116623126343185:repMsg
BruceChen 22:19:57.748 [main] INFO  edu.bjut.boudia.myMain - meter_1432116623126343185:25789200
BruceChen 22:19:57.748 [main] INFO  edu.bjut.boudia.myMain - meter_9209864334744284881:repMsg
BruceChen 22:19:57.748 [main] INFO  edu.bjut.boudia.myMain - meter_9209864334744284881:25500300
BruceChen 22:19:57.748 [main] INFO  edu.bjut.boudia.myMain - meter_8328036805318228869:repMsg
BruceChen 22:19:57.748 [main] INFO  edu.bjut.boudia.myMain - meter_8328036805318228869:25661200
BruceChen 22:19:57.748 [main] INFO  edu.bjut.boudia.myMain - meter_1228079589094608387:repMsg
BruceChen 22:19:57.748 [main] INFO  edu.bjut.boudia.myMain - meter_1228079589094608387:25510700
BruceChen 22:19:57.748 [main] INFO  edu.bjut.boudia.myMain - meter_7983364815351706951:repMsg
BruceChen 22:19:57.748 [main] INFO  edu.bjut.boudia.myMain - meter_7983364815351706951:25537900
BruceChen 22:19:57.748 [main] INFO  edu.bjut.boudia.myMain - meter_3872241765686249203:repMsg
BruceChen 22:19:57.748 [main] INFO  edu.bjut.boudia.myMain - meter_3872241765686249203:25219200
BruceChen 22:19:57.748 [main] INFO  edu.bjut.boudia.myMain - meter_1760706740363965467:repMsg
BruceChen 22:19:57.748 [main] INFO  edu.bjut.boudia.myMain - meter_1760706740363965467:25374100
BruceChen 22:19:57.748 [main] INFO  edu.bjut.boudia.myMain - meter_2003408089757541451:repMsg
BruceChen 22:19:57.748 [main] INFO  edu.bjut.boudia.myMain - meter_2003408089757541451:25542000
BruceChen 22:19:57.748 [main] INFO  edu.bjut.boudia.myMain - meter_3640602311371980523:repMsg
BruceChen 22:19:57.748 [main] INFO  edu.bjut.boudia.myMain - meter_3640602311371980523:25513400
BruceChen 22:19:57.748 [main] INFO  edu.bjut.boudia.myMain - meter_1653833651051490471:repMsg
BruceChen 22:19:57.748 [main] INFO  edu.bjut.boudia.myMain - meter_1653833651051490471:25534000
BruceChen 22:19:57.748 [main] INFO  edu.bjut.boudia.myMain - meter_1856673224277061017:repMsg
BruceChen 22:19:57.748 [main] INFO  edu.bjut.boudia.myMain - meter_1856673224277061017:25461300
BruceChen 22:19:57.748 [main] INFO  edu.bjut.boudia.myMain - meter_3096118030314060725:repMsg
BruceChen 22:19:57.748 [main] INFO  edu.bjut.boudia.myMain - meter_3096118030314060725:25281300
BruceChen 22:19:57.748 [main] INFO  edu.bjut.boudia.myMain - meter_7232797717550086065:repMsg
BruceChen 22:19:57.748 [main] INFO  edu.bjut.boudia.myMain - meter_7232797717550086065:25406100
BruceChen 22:19:57.748 [main] INFO  edu.bjut.boudia.myMain - meter_6217196255592693093:repMsg
BruceChen 22:19:57.748 [main] INFO  edu.bjut.boudia.myMain - meter_6217196255592693093:25298100
BruceChen 22:19:57.748 [main] INFO  edu.bjut.boudia.myMain - meter_2469266734132694611:repMsg
BruceChen 22:19:57.748 [main] INFO  edu.bjut.boudia.myMain - meter_2469266734132694611:25677100
BruceChen 22:19:57.748 [main] INFO  edu.bjut.boudia.myMain - meter_3199676479480272999:repMsg
BruceChen 22:19:57.748 [main] INFO  edu.bjut.boudia.myMain - meter_3199676479480272999:25266200
BruceChen 22:19:57.748 [main] INFO  edu.bjut.boudia.myMain - meter_4032677262951180581:repMsg
BruceChen 22:19:57.748 [main] INFO  edu.bjut.boudia.myMain - meter_4032677262951180581:25173600
BruceChen 22:19:57.748 [main] INFO  edu.bjut.boudia.myMain - meter_2066478938589501567:repMsg
BruceChen 22:19:57.748 [main] INFO  edu.bjut.boudia.myMain - meter_2066478938589501567:25392100
BruceChen 22:19:57.748 [main] INFO  edu.bjut.boudia.myMain - meter_492356302106977617:repMsg
BruceChen 22:19:57.748 [main] INFO  edu.bjut.boudia.myMain - meter_492356302106977617:25580500
BruceChen 22:19:57.748 [main] INFO  edu.bjut.boudia.myMain - meter_1208348149457233413:repMsg
BruceChen 22:19:57.748 [main] INFO  edu.bjut.boudia.myMain - meter_1208348149457233413:25382300
BruceChen 22:19:57.748 [main] INFO  edu.bjut.boudia.myMain - meter_1016948374482243889:repMsg
BruceChen 22:19:57.748 [main] INFO  edu.bjut.boudia.myMain - meter_1016948374482243889:25568900
BruceChen 22:19:57.748 [main] INFO  edu.bjut.boudia.myMain - meter_2336989380885639073:repMsg
BruceChen 22:19:57.748 [main] INFO  edu.bjut.boudia.myMain - meter_2336989380885639073:25571300
BruceChen 22:19:57.748 [main] INFO  edu.bjut.boudia.myMain - meter_5978133429200313423:repMsg
BruceChen 22:19:57.748 [main] INFO  edu.bjut.boudia.myMain - meter_5978133429200313423:26033700
BruceChen 22:19:57.748 [main] INFO  edu.bjut.boudia.myMain - meter_441504348835332339:repMsg
BruceChen 22:19:57.748 [main] INFO  edu.bjut.boudia.myMain - meter_441504348835332339:26297600
BruceChen 22:19:57.748 [main] INFO  edu.bjut.boudia.myMain - meter_6713441683378826125:repMsg
BruceChen 22:19:57.748 [main] INFO  edu.bjut.boudia.myMain - meter_6713441683378826125:26192300
BruceChen 22:19:57.748 [main] INFO  edu.bjut.boudia.myMain - meter_5810629690987505617:repMsg
BruceChen 22:19:57.748 [main] INFO  edu.bjut.boudia.myMain - meter_5810629690987505617:27322600
BruceChen 22:19:57.748 [main] INFO  edu.bjut.boudia.myMain - meter_2577771988302608749:repMsg
BruceChen 22:19:57.748 [main] INFO  edu.bjut.boudia.myMain - meter_2577771988302608749:26193000
BruceChen 22:19:57.748 [main] INFO  edu.bjut.boudia.myMain - meter_4387430542583386721:repMsg
BruceChen 22:19:57.748 [main] INFO  edu.bjut.boudia.myMain - meter_4387430542583386721:26042400
BruceChen 22:19:57.748 [main] INFO  edu.bjut.boudia.myMain - meter_7561690150593576799:repMsg
BruceChen 22:19:57.748 [main] INFO  edu.bjut.boudia.myMain - meter_7561690150593576799:26201800
BruceChen 22:19:57.748 [main] INFO  edu.bjut.boudia.myMain - meter_7547895181420788429:repMsg
BruceChen 22:19:57.748 [main] INFO  edu.bjut.boudia.myMain - meter_7547895181420788429:26261500
BruceChen 22:19:59.662 [main] INFO  edu.bjut.boudia.myMain - oneTimeMeterRegTime
BruceChen 22:20:00.046 [main] INFO  edu.bjut.boudia.myMain - server:pubkey
BruceChen 22:20:00.046 [main] INFO  edu.bjut.boudia.myMain - server:1500
BruceChen 22:20:00.046 [main] INFO  edu.bjut.boudia.myMain - agg:regMsg,regMsg,regMsg,regMsg,regMsg,regMsg,regMsg,regMsg,regMsg,regMsg,regMsg,regMsg,regMsg,regMsg,regMsg,regMsg,regMsg,regMsg,regMsg,regMsg,regMsg,regMsg,regMsg,regMsg,regMsg,regMsg,regMsg,regMsg,regMsg,regMsg
BruceChen 22:20:00.046 [main] INFO  edu.bjut.boudia.myMain - agg:6276000,6257800,6242400,6253100,6264600,6241700,6228800,6277500,6251500,6244600,6254900,6244700,6254000,6286300,6268900,6261800,6391500,6346500,6268500,6240100,6246100,6265700,6252700,6250200,6266100,6255200,6243500,6403400,6469000,6439300
BruceChen 22:20:00.046 [main] INFO  edu.bjut.boudia.myMain - meter_1259559706264974877:regMsg,reg_backagg,reg_cc
BruceChen 22:20:00.046 [main] INFO  edu.bjut.boudia.myMain - meter_1259559706264974877:0,6273900,100
BruceChen 22:20:00.046 [main] INFO  edu.bjut.boudia.myMain - meter_2705238105482159819:regMsg,reg_backagg,reg_cc
BruceChen 22:20:00.046 [main] INFO  edu.bjut.boudia.myMain - meter_2705238105482159819:100,6231000,100
BruceChen 22:20:00.046 [main] INFO  edu.bjut.boudia.myMain - meter_3049165951366677473:regMsg,reg_backagg,reg_cc
BruceChen 22:20:00.046 [main] INFO  edu.bjut.boudia.myMain - meter_3049165951366677473:0,6254900,100
BruceChen 22:20:00.046 [main] INFO  edu.bjut.boudia.myMain - meter_6903088173731982021:regMsg,reg_backagg,reg_cc
BruceChen 22:20:00.046 [main] INFO  edu.bjut.boudia.myMain - meter_6903088173731982021:100,6254900,100
BruceChen 22:20:00.046 [main] INFO  edu.bjut.boudia.myMain - meter_4327833216937700753:regMsg,reg_backagg,reg_cc
BruceChen 22:20:00.046 [main] INFO  edu.bjut.boudia.myMain - meter_4327833216937700753:100,6299400,100
BruceChen 22:20:00.046 [main] INFO  edu.bjut.boudia.myMain - meter_2178679686829657053:regMsg,reg_backagg,reg_cc
BruceChen 22:20:00.046 [main] INFO  edu.bjut.boudia.myMain - meter_2178679686829657053:100,6252800,0
BruceChen 22:20:00.046 [main] INFO  edu.bjut.boudia.myMain - meter_7535212632905140213:regMsg,reg_backagg,reg_cc
BruceChen 22:20:00.046 [main] INFO  edu.bjut.boudia.myMain - meter_7535212632905140213:100,6377900,0
BruceChen 22:20:00.046 [main] INFO  edu.bjut.boudia.myMain - meter_7540511755211453845:regMsg,reg_backagg,reg_cc
BruceChen 22:20:00.046 [main] INFO  edu.bjut.boudia.myMain - meter_7540511755211453845:0,6306200,0
BruceChen 22:20:00.046 [main] INFO  edu.bjut.boudia.myMain - meter_2980837877825775919:regMsg,reg_backagg,reg_cc
BruceChen 22:20:00.046 [main] INFO  edu.bjut.boudia.myMain - meter_2980837877825775919:100,6338800,0
BruceChen 22:20:00.046 [main] INFO  edu.bjut.boudia.myMain - meter_1417956977926179531:regMsg,reg_backagg,reg_cc
BruceChen 22:20:00.046 [main] INFO  edu.bjut.boudia.myMain - meter_1417956977926179531:0,6306700,0
BruceChen 22:20:00.046 [main] INFO  edu.bjut.boudia.myMain - meter_6250203344286941625:regMsg,reg_backagg,reg_cc
BruceChen 22:20:00.046 [main] INFO  edu.bjut.boudia.myMain - meter_6250203344286941625:0,6270300,100
BruceChen 22:20:00.046 [main] INFO  edu.bjut.boudia.myMain - meter_672447602910612389:regMsg,reg_backagg,reg_cc
BruceChen 22:20:00.046 [main] INFO  edu.bjut.boudia.myMain - meter_672447602910612389:0,6296200,0
BruceChen 22:20:00.046 [main] INFO  edu.bjut.boudia.myMain - meter_1467918804439784049:regMsg,reg_backagg,reg_cc
BruceChen 22:20:00.046 [main] INFO  edu.bjut.boudia.myMain - meter_1467918804439784049:0,6347800,100
BruceChen 22:20:00.046 [main] INFO  edu.bjut.boudia.myMain - meter_4190917634756479325:regMsg,reg_backagg,reg_cc
BruceChen 22:20:00.046 [main] INFO  edu.bjut.boudia.myMain - meter_4190917634756479325:0,6283200,100
BruceChen 22:20:00.046 [main] INFO  edu.bjut.boudia.myMain - meter_2526090008632730447:regMsg,reg_backagg,reg_cc
BruceChen 22:20:00.046 [main] INFO  edu.bjut.boudia.myMain - meter_2526090008632730447:0,6423700,0
BruceChen 22:20:00.046 [main] INFO  edu.bjut.boudia.myMain - meter_4871365280034783507:regMsg,reg_backagg,reg_cc
BruceChen 22:20:00.046 [main] INFO  edu.bjut.boudia.myMain - meter_4871365280034783507:0,7685500,0
BruceChen 22:20:00.046 [main] INFO  edu.bjut.boudia.myMain - meter_1065755016144061561:regMsg,reg_backagg,reg_cc
BruceChen 22:20:00.046 [main] INFO  edu.bjut.boudia.myMain - meter_1065755016144061561:100,6385400,100
BruceChen 22:20:00.046 [main] INFO  edu.bjut.boudia.myMain - meter_7324829896786784297:regMsg,reg_backagg,reg_cc
BruceChen 22:20:00.046 [main] INFO  edu.bjut.boudia.myMain - meter_7324829896786784297:0,6363100,100
BruceChen 22:20:00.046 [main] INFO  edu.bjut.boudia.myMain - meter_8235534200453537731:regMsg,reg_backagg,reg_cc
BruceChen 22:20:00.046 [main] INFO  edu.bjut.boudia.myMain - meter_8235534200453537731:0,6281000,100
BruceChen 22:20:00.046 [main] INFO  edu.bjut.boudia.myMain - meter_676463203450826247:regMsg,reg_backagg,reg_cc
BruceChen 22:20:00.046 [main] INFO  edu.bjut.boudia.myMain - meter_676463203450826247:100,6254900,0
BruceChen 22:20:00.046 [main] INFO  edu.bjut.boudia.myMain - meter_41325674248026721:regMsg,reg_backagg,reg_cc
BruceChen 22:20:00.046 [main] INFO  edu.bjut.boudia.myMain - meter_41325674248026721:100,6330700,100
BruceChen 22:20:00.046 [main] INFO  edu.bjut.boudia.myMain - meter_4421434321214825881:regMsg,reg_backagg,reg_cc
BruceChen 22:20:00.046 [main] INFO  edu.bjut.boudia.myMain - meter_4421434321214825881:0,6384600,100
BruceChen 22:20:00.046 [main] INFO  edu.bjut.boudia.myMain - meter_6093999596589673823:regMsg,reg_backagg,reg_cc
BruceChen 22:20:00.046 [main] INFO  edu.bjut.boudia.myMain - meter_6093999596589673823:0,6352000,0
BruceChen 22:20:00.046 [main] INFO  edu.bjut.boudia.myMain - meter_4766229724119292583:regMsg,reg_backagg,reg_cc
BruceChen 22:20:00.046 [main] INFO  edu.bjut.boudia.myMain - meter_4766229724119292583:100,6353200,0
BruceChen 22:20:00.046 [main] INFO  edu.bjut.boudia.myMain - meter_4774430110454373461:regMsg,reg_backagg,reg_cc
BruceChen 22:20:00.046 [main] INFO  edu.bjut.boudia.myMain - meter_4774430110454373461:0,6402200,100
BruceChen 22:20:00.046 [main] INFO  edu.bjut.boudia.myMain - meter_4455578290253448989:regMsg,reg_backagg,reg_cc
BruceChen 22:20:00.046 [main] INFO  edu.bjut.boudia.myMain - meter_4455578290253448989:100,6360900,100
BruceChen 22:20:00.046 [main] INFO  edu.bjut.boudia.myMain - meter_2931275524673572913:regMsg,reg_backagg,reg_cc
BruceChen 22:20:00.046 [main] INFO  edu.bjut.boudia.myMain - meter_2931275524673572913:100,6275600,0
BruceChen 22:20:00.046 [main] INFO  edu.bjut.boudia.myMain - meter_5749442656290205877:regMsg,reg_backagg,reg_cc
BruceChen 22:20:00.046 [main] INFO  edu.bjut.boudia.myMain - meter_5749442656290205877:0,6484800,200
BruceChen 22:20:00.046 [main] INFO  edu.bjut.boudia.myMain - meter_4666894593738527337:regMsg,reg_backagg,reg_cc
BruceChen 22:20:00.046 [main] INFO  edu.bjut.boudia.myMain - meter_4666894593738527337:100,6464700,100
BruceChen 22:20:00.046 [main] INFO  edu.bjut.boudia.myMain - meter_4022797972219186813:regMsg,reg_backagg,reg_cc
BruceChen 22:20:00.046 [main] INFO  edu.bjut.boudia.myMain - meter_4022797972219186813:0,6448200,100
BruceChen 22:20:00.428 [main] INFO  edu.bjut.boudia.myMain - oneTimeMeterRepTime
BruceChen 22:20:01.444 [main] INFO  edu.bjut.boudia.myMain - server:repMsg
BruceChen 22:20:01.444 [main] INFO  edu.bjut.boudia.myMain - server:33621800
BruceChen 22:20:01.444 [main] INFO  edu.bjut.boudia.myMain - agg:repMsg
BruceChen 22:20:01.444 [main] INFO  edu.bjut.boudia.myMain - agg:213013100
BruceChen 22:20:01.444 [main] INFO  edu.bjut.boudia.myMain - meter_1259559706264974877:repMsg
BruceChen 22:20:01.444 [main] INFO  edu.bjut.boudia.myMain - meter_1259559706264974877:25530900
BruceChen 22:20:01.444 [main] INFO  edu.bjut.boudia.myMain - meter_2705238105482159819:repMsg
BruceChen 22:20:01.444 [main] INFO  edu.bjut.boudia.myMain - meter_2705238105482159819:25639300
BruceChen 22:20:01.444 [main] INFO  edu.bjut.boudia.myMain - meter_3049165951366677473:repMsg
BruceChen 22:20:01.444 [main] INFO  edu.bjut.boudia.myMain - meter_3049165951366677473:26231600
BruceChen 22:20:01.444 [main] INFO  edu.bjut.boudia.myMain - meter_6903088173731982021:repMsg
BruceChen 22:20:01.444 [main] INFO  edu.bjut.boudia.myMain - meter_6903088173731982021:26321700
BruceChen 22:20:01.444 [main] INFO  edu.bjut.boudia.myMain - meter_4327833216937700753:repMsg
BruceChen 22:20:01.444 [main] INFO  edu.bjut.boudia.myMain - meter_4327833216937700753:26278700
BruceChen 22:20:01.444 [main] INFO  edu.bjut.boudia.myMain - meter_2178679686829657053:repMsg
BruceChen 22:20:01.444 [main] INFO  edu.bjut.boudia.myMain - meter_2178679686829657053:27538300
BruceChen 22:20:01.444 [main] INFO  edu.bjut.boudia.myMain - meter_7535212632905140213:repMsg
BruceChen 22:20:01.444 [main] INFO  edu.bjut.boudia.myMain - meter_7535212632905140213:26407000
BruceChen 22:20:01.444 [main] INFO  edu.bjut.boudia.myMain - meter_7540511755211453845:repMsg
BruceChen 22:20:01.444 [main] INFO  edu.bjut.boudia.myMain - meter_7540511755211453845:26316200
BruceChen 22:20:01.444 [main] INFO  edu.bjut.boudia.myMain - meter_2980837877825775919:repMsg
BruceChen 22:20:01.444 [main] INFO  edu.bjut.boudia.myMain - meter_2980837877825775919:25732600
BruceChen 22:20:01.444 [main] INFO  edu.bjut.boudia.myMain - meter_1417956977926179531:repMsg
BruceChen 22:20:01.444 [main] INFO  edu.bjut.boudia.myMain - meter_1417956977926179531:25550300
BruceChen 22:20:01.444 [main] INFO  edu.bjut.boudia.myMain - meter_6250203344286941625:repMsg
BruceChen 22:20:01.444 [main] INFO  edu.bjut.boudia.myMain - meter_6250203344286941625:25579900
BruceChen 22:20:01.444 [main] INFO  edu.bjut.boudia.myMain - meter_672447602910612389:repMsg
BruceChen 22:20:01.444 [main] INFO  edu.bjut.boudia.myMain - meter_672447602910612389:25521800
BruceChen 22:20:01.444 [main] INFO  edu.bjut.boudia.myMain - meter_1467918804439784049:repMsg
BruceChen 22:20:01.444 [main] INFO  edu.bjut.boudia.myMain - meter_1467918804439784049:25552900
BruceChen 22:20:01.444 [main] INFO  edu.bjut.boudia.myMain - meter_4190917634756479325:repMsg
BruceChen 22:20:01.444 [main] INFO  edu.bjut.boudia.myMain - meter_4190917634756479325:25361400
BruceChen 22:20:01.444 [main] INFO  edu.bjut.boudia.myMain - meter_2526090008632730447:repMsg
BruceChen 22:20:01.444 [main] INFO  edu.bjut.boudia.myMain - meter_2526090008632730447:25312900
BruceChen 22:20:01.444 [main] INFO  edu.bjut.boudia.myMain - meter_4871365280034783507:repMsg
BruceChen 22:20:01.444 [main] INFO  edu.bjut.boudia.myMain - meter_4871365280034783507:25409500
BruceChen 22:20:01.444 [main] INFO  edu.bjut.boudia.myMain - meter_1065755016144061561:repMsg
BruceChen 22:20:01.444 [main] INFO  edu.bjut.boudia.myMain - meter_1065755016144061561:25699900
BruceChen 22:20:01.444 [main] INFO  edu.bjut.boudia.myMain - meter_7324829896786784297:repMsg
BruceChen 22:20:01.444 [main] INFO  edu.bjut.boudia.myMain - meter_7324829896786784297:25563000
BruceChen 22:20:01.444 [main] INFO  edu.bjut.boudia.myMain - meter_8235534200453537731:repMsg
BruceChen 22:20:01.444 [main] INFO  edu.bjut.boudia.myMain - meter_8235534200453537731:25673000
BruceChen 22:20:01.444 [main] INFO  edu.bjut.boudia.myMain - meter_676463203450826247:repMsg
BruceChen 22:20:01.444 [main] INFO  edu.bjut.boudia.myMain - meter_676463203450826247:25406300
BruceChen 22:20:01.444 [main] INFO  edu.bjut.boudia.myMain - meter_41325674248026721:repMsg
BruceChen 22:20:01.444 [main] INFO  edu.bjut.boudia.myMain - meter_41325674248026721:25518600
BruceChen 22:20:01.444 [main] INFO  edu.bjut.boudia.myMain - meter_4421434321214825881:repMsg
BruceChen 22:20:01.444 [main] INFO  edu.bjut.boudia.myMain - meter_4421434321214825881:25414900
BruceChen 22:20:01.444 [main] INFO  edu.bjut.boudia.myMain - meter_6093999596589673823:repMsg
BruceChen 22:20:01.444 [main] INFO  edu.bjut.boudia.myMain - meter_6093999596589673823:25550100
BruceChen 22:20:01.444 [main] INFO  edu.bjut.boudia.myMain - meter_4766229724119292583:repMsg
BruceChen 22:20:01.444 [main] INFO  edu.bjut.boudia.myMain - meter_4766229724119292583:25382000
BruceChen 22:20:01.444 [main] INFO  edu.bjut.boudia.myMain - meter_4774430110454373461:repMsg
BruceChen 22:20:01.444 [main] INFO  edu.bjut.boudia.myMain - meter_4774430110454373461:25499300
BruceChen 22:20:01.444 [main] INFO  edu.bjut.boudia.myMain - meter_4455578290253448989:repMsg
BruceChen 22:20:01.444 [main] INFO  edu.bjut.boudia.myMain - meter_4455578290253448989:25439900
BruceChen 22:20:01.444 [main] INFO  edu.bjut.boudia.myMain - meter_2931275524673572913:repMsg
BruceChen 22:20:01.444 [main] INFO  edu.bjut.boudia.myMain - meter_2931275524673572913:25487000
BruceChen 22:20:01.444 [main] INFO  edu.bjut.boudia.myMain - meter_5749442656290205877:repMsg
BruceChen 22:20:01.444 [main] INFO  edu.bjut.boudia.myMain - meter_5749442656290205877:25561900
BruceChen 22:20:01.444 [main] INFO  edu.bjut.boudia.myMain - meter_4666894593738527337:repMsg
BruceChen 22:20:01.444 [main] INFO  edu.bjut.boudia.myMain - meter_4666894593738527337:25565800
BruceChen 22:20:01.444 [main] INFO  edu.bjut.boudia.myMain - meter_4022797972219186813:repMsg
BruceChen 22:20:01.444 [main] INFO  edu.bjut.boudia.myMain - meter_4022797972219186813:25259400
BruceChen 22:20:02.813 [main] INFO  edu.bjut.boudia.myMain - oneTimeMeterRegTime
BruceChen 22:20:03.070 [main] INFO  edu.bjut.boudia.myMain - server:pubkey
BruceChen 22:20:03.070 [main] INFO  edu.bjut.boudia.myMain - server:1200
BruceChen 22:20:03.070 [main] INFO  edu.bjut.boudia.myMain - agg:regMsg,regMsg,regMsg,regMsg,regMsg,regMsg,regMsg,regMsg,regMsg,regMsg,regMsg,regMsg,regMsg,regMsg,regMsg,regMsg,regMsg,regMsg,regMsg,regMsg
BruceChen 22:20:03.070 [main] INFO  edu.bjut.boudia.myMain - agg:6307100,6251500,6254800,6269400,6249600,6248300,6264100,6263000,6252600,6256000,6249400,6248900,6259300,6266100,6262600,6292100,6292300,6337300,6302500,6295700
BruceChen 22:20:03.070 [main] INFO  edu.bjut.boudia.myMain - meter_9185256431939250611:regMsg,reg_backagg,reg_cc
BruceChen 22:20:03.070 [main] INFO  edu.bjut.boudia.myMain - meter_9185256431939250611:100,6282100,200
BruceChen 22:20:03.070 [main] INFO  edu.bjut.boudia.myMain - meter_6357617855881147393:regMsg,reg_backagg,reg_cc
BruceChen 22:20:03.070 [main] INFO  edu.bjut.boudia.myMain - meter_6357617855881147393:100,6412200,0
BruceChen 22:20:03.070 [main] INFO  edu.bjut.boudia.myMain - meter_4462768444830065827:regMsg,reg_backagg,reg_cc
BruceChen 22:20:03.070 [main] INFO  edu.bjut.boudia.myMain - meter_4462768444830065827:0,6360100,100
BruceChen 22:20:03.070 [main] INFO  edu.bjut.boudia.myMain - meter_6818971317208457057:regMsg,reg_backagg,reg_cc
BruceChen 22:20:03.070 [main] INFO  edu.bjut.boudia.myMain - meter_6818971317208457057:0,6447000,100
BruceChen 22:20:03.070 [main] INFO  edu.bjut.boudia.myMain - meter_6105064094520851841:regMsg,reg_backagg,reg_cc
BruceChen 22:20:03.070 [main] INFO  edu.bjut.boudia.myMain - meter_6105064094520851841:100,6293900,100
BruceChen 22:20:03.070 [main] INFO  edu.bjut.boudia.myMain - meter_2206464999937089017:regMsg,reg_backagg,reg_cc
BruceChen 22:20:03.070 [main] INFO  edu.bjut.boudia.myMain - meter_2206464999937089017:100,6306100,100
BruceChen 22:20:03.070 [main] INFO  edu.bjut.boudia.myMain - meter_3003455883966410739:regMsg,reg_backagg,reg_cc
BruceChen 22:20:03.070 [main] INFO  edu.bjut.boudia.myMain - meter_3003455883966410739:0,6232500,0
BruceChen 22:20:03.070 [main] INFO  edu.bjut.boudia.myMain - meter_2318659335406269437:regMsg,reg_backagg,reg_cc
BruceChen 22:20:03.070 [main] INFO  edu.bjut.boudia.myMain - meter_2318659335406269437:100,6288700,0
BruceChen 22:20:03.070 [main] INFO  edu.bjut.boudia.myMain - meter_7298921406774468045:regMsg,reg_backagg,reg_cc
BruceChen 22:20:03.070 [main] INFO  edu.bjut.boudia.myMain - meter_7298921406774468045:0,6358100,0
BruceChen 22:20:03.070 [main] INFO  edu.bjut.boudia.myMain - meter_6849243579635339581:regMsg,reg_backagg,reg_cc
BruceChen 22:20:03.070 [main] INFO  edu.bjut.boudia.myMain - meter_6849243579635339581:0,6230300,100
BruceChen 22:20:03.070 [main] INFO  edu.bjut.boudia.myMain - meter_4072897358175646729:regMsg,reg_backagg,reg_cc
BruceChen 22:20:03.070 [main] INFO  edu.bjut.boudia.myMain - meter_4072897358175646729:0,6401800,0
BruceChen 22:20:03.070 [main] INFO  edu.bjut.boudia.myMain - meter_3087808315728877761:regMsg,reg_backagg,reg_cc
BruceChen 22:20:03.070 [main] INFO  edu.bjut.boudia.myMain - meter_3087808315728877761:100,6274300,0
BruceChen 22:20:03.070 [main] INFO  edu.bjut.boudia.myMain - meter_6604952941920651003:regMsg,reg_backagg,reg_cc
BruceChen 22:20:03.070 [main] INFO  edu.bjut.boudia.myMain - meter_6604952941920651003:0,6334600,0
BruceChen 22:20:03.070 [main] INFO  edu.bjut.boudia.myMain - meter_2960097187048203475:regMsg,reg_backagg,reg_cc
BruceChen 22:20:03.070 [main] INFO  edu.bjut.boudia.myMain - meter_2960097187048203475:100,6351100,100
BruceChen 22:20:03.070 [main] INFO  edu.bjut.boudia.myMain - meter_464692784597754001:regMsg,reg_backagg,reg_cc
BruceChen 22:20:03.070 [main] INFO  edu.bjut.boudia.myMain - meter_464692784597754001:0,6313300,0
BruceChen 22:20:03.070 [main] INFO  edu.bjut.boudia.myMain - meter_3779814403287321843:regMsg,reg_backagg,reg_cc
BruceChen 22:20:03.070 [main] INFO  edu.bjut.boudia.myMain - meter_3779814403287321843:0,6275400,100
BruceChen 22:20:03.070 [main] INFO  edu.bjut.boudia.myMain - meter_434510891638709413:regMsg,reg_backagg,reg_cc
BruceChen 22:20:03.070 [main] INFO  edu.bjut.boudia.myMain - meter_434510891638709413:100,6356100,100
BruceChen 22:20:03.070 [main] INFO  edu.bjut.boudia.myMain - meter_8388380256720338527:regMsg,reg_backagg,reg_cc
BruceChen 22:20:03.070 [main] INFO  edu.bjut.boudia.myMain - meter_8388380256720338527:100,6345500,100
BruceChen 22:20:03.070 [main] INFO  edu.bjut.boudia.myMain - meter_5249018019776427361:regMsg,reg_backagg,reg_cc
BruceChen 22:20:03.070 [main] INFO  edu.bjut.boudia.myMain - meter_5249018019776427361:0,6319300,100
BruceChen 22:20:03.070 [main] INFO  edu.bjut.boudia.myMain - meter_5606884640282867997:regMsg,reg_backagg,reg_cc
BruceChen 22:20:03.070 [main] INFO  edu.bjut.boudia.myMain - meter_5606884640282867997:0,6364100,100
BruceChen 22:20:03.337 [main] INFO  edu.bjut.boudia.myMain - oneTimeMeterRepTime
BruceChen 22:20:04.040 [main] INFO  edu.bjut.boudia.myMain - server:repMsg
BruceChen 22:20:04.040 [main] INFO  edu.bjut.boudia.myMain - server:34461200
BruceChen 22:20:04.040 [main] INFO  edu.bjut.boudia.myMain - agg:repMsg
BruceChen 22:20:04.040 [main] INFO  edu.bjut.boudia.myMain - agg:146150800
BruceChen 22:20:04.040 [main] INFO  edu.bjut.boudia.myMain - meter_9185256431939250611:repMsg
BruceChen 22:20:04.040 [main] INFO  edu.bjut.boudia.myMain - meter_9185256431939250611:26367500
BruceChen 22:20:04.040 [main] INFO  edu.bjut.boudia.myMain - meter_6357617855881147393:repMsg
BruceChen 22:20:04.040 [main] INFO  edu.bjut.boudia.myMain - meter_6357617855881147393:26322100
BruceChen 22:20:04.040 [main] INFO  edu.bjut.boudia.myMain - meter_4462768444830065827:repMsg
BruceChen 22:20:04.040 [main] INFO  edu.bjut.boudia.myMain - meter_4462768444830065827:26343000
BruceChen 22:20:04.040 [main] INFO  edu.bjut.boudia.myMain - meter_6818971317208457057:repMsg
BruceChen 22:20:04.040 [main] INFO  edu.bjut.boudia.myMain - meter_6818971317208457057:26262000
BruceChen 22:20:04.040 [main] INFO  edu.bjut.boudia.myMain - meter_6105064094520851841:repMsg
BruceChen 22:20:04.040 [main] INFO  edu.bjut.boudia.myMain - meter_6105064094520851841:26099300
BruceChen 22:20:04.040 [main] INFO  edu.bjut.boudia.myMain - meter_2206464999937089017:repMsg
BruceChen 22:20:04.040 [main] INFO  edu.bjut.boudia.myMain - meter_2206464999937089017:26218400
BruceChen 22:20:04.040 [main] INFO  edu.bjut.boudia.myMain - meter_3003455883966410739:repMsg
BruceChen 22:20:04.040 [main] INFO  edu.bjut.boudia.myMain - meter_3003455883966410739:27049900
BruceChen 22:20:04.040 [main] INFO  edu.bjut.boudia.myMain - meter_2318659335406269437:repMsg
BruceChen 22:20:04.040 [main] INFO  edu.bjut.boudia.myMain - meter_2318659335406269437:26333800
BruceChen 22:20:04.040 [main] INFO  edu.bjut.boudia.myMain - meter_7298921406774468045:repMsg
BruceChen 22:20:04.040 [main] INFO  edu.bjut.boudia.myMain - meter_7298921406774468045:26216900
BruceChen 22:20:04.040 [main] INFO  edu.bjut.boudia.myMain - meter_6849243579635339581:repMsg
BruceChen 22:20:04.040 [main] INFO  edu.bjut.boudia.myMain - meter_6849243579635339581:26423200
BruceChen 22:20:04.040 [main] INFO  edu.bjut.boudia.myMain - meter_4072897358175646729:repMsg
BruceChen 22:20:04.040 [main] INFO  edu.bjut.boudia.myMain - meter_4072897358175646729:26347100
BruceChen 22:20:04.040 [main] INFO  edu.bjut.boudia.myMain - meter_3087808315728877761:repMsg
BruceChen 22:20:04.040 [main] INFO  edu.bjut.boudia.myMain - meter_3087808315728877761:26106700
BruceChen 22:20:04.040 [main] INFO  edu.bjut.boudia.myMain - meter_6604952941920651003:repMsg
BruceChen 22:20:04.040 [main] INFO  edu.bjut.boudia.myMain - meter_6604952941920651003:26270300
BruceChen 22:20:04.040 [main] INFO  edu.bjut.boudia.myMain - meter_2960097187048203475:repMsg
BruceChen 22:20:04.040 [main] INFO  edu.bjut.boudia.myMain - meter_2960097187048203475:26158700
BruceChen 22:20:04.040 [main] INFO  edu.bjut.boudia.myMain - meter_464692784597754001:repMsg
BruceChen 22:20:04.040 [main] INFO  edu.bjut.boudia.myMain - meter_464692784597754001:28952800
BruceChen 22:20:04.040 [main] INFO  edu.bjut.boudia.myMain - meter_3779814403287321843:repMsg
BruceChen 22:20:04.040 [main] INFO  edu.bjut.boudia.myMain - meter_3779814403287321843:26365800
BruceChen 22:20:04.040 [main] INFO  edu.bjut.boudia.myMain - meter_434510891638709413:repMsg
BruceChen 22:20:04.040 [main] INFO  edu.bjut.boudia.myMain - meter_434510891638709413:26327200
BruceChen 22:20:04.040 [main] INFO  edu.bjut.boudia.myMain - meter_8388380256720338527:repMsg
BruceChen 22:20:04.040 [main] INFO  edu.bjut.boudia.myMain - meter_8388380256720338527:26316900
BruceChen 22:20:04.040 [main] INFO  edu.bjut.boudia.myMain - meter_5249018019776427361:repMsg
BruceChen 22:20:04.040 [main] INFO  edu.bjut.boudia.myMain - meter_5249018019776427361:26188900
BruceChen 22:20:04.040 [main] INFO  edu.bjut.boudia.myMain - meter_5606884640282867997:repMsg
BruceChen 22:20:04.040 [main] INFO  edu.bjut.boudia.myMain - meter_5606884640282867997:26226700
