BruceChen 20:18:06.644 [main] INFO  edu.bjut.boudia.myMain - oneTimeMeterRegTime
BruceChen 20:18:07.435 [main] INFO  edu.bjut.boudia.myMain - server:pubkey
BruceChen 20:18:07.435 [main] INFO  edu.bjut.boudia.myMain - server:206600
BruceChen 20:18:07.435 [main] INFO  edu.bjut.boudia.myMain - agg:regMsg,regMsg,regMsg,regMsg,regMsg,regMsg,regMsg,regMsg,regMsg,regMsg,regMsg,regMsg,regMsg,regMsg,regMsg,regMsg,regMsg,regMsg,regMsg,regMsg,regMsg,regMsg,regMsg,regMsg,regMsg,regMsg,regMsg,regMsg,regMsg,regMsg,regMsg,regMsg,regMsg,regMsg,regMsg,regMsg,regMsg,regMsg,regMsg,regMsg,regMsg,regMsg,regMsg,regMsg,regMsg,regMsg,regMsg,regMsg,regMsg,regMsg,regMsg,regMsg,regMsg,regMsg,regMsg,regMsg,regMsg,regMsg,regMsg,regMsg
BruceChen 20:18:07.446 [main] INFO  edu.bjut.boudia.myMain - agg:6575700,6536500,6508300,6481800,6464200,6548700,6531400,6453500,6415700,6427800,6494500,6445300,6399200,6461400,6512400,6471400,6364000,6465400,6415100,6503700,6482100,6484900,6463000,6500800,6448700,6447300,6471200,6660400,6461600,6484000,6498100,6652100,6491600,6467100,6457200,6447700,6476100,6470100,6492500,6427300,6411400,6372700,6475100,6470500,6459100,6389800,6384100,6436200,6452600,6442700,6332000,6260200,6285500,6257100,6274200,6268500,6301700,6274900,6547100,6456700
BruceChen 20:18:07.446 [main] INFO  edu.bjut.boudia.myMain - meter_4268736521213725915:regMsg,reg_backagg,reg_cc
BruceChen 20:18:07.446 [main] INFO  edu.bjut.boudia.myMain - meter_4268736521213725915:2500,6526900,4000
BruceChen 20:18:07.446 [main] INFO  edu.bjut.boudia.myMain - meter_7673341683550949075:regMsg,reg_backagg,reg_cc
BruceChen 20:18:07.446 [main] INFO  edu.bjut.boudia.myMain - meter_7673341683550949075:500,6544300,400
BruceChen 20:18:07.446 [main] INFO  edu.bjut.boudia.myMain - meter_3697624245551279925:regMsg,reg_backagg,reg_cc
BruceChen 20:18:07.446 [main] INFO  edu.bjut.boudia.myMain - meter_3697624245551279925:300,6544100,500
BruceChen 20:18:07.446 [main] INFO  edu.bjut.boudia.myMain - meter_3883305643367758121:regMsg,reg_backagg,reg_cc
BruceChen 20:18:07.446 [main] INFO  edu.bjut.boudia.myMain - meter_3883305643367758121:300,6601700,300
BruceChen 20:18:07.446 [main] INFO  edu.bjut.boudia.myMain - meter_4531605352050959997:regMsg,reg_backagg,reg_cc
BruceChen 20:18:07.446 [main] INFO  edu.bjut.boudia.myMain - meter_4531605352050959997:300,6530500,300
BruceChen 20:18:07.446 [main] INFO  edu.bjut.boudia.myMain - meter_3762437854808479739:regMsg,reg_backagg,reg_cc
BruceChen 20:18:07.446 [main] INFO  edu.bjut.boudia.myMain - meter_3762437854808479739:300,6578800,300
BruceChen 20:18:07.446 [main] INFO  edu.bjut.boudia.myMain - meter_2553540147698672913:regMsg,reg_backagg,reg_cc
BruceChen 20:18:07.446 [main] INFO  edu.bjut.boudia.myMain - meter_2553540147698672913:300,6562300,400
BruceChen 20:18:07.446 [main] INFO  edu.bjut.boudia.myMain - meter_8485437685182536183:regMsg,reg_backagg,reg_cc
BruceChen 20:18:07.446 [main] INFO  edu.bjut.boudia.myMain - meter_8485437685182536183:400,6472900,300
BruceChen 20:18:07.446 [main] INFO  edu.bjut.boudia.myMain - meter_7501495028724819091:regMsg,reg_backagg,reg_cc
BruceChen 20:18:07.446 [main] INFO  edu.bjut.boudia.myMain - meter_7501495028724819091:300,6611000,300
BruceChen 20:18:07.446 [main] INFO  edu.bjut.boudia.myMain - meter_4579372442962276227:regMsg,reg_backagg,reg_cc
BruceChen 20:18:07.446 [main] INFO  edu.bjut.boudia.myMain - meter_4579372442962276227:300,6402400,400
BruceChen 20:18:07.446 [main] INFO  edu.bjut.boudia.myMain - meter_748583101480577291:regMsg,reg_backagg,reg_cc
BruceChen 20:18:07.446 [main] INFO  edu.bjut.boudia.myMain - meter_748583101480577291:200,6553200,600
BruceChen 20:18:07.446 [main] INFO  edu.bjut.boudia.myMain - meter_1729658849201160367:regMsg,reg_backagg,reg_cc
BruceChen 20:18:07.446 [main] INFO  edu.bjut.boudia.myMain - meter_1729658849201160367:300,6475600,300
BruceChen 20:18:07.446 [main] INFO  edu.bjut.boudia.myMain - meter_5895777672442959187:regMsg,reg_backagg,reg_cc
BruceChen 20:18:07.446 [main] INFO  edu.bjut.boudia.myMain - meter_5895777672442959187:300,6485800,400
BruceChen 20:18:07.446 [main] INFO  edu.bjut.boudia.myMain - meter_3285299585100533913:regMsg,reg_backagg,reg_cc
BruceChen 20:18:07.446 [main] INFO  edu.bjut.boudia.myMain - meter_3285299585100533913:300,6605500,300
BruceChen 20:18:07.446 [main] INFO  edu.bjut.boudia.myMain - meter_7870307424152379601:regMsg,reg_backagg,reg_cc
BruceChen 20:18:07.446 [main] INFO  edu.bjut.boudia.myMain - meter_7870307424152379601:200,6556300,500
BruceChen 20:18:07.446 [main] INFO  edu.bjut.boudia.myMain - meter_7908453993256027105:regMsg,reg_backagg,reg_cc
BruceChen 20:18:07.446 [main] INFO  edu.bjut.boudia.myMain - meter_7908453993256027105:300,6416700,200
BruceChen 20:18:07.446 [main] INFO  edu.bjut.boudia.myMain - meter_7310906539752842453:regMsg,reg_backagg,reg_cc
BruceChen 20:18:07.446 [main] INFO  edu.bjut.boudia.myMain - meter_7310906539752842453:300,6513400,300
BruceChen 20:18:07.446 [main] INFO  edu.bjut.boudia.myMain - meter_2891506031272016085:regMsg,reg_backagg,reg_cc
BruceChen 20:18:07.446 [main] INFO  edu.bjut.boudia.myMain - meter_2891506031272016085:200,6543600,300
BruceChen 20:18:07.446 [main] INFO  edu.bjut.boudia.myMain - meter_1700650711718393259:regMsg,reg_backagg,reg_cc
BruceChen 20:18:07.446 [main] INFO  edu.bjut.boudia.myMain - meter_1700650711718393259:200,6546600,300
BruceChen 20:18:07.446 [main] INFO  edu.bjut.boudia.myMain - meter_2939397345689133733:regMsg,reg_backagg,reg_cc
BruceChen 20:18:07.446 [main] INFO  edu.bjut.boudia.myMain - meter_2939397345689133733:200,6543800,300
BruceChen 20:18:07.446 [main] INFO  edu.bjut.boudia.myMain - meter_318161946005914021:regMsg,reg_backagg,reg_cc
BruceChen 20:18:07.446 [main] INFO  edu.bjut.boudia.myMain - meter_318161946005914021:300,6608100,400
BruceChen 20:18:07.446 [main] INFO  edu.bjut.boudia.myMain - meter_7541983069951873821:regMsg,reg_backagg,reg_cc
BruceChen 20:18:07.446 [main] INFO  edu.bjut.boudia.myMain - meter_7541983069951873821:300,6591900,300
BruceChen 20:18:07.446 [main] INFO  edu.bjut.boudia.myMain - meter_7624296802493589349:regMsg,reg_backagg,reg_cc
BruceChen 20:18:07.446 [main] INFO  edu.bjut.boudia.myMain - meter_7624296802493589349:200,6533800,400
BruceChen 20:18:07.446 [main] INFO  edu.bjut.boudia.myMain - meter_3393859777741611883:regMsg,reg_backagg,reg_cc
BruceChen 20:18:07.446 [main] INFO  edu.bjut.boudia.myMain - meter_3393859777741611883:300,6472900,300
BruceChen 20:18:07.446 [main] INFO  edu.bjut.boudia.myMain - meter_189014342960000287:regMsg,reg_backagg,reg_cc
BruceChen 20:18:07.446 [main] INFO  edu.bjut.boudia.myMain - meter_189014342960000287:200,6325800,400
BruceChen 20:18:07.446 [main] INFO  edu.bjut.boudia.myMain - meter_3624383526542396315:regMsg,reg_backagg,reg_cc
BruceChen 20:18:07.446 [main] INFO  edu.bjut.boudia.myMain - meter_3624383526542396315:700,6577700,500
BruceChen 20:18:07.446 [main] INFO  edu.bjut.boudia.myMain - meter_6070063299888183413:regMsg,reg_backagg,reg_cc
BruceChen 20:18:07.446 [main] INFO  edu.bjut.boudia.myMain - meter_6070063299888183413:200,6592600,400
BruceChen 20:18:07.446 [main] INFO  edu.bjut.boudia.myMain - meter_7633424993551941769:regMsg,reg_backagg,reg_cc
BruceChen 20:18:07.446 [main] INFO  edu.bjut.boudia.myMain - meter_7633424993551941769:200,6502200,400
BruceChen 20:18:07.446 [main] INFO  edu.bjut.boudia.myMain - meter_397496271092798295:regMsg,reg_backagg,reg_cc
BruceChen 20:18:07.446 [main] INFO  edu.bjut.boudia.myMain - meter_397496271092798295:400,6465500,400
BruceChen 20:18:07.446 [main] INFO  edu.bjut.boudia.myMain - meter_8751117706952408405:regMsg,reg_backagg,reg_cc
BruceChen 20:18:07.446 [main] INFO  edu.bjut.boudia.myMain - meter_8751117706952408405:400,6469000,300
BruceChen 20:18:07.446 [main] INFO  edu.bjut.boudia.myMain - meter_3542238490886826603:regMsg,reg_backagg,reg_cc
BruceChen 20:18:07.446 [main] INFO  edu.bjut.boudia.myMain - meter_3542238490886826603:300,8953000,400
BruceChen 20:18:07.446 [main] INFO  edu.bjut.boudia.myMain - meter_3085476885730488667:regMsg,reg_backagg,reg_cc
BruceChen 20:18:07.446 [main] INFO  edu.bjut.boudia.myMain - meter_3085476885730488667:1500,6323300,300
BruceChen 20:18:07.446 [main] INFO  edu.bjut.boudia.myMain - meter_5779687402252586921:regMsg,reg_backagg,reg_cc
BruceChen 20:18:07.446 [main] INFO  edu.bjut.boudia.myMain - meter_5779687402252586921:300,6499600,300
BruceChen 20:18:07.446 [main] INFO  edu.bjut.boudia.myMain - meter_8956329614043935491:regMsg,reg_backagg,reg_cc
BruceChen 20:18:07.446 [main] INFO  edu.bjut.boudia.myMain - meter_8956329614043935491:400,6504800,300
BruceChen 20:18:07.446 [main] INFO  edu.bjut.boudia.myMain - meter_45809951906506899:regMsg,reg_backagg,reg_cc
BruceChen 20:18:07.446 [main] INFO  edu.bjut.boudia.myMain - meter_45809951906506899:300,6620400,400
BruceChen 20:18:07.446 [main] INFO  edu.bjut.boudia.myMain - meter_6985423675772376159:regMsg,reg_backagg,reg_cc
BruceChen 20:18:07.446 [main] INFO  edu.bjut.boudia.myMain - meter_6985423675772376159:300,6586900,300
BruceChen 20:18:07.446 [main] INFO  edu.bjut.boudia.myMain - meter_4811291626248423489:regMsg,reg_backagg,reg_cc
BruceChen 20:18:07.446 [main] INFO  edu.bjut.boudia.myMain - meter_4811291626248423489:300,6537200,200
BruceChen 20:18:07.446 [main] INFO  edu.bjut.boudia.myMain - meter_5466340682652190015:regMsg,reg_backagg,reg_cc
BruceChen 20:18:07.446 [main] INFO  edu.bjut.boudia.myMain - meter_5466340682652190015:200,6512500,200
BruceChen 20:18:07.446 [main] INFO  edu.bjut.boudia.myMain - meter_3651255962871081495:regMsg,reg_backagg,reg_cc
BruceChen 20:18:07.446 [main] INFO  edu.bjut.boudia.myMain - meter_3651255962871081495:300,6441200,300
BruceChen 20:18:07.446 [main] INFO  edu.bjut.boudia.myMain - meter_1695578394141037921:regMsg,reg_backagg,reg_cc
BruceChen 20:18:07.446 [main] INFO  edu.bjut.boudia.myMain - meter_1695578394141037921:400,6472000,300
BruceChen 20:18:07.446 [main] INFO  edu.bjut.boudia.myMain - meter_5455261234997897851:regMsg,reg_backagg,reg_cc
BruceChen 20:18:07.446 [main] INFO  edu.bjut.boudia.myMain - meter_5455261234997897851:300,6622600,300
BruceChen 20:18:07.446 [main] INFO  edu.bjut.boudia.myMain - meter_8821881487623997353:regMsg,reg_backagg,reg_cc
BruceChen 20:18:07.446 [main] INFO  edu.bjut.boudia.myMain - meter_8821881487623997353:200,6524200,300
BruceChen 20:18:07.446 [main] INFO  edu.bjut.boudia.myMain - meter_1788658961106731561:regMsg,reg_backagg,reg_cc
BruceChen 20:18:07.446 [main] INFO  edu.bjut.boudia.myMain - meter_1788658961106731561:300,6575800,300
BruceChen 20:18:07.446 [main] INFO  edu.bjut.boudia.myMain - meter_7132865090276792059:regMsg,reg_backagg,reg_cc
BruceChen 20:18:07.446 [main] INFO  edu.bjut.boudia.myMain - meter_7132865090276792059:300,6504400,300
BruceChen 20:18:07.446 [main] INFO  edu.bjut.boudia.myMain - meter_2180904736941138879:regMsg,reg_backagg,reg_cc
BruceChen 20:18:07.446 [main] INFO  edu.bjut.boudia.myMain - meter_2180904736941138879:300,6373600,300
BruceChen 20:18:07.446 [main] INFO  edu.bjut.boudia.myMain - meter_4525232128738309571:regMsg,reg_backagg,reg_cc
BruceChen 20:18:07.446 [main] INFO  edu.bjut.boudia.myMain - meter_4525232128738309571:200,6346000,300
BruceChen 20:18:07.446 [main] INFO  edu.bjut.boudia.myMain - meter_6722572727506133939:regMsg,reg_backagg,reg_cc
BruceChen 20:18:07.446 [main] INFO  edu.bjut.boudia.myMain - meter_6722572727506133939:200,6497400,300
BruceChen 20:18:07.446 [main] INFO  edu.bjut.boudia.myMain - meter_1647418851097258771:regMsg,reg_backagg,reg_cc
BruceChen 20:18:07.446 [main] INFO  edu.bjut.boudia.myMain - meter_1647418851097258771:200,6513200,400
BruceChen 20:18:07.446 [main] INFO  edu.bjut.boudia.myMain - meter_6960150192752900395:regMsg,reg_backagg,reg_cc
BruceChen 20:18:07.446 [main] INFO  edu.bjut.boudia.myMain - meter_6960150192752900395:300,6481500,200
BruceChen 20:18:07.446 [main] INFO  edu.bjut.boudia.myMain - meter_2473946583310123137:regMsg,reg_backagg,reg_cc
BruceChen 20:18:07.446 [main] INFO  edu.bjut.boudia.myMain - meter_2473946583310123137:300,6381600,300
BruceChen 20:18:07.446 [main] INFO  edu.bjut.boudia.myMain - meter_4921773901337785589:regMsg,reg_backagg,reg_cc
BruceChen 20:18:07.446 [main] INFO  edu.bjut.boudia.myMain - meter_4921773901337785589:300,6354300,200
BruceChen 20:18:07.446 [main] INFO  edu.bjut.boudia.myMain - meter_8520437512203668617:regMsg,reg_backagg,reg_cc
BruceChen 20:18:07.446 [main] INFO  edu.bjut.boudia.myMain - meter_8520437512203668617:300,6406700,200
BruceChen 20:18:07.446 [main] INFO  edu.bjut.boudia.myMain - meter_6933923626588937929:regMsg,reg_backagg,reg_cc
BruceChen 20:18:07.446 [main] INFO  edu.bjut.boudia.myMain - meter_6933923626588937929:200,6368100,400
BruceChen 20:18:07.446 [main] INFO  edu.bjut.boudia.myMain - meter_170751822516632775:regMsg,reg_backagg,reg_cc
BruceChen 20:18:07.446 [main] INFO  edu.bjut.boudia.myMain - meter_170751822516632775:400,6315100,300
BruceChen 20:18:07.446 [main] INFO  edu.bjut.boudia.myMain - meter_410792014242085903:regMsg,reg_backagg,reg_cc
BruceChen 20:18:07.446 [main] INFO  edu.bjut.boudia.myMain - meter_410792014242085903:300,6186900,400
BruceChen 20:18:07.446 [main] INFO  edu.bjut.boudia.myMain - meter_7743318346125116981:regMsg,reg_backagg,reg_cc
BruceChen 20:18:07.446 [main] INFO  edu.bjut.boudia.myMain - meter_7743318346125116981:200,6340100,200
BruceChen 20:18:07.446 [main] INFO  edu.bjut.boudia.myMain - meter_1177455675598914955:regMsg,reg_backagg,reg_cc
BruceChen 20:18:07.446 [main] INFO  edu.bjut.boudia.myMain - meter_1177455675598914955:200,6301900,200
BruceChen 20:18:07.446 [main] INFO  edu.bjut.boudia.myMain - meter_3161381887978760243:regMsg,reg_backagg,reg_cc
BruceChen 20:18:07.446 [main] INFO  edu.bjut.boudia.myMain - meter_3161381887978760243:200,6417300,400
BruceChen 20:18:07.446 [main] INFO  edu.bjut.boudia.myMain - meter_5908597014006082845:regMsg,reg_backagg,reg_cc
BruceChen 20:18:07.446 [main] INFO  edu.bjut.boudia.myMain - meter_5908597014006082845:300,6438400,400
BruceChen 20:18:07.446 [main] INFO  edu.bjut.boudia.myMain - meter_799416727732038109:regMsg,reg_backagg,reg_cc
BruceChen 20:18:07.446 [main] INFO  edu.bjut.boudia.myMain - meter_799416727732038109:600,6479600,300
BruceChen 20:18:08.228 [main] INFO  edu.bjut.boudia.myMain - oneTimeMeterRepTime
BruceChen 20:18:10.260 [main] INFO  edu.bjut.boudia.myMain - server:repMsg
BruceChen 20:18:10.260 [main] INFO  edu.bjut.boudia.myMain - server:30743200
BruceChen 20:18:10.260 [main] INFO  edu.bjut.boudia.myMain - agg:repMsg
BruceChen 20:18:10.260 [main] INFO  edu.bjut.boudia.myMain - agg:416857800
BruceChen 20:18:10.260 [main] INFO  edu.bjut.boudia.myMain - meter_4268736521213725915:repMsg
BruceChen 20:18:10.260 [main] INFO  edu.bjut.boudia.myMain - meter_4268736521213725915:35645600
BruceChen 20:18:10.260 [main] INFO  edu.bjut.boudia.myMain - meter_7673341683550949075:repMsg
BruceChen 20:18:10.260 [main] INFO  edu.bjut.boudia.myMain - meter_7673341683550949075:26485200
BruceChen 20:18:10.260 [main] INFO  edu.bjut.boudia.myMain - meter_3697624245551279925:repMsg
BruceChen 20:18:10.260 [main] INFO  edu.bjut.boudia.myMain - meter_3697624245551279925:26606400
BruceChen 20:18:10.260 [main] INFO  edu.bjut.boudia.myMain - meter_3883305643367758121:repMsg
BruceChen 20:18:10.260 [main] INFO  edu.bjut.boudia.myMain - meter_3883305643367758121:26126000
BruceChen 20:18:10.260 [main] INFO  edu.bjut.boudia.myMain - meter_4531605352050959997:repMsg
BruceChen 20:18:10.260 [main] INFO  edu.bjut.boudia.myMain - meter_4531605352050959997:26278700
BruceChen 20:18:10.260 [main] INFO  edu.bjut.boudia.myMain - meter_3762437854808479739:repMsg
BruceChen 20:18:10.260 [main] INFO  edu.bjut.boudia.myMain - meter_3762437854808479739:26224700
BruceChen 20:18:10.260 [main] INFO  edu.bjut.boudia.myMain - meter_2553540147698672913:repMsg
BruceChen 20:18:10.260 [main] INFO  edu.bjut.boudia.myMain - meter_2553540147698672913:26013800
BruceChen 20:18:10.260 [main] INFO  edu.bjut.boudia.myMain - meter_8485437685182536183:repMsg
BruceChen 20:18:10.260 [main] INFO  edu.bjut.boudia.myMain - meter_8485437685182536183:25534500
BruceChen 20:18:10.260 [main] INFO  edu.bjut.boudia.myMain - meter_7501495028724819091:repMsg
BruceChen 20:18:10.260 [main] INFO  edu.bjut.boudia.myMain - meter_7501495028724819091:26125100
BruceChen 20:18:10.260 [main] INFO  edu.bjut.boudia.myMain - meter_4579372442962276227:repMsg
BruceChen 20:18:10.260 [main] INFO  edu.bjut.boudia.myMain - meter_4579372442962276227:29173000
BruceChen 20:18:10.260 [main] INFO  edu.bjut.boudia.myMain - meter_748583101480577291:repMsg
BruceChen 20:18:10.260 [main] INFO  edu.bjut.boudia.myMain - meter_748583101480577291:26188000
BruceChen 20:18:10.260 [main] INFO  edu.bjut.boudia.myMain - meter_1729658849201160367:repMsg
BruceChen 20:18:10.260 [main] INFO  edu.bjut.boudia.myMain - meter_1729658849201160367:27602800
BruceChen 20:18:10.260 [main] INFO  edu.bjut.boudia.myMain - meter_5895777672442959187:repMsg
BruceChen 20:18:10.260 [main] INFO  edu.bjut.boudia.myMain - meter_5895777672442959187:26111300
BruceChen 20:18:10.260 [main] INFO  edu.bjut.boudia.myMain - meter_3285299585100533913:repMsg
BruceChen 20:18:10.260 [main] INFO  edu.bjut.boudia.myMain - meter_3285299585100533913:26225400
BruceChen 20:18:10.260 [main] INFO  edu.bjut.boudia.myMain - meter_7870307424152379601:repMsg
BruceChen 20:18:10.260 [main] INFO  edu.bjut.boudia.myMain - meter_7870307424152379601:26169700
BruceChen 20:18:10.260 [main] INFO  edu.bjut.boudia.myMain - meter_7908453993256027105:repMsg
BruceChen 20:18:10.260 [main] INFO  edu.bjut.boudia.myMain - meter_7908453993256027105:26669100
BruceChen 20:18:10.260 [main] INFO  edu.bjut.boudia.myMain - meter_7310906539752842453:repMsg
BruceChen 20:18:10.260 [main] INFO  edu.bjut.boudia.myMain - meter_7310906539752842453:25490500
BruceChen 20:18:10.260 [main] INFO  edu.bjut.boudia.myMain - meter_2891506031272016085:repMsg
BruceChen 20:18:10.260 [main] INFO  edu.bjut.boudia.myMain - meter_2891506031272016085:25987000
BruceChen 20:18:10.260 [main] INFO  edu.bjut.boudia.myMain - meter_1700650711718393259:repMsg
BruceChen 20:18:10.260 [main] INFO  edu.bjut.boudia.myMain - meter_1700650711718393259:26008400
BruceChen 20:18:10.260 [main] INFO  edu.bjut.boudia.myMain - meter_2939397345689133733:repMsg
BruceChen 20:18:10.260 [main] INFO  edu.bjut.boudia.myMain - meter_2939397345689133733:25916300
BruceChen 20:18:10.260 [main] INFO  edu.bjut.boudia.myMain - meter_318161946005914021:repMsg
BruceChen 20:18:10.260 [main] INFO  edu.bjut.boudia.myMain - meter_318161946005914021:25718900
BruceChen 20:18:10.260 [main] INFO  edu.bjut.boudia.myMain - meter_7541983069951873821:repMsg
BruceChen 20:18:10.260 [main] INFO  edu.bjut.boudia.myMain - meter_7541983069951873821:25595600
BruceChen 20:18:10.260 [main] INFO  edu.bjut.boudia.myMain - meter_7624296802493589349:repMsg
BruceChen 20:18:10.260 [main] INFO  edu.bjut.boudia.myMain - meter_7624296802493589349:25753600
BruceChen 20:18:10.260 [main] INFO  edu.bjut.boudia.myMain - meter_3393859777741611883:repMsg
BruceChen 20:18:10.260 [main] INFO  edu.bjut.boudia.myMain - meter_3393859777741611883:25688200
BruceChen 20:18:10.260 [main] INFO  edu.bjut.boudia.myMain - meter_189014342960000287:repMsg
BruceChen 20:18:10.260 [main] INFO  edu.bjut.boudia.myMain - meter_189014342960000287:26233800
BruceChen 20:18:10.260 [main] INFO  edu.bjut.boudia.myMain - meter_3624383526542396315:repMsg
BruceChen 20:18:10.260 [main] INFO  edu.bjut.boudia.myMain - meter_3624383526542396315:25963100
BruceChen 20:18:10.260 [main] INFO  edu.bjut.boudia.myMain - meter_6070063299888183413:repMsg
BruceChen 20:18:10.260 [main] INFO  edu.bjut.boudia.myMain - meter_6070063299888183413:26109100
BruceChen 20:18:10.260 [main] INFO  edu.bjut.boudia.myMain - meter_7633424993551941769:repMsg
BruceChen 20:18:10.260 [main] INFO  edu.bjut.boudia.myMain - meter_7633424993551941769:26167200
BruceChen 20:18:10.260 [main] INFO  edu.bjut.boudia.myMain - meter_397496271092798295:repMsg
BruceChen 20:18:10.260 [main] INFO  edu.bjut.boudia.myMain - meter_397496271092798295:26210900
BruceChen 20:18:10.260 [main] INFO  edu.bjut.boudia.myMain - meter_8751117706952408405:repMsg
BruceChen 20:18:10.260 [main] INFO  edu.bjut.boudia.myMain - meter_8751117706952408405:26254600
BruceChen 20:18:10.260 [main] INFO  edu.bjut.boudia.myMain - meter_3542238490886826603:repMsg
BruceChen 20:18:10.260 [main] INFO  edu.bjut.boudia.myMain - meter_3542238490886826603:26322800
BruceChen 20:18:10.260 [main] INFO  edu.bjut.boudia.myMain - meter_3085476885730488667:repMsg
BruceChen 20:18:10.260 [main] INFO  edu.bjut.boudia.myMain - meter_3085476885730488667:26211200
BruceChen 20:18:10.260 [main] INFO  edu.bjut.boudia.myMain - meter_5779687402252586921:repMsg
BruceChen 20:18:10.260 [main] INFO  edu.bjut.boudia.myMain - meter_5779687402252586921:25908500
BruceChen 20:18:10.260 [main] INFO  edu.bjut.boudia.myMain - meter_8956329614043935491:repMsg
BruceChen 20:18:10.260 [main] INFO  edu.bjut.boudia.myMain - meter_8956329614043935491:26205500
BruceChen 20:18:10.260 [main] INFO  edu.bjut.boudia.myMain - meter_45809951906506899:repMsg
BruceChen 20:18:10.260 [main] INFO  edu.bjut.boudia.myMain - meter_45809951906506899:26157800
BruceChen 20:18:10.260 [main] INFO  edu.bjut.boudia.myMain - meter_6985423675772376159:repMsg
BruceChen 20:18:10.260 [main] INFO  edu.bjut.boudia.myMain - meter_6985423675772376159:26006900
BruceChen 20:18:10.260 [main] INFO  edu.bjut.boudia.myMain - meter_4811291626248423489:repMsg
BruceChen 20:18:10.260 [main] INFO  edu.bjut.boudia.myMain - meter_4811291626248423489:29098100
BruceChen 20:18:10.260 [main] INFO  edu.bjut.boudia.myMain - meter_5466340682652190015:repMsg
BruceChen 20:18:10.260 [main] INFO  edu.bjut.boudia.myMain - meter_5466340682652190015:26275700
BruceChen 20:18:10.260 [main] INFO  edu.bjut.boudia.myMain - meter_3651255962871081495:repMsg
BruceChen 20:18:10.260 [main] INFO  edu.bjut.boudia.myMain - meter_3651255962871081495:26032000
BruceChen 20:18:10.260 [main] INFO  edu.bjut.boudia.myMain - meter_1695578394141037921:repMsg
BruceChen 20:18:10.260 [main] INFO  edu.bjut.boudia.myMain - meter_1695578394141037921:26096800
BruceChen 20:18:10.260 [main] INFO  edu.bjut.boudia.myMain - meter_5455261234997897851:repMsg
BruceChen 20:18:10.260 [main] INFO  edu.bjut.boudia.myMain - meter_5455261234997897851:26102800
BruceChen 20:18:10.260 [main] INFO  edu.bjut.boudia.myMain - meter_8821881487623997353:repMsg
BruceChen 20:18:10.260 [main] INFO  edu.bjut.boudia.myMain - meter_8821881487623997353:25526700
BruceChen 20:18:10.260 [main] INFO  edu.bjut.boudia.myMain - meter_1788658961106731561:repMsg
BruceChen 20:18:10.260 [main] INFO  edu.bjut.boudia.myMain - meter_1788658961106731561:25641000
BruceChen 20:18:10.260 [main] INFO  edu.bjut.boudia.myMain - meter_7132865090276792059:repMsg
BruceChen 20:18:10.260 [main] INFO  edu.bjut.boudia.myMain - meter_7132865090276792059:25475200
BruceChen 20:18:10.260 [main] INFO  edu.bjut.boudia.myMain - meter_2180904736941138879:repMsg
BruceChen 20:18:10.260 [main] INFO  edu.bjut.boudia.myMain - meter_2180904736941138879:25320200
BruceChen 20:18:10.260 [main] INFO  edu.bjut.boudia.myMain - meter_4525232128738309571:repMsg
BruceChen 20:18:10.260 [main] INFO  edu.bjut.boudia.myMain - meter_4525232128738309571:25161700
BruceChen 20:18:10.260 [main] INFO  edu.bjut.boudia.myMain - meter_6722572727506133939:repMsg
BruceChen 20:18:10.260 [main] INFO  edu.bjut.boudia.myMain - meter_6722572727506133939:25476800
BruceChen 20:18:10.260 [main] INFO  edu.bjut.boudia.myMain - meter_1647418851097258771:repMsg
BruceChen 20:18:10.260 [main] INFO  edu.bjut.boudia.myMain - meter_1647418851097258771:25379700
BruceChen 20:18:10.260 [main] INFO  edu.bjut.boudia.myMain - meter_6960150192752900395:repMsg
BruceChen 20:18:10.260 [main] INFO  edu.bjut.boudia.myMain - meter_6960150192752900395:25411600
BruceChen 20:18:10.260 [main] INFO  edu.bjut.boudia.myMain - meter_2473946583310123137:repMsg
BruceChen 20:18:10.260 [main] INFO  edu.bjut.boudia.myMain - meter_2473946583310123137:25508000
BruceChen 20:18:10.260 [main] INFO  edu.bjut.boudia.myMain - meter_4921773901337785589:repMsg
BruceChen 20:18:10.260 [main] INFO  edu.bjut.boudia.myMain - meter_4921773901337785589:26109800
BruceChen 20:18:10.260 [main] INFO  edu.bjut.boudia.myMain - meter_8520437512203668617:repMsg
BruceChen 20:18:10.260 [main] INFO  edu.bjut.boudia.myMain - meter_8520437512203668617:31279100
BruceChen 20:18:10.260 [main] INFO  edu.bjut.boudia.myMain - meter_6933923626588937929:repMsg
BruceChen 20:18:10.260 [main] INFO  edu.bjut.boudia.myMain - meter_6933923626588937929:26182200
BruceChen 20:18:10.260 [main] INFO  edu.bjut.boudia.myMain - meter_170751822516632775:repMsg
BruceChen 20:18:10.260 [main] INFO  edu.bjut.boudia.myMain - meter_170751822516632775:26636800
BruceChen 20:18:10.260 [main] INFO  edu.bjut.boudia.myMain - meter_410792014242085903:repMsg
BruceChen 20:18:10.260 [main] INFO  edu.bjut.boudia.myMain - meter_410792014242085903:26043900
BruceChen 20:18:10.260 [main] INFO  edu.bjut.boudia.myMain - meter_7743318346125116981:repMsg
BruceChen 20:18:10.260 [main] INFO  edu.bjut.boudia.myMain - meter_7743318346125116981:25945000
BruceChen 20:18:10.260 [main] INFO  edu.bjut.boudia.myMain - meter_1177455675598914955:repMsg
BruceChen 20:18:10.260 [main] INFO  edu.bjut.boudia.myMain - meter_1177455675598914955:26157700
BruceChen 20:18:10.260 [main] INFO  edu.bjut.boudia.myMain - meter_3161381887978760243:repMsg
BruceChen 20:18:10.260 [main] INFO  edu.bjut.boudia.myMain - meter_3161381887978760243:26224200
BruceChen 20:18:10.260 [main] INFO  edu.bjut.boudia.myMain - meter_5908597014006082845:repMsg
BruceChen 20:18:10.260 [main] INFO  edu.bjut.boudia.myMain - meter_5908597014006082845:26062400
BruceChen 20:18:10.260 [main] INFO  edu.bjut.boudia.myMain - meter_799416727732038109:repMsg
BruceChen 20:18:10.260 [main] INFO  edu.bjut.boudia.myMain - meter_799416727732038109:26119400
BruceChen 20:18:13.499 [main] INFO  edu.bjut.boudia.myMain - oneTimeMeterRegTime
BruceChen 20:18:14.127 [main] INFO  edu.bjut.boudia.myMain - server:pubkey
BruceChen 20:18:14.127 [main] INFO  edu.bjut.boudia.myMain - server:900
BruceChen 20:18:14.127 [main] INFO  edu.bjut.boudia.myMain - agg:regMsg,regMsg,regMsg,regMsg,regMsg,regMsg,regMsg,regMsg,regMsg,regMsg,regMsg,regMsg,regMsg,regMsg,regMsg,regMsg,regMsg,regMsg,regMsg,regMsg,regMsg,regMsg,regMsg,regMsg,regMsg,regMsg,regMsg,regMsg,regMsg,regMsg,regMsg,regMsg,regMsg,regMsg,regMsg,regMsg,regMsg,regMsg,regMsg,regMsg,regMsg,regMsg,regMsg,regMsg,regMsg,regMsg,regMsg,regMsg,regMsg,regMsg
BruceChen 20:18:14.127 [main] INFO  edu.bjut.boudia.myMain - agg:6481200,6450500,6477700,6456100,6454600,6456600,7119200,6297100,6262100,6437400,6408000,6238900,6357800,6277900,6338300,6266800,6267200,6283500,6277000,6297700,6246300,6267200,6270700,6282600,6269200,6258200,6279100,6245400,6263200,6273200,6262600,6242300,6486600,6459100,6471700,6456400,6274000,6293700,6292600,6290400,6270600,6255900,6301400,6278200,6276700,6274300,6268900,6264100,6259100,6279200
BruceChen 20:18:14.127 [main] INFO  edu.bjut.boudia.myMain - meter_7343264354443860401:regMsg,reg_backagg,reg_cc
BruceChen 20:18:14.127 [main] INFO  edu.bjut.boudia.myMain - meter_7343264354443860401:400,6404400,500
BruceChen 20:18:14.127 [main] INFO  edu.bjut.boudia.myMain - meter_3194602989102051369:regMsg,reg_backagg,reg_cc
BruceChen 20:18:14.127 [main] INFO  edu.bjut.boudia.myMain - meter_3194602989102051369:300,6568900,300
BruceChen 20:18:14.127 [main] INFO  edu.bjut.boudia.myMain - meter_7291940493871130879:regMsg,reg_backagg,reg_cc
BruceChen 20:18:14.127 [main] INFO  edu.bjut.boudia.myMain - meter_7291940493871130879:300,6423900,300
BruceChen 20:18:14.127 [main] INFO  edu.bjut.boudia.myMain - meter_787268653596920955:regMsg,reg_backagg,reg_cc
BruceChen 20:18:14.127 [main] INFO  edu.bjut.boudia.myMain - meter_787268653596920955:200,6421600,300
BruceChen 20:18:14.127 [main] INFO  edu.bjut.boudia.myMain - meter_1709076108666284501:regMsg,reg_backagg,reg_cc
BruceChen 20:18:14.127 [main] INFO  edu.bjut.boudia.myMain - meter_1709076108666284501:200,6526000,400
BruceChen 20:18:14.127 [main] INFO  edu.bjut.boudia.myMain - meter_358775163179470925:regMsg,reg_backagg,reg_cc
BruceChen 20:18:14.127 [main] INFO  edu.bjut.boudia.myMain - meter_358775163179470925:300,6366000,200
BruceChen 20:18:14.127 [main] INFO  edu.bjut.boudia.myMain - meter_1122595156994477671:regMsg,reg_backagg,reg_cc
BruceChen 20:18:14.127 [main] INFO  edu.bjut.boudia.myMain - meter_1122595156994477671:2100,6299100,400
BruceChen 20:18:14.127 [main] INFO  edu.bjut.boudia.myMain - meter_2665176011587364901:regMsg,reg_backagg,reg_cc
BruceChen 20:18:14.127 [main] INFO  edu.bjut.boudia.myMain - meter_2665176011587364901:500,6267800,5500
BruceChen 20:18:14.127 [main] INFO  edu.bjut.boudia.myMain - meter_6776136996660719045:regMsg,reg_backagg,reg_cc
BruceChen 20:18:14.127 [main] INFO  edu.bjut.boudia.myMain - meter_6776136996660719045:300,6564300,500
BruceChen 20:18:14.127 [main] INFO  edu.bjut.boudia.myMain - meter_5447030386645835401:regMsg,reg_backagg,reg_cc
BruceChen 20:18:14.127 [main] INFO  edu.bjut.boudia.myMain - meter_5447030386645835401:300,6442000,200
BruceChen 20:18:14.127 [main] INFO  edu.bjut.boudia.myMain - meter_8461378046374419813:regMsg,reg_backagg,reg_cc
BruceChen 20:18:14.127 [main] INFO  edu.bjut.boudia.myMain - meter_8461378046374419813:300,6170800,200
BruceChen 20:18:14.127 [main] INFO  edu.bjut.boudia.myMain - meter_3945012304774943719:regMsg,reg_backagg,reg_cc
BruceChen 20:18:14.127 [main] INFO  edu.bjut.boudia.myMain - meter_3945012304774943719:600,6151700,200
BruceChen 20:18:14.127 [main] INFO  edu.bjut.boudia.myMain - meter_17619867919700087:regMsg,reg_backagg,reg_cc
BruceChen 20:18:14.127 [main] INFO  edu.bjut.boudia.myMain - meter_17619867919700087:300,6491800,100
BruceChen 20:18:14.127 [main] INFO  edu.bjut.boudia.myMain - meter_5304972292291919521:regMsg,reg_backagg,reg_cc
BruceChen 20:18:14.127 [main] INFO  edu.bjut.boudia.myMain - meter_5304972292291919521:400,6335600,300
BruceChen 20:18:14.127 [main] INFO  edu.bjut.boudia.myMain - meter_5770228271130877847:regMsg,reg_backagg,reg_cc
BruceChen 20:18:14.127 [main] INFO  edu.bjut.boudia.myMain - meter_5770228271130877847:200,6355400,200
BruceChen 20:18:14.127 [main] INFO  edu.bjut.boudia.myMain - meter_5035482381334650885:regMsg,reg_backagg,reg_cc
BruceChen 20:18:14.127 [main] INFO  edu.bjut.boudia.myMain - meter_5035482381334650885:300,6343400,100
BruceChen 20:18:14.127 [main] INFO  edu.bjut.boudia.myMain - meter_5834089965734071197:regMsg,reg_backagg,reg_cc
BruceChen 20:18:14.127 [main] INFO  edu.bjut.boudia.myMain - meter_5834089965734071197:300,6332500,100
BruceChen 20:18:14.127 [main] INFO  edu.bjut.boudia.myMain - meter_1147820043472286065:regMsg,reg_backagg,reg_cc
BruceChen 20:18:14.127 [main] INFO  edu.bjut.boudia.myMain - meter_1147820043472286065:300,6269900,200
BruceChen 20:18:14.127 [main] INFO  edu.bjut.boudia.myMain - meter_5337114183561672145:regMsg,reg_backagg,reg_cc
BruceChen 20:18:14.127 [main] INFO  edu.bjut.boudia.myMain - meter_5337114183561672145:300,6312000,300
BruceChen 20:18:14.127 [main] INFO  edu.bjut.boudia.myMain - meter_3975431662175460095:regMsg,reg_backagg,reg_cc
BruceChen 20:18:14.127 [main] INFO  edu.bjut.boudia.myMain - meter_3975431662175460095:300,6485000,500
BruceChen 20:18:14.127 [main] INFO  edu.bjut.boudia.myMain - meter_3091809715654994377:regMsg,reg_backagg,reg_cc
BruceChen 20:18:14.127 [main] INFO  edu.bjut.boudia.myMain - meter_3091809715654994377:800,6293300,300
BruceChen 20:18:14.127 [main] INFO  edu.bjut.boudia.myMain - meter_1823183722908938135:regMsg,reg_backagg,reg_cc
BruceChen 20:18:14.127 [main] INFO  edu.bjut.boudia.myMain - meter_1823183722908938135:400,6287600,200
BruceChen 20:18:14.127 [main] INFO  edu.bjut.boudia.myMain - meter_5714584711348086123:regMsg,reg_backagg,reg_cc
BruceChen 20:18:14.127 [main] INFO  edu.bjut.boudia.myMain - meter_5714584711348086123:300,6322700,200
BruceChen 20:18:14.127 [main] INFO  edu.bjut.boudia.myMain - meter_7262755704517613369:regMsg,reg_backagg,reg_cc
BruceChen 20:18:14.127 [main] INFO  edu.bjut.boudia.myMain - meter_7262755704517613369:400,6257800,200
BruceChen 20:18:14.127 [main] INFO  edu.bjut.boudia.myMain - meter_6618374355630887743:regMsg,reg_backagg,reg_cc
BruceChen 20:18:14.127 [main] INFO  edu.bjut.boudia.myMain - meter_6618374355630887743:600,6306300,400
BruceChen 20:18:14.127 [main] INFO  edu.bjut.boudia.myMain - meter_2857772723082791577:regMsg,reg_backagg,reg_cc
BruceChen 20:18:14.127 [main] INFO  edu.bjut.boudia.myMain - meter_2857772723082791577:600,6275900,500
BruceChen 20:18:14.127 [main] INFO  edu.bjut.boudia.myMain - meter_4688148866981615125:regMsg,reg_backagg,reg_cc
BruceChen 20:18:14.127 [main] INFO  edu.bjut.boudia.myMain - meter_4688148866981615125:600,6254200,200
BruceChen 20:18:14.127 [main] INFO  edu.bjut.boudia.myMain - meter_7692358304919078175:regMsg,reg_backagg,reg_cc
BruceChen 20:18:14.127 [main] INFO  edu.bjut.boudia.myMain - meter_7692358304919078175:300,6371200,200
BruceChen 20:18:14.127 [main] INFO  edu.bjut.boudia.myMain - meter_8659061942780235373:regMsg,reg_backagg,reg_cc
BruceChen 20:18:14.127 [main] INFO  edu.bjut.boudia.myMain - meter_8659061942780235373:400,6280400,100
BruceChen 20:18:14.127 [main] INFO  edu.bjut.boudia.myMain - meter_459953848621883107:regMsg,reg_backagg,reg_cc
BruceChen 20:18:14.127 [main] INFO  edu.bjut.boudia.myMain - meter_459953848621883107:300,6355600,100
BruceChen 20:18:14.127 [main] INFO  edu.bjut.boudia.myMain - meter_3133380194570540001:regMsg,reg_backagg,reg_cc
BruceChen 20:18:14.127 [main] INFO  edu.bjut.boudia.myMain - meter_3133380194570540001:300,6260700,400
BruceChen 20:18:14.127 [main] INFO  edu.bjut.boudia.myMain - meter_918321524854058755:regMsg,reg_backagg,reg_cc
BruceChen 20:18:14.127 [main] INFO  edu.bjut.boudia.myMain - meter_918321524854058755:600,9011300,500
BruceChen 20:18:14.127 [main] INFO  edu.bjut.boudia.myMain - meter_4884760334367301265:regMsg,reg_backagg,reg_cc
BruceChen 20:18:14.127 [main] INFO  edu.bjut.boudia.myMain - meter_4884760334367301265:800,6560200,300
BruceChen 20:18:14.127 [main] INFO  edu.bjut.boudia.myMain - meter_8219495004540975885:regMsg,reg_backagg,reg_cc
BruceChen 20:18:14.127 [main] INFO  edu.bjut.boudia.myMain - meter_8219495004540975885:500,6504700,200
BruceChen 20:18:14.127 [main] INFO  edu.bjut.boudia.myMain - meter_3637150972133846753:regMsg,reg_backagg,reg_cc
BruceChen 20:18:14.127 [main] INFO  edu.bjut.boudia.myMain - meter_3637150972133846753:300,6561500,200
BruceChen 20:18:14.127 [main] INFO  edu.bjut.boudia.myMain - meter_546148435992274837:regMsg,reg_backagg,reg_cc
BruceChen 20:18:14.127 [main] INFO  edu.bjut.boudia.myMain - meter_546148435992274837:200,6456800,300
BruceChen 20:18:14.127 [main] INFO  edu.bjut.boudia.myMain - meter_6993525062939704265:regMsg,reg_backagg,reg_cc
BruceChen 20:18:14.127 [main] INFO  edu.bjut.boudia.myMain - meter_6993525062939704265:600,6379500,300
BruceChen 20:18:14.127 [main] INFO  edu.bjut.boudia.myMain - meter_6095679591722684625:regMsg,reg_backagg,reg_cc
BruceChen 20:18:14.127 [main] INFO  edu.bjut.boudia.myMain - meter_6095679591722684625:600,6241500,200
BruceChen 20:18:14.127 [main] INFO  edu.bjut.boudia.myMain - meter_7087391434919113929:regMsg,reg_backagg,reg_cc
BruceChen 20:18:14.127 [main] INFO  edu.bjut.boudia.myMain - meter_7087391434919113929:400,6320600,200
BruceChen 20:18:14.127 [main] INFO  edu.bjut.boudia.myMain - meter_1660482285424344633:regMsg,reg_backagg,reg_cc
BruceChen 20:18:14.127 [main] INFO  edu.bjut.boudia.myMain - meter_1660482285424344633:200,6314300,200
BruceChen 20:18:14.127 [main] INFO  edu.bjut.boudia.myMain - meter_7522819889022164253:regMsg,reg_backagg,reg_cc
BruceChen 20:18:14.127 [main] INFO  edu.bjut.boudia.myMain - meter_7522819889022164253:200,6303400,100
BruceChen 20:18:14.127 [main] INFO  edu.bjut.boudia.myMain - meter_8309149803572869589:regMsg,reg_backagg,reg_cc
BruceChen 20:18:14.127 [main] INFO  edu.bjut.boudia.myMain - meter_8309149803572869589:300,6297700,100
BruceChen 20:18:14.127 [main] INFO  edu.bjut.boudia.myMain - meter_7812296810731933017:regMsg,reg_backagg,reg_cc
BruceChen 20:18:14.127 [main] INFO  edu.bjut.boudia.myMain - meter_7812296810731933017:200,6247000,100
BruceChen 20:18:14.127 [main] INFO  edu.bjut.boudia.myMain - meter_128203203391422783:regMsg,reg_backagg,reg_cc
BruceChen 20:18:14.127 [main] INFO  edu.bjut.boudia.myMain - meter_128203203391422783:300,6314000,200
BruceChen 20:18:14.127 [main] INFO  edu.bjut.boudia.myMain - meter_2462660229166856957:regMsg,reg_backagg,reg_cc
BruceChen 20:18:14.127 [main] INFO  edu.bjut.boudia.myMain - meter_2462660229166856957:300,6282200,200
BruceChen 20:18:14.127 [main] INFO  edu.bjut.boudia.myMain - meter_9007655928615483647:regMsg,reg_backagg,reg_cc
BruceChen 20:18:14.127 [main] INFO  edu.bjut.boudia.myMain - meter_9007655928615483647:300,6279400,100
BruceChen 20:18:14.127 [main] INFO  edu.bjut.boudia.myMain - meter_6899388606229075763:regMsg,reg_backagg,reg_cc
BruceChen 20:18:14.127 [main] INFO  edu.bjut.boudia.myMain - meter_6899388606229075763:200,6309500,300
BruceChen 20:18:14.127 [main] INFO  edu.bjut.boudia.myMain - meter_1958461054414081657:regMsg,reg_backagg,reg_cc
BruceChen 20:18:14.127 [main] INFO  edu.bjut.boudia.myMain - meter_1958461054414081657:300,6333400,100
BruceChen 20:18:14.127 [main] INFO  edu.bjut.boudia.myMain - meter_6413036542751568931:regMsg,reg_backagg,reg_cc
BruceChen 20:18:14.127 [main] INFO  edu.bjut.boudia.myMain - meter_6413036542751568931:300,6355500,100
BruceChen 20:18:14.127 [main] INFO  edu.bjut.boudia.myMain - meter_1624140105459000739:regMsg,reg_backagg,reg_cc
BruceChen 20:18:14.127 [main] INFO  edu.bjut.boudia.myMain - meter_1624140105459000739:300,6376400,200
BruceChen 20:18:14.770 [main] INFO  edu.bjut.boudia.myMain - oneTimeMeterRepTime
BruceChen 20:18:16.429 [main] INFO  edu.bjut.boudia.myMain - server:repMsg
BruceChen 20:18:16.429 [main] INFO  edu.bjut.boudia.myMain - server:31077100
BruceChen 20:18:16.429 [main] INFO  edu.bjut.boudia.myMain - agg:repMsg
BruceChen 20:18:16.429 [main] INFO  edu.bjut.boudia.myMain - agg:337382600
BruceChen 20:18:16.429 [main] INFO  edu.bjut.boudia.myMain - meter_7343264354443860401:repMsg
BruceChen 20:18:16.429 [main] INFO  edu.bjut.boudia.myMain - meter_7343264354443860401:25421300
BruceChen 20:18:16.429 [main] INFO  edu.bjut.boudia.myMain - meter_3194602989102051369:repMsg
BruceChen 20:18:16.429 [main] INFO  edu.bjut.boudia.myMain - meter_3194602989102051369:25395400
BruceChen 20:18:16.429 [main] INFO  edu.bjut.boudia.myMain - meter_7291940493871130879:repMsg
BruceChen 20:18:16.429 [main] INFO  edu.bjut.boudia.myMain - meter_7291940493871130879:25526300
BruceChen 20:18:16.429 [main] INFO  edu.bjut.boudia.myMain - meter_787268653596920955:repMsg
BruceChen 20:18:16.429 [main] INFO  edu.bjut.boudia.myMain - meter_787268653596920955:25659300
BruceChen 20:18:16.429 [main] INFO  edu.bjut.boudia.myMain - meter_1709076108666284501:repMsg
BruceChen 20:18:16.429 [main] INFO  edu.bjut.boudia.myMain - meter_1709076108666284501:25423000
BruceChen 20:18:16.429 [main] INFO  edu.bjut.boudia.myMain - meter_358775163179470925:repMsg
BruceChen 20:18:16.429 [main] INFO  edu.bjut.boudia.myMain - meter_358775163179470925:25505700
BruceChen 20:18:16.429 [main] INFO  edu.bjut.boudia.myMain - meter_1122595156994477671:repMsg
BruceChen 20:18:16.429 [main] INFO  edu.bjut.boudia.myMain - meter_1122595156994477671:25231700
BruceChen 20:18:16.429 [main] INFO  edu.bjut.boudia.myMain - meter_2665176011587364901:repMsg
BruceChen 20:18:16.429 [main] INFO  edu.bjut.boudia.myMain - meter_2665176011587364901:25448200
BruceChen 20:18:16.429 [main] INFO  edu.bjut.boudia.myMain - meter_6776136996660719045:repMsg
BruceChen 20:18:16.429 [main] INFO  edu.bjut.boudia.myMain - meter_6776136996660719045:25483600
BruceChen 20:18:16.429 [main] INFO  edu.bjut.boudia.myMain - meter_5447030386645835401:repMsg
BruceChen 20:18:16.429 [main] INFO  edu.bjut.boudia.myMain - meter_5447030386645835401:25366700
BruceChen 20:18:16.429 [main] INFO  edu.bjut.boudia.myMain - meter_8461378046374419813:repMsg
BruceChen 20:18:16.429 [main] INFO  edu.bjut.boudia.myMain - meter_8461378046374419813:25409600
BruceChen 20:18:16.429 [main] INFO  edu.bjut.boudia.myMain - meter_3945012304774943719:repMsg
BruceChen 20:18:16.429 [main] INFO  edu.bjut.boudia.myMain - meter_3945012304774943719:25247400
BruceChen 20:18:16.429 [main] INFO  edu.bjut.boudia.myMain - meter_17619867919700087:repMsg
BruceChen 20:18:16.429 [main] INFO  edu.bjut.boudia.myMain - meter_17619867919700087:25274600
BruceChen 20:18:16.429 [main] INFO  edu.bjut.boudia.myMain - meter_5304972292291919521:repMsg
BruceChen 20:18:16.429 [main] INFO  edu.bjut.boudia.myMain - meter_5304972292291919521:25273100
BruceChen 20:18:16.429 [main] INFO  edu.bjut.boudia.myMain - meter_5770228271130877847:repMsg
BruceChen 20:18:16.429 [main] INFO  edu.bjut.boudia.myMain - meter_5770228271130877847:25312900
BruceChen 20:18:16.429 [main] INFO  edu.bjut.boudia.myMain - meter_5035482381334650885:repMsg
BruceChen 20:18:16.429 [main] INFO  edu.bjut.boudia.myMain - meter_5035482381334650885:25263000
BruceChen 20:18:16.429 [main] INFO  edu.bjut.boudia.myMain - meter_5834089965734071197:repMsg
BruceChen 20:18:16.429 [main] INFO  edu.bjut.boudia.myMain - meter_5834089965734071197:25324700
BruceChen 20:18:16.429 [main] INFO  edu.bjut.boudia.myMain - meter_1147820043472286065:repMsg
BruceChen 20:18:16.429 [main] INFO  edu.bjut.boudia.myMain - meter_1147820043472286065:25428200
BruceChen 20:18:16.429 [main] INFO  edu.bjut.boudia.myMain - meter_5337114183561672145:repMsg
BruceChen 20:18:16.429 [main] INFO  edu.bjut.boudia.myMain - meter_5337114183561672145:25294800
BruceChen 20:18:16.429 [main] INFO  edu.bjut.boudia.myMain - meter_3975431662175460095:repMsg
BruceChen 20:18:16.429 [main] INFO  edu.bjut.boudia.myMain - meter_3975431662175460095:25387800
BruceChen 20:18:16.429 [main] INFO  edu.bjut.boudia.myMain - meter_3091809715654994377:repMsg
BruceChen 20:18:16.429 [main] INFO  edu.bjut.boudia.myMain - meter_3091809715654994377:29003700
BruceChen 20:18:16.429 [main] INFO  edu.bjut.boudia.myMain - meter_1823183722908938135:repMsg
BruceChen 20:18:16.429 [main] INFO  edu.bjut.boudia.myMain - meter_1823183722908938135:25455500
BruceChen 20:18:16.429 [main] INFO  edu.bjut.boudia.myMain - meter_5714584711348086123:repMsg
BruceChen 20:18:16.429 [main] INFO  edu.bjut.boudia.myMain - meter_5714584711348086123:25355500
BruceChen 20:18:16.429 [main] INFO  edu.bjut.boudia.myMain - meter_7262755704517613369:repMsg
BruceChen 20:18:16.429 [main] INFO  edu.bjut.boudia.myMain - meter_7262755704517613369:26050300
BruceChen 20:18:16.429 [main] INFO  edu.bjut.boudia.myMain - meter_6618374355630887743:repMsg
BruceChen 20:18:16.429 [main] INFO  edu.bjut.boudia.myMain - meter_6618374355630887743:26027300
BruceChen 20:18:16.429 [main] INFO  edu.bjut.boudia.myMain - meter_2857772723082791577:repMsg
BruceChen 20:18:16.429 [main] INFO  edu.bjut.boudia.myMain - meter_2857772723082791577:25449500
BruceChen 20:18:16.429 [main] INFO  edu.bjut.boudia.myMain - meter_4688148866981615125:repMsg
BruceChen 20:18:16.429 [main] INFO  edu.bjut.boudia.myMain - meter_4688148866981615125:25420900
BruceChen 20:18:16.429 [main] INFO  edu.bjut.boudia.myMain - meter_7692358304919078175:repMsg
BruceChen 20:18:16.429 [main] INFO  edu.bjut.boudia.myMain - meter_7692358304919078175:25245800
BruceChen 20:18:16.429 [main] INFO  edu.bjut.boudia.myMain - meter_8659061942780235373:repMsg
BruceChen 20:18:16.429 [main] INFO  edu.bjut.boudia.myMain - meter_8659061942780235373:25339900
BruceChen 20:18:16.429 [main] INFO  edu.bjut.boudia.myMain - meter_459953848621883107:repMsg
BruceChen 20:18:16.429 [main] INFO  edu.bjut.boudia.myMain - meter_459953848621883107:25494900
BruceChen 20:18:16.429 [main] INFO  edu.bjut.boudia.myMain - meter_3133380194570540001:repMsg
BruceChen 20:18:16.429 [main] INFO  edu.bjut.boudia.myMain - meter_3133380194570540001:25239900
BruceChen 20:18:16.429 [main] INFO  edu.bjut.boudia.myMain - meter_918321524854058755:repMsg
BruceChen 20:18:16.429 [main] INFO  edu.bjut.boudia.myMain - meter_918321524854058755:25415500
BruceChen 20:18:16.429 [main] INFO  edu.bjut.boudia.myMain - meter_4884760334367301265:repMsg
BruceChen 20:18:16.429 [main] INFO  edu.bjut.boudia.myMain - meter_4884760334367301265:25915600
BruceChen 20:18:16.429 [main] INFO  edu.bjut.boudia.myMain - meter_8219495004540975885:repMsg
BruceChen 20:18:16.429 [main] INFO  edu.bjut.boudia.myMain - meter_8219495004540975885:25642300
BruceChen 20:18:16.429 [main] INFO  edu.bjut.boudia.myMain - meter_3637150972133846753:repMsg
BruceChen 20:18:16.429 [main] INFO  edu.bjut.boudia.myMain - meter_3637150972133846753:25348200
BruceChen 20:18:16.429 [main] INFO  edu.bjut.boudia.myMain - meter_546148435992274837:repMsg
BruceChen 20:18:16.429 [main] INFO  edu.bjut.boudia.myMain - meter_546148435992274837:25385700
BruceChen 20:18:16.429 [main] INFO  edu.bjut.boudia.myMain - meter_6993525062939704265:repMsg
BruceChen 20:18:16.429 [main] INFO  edu.bjut.boudia.myMain - meter_6993525062939704265:26564900
BruceChen 20:18:16.429 [main] INFO  edu.bjut.boudia.myMain - meter_6095679591722684625:repMsg
BruceChen 20:18:16.429 [main] INFO  edu.bjut.boudia.myMain - meter_6095679591722684625:25917800
BruceChen 20:18:16.429 [main] INFO  edu.bjut.boudia.myMain - meter_7087391434919113929:repMsg
BruceChen 20:18:16.429 [main] INFO  edu.bjut.boudia.myMain - meter_7087391434919113929:26273600
BruceChen 20:18:16.429 [main] INFO  edu.bjut.boudia.myMain - meter_1660482285424344633:repMsg
BruceChen 20:18:16.429 [main] INFO  edu.bjut.boudia.myMain - meter_1660482285424344633:26112900
BruceChen 20:18:16.429 [main] INFO  edu.bjut.boudia.myMain - meter_7522819889022164253:repMsg
BruceChen 20:18:16.429 [main] INFO  edu.bjut.boudia.myMain - meter_7522819889022164253:25734400
BruceChen 20:18:16.429 [main] INFO  edu.bjut.boudia.myMain - meter_8309149803572869589:repMsg
BruceChen 20:18:16.429 [main] INFO  edu.bjut.boudia.myMain - meter_8309149803572869589:25357000
BruceChen 20:18:16.429 [main] INFO  edu.bjut.boudia.myMain - meter_7812296810731933017:repMsg
BruceChen 20:18:16.429 [main] INFO  edu.bjut.boudia.myMain - meter_7812296810731933017:26316300
BruceChen 20:18:16.429 [main] INFO  edu.bjut.boudia.myMain - meter_128203203391422783:repMsg
BruceChen 20:18:16.429 [main] INFO  edu.bjut.boudia.myMain - meter_128203203391422783:25700900
BruceChen 20:18:16.429 [main] INFO  edu.bjut.boudia.myMain - meter_2462660229166856957:repMsg
BruceChen 20:18:16.429 [main] INFO  edu.bjut.boudia.myMain - meter_2462660229166856957:25550900
BruceChen 20:18:16.429 [main] INFO  edu.bjut.boudia.myMain - meter_9007655928615483647:repMsg
BruceChen 20:18:16.429 [main] INFO  edu.bjut.boudia.myMain - meter_9007655928615483647:25732800
BruceChen 20:18:16.429 [main] INFO  edu.bjut.boudia.myMain - meter_6899388606229075763:repMsg
BruceChen 20:18:16.429 [main] INFO  edu.bjut.boudia.myMain - meter_6899388606229075763:25180700
BruceChen 20:18:16.429 [main] INFO  edu.bjut.boudia.myMain - meter_1958461054414081657:repMsg
BruceChen 20:18:16.429 [main] INFO  edu.bjut.boudia.myMain - meter_1958461054414081657:29202400
BruceChen 20:18:16.429 [main] INFO  edu.bjut.boudia.myMain - meter_6413036542751568931:repMsg
BruceChen 20:18:16.429 [main] INFO  edu.bjut.boudia.myMain - meter_6413036542751568931:26239600
BruceChen 20:18:16.429 [main] INFO  edu.bjut.boudia.myMain - meter_1624140105459000739:repMsg
BruceChen 20:18:16.429 [main] INFO  edu.bjut.boudia.myMain - meter_1624140105459000739:25958700
BruceChen 20:18:18.762 [main] INFO  edu.bjut.boudia.myMain - oneTimeMeterRegTime
BruceChen 20:18:19.279 [main] INFO  edu.bjut.boudia.myMain - server:pubkey
BruceChen 20:18:19.279 [main] INFO  edu.bjut.boudia.myMain - server:900
BruceChen 20:18:19.279 [main] INFO  edu.bjut.boudia.myMain - agg:regMsg,regMsg,regMsg,regMsg,regMsg,regMsg,regMsg,regMsg,regMsg,regMsg,regMsg,regMsg,regMsg,regMsg,regMsg,regMsg,regMsg,regMsg,regMsg,regMsg,regMsg,regMsg,regMsg,regMsg,regMsg,regMsg,regMsg,regMsg,regMsg,regMsg,regMsg,regMsg,regMsg,regMsg,regMsg,regMsg,regMsg,regMsg,regMsg,regMsg
BruceChen 20:18:19.279 [main] INFO  edu.bjut.boudia.myMain - agg:6451000,6440400,6387900,6399600,6454800,6420100,6417000,6406000,6408200,6362900,6433800,6351800,6466800,6454600,6397600,6397700,6428500,6449100,6426100,6438400,6459800,6464400,6514100,6821800,6442000,6415400,6414900,6445100,6421100,6406500,6447000,6394200,6394700,6426900,6418000,6448300,6468100,6444400,6429600,6396000
BruceChen 20:18:19.279 [main] INFO  edu.bjut.boudia.myMain - meter_4601508520375693337:regMsg,reg_backagg,reg_cc
BruceChen 20:18:19.279 [main] INFO  edu.bjut.boudia.myMain - meter_4601508520375693337:400,6551900,400
BruceChen 20:18:19.279 [main] INFO  edu.bjut.boudia.myMain - meter_8875240019924152305:regMsg,reg_backagg,reg_cc
BruceChen 20:18:19.279 [main] INFO  edu.bjut.boudia.myMain - meter_8875240019924152305:400,6457700,400
BruceChen 20:18:19.279 [main] INFO  edu.bjut.boudia.myMain - meter_9194230364289048669:regMsg,reg_backagg,reg_cc
BruceChen 20:18:19.279 [main] INFO  edu.bjut.boudia.myMain - meter_9194230364289048669:300,6486900,400
BruceChen 20:18:19.279 [main] INFO  edu.bjut.boudia.myMain - meter_2023468942552642065:regMsg,reg_backagg,reg_cc
BruceChen 20:18:19.279 [main] INFO  edu.bjut.boudia.myMain - meter_2023468942552642065:300,6538500,200
BruceChen 20:18:19.279 [main] INFO  edu.bjut.boudia.myMain - meter_7983921376916117885:regMsg,reg_backagg,reg_cc
BruceChen 20:18:19.279 [main] INFO  edu.bjut.boudia.myMain - meter_7983921376916117885:300,6479200,200
BruceChen 20:18:19.279 [main] INFO  edu.bjut.boudia.myMain - meter_1855843964103022713:regMsg,reg_backagg,reg_cc
BruceChen 20:18:19.279 [main] INFO  edu.bjut.boudia.myMain - meter_1855843964103022713:200,6464400,300
BruceChen 20:18:19.279 [main] INFO  edu.bjut.boudia.myMain - meter_5245171044005894447:regMsg,reg_backagg,reg_cc
BruceChen 20:18:19.279 [main] INFO  edu.bjut.boudia.myMain - meter_5245171044005894447:700,6500000,200
BruceChen 20:18:19.279 [main] INFO  edu.bjut.boudia.myMain - meter_7530316748826711783:regMsg,reg_backagg,reg_cc
BruceChen 20:18:19.279 [main] INFO  edu.bjut.boudia.myMain - meter_7530316748826711783:200,6354600,100
BruceChen 20:18:19.279 [main] INFO  edu.bjut.boudia.myMain - meter_7562059608920113601:regMsg,reg_backagg,reg_cc
BruceChen 20:18:19.279 [main] INFO  edu.bjut.boudia.myMain - meter_7562059608920113601:300,6526600,200
BruceChen 20:18:19.279 [main] INFO  edu.bjut.boudia.myMain - meter_5765580444628577441:regMsg,reg_backagg,reg_cc
BruceChen 20:18:19.279 [main] INFO  edu.bjut.boudia.myMain - meter_5765580444628577441:500,6537000,300
BruceChen 20:18:19.279 [main] INFO  edu.bjut.boudia.myMain - meter_8253455191542880375:regMsg,reg_backagg,reg_cc
BruceChen 20:18:19.279 [main] INFO  edu.bjut.boudia.myMain - meter_8253455191542880375:700,6486900,200
BruceChen 20:18:19.279 [main] INFO  edu.bjut.boudia.myMain - meter_6241148807282717709:regMsg,reg_backagg,reg_cc
BruceChen 20:18:19.279 [main] INFO  edu.bjut.boudia.myMain - meter_6241148807282717709:400,6389400,200
BruceChen 20:18:19.279 [main] INFO  edu.bjut.boudia.myMain - meter_3772011405901720741:regMsg,reg_backagg,reg_cc
BruceChen 20:18:19.279 [main] INFO  edu.bjut.boudia.myMain - meter_3772011405901720741:300,6532000,200
BruceChen 20:18:19.279 [main] INFO  edu.bjut.boudia.myMain - meter_8864600670167257555:regMsg,reg_backagg,reg_cc
BruceChen 20:18:19.279 [main] INFO  edu.bjut.boudia.myMain - meter_8864600670167257555:200,6508800,100
BruceChen 20:18:19.279 [main] INFO  edu.bjut.boudia.myMain - meter_9006093924604570897:regMsg,reg_backagg,reg_cc
BruceChen 20:18:19.279 [main] INFO  edu.bjut.boudia.myMain - meter_9006093924604570897:300,6472900,300
BruceChen 20:18:19.279 [main] INFO  edu.bjut.boudia.myMain - meter_8706422173407005875:regMsg,reg_backagg,reg_cc
BruceChen 20:18:19.279 [main] INFO  edu.bjut.boudia.myMain - meter_8706422173407005875:700,6439600,400
BruceChen 20:18:19.279 [main] INFO  edu.bjut.boudia.myMain - meter_512226136448549099:regMsg,reg_backagg,reg_cc
BruceChen 20:18:19.279 [main] INFO  edu.bjut.boudia.myMain - meter_512226136448549099:700,6434300,200
BruceChen 20:18:19.279 [main] INFO  edu.bjut.boudia.myMain - meter_8071399645757921355:regMsg,reg_backagg,reg_cc
BruceChen 20:18:19.279 [main] INFO  edu.bjut.boudia.myMain - meter_8071399645757921355:500,6422600,200
BruceChen 20:18:19.279 [main] INFO  edu.bjut.boudia.myMain - meter_8277390213346093301:regMsg,reg_backagg,reg_cc
BruceChen 20:18:19.279 [main] INFO  edu.bjut.boudia.myMain - meter_8277390213346093301:300,6506700,200
BruceChen 20:18:19.279 [main] INFO  edu.bjut.boudia.myMain - meter_8621985852401518267:regMsg,reg_backagg,reg_cc
BruceChen 20:18:19.279 [main] INFO  edu.bjut.boudia.myMain - meter_8621985852401518267:700,6299200,200
BruceChen 20:18:19.279 [main] INFO  edu.bjut.boudia.myMain - meter_3260139043445241719:regMsg,reg_backagg,reg_cc
BruceChen 20:18:19.279 [main] INFO  edu.bjut.boudia.myMain - meter_3260139043445241719:300,6425700,200
BruceChen 20:18:19.279 [main] INFO  edu.bjut.boudia.myMain - meter_2495567843514396835:regMsg,reg_backagg,reg_cc
BruceChen 20:18:19.279 [main] INFO  edu.bjut.boudia.myMain - meter_2495567843514396835:300,6571600,400
BruceChen 20:18:19.279 [main] INFO  edu.bjut.boudia.myMain - meter_7029692840298834357:regMsg,reg_backagg,reg_cc
BruceChen 20:18:19.279 [main] INFO  edu.bjut.boudia.myMain - meter_7029692840298834357:800,6595500,300
BruceChen 20:18:19.279 [main] INFO  edu.bjut.boudia.myMain - meter_6666009358806453199:regMsg,reg_backagg,reg_cc
BruceChen 20:18:19.279 [main] INFO  edu.bjut.boudia.myMain - meter_6666009358806453199:600,6469600,200
BruceChen 20:18:19.279 [main] INFO  edu.bjut.boudia.myMain - meter_3521385182214544507:regMsg,reg_backagg,reg_cc
BruceChen 20:18:19.279 [main] INFO  edu.bjut.boudia.myMain - meter_3521385182214544507:400,6596700,300
BruceChen 20:18:19.279 [main] INFO  edu.bjut.boudia.myMain - meter_3335236959226575245:regMsg,reg_backagg,reg_cc
BruceChen 20:18:19.279 [main] INFO  edu.bjut.boudia.myMain - meter_3335236959226575245:500,7156400,300
BruceChen 20:18:19.294 [main] INFO  edu.bjut.boudia.myMain - meter_7118462399915510903:regMsg,reg_backagg,reg_cc
BruceChen 20:18:19.294 [main] INFO  edu.bjut.boudia.myMain - meter_7118462399915510903:700,6448400,100
BruceChen 20:18:19.294 [main] INFO  edu.bjut.boudia.myMain - meter_5142873016932682493:regMsg,reg_backagg,reg_cc
BruceChen 20:18:19.294 [main] INFO  edu.bjut.boudia.myMain - meter_5142873016932682493:200,6525000,200
BruceChen 20:18:19.294 [main] INFO  edu.bjut.boudia.myMain - meter_724859858580305423:regMsg,reg_backagg,reg_cc
BruceChen 20:18:19.294 [main] INFO  edu.bjut.boudia.myMain - meter_724859858580305423:400,6473400,200
BruceChen 20:18:19.294 [main] INFO  edu.bjut.boudia.myMain - meter_5522290234736314281:regMsg,reg_backagg,reg_cc
BruceChen 20:18:19.294 [main] INFO  edu.bjut.boudia.myMain - meter_5522290234736314281:300,6384700,200
BruceChen 20:18:19.294 [main] INFO  edu.bjut.boudia.myMain - meter_5331935533373169877:regMsg,reg_backagg,reg_cc
BruceChen 20:18:19.294 [main] INFO  edu.bjut.boudia.myMain - meter_5331935533373169877:400,6578400,200
BruceChen 20:18:19.294 [main] INFO  edu.bjut.boudia.myMain - meter_8525920352816162399:regMsg,reg_backagg,reg_cc
BruceChen 20:18:19.294 [main] INFO  edu.bjut.boudia.myMain - meter_8525920352816162399:400,6427800,100
BruceChen 20:18:19.294 [main] INFO  edu.bjut.boudia.myMain - meter_1835500888860886157:regMsg,reg_backagg,reg_cc
BruceChen 20:18:19.294 [main] INFO  edu.bjut.boudia.myMain - meter_1835500888860886157:300,6450000,100
BruceChen 20:18:19.294 [main] INFO  edu.bjut.boudia.myMain - meter_9056303644068114373:regMsg,reg_backagg,reg_cc
BruceChen 20:18:19.294 [main] INFO  edu.bjut.boudia.myMain - meter_9056303644068114373:300,6556900,300
BruceChen 20:18:19.294 [main] INFO  edu.bjut.boudia.myMain - meter_345456439615097615:regMsg,reg_backagg,reg_cc
BruceChen 20:18:19.294 [main] INFO  edu.bjut.boudia.myMain - meter_345456439615097615:12300,6522800,200
BruceChen 20:18:19.294 [main] INFO  edu.bjut.boudia.myMain - meter_5551605488673638705:regMsg,reg_backagg,reg_cc
BruceChen 20:18:19.294 [main] INFO  edu.bjut.boudia.myMain - meter_5551605488673638705:700,6419900,200
BruceChen 20:18:19.294 [main] INFO  edu.bjut.boudia.myMain - meter_2475691127470845907:regMsg,reg_backagg,reg_cc
BruceChen 20:18:19.294 [main] INFO  edu.bjut.boudia.myMain - meter_2475691127470845907:9000,6449600,2200
BruceChen 20:18:19.294 [main] INFO  edu.bjut.boudia.myMain - meter_4045055871062996835:regMsg,reg_backagg,reg_cc
BruceChen 20:18:19.294 [main] INFO  edu.bjut.boudia.myMain - meter_4045055871062996835:0,6535000,100
BruceChen 20:18:19.294 [main] INFO  edu.bjut.boudia.myMain - meter_5245248460622162073:regMsg,reg_backagg,reg_cc
BruceChen 20:18:19.294 [main] INFO  edu.bjut.boudia.myMain - meter_5245248460622162073:100,6511300,100
BruceChen 20:18:19.294 [main] INFO  edu.bjut.boudia.myMain - meter_1813412374070146111:regMsg,reg_backagg,reg_cc
BruceChen 20:18:19.294 [main] INFO  edu.bjut.boudia.myMain - meter_1813412374070146111:0,6508400,0
BruceChen 20:18:19.811 [main] INFO  edu.bjut.boudia.myMain - oneTimeMeterRepTime
BruceChen 20:18:21.173 [main] INFO  edu.bjut.boudia.myMain - server:repMsg
BruceChen 20:18:21.173 [main] INFO  edu.bjut.boudia.myMain - server:32581000
BruceChen 20:18:21.173 [main] INFO  edu.bjut.boudia.myMain - agg:repMsg
BruceChen 20:18:21.173 [main] INFO  edu.bjut.boudia.myMain - agg:279026300
BruceChen 20:18:21.173 [main] INFO  edu.bjut.boudia.myMain - meter_4601508520375693337:repMsg
BruceChen 20:18:21.173 [main] INFO  edu.bjut.boudia.myMain - meter_4601508520375693337:26066800
BruceChen 20:18:21.173 [main] INFO  edu.bjut.boudia.myMain - meter_8875240019924152305:repMsg
BruceChen 20:18:21.173 [main] INFO  edu.bjut.boudia.myMain - meter_8875240019924152305:25988700
BruceChen 20:18:21.173 [main] INFO  edu.bjut.boudia.myMain - meter_9194230364289048669:repMsg
BruceChen 20:18:21.173 [main] INFO  edu.bjut.boudia.myMain - meter_9194230364289048669:25890800
BruceChen 20:18:21.173 [main] INFO  edu.bjut.boudia.myMain - meter_2023468942552642065:repMsg
BruceChen 20:18:21.173 [main] INFO  edu.bjut.boudia.myMain - meter_2023468942552642065:26105800
BruceChen 20:18:21.173 [main] INFO  edu.bjut.boudia.myMain - meter_7983921376916117885:repMsg
BruceChen 20:18:21.173 [main] INFO  edu.bjut.boudia.myMain - meter_7983921376916117885:26254100
BruceChen 20:18:21.173 [main] INFO  edu.bjut.boudia.myMain - meter_1855843964103022713:repMsg
BruceChen 20:18:21.173 [main] INFO  edu.bjut.boudia.myMain - meter_1855843964103022713:25995900
BruceChen 20:18:21.173 [main] INFO  edu.bjut.boudia.myMain - meter_5245171044005894447:repMsg
BruceChen 20:18:21.173 [main] INFO  edu.bjut.boudia.myMain - meter_5245171044005894447:26053700
BruceChen 20:18:21.173 [main] INFO  edu.bjut.boudia.myMain - meter_7530316748826711783:repMsg
BruceChen 20:18:21.173 [main] INFO  edu.bjut.boudia.myMain - meter_7530316748826711783:26042300
BruceChen 20:18:21.173 [main] INFO  edu.bjut.boudia.myMain - meter_7562059608920113601:repMsg
BruceChen 20:18:21.173 [main] INFO  edu.bjut.boudia.myMain - meter_7562059608920113601:25899000
BruceChen 20:18:21.173 [main] INFO  edu.bjut.boudia.myMain - meter_5765580444628577441:repMsg
BruceChen 20:18:21.173 [main] INFO  edu.bjut.boudia.myMain - meter_5765580444628577441:25829800
BruceChen 20:18:21.173 [main] INFO  edu.bjut.boudia.myMain - meter_8253455191542880375:repMsg
BruceChen 20:18:21.173 [main] INFO  edu.bjut.boudia.myMain - meter_8253455191542880375:27201600
BruceChen 20:18:21.173 [main] INFO  edu.bjut.boudia.myMain - meter_6241148807282717709:repMsg
BruceChen 20:18:21.173 [main] INFO  edu.bjut.boudia.myMain - meter_6241148807282717709:26244400
BruceChen 20:18:21.173 [main] INFO  edu.bjut.boudia.myMain - meter_3772011405901720741:repMsg
BruceChen 20:18:21.173 [main] INFO  edu.bjut.boudia.myMain - meter_3772011405901720741:26000800
BruceChen 20:18:21.173 [main] INFO  edu.bjut.boudia.myMain - meter_8864600670167257555:repMsg
BruceChen 20:18:21.173 [main] INFO  edu.bjut.boudia.myMain - meter_8864600670167257555:25977500
BruceChen 20:18:21.173 [main] INFO  edu.bjut.boudia.myMain - meter_9006093924604570897:repMsg
BruceChen 20:18:21.173 [main] INFO  edu.bjut.boudia.myMain - meter_9006093924604570897:25881900
BruceChen 20:18:21.173 [main] INFO  edu.bjut.boudia.myMain - meter_8706422173407005875:repMsg
BruceChen 20:18:21.173 [main] INFO  edu.bjut.boudia.myMain - meter_8706422173407005875:26093500
BruceChen 20:18:21.173 [main] INFO  edu.bjut.boudia.myMain - meter_512226136448549099:repMsg
BruceChen 20:18:21.173 [main] INFO  edu.bjut.boudia.myMain - meter_512226136448549099:25977600
BruceChen 20:18:21.173 [main] INFO  edu.bjut.boudia.myMain - meter_8071399645757921355:repMsg
BruceChen 20:18:21.173 [main] INFO  edu.bjut.boudia.myMain - meter_8071399645757921355:26051400
BruceChen 20:18:21.173 [main] INFO  edu.bjut.boudia.myMain - meter_8277390213346093301:repMsg
BruceChen 20:18:21.173 [main] INFO  edu.bjut.boudia.myMain - meter_8277390213346093301:26270500
BruceChen 20:18:21.173 [main] INFO  edu.bjut.boudia.myMain - meter_8621985852401518267:repMsg
BruceChen 20:18:21.173 [main] INFO  edu.bjut.boudia.myMain - meter_8621985852401518267:25966100
BruceChen 20:18:21.173 [main] INFO  edu.bjut.boudia.myMain - meter_3260139043445241719:repMsg
BruceChen 20:18:21.173 [main] INFO  edu.bjut.boudia.myMain - meter_3260139043445241719:25837100
BruceChen 20:18:21.173 [main] INFO  edu.bjut.boudia.myMain - meter_2495567843514396835:repMsg
BruceChen 20:18:21.173 [main] INFO  edu.bjut.boudia.myMain - meter_2495567843514396835:26181900
BruceChen 20:18:21.173 [main] INFO  edu.bjut.boudia.myMain - meter_7029692840298834357:repMsg
BruceChen 20:18:21.173 [main] INFO  edu.bjut.boudia.myMain - meter_7029692840298834357:25878900
BruceChen 20:18:21.173 [main] INFO  edu.bjut.boudia.myMain - meter_6666009358806453199:repMsg
BruceChen 20:18:21.173 [main] INFO  edu.bjut.boudia.myMain - meter_6666009358806453199:26068500
BruceChen 20:18:21.173 [main] INFO  edu.bjut.boudia.myMain - meter_3521385182214544507:repMsg
BruceChen 20:18:21.173 [main] INFO  edu.bjut.boudia.myMain - meter_3521385182214544507:26151500
BruceChen 20:18:21.173 [main] INFO  edu.bjut.boudia.myMain - meter_3335236959226575245:repMsg
BruceChen 20:18:21.173 [main] INFO  edu.bjut.boudia.myMain - meter_3335236959226575245:26208300
BruceChen 20:18:21.173 [main] INFO  edu.bjut.boudia.myMain - meter_7118462399915510903:repMsg
BruceChen 20:18:21.173 [main] INFO  edu.bjut.boudia.myMain - meter_7118462399915510903:25665000
BruceChen 20:18:21.173 [main] INFO  edu.bjut.boudia.myMain - meter_5142873016932682493:repMsg
BruceChen 20:18:21.173 [main] INFO  edu.bjut.boudia.myMain - meter_5142873016932682493:25740300
BruceChen 20:18:21.173 [main] INFO  edu.bjut.boudia.myMain - meter_724859858580305423:repMsg
BruceChen 20:18:21.173 [main] INFO  edu.bjut.boudia.myMain - meter_724859858580305423:25340700
BruceChen 20:18:21.173 [main] INFO  edu.bjut.boudia.myMain - meter_5522290234736314281:repMsg
BruceChen 20:18:21.173 [main] INFO  edu.bjut.boudia.myMain - meter_5522290234736314281:25437400
BruceChen 20:18:21.173 [main] INFO  edu.bjut.boudia.myMain - meter_5331935533373169877:repMsg
BruceChen 20:18:21.173 [main] INFO  edu.bjut.boudia.myMain - meter_5331935533373169877:25632800
BruceChen 20:18:21.173 [main] INFO  edu.bjut.boudia.myMain - meter_8525920352816162399:repMsg
BruceChen 20:18:21.173 [main] INFO  edu.bjut.boudia.myMain - meter_8525920352816162399:26179400
BruceChen 20:18:21.173 [main] INFO  edu.bjut.boudia.myMain - meter_1835500888860886157:repMsg
BruceChen 20:18:21.173 [main] INFO  edu.bjut.boudia.myMain - meter_1835500888860886157:26295500
BruceChen 20:18:21.173 [main] INFO  edu.bjut.boudia.myMain - meter_9056303644068114373:repMsg
BruceChen 20:18:21.173 [main] INFO  edu.bjut.boudia.myMain - meter_9056303644068114373:26197900
BruceChen 20:18:21.173 [main] INFO  edu.bjut.boudia.myMain - meter_345456439615097615:repMsg
BruceChen 20:18:21.173 [main] INFO  edu.bjut.boudia.myMain - meter_345456439615097615:25992200
BruceChen 20:18:21.173 [main] INFO  edu.bjut.boudia.myMain - meter_5551605488673638705:repMsg
BruceChen 20:18:21.173 [main] INFO  edu.bjut.boudia.myMain - meter_5551605488673638705:28744100
BruceChen 20:18:21.173 [main] INFO  edu.bjut.boudia.myMain - meter_2475691127470845907:repMsg
BruceChen 20:18:21.173 [main] INFO  edu.bjut.boudia.myMain - meter_2475691127470845907:25786000
BruceChen 20:18:21.173 [main] INFO  edu.bjut.boudia.myMain - meter_4045055871062996835:repMsg
BruceChen 20:18:21.173 [main] INFO  edu.bjut.boudia.myMain - meter_4045055871062996835:25407900
BruceChen 20:18:21.173 [main] INFO  edu.bjut.boudia.myMain - meter_5245248460622162073:repMsg
BruceChen 20:18:21.173 [main] INFO  edu.bjut.boudia.myMain - meter_5245248460622162073:33385100
BruceChen 20:18:21.173 [main] INFO  edu.bjut.boudia.myMain - meter_1813412374070146111:repMsg
BruceChen 20:18:21.173 [main] INFO  edu.bjut.boudia.myMain - meter_1813412374070146111:25398800
BruceChen 20:18:22.943 [main] INFO  edu.bjut.boudia.myMain - oneTimeMeterRegTime
BruceChen 20:18:23.318 [main] INFO  edu.bjut.boudia.myMain - server:pubkey
BruceChen 20:18:23.318 [main] INFO  edu.bjut.boudia.myMain - server:1000
BruceChen 20:18:23.318 [main] INFO  edu.bjut.boudia.myMain - agg:regMsg,regMsg,regMsg,regMsg,regMsg,regMsg,regMsg,regMsg,regMsg,regMsg,regMsg,regMsg,regMsg,regMsg,regMsg,regMsg,regMsg,regMsg,regMsg,regMsg,regMsg,regMsg,regMsg,regMsg,regMsg,regMsg,regMsg,regMsg,regMsg,regMsg
BruceChen 20:18:23.318 [main] INFO  edu.bjut.boudia.myMain - agg:6274600,6270900,6265800,6330500,6263000,6283700,6302600,6284700,6276600,6264400,6240100,6267100,6291300,6273200,6244700,6258100,6255700,6280700,6280600,6405500,6262600,6299300,6247200,6282800,6238400,6275400,6261400,6256300,6276800,6287500
BruceChen 20:18:23.318 [main] INFO  edu.bjut.boudia.myMain - meter_5192834655389460559:regMsg,reg_backagg,reg_cc
BruceChen 20:18:23.318 [main] INFO  edu.bjut.boudia.myMain - meter_5192834655389460559:100,6280500,100
BruceChen 20:18:23.318 [main] INFO  edu.bjut.boudia.myMain - meter_4965499584440721735:regMsg,reg_backagg,reg_cc
BruceChen 20:18:23.318 [main] INFO  edu.bjut.boudia.myMain - meter_4965499584440721735:100,6379900,100
BruceChen 20:18:23.318 [main] INFO  edu.bjut.boudia.myMain - meter_5086107018164936925:regMsg,reg_backagg,reg_cc
BruceChen 20:18:23.318 [main] INFO  edu.bjut.boudia.myMain - meter_5086107018164936925:0,6389300,100
BruceChen 20:18:23.318 [main] INFO  edu.bjut.boudia.myMain - meter_5181089814143492111:regMsg,reg_backagg,reg_cc
BruceChen 20:18:23.318 [main] INFO  edu.bjut.boudia.myMain - meter_5181089814143492111:0,6276900,100
BruceChen 20:18:23.318 [main] INFO  edu.bjut.boudia.myMain - meter_3363280027190798019:regMsg,reg_backagg,reg_cc
BruceChen 20:18:23.318 [main] INFO  edu.bjut.boudia.myMain - meter_3363280027190798019:0,6344300,0
BruceChen 20:18:23.318 [main] INFO  edu.bjut.boudia.myMain - meter_1866589719417598279:regMsg,reg_backagg,reg_cc
BruceChen 20:18:23.318 [main] INFO  edu.bjut.boudia.myMain - meter_1866589719417598279:100,6352900,100
BruceChen 20:18:23.318 [main] INFO  edu.bjut.boudia.myMain - meter_5219115015297255007:regMsg,reg_backagg,reg_cc
BruceChen 20:18:23.318 [main] INFO  edu.bjut.boudia.myMain - meter_5219115015297255007:0,6335600,0
BruceChen 20:18:23.318 [main] INFO  edu.bjut.boudia.myMain - meter_8879915777400481851:regMsg,reg_backagg,reg_cc
BruceChen 20:18:23.318 [main] INFO  edu.bjut.boudia.myMain - meter_8879915777400481851:0,6302900,0
BruceChen 20:18:23.318 [main] INFO  edu.bjut.boudia.myMain - meter_7928561583497817225:regMsg,reg_backagg,reg_cc
BruceChen 20:18:23.318 [main] INFO  edu.bjut.boudia.myMain - meter_7928561583497817225:100,6339400,0
BruceChen 20:18:23.318 [main] INFO  edu.bjut.boudia.myMain - meter_4958516234592784861:regMsg,reg_backagg,reg_cc
BruceChen 20:18:23.318 [main] INFO  edu.bjut.boudia.myMain - meter_4958516234592784861:0,6282000,100
BruceChen 20:18:23.318 [main] INFO  edu.bjut.boudia.myMain - meter_616538698907830673:regMsg,reg_backagg,reg_cc
BruceChen 20:18:23.318 [main] INFO  edu.bjut.boudia.myMain - meter_616538698907830673:100,6339200,0
BruceChen 20:18:23.318 [main] INFO  edu.bjut.boudia.myMain - meter_147112525830701253:regMsg,reg_backagg,reg_cc
BruceChen 20:18:23.318 [main] INFO  edu.bjut.boudia.myMain - meter_147112525830701253:100,6358100,100
BruceChen 20:18:23.318 [main] INFO  edu.bjut.boudia.myMain - meter_9034564789332682505:regMsg,reg_backagg,reg_cc
BruceChen 20:18:23.318 [main] INFO  edu.bjut.boudia.myMain - meter_9034564789332682505:100,6336900,100
BruceChen 20:18:23.318 [main] INFO  edu.bjut.boudia.myMain - meter_1895012048428616479:regMsg,reg_backagg,reg_cc
BruceChen 20:18:23.318 [main] INFO  edu.bjut.boudia.myMain - meter_1895012048428616479:0,6243800,100
BruceChen 20:18:23.318 [main] INFO  edu.bjut.boudia.myMain - meter_5601683987039999433:regMsg,reg_backagg,reg_cc
BruceChen 20:18:23.318 [main] INFO  edu.bjut.boudia.myMain - meter_5601683987039999433:0,6342300,0
BruceChen 20:18:23.318 [main] INFO  edu.bjut.boudia.myMain - meter_5124528396781633589:regMsg,reg_backagg,reg_cc
BruceChen 20:18:23.318 [main] INFO  edu.bjut.boudia.myMain - meter_5124528396781633589:0,6296400,0
BruceChen 20:18:23.318 [main] INFO  edu.bjut.boudia.myMain - meter_8430755397421344657:regMsg,reg_backagg,reg_cc
BruceChen 20:18:23.318 [main] INFO  edu.bjut.boudia.myMain - meter_8430755397421344657:0,6324800,100
BruceChen 20:18:23.318 [main] INFO  edu.bjut.boudia.myMain - meter_2582766806186754129:regMsg,reg_backagg,reg_cc
BruceChen 20:18:23.318 [main] INFO  edu.bjut.boudia.myMain - meter_2582766806186754129:0,6327100,100
BruceChen 20:18:23.318 [main] INFO  edu.bjut.boudia.myMain - meter_9129162280417369109:regMsg,reg_backagg,reg_cc
BruceChen 20:18:23.318 [main] INFO  edu.bjut.boudia.myMain - meter_9129162280417369109:100,6271700,0
BruceChen 20:18:23.318 [main] INFO  edu.bjut.boudia.myMain - meter_5723223567548852439:regMsg,reg_backagg,reg_cc
BruceChen 20:18:23.318 [main] INFO  edu.bjut.boudia.myMain - meter_5723223567548852439:0,6376000,0
BruceChen 20:18:23.318 [main] INFO  edu.bjut.boudia.myMain - meter_3584133128640255305:regMsg,reg_backagg,reg_cc
BruceChen 20:18:23.318 [main] INFO  edu.bjut.boudia.myMain - meter_3584133128640255305:0,7426300,100
BruceChen 20:18:23.318 [main] INFO  edu.bjut.boudia.myMain - meter_5964291987675651135:regMsg,reg_backagg,reg_cc
BruceChen 20:18:23.318 [main] INFO  edu.bjut.boudia.myMain - meter_5964291987675651135:100,6367400,100
BruceChen 20:18:23.318 [main] INFO  edu.bjut.boudia.myMain - meter_4373931512103894265:regMsg,reg_backagg,reg_cc
BruceChen 20:18:23.318 [main] INFO  edu.bjut.boudia.myMain - meter_4373931512103894265:0,6308800,100
BruceChen 20:18:23.318 [main] INFO  edu.bjut.boudia.myMain - meter_2769597340924624265:regMsg,reg_backagg,reg_cc
BruceChen 20:18:23.318 [main] INFO  edu.bjut.boudia.myMain - meter_2769597340924624265:0,6401800,0
BruceChen 20:18:23.318 [main] INFO  edu.bjut.boudia.myMain - meter_7001830303338343885:regMsg,reg_backagg,reg_cc
BruceChen 20:18:23.318 [main] INFO  edu.bjut.boudia.myMain - meter_7001830303338343885:0,6333600,100
BruceChen 20:18:23.318 [main] INFO  edu.bjut.boudia.myMain - meter_2963613128839221217:regMsg,reg_backagg,reg_cc
BruceChen 20:18:23.318 [main] INFO  edu.bjut.boudia.myMain - meter_2963613128839221217:100,6411200,100
BruceChen 20:18:23.318 [main] INFO  edu.bjut.boudia.myMain - meter_8432857529906915873:regMsg,reg_backagg,reg_cc
BruceChen 20:18:23.318 [main] INFO  edu.bjut.boudia.myMain - meter_8432857529906915873:0,6272300,0
BruceChen 20:18:23.318 [main] INFO  edu.bjut.boudia.myMain - meter_4889503634778265291:regMsg,reg_backagg,reg_cc
BruceChen 20:18:23.318 [main] INFO  edu.bjut.boudia.myMain - meter_4889503634778265291:0,6282200,0
BruceChen 20:18:23.318 [main] INFO  edu.bjut.boudia.myMain - meter_618771000011259695:regMsg,reg_backagg,reg_cc
BruceChen 20:18:23.318 [main] INFO  edu.bjut.boudia.myMain - meter_618771000011259695:100,6352500,100
BruceChen 20:18:23.318 [main] INFO  edu.bjut.boudia.myMain - meter_4124505765535947703:regMsg,reg_backagg,reg_cc
BruceChen 20:18:23.318 [main] INFO  edu.bjut.boudia.myMain - meter_4124505765535947703:0,6347500,0
BruceChen 20:18:23.703 [main] INFO  edu.bjut.boudia.myMain - oneTimeMeterRepTime
BruceChen 20:18:24.714 [main] INFO  edu.bjut.boudia.myMain - server:repMsg
BruceChen 20:18:24.718 [main] INFO  edu.bjut.boudia.myMain - server:32647800
BruceChen 20:18:24.718 [main] INFO  edu.bjut.boudia.myMain - agg:repMsg
BruceChen 20:18:24.718 [main] INFO  edu.bjut.boudia.myMain - agg:209251400
BruceChen 20:18:24.718 [main] INFO  edu.bjut.boudia.myMain - meter_5192834655389460559:repMsg
BruceChen 20:18:24.718 [main] INFO  edu.bjut.boudia.myMain - meter_5192834655389460559:26086000
BruceChen 20:18:24.718 [main] INFO  edu.bjut.boudia.myMain - meter_4965499584440721735:repMsg
BruceChen 20:18:24.718 [main] INFO  edu.bjut.boudia.myMain - meter_4965499584440721735:25859100
BruceChen 20:18:24.718 [main] INFO  edu.bjut.boudia.myMain - meter_5086107018164936925:repMsg
BruceChen 20:18:24.718 [main] INFO  edu.bjut.boudia.myMain - meter_5086107018164936925:25192300
BruceChen 20:18:24.718 [main] INFO  edu.bjut.boudia.myMain - meter_5181089814143492111:repMsg
BruceChen 20:18:24.718 [main] INFO  edu.bjut.boudia.myMain - meter_5181089814143492111:25795500
BruceChen 20:18:24.718 [main] INFO  edu.bjut.boudia.myMain - meter_3363280027190798019:repMsg
BruceChen 20:18:24.718 [main] INFO  edu.bjut.boudia.myMain - meter_3363280027190798019:25217000
BruceChen 20:18:24.718 [main] INFO  edu.bjut.boudia.myMain - meter_1866589719417598279:repMsg
BruceChen 20:18:24.718 [main] INFO  edu.bjut.boudia.myMain - meter_1866589719417598279:25691600
BruceChen 20:18:24.718 [main] INFO  edu.bjut.boudia.myMain - meter_5219115015297255007:repMsg
BruceChen 20:18:24.718 [main] INFO  edu.bjut.boudia.myMain - meter_5219115015297255007:25320400
BruceChen 20:18:24.718 [main] INFO  edu.bjut.boudia.myMain - meter_8879915777400481851:repMsg
BruceChen 20:18:24.718 [main] INFO  edu.bjut.boudia.myMain - meter_8879915777400481851:26457400
BruceChen 20:18:24.718 [main] INFO  edu.bjut.boudia.myMain - meter_7928561583497817225:repMsg
BruceChen 20:18:24.718 [main] INFO  edu.bjut.boudia.myMain - meter_7928561583497817225:25267700
BruceChen 20:18:24.718 [main] INFO  edu.bjut.boudia.myMain - meter_4958516234592784861:repMsg
BruceChen 20:18:24.718 [main] INFO  edu.bjut.boudia.myMain - meter_4958516234592784861:25374000
BruceChen 20:18:24.718 [main] INFO  edu.bjut.boudia.myMain - meter_616538698907830673:repMsg
BruceChen 20:18:24.718 [main] INFO  edu.bjut.boudia.myMain - meter_616538698907830673:25542600
BruceChen 20:18:24.718 [main] INFO  edu.bjut.boudia.myMain - meter_147112525830701253:repMsg
BruceChen 20:18:24.718 [main] INFO  edu.bjut.boudia.myMain - meter_147112525830701253:25291800
BruceChen 20:18:24.718 [main] INFO  edu.bjut.boudia.myMain - meter_9034564789332682505:repMsg
BruceChen 20:18:24.718 [main] INFO  edu.bjut.boudia.myMain - meter_9034564789332682505:25377000
BruceChen 20:18:24.718 [main] INFO  edu.bjut.boudia.myMain - meter_1895012048428616479:repMsg
BruceChen 20:18:24.718 [main] INFO  edu.bjut.boudia.myMain - meter_1895012048428616479:25372800
BruceChen 20:18:24.718 [main] INFO  edu.bjut.boudia.myMain - meter_5601683987039999433:repMsg
BruceChen 20:18:24.718 [main] INFO  edu.bjut.boudia.myMain - meter_5601683987039999433:25317600
BruceChen 20:18:24.718 [main] INFO  edu.bjut.boudia.myMain - meter_5124528396781633589:repMsg
BruceChen 20:18:24.718 [main] INFO  edu.bjut.boudia.myMain - meter_5124528396781633589:25293900
BruceChen 20:18:24.718 [main] INFO  edu.bjut.boudia.myMain - meter_8430755397421344657:repMsg
BruceChen 20:18:24.718 [main] INFO  edu.bjut.boudia.myMain - meter_8430755397421344657:25378400
BruceChen 20:18:24.718 [main] INFO  edu.bjut.boudia.myMain - meter_2582766806186754129:repMsg
BruceChen 20:18:24.718 [main] INFO  edu.bjut.boudia.myMain - meter_2582766806186754129:25252100
BruceChen 20:18:24.718 [main] INFO  edu.bjut.boudia.myMain - meter_9129162280417369109:repMsg
BruceChen 20:18:24.718 [main] INFO  edu.bjut.boudia.myMain - meter_9129162280417369109:25087700
BruceChen 20:18:24.718 [main] INFO  edu.bjut.boudia.myMain - meter_5723223567548852439:repMsg
BruceChen 20:18:24.718 [main] INFO  edu.bjut.boudia.myMain - meter_5723223567548852439:25545200
BruceChen 20:18:24.718 [main] INFO  edu.bjut.boudia.myMain - meter_3584133128640255305:repMsg
BruceChen 20:18:24.718 [main] INFO  edu.bjut.boudia.myMain - meter_3584133128640255305:25339200
BruceChen 20:18:24.718 [main] INFO  edu.bjut.boudia.myMain - meter_5964291987675651135:repMsg
BruceChen 20:18:24.718 [main] INFO  edu.bjut.boudia.myMain - meter_5964291987675651135:25141300
BruceChen 20:18:24.718 [main] INFO  edu.bjut.boudia.myMain - meter_4373931512103894265:repMsg
BruceChen 20:18:24.718 [main] INFO  edu.bjut.boudia.myMain - meter_4373931512103894265:25300300
BruceChen 20:18:24.718 [main] INFO  edu.bjut.boudia.myMain - meter_2769597340924624265:repMsg
BruceChen 20:18:24.718 [main] INFO  edu.bjut.boudia.myMain - meter_2769597340924624265:25296800
BruceChen 20:18:24.718 [main] INFO  edu.bjut.boudia.myMain - meter_7001830303338343885:repMsg
BruceChen 20:18:24.718 [main] INFO  edu.bjut.boudia.myMain - meter_7001830303338343885:25130800
BruceChen 20:18:24.718 [main] INFO  edu.bjut.boudia.myMain - meter_2963613128839221217:repMsg
BruceChen 20:18:24.718 [main] INFO  edu.bjut.boudia.myMain - meter_2963613128839221217:25135600
BruceChen 20:18:24.718 [main] INFO  edu.bjut.boudia.myMain - meter_8432857529906915873:repMsg
BruceChen 20:18:24.718 [main] INFO  edu.bjut.boudia.myMain - meter_8432857529906915873:25325000
BruceChen 20:18:24.718 [main] INFO  edu.bjut.boudia.myMain - meter_4889503634778265291:repMsg
BruceChen 20:18:24.718 [main] INFO  edu.bjut.boudia.myMain - meter_4889503634778265291:25391600
BruceChen 20:18:24.718 [main] INFO  edu.bjut.boudia.myMain - meter_618771000011259695:repMsg
BruceChen 20:18:24.718 [main] INFO  edu.bjut.boudia.myMain - meter_618771000011259695:25383700
BruceChen 20:18:24.718 [main] INFO  edu.bjut.boudia.myMain - meter_4124505765535947703:repMsg
BruceChen 20:18:24.718 [main] INFO  edu.bjut.boudia.myMain - meter_4124505765535947703:25056500
BruceChen 20:18:26.079 [main] INFO  edu.bjut.boudia.myMain - oneTimeMeterRegTime
BruceChen 20:18:26.330 [main] INFO  edu.bjut.boudia.myMain - server:pubkey
BruceChen 20:18:26.330 [main] INFO  edu.bjut.boudia.myMain - server:1100
BruceChen 20:18:26.330 [main] INFO  edu.bjut.boudia.myMain - agg:regMsg,regMsg,regMsg,regMsg,regMsg,regMsg,regMsg,regMsg,regMsg,regMsg,regMsg,regMsg,regMsg,regMsg,regMsg,regMsg,regMsg,regMsg,regMsg,regMsg
BruceChen 20:18:26.330 [main] INFO  edu.bjut.boudia.myMain - agg:6473400,6280900,6259100,6259900,7186400,6298200,6296900,6369200,6280700,6271600,6273100,6259700,6273900,6269100,6283200,6273300,6252200,6240700,6259400,6267700
BruceChen 20:18:26.330 [main] INFO  edu.bjut.boudia.myMain - meter_1955044457499645619:regMsg,reg_backagg,reg_cc
BruceChen 20:18:26.330 [main] INFO  edu.bjut.boudia.myMain - meter_1955044457499645619:200,6385200,100
BruceChen 20:18:26.330 [main] INFO  edu.bjut.boudia.myMain - meter_8655166756428116307:regMsg,reg_backagg,reg_cc
BruceChen 20:18:26.330 [main] INFO  edu.bjut.boudia.myMain - meter_8655166756428116307:0,6316000,100
BruceChen 20:18:26.330 [main] INFO  edu.bjut.boudia.myMain - meter_8187988193563258761:regMsg,reg_backagg,reg_cc
BruceChen 20:18:26.330 [main] INFO  edu.bjut.boudia.myMain - meter_8187988193563258761:0,6292300,0
BruceChen 20:18:26.330 [main] INFO  edu.bjut.boudia.myMain - meter_4032725857718458933:regMsg,reg_backagg,reg_cc
BruceChen 20:18:26.330 [main] INFO  edu.bjut.boudia.myMain - meter_4032725857718458933:100,6372600,0
BruceChen 20:18:26.330 [main] INFO  edu.bjut.boudia.myMain - meter_6725546140628957307:regMsg,reg_backagg,reg_cc
BruceChen 20:18:26.330 [main] INFO  edu.bjut.boudia.myMain - meter_6725546140628957307:100,6477700,100
BruceChen 20:18:26.330 [main] INFO  edu.bjut.boudia.myMain - meter_6321634936119874835:regMsg,reg_backagg,reg_cc
BruceChen 20:18:26.330 [main] INFO  edu.bjut.boudia.myMain - meter_6321634936119874835:0,6350400,100
BruceChen 20:18:26.330 [main] INFO  edu.bjut.boudia.myMain - meter_1607399160007424563:regMsg,reg_backagg,reg_cc
BruceChen 20:18:26.330 [main] INFO  edu.bjut.boudia.myMain - meter_1607399160007424563:100,6527000,100
BruceChen 20:18:26.330 [main] INFO  edu.bjut.boudia.myMain - meter_8635517616819489531:regMsg,reg_backagg,reg_cc
BruceChen 20:18:26.330 [main] INFO  edu.bjut.boudia.myMain - meter_8635517616819489531:100,6335100,100
BruceChen 20:18:26.330 [main] INFO  edu.bjut.boudia.myMain - meter_7975841220702112007:regMsg,reg_backagg,reg_cc
BruceChen 20:18:26.330 [main] INFO  edu.bjut.boudia.myMain - meter_7975841220702112007:100,6354600,100
BruceChen 20:18:26.330 [main] INFO  edu.bjut.boudia.myMain - meter_7778445543795830069:regMsg,reg_backagg,reg_cc
BruceChen 20:18:26.330 [main] INFO  edu.bjut.boudia.myMain - meter_7778445543795830069:100,6373400,0
BruceChen 20:18:26.330 [main] INFO  edu.bjut.boudia.myMain - meter_2994812325779601327:regMsg,reg_backagg,reg_cc
BruceChen 20:18:26.330 [main] INFO  edu.bjut.boudia.myMain - meter_2994812325779601327:0,6406300,100
BruceChen 20:18:26.330 [main] INFO  edu.bjut.boudia.myMain - meter_8452887529873104923:regMsg,reg_backagg,reg_cc
BruceChen 20:18:26.330 [main] INFO  edu.bjut.boudia.myMain - meter_8452887529873104923:0,6360800,0
BruceChen 20:18:26.330 [main] INFO  edu.bjut.boudia.myMain - meter_6515626713144672619:regMsg,reg_backagg,reg_cc
BruceChen 20:18:26.330 [main] INFO  edu.bjut.boudia.myMain - meter_6515626713144672619:0,6320200,100
BruceChen 20:18:26.330 [main] INFO  edu.bjut.boudia.myMain - meter_2906166894667190121:regMsg,reg_backagg,reg_cc
BruceChen 20:18:26.330 [main] INFO  edu.bjut.boudia.myMain - meter_2906166894667190121:100,6262700,100
BruceChen 20:18:26.330 [main] INFO  edu.bjut.boudia.myMain - meter_7278464561099481661:regMsg,reg_backagg,reg_cc
BruceChen 20:18:26.330 [main] INFO  edu.bjut.boudia.myMain - meter_7278464561099481661:0,6333600,100
BruceChen 20:18:26.330 [main] INFO  edu.bjut.boudia.myMain - meter_2057385133286019003:regMsg,reg_backagg,reg_cc
BruceChen 20:18:26.330 [main] INFO  edu.bjut.boudia.myMain - meter_2057385133286019003:100,6358400,0
BruceChen 20:18:26.330 [main] INFO  edu.bjut.boudia.myMain - meter_3029123441900954277:regMsg,reg_backagg,reg_cc
BruceChen 20:18:26.330 [main] INFO  edu.bjut.boudia.myMain - meter_3029123441900954277:0,6373100,0
BruceChen 20:18:26.330 [main] INFO  edu.bjut.boudia.myMain - meter_2723593389122820529:regMsg,reg_backagg,reg_cc
BruceChen 20:18:26.330 [main] INFO  edu.bjut.boudia.myMain - meter_2723593389122820529:0,6347000,100
BruceChen 20:18:26.330 [main] INFO  edu.bjut.boudia.myMain - meter_5286727547401697373:regMsg,reg_backagg,reg_cc
BruceChen 20:18:26.330 [main] INFO  edu.bjut.boudia.myMain - meter_5286727547401697373:100,6305400,100
BruceChen 20:18:26.330 [main] INFO  edu.bjut.boudia.myMain - meter_1515540256961864043:regMsg,reg_backagg,reg_cc
BruceChen 20:18:26.330 [main] INFO  edu.bjut.boudia.myMain - meter_1515540256961864043:100,6322500,100
BruceChen 20:18:26.596 [main] INFO  edu.bjut.boudia.myMain - oneTimeMeterRepTime
BruceChen 20:18:27.283 [main] INFO  edu.bjut.boudia.myMain - server:repMsg
BruceChen 20:18:27.283 [main] INFO  edu.bjut.boudia.myMain - server:32279700
BruceChen 20:18:27.283 [main] INFO  edu.bjut.boudia.myMain - agg:repMsg
BruceChen 20:18:27.283 [main] INFO  edu.bjut.boudia.myMain - agg:142280700
BruceChen 20:18:27.283 [main] INFO  edu.bjut.boudia.myMain - meter_1955044457499645619:repMsg
BruceChen 20:18:27.283 [main] INFO  edu.bjut.boudia.myMain - meter_1955044457499645619:25981700
BruceChen 20:18:27.283 [main] INFO  edu.bjut.boudia.myMain - meter_8655166756428116307:repMsg
BruceChen 20:18:27.283 [main] INFO  edu.bjut.boudia.myMain - meter_8655166756428116307:26245900
BruceChen 20:18:27.283 [main] INFO  edu.bjut.boudia.myMain - meter_8187988193563258761:repMsg
BruceChen 20:18:27.283 [main] INFO  edu.bjut.boudia.myMain - meter_8187988193563258761:26115100
BruceChen 20:18:27.283 [main] INFO  edu.bjut.boudia.myMain - meter_4032725857718458933:repMsg
BruceChen 20:18:27.283 [main] INFO  edu.bjut.boudia.myMain - meter_4032725857718458933:26039100
BruceChen 20:18:27.283 [main] INFO  edu.bjut.boudia.myMain - meter_6725546140628957307:repMsg
BruceChen 20:18:27.283 [main] INFO  edu.bjut.boudia.myMain - meter_6725546140628957307:26079100
BruceChen 20:18:27.283 [main] INFO  edu.bjut.boudia.myMain - meter_6321634936119874835:repMsg
BruceChen 20:18:27.283 [main] INFO  edu.bjut.boudia.myMain - meter_6321634936119874835:26232600
BruceChen 20:18:27.283 [main] INFO  edu.bjut.boudia.myMain - meter_1607399160007424563:repMsg
BruceChen 20:18:27.283 [main] INFO  edu.bjut.boudia.myMain - meter_1607399160007424563:25933600
BruceChen 20:18:27.283 [main] INFO  edu.bjut.boudia.myMain - meter_8635517616819489531:repMsg
BruceChen 20:18:27.283 [main] INFO  edu.bjut.boudia.myMain - meter_8635517616819489531:25415800
BruceChen 20:18:27.283 [main] INFO  edu.bjut.boudia.myMain - meter_7975841220702112007:repMsg
BruceChen 20:18:27.283 [main] INFO  edu.bjut.boudia.myMain - meter_7975841220702112007:25281800
BruceChen 20:18:27.283 [main] INFO  edu.bjut.boudia.myMain - meter_7778445543795830069:repMsg
BruceChen 20:18:27.283 [main] INFO  edu.bjut.boudia.myMain - meter_7778445543795830069:26153700
BruceChen 20:18:27.283 [main] INFO  edu.bjut.boudia.myMain - meter_2994812325779601327:repMsg
BruceChen 20:18:27.283 [main] INFO  edu.bjut.boudia.myMain - meter_2994812325779601327:25617700
BruceChen 20:18:27.283 [main] INFO  edu.bjut.boudia.myMain - meter_8452887529873104923:repMsg
BruceChen 20:18:27.283 [main] INFO  edu.bjut.boudia.myMain - meter_8452887529873104923:25435700
BruceChen 20:18:27.283 [main] INFO  edu.bjut.boudia.myMain - meter_6515626713144672619:repMsg
BruceChen 20:18:27.283 [main] INFO  edu.bjut.boudia.myMain - meter_6515626713144672619:25461300
BruceChen 20:18:27.283 [main] INFO  edu.bjut.boudia.myMain - meter_2906166894667190121:repMsg
BruceChen 20:18:27.283 [main] INFO  edu.bjut.boudia.myMain - meter_2906166894667190121:25421600
BruceChen 20:18:27.283 [main] INFO  edu.bjut.boudia.myMain - meter_7278464561099481661:repMsg
BruceChen 20:18:27.283 [main] INFO  edu.bjut.boudia.myMain - meter_7278464561099481661:25026400
BruceChen 20:18:27.283 [main] INFO  edu.bjut.boudia.myMain - meter_2057385133286019003:repMsg
BruceChen 20:18:27.283 [main] INFO  edu.bjut.boudia.myMain - meter_2057385133286019003:25694900
BruceChen 20:18:27.283 [main] INFO  edu.bjut.boudia.myMain - meter_3029123441900954277:repMsg
BruceChen 20:18:27.283 [main] INFO  edu.bjut.boudia.myMain - meter_3029123441900954277:25879200
BruceChen 20:18:27.283 [main] INFO  edu.bjut.boudia.myMain - meter_2723593389122820529:repMsg
BruceChen 20:18:27.283 [main] INFO  edu.bjut.boudia.myMain - meter_2723593389122820529:25338700
BruceChen 20:18:27.283 [main] INFO  edu.bjut.boudia.myMain - meter_5286727547401697373:repMsg
BruceChen 20:18:27.283 [main] INFO  edu.bjut.boudia.myMain - meter_5286727547401697373:25280500
BruceChen 20:18:27.283 [main] INFO  edu.bjut.boudia.myMain - meter_1515540256961864043:repMsg
BruceChen 20:18:27.283 [main] INFO  edu.bjut.boudia.myMain - meter_1515540256961864043:25352900
