BruceChen 22:05:23.493 [main] INFO  edu.bjut.homo.myMain - meterRegTime
BruceChen 22:05:23.947 [main] INFO  edu.bjut.homo.myMain - kgc:reg_response,reg_response,reg_response,reg_response,reg_response,reg_response,reg_response,reg_response,reg_response,reg_response,reg_response,reg_response,reg_response,reg_response,reg_response,reg_response,reg_response,reg_response,reg_response,reg_response,reg_response,reg_response,reg_response,reg_response,reg_response,reg_response,reg_response,reg_response,reg_response,reg_response,reg_response,reg_response,reg_response,reg_response,reg_response,reg_response,reg_response,reg_response,reg_response,reg_response,reg_response,reg_response,reg_response,reg_response,reg_response,reg_response,reg_response,reg_response,reg_response,reg_response,reg_response,reg_response,reg_response,reg_response,reg_response,reg_response,reg_response,reg_response,reg_response,reg_response
BruceChen 22:05:23.963 [main] INFO  edu.bjut.homo.myMain - kgc:7828000,7575300,7697800,7441700,7601200,7575300,7418500,7643500,10226300,7369100,7412400,7316400,7353800,7440900,7309100,7355300,7430200,7590000,7251800,7488100,7506400,7598600,7350600,7466100,7297100,7253400,7397800,7435500,7550600,7472900,7336900,7257000,7287300,7250700,7242400,7363700,7234100,7291200,7270300,7205900,7204600,7371500,7290400,7431800,7192200,7292000,7320300,7299900,7648400,7402200,7199600,7280500,7176100,7306200,7261200,7251900,7278100,7295700,7264500,7219100
BruceChen 22:05:23.963 [main] INFO  edu.bjut.homo.myMain - meter_8907357135525397549:reg,reg_response
BruceChen 22:05:23.963 [main] INFO  edu.bjut.homo.myMain - meter_8907357135525397549:262300,322500
BruceChen 22:05:23.963 [main] INFO  edu.bjut.homo.myMain - meter_3645808158025443317:reg,reg_response
BruceChen 22:05:23.963 [main] INFO  edu.bjut.homo.myMain - meter_3645808158025443317:1649500,138600
BruceChen 22:05:23.963 [main] INFO  edu.bjut.homo.myMain - meter_3549393520596966575:reg,reg_response
BruceChen 22:05:23.963 [main] INFO  edu.bjut.homo.myMain - meter_3549393520596966575:43200,147300
BruceChen 22:05:23.963 [main] INFO  edu.bjut.homo.myMain - meter_64892578758352281:reg,reg_response
BruceChen 22:05:23.963 [main] INFO  edu.bjut.homo.myMain - meter_64892578758352281:36600,139100
BruceChen 22:05:23.963 [main] INFO  edu.bjut.homo.myMain - meter_3201655345108887789:reg,reg_response
BruceChen 22:05:23.963 [main] INFO  edu.bjut.homo.myMain - meter_3201655345108887789:38900,138200
BruceChen 22:05:23.963 [main] INFO  edu.bjut.homo.myMain - meter_2002567391788069909:reg,reg_response
BruceChen 22:05:23.963 [main] INFO  edu.bjut.homo.myMain - meter_2002567391788069909:34600,109300
BruceChen 22:05:23.963 [main] INFO  edu.bjut.homo.myMain - meter_3868184606484828405:reg,reg_response
BruceChen 22:05:23.963 [main] INFO  edu.bjut.homo.myMain - meter_3868184606484828405:26900,114000
BruceChen 22:05:23.963 [main] INFO  edu.bjut.homo.myMain - meter_544310442031305385:reg,reg_response
BruceChen 22:05:23.963 [main] INFO  edu.bjut.homo.myMain - meter_544310442031305385:28600,109200
BruceChen 22:05:23.963 [main] INFO  edu.bjut.homo.myMain - meter_3421899244743161735:reg,reg_response
BruceChen 22:05:23.963 [main] INFO  edu.bjut.homo.myMain - meter_3421899244743161735:27200,116700
BruceChen 22:05:23.963 [main] INFO  edu.bjut.homo.myMain - meter_2786326471063756573:reg,reg_response
BruceChen 22:05:23.963 [main] INFO  edu.bjut.homo.myMain - meter_2786326471063756573:27200,107600
BruceChen 22:05:23.963 [main] INFO  edu.bjut.homo.myMain - meter_8698062500236644439:reg,reg_response
BruceChen 22:05:23.963 [main] INFO  edu.bjut.homo.myMain - meter_8698062500236644439:28000,99700
BruceChen 22:05:23.963 [main] INFO  edu.bjut.homo.myMain - meter_3185030560917608249:reg,reg_response
BruceChen 22:05:23.963 [main] INFO  edu.bjut.homo.myMain - meter_3185030560917608249:26500,98500
BruceChen 22:05:23.963 [main] INFO  edu.bjut.homo.myMain - meter_7508840454451770297:reg,reg_response
BruceChen 22:05:23.963 [main] INFO  edu.bjut.homo.myMain - meter_7508840454451770297:34200,131600
BruceChen 22:05:23.963 [main] INFO  edu.bjut.homo.myMain - meter_8043690028059612447:reg,reg_response
BruceChen 22:05:23.963 [main] INFO  edu.bjut.homo.myMain - meter_8043690028059612447:26900,116400
BruceChen 22:05:23.963 [main] INFO  edu.bjut.homo.myMain - meter_1570896303744899717:reg,reg_response
BruceChen 22:05:23.963 [main] INFO  edu.bjut.homo.myMain - meter_1570896303744899717:27200,101700
BruceChen 22:05:23.963 [main] INFO  edu.bjut.homo.myMain - meter_8465379232620220281:reg,reg_response
BruceChen 22:05:23.963 [main] INFO  edu.bjut.homo.myMain - meter_8465379232620220281:27200,96000
BruceChen 22:05:23.963 [main] INFO  edu.bjut.homo.myMain - meter_254179990696089977:reg,reg_response
BruceChen 22:05:23.963 [main] INFO  edu.bjut.homo.myMain - meter_254179990696089977:26300,98500
BruceChen 22:05:23.963 [main] INFO  edu.bjut.homo.myMain - meter_1563988610809487889:reg,reg_response
BruceChen 22:05:23.963 [main] INFO  edu.bjut.homo.myMain - meter_1563988610809487889:28100,109100
BruceChen 22:05:23.963 [main] INFO  edu.bjut.homo.myMain - meter_4700751372865055943:reg,reg_response
BruceChen 22:05:23.963 [main] INFO  edu.bjut.homo.myMain - meter_4700751372865055943:26300,97000
BruceChen 22:05:23.963 [main] INFO  edu.bjut.homo.myMain - meter_3501663419561015901:reg,reg_response
BruceChen 22:05:23.963 [main] INFO  edu.bjut.homo.myMain - meter_3501663419561015901:26300,98300
BruceChen 22:05:23.963 [main] INFO  edu.bjut.homo.myMain - meter_8388988497014845383:reg,reg_response
BruceChen 22:05:23.963 [main] INFO  edu.bjut.homo.myMain - meter_8388988497014845383:27600,101200
BruceChen 22:05:23.963 [main] INFO  edu.bjut.homo.myMain - meter_8901664937224326951:reg,reg_response
BruceChen 22:05:23.963 [main] INFO  edu.bjut.homo.myMain - meter_8901664937224326951:30500,105500
BruceChen 22:05:23.963 [main] INFO  edu.bjut.homo.myMain - meter_4014622429930379731:reg,reg_response
BruceChen 22:05:23.963 [main] INFO  edu.bjut.homo.myMain - meter_4014622429930379731:26500,92000
BruceChen 22:05:23.963 [main] INFO  edu.bjut.homo.myMain - meter_7036047713937699761:reg,reg_response
BruceChen 22:05:23.963 [main] INFO  edu.bjut.homo.myMain - meter_7036047713937699761:26000,94100
BruceChen 22:05:23.963 [main] INFO  edu.bjut.homo.myMain - meter_3439749340344573043:reg,reg_response
BruceChen 22:05:23.963 [main] INFO  edu.bjut.homo.myMain - meter_3439749340344573043:26300,102400
BruceChen 22:05:23.963 [main] INFO  edu.bjut.homo.myMain - meter_3902542419426180295:reg,reg_response
BruceChen 22:05:23.963 [main] INFO  edu.bjut.homo.myMain - meter_3902542419426180295:60100,92000
BruceChen 22:05:23.963 [main] INFO  edu.bjut.homo.myMain - meter_5305366559336364453:reg,reg_response
BruceChen 22:05:23.963 [main] INFO  edu.bjut.homo.myMain - meter_5305366559336364453:25800,104600
BruceChen 22:05:23.963 [main] INFO  edu.bjut.homo.myMain - meter_3022245551993161271:reg,reg_response
BruceChen 22:05:23.963 [main] INFO  edu.bjut.homo.myMain - meter_3022245551993161271:50500,104700
BruceChen 22:05:23.963 [main] INFO  edu.bjut.homo.myMain - meter_3485038635369670879:reg,reg_response
BruceChen 22:05:23.963 [main] INFO  edu.bjut.homo.myMain - meter_3485038635369670879:26200,113900
BruceChen 22:05:23.963 [main] INFO  edu.bjut.homo.myMain - meter_71518800995243649:reg,reg_response
BruceChen 22:05:23.963 [main] INFO  edu.bjut.homo.myMain - meter_71518800995243649:30100,113300
BruceChen 22:05:23.963 [main] INFO  edu.bjut.homo.myMain - meter_4887862770984886451:reg,reg_response
BruceChen 22:05:23.963 [main] INFO  edu.bjut.homo.myMain - meter_4887862770984886451:25600,82100
BruceChen 22:05:23.963 [main] INFO  edu.bjut.homo.myMain - meter_8297050850247934997:reg,reg_response
BruceChen 22:05:23.963 [main] INFO  edu.bjut.homo.myMain - meter_8297050850247934997:25100,83600
BruceChen 22:05:23.963 [main] INFO  edu.bjut.homo.myMain - meter_6726030978072234035:reg,reg_response
BruceChen 22:05:23.963 [main] INFO  edu.bjut.homo.myMain - meter_6726030978072234035:24900,88200
BruceChen 22:05:23.963 [main] INFO  edu.bjut.homo.myMain - meter_2071107688946372401:reg,reg_response
BruceChen 22:05:23.963 [main] INFO  edu.bjut.homo.myMain - meter_2071107688946372401:28000,82400
BruceChen 22:05:23.963 [main] INFO  edu.bjut.homo.myMain - meter_1464482000572214351:reg,reg_response
BruceChen 22:05:23.963 [main] INFO  edu.bjut.homo.myMain - meter_1464482000572214351:24700,79300
BruceChen 22:05:23.963 [main] INFO  edu.bjut.homo.myMain - meter_4788356165042515811:reg,reg_response
BruceChen 22:05:23.963 [main] INFO  edu.bjut.homo.myMain - meter_4788356165042515811:24500,87500
BruceChen 22:05:23.963 [main] INFO  edu.bjut.homo.myMain - meter_8281784027573487461:reg,reg_response
BruceChen 22:05:23.963 [main] INFO  edu.bjut.homo.myMain - meter_8281784027573487461:26800,80600
BruceChen 22:05:23.963 [main] INFO  edu.bjut.homo.myMain - meter_5360799369182946407:reg,reg_response
BruceChen 22:05:23.963 [main] INFO  edu.bjut.homo.myMain - meter_5360799369182946407:25100,86800
BruceChen 22:05:23.963 [main] INFO  edu.bjut.homo.myMain - meter_8834192405030371315:reg,reg_response
BruceChen 22:05:23.963 [main] INFO  edu.bjut.homo.myMain - meter_8834192405030371315:25800,86100
BruceChen 22:05:23.963 [main] INFO  edu.bjut.homo.myMain - meter_8227285233089633511:reg,reg_response
BruceChen 22:05:23.963 [main] INFO  edu.bjut.homo.myMain - meter_8227285233089633511:25900,85000
BruceChen 22:05:23.963 [main] INFO  edu.bjut.homo.myMain - meter_4089653817529167031:reg,reg_response
BruceChen 22:05:23.963 [main] INFO  edu.bjut.homo.myMain - meter_4089653817529167031:23700,95600
BruceChen 22:05:23.963 [main] INFO  edu.bjut.homo.myMain - meter_3809669653506789647:reg,reg_response
BruceChen 22:05:23.963 [main] INFO  edu.bjut.homo.myMain - meter_3809669653506789647:25100,80600
BruceChen 22:05:23.963 [main] INFO  edu.bjut.homo.myMain - meter_1454493255427039147:reg,reg_response
BruceChen 22:05:23.963 [main] INFO  edu.bjut.homo.myMain - meter_1454493255427039147:27400,78600
BruceChen 22:05:23.963 [main] INFO  edu.bjut.homo.myMain - meter_8147812354352735589:reg,reg_response
BruceChen 22:05:23.963 [main] INFO  edu.bjut.homo.myMain - meter_8147812354352735589:22400,83800
BruceChen 22:05:23.963 [main] INFO  edu.bjut.homo.myMain - meter_6948724401031853441:reg,reg_response
BruceChen 22:05:23.963 [main] INFO  edu.bjut.homo.myMain - meter_6948724401031853441:22100,5133300
BruceChen 22:05:23.963 [main] INFO  edu.bjut.homo.myMain - meter_5979746254864411343:reg,reg_response
BruceChen 22:05:23.963 [main] INFO  edu.bjut.homo.myMain - meter_5979746254864411343:31200,88000
BruceChen 22:05:23.963 [main] INFO  edu.bjut.homo.myMain - meter_6528929731000698401:reg,reg_response
BruceChen 22:05:23.963 [main] INFO  edu.bjut.homo.myMain - meter_6528929731000698401:22100,77400
BruceChen 22:05:23.963 [main] INFO  edu.bjut.homo.myMain - meter_3502878909883678413:reg,reg_response
BruceChen 22:05:23.963 [main] INFO  edu.bjut.homo.myMain - meter_3502878909883678413:23100,75300
BruceChen 22:05:23.963 [main] INFO  edu.bjut.homo.myMain - meter_2236077420379732713:reg,reg_response
BruceChen 22:05:23.963 [main] INFO  edu.bjut.homo.myMain - meter_2236077420379732713:22700,76500
BruceChen 22:05:23.963 [main] INFO  edu.bjut.homo.myMain - meter_1922511638256430473:reg,reg_response
BruceChen 22:05:23.963 [main] INFO  edu.bjut.homo.myMain - meter_1922511638256430473:22800,76200
BruceChen 22:05:23.963 [main] INFO  edu.bjut.homo.myMain - meter_5464737366804412405:reg,reg_response
BruceChen 22:05:23.963 [main] INFO  edu.bjut.homo.myMain - meter_5464737366804412405:22400,85500
BruceChen 22:05:23.963 [main] INFO  edu.bjut.homo.myMain - meter_5840508806891427635:reg,reg_response
BruceChen 22:05:23.963 [main] INFO  edu.bjut.homo.myMain - meter_5840508806891427635:23900,80400
BruceChen 22:05:23.963 [main] INFO  edu.bjut.homo.myMain - meter_8195685204971112955:reg,reg_response
BruceChen 22:05:23.963 [main] INFO  edu.bjut.homo.myMain - meter_8195685204971112955:22100,81400
BruceChen 22:05:23.963 [main] INFO  edu.bjut.homo.myMain - meter_4986865944094276717:reg,reg_response
BruceChen 22:05:23.963 [main] INFO  edu.bjut.homo.myMain - meter_4986865944094276717:25200,73700
BruceChen 22:05:23.963 [main] INFO  edu.bjut.homo.myMain - meter_8615199495225440383:reg,reg_response
BruceChen 22:05:23.963 [main] INFO  edu.bjut.homo.myMain - meter_8615199495225440383:21300,84100
BruceChen 22:05:23.963 [main] INFO  edu.bjut.homo.myMain - meter_7548423575419033021:reg,reg_response
BruceChen 22:05:23.963 [main] INFO  edu.bjut.homo.myMain - meter_7548423575419033021:21400,71800
BruceChen 22:05:23.963 [main] INFO  edu.bjut.homo.myMain - meter_6330067985979388171:reg,reg_response
BruceChen 22:05:23.963 [main] INFO  edu.bjut.homo.myMain - meter_6330067985979388171:21200,77400
BruceChen 22:05:23.963 [main] INFO  edu.bjut.homo.myMain - meter_4146010543262819123:reg,reg_response
BruceChen 22:05:23.963 [main] INFO  edu.bjut.homo.myMain - meter_4146010543262819123:28900,77000
BruceChen 22:05:23.963 [main] INFO  edu.bjut.homo.myMain - meter_40269635073361619:reg,reg_response
BruceChen 22:05:23.963 [main] INFO  edu.bjut.homo.myMain - meter_40269635073361619:21600,81700
BruceChen 22:05:23.963 [main] INFO  edu.bjut.homo.myMain - meter_8800652357411968999:reg,reg_response
BruceChen 22:05:23.963 [main] INFO  edu.bjut.homo.myMain - meter_8800652357411968999:23300,76500
BruceChen 22:05:23.963 [main] INFO  edu.bjut.homo.myMain - oneTimeMeterRepTime
BruceChen 22:05:24.933 [main] INFO  edu.bjut.homo.myMain - agg:resp_agg
BruceChen 22:05:24.933 [main] INFO  edu.bjut.homo.myMain - agg:308625600
BruceChen 22:05:24.933 [main] INFO  edu.bjut.homo.myMain - server:report_res
BruceChen 22:05:24.933 [main] INFO  edu.bjut.homo.myMain - server:15977600
BruceChen 22:05:24.933 [main] INFO  edu.bjut.homo.myMain - meter_8907357135525397549:report
BruceChen 22:05:24.933 [main] INFO  edu.bjut.homo.myMain - meter_8907357135525397549:23187500
BruceChen 22:05:24.933 [main] INFO  edu.bjut.homo.myMain - meter_3645808158025443317:report
BruceChen 22:05:24.933 [main] INFO  edu.bjut.homo.myMain - meter_3645808158025443317:11304300
BruceChen 22:05:24.933 [main] INFO  edu.bjut.homo.myMain - meter_3549393520596966575:report
BruceChen 22:05:24.933 [main] INFO  edu.bjut.homo.myMain - meter_3549393520596966575:10796900
BruceChen 22:05:24.933 [main] INFO  edu.bjut.homo.myMain - meter_64892578758352281:report
BruceChen 22:05:24.933 [main] INFO  edu.bjut.homo.myMain - meter_64892578758352281:10606600
BruceChen 22:05:24.933 [main] INFO  edu.bjut.homo.myMain - meter_3201655345108887789:report
BruceChen 22:05:24.933 [main] INFO  edu.bjut.homo.myMain - meter_3201655345108887789:10404000
BruceChen 22:05:24.933 [main] INFO  edu.bjut.homo.myMain - meter_2002567391788069909:report
BruceChen 22:05:24.933 [main] INFO  edu.bjut.homo.myMain - meter_2002567391788069909:10541500
BruceChen 22:05:24.933 [main] INFO  edu.bjut.homo.myMain - meter_3868184606484828405:report
BruceChen 22:05:24.933 [main] INFO  edu.bjut.homo.myMain - meter_3868184606484828405:10296300
BruceChen 22:05:24.933 [main] INFO  edu.bjut.homo.myMain - meter_544310442031305385:report
BruceChen 22:05:24.933 [main] INFO  edu.bjut.homo.myMain - meter_544310442031305385:10236400
BruceChen 22:05:24.933 [main] INFO  edu.bjut.homo.myMain - meter_3421899244743161735:report
BruceChen 22:05:24.933 [main] INFO  edu.bjut.homo.myMain - meter_3421899244743161735:10319300
BruceChen 22:05:24.933 [main] INFO  edu.bjut.homo.myMain - meter_2786326471063756573:report
BruceChen 22:05:24.933 [main] INFO  edu.bjut.homo.myMain - meter_2786326471063756573:10321700
BruceChen 22:05:24.933 [main] INFO  edu.bjut.homo.myMain - meter_8698062500236644439:report
BruceChen 22:05:24.933 [main] INFO  edu.bjut.homo.myMain - meter_8698062500236644439:10327200
BruceChen 22:05:24.933 [main] INFO  edu.bjut.homo.myMain - meter_3185030560917608249:report
BruceChen 22:05:24.933 [main] INFO  edu.bjut.homo.myMain - meter_3185030560917608249:11175800
BruceChen 22:05:24.933 [main] INFO  edu.bjut.homo.myMain - meter_7508840454451770297:report
BruceChen 22:05:24.933 [main] INFO  edu.bjut.homo.myMain - meter_7508840454451770297:10328600
BruceChen 22:05:24.933 [main] INFO  edu.bjut.homo.myMain - meter_8043690028059612447:report
BruceChen 22:05:24.933 [main] INFO  edu.bjut.homo.myMain - meter_8043690028059612447:10261200
BruceChen 22:05:24.933 [main] INFO  edu.bjut.homo.myMain - meter_1570896303744899717:report
BruceChen 22:05:24.933 [main] INFO  edu.bjut.homo.myMain - meter_1570896303744899717:10234400
BruceChen 22:05:24.933 [main] INFO  edu.bjut.homo.myMain - meter_8465379232620220281:report
BruceChen 22:05:24.933 [main] INFO  edu.bjut.homo.myMain - meter_8465379232620220281:13118700
BruceChen 22:05:24.933 [main] INFO  edu.bjut.homo.myMain - meter_254179990696089977:report
BruceChen 22:05:24.933 [main] INFO  edu.bjut.homo.myMain - meter_254179990696089977:10243900
BruceChen 22:05:24.933 [main] INFO  edu.bjut.homo.myMain - meter_1563988610809487889:report
BruceChen 22:05:24.933 [main] INFO  edu.bjut.homo.myMain - meter_1563988610809487889:10312600
BruceChen 22:05:24.933 [main] INFO  edu.bjut.homo.myMain - meter_4700751372865055943:report
BruceChen 22:05:24.933 [main] INFO  edu.bjut.homo.myMain - meter_4700751372865055943:10298900
BruceChen 22:05:24.933 [main] INFO  edu.bjut.homo.myMain - meter_3501663419561015901:report
BruceChen 22:05:24.933 [main] INFO  edu.bjut.homo.myMain - meter_3501663419561015901:10351300
BruceChen 22:05:24.933 [main] INFO  edu.bjut.homo.myMain - meter_8388988497014845383:report
BruceChen 22:05:24.933 [main] INFO  edu.bjut.homo.myMain - meter_8388988497014845383:10351000
BruceChen 22:05:24.933 [main] INFO  edu.bjut.homo.myMain - meter_8901664937224326951:report
BruceChen 22:05:24.933 [main] INFO  edu.bjut.homo.myMain - meter_8901664937224326951:10379800
BruceChen 22:05:24.933 [main] INFO  edu.bjut.homo.myMain - meter_4014622429930379731:report
BruceChen 22:05:24.933 [main] INFO  edu.bjut.homo.myMain - meter_4014622429930379731:10188800
BruceChen 22:05:24.933 [main] INFO  edu.bjut.homo.myMain - meter_7036047713937699761:report
BruceChen 22:05:24.933 [main] INFO  edu.bjut.homo.myMain - meter_7036047713937699761:10316300
BruceChen 22:05:24.933 [main] INFO  edu.bjut.homo.myMain - meter_3439749340344573043:report
BruceChen 22:05:24.933 [main] INFO  edu.bjut.homo.myMain - meter_3439749340344573043:10232400
BruceChen 22:05:24.933 [main] INFO  edu.bjut.homo.myMain - meter_3902542419426180295:report
BruceChen 22:05:24.933 [main] INFO  edu.bjut.homo.myMain - meter_3902542419426180295:10294700
BruceChen 22:05:24.933 [main] INFO  edu.bjut.homo.myMain - meter_5305366559336364453:report
BruceChen 22:05:24.933 [main] INFO  edu.bjut.homo.myMain - meter_5305366559336364453:10351300
BruceChen 22:05:24.933 [main] INFO  edu.bjut.homo.myMain - meter_3022245551993161271:report
BruceChen 22:05:24.933 [main] INFO  edu.bjut.homo.myMain - meter_3022245551993161271:10218300
BruceChen 22:05:24.933 [main] INFO  edu.bjut.homo.myMain - meter_3485038635369670879:report
BruceChen 22:05:24.933 [main] INFO  edu.bjut.homo.myMain - meter_3485038635369670879:10231900
BruceChen 22:05:24.933 [main] INFO  edu.bjut.homo.myMain - meter_71518800995243649:report
BruceChen 22:05:24.933 [main] INFO  edu.bjut.homo.myMain - meter_71518800995243649:10363100
BruceChen 22:05:24.933 [main] INFO  edu.bjut.homo.myMain - meter_4887862770984886451:report
BruceChen 22:05:24.933 [main] INFO  edu.bjut.homo.myMain - meter_4887862770984886451:10263600
BruceChen 22:05:24.933 [main] INFO  edu.bjut.homo.myMain - meter_8297050850247934997:report
BruceChen 22:05:24.933 [main] INFO  edu.bjut.homo.myMain - meter_8297050850247934997:10198900
BruceChen 22:05:24.933 [main] INFO  edu.bjut.homo.myMain - meter_6726030978072234035:report
BruceChen 22:05:24.933 [main] INFO  edu.bjut.homo.myMain - meter_6726030978072234035:10240600
BruceChen 22:05:24.933 [main] INFO  edu.bjut.homo.myMain - meter_2071107688946372401:report
BruceChen 22:05:24.933 [main] INFO  edu.bjut.homo.myMain - meter_2071107688946372401:10239700
BruceChen 22:05:24.933 [main] INFO  edu.bjut.homo.myMain - meter_1464482000572214351:report
BruceChen 22:05:24.933 [main] INFO  edu.bjut.homo.myMain - meter_1464482000572214351:10331600
BruceChen 22:05:24.933 [main] INFO  edu.bjut.homo.myMain - meter_4788356165042515811:report
BruceChen 22:05:24.933 [main] INFO  edu.bjut.homo.myMain - meter_4788356165042515811:10217900
BruceChen 22:05:24.933 [main] INFO  edu.bjut.homo.myMain - meter_8281784027573487461:report
BruceChen 22:05:24.933 [main] INFO  edu.bjut.homo.myMain - meter_8281784027573487461:10357900
BruceChen 22:05:24.933 [main] INFO  edu.bjut.homo.myMain - meter_5360799369182946407:report
BruceChen 22:05:24.933 [main] INFO  edu.bjut.homo.myMain - meter_5360799369182946407:10501800
BruceChen 22:05:24.933 [main] INFO  edu.bjut.homo.myMain - meter_8834192405030371315:report
BruceChen 22:05:24.933 [main] INFO  edu.bjut.homo.myMain - meter_8834192405030371315:10224100
BruceChen 22:05:24.933 [main] INFO  edu.bjut.homo.myMain - meter_8227285233089633511:report
BruceChen 22:05:24.933 [main] INFO  edu.bjut.homo.myMain - meter_8227285233089633511:10327200
BruceChen 22:05:24.933 [main] INFO  edu.bjut.homo.myMain - meter_4089653817529167031:report
BruceChen 22:05:24.933 [main] INFO  edu.bjut.homo.myMain - meter_4089653817529167031:10191700
BruceChen 22:05:24.933 [main] INFO  edu.bjut.homo.myMain - meter_3809669653506789647:report
BruceChen 22:05:24.933 [main] INFO  edu.bjut.homo.myMain - meter_3809669653506789647:10208100
BruceChen 22:05:24.933 [main] INFO  edu.bjut.homo.myMain - meter_1454493255427039147:report
BruceChen 22:05:24.933 [main] INFO  edu.bjut.homo.myMain - meter_1454493255427039147:10134800
BruceChen 22:05:24.933 [main] INFO  edu.bjut.homo.myMain - meter_8147812354352735589:report
BruceChen 22:05:24.933 [main] INFO  edu.bjut.homo.myMain - meter_8147812354352735589:10171600
BruceChen 22:05:24.933 [main] INFO  edu.bjut.homo.myMain - meter_6948724401031853441:report
BruceChen 22:05:24.933 [main] INFO  edu.bjut.homo.myMain - meter_6948724401031853441:10191400
BruceChen 22:05:24.933 [main] INFO  edu.bjut.homo.myMain - meter_5979746254864411343:report
BruceChen 22:05:24.933 [main] INFO  edu.bjut.homo.myMain - meter_5979746254864411343:10383800
BruceChen 22:05:24.933 [main] INFO  edu.bjut.homo.myMain - meter_6528929731000698401:report
BruceChen 22:05:24.933 [main] INFO  edu.bjut.homo.myMain - meter_6528929731000698401:10290300
BruceChen 22:05:24.933 [main] INFO  edu.bjut.homo.myMain - meter_3502878909883678413:report
BruceChen 22:05:24.933 [main] INFO  edu.bjut.homo.myMain - meter_3502878909883678413:10316500
BruceChen 22:05:24.933 [main] INFO  edu.bjut.homo.myMain - meter_2236077420379732713:report
BruceChen 22:05:24.933 [main] INFO  edu.bjut.homo.myMain - meter_2236077420379732713:10072900
BruceChen 22:05:24.933 [main] INFO  edu.bjut.homo.myMain - meter_1922511638256430473:report
BruceChen 22:05:24.933 [main] INFO  edu.bjut.homo.myMain - meter_1922511638256430473:12937700
BruceChen 22:05:24.933 [main] INFO  edu.bjut.homo.myMain - meter_5464737366804412405:report
BruceChen 22:05:24.933 [main] INFO  edu.bjut.homo.myMain - meter_5464737366804412405:10092300
BruceChen 22:05:24.933 [main] INFO  edu.bjut.homo.myMain - meter_5840508806891427635:report
BruceChen 22:05:24.933 [main] INFO  edu.bjut.homo.myMain - meter_5840508806891427635:10119200
BruceChen 22:05:24.933 [main] INFO  edu.bjut.homo.myMain - meter_8195685204971112955:report
BruceChen 22:05:24.933 [main] INFO  edu.bjut.homo.myMain - meter_8195685204971112955:10111300
BruceChen 22:05:24.933 [main] INFO  edu.bjut.homo.myMain - meter_4986865944094276717:report
BruceChen 22:05:24.933 [main] INFO  edu.bjut.homo.myMain - meter_4986865944094276717:10055400
BruceChen 22:05:24.933 [main] INFO  edu.bjut.homo.myMain - meter_8615199495225440383:report
BruceChen 22:05:24.933 [main] INFO  edu.bjut.homo.myMain - meter_8615199495225440383:10137900
BruceChen 22:05:24.933 [main] INFO  edu.bjut.homo.myMain - meter_7548423575419033021:report
BruceChen 22:05:24.933 [main] INFO  edu.bjut.homo.myMain - meter_7548423575419033021:10121300
BruceChen 22:05:24.933 [main] INFO  edu.bjut.homo.myMain - meter_6330067985979388171:report
BruceChen 22:05:24.933 [main] INFO  edu.bjut.homo.myMain - meter_6330067985979388171:10156700
BruceChen 22:05:24.933 [main] INFO  edu.bjut.homo.myMain - meter_4146010543262819123:report
BruceChen 22:05:24.933 [main] INFO  edu.bjut.homo.myMain - meter_4146010543262819123:10109200
BruceChen 22:05:24.933 [main] INFO  edu.bjut.homo.myMain - meter_40269635073361619:report
BruceChen 22:05:24.933 [main] INFO  edu.bjut.homo.myMain - meter_40269635073361619:10104800
BruceChen 22:05:24.933 [main] INFO  edu.bjut.homo.myMain - meter_8800652357411968999:report
BruceChen 22:05:24.933 [main] INFO  edu.bjut.homo.myMain - meter_8800652357411968999:15295400
BruceChen 22:05:28.825 [main] INFO  edu.bjut.homo.myMain - meterRegTime
BruceChen 22:05:29.184 [main] INFO  edu.bjut.homo.myMain - kgc:reg_response,reg_response,reg_response,reg_response,reg_response,reg_response,reg_response,reg_response,reg_response,reg_response,reg_response,reg_response,reg_response,reg_response,reg_response,reg_response,reg_response,reg_response,reg_response,reg_response,reg_response,reg_response,reg_response,reg_response,reg_response,reg_response,reg_response,reg_response,reg_response,reg_response,reg_response,reg_response,reg_response,reg_response,reg_response,reg_response,reg_response,reg_response,reg_response,reg_response,reg_response,reg_response,reg_response,reg_response,reg_response,reg_response,reg_response,reg_response,reg_response,reg_response
BruceChen 22:05:29.184 [main] INFO  edu.bjut.homo.myMain - kgc:7428300,7513000,7325600,7175400,7244400,7607300,7154400,7178400,7203200,7174800,7205800,7088600,7115100,7102200,7109200,7218900,7189800,7189000,7162800,7395500,7202000,7180500,7148200,7124800,7305200,7160300,7169500,7280700,7118400,7111300,7178700,7141800,7524100,7109700,7418200,7193900,7493600,7130900,9970800,7466700,7146900,7193000,7117300,7238000,7188700,7054600,7105700,7206200,7254300,7321000
BruceChen 22:05:29.184 [main] INFO  edu.bjut.homo.myMain - meter_1275521666888561143:reg,reg_response
BruceChen 22:05:29.184 [main] INFO  edu.bjut.homo.myMain - meter_1275521666888561143:37900,44500
BruceChen 22:05:29.184 [main] INFO  edu.bjut.homo.myMain - meter_7688877617538049879:reg,reg_response
BruceChen 22:05:29.184 [main] INFO  edu.bjut.homo.myMain - meter_7688877617538049879:10600,62400
BruceChen 22:05:29.184 [main] INFO  edu.bjut.homo.myMain - meter_4132601656133069175:reg,reg_response
BruceChen 22:05:29.184 [main] INFO  edu.bjut.homo.myMain - meter_4132601656133069175:10600,45400
BruceChen 22:05:29.184 [main] INFO  edu.bjut.homo.myMain - meter_3515363881126358867:reg,reg_response
BruceChen 22:05:29.184 [main] INFO  edu.bjut.homo.myMain - meter_3515363881126358867:13800,231400
BruceChen 22:05:29.184 [main] INFO  edu.bjut.homo.myMain - meter_4914186929187194659:reg,reg_response
BruceChen 22:05:29.184 [main] INFO  edu.bjut.homo.myMain - meter_4914186929187194659:11400,46300
BruceChen 22:05:29.184 [main] INFO  edu.bjut.homo.myMain - meter_1343295590310612601:reg,reg_response
BruceChen 22:05:29.184 [main] INFO  edu.bjut.homo.myMain - meter_1343295590310612601:7800,37800
BruceChen 22:05:29.184 [main] INFO  edu.bjut.homo.myMain - meter_8820191643141848577:reg,reg_response
BruceChen 22:05:29.184 [main] INFO  edu.bjut.homo.myMain - meter_8820191643141848577:7700,36800
BruceChen 22:05:29.184 [main] INFO  edu.bjut.homo.myMain - meter_59810024592993291:reg,reg_response
BruceChen 22:05:29.184 [main] INFO  edu.bjut.homo.myMain - meter_59810024592993291:7500,33800
BruceChen 22:05:29.184 [main] INFO  edu.bjut.homo.myMain - meter_6851861737938722533:reg,reg_response
BruceChen 22:05:29.184 [main] INFO  edu.bjut.homo.myMain - meter_6851861737938722533:6800,35500
BruceChen 22:05:29.184 [main] INFO  edu.bjut.homo.myMain - meter_3172097572600078601:reg,reg_response
BruceChen 22:05:29.184 [main] INFO  edu.bjut.homo.myMain - meter_3172097572600078601:7000,31900
BruceChen 22:05:29.184 [main] INFO  edu.bjut.homo.myMain - meter_4823606140164205411:reg,reg_response
BruceChen 22:05:29.184 [main] INFO  edu.bjut.homo.myMain - meter_4823606140164205411:7100,34600
BruceChen 22:05:29.184 [main] INFO  edu.bjut.homo.myMain - meter_524895084849129763:reg,reg_response
BruceChen 22:05:29.184 [main] INFO  edu.bjut.homo.myMain - meter_524895084849129763:7100,34000
BruceChen 22:05:29.184 [main] INFO  edu.bjut.homo.myMain - meter_3219056324123886533:reg,reg_response
BruceChen 22:05:29.184 [main] INFO  edu.bjut.homo.myMain - meter_3219056324123886533:7200,32800
BruceChen 22:05:29.184 [main] INFO  edu.bjut.homo.myMain - meter_2497094248606528399:reg,reg_response
BruceChen 22:05:29.184 [main] INFO  edu.bjut.homo.myMain - meter_2497094248606528399:7100,34800
BruceChen 22:05:29.184 [main] INFO  edu.bjut.homo.myMain - meter_511837064177366213:reg,reg_response
BruceChen 22:05:29.184 [main] INFO  edu.bjut.homo.myMain - meter_511837064177366213:6900,35400
BruceChen 22:05:29.184 [main] INFO  edu.bjut.homo.myMain - meter_687531264625376827:reg,reg_response
BruceChen 22:05:29.184 [main] INFO  edu.bjut.homo.myMain - meter_687531264625376827:7000,40400
BruceChen 22:05:29.184 [main] INFO  edu.bjut.homo.myMain - meter_7713976455740358489:reg,reg_response
BruceChen 22:05:29.184 [main] INFO  edu.bjut.homo.myMain - meter_7713976455740358489:7400,31900
BruceChen 22:05:29.184 [main] INFO  edu.bjut.homo.myMain - meter_2291800705167057379:reg,reg_response
BruceChen 22:05:29.184 [main] INFO  edu.bjut.homo.myMain - meter_2291800705167057379:6900,32100
BruceChen 22:05:29.184 [main] INFO  edu.bjut.homo.myMain - meter_6137749001356743503:reg,reg_response
BruceChen 22:05:29.184 [main] INFO  edu.bjut.homo.myMain - meter_6137749001356743503:6700,34300
BruceChen 22:05:29.184 [main] INFO  edu.bjut.homo.myMain - meter_614852245423392333:reg,reg_response
BruceChen 22:05:29.184 [main] INFO  edu.bjut.homo.myMain - meter_614852245423392333:6900,31900
BruceChen 22:05:29.184 [main] INFO  edu.bjut.homo.myMain - meter_2941705182368429659:reg,reg_response
BruceChen 22:05:29.184 [main] INFO  edu.bjut.homo.myMain - meter_2941705182368429659:7100,32800
BruceChen 22:05:29.184 [main] INFO  edu.bjut.homo.myMain - meter_1298628815666362331:reg,reg_response
BruceChen 22:05:29.184 [main] INFO  edu.bjut.homo.myMain - meter_1298628815666362331:7100,32500
BruceChen 22:05:29.184 [main] INFO  edu.bjut.homo.myMain - meter_4854904777054566395:reg,reg_response
BruceChen 22:05:29.184 [main] INFO  edu.bjut.homo.myMain - meter_4854904777054566395:9900,32000
BruceChen 22:05:29.184 [main] INFO  edu.bjut.homo.myMain - meter_3771154301798774175:reg,reg_response
BruceChen 22:05:29.184 [main] INFO  edu.bjut.homo.myMain - meter_3771154301798774175:6900,33900
BruceChen 22:05:29.184 [main] INFO  edu.bjut.homo.myMain - meter_7644210847188702245:reg,reg_response
BruceChen 22:05:29.184 [main] INFO  edu.bjut.homo.myMain - meter_7644210847188702245:6800,33200
BruceChen 22:05:29.184 [main] INFO  edu.bjut.homo.myMain - meter_2989287558062840885:reg,reg_response
BruceChen 22:05:29.184 [main] INFO  edu.bjut.homo.myMain - meter_2989287558062840885:6900,36000
BruceChen 22:05:29.184 [main] INFO  edu.bjut.homo.myMain - meter_82917181943953501:reg,reg_response
BruceChen 22:05:29.184 [main] INFO  edu.bjut.homo.myMain - meter_82917181943953501:7100,33400
BruceChen 22:05:29.184 [main] INFO  edu.bjut.homo.myMain - meter_1233800239206419433:reg,reg_response
BruceChen 22:05:29.184 [main] INFO  edu.bjut.homo.myMain - meter_1233800239206419433:7100,31800
BruceChen 22:05:29.184 [main] INFO  edu.bjut.homo.myMain - meter_1855039106062477685:reg,reg_response
BruceChen 22:05:29.184 [main] INFO  edu.bjut.homo.myMain - meter_1855039106062477685:6900,34900
BruceChen 22:05:29.184 [main] INFO  edu.bjut.homo.myMain - meter_8548359304482959981:reg,reg_response
BruceChen 22:05:29.184 [main] INFO  edu.bjut.homo.myMain - meter_8548359304482959981:7000,31900
BruceChen 22:05:29.184 [main] INFO  edu.bjut.homo.myMain - meter_7710760562973728097:reg,reg_response
BruceChen 22:05:29.184 [main] INFO  edu.bjut.homo.myMain - meter_7710760562973728097:6800,31800
BruceChen 22:05:29.184 [main] INFO  edu.bjut.homo.myMain - meter_500720162517046229:reg,reg_response
BruceChen 22:05:29.184 [main] INFO  edu.bjut.homo.myMain - meter_500720162517046229:7100,36600
BruceChen 22:05:29.184 [main] INFO  edu.bjut.homo.myMain - meter_5773085745649107553:reg,reg_response
BruceChen 22:05:29.184 [main] INFO  edu.bjut.homo.myMain - meter_5773085745649107553:9800,34200
BruceChen 22:05:29.184 [main] INFO  edu.bjut.homo.myMain - meter_2438394971251798451:reg,reg_response
BruceChen 22:05:29.184 [main] INFO  edu.bjut.homo.myMain - meter_2438394971251798451:6700,40700
BruceChen 22:05:29.184 [main] INFO  edu.bjut.homo.myMain - meter_7262580658095896887:reg,reg_response
BruceChen 22:05:29.184 [main] INFO  edu.bjut.homo.myMain - meter_7262580658095896887:6900,32600
BruceChen 22:05:29.184 [main] INFO  edu.bjut.homo.myMain - meter_198272377253947489:reg,reg_response
BruceChen 22:05:29.184 [main] INFO  edu.bjut.homo.myMain - meter_198272377253947489:8200,30400
BruceChen 22:05:29.184 [main] INFO  edu.bjut.homo.myMain - meter_8509250987111189605:reg,reg_response
BruceChen 22:05:29.184 [main] INFO  edu.bjut.homo.myMain - meter_8509250987111189605:6200,44400
BruceChen 22:05:29.184 [main] INFO  edu.bjut.homo.myMain - meter_6381217125210158713:reg,reg_response
BruceChen 22:05:29.184 [main] INFO  edu.bjut.homo.myMain - meter_6381217125210158713:6500,30300
BruceChen 22:05:29.184 [main] INFO  edu.bjut.homo.myMain - meter_3621925909657294525:reg,reg_response
BruceChen 22:05:29.184 [main] INFO  edu.bjut.homo.myMain - meter_3621925909657294525:6200,34000
BruceChen 22:05:29.184 [main] INFO  edu.bjut.homo.myMain - meter_7162802393969379851:reg,reg_response
BruceChen 22:05:29.184 [main] INFO  edu.bjut.homo.myMain - meter_7162802393969379851:6900,34000
BruceChen 22:05:29.184 [main] INFO  edu.bjut.homo.myMain - meter_3505521757516192545:reg,reg_response
BruceChen 22:05:29.184 [main] INFO  edu.bjut.homo.myMain - meter_3505521757516192545:6800,29500
BruceChen 22:05:29.184 [main] INFO  edu.bjut.homo.myMain - meter_4359444995795138469:reg,reg_response
BruceChen 22:05:29.184 [main] INFO  edu.bjut.homo.myMain - meter_4359444995795138469:6200,28800
BruceChen 22:05:29.184 [main] INFO  edu.bjut.homo.myMain - meter_3784562089416895577:reg,reg_response
BruceChen 22:05:29.184 [main] INFO  edu.bjut.homo.myMain - meter_3784562089416895577:6200,30500
BruceChen 22:05:29.184 [main] INFO  edu.bjut.homo.myMain - meter_8532376965496872257:reg,reg_response
BruceChen 22:05:29.184 [main] INFO  edu.bjut.homo.myMain - meter_8532376965496872257:6300,29100
BruceChen 22:05:29.184 [main] INFO  edu.bjut.homo.myMain - meter_1918944870425105491:reg,reg_response
BruceChen 22:05:29.184 [main] INFO  edu.bjut.homo.myMain - meter_1918944870425105491:5900,63000
BruceChen 22:05:29.184 [main] INFO  edu.bjut.homo.myMain - meter_4558597220052159963:reg,reg_response
BruceChen 22:05:29.184 [main] INFO  edu.bjut.homo.myMain - meter_4558597220052159963:6300,27800
BruceChen 22:05:29.184 [main] INFO  edu.bjut.homo.myMain - meter_4621580168039478389:reg,reg_response
BruceChen 22:05:29.184 [main] INFO  edu.bjut.homo.myMain - meter_4621580168039478389:6000,27100
BruceChen 22:05:29.184 [main] INFO  edu.bjut.homo.myMain - meter_8230210655210485409:reg,reg_response
BruceChen 22:05:29.184 [main] INFO  edu.bjut.homo.myMain - meter_8230210655210485409:5600,29500
BruceChen 22:05:29.184 [main] INFO  edu.bjut.homo.myMain - meter_2559008327806128041:reg,reg_response
BruceChen 22:05:29.184 [main] INFO  edu.bjut.homo.myMain - meter_2559008327806128041:5900,28000
BruceChen 22:05:29.184 [main] INFO  edu.bjut.homo.myMain - meter_1359920374485244317:reg,reg_response
BruceChen 22:05:29.184 [main] INFO  edu.bjut.homo.myMain - meter_1359920374485244317:6000,27300
BruceChen 22:05:29.184 [main] INFO  edu.bjut.homo.myMain - oneTimeMeterRepTime
BruceChen 22:05:29.950 [main] INFO  edu.bjut.homo.myMain - agg:resp_agg
BruceChen 22:05:29.950 [main] INFO  edu.bjut.homo.myMain - agg:248107000
BruceChen 22:05:29.950 [main] INFO  edu.bjut.homo.myMain - server:report_res
BruceChen 22:05:29.950 [main] INFO  edu.bjut.homo.myMain - server:17627300
BruceChen 22:05:29.950 [main] INFO  edu.bjut.homo.myMain - meter_1275521666888561143:report
BruceChen 22:05:29.950 [main] INFO  edu.bjut.homo.myMain - meter_1275521666888561143:10393200
BruceChen 22:05:29.950 [main] INFO  edu.bjut.homo.myMain - meter_7688877617538049879:report
BruceChen 22:05:29.950 [main] INFO  edu.bjut.homo.myMain - meter_7688877617538049879:10083800
BruceChen 22:05:29.950 [main] INFO  edu.bjut.homo.myMain - meter_4132601656133069175:report
BruceChen 22:05:29.950 [main] INFO  edu.bjut.homo.myMain - meter_4132601656133069175:10177900
BruceChen 22:05:29.950 [main] INFO  edu.bjut.homo.myMain - meter_3515363881126358867:report
BruceChen 22:05:29.950 [main] INFO  edu.bjut.homo.myMain - meter_3515363881126358867:10346600
BruceChen 22:05:29.950 [main] INFO  edu.bjut.homo.myMain - meter_4914186929187194659:report
BruceChen 22:05:29.950 [main] INFO  edu.bjut.homo.myMain - meter_4914186929187194659:10390100
BruceChen 22:05:29.950 [main] INFO  edu.bjut.homo.myMain - meter_1343295590310612601:report
BruceChen 22:05:29.950 [main] INFO  edu.bjut.homo.myMain - meter_1343295590310612601:10445100
BruceChen 22:05:29.950 [main] INFO  edu.bjut.homo.myMain - meter_8820191643141848577:report
BruceChen 22:05:29.950 [main] INFO  edu.bjut.homo.myMain - meter_8820191643141848577:10232200
BruceChen 22:05:29.950 [main] INFO  edu.bjut.homo.myMain - meter_59810024592993291:report
BruceChen 22:05:29.950 [main] INFO  edu.bjut.homo.myMain - meter_59810024592993291:10060500
BruceChen 22:05:29.950 [main] INFO  edu.bjut.homo.myMain - meter_6851861737938722533:report
BruceChen 22:05:29.950 [main] INFO  edu.bjut.homo.myMain - meter_6851861737938722533:10125900
BruceChen 22:05:29.965 [main] INFO  edu.bjut.homo.myMain - meter_3172097572600078601:report
BruceChen 22:05:29.965 [main] INFO  edu.bjut.homo.myMain - meter_3172097572600078601:10037000
BruceChen 22:05:29.965 [main] INFO  edu.bjut.homo.myMain - meter_4823606140164205411:report
BruceChen 22:05:29.965 [main] INFO  edu.bjut.homo.myMain - meter_4823606140164205411:10008600
BruceChen 22:05:29.965 [main] INFO  edu.bjut.homo.myMain - meter_524895084849129763:report
BruceChen 22:05:29.965 [main] INFO  edu.bjut.homo.myMain - meter_524895084849129763:10006000
BruceChen 22:05:29.965 [main] INFO  edu.bjut.homo.myMain - meter_3219056324123886533:report
BruceChen 22:05:29.965 [main] INFO  edu.bjut.homo.myMain - meter_3219056324123886533:10096300
BruceChen 22:05:29.965 [main] INFO  edu.bjut.homo.myMain - meter_2497094248606528399:report
BruceChen 22:05:29.965 [main] INFO  edu.bjut.homo.myMain - meter_2497094248606528399:9945200
BruceChen 22:05:29.965 [main] INFO  edu.bjut.homo.myMain - meter_511837064177366213:report
BruceChen 22:05:29.965 [main] INFO  edu.bjut.homo.myMain - meter_511837064177366213:9919200
BruceChen 22:05:29.965 [main] INFO  edu.bjut.homo.myMain - meter_687531264625376827:report
BruceChen 22:05:29.965 [main] INFO  edu.bjut.homo.myMain - meter_687531264625376827:9879100
BruceChen 22:05:29.965 [main] INFO  edu.bjut.homo.myMain - meter_7713976455740358489:report
BruceChen 22:05:29.965 [main] INFO  edu.bjut.homo.myMain - meter_7713976455740358489:9894500
BruceChen 22:05:29.965 [main] INFO  edu.bjut.homo.myMain - meter_2291800705167057379:report
BruceChen 22:05:29.965 [main] INFO  edu.bjut.homo.myMain - meter_2291800705167057379:9928300
BruceChen 22:05:29.965 [main] INFO  edu.bjut.homo.myMain - meter_6137749001356743503:report
BruceChen 22:05:29.965 [main] INFO  edu.bjut.homo.myMain - meter_6137749001356743503:9866100
BruceChen 22:05:29.965 [main] INFO  edu.bjut.homo.myMain - meter_614852245423392333:report
BruceChen 22:05:29.965 [main] INFO  edu.bjut.homo.myMain - meter_614852245423392333:9870500
BruceChen 22:05:29.965 [main] INFO  edu.bjut.homo.myMain - meter_2941705182368429659:report
BruceChen 22:05:29.965 [main] INFO  edu.bjut.homo.myMain - meter_2941705182368429659:9886300
BruceChen 22:05:29.965 [main] INFO  edu.bjut.homo.myMain - meter_1298628815666362331:report
BruceChen 22:05:29.965 [main] INFO  edu.bjut.homo.myMain - meter_1298628815666362331:9803600
BruceChen 22:05:29.965 [main] INFO  edu.bjut.homo.myMain - meter_4854904777054566395:report
BruceChen 22:05:29.965 [main] INFO  edu.bjut.homo.myMain - meter_4854904777054566395:9756800
BruceChen 22:05:29.965 [main] INFO  edu.bjut.homo.myMain - meter_3771154301798774175:report
BruceChen 22:05:29.965 [main] INFO  edu.bjut.homo.myMain - meter_3771154301798774175:9743200
BruceChen 22:05:29.965 [main] INFO  edu.bjut.homo.myMain - meter_7644210847188702245:report
BruceChen 22:05:29.965 [main] INFO  edu.bjut.homo.myMain - meter_7644210847188702245:9738700
BruceChen 22:05:29.965 [main] INFO  edu.bjut.homo.myMain - meter_2989287558062840885:report
BruceChen 22:05:29.965 [main] INFO  edu.bjut.homo.myMain - meter_2989287558062840885:9714500
BruceChen 22:05:29.965 [main] INFO  edu.bjut.homo.myMain - meter_82917181943953501:report
BruceChen 22:05:29.965 [main] INFO  edu.bjut.homo.myMain - meter_82917181943953501:9728200
BruceChen 22:05:29.965 [main] INFO  edu.bjut.homo.myMain - meter_1233800239206419433:report
BruceChen 22:05:29.965 [main] INFO  edu.bjut.homo.myMain - meter_1233800239206419433:9777000
BruceChen 22:05:29.965 [main] INFO  edu.bjut.homo.myMain - meter_1855039106062477685:report
BruceChen 22:05:29.965 [main] INFO  edu.bjut.homo.myMain - meter_1855039106062477685:9777200
BruceChen 22:05:29.965 [main] INFO  edu.bjut.homo.myMain - meter_8548359304482959981:report
BruceChen 22:05:29.965 [main] INFO  edu.bjut.homo.myMain - meter_8548359304482959981:12389400
BruceChen 22:05:29.965 [main] INFO  edu.bjut.homo.myMain - meter_7710760562973728097:report
BruceChen 22:05:29.965 [main] INFO  edu.bjut.homo.myMain - meter_7710760562973728097:10646600
BruceChen 22:05:29.965 [main] INFO  edu.bjut.homo.myMain - meter_500720162517046229:report
BruceChen 22:05:29.965 [main] INFO  edu.bjut.homo.myMain - meter_500720162517046229:9923400
BruceChen 22:05:29.965 [main] INFO  edu.bjut.homo.myMain - meter_5773085745649107553:report
BruceChen 22:05:29.965 [main] INFO  edu.bjut.homo.myMain - meter_5773085745649107553:9869000
BruceChen 22:05:29.965 [main] INFO  edu.bjut.homo.myMain - meter_2438394971251798451:report
BruceChen 22:05:29.965 [main] INFO  edu.bjut.homo.myMain - meter_2438394971251798451:9744300
BruceChen 22:05:29.965 [main] INFO  edu.bjut.homo.myMain - meter_7262580658095896887:report
BruceChen 22:05:29.965 [main] INFO  edu.bjut.homo.myMain - meter_7262580658095896887:9667800
BruceChen 22:05:29.965 [main] INFO  edu.bjut.homo.myMain - meter_198272377253947489:report
BruceChen 22:05:29.965 [main] INFO  edu.bjut.homo.myMain - meter_198272377253947489:9727600
BruceChen 22:05:29.965 [main] INFO  edu.bjut.homo.myMain - meter_8509250987111189605:report
BruceChen 22:05:29.965 [main] INFO  edu.bjut.homo.myMain - meter_8509250987111189605:9712300
BruceChen 22:05:29.965 [main] INFO  edu.bjut.homo.myMain - meter_6381217125210158713:report
BruceChen 22:05:29.965 [main] INFO  edu.bjut.homo.myMain - meter_6381217125210158713:9858100
BruceChen 22:05:29.965 [main] INFO  edu.bjut.homo.myMain - meter_3621925909657294525:report
BruceChen 22:05:29.965 [main] INFO  edu.bjut.homo.myMain - meter_3621925909657294525:10068100
BruceChen 22:05:29.965 [main] INFO  edu.bjut.homo.myMain - meter_7162802393969379851:report
BruceChen 22:05:29.965 [main] INFO  edu.bjut.homo.myMain - meter_7162802393969379851:9834100
BruceChen 22:05:29.965 [main] INFO  edu.bjut.homo.myMain - meter_3505521757516192545:report
BruceChen 22:05:29.965 [main] INFO  edu.bjut.homo.myMain - meter_3505521757516192545:10052000
BruceChen 22:05:29.965 [main] INFO  edu.bjut.homo.myMain - meter_4359444995795138469:report
BruceChen 22:05:29.965 [main] INFO  edu.bjut.homo.myMain - meter_4359444995795138469:9681500
BruceChen 22:05:29.965 [main] INFO  edu.bjut.homo.myMain - meter_3784562089416895577:report
BruceChen 22:05:29.965 [main] INFO  edu.bjut.homo.myMain - meter_3784562089416895577:9701600
BruceChen 22:05:29.965 [main] INFO  edu.bjut.homo.myMain - meter_8532376965496872257:report
BruceChen 22:05:29.965 [main] INFO  edu.bjut.homo.myMain - meter_8532376965496872257:9797800
BruceChen 22:05:29.965 [main] INFO  edu.bjut.homo.myMain - meter_1918944870425105491:report
BruceChen 22:05:29.965 [main] INFO  edu.bjut.homo.myMain - meter_1918944870425105491:9678400
BruceChen 22:05:29.965 [main] INFO  edu.bjut.homo.myMain - meter_4558597220052159963:report
BruceChen 22:05:29.965 [main] INFO  edu.bjut.homo.myMain - meter_4558597220052159963:9964800
BruceChen 22:05:29.965 [main] INFO  edu.bjut.homo.myMain - meter_4621580168039478389:report
BruceChen 22:05:29.965 [main] INFO  edu.bjut.homo.myMain - meter_4621580168039478389:10006000
BruceChen 22:05:29.965 [main] INFO  edu.bjut.homo.myMain - meter_8230210655210485409:report
BruceChen 22:05:29.965 [main] INFO  edu.bjut.homo.myMain - meter_8230210655210485409:9955900
BruceChen 22:05:29.965 [main] INFO  edu.bjut.homo.myMain - meter_2559008327806128041:report
BruceChen 22:05:29.965 [main] INFO  edu.bjut.homo.myMain - meter_2559008327806128041:10027300
BruceChen 22:05:29.965 [main] INFO  edu.bjut.homo.myMain - meter_1359920374485244317:report
BruceChen 22:05:29.965 [main] INFO  edu.bjut.homo.myMain - meter_1359920374485244317:9966700
BruceChen 22:05:32.758 [main] INFO  edu.bjut.homo.myMain - meterRegTime
BruceChen 22:05:33.040 [main] INFO  edu.bjut.homo.myMain - kgc:reg_response,reg_response,reg_response,reg_response,reg_response,reg_response,reg_response,reg_response,reg_response,reg_response,reg_response,reg_response,reg_response,reg_response,reg_response,reg_response,reg_response,reg_response,reg_response,reg_response,reg_response,reg_response,reg_response,reg_response,reg_response,reg_response,reg_response,reg_response,reg_response,reg_response,reg_response,reg_response,reg_response,reg_response,reg_response,reg_response,reg_response,reg_response,reg_response,reg_response
BruceChen 22:05:33.040 [main] INFO  edu.bjut.homo.myMain - kgc:7068100,7395800,7060900,7167200,7112600,6931800,7140500,7046500,7354900,7176800,6948800,7337100,6892600,7032600,6909900,7103800,7263800,7062800,7226800,7071900,7180200,7325800,7079300,7190000,7086300,7177800,7166500,7258900,8046200,7301100,7154400,7282300,7192000,7173700,7171400,7151300,7298400,7118900,7131700,7090200
BruceChen 22:05:33.040 [main] INFO  edu.bjut.homo.myMain - meter_2937663619531414077:reg,reg_response
BruceChen 22:05:33.040 [main] INFO  edu.bjut.homo.myMain - meter_2937663619531414077:28100,24300
BruceChen 22:05:33.040 [main] INFO  edu.bjut.homo.myMain - meter_2798133493299530131:reg,reg_response
BruceChen 22:05:33.040 [main] INFO  edu.bjut.homo.myMain - meter_2798133493299530131:6200,24400
BruceChen 22:05:33.040 [main] INFO  edu.bjut.homo.myMain - meter_4603847143584375057:reg,reg_response
BruceChen 22:05:33.040 [main] INFO  edu.bjut.homo.myMain - meter_4603847143584375057:6200,22300
BruceChen 22:05:33.040 [main] INFO  edu.bjut.homo.myMain - meter_890385101515226179:reg,reg_response
BruceChen 22:05:33.040 [main] INFO  edu.bjut.homo.myMain - meter_890385101515226179:5700,22600
BruceChen 22:05:33.040 [main] INFO  edu.bjut.homo.myMain - meter_3391575094186356135:reg,reg_response
BruceChen 22:05:33.040 [main] INFO  edu.bjut.homo.myMain - meter_3391575094186356135:8900,22600
BruceChen 22:05:33.040 [main] INFO  edu.bjut.homo.myMain - meter_542928405298825043:reg,reg_response
BruceChen 22:05:33.040 [main] INFO  edu.bjut.homo.myMain - meter_542928405298825043:6300,23200
BruceChen 22:05:33.040 [main] INFO  edu.bjut.homo.myMain - meter_2781508709108184717:reg,reg_response
BruceChen 22:05:33.040 [main] INFO  edu.bjut.homo.myMain - meter_2781508709108184717:6100,33000
BruceChen 22:05:33.040 [main] INFO  edu.bjut.homo.myMain - meter_8591209992486774353:reg,reg_response
BruceChen 22:05:33.040 [main] INFO  edu.bjut.homo.myMain - meter_8591209992486774353:6400,41500
BruceChen 22:05:33.040 [main] INFO  edu.bjut.homo.myMain - meter_1564764801355015971:reg,reg_response
BruceChen 22:05:33.040 [main] INFO  edu.bjut.homo.myMain - meter_1564764801355015971:6000,22700
BruceChen 22:05:33.040 [main] INFO  edu.bjut.homo.myMain - meter_7058997046454617317:reg,reg_response
BruceChen 22:05:33.040 [main] INFO  edu.bjut.homo.myMain - meter_7058997046454617317:6100,21700
BruceChen 22:05:33.040 [main] INFO  edu.bjut.homo.myMain - meter_8737502863048387577:reg,reg_response
BruceChen 22:05:33.040 [main] INFO  edu.bjut.homo.myMain - meter_8737502863048387577:5600,23000
BruceChen 22:05:33.040 [main] INFO  edu.bjut.homo.myMain - meter_5253001925487964099:reg,reg_response
BruceChen 22:05:33.040 [main] INFO  edu.bjut.homo.myMain - meter_5253001925487964099:6300,24600
BruceChen 22:05:33.040 [main] INFO  edu.bjut.homo.myMain - meter_8553432041872529827:reg,reg_response
BruceChen 22:05:33.040 [main] INFO  edu.bjut.homo.myMain - meter_8553432041872529827:5800,23500
BruceChen 22:05:33.040 [main] INFO  edu.bjut.homo.myMain - meter_7190676734222713911:reg,reg_response
BruceChen 22:05:33.040 [main] INFO  edu.bjut.homo.myMain - meter_7190676734222713911:5900,31800
BruceChen 22:05:33.040 [main] INFO  edu.bjut.homo.myMain - meter_241403440722848687:reg,reg_response
BruceChen 22:05:33.040 [main] INFO  edu.bjut.homo.myMain - meter_241403440722848687:5700,34400
BruceChen 22:05:33.040 [main] INFO  edu.bjut.homo.myMain - meter_3243378971814286189:reg,reg_response
BruceChen 22:05:33.040 [main] INFO  edu.bjut.homo.myMain - meter_3243378971814286189:7700,35300
BruceChen 22:05:33.040 [main] INFO  edu.bjut.homo.myMain - meter_5648964917580810079:reg,reg_response
BruceChen 22:05:33.040 [main] INFO  edu.bjut.homo.myMain - meter_5648964917580810079:6400,22800
BruceChen 22:05:33.040 [main] INFO  edu.bjut.homo.myMain - meter_8236544203516933431:reg,reg_response
BruceChen 22:05:33.040 [main] INFO  edu.bjut.homo.myMain - meter_8236544203516933431:6200,28400
BruceChen 22:05:33.040 [main] INFO  edu.bjut.homo.myMain - meter_7303546911012299265:reg,reg_response
BruceChen 22:05:33.040 [main] INFO  edu.bjut.homo.myMain - meter_7303546911012299265:5800,28100
BruceChen 22:05:33.040 [main] INFO  edu.bjut.homo.myMain - meter_5533910009709155421:reg,reg_response
BruceChen 22:05:33.040 [main] INFO  edu.bjut.homo.myMain - meter_5533910009709155421:5700,20400
BruceChen 22:05:33.040 [main] INFO  edu.bjut.homo.myMain - meter_6219514965074764023:reg,reg_response
BruceChen 22:05:33.040 [main] INFO  edu.bjut.homo.myMain - meter_6219514965074764023:5400,20300
BruceChen 22:05:33.040 [main] INFO  edu.bjut.homo.myMain - meter_8574691363154449587:reg,reg_response
BruceChen 22:05:33.040 [main] INFO  edu.bjut.homo.myMain - meter_8574691363154449587:5500,20000
BruceChen 22:05:33.040 [main] INFO  edu.bjut.homo.myMain - meter_3847993058773900873:reg,reg_response
BruceChen 22:05:33.040 [main] INFO  edu.bjut.homo.myMain - meter_3847993058773900873:5800,20100
BruceChen 22:05:33.040 [main] INFO  edu.bjut.homo.myMain - meter_397558355424267185:reg,reg_response
BruceChen 22:05:33.040 [main] INFO  edu.bjut.homo.myMain - meter_397558355424267185:5900,22200
BruceChen 22:05:33.040 [main] INFO  edu.bjut.homo.myMain - meter_3534321121774803273:reg,reg_response
BruceChen 22:05:33.040 [main] INFO  edu.bjut.homo.myMain - meter_3534321121774803273:6000,22800
BruceChen 22:05:33.040 [main] INFO  edu.bjut.homo.myMain - meter_5819733006486004851:reg,reg_response
BruceChen 22:05:33.040 [main] INFO  edu.bjut.homo.myMain - meter_5819733006486004851:5800,21700
BruceChen 22:05:33.040 [main] INFO  edu.bjut.homo.myMain - meter_8956495772836540181:reg,reg_response
BruceChen 22:05:33.040 [main] INFO  edu.bjut.homo.myMain - meter_8956495772836540181:6200,20800
BruceChen 22:05:33.040 [main] INFO  edu.bjut.homo.myMain - meter_1699660390479613205:reg,reg_response
BruceChen 22:05:33.040 [main] INFO  edu.bjut.homo.myMain - meter_1699660390479613205:5700,58100
BruceChen 22:05:33.040 [main] INFO  edu.bjut.homo.myMain - meter_8538993088274880723:reg,reg_response
BruceChen 22:05:33.040 [main] INFO  edu.bjut.homo.myMain - meter_8538993088274880723:10200,21900
BruceChen 22:05:33.040 [main] INFO  edu.bjut.homo.myMain - meter_2548999662114600905:reg,reg_response
BruceChen 22:05:33.040 [main] INFO  edu.bjut.homo.myMain - meter_2548999662114600905:5800,19900
BruceChen 22:05:33.040 [main] INFO  edu.bjut.homo.myMain - meter_6559401602620852759:reg,reg_response
BruceChen 22:05:33.040 [main] INFO  edu.bjut.homo.myMain - meter_6559401602620852759:5800,22200
BruceChen 22:05:33.040 [main] INFO  edu.bjut.homo.myMain - meter_1904479417284809445:reg,reg_response
BruceChen 22:05:33.040 [main] INFO  edu.bjut.homo.myMain - meter_1904479417284809445:5600,30600
BruceChen 22:05:33.040 [main] INFO  edu.bjut.homo.myMain - meter_7059920966636652743:reg,reg_response
BruceChen 22:05:33.040 [main] INFO  edu.bjut.homo.myMain - meter_7059920966636652743:6500,21900
BruceChen 22:05:33.040 [main] INFO  edu.bjut.homo.myMain - meter_1002173537600541747:reg,reg_response
BruceChen 22:05:33.040 [main] INFO  edu.bjut.homo.myMain - meter_1002173537600541747:6200,21000
BruceChen 22:05:33.040 [main] INFO  edu.bjut.homo.myMain - meter_1783757706848200887:reg,reg_response
BruceChen 22:05:33.040 [main] INFO  edu.bjut.homo.myMain - meter_1783757706848200887:5800,19600
BruceChen 22:05:33.040 [main] INFO  edu.bjut.homo.myMain - meter_316834760934539217:reg,reg_response
BruceChen 22:05:33.040 [main] INFO  edu.bjut.homo.myMain - meter_316834760934539217:5900,19500
BruceChen 22:05:33.040 [main] INFO  edu.bjut.homo.myMain - meter_3786720320973029305:reg,reg_response
BruceChen 22:05:33.040 [main] INFO  edu.bjut.homo.myMain - meter_3786720320973029305:5600,30300
BruceChen 22:05:33.040 [main] INFO  edu.bjut.homo.myMain - meter_7964518823217257293:reg,reg_response
BruceChen 22:05:33.040 [main] INFO  edu.bjut.homo.myMain - meter_7964518823217257293:6800,31200
BruceChen 22:05:33.040 [main] INFO  edu.bjut.homo.myMain - meter_7460517387735288587:reg,reg_response
BruceChen 22:05:33.040 [main] INFO  edu.bjut.homo.myMain - meter_7460517387735288587:5900,20900
BruceChen 22:05:33.040 [main] INFO  edu.bjut.homo.myMain - meter_3005136151708657171:reg,reg_response
BruceChen 22:05:33.040 [main] INFO  edu.bjut.homo.myMain - meter_3005136151708657171:6000,21200
BruceChen 22:05:33.040 [main] INFO  edu.bjut.homo.myMain - oneTimeMeterRepTime
BruceChen 22:05:33.659 [main] INFO  edu.bjut.homo.myMain - agg:resp_agg
BruceChen 22:05:33.659 [main] INFO  edu.bjut.homo.myMain - agg:202372400
BruceChen 22:05:33.659 [main] INFO  edu.bjut.homo.myMain - server:report_res
BruceChen 22:05:33.659 [main] INFO  edu.bjut.homo.myMain - server:15216100
BruceChen 22:05:33.659 [main] INFO  edu.bjut.homo.myMain - meter_2937663619531414077:report
BruceChen 22:05:33.659 [main] INFO  edu.bjut.homo.myMain - meter_2937663619531414077:10172300
BruceChen 22:05:33.659 [main] INFO  edu.bjut.homo.myMain - meter_2798133493299530131:report
BruceChen 22:05:33.659 [main] INFO  edu.bjut.homo.myMain - meter_2798133493299530131:10050200
BruceChen 22:05:33.659 [main] INFO  edu.bjut.homo.myMain - meter_4603847143584375057:report
BruceChen 22:05:33.659 [main] INFO  edu.bjut.homo.myMain - meter_4603847143584375057:10064500
BruceChen 22:05:33.659 [main] INFO  edu.bjut.homo.myMain - meter_890385101515226179:report
BruceChen 22:05:33.659 [main] INFO  edu.bjut.homo.myMain - meter_890385101515226179:10084600
BruceChen 22:05:33.659 [main] INFO  edu.bjut.homo.myMain - meter_3391575094186356135:report
BruceChen 22:05:33.659 [main] INFO  edu.bjut.homo.myMain - meter_3391575094186356135:9977100
BruceChen 22:05:33.659 [main] INFO  edu.bjut.homo.myMain - meter_542928405298825043:report
BruceChen 22:05:33.659 [main] INFO  edu.bjut.homo.myMain - meter_542928405298825043:10116500
BruceChen 22:05:33.659 [main] INFO  edu.bjut.homo.myMain - meter_2781508709108184717:report
BruceChen 22:05:33.659 [main] INFO  edu.bjut.homo.myMain - meter_2781508709108184717:10026400
BruceChen 22:05:33.659 [main] INFO  edu.bjut.homo.myMain - meter_8591209992486774353:report
BruceChen 22:05:33.659 [main] INFO  edu.bjut.homo.myMain - meter_8591209992486774353:9809600
BruceChen 22:05:33.659 [main] INFO  edu.bjut.homo.myMain - meter_1564764801355015971:report
BruceChen 22:05:33.659 [main] INFO  edu.bjut.homo.myMain - meter_1564764801355015971:9703600
BruceChen 22:05:33.659 [main] INFO  edu.bjut.homo.myMain - meter_7058997046454617317:report
BruceChen 22:05:33.659 [main] INFO  edu.bjut.homo.myMain - meter_7058997046454617317:9696900
BruceChen 22:05:33.659 [main] INFO  edu.bjut.homo.myMain - meter_8737502863048387577:report
BruceChen 22:05:33.659 [main] INFO  edu.bjut.homo.myMain - meter_8737502863048387577:12209500
BruceChen 22:05:33.659 [main] INFO  edu.bjut.homo.myMain - meter_5253001925487964099:report
BruceChen 22:05:33.659 [main] INFO  edu.bjut.homo.myMain - meter_5253001925487964099:9880300
BruceChen 22:05:33.659 [main] INFO  edu.bjut.homo.myMain - meter_8553432041872529827:report
BruceChen 22:05:33.659 [main] INFO  edu.bjut.homo.myMain - meter_8553432041872529827:9792900
BruceChen 22:05:33.659 [main] INFO  edu.bjut.homo.myMain - meter_7190676734222713911:report
BruceChen 22:05:33.659 [main] INFO  edu.bjut.homo.myMain - meter_7190676734222713911:9788600
BruceChen 22:05:33.659 [main] INFO  edu.bjut.homo.myMain - meter_241403440722848687:report
BruceChen 22:05:33.659 [main] INFO  edu.bjut.homo.myMain - meter_241403440722848687:9738800
BruceChen 22:05:33.659 [main] INFO  edu.bjut.homo.myMain - meter_3243378971814286189:report
BruceChen 22:05:33.659 [main] INFO  edu.bjut.homo.myMain - meter_3243378971814286189:9727900
BruceChen 22:05:33.659 [main] INFO  edu.bjut.homo.myMain - meter_5648964917580810079:report
BruceChen 22:05:33.659 [main] INFO  edu.bjut.homo.myMain - meter_5648964917580810079:9666100
BruceChen 22:05:33.659 [main] INFO  edu.bjut.homo.myMain - meter_8236544203516933431:report
BruceChen 22:05:33.659 [main] INFO  edu.bjut.homo.myMain - meter_8236544203516933431:9714500
BruceChen 22:05:33.659 [main] INFO  edu.bjut.homo.myMain - meter_7303546911012299265:report
BruceChen 22:05:33.659 [main] INFO  edu.bjut.homo.myMain - meter_7303546911012299265:9778000
BruceChen 22:05:33.659 [main] INFO  edu.bjut.homo.myMain - meter_5533910009709155421:report
BruceChen 22:05:33.659 [main] INFO  edu.bjut.homo.myMain - meter_5533910009709155421:9679300
BruceChen 22:05:33.659 [main] INFO  edu.bjut.homo.myMain - meter_6219514965074764023:report
BruceChen 22:05:33.659 [main] INFO  edu.bjut.homo.myMain - meter_6219514965074764023:9668500
BruceChen 22:05:33.659 [main] INFO  edu.bjut.homo.myMain - meter_8574691363154449587:report
BruceChen 22:05:33.659 [main] INFO  edu.bjut.homo.myMain - meter_8574691363154449587:9760800
BruceChen 22:05:33.659 [main] INFO  edu.bjut.homo.myMain - meter_3847993058773900873:report
BruceChen 22:05:33.659 [main] INFO  edu.bjut.homo.myMain - meter_3847993058773900873:9682400
BruceChen 22:05:33.659 [main] INFO  edu.bjut.homo.myMain - meter_397558355424267185:report
BruceChen 22:05:33.659 [main] INFO  edu.bjut.homo.myMain - meter_397558355424267185:9683900
BruceChen 22:05:33.659 [main] INFO  edu.bjut.homo.myMain - meter_3534321121774803273:report
BruceChen 22:05:33.659 [main] INFO  edu.bjut.homo.myMain - meter_3534321121774803273:9667900
BruceChen 22:05:33.659 [main] INFO  edu.bjut.homo.myMain - meter_5819733006486004851:report
BruceChen 22:05:33.659 [main] INFO  edu.bjut.homo.myMain - meter_5819733006486004851:9672900
BruceChen 22:05:33.659 [main] INFO  edu.bjut.homo.myMain - meter_8956495772836540181:report
BruceChen 22:05:33.659 [main] INFO  edu.bjut.homo.myMain - meter_8956495772836540181:9668400
BruceChen 22:05:33.659 [main] INFO  edu.bjut.homo.myMain - meter_1699660390479613205:report
BruceChen 22:05:33.659 [main] INFO  edu.bjut.homo.myMain - meter_1699660390479613205:9701700
BruceChen 22:05:33.659 [main] INFO  edu.bjut.homo.myMain - meter_8538993088274880723:report
BruceChen 22:05:33.659 [main] INFO  edu.bjut.homo.myMain - meter_8538993088274880723:9665600
BruceChen 22:05:33.659 [main] INFO  edu.bjut.homo.myMain - meter_2548999662114600905:report
BruceChen 22:05:33.659 [main] INFO  edu.bjut.homo.myMain - meter_2548999662114600905:9687200
BruceChen 22:05:33.659 [main] INFO  edu.bjut.homo.myMain - meter_6559401602620852759:report
BruceChen 22:05:33.659 [main] INFO  edu.bjut.homo.myMain - meter_6559401602620852759:9761900
BruceChen 22:05:33.659 [main] INFO  edu.bjut.homo.myMain - meter_1904479417284809445:report
BruceChen 22:05:33.659 [main] INFO  edu.bjut.homo.myMain - meter_1904479417284809445:9720100
BruceChen 22:05:33.659 [main] INFO  edu.bjut.homo.myMain - meter_7059920966636652743:report
BruceChen 22:05:33.659 [main] INFO  edu.bjut.homo.myMain - meter_7059920966636652743:9808900
BruceChen 22:05:33.659 [main] INFO  edu.bjut.homo.myMain - meter_1002173537600541747:report
BruceChen 22:05:33.659 [main] INFO  edu.bjut.homo.myMain - meter_1002173537600541747:9722600
BruceChen 22:05:33.659 [main] INFO  edu.bjut.homo.myMain - meter_1783757706848200887:report
BruceChen 22:05:33.659 [main] INFO  edu.bjut.homo.myMain - meter_1783757706848200887:9692600
BruceChen 22:05:33.659 [main] INFO  edu.bjut.homo.myMain - meter_316834760934539217:report
BruceChen 22:05:33.659 [main] INFO  edu.bjut.homo.myMain - meter_316834760934539217:9672300
BruceChen 22:05:33.659 [main] INFO  edu.bjut.homo.myMain - meter_3786720320973029305:report
BruceChen 22:05:33.659 [main] INFO  edu.bjut.homo.myMain - meter_3786720320973029305:9642100
BruceChen 22:05:33.659 [main] INFO  edu.bjut.homo.myMain - meter_7964518823217257293:report
BruceChen 22:05:33.659 [main] INFO  edu.bjut.homo.myMain - meter_7964518823217257293:9725100
BruceChen 22:05:33.659 [main] INFO  edu.bjut.homo.myMain - meter_7460517387735288587:report
BruceChen 22:05:33.659 [main] INFO  edu.bjut.homo.myMain - meter_7460517387735288587:10002300
BruceChen 22:05:33.659 [main] INFO  edu.bjut.homo.myMain - meter_3005136151708657171:report
BruceChen 22:05:33.659 [main] INFO  edu.bjut.homo.myMain - meter_3005136151708657171:9984200
BruceChen 22:05:35.448 [main] INFO  edu.bjut.homo.myMain - meterRegTime
BruceChen 22:05:35.667 [main] INFO  edu.bjut.homo.myMain - kgc:reg_response,reg_response,reg_response,reg_response,reg_response,reg_response,reg_response,reg_response,reg_response,reg_response,reg_response,reg_response,reg_response,reg_response,reg_response,reg_response,reg_response,reg_response,reg_response,reg_response,reg_response,reg_response,reg_response,reg_response,reg_response,reg_response,reg_response,reg_response,reg_response,reg_response
BruceChen 22:05:35.667 [main] INFO  edu.bjut.homo.myMain - kgc:7426400,7295400,7133100,7525900,7254800,7154000,7092700,8397600,7081300,7092900,7061100,7101300,7106300,7113200,7525400,7487000,7081400,7203100,7088300,7088600,7087600,7437200,7155100,7006400,6990500,6868000,6887300,7166600,7016900,6898400
BruceChen 22:05:35.667 [main] INFO  edu.bjut.homo.myMain - meter_9031003172866196095:reg,reg_response
BruceChen 22:05:35.667 [main] INFO  edu.bjut.homo.myMain - meter_9031003172866196095:37100,36300
BruceChen 22:05:35.667 [main] INFO  edu.bjut.homo.myMain - meter_5859183468756632261:reg,reg_response
BruceChen 22:05:35.667 [main] INFO  edu.bjut.homo.myMain - meter_5859183468756632261:6200,26000
BruceChen 22:05:35.667 [main] INFO  edu.bjut.homo.myMain - meter_1986126927661605225:reg,reg_response
BruceChen 22:05:35.667 [main] INFO  edu.bjut.homo.myMain - meter_1986126927661605225:5800,20000
BruceChen 22:05:35.667 [main] INFO  edu.bjut.homo.myMain - meter_2987588546846968755:reg,reg_response
BruceChen 22:05:35.667 [main] INFO  edu.bjut.homo.myMain - meter_2987588546846968755:6000,42700
BruceChen 22:05:35.667 [main] INFO  edu.bjut.homo.myMain - meter_5270708450400354245:reg,reg_response
BruceChen 22:05:35.667 [main] INFO  edu.bjut.homo.myMain - meter_5270708450400354245:7200,26500
BruceChen 22:05:35.667 [main] INFO  edu.bjut.homo.myMain - meter_2206003278087745817:reg,reg_response
BruceChen 22:05:35.667 [main] INFO  edu.bjut.homo.myMain - meter_2206003278087745817:7800,18900
BruceChen 22:05:35.667 [main] INFO  edu.bjut.homo.myMain - meter_5762560714452660287:reg,reg_response
BruceChen 22:05:35.667 [main] INFO  edu.bjut.homo.myMain - meter_5762560714452660287:5400,19400
BruceChen 22:05:35.667 [main] INFO  edu.bjut.homo.myMain - meter_903901243032465475:reg,reg_response
BruceChen 22:05:35.667 [main] INFO  edu.bjut.homo.myMain - meter_903901243032465475:5700,21100
BruceChen 22:05:35.667 [main] INFO  edu.bjut.homo.myMain - meter_268328469353060327:reg,reg_response
BruceChen 22:05:35.667 [main] INFO  edu.bjut.homo.myMain - meter_268328469353060327:6000,18600
BruceChen 22:05:35.667 [main] INFO  edu.bjut.homo.myMain - meter_2181528059744229459:reg,reg_response
BruceChen 22:05:35.667 [main] INFO  edu.bjut.homo.myMain - meter_2181528059744229459:5100,19300
BruceChen 22:05:35.667 [main] INFO  edu.bjut.homo.myMain - meter_190555697015140757:reg,reg_response
BruceChen 22:05:35.667 [main] INFO  edu.bjut.homo.myMain - meter_190555697015140757:5300,19100
BruceChen 22:05:35.667 [main] INFO  edu.bjut.homo.myMain - meter_3987523180710881735:reg,reg_response
BruceChen 22:05:35.667 [main] INFO  edu.bjut.homo.myMain - meter_3987523180710881735:5100,20100
BruceChen 22:05:35.667 [main] INFO  edu.bjut.homo.myMain - meter_3351950407031476389:reg,reg_response
BruceChen 22:05:35.667 [main] INFO  edu.bjut.homo.myMain - meter_3351950407031476389:5700,19500
BruceChen 22:05:35.667 [main] INFO  edu.bjut.homo.myMain - meter_5612448873100101389:reg,reg_response
BruceChen 22:05:35.667 [main] INFO  edu.bjut.homo.myMain - meter_5612448873100101389:5400,20100
BruceChen 22:05:35.667 [main] INFO  edu.bjut.homo.myMain - meter_8107595796717273227:reg,reg_response
BruceChen 22:05:35.667 [main] INFO  edu.bjut.homo.myMain - meter_8107595796717273227:5500,22400
BruceChen 22:05:35.667 [main] INFO  edu.bjut.homo.myMain - meter_2837757085271237893:reg,reg_response
BruceChen 22:05:35.667 [main] INFO  edu.bjut.homo.myMain - meter_2837757085271237893:5400,21400
BruceChen 22:05:35.667 [main] INFO  edu.bjut.homo.myMain - meter_7550123686129819533:reg,reg_response
BruceChen 22:05:35.667 [main] INFO  edu.bjut.homo.myMain - meter_7550123686129819533:5400,21000
BruceChen 22:05:35.667 [main] INFO  edu.bjut.homo.myMain - meter_6648900646644737419:reg,reg_response
BruceChen 22:05:35.667 [main] INFO  edu.bjut.homo.myMain - meter_6648900646644737419:5300,21500
BruceChen 22:05:35.667 [main] INFO  edu.bjut.homo.myMain - meter_591153221903594483:reg,reg_response
BruceChen 22:05:35.667 [main] INFO  edu.bjut.homo.myMain - meter_591153221903594483:5700,18600
BruceChen 22:05:35.667 [main] INFO  edu.bjut.homo.myMain - meter_2893347719935019873:reg,reg_response
BruceChen 22:05:35.667 [main] INFO  edu.bjut.homo.myMain - meter_2893347719935019873:5600,18500
BruceChen 22:05:35.667 [main] INFO  edu.bjut.homo.myMain - meter_2111763550670646631:reg,reg_response
BruceChen 22:05:35.667 [main] INFO  edu.bjut.homo.myMain - meter_2111763550670646631:5200,18600
BruceChen 22:05:35.667 [main] INFO  edu.bjut.homo.myMain - meter_6217221880110417857:reg,reg_response
BruceChen 22:05:35.667 [main] INFO  edu.bjut.homo.myMain - meter_6217221880110417857:5100,18400
BruceChen 22:05:35.667 [main] INFO  edu.bjut.homo.myMain - meter_173930912823794433:reg,reg_response
BruceChen 22:05:35.667 [main] INFO  edu.bjut.homo.myMain - meter_173930912823794433:5200,18100
BruceChen 22:05:35.667 [main] INFO  edu.bjut.homo.myMain - meter_3382750169405661009:reg,reg_response
BruceChen 22:05:35.667 [main] INFO  edu.bjut.homo.myMain - meter_3382750169405661009:5400,18200
BruceChen 22:05:35.667 [main] INFO  edu.bjut.homo.myMain - meter_1306188774861014001:reg,reg_response
BruceChen 22:05:35.667 [main] INFO  edu.bjut.homo.myMain - meter_1306188774861014001:5000,20000
BruceChen 22:05:35.667 [main] INFO  edu.bjut.homo.myMain - meter_8322448884983604323:reg,reg_response
BruceChen 22:05:35.667 [main] INFO  edu.bjut.homo.myMain - meter_8322448884983604323:5400,17900
BruceChen 22:05:35.667 [main] INFO  edu.bjut.homo.myMain - meter_872060206629935343:reg,reg_response
BruceChen 22:05:35.667 [main] INFO  edu.bjut.homo.myMain - meter_872060206629935343:5300,18100
BruceChen 22:05:35.667 [main] INFO  edu.bjut.homo.myMain - meter_1483117290978154611:reg,reg_response
BruceChen 22:05:35.667 [main] INFO  edu.bjut.homo.myMain - meter_1483117290978154611:7400,18400
BruceChen 22:05:35.667 [main] INFO  edu.bjut.homo.myMain - meter_7421378416151640431:reg,reg_response
BruceChen 22:05:35.667 [main] INFO  edu.bjut.homo.myMain - meter_7421378416151640431:5200,19100
BruceChen 22:05:35.667 [main] INFO  edu.bjut.homo.myMain - meter_6456831670286847429:reg,reg_response
BruceChen 22:05:35.667 [main] INFO  edu.bjut.homo.myMain - meter_6456831670286847429:5100,20000
BruceChen 22:05:35.667 [main] INFO  edu.bjut.homo.myMain - oneTimeMeterRepTime
BruceChen 22:05:36.120 [main] INFO  edu.bjut.homo.myMain - agg:resp_agg
BruceChen 22:05:36.120 [main] INFO  edu.bjut.homo.myMain - agg:147115000
BruceChen 22:05:36.120 [main] INFO  edu.bjut.homo.myMain - server:report_res
BruceChen 22:05:36.120 [main] INFO  edu.bjut.homo.myMain - server:14569400
BruceChen 22:05:36.120 [main] INFO  edu.bjut.homo.myMain - meter_9031003172866196095:report
BruceChen 22:05:36.120 [main] INFO  edu.bjut.homo.myMain - meter_9031003172866196095:10319200
BruceChen 22:05:36.120 [main] INFO  edu.bjut.homo.myMain - meter_5859183468756632261:report
BruceChen 22:05:36.120 [main] INFO  edu.bjut.homo.myMain - meter_5859183468756632261:10179400
BruceChen 22:05:36.120 [main] INFO  edu.bjut.homo.myMain - meter_1986126927661605225:report
BruceChen 22:05:36.120 [main] INFO  edu.bjut.homo.myMain - meter_1986126927661605225:9985900
BruceChen 22:05:36.120 [main] INFO  edu.bjut.homo.myMain - meter_2987588546846968755:report
BruceChen 22:05:36.120 [main] INFO  edu.bjut.homo.myMain - meter_2987588546846968755:10053600
BruceChen 22:05:36.120 [main] INFO  edu.bjut.homo.myMain - meter_5270708450400354245:report
BruceChen 22:05:36.120 [main] INFO  edu.bjut.homo.myMain - meter_5270708450400354245:9978600
BruceChen 22:05:36.120 [main] INFO  edu.bjut.homo.myMain - meter_2206003278087745817:report
BruceChen 22:05:36.120 [main] INFO  edu.bjut.homo.myMain - meter_2206003278087745817:9959500
BruceChen 22:05:36.120 [main] INFO  edu.bjut.homo.myMain - meter_5762560714452660287:report
BruceChen 22:05:36.120 [main] INFO  edu.bjut.homo.myMain - meter_5762560714452660287:9813500
BruceChen 22:05:36.120 [main] INFO  edu.bjut.homo.myMain - meter_903901243032465475:report
BruceChen 22:05:36.120 [main] INFO  edu.bjut.homo.myMain - meter_903901243032465475:9844800
BruceChen 22:05:36.120 [main] INFO  edu.bjut.homo.myMain - meter_268328469353060327:report
BruceChen 22:05:36.120 [main] INFO  edu.bjut.homo.myMain - meter_268328469353060327:9771100
BruceChen 22:05:36.120 [main] INFO  edu.bjut.homo.myMain - meter_2181528059744229459:report
BruceChen 22:05:36.120 [main] INFO  edu.bjut.homo.myMain - meter_2181528059744229459:9668100
BruceChen 22:05:36.120 [main] INFO  edu.bjut.homo.myMain - meter_190555697015140757:report
BruceChen 22:05:36.120 [main] INFO  edu.bjut.homo.myMain - meter_190555697015140757:9734500
BruceChen 22:05:36.120 [main] INFO  edu.bjut.homo.myMain - meter_3987523180710881735:report
BruceChen 22:05:36.120 [main] INFO  edu.bjut.homo.myMain - meter_3987523180710881735:9727700
BruceChen 22:05:36.120 [main] INFO  edu.bjut.homo.myMain - meter_3351950407031476389:report
BruceChen 22:05:36.120 [main] INFO  edu.bjut.homo.myMain - meter_3351950407031476389:9751600
BruceChen 22:05:36.120 [main] INFO  edu.bjut.homo.myMain - meter_5612448873100101389:report
BruceChen 22:05:36.120 [main] INFO  edu.bjut.homo.myMain - meter_5612448873100101389:9965100
BruceChen 22:05:36.120 [main] INFO  edu.bjut.homo.myMain - meter_8107595796717273227:report
BruceChen 22:05:36.120 [main] INFO  edu.bjut.homo.myMain - meter_8107595796717273227:9980200
BruceChen 22:05:36.120 [main] INFO  edu.bjut.homo.myMain - meter_2837757085271237893:report
BruceChen 22:05:36.120 [main] INFO  edu.bjut.homo.myMain - meter_2837757085271237893:9826900
BruceChen 22:05:36.120 [main] INFO  edu.bjut.homo.myMain - meter_7550123686129819533:report
BruceChen 22:05:36.120 [main] INFO  edu.bjut.homo.myMain - meter_7550123686129819533:9696000
BruceChen 22:05:36.120 [main] INFO  edu.bjut.homo.myMain - meter_6648900646644737419:report
BruceChen 22:05:36.120 [main] INFO  edu.bjut.homo.myMain - meter_6648900646644737419:9644700
BruceChen 22:05:36.120 [main] INFO  edu.bjut.homo.myMain - meter_591153221903594483:report
BruceChen 22:05:36.120 [main] INFO  edu.bjut.homo.myMain - meter_591153221903594483:9673100
BruceChen 22:05:36.120 [main] INFO  edu.bjut.homo.myMain - meter_2893347719935019873:report
BruceChen 22:05:36.120 [main] INFO  edu.bjut.homo.myMain - meter_2893347719935019873:9654500
BruceChen 22:05:36.120 [main] INFO  edu.bjut.homo.myMain - meter_2111763550670646631:report
BruceChen 22:05:36.120 [main] INFO  edu.bjut.homo.myMain - meter_2111763550670646631:9682500
BruceChen 22:05:36.120 [main] INFO  edu.bjut.homo.myMain - meter_6217221880110417857:report
BruceChen 22:05:36.120 [main] INFO  edu.bjut.homo.myMain - meter_6217221880110417857:9866700
BruceChen 22:05:36.120 [main] INFO  edu.bjut.homo.myMain - meter_173930912823794433:report
BruceChen 22:05:36.120 [main] INFO  edu.bjut.homo.myMain - meter_173930912823794433:9662400
BruceChen 22:05:36.120 [main] INFO  edu.bjut.homo.myMain - meter_3382750169405661009:report
BruceChen 22:05:36.120 [main] INFO  edu.bjut.homo.myMain - meter_3382750169405661009:9679700
BruceChen 22:05:36.120 [main] INFO  edu.bjut.homo.myMain - meter_1306188774861014001:report
BruceChen 22:05:36.120 [main] INFO  edu.bjut.homo.myMain - meter_1306188774861014001:9700400
BruceChen 22:05:36.120 [main] INFO  edu.bjut.homo.myMain - meter_8322448884983604323:report
BruceChen 22:05:36.120 [main] INFO  edu.bjut.homo.myMain - meter_8322448884983604323:9803500
BruceChen 22:05:36.120 [main] INFO  edu.bjut.homo.myMain - meter_872060206629935343:report
BruceChen 22:05:36.120 [main] INFO  edu.bjut.homo.myMain - meter_872060206629935343:10999500
BruceChen 22:05:36.120 [main] INFO  edu.bjut.homo.myMain - meter_1483117290978154611:report
BruceChen 22:05:36.120 [main] INFO  edu.bjut.homo.myMain - meter_1483117290978154611:9990700
BruceChen 22:05:36.120 [main] INFO  edu.bjut.homo.myMain - meter_7421378416151640431:report
BruceChen 22:05:36.120 [main] INFO  edu.bjut.homo.myMain - meter_7421378416151640431:10004700
BruceChen 22:05:36.120 [main] INFO  edu.bjut.homo.myMain - meter_6456831670286847429:report
BruceChen 22:05:36.120 [main] INFO  edu.bjut.homo.myMain - meter_6456831670286847429:9930600
BruceChen 22:05:37.237 [main] INFO  edu.bjut.homo.myMain - meterRegTime
BruceChen 22:05:37.378 [main] INFO  edu.bjut.homo.myMain - kgc:reg_response,reg_response,reg_response,reg_response,reg_response,reg_response,reg_response,reg_response,reg_response,reg_response,reg_response,reg_response,reg_response,reg_response,reg_response,reg_response,reg_response,reg_response,reg_response,reg_response
BruceChen 22:05:37.378 [main] INFO  edu.bjut.homo.myMain - kgc:7116200,6884600,7192700,6897500,6977700,7102900,6912000,6971200,6976600,7102300,7092100,7319200,7136500,7165300,7064000,7091700,7187200,7178600,7159600,7210400
BruceChen 22:05:37.378 [main] INFO  edu.bjut.homo.myMain - meter_2979095671784439899:reg,reg_response
BruceChen 22:05:37.378 [main] INFO  edu.bjut.homo.myMain - meter_2979095671784439899:29300,20800
BruceChen 22:05:37.378 [main] INFO  edu.bjut.homo.myMain - meter_5304442643449293663:reg,reg_response
BruceChen 22:05:37.378 [main] INFO  edu.bjut.homo.myMain - meter_5304442643449293663:5900,20000
BruceChen 22:05:37.378 [main] INFO  edu.bjut.homo.myMain - meter_3613783901052817635:reg,reg_response
BruceChen 22:05:37.378 [main] INFO  edu.bjut.homo.myMain - meter_3613783901052817635:5500,19800
BruceChen 22:05:37.378 [main] INFO  edu.bjut.homo.myMain - meter_7921570984613355903:reg,reg_response
BruceChen 22:05:37.378 [main] INFO  edu.bjut.homo.myMain - meter_7921570984613355903:5800,19400
BruceChen 22:05:37.378 [main] INFO  edu.bjut.homo.myMain - meter_289909736599294323:reg,reg_response
BruceChen 22:05:37.378 [main] INFO  edu.bjut.homo.myMain - meter_289909736599294323:5500,19600
BruceChen 22:05:37.378 [main] INFO  edu.bjut.homo.myMain - meter_909459695993266723:reg,reg_response
BruceChen 22:05:37.378 [main] INFO  edu.bjut.homo.myMain - meter_909459695993266723:5900,19300
BruceChen 22:05:37.378 [main] INFO  edu.bjut.homo.myMain - meter_4451684325063172209:reg,reg_response
BruceChen 22:05:37.378 [main] INFO  edu.bjut.homo.myMain - meter_4451684325063172209:5400,19300
BruceChen 22:05:37.378 [main] INFO  edu.bjut.homo.myMain - meter_2762152643965112279:reg,reg_response
BruceChen 22:05:37.378 [main] INFO  edu.bjut.homo.myMain - meter_2762152643965112279:5300,31000
BruceChen 22:05:37.378 [main] INFO  edu.bjut.homo.myMain - meter_5923390628642388599:reg,reg_response
BruceChen 22:05:37.378 [main] INFO  edu.bjut.homo.myMain - meter_5923390628642388599:5300,18200
BruceChen 22:05:37.378 [main] INFO  edu.bjut.homo.myMain - meter_6544630603599943121:reg,reg_response
BruceChen 22:05:37.378 [main] INFO  edu.bjut.homo.myMain - meter_6544630603599943121:5100,31200
BruceChen 22:05:37.378 [main] INFO  edu.bjut.homo.myMain - meter_9132209889519224717:reg,reg_response
BruceChen 22:05:37.378 [main] INFO  edu.bjut.homo.myMain - meter_9132209889519224717:5700,34100
BruceChen 22:05:37.378 [main] INFO  edu.bjut.homo.myMain - meter_5503876338388059727:reg,reg_response
BruceChen 22:05:37.378 [main] INFO  edu.bjut.homo.myMain - meter_5503876338388059727:5800,17600
BruceChen 22:05:37.378 [main] INFO  edu.bjut.homo.myMain - meter_7983485059517989085:reg,reg_response
BruceChen 22:05:37.378 [main] INFO  edu.bjut.homo.myMain - meter_7983485059517989085:5300,17500
BruceChen 22:05:37.378 [main] INFO  edu.bjut.homo.myMain - meter_1283081621804956089:reg,reg_response
BruceChen 22:05:37.378 [main] INFO  edu.bjut.homo.myMain - meter_1283081621804956089:5600,17700
BruceChen 22:05:37.378 [main] INFO  edu.bjut.homo.myMain - meter_6667051320957518657:reg,reg_response
BruceChen 22:05:37.378 [main] INFO  edu.bjut.homo.myMain - meter_6667051320957518657:5800,16600
BruceChen 22:05:37.378 [main] INFO  edu.bjut.homo.myMain - meter_1616486989998091923:reg,reg_response
BruceChen 22:05:37.378 [main] INFO  edu.bjut.homo.myMain - meter_1616486989998091923:5100,16800
BruceChen 22:05:37.378 [main] INFO  edu.bjut.homo.myMain - meter_5813408458160367989:reg,reg_response
BruceChen 22:05:37.378 [main] INFO  edu.bjut.homo.myMain - meter_5813408458160367989:5100,18100
BruceChen 22:05:37.378 [main] INFO  edu.bjut.homo.myMain - meter_1086710153779818545:reg,reg_response
BruceChen 22:05:37.378 [main] INFO  edu.bjut.homo.myMain - meter_1086710153779818545:5800,17200
BruceChen 22:05:37.378 [main] INFO  edu.bjut.homo.myMain - meter_8928606353036690963:reg,reg_response
BruceChen 22:05:37.378 [main] INFO  edu.bjut.homo.myMain - meter_8928606353036690963:5500,16600
BruceChen 22:05:37.378 [main] INFO  edu.bjut.homo.myMain - meter_5299991326928816471:reg,reg_response
BruceChen 22:05:37.378 [main] INFO  edu.bjut.homo.myMain - meter_5299991326928816471:5200,17800
BruceChen 22:05:37.378 [main] INFO  edu.bjut.homo.myMain - oneTimeMeterRepTime
BruceChen 22:05:37.690 [main] INFO  edu.bjut.homo.myMain - agg:resp_agg
BruceChen 22:05:37.690 [main] INFO  edu.bjut.homo.myMain - agg:97096700
BruceChen 22:05:37.690 [main] INFO  edu.bjut.homo.myMain - server:report_res
BruceChen 22:05:37.690 [main] INFO  edu.bjut.homo.myMain - server:14541800
BruceChen 22:05:37.690 [main] INFO  edu.bjut.homo.myMain - meter_2979095671784439899:report
BruceChen 22:05:37.690 [main] INFO  edu.bjut.homo.myMain - meter_2979095671784439899:10754000
BruceChen 22:05:37.690 [main] INFO  edu.bjut.homo.myMain - meter_5304442643449293663:report
BruceChen 22:05:37.690 [main] INFO  edu.bjut.homo.myMain - meter_5304442643449293663:10134600
BruceChen 22:05:37.690 [main] INFO  edu.bjut.homo.myMain - meter_3613783901052817635:report
BruceChen 22:05:37.690 [main] INFO  edu.bjut.homo.myMain - meter_3613783901052817635:9967300
BruceChen 22:05:37.690 [main] INFO  edu.bjut.homo.myMain - meter_7921570984613355903:report
BruceChen 22:05:37.690 [main] INFO  edu.bjut.homo.myMain - meter_7921570984613355903:10039100
BruceChen 22:05:37.690 [main] INFO  edu.bjut.homo.myMain - meter_289909736599294323:report
BruceChen 22:05:37.690 [main] INFO  edu.bjut.homo.myMain - meter_289909736599294323:9940700
BruceChen 22:05:37.690 [main] INFO  edu.bjut.homo.myMain - meter_909459695993266723:report
BruceChen 22:05:37.690 [main] INFO  edu.bjut.homo.myMain - meter_909459695993266723:10059500
BruceChen 22:05:37.690 [main] INFO  edu.bjut.homo.myMain - meter_4451684325063172209:report
BruceChen 22:05:37.690 [main] INFO  edu.bjut.homo.myMain - meter_4451684325063172209:9918000
BruceChen 22:05:37.690 [main] INFO  edu.bjut.homo.myMain - meter_2762152643965112279:report
BruceChen 22:05:37.690 [main] INFO  edu.bjut.homo.myMain - meter_2762152643965112279:10851900
BruceChen 22:05:37.690 [main] INFO  edu.bjut.homo.myMain - meter_5923390628642388599:report
BruceChen 22:05:37.690 [main] INFO  edu.bjut.homo.myMain - meter_5923390628642388599:10092600
BruceChen 22:05:37.690 [main] INFO  edu.bjut.homo.myMain - meter_6544630603599943121:report
BruceChen 22:05:37.690 [main] INFO  edu.bjut.homo.myMain - meter_6544630603599943121:9848200
BruceChen 22:05:37.690 [main] INFO  edu.bjut.homo.myMain - meter_9132209889519224717:report
BruceChen 22:05:37.690 [main] INFO  edu.bjut.homo.myMain - meter_9132209889519224717:9802600
BruceChen 22:05:37.690 [main] INFO  edu.bjut.homo.myMain - meter_5503876338388059727:report
BruceChen 22:05:37.690 [main] INFO  edu.bjut.homo.myMain - meter_5503876338388059727:9668000
BruceChen 22:05:37.690 [main] INFO  edu.bjut.homo.myMain - meter_7983485059517989085:report
BruceChen 22:05:37.690 [main] INFO  edu.bjut.homo.myMain - meter_7983485059517989085:9663900
BruceChen 22:05:37.690 [main] INFO  edu.bjut.homo.myMain - meter_1283081621804956089:report
BruceChen 22:05:37.690 [main] INFO  edu.bjut.homo.myMain - meter_1283081621804956089:9697200
BruceChen 22:05:37.690 [main] INFO  edu.bjut.homo.myMain - meter_6667051320957518657:report
BruceChen 22:05:37.690 [main] INFO  edu.bjut.homo.myMain - meter_6667051320957518657:9742700
BruceChen 22:05:37.690 [main] INFO  edu.bjut.homo.myMain - meter_1616486989998091923:report
BruceChen 22:05:37.690 [main] INFO  edu.bjut.homo.myMain - meter_1616486989998091923:9826100
BruceChen 22:05:37.690 [main] INFO  edu.bjut.homo.myMain - meter_5813408458160367989:report
BruceChen 22:05:37.690 [main] INFO  edu.bjut.homo.myMain - meter_5813408458160367989:10008300
BruceChen 22:05:37.690 [main] INFO  edu.bjut.homo.myMain - meter_1086710153779818545:report
BruceChen 22:05:37.690 [main] INFO  edu.bjut.homo.myMain - meter_1086710153779818545:9661700
BruceChen 22:05:37.690 [main] INFO  edu.bjut.homo.myMain - meter_8928606353036690963:report
BruceChen 22:05:37.690 [main] INFO  edu.bjut.homo.myMain - meter_8928606353036690963:9680700
BruceChen 22:05:37.690 [main] INFO  edu.bjut.homo.myMain - meter_5299991326928816471:report
BruceChen 22:05:37.690 [main] INFO  edu.bjut.homo.myMain - meter_5299991326928816471:9653400
