BruceChen 01:36:55.407 [main] INFO  edu.bjut.boudia.myMain - oneTimeMeterRegTime
BruceChen 01:36:56.188 [main] INFO  edu.bjut.boudia.myMain - server:pubkey
BruceChen 01:36:56.188 [main] INFO  edu.bjut.boudia.myMain - server:209700
BruceChen 01:36:56.204 [main] INFO  edu.bjut.boudia.myMain - agg:regMsg,regMsg,regMsg,regMsg,regMsg,regMsg,regMsg,regMsg,regMsg,regMsg,regMsg,regMsg,regMsg,regMsg,regMsg,regMsg,regMsg,regMsg,regMsg,regMsg,regMsg,regMsg,regMsg,regMsg,regMsg,regMsg,regMsg,regMsg,regMsg,regMsg,regMsg,regMsg,regMsg,regMsg,regMsg,regMsg,regMsg,regMsg,regMsg,regMsg,regMsg,regMsg,regMsg,regMsg,regMsg,regMsg,regMsg,regMsg,regMsg,regMsg,regMsg,regMsg,regMsg,regMsg,regMsg,regMsg,regMsg,regMsg,regMsg,regMsg
BruceChen 01:36:56.212 [main] INFO  edu.bjut.boudia.myMain - agg:6769600,6529900,6486900,6463100,6488600,6458100,6493500,6451600,6465300,6434900,6438300,6471800,6466700,6461000,6541400,6438300,6422300,6435300,6501500,6432100,6459900,6434800,6449200,6496900,6592900,6419900,6442900,6425600,6430500,6449300,6430100,6449000,9070400,6624300,6437100,6446000,6427100,6424900,6436600,6429200,6426200,6393800,6449800,6521800,6419500,6432100,6428900,6516700,6461800,6462900,6413900,6422300,6411600,6434100,6414100,6433000,6437000,6423700,6418500,6456000
BruceChen 01:36:56.212 [main] INFO  edu.bjut.boudia.myMain - meter_5838608339059728095:regMsg,reg_backagg,reg_cc
BruceChen 01:36:56.212 [main] INFO  edu.bjut.boudia.myMain - meter_5838608339059728095:2400,6622000,3500
BruceChen 01:36:56.212 [main] INFO  edu.bjut.boudia.myMain - meter_3863163633869198787:regMsg,reg_backagg,reg_cc
BruceChen 01:36:56.212 [main] INFO  edu.bjut.boudia.myMain - meter_3863163633869198787:400,6474600,300
BruceChen 01:36:56.212 [main] INFO  edu.bjut.boudia.myMain - meter_256391064001635595:regMsg,reg_backagg,reg_cc
BruceChen 01:36:56.212 [main] INFO  edu.bjut.boudia.myMain - meter_256391064001635595:300,6482500,400
BruceChen 01:36:56.212 [main] INFO  edu.bjut.boudia.myMain - meter_401709452978714123:regMsg,reg_backagg,reg_cc
BruceChen 01:36:56.212 [main] INFO  edu.bjut.boudia.myMain - meter_401709452978714123:400,6489700,500
BruceChen 01:36:56.212 [main] INFO  edu.bjut.boudia.myMain - meter_5622101452223346101:regMsg,reg_backagg,reg_cc
BruceChen 01:36:56.212 [main] INFO  edu.bjut.boudia.myMain - meter_5622101452223346101:400,6504100,400
BruceChen 01:36:56.212 [main] INFO  edu.bjut.boudia.myMain - meter_7023535467302216083:regMsg,reg_backagg,reg_cc
BruceChen 01:36:56.212 [main] INFO  edu.bjut.boudia.myMain - meter_7023535467302216083:400,6427600,500
BruceChen 01:36:56.212 [main] INFO  edu.bjut.boudia.myMain - meter_3138862973573769517:regMsg,reg_backagg,reg_cc
BruceChen 01:36:56.212 [main] INFO  edu.bjut.boudia.myMain - meter_3138862973573769517:400,6398800,400
BruceChen 01:36:56.212 [main] INFO  edu.bjut.boudia.myMain - meter_8177822965512222315:regMsg,reg_backagg,reg_cc
BruceChen 01:36:56.212 [main] INFO  edu.bjut.boudia.myMain - meter_8177822965512222315:400,6431600,500
BruceChen 01:36:56.212 [main] INFO  edu.bjut.boudia.myMain - meter_3560108725801559853:regMsg,reg_backagg,reg_cc
BruceChen 01:36:56.212 [main] INFO  edu.bjut.boudia.myMain - meter_3560108725801559853:200,6468000,300
BruceChen 01:36:56.212 [main] INFO  edu.bjut.boudia.myMain - meter_3169413345447384939:regMsg,reg_backagg,reg_cc
BruceChen 01:36:56.212 [main] INFO  edu.bjut.boudia.myMain - meter_3169413345447384939:200,6297800,500
BruceChen 01:36:56.212 [main] INFO  edu.bjut.boudia.myMain - meter_6573188055696225935:regMsg,reg_backagg,reg_cc
BruceChen 01:36:56.212 [main] INFO  edu.bjut.boudia.myMain - meter_6573188055696225935:400,6479900,300
BruceChen 01:36:56.212 [main] INFO  edu.bjut.boudia.myMain - meter_1046050199888154399:regMsg,reg_backagg,reg_cc
BruceChen 01:36:56.212 [main] INFO  edu.bjut.boudia.myMain - meter_1046050199888154399:300,6475000,300
BruceChen 01:36:56.212 [main] INFO  edu.bjut.boudia.myMain - meter_5585050763395979691:regMsg,reg_backagg,reg_cc
BruceChen 01:36:56.212 [main] INFO  edu.bjut.boudia.myMain - meter_5585050763395979691:200,6436600,300
BruceChen 01:36:56.212 [main] INFO  edu.bjut.boudia.myMain - meter_3063029463122422899:regMsg,reg_backagg,reg_cc
BruceChen 01:36:56.212 [main] INFO  edu.bjut.boudia.myMain - meter_3063029463122422899:300,6527500,200
BruceChen 01:36:56.212 [main] INFO  edu.bjut.boudia.myMain - meter_2832341494280189577:regMsg,reg_backagg,reg_cc
BruceChen 01:36:56.212 [main] INFO  edu.bjut.boudia.myMain - meter_2832341494280189577:300,6294500,400
BruceChen 01:36:56.212 [main] INFO  edu.bjut.boudia.myMain - meter_9070430082363299559:regMsg,reg_backagg,reg_cc
BruceChen 01:36:56.212 [main] INFO  edu.bjut.boudia.myMain - meter_9070430082363299559:300,6389200,300
BruceChen 01:36:56.212 [main] INFO  edu.bjut.boudia.myMain - meter_4713407930287659635:regMsg,reg_backagg,reg_cc
BruceChen 01:36:56.212 [main] INFO  edu.bjut.boudia.myMain - meter_4713407930287659635:200,6399700,300
BruceChen 01:36:56.212 [main] INFO  edu.bjut.boudia.myMain - meter_4874709895874310165:regMsg,reg_backagg,reg_cc
BruceChen 01:36:56.212 [main] INFO  edu.bjut.boudia.myMain - meter_4874709895874310165:300,6424900,300
BruceChen 01:36:56.212 [main] INFO  edu.bjut.boudia.myMain - meter_3327947164647707517:regMsg,reg_backagg,reg_cc
BruceChen 01:36:56.212 [main] INFO  edu.bjut.boudia.myMain - meter_3327947164647707517:300,6386700,400
BruceChen 01:36:56.212 [main] INFO  edu.bjut.boudia.myMain - meter_3654933085297954935:regMsg,reg_backagg,reg_cc
BruceChen 01:36:56.212 [main] INFO  edu.bjut.boudia.myMain - meter_3654933085297954935:400,6504800,400
BruceChen 01:36:56.212 [main] INFO  edu.bjut.boudia.myMain - meter_1514664859241528987:regMsg,reg_backagg,reg_cc
BruceChen 01:36:56.212 [main] INFO  edu.bjut.boudia.myMain - meter_1514664859241528987:300,6467400,400
BruceChen 01:36:56.212 [main] INFO  edu.bjut.boudia.myMain - meter_579313206804219475:regMsg,reg_backagg,reg_cc
BruceChen 01:36:56.212 [main] INFO  edu.bjut.boudia.myMain - meter_579313206804219475:300,6395000,500
BruceChen 01:36:56.212 [main] INFO  edu.bjut.boudia.myMain - meter_552698350302978101:regMsg,reg_backagg,reg_cc
BruceChen 01:36:56.212 [main] INFO  edu.bjut.boudia.myMain - meter_552698350302978101:300,6358000,300
BruceChen 01:36:56.212 [main] INFO  edu.bjut.boudia.myMain - meter_6041453963943424641:regMsg,reg_backagg,reg_cc
BruceChen 01:36:56.212 [main] INFO  edu.bjut.boudia.myMain - meter_6041453963943424641:300,6482000,300
BruceChen 01:36:56.212 [main] INFO  edu.bjut.boudia.myMain - meter_7725249827645714785:regMsg,reg_backagg,reg_cc
BruceChen 01:36:56.212 [main] INFO  edu.bjut.boudia.myMain - meter_7725249827645714785:200,6494700,400
BruceChen 01:36:56.212 [main] INFO  edu.bjut.boudia.myMain - meter_6280312879261841969:regMsg,reg_backagg,reg_cc
BruceChen 01:36:56.212 [main] INFO  edu.bjut.boudia.myMain - meter_6280312879261841969:300,6408800,400
BruceChen 01:36:56.212 [main] INFO  edu.bjut.boudia.myMain - meter_3561991766522316529:regMsg,reg_backagg,reg_cc
BruceChen 01:36:56.212 [main] INFO  edu.bjut.boudia.myMain - meter_3561991766522316529:200,6364300,400
BruceChen 01:36:56.212 [main] INFO  edu.bjut.boudia.myMain - meter_7996777399966879859:regMsg,reg_backagg,reg_cc
BruceChen 01:36:56.212 [main] INFO  edu.bjut.boudia.myMain - meter_7996777399966879859:200,6396500,500
BruceChen 01:36:56.212 [main] INFO  edu.bjut.boudia.myMain - meter_4305277591070457065:regMsg,reg_backagg,reg_cc
BruceChen 01:36:56.212 [main] INFO  edu.bjut.boudia.myMain - meter_4305277591070457065:200,6448600,400
BruceChen 01:36:56.212 [main] INFO  edu.bjut.boudia.myMain - meter_8812392123509883599:regMsg,reg_backagg,reg_cc
BruceChen 01:36:56.212 [main] INFO  edu.bjut.boudia.myMain - meter_8812392123509883599:200,6374700,300
BruceChen 01:36:56.212 [main] INFO  edu.bjut.boudia.myMain - meter_4759993047990968073:regMsg,reg_backagg,reg_cc
BruceChen 01:36:56.212 [main] INFO  edu.bjut.boudia.myMain - meter_4759993047990968073:200,6422200,400
BruceChen 01:36:56.212 [main] INFO  edu.bjut.boudia.myMain - meter_9211448285819189417:regMsg,reg_backagg,reg_cc
BruceChen 01:36:56.212 [main] INFO  edu.bjut.boudia.myMain - meter_9211448285819189417:1300,6460500,400
BruceChen 01:36:56.212 [main] INFO  edu.bjut.boudia.myMain - meter_8223720135183620157:regMsg,reg_backagg,reg_cc
BruceChen 01:36:56.212 [main] INFO  edu.bjut.boudia.myMain - meter_8223720135183620157:300,6603900,400
BruceChen 01:36:56.212 [main] INFO  edu.bjut.boudia.myMain - meter_4696822059618151841:regMsg,reg_backagg,reg_cc
BruceChen 01:36:56.212 [main] INFO  edu.bjut.boudia.myMain - meter_4696822059618151841:300,6501200,300
BruceChen 01:36:56.212 [main] INFO  edu.bjut.boudia.myMain - meter_6402844048789755017:regMsg,reg_backagg,reg_cc
BruceChen 01:36:56.212 [main] INFO  edu.bjut.boudia.myMain - meter_6402844048789755017:300,6438600,400
BruceChen 01:36:56.212 [main] INFO  edu.bjut.boudia.myMain - meter_3655779892749225671:regMsg,reg_backagg,reg_cc
BruceChen 01:36:56.212 [main] INFO  edu.bjut.boudia.myMain - meter_3655779892749225671:200,6454500,300
BruceChen 01:36:56.212 [main] INFO  edu.bjut.boudia.myMain - meter_6955074422766922509:regMsg,reg_backagg,reg_cc
BruceChen 01:36:56.212 [main] INFO  edu.bjut.boudia.myMain - meter_6955074422766922509:200,6302000,300
BruceChen 01:36:56.212 [main] INFO  edu.bjut.boudia.myMain - meter_771635182655436507:regMsg,reg_backagg,reg_cc
BruceChen 01:36:56.212 [main] INFO  edu.bjut.boudia.myMain - meter_771635182655436507:200,6490000,300
BruceChen 01:36:56.212 [main] INFO  edu.bjut.boudia.myMain - meter_6738676949136579267:regMsg,reg_backagg,reg_cc
BruceChen 01:36:56.212 [main] INFO  edu.bjut.boudia.myMain - meter_6738676949136579267:200,6395100,300
BruceChen 01:36:56.212 [main] INFO  edu.bjut.boudia.myMain - meter_8580711620983301565:regMsg,reg_backagg,reg_cc
BruceChen 01:36:56.212 [main] INFO  edu.bjut.boudia.myMain - meter_8580711620983301565:200,6329700,300
BruceChen 01:36:56.212 [main] INFO  edu.bjut.boudia.myMain - meter_5468038302017199111:regMsg,reg_backagg,reg_cc
BruceChen 01:36:56.212 [main] INFO  edu.bjut.boudia.myMain - meter_5468038302017199111:200,6411500,200
BruceChen 01:36:56.212 [main] INFO  edu.bjut.boudia.myMain - meter_2101366629229442437:regMsg,reg_backagg,reg_cc
BruceChen 01:36:56.212 [main] INFO  edu.bjut.boudia.myMain - meter_2101366629229442437:200,6381800,200
BruceChen 01:36:56.212 [main] INFO  edu.bjut.boudia.myMain - meter_4097586903584446525:regMsg,reg_backagg,reg_cc
BruceChen 01:36:56.212 [main] INFO  edu.bjut.boudia.myMain - meter_4097586903584446525:300,6452800,200
BruceChen 01:36:56.212 [main] INFO  edu.bjut.boudia.myMain - meter_7678541628300902927:regMsg,reg_backagg,reg_cc
BruceChen 01:36:56.212 [main] INFO  edu.bjut.boudia.myMain - meter_7678541628300902927:300,6341800,300
BruceChen 01:36:56.212 [main] INFO  edu.bjut.boudia.myMain - meter_1267837172122559529:regMsg,reg_backagg,reg_cc
BruceChen 01:36:56.212 [main] INFO  edu.bjut.boudia.myMain - meter_1267837172122559529:200,6415500,200
BruceChen 01:36:56.212 [main] INFO  edu.bjut.boudia.myMain - meter_8335909300476218665:regMsg,reg_backagg,reg_cc
BruceChen 01:36:56.212 [main] INFO  edu.bjut.boudia.myMain - meter_8335909300476218665:200,6424500,300
BruceChen 01:36:56.212 [main] INFO  edu.bjut.boudia.myMain - meter_2563772644179104139:regMsg,reg_backagg,reg_cc
BruceChen 01:36:56.212 [main] INFO  edu.bjut.boudia.myMain - meter_2563772644179104139:300,6459000,300
BruceChen 01:36:56.212 [main] INFO  edu.bjut.boudia.myMain - meter_2225323372864298093:regMsg,reg_backagg,reg_cc
BruceChen 01:36:56.212 [main] INFO  edu.bjut.boudia.myMain - meter_2225323372864298093:300,6462700,200
BruceChen 01:36:56.212 [main] INFO  edu.bjut.boudia.myMain - meter_840328650803534101:regMsg,reg_backagg,reg_cc
BruceChen 01:36:56.212 [main] INFO  edu.bjut.boudia.myMain - meter_840328650803534101:300,6400900,400
BruceChen 01:36:56.212 [main] INFO  edu.bjut.boudia.myMain - meter_9179461679365656163:regMsg,reg_backagg,reg_cc
BruceChen 01:36:56.212 [main] INFO  edu.bjut.boudia.myMain - meter_9179461679365656163:300,6405300,300
BruceChen 01:36:56.212 [main] INFO  edu.bjut.boudia.myMain - meter_44763347347281201:regMsg,reg_backagg,reg_cc
BruceChen 01:36:56.212 [main] INFO  edu.bjut.boudia.myMain - meter_44763347347281201:200,6254200,300
BruceChen 01:36:56.212 [main] INFO  edu.bjut.boudia.myMain - meter_366850855697899451:regMsg,reg_backagg,reg_cc
BruceChen 01:36:56.212 [main] INFO  edu.bjut.boudia.myMain - meter_366850855697899451:200,6310700,400
BruceChen 01:36:56.212 [main] INFO  edu.bjut.boudia.myMain - meter_7370796859093341949:regMsg,reg_backagg,reg_cc
BruceChen 01:36:56.212 [main] INFO  edu.bjut.boudia.myMain - meter_7370796859093341949:200,6458500,200
BruceChen 01:36:56.212 [main] INFO  edu.bjut.boudia.myMain - meter_4570229066464626217:regMsg,reg_backagg,reg_cc
BruceChen 01:36:56.212 [main] INFO  edu.bjut.boudia.myMain - meter_4570229066464626217:200,6408800,300
BruceChen 01:36:56.212 [main] INFO  edu.bjut.boudia.myMain - meter_8414240196882726373:regMsg,reg_backagg,reg_cc
BruceChen 01:36:56.212 [main] INFO  edu.bjut.boudia.myMain - meter_8414240196882726373:200,6365100,300
BruceChen 01:36:56.212 [main] INFO  edu.bjut.boudia.myMain - meter_7395969222936617507:regMsg,reg_backagg,reg_cc
BruceChen 01:36:56.212 [main] INFO  edu.bjut.boudia.myMain - meter_7395969222936617507:200,6387800,300
BruceChen 01:36:56.212 [main] INFO  edu.bjut.boudia.myMain - meter_6036838045346916515:regMsg,reg_backagg,reg_cc
BruceChen 01:36:56.212 [main] INFO  edu.bjut.boudia.myMain - meter_6036838045346916515:200,6355600,200
BruceChen 01:36:56.212 [main] INFO  edu.bjut.boudia.myMain - meter_2039408840447943255:regMsg,reg_backagg,reg_cc
BruceChen 01:36:56.212 [main] INFO  edu.bjut.boudia.myMain - meter_2039408840447943255:200,6368900,300
BruceChen 01:36:56.212 [main] INFO  edu.bjut.boudia.myMain - meter_6246752511727835047:regMsg,reg_backagg,reg_cc
BruceChen 01:36:56.212 [main] INFO  edu.bjut.boudia.myMain - meter_6246752511727835047:200,6326400,200
BruceChen 01:36:56.212 [main] INFO  edu.bjut.boudia.myMain - meter_6572633129098597179:regMsg,reg_backagg,reg_cc
BruceChen 01:36:56.212 [main] INFO  edu.bjut.boudia.myMain - meter_6572633129098597179:200,6483000,300
BruceChen 01:36:57.003 [main] INFO  edu.bjut.boudia.myMain - oneTimeMeterRepTime
BruceChen 01:36:59.035 [main] INFO  edu.bjut.boudia.myMain - server:repMsg
BruceChen 01:36:59.035 [main] INFO  edu.bjut.boudia.myMain - server:31600600
BruceChen 01:36:59.035 [main] INFO  edu.bjut.boudia.myMain - agg:repMsg
BruceChen 01:36:59.035 [main] INFO  edu.bjut.boudia.myMain - agg:411953500
BruceChen 01:36:59.035 [main] INFO  edu.bjut.boudia.myMain - meter_5838608339059728095:repMsg
BruceChen 01:36:59.035 [main] INFO  edu.bjut.boudia.myMain - meter_5838608339059728095:35708400
BruceChen 01:36:59.035 [main] INFO  edu.bjut.boudia.myMain - meter_3863163633869198787:repMsg
BruceChen 01:36:59.035 [main] INFO  edu.bjut.boudia.myMain - meter_3863163633869198787:26775800
BruceChen 01:36:59.035 [main] INFO  edu.bjut.boudia.myMain - meter_256391064001635595:repMsg
BruceChen 01:36:59.035 [main] INFO  edu.bjut.boudia.myMain - meter_256391064001635595:26497300
BruceChen 01:36:59.035 [main] INFO  edu.bjut.boudia.myMain - meter_401709452978714123:repMsg
BruceChen 01:36:59.035 [main] INFO  edu.bjut.boudia.myMain - meter_401709452978714123:26472200
BruceChen 01:36:59.035 [main] INFO  edu.bjut.boudia.myMain - meter_5622101452223346101:repMsg
BruceChen 01:36:59.035 [main] INFO  edu.bjut.boudia.myMain - meter_5622101452223346101:26559400
BruceChen 01:36:59.035 [main] INFO  edu.bjut.boudia.myMain - meter_7023535467302216083:repMsg
BruceChen 01:36:59.035 [main] INFO  edu.bjut.boudia.myMain - meter_7023535467302216083:26624500
BruceChen 01:36:59.035 [main] INFO  edu.bjut.boudia.myMain - meter_3138862973573769517:repMsg
BruceChen 01:36:59.035 [main] INFO  edu.bjut.boudia.myMain - meter_3138862973573769517:26744700
BruceChen 01:36:59.035 [main] INFO  edu.bjut.boudia.myMain - meter_8177822965512222315:repMsg
BruceChen 01:36:59.035 [main] INFO  edu.bjut.boudia.myMain - meter_8177822965512222315:26408500
BruceChen 01:36:59.035 [main] INFO  edu.bjut.boudia.myMain - meter_3560108725801559853:repMsg
BruceChen 01:36:59.035 [main] INFO  edu.bjut.boudia.myMain - meter_3560108725801559853:27192100
BruceChen 01:36:59.035 [main] INFO  edu.bjut.boudia.myMain - meter_3169413345447384939:repMsg
BruceChen 01:36:59.035 [main] INFO  edu.bjut.boudia.myMain - meter_3169413345447384939:29688600
BruceChen 01:36:59.035 [main] INFO  edu.bjut.boudia.myMain - meter_6573188055696225935:repMsg
BruceChen 01:36:59.035 [main] INFO  edu.bjut.boudia.myMain - meter_6573188055696225935:26807700
BruceChen 01:36:59.035 [main] INFO  edu.bjut.boudia.myMain - meter_1046050199888154399:repMsg
BruceChen 01:36:59.035 [main] INFO  edu.bjut.boudia.myMain - meter_1046050199888154399:26754500
BruceChen 01:36:59.035 [main] INFO  edu.bjut.boudia.myMain - meter_5585050763395979691:repMsg
BruceChen 01:36:59.035 [main] INFO  edu.bjut.boudia.myMain - meter_5585050763395979691:26371000
BruceChen 01:36:59.035 [main] INFO  edu.bjut.boudia.myMain - meter_3063029463122422899:repMsg
BruceChen 01:36:59.035 [main] INFO  edu.bjut.boudia.myMain - meter_3063029463122422899:25958600
BruceChen 01:36:59.035 [main] INFO  edu.bjut.boudia.myMain - meter_2832341494280189577:repMsg
BruceChen 01:36:59.035 [main] INFO  edu.bjut.boudia.myMain - meter_2832341494280189577:25622400
BruceChen 01:36:59.035 [main] INFO  edu.bjut.boudia.myMain - meter_9070430082363299559:repMsg
BruceChen 01:36:59.035 [main] INFO  edu.bjut.boudia.myMain - meter_9070430082363299559:26107200
BruceChen 01:36:59.035 [main] INFO  edu.bjut.boudia.myMain - meter_4713407930287659635:repMsg
BruceChen 01:36:59.035 [main] INFO  edu.bjut.boudia.myMain - meter_4713407930287659635:25673700
BruceChen 01:36:59.035 [main] INFO  edu.bjut.boudia.myMain - meter_4874709895874310165:repMsg
BruceChen 01:36:59.035 [main] INFO  edu.bjut.boudia.myMain - meter_4874709895874310165:25830800
BruceChen 01:36:59.035 [main] INFO  edu.bjut.boudia.myMain - meter_3327947164647707517:repMsg
BruceChen 01:36:59.035 [main] INFO  edu.bjut.boudia.myMain - meter_3327947164647707517:25456800
BruceChen 01:36:59.035 [main] INFO  edu.bjut.boudia.myMain - meter_3654933085297954935:repMsg
BruceChen 01:36:59.035 [main] INFO  edu.bjut.boudia.myMain - meter_3654933085297954935:25625000
BruceChen 01:36:59.035 [main] INFO  edu.bjut.boudia.myMain - meter_1514664859241528987:repMsg
BruceChen 01:36:59.035 [main] INFO  edu.bjut.boudia.myMain - meter_1514664859241528987:25664200
BruceChen 01:36:59.035 [main] INFO  edu.bjut.boudia.myMain - meter_579313206804219475:repMsg
BruceChen 01:36:59.035 [main] INFO  edu.bjut.boudia.myMain - meter_579313206804219475:25748300
BruceChen 01:36:59.035 [main] INFO  edu.bjut.boudia.myMain - meter_552698350302978101:repMsg
BruceChen 01:36:59.035 [main] INFO  edu.bjut.boudia.myMain - meter_552698350302978101:25624600
BruceChen 01:36:59.035 [main] INFO  edu.bjut.boudia.myMain - meter_6041453963943424641:repMsg
BruceChen 01:36:59.035 [main] INFO  edu.bjut.boudia.myMain - meter_6041453963943424641:25956500
BruceChen 01:36:59.035 [main] INFO  edu.bjut.boudia.myMain - meter_7725249827645714785:repMsg
BruceChen 01:36:59.035 [main] INFO  edu.bjut.boudia.myMain - meter_7725249827645714785:25791400
BruceChen 01:36:59.035 [main] INFO  edu.bjut.boudia.myMain - meter_6280312879261841969:repMsg
BruceChen 01:36:59.035 [main] INFO  edu.bjut.boudia.myMain - meter_6280312879261841969:25955800
BruceChen 01:36:59.035 [main] INFO  edu.bjut.boudia.myMain - meter_3561991766522316529:repMsg
BruceChen 01:36:59.035 [main] INFO  edu.bjut.boudia.myMain - meter_3561991766522316529:25831400
BruceChen 01:36:59.035 [main] INFO  edu.bjut.boudia.myMain - meter_7996777399966879859:repMsg
BruceChen 01:36:59.035 [main] INFO  edu.bjut.boudia.myMain - meter_7996777399966879859:25754500
BruceChen 01:36:59.035 [main] INFO  edu.bjut.boudia.myMain - meter_4305277591070457065:repMsg
BruceChen 01:36:59.035 [main] INFO  edu.bjut.boudia.myMain - meter_4305277591070457065:25662700
BruceChen 01:36:59.035 [main] INFO  edu.bjut.boudia.myMain - meter_8812392123509883599:repMsg
BruceChen 01:36:59.035 [main] INFO  edu.bjut.boudia.myMain - meter_8812392123509883599:26047200
BruceChen 01:36:59.035 [main] INFO  edu.bjut.boudia.myMain - meter_4759993047990968073:repMsg
BruceChen 01:36:59.035 [main] INFO  edu.bjut.boudia.myMain - meter_4759993047990968073:25863300
BruceChen 01:36:59.035 [main] INFO  edu.bjut.boudia.myMain - meter_9211448285819189417:repMsg
BruceChen 01:36:59.035 [main] INFO  edu.bjut.boudia.myMain - meter_9211448285819189417:26020200
BruceChen 01:36:59.035 [main] INFO  edu.bjut.boudia.myMain - meter_8223720135183620157:repMsg
BruceChen 01:36:59.035 [main] INFO  edu.bjut.boudia.myMain - meter_8223720135183620157:25848500
BruceChen 01:36:59.035 [main] INFO  edu.bjut.boudia.myMain - meter_4696822059618151841:repMsg
BruceChen 01:36:59.035 [main] INFO  edu.bjut.boudia.myMain - meter_4696822059618151841:25679400
BruceChen 01:36:59.035 [main] INFO  edu.bjut.boudia.myMain - meter_6402844048789755017:repMsg
BruceChen 01:36:59.035 [main] INFO  edu.bjut.boudia.myMain - meter_6402844048789755017:25750400
BruceChen 01:36:59.035 [main] INFO  edu.bjut.boudia.myMain - meter_3655779892749225671:repMsg
BruceChen 01:36:59.035 [main] INFO  edu.bjut.boudia.myMain - meter_3655779892749225671:25868500
BruceChen 01:36:59.035 [main] INFO  edu.bjut.boudia.myMain - meter_6955074422766922509:repMsg
BruceChen 01:36:59.035 [main] INFO  edu.bjut.boudia.myMain - meter_6955074422766922509:29516800
BruceChen 01:36:59.035 [main] INFO  edu.bjut.boudia.myMain - meter_771635182655436507:repMsg
BruceChen 01:36:59.035 [main] INFO  edu.bjut.boudia.myMain - meter_771635182655436507:26125600
BruceChen 01:36:59.035 [main] INFO  edu.bjut.boudia.myMain - meter_6738676949136579267:repMsg
BruceChen 01:36:59.035 [main] INFO  edu.bjut.boudia.myMain - meter_6738676949136579267:25597400
BruceChen 01:36:59.035 [main] INFO  edu.bjut.boudia.myMain - meter_8580711620983301565:repMsg
BruceChen 01:36:59.035 [main] INFO  edu.bjut.boudia.myMain - meter_8580711620983301565:26026000
BruceChen 01:36:59.035 [main] INFO  edu.bjut.boudia.myMain - meter_5468038302017199111:repMsg
BruceChen 01:36:59.035 [main] INFO  edu.bjut.boudia.myMain - meter_5468038302017199111:26062300
BruceChen 01:36:59.035 [main] INFO  edu.bjut.boudia.myMain - meter_2101366629229442437:repMsg
BruceChen 01:36:59.035 [main] INFO  edu.bjut.boudia.myMain - meter_2101366629229442437:26767100
BruceChen 01:36:59.035 [main] INFO  edu.bjut.boudia.myMain - meter_4097586903584446525:repMsg
BruceChen 01:36:59.035 [main] INFO  edu.bjut.boudia.myMain - meter_4097586903584446525:26832100
BruceChen 01:36:59.035 [main] INFO  edu.bjut.boudia.myMain - meter_7678541628300902927:repMsg
BruceChen 01:36:59.035 [main] INFO  edu.bjut.boudia.myMain - meter_7678541628300902927:26064100
BruceChen 01:36:59.035 [main] INFO  edu.bjut.boudia.myMain - meter_1267837172122559529:repMsg
BruceChen 01:36:59.035 [main] INFO  edu.bjut.boudia.myMain - meter_1267837172122559529:25551700
BruceChen 01:36:59.035 [main] INFO  edu.bjut.boudia.myMain - meter_8335909300476218665:repMsg
BruceChen 01:36:59.035 [main] INFO  edu.bjut.boudia.myMain - meter_8335909300476218665:25843400
BruceChen 01:36:59.035 [main] INFO  edu.bjut.boudia.myMain - meter_2563772644179104139:repMsg
BruceChen 01:36:59.035 [main] INFO  edu.bjut.boudia.myMain - meter_2563772644179104139:26043800
BruceChen 01:36:59.035 [main] INFO  edu.bjut.boudia.myMain - meter_2225323372864298093:repMsg
BruceChen 01:36:59.035 [main] INFO  edu.bjut.boudia.myMain - meter_2225323372864298093:26692800
BruceChen 01:36:59.035 [main] INFO  edu.bjut.boudia.myMain - meter_840328650803534101:repMsg
BruceChen 01:36:59.035 [main] INFO  edu.bjut.boudia.myMain - meter_840328650803534101:25906400
BruceChen 01:36:59.035 [main] INFO  edu.bjut.boudia.myMain - meter_9179461679365656163:repMsg
BruceChen 01:36:59.035 [main] INFO  edu.bjut.boudia.myMain - meter_9179461679365656163:25665200
BruceChen 01:36:59.035 [main] INFO  edu.bjut.boudia.myMain - meter_44763347347281201:repMsg
BruceChen 01:36:59.035 [main] INFO  edu.bjut.boudia.myMain - meter_44763347347281201:25813300
BruceChen 01:36:59.035 [main] INFO  edu.bjut.boudia.myMain - meter_366850855697899451:repMsg
BruceChen 01:36:59.035 [main] INFO  edu.bjut.boudia.myMain - meter_366850855697899451:25723100
BruceChen 01:36:59.035 [main] INFO  edu.bjut.boudia.myMain - meter_7370796859093341949:repMsg
BruceChen 01:36:59.035 [main] INFO  edu.bjut.boudia.myMain - meter_7370796859093341949:25563700
BruceChen 01:36:59.035 [main] INFO  edu.bjut.boudia.myMain - meter_4570229066464626217:repMsg
BruceChen 01:36:59.035 [main] INFO  edu.bjut.boudia.myMain - meter_4570229066464626217:25588900
BruceChen 01:36:59.035 [main] INFO  edu.bjut.boudia.myMain - meter_8414240196882726373:repMsg
BruceChen 01:36:59.035 [main] INFO  edu.bjut.boudia.myMain - meter_8414240196882726373:25729500
BruceChen 01:36:59.035 [main] INFO  edu.bjut.boudia.myMain - meter_7395969222936617507:repMsg
BruceChen 01:36:59.035 [main] INFO  edu.bjut.boudia.myMain - meter_7395969222936617507:25702300
BruceChen 01:36:59.035 [main] INFO  edu.bjut.boudia.myMain - meter_6036838045346916515:repMsg
BruceChen 01:36:59.035 [main] INFO  edu.bjut.boudia.myMain - meter_6036838045346916515:25722700
BruceChen 01:36:59.035 [main] INFO  edu.bjut.boudia.myMain - meter_2039408840447943255:repMsg
BruceChen 01:36:59.035 [main] INFO  edu.bjut.boudia.myMain - meter_2039408840447943255:25535600
BruceChen 01:36:59.035 [main] INFO  edu.bjut.boudia.myMain - meter_6246752511727835047:repMsg
BruceChen 01:36:59.035 [main] INFO  edu.bjut.boudia.myMain - meter_6246752511727835047:26125600
BruceChen 01:36:59.035 [main] INFO  edu.bjut.boudia.myMain - meter_6572633129098597179:repMsg
BruceChen 01:36:59.035 [main] INFO  edu.bjut.boudia.myMain - meter_6572633129098597179:25865600
BruceChen 01:37:02.583 [main] INFO  edu.bjut.boudia.myMain - oneTimeMeterRegTime
BruceChen 01:37:03.227 [main] INFO  edu.bjut.boudia.myMain - server:pubkey
BruceChen 01:37:03.227 [main] INFO  edu.bjut.boudia.myMain - server:800
BruceChen 01:37:03.227 [main] INFO  edu.bjut.boudia.myMain - agg:regMsg,regMsg,regMsg,regMsg,regMsg,regMsg,regMsg,regMsg,regMsg,regMsg,regMsg,regMsg,regMsg,regMsg,regMsg,regMsg,regMsg,regMsg,regMsg,regMsg,regMsg,regMsg,regMsg,regMsg,regMsg,regMsg,regMsg,regMsg,regMsg,regMsg,regMsg,regMsg,regMsg,regMsg,regMsg,regMsg,regMsg,regMsg,regMsg,regMsg,regMsg,regMsg,regMsg,regMsg,regMsg,regMsg,regMsg,regMsg,regMsg,regMsg
BruceChen 01:37:03.227 [main] INFO  edu.bjut.boudia.myMain - agg:6668500,6634900,6595900,6617800,6643800,6601800,6500600,6454700,6449500,6452000,6409500,6400100,6398600,6407900,6417700,6423000,6429200,6432400,6442000,6434800,6560800,6803500,6600700,6447700,6405300,6386700,6728700,6427400,6456600,6429100,9255800,6528000,6429700,6446200,6620100,6467100,6412200,6409000,6447000,6453800,6451500,6429300,6424000,6419900,6440700,6494400,6422500,6430300,6413100,6432200
BruceChen 01:37:03.227 [main] INFO  edu.bjut.boudia.myMain - meter_8961013466301365399:regMsg,reg_backagg,reg_cc
BruceChen 01:37:03.227 [main] INFO  edu.bjut.boudia.myMain - meter_8961013466301365399:500,6516900,500
BruceChen 01:37:03.227 [main] INFO  edu.bjut.boudia.myMain - meter_2423599341329480109:regMsg,reg_backagg,reg_cc
BruceChen 01:37:03.227 [main] INFO  edu.bjut.boudia.myMain - meter_2423599341329480109:800,6566800,400
BruceChen 01:37:03.227 [main] INFO  edu.bjut.boudia.myMain - meter_5400387086780937313:regMsg,reg_backagg,reg_cc
BruceChen 01:37:03.227 [main] INFO  edu.bjut.boudia.myMain - meter_5400387086780937313:500,6439400,400
BruceChen 01:37:03.227 [main] INFO  edu.bjut.boudia.myMain - meter_3461255786537136277:regMsg,reg_backagg,reg_cc
BruceChen 01:37:03.227 [main] INFO  edu.bjut.boudia.myMain - meter_3461255786537136277:600,6587700,400
BruceChen 01:37:03.227 [main] INFO  edu.bjut.boudia.myMain - meter_9016149538663327953:regMsg,reg_backagg,reg_cc
BruceChen 01:37:03.227 [main] INFO  edu.bjut.boudia.myMain - meter_9016149538663327953:500,6509100,300
BruceChen 01:37:03.227 [main] INFO  edu.bjut.boudia.myMain - meter_4357778254411205767:regMsg,reg_backagg,reg_cc
BruceChen 01:37:03.227 [main] INFO  edu.bjut.boudia.myMain - meter_4357778254411205767:500,6560500,400
BruceChen 01:37:03.227 [main] INFO  edu.bjut.boudia.myMain - meter_7347458871315380229:regMsg,reg_backagg,reg_cc
BruceChen 01:37:03.227 [main] INFO  edu.bjut.boudia.myMain - meter_7347458871315380229:2800,6389000,200
BruceChen 01:37:03.227 [main] INFO  edu.bjut.boudia.myMain - meter_5640702249249058177:regMsg,reg_backagg,reg_cc
BruceChen 01:37:03.227 [main] INFO  edu.bjut.boudia.myMain - meter_5640702249249058177:400,6367500,5400
BruceChen 01:37:03.227 [main] INFO  edu.bjut.boudia.myMain - meter_5620850289983038281:regMsg,reg_backagg,reg_cc
BruceChen 01:37:03.227 [main] INFO  edu.bjut.boudia.myMain - meter_5620850289983038281:500,6401700,500
BruceChen 01:37:03.227 [main] INFO  edu.bjut.boudia.myMain - meter_1000206609710783833:regMsg,reg_backagg,reg_cc
BruceChen 01:37:03.227 [main] INFO  edu.bjut.boudia.myMain - meter_1000206609710783833:400,6389600,300
BruceChen 01:37:03.227 [main] INFO  edu.bjut.boudia.myMain - meter_2070343661929023539:regMsg,reg_backagg,reg_cc
BruceChen 01:37:03.227 [main] INFO  edu.bjut.boudia.myMain - meter_2070343661929023539:300,6388800,200
BruceChen 01:37:03.227 [main] INFO  edu.bjut.boudia.myMain - meter_4464253054138665355:regMsg,reg_backagg,reg_cc
BruceChen 01:37:03.227 [main] INFO  edu.bjut.boudia.myMain - meter_4464253054138665355:400,6430400,200
BruceChen 01:37:03.227 [main] INFO  edu.bjut.boudia.myMain - meter_8048950670646962013:regMsg,reg_backagg,reg_cc
BruceChen 01:37:03.227 [main] INFO  edu.bjut.boudia.myMain - meter_8048950670646962013:300,6287900,200
BruceChen 01:37:03.227 [main] INFO  edu.bjut.boudia.myMain - meter_4158644568040927785:regMsg,reg_backagg,reg_cc
BruceChen 01:37:03.227 [main] INFO  edu.bjut.boudia.myMain - meter_4158644568040927785:300,6300700,100
BruceChen 01:37:03.227 [main] INFO  edu.bjut.boudia.myMain - meter_3890208556162456151:regMsg,reg_backagg,reg_cc
BruceChen 01:37:03.227 [main] INFO  edu.bjut.boudia.myMain - meter_3890208556162456151:300,6446700,200
BruceChen 01:37:03.227 [main] INFO  edu.bjut.boudia.myMain - meter_6063407664109555625:regMsg,reg_backagg,reg_cc
BruceChen 01:37:03.227 [main] INFO  edu.bjut.boudia.myMain - meter_6063407664109555625:400,6376200,200
BruceChen 01:37:03.227 [main] INFO  edu.bjut.boudia.myMain - meter_1079338889417408365:regMsg,reg_backagg,reg_cc
BruceChen 01:37:03.227 [main] INFO  edu.bjut.boudia.myMain - meter_1079338889417408365:500,6338200,200
BruceChen 01:37:03.227 [main] INFO  edu.bjut.boudia.myMain - meter_3401488026474546885:regMsg,reg_backagg,reg_cc
BruceChen 01:37:03.227 [main] INFO  edu.bjut.boudia.myMain - meter_3401488026474546885:400,6358900,500
BruceChen 01:37:03.227 [main] INFO  edu.bjut.boudia.myMain - meter_7823557411482349903:regMsg,reg_backagg,reg_cc
BruceChen 01:37:03.227 [main] INFO  edu.bjut.boudia.myMain - meter_7823557411482349903:600,6471000,300
BruceChen 01:37:03.227 [main] INFO  edu.bjut.boudia.myMain - meter_4191139784943520131:regMsg,reg_backagg,reg_cc
BruceChen 01:37:03.227 [main] INFO  edu.bjut.boudia.myMain - meter_4191139784943520131:500,6419000,300
BruceChen 01:37:03.227 [main] INFO  edu.bjut.boudia.myMain - meter_5423573478467687757:regMsg,reg_backagg,reg_cc
BruceChen 01:37:03.227 [main] INFO  edu.bjut.boudia.myMain - meter_5423573478467687757:300,6452000,300
BruceChen 01:37:03.227 [main] INFO  edu.bjut.boudia.myMain - meter_7906770348655611099:regMsg,reg_backagg,reg_cc
BruceChen 01:37:03.227 [main] INFO  edu.bjut.boudia.myMain - meter_7906770348655611099:300,6536200,200
BruceChen 01:37:03.227 [main] INFO  edu.bjut.boudia.myMain - meter_2257146970083449165:regMsg,reg_backagg,reg_cc
BruceChen 01:37:03.227 [main] INFO  edu.bjut.boudia.myMain - meter_2257146970083449165:300,6517800,100
BruceChen 01:37:03.227 [main] INFO  edu.bjut.boudia.myMain - meter_5759591344110444035:regMsg,reg_backagg,reg_cc
BruceChen 01:37:03.227 [main] INFO  edu.bjut.boudia.myMain - meter_5759591344110444035:300,6413200,200
BruceChen 01:37:03.227 [main] INFO  edu.bjut.boudia.myMain - meter_8313084377261455381:regMsg,reg_backagg,reg_cc
BruceChen 01:37:03.227 [main] INFO  edu.bjut.boudia.myMain - meter_8313084377261455381:300,6414000,200
BruceChen 01:37:03.227 [main] INFO  edu.bjut.boudia.myMain - meter_7475036883924660665:regMsg,reg_backagg,reg_cc
BruceChen 01:37:03.227 [main] INFO  edu.bjut.boudia.myMain - meter_7475036883924660665:300,6375600,100
BruceChen 01:37:03.227 [main] INFO  edu.bjut.boudia.myMain - meter_5401471580827431249:regMsg,reg_backagg,reg_cc
BruceChen 01:37:03.227 [main] INFO  edu.bjut.boudia.myMain - meter_5401471580827431249:400,6247500,300
BruceChen 01:37:03.227 [main] INFO  edu.bjut.boudia.myMain - meter_1668625285950461929:regMsg,reg_backagg,reg_cc
BruceChen 01:37:03.227 [main] INFO  edu.bjut.boudia.myMain - meter_1668625285950461929:800,6404300,200
BruceChen 01:37:03.227 [main] INFO  edu.bjut.boudia.myMain - meter_7084948206757625401:regMsg,reg_backagg,reg_cc
BruceChen 01:37:03.227 [main] INFO  edu.bjut.boudia.myMain - meter_7084948206757625401:400,6396900,200
BruceChen 01:37:03.227 [main] INFO  edu.bjut.boudia.myMain - meter_5509547684510868097:regMsg,reg_backagg,reg_cc
BruceChen 01:37:03.227 [main] INFO  edu.bjut.boudia.myMain - meter_5509547684510868097:400,6357800,100
BruceChen 01:37:03.227 [main] INFO  edu.bjut.boudia.myMain - meter_6479234340462621027:regMsg,reg_backagg,reg_cc
BruceChen 01:37:03.227 [main] INFO  edu.bjut.boudia.myMain - meter_6479234340462621027:400,6610300,400
BruceChen 01:37:03.227 [main] INFO  edu.bjut.boudia.myMain - meter_4334734203202409413:regMsg,reg_backagg,reg_cc
BruceChen 01:37:03.227 [main] INFO  edu.bjut.boudia.myMain - meter_4334734203202409413:1000,6469900,200
BruceChen 01:37:03.227 [main] INFO  edu.bjut.boudia.myMain - meter_7521228740198365667:regMsg,reg_backagg,reg_cc
BruceChen 01:37:03.227 [main] INFO  edu.bjut.boudia.myMain - meter_7521228740198365667:600,6534500,100
BruceChen 01:37:03.227 [main] INFO  edu.bjut.boudia.myMain - meter_8319173476854015577:regMsg,reg_backagg,reg_cc
BruceChen 01:37:03.227 [main] INFO  edu.bjut.boudia.myMain - meter_8319173476854015577:400,6376200,100
BruceChen 01:37:03.227 [main] INFO  edu.bjut.boudia.myMain - meter_3130772258747465879:regMsg,reg_backagg,reg_cc
BruceChen 01:37:03.227 [main] INFO  edu.bjut.boudia.myMain - meter_3130772258747465879:300,6297000,400
BruceChen 01:37:03.227 [main] INFO  edu.bjut.boudia.myMain - meter_2534634818089595837:regMsg,reg_backagg,reg_cc
BruceChen 01:37:03.227 [main] INFO  edu.bjut.boudia.myMain - meter_2534634818089595837:700,6392400,300
BruceChen 01:37:03.227 [main] INFO  edu.bjut.boudia.myMain - meter_8542246434868362599:regMsg,reg_backagg,reg_cc
BruceChen 01:37:03.227 [main] INFO  edu.bjut.boudia.myMain - meter_8542246434868362599:400,6425000,300
BruceChen 01:37:03.227 [main] INFO  edu.bjut.boudia.myMain - meter_9218616569603542383:regMsg,reg_backagg,reg_cc
BruceChen 01:37:03.227 [main] INFO  edu.bjut.boudia.myMain - meter_9218616569603542383:300,6413200,200
BruceChen 01:37:03.227 [main] INFO  edu.bjut.boudia.myMain - meter_1764997750819821:regMsg,reg_backagg,reg_cc
BruceChen 01:37:03.227 [main] INFO  edu.bjut.boudia.myMain - meter_1764997750819821:200,6401200,300
BruceChen 01:37:03.227 [main] INFO  edu.bjut.boudia.myMain - meter_6465885017375876377:regMsg,reg_backagg,reg_cc
BruceChen 01:37:03.227 [main] INFO  edu.bjut.boudia.myMain - meter_6465885017375876377:500,6400700,300
BruceChen 01:37:03.227 [main] INFO  edu.bjut.boudia.myMain - meter_1141712171814099317:regMsg,reg_backagg,reg_cc
BruceChen 01:37:03.227 [main] INFO  edu.bjut.boudia.myMain - meter_1141712171814099317:700,6459400,300
BruceChen 01:37:03.227 [main] INFO  edu.bjut.boudia.myMain - meter_1617914312969323113:regMsg,reg_backagg,reg_cc
BruceChen 01:37:03.227 [main] INFO  edu.bjut.boudia.myMain - meter_1617914312969323113:700,6452500,300
BruceChen 01:37:03.227 [main] INFO  edu.bjut.boudia.myMain - meter_4015615264546183793:regMsg,reg_backagg,reg_cc
BruceChen 01:37:03.227 [main] INFO  edu.bjut.boudia.myMain - meter_4015615264546183793:400,6431600,200
BruceChen 01:37:03.227 [main] INFO  edu.bjut.boudia.myMain - meter_7463796055974595607:regMsg,reg_backagg,reg_cc
BruceChen 01:37:03.227 [main] INFO  edu.bjut.boudia.myMain - meter_7463796055974595607:500,6433500,200
BruceChen 01:37:03.227 [main] INFO  edu.bjut.boudia.myMain - meter_5868563187120010491:regMsg,reg_backagg,reg_cc
BruceChen 01:37:03.227 [main] INFO  edu.bjut.boudia.myMain - meter_5868563187120010491:200,6387600,200
BruceChen 01:37:03.227 [main] INFO  edu.bjut.boudia.myMain - meter_6384158369731931891:regMsg,reg_backagg,reg_cc
BruceChen 01:37:03.227 [main] INFO  edu.bjut.boudia.myMain - meter_6384158369731931891:400,6471200,200
BruceChen 01:37:03.227 [main] INFO  edu.bjut.boudia.myMain - meter_4607652778380283887:regMsg,reg_backagg,reg_cc
BruceChen 01:37:03.227 [main] INFO  edu.bjut.boudia.myMain - meter_4607652778380283887:300,6388700,300
BruceChen 01:37:03.227 [main] INFO  edu.bjut.boudia.myMain - meter_213600728406857249:regMsg,reg_backagg,reg_cc
BruceChen 01:37:03.227 [main] INFO  edu.bjut.boudia.myMain - meter_213600728406857249:300,6437600,200
BruceChen 01:37:03.227 [main] INFO  edu.bjut.boudia.myMain - meter_110635678502532033:regMsg,reg_backagg,reg_cc
BruceChen 01:37:03.227 [main] INFO  edu.bjut.boudia.myMain - meter_110635678502532033:300,6351600,100
BruceChen 01:37:03.227 [main] INFO  edu.bjut.boudia.myMain - meter_3846635672612441705:regMsg,reg_backagg,reg_cc
BruceChen 01:37:03.227 [main] INFO  edu.bjut.boudia.myMain - meter_3846635672612441705:300,6370200,200
BruceChen 01:37:03.888 [main] INFO  edu.bjut.boudia.myMain - oneTimeMeterRepTime
BruceChen 01:37:05.581 [main] INFO  edu.bjut.boudia.myMain - server:repMsg
BruceChen 01:37:05.581 [main] INFO  edu.bjut.boudia.myMain - server:32171300
BruceChen 01:37:05.581 [main] INFO  edu.bjut.boudia.myMain - agg:repMsg
BruceChen 01:37:05.581 [main] INFO  edu.bjut.boudia.myMain - agg:349907400
BruceChen 01:37:05.581 [main] INFO  edu.bjut.boudia.myMain - meter_8961013466301365399:repMsg
BruceChen 01:37:05.581 [main] INFO  edu.bjut.boudia.myMain - meter_8961013466301365399:25928100
BruceChen 01:37:05.581 [main] INFO  edu.bjut.boudia.myMain - meter_2423599341329480109:repMsg
BruceChen 01:37:05.581 [main] INFO  edu.bjut.boudia.myMain - meter_2423599341329480109:25772700
BruceChen 01:37:05.581 [main] INFO  edu.bjut.boudia.myMain - meter_5400387086780937313:repMsg
BruceChen 01:37:05.581 [main] INFO  edu.bjut.boudia.myMain - meter_5400387086780937313:25624200
BruceChen 01:37:05.581 [main] INFO  edu.bjut.boudia.myMain - meter_3461255786537136277:repMsg
BruceChen 01:37:05.581 [main] INFO  edu.bjut.boudia.myMain - meter_3461255786537136277:25715600
BruceChen 01:37:05.581 [main] INFO  edu.bjut.boudia.myMain - meter_9016149538663327953:repMsg
BruceChen 01:37:05.581 [main] INFO  edu.bjut.boudia.myMain - meter_9016149538663327953:25928700
BruceChen 01:37:05.581 [main] INFO  edu.bjut.boudia.myMain - meter_4357778254411205767:repMsg
BruceChen 01:37:05.581 [main] INFO  edu.bjut.boudia.myMain - meter_4357778254411205767:25768400
BruceChen 01:37:05.581 [main] INFO  edu.bjut.boudia.myMain - meter_7347458871315380229:repMsg
BruceChen 01:37:05.581 [main] INFO  edu.bjut.boudia.myMain - meter_7347458871315380229:25681600
BruceChen 01:37:05.581 [main] INFO  edu.bjut.boudia.myMain - meter_5640702249249058177:repMsg
BruceChen 01:37:05.581 [main] INFO  edu.bjut.boudia.myMain - meter_5640702249249058177:25833500
BruceChen 01:37:05.581 [main] INFO  edu.bjut.boudia.myMain - meter_5620850289983038281:repMsg
BruceChen 01:37:05.581 [main] INFO  edu.bjut.boudia.myMain - meter_5620850289983038281:26450400
BruceChen 01:37:05.581 [main] INFO  edu.bjut.boudia.myMain - meter_1000206609710783833:repMsg
BruceChen 01:37:05.581 [main] INFO  edu.bjut.boudia.myMain - meter_1000206609710783833:25961300
BruceChen 01:37:05.581 [main] INFO  edu.bjut.boudia.myMain - meter_2070343661929023539:repMsg
BruceChen 01:37:05.581 [main] INFO  edu.bjut.boudia.myMain - meter_2070343661929023539:26177500
BruceChen 01:37:05.581 [main] INFO  edu.bjut.boudia.myMain - meter_4464253054138665355:repMsg
BruceChen 01:37:05.581 [main] INFO  edu.bjut.boudia.myMain - meter_4464253054138665355:25866600
BruceChen 01:37:05.581 [main] INFO  edu.bjut.boudia.myMain - meter_8048950670646962013:repMsg
BruceChen 01:37:05.581 [main] INFO  edu.bjut.boudia.myMain - meter_8048950670646962013:25949100
BruceChen 01:37:05.581 [main] INFO  edu.bjut.boudia.myMain - meter_4158644568040927785:repMsg
BruceChen 01:37:05.581 [main] INFO  edu.bjut.boudia.myMain - meter_4158644568040927785:25695100
BruceChen 01:37:05.581 [main] INFO  edu.bjut.boudia.myMain - meter_3890208556162456151:repMsg
BruceChen 01:37:05.581 [main] INFO  edu.bjut.boudia.myMain - meter_3890208556162456151:25578400
BruceChen 01:37:05.581 [main] INFO  edu.bjut.boudia.myMain - meter_6063407664109555625:repMsg
BruceChen 01:37:05.581 [main] INFO  edu.bjut.boudia.myMain - meter_6063407664109555625:25961700
BruceChen 01:37:05.581 [main] INFO  edu.bjut.boudia.myMain - meter_1079338889417408365:repMsg
BruceChen 01:37:05.581 [main] INFO  edu.bjut.boudia.myMain - meter_1079338889417408365:25727200
BruceChen 01:37:05.581 [main] INFO  edu.bjut.boudia.myMain - meter_3401488026474546885:repMsg
BruceChen 01:37:05.581 [main] INFO  edu.bjut.boudia.myMain - meter_3401488026474546885:25848300
BruceChen 01:37:05.581 [main] INFO  edu.bjut.boudia.myMain - meter_7823557411482349903:repMsg
BruceChen 01:37:05.581 [main] INFO  edu.bjut.boudia.myMain - meter_7823557411482349903:28572800
BruceChen 01:37:05.581 [main] INFO  edu.bjut.boudia.myMain - meter_4191139784943520131:repMsg
BruceChen 01:37:05.581 [main] INFO  edu.bjut.boudia.myMain - meter_4191139784943520131:26298800
BruceChen 01:37:05.581 [main] INFO  edu.bjut.boudia.myMain - meter_5423573478467687757:repMsg
BruceChen 01:37:05.581 [main] INFO  edu.bjut.boudia.myMain - meter_5423573478467687757:26149400
BruceChen 01:37:05.581 [main] INFO  edu.bjut.boudia.myMain - meter_7906770348655611099:repMsg
BruceChen 01:37:05.581 [main] INFO  edu.bjut.boudia.myMain - meter_7906770348655611099:25757200
BruceChen 01:37:05.581 [main] INFO  edu.bjut.boudia.myMain - meter_2257146970083449165:repMsg
BruceChen 01:37:05.581 [main] INFO  edu.bjut.boudia.myMain - meter_2257146970083449165:25841800
BruceChen 01:37:05.581 [main] INFO  edu.bjut.boudia.myMain - meter_5759591344110444035:repMsg
BruceChen 01:37:05.581 [main] INFO  edu.bjut.boudia.myMain - meter_5759591344110444035:26416100
BruceChen 01:37:05.581 [main] INFO  edu.bjut.boudia.myMain - meter_8313084377261455381:repMsg
BruceChen 01:37:05.581 [main] INFO  edu.bjut.boudia.myMain - meter_8313084377261455381:26208200
BruceChen 01:37:05.581 [main] INFO  edu.bjut.boudia.myMain - meter_7475036883924660665:repMsg
BruceChen 01:37:05.581 [main] INFO  edu.bjut.boudia.myMain - meter_7475036883924660665:26438100
BruceChen 01:37:05.581 [main] INFO  edu.bjut.boudia.myMain - meter_5401471580827431249:repMsg
BruceChen 01:37:05.581 [main] INFO  edu.bjut.boudia.myMain - meter_5401471580827431249:26641900
BruceChen 01:37:05.581 [main] INFO  edu.bjut.boudia.myMain - meter_1668625285950461929:repMsg
BruceChen 01:37:05.581 [main] INFO  edu.bjut.boudia.myMain - meter_1668625285950461929:26496200
BruceChen 01:37:05.581 [main] INFO  edu.bjut.boudia.myMain - meter_7084948206757625401:repMsg
BruceChen 01:37:05.581 [main] INFO  edu.bjut.boudia.myMain - meter_7084948206757625401:26579400
BruceChen 01:37:05.581 [main] INFO  edu.bjut.boudia.myMain - meter_5509547684510868097:repMsg
BruceChen 01:37:05.581 [main] INFO  edu.bjut.boudia.myMain - meter_5509547684510868097:26459400
BruceChen 01:37:05.581 [main] INFO  edu.bjut.boudia.myMain - meter_6479234340462621027:repMsg
BruceChen 01:37:05.581 [main] INFO  edu.bjut.boudia.myMain - meter_6479234340462621027:26315300
BruceChen 01:37:05.581 [main] INFO  edu.bjut.boudia.myMain - meter_4334734203202409413:repMsg
BruceChen 01:37:05.581 [main] INFO  edu.bjut.boudia.myMain - meter_4334734203202409413:26051300
BruceChen 01:37:05.581 [main] INFO  edu.bjut.boudia.myMain - meter_7521228740198365667:repMsg
BruceChen 01:37:05.581 [main] INFO  edu.bjut.boudia.myMain - meter_7521228740198365667:25918500
BruceChen 01:37:05.581 [main] INFO  edu.bjut.boudia.myMain - meter_8319173476854015577:repMsg
BruceChen 01:37:05.581 [main] INFO  edu.bjut.boudia.myMain - meter_8319173476854015577:25641800
BruceChen 01:37:05.581 [main] INFO  edu.bjut.boudia.myMain - meter_3130772258747465879:repMsg
BruceChen 01:37:05.581 [main] INFO  edu.bjut.boudia.myMain - meter_3130772258747465879:25606000
BruceChen 01:37:05.581 [main] INFO  edu.bjut.boudia.myMain - meter_2534634818089595837:repMsg
BruceChen 01:37:05.581 [main] INFO  edu.bjut.boudia.myMain - meter_2534634818089595837:26720800
BruceChen 01:37:05.581 [main] INFO  edu.bjut.boudia.myMain - meter_8542246434868362599:repMsg
BruceChen 01:37:05.581 [main] INFO  edu.bjut.boudia.myMain - meter_8542246434868362599:25843500
BruceChen 01:37:05.581 [main] INFO  edu.bjut.boudia.myMain - meter_9218616569603542383:repMsg
BruceChen 01:37:05.581 [main] INFO  edu.bjut.boudia.myMain - meter_9218616569603542383:25776700
BruceChen 01:37:05.581 [main] INFO  edu.bjut.boudia.myMain - meter_1764997750819821:repMsg
BruceChen 01:37:05.581 [main] INFO  edu.bjut.boudia.myMain - meter_1764997750819821:25763400
BruceChen 01:37:05.581 [main] INFO  edu.bjut.boudia.myMain - meter_6465885017375876377:repMsg
BruceChen 01:37:05.581 [main] INFO  edu.bjut.boudia.myMain - meter_6465885017375876377:25770300
BruceChen 01:37:05.581 [main] INFO  edu.bjut.boudia.myMain - meter_1141712171814099317:repMsg
BruceChen 01:37:05.581 [main] INFO  edu.bjut.boudia.myMain - meter_1141712171814099317:26465800
BruceChen 01:37:05.581 [main] INFO  edu.bjut.boudia.myMain - meter_1617914312969323113:repMsg
BruceChen 01:37:05.581 [main] INFO  edu.bjut.boudia.myMain - meter_1617914312969323113:25757800
BruceChen 01:37:05.581 [main] INFO  edu.bjut.boudia.myMain - meter_4015615264546183793:repMsg
BruceChen 01:37:05.581 [main] INFO  edu.bjut.boudia.myMain - meter_4015615264546183793:26062200
BruceChen 01:37:05.581 [main] INFO  edu.bjut.boudia.myMain - meter_7463796055974595607:repMsg
BruceChen 01:37:05.581 [main] INFO  edu.bjut.boudia.myMain - meter_7463796055974595607:25890400
BruceChen 01:37:05.581 [main] INFO  edu.bjut.boudia.myMain - meter_5868563187120010491:repMsg
BruceChen 01:37:05.581 [main] INFO  edu.bjut.boudia.myMain - meter_5868563187120010491:26503300
BruceChen 01:37:05.581 [main] INFO  edu.bjut.boudia.myMain - meter_6384158369731931891:repMsg
BruceChen 01:37:05.581 [main] INFO  edu.bjut.boudia.myMain - meter_6384158369731931891:29230000
BruceChen 01:37:05.581 [main] INFO  edu.bjut.boudia.myMain - meter_4607652778380283887:repMsg
BruceChen 01:37:05.581 [main] INFO  edu.bjut.boudia.myMain - meter_4607652778380283887:26734200
BruceChen 01:37:05.581 [main] INFO  edu.bjut.boudia.myMain - meter_213600728406857249:repMsg
BruceChen 01:37:05.581 [main] INFO  edu.bjut.boudia.myMain - meter_213600728406857249:26491900
BruceChen 01:37:05.581 [main] INFO  edu.bjut.boudia.myMain - meter_110635678502532033:repMsg
BruceChen 01:37:05.581 [main] INFO  edu.bjut.boudia.myMain - meter_110635678502532033:26464100
BruceChen 01:37:05.581 [main] INFO  edu.bjut.boudia.myMain - meter_3846635672612441705:repMsg
BruceChen 01:37:05.581 [main] INFO  edu.bjut.boudia.myMain - meter_3846635672612441705:26633800
BruceChen 01:37:07.916 [main] INFO  edu.bjut.boudia.myMain - oneTimeMeterRegTime
BruceChen 01:37:08.432 [main] INFO  edu.bjut.boudia.myMain - server:pubkey
BruceChen 01:37:08.432 [main] INFO  edu.bjut.boudia.myMain - server:800
BruceChen 01:37:08.432 [main] INFO  edu.bjut.boudia.myMain - agg:regMsg,regMsg,regMsg,regMsg,regMsg,regMsg,regMsg,regMsg,regMsg,regMsg,regMsg,regMsg,regMsg,regMsg,regMsg,regMsg,regMsg,regMsg,regMsg,regMsg,regMsg,regMsg,regMsg,regMsg,regMsg,regMsg,regMsg,regMsg,regMsg,regMsg,regMsg,regMsg,regMsg,regMsg,regMsg,regMsg,regMsg,regMsg,regMsg,regMsg
BruceChen 01:37:08.432 [main] INFO  edu.bjut.boudia.myMain - agg:6490600,6432000,6516300,6501100,6436300,6454800,6441200,6427100,6420000,6419200,6429500,6432800,6413800,6415700,6403900,6466400,6429000,6415200,6413500,6410300,6538800,6463500,6420600,6416500,6434600,6397200,6432000,6411100,6429500,6417600,6421900,6552000,6544800,6416700,6425100,6415100,6435300,6381000,6433600,6429400
BruceChen 01:37:08.432 [main] INFO  edu.bjut.boudia.myMain - meter_8625345904153760369:regMsg,reg_backagg,reg_cc
BruceChen 01:37:08.432 [main] INFO  edu.bjut.boudia.myMain - meter_8625345904153760369:600,6538400,600
BruceChen 01:37:08.432 [main] INFO  edu.bjut.boudia.myMain - meter_2889991303626490121:regMsg,reg_backagg,reg_cc
BruceChen 01:37:08.432 [main] INFO  edu.bjut.boudia.myMain - meter_2889991303626490121:700,6526200,500
BruceChen 01:37:08.432 [main] INFO  edu.bjut.boudia.myMain - meter_4677610718680229773:regMsg,reg_backagg,reg_cc
BruceChen 01:37:08.432 [main] INFO  edu.bjut.boudia.myMain - meter_4677610718680229773:600,6413400,400
BruceChen 01:37:08.432 [main] INFO  edu.bjut.boudia.myMain - meter_4224920677701876973:regMsg,reg_backagg,reg_cc
BruceChen 01:37:08.432 [main] INFO  edu.bjut.boudia.myMain - meter_4224920677701876973:600,6307800,300
BruceChen 01:37:08.432 [main] INFO  edu.bjut.boudia.myMain - meter_7799988338996979041:regMsg,reg_backagg,reg_cc
BruceChen 01:37:08.432 [main] INFO  edu.bjut.boudia.myMain - meter_7799988338996979041:600,6356200,300
BruceChen 01:37:08.432 [main] INFO  edu.bjut.boudia.myMain - meter_8396506410923654187:regMsg,reg_backagg,reg_cc
BruceChen 01:37:08.432 [main] INFO  edu.bjut.boudia.myMain - meter_8396506410923654187:600,6342000,400
BruceChen 01:37:08.432 [main] INFO  edu.bjut.boudia.myMain - meter_9167947427791961129:regMsg,reg_backagg,reg_cc
BruceChen 01:37:08.432 [main] INFO  edu.bjut.boudia.myMain - meter_9167947427791961129:600,6407000,500
BruceChen 01:37:08.432 [main] INFO  edu.bjut.boudia.myMain - meter_5752297706310508173:regMsg,reg_backagg,reg_cc
BruceChen 01:37:08.432 [main] INFO  edu.bjut.boudia.myMain - meter_5752297706310508173:700,6384100,300
BruceChen 01:37:08.432 [main] INFO  edu.bjut.boudia.myMain - meter_6514125110800036653:regMsg,reg_backagg,reg_cc
BruceChen 01:37:08.432 [main] INFO  edu.bjut.boudia.myMain - meter_6514125110800036653:700,6393500,200
BruceChen 01:37:08.432 [main] INFO  edu.bjut.boudia.myMain - meter_1825357104747625101:regMsg,reg_backagg,reg_cc
BruceChen 01:37:08.432 [main] INFO  edu.bjut.boudia.myMain - meter_1825357104747625101:500,6329300,200
BruceChen 01:37:08.432 [main] INFO  edu.bjut.boudia.myMain - meter_6987112464911584289:regMsg,reg_backagg,reg_cc
BruceChen 01:37:08.432 [main] INFO  edu.bjut.boudia.myMain - meter_6987112464911584289:300,6395000,300
BruceChen 01:37:08.432 [main] INFO  edu.bjut.boudia.myMain - meter_5024967041548307191:regMsg,reg_backagg,reg_cc
BruceChen 01:37:08.432 [main] INFO  edu.bjut.boudia.myMain - meter_5024967041548307191:600,6376000,300
BruceChen 01:37:08.432 [main] INFO  edu.bjut.boudia.myMain - meter_4782871479551013609:regMsg,reg_backagg,reg_cc
BruceChen 01:37:08.432 [main] INFO  edu.bjut.boudia.myMain - meter_4782871479551013609:600,6397300,400
BruceChen 01:37:08.432 [main] INFO  edu.bjut.boudia.myMain - meter_4877565007772586361:regMsg,reg_backagg,reg_cc
BruceChen 01:37:08.432 [main] INFO  edu.bjut.boudia.myMain - meter_4877565007772586361:600,6414500,200
BruceChen 01:37:08.432 [main] INFO  edu.bjut.boudia.myMain - meter_4699226320127467963:regMsg,reg_backagg,reg_cc
BruceChen 01:37:08.432 [main] INFO  edu.bjut.boudia.myMain - meter_4699226320127467963:600,6453300,300
BruceChen 01:37:08.432 [main] INFO  edu.bjut.boudia.myMain - meter_4125720998771885557:regMsg,reg_backagg,reg_cc
BruceChen 01:37:08.432 [main] INFO  edu.bjut.boudia.myMain - meter_4125720998771885557:400,6405900,300
BruceChen 01:37:08.432 [main] INFO  edu.bjut.boudia.myMain - meter_6763093487698694159:regMsg,reg_backagg,reg_cc
BruceChen 01:37:08.432 [main] INFO  edu.bjut.boudia.myMain - meter_6763093487698694159:600,6456200,300
BruceChen 01:37:08.432 [main] INFO  edu.bjut.boudia.myMain - meter_1254864581170196755:regMsg,reg_backagg,reg_cc
BruceChen 01:37:08.432 [main] INFO  edu.bjut.boudia.myMain - meter_1254864581170196755:500,6380200,400
BruceChen 01:37:08.432 [main] INFO  edu.bjut.boudia.myMain - meter_9131206705328532149:regMsg,reg_backagg,reg_cc
BruceChen 01:37:08.432 [main] INFO  edu.bjut.boudia.myMain - meter_9131206705328532149:600,6415600,300
BruceChen 01:37:08.432 [main] INFO  edu.bjut.boudia.myMain - meter_6129652599638579283:regMsg,reg_backagg,reg_cc
BruceChen 01:37:08.432 [main] INFO  edu.bjut.boudia.myMain - meter_6129652599638579283:500,6342500,300
BruceChen 01:37:08.432 [main] INFO  edu.bjut.boudia.myMain - meter_9134608138623444087:regMsg,reg_backagg,reg_cc
BruceChen 01:37:08.432 [main] INFO  edu.bjut.boudia.myMain - meter_9134608138623444087:600,6423500,200
BruceChen 01:37:08.432 [main] INFO  edu.bjut.boudia.myMain - meter_1102147092015621769:regMsg,reg_backagg,reg_cc
BruceChen 01:37:08.432 [main] INFO  edu.bjut.boudia.myMain - meter_1102147092015621769:400,6396400,300
BruceChen 01:37:08.432 [main] INFO  edu.bjut.boudia.myMain - meter_7861525182398093629:regMsg,reg_backagg,reg_cc
BruceChen 01:37:08.432 [main] INFO  edu.bjut.boudia.myMain - meter_7861525182398093629:600,6415400,300
BruceChen 01:37:08.432 [main] INFO  edu.bjut.boudia.myMain - meter_8604261571858097253:regMsg,reg_backagg,reg_cc
BruceChen 01:37:08.432 [main] INFO  edu.bjut.boudia.myMain - meter_8604261571858097253:600,6360700,200
BruceChen 01:37:08.432 [main] INFO  edu.bjut.boudia.myMain - meter_4595146735435350477:regMsg,reg_backagg,reg_cc
BruceChen 01:37:08.432 [main] INFO  edu.bjut.boudia.myMain - meter_4595146735435350477:600,6329000,300
BruceChen 01:37:08.432 [main] INFO  edu.bjut.boudia.myMain - meter_7592642436635691639:regMsg,reg_backagg,reg_cc
BruceChen 01:37:08.432 [main] INFO  edu.bjut.boudia.myMain - meter_7592642436635691639:400,6393300,200
BruceChen 01:37:08.432 [main] INFO  edu.bjut.boudia.myMain - meter_1575080202971385087:regMsg,reg_backagg,reg_cc
BruceChen 01:37:08.432 [main] INFO  edu.bjut.boudia.myMain - meter_1575080202971385087:200,6429200,400
BruceChen 01:37:08.432 [main] INFO  edu.bjut.boudia.myMain - meter_4732818218465196697:regMsg,reg_backagg,reg_cc
BruceChen 01:37:08.432 [main] INFO  edu.bjut.boudia.myMain - meter_4732818218465196697:600,6484700,300
BruceChen 01:37:08.432 [main] INFO  edu.bjut.boudia.myMain - meter_5909064480327418553:regMsg,reg_backagg,reg_cc
BruceChen 01:37:08.432 [main] INFO  edu.bjut.boudia.myMain - meter_5909064480327418553:500,6347100,300
BruceChen 01:37:08.432 [main] INFO  edu.bjut.boudia.myMain - meter_2309700990588235643:regMsg,reg_backagg,reg_cc
BruceChen 01:37:08.432 [main] INFO  edu.bjut.boudia.myMain - meter_2309700990588235643:600,6253700,300
BruceChen 01:37:08.432 [main] INFO  edu.bjut.boudia.myMain - meter_8860474459085489687:regMsg,reg_backagg,reg_cc
BruceChen 01:37:08.432 [main] INFO  edu.bjut.boudia.myMain - meter_8860474459085489687:600,6396900,300
BruceChen 01:37:08.432 [main] INFO  edu.bjut.boudia.myMain - meter_2670355885961376509:regMsg,reg_backagg,reg_cc
BruceChen 01:37:08.432 [main] INFO  edu.bjut.boudia.myMain - meter_2670355885961376509:700,6535900,300
BruceChen 01:37:08.432 [main] INFO  edu.bjut.boudia.myMain - meter_5216657681209287703:regMsg,reg_backagg,reg_cc
BruceChen 01:37:08.432 [main] INFO  edu.bjut.boudia.myMain - meter_5216657681209287703:500,6277100,300
BruceChen 01:37:08.432 [main] INFO  edu.bjut.boudia.myMain - meter_2346492885953015569:regMsg,reg_backagg,reg_cc
BruceChen 01:37:08.432 [main] INFO  edu.bjut.boudia.myMain - meter_2346492885953015569:500,6252500,300
BruceChen 01:37:08.432 [main] INFO  edu.bjut.boudia.myMain - meter_2115932215408863649:regMsg,reg_backagg,reg_cc
BruceChen 01:37:08.432 [main] INFO  edu.bjut.boudia.myMain - meter_2115932215408863649:11200,7100600,400
BruceChen 01:37:08.432 [main] INFO  edu.bjut.boudia.myMain - meter_6472077975848218233:regMsg,reg_backagg,reg_cc
BruceChen 01:37:08.432 [main] INFO  edu.bjut.boudia.myMain - meter_6472077975848218233:500,6343700,200
BruceChen 01:37:08.432 [main] INFO  edu.bjut.boudia.myMain - meter_855438826850861453:regMsg,reg_backagg,reg_cc
BruceChen 01:37:08.432 [main] INFO  edu.bjut.boudia.myMain - meter_855438826850861453:7600,6420800,2400
BruceChen 01:37:08.432 [main] INFO  edu.bjut.boudia.myMain - meter_1450681967535912285:regMsg,reg_backagg,reg_cc
BruceChen 01:37:08.432 [main] INFO  edu.bjut.boudia.myMain - meter_1450681967535912285:100,6321900,100
BruceChen 01:37:08.432 [main] INFO  edu.bjut.boudia.myMain - meter_1189875615244464455:regMsg,reg_backagg,reg_cc
BruceChen 01:37:08.432 [main] INFO  edu.bjut.boudia.myMain - meter_1189875615244464455:0,6430200,0
BruceChen 01:37:08.432 [main] INFO  edu.bjut.boudia.myMain - meter_3424059197804495709:regMsg,reg_backagg,reg_cc
BruceChen 01:37:08.432 [main] INFO  edu.bjut.boudia.myMain - meter_3424059197804495709:0,6358000,100
BruceChen 01:37:08.950 [main] INFO  edu.bjut.boudia.myMain - oneTimeMeterRepTime
BruceChen 01:37:10.309 [main] INFO  edu.bjut.boudia.myMain - server:repMsg
BruceChen 01:37:10.309 [main] INFO  edu.bjut.boudia.myMain - server:32591900
BruceChen 01:37:10.309 [main] INFO  edu.bjut.boudia.myMain - agg:repMsg
BruceChen 01:37:10.309 [main] INFO  edu.bjut.boudia.myMain - agg:279915300
BruceChen 01:37:10.309 [main] INFO  edu.bjut.boudia.myMain - meter_8625345904153760369:repMsg
BruceChen 01:37:10.309 [main] INFO  edu.bjut.boudia.myMain - meter_8625345904153760369:27280400
BruceChen 01:37:10.309 [main] INFO  edu.bjut.boudia.myMain - meter_2889991303626490121:repMsg
BruceChen 01:37:10.309 [main] INFO  edu.bjut.boudia.myMain - meter_2889991303626490121:26501400
BruceChen 01:37:10.309 [main] INFO  edu.bjut.boudia.myMain - meter_4677610718680229773:repMsg
BruceChen 01:37:10.309 [main] INFO  edu.bjut.boudia.myMain - meter_4677610718680229773:26241100
BruceChen 01:37:10.309 [main] INFO  edu.bjut.boudia.myMain - meter_4224920677701876973:repMsg
BruceChen 01:37:10.309 [main] INFO  edu.bjut.boudia.myMain - meter_4224920677701876973:25961000
BruceChen 01:37:10.309 [main] INFO  edu.bjut.boudia.myMain - meter_7799988338996979041:repMsg
BruceChen 01:37:10.309 [main] INFO  edu.bjut.boudia.myMain - meter_7799988338996979041:25621500
BruceChen 01:37:10.309 [main] INFO  edu.bjut.boudia.myMain - meter_8396506410923654187:repMsg
BruceChen 01:37:10.309 [main] INFO  edu.bjut.boudia.myMain - meter_8396506410923654187:25864600
BruceChen 01:37:10.309 [main] INFO  edu.bjut.boudia.myMain - meter_9167947427791961129:repMsg
BruceChen 01:37:10.309 [main] INFO  edu.bjut.boudia.myMain - meter_9167947427791961129:25650400
BruceChen 01:37:10.309 [main] INFO  edu.bjut.boudia.myMain - meter_5752297706310508173:repMsg
BruceChen 01:37:10.309 [main] INFO  edu.bjut.boudia.myMain - meter_5752297706310508173:25667800
BruceChen 01:37:10.309 [main] INFO  edu.bjut.boudia.myMain - meter_6514125110800036653:repMsg
BruceChen 01:37:10.309 [main] INFO  edu.bjut.boudia.myMain - meter_6514125110800036653:26632200
BruceChen 01:37:10.309 [main] INFO  edu.bjut.boudia.myMain - meter_1825357104747625101:repMsg
BruceChen 01:37:10.309 [main] INFO  edu.bjut.boudia.myMain - meter_1825357104747625101:26541900
BruceChen 01:37:10.309 [main] INFO  edu.bjut.boudia.myMain - meter_6987112464911584289:repMsg
BruceChen 01:37:10.309 [main] INFO  edu.bjut.boudia.myMain - meter_6987112464911584289:26620000
BruceChen 01:37:10.309 [main] INFO  edu.bjut.boudia.myMain - meter_5024967041548307191:repMsg
BruceChen 01:37:10.309 [main] INFO  edu.bjut.boudia.myMain - meter_5024967041548307191:26365600
BruceChen 01:37:10.309 [main] INFO  edu.bjut.boudia.myMain - meter_4782871479551013609:repMsg
BruceChen 01:37:10.309 [main] INFO  edu.bjut.boudia.myMain - meter_4782871479551013609:26262100
BruceChen 01:37:10.309 [main] INFO  edu.bjut.boudia.myMain - meter_4877565007772586361:repMsg
BruceChen 01:37:10.309 [main] INFO  edu.bjut.boudia.myMain - meter_4877565007772586361:26972400
BruceChen 01:37:10.309 [main] INFO  edu.bjut.boudia.myMain - meter_4699226320127467963:repMsg
BruceChen 01:37:10.309 [main] INFO  edu.bjut.boudia.myMain - meter_4699226320127467963:26617100
BruceChen 01:37:10.309 [main] INFO  edu.bjut.boudia.myMain - meter_4125720998771885557:repMsg
BruceChen 01:37:10.309 [main] INFO  edu.bjut.boudia.myMain - meter_4125720998771885557:26411900
BruceChen 01:37:10.309 [main] INFO  edu.bjut.boudia.myMain - meter_6763093487698694159:repMsg
BruceChen 01:37:10.309 [main] INFO  edu.bjut.boudia.myMain - meter_6763093487698694159:26468600
BruceChen 01:37:10.309 [main] INFO  edu.bjut.boudia.myMain - meter_1254864581170196755:repMsg
BruceChen 01:37:10.309 [main] INFO  edu.bjut.boudia.myMain - meter_1254864581170196755:25866600
BruceChen 01:37:10.309 [main] INFO  edu.bjut.boudia.myMain - meter_9131206705328532149:repMsg
BruceChen 01:37:10.309 [main] INFO  edu.bjut.boudia.myMain - meter_9131206705328532149:25589100
BruceChen 01:37:10.309 [main] INFO  edu.bjut.boudia.myMain - meter_6129652599638579283:repMsg
BruceChen 01:37:10.309 [main] INFO  edu.bjut.boudia.myMain - meter_6129652599638579283:25634300
BruceChen 01:37:10.309 [main] INFO  edu.bjut.boudia.myMain - meter_9134608138623444087:repMsg
BruceChen 01:37:10.309 [main] INFO  edu.bjut.boudia.myMain - meter_9134608138623444087:25703500
BruceChen 01:37:10.309 [main] INFO  edu.bjut.boudia.myMain - meter_1102147092015621769:repMsg
BruceChen 01:37:10.309 [main] INFO  edu.bjut.boudia.myMain - meter_1102147092015621769:25839300
BruceChen 01:37:10.309 [main] INFO  edu.bjut.boudia.myMain - meter_7861525182398093629:repMsg
BruceChen 01:37:10.309 [main] INFO  edu.bjut.boudia.myMain - meter_7861525182398093629:26324900
BruceChen 01:37:10.309 [main] INFO  edu.bjut.boudia.myMain - meter_8604261571858097253:repMsg
BruceChen 01:37:10.309 [main] INFO  edu.bjut.boudia.myMain - meter_8604261571858097253:25788800
BruceChen 01:37:10.309 [main] INFO  edu.bjut.boudia.myMain - meter_4595146735435350477:repMsg
BruceChen 01:37:10.309 [main] INFO  edu.bjut.boudia.myMain - meter_4595146735435350477:26406700
BruceChen 01:37:10.309 [main] INFO  edu.bjut.boudia.myMain - meter_7592642436635691639:repMsg
BruceChen 01:37:10.309 [main] INFO  edu.bjut.boudia.myMain - meter_7592642436635691639:25872900
BruceChen 01:37:10.309 [main] INFO  edu.bjut.boudia.myMain - meter_1575080202971385087:repMsg
BruceChen 01:37:10.309 [main] INFO  edu.bjut.boudia.myMain - meter_1575080202971385087:25605700
BruceChen 01:37:10.309 [main] INFO  edu.bjut.boudia.myMain - meter_4732818218465196697:repMsg
BruceChen 01:37:10.309 [main] INFO  edu.bjut.boudia.myMain - meter_4732818218465196697:26366400
BruceChen 01:37:10.309 [main] INFO  edu.bjut.boudia.myMain - meter_5909064480327418553:repMsg
BruceChen 01:37:10.309 [main] INFO  edu.bjut.boudia.myMain - meter_5909064480327418553:26109200
BruceChen 01:37:10.309 [main] INFO  edu.bjut.boudia.myMain - meter_2309700990588235643:repMsg
BruceChen 01:37:10.309 [main] INFO  edu.bjut.boudia.myMain - meter_2309700990588235643:25639100
BruceChen 01:37:10.309 [main] INFO  edu.bjut.boudia.myMain - meter_8860474459085489687:repMsg
BruceChen 01:37:10.309 [main] INFO  edu.bjut.boudia.myMain - meter_8860474459085489687:25729300
BruceChen 01:37:10.309 [main] INFO  edu.bjut.boudia.myMain - meter_2670355885961376509:repMsg
BruceChen 01:37:10.309 [main] INFO  edu.bjut.boudia.myMain - meter_2670355885961376509:25971000
BruceChen 01:37:10.309 [main] INFO  edu.bjut.boudia.myMain - meter_5216657681209287703:repMsg
BruceChen 01:37:10.309 [main] INFO  edu.bjut.boudia.myMain - meter_5216657681209287703:26380800
BruceChen 01:37:10.309 [main] INFO  edu.bjut.boudia.myMain - meter_2346492885953015569:repMsg
BruceChen 01:37:10.309 [main] INFO  edu.bjut.boudia.myMain - meter_2346492885953015569:26352700
BruceChen 01:37:10.309 [main] INFO  edu.bjut.boudia.myMain - meter_2115932215408863649:repMsg
BruceChen 01:37:10.309 [main] INFO  edu.bjut.boudia.myMain - meter_2115932215408863649:26340300
BruceChen 01:37:10.309 [main] INFO  edu.bjut.boudia.myMain - meter_6472077975848218233:repMsg
BruceChen 01:37:10.309 [main] INFO  edu.bjut.boudia.myMain - meter_6472077975848218233:26235900
BruceChen 01:37:10.309 [main] INFO  edu.bjut.boudia.myMain - meter_855438826850861453:repMsg
BruceChen 01:37:10.309 [main] INFO  edu.bjut.boudia.myMain - meter_855438826850861453:27509900
BruceChen 01:37:10.309 [main] INFO  edu.bjut.boudia.myMain - meter_1450681967535912285:repMsg
BruceChen 01:37:10.309 [main] INFO  edu.bjut.boudia.myMain - meter_1450681967535912285:26075700
BruceChen 01:37:10.309 [main] INFO  edu.bjut.boudia.myMain - meter_1189875615244464455:repMsg
BruceChen 01:37:10.309 [main] INFO  edu.bjut.boudia.myMain - meter_1189875615244464455:26177500
BruceChen 01:37:10.309 [main] INFO  edu.bjut.boudia.myMain - meter_3424059197804495709:repMsg
BruceChen 01:37:10.309 [main] INFO  edu.bjut.boudia.myMain - meter_3424059197804495709:26248600
BruceChen 01:37:12.302 [main] INFO  edu.bjut.boudia.myMain - oneTimeMeterRegTime
BruceChen 01:37:12.693 [main] INFO  edu.bjut.boudia.myMain - server:pubkey
BruceChen 01:37:12.693 [main] INFO  edu.bjut.boudia.myMain - server:1100
BruceChen 01:37:12.693 [main] INFO  edu.bjut.boudia.myMain - agg:regMsg,regMsg,regMsg,regMsg,regMsg,regMsg,regMsg,regMsg,regMsg,regMsg,regMsg,regMsg,regMsg,regMsg,regMsg,regMsg,regMsg,regMsg,regMsg,regMsg,regMsg,regMsg,regMsg,regMsg,regMsg,regMsg,regMsg,regMsg,regMsg,regMsg
BruceChen 01:37:12.693 [main] INFO  edu.bjut.boudia.myMain - agg:6437700,6659400,6716800,6725900,6622400,6595500,6627200,6628700,6597500,6419500,6444800,6446500,6425800,6417500,6431300,7448200,6427600,6396400,6435900,6447700,6412900,6421900,6389900,6403300,6380200,6484500,6511400,6413900,6419300,6417400
BruceChen 01:37:12.693 [main] INFO  edu.bjut.boudia.myMain - meter_4718805361303329235:regMsg,reg_backagg,reg_cc
BruceChen 01:37:12.693 [main] INFO  edu.bjut.boudia.myMain - meter_4718805361303329235:100,6403600,100
BruceChen 01:37:12.693 [main] INFO  edu.bjut.boudia.myMain - meter_5200444871129018937:regMsg,reg_backagg,reg_cc
BruceChen 01:37:12.693 [main] INFO  edu.bjut.boudia.myMain - meter_5200444871129018937:100,6596400,300
BruceChen 01:37:12.693 [main] INFO  edu.bjut.boudia.myMain - meter_3346998816693186011:regMsg,reg_backagg,reg_cc
BruceChen 01:37:12.693 [main] INFO  edu.bjut.boudia.myMain - meter_3346998816693186011:100,6531200,100
BruceChen 01:37:12.693 [main] INFO  edu.bjut.boudia.myMain - meter_5520338070632632239:regMsg,reg_backagg,reg_cc
BruceChen 01:37:12.693 [main] INFO  edu.bjut.boudia.myMain - meter_5520338070632632239:100,6687900,100
BruceChen 01:37:12.693 [main] INFO  edu.bjut.boudia.myMain - meter_6535980475116999129:regMsg,reg_backagg,reg_cc
BruceChen 01:37:12.693 [main] INFO  edu.bjut.boudia.myMain - meter_6535980475116999129:100,6570100,200
BruceChen 01:37:12.693 [main] INFO  edu.bjut.boudia.myMain - meter_6672667409979423451:regMsg,reg_backagg,reg_cc
BruceChen 01:37:12.693 [main] INFO  edu.bjut.boudia.myMain - meter_6672667409979423451:100,6609500,200
BruceChen 01:37:12.693 [main] INFO  edu.bjut.boudia.myMain - meter_8716642498855349153:regMsg,reg_backagg,reg_cc
BruceChen 01:37:12.693 [main] INFO  edu.bjut.boudia.myMain - meter_8716642498855349153:100,6689600,100
BruceChen 01:37:12.693 [main] INFO  edu.bjut.boudia.myMain - meter_7008655915834669865:regMsg,reg_backagg,reg_cc
BruceChen 01:37:12.693 [main] INFO  edu.bjut.boudia.myMain - meter_7008655915834669865:100,6490900,0
BruceChen 01:37:12.693 [main] INFO  edu.bjut.boudia.myMain - meter_6313965613182328467:regMsg,reg_backagg,reg_cc
BruceChen 01:37:12.693 [main] INFO  edu.bjut.boudia.myMain - meter_6313965613182328467:100,6482900,200
BruceChen 01:37:12.693 [main] INFO  edu.bjut.boudia.myMain - meter_38971987359475261:regMsg,reg_backagg,reg_cc
BruceChen 01:37:12.693 [main] INFO  edu.bjut.boudia.myMain - meter_38971987359475261:0,6497000,100
BruceChen 01:37:12.693 [main] INFO  edu.bjut.boudia.myMain - meter_4244235029561908431:regMsg,reg_backagg,reg_cc
BruceChen 01:37:12.693 [main] INFO  edu.bjut.boudia.myMain - meter_4244235029561908431:0,6390900,0
BruceChen 01:37:12.693 [main] INFO  edu.bjut.boudia.myMain - meter_2153758565367329675:regMsg,reg_backagg,reg_cc
BruceChen 01:37:12.693 [main] INFO  edu.bjut.boudia.myMain - meter_2153758565367329675:100,6410900,100
BruceChen 01:37:12.693 [main] INFO  edu.bjut.boudia.myMain - meter_2901766385400133507:regMsg,reg_backagg,reg_cc
BruceChen 01:37:12.693 [main] INFO  edu.bjut.boudia.myMain - meter_2901766385400133507:0,6505700,100
BruceChen 01:37:12.693 [main] INFO  edu.bjut.boudia.myMain - meter_9011707431773930249:regMsg,reg_backagg,reg_cc
BruceChen 01:37:12.693 [main] INFO  edu.bjut.boudia.myMain - meter_9011707431773930249:0,6339700,100
BruceChen 01:37:12.693 [main] INFO  edu.bjut.boudia.myMain - meter_6726913480216380817:regMsg,reg_backagg,reg_cc
BruceChen 01:37:12.693 [main] INFO  edu.bjut.boudia.myMain - meter_6726913480216380817:0,6335300,100
BruceChen 01:37:12.693 [main] INFO  edu.bjut.boudia.myMain - meter_1237088535190303899:regMsg,reg_backagg,reg_cc
BruceChen 01:37:12.693 [main] INFO  edu.bjut.boudia.myMain - meter_1237088535190303899:100,6499300,100
BruceChen 01:37:12.693 [main] INFO  edu.bjut.boudia.myMain - meter_1172831471100543053:regMsg,reg_backagg,reg_cc
BruceChen 01:37:12.693 [main] INFO  edu.bjut.boudia.myMain - meter_1172831471100543053:0,6412800,100
BruceChen 01:37:12.693 [main] INFO  edu.bjut.boudia.myMain - meter_1596526215652061925:regMsg,reg_backagg,reg_cc
BruceChen 01:37:12.693 [main] INFO  edu.bjut.boudia.myMain - meter_1596526215652061925:100,6423500,0
BruceChen 01:37:12.693 [main] INFO  edu.bjut.boudia.myMain - meter_477179463301235499:regMsg,reg_backagg,reg_cc
BruceChen 01:37:12.693 [main] INFO  edu.bjut.boudia.myMain - meter_477179463301235499:100,7141700,100
BruceChen 01:37:12.693 [main] INFO  edu.bjut.boudia.myMain - meter_4822581752051532573:regMsg,reg_backagg,reg_cc
BruceChen 01:37:12.693 [main] INFO  edu.bjut.boudia.myMain - meter_4822581752051532573:0,6413100,100
BruceChen 01:37:12.693 [main] INFO  edu.bjut.boudia.myMain - meter_7191127037692698841:regMsg,reg_backagg,reg_cc
BruceChen 01:37:12.693 [main] INFO  edu.bjut.boudia.myMain - meter_7191127037692698841:0,6322100,100
BruceChen 01:37:12.693 [main] INFO  edu.bjut.boudia.myMain - meter_373671277335737673:regMsg,reg_backagg,reg_cc
BruceChen 01:37:12.693 [main] INFO  edu.bjut.boudia.myMain - meter_373671277335737673:0,6383600,0
BruceChen 01:37:12.693 [main] INFO  edu.bjut.boudia.myMain - meter_2021080799893593571:regMsg,reg_backagg,reg_cc
BruceChen 01:37:12.693 [main] INFO  edu.bjut.boudia.myMain - meter_2021080799893593571:100,6403500,0
BruceChen 01:37:12.693 [main] INFO  edu.bjut.boudia.myMain - meter_1866021455327498433:regMsg,reg_backagg,reg_cc
BruceChen 01:37:12.693 [main] INFO  edu.bjut.boudia.myMain - meter_1866021455327498433:0,6461600,0
BruceChen 01:37:12.693 [main] INFO  edu.bjut.boudia.myMain - meter_3612499141698095985:regMsg,reg_backagg,reg_cc
BruceChen 01:37:12.693 [main] INFO  edu.bjut.boudia.myMain - meter_3612499141698095985:0,6474100,100
BruceChen 01:37:12.693 [main] INFO  edu.bjut.boudia.myMain - meter_646087975513490145:regMsg,reg_backagg,reg_cc
BruceChen 01:37:12.693 [main] INFO  edu.bjut.boudia.myMain - meter_646087975513490145:0,6482200,0
BruceChen 01:37:12.693 [main] INFO  edu.bjut.boudia.myMain - meter_3591355029071499589:regMsg,reg_backagg,reg_cc
BruceChen 01:37:12.693 [main] INFO  edu.bjut.boudia.myMain - meter_3591355029071499589:0,6295500,100
BruceChen 01:37:12.693 [main] INFO  edu.bjut.boudia.myMain - meter_258179817021743519:regMsg,reg_backagg,reg_cc
BruceChen 01:37:12.693 [main] INFO  edu.bjut.boudia.myMain - meter_258179817021743519:0,6323800,0
BruceChen 01:37:12.693 [main] INFO  edu.bjut.boudia.myMain - meter_1943866591874506397:regMsg,reg_backagg,reg_cc
BruceChen 01:37:12.693 [main] INFO  edu.bjut.boudia.myMain - meter_1943866591874506397:0,6413400,100
BruceChen 01:37:12.693 [main] INFO  edu.bjut.boudia.myMain - meter_4775620478746702713:regMsg,reg_backagg,reg_cc
BruceChen 01:37:12.693 [main] INFO  edu.bjut.boudia.myMain - meter_4775620478746702713:100,6330700,100
BruceChen 01:37:13.076 [main] INFO  edu.bjut.boudia.myMain - oneTimeMeterRepTime
BruceChen 01:37:14.100 [main] INFO  edu.bjut.boudia.myMain - server:repMsg
BruceChen 01:37:14.100 [main] INFO  edu.bjut.boudia.myMain - server:33412900
BruceChen 01:37:14.100 [main] INFO  edu.bjut.boudia.myMain - agg:repMsg
BruceChen 01:37:14.100 [main] INFO  edu.bjut.boudia.myMain - agg:211812400
BruceChen 01:37:14.100 [main] INFO  edu.bjut.boudia.myMain - meter_4718805361303329235:repMsg
BruceChen 01:37:14.100 [main] INFO  edu.bjut.boudia.myMain - meter_4718805361303329235:25739700
BruceChen 01:37:14.100 [main] INFO  edu.bjut.boudia.myMain - meter_5200444871129018937:repMsg
BruceChen 01:37:14.100 [main] INFO  edu.bjut.boudia.myMain - meter_5200444871129018937:26215500
BruceChen 01:37:14.100 [main] INFO  edu.bjut.boudia.myMain - meter_3346998816693186011:repMsg
BruceChen 01:37:14.100 [main] INFO  edu.bjut.boudia.myMain - meter_3346998816693186011:25779100
BruceChen 01:37:14.100 [main] INFO  edu.bjut.boudia.myMain - meter_5520338070632632239:repMsg
BruceChen 01:37:14.100 [main] INFO  edu.bjut.boudia.myMain - meter_5520338070632632239:26307200
BruceChen 01:37:14.100 [main] INFO  edu.bjut.boudia.myMain - meter_6535980475116999129:repMsg
BruceChen 01:37:14.100 [main] INFO  edu.bjut.boudia.myMain - meter_6535980475116999129:27671100
BruceChen 01:37:14.100 [main] INFO  edu.bjut.boudia.myMain - meter_6672667409979423451:repMsg
BruceChen 01:37:14.100 [main] INFO  edu.bjut.boudia.myMain - meter_6672667409979423451:26690600
BruceChen 01:37:14.100 [main] INFO  edu.bjut.boudia.myMain - meter_8716642498855349153:repMsg
BruceChen 01:37:14.100 [main] INFO  edu.bjut.boudia.myMain - meter_8716642498855349153:26119800
BruceChen 01:37:14.100 [main] INFO  edu.bjut.boudia.myMain - meter_7008655915834669865:repMsg
BruceChen 01:37:14.100 [main] INFO  edu.bjut.boudia.myMain - meter_7008655915834669865:25805700
BruceChen 01:37:14.100 [main] INFO  edu.bjut.boudia.myMain - meter_6313965613182328467:repMsg
BruceChen 01:37:14.100 [main] INFO  edu.bjut.boudia.myMain - meter_6313965613182328467:25551300
BruceChen 01:37:14.100 [main] INFO  edu.bjut.boudia.myMain - meter_38971987359475261:repMsg
BruceChen 01:37:14.100 [main] INFO  edu.bjut.boudia.myMain - meter_38971987359475261:26299900
BruceChen 01:37:14.100 [main] INFO  edu.bjut.boudia.myMain - meter_4244235029561908431:repMsg
BruceChen 01:37:14.100 [main] INFO  edu.bjut.boudia.myMain - meter_4244235029561908431:25870500
BruceChen 01:37:14.100 [main] INFO  edu.bjut.boudia.myMain - meter_2153758565367329675:repMsg
BruceChen 01:37:14.100 [main] INFO  edu.bjut.boudia.myMain - meter_2153758565367329675:25675200
BruceChen 01:37:14.100 [main] INFO  edu.bjut.boudia.myMain - meter_2901766385400133507:repMsg
BruceChen 01:37:14.100 [main] INFO  edu.bjut.boudia.myMain - meter_2901766385400133507:25756300
BruceChen 01:37:14.100 [main] INFO  edu.bjut.boudia.myMain - meter_9011707431773930249:repMsg
BruceChen 01:37:14.100 [main] INFO  edu.bjut.boudia.myMain - meter_9011707431773930249:25842100
BruceChen 01:37:14.100 [main] INFO  edu.bjut.boudia.myMain - meter_6726913480216380817:repMsg
BruceChen 01:37:14.100 [main] INFO  edu.bjut.boudia.myMain - meter_6726913480216380817:25592500
BruceChen 01:37:14.100 [main] INFO  edu.bjut.boudia.myMain - meter_1237088535190303899:repMsg
BruceChen 01:37:14.100 [main] INFO  edu.bjut.boudia.myMain - meter_1237088535190303899:25749200
BruceChen 01:37:14.100 [main] INFO  edu.bjut.boudia.myMain - meter_1172831471100543053:repMsg
BruceChen 01:37:14.100 [main] INFO  edu.bjut.boudia.myMain - meter_1172831471100543053:25641600
BruceChen 01:37:14.100 [main] INFO  edu.bjut.boudia.myMain - meter_1596526215652061925:repMsg
BruceChen 01:37:14.100 [main] INFO  edu.bjut.boudia.myMain - meter_1596526215652061925:25518600
BruceChen 01:37:14.100 [main] INFO  edu.bjut.boudia.myMain - meter_477179463301235499:repMsg
BruceChen 01:37:14.100 [main] INFO  edu.bjut.boudia.myMain - meter_477179463301235499:25631500
BruceChen 01:37:14.100 [main] INFO  edu.bjut.boudia.myMain - meter_4822581752051532573:repMsg
BruceChen 01:37:14.100 [main] INFO  edu.bjut.boudia.myMain - meter_4822581752051532573:25617200
BruceChen 01:37:14.100 [main] INFO  edu.bjut.boudia.myMain - meter_7191127037692698841:repMsg
BruceChen 01:37:14.100 [main] INFO  edu.bjut.boudia.myMain - meter_7191127037692698841:25819700
BruceChen 01:37:14.100 [main] INFO  edu.bjut.boudia.myMain - meter_373671277335737673:repMsg
BruceChen 01:37:14.100 [main] INFO  edu.bjut.boudia.myMain - meter_373671277335737673:25740100
BruceChen 01:37:14.100 [main] INFO  edu.bjut.boudia.myMain - meter_2021080799893593571:repMsg
BruceChen 01:37:14.100 [main] INFO  edu.bjut.boudia.myMain - meter_2021080799893593571:25859200
BruceChen 01:37:14.100 [main] INFO  edu.bjut.boudia.myMain - meter_1866021455327498433:repMsg
BruceChen 01:37:14.100 [main] INFO  edu.bjut.boudia.myMain - meter_1866021455327498433:25814600
BruceChen 01:37:14.100 [main] INFO  edu.bjut.boudia.myMain - meter_3612499141698095985:repMsg
BruceChen 01:37:14.100 [main] INFO  edu.bjut.boudia.myMain - meter_3612499141698095985:25763100
BruceChen 01:37:14.100 [main] INFO  edu.bjut.boudia.myMain - meter_646087975513490145:repMsg
BruceChen 01:37:14.100 [main] INFO  edu.bjut.boudia.myMain - meter_646087975513490145:25799500
BruceChen 01:37:14.100 [main] INFO  edu.bjut.boudia.myMain - meter_3591355029071499589:repMsg
BruceChen 01:37:14.100 [main] INFO  edu.bjut.boudia.myMain - meter_3591355029071499589:25973800
BruceChen 01:37:14.100 [main] INFO  edu.bjut.boudia.myMain - meter_258179817021743519:repMsg
BruceChen 01:37:14.100 [main] INFO  edu.bjut.boudia.myMain - meter_258179817021743519:25512600
BruceChen 01:37:14.100 [main] INFO  edu.bjut.boudia.myMain - meter_1943866591874506397:repMsg
BruceChen 01:37:14.100 [main] INFO  edu.bjut.boudia.myMain - meter_1943866591874506397:25585700
BruceChen 01:37:14.100 [main] INFO  edu.bjut.boudia.myMain - meter_4775620478746702713:repMsg
BruceChen 01:37:14.100 [main] INFO  edu.bjut.boudia.myMain - meter_4775620478746702713:25692700
BruceChen 01:37:15.443 [main] INFO  edu.bjut.boudia.myMain - oneTimeMeterRegTime
BruceChen 01:37:15.709 [main] INFO  edu.bjut.boudia.myMain - server:pubkey
BruceChen 01:37:15.709 [main] INFO  edu.bjut.boudia.myMain - server:1800
BruceChen 01:37:15.709 [main] INFO  edu.bjut.boudia.myMain - agg:regMsg,regMsg,regMsg,regMsg,regMsg,regMsg,regMsg,regMsg,regMsg,regMsg,regMsg,regMsg,regMsg,regMsg,regMsg,regMsg,regMsg,regMsg,regMsg,regMsg
BruceChen 01:37:15.709 [main] INFO  edu.bjut.boudia.myMain - agg:6544500,6409300,6423800,6430700,6405500,6408800,6419000,6429400,6409400,6414200,6479900,6419900,6409200,6408500,6407100,6468400,6406500,6406000,6405600,6425800
BruceChen 01:37:15.709 [main] INFO  edu.bjut.boudia.myMain - meter_8975270827483686859:regMsg,reg_backagg,reg_cc
BruceChen 01:37:15.709 [main] INFO  edu.bjut.boudia.myMain - meter_8975270827483686859:100,6424700,100
BruceChen 01:37:15.709 [main] INFO  edu.bjut.boudia.myMain - meter_4168470231038727311:regMsg,reg_backagg,reg_cc
BruceChen 01:37:15.709 [main] INFO  edu.bjut.boudia.myMain - meter_4168470231038727311:0,6393000,100
BruceChen 01:37:15.709 [main] INFO  edu.bjut.boudia.myMain - meter_1840522654681950585:regMsg,reg_backagg,reg_cc
BruceChen 01:37:15.709 [main] INFO  edu.bjut.boudia.myMain - meter_1840522654681950585:100,6331100,100
BruceChen 01:37:15.709 [main] INFO  edu.bjut.boudia.myMain - meter_1239978319451193523:regMsg,reg_backagg,reg_cc
BruceChen 01:37:15.709 [main] INFO  edu.bjut.boudia.myMain - meter_1239978319451193523:0,6392100,100
BruceChen 01:37:15.709 [main] INFO  edu.bjut.boudia.myMain - meter_5238309626110725105:regMsg,reg_backagg,reg_cc
BruceChen 01:37:15.709 [main] INFO  edu.bjut.boudia.myMain - meter_5238309626110725105:0,6369000,0
BruceChen 01:37:15.709 [main] INFO  edu.bjut.boudia.myMain - meter_8878897691033875367:regMsg,reg_backagg,reg_cc
BruceChen 01:37:15.709 [main] INFO  edu.bjut.boudia.myMain - meter_8878897691033875367:0,6367900,0
BruceChen 01:37:15.709 [main] INFO  edu.bjut.boudia.myMain - meter_2368361680515510669:regMsg,reg_backagg,reg_cc
BruceChen 01:37:15.709 [main] INFO  edu.bjut.boudia.myMain - meter_2368361680515510669:0,6470300,100
BruceChen 01:37:15.709 [main] INFO  edu.bjut.boudia.myMain - meter_6736778149932369897:regMsg,reg_backagg,reg_cc
BruceChen 01:37:15.709 [main] INFO  edu.bjut.boudia.myMain - meter_6736778149932369897:0,6355600,0
BruceChen 01:37:15.709 [main] INFO  edu.bjut.boudia.myMain - meter_3736551905167692935:regMsg,reg_backagg,reg_cc
BruceChen 01:37:15.709 [main] INFO  edu.bjut.boudia.myMain - meter_3736551905167692935:100,6466200,100
BruceChen 01:37:15.709 [main] INFO  edu.bjut.boudia.myMain - meter_5807865836859543967:regMsg,reg_backagg,reg_cc
BruceChen 01:37:15.709 [main] INFO  edu.bjut.boudia.myMain - meter_5807865836859543967:100,6269600,100
BruceChen 01:37:15.709 [main] INFO  edu.bjut.boudia.myMain - meter_6935653371482632959:regMsg,reg_backagg,reg_cc
BruceChen 01:37:15.709 [main] INFO  edu.bjut.boudia.myMain - meter_6935653371482632959:100,6297800,100
BruceChen 01:37:15.709 [main] INFO  edu.bjut.boudia.myMain - meter_8012949176460866069:regMsg,reg_backagg,reg_cc
BruceChen 01:37:15.709 [main] INFO  edu.bjut.boudia.myMain - meter_8012949176460866069:100,6330100,100
BruceChen 01:37:15.709 [main] INFO  edu.bjut.boudia.myMain - meter_549769907599548351:regMsg,reg_backagg,reg_cc
BruceChen 01:37:15.709 [main] INFO  edu.bjut.boudia.myMain - meter_549769907599548351:0,6413200,0
BruceChen 01:37:15.709 [main] INFO  edu.bjut.boudia.myMain - meter_8804093501709521963:regMsg,reg_backagg,reg_cc
BruceChen 01:37:15.709 [main] INFO  edu.bjut.boudia.myMain - meter_8804093501709521963:0,6361400,100
BruceChen 01:37:15.709 [main] INFO  edu.bjut.boudia.myMain - meter_1946374432157098579:regMsg,reg_backagg,reg_cc
BruceChen 01:37:15.709 [main] INFO  edu.bjut.boudia.myMain - meter_1946374432157098579:0,6317700,0
BruceChen 01:37:15.709 [main] INFO  edu.bjut.boudia.myMain - meter_2063862008565120615:regMsg,reg_backagg,reg_cc
BruceChen 01:37:15.709 [main] INFO  edu.bjut.boudia.myMain - meter_2063862008565120615:0,6336600,100
BruceChen 01:37:15.709 [main] INFO  edu.bjut.boudia.myMain - meter_5937977008502110203:regMsg,reg_backagg,reg_cc
BruceChen 01:37:15.709 [main] INFO  edu.bjut.boudia.myMain - meter_5937977008502110203:100,6355500,0
BruceChen 01:37:15.709 [main] INFO  edu.bjut.boudia.myMain - meter_6735368114607584439:regMsg,reg_backagg,reg_cc
BruceChen 01:37:15.709 [main] INFO  edu.bjut.boudia.myMain - meter_6735368114607584439:100,6407600,0
BruceChen 01:37:15.709 [main] INFO  edu.bjut.boudia.myMain - meter_1845669663142361989:regMsg,reg_backagg,reg_cc
BruceChen 01:37:15.709 [main] INFO  edu.bjut.boudia.myMain - meter_1845669663142361989:0,6323200,100
BruceChen 01:37:15.709 [main] INFO  edu.bjut.boudia.myMain - meter_6314942640674501353:regMsg,reg_backagg,reg_cc
BruceChen 01:37:15.709 [main] INFO  edu.bjut.boudia.myMain - meter_6314942640674501353:0,6256900,100
BruceChen 01:37:15.959 [main] INFO  edu.bjut.boudia.myMain - oneTimeMeterRepTime
BruceChen 01:37:16.662 [main] INFO  edu.bjut.boudia.myMain - server:repMsg
BruceChen 01:37:16.662 [main] INFO  edu.bjut.boudia.myMain - server:33120200
BruceChen 01:37:16.662 [main] INFO  edu.bjut.boudia.myMain - agg:repMsg
BruceChen 01:37:16.662 [main] INFO  edu.bjut.boudia.myMain - agg:143183600
BruceChen 01:37:16.662 [main] INFO  edu.bjut.boudia.myMain - meter_8975270827483686859:repMsg
BruceChen 01:37:16.662 [main] INFO  edu.bjut.boudia.myMain - meter_8975270827483686859:25912700
BruceChen 01:37:16.662 [main] INFO  edu.bjut.boudia.myMain - meter_4168470231038727311:repMsg
BruceChen 01:37:16.662 [main] INFO  edu.bjut.boudia.myMain - meter_4168470231038727311:25573400
BruceChen 01:37:16.662 [main] INFO  edu.bjut.boudia.myMain - meter_1840522654681950585:repMsg
BruceChen 01:37:16.662 [main] INFO  edu.bjut.boudia.myMain - meter_1840522654681950585:25756200
BruceChen 01:37:16.662 [main] INFO  edu.bjut.boudia.myMain - meter_1239978319451193523:repMsg
BruceChen 01:37:16.662 [main] INFO  edu.bjut.boudia.myMain - meter_1239978319451193523:25551700
BruceChen 01:37:16.662 [main] INFO  edu.bjut.boudia.myMain - meter_5238309626110725105:repMsg
BruceChen 01:37:16.662 [main] INFO  edu.bjut.boudia.myMain - meter_5238309626110725105:25657200
BruceChen 01:37:16.662 [main] INFO  edu.bjut.boudia.myMain - meter_8878897691033875367:repMsg
BruceChen 01:37:16.662 [main] INFO  edu.bjut.boudia.myMain - meter_8878897691033875367:25747000
BruceChen 01:37:16.662 [main] INFO  edu.bjut.boudia.myMain - meter_2368361680515510669:repMsg
BruceChen 01:37:16.662 [main] INFO  edu.bjut.boudia.myMain - meter_2368361680515510669:26682500
BruceChen 01:37:16.662 [main] INFO  edu.bjut.boudia.myMain - meter_6736778149932369897:repMsg
BruceChen 01:37:16.662 [main] INFO  edu.bjut.boudia.myMain - meter_6736778149932369897:25548200
BruceChen 01:37:16.662 [main] INFO  edu.bjut.boudia.myMain - meter_3736551905167692935:repMsg
BruceChen 01:37:16.662 [main] INFO  edu.bjut.boudia.myMain - meter_3736551905167692935:25701200
BruceChen 01:37:16.662 [main] INFO  edu.bjut.boudia.myMain - meter_5807865836859543967:repMsg
BruceChen 01:37:16.662 [main] INFO  edu.bjut.boudia.myMain - meter_5807865836859543967:25905600
BruceChen 01:37:16.662 [main] INFO  edu.bjut.boudia.myMain - meter_6935653371482632959:repMsg
BruceChen 01:37:16.662 [main] INFO  edu.bjut.boudia.myMain - meter_6935653371482632959:25867500
BruceChen 01:37:16.662 [main] INFO  edu.bjut.boudia.myMain - meter_8012949176460866069:repMsg
BruceChen 01:37:16.662 [main] INFO  edu.bjut.boudia.myMain - meter_8012949176460866069:25774900
BruceChen 01:37:16.662 [main] INFO  edu.bjut.boudia.myMain - meter_549769907599548351:repMsg
BruceChen 01:37:16.662 [main] INFO  edu.bjut.boudia.myMain - meter_549769907599548351:25580400
BruceChen 01:37:16.662 [main] INFO  edu.bjut.boudia.myMain - meter_8804093501709521963:repMsg
BruceChen 01:37:16.662 [main] INFO  edu.bjut.boudia.myMain - meter_8804093501709521963:25502900
BruceChen 01:37:16.662 [main] INFO  edu.bjut.boudia.myMain - meter_1946374432157098579:repMsg
BruceChen 01:37:16.662 [main] INFO  edu.bjut.boudia.myMain - meter_1946374432157098579:25679500
BruceChen 01:37:16.662 [main] INFO  edu.bjut.boudia.myMain - meter_2063862008565120615:repMsg
BruceChen 01:37:16.662 [main] INFO  edu.bjut.boudia.myMain - meter_2063862008565120615:26511100
BruceChen 01:37:16.662 [main] INFO  edu.bjut.boudia.myMain - meter_5937977008502110203:repMsg
BruceChen 01:37:16.662 [main] INFO  edu.bjut.boudia.myMain - meter_5937977008502110203:26395200
BruceChen 01:37:16.662 [main] INFO  edu.bjut.boudia.myMain - meter_6735368114607584439:repMsg
BruceChen 01:37:16.662 [main] INFO  edu.bjut.boudia.myMain - meter_6735368114607584439:25865400
BruceChen 01:37:16.662 [main] INFO  edu.bjut.boudia.myMain - meter_1845669663142361989:repMsg
BruceChen 01:37:16.662 [main] INFO  edu.bjut.boudia.myMain - meter_1845669663142361989:25810900
BruceChen 01:37:16.662 [main] INFO  edu.bjut.boudia.myMain - meter_6314942640674501353:repMsg
BruceChen 01:37:16.662 [main] INFO  edu.bjut.boudia.myMain - meter_6314942640674501353:25463500
