BruceChen 00:57:21.909 [main] INFO  edu.bjut.homo.myMain - meterRegTime
BruceChen 00:57:22.378 [main] INFO  edu.bjut.homo.myMain - kgc:reg_response,reg_response,reg_response,reg_response,reg_response,reg_response,reg_response,reg_response,reg_response,reg_response,reg_response,reg_response,reg_response,reg_response,reg_response,reg_response,reg_response,reg_response,reg_response,reg_response,reg_response,reg_response,reg_response,reg_response,reg_response,reg_response,reg_response,reg_response,reg_response,reg_response,reg_response,reg_response,reg_response,reg_response,reg_response,reg_response,reg_response,reg_response,reg_response,reg_response,reg_response,reg_response,reg_response,reg_response,reg_response,reg_response,reg_response,reg_response,reg_response,reg_response,reg_response,reg_response,reg_response,reg_response,reg_response,reg_response,reg_response,reg_response,reg_response,reg_response
BruceChen 00:57:22.393 [main] INFO  edu.bjut.homo.myMain - kgc:7842500,7537800,8000100,7661300,7599700,7583700,10118300,7507600,7466100,7441500,7393300,7343000,7584000,7381000,7428300,7375800,7497700,7555700,7285500,7464700,7485000,7266700,7458100,12431400,7437800,7269300,7273000,7363500,7295200,7282600,7286200,7399800,7403500,7321200,7241200,7229400,7407400,7216000,7420000,7235000,7526200,7243500,7271600,7275300,7235000,7546100,7465100,7310600,7352500,7530400,7237100,7260800,7528700,7585700,7206900,7395600,7212200,7330800,7260200,7245800
BruceChen 00:57:22.393 [main] INFO  edu.bjut.homo.myMain - meter_6985571519732201719:reg,reg_response
BruceChen 00:57:22.393 [main] INFO  edu.bjut.homo.myMain - meter_6985571519732201719:258800,301400
BruceChen 00:57:22.393 [main] INFO  edu.bjut.homo.myMain - meter_3203094663887254023:reg,reg_response
BruceChen 00:57:22.393 [main] INFO  edu.bjut.homo.myMain - meter_3203094663887254023:1653500,145800
BruceChen 00:57:22.393 [main] INFO  edu.bjut.homo.myMain - meter_2119061614143058431:reg,reg_response
BruceChen 00:57:22.393 [main] INFO  edu.bjut.homo.myMain - meter_2119061614143058431:37800,204500
BruceChen 00:57:22.393 [main] INFO  edu.bjut.homo.myMain - meter_8348885010265233185:reg,reg_response
BruceChen 00:57:22.393 [main] INFO  edu.bjut.homo.myMain - meter_8348885010265233185:39500,149500
BruceChen 00:57:22.393 [main] INFO  edu.bjut.homo.myMain - meter_2291419056205899143:reg,reg_response
BruceChen 00:57:22.393 [main] INFO  edu.bjut.homo.myMain - meter_2291419056205899143:41100,120200
BruceChen 00:57:22.393 [main] INFO  edu.bjut.homo.myMain - meter_3375170630956605197:reg,reg_response
BruceChen 00:57:22.393 [main] INFO  edu.bjut.homo.myMain - meter_3375170630956605197:27000,107900
BruceChen 00:57:22.393 [main] INFO  edu.bjut.homo.myMain - meter_5325588893845302181:reg,reg_response
BruceChen 00:57:22.393 [main] INFO  edu.bjut.homo.myMain - meter_5325588893845302181:27500,119300
BruceChen 00:57:22.393 [main] INFO  edu.bjut.homo.myMain - meter_5627334042518488163:reg,reg_response
BruceChen 00:57:22.393 [main] INFO  edu.bjut.homo.myMain - meter_5627334042518488163:28800,108200
BruceChen 00:57:22.393 [main] INFO  edu.bjut.homo.myMain - meter_5193488048742259755:reg,reg_response
BruceChen 00:57:22.393 [main] INFO  edu.bjut.homo.myMain - meter_5193488048742259755:26600,113400
BruceChen 00:57:22.393 [main] INFO  edu.bjut.homo.myMain - meter_3387492927775541557:reg,reg_response
BruceChen 00:57:22.393 [main] INFO  edu.bjut.homo.myMain - meter_3387492927775541557:26600,107300
BruceChen 00:57:22.393 [main] INFO  edu.bjut.homo.myMain - meter_8099858429156050133:reg,reg_response
BruceChen 00:57:22.393 [main] INFO  edu.bjut.homo.myMain - meter_8099858429156050133:27600,97900
BruceChen 00:57:22.393 [main] INFO  edu.bjut.homo.myMain - meter_437842659056463451:reg,reg_response
BruceChen 00:57:22.393 [main] INFO  edu.bjut.homo.myMain - meter_437842659056463451:26700,97400
BruceChen 00:57:22.393 [main] INFO  edu.bjut.homo.myMain - meter_1917617413006476743:reg,reg_response
BruceChen 00:57:22.393 [main] INFO  edu.bjut.homo.myMain - meter_1917617413006476743:33200,104100
BruceChen 00:57:22.393 [main] INFO  edu.bjut.homo.myMain - meter_5397224235331495125:reg,reg_response
BruceChen 00:57:22.393 [main] INFO  edu.bjut.homo.myMain - meter_5397224235331495125:27100,114200
BruceChen 00:57:22.393 [main] INFO  edu.bjut.homo.myMain - meter_4838321695931935119:reg,reg_response
BruceChen 00:57:22.393 [main] INFO  edu.bjut.homo.myMain - meter_4838321695931935119:27700,101600
BruceChen 00:57:22.393 [main] INFO  edu.bjut.homo.myMain - meter_4126079787501154189:reg,reg_response
BruceChen 00:57:22.393 [main] INFO  edu.bjut.homo.myMain - meter_4126079787501154189:27200,94700
BruceChen 00:57:22.393 [main] INFO  edu.bjut.homo.myMain - meter_583854054641429281:reg,reg_response
BruceChen 00:57:22.393 [main] INFO  edu.bjut.homo.myMain - meter_583854054641429281:26400,118900
BruceChen 00:57:22.393 [main] INFO  edu.bjut.homo.myMain - meter_2202516489618001991:reg,reg_response
BruceChen 00:57:22.393 [main] INFO  edu.bjut.homo.myMain - meter_2202516489618001991:38600,94600
BruceChen 00:57:22.393 [main] INFO  edu.bjut.homo.myMain - meter_6075574130207944095:reg,reg_response
BruceChen 00:57:22.393 [main] INFO  edu.bjut.homo.myMain - meter_6075574130207944095:26600,96600
BruceChen 00:57:22.393 [main] INFO  edu.bjut.homo.myMain - meter_5244003747009861929:reg,reg_response
BruceChen 00:57:22.393 [main] INFO  edu.bjut.homo.myMain - meter_5244003747009861929:26500,96300
BruceChen 00:57:22.393 [main] INFO  edu.bjut.homo.myMain - meter_3588715841041937615:reg,reg_response
BruceChen 00:57:22.393 [main] INFO  edu.bjut.homo.myMain - meter_3588715841041937615:32000,92400
BruceChen 00:57:22.393 [main] INFO  edu.bjut.homo.myMain - meter_1051873541260511225:reg,reg_response
BruceChen 00:57:22.393 [main] INFO  edu.bjut.homo.myMain - meter_1051873541260511225:26800,104000
BruceChen 00:57:22.393 [main] INFO  edu.bjut.homo.myMain - meter_5375683439089705309:reg,reg_response
BruceChen 00:57:22.393 [main] INFO  edu.bjut.homo.myMain - meter_5375683439089705309:27800,97700
BruceChen 00:57:22.393 [main] INFO  edu.bjut.homo.myMain - meter_4406986772210651679:reg,reg_response
BruceChen 00:57:22.393 [main] INFO  edu.bjut.homo.myMain - meter_4406986772210651679:27100,139700
BruceChen 00:57:22.393 [main] INFO  edu.bjut.homo.myMain - meter_1048718926522099739:reg,reg_response
BruceChen 00:57:22.393 [main] INFO  edu.bjut.homo.myMain - meter_1048718926522099739:27300,100700
BruceChen 00:57:22.393 [main] INFO  edu.bjut.homo.myMain - meter_499536549897440025:reg,reg_response
BruceChen 00:57:22.393 [main] INFO  edu.bjut.homo.myMain - meter_499536549897440025:54900,90000
BruceChen 00:57:22.393 [main] INFO  edu.bjut.homo.myMain - meter_6888115886663637825:reg,reg_response
BruceChen 00:57:22.393 [main] INFO  edu.bjut.homo.myMain - meter_6888115886663637825:26400,97500
BruceChen 00:57:22.393 [main] INFO  edu.bjut.homo.myMain - meter_6512856213699360453:reg,reg_response
BruceChen 00:57:22.393 [main] INFO  edu.bjut.homo.myMain - meter_6512856213699360453:52200,102300
BruceChen 00:57:22.393 [main] INFO  edu.bjut.homo.myMain - meter_4229736310145909927:reg,reg_response
BruceChen 00:57:22.393 [main] INFO  edu.bjut.homo.myMain - meter_4229736310145909927:26400,105000
BruceChen 00:57:22.393 [main] INFO  edu.bjut.homo.myMain - meter_6817597075336867297:reg,reg_response
BruceChen 00:57:22.393 [main] INFO  edu.bjut.homo.myMain - meter_6817597075336867297:30700,114100
BruceChen 00:57:22.393 [main] INFO  edu.bjut.homo.myMain - meter_9214627778221315209:reg,reg_response
BruceChen 00:57:22.393 [main] INFO  edu.bjut.homo.myMain - meter_9214627778221315209:25700,81900
BruceChen 00:57:22.393 [main] INFO  edu.bjut.homo.myMain - meter_1412800406929911335:reg,reg_response
BruceChen 00:57:22.393 [main] INFO  edu.bjut.homo.myMain - meter_1412800406929911335:25000,81100
BruceChen 00:57:22.393 [main] INFO  edu.bjut.homo.myMain - meter_9074816177029499895:reg,reg_response
BruceChen 00:57:22.393 [main] INFO  edu.bjut.homo.myMain - meter_9074816177029499895:24700,79400
BruceChen 00:57:22.393 [main] INFO  edu.bjut.homo.myMain - meter_7439591343974455011:reg,reg_response
BruceChen 00:57:22.393 [main] INFO  edu.bjut.homo.myMain - meter_7439591343974455011:27400,81300
BruceChen 00:57:22.393 [main] INFO  edu.bjut.homo.myMain - meter_2709564185956106367:reg,reg_response
BruceChen 00:57:22.393 [main] INFO  edu.bjut.homo.myMain - meter_2709564185956106367:24400,79200
BruceChen 00:57:22.393 [main] INFO  edu.bjut.homo.myMain - meter_724308096743604937:reg,reg_response
BruceChen 00:57:22.393 [main] INFO  edu.bjut.homo.myMain - meter_724308096743604937:24900,86600
BruceChen 00:57:22.393 [main] INFO  edu.bjut.homo.myMain - meter_8904329563101013423:reg,reg_response
BruceChen 00:57:22.393 [main] INFO  edu.bjut.homo.myMain - meter_8904329563101013423:26500,78600
BruceChen 00:57:22.393 [main] INFO  edu.bjut.homo.myMain - meter_5985857074243623923:reg,reg_response
BruceChen 00:57:22.393 [main] INFO  edu.bjut.homo.myMain - meter_5985857074243623923:24600,85400
BruceChen 00:57:22.393 [main] INFO  edu.bjut.homo.myMain - meter_8122745393836706529:reg,reg_response
BruceChen 00:57:22.393 [main] INFO  edu.bjut.homo.myMain - meter_8122745393836706529:26000,84300
BruceChen 00:57:22.393 [main] INFO  edu.bjut.homo.myMain - meter_6839780312505791861:reg,reg_response
BruceChen 00:57:22.393 [main] INFO  edu.bjut.homo.myMain - meter_6839780312505791861:25700,83500
BruceChen 00:57:22.393 [main] INFO  edu.bjut.homo.myMain - meter_8772649871021303089:reg,reg_response
BruceChen 00:57:22.393 [main] INFO  edu.bjut.homo.myMain - meter_8772649871021303089:23800,104900
BruceChen 00:57:22.393 [main] INFO  edu.bjut.homo.myMain - meter_5101037535374602581:reg,reg_response
BruceChen 00:57:22.393 [main] INFO  edu.bjut.homo.myMain - meter_5101037535374602581:28800,78500
BruceChen 00:57:22.393 [main] INFO  edu.bjut.homo.myMain - meter_7434253083650400231:reg,reg_response
BruceChen 00:57:22.393 [main] INFO  edu.bjut.homo.myMain - meter_7434253083650400231:27200,76500
BruceChen 00:57:22.393 [main] INFO  edu.bjut.homo.myMain - meter_8141882351856105655:reg,reg_response
BruceChen 00:57:22.393 [main] INFO  edu.bjut.homo.myMain - meter_8141882351856105655:23100,81900
BruceChen 00:57:22.393 [main] INFO  edu.bjut.homo.myMain - meter_629093878697984375:reg,reg_response
BruceChen 00:57:22.393 [main] INFO  edu.bjut.homo.myMain - meter_629093878697984375:22500,147500
BruceChen 00:57:22.393 [main] INFO  edu.bjut.homo.myMain - meter_7033484841338246895:reg,reg_response
BruceChen 00:57:22.393 [main] INFO  edu.bjut.homo.myMain - meter_7033484841338246895:36900,85000
BruceChen 00:57:22.393 [main] INFO  edu.bjut.homo.myMain - meter_1410678047962355719:reg,reg_response
BruceChen 00:57:22.393 [main] INFO  edu.bjut.homo.myMain - meter_1410678047962355719:22700,74300
BruceChen 00:57:22.393 [main] INFO  edu.bjut.homo.myMain - meter_1062127813651916203:reg,reg_response
BruceChen 00:57:22.393 [main] INFO  edu.bjut.homo.myMain - meter_1062127813651916203:23000,82300
BruceChen 00:57:22.393 [main] INFO  edu.bjut.homo.myMain - meter_6254724336605748683:reg,reg_response
BruceChen 00:57:22.393 [main] INFO  edu.bjut.homo.myMain - meter_6254724336605748683:24400,73800
BruceChen 00:57:22.393 [main] INFO  edu.bjut.homo.myMain - meter_9055256970753267025:reg,reg_response
BruceChen 00:57:22.393 [main] INFO  edu.bjut.homo.myMain - meter_9055256970753267025:22200,81000
BruceChen 00:57:22.393 [main] INFO  edu.bjut.homo.myMain - meter_1248041863891075397:reg,reg_response
BruceChen 00:57:22.393 [main] INFO  edu.bjut.homo.myMain - meter_1248041863891075397:23600,71600
BruceChen 00:57:22.393 [main] INFO  edu.bjut.homo.myMain - meter_7584678823672351815:reg,reg_response
BruceChen 00:57:22.393 [main] INFO  edu.bjut.homo.myMain - meter_7584678823672351815:21700,82000
BruceChen 00:57:22.393 [main] INFO  edu.bjut.homo.myMain - meter_7049828154847849041:reg,reg_response
BruceChen 00:57:22.393 [main] INFO  edu.bjut.homo.myMain - meter_7049828154847849041:23600,71900
BruceChen 00:57:22.393 [main] INFO  edu.bjut.homo.myMain - meter_8855823271519534435:reg,reg_response
BruceChen 00:57:22.393 [main] INFO  edu.bjut.homo.myMain - meter_8855823271519534435:22600,72500
BruceChen 00:57:22.393 [main] INFO  edu.bjut.homo.myMain - meter_3967300846201879215:reg,reg_response
BruceChen 00:57:22.393 [main] INFO  edu.bjut.homo.myMain - meter_3967300846201879215:22500,81800
BruceChen 00:57:22.393 [main] INFO  edu.bjut.homo.myMain - meter_9156792229647193881:reg,reg_response
BruceChen 00:57:22.393 [main] INFO  edu.bjut.homo.myMain - meter_9156792229647193881:22500,72200
BruceChen 00:57:22.393 [main] INFO  edu.bjut.homo.myMain - meter_1078752597843196439:reg,reg_response
BruceChen 00:57:22.393 [main] INFO  edu.bjut.homo.myMain - meter_1078752597843196439:22500,77000
BruceChen 00:57:22.393 [main] INFO  edu.bjut.homo.myMain - meter_4191040145850280011:reg,reg_response
BruceChen 00:57:22.393 [main] INFO  edu.bjut.homo.myMain - meter_4191040145850280011:22300,79500
BruceChen 00:57:22.393 [main] INFO  edu.bjut.homo.myMain - meter_4610834815864657505:reg,reg_response
BruceChen 00:57:22.393 [main] INFO  edu.bjut.homo.myMain - meter_4610834815864657505:23100,77700
BruceChen 00:57:22.393 [main] INFO  edu.bjut.homo.myMain - meter_1852657050362318423:reg,reg_response
BruceChen 00:57:22.393 [main] INFO  edu.bjut.homo.myMain - meter_1852657050362318423:28700,76900
BruceChen 00:57:22.393 [main] INFO  edu.bjut.homo.myMain - oneTimeMeterRepTime
BruceChen 00:57:23.316 [main] INFO  edu.bjut.homo.myMain - agg:resp_agg
BruceChen 00:57:23.316 [main] INFO  edu.bjut.homo.myMain - agg:301332900
BruceChen 00:57:23.316 [main] INFO  edu.bjut.homo.myMain - server:report_res
BruceChen 00:57:23.316 [main] INFO  edu.bjut.homo.myMain - server:14750600
BruceChen 00:57:23.316 [main] INFO  edu.bjut.homo.myMain - meter_6985571519732201719:report
BruceChen 00:57:23.316 [main] INFO  edu.bjut.homo.myMain - meter_6985571519732201719:21640900
BruceChen 00:57:23.316 [main] INFO  edu.bjut.homo.myMain - meter_3203094663887254023:report
BruceChen 00:57:23.316 [main] INFO  edu.bjut.homo.myMain - meter_3203094663887254023:10425900
BruceChen 00:57:23.316 [main] INFO  edu.bjut.homo.myMain - meter_2119061614143058431:report
BruceChen 00:57:23.316 [main] INFO  edu.bjut.homo.myMain - meter_2119061614143058431:9943500
BruceChen 00:57:23.316 [main] INFO  edu.bjut.homo.myMain - meter_8348885010265233185:report
BruceChen 00:57:23.316 [main] INFO  edu.bjut.homo.myMain - meter_8348885010265233185:9887500
BruceChen 00:57:23.316 [main] INFO  edu.bjut.homo.myMain - meter_2291419056205899143:report
BruceChen 00:57:23.316 [main] INFO  edu.bjut.homo.myMain - meter_2291419056205899143:9824100
BruceChen 00:57:23.316 [main] INFO  edu.bjut.homo.myMain - meter_3375170630956605197:report
BruceChen 00:57:23.316 [main] INFO  edu.bjut.homo.myMain - meter_3375170630956605197:9931500
BruceChen 00:57:23.316 [main] INFO  edu.bjut.homo.myMain - meter_5325588893845302181:report
BruceChen 00:57:23.316 [main] INFO  edu.bjut.homo.myMain - meter_5325588893845302181:9829700
BruceChen 00:57:23.316 [main] INFO  edu.bjut.homo.myMain - meter_5627334042518488163:report
BruceChen 00:57:23.316 [main] INFO  edu.bjut.homo.myMain - meter_5627334042518488163:9818300
BruceChen 00:57:23.316 [main] INFO  edu.bjut.homo.myMain - meter_5193488048742259755:report
BruceChen 00:57:23.316 [main] INFO  edu.bjut.homo.myMain - meter_5193488048742259755:9848500
BruceChen 00:57:23.316 [main] INFO  edu.bjut.homo.myMain - meter_3387492927775541557:report
BruceChen 00:57:23.316 [main] INFO  edu.bjut.homo.myMain - meter_3387492927775541557:9704900
BruceChen 00:57:23.316 [main] INFO  edu.bjut.homo.myMain - meter_8099858429156050133:report
BruceChen 00:57:23.316 [main] INFO  edu.bjut.homo.myMain - meter_8099858429156050133:9736200
BruceChen 00:57:23.316 [main] INFO  edu.bjut.homo.myMain - meter_437842659056463451:report
BruceChen 00:57:23.316 [main] INFO  edu.bjut.homo.myMain - meter_437842659056463451:9728700
BruceChen 00:57:23.316 [main] INFO  edu.bjut.homo.myMain - meter_1917617413006476743:report
BruceChen 00:57:23.316 [main] INFO  edu.bjut.homo.myMain - meter_1917617413006476743:9709000
BruceChen 00:57:23.316 [main] INFO  edu.bjut.homo.myMain - meter_5397224235331495125:report
BruceChen 00:57:23.316 [main] INFO  edu.bjut.homo.myMain - meter_5397224235331495125:9807500
BruceChen 00:57:23.316 [main] INFO  edu.bjut.homo.myMain - meter_4838321695931935119:report
BruceChen 00:57:23.316 [main] INFO  edu.bjut.homo.myMain - meter_4838321695931935119:9835000
BruceChen 00:57:23.316 [main] INFO  edu.bjut.homo.myMain - meter_4126079787501154189:report
BruceChen 00:57:23.316 [main] INFO  edu.bjut.homo.myMain - meter_4126079787501154189:12281800
BruceChen 00:57:23.316 [main] INFO  edu.bjut.homo.myMain - meter_583854054641429281:report
BruceChen 00:57:23.316 [main] INFO  edu.bjut.homo.myMain - meter_583854054641429281:9767100
BruceChen 00:57:23.316 [main] INFO  edu.bjut.homo.myMain - meter_2202516489618001991:report
BruceChen 00:57:23.316 [main] INFO  edu.bjut.homo.myMain - meter_2202516489618001991:9727000
BruceChen 00:57:23.316 [main] INFO  edu.bjut.homo.myMain - meter_6075574130207944095:report
BruceChen 00:57:23.316 [main] INFO  edu.bjut.homo.myMain - meter_6075574130207944095:9811800
BruceChen 00:57:23.316 [main] INFO  edu.bjut.homo.myMain - meter_5244003747009861929:report
BruceChen 00:57:23.316 [main] INFO  edu.bjut.homo.myMain - meter_5244003747009861929:9734600
BruceChen 00:57:23.316 [main] INFO  edu.bjut.homo.myMain - meter_3588715841041937615:report
BruceChen 00:57:23.316 [main] INFO  edu.bjut.homo.myMain - meter_3588715841041937615:9744300
BruceChen 00:57:23.316 [main] INFO  edu.bjut.homo.myMain - meter_1051873541260511225:report
BruceChen 00:57:23.316 [main] INFO  edu.bjut.homo.myMain - meter_1051873541260511225:9858100
BruceChen 00:57:23.316 [main] INFO  edu.bjut.homo.myMain - meter_5375683439089705309:report
BruceChen 00:57:23.316 [main] INFO  edu.bjut.homo.myMain - meter_5375683439089705309:9848400
BruceChen 00:57:23.316 [main] INFO  edu.bjut.homo.myMain - meter_4406986772210651679:report
BruceChen 00:57:23.316 [main] INFO  edu.bjut.homo.myMain - meter_4406986772210651679:9838000
BruceChen 00:57:23.316 [main] INFO  edu.bjut.homo.myMain - meter_1048718926522099739:report
BruceChen 00:57:23.316 [main] INFO  edu.bjut.homo.myMain - meter_1048718926522099739:9924600
BruceChen 00:57:23.316 [main] INFO  edu.bjut.homo.myMain - meter_499536549897440025:report
BruceChen 00:57:23.316 [main] INFO  edu.bjut.homo.myMain - meter_499536549897440025:9780600
BruceChen 00:57:23.316 [main] INFO  edu.bjut.homo.myMain - meter_6888115886663637825:report
BruceChen 00:57:23.316 [main] INFO  edu.bjut.homo.myMain - meter_6888115886663637825:9888900
BruceChen 00:57:23.316 [main] INFO  edu.bjut.homo.myMain - meter_6512856213699360453:report
BruceChen 00:57:23.316 [main] INFO  edu.bjut.homo.myMain - meter_6512856213699360453:9810400
BruceChen 00:57:23.316 [main] INFO  edu.bjut.homo.myMain - meter_4229736310145909927:report
BruceChen 00:57:23.316 [main] INFO  edu.bjut.homo.myMain - meter_4229736310145909927:9735800
BruceChen 00:57:23.316 [main] INFO  edu.bjut.homo.myMain - meter_6817597075336867297:report
BruceChen 00:57:23.316 [main] INFO  edu.bjut.homo.myMain - meter_6817597075336867297:9974100
BruceChen 00:57:23.316 [main] INFO  edu.bjut.homo.myMain - meter_9214627778221315209:report
BruceChen 00:57:23.316 [main] INFO  edu.bjut.homo.myMain - meter_9214627778221315209:9955900
BruceChen 00:57:23.316 [main] INFO  edu.bjut.homo.myMain - meter_1412800406929911335:report
BruceChen 00:57:23.316 [main] INFO  edu.bjut.homo.myMain - meter_1412800406929911335:9838600
BruceChen 00:57:23.316 [main] INFO  edu.bjut.homo.myMain - meter_9074816177029499895:report
BruceChen 00:57:23.316 [main] INFO  edu.bjut.homo.myMain - meter_9074816177029499895:9813800
BruceChen 00:57:23.316 [main] INFO  edu.bjut.homo.myMain - meter_7439591343974455011:report
BruceChen 00:57:23.316 [main] INFO  edu.bjut.homo.myMain - meter_7439591343974455011:9790400
BruceChen 00:57:23.316 [main] INFO  edu.bjut.homo.myMain - meter_2709564185956106367:report
BruceChen 00:57:23.316 [main] INFO  edu.bjut.homo.myMain - meter_2709564185956106367:9802300
BruceChen 00:57:23.316 [main] INFO  edu.bjut.homo.myMain - meter_724308096743604937:report
BruceChen 00:57:23.316 [main] INFO  edu.bjut.homo.myMain - meter_724308096743604937:9714400
BruceChen 00:57:23.316 [main] INFO  edu.bjut.homo.myMain - meter_8904329563101013423:report
BruceChen 00:57:23.316 [main] INFO  edu.bjut.homo.myMain - meter_8904329563101013423:9881600
BruceChen 00:57:23.316 [main] INFO  edu.bjut.homo.myMain - meter_5985857074243623923:report
BruceChen 00:57:23.316 [main] INFO  edu.bjut.homo.myMain - meter_5985857074243623923:10055100
BruceChen 00:57:23.316 [main] INFO  edu.bjut.homo.myMain - meter_8122745393836706529:report
BruceChen 00:57:23.316 [main] INFO  edu.bjut.homo.myMain - meter_8122745393836706529:9605300
BruceChen 00:57:23.316 [main] INFO  edu.bjut.homo.myMain - meter_6839780312505791861:report
BruceChen 00:57:23.316 [main] INFO  edu.bjut.homo.myMain - meter_6839780312505791861:9657800
BruceChen 00:57:23.316 [main] INFO  edu.bjut.homo.myMain - meter_8772649871021303089:report
BruceChen 00:57:23.316 [main] INFO  edu.bjut.homo.myMain - meter_8772649871021303089:9568800
BruceChen 00:57:23.316 [main] INFO  edu.bjut.homo.myMain - meter_5101037535374602581:report
BruceChen 00:57:23.316 [main] INFO  edu.bjut.homo.myMain - meter_5101037535374602581:9572600
BruceChen 00:57:23.316 [main] INFO  edu.bjut.homo.myMain - meter_7434253083650400231:report
BruceChen 00:57:23.316 [main] INFO  edu.bjut.homo.myMain - meter_7434253083650400231:9558800
BruceChen 00:57:23.316 [main] INFO  edu.bjut.homo.myMain - meter_8141882351856105655:report
BruceChen 00:57:23.316 [main] INFO  edu.bjut.homo.myMain - meter_8141882351856105655:9555200
BruceChen 00:57:23.316 [main] INFO  edu.bjut.homo.myMain - meter_629093878697984375:report
BruceChen 00:57:23.316 [main] INFO  edu.bjut.homo.myMain - meter_629093878697984375:9580700
BruceChen 00:57:23.316 [main] INFO  edu.bjut.homo.myMain - meter_7033484841338246895:report
BruceChen 00:57:23.316 [main] INFO  edu.bjut.homo.myMain - meter_7033484841338246895:9568300
BruceChen 00:57:23.316 [main] INFO  edu.bjut.homo.myMain - meter_1410678047962355719:report
BruceChen 00:57:23.316 [main] INFO  edu.bjut.homo.myMain - meter_1410678047962355719:9668100
BruceChen 00:57:23.316 [main] INFO  edu.bjut.homo.myMain - meter_1062127813651916203:report
BruceChen 00:57:23.316 [main] INFO  edu.bjut.homo.myMain - meter_1062127813651916203:9572300
BruceChen 00:57:23.316 [main] INFO  edu.bjut.homo.myMain - meter_6254724336605748683:report
BruceChen 00:57:23.316 [main] INFO  edu.bjut.homo.myMain - meter_6254724336605748683:9539900
BruceChen 00:57:23.316 [main] INFO  edu.bjut.homo.myMain - meter_9055256970753267025:report
BruceChen 00:57:23.316 [main] INFO  edu.bjut.homo.myMain - meter_9055256970753267025:9522400
BruceChen 00:57:23.316 [main] INFO  edu.bjut.homo.myMain - meter_1248041863891075397:report
BruceChen 00:57:23.316 [main] INFO  edu.bjut.homo.myMain - meter_1248041863891075397:9509500
BruceChen 00:57:23.316 [main] INFO  edu.bjut.homo.myMain - meter_7584678823672351815:report
BruceChen 00:57:23.316 [main] INFO  edu.bjut.homo.myMain - meter_7584678823672351815:12121900
BruceChen 00:57:23.316 [main] INFO  edu.bjut.homo.myMain - meter_7049828154847849041:report
BruceChen 00:57:23.316 [main] INFO  edu.bjut.homo.myMain - meter_7049828154847849041:9559300
BruceChen 00:57:23.316 [main] INFO  edu.bjut.homo.myMain - meter_8855823271519534435:report
BruceChen 00:57:23.316 [main] INFO  edu.bjut.homo.myMain - meter_8855823271519534435:9617900
BruceChen 00:57:23.316 [main] INFO  edu.bjut.homo.myMain - meter_3967300846201879215:report
BruceChen 00:57:23.316 [main] INFO  edu.bjut.homo.myMain - meter_3967300846201879215:9590400
BruceChen 00:57:23.316 [main] INFO  edu.bjut.homo.myMain - meter_9156792229647193881:report
BruceChen 00:57:23.316 [main] INFO  edu.bjut.homo.myMain - meter_9156792229647193881:9572600
BruceChen 00:57:23.316 [main] INFO  edu.bjut.homo.myMain - meter_1078752597843196439:report
BruceChen 00:57:23.316 [main] INFO  edu.bjut.homo.myMain - meter_1078752597843196439:9582000
BruceChen 00:57:23.316 [main] INFO  edu.bjut.homo.myMain - meter_4191040145850280011:report
BruceChen 00:57:23.316 [main] INFO  edu.bjut.homo.myMain - meter_4191040145850280011:9580700
BruceChen 00:57:23.316 [main] INFO  edu.bjut.homo.myMain - meter_4610834815864657505:report
BruceChen 00:57:23.316 [main] INFO  edu.bjut.homo.myMain - meter_4610834815864657505:9492800
BruceChen 00:57:23.316 [main] INFO  edu.bjut.homo.myMain - meter_1852657050362318423:report
BruceChen 00:57:23.316 [main] INFO  edu.bjut.homo.myMain - meter_1852657050362318423:9562500
BruceChen 00:57:27.301 [main] INFO  edu.bjut.homo.myMain - meterRegTime
BruceChen 00:57:27.676 [main] INFO  edu.bjut.homo.myMain - kgc:reg_response,reg_response,reg_response,reg_response,reg_response,reg_response,reg_response,reg_response,reg_response,reg_response,reg_response,reg_response,reg_response,reg_response,reg_response,reg_response,reg_response,reg_response,reg_response,reg_response,reg_response,reg_response,reg_response,reg_response,reg_response,reg_response,reg_response,reg_response,reg_response,reg_response,reg_response,reg_response,reg_response,reg_response,reg_response,reg_response,reg_response,reg_response,reg_response,reg_response,reg_response,reg_response,reg_response,reg_response,reg_response,reg_response,reg_response,reg_response,reg_response,reg_response
BruceChen 00:57:27.676 [main] INFO  edu.bjut.homo.myMain - kgc:7267800,7241700,7542200,7182200,7825200,7190500,7245800,7222700,7137800,7136500,7582600,7124600,7280600,7139500,7070600,7067900,6979600,7097700,7123900,7150600,6915800,7154100,7007700,7013700,7020500,7089200,7082300,7046800,7138400,7136200,7026100,7114000,7215100,7162200,7452100,7261400,7129000,7119000,7105200,7129100,7085000,7071300,7232800,7118100,7123100,9723700,7216200,7242300,7303700,7394400
BruceChen 00:57:27.676 [main] INFO  edu.bjut.homo.myMain - meter_3839021379838513163:reg,reg_response
BruceChen 00:57:27.676 [main] INFO  edu.bjut.homo.myMain - meter_3839021379838513163:36300,43000
BruceChen 00:57:27.676 [main] INFO  edu.bjut.homo.myMain - meter_6196209379315964581:reg,reg_response
BruceChen 00:57:27.676 [main] INFO  edu.bjut.homo.myMain - meter_6196209379315964581:10000,57000
BruceChen 00:57:27.676 [main] INFO  edu.bjut.homo.myMain - meter_7363209612628012537:reg,reg_response
BruceChen 00:57:27.676 [main] INFO  edu.bjut.homo.myMain - meter_7363209612628012537:9600,63300
BruceChen 00:57:27.676 [main] INFO  edu.bjut.homo.myMain - meter_7526977024716624715:reg,reg_response
BruceChen 00:57:27.676 [main] INFO  edu.bjut.homo.myMain - meter_7526977024716624715:14100,141200
BruceChen 00:57:27.676 [main] INFO  edu.bjut.homo.myMain - meter_5729994186259222705:reg,reg_response
BruceChen 00:57:27.676 [main] INFO  edu.bjut.homo.myMain - meter_5729994186259222705:9700,44600
BruceChen 00:57:27.676 [main] INFO  edu.bjut.homo.myMain - meter_8611008974949126491:reg,reg_response
BruceChen 00:57:27.676 [main] INFO  edu.bjut.homo.myMain - meter_8611008974949126491:7700,32900
BruceChen 00:57:27.676 [main] INFO  edu.bjut.homo.myMain - meter_236043416136268901:reg,reg_response
BruceChen 00:57:27.676 [main] INFO  edu.bjut.homo.myMain - meter_236043416136268901:7400,33400
BruceChen 00:57:27.676 [main] INFO  edu.bjut.homo.myMain - meter_6326758938578293729:reg,reg_response
BruceChen 00:57:27.676 [main] INFO  edu.bjut.homo.myMain - meter_6326758938578293729:7800,32000
BruceChen 00:57:27.676 [main] INFO  edu.bjut.homo.myMain - meter_3420387458669653099:reg,reg_response
BruceChen 00:57:27.676 [main] INFO  edu.bjut.homo.myMain - meter_3420387458669653099:7100,32500
BruceChen 00:57:27.676 [main] INFO  edu.bjut.homo.myMain - meter_4389084125548706455:reg,reg_response
BruceChen 00:57:27.676 [main] INFO  edu.bjut.homo.myMain - meter_4389084125548706455:7000,30100
BruceChen 00:57:27.676 [main] INFO  edu.bjut.homo.myMain - meter_6728768071260907049:reg,reg_response
BruceChen 00:57:27.676 [main] INFO  edu.bjut.homo.myMain - meter_6728768071260907049:6900,31700
BruceChen 00:57:27.676 [main] INFO  edu.bjut.homo.myMain - meter_3172492114167604883:reg,reg_response
BruceChen 00:57:27.676 [main] INFO  edu.bjut.homo.myMain - meter_3172492114167604883:7000,31900
BruceChen 00:57:27.676 [main] INFO  edu.bjut.homo.myMain - meter_8363145345986841381:reg,reg_response
BruceChen 00:57:27.676 [main] INFO  edu.bjut.homo.myMain - meter_8363145345986841381:7000,29800
BruceChen 00:57:27.676 [main] INFO  edu.bjut.homo.myMain - meter_383186044033532805:reg,reg_response
BruceChen 00:57:27.676 [main] INFO  edu.bjut.homo.myMain - meter_383186044033532805:7000,31800
BruceChen 00:57:27.676 [main] INFO  edu.bjut.homo.myMain - meter_8930963017278856375:reg,reg_response
BruceChen 00:57:27.676 [main] INFO  edu.bjut.homo.myMain - meter_8930963017278856375:6900,31900
BruceChen 00:57:27.676 [main] INFO  edu.bjut.homo.myMain - meter_6921231709722901541:reg,reg_response
BruceChen 00:57:27.676 [main] INFO  edu.bjut.homo.myMain - meter_6921231709722901541:6500,29300
BruceChen 00:57:27.676 [main] INFO  edu.bjut.homo.myMain - meter_3791439004144103099:reg,reg_response
BruceChen 00:57:27.676 [main] INFO  edu.bjut.homo.myMain - meter_3791439004144103099:6500,30000
BruceChen 00:57:27.676 [main] INFO  edu.bjut.homo.myMain - meter_7962266346121677147:reg,reg_response
BruceChen 00:57:27.676 [main] INFO  edu.bjut.homo.myMain - meter_7962266346121677147:6700,31800
BruceChen 00:57:27.676 [main] INFO  edu.bjut.homo.myMain - meter_8750540200659148409:reg,reg_response
BruceChen 00:57:27.676 [main] INFO  edu.bjut.homo.myMain - meter_8750540200659148409:7200,31900
BruceChen 00:57:27.676 [main] INFO  edu.bjut.homo.myMain - meter_4285427598608917141:reg,reg_response
BruceChen 00:57:27.676 [main] INFO  edu.bjut.homo.myMain - meter_4285427598608917141:7000,31300
BruceChen 00:57:27.676 [main] INFO  edu.bjut.homo.myMain - meter_3736244126767531481:reg,reg_response
BruceChen 00:57:27.676 [main] INFO  edu.bjut.homo.myMain - meter_3736244126767531481:7100,30000
BruceChen 00:57:27.676 [main] INFO  edu.bjut.homo.myMain - meter_904626734806595001:reg,reg_response
BruceChen 00:57:27.676 [main] INFO  edu.bjut.homo.myMain - meter_904626734806595001:6800,29400
BruceChen 00:57:27.676 [main] INFO  edu.bjut.homo.myMain - meter_6832706073177340167:reg,reg_response
BruceChen 00:57:27.676 [main] INFO  edu.bjut.homo.myMain - meter_6832706073177340167:10300,30300
BruceChen 00:57:27.676 [main] INFO  edu.bjut.homo.myMain - meter_3276148641107392417:reg,reg_response
BruceChen 00:57:27.676 [main] INFO  edu.bjut.homo.myMain - meter_3276148641107392417:6900,29700
BruceChen 00:57:27.676 [main] INFO  edu.bjut.homo.myMain - meter_8698323292169064915:reg,reg_response
BruceChen 00:57:27.676 [main] INFO  edu.bjut.homo.myMain - meter_8698323292169064915:6600,28900
BruceChen 00:57:27.676 [main] INFO  edu.bjut.homo.myMain - meter_4268802818712474651:reg,reg_response
BruceChen 00:57:27.676 [main] INFO  edu.bjut.homo.myMain - meter_4268802818712474651:6500,33000
BruceChen 00:57:27.676 [main] INFO  edu.bjut.homo.myMain - meter_5614700250700830911:reg,reg_response
BruceChen 00:57:27.676 [main] INFO  edu.bjut.homo.myMain - meter_5614700250700830911:6800,30900
BruceChen 00:57:27.676 [main] INFO  edu.bjut.homo.myMain - meter_8751463017051367313:reg,reg_response
BruceChen 00:57:27.676 [main] INFO  edu.bjut.homo.myMain - meter_8751463017051367313:6900,30600
BruceChen 00:57:27.676 [main] INFO  edu.bjut.homo.myMain - meter_5371471154534153871:reg,reg_response
BruceChen 00:57:27.676 [main] INFO  edu.bjut.homo.myMain - meter_5371471154534153871:7000,43700
BruceChen 00:57:27.676 [main] INFO  edu.bjut.homo.myMain - meter_109922177034135001:reg,reg_response
BruceChen 00:57:27.676 [main] INFO  edu.bjut.homo.myMain - meter_109922177034135001:7100,29500
BruceChen 00:57:27.676 [main] INFO  edu.bjut.homo.myMain - meter_4777684375396471641:reg,reg_response
BruceChen 00:57:27.676 [main] INFO  edu.bjut.homo.myMain - meter_4777684375396471641:6900,30100
BruceChen 00:57:27.676 [main] INFO  edu.bjut.homo.myMain - meter_3867923814552407223:reg,reg_response
BruceChen 00:57:27.676 [main] INFO  edu.bjut.homo.myMain - meter_3867923814552407223:6900,33200
BruceChen 00:57:27.676 [main] INFO  edu.bjut.homo.myMain - meter_9202215274290618587:reg,reg_response
BruceChen 00:57:27.676 [main] INFO  edu.bjut.homo.myMain - meter_9202215274290618587:6900,35500
BruceChen 00:57:27.676 [main] INFO  edu.bjut.homo.myMain - meter_1159212859815114715:reg,reg_response
BruceChen 00:57:27.676 [main] INFO  edu.bjut.homo.myMain - meter_1159212859815114715:7400,41200
BruceChen 00:57:27.676 [main] INFO  edu.bjut.homo.myMain - meter_8455093096507537287:reg,reg_response
BruceChen 00:57:27.676 [main] INFO  edu.bjut.homo.myMain - meter_8455093096507537287:7300,36700
BruceChen 00:57:27.676 [main] INFO  edu.bjut.homo.myMain - meter_112214162520407289:reg,reg_response
BruceChen 00:57:27.676 [main] INFO  edu.bjut.homo.myMain - meter_112214162520407289:8500,28300
BruceChen 00:57:27.676 [main] INFO  edu.bjut.homo.myMain - meter_7066601759614236647:reg,reg_response
BruceChen 00:57:27.676 [main] INFO  edu.bjut.homo.myMain - meter_7066601759614236647:6300,38100
BruceChen 00:57:27.676 [main] INFO  edu.bjut.homo.myMain - meter_2814849455822971545:reg,reg_response
BruceChen 00:57:27.676 [main] INFO  edu.bjut.homo.myMain - meter_2814849455822971545:6200,53800
BruceChen 00:57:27.676 [main] INFO  edu.bjut.homo.myMain - meter_877174642793251529:reg,reg_response
BruceChen 00:57:27.676 [main] INFO  edu.bjut.homo.myMain - meter_877174642793251529:6300,28100
BruceChen 00:57:27.676 [main] INFO  edu.bjut.homo.myMain - meter_4384655809683413375:reg,reg_response
BruceChen 00:57:27.676 [main] INFO  edu.bjut.homo.myMain - meter_4384655809683413375:6200,28800
BruceChen 00:57:27.676 [main] INFO  edu.bjut.homo.myMain - meter_6867168064675409941:reg,reg_response
BruceChen 00:57:27.676 [main] INFO  edu.bjut.homo.myMain - meter_6867168064675409941:6300,26600
BruceChen 00:57:27.676 [main] INFO  edu.bjut.homo.myMain - meter_564738993470688845:reg,reg_response
BruceChen 00:57:27.676 [main] INFO  edu.bjut.homo.myMain - meter_564738993470688845:6100,28700
BruceChen 00:57:27.676 [main] INFO  edu.bjut.homo.myMain - meter_3063874937437302295:reg,reg_response
BruceChen 00:57:27.676 [main] INFO  edu.bjut.homo.myMain - meter_3063874937437302295:6200,28700
BruceChen 00:57:27.676 [main] INFO  edu.bjut.homo.myMain - meter_476295642928154463:reg,reg_response
BruceChen 00:57:27.676 [main] INFO  edu.bjut.homo.myMain - meter_476295642928154463:6300,28100
BruceChen 00:57:27.676 [main] INFO  edu.bjut.homo.myMain - meter_1697278334779585545:reg,reg_response
BruceChen 00:57:27.676 [main] INFO  edu.bjut.homo.myMain - meter_1697278334779585545:6600,59900
BruceChen 00:57:27.676 [main] INFO  edu.bjut.homo.myMain - meter_3679888496250609065:reg,reg_response
BruceChen 00:57:27.676 [main] INFO  edu.bjut.homo.myMain - meter_3679888496250609065:6400,28400
BruceChen 00:57:27.676 [main] INFO  edu.bjut.homo.myMain - meter_5847673120745444881:reg,reg_response
BruceChen 00:57:27.676 [main] INFO  edu.bjut.homo.myMain - meter_5847673120745444881:6600,26800
BruceChen 00:57:27.676 [main] INFO  edu.bjut.homo.myMain - meter_5284157941103967445:reg,reg_response
BruceChen 00:57:27.676 [main] INFO  edu.bjut.homo.myMain - meter_5284157941103967445:6100,34700
BruceChen 00:57:27.676 [main] INFO  edu.bjut.homo.myMain - meter_7322908796982252473:reg,reg_response
BruceChen 00:57:27.676 [main] INFO  edu.bjut.homo.myMain - meter_7322908796982252473:6500,26700
BruceChen 00:57:27.676 [main] INFO  edu.bjut.homo.myMain - meter_3982055906048621515:reg,reg_response
BruceChen 00:57:27.676 [main] INFO  edu.bjut.homo.myMain - meter_3982055906048621515:6100,28600
BruceChen 00:57:27.676 [main] INFO  edu.bjut.homo.myMain - oneTimeMeterRepTime
BruceChen 00:57:28.420 [main] INFO  edu.bjut.homo.myMain - agg:resp_agg
BruceChen 00:57:28.420 [main] INFO  edu.bjut.homo.myMain - agg:245186200
BruceChen 00:57:28.420 [main] INFO  edu.bjut.homo.myMain - server:report_res
BruceChen 00:57:28.420 [main] INFO  edu.bjut.homo.myMain - server:14223600
BruceChen 00:57:28.420 [main] INFO  edu.bjut.homo.myMain - meter_3839021379838513163:report
BruceChen 00:57:28.420 [main] INFO  edu.bjut.homo.myMain - meter_3839021379838513163:10485400
BruceChen 00:57:28.420 [main] INFO  edu.bjut.homo.myMain - meter_6196209379315964581:report
BruceChen 00:57:28.420 [main] INFO  edu.bjut.homo.myMain - meter_6196209379315964581:9558200
BruceChen 00:57:28.420 [main] INFO  edu.bjut.homo.myMain - meter_7363209612628012537:report
BruceChen 00:57:28.420 [main] INFO  edu.bjut.homo.myMain - meter_7363209612628012537:9595900
BruceChen 00:57:28.420 [main] INFO  edu.bjut.homo.myMain - meter_7526977024716624715:report
BruceChen 00:57:28.420 [main] INFO  edu.bjut.homo.myMain - meter_7526977024716624715:9659600
BruceChen 00:57:28.420 [main] INFO  edu.bjut.homo.myMain - meter_5729994186259222705:report
BruceChen 00:57:28.420 [main] INFO  edu.bjut.homo.myMain - meter_5729994186259222705:9606800
BruceChen 00:57:28.420 [main] INFO  edu.bjut.homo.myMain - meter_8611008974949126491:report
BruceChen 00:57:28.420 [main] INFO  edu.bjut.homo.myMain - meter_8611008974949126491:9928500
BruceChen 00:57:28.420 [main] INFO  edu.bjut.homo.myMain - meter_236043416136268901:report
BruceChen 00:57:28.420 [main] INFO  edu.bjut.homo.myMain - meter_236043416136268901:9911700
BruceChen 00:57:28.420 [main] INFO  edu.bjut.homo.myMain - meter_6326758938578293729:report
BruceChen 00:57:28.420 [main] INFO  edu.bjut.homo.myMain - meter_6326758938578293729:9761700
BruceChen 00:57:28.420 [main] INFO  edu.bjut.homo.myMain - meter_3420387458669653099:report
BruceChen 00:57:28.420 [main] INFO  edu.bjut.homo.myMain - meter_3420387458669653099:9694800
BruceChen 00:57:28.420 [main] INFO  edu.bjut.homo.myMain - meter_4389084125548706455:report
BruceChen 00:57:28.420 [main] INFO  edu.bjut.homo.myMain - meter_4389084125548706455:9633100
BruceChen 00:57:28.420 [main] INFO  edu.bjut.homo.myMain - meter_6728768071260907049:report
BruceChen 00:57:28.420 [main] INFO  edu.bjut.homo.myMain - meter_6728768071260907049:9579800
BruceChen 00:57:28.420 [main] INFO  edu.bjut.homo.myMain - meter_3172492114167604883:report
BruceChen 00:57:28.420 [main] INFO  edu.bjut.homo.myMain - meter_3172492114167604883:9561400
BruceChen 00:57:28.420 [main] INFO  edu.bjut.homo.myMain - meter_8363145345986841381:report
BruceChen 00:57:28.420 [main] INFO  edu.bjut.homo.myMain - meter_8363145345986841381:9550800
BruceChen 00:57:28.420 [main] INFO  edu.bjut.homo.myMain - meter_383186044033532805:report
BruceChen 00:57:28.420 [main] INFO  edu.bjut.homo.myMain - meter_383186044033532805:9567900
BruceChen 00:57:28.420 [main] INFO  edu.bjut.homo.myMain - meter_8930963017278856375:report
BruceChen 00:57:28.420 [main] INFO  edu.bjut.homo.myMain - meter_8930963017278856375:9582200
BruceChen 00:57:28.420 [main] INFO  edu.bjut.homo.myMain - meter_6921231709722901541:report
BruceChen 00:57:28.420 [main] INFO  edu.bjut.homo.myMain - meter_6921231709722901541:9586100
BruceChen 00:57:28.420 [main] INFO  edu.bjut.homo.myMain - meter_3791439004144103099:report
BruceChen 00:57:28.420 [main] INFO  edu.bjut.homo.myMain - meter_3791439004144103099:9570500
BruceChen 00:57:28.420 [main] INFO  edu.bjut.homo.myMain - meter_7962266346121677147:report
BruceChen 00:57:28.420 [main] INFO  edu.bjut.homo.myMain - meter_7962266346121677147:9552200
BruceChen 00:57:28.420 [main] INFO  edu.bjut.homo.myMain - meter_8750540200659148409:report
BruceChen 00:57:28.420 [main] INFO  edu.bjut.homo.myMain - meter_8750540200659148409:9470200
BruceChen 00:57:28.420 [main] INFO  edu.bjut.homo.myMain - meter_4285427598608917141:report
BruceChen 00:57:28.420 [main] INFO  edu.bjut.homo.myMain - meter_4285427598608917141:9413800
BruceChen 00:57:28.420 [main] INFO  edu.bjut.homo.myMain - meter_3736244126767531481:report
BruceChen 00:57:28.420 [main] INFO  edu.bjut.homo.myMain - meter_3736244126767531481:9540600
BruceChen 00:57:28.420 [main] INFO  edu.bjut.homo.myMain - meter_904626734806595001:report
BruceChen 00:57:28.420 [main] INFO  edu.bjut.homo.myMain - meter_904626734806595001:9408300
BruceChen 00:57:28.420 [main] INFO  edu.bjut.homo.myMain - meter_6832706073177340167:report
BruceChen 00:57:28.420 [main] INFO  edu.bjut.homo.myMain - meter_6832706073177340167:9466600
BruceChen 00:57:28.420 [main] INFO  edu.bjut.homo.myMain - meter_3276148641107392417:report
BruceChen 00:57:28.420 [main] INFO  edu.bjut.homo.myMain - meter_3276148641107392417:9470100
BruceChen 00:57:28.420 [main] INFO  edu.bjut.homo.myMain - meter_8698323292169064915:report
BruceChen 00:57:28.420 [main] INFO  edu.bjut.homo.myMain - meter_8698323292169064915:9504100
BruceChen 00:57:28.420 [main] INFO  edu.bjut.homo.myMain - meter_4268802818712474651:report
BruceChen 00:57:28.420 [main] INFO  edu.bjut.homo.myMain - meter_4268802818712474651:9454600
BruceChen 00:57:28.420 [main] INFO  edu.bjut.homo.myMain - meter_5614700250700830911:report
BruceChen 00:57:28.420 [main] INFO  edu.bjut.homo.myMain - meter_5614700250700830911:9363800
BruceChen 00:57:28.420 [main] INFO  edu.bjut.homo.myMain - meter_8751463017051367313:report
BruceChen 00:57:28.420 [main] INFO  edu.bjut.homo.myMain - meter_8751463017051367313:9462900
BruceChen 00:57:28.420 [main] INFO  edu.bjut.homo.myMain - meter_5371471154534153871:report
BruceChen 00:57:28.420 [main] INFO  edu.bjut.homo.myMain - meter_5371471154534153871:9286000
BruceChen 00:57:28.420 [main] INFO  edu.bjut.homo.myMain - meter_109922177034135001:report
BruceChen 00:57:28.420 [main] INFO  edu.bjut.homo.myMain - meter_109922177034135001:9309000
BruceChen 00:57:28.420 [main] INFO  edu.bjut.homo.myMain - meter_4777684375396471641:report
BruceChen 00:57:28.420 [main] INFO  edu.bjut.homo.myMain - meter_4777684375396471641:9302300
BruceChen 00:57:28.420 [main] INFO  edu.bjut.homo.myMain - meter_3867923814552407223:report
BruceChen 00:57:28.420 [main] INFO  edu.bjut.homo.myMain - meter_3867923814552407223:9292500
BruceChen 00:57:28.420 [main] INFO  edu.bjut.homo.myMain - meter_9202215274290618587:report
BruceChen 00:57:28.420 [main] INFO  edu.bjut.homo.myMain - meter_9202215274290618587:9307500
BruceChen 00:57:28.420 [main] INFO  edu.bjut.homo.myMain - meter_1159212859815114715:report
BruceChen 00:57:28.420 [main] INFO  edu.bjut.homo.myMain - meter_1159212859815114715:9322600
BruceChen 00:57:28.420 [main] INFO  edu.bjut.homo.myMain - meter_8455093096507537287:report
BruceChen 00:57:28.420 [main] INFO  edu.bjut.homo.myMain - meter_8455093096507537287:12006600
BruceChen 00:57:28.420 [main] INFO  edu.bjut.homo.myMain - meter_112214162520407289:report
BruceChen 00:57:28.420 [main] INFO  edu.bjut.homo.myMain - meter_112214162520407289:9490200
BruceChen 00:57:28.420 [main] INFO  edu.bjut.homo.myMain - meter_7066601759614236647:report
BruceChen 00:57:28.420 [main] INFO  edu.bjut.homo.myMain - meter_7066601759614236647:9511400
BruceChen 00:57:28.420 [main] INFO  edu.bjut.homo.myMain - meter_2814849455822971545:report
BruceChen 00:57:28.420 [main] INFO  edu.bjut.homo.myMain - meter_2814849455822971545:9554400
BruceChen 00:57:28.420 [main] INFO  edu.bjut.homo.myMain - meter_877174642793251529:report
BruceChen 00:57:28.420 [main] INFO  edu.bjut.homo.myMain - meter_877174642793251529:9578300
BruceChen 00:57:28.420 [main] INFO  edu.bjut.homo.myMain - meter_4384655809683413375:report
BruceChen 00:57:28.420 [main] INFO  edu.bjut.homo.myMain - meter_4384655809683413375:9517800
BruceChen 00:57:28.420 [main] INFO  edu.bjut.homo.myMain - meter_6867168064675409941:report
BruceChen 00:57:28.420 [main] INFO  edu.bjut.homo.myMain - meter_6867168064675409941:9463200
BruceChen 00:57:28.420 [main] INFO  edu.bjut.homo.myMain - meter_564738993470688845:report
BruceChen 00:57:28.420 [main] INFO  edu.bjut.homo.myMain - meter_564738993470688845:9473600
BruceChen 00:57:28.420 [main] INFO  edu.bjut.homo.myMain - meter_3063874937437302295:report
BruceChen 00:57:28.420 [main] INFO  edu.bjut.homo.myMain - meter_3063874937437302295:9511400
BruceChen 00:57:28.420 [main] INFO  edu.bjut.homo.myMain - meter_476295642928154463:report
BruceChen 00:57:28.420 [main] INFO  edu.bjut.homo.myMain - meter_476295642928154463:9599400
BruceChen 00:57:28.420 [main] INFO  edu.bjut.homo.myMain - meter_1697278334779585545:report
BruceChen 00:57:28.420 [main] INFO  edu.bjut.homo.myMain - meter_1697278334779585545:9545600
BruceChen 00:57:28.420 [main] INFO  edu.bjut.homo.myMain - meter_3679888496250609065:report
BruceChen 00:57:28.420 [main] INFO  edu.bjut.homo.myMain - meter_3679888496250609065:9501000
BruceChen 00:57:28.420 [main] INFO  edu.bjut.homo.myMain - meter_5847673120745444881:report
BruceChen 00:57:28.420 [main] INFO  edu.bjut.homo.myMain - meter_5847673120745444881:9468400
BruceChen 00:57:28.420 [main] INFO  edu.bjut.homo.myMain - meter_5284157941103967445:report
BruceChen 00:57:28.420 [main] INFO  edu.bjut.homo.myMain - meter_5284157941103967445:9545200
BruceChen 00:57:28.420 [main] INFO  edu.bjut.homo.myMain - meter_7322908796982252473:report
BruceChen 00:57:28.420 [main] INFO  edu.bjut.homo.myMain - meter_7322908796982252473:9505400
BruceChen 00:57:28.420 [main] INFO  edu.bjut.homo.myMain - meter_3982055906048621515:report
BruceChen 00:57:28.420 [main] INFO  edu.bjut.homo.myMain - meter_3982055906048621515:9472200
BruceChen 00:57:31.353 [main] INFO  edu.bjut.homo.myMain - meterRegTime
BruceChen 00:57:31.650 [main] INFO  edu.bjut.homo.myMain - kgc:reg_response,reg_response,reg_response,reg_response,reg_response,reg_response,reg_response,reg_response,reg_response,reg_response,reg_response,reg_response,reg_response,reg_response,reg_response,reg_response,reg_response,reg_response,reg_response,reg_response,reg_response,reg_response,reg_response,reg_response,reg_response,reg_response,reg_response,reg_response,reg_response,reg_response,reg_response,reg_response,reg_response,reg_response,reg_response,reg_response,reg_response,reg_response,reg_response,reg_response
BruceChen 00:57:31.650 [main] INFO  edu.bjut.homo.myMain - kgc:7580000,7237900,7291700,7254700,7225900,7311100,7128300,7548000,7288400,7297800,7364000,7229200,7146400,7201000,7264000,7274200,7130700,7233200,7287400,7127200,7121300,7094400,7186000,7121100,7285400,7298600,7137400,7270300,7243100,7110000,7108600,7208800,7144000,7624700,7109700,7153900,7220700,7241400,7143700,7189300
BruceChen 00:57:31.650 [main] INFO  edu.bjut.homo.myMain - meter_8460651549485116619:reg,reg_response
BruceChen 00:57:31.650 [main] INFO  edu.bjut.homo.myMain - meter_8460651549485116619:30200,26300
BruceChen 00:57:31.650 [main] INFO  edu.bjut.homo.myMain - meter_2820406809305697473:reg,reg_response
BruceChen 00:57:31.650 [main] INFO  edu.bjut.homo.myMain - meter_2820406809305697473:8800,23300
BruceChen 00:57:31.650 [main] INFO  edu.bjut.homo.myMain - meter_6546881981200607591:reg,reg_response
BruceChen 00:57:31.650 [main] INFO  edu.bjut.homo.myMain - meter_6546881981200607591:6500,22200
BruceChen 00:57:31.650 [main] INFO  edu.bjut.homo.myMain - meter_3688662850584748861:reg,reg_response
BruceChen 00:57:31.650 [main] INFO  edu.bjut.homo.myMain - meter_3688662850584748861:6300,23100
BruceChen 00:57:31.650 [main] INFO  edu.bjut.homo.myMain - meter_5060530498503494721:reg,reg_response
BruceChen 00:57:31.650 [main] INFO  edu.bjut.homo.myMain - meter_5060530498503494721:9200,21600
BruceChen 00:57:31.650 [main] INFO  edu.bjut.homo.myMain - meter_7791260324729693537:reg,reg_response
BruceChen 00:57:31.650 [main] INFO  edu.bjut.homo.myMain - meter_7791260324729693537:6400,22800
BruceChen 00:57:31.650 [main] INFO  edu.bjut.homo.myMain - meter_2403258062721055711:reg,reg_response
BruceChen 00:57:31.650 [main] INFO  edu.bjut.homo.myMain - meter_2403258062721055711:6600,32000
BruceChen 00:57:31.650 [main] INFO  edu.bjut.homo.myMain - meter_7211047893601661267:reg,reg_response
BruceChen 00:57:31.650 [main] INFO  edu.bjut.homo.myMain - meter_7211047893601661267:6200,42500
BruceChen 00:57:31.650 [main] INFO  edu.bjut.homo.myMain - meter_1072490417337171297:reg,reg_response
BruceChen 00:57:31.650 [main] INFO  edu.bjut.homo.myMain - meter_1072490417337171297:6700,22000
BruceChen 00:57:31.650 [main] INFO  edu.bjut.homo.myMain - meter_9067912655124745607:reg,reg_response
BruceChen 00:57:31.650 [main] INFO  edu.bjut.homo.myMain - meter_9067912655124745607:6100,21800
BruceChen 00:57:31.650 [main] INFO  edu.bjut.homo.myMain - meter_2987960096349179271:reg,reg_response
BruceChen 00:57:31.650 [main] INFO  edu.bjut.homo.myMain - meter_2987960096349179271:6300,21700
BruceChen 00:57:31.650 [main] INFO  edu.bjut.homo.myMain - meter_8331617780868626749:reg,reg_response
BruceChen 00:57:31.650 [main] INFO  edu.bjut.homo.myMain - meter_8331617780868626749:6100,24900
BruceChen 00:57:31.650 [main] INFO  edu.bjut.homo.myMain - meter_982812755420473437:reg,reg_response
BruceChen 00:57:31.650 [main] INFO  edu.bjut.homo.myMain - meter_982812755420473437:6200,24100
BruceChen 00:57:31.650 [main] INFO  edu.bjut.homo.myMain - meter_2473305150561166071:reg,reg_response
BruceChen 00:57:31.650 [main] INFO  edu.bjut.homo.myMain - meter_2473305150561166071:6400,31300
BruceChen 00:57:31.650 [main] INFO  edu.bjut.homo.myMain - meter_7762240776424140005:reg,reg_response
BruceChen 00:57:31.650 [main] INFO  edu.bjut.homo.myMain - meter_7762240776424140005:6200,34700
BruceChen 00:57:31.650 [main] INFO  edu.bjut.homo.myMain - meter_6373748344314115715:reg,reg_response
BruceChen 00:57:31.650 [main] INFO  edu.bjut.homo.myMain - meter_6373748344314115715:8400,34500
BruceChen 00:57:31.650 [main] INFO  edu.bjut.homo.myMain - meter_5794886238656989563:reg,reg_response
BruceChen 00:57:31.650 [main] INFO  edu.bjut.homo.myMain - meter_5794886238656989563:6500,23400
BruceChen 00:57:31.650 [main] INFO  edu.bjut.homo.myMain - meter_2238328802275298553:reg,reg_response
BruceChen 00:57:31.650 [main] INFO  edu.bjut.homo.myMain - meter_2238328802275298553:6300,28800
BruceChen 00:57:31.650 [main] INFO  edu.bjut.homo.myMain - meter_7948338055823329653:reg,reg_response
BruceChen 00:57:31.650 [main] INFO  edu.bjut.homo.myMain - meter_7948338055823329653:6200,28600
BruceChen 00:57:31.650 [main] INFO  edu.bjut.homo.myMain - meter_7298433578638735739:reg,reg_response
BruceChen 00:57:31.650 [main] INFO  edu.bjut.homo.myMain - meter_7298433578638735739:6000,20100
BruceChen 00:57:31.650 [main] INFO  edu.bjut.homo.myMain - meter_1674813622633886325:reg,reg_response
BruceChen 00:57:31.650 [main] INFO  edu.bjut.homo.myMain - meter_1674813622633886325:6000,21000
BruceChen 00:57:31.650 [main] INFO  edu.bjut.homo.myMain - meter_2442346459563184817:reg,reg_response
BruceChen 00:57:31.650 [main] INFO  edu.bjut.homo.myMain - meter_2442346459563184817:5900,19900
BruceChen 00:57:31.650 [main] INFO  edu.bjut.homo.myMain - meter_1114492447483472729:reg,reg_response
BruceChen 00:57:31.650 [main] INFO  edu.bjut.homo.myMain - meter_1114492447483472729:5700,22800
BruceChen 00:57:31.650 [main] INFO  edu.bjut.homo.myMain - meter_4656717076553444757:reg,reg_response
BruceChen 00:57:31.650 [main] INFO  edu.bjut.homo.myMain - meter_4656717076553444757:6500,21000
BruceChen 00:57:31.650 [main] INFO  edu.bjut.homo.myMain - meter_2284914794770786895:reg,reg_response
BruceChen 00:57:31.650 [main] INFO  edu.bjut.homo.myMain - meter_2284914794770786895:6300,21300
BruceChen 00:57:31.650 [main] INFO  edu.bjut.homo.myMain - meter_457090374628873057:reg,reg_response
BruceChen 00:57:31.650 [main] INFO  edu.bjut.homo.myMain - meter_457090374628873057:6100,20700
BruceChen 00:57:31.650 [main] INFO  edu.bjut.homo.myMain - meter_6385168613521610575:reg,reg_response
BruceChen 00:57:31.650 [main] INFO  edu.bjut.homo.myMain - meter_6385168613521610575:6000,21100
BruceChen 00:57:31.650 [main] INFO  edu.bjut.homo.myMain - meter_2828612280929736095:reg,reg_response
BruceChen 00:57:31.650 [main] INFO  edu.bjut.homo.myMain - meter_2828612280929736095:6200,31900
BruceChen 00:57:31.650 [main] INFO  edu.bjut.homo.myMain - meter_1557466733587703551:reg,reg_response
BruceChen 00:57:31.650 [main] INFO  edu.bjut.homo.myMain - meter_1557466733587703551:5800,21400
BruceChen 00:57:31.650 [main] INFO  edu.bjut.homo.myMain - meter_2193039507250332111:reg,reg_response
BruceChen 00:57:31.650 [main] INFO  edu.bjut.homo.myMain - meter_2193039507250332111:5900,19900
BruceChen 00:57:31.650 [main] INFO  edu.bjut.homo.myMain - meter_1363517924819680043:reg,reg_response
BruceChen 00:57:31.650 [main] INFO  edu.bjut.homo.myMain - meter_1363517924819680043:5900,23000
BruceChen 00:57:31.650 [main] INFO  edu.bjut.homo.myMain - meter_7051698978687303489:reg,reg_response
BruceChen 00:57:31.650 [main] INFO  edu.bjut.homo.myMain - meter_7051698978687303489:6100,22800
BruceChen 00:57:31.650 [main] INFO  edu.bjut.homo.myMain - meter_3495141546617290709:reg,reg_response
BruceChen 00:57:31.650 [main] INFO  edu.bjut.homo.myMain - meter_3495141546617290709:5900,20600
BruceChen 00:57:31.650 [main] INFO  edu.bjut.homo.myMain - meter_1771085510479871061:reg,reg_response
BruceChen 00:57:31.650 [main] INFO  edu.bjut.homo.myMain - meter_1771085510479871061:5800,20100
BruceChen 00:57:31.650 [main] INFO  edu.bjut.homo.myMain - meter_2927175054750367247:reg,reg_response
BruceChen 00:57:31.650 [main] INFO  edu.bjut.homo.myMain - meter_2927175054750367247:5700,20700
BruceChen 00:57:31.650 [main] INFO  edu.bjut.homo.myMain - meter_7308369772740087279:reg,reg_response
BruceChen 00:57:31.650 [main] INFO  edu.bjut.homo.myMain - meter_7308369772740087279:5800,20700
BruceChen 00:57:31.650 [main] INFO  edu.bjut.homo.myMain - meter_3708760323509524117:reg,reg_response
BruceChen 00:57:31.650 [main] INFO  edu.bjut.homo.myMain - meter_3708760323509524117:6100,29400
BruceChen 00:57:31.650 [main] INFO  edu.bjut.homo.myMain - meter_5097251660402890019:reg,reg_response
BruceChen 00:57:31.650 [main] INFO  edu.bjut.homo.myMain - meter_5097251660402890019:6500,32500
BruceChen 00:57:31.650 [main] INFO  edu.bjut.homo.myMain - meter_8694569128475701639:reg,reg_response
BruceChen 00:57:31.650 [main] INFO  edu.bjut.homo.myMain - meter_8694569128475701639:6100,20900
BruceChen 00:57:31.650 [main] INFO  edu.bjut.homo.myMain - meter_2303697806223298261:reg,reg_response
BruceChen 00:57:31.650 [main] INFO  edu.bjut.homo.myMain - meter_2303697806223298261:5800,20900
BruceChen 00:57:31.650 [main] INFO  edu.bjut.homo.myMain - oneTimeMeterRepTime
BruceChen 00:57:32.237 [main] INFO  edu.bjut.homo.myMain - agg:resp_agg
BruceChen 00:57:32.237 [main] INFO  edu.bjut.homo.myMain - agg:197719500
BruceChen 00:57:32.237 [main] INFO  edu.bjut.homo.myMain - server:report_res
BruceChen 00:57:32.237 [main] INFO  edu.bjut.homo.myMain - server:14589700
BruceChen 00:57:32.237 [main] INFO  edu.bjut.homo.myMain - meter_8460651549485116619:report
BruceChen 00:57:32.237 [main] INFO  edu.bjut.homo.myMain - meter_8460651549485116619:9537400
BruceChen 00:57:32.237 [main] INFO  edu.bjut.homo.myMain - meter_2820406809305697473:report
BruceChen 00:57:32.237 [main] INFO  edu.bjut.homo.myMain - meter_2820406809305697473:9631800
BruceChen 00:57:32.237 [main] INFO  edu.bjut.homo.myMain - meter_6546881981200607591:report
BruceChen 00:57:32.237 [main] INFO  edu.bjut.homo.myMain - meter_6546881981200607591:9500400
BruceChen 00:57:32.237 [main] INFO  edu.bjut.homo.myMain - meter_3688662850584748861:report
BruceChen 00:57:32.237 [main] INFO  edu.bjut.homo.myMain - meter_3688662850584748861:9561200
BruceChen 00:57:32.237 [main] INFO  edu.bjut.homo.myMain - meter_5060530498503494721:report
BruceChen 00:57:32.237 [main] INFO  edu.bjut.homo.myMain - meter_5060530498503494721:9544700
BruceChen 00:57:32.237 [main] INFO  edu.bjut.homo.myMain - meter_7791260324729693537:report
BruceChen 00:57:32.237 [main] INFO  edu.bjut.homo.myMain - meter_7791260324729693537:9579400
BruceChen 00:57:32.237 [main] INFO  edu.bjut.homo.myMain - meter_2403258062721055711:report
BruceChen 00:57:32.237 [main] INFO  edu.bjut.homo.myMain - meter_2403258062721055711:9491700
BruceChen 00:57:32.237 [main] INFO  edu.bjut.homo.myMain - meter_7211047893601661267:report
BruceChen 00:57:32.237 [main] INFO  edu.bjut.homo.myMain - meter_7211047893601661267:9423400
BruceChen 00:57:32.237 [main] INFO  edu.bjut.homo.myMain - meter_1072490417337171297:report
BruceChen 00:57:32.237 [main] INFO  edu.bjut.homo.myMain - meter_1072490417337171297:9407400
BruceChen 00:57:32.237 [main] INFO  edu.bjut.homo.myMain - meter_9067912655124745607:report
BruceChen 00:57:32.237 [main] INFO  edu.bjut.homo.myMain - meter_9067912655124745607:9406700
BruceChen 00:57:32.237 [main] INFO  edu.bjut.homo.myMain - meter_2987960096349179271:report
BruceChen 00:57:32.237 [main] INFO  edu.bjut.homo.myMain - meter_2987960096349179271:9411300
BruceChen 00:57:32.237 [main] INFO  edu.bjut.homo.myMain - meter_8331617780868626749:report
BruceChen 00:57:32.237 [main] INFO  edu.bjut.homo.myMain - meter_8331617780868626749:9370400
BruceChen 00:57:32.237 [main] INFO  edu.bjut.homo.myMain - meter_982812755420473437:report
BruceChen 00:57:32.237 [main] INFO  edu.bjut.homo.myMain - meter_982812755420473437:9240700
BruceChen 00:57:32.237 [main] INFO  edu.bjut.homo.myMain - meter_2473305150561166071:report
BruceChen 00:57:32.237 [main] INFO  edu.bjut.homo.myMain - meter_2473305150561166071:9240500
BruceChen 00:57:32.237 [main] INFO  edu.bjut.homo.myMain - meter_7762240776424140005:report
BruceChen 00:57:32.237 [main] INFO  edu.bjut.homo.myMain - meter_7762240776424140005:9206100
BruceChen 00:57:32.237 [main] INFO  edu.bjut.homo.myMain - meter_6373748344314115715:report
BruceChen 00:57:32.237 [main] INFO  edu.bjut.homo.myMain - meter_6373748344314115715:9213200
BruceChen 00:57:32.237 [main] INFO  edu.bjut.homo.myMain - meter_5794886238656989563:report
BruceChen 00:57:32.237 [main] INFO  edu.bjut.homo.myMain - meter_5794886238656989563:9206600
BruceChen 00:57:32.237 [main] INFO  edu.bjut.homo.myMain - meter_2238328802275298553:report
BruceChen 00:57:32.237 [main] INFO  edu.bjut.homo.myMain - meter_2238328802275298553:12663200
BruceChen 00:57:32.237 [main] INFO  edu.bjut.homo.myMain - meter_7948338055823329653:report
BruceChen 00:57:32.237 [main] INFO  edu.bjut.homo.myMain - meter_7948338055823329653:9531600
BruceChen 00:57:32.237 [main] INFO  edu.bjut.homo.myMain - meter_7298433578638735739:report
BruceChen 00:57:32.237 [main] INFO  edu.bjut.homo.myMain - meter_7298433578638735739:9517400
BruceChen 00:57:32.237 [main] INFO  edu.bjut.homo.myMain - meter_1674813622633886325:report
BruceChen 00:57:32.237 [main] INFO  edu.bjut.homo.myMain - meter_1674813622633886325:9535400
BruceChen 00:57:32.237 [main] INFO  edu.bjut.homo.myMain - meter_2442346459563184817:report
BruceChen 00:57:32.237 [main] INFO  edu.bjut.homo.myMain - meter_2442346459563184817:9422200
BruceChen 00:57:32.237 [main] INFO  edu.bjut.homo.myMain - meter_1114492447483472729:report
BruceChen 00:57:32.237 [main] INFO  edu.bjut.homo.myMain - meter_1114492447483472729:10064300
BruceChen 00:57:32.237 [main] INFO  edu.bjut.homo.myMain - meter_4656717076553444757:report
BruceChen 00:57:32.237 [main] INFO  edu.bjut.homo.myMain - meter_4656717076553444757:9393700
BruceChen 00:57:32.237 [main] INFO  edu.bjut.homo.myMain - meter_2284914794770786895:report
BruceChen 00:57:32.237 [main] INFO  edu.bjut.homo.myMain - meter_2284914794770786895:9371800
BruceChen 00:57:32.237 [main] INFO  edu.bjut.homo.myMain - meter_457090374628873057:report
BruceChen 00:57:32.237 [main] INFO  edu.bjut.homo.myMain - meter_457090374628873057:9406000
BruceChen 00:57:32.237 [main] INFO  edu.bjut.homo.myMain - meter_6385168613521610575:report
BruceChen 00:57:32.237 [main] INFO  edu.bjut.homo.myMain - meter_6385168613521610575:9419800
BruceChen 00:57:32.237 [main] INFO  edu.bjut.homo.myMain - meter_2828612280929736095:report
BruceChen 00:57:32.237 [main] INFO  edu.bjut.homo.myMain - meter_2828612280929736095:9382100
BruceChen 00:57:32.237 [main] INFO  edu.bjut.homo.myMain - meter_1557466733587703551:report
BruceChen 00:57:32.237 [main] INFO  edu.bjut.homo.myMain - meter_1557466733587703551:9319600
BruceChen 00:57:32.237 [main] INFO  edu.bjut.homo.myMain - meter_2193039507250332111:report
BruceChen 00:57:32.237 [main] INFO  edu.bjut.homo.myMain - meter_2193039507250332111:9201600
BruceChen 00:57:32.237 [main] INFO  edu.bjut.homo.myMain - meter_1363517924819680043:report
BruceChen 00:57:32.237 [main] INFO  edu.bjut.homo.myMain - meter_1363517924819680043:9332200
BruceChen 00:57:32.237 [main] INFO  edu.bjut.homo.myMain - meter_7051698978687303489:report
BruceChen 00:57:32.237 [main] INFO  edu.bjut.homo.myMain - meter_7051698978687303489:9354300
BruceChen 00:57:32.237 [main] INFO  edu.bjut.homo.myMain - meter_3495141546617290709:report
BruceChen 00:57:32.237 [main] INFO  edu.bjut.homo.myMain - meter_3495141546617290709:9630500
BruceChen 00:57:32.237 [main] INFO  edu.bjut.homo.myMain - meter_1771085510479871061:report
BruceChen 00:57:32.237 [main] INFO  edu.bjut.homo.myMain - meter_1771085510479871061:9435400
BruceChen 00:57:32.237 [main] INFO  edu.bjut.homo.myMain - meter_2927175054750367247:report
BruceChen 00:57:32.237 [main] INFO  edu.bjut.homo.myMain - meter_2927175054750367247:9367900
BruceChen 00:57:32.237 [main] INFO  edu.bjut.homo.myMain - meter_7308369772740087279:report
BruceChen 00:57:32.237 [main] INFO  edu.bjut.homo.myMain - meter_7308369772740087279:9334700
BruceChen 00:57:32.237 [main] INFO  edu.bjut.homo.myMain - meter_3708760323509524117:report
BruceChen 00:57:32.237 [main] INFO  edu.bjut.homo.myMain - meter_3708760323509524117:9216200
BruceChen 00:57:32.237 [main] INFO  edu.bjut.homo.myMain - meter_5097251660402890019:report
BruceChen 00:57:32.237 [main] INFO  edu.bjut.homo.myMain - meter_5097251660402890019:9310600
BruceChen 00:57:32.237 [main] INFO  edu.bjut.homo.myMain - meter_8694569128475701639:report
BruceChen 00:57:32.237 [main] INFO  edu.bjut.homo.myMain - meter_8694569128475701639:9460000
BruceChen 00:57:32.237 [main] INFO  edu.bjut.homo.myMain - meter_2303697806223298261:report
BruceChen 00:57:32.237 [main] INFO  edu.bjut.homo.myMain - meter_2303697806223298261:9455100
BruceChen 00:57:34.464 [main] INFO  edu.bjut.homo.myMain - meterRegTime
BruceChen 00:57:34.683 [main] INFO  edu.bjut.homo.myMain - kgc:reg_response,reg_response,reg_response,reg_response,reg_response,reg_response,reg_response,reg_response,reg_response,reg_response,reg_response,reg_response,reg_response,reg_response,reg_response,reg_response,reg_response,reg_response,reg_response,reg_response,reg_response,reg_response,reg_response,reg_response,reg_response,reg_response,reg_response,reg_response,reg_response,reg_response
BruceChen 00:57:34.683 [main] INFO  edu.bjut.homo.myMain - kgc:7431300,7359300,7316300,7704500,7484800,7415200,7382100,7549100,7209900,7225500,7122500,7211200,7189500,7293900,7382500,7113800,7170200,7204500,7180400,7264600,7160800,7098200,7321600,7180400,7176800,7110400,7123400,8597500,7158000,7212600
BruceChen 00:57:34.683 [main] INFO  edu.bjut.homo.myMain - meter_3178154745702029353:reg,reg_response
BruceChen 00:57:34.683 [main] INFO  edu.bjut.homo.myMain - meter_3178154745702029353:38200,46800
BruceChen 00:57:34.683 [main] INFO  edu.bjut.homo.myMain - meter_893023236439134189:reg,reg_response
BruceChen 00:57:34.683 [main] INFO  edu.bjut.homo.myMain - meter_893023236439134189:7100,29500
BruceChen 00:57:34.683 [main] INFO  edu.bjut.homo.myMain - meter_5954441370484949575:reg,reg_response
BruceChen 00:57:34.683 [main] INFO  edu.bjut.homo.myMain - meter_5954441370484949575:6500,22200
BruceChen 00:57:34.683 [main] INFO  edu.bjut.homo.myMain - meter_6998070458124935307:reg,reg_response
BruceChen 00:57:34.683 [main] INFO  edu.bjut.homo.myMain - meter_6998070458124935307:6200,47700
BruceChen 00:57:34.683 [main] INFO  edu.bjut.homo.myMain - meter_3714599151952250657:reg,reg_response
BruceChen 00:57:34.683 [main] INFO  edu.bjut.homo.myMain - meter_3714599151952250657:8200,28400
BruceChen 00:57:34.683 [main] INFO  edu.bjut.homo.myMain - meter_1808579074662912297:reg,reg_response
BruceChen 00:57:34.683 [main] INFO  edu.bjut.homo.myMain - meter_1808579074662912297:7300,23000
BruceChen 00:57:34.683 [main] INFO  edu.bjut.homo.myMain - meter_9194218218569950497:reg,reg_response
BruceChen 00:57:34.683 [main] INFO  edu.bjut.homo.myMain - meter_9194218218569950497:7100,22800
BruceChen 00:57:34.683 [main] INFO  edu.bjut.homo.myMain - meter_2959160740697149479:reg,reg_response
BruceChen 00:57:34.683 [main] INFO  edu.bjut.homo.myMain - meter_2959160740697149479:6000,21000
BruceChen 00:57:34.683 [main] INFO  edu.bjut.homo.myMain - meter_1681429745411828723:reg,reg_response
BruceChen 00:57:34.683 [main] INFO  edu.bjut.homo.myMain - meter_1681429745411828723:6100,19500
BruceChen 00:57:34.683 [main] INFO  edu.bjut.homo.myMain - meter_5980868599159320141:reg,reg_response
BruceChen 00:57:34.683 [main] INFO  edu.bjut.homo.myMain - meter_5980868599159320141:5700,19900
BruceChen 00:57:34.683 [main] INFO  edu.bjut.homo.myMain - meter_1021485927667561673:reg,reg_response
BruceChen 00:57:34.683 [main] INFO  edu.bjut.homo.myMain - meter_1021485927667561673:5800,19900
BruceChen 00:57:34.683 [main] INFO  edu.bjut.homo.myMain - meter_3547046960125429259:reg,reg_response
BruceChen 00:57:34.683 [main] INFO  edu.bjut.homo.myMain - meter_3547046960125429259:5800,20600
BruceChen 00:57:34.683 [main] INFO  edu.bjut.homo.myMain - meter_2364687973847574235:reg,reg_response
BruceChen 00:57:34.683 [main] INFO  edu.bjut.homo.myMain - meter_2364687973847574235:5900,20700
BruceChen 00:57:34.683 [main] INFO  edu.bjut.homo.myMain - meter_4328631129389735151:reg,reg_response
BruceChen 00:57:34.683 [main] INFO  edu.bjut.homo.myMain - meter_4328631129389735151:6100,20000
BruceChen 00:57:34.683 [main] INFO  edu.bjut.homo.myMain - meter_7755520475089416137:reg,reg_response
BruceChen 00:57:34.683 [main] INFO  edu.bjut.homo.myMain - meter_7755520475089416137:5600,23000
BruceChen 00:57:34.683 [main] INFO  edu.bjut.homo.myMain - meter_8319035654714116323:reg,reg_response
BruceChen 00:57:34.683 [main] INFO  edu.bjut.homo.myMain - meter_8319035654714116323:6300,22100
BruceChen 00:57:34.683 [main] INFO  edu.bjut.homo.myMain - meter_657018789431358325:reg,reg_response
BruceChen 00:57:34.683 [main] INFO  edu.bjut.homo.myMain - meter_657018789431358325:5700,20400
BruceChen 00:57:34.683 [main] INFO  edu.bjut.homo.myMain - meter_2860730621295030761:reg,reg_response
BruceChen 00:57:34.683 [main] INFO  edu.bjut.homo.myMain - meter_2860730621295030761:5900,19800
BruceChen 00:57:34.683 [main] INFO  edu.bjut.homo.myMain - meter_2401099831181699051:reg,reg_response
BruceChen 00:57:34.683 [main] INFO  edu.bjut.homo.myMain - meter_2401099831181699051:5800,19900
BruceChen 00:57:34.683 [main] INFO  edu.bjut.homo.myMain - meter_7834444996308822697:reg,reg_response
BruceChen 00:57:34.683 [main] INFO  edu.bjut.homo.myMain - meter_7834444996308822697:5800,20000
BruceChen 00:57:34.683 [main] INFO  edu.bjut.homo.myMain - meter_2194201359919090055:reg,reg_response
BruceChen 00:57:34.683 [main] INFO  edu.bjut.homo.myMain - meter_2194201359919090055:5900,19600
BruceChen 00:57:34.683 [main] INFO  edu.bjut.homo.myMain - meter_5048301219437796125:reg,reg_response
BruceChen 00:57:34.683 [main] INFO  edu.bjut.homo.myMain - meter_5048301219437796125:5800,19600
BruceChen 00:57:34.683 [main] INFO  edu.bjut.homo.myMain - meter_256526542594534723:reg,reg_response
BruceChen 00:57:34.683 [main] INFO  edu.bjut.homo.myMain - meter_256526542594534723:5600,19900
BruceChen 00:57:34.683 [main] INFO  edu.bjut.homo.myMain - meter_4362266355584110019:reg,reg_response
BruceChen 00:57:34.683 [main] INFO  edu.bjut.homo.myMain - meter_4362266355584110019:5900,19800
BruceChen 00:57:34.683 [main] INFO  edu.bjut.homo.myMain - meter_3020046725453032745:reg,reg_response
BruceChen 00:57:34.683 [main] INFO  edu.bjut.homo.myMain - meter_3020046725453032745:5700,19000
BruceChen 00:57:34.683 [main] INFO  edu.bjut.homo.myMain - meter_7143440512294395655:reg,reg_response
BruceChen 00:57:34.683 [main] INFO  edu.bjut.homo.myMain - meter_7143440512294395655:5600,19600
BruceChen 00:57:34.683 [main] INFO  edu.bjut.homo.myMain - meter_7979429392649822565:reg,reg_response
BruceChen 00:57:34.683 [main] INFO  edu.bjut.homo.myMain - meter_7979429392649822565:5500,19300
BruceChen 00:57:34.683 [main] INFO  edu.bjut.homo.myMain - meter_5812672871205479965:reg,reg_response
BruceChen 00:57:34.683 [main] INFO  edu.bjut.homo.myMain - meter_5812672871205479965:8200,22300
BruceChen 00:57:34.683 [main] INFO  edu.bjut.homo.myMain - meter_3151726413221129809:reg,reg_response
BruceChen 00:57:34.683 [main] INFO  edu.bjut.homo.myMain - meter_3151726413221129809:6400,20300
BruceChen 00:57:34.683 [main] INFO  edu.bjut.homo.myMain - meter_8645958658337507055:reg,reg_response
BruceChen 00:57:34.683 [main] INFO  edu.bjut.homo.myMain - meter_8645958658337507055:5700,20000
BruceChen 00:57:34.683 [main] INFO  edu.bjut.homo.myMain - oneTimeMeterRepTime
BruceChen 00:57:35.137 [main] INFO  edu.bjut.homo.myMain - agg:resp_agg
BruceChen 00:57:35.137 [main] INFO  edu.bjut.homo.myMain - agg:147809600
BruceChen 00:57:35.137 [main] INFO  edu.bjut.homo.myMain - server:report_res
BruceChen 00:57:35.137 [main] INFO  edu.bjut.homo.myMain - server:14435400
BruceChen 00:57:35.137 [main] INFO  edu.bjut.homo.myMain - meter_3178154745702029353:report
BruceChen 00:57:35.137 [main] INFO  edu.bjut.homo.myMain - meter_3178154745702029353:10473500
BruceChen 00:57:35.137 [main] INFO  edu.bjut.homo.myMain - meter_893023236439134189:report
BruceChen 00:57:35.137 [main] INFO  edu.bjut.homo.myMain - meter_893023236439134189:9598500
BruceChen 00:57:35.137 [main] INFO  edu.bjut.homo.myMain - meter_5954441370484949575:report
BruceChen 00:57:35.137 [main] INFO  edu.bjut.homo.myMain - meter_5954441370484949575:9446800
BruceChen 00:57:35.137 [main] INFO  edu.bjut.homo.myMain - meter_6998070458124935307:report
BruceChen 00:57:35.137 [main] INFO  edu.bjut.homo.myMain - meter_6998070458124935307:9584200
BruceChen 00:57:35.137 [main] INFO  edu.bjut.homo.myMain - meter_3714599151952250657:report
BruceChen 00:57:35.137 [main] INFO  edu.bjut.homo.myMain - meter_3714599151952250657:9581100
BruceChen 00:57:35.137 [main] INFO  edu.bjut.homo.myMain - meter_1808579074662912297:report
BruceChen 00:57:35.137 [main] INFO  edu.bjut.homo.myMain - meter_1808579074662912297:9572100
BruceChen 00:57:35.137 [main] INFO  edu.bjut.homo.myMain - meter_9194218218569950497:report
BruceChen 00:57:35.137 [main] INFO  edu.bjut.homo.myMain - meter_9194218218569950497:9531800
BruceChen 00:57:35.137 [main] INFO  edu.bjut.homo.myMain - meter_2959160740697149479:report
BruceChen 00:57:35.137 [main] INFO  edu.bjut.homo.myMain - meter_2959160740697149479:9443400
BruceChen 00:57:35.137 [main] INFO  edu.bjut.homo.myMain - meter_1681429745411828723:report
BruceChen 00:57:35.137 [main] INFO  edu.bjut.homo.myMain - meter_1681429745411828723:9549900
BruceChen 00:57:35.137 [main] INFO  edu.bjut.homo.myMain - meter_5980868599159320141:report
BruceChen 00:57:35.137 [main] INFO  edu.bjut.homo.myMain - meter_5980868599159320141:9457100
BruceChen 00:57:35.137 [main] INFO  edu.bjut.homo.myMain - meter_1021485927667561673:report
BruceChen 00:57:35.137 [main] INFO  edu.bjut.homo.myMain - meter_1021485927667561673:9476200
BruceChen 00:57:35.137 [main] INFO  edu.bjut.homo.myMain - meter_3547046960125429259:report
BruceChen 00:57:35.137 [main] INFO  edu.bjut.homo.myMain - meter_3547046960125429259:9477600
BruceChen 00:57:35.137 [main] INFO  edu.bjut.homo.myMain - meter_2364687973847574235:report
BruceChen 00:57:35.137 [main] INFO  edu.bjut.homo.myMain - meter_2364687973847574235:9551600
BruceChen 00:57:35.137 [main] INFO  edu.bjut.homo.myMain - meter_4328631129389735151:report
BruceChen 00:57:35.137 [main] INFO  edu.bjut.homo.myMain - meter_4328631129389735151:9724400
BruceChen 00:57:35.137 [main] INFO  edu.bjut.homo.myMain - meter_7755520475089416137:report
BruceChen 00:57:35.137 [main] INFO  edu.bjut.homo.myMain - meter_7755520475089416137:9567800
BruceChen 00:57:35.137 [main] INFO  edu.bjut.homo.myMain - meter_8319035654714116323:report
BruceChen 00:57:35.137 [main] INFO  edu.bjut.homo.myMain - meter_8319035654714116323:9461100
BruceChen 00:57:35.137 [main] INFO  edu.bjut.homo.myMain - meter_657018789431358325:report
BruceChen 00:57:35.137 [main] INFO  edu.bjut.homo.myMain - meter_657018789431358325:9455500
BruceChen 00:57:35.137 [main] INFO  edu.bjut.homo.myMain - meter_2860730621295030761:report
BruceChen 00:57:35.137 [main] INFO  edu.bjut.homo.myMain - meter_2860730621295030761:9440700
BruceChen 00:57:35.137 [main] INFO  edu.bjut.homo.myMain - meter_2401099831181699051:report
BruceChen 00:57:35.137 [main] INFO  edu.bjut.homo.myMain - meter_2401099831181699051:9561900
BruceChen 00:57:35.137 [main] INFO  edu.bjut.homo.myMain - meter_7834444996308822697:report
BruceChen 00:57:35.137 [main] INFO  edu.bjut.homo.myMain - meter_7834444996308822697:9479300
BruceChen 00:57:35.137 [main] INFO  edu.bjut.homo.myMain - meter_2194201359919090055:report
BruceChen 00:57:35.137 [main] INFO  edu.bjut.homo.myMain - meter_2194201359919090055:9533200
BruceChen 00:57:35.137 [main] INFO  edu.bjut.homo.myMain - meter_5048301219437796125:report
BruceChen 00:57:35.137 [main] INFO  edu.bjut.homo.myMain - meter_5048301219437796125:9447800
BruceChen 00:57:35.137 [main] INFO  edu.bjut.homo.myMain - meter_256526542594534723:report
BruceChen 00:57:35.137 [main] INFO  edu.bjut.homo.myMain - meter_256526542594534723:10153200
BruceChen 00:57:35.137 [main] INFO  edu.bjut.homo.myMain - meter_4362266355584110019:report
BruceChen 00:57:35.137 [main] INFO  edu.bjut.homo.myMain - meter_4362266355584110019:9481500
BruceChen 00:57:35.137 [main] INFO  edu.bjut.homo.myMain - meter_3020046725453032745:report
BruceChen 00:57:35.137 [main] INFO  edu.bjut.homo.myMain - meter_3020046725453032745:9446500
BruceChen 00:57:35.137 [main] INFO  edu.bjut.homo.myMain - meter_7143440512294395655:report
BruceChen 00:57:35.137 [main] INFO  edu.bjut.homo.myMain - meter_7143440512294395655:9505100
BruceChen 00:57:35.137 [main] INFO  edu.bjut.homo.myMain - meter_7979429392649822565:report
BruceChen 00:57:35.137 [main] INFO  edu.bjut.homo.myMain - meter_7979429392649822565:9547700
BruceChen 00:57:35.137 [main] INFO  edu.bjut.homo.myMain - meter_5812672871205479965:report
BruceChen 00:57:35.137 [main] INFO  edu.bjut.homo.myMain - meter_5812672871205479965:9554200
BruceChen 00:57:35.137 [main] INFO  edu.bjut.homo.myMain - meter_3151726413221129809:report
BruceChen 00:57:35.137 [main] INFO  edu.bjut.homo.myMain - meter_3151726413221129809:9501600
BruceChen 00:57:35.137 [main] INFO  edu.bjut.homo.myMain - meter_8645958658337507055:report
BruceChen 00:57:35.137 [main] INFO  edu.bjut.homo.myMain - meter_8645958658337507055:9483700
BruceChen 00:57:36.209 [main] INFO  edu.bjut.homo.myMain - meterRegTime
BruceChen 00:57:36.349 [main] INFO  edu.bjut.homo.myMain - kgc:reg_response,reg_response,reg_response,reg_response,reg_response,reg_response,reg_response,reg_response,reg_response,reg_response,reg_response,reg_response,reg_response,reg_response,reg_response,reg_response,reg_response,reg_response,reg_response,reg_response
BruceChen 00:57:36.349 [main] INFO  edu.bjut.homo.myMain - kgc:7379600,7209600,7226700,7116700,7113700,7252900,7189900,7311300,7280700,7215900,7247300,7200000,7144600,7142000,7134100,7214600,7185100,7331200,7367900,7226000
BruceChen 00:57:36.349 [main] INFO  edu.bjut.homo.myMain - meter_2339571405498681013:reg,reg_response
BruceChen 00:57:36.349 [main] INFO  edu.bjut.homo.myMain - meter_2339571405498681013:29200,23200
BruceChen 00:57:36.349 [main] INFO  edu.bjut.homo.myMain - meter_5943966905440087455:reg,reg_response
BruceChen 00:57:36.349 [main] INFO  edu.bjut.homo.myMain - meter_5943966905440087455:6500,20800
BruceChen 00:57:36.349 [main] INFO  edu.bjut.homo.myMain - meter_2387690944051883959:reg,reg_response
BruceChen 00:57:36.349 [main] INFO  edu.bjut.homo.myMain - meter_2387690944051883959:5900,22000
BruceChen 00:57:36.349 [main] INFO  edu.bjut.homo.myMain - meter_3068553012739609967:reg,reg_response
BruceChen 00:57:36.349 [main] INFO  edu.bjut.homo.myMain - meter_3068553012739609967:6200,20200
BruceChen 00:57:36.349 [main] INFO  edu.bjut.homo.myMain - meter_7094934220712916429:reg,reg_response
BruceChen 00:57:36.349 [main] INFO  edu.bjut.homo.myMain - meter_7094934220712916429:5800,19900
BruceChen 00:57:36.349 [main] INFO  edu.bjut.homo.myMain - meter_401896596763995185:reg,reg_response
BruceChen 00:57:36.349 [main] INFO  edu.bjut.homo.myMain - meter_401896596763995185:5800,23200
BruceChen 00:57:36.349 [main] INFO  edu.bjut.homo.myMain - meter_2207610242753937283:reg,reg_response
BruceChen 00:57:36.349 [main] INFO  edu.bjut.homo.myMain - meter_2207610242753937283:6500,20200
BruceChen 00:57:36.349 [main] INFO  edu.bjut.homo.myMain - meter_2505037833098132575:reg,reg_response
BruceChen 00:57:36.349 [main] INFO  edu.bjut.homo.myMain - meter_2505037833098132575:5800,32900
BruceChen 00:57:36.349 [main] INFO  edu.bjut.homo.myMain - meter_1051801073948591031:reg,reg_response
BruceChen 00:57:36.349 [main] INFO  edu.bjut.homo.myMain - meter_1051801073948591031:6000,20100
BruceChen 00:57:36.349 [main] INFO  edu.bjut.homo.myMain - meter_5246480052544304371:reg,reg_response
BruceChen 00:57:36.349 [main] INFO  edu.bjut.homo.myMain - meter_5246480052544304371:5900,33000
BruceChen 00:57:36.349 [main] INFO  edu.bjut.homo.myMain - meter_5709273127330945111:reg,reg_response
BruceChen 00:57:36.349 [main] INFO  edu.bjut.homo.myMain - meter_5709273127330945111:6000,35200
BruceChen 00:57:36.349 [main] INFO  edu.bjut.homo.myMain - meter_2225053669058909823:reg,reg_response
BruceChen 00:57:36.349 [main] INFO  edu.bjut.homo.myMain - meter_2225053669058909823:5800,19300
BruceChen 00:57:36.349 [main] INFO  edu.bjut.homo.myMain - meter_6694056320342602339:reg,reg_response
BruceChen 00:57:36.349 [main] INFO  edu.bjut.homo.myMain - meter_6694056320342602339:5900,19200
BruceChen 00:57:36.349 [main] INFO  edu.bjut.homo.myMain - meter_9049233817933915419:reg,reg_response
BruceChen 00:57:36.349 [main] INFO  edu.bjut.homo.myMain - meter_9049233817933915419:6200,18700
BruceChen 00:57:36.349 [main] INFO  edu.bjut.homo.myMain - meter_5840952819410721621:reg,reg_response
BruceChen 00:57:36.349 [main] INFO  edu.bjut.homo.myMain - meter_5840952819410721621:5900,18100
BruceChen 00:57:36.349 [main] INFO  edu.bjut.homo.myMain - meter_6694874962473005897:reg,reg_response
BruceChen 00:57:36.349 [main] INFO  edu.bjut.homo.myMain - meter_6694874962473005897:5700,19800
BruceChen 00:57:36.349 [main] INFO  edu.bjut.homo.myMain - meter_5865428042049140611:reg,reg_response
BruceChen 00:57:36.349 [main] INFO  edu.bjut.homo.myMain - meter_5865428042049140611:6300,18300
BruceChen 00:57:36.349 [main] INFO  edu.bjut.homo.myMain - meter_1161298624059327653:reg,reg_response
BruceChen 00:57:36.349 [main] INFO  edu.bjut.homo.myMain - meter_1161298624059327653:6600,21700
BruceChen 00:57:36.349 [main] INFO  edu.bjut.homo.myMain - meter_9211871101500046047:reg,reg_response
BruceChen 00:57:36.349 [main] INFO  edu.bjut.homo.myMain - meter_9211871101500046047:5800,18500
BruceChen 00:57:36.349 [main] INFO  edu.bjut.homo.myMain - meter_3105069052925350759:reg,reg_response
BruceChen 00:57:36.349 [main] INFO  edu.bjut.homo.myMain - meter_3105069052925350759:5900,18400
BruceChen 00:57:36.365 [main] INFO  edu.bjut.homo.myMain - oneTimeMeterRepTime
BruceChen 00:57:36.662 [main] INFO  edu.bjut.homo.myMain - agg:resp_agg
BruceChen 00:57:36.662 [main] INFO  edu.bjut.homo.myMain - agg:98884400
BruceChen 00:57:36.662 [main] INFO  edu.bjut.homo.myMain - server:report_res
BruceChen 00:57:36.662 [main] INFO  edu.bjut.homo.myMain - server:14361100
BruceChen 00:57:36.662 [main] INFO  edu.bjut.homo.myMain - meter_2339571405498681013:report
BruceChen 00:57:36.662 [main] INFO  edu.bjut.homo.myMain - meter_2339571405498681013:10094000
BruceChen 00:57:36.662 [main] INFO  edu.bjut.homo.myMain - meter_5943966905440087455:report
BruceChen 00:57:36.662 [main] INFO  edu.bjut.homo.myMain - meter_5943966905440087455:9496300
BruceChen 00:57:36.662 [main] INFO  edu.bjut.homo.myMain - meter_2387690944051883959:report
BruceChen 00:57:36.662 [main] INFO  edu.bjut.homo.myMain - meter_2387690944051883959:9696300
BruceChen 00:57:36.662 [main] INFO  edu.bjut.homo.myMain - meter_3068553012739609967:report
BruceChen 00:57:36.662 [main] INFO  edu.bjut.homo.myMain - meter_3068553012739609967:9494000
BruceChen 00:57:36.662 [main] INFO  edu.bjut.homo.myMain - meter_7094934220712916429:report
BruceChen 00:57:36.662 [main] INFO  edu.bjut.homo.myMain - meter_7094934220712916429:9573900
BruceChen 00:57:36.662 [main] INFO  edu.bjut.homo.myMain - meter_401896596763995185:report
BruceChen 00:57:36.662 [main] INFO  edu.bjut.homo.myMain - meter_401896596763995185:9501400
BruceChen 00:57:36.662 [main] INFO  edu.bjut.homo.myMain - meter_2207610242753937283:report
BruceChen 00:57:36.662 [main] INFO  edu.bjut.homo.myMain - meter_2207610242753937283:9454900
BruceChen 00:57:36.662 [main] INFO  edu.bjut.homo.myMain - meter_2505037833098132575:report
BruceChen 00:57:36.662 [main] INFO  edu.bjut.homo.myMain - meter_2505037833098132575:9489600
BruceChen 00:57:36.662 [main] INFO  edu.bjut.homo.myMain - meter_1051801073948591031:report
BruceChen 00:57:36.662 [main] INFO  edu.bjut.homo.myMain - meter_1051801073948591031:9500800
BruceChen 00:57:36.662 [main] INFO  edu.bjut.homo.myMain - meter_5246480052544304371:report
BruceChen 00:57:36.662 [main] INFO  edu.bjut.homo.myMain - meter_5246480052544304371:9479000
BruceChen 00:57:36.662 [main] INFO  edu.bjut.homo.myMain - meter_5709273127330945111:report
BruceChen 00:57:36.662 [main] INFO  edu.bjut.homo.myMain - meter_5709273127330945111:9463000
BruceChen 00:57:36.662 [main] INFO  edu.bjut.homo.myMain - meter_2225053669058909823:report
BruceChen 00:57:36.662 [main] INFO  edu.bjut.homo.myMain - meter_2225053669058909823:9492100
BruceChen 00:57:36.662 [main] INFO  edu.bjut.homo.myMain - meter_6694056320342602339:report
BruceChen 00:57:36.662 [main] INFO  edu.bjut.homo.myMain - meter_6694056320342602339:9506500
BruceChen 00:57:36.662 [main] INFO  edu.bjut.homo.myMain - meter_9049233817933915419:report
BruceChen 00:57:36.662 [main] INFO  edu.bjut.homo.myMain - meter_9049233817933915419:9454100
BruceChen 00:57:36.662 [main] INFO  edu.bjut.homo.myMain - meter_5840952819410721621:report
BruceChen 00:57:36.662 [main] INFO  edu.bjut.homo.myMain - meter_5840952819410721621:9495400
BruceChen 00:57:36.662 [main] INFO  edu.bjut.homo.myMain - meter_6694874962473005897:report
BruceChen 00:57:36.662 [main] INFO  edu.bjut.homo.myMain - meter_6694874962473005897:9543500
BruceChen 00:57:36.662 [main] INFO  edu.bjut.homo.myMain - meter_5865428042049140611:report
BruceChen 00:57:36.662 [main] INFO  edu.bjut.homo.myMain - meter_5865428042049140611:10095500
BruceChen 00:57:36.662 [main] INFO  edu.bjut.homo.myMain - meter_1161298624059327653:report
BruceChen 00:57:36.662 [main] INFO  edu.bjut.homo.myMain - meter_1161298624059327653:9518700
BruceChen 00:57:36.662 [main] INFO  edu.bjut.homo.myMain - meter_9211871101500046047:report
BruceChen 00:57:36.662 [main] INFO  edu.bjut.homo.myMain - meter_9211871101500046047:10534200
BruceChen 00:57:36.662 [main] INFO  edu.bjut.homo.myMain - meter_3105069052925350759:report
BruceChen 00:57:36.662 [main] INFO  edu.bjut.homo.myMain - meter_3105069052925350759:9432400
