BruceChen 02:12:25.335 [main] INFO  edu.bjut.boudia.myMain - oneTimeMeterRegTime
BruceChen 02:12:26.100 [main] INFO  edu.bjut.boudia.myMain - server:pubkey
BruceChen 02:12:26.100 [main] INFO  edu.bjut.boudia.myMain - server:199500
BruceChen 02:12:26.116 [main] INFO  edu.bjut.boudia.myMain - agg:regMsg,regMsg,regMsg,regMsg,regMsg,regMsg,regMsg,regMsg,regMsg,regMsg,regMsg,regMsg,regMsg,regMsg,regMsg,regMsg,regMsg,regMsg,regMsg,regMsg,regMsg,regMsg,regMsg,regMsg,regMsg,regMsg,regMsg,regMsg,regMsg,regMsg,regMsg,regMsg,regMsg,regMsg,regMsg,regMsg,regMsg,regMsg,regMsg,regMsg,regMsg,regMsg,regMsg,regMsg,regMsg,regMsg,regMsg,regMsg,regMsg,regMsg,regMsg,regMsg,regMsg,regMsg,regMsg,regMsg,regMsg,regMsg,regMsg,regMsg
BruceChen 02:12:26.125 [main] INFO  edu.bjut.boudia.myMain - agg:6590900,6531500,6540700,6319900,6321600,6344500,6371700,6371900,6354800,6343900,6362800,6355300,6312000,6340600,6391900,6326400,6312700,6328700,6325900,6297700,6344500,6329300,6283300,6324400,6319800,6326200,6325400,6319900,6301000,6310100,8786100,6511900,6511900,6404300,6317500,6314200,6476100,6520200,6530400,6504200,6503800,6510000,6486200,6276700,6321100,6304800,6281800,6321800,6300300,6310500,6314800,6317300,6307100,6347200,6317200,6313000,6331000,6311000,6292700,6295600
BruceChen 02:12:26.125 [main] INFO  edu.bjut.boudia.myMain - meter_3384170377485806935:regMsg,reg_backagg,reg_cc
BruceChen 02:12:26.125 [main] INFO  edu.bjut.boudia.myMain - meter_3384170377485806935:2500,6615100,4200
BruceChen 02:12:26.125 [main] INFO  edu.bjut.boudia.myMain - meter_1654185250986030207:regMsg,reg_backagg,reg_cc
BruceChen 02:12:26.125 [main] INFO  edu.bjut.boudia.myMain - meter_1654185250986030207:400,6522200,500
BruceChen 02:12:26.125 [main] INFO  edu.bjut.boudia.myMain - meter_559614574759733385:regMsg,reg_backagg,reg_cc
BruceChen 02:12:26.125 [main] INFO  edu.bjut.boudia.myMain - meter_559614574759733385:400,6537100,500
BruceChen 02:12:26.125 [main] INFO  edu.bjut.boudia.myMain - meter_9131378538632296921:regMsg,reg_backagg,reg_cc
BruceChen 02:12:26.125 [main] INFO  edu.bjut.boudia.myMain - meter_9131378538632296921:300,6417600,300
BruceChen 02:12:26.125 [main] INFO  edu.bjut.boudia.myMain - meter_6547419350268363361:regMsg,reg_backagg,reg_cc
BruceChen 02:12:26.125 [main] INFO  edu.bjut.boudia.myMain - meter_6547419350268363361:300,6416600,300
BruceChen 02:12:26.125 [main] INFO  edu.bjut.boudia.myMain - meter_8187815703581114161:regMsg,reg_backagg,reg_cc
BruceChen 02:12:26.125 [main] INFO  edu.bjut.boudia.myMain - meter_8187815703581114161:500,6330100,300
BruceChen 02:12:26.125 [main] INFO  edu.bjut.boudia.myMain - meter_6788475758437593093:regMsg,reg_backagg,reg_cc
BruceChen 02:12:26.125 [main] INFO  edu.bjut.boudia.myMain - meter_6788475758437593093:200,6368700,400
BruceChen 02:12:26.125 [main] INFO  edu.bjut.boudia.myMain - meter_8720983573083764731:regMsg,reg_backagg,reg_cc
BruceChen 02:12:26.125 [main] INFO  edu.bjut.boudia.myMain - meter_8720983573083764731:300,6449200,400
BruceChen 02:12:26.125 [main] INFO  edu.bjut.boudia.myMain - meter_3356951395983486537:regMsg,reg_backagg,reg_cc
BruceChen 02:12:26.125 [main] INFO  edu.bjut.boudia.myMain - meter_3356951395983486537:300,6379100,300
BruceChen 02:12:26.125 [main] INFO  edu.bjut.boudia.myMain - meter_8894096829036344247:regMsg,reg_backagg,reg_cc
BruceChen 02:12:26.125 [main] INFO  edu.bjut.boudia.myMain - meter_8894096829036344247:200,6412100,300
BruceChen 02:12:26.125 [main] INFO  edu.bjut.boudia.myMain - meter_4074000784833324993:regMsg,reg_backagg,reg_cc
BruceChen 02:12:26.125 [main] INFO  edu.bjut.boudia.myMain - meter_4074000784833324993:300,6365000,400
BruceChen 02:12:26.125 [main] INFO  edu.bjut.boudia.myMain - meter_664140004035339115:regMsg,reg_backagg,reg_cc
BruceChen 02:12:26.125 [main] INFO  edu.bjut.boudia.myMain - meter_664140004035339115:400,6331200,400
BruceChen 02:12:26.125 [main] INFO  edu.bjut.boudia.myMain - meter_5148914008061059471:regMsg,reg_backagg,reg_cc
BruceChen 02:12:26.125 [main] INFO  edu.bjut.boudia.myMain - meter_5148914008061059471:300,6426400,400
BruceChen 02:12:26.125 [main] INFO  edu.bjut.boudia.myMain - meter_5306176928082972679:regMsg,reg_backagg,reg_cc
BruceChen 02:12:26.125 [main] INFO  edu.bjut.boudia.myMain - meter_5306176928082972679:200,6416900,300
BruceChen 02:12:26.125 [main] INFO  edu.bjut.boudia.myMain - meter_8139504381033321979:regMsg,reg_backagg,reg_cc
BruceChen 02:12:26.125 [main] INFO  edu.bjut.boudia.myMain - meter_8139504381033321979:200,6406100,400
BruceChen 02:12:26.125 [main] INFO  edu.bjut.boudia.myMain - meter_641205747641092013:regMsg,reg_backagg,reg_cc
BruceChen 02:12:26.125 [main] INFO  edu.bjut.boudia.myMain - meter_641205747641092013:300,6413600,400
BruceChen 02:12:26.125 [main] INFO  edu.bjut.boudia.myMain - meter_2521098321378293409:regMsg,reg_backagg,reg_cc
BruceChen 02:12:26.125 [main] INFO  edu.bjut.boudia.myMain - meter_2521098321378293409:300,6441700,400
BruceChen 02:12:26.125 [main] INFO  edu.bjut.boudia.myMain - meter_8470689319381886813:regMsg,reg_backagg,reg_cc
BruceChen 02:12:26.125 [main] INFO  edu.bjut.boudia.myMain - meter_8470689319381886813:200,6508700,400
BruceChen 02:12:26.125 [main] INFO  edu.bjut.boudia.myMain - meter_6106090538926121499:regMsg,reg_backagg,reg_cc
BruceChen 02:12:26.125 [main] INFO  edu.bjut.boudia.myMain - meter_6106090538926121499:300,6441000,200
BruceChen 02:12:26.125 [main] INFO  edu.bjut.boudia.myMain - meter_7353289461794560395:regMsg,reg_backagg,reg_cc
BruceChen 02:12:26.125 [main] INFO  edu.bjut.boudia.myMain - meter_7353289461794560395:300,6436600,200
BruceChen 02:12:26.125 [main] INFO  edu.bjut.boudia.myMain - meter_4689971906078995457:regMsg,reg_backagg,reg_cc
BruceChen 02:12:26.125 [main] INFO  edu.bjut.boudia.myMain - meter_4689971906078995457:300,6367000,400
BruceChen 02:12:26.125 [main] INFO  edu.bjut.boudia.myMain - meter_8050992306050656893:regMsg,reg_backagg,reg_cc
BruceChen 02:12:26.125 [main] INFO  edu.bjut.boudia.myMain - meter_8050992306050656893:400,6320700,300
BruceChen 02:12:26.125 [main] INFO  edu.bjut.boudia.myMain - meter_3548258389805025715:regMsg,reg_backagg,reg_cc
BruceChen 02:12:26.125 [main] INFO  edu.bjut.boudia.myMain - meter_3548258389805025715:200,6404400,300
BruceChen 02:12:26.125 [main] INFO  edu.bjut.boudia.myMain - meter_6875811482071782645:regMsg,reg_backagg,reg_cc
BruceChen 02:12:26.125 [main] INFO  edu.bjut.boudia.myMain - meter_6875811482071782645:300,6229700,400
BruceChen 02:12:26.125 [main] INFO  edu.bjut.boudia.myMain - meter_4474247546744242739:regMsg,reg_backagg,reg_cc
BruceChen 02:12:26.125 [main] INFO  edu.bjut.boudia.myMain - meter_4474247546744242739:200,6300100,300
BruceChen 02:12:26.125 [main] INFO  edu.bjut.boudia.myMain - meter_8961782776953034649:regMsg,reg_backagg,reg_cc
BruceChen 02:12:26.125 [main] INFO  edu.bjut.boudia.myMain - meter_8961782776953034649:200,6262300,300
BruceChen 02:12:26.125 [main] INFO  edu.bjut.boudia.myMain - meter_7073638454822382603:regMsg,reg_backagg,reg_cc
BruceChen 02:12:26.125 [main] INFO  edu.bjut.boudia.myMain - meter_7073638454822382603:200,6346400,400
BruceChen 02:12:26.125 [main] INFO  edu.bjut.boudia.myMain - meter_4312014491825997045:regMsg,reg_backagg,reg_cc
BruceChen 02:12:26.125 [main] INFO  edu.bjut.boudia.myMain - meter_4312014491825997045:200,6418500,300
BruceChen 02:12:26.125 [main] INFO  edu.bjut.boudia.myMain - meter_6057621458153913965:regMsg,reg_backagg,reg_cc
BruceChen 02:12:26.125 [main] INFO  edu.bjut.boudia.myMain - meter_6057621458153913965:200,6428000,200
BruceChen 02:12:26.125 [main] INFO  edu.bjut.boudia.myMain - meter_7359252620366607265:regMsg,reg_backagg,reg_cc
BruceChen 02:12:26.125 [main] INFO  edu.bjut.boudia.myMain - meter_7359252620366607265:200,6267700,400
BruceChen 02:12:26.125 [main] INFO  edu.bjut.boudia.myMain - meter_6484918261147394049:regMsg,reg_backagg,reg_cc
BruceChen 02:12:26.125 [main] INFO  edu.bjut.boudia.myMain - meter_6484918261147394049:300,6773900,300
BruceChen 02:12:26.125 [main] INFO  edu.bjut.boudia.myMain - meter_2675644156956496611:regMsg,reg_backagg,reg_cc
BruceChen 02:12:26.125 [main] INFO  edu.bjut.boudia.myMain - meter_2675644156956496611:1400,6593400,300
BruceChen 02:12:26.125 [main] INFO  edu.bjut.boudia.myMain - meter_6411678477765845591:regMsg,reg_backagg,reg_cc
BruceChen 02:12:26.125 [main] INFO  edu.bjut.boudia.myMain - meter_6411678477765845591:200,6562400,200
BruceChen 02:12:26.125 [main] INFO  edu.bjut.boudia.myMain - meter_2486515373440364405:regMsg,reg_backagg,reg_cc
BruceChen 02:12:26.125 [main] INFO  edu.bjut.boudia.myMain - meter_2486515373440364405:300,6510800,400
BruceChen 02:12:26.125 [main] INFO  edu.bjut.boudia.myMain - meter_8381246356317790745:regMsg,reg_backagg,reg_cc
BruceChen 02:12:26.125 [main] INFO  edu.bjut.boudia.myMain - meter_8381246356317790745:400,6321600,300
BruceChen 02:12:26.125 [main] INFO  edu.bjut.boudia.myMain - meter_6899639672054392345:regMsg,reg_backagg,reg_cc
BruceChen 02:12:26.125 [main] INFO  edu.bjut.boudia.myMain - meter_6899639672054392345:300,6406900,300
BruceChen 02:12:26.125 [main] INFO  edu.bjut.boudia.myMain - meter_2790872697046775469:regMsg,reg_backagg,reg_cc
BruceChen 02:12:26.125 [main] INFO  edu.bjut.boudia.myMain - meter_2790872697046775469:400,6604300,400
BruceChen 02:12:26.125 [main] INFO  edu.bjut.boudia.myMain - meter_514801305572775539:regMsg,reg_backagg,reg_cc
BruceChen 02:12:26.125 [main] INFO  edu.bjut.boudia.myMain - meter_514801305572775539:300,6535300,600
BruceChen 02:12:26.125 [main] INFO  edu.bjut.boudia.myMain - meter_4504143013047324501:regMsg,reg_backagg,reg_cc
BruceChen 02:12:26.125 [main] INFO  edu.bjut.boudia.myMain - meter_4504143013047324501:500,6533200,300
BruceChen 02:12:26.125 [main] INFO  edu.bjut.boudia.myMain - meter_2477494281740064209:regMsg,reg_backagg,reg_cc
BruceChen 02:12:26.125 [main] INFO  edu.bjut.boudia.myMain - meter_2477494281740064209:400,6588200,400
BruceChen 02:12:26.125 [main] INFO  edu.bjut.boudia.myMain - meter_7900553392599082963:regMsg,reg_backagg,reg_cc
BruceChen 02:12:26.125 [main] INFO  edu.bjut.boudia.myMain - meter_7900553392599082963:300,6541900,300
BruceChen 02:12:26.125 [main] INFO  edu.bjut.boudia.myMain - meter_5933383516932852933:regMsg,reg_backagg,reg_cc
BruceChen 02:12:26.125 [main] INFO  edu.bjut.boudia.myMain - meter_5933383516932852933:300,6555600,200
BruceChen 02:12:26.125 [main] INFO  edu.bjut.boudia.myMain - meter_6244707669035818899:regMsg,reg_backagg,reg_cc
BruceChen 02:12:26.125 [main] INFO  edu.bjut.boudia.myMain - meter_6244707669035818899:200,6503600,300
BruceChen 02:12:26.125 [main] INFO  edu.bjut.boudia.myMain - meter_3591601050712267547:regMsg,reg_backagg,reg_cc
BruceChen 02:12:26.125 [main] INFO  edu.bjut.boudia.myMain - meter_3591601050712267547:200,6306900,300
BruceChen 02:12:26.125 [main] INFO  edu.bjut.boudia.myMain - meter_338220765288067719:regMsg,reg_backagg,reg_cc
BruceChen 02:12:26.125 [main] INFO  edu.bjut.boudia.myMain - meter_338220765288067719:200,6311000,200
BruceChen 02:12:26.125 [main] INFO  edu.bjut.boudia.myMain - meter_9222160764915058199:regMsg,reg_backagg,reg_cc
BruceChen 02:12:26.125 [main] INFO  edu.bjut.boudia.myMain - meter_9222160764915058199:200,6375700,300
BruceChen 02:12:26.125 [main] INFO  edu.bjut.boudia.myMain - meter_7363778385268620571:regMsg,reg_backagg,reg_cc
BruceChen 02:12:26.125 [main] INFO  edu.bjut.boudia.myMain - meter_7363778385268620571:100,6406900,300
BruceChen 02:12:26.125 [main] INFO  edu.bjut.boudia.myMain - meter_2010672282116268639:regMsg,reg_backagg,reg_cc
BruceChen 02:12:26.125 [main] INFO  edu.bjut.boudia.myMain - meter_2010672282116268639:200,6191400,300
BruceChen 02:12:26.125 [main] INFO  edu.bjut.boudia.myMain - meter_1727058607844902009:regMsg,reg_backagg,reg_cc
BruceChen 02:12:26.125 [main] INFO  edu.bjut.boudia.myMain - meter_1727058607844902009:200,6410500,300
BruceChen 02:12:26.125 [main] INFO  edu.bjut.boudia.myMain - meter_8330239719362154471:regMsg,reg_backagg,reg_cc
BruceChen 02:12:26.125 [main] INFO  edu.bjut.boudia.myMain - meter_8330239719362154471:300,6288400,300
BruceChen 02:12:26.125 [main] INFO  edu.bjut.boudia.myMain - meter_2440455639327064745:regMsg,reg_backagg,reg_cc
BruceChen 02:12:26.125 [main] INFO  edu.bjut.boudia.myMain - meter_2440455639327064745:200,6278900,400
BruceChen 02:12:26.125 [main] INFO  edu.bjut.boudia.myMain - meter_6094845051040095633:regMsg,reg_backagg,reg_cc
BruceChen 02:12:26.125 [main] INFO  edu.bjut.boudia.myMain - meter_6094845051040095633:100,6206600,300
BruceChen 02:12:26.125 [main] INFO  edu.bjut.boudia.myMain - meter_2766718563343914159:regMsg,reg_backagg,reg_cc
BruceChen 02:12:26.125 [main] INFO  edu.bjut.boudia.myMain - meter_2766718563343914159:300,6360400,300
BruceChen 02:12:26.125 [main] INFO  edu.bjut.boudia.myMain - meter_3908112588204195853:regMsg,reg_backagg,reg_cc
BruceChen 02:12:26.125 [main] INFO  edu.bjut.boudia.myMain - meter_3908112588204195853:200,6367500,300
BruceChen 02:12:26.125 [main] INFO  edu.bjut.boudia.myMain - meter_3006465485579419011:regMsg,reg_backagg,reg_cc
BruceChen 02:12:26.125 [main] INFO  edu.bjut.boudia.myMain - meter_3006465485579419011:200,6385300,300
BruceChen 02:12:26.125 [main] INFO  edu.bjut.boudia.myMain - meter_901840786866116827:regMsg,reg_backagg,reg_cc
BruceChen 02:12:26.125 [main] INFO  edu.bjut.boudia.myMain - meter_901840786866116827:200,6386100,300
BruceChen 02:12:26.125 [main] INFO  edu.bjut.boudia.myMain - meter_6383248521664617607:regMsg,reg_backagg,reg_cc
BruceChen 02:12:26.125 [main] INFO  edu.bjut.boudia.myMain - meter_6383248521664617607:100,6410200,300
BruceChen 02:12:26.125 [main] INFO  edu.bjut.boudia.myMain - meter_541060439335881313:regMsg,reg_backagg,reg_cc
BruceChen 02:12:26.125 [main] INFO  edu.bjut.boudia.myMain - meter_541060439335881313:200,6370000,300
BruceChen 02:12:26.125 [main] INFO  edu.bjut.boudia.myMain - meter_2158831135529305975:regMsg,reg_backagg,reg_cc
BruceChen 02:12:26.125 [main] INFO  edu.bjut.boudia.myMain - meter_2158831135529305975:200,6303500,200
BruceChen 02:12:26.125 [main] INFO  edu.bjut.boudia.myMain - meter_1583933454582397937:regMsg,reg_backagg,reg_cc
BruceChen 02:12:26.125 [main] INFO  edu.bjut.boudia.myMain - meter_1583933454582397937:200,6344400,400
BruceChen 02:12:26.932 [main] INFO  edu.bjut.boudia.myMain - oneTimeMeterRepTime
BruceChen 02:12:28.957 [main] INFO  edu.bjut.boudia.myMain - server:repMsg
BruceChen 02:12:28.957 [main] INFO  edu.bjut.boudia.myMain - server:31660500
BruceChen 02:12:28.957 [main] INFO  edu.bjut.boudia.myMain - agg:repMsg
BruceChen 02:12:28.957 [main] INFO  edu.bjut.boudia.myMain - agg:416165800
BruceChen 02:12:28.957 [main] INFO  edu.bjut.boudia.myMain - meter_3384170377485806935:repMsg
BruceChen 02:12:28.957 [main] INFO  edu.bjut.boudia.myMain - meter_3384170377485806935:36053700
BruceChen 02:12:28.957 [main] INFO  edu.bjut.boudia.myMain - meter_1654185250986030207:repMsg
BruceChen 02:12:28.957 [main] INFO  edu.bjut.boudia.myMain - meter_1654185250986030207:26408800
BruceChen 02:12:28.957 [main] INFO  edu.bjut.boudia.myMain - meter_559614574759733385:repMsg
BruceChen 02:12:28.957 [main] INFO  edu.bjut.boudia.myMain - meter_559614574759733385:26538000
BruceChen 02:12:28.957 [main] INFO  edu.bjut.boudia.myMain - meter_9131378538632296921:repMsg
BruceChen 02:12:28.957 [main] INFO  edu.bjut.boudia.myMain - meter_9131378538632296921:26426200
BruceChen 02:12:28.957 [main] INFO  edu.bjut.boudia.myMain - meter_6547419350268363361:repMsg
BruceChen 02:12:28.957 [main] INFO  edu.bjut.boudia.myMain - meter_6547419350268363361:26060800
BruceChen 02:12:28.957 [main] INFO  edu.bjut.boudia.myMain - meter_8187815703581114161:repMsg
BruceChen 02:12:28.957 [main] INFO  edu.bjut.boudia.myMain - meter_8187815703581114161:26271700
BruceChen 02:12:28.957 [main] INFO  edu.bjut.boudia.myMain - meter_6788475758437593093:repMsg
BruceChen 02:12:28.957 [main] INFO  edu.bjut.boudia.myMain - meter_6788475758437593093:26498800
BruceChen 02:12:28.957 [main] INFO  edu.bjut.boudia.myMain - meter_8720983573083764731:repMsg
BruceChen 02:12:28.957 [main] INFO  edu.bjut.boudia.myMain - meter_8720983573083764731:26310500
BruceChen 02:12:28.957 [main] INFO  edu.bjut.boudia.myMain - meter_3356951395983486537:repMsg
BruceChen 02:12:28.957 [main] INFO  edu.bjut.boudia.myMain - meter_3356951395983486537:25797600
BruceChen 02:12:28.957 [main] INFO  edu.bjut.boudia.myMain - meter_8894096829036344247:repMsg
BruceChen 02:12:28.957 [main] INFO  edu.bjut.boudia.myMain - meter_8894096829036344247:29437700
BruceChen 02:12:28.957 [main] INFO  edu.bjut.boudia.myMain - meter_4074000784833324993:repMsg
BruceChen 02:12:28.957 [main] INFO  edu.bjut.boudia.myMain - meter_4074000784833324993:26372200
BruceChen 02:12:28.957 [main] INFO  edu.bjut.boudia.myMain - meter_664140004035339115:repMsg
BruceChen 02:12:28.957 [main] INFO  edu.bjut.boudia.myMain - meter_664140004035339115:26327700
BruceChen 02:12:28.957 [main] INFO  edu.bjut.boudia.myMain - meter_5148914008061059471:repMsg
BruceChen 02:12:28.957 [main] INFO  edu.bjut.boudia.myMain - meter_5148914008061059471:26843600
BruceChen 02:12:28.957 [main] INFO  edu.bjut.boudia.myMain - meter_5306176928082972679:repMsg
BruceChen 02:12:28.957 [main] INFO  edu.bjut.boudia.myMain - meter_5306176928082972679:26194000
BruceChen 02:12:28.957 [main] INFO  edu.bjut.boudia.myMain - meter_8139504381033321979:repMsg
BruceChen 02:12:28.957 [main] INFO  edu.bjut.boudia.myMain - meter_8139504381033321979:26024000
BruceChen 02:12:28.957 [main] INFO  edu.bjut.boudia.myMain - meter_641205747641092013:repMsg
BruceChen 02:12:28.957 [main] INFO  edu.bjut.boudia.myMain - meter_641205747641092013:26364000
BruceChen 02:12:28.957 [main] INFO  edu.bjut.boudia.myMain - meter_2521098321378293409:repMsg
BruceChen 02:12:28.957 [main] INFO  edu.bjut.boudia.myMain - meter_2521098321378293409:26361100
BruceChen 02:12:28.957 [main] INFO  edu.bjut.boudia.myMain - meter_8470689319381886813:repMsg
BruceChen 02:12:28.957 [main] INFO  edu.bjut.boudia.myMain - meter_8470689319381886813:25972900
BruceChen 02:12:28.957 [main] INFO  edu.bjut.boudia.myMain - meter_6106090538926121499:repMsg
BruceChen 02:12:28.957 [main] INFO  edu.bjut.boudia.myMain - meter_6106090538926121499:25771000
BruceChen 02:12:28.957 [main] INFO  edu.bjut.boudia.myMain - meter_7353289461794560395:repMsg
BruceChen 02:12:28.957 [main] INFO  edu.bjut.boudia.myMain - meter_7353289461794560395:25501300
BruceChen 02:12:28.957 [main] INFO  edu.bjut.boudia.myMain - meter_4689971906078995457:repMsg
BruceChen 02:12:28.957 [main] INFO  edu.bjut.boudia.myMain - meter_4689971906078995457:25693200
BruceChen 02:12:28.957 [main] INFO  edu.bjut.boudia.myMain - meter_8050992306050656893:repMsg
BruceChen 02:12:28.957 [main] INFO  edu.bjut.boudia.myMain - meter_8050992306050656893:25723200
BruceChen 02:12:28.957 [main] INFO  edu.bjut.boudia.myMain - meter_3548258389805025715:repMsg
BruceChen 02:12:28.957 [main] INFO  edu.bjut.boudia.myMain - meter_3548258389805025715:25536900
BruceChen 02:12:28.957 [main] INFO  edu.bjut.boudia.myMain - meter_6875811482071782645:repMsg
BruceChen 02:12:28.957 [main] INFO  edu.bjut.boudia.myMain - meter_6875811482071782645:25562300
BruceChen 02:12:28.957 [main] INFO  edu.bjut.boudia.myMain - meter_4474247546744242739:repMsg
BruceChen 02:12:28.957 [main] INFO  edu.bjut.boudia.myMain - meter_4474247546744242739:25422900
BruceChen 02:12:28.957 [main] INFO  edu.bjut.boudia.myMain - meter_8961782776953034649:repMsg
BruceChen 02:12:28.957 [main] INFO  edu.bjut.boudia.myMain - meter_8961782776953034649:25664000
BruceChen 02:12:28.957 [main] INFO  edu.bjut.boudia.myMain - meter_7073638454822382603:repMsg
BruceChen 02:12:28.957 [main] INFO  edu.bjut.boudia.myMain - meter_7073638454822382603:25309300
BruceChen 02:12:28.957 [main] INFO  edu.bjut.boudia.myMain - meter_4312014491825997045:repMsg
BruceChen 02:12:28.957 [main] INFO  edu.bjut.boudia.myMain - meter_4312014491825997045:25556900
BruceChen 02:12:28.957 [main] INFO  edu.bjut.boudia.myMain - meter_6057621458153913965:repMsg
BruceChen 02:12:28.957 [main] INFO  edu.bjut.boudia.myMain - meter_6057621458153913965:25602600
BruceChen 02:12:28.957 [main] INFO  edu.bjut.boudia.myMain - meter_7359252620366607265:repMsg
BruceChen 02:12:28.957 [main] INFO  edu.bjut.boudia.myMain - meter_7359252620366607265:26069100
BruceChen 02:12:28.957 [main] INFO  edu.bjut.boudia.myMain - meter_6484918261147394049:repMsg
BruceChen 02:12:28.957 [main] INFO  edu.bjut.boudia.myMain - meter_6484918261147394049:25750100
BruceChen 02:12:28.957 [main] INFO  edu.bjut.boudia.myMain - meter_2675644156956496611:repMsg
BruceChen 02:12:28.957 [main] INFO  edu.bjut.boudia.myMain - meter_2675644156956496611:25663500
BruceChen 02:12:28.957 [main] INFO  edu.bjut.boudia.myMain - meter_6411678477765845591:repMsg
BruceChen 02:12:28.957 [main] INFO  edu.bjut.boudia.myMain - meter_6411678477765845591:25717300
BruceChen 02:12:28.957 [main] INFO  edu.bjut.boudia.myMain - meter_2486515373440364405:repMsg
BruceChen 02:12:28.957 [main] INFO  edu.bjut.boudia.myMain - meter_2486515373440364405:25361000
BruceChen 02:12:28.957 [main] INFO  edu.bjut.boudia.myMain - meter_8381246356317790745:repMsg
BruceChen 02:12:28.957 [main] INFO  edu.bjut.boudia.myMain - meter_8381246356317790745:25898900
BruceChen 02:12:28.957 [main] INFO  edu.bjut.boudia.myMain - meter_6899639672054392345:repMsg
BruceChen 02:12:28.957 [main] INFO  edu.bjut.boudia.myMain - meter_6899639672054392345:26038200
BruceChen 02:12:28.957 [main] INFO  edu.bjut.boudia.myMain - meter_2790872697046775469:repMsg
BruceChen 02:12:28.957 [main] INFO  edu.bjut.boudia.myMain - meter_2790872697046775469:29118500
BruceChen 02:12:28.957 [main] INFO  edu.bjut.boudia.myMain - meter_514801305572775539:repMsg
BruceChen 02:12:28.957 [main] INFO  edu.bjut.boudia.myMain - meter_514801305572775539:26241500
BruceChen 02:12:28.957 [main] INFO  edu.bjut.boudia.myMain - meter_4504143013047324501:repMsg
BruceChen 02:12:28.957 [main] INFO  edu.bjut.boudia.myMain - meter_4504143013047324501:26939200
BruceChen 02:12:28.957 [main] INFO  edu.bjut.boudia.myMain - meter_2477494281740064209:repMsg
BruceChen 02:12:28.957 [main] INFO  edu.bjut.boudia.myMain - meter_2477494281740064209:25669300
BruceChen 02:12:28.957 [main] INFO  edu.bjut.boudia.myMain - meter_7900553392599082963:repMsg
BruceChen 02:12:28.957 [main] INFO  edu.bjut.boudia.myMain - meter_7900553392599082963:25613000
BruceChen 02:12:28.957 [main] INFO  edu.bjut.boudia.myMain - meter_5933383516932852933:repMsg
BruceChen 02:12:28.957 [main] INFO  edu.bjut.boudia.myMain - meter_5933383516932852933:25885600
BruceChen 02:12:28.957 [main] INFO  edu.bjut.boudia.myMain - meter_6244707669035818899:repMsg
BruceChen 02:12:28.957 [main] INFO  edu.bjut.boudia.myMain - meter_6244707669035818899:26292100
BruceChen 02:12:28.957 [main] INFO  edu.bjut.boudia.myMain - meter_3591601050712267547:repMsg
BruceChen 02:12:28.957 [main] INFO  edu.bjut.boudia.myMain - meter_3591601050712267547:26260400
BruceChen 02:12:28.957 [main] INFO  edu.bjut.boudia.myMain - meter_338220765288067719:repMsg
BruceChen 02:12:28.957 [main] INFO  edu.bjut.boudia.myMain - meter_338220765288067719:25829700
BruceChen 02:12:28.957 [main] INFO  edu.bjut.boudia.myMain - meter_9222160764915058199:repMsg
BruceChen 02:12:28.957 [main] INFO  edu.bjut.boudia.myMain - meter_9222160764915058199:25749800
BruceChen 02:12:28.957 [main] INFO  edu.bjut.boudia.myMain - meter_7363778385268620571:repMsg
BruceChen 02:12:28.957 [main] INFO  edu.bjut.boudia.myMain - meter_7363778385268620571:25903800
BruceChen 02:12:28.957 [main] INFO  edu.bjut.boudia.myMain - meter_2010672282116268639:repMsg
BruceChen 02:12:28.957 [main] INFO  edu.bjut.boudia.myMain - meter_2010672282116268639:25358500
BruceChen 02:12:28.957 [main] INFO  edu.bjut.boudia.myMain - meter_1727058607844902009:repMsg
BruceChen 02:12:28.957 [main] INFO  edu.bjut.boudia.myMain - meter_1727058607844902009:25798900
BruceChen 02:12:28.957 [main] INFO  edu.bjut.boudia.myMain - meter_8330239719362154471:repMsg
BruceChen 02:12:28.957 [main] INFO  edu.bjut.boudia.myMain - meter_8330239719362154471:25832000
BruceChen 02:12:28.957 [main] INFO  edu.bjut.boudia.myMain - meter_2440455639327064745:repMsg
BruceChen 02:12:28.957 [main] INFO  edu.bjut.boudia.myMain - meter_2440455639327064745:25729500
BruceChen 02:12:28.957 [main] INFO  edu.bjut.boudia.myMain - meter_6094845051040095633:repMsg
BruceChen 02:12:28.957 [main] INFO  edu.bjut.boudia.myMain - meter_6094845051040095633:30750300
BruceChen 02:12:28.957 [main] INFO  edu.bjut.boudia.myMain - meter_2766718563343914159:repMsg
BruceChen 02:12:28.957 [main] INFO  edu.bjut.boudia.myMain - meter_2766718563343914159:25894200
BruceChen 02:12:28.957 [main] INFO  edu.bjut.boudia.myMain - meter_3908112588204195853:repMsg
BruceChen 02:12:28.957 [main] INFO  edu.bjut.boudia.myMain - meter_3908112588204195853:25979000
BruceChen 02:12:28.957 [main] INFO  edu.bjut.boudia.myMain - meter_3006465485579419011:repMsg
BruceChen 02:12:28.957 [main] INFO  edu.bjut.boudia.myMain - meter_3006465485579419011:26250400
BruceChen 02:12:28.957 [main] INFO  edu.bjut.boudia.myMain - meter_901840786866116827:repMsg
BruceChen 02:12:28.957 [main] INFO  edu.bjut.boudia.myMain - meter_901840786866116827:26217400
BruceChen 02:12:28.957 [main] INFO  edu.bjut.boudia.myMain - meter_6383248521664617607:repMsg
BruceChen 02:12:28.957 [main] INFO  edu.bjut.boudia.myMain - meter_6383248521664617607:26206300
BruceChen 02:12:28.957 [main] INFO  edu.bjut.boudia.myMain - meter_541060439335881313:repMsg
BruceChen 02:12:28.957 [main] INFO  edu.bjut.boudia.myMain - meter_541060439335881313:25909200
BruceChen 02:12:28.957 [main] INFO  edu.bjut.boudia.myMain - meter_2158831135529305975:repMsg
BruceChen 02:12:28.957 [main] INFO  edu.bjut.boudia.myMain - meter_2158831135529305975:25779900
BruceChen 02:12:28.957 [main] INFO  edu.bjut.boudia.myMain - meter_1583933454582397937:repMsg
BruceChen 02:12:28.957 [main] INFO  edu.bjut.boudia.myMain - meter_1583933454582397937:25656000
BruceChen 02:12:31.834 [main] INFO  edu.bjut.boudia.myMain - oneTimeMeterRegTime
BruceChen 02:12:32.477 [main] INFO  edu.bjut.boudia.myMain - server:pubkey
BruceChen 02:12:32.477 [main] INFO  edu.bjut.boudia.myMain - server:1000
BruceChen 02:12:32.477 [main] INFO  edu.bjut.boudia.myMain - agg:regMsg,regMsg,regMsg,regMsg,regMsg,regMsg,regMsg,regMsg,regMsg,regMsg,regMsg,regMsg,regMsg,regMsg,regMsg,regMsg,regMsg,regMsg,regMsg,regMsg,regMsg,regMsg,regMsg,regMsg,regMsg,regMsg,regMsg,regMsg,regMsg,regMsg,regMsg,regMsg,regMsg,regMsg,regMsg,regMsg,regMsg,regMsg,regMsg,regMsg,regMsg,regMsg,regMsg,regMsg,regMsg,regMsg,regMsg,regMsg,regMsg,regMsg
BruceChen 02:12:32.477 [main] INFO  edu.bjut.boudia.myMain - agg:6520300,6519400,6532900,6508400,6511200,6495800,6493300,6461900,6510200,6484400,6371700,6310400,6301800,6304000,6523000,6484900,6467400,6496800,6309700,6332600,6315100,6402200,6348200,6339300,6354200,6319800,6316800,6299100,6300500,6295700,6334300,6292300,6601100,6475200,6475600,6487800,6290800,6292200,6280400,6279600,6387500,6313800,6307700,6450100,6360900,6314100,6279400,6320400,6277500,6279300
BruceChen 02:12:32.477 [main] INFO  edu.bjut.boudia.myMain - meter_7516082177483439773:regMsg,reg_backagg,reg_cc
BruceChen 02:12:32.477 [main] INFO  edu.bjut.boudia.myMain - meter_7516082177483439773:500,6734300,600
BruceChen 02:12:32.477 [main] INFO  edu.bjut.boudia.myMain - meter_7983106891778909215:regMsg,reg_backagg,reg_cc
BruceChen 02:12:32.477 [main] INFO  edu.bjut.boudia.myMain - meter_7983106891778909215:600,6603900,400
BruceChen 02:12:32.477 [main] INFO  edu.bjut.boudia.myMain - meter_1291137614423136349:regMsg,reg_backagg,reg_cc
BruceChen 02:12:32.477 [main] INFO  edu.bjut.boudia.myMain - meter_1291137614423136349:300,6546800,400
BruceChen 02:12:32.477 [main] INFO  edu.bjut.boudia.myMain - meter_2007595669300959419:regMsg,reg_backagg,reg_cc
BruceChen 02:12:32.477 [main] INFO  edu.bjut.boudia.myMain - meter_2007595669300959419:500,6543600,400
BruceChen 02:12:32.477 [main] INFO  edu.bjut.boudia.myMain - meter_5683040157763341797:regMsg,reg_backagg,reg_cc
BruceChen 02:12:32.477 [main] INFO  edu.bjut.boudia.myMain - meter_5683040157763341797:1000,6510800,600
BruceChen 02:12:32.477 [main] INFO  edu.bjut.boudia.myMain - meter_5579352924359218205:regMsg,reg_backagg,reg_cc
BruceChen 02:12:32.477 [main] INFO  edu.bjut.boudia.myMain - meter_5579352924359218205:700,6565700,500
BruceChen 02:12:32.477 [main] INFO  edu.bjut.boudia.myMain - meter_667834294841615141:regMsg,reg_backagg,reg_cc
BruceChen 02:12:32.477 [main] INFO  edu.bjut.boudia.myMain - meter_667834294841615141:5900,6564000,600
BruceChen 02:12:32.477 [main] INFO  edu.bjut.boudia.myMain - meter_5898314365281585449:regMsg,reg_backagg,reg_cc
BruceChen 02:12:32.477 [main] INFO  edu.bjut.boudia.myMain - meter_5898314365281585449:300,6556400,6100
BruceChen 02:12:32.477 [main] INFO  edu.bjut.boudia.myMain - meter_4303454014355275209:regMsg,reg_backagg,reg_cc
BruceChen 02:12:32.477 [main] INFO  edu.bjut.boudia.myMain - meter_4303454014355275209:300,6570700,400
BruceChen 02:12:32.477 [main] INFO  edu.bjut.boudia.myMain - meter_5799769060111162313:regMsg,reg_backagg,reg_cc
BruceChen 02:12:32.477 [main] INFO  edu.bjut.boudia.myMain - meter_5799769060111162313:300,6493900,300
BruceChen 02:12:32.477 [main] INFO  edu.bjut.boudia.myMain - meter_886076015273974525:regMsg,reg_backagg,reg_cc
BruceChen 02:12:32.477 [main] INFO  edu.bjut.boudia.myMain - meter_886076015273974525:300,6361900,200
BruceChen 02:12:32.477 [main] INFO  edu.bjut.boudia.myMain - meter_288840074293435955:regMsg,reg_backagg,reg_cc
BruceChen 02:12:32.477 [main] INFO  edu.bjut.boudia.myMain - meter_288840074293435955:400,6334500,200
BruceChen 02:12:32.477 [main] INFO  edu.bjut.boudia.myMain - meter_8177685868699852177:regMsg,reg_backagg,reg_cc
BruceChen 02:12:32.477 [main] INFO  edu.bjut.boudia.myMain - meter_8177685868699852177:200,6358800,200
BruceChen 02:12:32.477 [main] INFO  edu.bjut.boudia.myMain - meter_8083223848624074013:regMsg,reg_backagg,reg_cc
BruceChen 02:12:32.477 [main] INFO  edu.bjut.boudia.myMain - meter_8083223848624074013:200,6488900,200
BruceChen 02:12:32.477 [main] INFO  edu.bjut.boudia.myMain - meter_1628717796012624887:regMsg,reg_backagg,reg_cc
BruceChen 02:12:32.477 [main] INFO  edu.bjut.boudia.myMain - meter_1628717796012624887:300,6518200,400
BruceChen 02:12:32.477 [main] INFO  edu.bjut.boudia.myMain - meter_8132950180609542929:regMsg,reg_backagg,reg_cc
BruceChen 02:12:32.477 [main] INFO  edu.bjut.boudia.myMain - meter_8132950180609542929:600,6449300,300
BruceChen 02:12:32.477 [main] INFO  edu.bjut.boudia.myMain - meter_927377700906659449:regMsg,reg_backagg,reg_cc
BruceChen 02:12:32.477 [main] INFO  edu.bjut.boudia.myMain - meter_927377700906659449:500,6486800,300
BruceChen 02:12:32.477 [main] INFO  edu.bjut.boudia.myMain - meter_858490901883718957:regMsg,reg_backagg,reg_cc
BruceChen 02:12:32.477 [main] INFO  edu.bjut.boudia.myMain - meter_858490901883718957:300,6421300,200
BruceChen 02:12:32.477 [main] INFO  edu.bjut.boudia.myMain - meter_3115862098989792465:regMsg,reg_backagg,reg_cc
BruceChen 02:12:32.477 [main] INFO  edu.bjut.boudia.myMain - meter_3115862098989792465:400,6314200,100
BruceChen 02:12:32.477 [main] INFO  edu.bjut.boudia.myMain - meter_4193721867751826953:regMsg,reg_backagg,reg_cc
BruceChen 02:12:32.477 [main] INFO  edu.bjut.boudia.myMain - meter_4193721867751826953:300,6347500,300
BruceChen 02:12:32.477 [main] INFO  edu.bjut.boudia.myMain - meter_2671658458945575167:regMsg,reg_backagg,reg_cc
BruceChen 02:12:32.477 [main] INFO  edu.bjut.boudia.myMain - meter_2671658458945575167:700,6289200,300
BruceChen 02:12:32.477 [main] INFO  edu.bjut.boudia.myMain - meter_2511525471658393547:regMsg,reg_backagg,reg_cc
BruceChen 02:12:32.477 [main] INFO  edu.bjut.boudia.myMain - meter_2511525471658393547:600,6466700,400
BruceChen 02:12:32.477 [main] INFO  edu.bjut.boudia.myMain - meter_5408204560162641497:regMsg,reg_backagg,reg_cc
BruceChen 02:12:32.477 [main] INFO  edu.bjut.boudia.myMain - meter_5408204560162641497:700,6408400,400
BruceChen 02:12:32.477 [main] INFO  edu.bjut.boudia.myMain - meter_5424201751132209709:regMsg,reg_backagg,reg_cc
BruceChen 02:12:32.477 [main] INFO  edu.bjut.boudia.myMain - meter_5424201751132209709:800,6438300,300
BruceChen 02:12:32.477 [main] INFO  edu.bjut.boudia.myMain - meter_1355163087512943849:regMsg,reg_backagg,reg_cc
BruceChen 02:12:32.477 [main] INFO  edu.bjut.boudia.myMain - meter_1355163087512943849:600,6427900,300
BruceChen 02:12:32.477 [main] INFO  edu.bjut.boudia.myMain - meter_3636276620811895533:regMsg,reg_backagg,reg_cc
BruceChen 02:12:32.477 [main] INFO  edu.bjut.boudia.myMain - meter_3636276620811895533:300,6323300,200
BruceChen 02:12:32.477 [main] INFO  edu.bjut.boudia.myMain - meter_8419757418510219711:regMsg,reg_backagg,reg_cc
BruceChen 02:12:32.477 [main] INFO  edu.bjut.boudia.myMain - meter_8419757418510219711:300,6329600,300
BruceChen 02:12:32.477 [main] INFO  edu.bjut.boudia.myMain - meter_579166545476143763:regMsg,reg_backagg,reg_cc
BruceChen 02:12:32.477 [main] INFO  edu.bjut.boudia.myMain - meter_579166545476143763:300,6297000,400
BruceChen 02:12:32.477 [main] INFO  edu.bjut.boudia.myMain - meter_8789129202024448705:regMsg,reg_backagg,reg_cc
BruceChen 02:12:32.477 [main] INFO  edu.bjut.boudia.myMain - meter_8789129202024448705:500,6338000,400
BruceChen 02:12:32.477 [main] INFO  edu.bjut.boudia.myMain - meter_2067199501041400131:regMsg,reg_backagg,reg_cc
BruceChen 02:12:32.477 [main] INFO  edu.bjut.boudia.myMain - meter_2067199501041400131:500,6247100,400
BruceChen 02:12:32.477 [main] INFO  edu.bjut.boudia.myMain - meter_6149182166829497531:regMsg,reg_backagg,reg_cc
BruceChen 02:12:32.477 [main] INFO  edu.bjut.boudia.myMain - meter_6149182166829497531:300,6311300,300
BruceChen 02:12:32.477 [main] INFO  edu.bjut.boudia.myMain - meter_1000440019800236239:regMsg,reg_backagg,reg_cc
BruceChen 02:12:32.477 [main] INFO  edu.bjut.boudia.myMain - meter_1000440019800236239:300,9392200,500
BruceChen 02:12:32.477 [main] INFO  edu.bjut.boudia.myMain - meter_7375038601324849685:regMsg,reg_backagg,reg_cc
BruceChen 02:12:32.477 [main] INFO  edu.bjut.boudia.myMain - meter_7375038601324849685:900,6609400,400
BruceChen 02:12:32.477 [main] INFO  edu.bjut.boudia.myMain - meter_7119647902206702167:regMsg,reg_backagg,reg_cc
BruceChen 02:12:32.477 [main] INFO  edu.bjut.boudia.myMain - meter_7119647902206702167:600,6567900,200
BruceChen 02:12:32.477 [main] INFO  edu.bjut.boudia.myMain - meter_8365046772169976827:regMsg,reg_backagg,reg_cc
BruceChen 02:12:32.477 [main] INFO  edu.bjut.boudia.myMain - meter_8365046772169976827:400,6630500,200
BruceChen 02:12:32.477 [main] INFO  edu.bjut.boudia.myMain - meter_5166654281256895867:regMsg,reg_backagg,reg_cc
BruceChen 02:12:32.477 [main] INFO  edu.bjut.boudia.myMain - meter_5166654281256895867:300,6409400,200
BruceChen 02:12:32.477 [main] INFO  edu.bjut.boudia.myMain - meter_1618956323729725647:regMsg,reg_backagg,reg_cc
BruceChen 02:12:32.477 [main] INFO  edu.bjut.boudia.myMain - meter_1618956323729725647:200,6257900,200
BruceChen 02:12:32.477 [main] INFO  edu.bjut.boudia.myMain - meter_2529570384143931095:regMsg,reg_backagg,reg_cc
BruceChen 02:12:32.477 [main] INFO  edu.bjut.boudia.myMain - meter_2529570384143931095:200,6285100,200
BruceChen 02:12:32.477 [main] INFO  edu.bjut.boudia.myMain - meter_5131501730268967981:regMsg,reg_backagg,reg_cc
BruceChen 02:12:32.477 [main] INFO  edu.bjut.boudia.myMain - meter_5131501730268967981:300,6443700,400
BruceChen 02:12:32.477 [main] INFO  edu.bjut.boudia.myMain - meter_6181256457794741033:regMsg,reg_backagg,reg_cc
BruceChen 02:12:32.477 [main] INFO  edu.bjut.boudia.myMain - meter_6181256457794741033:600,6373900,400
BruceChen 02:12:32.477 [main] INFO  edu.bjut.boudia.myMain - meter_4184473421160663495:regMsg,reg_backagg,reg_cc
BruceChen 02:12:32.477 [main] INFO  edu.bjut.boudia.myMain - meter_4184473421160663495:600,6391700,200
BruceChen 02:12:32.477 [main] INFO  edu.bjut.boudia.myMain - meter_8301248972927474467:regMsg,reg_backagg,reg_cc
BruceChen 02:12:32.477 [main] INFO  edu.bjut.boudia.myMain - meter_8301248972927474467:600,6442400,400
BruceChen 02:12:32.477 [main] INFO  edu.bjut.boudia.myMain - meter_147500339705677765:regMsg,reg_backagg,reg_cc
BruceChen 02:12:32.477 [main] INFO  edu.bjut.boudia.myMain - meter_147500339705677765:600,6354700,300
BruceChen 02:12:32.477 [main] INFO  edu.bjut.boudia.myMain - meter_8898514399125649757:regMsg,reg_backagg,reg_cc
BruceChen 02:12:32.477 [main] INFO  edu.bjut.boudia.myMain - meter_8898514399125649757:600,6363800,200
BruceChen 02:12:32.477 [main] INFO  edu.bjut.boudia.myMain - meter_496457302238661987:regMsg,reg_backagg,reg_cc
BruceChen 02:12:32.477 [main] INFO  edu.bjut.boudia.myMain - meter_496457302238661987:400,6424100,100
BruceChen 02:12:32.477 [main] INFO  edu.bjut.boudia.myMain - meter_8254975440506075815:regMsg,reg_backagg,reg_cc
BruceChen 02:12:32.477 [main] INFO  edu.bjut.boudia.myMain - meter_8254975440506075815:300,6403100,100
BruceChen 02:12:32.477 [main] INFO  edu.bjut.boudia.myMain - meter_8464563383536557553:regMsg,reg_backagg,reg_cc
BruceChen 02:12:32.477 [main] INFO  edu.bjut.boudia.myMain - meter_8464563383536557553:300,6304100,100
BruceChen 02:12:32.477 [main] INFO  edu.bjut.boudia.myMain - meter_8727343243110311141:regMsg,reg_backagg,reg_cc
BruceChen 02:12:32.477 [main] INFO  edu.bjut.boudia.myMain - meter_8727343243110311141:200,6360800,100
BruceChen 02:12:32.477 [main] INFO  edu.bjut.boudia.myMain - meter_1875460685803204923:regMsg,reg_backagg,reg_cc
BruceChen 02:12:32.477 [main] INFO  edu.bjut.boudia.myMain - meter_1875460685803204923:400,6342100,300
BruceChen 02:12:32.477 [main] INFO  edu.bjut.boudia.myMain - meter_6653450501510685951:regMsg,reg_backagg,reg_cc
BruceChen 02:12:32.477 [main] INFO  edu.bjut.boudia.myMain - meter_6653450501510685951:300,6240000,200
BruceChen 02:12:33.117 [main] INFO  edu.bjut.boudia.myMain - oneTimeMeterRepTime
BruceChen 02:12:34.820 [main] INFO  edu.bjut.boudia.myMain - server:repMsg
BruceChen 02:12:34.820 [main] INFO  edu.bjut.boudia.myMain - server:31466800
BruceChen 02:12:34.820 [main] INFO  edu.bjut.boudia.myMain - agg:repMsg
BruceChen 02:12:34.820 [main] INFO  edu.bjut.boudia.myMain - agg:346282300
BruceChen 02:12:34.820 [main] INFO  edu.bjut.boudia.myMain - meter_7516082177483439773:repMsg
BruceChen 02:12:34.820 [main] INFO  edu.bjut.boudia.myMain - meter_7516082177483439773:26318600
BruceChen 02:12:34.820 [main] INFO  edu.bjut.boudia.myMain - meter_7983106891778909215:repMsg
BruceChen 02:12:34.820 [main] INFO  edu.bjut.boudia.myMain - meter_7983106891778909215:26197100
BruceChen 02:12:34.820 [main] INFO  edu.bjut.boudia.myMain - meter_1291137614423136349:repMsg
BruceChen 02:12:34.820 [main] INFO  edu.bjut.boudia.myMain - meter_1291137614423136349:26041300
BruceChen 02:12:34.820 [main] INFO  edu.bjut.boudia.myMain - meter_2007595669300959419:repMsg
BruceChen 02:12:34.820 [main] INFO  edu.bjut.boudia.myMain - meter_2007595669300959419:26079600
BruceChen 02:12:34.820 [main] INFO  edu.bjut.boudia.myMain - meter_5683040157763341797:repMsg
BruceChen 02:12:34.820 [main] INFO  edu.bjut.boudia.myMain - meter_5683040157763341797:26163400
BruceChen 02:12:34.820 [main] INFO  edu.bjut.boudia.myMain - meter_5579352924359218205:repMsg
BruceChen 02:12:34.820 [main] INFO  edu.bjut.boudia.myMain - meter_5579352924359218205:26340200
BruceChen 02:12:34.820 [main] INFO  edu.bjut.boudia.myMain - meter_667834294841615141:repMsg
BruceChen 02:12:34.820 [main] INFO  edu.bjut.boudia.myMain - meter_667834294841615141:26346300
BruceChen 02:12:34.820 [main] INFO  edu.bjut.boudia.myMain - meter_5898314365281585449:repMsg
BruceChen 02:12:34.820 [main] INFO  edu.bjut.boudia.myMain - meter_5898314365281585449:26163300
BruceChen 02:12:34.820 [main] INFO  edu.bjut.boudia.myMain - meter_4303454014355275209:repMsg
BruceChen 02:12:34.820 [main] INFO  edu.bjut.boudia.myMain - meter_4303454014355275209:26168600
BruceChen 02:12:34.820 [main] INFO  edu.bjut.boudia.myMain - meter_5799769060111162313:repMsg
BruceChen 02:12:34.820 [main] INFO  edu.bjut.boudia.myMain - meter_5799769060111162313:26132600
BruceChen 02:12:34.820 [main] INFO  edu.bjut.boudia.myMain - meter_886076015273974525:repMsg
BruceChen 02:12:34.820 [main] INFO  edu.bjut.boudia.myMain - meter_886076015273974525:26166200
BruceChen 02:12:34.820 [main] INFO  edu.bjut.boudia.myMain - meter_288840074293435955:repMsg
BruceChen 02:12:34.820 [main] INFO  edu.bjut.boudia.myMain - meter_288840074293435955:26296100
BruceChen 02:12:34.820 [main] INFO  edu.bjut.boudia.myMain - meter_8177685868699852177:repMsg
BruceChen 02:12:34.820 [main] INFO  edu.bjut.boudia.myMain - meter_8177685868699852177:26001900
BruceChen 02:12:34.820 [main] INFO  edu.bjut.boudia.myMain - meter_8083223848624074013:repMsg
BruceChen 02:12:34.820 [main] INFO  edu.bjut.boudia.myMain - meter_8083223848624074013:26285600
BruceChen 02:12:34.820 [main] INFO  edu.bjut.boudia.myMain - meter_1628717796012624887:repMsg
BruceChen 02:12:34.820 [main] INFO  edu.bjut.boudia.myMain - meter_1628717796012624887:25916400
BruceChen 02:12:34.820 [main] INFO  edu.bjut.boudia.myMain - meter_8132950180609542929:repMsg
BruceChen 02:12:34.820 [main] INFO  edu.bjut.boudia.myMain - meter_8132950180609542929:26086900
BruceChen 02:12:34.820 [main] INFO  edu.bjut.boudia.myMain - meter_927377700906659449:repMsg
BruceChen 02:12:34.820 [main] INFO  edu.bjut.boudia.myMain - meter_927377700906659449:25936000
BruceChen 02:12:34.820 [main] INFO  edu.bjut.boudia.myMain - meter_858490901883718957:repMsg
BruceChen 02:12:34.820 [main] INFO  edu.bjut.boudia.myMain - meter_858490901883718957:25980400
BruceChen 02:12:34.820 [main] INFO  edu.bjut.boudia.myMain - meter_3115862098989792465:repMsg
BruceChen 02:12:34.820 [main] INFO  edu.bjut.boudia.myMain - meter_3115862098989792465:26044400
BruceChen 02:12:34.820 [main] INFO  edu.bjut.boudia.myMain - meter_4193721867751826953:repMsg
BruceChen 02:12:34.820 [main] INFO  edu.bjut.boudia.myMain - meter_4193721867751826953:28631700
BruceChen 02:12:34.820 [main] INFO  edu.bjut.boudia.myMain - meter_2671658458945575167:repMsg
BruceChen 02:12:34.820 [main] INFO  edu.bjut.boudia.myMain - meter_2671658458945575167:26070800
BruceChen 02:12:34.820 [main] INFO  edu.bjut.boudia.myMain - meter_2511525471658393547:repMsg
BruceChen 02:12:34.820 [main] INFO  edu.bjut.boudia.myMain - meter_2511525471658393547:26160000
BruceChen 02:12:34.820 [main] INFO  edu.bjut.boudia.myMain - meter_5408204560162641497:repMsg
BruceChen 02:12:34.820 [main] INFO  edu.bjut.boudia.myMain - meter_5408204560162641497:26107100
BruceChen 02:12:34.820 [main] INFO  edu.bjut.boudia.myMain - meter_5424201751132209709:repMsg
BruceChen 02:12:34.820 [main] INFO  edu.bjut.boudia.myMain - meter_5424201751132209709:26311300
BruceChen 02:12:34.820 [main] INFO  edu.bjut.boudia.myMain - meter_1355163087512943849:repMsg
BruceChen 02:12:34.820 [main] INFO  edu.bjut.boudia.myMain - meter_1355163087512943849:26341100
BruceChen 02:12:34.820 [main] INFO  edu.bjut.boudia.myMain - meter_3636276620811895533:repMsg
BruceChen 02:12:34.820 [main] INFO  edu.bjut.boudia.myMain - meter_3636276620811895533:26021100
BruceChen 02:12:34.820 [main] INFO  edu.bjut.boudia.myMain - meter_8419757418510219711:repMsg
BruceChen 02:12:34.820 [main] INFO  edu.bjut.boudia.myMain - meter_8419757418510219711:26219000
BruceChen 02:12:34.820 [main] INFO  edu.bjut.boudia.myMain - meter_579166545476143763:repMsg
BruceChen 02:12:34.820 [main] INFO  edu.bjut.boudia.myMain - meter_579166545476143763:26319400
BruceChen 02:12:34.820 [main] INFO  edu.bjut.boudia.myMain - meter_8789129202024448705:repMsg
BruceChen 02:12:34.820 [main] INFO  edu.bjut.boudia.myMain - meter_8789129202024448705:26093900
BruceChen 02:12:34.820 [main] INFO  edu.bjut.boudia.myMain - meter_2067199501041400131:repMsg
BruceChen 02:12:34.820 [main] INFO  edu.bjut.boudia.myMain - meter_2067199501041400131:26161400
BruceChen 02:12:34.820 [main] INFO  edu.bjut.boudia.myMain - meter_6149182166829497531:repMsg
BruceChen 02:12:34.820 [main] INFO  edu.bjut.boudia.myMain - meter_6149182166829497531:26174900
BruceChen 02:12:34.820 [main] INFO  edu.bjut.boudia.myMain - meter_1000440019800236239:repMsg
BruceChen 02:12:34.820 [main] INFO  edu.bjut.boudia.myMain - meter_1000440019800236239:25974700
BruceChen 02:12:34.820 [main] INFO  edu.bjut.boudia.myMain - meter_7375038601324849685:repMsg
BruceChen 02:12:34.820 [main] INFO  edu.bjut.boudia.myMain - meter_7375038601324849685:26134500
BruceChen 02:12:34.820 [main] INFO  edu.bjut.boudia.myMain - meter_7119647902206702167:repMsg
BruceChen 02:12:34.820 [main] INFO  edu.bjut.boudia.myMain - meter_7119647902206702167:26194600
BruceChen 02:12:34.820 [main] INFO  edu.bjut.boudia.myMain - meter_8365046772169976827:repMsg
BruceChen 02:12:34.820 [main] INFO  edu.bjut.boudia.myMain - meter_8365046772169976827:26312900
BruceChen 02:12:34.820 [main] INFO  edu.bjut.boudia.myMain - meter_5166654281256895867:repMsg
BruceChen 02:12:34.820 [main] INFO  edu.bjut.boudia.myMain - meter_5166654281256895867:25967400
BruceChen 02:12:34.820 [main] INFO  edu.bjut.boudia.myMain - meter_1618956323729725647:repMsg
BruceChen 02:12:34.820 [main] INFO  edu.bjut.boudia.myMain - meter_1618956323729725647:26330600
BruceChen 02:12:34.820 [main] INFO  edu.bjut.boudia.myMain - meter_2529570384143931095:repMsg
BruceChen 02:12:34.820 [main] INFO  edu.bjut.boudia.myMain - meter_2529570384143931095:25737200
BruceChen 02:12:34.820 [main] INFO  edu.bjut.boudia.myMain - meter_5131501730268967981:repMsg
BruceChen 02:12:34.820 [main] INFO  edu.bjut.boudia.myMain - meter_5131501730268967981:25476100
BruceChen 02:12:34.820 [main] INFO  edu.bjut.boudia.myMain - meter_6181256457794741033:repMsg
BruceChen 02:12:34.820 [main] INFO  edu.bjut.boudia.myMain - meter_6181256457794741033:25459500
BruceChen 02:12:34.820 [main] INFO  edu.bjut.boudia.myMain - meter_4184473421160663495:repMsg
BruceChen 02:12:34.820 [main] INFO  edu.bjut.boudia.myMain - meter_4184473421160663495:25515500
BruceChen 02:12:34.820 [main] INFO  edu.bjut.boudia.myMain - meter_8301248972927474467:repMsg
BruceChen 02:12:34.820 [main] INFO  edu.bjut.boudia.myMain - meter_8301248972927474467:25559000
BruceChen 02:12:34.820 [main] INFO  edu.bjut.boudia.myMain - meter_147500339705677765:repMsg
BruceChen 02:12:34.820 [main] INFO  edu.bjut.boudia.myMain - meter_147500339705677765:26018500
BruceChen 02:12:34.820 [main] INFO  edu.bjut.boudia.myMain - meter_8898514399125649757:repMsg
BruceChen 02:12:34.820 [main] INFO  edu.bjut.boudia.myMain - meter_8898514399125649757:26259800
BruceChen 02:12:34.820 [main] INFO  edu.bjut.boudia.myMain - meter_496457302238661987:repMsg
BruceChen 02:12:34.820 [main] INFO  edu.bjut.boudia.myMain - meter_496457302238661987:26733800
BruceChen 02:12:34.820 [main] INFO  edu.bjut.boudia.myMain - meter_8254975440506075815:repMsg
BruceChen 02:12:34.820 [main] INFO  edu.bjut.boudia.myMain - meter_8254975440506075815:26086600
BruceChen 02:12:34.820 [main] INFO  edu.bjut.boudia.myMain - meter_8464563383536557553:repMsg
BruceChen 02:12:34.820 [main] INFO  edu.bjut.boudia.myMain - meter_8464563383536557553:28918900
BruceChen 02:12:34.820 [main] INFO  edu.bjut.boudia.myMain - meter_8727343243110311141:repMsg
BruceChen 02:12:34.820 [main] INFO  edu.bjut.boudia.myMain - meter_8727343243110311141:26082900
BruceChen 02:12:34.820 [main] INFO  edu.bjut.boudia.myMain - meter_1875460685803204923:repMsg
BruceChen 02:12:34.820 [main] INFO  edu.bjut.boudia.myMain - meter_1875460685803204923:26257200
BruceChen 02:12:34.820 [main] INFO  edu.bjut.boudia.myMain - meter_6653450501510685951:repMsg
BruceChen 02:12:34.820 [main] INFO  edu.bjut.boudia.myMain - meter_6653450501510685951:26159000
BruceChen 02:12:37.884 [main] INFO  edu.bjut.boudia.myMain - oneTimeMeterRegTime
BruceChen 02:12:38.399 [main] INFO  edu.bjut.boudia.myMain - server:pubkey
BruceChen 02:12:38.399 [main] INFO  edu.bjut.boudia.myMain - server:900
BruceChen 02:12:38.399 [main] INFO  edu.bjut.boudia.myMain - agg:regMsg,regMsg,regMsg,regMsg,regMsg,regMsg,regMsg,regMsg,regMsg,regMsg,regMsg,regMsg,regMsg,regMsg,regMsg,regMsg,regMsg,regMsg,regMsg,regMsg,regMsg,regMsg,regMsg,regMsg,regMsg,regMsg,regMsg,regMsg,regMsg,regMsg,regMsg,regMsg,regMsg,regMsg,regMsg,regMsg,regMsg,regMsg,regMsg,regMsg
BruceChen 02:12:38.399 [main] INFO  edu.bjut.boudia.myMain - agg:6351900,6308300,6375500,6409300,6485600,6485700,6503600,6473600,6508500,6480300,6461100,6464300,6479900,6516000,6500100,6454500,6478100,6403800,6476900,6494700,7111200,6382600,6354400,6293100,6306300,6301100,6322500,6311700,6304600,6355300,6313600,6295100,6285100,6444600,6487400,6481300,6506700,6466000,6463500,6485600
BruceChen 02:12:38.399 [main] INFO  edu.bjut.boudia.myMain - meter_4335319129002930687:regMsg,reg_backagg,reg_cc
BruceChen 02:12:38.399 [main] INFO  edu.bjut.boudia.myMain - meter_4335319129002930687:500,6397200,500
BruceChen 02:12:38.399 [main] INFO  edu.bjut.boudia.myMain - meter_3063701608639347479:regMsg,reg_backagg,reg_cc
BruceChen 02:12:38.399 [main] INFO  edu.bjut.boudia.myMain - meter_3063701608639347479:600,6327000,100
BruceChen 02:12:38.399 [main] INFO  edu.bjut.boudia.myMain - meter_1470608460628011907:regMsg,reg_backagg,reg_cc
BruceChen 02:12:38.399 [main] INFO  edu.bjut.boudia.myMain - meter_1470608460628011907:300,6516600,400
BruceChen 02:12:38.399 [main] INFO  edu.bjut.boudia.myMain - meter_4241199054635710867:regMsg,reg_backagg,reg_cc
BruceChen 02:12:38.399 [main] INFO  edu.bjut.boudia.myMain - meter_4241199054635710867:800,6463900,400
BruceChen 02:12:38.399 [main] INFO  edu.bjut.boudia.myMain - meter_6499461127126188051:regMsg,reg_backagg,reg_cc
BruceChen 02:12:38.399 [main] INFO  edu.bjut.boudia.myMain - meter_6499461127126188051:700,6591600,700
BruceChen 02:12:38.399 [main] INFO  edu.bjut.boudia.myMain - meter_7137750141853569705:regMsg,reg_backagg,reg_cc
BruceChen 02:12:38.399 [main] INFO  edu.bjut.boudia.myMain - meter_7137750141853569705:1100,6359300,500
BruceChen 02:12:38.399 [main] INFO  edu.bjut.boudia.myMain - meter_2778384836125205315:regMsg,reg_backagg,reg_cc
BruceChen 02:12:38.399 [main] INFO  edu.bjut.boudia.myMain - meter_2778384836125205315:800,6561900,200
BruceChen 02:12:38.399 [main] INFO  edu.bjut.boudia.myMain - meter_6652543176455033489:regMsg,reg_backagg,reg_cc
BruceChen 02:12:38.399 [main] INFO  edu.bjut.boudia.myMain - meter_6652543176455033489:400,6552200,200
BruceChen 02:12:38.399 [main] INFO  edu.bjut.boudia.myMain - meter_8404984395015265675:regMsg,reg_backagg,reg_cc
BruceChen 02:12:38.399 [main] INFO  edu.bjut.boudia.myMain - meter_8404984395015265675:400,6512200,200
BruceChen 02:12:38.399 [main] INFO  edu.bjut.boudia.myMain - meter_1007300315105102773:regMsg,reg_backagg,reg_cc
BruceChen 02:12:38.399 [main] INFO  edu.bjut.boudia.myMain - meter_1007300315105102773:800,6544500,200
BruceChen 02:12:38.399 [main] INFO  edu.bjut.boudia.myMain - meter_4578112118188570789:regMsg,reg_backagg,reg_cc
BruceChen 02:12:38.399 [main] INFO  edu.bjut.boudia.myMain - meter_4578112118188570789:400,6483200,100
BruceChen 02:12:38.399 [main] INFO  edu.bjut.boudia.myMain - meter_7466312805130833199:regMsg,reg_backagg,reg_cc
BruceChen 02:12:38.399 [main] INFO  edu.bjut.boudia.myMain - meter_7466312805130833199:300,6533000,200
BruceChen 02:12:38.399 [main] INFO  edu.bjut.boudia.myMain - meter_6043910716347513411:regMsg,reg_backagg,reg_cc
BruceChen 02:12:38.399 [main] INFO  edu.bjut.boudia.myMain - meter_6043910716347513411:200,6573200,200
BruceChen 02:12:38.399 [main] INFO  edu.bjut.boudia.myMain - meter_5808546403887546323:regMsg,reg_backagg,reg_cc
BruceChen 02:12:38.399 [main] INFO  edu.bjut.boudia.myMain - meter_5808546403887546323:200,6521000,300
BruceChen 02:12:38.399 [main] INFO  edu.bjut.boudia.myMain - meter_1463607211704970869:regMsg,reg_backagg,reg_cc
BruceChen 02:12:38.399 [main] INFO  edu.bjut.boudia.myMain - meter_1463607211704970869:400,6479900,400
BruceChen 02:12:38.399 [main] INFO  edu.bjut.boudia.myMain - meter_2634446910910252597:regMsg,reg_backagg,reg_cc
BruceChen 02:12:38.399 [main] INFO  edu.bjut.boudia.myMain - meter_2634446910910252597:300,6439100,300
BruceChen 02:12:38.399 [main] INFO  edu.bjut.boudia.myMain - meter_7829516298007412259:regMsg,reg_backagg,reg_cc
BruceChen 02:12:38.399 [main] INFO  edu.bjut.boudia.myMain - meter_7829516298007412259:200,6560300,100
BruceChen 02:12:38.399 [main] INFO  edu.bjut.boudia.myMain - meter_450651530237888983:regMsg,reg_backagg,reg_cc
BruceChen 02:12:38.399 [main] INFO  edu.bjut.boudia.myMain - meter_450651530237888983:200,6580100,200
BruceChen 02:12:38.399 [main] INFO  edu.bjut.boudia.myMain - meter_4139396626144026251:regMsg,reg_backagg,reg_cc
BruceChen 02:12:38.399 [main] INFO  edu.bjut.boudia.myMain - meter_4139396626144026251:300,6471900,100
BruceChen 02:12:38.399 [main] INFO  edu.bjut.boudia.myMain - meter_5225808600563949421:regMsg,reg_backagg,reg_cc
BruceChen 02:12:38.399 [main] INFO  edu.bjut.boudia.myMain - meter_5225808600563949421:200,6453000,300
BruceChen 02:12:38.399 [main] INFO  edu.bjut.boudia.myMain - meter_8517650371249076657:regMsg,reg_backagg,reg_cc
BruceChen 02:12:38.399 [main] INFO  edu.bjut.boudia.myMain - meter_8517650371249076657:500,6451300,400
BruceChen 02:12:38.399 [main] INFO  edu.bjut.boudia.myMain - meter_4460573112155726169:regMsg,reg_backagg,reg_cc
BruceChen 02:12:38.399 [main] INFO  edu.bjut.boudia.myMain - meter_4460573112155726169:800,6342000,300
BruceChen 02:12:38.399 [main] INFO  edu.bjut.boudia.myMain - meter_6358109182798797031:regMsg,reg_backagg,reg_cc
BruceChen 02:12:38.399 [main] INFO  edu.bjut.boudia.myMain - meter_6358109182798797031:300,6237000,300
BruceChen 02:12:38.399 [main] INFO  edu.bjut.boudia.myMain - meter_4223884408465020705:regMsg,reg_backagg,reg_cc
BruceChen 02:12:38.399 [main] INFO  edu.bjut.boudia.myMain - meter_4223884408465020705:300,6272000,200
BruceChen 02:12:38.399 [main] INFO  edu.bjut.boudia.myMain - meter_3961321364553233057:regMsg,reg_backagg,reg_cc
BruceChen 02:12:38.399 [main] INFO  edu.bjut.boudia.myMain - meter_3961321364553233057:300,6354000,200
BruceChen 02:12:38.399 [main] INFO  edu.bjut.boudia.myMain - meter_4035426856505735647:regMsg,reg_backagg,reg_cc
BruceChen 02:12:38.399 [main] INFO  edu.bjut.boudia.myMain - meter_4035426856505735647:200,6195000,100
BruceChen 02:12:38.399 [main] INFO  edu.bjut.boudia.myMain - meter_182148882689641647:regMsg,reg_backagg,reg_cc
BruceChen 02:12:38.399 [main] INFO  edu.bjut.boudia.myMain - meter_182148882689641647:200,6308400,200
BruceChen 02:12:38.399 [main] INFO  edu.bjut.boudia.myMain - meter_5545195652626716489:regMsg,reg_backagg,reg_cc
BruceChen 02:12:38.399 [main] INFO  edu.bjut.boudia.myMain - meter_5545195652626716489:300,6325400,200
BruceChen 02:12:38.399 [main] INFO  edu.bjut.boudia.myMain - meter_1881098163983596311:regMsg,reg_backagg,reg_cc
BruceChen 02:12:38.399 [main] INFO  edu.bjut.boudia.myMain - meter_1881098163983596311:200,6331300,200
BruceChen 02:12:38.399 [main] INFO  edu.bjut.boudia.myMain - meter_4792638303195951585:regMsg,reg_backagg,reg_cc
BruceChen 02:12:38.399 [main] INFO  edu.bjut.boudia.myMain - meter_4792638303195951585:300,6359100,200
BruceChen 02:12:38.399 [main] INFO  edu.bjut.boudia.myMain - meter_5800056060684472647:regMsg,reg_backagg,reg_cc
BruceChen 02:12:38.399 [main] INFO  edu.bjut.boudia.myMain - meter_5800056060684472647:200,6396300,200
BruceChen 02:12:38.399 [main] INFO  edu.bjut.boudia.myMain - meter_6927562375055491499:regMsg,reg_backagg,reg_cc
BruceChen 02:12:38.399 [main] INFO  edu.bjut.boudia.myMain - meter_6927562375055491499:200,6321400,100
BruceChen 02:12:38.399 [main] INFO  edu.bjut.boudia.myMain - meter_6528530435156395619:regMsg,reg_backagg,reg_cc
BruceChen 02:12:38.399 [main] INFO  edu.bjut.boudia.myMain - meter_6528530435156395619:300,6500700,200
BruceChen 02:12:38.399 [main] INFO  edu.bjut.boudia.myMain - meter_4885053146830413745:regMsg,reg_backagg,reg_cc
BruceChen 02:12:38.399 [main] INFO  edu.bjut.boudia.myMain - meter_4885053146830413745:300,6365200,200
BruceChen 02:12:38.399 [main] INFO  edu.bjut.boudia.myMain - meter_1514972158784083847:regMsg,reg_backagg,reg_cc
BruceChen 02:12:38.399 [main] INFO  edu.bjut.boudia.myMain - meter_1514972158784083847:8900,6498900,200
BruceChen 02:12:38.399 [main] INFO  edu.bjut.boudia.myMain - meter_5800061576554483249:regMsg,reg_backagg,reg_cc
BruceChen 02:12:38.399 [main] INFO  edu.bjut.boudia.myMain - meter_5800061576554483249:500,6494500,300
BruceChen 02:12:38.399 [main] INFO  edu.bjut.boudia.myMain - meter_7073353175892374523:regMsg,reg_backagg,reg_cc
BruceChen 02:12:38.399 [main] INFO  edu.bjut.boudia.myMain - meter_7073353175892374523:7500,6508100,2500
BruceChen 02:12:38.399 [main] INFO  edu.bjut.boudia.myMain - meter_668492466700014377:regMsg,reg_backagg,reg_cc
BruceChen 02:12:38.399 [main] INFO  edu.bjut.boudia.myMain - meter_668492466700014377:100,6478700,200
BruceChen 02:12:38.399 [main] INFO  edu.bjut.boudia.myMain - meter_2820836167003012203:regMsg,reg_backagg,reg_cc
BruceChen 02:12:38.399 [main] INFO  edu.bjut.boudia.myMain - meter_2820836167003012203:100,6521300,0
BruceChen 02:12:38.399 [main] INFO  edu.bjut.boudia.myMain - meter_6126153386908903045:regMsg,reg_backagg,reg_cc
BruceChen 02:12:38.399 [main] INFO  edu.bjut.boudia.myMain - meter_6126153386908903045:0,6585100,0
BruceChen 02:12:38.923 [main] INFO  edu.bjut.boudia.myMain - oneTimeMeterRepTime
BruceChen 02:12:40.275 [main] INFO  edu.bjut.boudia.myMain - server:repMsg
BruceChen 02:12:40.275 [main] INFO  edu.bjut.boudia.myMain - server:33091800
BruceChen 02:12:40.275 [main] INFO  edu.bjut.boudia.myMain - agg:repMsg
BruceChen 02:12:40.275 [main] INFO  edu.bjut.boudia.myMain - agg:280110300
BruceChen 02:12:40.275 [main] INFO  edu.bjut.boudia.myMain - meter_4335319129002930687:repMsg
BruceChen 02:12:40.275 [main] INFO  edu.bjut.boudia.myMain - meter_4335319129002930687:25394200
BruceChen 02:12:40.275 [main] INFO  edu.bjut.boudia.myMain - meter_3063701608639347479:repMsg
BruceChen 02:12:40.275 [main] INFO  edu.bjut.boudia.myMain - meter_3063701608639347479:25164700
BruceChen 02:12:40.275 [main] INFO  edu.bjut.boudia.myMain - meter_1470608460628011907:repMsg
BruceChen 02:12:40.275 [main] INFO  edu.bjut.boudia.myMain - meter_1470608460628011907:25529500
BruceChen 02:12:40.275 [main] INFO  edu.bjut.boudia.myMain - meter_4241199054635710867:repMsg
BruceChen 02:12:40.275 [main] INFO  edu.bjut.boudia.myMain - meter_4241199054635710867:25933300
BruceChen 02:12:40.275 [main] INFO  edu.bjut.boudia.myMain - meter_6499461127126188051:repMsg
BruceChen 02:12:40.275 [main] INFO  edu.bjut.boudia.myMain - meter_6499461127126188051:25943800
BruceChen 02:12:40.275 [main] INFO  edu.bjut.boudia.myMain - meter_7137750141853569705:repMsg
BruceChen 02:12:40.275 [main] INFO  edu.bjut.boudia.myMain - meter_7137750141853569705:25865200
BruceChen 02:12:40.275 [main] INFO  edu.bjut.boudia.myMain - meter_2778384836125205315:repMsg
BruceChen 02:12:40.275 [main] INFO  edu.bjut.boudia.myMain - meter_2778384836125205315:25454800
BruceChen 02:12:40.275 [main] INFO  edu.bjut.boudia.myMain - meter_6652543176455033489:repMsg
BruceChen 02:12:40.275 [main] INFO  edu.bjut.boudia.myMain - meter_6652543176455033489:25625800
BruceChen 02:12:40.275 [main] INFO  edu.bjut.boudia.myMain - meter_8404984395015265675:repMsg
BruceChen 02:12:40.275 [main] INFO  edu.bjut.boudia.myMain - meter_8404984395015265675:27247100
BruceChen 02:12:40.275 [main] INFO  edu.bjut.boudia.myMain - meter_1007300315105102773:repMsg
BruceChen 02:12:40.275 [main] INFO  edu.bjut.boudia.myMain - meter_1007300315105102773:26166300
BruceChen 02:12:40.275 [main] INFO  edu.bjut.boudia.myMain - meter_4578112118188570789:repMsg
BruceChen 02:12:40.275 [main] INFO  edu.bjut.boudia.myMain - meter_4578112118188570789:26367500
BruceChen 02:12:40.275 [main] INFO  edu.bjut.boudia.myMain - meter_7466312805130833199:repMsg
BruceChen 02:12:40.275 [main] INFO  edu.bjut.boudia.myMain - meter_7466312805130833199:26140200
BruceChen 02:12:40.275 [main] INFO  edu.bjut.boudia.myMain - meter_6043910716347513411:repMsg
BruceChen 02:12:40.275 [main] INFO  edu.bjut.boudia.myMain - meter_6043910716347513411:26185900
BruceChen 02:12:40.275 [main] INFO  edu.bjut.boudia.myMain - meter_5808546403887546323:repMsg
BruceChen 02:12:40.275 [main] INFO  edu.bjut.boudia.myMain - meter_5808546403887546323:25911800
BruceChen 02:12:40.275 [main] INFO  edu.bjut.boudia.myMain - meter_1463607211704970869:repMsg
BruceChen 02:12:40.275 [main] INFO  edu.bjut.boudia.myMain - meter_1463607211704970869:26075500
BruceChen 02:12:40.275 [main] INFO  edu.bjut.boudia.myMain - meter_2634446910910252597:repMsg
BruceChen 02:12:40.275 [main] INFO  edu.bjut.boudia.myMain - meter_2634446910910252597:26139700
BruceChen 02:12:40.275 [main] INFO  edu.bjut.boudia.myMain - meter_7829516298007412259:repMsg
BruceChen 02:12:40.275 [main] INFO  edu.bjut.boudia.myMain - meter_7829516298007412259:26408400
BruceChen 02:12:40.275 [main] INFO  edu.bjut.boudia.myMain - meter_450651530237888983:repMsg
BruceChen 02:12:40.275 [main] INFO  edu.bjut.boudia.myMain - meter_450651530237888983:26232500
BruceChen 02:12:40.275 [main] INFO  edu.bjut.boudia.myMain - meter_4139396626144026251:repMsg
BruceChen 02:12:40.275 [main] INFO  edu.bjut.boudia.myMain - meter_4139396626144026251:25905100
BruceChen 02:12:40.275 [main] INFO  edu.bjut.boudia.myMain - meter_5225808600563949421:repMsg
BruceChen 02:12:40.275 [main] INFO  edu.bjut.boudia.myMain - meter_5225808600563949421:26099900
BruceChen 02:12:40.275 [main] INFO  edu.bjut.boudia.myMain - meter_8517650371249076657:repMsg
BruceChen 02:12:40.275 [main] INFO  edu.bjut.boudia.myMain - meter_8517650371249076657:26210200
BruceChen 02:12:40.275 [main] INFO  edu.bjut.boudia.myMain - meter_4460573112155726169:repMsg
BruceChen 02:12:40.275 [main] INFO  edu.bjut.boudia.myMain - meter_4460573112155726169:26268900
BruceChen 02:12:40.275 [main] INFO  edu.bjut.boudia.myMain - meter_6358109182798797031:repMsg
BruceChen 02:12:40.275 [main] INFO  edu.bjut.boudia.myMain - meter_6358109182798797031:26202300
BruceChen 02:12:40.275 [main] INFO  edu.bjut.boudia.myMain - meter_4223884408465020705:repMsg
BruceChen 02:12:40.275 [main] INFO  edu.bjut.boudia.myMain - meter_4223884408465020705:25863300
BruceChen 02:12:40.275 [main] INFO  edu.bjut.boudia.myMain - meter_3961321364553233057:repMsg
BruceChen 02:12:40.275 [main] INFO  edu.bjut.boudia.myMain - meter_3961321364553233057:26250500
BruceChen 02:12:40.275 [main] INFO  edu.bjut.boudia.myMain - meter_4035426856505735647:repMsg
BruceChen 02:12:40.275 [main] INFO  edu.bjut.boudia.myMain - meter_4035426856505735647:26531600
BruceChen 02:12:40.275 [main] INFO  edu.bjut.boudia.myMain - meter_182148882689641647:repMsg
BruceChen 02:12:40.275 [main] INFO  edu.bjut.boudia.myMain - meter_182148882689641647:26023800
BruceChen 02:12:40.275 [main] INFO  edu.bjut.boudia.myMain - meter_5545195652626716489:repMsg
BruceChen 02:12:40.275 [main] INFO  edu.bjut.boudia.myMain - meter_5545195652626716489:26100600
BruceChen 02:12:40.275 [main] INFO  edu.bjut.boudia.myMain - meter_1881098163983596311:repMsg
BruceChen 02:12:40.275 [main] INFO  edu.bjut.boudia.myMain - meter_1881098163983596311:26210600
BruceChen 02:12:40.275 [main] INFO  edu.bjut.boudia.myMain - meter_4792638303195951585:repMsg
BruceChen 02:12:40.275 [main] INFO  edu.bjut.boudia.myMain - meter_4792638303195951585:26185400
BruceChen 02:12:40.275 [main] INFO  edu.bjut.boudia.myMain - meter_5800056060684472647:repMsg
BruceChen 02:12:40.275 [main] INFO  edu.bjut.boudia.myMain - meter_5800056060684472647:25862300
BruceChen 02:12:40.275 [main] INFO  edu.bjut.boudia.myMain - meter_6927562375055491499:repMsg
BruceChen 02:12:40.275 [main] INFO  edu.bjut.boudia.myMain - meter_6927562375055491499:26304700
BruceChen 02:12:40.275 [main] INFO  edu.bjut.boudia.myMain - meter_6528530435156395619:repMsg
BruceChen 02:12:40.275 [main] INFO  edu.bjut.boudia.myMain - meter_6528530435156395619:26263100
BruceChen 02:12:40.275 [main] INFO  edu.bjut.boudia.myMain - meter_4885053146830413745:repMsg
BruceChen 02:12:40.275 [main] INFO  edu.bjut.boudia.myMain - meter_4885053146830413745:26261300
BruceChen 02:12:40.275 [main] INFO  edu.bjut.boudia.myMain - meter_1514972158784083847:repMsg
BruceChen 02:12:40.275 [main] INFO  edu.bjut.boudia.myMain - meter_1514972158784083847:26179400
BruceChen 02:12:40.275 [main] INFO  edu.bjut.boudia.myMain - meter_5800061576554483249:repMsg
BruceChen 02:12:40.275 [main] INFO  edu.bjut.boudia.myMain - meter_5800061576554483249:26171600
BruceChen 02:12:40.275 [main] INFO  edu.bjut.boudia.myMain - meter_7073353175892374523:repMsg
BruceChen 02:12:40.275 [main] INFO  edu.bjut.boudia.myMain - meter_7073353175892374523:27316100
BruceChen 02:12:40.275 [main] INFO  edu.bjut.boudia.myMain - meter_668492466700014377:repMsg
BruceChen 02:12:40.275 [main] INFO  edu.bjut.boudia.myMain - meter_668492466700014377:26314600
BruceChen 02:12:40.275 [main] INFO  edu.bjut.boudia.myMain - meter_2820836167003012203:repMsg
BruceChen 02:12:40.275 [main] INFO  edu.bjut.boudia.myMain - meter_2820836167003012203:26275500
BruceChen 02:12:40.275 [main] INFO  edu.bjut.boudia.myMain - meter_6126153386908903045:repMsg
BruceChen 02:12:40.275 [main] INFO  edu.bjut.boudia.myMain - meter_6126153386908903045:26076800
BruceChen 02:12:42.245 [main] INFO  edu.bjut.boudia.myMain - oneTimeMeterRegTime
BruceChen 02:12:42.635 [main] INFO  edu.bjut.boudia.myMain - server:pubkey
BruceChen 02:12:42.635 [main] INFO  edu.bjut.boudia.myMain - server:1100
BruceChen 02:12:42.635 [main] INFO  edu.bjut.boudia.myMain - agg:regMsg,regMsg,regMsg,regMsg,regMsg,regMsg,regMsg,regMsg,regMsg,regMsg,regMsg,regMsg,regMsg,regMsg,regMsg,regMsg,regMsg,regMsg,regMsg,regMsg,regMsg,regMsg,regMsg,regMsg,regMsg,regMsg,regMsg,regMsg,regMsg,regMsg
BruceChen 02:12:42.635 [main] INFO  edu.bjut.boudia.myMain - agg:6493800,6283600,6317600,6293600,6324200,6287600,6312800,6281600,6476100,6489000,6543800,6497400,6471800,6485000,6484700,7429700,6500900,6492200,6486500,6503400,6464900,6504900,6496900,7148300,6467300,6469400,6501800,6455500,6491200,6481600
BruceChen 02:12:42.635 [main] INFO  edu.bjut.boudia.myMain - meter_8169156204824256577:regMsg,reg_backagg,reg_cc
BruceChen 02:12:42.635 [main] INFO  edu.bjut.boudia.myMain - meter_8169156204824256577:100,6439200,200
BruceChen 02:12:42.635 [main] INFO  edu.bjut.boudia.myMain - meter_3900749717700006003:regMsg,reg_backagg,reg_cc
BruceChen 02:12:42.635 [main] INFO  edu.bjut.boudia.myMain - meter_3900749717700006003:100,6479700,100
BruceChen 02:12:42.635 [main] INFO  edu.bjut.boudia.myMain - meter_1461332917501814811:regMsg,reg_backagg,reg_cc
BruceChen 02:12:42.635 [main] INFO  edu.bjut.boudia.myMain - meter_1461332917501814811:100,6439100,100
BruceChen 02:12:42.635 [main] INFO  edu.bjut.boudia.myMain - meter_1414339134523999959:regMsg,reg_backagg,reg_cc
BruceChen 02:12:42.635 [main] INFO  edu.bjut.boudia.myMain - meter_1414339134523999959:100,6373300,0
BruceChen 02:12:42.635 [main] INFO  edu.bjut.boudia.myMain - meter_3313961002450391377:regMsg,reg_backagg,reg_cc
BruceChen 02:12:42.635 [main] INFO  edu.bjut.boudia.myMain - meter_3313961002450391377:100,6373100,0
BruceChen 02:12:42.635 [main] INFO  edu.bjut.boudia.myMain - meter_7940125046938359647:regMsg,reg_backagg,reg_cc
BruceChen 02:12:42.635 [main] INFO  edu.bjut.boudia.myMain - meter_7940125046938359647:100,6296900,100
BruceChen 02:12:42.635 [main] INFO  edu.bjut.boudia.myMain - meter_584748886952296483:regMsg,reg_backagg,reg_cc
BruceChen 02:12:42.635 [main] INFO  edu.bjut.boudia.myMain - meter_584748886952296483:100,6329300,100
BruceChen 02:12:42.635 [main] INFO  edu.bjut.boudia.myMain - meter_4436932816459865583:regMsg,reg_backagg,reg_cc
BruceChen 02:12:42.635 [main] INFO  edu.bjut.boudia.myMain - meter_4436932816459865583:100,6372900,0
BruceChen 02:12:42.635 [main] INFO  edu.bjut.boudia.myMain - meter_7851914337920253509:regMsg,reg_backagg,reg_cc
BruceChen 02:12:42.635 [main] INFO  edu.bjut.boudia.myMain - meter_7851914337920253509:100,6521400,100
BruceChen 02:12:42.635 [main] INFO  edu.bjut.boudia.myMain - meter_2790030149411503663:regMsg,reg_backagg,reg_cc
BruceChen 02:12:42.635 [main] INFO  edu.bjut.boudia.myMain - meter_2790030149411503663:100,6402200,100
BruceChen 02:12:42.635 [main] INFO  edu.bjut.boudia.myMain - meter_3420781852331160577:regMsg,reg_backagg,reg_cc
BruceChen 02:12:42.635 [main] INFO  edu.bjut.boudia.myMain - meter_3420781852331160577:100,6623900,100
BruceChen 02:12:42.635 [main] INFO  edu.bjut.boudia.myMain - meter_5715528900392205805:regMsg,reg_backagg,reg_cc
BruceChen 02:12:42.635 [main] INFO  edu.bjut.boudia.myMain - meter_5715528900392205805:100,6564800,100
BruceChen 02:12:42.635 [main] INFO  edu.bjut.boudia.myMain - meter_8285425303277946659:regMsg,reg_backagg,reg_cc
BruceChen 02:12:42.635 [main] INFO  edu.bjut.boudia.myMain - meter_8285425303277946659:100,6554300,100
BruceChen 02:12:42.635 [main] INFO  edu.bjut.boudia.myMain - meter_314995097194598435:regMsg,reg_backagg,reg_cc
BruceChen 02:12:42.635 [main] INFO  edu.bjut.boudia.myMain - meter_314995097194598435:100,6533400,100
BruceChen 02:12:42.635 [main] INFO  edu.bjut.boudia.myMain - meter_8931384721352410065:regMsg,reg_backagg,reg_cc
BruceChen 02:12:42.635 [main] INFO  edu.bjut.boudia.myMain - meter_8931384721352410065:0,6631600,100
BruceChen 02:12:42.635 [main] INFO  edu.bjut.boudia.myMain - meter_7012824760280609631:regMsg,reg_backagg,reg_cc
BruceChen 02:12:42.635 [main] INFO  edu.bjut.boudia.myMain - meter_7012824760280609631:100,6535600,100
BruceChen 02:12:42.635 [main] INFO  edu.bjut.boudia.myMain - meter_4530679774237354277:regMsg,reg_backagg,reg_cc
BruceChen 02:12:42.635 [main] INFO  edu.bjut.boudia.myMain - meter_4530679774237354277:100,6502500,0
BruceChen 02:12:42.635 [main] INFO  edu.bjut.boudia.myMain - meter_6935824301291753437:regMsg,reg_backagg,reg_cc
BruceChen 02:12:42.635 [main] INFO  edu.bjut.boudia.myMain - meter_6935824301291753437:100,6542200,0
BruceChen 02:12:42.635 [main] INFO  edu.bjut.boudia.myMain - meter_9136707034478702055:regMsg,reg_backagg,reg_cc
BruceChen 02:12:42.635 [main] INFO  edu.bjut.boudia.myMain - meter_9136707034478702055:0,6460700,100
BruceChen 02:12:42.635 [main] INFO  edu.bjut.boudia.myMain - meter_8348932691759118889:regMsg,reg_backagg,reg_cc
BruceChen 02:12:42.635 [main] INFO  edu.bjut.boudia.myMain - meter_8348932691759118889:100,6566300,0
BruceChen 02:12:42.635 [main] INFO  edu.bjut.boudia.myMain - meter_3343019999507217079:regMsg,reg_backagg,reg_cc
BruceChen 02:12:42.635 [main] INFO  edu.bjut.boudia.myMain - meter_3343019999507217079:100,6453900,100
BruceChen 02:12:42.635 [main] INFO  edu.bjut.boudia.myMain - meter_8874939030073506347:regMsg,reg_backagg,reg_cc
BruceChen 02:12:42.635 [main] INFO  edu.bjut.boudia.myMain - meter_8874939030073506347:0,6551200,0
BruceChen 02:12:42.635 [main] INFO  edu.bjut.boudia.myMain - meter_962806896046481323:regMsg,reg_backagg,reg_cc
BruceChen 02:12:42.635 [main] INFO  edu.bjut.boudia.myMain - meter_962806896046481323:100,6619000,100
BruceChen 02:12:42.635 [main] INFO  edu.bjut.boudia.myMain - meter_8970412024416878827:regMsg,reg_backagg,reg_cc
BruceChen 02:12:42.635 [main] INFO  edu.bjut.boudia.myMain - meter_8970412024416878827:100,6582100,0
BruceChen 02:12:42.635 [main] INFO  edu.bjut.boudia.myMain - meter_5334864458482739931:regMsg,reg_backagg,reg_cc
BruceChen 02:12:42.635 [main] INFO  edu.bjut.boudia.myMain - meter_5334864458482739931:100,6469800,100
BruceChen 02:12:42.635 [main] INFO  edu.bjut.boudia.myMain - meter_4843720870315120337:regMsg,reg_backagg,reg_cc
BruceChen 02:12:42.635 [main] INFO  edu.bjut.boudia.myMain - meter_4843720870315120337:100,6537600,100
BruceChen 02:12:42.635 [main] INFO  edu.bjut.boudia.myMain - meter_7570529698806297859:regMsg,reg_backagg,reg_cc
BruceChen 02:12:42.635 [main] INFO  edu.bjut.boudia.myMain - meter_7570529698806297859:0,6470000,100
BruceChen 02:12:42.635 [main] INFO  edu.bjut.boudia.myMain - meter_8516480297228953617:regMsg,reg_backagg,reg_cc
BruceChen 02:12:42.635 [main] INFO  edu.bjut.boudia.myMain - meter_8516480297228953617:100,6464500,100
BruceChen 02:12:42.635 [main] INFO  edu.bjut.boudia.myMain - meter_9208226508064848287:regMsg,reg_backagg,reg_cc
BruceChen 02:12:42.635 [main] INFO  edu.bjut.boudia.myMain - meter_9208226508064848287:100,6527000,0
BruceChen 02:12:42.635 [main] INFO  edu.bjut.boudia.myMain - meter_419006729740275297:regMsg,reg_backagg,reg_cc
BruceChen 02:12:42.635 [main] INFO  edu.bjut.boudia.myMain - meter_419006729740275297:100,6536700,0
BruceChen 02:12:43.034 [main] INFO  edu.bjut.boudia.myMain - oneTimeMeterRepTime
BruceChen 02:12:44.065 [main] INFO  edu.bjut.boudia.myMain - server:repMsg
BruceChen 02:12:44.065 [main] INFO  edu.bjut.boudia.myMain - server:33426700
BruceChen 02:12:44.065 [main] INFO  edu.bjut.boudia.myMain - agg:repMsg
BruceChen 02:12:44.065 [main] INFO  edu.bjut.boudia.myMain - agg:214523000
BruceChen 02:12:44.065 [main] INFO  edu.bjut.boudia.myMain - meter_8169156204824256577:repMsg
BruceChen 02:12:44.065 [main] INFO  edu.bjut.boudia.myMain - meter_8169156204824256577:26144300
BruceChen 02:12:44.065 [main] INFO  edu.bjut.boudia.myMain - meter_3900749717700006003:repMsg
BruceChen 02:12:44.065 [main] INFO  edu.bjut.boudia.myMain - meter_3900749717700006003:25649000
BruceChen 02:12:44.065 [main] INFO  edu.bjut.boudia.myMain - meter_1461332917501814811:repMsg
BruceChen 02:12:44.065 [main] INFO  edu.bjut.boudia.myMain - meter_1461332917501814811:25957500
BruceChen 02:12:44.065 [main] INFO  edu.bjut.boudia.myMain - meter_1414339134523999959:repMsg
BruceChen 02:12:44.065 [main] INFO  edu.bjut.boudia.myMain - meter_1414339134523999959:26176000
BruceChen 02:12:44.065 [main] INFO  edu.bjut.boudia.myMain - meter_3313961002450391377:repMsg
BruceChen 02:12:44.065 [main] INFO  edu.bjut.boudia.myMain - meter_3313961002450391377:27191700
BruceChen 02:12:44.065 [main] INFO  edu.bjut.boudia.myMain - meter_7940125046938359647:repMsg
BruceChen 02:12:44.065 [main] INFO  edu.bjut.boudia.myMain - meter_7940125046938359647:26251300
BruceChen 02:12:44.065 [main] INFO  edu.bjut.boudia.myMain - meter_584748886952296483:repMsg
BruceChen 02:12:44.065 [main] INFO  edu.bjut.boudia.myMain - meter_584748886952296483:26148100
BruceChen 02:12:44.065 [main] INFO  edu.bjut.boudia.myMain - meter_4436932816459865583:repMsg
BruceChen 02:12:44.065 [main] INFO  edu.bjut.boudia.myMain - meter_4436932816459865583:26340600
BruceChen 02:12:44.065 [main] INFO  edu.bjut.boudia.myMain - meter_7851914337920253509:repMsg
BruceChen 02:12:44.065 [main] INFO  edu.bjut.boudia.myMain - meter_7851914337920253509:26383100
BruceChen 02:12:44.065 [main] INFO  edu.bjut.boudia.myMain - meter_2790030149411503663:repMsg
BruceChen 02:12:44.065 [main] INFO  edu.bjut.boudia.myMain - meter_2790030149411503663:26154300
BruceChen 02:12:44.065 [main] INFO  edu.bjut.boudia.myMain - meter_3420781852331160577:repMsg
BruceChen 02:12:44.065 [main] INFO  edu.bjut.boudia.myMain - meter_3420781852331160577:26010400
BruceChen 02:12:44.065 [main] INFO  edu.bjut.boudia.myMain - meter_5715528900392205805:repMsg
BruceChen 02:12:44.065 [main] INFO  edu.bjut.boudia.myMain - meter_5715528900392205805:26061000
BruceChen 02:12:44.065 [main] INFO  edu.bjut.boudia.myMain - meter_8285425303277946659:repMsg
BruceChen 02:12:44.065 [main] INFO  edu.bjut.boudia.myMain - meter_8285425303277946659:26214000
BruceChen 02:12:44.065 [main] INFO  edu.bjut.boudia.myMain - meter_314995097194598435:repMsg
BruceChen 02:12:44.065 [main] INFO  edu.bjut.boudia.myMain - meter_314995097194598435:26344900
BruceChen 02:12:44.065 [main] INFO  edu.bjut.boudia.myMain - meter_8931384721352410065:repMsg
BruceChen 02:12:44.065 [main] INFO  edu.bjut.boudia.myMain - meter_8931384721352410065:26234000
BruceChen 02:12:44.065 [main] INFO  edu.bjut.boudia.myMain - meter_7012824760280609631:repMsg
BruceChen 02:12:44.065 [main] INFO  edu.bjut.boudia.myMain - meter_7012824760280609631:25975000
BruceChen 02:12:44.065 [main] INFO  edu.bjut.boudia.myMain - meter_4530679774237354277:repMsg
BruceChen 02:12:44.065 [main] INFO  edu.bjut.boudia.myMain - meter_4530679774237354277:25961700
BruceChen 02:12:44.065 [main] INFO  edu.bjut.boudia.myMain - meter_6935824301291753437:repMsg
BruceChen 02:12:44.065 [main] INFO  edu.bjut.boudia.myMain - meter_6935824301291753437:26307300
BruceChen 02:12:44.065 [main] INFO  edu.bjut.boudia.myMain - meter_9136707034478702055:repMsg
BruceChen 02:12:44.065 [main] INFO  edu.bjut.boudia.myMain - meter_9136707034478702055:26241800
BruceChen 02:12:44.065 [main] INFO  edu.bjut.boudia.myMain - meter_8348932691759118889:repMsg
BruceChen 02:12:44.065 [main] INFO  edu.bjut.boudia.myMain - meter_8348932691759118889:26073300
BruceChen 02:12:44.065 [main] INFO  edu.bjut.boudia.myMain - meter_3343019999507217079:repMsg
BruceChen 02:12:44.065 [main] INFO  edu.bjut.boudia.myMain - meter_3343019999507217079:26337300
BruceChen 02:12:44.065 [main] INFO  edu.bjut.boudia.myMain - meter_8874939030073506347:repMsg
BruceChen 02:12:44.065 [main] INFO  edu.bjut.boudia.myMain - meter_8874939030073506347:26286900
BruceChen 02:12:44.065 [main] INFO  edu.bjut.boudia.myMain - meter_962806896046481323:repMsg
BruceChen 02:12:44.065 [main] INFO  edu.bjut.boudia.myMain - meter_962806896046481323:26080000
BruceChen 02:12:44.065 [main] INFO  edu.bjut.boudia.myMain - meter_8970412024416878827:repMsg
BruceChen 02:12:44.065 [main] INFO  edu.bjut.boudia.myMain - meter_8970412024416878827:25875800
BruceChen 02:12:44.065 [main] INFO  edu.bjut.boudia.myMain - meter_5334864458482739931:repMsg
BruceChen 02:12:44.065 [main] INFO  edu.bjut.boudia.myMain - meter_5334864458482739931:26185000
BruceChen 02:12:44.065 [main] INFO  edu.bjut.boudia.myMain - meter_4843720870315120337:repMsg
BruceChen 02:12:44.065 [main] INFO  edu.bjut.boudia.myMain - meter_4843720870315120337:25971400
BruceChen 02:12:44.065 [main] INFO  edu.bjut.boudia.myMain - meter_7570529698806297859:repMsg
BruceChen 02:12:44.065 [main] INFO  edu.bjut.boudia.myMain - meter_7570529698806297859:26115400
BruceChen 02:12:44.065 [main] INFO  edu.bjut.boudia.myMain - meter_8516480297228953617:repMsg
BruceChen 02:12:44.065 [main] INFO  edu.bjut.boudia.myMain - meter_8516480297228953617:25950200
BruceChen 02:12:44.065 [main] INFO  edu.bjut.boudia.myMain - meter_9208226508064848287:repMsg
BruceChen 02:12:44.065 [main] INFO  edu.bjut.boudia.myMain - meter_9208226508064848287:26246300
BruceChen 02:12:44.065 [main] INFO  edu.bjut.boudia.myMain - meter_419006729740275297:repMsg
BruceChen 02:12:44.065 [main] INFO  edu.bjut.boudia.myMain - meter_419006729740275297:26275900
BruceChen 02:12:45.277 [main] INFO  edu.bjut.boudia.myMain - oneTimeMeterRegTime
BruceChen 02:12:45.542 [main] INFO  edu.bjut.boudia.myMain - server:pubkey
BruceChen 02:12:45.542 [main] INFO  edu.bjut.boudia.myMain - server:1100
BruceChen 02:12:45.542 [main] INFO  edu.bjut.boudia.myMain - agg:regMsg,regMsg,regMsg,regMsg,regMsg,regMsg,regMsg,regMsg,regMsg,regMsg,regMsg,regMsg,regMsg,regMsg,regMsg,regMsg,regMsg,regMsg,regMsg,regMsg
BruceChen 02:12:45.542 [main] INFO  edu.bjut.boudia.myMain - agg:6679800,6489000,6481900,6493400,6491800,6492800,6509500,6495000,6491900,6478000,6484600,6472100,6467500,6459600,6501900,6521100,6468700,6487700,6388100,6411200
BruceChen 02:12:45.542 [main] INFO  edu.bjut.boudia.myMain - meter_6451638737850132211:regMsg,reg_backagg,reg_cc
BruceChen 02:12:45.542 [main] INFO  edu.bjut.boudia.myMain - meter_6451638737850132211:100,6602200,100
BruceChen 02:12:45.542 [main] INFO  edu.bjut.boudia.myMain - meter_1045552862170003345:regMsg,reg_backagg,reg_cc
BruceChen 02:12:45.542 [main] INFO  edu.bjut.boudia.myMain - meter_1045552862170003345:100,6506500,0
BruceChen 02:12:45.542 [main] INFO  edu.bjut.boudia.myMain - meter_3365884632507904021:regMsg,reg_backagg,reg_cc
BruceChen 02:12:45.542 [main] INFO  edu.bjut.boudia.myMain - meter_3365884632507904021:0,6547300,0
BruceChen 02:12:45.542 [main] INFO  edu.bjut.boudia.myMain - meter_1719699727307434507:regMsg,reg_backagg,reg_cc
BruceChen 02:12:45.542 [main] INFO  edu.bjut.boudia.myMain - meter_1719699727307434507:100,6579400,100
BruceChen 02:12:45.542 [main] INFO  edu.bjut.boudia.myMain - meter_6687076994994486939:regMsg,reg_backagg,reg_cc
BruceChen 02:12:45.542 [main] INFO  edu.bjut.boudia.myMain - meter_6687076994994486939:100,6507900,100
BruceChen 02:12:45.542 [main] INFO  edu.bjut.boudia.myMain - meter_8190429698882177219:regMsg,reg_backagg,reg_cc
BruceChen 02:12:45.542 [main] INFO  edu.bjut.boudia.myMain - meter_8190429698882177219:100,6520900,100
BruceChen 02:12:45.542 [main] INFO  edu.bjut.boudia.myMain - meter_2799209530908409433:regMsg,reg_backagg,reg_cc
BruceChen 02:12:45.542 [main] INFO  edu.bjut.boudia.myMain - meter_2799209530908409433:100,6377500,100
BruceChen 02:12:45.542 [main] INFO  edu.bjut.boudia.myMain - meter_803176930979976297:regMsg,reg_backagg,reg_cc
BruceChen 02:12:45.542 [main] INFO  edu.bjut.boudia.myMain - meter_803176930979976297:100,6504200,0
BruceChen 02:12:45.542 [main] INFO  edu.bjut.boudia.myMain - meter_3197519095267477217:regMsg,reg_backagg,reg_cc
BruceChen 02:12:45.542 [main] INFO  edu.bjut.boudia.myMain - meter_3197519095267477217:0,6471900,0
BruceChen 02:12:45.542 [main] INFO  edu.bjut.boudia.myMain - meter_2103403957533756243:regMsg,reg_backagg,reg_cc
BruceChen 02:12:45.542 [main] INFO  edu.bjut.boudia.myMain - meter_2103403957533756243:0,6511600,100
BruceChen 02:12:45.542 [main] INFO  edu.bjut.boudia.myMain - meter_8333112866801077309:regMsg,reg_backagg,reg_cc
BruceChen 02:12:45.542 [main] INFO  edu.bjut.boudia.myMain - meter_8333112866801077309:100,6596500,100
BruceChen 02:12:45.542 [main] INFO  edu.bjut.boudia.myMain - meter_2414511282612285831:regMsg,reg_backagg,reg_cc
BruceChen 02:12:45.542 [main] INFO  edu.bjut.boudia.myMain - meter_2414511282612285831:0,6567200,100
BruceChen 02:12:45.542 [main] INFO  edu.bjut.boudia.myMain - meter_2155503118999683941:regMsg,reg_backagg,reg_cc
BruceChen 02:12:45.542 [main] INFO  edu.bjut.boudia.myMain - meter_2155503118999683941:100,6482900,100
BruceChen 02:12:45.542 [main] INFO  edu.bjut.boudia.myMain - meter_4778097627830688911:regMsg,reg_backagg,reg_cc
BruceChen 02:12:45.542 [main] INFO  edu.bjut.boudia.myMain - meter_4778097627830688911:0,6576500,100
BruceChen 02:12:45.542 [main] INFO  edu.bjut.boudia.myMain - meter_7215205034055547055:regMsg,reg_backagg,reg_cc
BruceChen 02:12:45.542 [main] INFO  edu.bjut.boudia.myMain - meter_7215205034055547055:0,6530500,0
BruceChen 02:12:45.542 [main] INFO  edu.bjut.boudia.myMain - meter_4069098434149609271:regMsg,reg_backagg,reg_cc
BruceChen 02:12:45.542 [main] INFO  edu.bjut.boudia.myMain - meter_4069098434149609271:0,6510900,100
BruceChen 02:12:45.542 [main] INFO  edu.bjut.boudia.myMain - meter_5860564895142751131:regMsg,reg_backagg,reg_cc
BruceChen 02:12:45.542 [main] INFO  edu.bjut.boudia.myMain - meter_5860564895142751131:0,6585500,0
BruceChen 02:12:45.542 [main] INFO  edu.bjut.boudia.myMain - meter_2507403232688418263:regMsg,reg_backagg,reg_cc
BruceChen 02:12:45.542 [main] INFO  edu.bjut.boudia.myMain - meter_2507403232688418263:100,6403400,0
BruceChen 02:12:45.542 [main] INFO  edu.bjut.boudia.myMain - meter_78389949731717863:regMsg,reg_backagg,reg_cc
BruceChen 02:12:45.542 [main] INFO  edu.bjut.boudia.myMain - meter_78389949731717863:0,6565000,100
BruceChen 02:12:45.542 [main] INFO  edu.bjut.boudia.myMain - meter_4705592452049469909:regMsg,reg_backagg,reg_cc
BruceChen 02:12:45.542 [main] INFO  edu.bjut.boudia.myMain - meter_4705592452049469909:100,6520300,0
BruceChen 02:12:45.801 [main] INFO  edu.bjut.boudia.myMain - oneTimeMeterRepTime
BruceChen 02:12:46.512 [main] INFO  edu.bjut.boudia.myMain - server:repMsg
BruceChen 02:12:46.512 [main] INFO  edu.bjut.boudia.myMain - server:34155500
BruceChen 02:12:46.512 [main] INFO  edu.bjut.boudia.myMain - agg:repMsg
BruceChen 02:12:46.512 [main] INFO  edu.bjut.boudia.myMain - agg:146225000
BruceChen 02:12:46.512 [main] INFO  edu.bjut.boudia.myMain - meter_6451638737850132211:repMsg
BruceChen 02:12:46.512 [main] INFO  edu.bjut.boudia.myMain - meter_6451638737850132211:26021900
BruceChen 02:12:46.512 [main] INFO  edu.bjut.boudia.myMain - meter_1045552862170003345:repMsg
BruceChen 02:12:46.512 [main] INFO  edu.bjut.boudia.myMain - meter_1045552862170003345:26366600
BruceChen 02:12:46.512 [main] INFO  edu.bjut.boudia.myMain - meter_3365884632507904021:repMsg
BruceChen 02:12:46.512 [main] INFO  edu.bjut.boudia.myMain - meter_3365884632507904021:26113200
BruceChen 02:12:46.512 [main] INFO  edu.bjut.boudia.myMain - meter_1719699727307434507:repMsg
BruceChen 02:12:46.512 [main] INFO  edu.bjut.boudia.myMain - meter_1719699727307434507:26082000
BruceChen 02:12:46.512 [main] INFO  edu.bjut.boudia.myMain - meter_6687076994994486939:repMsg
BruceChen 02:12:46.512 [main] INFO  edu.bjut.boudia.myMain - meter_6687076994994486939:26048900
BruceChen 02:12:46.512 [main] INFO  edu.bjut.boudia.myMain - meter_8190429698882177219:repMsg
BruceChen 02:12:46.512 [main] INFO  edu.bjut.boudia.myMain - meter_8190429698882177219:26115400
BruceChen 02:12:46.512 [main] INFO  edu.bjut.boudia.myMain - meter_2799209530908409433:repMsg
BruceChen 02:12:46.512 [main] INFO  edu.bjut.boudia.myMain - meter_2799209530908409433:25966600
BruceChen 02:12:46.512 [main] INFO  edu.bjut.boudia.myMain - meter_803176930979976297:repMsg
BruceChen 02:12:46.512 [main] INFO  edu.bjut.boudia.myMain - meter_803176930979976297:27117300
BruceChen 02:12:46.512 [main] INFO  edu.bjut.boudia.myMain - meter_3197519095267477217:repMsg
BruceChen 02:12:46.512 [main] INFO  edu.bjut.boudia.myMain - meter_3197519095267477217:26181000
BruceChen 02:12:46.512 [main] INFO  edu.bjut.boudia.myMain - meter_2103403957533756243:repMsg
BruceChen 02:12:46.512 [main] INFO  edu.bjut.boudia.myMain - meter_2103403957533756243:26155100
BruceChen 02:12:46.512 [main] INFO  edu.bjut.boudia.myMain - meter_8333112866801077309:repMsg
BruceChen 02:12:46.512 [main] INFO  edu.bjut.boudia.myMain - meter_8333112866801077309:26319700
BruceChen 02:12:46.512 [main] INFO  edu.bjut.boudia.myMain - meter_2414511282612285831:repMsg
BruceChen 02:12:46.512 [main] INFO  edu.bjut.boudia.myMain - meter_2414511282612285831:26219600
BruceChen 02:12:46.512 [main] INFO  edu.bjut.boudia.myMain - meter_2155503118999683941:repMsg
BruceChen 02:12:46.512 [main] INFO  edu.bjut.boudia.myMain - meter_2155503118999683941:25691700
BruceChen 02:12:46.512 [main] INFO  edu.bjut.boudia.myMain - meter_4778097627830688911:repMsg
BruceChen 02:12:46.512 [main] INFO  edu.bjut.boudia.myMain - meter_4778097627830688911:26301100
BruceChen 02:12:46.512 [main] INFO  edu.bjut.boudia.myMain - meter_7215205034055547055:repMsg
BruceChen 02:12:46.512 [main] INFO  edu.bjut.boudia.myMain - meter_7215205034055547055:26269800
BruceChen 02:12:46.512 [main] INFO  edu.bjut.boudia.myMain - meter_4069098434149609271:repMsg
BruceChen 02:12:46.512 [main] INFO  edu.bjut.boudia.myMain - meter_4069098434149609271:26355100
BruceChen 02:12:46.512 [main] INFO  edu.bjut.boudia.myMain - meter_5860564895142751131:repMsg
BruceChen 02:12:46.512 [main] INFO  edu.bjut.boudia.myMain - meter_5860564895142751131:26322600
BruceChen 02:12:46.512 [main] INFO  edu.bjut.boudia.myMain - meter_2507403232688418263:repMsg
BruceChen 02:12:46.512 [main] INFO  edu.bjut.boudia.myMain - meter_2507403232688418263:26146000
BruceChen 02:12:46.512 [main] INFO  edu.bjut.boudia.myMain - meter_78389949731717863:repMsg
BruceChen 02:12:46.512 [main] INFO  edu.bjut.boudia.myMain - meter_78389949731717863:25978900
BruceChen 02:12:46.512 [main] INFO  edu.bjut.boudia.myMain - meter_4705592452049469909:repMsg
BruceChen 02:12:46.512 [main] INFO  edu.bjut.boudia.myMain - meter_4705592452049469909:26180400
