BruceChen 23:25:33.189 [main] INFO  edu.bjut.boudia.myMain - oneTimeMeterRegTime
BruceChen 23:25:33.970 [main] INFO  edu.bjut.boudia.myMain - server:pubkey
BruceChen 23:25:33.970 [main] INFO  edu.bjut.boudia.myMain - server:204600
BruceChen 23:25:33.970 [main] INFO  edu.bjut.boudia.myMain - agg:regMsg,regMsg,regMsg,regMsg,regMsg,regMsg,regMsg,regMsg,regMsg,regMsg,regMsg,regMsg,regMsg,regMsg,regMsg,regMsg,regMsg,regMsg,regMsg,regMsg,regMsg,regMsg,regMsg,regMsg,regMsg,regMsg,regMsg,regMsg,regMsg,regMsg,regMsg,regMsg,regMsg,regMsg,regMsg,regMsg,regMsg,regMsg,regMsg,regMsg,regMsg,regMsg,regMsg,regMsg,regMsg,regMsg,regMsg,regMsg,regMsg,regMsg,regMsg,regMsg,regMsg,regMsg,regMsg,regMsg,regMsg,regMsg,regMsg,regMsg
BruceChen 23:25:33.989 [main] INFO  edu.bjut.boudia.myMain - agg:6719000,6684500,6627000,6690500,6653500,6667700,6700000,6644300,6649600,7322900,6632000,6640400,6729200,6680000,6702500,6547200,6505000,6459100,6448300,6451900,6549200,6435600,6448500,6452000,6847700,6494500,6430200,6425600,6469700,6428100,6439600,9234500,6902300,6641500,6590900,6433600,6483400,6431200,6451900,6439500,6441300,6480000,6468600,6454200,6457500,6470800,6446900,6452900,6466500,6464400,6449400,6446000,6453900,6442300,6452200,6434700,6458200,6452400,6440000,6437800
BruceChen 23:25:33.989 [main] INFO  edu.bjut.boudia.myMain - meter_3475704480209032019:regMsg,reg_backagg,reg_cc
BruceChen 23:25:33.989 [main] INFO  edu.bjut.boudia.myMain - meter_3475704480209032019:2600,6560500,3800
BruceChen 23:25:33.989 [main] INFO  edu.bjut.boudia.myMain - meter_4325805654083191031:regMsg,reg_backagg,reg_cc
BruceChen 23:25:33.989 [main] INFO  edu.bjut.boudia.myMain - meter_4325805654083191031:400,6580500,400
BruceChen 23:25:33.989 [main] INFO  edu.bjut.boudia.myMain - meter_2289177135422122383:regMsg,reg_backagg,reg_cc
BruceChen 23:25:33.989 [main] INFO  edu.bjut.boudia.myMain - meter_2289177135422122383:300,6592300,400
BruceChen 23:25:33.989 [main] INFO  edu.bjut.boudia.myMain - meter_3487547880612576967:regMsg,reg_backagg,reg_cc
BruceChen 23:25:33.989 [main] INFO  edu.bjut.boudia.myMain - meter_3487547880612576967:400,6611200,400
BruceChen 23:25:33.989 [main] INFO  edu.bjut.boudia.myMain - meter_3354127382265543035:regMsg,reg_backagg,reg_cc
BruceChen 23:25:33.989 [main] INFO  edu.bjut.boudia.myMain - meter_3354127382265543035:400,6583600,400
BruceChen 23:25:33.989 [main] INFO  edu.bjut.boudia.myMain - meter_639848095351757319:regMsg,reg_backagg,reg_cc
BruceChen 23:25:33.989 [main] INFO  edu.bjut.boudia.myMain - meter_639848095351757319:300,6516200,300
BruceChen 23:25:33.989 [main] INFO  edu.bjut.boudia.myMain - meter_3428849534162648767:regMsg,reg_backagg,reg_cc
BruceChen 23:25:33.989 [main] INFO  edu.bjut.boudia.myMain - meter_3428849534162648767:200,6646200,500
BruceChen 23:25:33.989 [main] INFO  edu.bjut.boudia.myMain - meter_5648197896850510215:regMsg,reg_backagg,reg_cc
BruceChen 23:25:33.989 [main] INFO  edu.bjut.boudia.myMain - meter_5648197896850510215:300,6624900,500
BruceChen 23:25:33.989 [main] INFO  edu.bjut.boudia.myMain - meter_559014132653730377:regMsg,reg_backagg,reg_cc
BruceChen 23:25:33.989 [main] INFO  edu.bjut.boudia.myMain - meter_559014132653730377:300,6633900,400
BruceChen 23:25:33.989 [main] INFO  edu.bjut.boudia.myMain - meter_7669029571070251837:regMsg,reg_backagg,reg_cc
BruceChen 23:25:33.989 [main] INFO  edu.bjut.boudia.myMain - meter_7669029571070251837:300,6580000,400
BruceChen 23:25:33.989 [main] INFO  edu.bjut.boudia.myMain - meter_5653482823122088397:regMsg,reg_backagg,reg_cc
BruceChen 23:25:33.989 [main] INFO  edu.bjut.boudia.myMain - meter_5653482823122088397:300,6681700,300
BruceChen 23:25:33.989 [main] INFO  edu.bjut.boudia.myMain - meter_2361861877410458707:regMsg,reg_backagg,reg_cc
BruceChen 23:25:33.989 [main] INFO  edu.bjut.boudia.myMain - meter_2361861877410458707:200,6647000,300
BruceChen 23:25:33.989 [main] INFO  edu.bjut.boudia.myMain - meter_1669748850408084137:regMsg,reg_backagg,reg_cc
BruceChen 23:25:33.989 [main] INFO  edu.bjut.boudia.myMain - meter_1669748850408084137:300,6649300,400
BruceChen 23:25:33.989 [main] INFO  edu.bjut.boudia.myMain - meter_6394865822792325253:regMsg,reg_backagg,reg_cc
BruceChen 23:25:33.989 [main] INFO  edu.bjut.boudia.myMain - meter_6394865822792325253:300,6734600,400
BruceChen 23:25:33.989 [main] INFO  edu.bjut.boudia.myMain - meter_4691613709306621591:regMsg,reg_backagg,reg_cc
BruceChen 23:25:33.989 [main] INFO  edu.bjut.boudia.myMain - meter_4691613709306621591:300,6639600,300
BruceChen 23:25:33.989 [main] INFO  edu.bjut.boudia.myMain - meter_2206306129967891143:regMsg,reg_backagg,reg_cc
BruceChen 23:25:33.989 [main] INFO  edu.bjut.boudia.myMain - meter_2206306129967891143:300,6427300,400
BruceChen 23:25:33.989 [main] INFO  edu.bjut.boudia.myMain - meter_3152126632701260127:regMsg,reg_backagg,reg_cc
BruceChen 23:25:33.989 [main] INFO  edu.bjut.boudia.myMain - meter_3152126632701260127:300,6440300,400
BruceChen 23:25:33.989 [main] INFO  edu.bjut.boudia.myMain - meter_8602307286120898655:regMsg,reg_backagg,reg_cc
BruceChen 23:25:33.989 [main] INFO  edu.bjut.boudia.myMain - meter_8602307286120898655:400,6355700,300
BruceChen 23:25:33.989 [main] INFO  edu.bjut.boudia.myMain - meter_324661112027459029:regMsg,reg_backagg,reg_cc
BruceChen 23:25:33.989 [main] INFO  edu.bjut.boudia.myMain - meter_324661112027459029:300,6405800,400
BruceChen 23:25:33.989 [main] INFO  edu.bjut.boudia.myMain - meter_2032200261243343921:regMsg,reg_backagg,reg_cc
BruceChen 23:25:33.989 [main] INFO  edu.bjut.boudia.myMain - meter_2032200261243343921:300,6533500,400
BruceChen 23:25:33.989 [main] INFO  edu.bjut.boudia.myMain - meter_177637812928955297:regMsg,reg_backagg,reg_cc
BruceChen 23:25:33.989 [main] INFO  edu.bjut.boudia.myMain - meter_177637812928955297:300,6429400,300
BruceChen 23:25:33.989 [main] INFO  edu.bjut.boudia.myMain - meter_8812876135990812027:regMsg,reg_backagg,reg_cc
BruceChen 23:25:33.989 [main] INFO  edu.bjut.boudia.myMain - meter_8812876135990812027:300,6424800,300
BruceChen 23:25:33.989 [main] INFO  edu.bjut.boudia.myMain - meter_6116074719502783507:regMsg,reg_backagg,reg_cc
BruceChen 23:25:33.989 [main] INFO  edu.bjut.boudia.myMain - meter_6116074719502783507:200,6440400,300
BruceChen 23:25:33.989 [main] INFO  edu.bjut.boudia.myMain - meter_4074586156874964317:regMsg,reg_backagg,reg_cc
BruceChen 23:25:33.989 [main] INFO  edu.bjut.boudia.myMain - meter_4074586156874964317:300,6796700,300
BruceChen 23:25:33.989 [main] INFO  edu.bjut.boudia.myMain - meter_4100301676511203391:regMsg,reg_backagg,reg_cc
BruceChen 23:25:33.989 [main] INFO  edu.bjut.boudia.myMain - meter_4100301676511203391:200,6623500,400
BruceChen 23:25:33.989 [main] INFO  edu.bjut.boudia.myMain - meter_3501716889921002843:regMsg,reg_backagg,reg_cc
BruceChen 23:25:33.989 [main] INFO  edu.bjut.boudia.myMain - meter_3501716889921002843:300,6574700,400
BruceChen 23:25:33.989 [main] INFO  edu.bjut.boudia.myMain - meter_5593924823072830523:regMsg,reg_backagg,reg_cc
BruceChen 23:25:33.989 [main] INFO  edu.bjut.boudia.myMain - meter_5593924823072830523:200,6430000,400
BruceChen 23:25:33.989 [main] INFO  edu.bjut.boudia.myMain - meter_1446972231896936929:regMsg,reg_backagg,reg_cc
BruceChen 23:25:33.989 [main] INFO  edu.bjut.boudia.myMain - meter_1446972231896936929:300,6424500,200
BruceChen 23:25:33.989 [main] INFO  edu.bjut.boudia.myMain - meter_6679738755181475407:regMsg,reg_backagg,reg_cc
BruceChen 23:25:33.989 [main] INFO  edu.bjut.boudia.myMain - meter_6679738755181475407:200,6417200,400
BruceChen 23:25:33.989 [main] INFO  edu.bjut.boudia.myMain - meter_6100491836185404291:regMsg,reg_backagg,reg_cc
BruceChen 23:25:33.989 [main] INFO  edu.bjut.boudia.myMain - meter_6100491836185404291:200,6404900,400
BruceChen 23:25:33.989 [main] INFO  edu.bjut.boudia.myMain - meter_7050795785322942295:regMsg,reg_backagg,reg_cc
BruceChen 23:25:33.989 [main] INFO  edu.bjut.boudia.myMain - meter_7050795785322942295:200,6411700,300
BruceChen 23:25:33.989 [main] INFO  edu.bjut.boudia.myMain - meter_7943250027377028021:regMsg,reg_backagg,reg_cc
BruceChen 23:25:33.989 [main] INFO  edu.bjut.boudia.myMain - meter_7943250027377028021:1100,6826400,300
BruceChen 23:25:33.989 [main] INFO  edu.bjut.boudia.myMain - meter_63715214519403403:regMsg,reg_backagg,reg_cc
BruceChen 23:25:33.989 [main] INFO  edu.bjut.boudia.myMain - meter_63715214519403403:300,6762300,400
BruceChen 23:25:33.989 [main] INFO  edu.bjut.boudia.myMain - meter_1180011165383534595:regMsg,reg_backagg,reg_cc
BruceChen 23:25:33.989 [main] INFO  edu.bjut.boudia.myMain - meter_1180011165383534595:300,6595100,400
BruceChen 23:25:33.989 [main] INFO  edu.bjut.boudia.myMain - meter_4137491446211584313:regMsg,reg_backagg,reg_cc
BruceChen 23:25:33.989 [main] INFO  edu.bjut.boudia.myMain - meter_4137491446211584313:200,6475300,300
BruceChen 23:25:33.989 [main] INFO  edu.bjut.boudia.myMain - meter_7591523095695137673:regMsg,reg_backagg,reg_cc
BruceChen 23:25:33.989 [main] INFO  edu.bjut.boudia.myMain - meter_7591523095695137673:200,6410600,200
BruceChen 23:25:33.989 [main] INFO  edu.bjut.boudia.myMain - meter_3935844891278879439:regMsg,reg_backagg,reg_cc
BruceChen 23:25:33.989 [main] INFO  edu.bjut.boudia.myMain - meter_3935844891278879439:300,6401500,200
BruceChen 23:25:33.989 [main] INFO  edu.bjut.boudia.myMain - meter_2716155185994852529:regMsg,reg_backagg,reg_cc
BruceChen 23:25:33.989 [main] INFO  edu.bjut.boudia.myMain - meter_2716155185994852529:300,6367100,300
BruceChen 23:25:33.989 [main] INFO  edu.bjut.boudia.myMain - meter_6966470326423989959:regMsg,reg_backagg,reg_cc
BruceChen 23:25:33.989 [main] INFO  edu.bjut.boudia.myMain - meter_6966470326423989959:300,6419600,300
BruceChen 23:25:33.989 [main] INFO  edu.bjut.boudia.myMain - meter_2228527328645778425:regMsg,reg_backagg,reg_cc
BruceChen 23:25:33.989 [main] INFO  edu.bjut.boudia.myMain - meter_2228527328645778425:200,6461300,300
BruceChen 23:25:33.989 [main] INFO  edu.bjut.boudia.myMain - meter_7139462528928664857:regMsg,reg_backagg,reg_cc
BruceChen 23:25:33.989 [main] INFO  edu.bjut.boudia.myMain - meter_7139462528928664857:100,6376300,200
BruceChen 23:25:33.989 [main] INFO  edu.bjut.boudia.myMain - meter_8880961836328873061:regMsg,reg_backagg,reg_cc
BruceChen 23:25:33.989 [main] INFO  edu.bjut.boudia.myMain - meter_8880961836328873061:200,6428200,300
BruceChen 23:25:33.989 [main] INFO  edu.bjut.boudia.myMain - meter_5455882531942435873:regMsg,reg_backagg,reg_cc
BruceChen 23:25:33.989 [main] INFO  edu.bjut.boudia.myMain - meter_5455882531942435873:200,6307200,400
BruceChen 23:25:33.989 [main] INFO  edu.bjut.boudia.myMain - meter_849723766373122477:regMsg,reg_backagg,reg_cc
BruceChen 23:25:33.989 [main] INFO  edu.bjut.boudia.myMain - meter_849723766373122477:200,6425900,300
BruceChen 23:25:33.989 [main] INFO  edu.bjut.boudia.myMain - meter_4418179646692152045:regMsg,reg_backagg,reg_cc
BruceChen 23:25:33.989 [main] INFO  edu.bjut.boudia.myMain - meter_4418179646692152045:200,6484400,300
BruceChen 23:25:33.989 [main] INFO  edu.bjut.boudia.myMain - meter_8957628975446419047:regMsg,reg_backagg,reg_cc
BruceChen 23:25:33.989 [main] INFO  edu.bjut.boudia.myMain - meter_8957628975446419047:200,6436000,300
BruceChen 23:25:33.989 [main] INFO  edu.bjut.boudia.myMain - meter_8267535968832820939:regMsg,reg_backagg,reg_cc
BruceChen 23:25:33.989 [main] INFO  edu.bjut.boudia.myMain - meter_8267535968832820939:200,6451200,500
BruceChen 23:25:33.989 [main] INFO  edu.bjut.boudia.myMain - meter_11350965622209245:regMsg,reg_backagg,reg_cc
BruceChen 23:25:33.989 [main] INFO  edu.bjut.boudia.myMain - meter_11350965622209245:200,6445200,400
BruceChen 23:25:33.989 [main] INFO  edu.bjut.boudia.myMain - meter_7292402283728125221:regMsg,reg_backagg,reg_cc
BruceChen 23:25:33.989 [main] INFO  edu.bjut.boudia.myMain - meter_7292402283728125221:200,6398900,300
BruceChen 23:25:33.989 [main] INFO  edu.bjut.boudia.myMain - meter_1931965855554313645:regMsg,reg_backagg,reg_cc
BruceChen 23:25:33.989 [main] INFO  edu.bjut.boudia.myMain - meter_1931965855554313645:200,6403800,300
BruceChen 23:25:33.989 [main] INFO  edu.bjut.boudia.myMain - meter_1147346285777032859:regMsg,reg_backagg,reg_cc
BruceChen 23:25:33.989 [main] INFO  edu.bjut.boudia.myMain - meter_1147346285777032859:200,6406800,300
BruceChen 23:25:33.989 [main] INFO  edu.bjut.boudia.myMain - meter_6815570634805957529:regMsg,reg_backagg,reg_cc
BruceChen 23:25:33.989 [main] INFO  edu.bjut.boudia.myMain - meter_6815570634805957529:200,6401400,300
BruceChen 23:25:33.989 [main] INFO  edu.bjut.boudia.myMain - meter_7106566486786503465:regMsg,reg_backagg,reg_cc
BruceChen 23:25:33.989 [main] INFO  edu.bjut.boudia.myMain - meter_7106566486786503465:300,6449000,400
BruceChen 23:25:33.989 [main] INFO  edu.bjut.boudia.myMain - meter_577655693479855179:regMsg,reg_backagg,reg_cc
BruceChen 23:25:33.989 [main] INFO  edu.bjut.boudia.myMain - meter_577655693479855179:200,6441000,300
BruceChen 23:25:33.989 [main] INFO  edu.bjut.boudia.myMain - meter_381032867710399305:regMsg,reg_backagg,reg_cc
BruceChen 23:25:33.989 [main] INFO  edu.bjut.boudia.myMain - meter_381032867710399305:200,6412300,300
BruceChen 23:25:33.989 [main] INFO  edu.bjut.boudia.myMain - meter_1333128543865428677:regMsg,reg_backagg,reg_cc
BruceChen 23:25:33.989 [main] INFO  edu.bjut.boudia.myMain - meter_1333128543865428677:300,7107500,300
BruceChen 23:25:33.989 [main] INFO  edu.bjut.boudia.myMain - meter_6104997531813446725:regMsg,reg_backagg,reg_cc
BruceChen 23:25:33.989 [main] INFO  edu.bjut.boudia.myMain - meter_6104997531813446725:300,6377500,200
BruceChen 23:25:33.989 [main] INFO  edu.bjut.boudia.myMain - meter_8166906359204490647:regMsg,reg_backagg,reg_cc
BruceChen 23:25:33.989 [main] INFO  edu.bjut.boudia.myMain - meter_8166906359204490647:200,6414000,300
BruceChen 23:25:33.989 [main] INFO  edu.bjut.boudia.myMain - meter_6537576862357257217:regMsg,reg_backagg,reg_cc
BruceChen 23:25:33.989 [main] INFO  edu.bjut.boudia.myMain - meter_6537576862357257217:200,6392900,200
BruceChen 23:25:33.989 [main] INFO  edu.bjut.boudia.myMain - meter_4537477703401973297:regMsg,reg_backagg,reg_cc
BruceChen 23:25:33.989 [main] INFO  edu.bjut.boudia.myMain - meter_4537477703401973297:200,6485800,300
BruceChen 23:25:34.796 [main] INFO  edu.bjut.boudia.myMain - oneTimeMeterRepTime
BruceChen 23:25:36.828 [main] INFO  edu.bjut.boudia.myMain - server:repMsg
BruceChen 23:25:36.828 [main] INFO  edu.bjut.boudia.myMain - server:30776000
BruceChen 23:25:36.828 [main] INFO  edu.bjut.boudia.myMain - agg:repMsg
BruceChen 23:25:36.828 [main] INFO  edu.bjut.boudia.myMain - agg:421016100
BruceChen 23:25:36.828 [main] INFO  edu.bjut.boudia.myMain - meter_3475704480209032019:repMsg
BruceChen 23:25:36.828 [main] INFO  edu.bjut.boudia.myMain - meter_3475704480209032019:36298200
BruceChen 23:25:36.828 [main] INFO  edu.bjut.boudia.myMain - meter_4325805654083191031:repMsg
BruceChen 23:25:36.828 [main] INFO  edu.bjut.boudia.myMain - meter_4325805654083191031:27022300
BruceChen 23:25:36.828 [main] INFO  edu.bjut.boudia.myMain - meter_2289177135422122383:repMsg
BruceChen 23:25:36.828 [main] INFO  edu.bjut.boudia.myMain - meter_2289177135422122383:26944500
BruceChen 23:25:36.828 [main] INFO  edu.bjut.boudia.myMain - meter_3487547880612576967:repMsg
BruceChen 23:25:36.828 [main] INFO  edu.bjut.boudia.myMain - meter_3487547880612576967:26817300
BruceChen 23:25:36.828 [main] INFO  edu.bjut.boudia.myMain - meter_3354127382265543035:repMsg
BruceChen 23:25:36.828 [main] INFO  edu.bjut.boudia.myMain - meter_3354127382265543035:26968600
BruceChen 23:25:36.828 [main] INFO  edu.bjut.boudia.myMain - meter_639848095351757319:repMsg
BruceChen 23:25:36.828 [main] INFO  edu.bjut.boudia.myMain - meter_639848095351757319:26915200
BruceChen 23:25:36.828 [main] INFO  edu.bjut.boudia.myMain - meter_3428849534162648767:repMsg
BruceChen 23:25:36.828 [main] INFO  edu.bjut.boudia.myMain - meter_3428849534162648767:26671300
BruceChen 23:25:36.828 [main] INFO  edu.bjut.boudia.myMain - meter_5648197896850510215:repMsg
BruceChen 23:25:36.828 [main] INFO  edu.bjut.boudia.myMain - meter_5648197896850510215:26485500
BruceChen 23:25:36.828 [main] INFO  edu.bjut.boudia.myMain - meter_559014132653730377:repMsg
BruceChen 23:25:36.828 [main] INFO  edu.bjut.boudia.myMain - meter_559014132653730377:25975900
BruceChen 23:25:36.828 [main] INFO  edu.bjut.boudia.myMain - meter_7669029571070251837:repMsg
BruceChen 23:25:36.828 [main] INFO  edu.bjut.boudia.myMain - meter_7669029571070251837:29546900
BruceChen 23:25:36.828 [main] INFO  edu.bjut.boudia.myMain - meter_5653482823122088397:repMsg
BruceChen 23:25:36.828 [main] INFO  edu.bjut.boudia.myMain - meter_5653482823122088397:26577300
BruceChen 23:25:36.828 [main] INFO  edu.bjut.boudia.myMain - meter_2361861877410458707:repMsg
BruceChen 23:25:36.828 [main] INFO  edu.bjut.boudia.myMain - meter_2361861877410458707:26709800
BruceChen 23:25:36.828 [main] INFO  edu.bjut.boudia.myMain - meter_1669748850408084137:repMsg
BruceChen 23:25:36.828 [main] INFO  edu.bjut.boudia.myMain - meter_1669748850408084137:26492700
BruceChen 23:25:36.828 [main] INFO  edu.bjut.boudia.myMain - meter_6394865822792325253:repMsg
BruceChen 23:25:36.828 [main] INFO  edu.bjut.boudia.myMain - meter_6394865822792325253:26580900
BruceChen 23:25:36.828 [main] INFO  edu.bjut.boudia.myMain - meter_4691613709306621591:repMsg
BruceChen 23:25:36.828 [main] INFO  edu.bjut.boudia.myMain - meter_4691613709306621591:26557400
BruceChen 23:25:36.828 [main] INFO  edu.bjut.boudia.myMain - meter_2206306129967891143:repMsg
BruceChen 23:25:36.828 [main] INFO  edu.bjut.boudia.myMain - meter_2206306129967891143:25974300
BruceChen 23:25:36.828 [main] INFO  edu.bjut.boudia.myMain - meter_3152126632701260127:repMsg
BruceChen 23:25:36.828 [main] INFO  edu.bjut.boudia.myMain - meter_3152126632701260127:25405600
BruceChen 23:25:36.828 [main] INFO  edu.bjut.boudia.myMain - meter_8602307286120898655:repMsg
BruceChen 23:25:36.828 [main] INFO  edu.bjut.boudia.myMain - meter_8602307286120898655:25888200
BruceChen 23:25:36.828 [main] INFO  edu.bjut.boudia.myMain - meter_324661112027459029:repMsg
BruceChen 23:25:36.828 [main] INFO  edu.bjut.boudia.myMain - meter_324661112027459029:25658600
BruceChen 23:25:36.828 [main] INFO  edu.bjut.boudia.myMain - meter_2032200261243343921:repMsg
BruceChen 23:25:36.828 [main] INFO  edu.bjut.boudia.myMain - meter_2032200261243343921:25818000
BruceChen 23:25:36.828 [main] INFO  edu.bjut.boudia.myMain - meter_177637812928955297:repMsg
BruceChen 23:25:36.844 [main] INFO  edu.bjut.boudia.myMain - meter_177637812928955297:25758100
BruceChen 23:25:36.844 [main] INFO  edu.bjut.boudia.myMain - meter_8812876135990812027:repMsg
BruceChen 23:25:36.844 [main] INFO  edu.bjut.boudia.myMain - meter_8812876135990812027:25849800
BruceChen 23:25:36.844 [main] INFO  edu.bjut.boudia.myMain - meter_6116074719502783507:repMsg
BruceChen 23:25:36.844 [main] INFO  edu.bjut.boudia.myMain - meter_6116074719502783507:25671300
BruceChen 23:25:36.844 [main] INFO  edu.bjut.boudia.myMain - meter_4074586156874964317:repMsg
BruceChen 23:25:36.844 [main] INFO  edu.bjut.boudia.myMain - meter_4074586156874964317:25885600
BruceChen 23:25:36.844 [main] INFO  edu.bjut.boudia.myMain - meter_4100301676511203391:repMsg
BruceChen 23:25:36.844 [main] INFO  edu.bjut.boudia.myMain - meter_4100301676511203391:25761200
BruceChen 23:25:36.844 [main] INFO  edu.bjut.boudia.myMain - meter_3501716889921002843:repMsg
BruceChen 23:25:36.844 [main] INFO  edu.bjut.boudia.myMain - meter_3501716889921002843:25640200
BruceChen 23:25:36.844 [main] INFO  edu.bjut.boudia.myMain - meter_5593924823072830523:repMsg
BruceChen 23:25:36.844 [main] INFO  edu.bjut.boudia.myMain - meter_5593924823072830523:25832300
BruceChen 23:25:36.844 [main] INFO  edu.bjut.boudia.myMain - meter_1446972231896936929:repMsg
BruceChen 23:25:36.844 [main] INFO  edu.bjut.boudia.myMain - meter_1446972231896936929:25869700
BruceChen 23:25:36.844 [main] INFO  edu.bjut.boudia.myMain - meter_6679738755181475407:repMsg
BruceChen 23:25:36.844 [main] INFO  edu.bjut.boudia.myMain - meter_6679738755181475407:25951800
BruceChen 23:25:36.844 [main] INFO  edu.bjut.boudia.myMain - meter_6100491836185404291:repMsg
BruceChen 23:25:36.844 [main] INFO  edu.bjut.boudia.myMain - meter_6100491836185404291:25933100
BruceChen 23:25:36.844 [main] INFO  edu.bjut.boudia.myMain - meter_7050795785322942295:repMsg
BruceChen 23:25:36.844 [main] INFO  edu.bjut.boudia.myMain - meter_7050795785322942295:26055000
BruceChen 23:25:36.844 [main] INFO  edu.bjut.boudia.myMain - meter_7943250027377028021:repMsg
BruceChen 23:25:36.844 [main] INFO  edu.bjut.boudia.myMain - meter_7943250027377028021:25901300
BruceChen 23:25:36.844 [main] INFO  edu.bjut.boudia.myMain - meter_63715214519403403:repMsg
BruceChen 23:25:36.844 [main] INFO  edu.bjut.boudia.myMain - meter_63715214519403403:25970400
BruceChen 23:25:36.844 [main] INFO  edu.bjut.boudia.myMain - meter_1180011165383534595:repMsg
BruceChen 23:25:36.844 [main] INFO  edu.bjut.boudia.myMain - meter_1180011165383534595:25905900
BruceChen 23:25:36.844 [main] INFO  edu.bjut.boudia.myMain - meter_4137491446211584313:repMsg
BruceChen 23:25:36.844 [main] INFO  edu.bjut.boudia.myMain - meter_4137491446211584313:25946600
BruceChen 23:25:36.844 [main] INFO  edu.bjut.boudia.myMain - meter_7591523095695137673:repMsg
BruceChen 23:25:36.844 [main] INFO  edu.bjut.boudia.myMain - meter_7591523095695137673:28669400
BruceChen 23:25:36.844 [main] INFO  edu.bjut.boudia.myMain - meter_3935844891278879439:repMsg
BruceChen 23:25:36.844 [main] INFO  edu.bjut.boudia.myMain - meter_3935844891278879439:26640900
BruceChen 23:25:36.844 [main] INFO  edu.bjut.boudia.myMain - meter_2716155185994852529:repMsg
BruceChen 23:25:36.844 [main] INFO  edu.bjut.boudia.myMain - meter_2716155185994852529:26551900
BruceChen 23:25:36.844 [main] INFO  edu.bjut.boudia.myMain - meter_6966470326423989959:repMsg
BruceChen 23:25:36.844 [main] INFO  edu.bjut.boudia.myMain - meter_6966470326423989959:26678600
BruceChen 23:25:36.844 [main] INFO  edu.bjut.boudia.myMain - meter_2228527328645778425:repMsg
BruceChen 23:25:36.844 [main] INFO  edu.bjut.boudia.myMain - meter_2228527328645778425:26102000
BruceChen 23:25:36.844 [main] INFO  edu.bjut.boudia.myMain - meter_7139462528928664857:repMsg
BruceChen 23:25:36.844 [main] INFO  edu.bjut.boudia.myMain - meter_7139462528928664857:25934100
BruceChen 23:25:36.844 [main] INFO  edu.bjut.boudia.myMain - meter_8880961836328873061:repMsg
BruceChen 23:25:36.844 [main] INFO  edu.bjut.boudia.myMain - meter_8880961836328873061:25664900
BruceChen 23:25:36.844 [main] INFO  edu.bjut.boudia.myMain - meter_5455882531942435873:repMsg
BruceChen 23:25:36.844 [main] INFO  edu.bjut.boudia.myMain - meter_5455882531942435873:25998100
BruceChen 23:25:36.844 [main] INFO  edu.bjut.boudia.myMain - meter_849723766373122477:repMsg
BruceChen 23:25:36.844 [main] INFO  edu.bjut.boudia.myMain - meter_849723766373122477:25797400
BruceChen 23:25:36.844 [main] INFO  edu.bjut.boudia.myMain - meter_4418179646692152045:repMsg
BruceChen 23:25:36.844 [main] INFO  edu.bjut.boudia.myMain - meter_4418179646692152045:25733000
BruceChen 23:25:36.844 [main] INFO  edu.bjut.boudia.myMain - meter_8957628975446419047:repMsg
BruceChen 23:25:36.844 [main] INFO  edu.bjut.boudia.myMain - meter_8957628975446419047:25683700
BruceChen 23:25:36.844 [main] INFO  edu.bjut.boudia.myMain - meter_8267535968832820939:repMsg
BruceChen 23:25:36.844 [main] INFO  edu.bjut.boudia.myMain - meter_8267535968832820939:25880100
BruceChen 23:25:36.844 [main] INFO  edu.bjut.boudia.myMain - meter_11350965622209245:repMsg
BruceChen 23:25:36.844 [main] INFO  edu.bjut.boudia.myMain - meter_11350965622209245:25814600
BruceChen 23:25:36.844 [main] INFO  edu.bjut.boudia.myMain - meter_7292402283728125221:repMsg
BruceChen 23:25:36.844 [main] INFO  edu.bjut.boudia.myMain - meter_7292402283728125221:25729000
BruceChen 23:25:36.844 [main] INFO  edu.bjut.boudia.myMain - meter_1931965855554313645:repMsg
BruceChen 23:25:36.844 [main] INFO  edu.bjut.boudia.myMain - meter_1931965855554313645:25831600
BruceChen 23:25:36.844 [main] INFO  edu.bjut.boudia.myMain - meter_1147346285777032859:repMsg
BruceChen 23:25:36.844 [main] INFO  edu.bjut.boudia.myMain - meter_1147346285777032859:26537100
BruceChen 23:25:36.844 [main] INFO  edu.bjut.boudia.myMain - meter_6815570634805957529:repMsg
BruceChen 23:25:36.844 [main] INFO  edu.bjut.boudia.myMain - meter_6815570634805957529:31574000
BruceChen 23:25:36.844 [main] INFO  edu.bjut.boudia.myMain - meter_7106566486786503465:repMsg
BruceChen 23:25:36.844 [main] INFO  edu.bjut.boudia.myMain - meter_7106566486786503465:26737800
BruceChen 23:25:36.844 [main] INFO  edu.bjut.boudia.myMain - meter_577655693479855179:repMsg
BruceChen 23:25:36.844 [main] INFO  edu.bjut.boudia.myMain - meter_577655693479855179:26505900
BruceChen 23:25:36.844 [main] INFO  edu.bjut.boudia.myMain - meter_381032867710399305:repMsg
BruceChen 23:25:36.844 [main] INFO  edu.bjut.boudia.myMain - meter_381032867710399305:26578900
BruceChen 23:25:36.844 [main] INFO  edu.bjut.boudia.myMain - meter_1333128543865428677:repMsg
BruceChen 23:25:36.844 [main] INFO  edu.bjut.boudia.myMain - meter_1333128543865428677:26486100
BruceChen 23:25:36.844 [main] INFO  edu.bjut.boudia.myMain - meter_6104997531813446725:repMsg
BruceChen 23:25:36.844 [main] INFO  edu.bjut.boudia.myMain - meter_6104997531813446725:26356200
BruceChen 23:25:36.844 [main] INFO  edu.bjut.boudia.myMain - meter_8166906359204490647:repMsg
BruceChen 23:25:36.844 [main] INFO  edu.bjut.boudia.myMain - meter_8166906359204490647:25941600
BruceChen 23:25:36.844 [main] INFO  edu.bjut.boudia.myMain - meter_6537576862357257217:repMsg
BruceChen 23:25:36.844 [main] INFO  edu.bjut.boudia.myMain - meter_6537576862357257217:26241700
BruceChen 23:25:36.844 [main] INFO  edu.bjut.boudia.myMain - meter_4537477703401973297:repMsg
BruceChen 23:25:36.844 [main] INFO  edu.bjut.boudia.myMain - meter_4537477703401973297:26378000
BruceChen 23:25:40.236 [main] INFO  edu.bjut.boudia.myMain - oneTimeMeterRegTime
BruceChen 23:25:40.895 [main] INFO  edu.bjut.boudia.myMain - server:pubkey
BruceChen 23:25:40.895 [main] INFO  edu.bjut.boudia.myMain - server:900
BruceChen 23:25:40.895 [main] INFO  edu.bjut.boudia.myMain - agg:regMsg,regMsg,regMsg,regMsg,regMsg,regMsg,regMsg,regMsg,regMsg,regMsg,regMsg,regMsg,regMsg,regMsg,regMsg,regMsg,regMsg,regMsg,regMsg,regMsg,regMsg,regMsg,regMsg,regMsg,regMsg,regMsg,regMsg,regMsg,regMsg,regMsg,regMsg,regMsg,regMsg,regMsg,regMsg,regMsg,regMsg,regMsg,regMsg,regMsg,regMsg,regMsg,regMsg,regMsg,regMsg,regMsg,regMsg,regMsg,regMsg,regMsg
BruceChen 23:25:40.895 [main] INFO  edu.bjut.boudia.myMain - agg:6446000,6450200,6442900,6458600,6451600,6441800,6452600,6419500,6591200,6647800,6635300,6495000,6501500,6551000,6464700,6448100,6465300,6488300,6622800,6488300,6440900,6567400,6537600,6537900,6502500,6577400,6566500,6590800,6522800,9256400,6655100,6635600,6648900,6528900,6458800,6442500,6461900,6453500,6436700,6443600,6416200,6444500,6436900,6437100,6427900,6442500,6476600,6428800,6437400,6427600
BruceChen 23:25:40.895 [main] INFO  edu.bjut.boudia.myMain - meter_938256218238679209:regMsg,reg_backagg,reg_cc
BruceChen 23:25:40.895 [main] INFO  edu.bjut.boudia.myMain - meter_938256218238679209:400,6403900,700
BruceChen 23:25:40.895 [main] INFO  edu.bjut.boudia.myMain - meter_2395015162468171723:regMsg,reg_backagg,reg_cc
BruceChen 23:25:40.895 [main] INFO  edu.bjut.boudia.myMain - meter_2395015162468171723:400,6485900,400
BruceChen 23:25:40.895 [main] INFO  edu.bjut.boudia.myMain - meter_719024372376418677:regMsg,reg_backagg,reg_cc
BruceChen 23:25:40.895 [main] INFO  edu.bjut.boudia.myMain - meter_719024372376418677:300,6376400,400
BruceChen 23:25:40.895 [main] INFO  edu.bjut.boudia.myMain - meter_989051935133802359:regMsg,reg_backagg,reg_cc
BruceChen 23:25:40.895 [main] INFO  edu.bjut.boudia.myMain - meter_989051935133802359:300,6366800,200
BruceChen 23:25:40.895 [main] INFO  edu.bjut.boudia.myMain - meter_8393871189240528637:regMsg,reg_backagg,reg_cc
BruceChen 23:25:40.895 [main] INFO  edu.bjut.boudia.myMain - meter_8393871189240528637:300,6330000,300
BruceChen 23:25:40.895 [main] INFO  edu.bjut.boudia.myMain - meter_7401953834076854047:regMsg,reg_backagg,reg_cc
BruceChen 23:25:40.895 [main] INFO  edu.bjut.boudia.myMain - meter_7401953834076854047:200,6360300,300
BruceChen 23:25:40.895 [main] INFO  edu.bjut.boudia.myMain - meter_575216492483164249:regMsg,reg_backagg,reg_cc
BruceChen 23:25:40.895 [main] INFO  edu.bjut.boudia.myMain - meter_575216492483164249:2300,6395600,300
BruceChen 23:25:40.895 [main] INFO  edu.bjut.boudia.myMain - meter_556573785931921161:regMsg,reg_backagg,reg_cc
BruceChen 23:25:40.895 [main] INFO  edu.bjut.boudia.myMain - meter_556573785931921161:200,6448100,5000
BruceChen 23:25:40.895 [main] INFO  edu.bjut.boudia.myMain - meter_4981357343102286651:regMsg,reg_backagg,reg_cc
BruceChen 23:25:40.895 [main] INFO  edu.bjut.boudia.myMain - meter_4981357343102286651:200,6493800,400
BruceChen 23:25:40.895 [main] INFO  edu.bjut.boudia.myMain - meter_3250163310337517963:regMsg,reg_backagg,reg_cc
BruceChen 23:25:40.895 [main] INFO  edu.bjut.boudia.myMain - meter_3250163310337517963:400,6592500,200
BruceChen 23:25:40.895 [main] INFO  edu.bjut.boudia.myMain - meter_2209313780634539957:regMsg,reg_backagg,reg_cc
BruceChen 23:25:40.895 [main] INFO  edu.bjut.boudia.myMain - meter_2209313780634539957:300,6626000,200
BruceChen 23:25:40.895 [main] INFO  edu.bjut.boudia.myMain - meter_4063607219692966987:regMsg,reg_backagg,reg_cc
BruceChen 23:25:40.895 [main] INFO  edu.bjut.boudia.myMain - meter_4063607219692966987:300,6512800,100
BruceChen 23:25:40.895 [main] INFO  edu.bjut.boudia.myMain - meter_585763860299794173:regMsg,reg_backagg,reg_cc
BruceChen 23:25:40.895 [main] INFO  edu.bjut.boudia.myMain - meter_585763860299794173:200,6556900,400
BruceChen 23:25:40.895 [main] INFO  edu.bjut.boudia.myMain - meter_7398325835057654013:regMsg,reg_backagg,reg_cc
BruceChen 23:25:40.895 [main] INFO  edu.bjut.boudia.myMain - meter_7398325835057654013:700,6504700,400
BruceChen 23:25:40.895 [main] INFO  edu.bjut.boudia.myMain - meter_5694263475656719939:regMsg,reg_backagg,reg_cc
BruceChen 23:25:40.895 [main] INFO  edu.bjut.boudia.myMain - meter_5694263475656719939:600,6447100,300
BruceChen 23:25:40.895 [main] INFO  edu.bjut.boudia.myMain - meter_379158397487229775:regMsg,reg_backagg,reg_cc
BruceChen 23:25:40.895 [main] INFO  edu.bjut.boudia.myMain - meter_379158397487229775:400,6420600,200
BruceChen 23:25:40.895 [main] INFO  edu.bjut.boudia.myMain - meter_7086778119636404235:regMsg,reg_backagg,reg_cc
BruceChen 23:25:40.895 [main] INFO  edu.bjut.boudia.myMain - meter_7086778119636404235:200,6369200,300
BruceChen 23:25:40.895 [main] INFO  edu.bjut.boudia.myMain - meter_1476306676607031461:regMsg,reg_backagg,reg_cc
BruceChen 23:25:40.895 [main] INFO  edu.bjut.boudia.myMain - meter_1476306676607031461:600,6532700,200
BruceChen 23:25:40.895 [main] INFO  edu.bjut.boudia.myMain - meter_2868444402298067219:regMsg,reg_backagg,reg_cc
BruceChen 23:25:40.895 [main] INFO  edu.bjut.boudia.myMain - meter_2868444402298067219:700,6540000,300
BruceChen 23:25:40.895 [main] INFO  edu.bjut.boudia.myMain - meter_2375791091759514559:regMsg,reg_backagg,reg_cc
BruceChen 23:25:40.895 [main] INFO  edu.bjut.boudia.myMain - meter_2375791091759514559:500,6454000,300
BruceChen 23:25:40.895 [main] INFO  edu.bjut.boudia.myMain - meter_8513066440555734905:regMsg,reg_backagg,reg_cc
BruceChen 23:25:40.895 [main] INFO  edu.bjut.boudia.myMain - meter_8513066440555734905:400,6454200,200
BruceChen 23:25:40.895 [main] INFO  edu.bjut.boudia.myMain - meter_482374000059511629:regMsg,reg_backagg,reg_cc
BruceChen 23:25:40.895 [main] INFO  edu.bjut.boudia.myMain - meter_482374000059511629:300,6476000,200
BruceChen 23:25:40.895 [main] INFO  edu.bjut.boudia.myMain - meter_303465833602075245:regMsg,reg_backagg,reg_cc
BruceChen 23:25:40.895 [main] INFO  edu.bjut.boudia.myMain - meter_303465833602075245:300,6602900,200
BruceChen 23:25:40.895 [main] INFO  edu.bjut.boudia.myMain - meter_3782742784478785745:regMsg,reg_backagg,reg_cc
BruceChen 23:25:40.895 [main] INFO  edu.bjut.boudia.myMain - meter_3782742784478785745:200,6454300,200
BruceChen 23:25:40.895 [main] INFO  edu.bjut.boudia.myMain - meter_2232845343096034837:regMsg,reg_backagg,reg_cc
BruceChen 23:25:40.895 [main] INFO  edu.bjut.boudia.myMain - meter_2232845343096034837:200,6677500,400
BruceChen 23:25:40.895 [main] INFO  edu.bjut.boudia.myMain - meter_6673854025783662841:regMsg,reg_backagg,reg_cc
BruceChen 23:25:40.895 [main] INFO  edu.bjut.boudia.myMain - meter_6673854025783662841:700,6790300,300
BruceChen 23:25:40.895 [main] INFO  edu.bjut.boudia.myMain - meter_1734989301776220317:regMsg,reg_backagg,reg_cc
BruceChen 23:25:40.895 [main] INFO  edu.bjut.boudia.myMain - meter_1734989301776220317:300,6530900,300
BruceChen 23:25:40.895 [main] INFO  edu.bjut.boudia.myMain - meter_6955411427346423009:regMsg,reg_backagg,reg_cc
BruceChen 23:25:40.895 [main] INFO  edu.bjut.boudia.myMain - meter_6955411427346423009:400,6477000,400
BruceChen 23:25:40.895 [main] INFO  edu.bjut.boudia.myMain - meter_1496298371211138947:regMsg,reg_backagg,reg_cc
BruceChen 23:25:40.895 [main] INFO  edu.bjut.boudia.myMain - meter_1496298371211138947:800,6452400,200
BruceChen 23:25:40.895 [main] INFO  edu.bjut.boudia.myMain - meter_6373171849395244433:regMsg,reg_backagg,reg_cc
BruceChen 23:25:40.895 [main] INFO  edu.bjut.boudia.myMain - meter_6373171849395244433:400,6598000,300
BruceChen 23:25:40.895 [main] INFO  edu.bjut.boudia.myMain - meter_2929998406266773129:regMsg,reg_backagg,reg_cc
BruceChen 23:25:40.895 [main] INFO  edu.bjut.boudia.myMain - meter_2929998406266773129:1300,6648200,400
BruceChen 23:25:40.895 [main] INFO  edu.bjut.boudia.myMain - meter_1732219917719494639:regMsg,reg_backagg,reg_cc
BruceChen 23:25:40.895 [main] INFO  edu.bjut.boudia.myMain - meter_1732219917719494639:600,6536000,400
BruceChen 23:25:40.895 [main] INFO  edu.bjut.boudia.myMain - meter_425360650644258605:regMsg,reg_backagg,reg_cc
BruceChen 23:25:40.895 [main] INFO  edu.bjut.boudia.myMain - meter_425360650644258605:700,6365400,200
BruceChen 23:25:40.895 [main] INFO  edu.bjut.boudia.myMain - meter_8932630308263491299:regMsg,reg_backagg,reg_cc
BruceChen 23:25:40.895 [main] INFO  edu.bjut.boudia.myMain - meter_8932630308263491299:300,6424800,200
BruceChen 23:25:40.895 [main] INFO  edu.bjut.boudia.myMain - meter_103666677908089165:regMsg,reg_backagg,reg_cc
BruceChen 23:25:40.895 [main] INFO  edu.bjut.boudia.myMain - meter_103666677908089165:300,6381900,200
BruceChen 23:25:40.895 [main] INFO  edu.bjut.boudia.myMain - meter_6365112344942470329:regMsg,reg_backagg,reg_cc
BruceChen 23:25:40.895 [main] INFO  edu.bjut.boudia.myMain - meter_6365112344942470329:400,6415800,200
BruceChen 23:25:40.895 [main] INFO  edu.bjut.boudia.myMain - meter_881178179045988427:regMsg,reg_backagg,reg_cc
BruceChen 23:25:40.895 [main] INFO  edu.bjut.boudia.myMain - meter_881178179045988427:400,6286400,100
BruceChen 23:25:40.895 [main] INFO  edu.bjut.boudia.myMain - meter_5334455617286703383:regMsg,reg_backagg,reg_cc
BruceChen 23:25:40.895 [main] INFO  edu.bjut.boudia.myMain - meter_5334455617286703383:300,6481800,100
BruceChen 23:25:40.895 [main] INFO  edu.bjut.boudia.myMain - meter_2008485600484139701:regMsg,reg_backagg,reg_cc
BruceChen 23:25:40.895 [main] INFO  edu.bjut.boudia.myMain - meter_2008485600484139701:300,6478600,200
BruceChen 23:25:40.895 [main] INFO  edu.bjut.boudia.myMain - meter_7675516750794352887:regMsg,reg_backagg,reg_cc
BruceChen 23:25:40.895 [main] INFO  edu.bjut.boudia.myMain - meter_7675516750794352887:300,6492100,200
BruceChen 23:25:40.895 [main] INFO  edu.bjut.boudia.myMain - meter_2651015196788218813:regMsg,reg_backagg,reg_cc
BruceChen 23:25:40.895 [main] INFO  edu.bjut.boudia.myMain - meter_2651015196788218813:200,6426400,100
BruceChen 23:25:40.895 [main] INFO  edu.bjut.boudia.myMain - meter_2423182888833121281:regMsg,reg_backagg,reg_cc
BruceChen 23:25:40.895 [main] INFO  edu.bjut.boudia.myMain - meter_2423182888833121281:300,6472700,100
BruceChen 23:25:40.895 [main] INFO  edu.bjut.boudia.myMain - meter_668319874304897887:regMsg,reg_backagg,reg_cc
BruceChen 23:25:40.895 [main] INFO  edu.bjut.boudia.myMain - meter_668319874304897887:200,6481600,200
BruceChen 23:25:40.895 [main] INFO  edu.bjut.boudia.myMain - meter_9011312421225184921:regMsg,reg_backagg,reg_cc
BruceChen 23:25:40.895 [main] INFO  edu.bjut.boudia.myMain - meter_9011312421225184921:200,6396600,200
BruceChen 23:25:40.895 [main] INFO  edu.bjut.boudia.myMain - meter_5924751036353489605:regMsg,reg_backagg,reg_cc
BruceChen 23:25:40.895 [main] INFO  edu.bjut.boudia.myMain - meter_5924751036353489605:200,6372200,200
BruceChen 23:25:40.895 [main] INFO  edu.bjut.boudia.myMain - meter_7670487148878642235:regMsg,reg_backagg,reg_cc
BruceChen 23:25:40.895 [main] INFO  edu.bjut.boudia.myMain - meter_7670487148878642235:300,6450500,100
BruceChen 23:25:40.895 [main] INFO  edu.bjut.boudia.myMain - meter_3369285371354086397:regMsg,reg_backagg,reg_cc
BruceChen 23:25:40.895 [main] INFO  edu.bjut.boudia.myMain - meter_3369285371354086397:300,6433200,300
BruceChen 23:25:40.895 [main] INFO  edu.bjut.boudia.myMain - meter_4787923398757623617:regMsg,reg_backagg,reg_cc
BruceChen 23:25:40.895 [main] INFO  edu.bjut.boudia.myMain - meter_4787923398757623617:300,6419800,100
BruceChen 23:25:40.895 [main] INFO  edu.bjut.boudia.myMain - meter_7391427926552839535:regMsg,reg_backagg,reg_cc
BruceChen 23:25:40.895 [main] INFO  edu.bjut.boudia.myMain - meter_7391427926552839535:300,6430900,200
BruceChen 23:25:40.895 [main] INFO  edu.bjut.boudia.myMain - meter_5680443557910537329:regMsg,reg_backagg,reg_cc
BruceChen 23:25:40.895 [main] INFO  edu.bjut.boudia.myMain - meter_5680443557910537329:200,6494900,200
BruceChen 23:25:41.554 [main] INFO  edu.bjut.boudia.myMain - oneTimeMeterRepTime
BruceChen 23:25:43.241 [main] INFO  edu.bjut.boudia.myMain - server:repMsg
BruceChen 23:25:43.241 [main] INFO  edu.bjut.boudia.myMain - server:31171300
BruceChen 23:25:43.241 [main] INFO  edu.bjut.boudia.myMain - agg:repMsg
BruceChen 23:25:43.241 [main] INFO  edu.bjut.boudia.myMain - agg:342855000
BruceChen 23:25:43.241 [main] INFO  edu.bjut.boudia.myMain - meter_938256218238679209:repMsg
BruceChen 23:25:43.241 [main] INFO  edu.bjut.boudia.myMain - meter_938256218238679209:26567900
BruceChen 23:25:43.241 [main] INFO  edu.bjut.boudia.myMain - meter_2395015162468171723:repMsg
BruceChen 23:25:43.241 [main] INFO  edu.bjut.boudia.myMain - meter_2395015162468171723:26218200
BruceChen 23:25:43.241 [main] INFO  edu.bjut.boudia.myMain - meter_719024372376418677:repMsg
BruceChen 23:25:43.241 [main] INFO  edu.bjut.boudia.myMain - meter_719024372376418677:26169800
BruceChen 23:25:43.241 [main] INFO  edu.bjut.boudia.myMain - meter_989051935133802359:repMsg
BruceChen 23:25:43.241 [main] INFO  edu.bjut.boudia.myMain - meter_989051935133802359:26277200
BruceChen 23:25:43.241 [main] INFO  edu.bjut.boudia.myMain - meter_8393871189240528637:repMsg
BruceChen 23:25:43.241 [main] INFO  edu.bjut.boudia.myMain - meter_8393871189240528637:25797800
BruceChen 23:25:43.241 [main] INFO  edu.bjut.boudia.myMain - meter_7401953834076854047:repMsg
BruceChen 23:25:43.241 [main] INFO  edu.bjut.boudia.myMain - meter_7401953834076854047:26003700
BruceChen 23:25:43.241 [main] INFO  edu.bjut.boudia.myMain - meter_575216492483164249:repMsg
BruceChen 23:25:43.241 [main] INFO  edu.bjut.boudia.myMain - meter_575216492483164249:26142100
BruceChen 23:25:43.241 [main] INFO  edu.bjut.boudia.myMain - meter_556573785931921161:repMsg
BruceChen 23:25:43.241 [main] INFO  edu.bjut.boudia.myMain - meter_556573785931921161:26044600
BruceChen 23:25:43.241 [main] INFO  edu.bjut.boudia.myMain - meter_4981357343102286651:repMsg
BruceChen 23:25:43.241 [main] INFO  edu.bjut.boudia.myMain - meter_4981357343102286651:25965200
BruceChen 23:25:43.241 [main] INFO  edu.bjut.boudia.myMain - meter_3250163310337517963:repMsg
BruceChen 23:25:43.241 [main] INFO  edu.bjut.boudia.myMain - meter_3250163310337517963:25950400
BruceChen 23:25:43.241 [main] INFO  edu.bjut.boudia.myMain - meter_2209313780634539957:repMsg
BruceChen 23:25:43.241 [main] INFO  edu.bjut.boudia.myMain - meter_2209313780634539957:26114800
BruceChen 23:25:43.241 [main] INFO  edu.bjut.boudia.myMain - meter_4063607219692966987:repMsg
BruceChen 23:25:43.241 [main] INFO  edu.bjut.boudia.myMain - meter_4063607219692966987:25657700
BruceChen 23:25:43.241 [main] INFO  edu.bjut.boudia.myMain - meter_585763860299794173:repMsg
BruceChen 23:25:43.241 [main] INFO  edu.bjut.boudia.myMain - meter_585763860299794173:26096500
BruceChen 23:25:43.241 [main] INFO  edu.bjut.boudia.myMain - meter_7398325835057654013:repMsg
BruceChen 23:25:43.241 [main] INFO  edu.bjut.boudia.myMain - meter_7398325835057654013:25927700
BruceChen 23:25:43.241 [main] INFO  edu.bjut.boudia.myMain - meter_5694263475656719939:repMsg
BruceChen 23:25:43.241 [main] INFO  edu.bjut.boudia.myMain - meter_5694263475656719939:26035300
BruceChen 23:25:43.241 [main] INFO  edu.bjut.boudia.myMain - meter_379158397487229775:repMsg
BruceChen 23:25:43.241 [main] INFO  edu.bjut.boudia.myMain - meter_379158397487229775:26114900
BruceChen 23:25:43.241 [main] INFO  edu.bjut.boudia.myMain - meter_7086778119636404235:repMsg
BruceChen 23:25:43.241 [main] INFO  edu.bjut.boudia.myMain - meter_7086778119636404235:26233000
BruceChen 23:25:43.241 [main] INFO  edu.bjut.boudia.myMain - meter_1476306676607031461:repMsg
BruceChen 23:25:43.241 [main] INFO  edu.bjut.boudia.myMain - meter_1476306676607031461:26127200
BruceChen 23:25:43.241 [main] INFO  edu.bjut.boudia.myMain - meter_2868444402298067219:repMsg
BruceChen 23:25:43.241 [main] INFO  edu.bjut.boudia.myMain - meter_2868444402298067219:29085400
BruceChen 23:25:43.241 [main] INFO  edu.bjut.boudia.myMain - meter_2375791091759514559:repMsg
BruceChen 23:25:43.241 [main] INFO  edu.bjut.boudia.myMain - meter_2375791091759514559:26417200
BruceChen 23:25:43.241 [main] INFO  edu.bjut.boudia.myMain - meter_8513066440555734905:repMsg
BruceChen 23:25:43.241 [main] INFO  edu.bjut.boudia.myMain - meter_8513066440555734905:26180700
BruceChen 23:25:43.241 [main] INFO  edu.bjut.boudia.myMain - meter_482374000059511629:repMsg
BruceChen 23:25:43.241 [main] INFO  edu.bjut.boudia.myMain - meter_482374000059511629:26288700
BruceChen 23:25:43.241 [main] INFO  edu.bjut.boudia.myMain - meter_303465833602075245:repMsg
BruceChen 23:25:43.241 [main] INFO  edu.bjut.boudia.myMain - meter_303465833602075245:26518500
BruceChen 23:25:43.241 [main] INFO  edu.bjut.boudia.myMain - meter_3782742784478785745:repMsg
BruceChen 23:25:43.241 [main] INFO  edu.bjut.boudia.myMain - meter_3782742784478785745:26443700
BruceChen 23:25:43.241 [main] INFO  edu.bjut.boudia.myMain - meter_2232845343096034837:repMsg
BruceChen 23:25:43.241 [main] INFO  edu.bjut.boudia.myMain - meter_2232845343096034837:26449500
BruceChen 23:25:43.241 [main] INFO  edu.bjut.boudia.myMain - meter_6673854025783662841:repMsg
BruceChen 23:25:43.241 [main] INFO  edu.bjut.boudia.myMain - meter_6673854025783662841:26422800
BruceChen 23:25:43.241 [main] INFO  edu.bjut.boudia.myMain - meter_1734989301776220317:repMsg
BruceChen 23:25:43.241 [main] INFO  edu.bjut.boudia.myMain - meter_1734989301776220317:25879100
BruceChen 23:25:43.241 [main] INFO  edu.bjut.boudia.myMain - meter_6955411427346423009:repMsg
BruceChen 23:25:43.241 [main] INFO  edu.bjut.boudia.myMain - meter_6955411427346423009:26177300
BruceChen 23:25:43.241 [main] INFO  edu.bjut.boudia.myMain - meter_1496298371211138947:repMsg
BruceChen 23:25:43.241 [main] INFO  edu.bjut.boudia.myMain - meter_1496298371211138947:26213600
BruceChen 23:25:43.241 [main] INFO  edu.bjut.boudia.myMain - meter_6373171849395244433:repMsg
BruceChen 23:25:43.241 [main] INFO  edu.bjut.boudia.myMain - meter_6373171849395244433:25954900
BruceChen 23:25:43.241 [main] INFO  edu.bjut.boudia.myMain - meter_2929998406266773129:repMsg
BruceChen 23:25:43.241 [main] INFO  edu.bjut.boudia.myMain - meter_2929998406266773129:26341000
BruceChen 23:25:43.241 [main] INFO  edu.bjut.boudia.myMain - meter_1732219917719494639:repMsg
BruceChen 23:25:43.241 [main] INFO  edu.bjut.boudia.myMain - meter_1732219917719494639:26097700
BruceChen 23:25:43.241 [main] INFO  edu.bjut.boudia.myMain - meter_425360650644258605:repMsg
BruceChen 23:25:43.241 [main] INFO  edu.bjut.boudia.myMain - meter_425360650644258605:26079000
BruceChen 23:25:43.241 [main] INFO  edu.bjut.boudia.myMain - meter_8932630308263491299:repMsg
BruceChen 23:25:43.241 [main] INFO  edu.bjut.boudia.myMain - meter_8932630308263491299:26133000
BruceChen 23:25:43.241 [main] INFO  edu.bjut.boudia.myMain - meter_103666677908089165:repMsg
BruceChen 23:25:43.241 [main] INFO  edu.bjut.boudia.myMain - meter_103666677908089165:26319400
BruceChen 23:25:43.241 [main] INFO  edu.bjut.boudia.myMain - meter_6365112344942470329:repMsg
BruceChen 23:25:43.241 [main] INFO  edu.bjut.boudia.myMain - meter_6365112344942470329:26131500
BruceChen 23:25:43.241 [main] INFO  edu.bjut.boudia.myMain - meter_881178179045988427:repMsg
BruceChen 23:25:43.241 [main] INFO  edu.bjut.boudia.myMain - meter_881178179045988427:25888600
BruceChen 23:25:43.241 [main] INFO  edu.bjut.boudia.myMain - meter_5334455617286703383:repMsg
BruceChen 23:25:43.241 [main] INFO  edu.bjut.boudia.myMain - meter_5334455617286703383:26016100
BruceChen 23:25:43.241 [main] INFO  edu.bjut.boudia.myMain - meter_2008485600484139701:repMsg
BruceChen 23:25:43.241 [main] INFO  edu.bjut.boudia.myMain - meter_2008485600484139701:26284800
BruceChen 23:25:43.241 [main] INFO  edu.bjut.boudia.myMain - meter_7675516750794352887:repMsg
BruceChen 23:25:43.241 [main] INFO  edu.bjut.boudia.myMain - meter_7675516750794352887:26193500
BruceChen 23:25:43.241 [main] INFO  edu.bjut.boudia.myMain - meter_2651015196788218813:repMsg
BruceChen 23:25:43.241 [main] INFO  edu.bjut.boudia.myMain - meter_2651015196788218813:25958200
BruceChen 23:25:43.241 [main] INFO  edu.bjut.boudia.myMain - meter_2423182888833121281:repMsg
BruceChen 23:25:43.241 [main] INFO  edu.bjut.boudia.myMain - meter_2423182888833121281:26098400
BruceChen 23:25:43.241 [main] INFO  edu.bjut.boudia.myMain - meter_668319874304897887:repMsg
BruceChen 23:25:43.241 [main] INFO  edu.bjut.boudia.myMain - meter_668319874304897887:25578000
BruceChen 23:25:43.241 [main] INFO  edu.bjut.boudia.myMain - meter_9011312421225184921:repMsg
BruceChen 23:25:43.241 [main] INFO  edu.bjut.boudia.myMain - meter_9011312421225184921:26209400
BruceChen 23:25:43.241 [main] INFO  edu.bjut.boudia.myMain - meter_5924751036353489605:repMsg
BruceChen 23:25:43.241 [main] INFO  edu.bjut.boudia.myMain - meter_5924751036353489605:25854100
BruceChen 23:25:43.241 [main] INFO  edu.bjut.boudia.myMain - meter_7670487148878642235:repMsg
BruceChen 23:25:43.241 [main] INFO  edu.bjut.boudia.myMain - meter_7670487148878642235:29122800
BruceChen 23:25:43.241 [main] INFO  edu.bjut.boudia.myMain - meter_3369285371354086397:repMsg
BruceChen 23:25:43.241 [main] INFO  edu.bjut.boudia.myMain - meter_3369285371354086397:26083900
BruceChen 23:25:43.241 [main] INFO  edu.bjut.boudia.myMain - meter_4787923398757623617:repMsg
BruceChen 23:25:43.241 [main] INFO  edu.bjut.boudia.myMain - meter_4787923398757623617:25795200
BruceChen 23:25:43.241 [main] INFO  edu.bjut.boudia.myMain - meter_7391427926552839535:repMsg
BruceChen 23:25:43.241 [main] INFO  edu.bjut.boudia.myMain - meter_7391427926552839535:26721200
BruceChen 23:25:43.241 [main] INFO  edu.bjut.boudia.myMain - meter_5680443557910537329:repMsg
BruceChen 23:25:43.241 [main] INFO  edu.bjut.boudia.myMain - meter_5680443557910537329:26775200
BruceChen 23:25:45.772 [main] INFO  edu.bjut.boudia.myMain - oneTimeMeterRegTime
BruceChen 23:25:46.281 [main] INFO  edu.bjut.boudia.myMain - server:pubkey
BruceChen 23:25:46.281 [main] INFO  edu.bjut.boudia.myMain - server:900
BruceChen 23:25:46.281 [main] INFO  edu.bjut.boudia.myMain - agg:regMsg,regMsg,regMsg,regMsg,regMsg,regMsg,regMsg,regMsg,regMsg,regMsg,regMsg,regMsg,regMsg,regMsg,regMsg,regMsg,regMsg,regMsg,regMsg,regMsg,regMsg,regMsg,regMsg,regMsg,regMsg,regMsg,regMsg,regMsg,regMsg,regMsg,regMsg,regMsg,regMsg,regMsg,regMsg,regMsg,regMsg,regMsg,regMsg,regMsg
BruceChen 23:25:46.281 [main] INFO  edu.bjut.boudia.myMain - agg:6434300,6422000,6420900,6418500,6460600,6430000,6451300,6448900,6446000,6417900,6429300,6441200,6430600,6444000,6420600,6423800,6465800,6415600,6455300,6428200,6428400,6455300,6445200,6440100,6432100,6476800,6412900,6428400,6428500,6445400,6454900,6470200,6421300,6412200,6449200,6466200,6435300,6420400,6426800,6477900
BruceChen 23:25:46.281 [main] INFO  edu.bjut.boudia.myMain - meter_649350200123197011:regMsg,reg_backagg,reg_cc
BruceChen 23:25:46.281 [main] INFO  edu.bjut.boudia.myMain - meter_649350200123197011:700,6361500,800
BruceChen 23:25:46.281 [main] INFO  edu.bjut.boudia.myMain - meter_1195790517809893281:regMsg,reg_backagg,reg_cc
BruceChen 23:25:46.281 [main] INFO  edu.bjut.boudia.myMain - meter_1195790517809893281:600,6290400,400
BruceChen 23:25:46.281 [main] INFO  edu.bjut.boudia.myMain - meter_7163659847185170929:regMsg,reg_backagg,reg_cc
BruceChen 23:25:46.281 [main] INFO  edu.bjut.boudia.myMain - meter_7163659847185170929:500,6457300,300
BruceChen 23:25:46.281 [main] INFO  edu.bjut.boudia.myMain - meter_3704717212387902713:regMsg,reg_backagg,reg_cc
BruceChen 23:25:46.281 [main] INFO  edu.bjut.boudia.myMain - meter_3704717212387902713:500,6401900,300
BruceChen 23:25:46.281 [main] INFO  edu.bjut.boudia.myMain - meter_2270024356813244033:regMsg,reg_backagg,reg_cc
BruceChen 23:25:46.281 [main] INFO  edu.bjut.boudia.myMain - meter_2270024356813244033:400,6422100,300
BruceChen 23:25:46.281 [main] INFO  edu.bjut.boudia.myMain - meter_3699098982113420339:regMsg,reg_backagg,reg_cc
BruceChen 23:25:46.281 [main] INFO  edu.bjut.boudia.myMain - meter_3699098982113420339:300,6463200,400
BruceChen 23:25:46.281 [main] INFO  edu.bjut.boudia.myMain - meter_7594650822283972261:regMsg,reg_backagg,reg_cc
BruceChen 23:25:46.281 [main] INFO  edu.bjut.boudia.myMain - meter_7594650822283972261:500,6427900,400
BruceChen 23:25:46.281 [main] INFO  edu.bjut.boudia.myMain - meter_5285390303921035919:regMsg,reg_backagg,reg_cc
BruceChen 23:25:46.281 [main] INFO  edu.bjut.boudia.myMain - meter_5285390303921035919:500,6411100,400
BruceChen 23:25:46.281 [main] INFO  edu.bjut.boudia.myMain - meter_1748804684870360711:regMsg,reg_backagg,reg_cc
BruceChen 23:25:46.281 [main] INFO  edu.bjut.boudia.myMain - meter_1748804684870360711:500,6396800,300
BruceChen 23:25:46.281 [main] INFO  edu.bjut.boudia.myMain - meter_8979695092959057041:regMsg,reg_backagg,reg_cc
BruceChen 23:25:46.281 [main] INFO  edu.bjut.boudia.myMain - meter_8979695092959057041:400,6359600,300
BruceChen 23:25:46.281 [main] INFO  edu.bjut.boudia.myMain - meter_8799093285297738245:regMsg,reg_backagg,reg_cc
BruceChen 23:25:46.281 [main] INFO  edu.bjut.boudia.myMain - meter_8799093285297738245:400,6463300,300
BruceChen 23:25:46.281 [main] INFO  edu.bjut.boudia.myMain - meter_941175340182447057:regMsg,reg_backagg,reg_cc
BruceChen 23:25:46.281 [main] INFO  edu.bjut.boudia.myMain - meter_941175340182447057:500,6412100,400
BruceChen 23:25:46.281 [main] INFO  edu.bjut.boudia.myMain - meter_5553494131422529133:regMsg,reg_backagg,reg_cc
BruceChen 23:25:46.281 [main] INFO  edu.bjut.boudia.myMain - meter_5553494131422529133:400,6422600,400
BruceChen 23:25:46.281 [main] INFO  edu.bjut.boudia.myMain - meter_1749362472230333491:regMsg,reg_backagg,reg_cc
BruceChen 23:25:46.281 [main] INFO  edu.bjut.boudia.myMain - meter_1749362472230333491:600,6418700,300
BruceChen 23:25:46.281 [main] INFO  edu.bjut.boudia.myMain - meter_4328850025327437605:regMsg,reg_backagg,reg_cc
BruceChen 23:25:46.281 [main] INFO  edu.bjut.boudia.myMain - meter_4328850025327437605:500,6400400,200
BruceChen 23:25:46.281 [main] INFO  edu.bjut.boudia.myMain - meter_168231053705188627:regMsg,reg_backagg,reg_cc
BruceChen 23:25:46.281 [main] INFO  edu.bjut.boudia.myMain - meter_168231053705188627:500,6391100,400
BruceChen 23:25:46.281 [main] INFO  edu.bjut.boudia.myMain - meter_6816039245987123851:regMsg,reg_backagg,reg_cc
BruceChen 23:25:46.281 [main] INFO  edu.bjut.boudia.myMain - meter_6816039245987123851:500,6323000,300
BruceChen 23:25:46.297 [main] INFO  edu.bjut.boudia.myMain - meter_6587853852553689283:regMsg,reg_backagg,reg_cc
BruceChen 23:25:46.297 [main] INFO  edu.bjut.boudia.myMain - meter_6587853852553689283:300,6367300,300
BruceChen 23:25:46.297 [main] INFO  edu.bjut.boudia.myMain - meter_6134247476635811755:regMsg,reg_backagg,reg_cc
BruceChen 23:25:46.297 [main] INFO  edu.bjut.boudia.myMain - meter_6134247476635811755:500,6411800,400
BruceChen 23:25:46.297 [main] INFO  edu.bjut.boudia.myMain - meter_7132951896671328321:regMsg,reg_backagg,reg_cc
BruceChen 23:25:46.297 [main] INFO  edu.bjut.boudia.myMain - meter_7132951896671328321:400,6406400,200
BruceChen 23:25:46.297 [main] INFO  edu.bjut.boudia.myMain - meter_2528121819187321359:regMsg,reg_backagg,reg_cc
BruceChen 23:25:46.297 [main] INFO  edu.bjut.boudia.myMain - meter_2528121819187321359:500,6361500,200
BruceChen 23:25:46.297 [main] INFO  edu.bjut.boudia.myMain - meter_6807371835928649247:regMsg,reg_backagg,reg_cc
BruceChen 23:25:46.297 [main] INFO  edu.bjut.boudia.myMain - meter_6807371835928649247:300,6334900,300
BruceChen 23:25:46.297 [main] INFO  edu.bjut.boudia.myMain - meter_6740100868595729451:regMsg,reg_backagg,reg_cc
BruceChen 23:25:46.297 [main] INFO  edu.bjut.boudia.myMain - meter_6740100868595729451:500,6406100,400
BruceChen 23:25:46.297 [main] INFO  edu.bjut.boudia.myMain - meter_2170887890725375223:regMsg,reg_backagg,reg_cc
BruceChen 23:25:46.297 [main] INFO  edu.bjut.boudia.myMain - meter_2170887890725375223:400,6381300,300
BruceChen 23:25:46.297 [main] INFO  edu.bjut.boudia.myMain - meter_2229170363200708759:regMsg,reg_backagg,reg_cc
BruceChen 23:25:46.297 [main] INFO  edu.bjut.boudia.myMain - meter_2229170363200708759:600,7071300,300
BruceChen 23:25:46.297 [main] INFO  edu.bjut.boudia.myMain - meter_8604221105571599159:regMsg,reg_backagg,reg_cc
BruceChen 23:25:46.297 [main] INFO  edu.bjut.boudia.myMain - meter_8604221105571599159:500,6385400,200
BruceChen 23:25:46.297 [main] INFO  edu.bjut.boudia.myMain - meter_3785994924135803607:regMsg,reg_backagg,reg_cc
BruceChen 23:25:46.297 [main] INFO  edu.bjut.boudia.myMain - meter_3785994924135803607:300,6471300,400
BruceChen 23:25:46.297 [main] INFO  edu.bjut.boudia.myMain - meter_3800261597688434791:regMsg,reg_backagg,reg_cc
BruceChen 23:25:46.297 [main] INFO  edu.bjut.boudia.myMain - meter_3800261597688434791:500,6460300,300
BruceChen 23:25:46.297 [main] INFO  edu.bjut.boudia.myMain - meter_5318760715954595579:regMsg,reg_backagg,reg_cc
BruceChen 23:25:46.297 [main] INFO  edu.bjut.boudia.myMain - meter_5318760715954595579:500,6453000,200
BruceChen 23:25:46.297 [main] INFO  edu.bjut.boudia.myMain - meter_3706178765823485075:regMsg,reg_backagg,reg_cc
BruceChen 23:25:46.297 [main] INFO  edu.bjut.boudia.myMain - meter_3706178765823485075:400,6224000,300
BruceChen 23:25:46.297 [main] INFO  edu.bjut.boudia.myMain - meter_8954786818338752085:regMsg,reg_backagg,reg_cc
BruceChen 23:25:46.297 [main] INFO  edu.bjut.boudia.myMain - meter_8954786818338752085:500,6441500,300
BruceChen 23:25:46.297 [main] INFO  edu.bjut.boudia.myMain - meter_3156080916841367139:regMsg,reg_backagg,reg_cc
BruceChen 23:25:46.297 [main] INFO  edu.bjut.boudia.myMain - meter_3156080916841367139:500,6225000,200
BruceChen 23:25:46.297 [main] INFO  edu.bjut.boudia.myMain - meter_7052773410205794113:regMsg,reg_backagg,reg_cc
BruceChen 23:25:46.297 [main] INFO  edu.bjut.boudia.myMain - meter_7052773410205794113:400,6419000,300
BruceChen 23:25:46.297 [main] INFO  edu.bjut.boudia.myMain - meter_2176207018966549605:regMsg,reg_backagg,reg_cc
BruceChen 23:25:46.297 [main] INFO  edu.bjut.boudia.myMain - meter_2176207018966549605:500,6338400,300
BruceChen 23:25:46.297 [main] INFO  edu.bjut.boudia.myMain - meter_8764412259143366573:regMsg,reg_backagg,reg_cc
BruceChen 23:25:46.297 [main] INFO  edu.bjut.boudia.myMain - meter_8764412259143366573:8200,6476600,300
BruceChen 23:25:46.297 [main] INFO  edu.bjut.boudia.myMain - meter_1540800444881251675:regMsg,reg_backagg,reg_cc
BruceChen 23:25:46.297 [main] INFO  edu.bjut.boudia.myMain - meter_1540800444881251675:500,6419200,200
BruceChen 23:25:46.297 [main] INFO  edu.bjut.boudia.myMain - meter_5299874176125998243:regMsg,reg_backagg,reg_cc
BruceChen 23:25:46.297 [main] INFO  edu.bjut.boudia.myMain - meter_5299874176125998243:6500,6471700,2500
BruceChen 23:25:46.297 [main] INFO  edu.bjut.boudia.myMain - meter_190501270768331817:regMsg,reg_backagg,reg_cc
BruceChen 23:25:46.297 [main] INFO  edu.bjut.boudia.myMain - meter_190501270768331817:200,6469400,100
BruceChen 23:25:46.297 [main] INFO  edu.bjut.boudia.myMain - meter_2473971319983018417:regMsg,reg_backagg,reg_cc
BruceChen 23:25:46.297 [main] INFO  edu.bjut.boudia.myMain - meter_2473971319983018417:100,6441200,100
BruceChen 23:25:46.297 [main] INFO  edu.bjut.boudia.myMain - meter_3331770139940497699:regMsg,reg_backagg,reg_cc
BruceChen 23:25:46.297 [main] INFO  edu.bjut.boudia.myMain - meter_3331770139940497699:0,6347900,0
BruceChen 23:25:46.812 [main] INFO  edu.bjut.boudia.myMain - oneTimeMeterRepTime
BruceChen 23:25:48.171 [main] INFO  edu.bjut.boudia.myMain - server:repMsg
BruceChen 23:25:48.171 [main] INFO  edu.bjut.boudia.myMain - server:33258000
BruceChen 23:25:48.171 [main] INFO  edu.bjut.boudia.myMain - agg:repMsg
BruceChen 23:25:48.171 [main] INFO  edu.bjut.boudia.myMain - agg:277090600
BruceChen 23:25:48.171 [main] INFO  edu.bjut.boudia.myMain - meter_649350200123197011:repMsg
BruceChen 23:25:48.171 [main] INFO  edu.bjut.boudia.myMain - meter_649350200123197011:26156000
BruceChen 23:25:48.171 [main] INFO  edu.bjut.boudia.myMain - meter_1195790517809893281:repMsg
BruceChen 23:25:48.171 [main] INFO  edu.bjut.boudia.myMain - meter_1195790517809893281:26150200
BruceChen 23:25:48.171 [main] INFO  edu.bjut.boudia.myMain - meter_7163659847185170929:repMsg
BruceChen 23:25:48.171 [main] INFO  edu.bjut.boudia.myMain - meter_7163659847185170929:26260200
BruceChen 23:25:48.171 [main] INFO  edu.bjut.boudia.myMain - meter_3704717212387902713:repMsg
BruceChen 23:25:48.171 [main] INFO  edu.bjut.boudia.myMain - meter_3704717212387902713:26259600
BruceChen 23:25:48.171 [main] INFO  edu.bjut.boudia.myMain - meter_2270024356813244033:repMsg
BruceChen 23:25:48.171 [main] INFO  edu.bjut.boudia.myMain - meter_2270024356813244033:25944200
BruceChen 23:25:48.171 [main] INFO  edu.bjut.boudia.myMain - meter_3699098982113420339:repMsg
BruceChen 23:25:48.171 [main] INFO  edu.bjut.boudia.myMain - meter_3699098982113420339:26045800
BruceChen 23:25:48.171 [main] INFO  edu.bjut.boudia.myMain - meter_7594650822283972261:repMsg
BruceChen 23:25:48.171 [main] INFO  edu.bjut.boudia.myMain - meter_7594650822283972261:26110200
BruceChen 23:25:48.171 [main] INFO  edu.bjut.boudia.myMain - meter_5285390303921035919:repMsg
BruceChen 23:25:48.171 [main] INFO  edu.bjut.boudia.myMain - meter_5285390303921035919:26224700
BruceChen 23:25:48.171 [main] INFO  edu.bjut.boudia.myMain - meter_1748804684870360711:repMsg
BruceChen 23:25:48.171 [main] INFO  edu.bjut.boudia.myMain - meter_1748804684870360711:28034200
BruceChen 23:25:48.171 [main] INFO  edu.bjut.boudia.myMain - meter_8979695092959057041:repMsg
BruceChen 23:25:48.171 [main] INFO  edu.bjut.boudia.myMain - meter_8979695092959057041:25969500
BruceChen 23:25:48.171 [main] INFO  edu.bjut.boudia.myMain - meter_8799093285297738245:repMsg
BruceChen 23:25:48.171 [main] INFO  edu.bjut.boudia.myMain - meter_8799093285297738245:26072900
BruceChen 23:25:48.171 [main] INFO  edu.bjut.boudia.myMain - meter_941175340182447057:repMsg
BruceChen 23:25:48.171 [main] INFO  edu.bjut.boudia.myMain - meter_941175340182447057:26222500
BruceChen 23:25:48.171 [main] INFO  edu.bjut.boudia.myMain - meter_5553494131422529133:repMsg
BruceChen 23:25:48.171 [main] INFO  edu.bjut.boudia.myMain - meter_5553494131422529133:26074100
BruceChen 23:25:48.171 [main] INFO  edu.bjut.boudia.myMain - meter_1749362472230333491:repMsg
BruceChen 23:25:48.171 [main] INFO  edu.bjut.boudia.myMain - meter_1749362472230333491:26104400
BruceChen 23:25:48.171 [main] INFO  edu.bjut.boudia.myMain - meter_4328850025327437605:repMsg
BruceChen 23:25:48.171 [main] INFO  edu.bjut.boudia.myMain - meter_4328850025327437605:26443100
BruceChen 23:25:48.171 [main] INFO  edu.bjut.boudia.myMain - meter_168231053705188627:repMsg
BruceChen 23:25:48.171 [main] INFO  edu.bjut.boudia.myMain - meter_168231053705188627:25842600
BruceChen 23:25:48.171 [main] INFO  edu.bjut.boudia.myMain - meter_6816039245987123851:repMsg
BruceChen 23:25:48.171 [main] INFO  edu.bjut.boudia.myMain - meter_6816039245987123851:26012600
BruceChen 23:25:48.171 [main] INFO  edu.bjut.boudia.myMain - meter_6587853852553689283:repMsg
BruceChen 23:25:48.171 [main] INFO  edu.bjut.boudia.myMain - meter_6587853852553689283:26730200
BruceChen 23:25:48.171 [main] INFO  edu.bjut.boudia.myMain - meter_6134247476635811755:repMsg
BruceChen 23:25:48.171 [main] INFO  edu.bjut.boudia.myMain - meter_6134247476635811755:26554400
BruceChen 23:25:48.171 [main] INFO  edu.bjut.boudia.myMain - meter_7132951896671328321:repMsg
BruceChen 23:25:48.171 [main] INFO  edu.bjut.boudia.myMain - meter_7132951896671328321:26548800
BruceChen 23:25:48.171 [main] INFO  edu.bjut.boudia.myMain - meter_2528121819187321359:repMsg
BruceChen 23:25:48.171 [main] INFO  edu.bjut.boudia.myMain - meter_2528121819187321359:25995500
BruceChen 23:25:48.171 [main] INFO  edu.bjut.boudia.myMain - meter_6807371835928649247:repMsg
BruceChen 23:25:48.171 [main] INFO  edu.bjut.boudia.myMain - meter_6807371835928649247:25885500
BruceChen 23:25:48.171 [main] INFO  edu.bjut.boudia.myMain - meter_6740100868595729451:repMsg
BruceChen 23:25:48.171 [main] INFO  edu.bjut.boudia.myMain - meter_6740100868595729451:25958400
BruceChen 23:25:48.171 [main] INFO  edu.bjut.boudia.myMain - meter_2170887890725375223:repMsg
BruceChen 23:25:48.171 [main] INFO  edu.bjut.boudia.myMain - meter_2170887890725375223:25650000
BruceChen 23:25:48.171 [main] INFO  edu.bjut.boudia.myMain - meter_2229170363200708759:repMsg
BruceChen 23:25:48.171 [main] INFO  edu.bjut.boudia.myMain - meter_2229170363200708759:25665300
BruceChen 23:25:48.171 [main] INFO  edu.bjut.boudia.myMain - meter_8604221105571599159:repMsg
BruceChen 23:25:48.171 [main] INFO  edu.bjut.boudia.myMain - meter_8604221105571599159:25562600
BruceChen 23:25:48.171 [main] INFO  edu.bjut.boudia.myMain - meter_3785994924135803607:repMsg
BruceChen 23:25:48.171 [main] INFO  edu.bjut.boudia.myMain - meter_3785994924135803607:26100300
BruceChen 23:25:48.171 [main] INFO  edu.bjut.boudia.myMain - meter_3800261597688434791:repMsg
BruceChen 23:25:48.171 [main] INFO  edu.bjut.boudia.myMain - meter_3800261597688434791:25680700
BruceChen 23:25:48.171 [main] INFO  edu.bjut.boudia.myMain - meter_5318760715954595579:repMsg
BruceChen 23:25:48.171 [main] INFO  edu.bjut.boudia.myMain - meter_5318760715954595579:25942000
BruceChen 23:25:48.171 [main] INFO  edu.bjut.boudia.myMain - meter_3706178765823485075:repMsg
BruceChen 23:25:48.171 [main] INFO  edu.bjut.boudia.myMain - meter_3706178765823485075:25617800
BruceChen 23:25:48.171 [main] INFO  edu.bjut.boudia.myMain - meter_8954786818338752085:repMsg
BruceChen 23:25:48.171 [main] INFO  edu.bjut.boudia.myMain - meter_8954786818338752085:25749200
BruceChen 23:25:48.171 [main] INFO  edu.bjut.boudia.myMain - meter_3156080916841367139:repMsg
BruceChen 23:25:48.171 [main] INFO  edu.bjut.boudia.myMain - meter_3156080916841367139:25658600
BruceChen 23:25:48.171 [main] INFO  edu.bjut.boudia.myMain - meter_7052773410205794113:repMsg
BruceChen 23:25:48.171 [main] INFO  edu.bjut.boudia.myMain - meter_7052773410205794113:25904500
BruceChen 23:25:48.171 [main] INFO  edu.bjut.boudia.myMain - meter_2176207018966549605:repMsg
BruceChen 23:25:48.171 [main] INFO  edu.bjut.boudia.myMain - meter_2176207018966549605:25769000
BruceChen 23:25:48.171 [main] INFO  edu.bjut.boudia.myMain - meter_8764412259143366573:repMsg
BruceChen 23:25:48.171 [main] INFO  edu.bjut.boudia.myMain - meter_8764412259143366573:25765300
BruceChen 23:25:48.171 [main] INFO  edu.bjut.boudia.myMain - meter_1540800444881251675:repMsg
BruceChen 23:25:48.171 [main] INFO  edu.bjut.boudia.myMain - meter_1540800444881251675:27189200
BruceChen 23:25:48.171 [main] INFO  edu.bjut.boudia.myMain - meter_5299874176125998243:repMsg
BruceChen 23:25:48.171 [main] INFO  edu.bjut.boudia.myMain - meter_5299874176125998243:25749600
BruceChen 23:25:48.171 [main] INFO  edu.bjut.boudia.myMain - meter_190501270768331817:repMsg
BruceChen 23:25:48.171 [main] INFO  edu.bjut.boudia.myMain - meter_190501270768331817:25944800
BruceChen 23:25:48.171 [main] INFO  edu.bjut.boudia.myMain - meter_2473971319983018417:repMsg
BruceChen 23:25:48.171 [main] INFO  edu.bjut.boudia.myMain - meter_2473971319983018417:25915800
BruceChen 23:25:48.171 [main] INFO  edu.bjut.boudia.myMain - meter_3331770139940497699:repMsg
BruceChen 23:25:48.171 [main] INFO  edu.bjut.boudia.myMain - meter_3331770139940497699:26051100
BruceChen 23:25:50.312 [main] INFO  edu.bjut.boudia.myMain - oneTimeMeterRegTime
BruceChen 23:25:50.696 [main] INFO  edu.bjut.boudia.myMain - server:pubkey
BruceChen 23:25:50.696 [main] INFO  edu.bjut.boudia.myMain - server:1300
BruceChen 23:25:50.696 [main] INFO  edu.bjut.boudia.myMain - agg:regMsg,regMsg,regMsg,regMsg,regMsg,regMsg,regMsg,regMsg,regMsg,regMsg,regMsg,regMsg,regMsg,regMsg,regMsg,regMsg,regMsg,regMsg,regMsg,regMsg,regMsg,regMsg,regMsg,regMsg,regMsg,regMsg,regMsg,regMsg,regMsg,regMsg
BruceChen 23:25:50.696 [main] INFO  edu.bjut.boudia.myMain - agg:6660200,6620700,6625800,6620500,6449800,6429000,6458200,6425400,6422000,6414300,6439800,6451200,6442600,6523100,6481200,6446200,6434400,6506900,6467600,6446300,6415700,6513000,6441300,6420900,6450400,6440000,6434900,6432000,6435400,6457200
BruceChen 23:25:50.696 [main] INFO  edu.bjut.boudia.myMain - meter_8426176338233774711:regMsg,reg_backagg,reg_cc
BruceChen 23:25:50.696 [main] INFO  edu.bjut.boudia.myMain - meter_8426176338233774711:0,6635800,200
BruceChen 23:25:50.696 [main] INFO  edu.bjut.boudia.myMain - meter_9149355737786316483:regMsg,reg_backagg,reg_cc
BruceChen 23:25:50.696 [main] INFO  edu.bjut.boudia.myMain - meter_9149355737786316483:100,6435300,100
BruceChen 23:25:50.696 [main] INFO  edu.bjut.boudia.myMain - meter_5061220441832909385:regMsg,reg_backagg,reg_cc
BruceChen 23:25:50.696 [main] INFO  edu.bjut.boudia.myMain - meter_5061220441832909385:100,7280600,100
BruceChen 23:25:50.696 [main] INFO  edu.bjut.boudia.myMain - meter_4309917664926239513:regMsg,reg_backagg,reg_cc
BruceChen 23:25:50.696 [main] INFO  edu.bjut.boudia.myMain - meter_4309917664926239513:100,6397900,200
BruceChen 23:25:50.696 [main] INFO  edu.bjut.boudia.myMain - meter_7405817128231079265:regMsg,reg_backagg,reg_cc
BruceChen 23:25:50.696 [main] INFO  edu.bjut.boudia.myMain - meter_7405817128231079265:100,6434500,100
BruceChen 23:25:50.696 [main] INFO  edu.bjut.boudia.myMain - meter_4408637585823527663:regMsg,reg_backagg,reg_cc
BruceChen 23:25:50.711 [main] INFO  edu.bjut.boudia.myMain - meter_4408637585823527663:100,6426800,100
BruceChen 23:25:50.711 [main] INFO  edu.bjut.boudia.myMain - meter_3646724299790587035:regMsg,reg_backagg,reg_cc
BruceChen 23:25:50.711 [main] INFO  edu.bjut.boudia.myMain - meter_3646724299790587035:0,6533900,100
BruceChen 23:25:50.711 [main] INFO  edu.bjut.boudia.myMain - meter_7287069037135848041:regMsg,reg_backagg,reg_cc
BruceChen 23:25:50.711 [main] INFO  edu.bjut.boudia.myMain - meter_7287069037135848041:0,6352300,200
BruceChen 23:25:50.711 [main] INFO  edu.bjut.boudia.myMain - meter_5326722968735116869:regMsg,reg_backagg,reg_cc
BruceChen 23:25:50.711 [main] INFO  edu.bjut.boudia.myMain - meter_5326722968735116869:0,6470900,100
BruceChen 23:25:50.711 [main] INFO  edu.bjut.boudia.myMain - meter_464006528972832129:regMsg,reg_backagg,reg_cc
BruceChen 23:25:50.711 [main] INFO  edu.bjut.boudia.myMain - meter_464006528972832129:0,6435900,100
BruceChen 23:25:50.711 [main] INFO  edu.bjut.boudia.myMain - meter_1469260004026793505:regMsg,reg_backagg,reg_cc
BruceChen 23:25:50.711 [main] INFO  edu.bjut.boudia.myMain - meter_1469260004026793505:0,6488500,100
BruceChen 23:25:50.711 [main] INFO  edu.bjut.boudia.myMain - meter_9024692059922279597:regMsg,reg_backagg,reg_cc
BruceChen 23:25:50.711 [main] INFO  edu.bjut.boudia.myMain - meter_9024692059922279597:100,6425600,200
BruceChen 23:25:50.711 [main] INFO  edu.bjut.boudia.myMain - meter_4911968677974381995:regMsg,reg_backagg,reg_cc
BruceChen 23:25:50.711 [main] INFO  edu.bjut.boudia.myMain - meter_4911968677974381995:0,7414600,0
BruceChen 23:25:50.711 [main] INFO  edu.bjut.boudia.myMain - meter_7062949700676356747:regMsg,reg_backagg,reg_cc
BruceChen 23:25:50.711 [main] INFO  edu.bjut.boudia.myMain - meter_7062949700676356747:0,6428000,200
BruceChen 23:25:50.711 [main] INFO  edu.bjut.boudia.myMain - meter_5608668521756776097:regMsg,reg_backagg,reg_cc
BruceChen 23:25:50.711 [main] INFO  edu.bjut.boudia.myMain - meter_5608668521756776097:100,6408600,100
BruceChen 23:25:50.711 [main] INFO  edu.bjut.boudia.myMain - meter_3042866858945938925:regMsg,reg_backagg,reg_cc
BruceChen 23:25:50.711 [main] INFO  edu.bjut.boudia.myMain - meter_3042866858945938925:0,6428300,100
BruceChen 23:25:50.711 [main] INFO  edu.bjut.boudia.myMain - meter_1830331397578514111:regMsg,reg_backagg,reg_cc
BruceChen 23:25:50.711 [main] INFO  edu.bjut.boudia.myMain - meter_1830331397578514111:0,6514000,100
BruceChen 23:25:50.711 [main] INFO  edu.bjut.boudia.myMain - meter_4445755229692712395:regMsg,reg_backagg,reg_cc
BruceChen 23:25:50.711 [main] INFO  edu.bjut.boudia.myMain - meter_4445755229692712395:0,6333700,100
BruceChen 23:25:50.711 [main] INFO  edu.bjut.boudia.myMain - meter_6341666137871859789:regMsg,reg_backagg,reg_cc
BruceChen 23:25:50.711 [main] INFO  edu.bjut.boudia.myMain - meter_6341666137871859789:100,6430300,0
BruceChen 23:25:50.711 [main] INFO  edu.bjut.boudia.myMain - meter_7502311324532400529:regMsg,reg_backagg,reg_cc
BruceChen 23:25:50.711 [main] INFO  edu.bjut.boudia.myMain - meter_7502311324532400529:0,6325600,300
BruceChen 23:25:50.711 [main] INFO  edu.bjut.boudia.myMain - meter_8074297062287039675:regMsg,reg_backagg,reg_cc
BruceChen 23:25:50.711 [main] INFO  edu.bjut.boudia.myMain - meter_8074297062287039675:0,6426000,100
BruceChen 23:25:50.711 [main] INFO  edu.bjut.boudia.myMain - meter_8771330474171323711:regMsg,reg_backagg,reg_cc
BruceChen 23:25:50.711 [main] INFO  edu.bjut.boudia.myMain - meter_8771330474171323711:0,6296000,100
BruceChen 23:25:50.711 [main] INFO  edu.bjut.boudia.myMain - meter_1731806325628948069:regMsg,reg_backagg,reg_cc
BruceChen 23:25:50.711 [main] INFO  edu.bjut.boudia.myMain - meter_1731806325628948069:100,6431100,100
BruceChen 23:25:50.711 [main] INFO  edu.bjut.boudia.myMain - meter_7487517067363412427:regMsg,reg_backagg,reg_cc
BruceChen 23:25:50.711 [main] INFO  edu.bjut.boudia.myMain - meter_7487517067363412427:0,6475700,100
BruceChen 23:25:50.711 [main] INFO  edu.bjut.boudia.myMain - meter_4573608290470577257:regMsg,reg_backagg,reg_cc
BruceChen 23:25:50.711 [main] INFO  edu.bjut.boudia.myMain - meter_4573608290470577257:0,6478600,100
BruceChen 23:25:50.711 [main] INFO  edu.bjut.boudia.myMain - meter_8576375526377867537:regMsg,reg_backagg,reg_cc
BruceChen 23:25:50.711 [main] INFO  edu.bjut.boudia.myMain - meter_8576375526377867537:0,6364500,100
BruceChen 23:25:50.711 [main] INFO  edu.bjut.boudia.myMain - meter_8033461645945221757:regMsg,reg_backagg,reg_cc
BruceChen 23:25:50.711 [main] INFO  edu.bjut.boudia.myMain - meter_8033461645945221757:0,6435000,0
BruceChen 23:25:50.711 [main] INFO  edu.bjut.boudia.myMain - meter_8847222670791636857:regMsg,reg_backagg,reg_cc
BruceChen 23:25:50.711 [main] INFO  edu.bjut.boudia.myMain - meter_8847222670791636857:0,6335800,100
BruceChen 23:25:50.711 [main] INFO  edu.bjut.boudia.myMain - meter_3555500711390970761:regMsg,reg_backagg,reg_cc
BruceChen 23:25:50.711 [main] INFO  edu.bjut.boudia.myMain - meter_3555500711390970761:0,6440600,100
BruceChen 23:25:50.711 [main] INFO  edu.bjut.boudia.myMain - meter_4483851396290419113:regMsg,reg_backagg,reg_cc
BruceChen 23:25:50.711 [main] INFO  edu.bjut.boudia.myMain - meter_4483851396290419113:0,6255600,100
BruceChen 23:25:51.096 [main] INFO  edu.bjut.boudia.myMain - oneTimeMeterRepTime
BruceChen 23:25:52.156 [main] INFO  edu.bjut.boudia.myMain - server:repMsg
BruceChen 23:25:52.156 [main] INFO  edu.bjut.boudia.myMain - server:33167500
BruceChen 23:25:52.156 [main] INFO  edu.bjut.boudia.myMain - agg:repMsg
BruceChen 23:25:52.156 [main] INFO  edu.bjut.boudia.myMain - agg:216880600
BruceChen 23:25:52.156 [main] INFO  edu.bjut.boudia.myMain - meter_8426176338233774711:repMsg
BruceChen 23:25:52.156 [main] INFO  edu.bjut.boudia.myMain - meter_8426176338233774711:26193400
BruceChen 23:25:52.156 [main] INFO  edu.bjut.boudia.myMain - meter_9149355737786316483:repMsg
BruceChen 23:25:52.156 [main] INFO  edu.bjut.boudia.myMain - meter_9149355737786316483:26408700
BruceChen 23:25:52.156 [main] INFO  edu.bjut.boudia.myMain - meter_5061220441832909385:repMsg
BruceChen 23:25:52.156 [main] INFO  edu.bjut.boudia.myMain - meter_5061220441832909385:26559100
BruceChen 23:25:52.156 [main] INFO  edu.bjut.boudia.myMain - meter_4309917664926239513:repMsg
BruceChen 23:25:52.156 [main] INFO  edu.bjut.boudia.myMain - meter_4309917664926239513:27919800
BruceChen 23:25:52.156 [main] INFO  edu.bjut.boudia.myMain - meter_7405817128231079265:repMsg
BruceChen 23:25:52.156 [main] INFO  edu.bjut.boudia.myMain - meter_7405817128231079265:26464000
BruceChen 23:25:52.156 [main] INFO  edu.bjut.boudia.myMain - meter_4408637585823527663:repMsg
BruceChen 23:25:52.156 [main] INFO  edu.bjut.boudia.myMain - meter_4408637585823527663:26122800
BruceChen 23:25:52.156 [main] INFO  edu.bjut.boudia.myMain - meter_3646724299790587035:repMsg
BruceChen 23:25:52.156 [main] INFO  edu.bjut.boudia.myMain - meter_3646724299790587035:26365700
BruceChen 23:25:52.156 [main] INFO  edu.bjut.boudia.myMain - meter_7287069037135848041:repMsg
BruceChen 23:25:52.156 [main] INFO  edu.bjut.boudia.myMain - meter_7287069037135848041:26189400
BruceChen 23:25:52.156 [main] INFO  edu.bjut.boudia.myMain - meter_5326722968735116869:repMsg
BruceChen 23:25:52.156 [main] INFO  edu.bjut.boudia.myMain - meter_5326722968735116869:26058400
BruceChen 23:25:52.156 [main] INFO  edu.bjut.boudia.myMain - meter_464006528972832129:repMsg
BruceChen 23:25:52.156 [main] INFO  edu.bjut.boudia.myMain - meter_464006528972832129:25944000
BruceChen 23:25:52.156 [main] INFO  edu.bjut.boudia.myMain - meter_1469260004026793505:repMsg
BruceChen 23:25:52.156 [main] INFO  edu.bjut.boudia.myMain - meter_1469260004026793505:25999700
BruceChen 23:25:52.156 [main] INFO  edu.bjut.boudia.myMain - meter_9024692059922279597:repMsg
BruceChen 23:25:52.156 [main] INFO  edu.bjut.boudia.myMain - meter_9024692059922279597:26130200
BruceChen 23:25:52.156 [main] INFO  edu.bjut.boudia.myMain - meter_4911968677974381995:repMsg
BruceChen 23:25:52.156 [main] INFO  edu.bjut.boudia.myMain - meter_4911968677974381995:26931800
BruceChen 23:25:52.156 [main] INFO  edu.bjut.boudia.myMain - meter_7062949700676356747:repMsg
BruceChen 23:25:52.156 [main] INFO  edu.bjut.boudia.myMain - meter_7062949700676356747:30366400
BruceChen 23:25:52.156 [main] INFO  edu.bjut.boudia.myMain - meter_5608668521756776097:repMsg
BruceChen 23:25:52.156 [main] INFO  edu.bjut.boudia.myMain - meter_5608668521756776097:27102800
BruceChen 23:25:52.156 [main] INFO  edu.bjut.boudia.myMain - meter_3042866858945938925:repMsg
BruceChen 23:25:52.156 [main] INFO  edu.bjut.boudia.myMain - meter_3042866858945938925:27107200
BruceChen 23:25:52.156 [main] INFO  edu.bjut.boudia.myMain - meter_1830331397578514111:repMsg
BruceChen 23:25:52.156 [main] INFO  edu.bjut.boudia.myMain - meter_1830331397578514111:26616300
BruceChen 23:25:52.156 [main] INFO  edu.bjut.boudia.myMain - meter_4445755229692712395:repMsg
BruceChen 23:25:52.156 [main] INFO  edu.bjut.boudia.myMain - meter_4445755229692712395:26550300
BruceChen 23:25:52.156 [main] INFO  edu.bjut.boudia.myMain - meter_6341666137871859789:repMsg
BruceChen 23:25:52.156 [main] INFO  edu.bjut.boudia.myMain - meter_6341666137871859789:26740400
BruceChen 23:25:52.156 [main] INFO  edu.bjut.boudia.myMain - meter_7502311324532400529:repMsg
BruceChen 23:25:52.156 [main] INFO  edu.bjut.boudia.myMain - meter_7502311324532400529:26577600
BruceChen 23:25:52.156 [main] INFO  edu.bjut.boudia.myMain - meter_8074297062287039675:repMsg
BruceChen 23:25:52.156 [main] INFO  edu.bjut.boudia.myMain - meter_8074297062287039675:26573700
BruceChen 23:25:52.156 [main] INFO  edu.bjut.boudia.myMain - meter_8771330474171323711:repMsg
BruceChen 23:25:52.156 [main] INFO  edu.bjut.boudia.myMain - meter_8771330474171323711:26345600
BruceChen 23:25:52.156 [main] INFO  edu.bjut.boudia.myMain - meter_1731806325628948069:repMsg
BruceChen 23:25:52.156 [main] INFO  edu.bjut.boudia.myMain - meter_1731806325628948069:26439000
BruceChen 23:25:52.156 [main] INFO  edu.bjut.boudia.myMain - meter_7487517067363412427:repMsg
BruceChen 23:25:52.156 [main] INFO  edu.bjut.boudia.myMain - meter_7487517067363412427:26513600
BruceChen 23:25:52.156 [main] INFO  edu.bjut.boudia.myMain - meter_4573608290470577257:repMsg
BruceChen 23:25:52.156 [main] INFO  edu.bjut.boudia.myMain - meter_4573608290470577257:26259600
BruceChen 23:25:52.156 [main] INFO  edu.bjut.boudia.myMain - meter_8576375526377867537:repMsg
BruceChen 23:25:52.156 [main] INFO  edu.bjut.boudia.myMain - meter_8576375526377867537:26517000
BruceChen 23:25:52.156 [main] INFO  edu.bjut.boudia.myMain - meter_8033461645945221757:repMsg
BruceChen 23:25:52.156 [main] INFO  edu.bjut.boudia.myMain - meter_8033461645945221757:26307300
BruceChen 23:25:52.156 [main] INFO  edu.bjut.boudia.myMain - meter_8847222670791636857:repMsg
BruceChen 23:25:52.156 [main] INFO  edu.bjut.boudia.myMain - meter_8847222670791636857:26689600
BruceChen 23:25:52.156 [main] INFO  edu.bjut.boudia.myMain - meter_3555500711390970761:repMsg
BruceChen 23:25:52.156 [main] INFO  edu.bjut.boudia.myMain - meter_3555500711390970761:26600500
BruceChen 23:25:52.156 [main] INFO  edu.bjut.boudia.myMain - meter_4483851396290419113:repMsg
BruceChen 23:25:52.156 [main] INFO  edu.bjut.boudia.myMain - meter_4483851396290419113:26399200
BruceChen 23:25:53.741 [main] INFO  edu.bjut.boudia.myMain - oneTimeMeterRegTime
BruceChen 23:25:53.992 [main] INFO  edu.bjut.boudia.myMain - server:pubkey
BruceChen 23:25:53.992 [main] INFO  edu.bjut.boudia.myMain - server:1200
BruceChen 23:25:53.992 [main] INFO  edu.bjut.boudia.myMain - agg:regMsg,regMsg,regMsg,regMsg,regMsg,regMsg,regMsg,regMsg,regMsg,regMsg,regMsg,regMsg,regMsg,regMsg,regMsg,regMsg,regMsg,regMsg,regMsg,regMsg
BruceChen 23:25:53.992 [main] INFO  edu.bjut.boudia.myMain - agg:6437200,6413900,6458000,6439900,6433600,6416700,6420600,6442600,6455400,6418700,6414700,6428400,6430200,6445900,6458700,6424000,6436900,6431300,6446400,6421600
BruceChen 23:25:53.992 [main] INFO  edu.bjut.boudia.myMain - meter_7461056240666002489:regMsg,reg_backagg,reg_cc
BruceChen 23:25:53.992 [main] INFO  edu.bjut.boudia.myMain - meter_7461056240666002489:100,6423200,100
BruceChen 23:25:53.992 [main] INFO  edu.bjut.boudia.myMain - meter_3047890413422377823:regMsg,reg_backagg,reg_cc
BruceChen 23:25:53.992 [main] INFO  edu.bjut.boudia.myMain - meter_3047890413422377823:200,6462400,100
BruceChen 23:25:53.992 [main] INFO  edu.bjut.boudia.myMain - meter_3724385785627089497:regMsg,reg_backagg,reg_cc
BruceChen 23:25:53.992 [main] INFO  edu.bjut.boudia.myMain - meter_3724385785627089497:100,6423800,100
BruceChen 23:25:53.992 [main] INFO  edu.bjut.boudia.myMain - meter_3031491766990055793:regMsg,reg_backagg,reg_cc
BruceChen 23:25:53.992 [main] INFO  edu.bjut.boudia.myMain - meter_3031491766990055793:100,6204000,100
BruceChen 23:25:53.992 [main] INFO  edu.bjut.boudia.myMain - meter_5977563883336012897:regMsg,reg_backagg,reg_cc
BruceChen 23:25:53.992 [main] INFO  edu.bjut.boudia.myMain - meter_5977563883336012897:100,6460200,100
BruceChen 23:25:53.992 [main] INFO  edu.bjut.boudia.myMain - meter_3986364773634319331:regMsg,reg_backagg,reg_cc
BruceChen 23:25:53.992 [main] INFO  edu.bjut.boudia.myMain - meter_3986364773634319331:0,6371300,0
BruceChen 23:25:53.992 [main] INFO  edu.bjut.boudia.myMain - meter_255661907070671385:regMsg,reg_backagg,reg_cc
BruceChen 23:25:53.992 [main] INFO  edu.bjut.boudia.myMain - meter_255661907070671385:100,6343600,100
BruceChen 23:25:53.992 [main] INFO  edu.bjut.boudia.myMain - meter_2856739626075024697:regMsg,reg_backagg,reg_cc
BruceChen 23:25:53.992 [main] INFO  edu.bjut.boudia.myMain - meter_2856739626075024697:0,6461500,100
BruceChen 23:25:53.992 [main] INFO  edu.bjut.boudia.myMain - meter_616243048992155333:regMsg,reg_backagg,reg_cc
BruceChen 23:25:53.992 [main] INFO  edu.bjut.boudia.myMain - meter_616243048992155333:0,6450200,0
BruceChen 23:25:53.992 [main] INFO  edu.bjut.boudia.myMain - meter_2211440923960088361:regMsg,reg_backagg,reg_cc
BruceChen 23:25:53.992 [main] INFO  edu.bjut.boudia.myMain - meter_2211440923960088361:100,6480700,100
BruceChen 23:25:53.992 [main] INFO  edu.bjut.boudia.myMain - meter_6438915313094066137:regMsg,reg_backagg,reg_cc
BruceChen 23:25:53.992 [main] INFO  edu.bjut.boudia.myMain - meter_6438915313094066137:0,6403400,0
BruceChen 23:25:53.992 [main] INFO  edu.bjut.boudia.myMain - meter_1499885833030343991:regMsg,reg_backagg,reg_cc
BruceChen 23:25:53.992 [main] INFO  edu.bjut.boudia.myMain - meter_1499885833030343991:100,6355000,100
BruceChen 23:25:53.992 [main] INFO  edu.bjut.boudia.myMain - meter_347905750006261439:regMsg,reg_backagg,reg_cc
BruceChen 23:25:53.992 [main] INFO  edu.bjut.boudia.myMain - meter_347905750006261439:100,6438900,0
BruceChen 23:25:53.992 [main] INFO  edu.bjut.boudia.myMain - meter_7388125294045772217:regMsg,reg_backagg,reg_cc
BruceChen 23:25:53.992 [main] INFO  edu.bjut.boudia.myMain - meter_7388125294045772217:0,6468300,100
BruceChen 23:25:53.992 [main] INFO  edu.bjut.boudia.myMain - meter_746674553756656527:regMsg,reg_backagg,reg_cc
BruceChen 23:25:53.992 [main] INFO  edu.bjut.boudia.myMain - meter_746674553756656527:0,6468000,0
BruceChen 23:25:53.992 [main] INFO  edu.bjut.boudia.myMain - meter_638517770511961993:regMsg,reg_backagg,reg_cc
BruceChen 23:25:53.992 [main] INFO  edu.bjut.boudia.myMain - meter_638517770511961993:0,6316200,100
BruceChen 23:25:53.992 [main] INFO  edu.bjut.boudia.myMain - meter_2170889288977553295:regMsg,reg_backagg,reg_cc
BruceChen 23:25:53.992 [main] INFO  edu.bjut.boudia.myMain - meter_2170889288977553295:0,6434200,0
BruceChen 23:25:53.992 [main] INFO  edu.bjut.boudia.myMain - meter_120134904100043325:regMsg,reg_backagg,reg_cc
BruceChen 23:25:53.992 [main] INFO  edu.bjut.boudia.myMain - meter_120134904100043325:100,6460100,0
BruceChen 23:25:53.992 [main] INFO  edu.bjut.boudia.myMain - meter_6982696442372309261:regMsg,reg_backagg,reg_cc
BruceChen 23:25:53.992 [main] INFO  edu.bjut.boudia.myMain - meter_6982696442372309261:100,6420400,0
BruceChen 23:25:53.992 [main] INFO  edu.bjut.boudia.myMain - meter_3164867810169011803:regMsg,reg_backagg,reg_cc
BruceChen 23:25:53.992 [main] INFO  edu.bjut.boudia.myMain - meter_3164867810169011803:100,6381000,100
BruceChen 23:25:54.258 [main] INFO  edu.bjut.boudia.myMain - oneTimeMeterRepTime
BruceChen 23:25:54.970 [main] INFO  edu.bjut.boudia.myMain - server:repMsg
BruceChen 23:25:54.970 [main] INFO  edu.bjut.boudia.myMain - server:33704400
BruceChen 23:25:54.970 [main] INFO  edu.bjut.boudia.myMain - agg:repMsg
BruceChen 23:25:54.970 [main] INFO  edu.bjut.boudia.myMain - agg:147234000
BruceChen 23:25:54.970 [main] INFO  edu.bjut.boudia.myMain - meter_7461056240666002489:repMsg
BruceChen 23:25:54.970 [main] INFO  edu.bjut.boudia.myMain - meter_7461056240666002489:25856600
BruceChen 23:25:54.970 [main] INFO  edu.bjut.boudia.myMain - meter_3047890413422377823:repMsg
BruceChen 23:25:54.970 [main] INFO  edu.bjut.boudia.myMain - meter_3047890413422377823:26209100
BruceChen 23:25:54.970 [main] INFO  edu.bjut.boudia.myMain - meter_3724385785627089497:repMsg
BruceChen 23:25:54.970 [main] INFO  edu.bjut.boudia.myMain - meter_3724385785627089497:26036100
BruceChen 23:25:54.970 [main] INFO  edu.bjut.boudia.myMain - meter_3031491766990055793:repMsg
BruceChen 23:25:54.970 [main] INFO  edu.bjut.boudia.myMain - meter_3031491766990055793:25904600
BruceChen 23:25:54.970 [main] INFO  edu.bjut.boudia.myMain - meter_5977563883336012897:repMsg
BruceChen 23:25:54.970 [main] INFO  edu.bjut.boudia.myMain - meter_5977563883336012897:26979000
BruceChen 23:25:54.970 [main] INFO  edu.bjut.boudia.myMain - meter_3986364773634319331:repMsg
BruceChen 23:25:54.970 [main] INFO  edu.bjut.boudia.myMain - meter_3986364773634319331:26226800
BruceChen 23:25:54.970 [main] INFO  edu.bjut.boudia.myMain - meter_255661907070671385:repMsg
BruceChen 23:25:54.970 [main] INFO  edu.bjut.boudia.myMain - meter_255661907070671385:26161500
BruceChen 23:25:54.970 [main] INFO  edu.bjut.boudia.myMain - meter_2856739626075024697:repMsg
BruceChen 23:25:54.970 [main] INFO  edu.bjut.boudia.myMain - meter_2856739626075024697:26549700
BruceChen 23:25:54.970 [main] INFO  edu.bjut.boudia.myMain - meter_616243048992155333:repMsg
BruceChen 23:25:54.970 [main] INFO  edu.bjut.boudia.myMain - meter_616243048992155333:26607300
BruceChen 23:25:54.970 [main] INFO  edu.bjut.boudia.myMain - meter_2211440923960088361:repMsg
BruceChen 23:25:54.970 [main] INFO  edu.bjut.boudia.myMain - meter_2211440923960088361:26499400
BruceChen 23:25:54.970 [main] INFO  edu.bjut.boudia.myMain - meter_6438915313094066137:repMsg
BruceChen 23:25:54.970 [main] INFO  edu.bjut.boudia.myMain - meter_6438915313094066137:26092200
BruceChen 23:25:54.970 [main] INFO  edu.bjut.boudia.myMain - meter_1499885833030343991:repMsg
BruceChen 23:25:54.970 [main] INFO  edu.bjut.boudia.myMain - meter_1499885833030343991:25771800
BruceChen 23:25:54.970 [main] INFO  edu.bjut.boudia.myMain - meter_347905750006261439:repMsg
BruceChen 23:25:54.970 [main] INFO  edu.bjut.boudia.myMain - meter_347905750006261439:25948400
BruceChen 23:25:54.970 [main] INFO  edu.bjut.boudia.myMain - meter_7388125294045772217:repMsg
BruceChen 23:25:54.970 [main] INFO  edu.bjut.boudia.myMain - meter_7388125294045772217:25761400
BruceChen 23:25:54.970 [main] INFO  edu.bjut.boudia.myMain - meter_746674553756656527:repMsg
BruceChen 23:25:54.970 [main] INFO  edu.bjut.boudia.myMain - meter_746674553756656527:25898900
BruceChen 23:25:54.970 [main] INFO  edu.bjut.boudia.myMain - meter_638517770511961993:repMsg
BruceChen 23:25:54.970 [main] INFO  edu.bjut.boudia.myMain - meter_638517770511961993:27627000
BruceChen 23:25:54.970 [main] INFO  edu.bjut.boudia.myMain - meter_2170889288977553295:repMsg
BruceChen 23:25:54.970 [main] INFO  edu.bjut.boudia.myMain - meter_2170889288977553295:26975700
BruceChen 23:25:54.970 [main] INFO  edu.bjut.boudia.myMain - meter_120134904100043325:repMsg
BruceChen 23:25:54.970 [main] INFO  edu.bjut.boudia.myMain - meter_120134904100043325:26464100
BruceChen 23:25:54.970 [main] INFO  edu.bjut.boudia.myMain - meter_6982696442372309261:repMsg
BruceChen 23:25:54.970 [main] INFO  edu.bjut.boudia.myMain - meter_6982696442372309261:26411700
BruceChen 23:25:54.970 [main] INFO  edu.bjut.boudia.myMain - meter_3164867810169011803:repMsg
BruceChen 23:25:54.970 [main] INFO  edu.bjut.boudia.myMain - meter_3164867810169011803:25460700
