BruceChen 20:43:42.477 [main] INFO  edu.bjut.boudia.myMain - oneTimeMeterRegTime
BruceChen 20:43:43.267 [main] INFO  edu.bjut.boudia.myMain - server:pubkey
BruceChen 20:43:43.267 [main] INFO  edu.bjut.boudia.myMain - server:198400
BruceChen 20:43:43.267 [main] INFO  edu.bjut.boudia.myMain - agg:regMsg,regMsg,regMsg,regMsg,regMsg,regMsg,regMsg,regMsg,regMsg,regMsg,regMsg,regMsg,regMsg,regMsg,regMsg,regMsg,regMsg,regMsg,regMsg,regMsg,regMsg,regMsg,regMsg,regMsg,regMsg,regMsg,regMsg,regMsg,regMsg,regMsg,regMsg,regMsg,regMsg,regMsg,regMsg,regMsg,regMsg,regMsg,regMsg,regMsg,regMsg,regMsg,regMsg,regMsg,regMsg,regMsg,regMsg,regMsg,regMsg,regMsg,regMsg,regMsg,regMsg,regMsg,regMsg,regMsg,regMsg,regMsg,regMsg,regMsg
BruceChen 20:43:43.284 [main] INFO  edu.bjut.boudia.myMain - agg:6724700,6653500,6695000,6647600,6638300,6652800,6661900,6670200,6680400,6558600,6485400,6572500,6667300,6449200,6673200,6639300,6644100,6554400,6411100,6636400,6494300,6412200,6435000,6429900,6630800,6435300,6424600,6677800,6467700,6530600,9281700,6634600,6627900,6634300,6625000,6626600,6633700,6620400,6620700,6622500,6612900,6645500,6580100,6564600,6750800,6634600,6628600,6628900,6634800,6653000,6628700,6591900,6586200,6634000,6615800,6569800,6588400,6624200,6595900,6594800
BruceChen 20:43:43.284 [main] INFO  edu.bjut.boudia.myMain - meter_3346936132506923741:regMsg,reg_backagg,reg_cc
BruceChen 20:43:43.284 [main] INFO  edu.bjut.boudia.myMain - meter_3346936132506923741:2500,6580400,3800
BruceChen 20:43:43.284 [main] INFO  edu.bjut.boudia.myMain - meter_3016955033145380329:regMsg,reg_backagg,reg_cc
BruceChen 20:43:43.284 [main] INFO  edu.bjut.boudia.myMain - meter_3016955033145380329:500,6632000,500
BruceChen 20:43:43.284 [main] INFO  edu.bjut.boudia.myMain - meter_5338720739629595127:regMsg,reg_backagg,reg_cc
BruceChen 20:43:43.284 [main] INFO  edu.bjut.boudia.myMain - meter_5338720739629595127:300,6714300,500
BruceChen 20:43:43.284 [main] INFO  edu.bjut.boudia.myMain - meter_7894028859691452479:regMsg,reg_backagg,reg_cc
BruceChen 20:43:43.284 [main] INFO  edu.bjut.boudia.myMain - meter_7894028859691452479:300,6561900,400
BruceChen 20:43:43.284 [main] INFO  edu.bjut.boudia.myMain - meter_5237220557841452521:regMsg,reg_backagg,reg_cc
BruceChen 20:43:43.284 [main] INFO  edu.bjut.boudia.myMain - meter_5237220557841452521:300,6605100,400
BruceChen 20:43:43.284 [main] INFO  edu.bjut.boudia.myMain - meter_250438188032270015:regMsg,reg_backagg,reg_cc
BruceChen 20:43:43.284 [main] INFO  edu.bjut.boudia.myMain - meter_250438188032270015:300,6659400,600
BruceChen 20:43:43.284 [main] INFO  edu.bjut.boudia.myMain - meter_2482486755908862887:regMsg,reg_backagg,reg_cc
BruceChen 20:43:43.284 [main] INFO  edu.bjut.boudia.myMain - meter_2482486755908862887:300,6629500,400
BruceChen 20:43:43.284 [main] INFO  edu.bjut.boudia.myMain - meter_8963466693028498885:regMsg,reg_backagg,reg_cc
BruceChen 20:43:43.284 [main] INFO  edu.bjut.boudia.myMain - meter_8963466693028498885:300,6474500,400
BruceChen 20:43:43.284 [main] INFO  edu.bjut.boudia.myMain - meter_8283229341428969947:regMsg,reg_backagg,reg_cc
BruceChen 20:43:43.284 [main] INFO  edu.bjut.boudia.myMain - meter_8283229341428969947:300,6600600,400
BruceChen 20:43:43.284 [main] INFO  edu.bjut.boudia.myMain - meter_5961749709178586369:regMsg,reg_backagg,reg_cc
BruceChen 20:43:43.284 [main] INFO  edu.bjut.boudia.myMain - meter_5961749709178586369:200,6598200,400
BruceChen 20:43:43.284 [main] INFO  edu.bjut.boudia.myMain - meter_258225008075454219:regMsg,reg_backagg,reg_cc
BruceChen 20:43:43.284 [main] INFO  edu.bjut.boudia.myMain - meter_258225008075454219:300,6572800,700
BruceChen 20:43:43.284 [main] INFO  edu.bjut.boudia.myMain - meter_4505514989502675307:regMsg,reg_backagg,reg_cc
BruceChen 20:43:43.284 [main] INFO  edu.bjut.boudia.myMain - meter_4505514989502675307:300,6636600,600
BruceChen 20:43:43.284 [main] INFO  edu.bjut.boudia.myMain - meter_2787855585156820333:regMsg,reg_backagg,reg_cc
BruceChen 20:43:43.284 [main] INFO  edu.bjut.boudia.myMain - meter_2787855585156820333:300,6612900,400
BruceChen 20:43:43.284 [main] INFO  edu.bjut.boudia.myMain - meter_8796629517811301393:regMsg,reg_backagg,reg_cc
BruceChen 20:43:43.284 [main] INFO  edu.bjut.boudia.myMain - meter_8796629517811301393:300,6643100,400
BruceChen 20:43:43.284 [main] INFO  edu.bjut.boudia.myMain - meter_2266490421999351915:regMsg,reg_backagg,reg_cc
BruceChen 20:43:43.284 [main] INFO  edu.bjut.boudia.myMain - meter_2266490421999351915:300,6605100,300
BruceChen 20:43:43.284 [main] INFO  edu.bjut.boudia.myMain - meter_7810674464745135259:regMsg,reg_backagg,reg_cc
BruceChen 20:43:43.284 [main] INFO  edu.bjut.boudia.myMain - meter_7810674464745135259:300,6666700,500
BruceChen 20:43:43.284 [main] INFO  edu.bjut.boudia.myMain - meter_6239182768708335541:regMsg,reg_backagg,reg_cc
BruceChen 20:43:43.284 [main] INFO  edu.bjut.boudia.myMain - meter_6239182768708335541:300,6418100,300
BruceChen 20:43:43.284 [main] INFO  edu.bjut.boudia.myMain - meter_8205963631555653717:regMsg,reg_backagg,reg_cc
BruceChen 20:43:43.284 [main] INFO  edu.bjut.boudia.myMain - meter_8205963631555653717:200,6430700,300
BruceChen 20:43:43.284 [main] INFO  edu.bjut.boudia.myMain - meter_8160072621389593987:regMsg,reg_backagg,reg_cc
BruceChen 20:43:43.284 [main] INFO  edu.bjut.boudia.myMain - meter_8160072621389593987:300,6771700,300
BruceChen 20:43:43.284 [main] INFO  edu.bjut.boudia.myMain - meter_8176238332216551481:regMsg,reg_backagg,reg_cc
BruceChen 20:43:43.284 [main] INFO  edu.bjut.boudia.myMain - meter_8176238332216551481:400,6614200,300
BruceChen 20:43:43.284 [main] INFO  edu.bjut.boudia.myMain - meter_2373818986363895255:regMsg,reg_backagg,reg_cc
BruceChen 20:43:43.284 [main] INFO  edu.bjut.boudia.myMain - meter_2373818986363895255:200,6397800,300
BruceChen 20:43:43.284 [main] INFO  edu.bjut.boudia.myMain - meter_4139775171748427551:regMsg,reg_backagg,reg_cc
BruceChen 20:43:43.284 [main] INFO  edu.bjut.boudia.myMain - meter_4139775171748427551:200,6274300,300
BruceChen 20:43:43.284 [main] INFO  edu.bjut.boudia.myMain - meter_8859685640014278391:regMsg,reg_backagg,reg_cc
BruceChen 20:43:43.284 [main] INFO  edu.bjut.boudia.myMain - meter_8859685640014278391:200,6441100,500
BruceChen 20:43:43.284 [main] INFO  edu.bjut.boudia.myMain - meter_3104431307777973885:regMsg,reg_backagg,reg_cc
BruceChen 20:43:43.284 [main] INFO  edu.bjut.boudia.myMain - meter_3104431307777973885:200,6523800,500
BruceChen 20:43:43.284 [main] INFO  edu.bjut.boudia.myMain - meter_2269120182238188437:regMsg,reg_backagg,reg_cc
BruceChen 20:43:43.284 [main] INFO  edu.bjut.boudia.myMain - meter_2269120182238188437:300,6500400,300
BruceChen 20:43:43.284 [main] INFO  edu.bjut.boudia.myMain - meter_8044446888675595217:regMsg,reg_backagg,reg_cc
BruceChen 20:43:43.284 [main] INFO  edu.bjut.boudia.myMain - meter_8044446888675595217:300,6418400,300
BruceChen 20:43:43.284 [main] INFO  edu.bjut.boudia.myMain - meter_5080816500957228423:regMsg,reg_backagg,reg_cc
BruceChen 20:43:43.284 [main] INFO  edu.bjut.boudia.myMain - meter_5080816500957228423:300,6385100,400
BruceChen 20:43:43.284 [main] INFO  edu.bjut.boudia.myMain - meter_8118106948810128151:regMsg,reg_backagg,reg_cc
BruceChen 20:43:43.284 [main] INFO  edu.bjut.boudia.myMain - meter_8118106948810128151:200,6443200,600
BruceChen 20:43:43.284 [main] INFO  edu.bjut.boudia.myMain - meter_8318808266307532071:regMsg,reg_backagg,reg_cc
BruceChen 20:43:43.284 [main] INFO  edu.bjut.boudia.myMain - meter_8318808266307532071:400,6399300,300
BruceChen 20:43:43.284 [main] INFO  edu.bjut.boudia.myMain - meter_2576738060286025917:regMsg,reg_backagg,reg_cc
BruceChen 20:43:43.284 [main] INFO  edu.bjut.boudia.myMain - meter_2576738060286025917:400,6408200,300
BruceChen 20:43:43.284 [main] INFO  edu.bjut.boudia.myMain - meter_5870089843580052065:regMsg,reg_backagg,reg_cc
BruceChen 20:43:43.284 [main] INFO  edu.bjut.boudia.myMain - meter_5870089843580052065:300,6616000,600
BruceChen 20:43:43.284 [main] INFO  edu.bjut.boudia.myMain - meter_7340197800701633083:regMsg,reg_backagg,reg_cc
BruceChen 20:43:43.284 [main] INFO  edu.bjut.boudia.myMain - meter_7340197800701633083:1300,6636600,400
BruceChen 20:43:43.284 [main] INFO  edu.bjut.boudia.myMain - meter_8201907679312050787:regMsg,reg_backagg,reg_cc
BruceChen 20:43:43.284 [main] INFO  edu.bjut.boudia.myMain - meter_8201907679312050787:200,6679100,400
BruceChen 20:43:43.284 [main] INFO  edu.bjut.boudia.myMain - meter_4414702661466672511:regMsg,reg_backagg,reg_cc
BruceChen 20:43:43.284 [main] INFO  edu.bjut.boudia.myMain - meter_4414702661466672511:200,6629300,300
BruceChen 20:43:43.284 [main] INFO  edu.bjut.boudia.myMain - meter_6615594206654146449:regMsg,reg_backagg,reg_cc
BruceChen 20:43:43.284 [main] INFO  edu.bjut.boudia.myMain - meter_6615594206654146449:300,6550100,300
BruceChen 20:43:43.284 [main] INFO  edu.bjut.boudia.myMain - meter_8743962852421857629:regMsg,reg_backagg,reg_cc
BruceChen 20:43:43.284 [main] INFO  edu.bjut.boudia.myMain - meter_8743962852421857629:200,6619800,400
BruceChen 20:43:43.284 [main] INFO  edu.bjut.boudia.myMain - meter_1645813619818133061:regMsg,reg_backagg,reg_cc
BruceChen 20:43:43.284 [main] INFO  edu.bjut.boudia.myMain - meter_1645813619818133061:300,6622000,400
BruceChen 20:43:43.284 [main] INFO  edu.bjut.boudia.myMain - meter_1950680701626905525:regMsg,reg_backagg,reg_cc
BruceChen 20:43:43.284 [main] INFO  edu.bjut.boudia.myMain - meter_1950680701626905525:300,6629700,300
BruceChen 20:43:43.284 [main] INFO  edu.bjut.boudia.myMain - meter_6753446667524195915:regMsg,reg_backagg,reg_cc
BruceChen 20:43:43.284 [main] INFO  edu.bjut.boudia.myMain - meter_6753446667524195915:300,6626400,300
BruceChen 20:43:43.284 [main] INFO  edu.bjut.boudia.myMain - meter_8619488870763793325:regMsg,reg_backagg,reg_cc
BruceChen 20:43:43.284 [main] INFO  edu.bjut.boudia.myMain - meter_8619488870763793325:300,6511500,300
BruceChen 20:43:43.284 [main] INFO  edu.bjut.boudia.myMain - meter_3547251988545416469:regMsg,reg_backagg,reg_cc
BruceChen 20:43:43.284 [main] INFO  edu.bjut.boudia.myMain - meter_3547251988545416469:300,6605300,400
BruceChen 20:43:43.284 [main] INFO  edu.bjut.boudia.myMain - meter_6937803394753573725:regMsg,reg_backagg,reg_cc
BruceChen 20:43:43.284 [main] INFO  edu.bjut.boudia.myMain - meter_6937803394753573725:200,6481400,300
BruceChen 20:43:43.284 [main] INFO  edu.bjut.boudia.myMain - meter_647040939620260589:regMsg,reg_backagg,reg_cc
BruceChen 20:43:43.284 [main] INFO  edu.bjut.boudia.myMain - meter_647040939620260589:300,6577800,300
BruceChen 20:43:43.284 [main] INFO  edu.bjut.boudia.myMain - meter_924467970611007097:regMsg,reg_backagg,reg_cc
BruceChen 20:43:43.284 [main] INFO  edu.bjut.boudia.myMain - meter_924467970611007097:200,6442900,400
BruceChen 20:43:43.284 [main] INFO  edu.bjut.boudia.myMain - meter_3640408364193547659:regMsg,reg_backagg,reg_cc
BruceChen 20:43:43.284 [main] INFO  edu.bjut.boudia.myMain - meter_3640408364193547659:400,6646000,300
BruceChen 20:43:43.284 [main] INFO  edu.bjut.boudia.myMain - meter_5708044709151702655:regMsg,reg_backagg,reg_cc
BruceChen 20:43:43.284 [main] INFO  edu.bjut.boudia.myMain - meter_5708044709151702655:200,6517200,400
BruceChen 20:43:43.284 [main] INFO  edu.bjut.boudia.myMain - meter_15898109950831301:regMsg,reg_backagg,reg_cc
BruceChen 20:43:43.284 [main] INFO  edu.bjut.boudia.myMain - meter_15898109950831301:300,6577900,300
BruceChen 20:43:43.284 [main] INFO  edu.bjut.boudia.myMain - meter_8530190794071331135:regMsg,reg_backagg,reg_cc
BruceChen 20:43:43.284 [main] INFO  edu.bjut.boudia.myMain - meter_8530190794071331135:300,6497200,300
BruceChen 20:43:43.284 [main] INFO  edu.bjut.boudia.myMain - meter_7646502680086595947:regMsg,reg_backagg,reg_cc
BruceChen 20:43:43.284 [main] INFO  edu.bjut.boudia.myMain - meter_7646502680086595947:300,6645300,300
BruceChen 20:43:43.284 [main] INFO  edu.bjut.boudia.myMain - meter_1826710108695080013:regMsg,reg_backagg,reg_cc
BruceChen 20:43:43.284 [main] INFO  edu.bjut.boudia.myMain - meter_1826710108695080013:300,6434500,300
BruceChen 20:43:43.284 [main] INFO  edu.bjut.boudia.myMain - meter_853542995364293667:regMsg,reg_backagg,reg_cc
BruceChen 20:43:43.284 [main] INFO  edu.bjut.boudia.myMain - meter_853542995364293667:300,6637100,400
BruceChen 20:43:43.284 [main] INFO  edu.bjut.boudia.myMain - meter_4613127654484060165:regMsg,reg_backagg,reg_cc
BruceChen 20:43:43.284 [main] INFO  edu.bjut.boudia.myMain - meter_4613127654484060165:200,6575400,400
BruceChen 20:43:43.284 [main] INFO  edu.bjut.boudia.myMain - meter_6627234844164181303:regMsg,reg_backagg,reg_cc
BruceChen 20:43:43.284 [main] INFO  edu.bjut.boudia.myMain - meter_6627234844164181303:300,6533800,300
BruceChen 20:43:43.284 [main] INFO  edu.bjut.boudia.myMain - meter_4382588739776920737:regMsg,reg_backagg,reg_cc
BruceChen 20:43:43.284 [main] INFO  edu.bjut.boudia.myMain - meter_4382588739776920737:300,6630400,400
BruceChen 20:43:43.284 [main] INFO  edu.bjut.boudia.myMain - meter_1606299985309296183:regMsg,reg_backagg,reg_cc
BruceChen 20:43:43.284 [main] INFO  edu.bjut.boudia.myMain - meter_1606299985309296183:400,6560700,300
BruceChen 20:43:43.284 [main] INFO  edu.bjut.boudia.myMain - meter_3784023436295536363:regMsg,reg_backagg,reg_cc
BruceChen 20:43:43.284 [main] INFO  edu.bjut.boudia.myMain - meter_3784023436295536363:200,6572600,500
BruceChen 20:43:43.284 [main] INFO  edu.bjut.boudia.myMain - meter_6868575208238110929:regMsg,reg_backagg,reg_cc
BruceChen 20:43:43.284 [main] INFO  edu.bjut.boudia.myMain - meter_6868575208238110929:200,6574200,400
BruceChen 20:43:43.284 [main] INFO  edu.bjut.boudia.myMain - meter_1411878572590111783:regMsg,reg_backagg,reg_cc
BruceChen 20:43:43.284 [main] INFO  edu.bjut.boudia.myMain - meter_1411878572590111783:200,6483100,300
BruceChen 20:43:43.284 [main] INFO  edu.bjut.boudia.myMain - meter_3835230816176966361:regMsg,reg_backagg,reg_cc
BruceChen 20:43:43.284 [main] INFO  edu.bjut.boudia.myMain - meter_3835230816176966361:300,6602000,400
BruceChen 20:43:43.284 [main] INFO  edu.bjut.boudia.myMain - meter_8455101913132502907:regMsg,reg_backagg,reg_cc
BruceChen 20:43:43.284 [main] INFO  edu.bjut.boudia.myMain - meter_8455101913132502907:300,6650000,300
BruceChen 20:43:44.082 [main] INFO  edu.bjut.boudia.myMain - oneTimeMeterRepTime
BruceChen 20:43:46.137 [main] INFO  edu.bjut.boudia.myMain - server:repMsg
BruceChen 20:43:46.137 [main] INFO  edu.bjut.boudia.myMain - server:31215800
BruceChen 20:43:46.137 [main] INFO  edu.bjut.boudia.myMain - agg:repMsg
BruceChen 20:43:46.137 [main] INFO  edu.bjut.boudia.myMain - agg:417868300
BruceChen 20:43:46.137 [main] INFO  edu.bjut.boudia.myMain - meter_3346936132506923741:repMsg
BruceChen 20:43:46.137 [main] INFO  edu.bjut.boudia.myMain - meter_3346936132506923741:36658900
BruceChen 20:43:46.137 [main] INFO  edu.bjut.boudia.myMain - meter_3016955033145380329:repMsg
BruceChen 20:43:46.137 [main] INFO  edu.bjut.boudia.myMain - meter_3016955033145380329:26497800
BruceChen 20:43:46.137 [main] INFO  edu.bjut.boudia.myMain - meter_5338720739629595127:repMsg
BruceChen 20:43:46.137 [main] INFO  edu.bjut.boudia.myMain - meter_5338720739629595127:26749700
BruceChen 20:43:46.137 [main] INFO  edu.bjut.boudia.myMain - meter_7894028859691452479:repMsg
BruceChen 20:43:46.137 [main] INFO  edu.bjut.boudia.myMain - meter_7894028859691452479:26829100
BruceChen 20:43:46.137 [main] INFO  edu.bjut.boudia.myMain - meter_5237220557841452521:repMsg
BruceChen 20:43:46.137 [main] INFO  edu.bjut.boudia.myMain - meter_5237220557841452521:26626900
BruceChen 20:43:46.137 [main] INFO  edu.bjut.boudia.myMain - meter_250438188032270015:repMsg
BruceChen 20:43:46.137 [main] INFO  edu.bjut.boudia.myMain - meter_250438188032270015:26644800
BruceChen 20:43:46.137 [main] INFO  edu.bjut.boudia.myMain - meter_2482486755908862887:repMsg
BruceChen 20:43:46.137 [main] INFO  edu.bjut.boudia.myMain - meter_2482486755908862887:26529900
BruceChen 20:43:46.137 [main] INFO  edu.bjut.boudia.myMain - meter_8963466693028498885:repMsg
BruceChen 20:43:46.137 [main] INFO  edu.bjut.boudia.myMain - meter_8963466693028498885:26660600
BruceChen 20:43:46.137 [main] INFO  edu.bjut.boudia.myMain - meter_8283229341428969947:repMsg
BruceChen 20:43:46.137 [main] INFO  edu.bjut.boudia.myMain - meter_8283229341428969947:26769300
BruceChen 20:43:46.137 [main] INFO  edu.bjut.boudia.myMain - meter_5961749709178586369:repMsg
BruceChen 20:43:46.137 [main] INFO  edu.bjut.boudia.myMain - meter_5961749709178586369:30255100
BruceChen 20:43:46.137 [main] INFO  edu.bjut.boudia.myMain - meter_258225008075454219:repMsg
BruceChen 20:43:46.137 [main] INFO  edu.bjut.boudia.myMain - meter_258225008075454219:26837900
BruceChen 20:43:46.137 [main] INFO  edu.bjut.boudia.myMain - meter_4505514989502675307:repMsg
BruceChen 20:43:46.137 [main] INFO  edu.bjut.boudia.myMain - meter_4505514989502675307:26475100
BruceChen 20:43:46.137 [main] INFO  edu.bjut.boudia.myMain - meter_2787855585156820333:repMsg
BruceChen 20:43:46.137 [main] INFO  edu.bjut.boudia.myMain - meter_2787855585156820333:26599900
BruceChen 20:43:46.137 [main] INFO  edu.bjut.boudia.myMain - meter_8796629517811301393:repMsg
BruceChen 20:43:46.137 [main] INFO  edu.bjut.boudia.myMain - meter_8796629517811301393:26457600
BruceChen 20:43:46.137 [main] INFO  edu.bjut.boudia.myMain - meter_2266490421999351915:repMsg
BruceChen 20:43:46.137 [main] INFO  edu.bjut.boudia.myMain - meter_2266490421999351915:26535100
BruceChen 20:43:46.137 [main] INFO  edu.bjut.boudia.myMain - meter_7810674464745135259:repMsg
BruceChen 20:43:46.137 [main] INFO  edu.bjut.boudia.myMain - meter_7810674464745135259:26539300
BruceChen 20:43:46.137 [main] INFO  edu.bjut.boudia.myMain - meter_6239182768708335541:repMsg
BruceChen 20:43:46.137 [main] INFO  edu.bjut.boudia.myMain - meter_6239182768708335541:26752300
BruceChen 20:43:46.137 [main] INFO  edu.bjut.boudia.myMain - meter_8205963631555653717:repMsg
BruceChen 20:43:46.137 [main] INFO  edu.bjut.boudia.myMain - meter_8205963631555653717:25975200
BruceChen 20:43:46.137 [main] INFO  edu.bjut.boudia.myMain - meter_8160072621389593987:repMsg
BruceChen 20:43:46.137 [main] INFO  edu.bjut.boudia.myMain - meter_8160072621389593987:26509300
BruceChen 20:43:46.137 [main] INFO  edu.bjut.boudia.myMain - meter_8176238332216551481:repMsg
BruceChen 20:43:46.137 [main] INFO  edu.bjut.boudia.myMain - meter_8176238332216551481:26574700
BruceChen 20:43:46.137 [main] INFO  edu.bjut.boudia.myMain - meter_2373818986363895255:repMsg
BruceChen 20:43:46.137 [main] INFO  edu.bjut.boudia.myMain - meter_2373818986363895255:26458500
BruceChen 20:43:46.137 [main] INFO  edu.bjut.boudia.myMain - meter_4139775171748427551:repMsg
BruceChen 20:43:46.137 [main] INFO  edu.bjut.boudia.myMain - meter_4139775171748427551:26432800
BruceChen 20:43:46.137 [main] INFO  edu.bjut.boudia.myMain - meter_8859685640014278391:repMsg
BruceChen 20:43:46.137 [main] INFO  edu.bjut.boudia.myMain - meter_8859685640014278391:26724400
BruceChen 20:43:46.137 [main] INFO  edu.bjut.boudia.myMain - meter_3104431307777973885:repMsg
BruceChen 20:43:46.137 [main] INFO  edu.bjut.boudia.myMain - meter_3104431307777973885:26565700
BruceChen 20:43:46.137 [main] INFO  edu.bjut.boudia.myMain - meter_2269120182238188437:repMsg
BruceChen 20:43:46.137 [main] INFO  edu.bjut.boudia.myMain - meter_2269120182238188437:26455300
BruceChen 20:43:46.137 [main] INFO  edu.bjut.boudia.myMain - meter_8044446888675595217:repMsg
BruceChen 20:43:46.137 [main] INFO  edu.bjut.boudia.myMain - meter_8044446888675595217:26632700
BruceChen 20:43:46.137 [main] INFO  edu.bjut.boudia.myMain - meter_5080816500957228423:repMsg
BruceChen 20:43:46.137 [main] INFO  edu.bjut.boudia.myMain - meter_5080816500957228423:26389600
BruceChen 20:43:46.137 [main] INFO  edu.bjut.boudia.myMain - meter_8118106948810128151:repMsg
BruceChen 20:43:46.137 [main] INFO  edu.bjut.boudia.myMain - meter_8118106948810128151:26424600
BruceChen 20:43:46.137 [main] INFO  edu.bjut.boudia.myMain - meter_8318808266307532071:repMsg
BruceChen 20:43:46.137 [main] INFO  edu.bjut.boudia.myMain - meter_8318808266307532071:25994800
BruceChen 20:43:46.137 [main] INFO  edu.bjut.boudia.myMain - meter_2576738060286025917:repMsg
BruceChen 20:43:46.137 [main] INFO  edu.bjut.boudia.myMain - meter_2576738060286025917:26755400
BruceChen 20:43:46.137 [main] INFO  edu.bjut.boudia.myMain - meter_5870089843580052065:repMsg
BruceChen 20:43:46.137 [main] INFO  edu.bjut.boudia.myMain - meter_5870089843580052065:26690000
BruceChen 20:43:46.137 [main] INFO  edu.bjut.boudia.myMain - meter_7340197800701633083:repMsg
BruceChen 20:43:46.137 [main] INFO  edu.bjut.boudia.myMain - meter_7340197800701633083:26433400
BruceChen 20:43:46.137 [main] INFO  edu.bjut.boudia.myMain - meter_8201907679312050787:repMsg
BruceChen 20:43:46.137 [main] INFO  edu.bjut.boudia.myMain - meter_8201907679312050787:26581400
BruceChen 20:43:46.137 [main] INFO  edu.bjut.boudia.myMain - meter_4414702661466672511:repMsg
BruceChen 20:43:46.137 [main] INFO  edu.bjut.boudia.myMain - meter_4414702661466672511:26729800
BruceChen 20:43:46.137 [main] INFO  edu.bjut.boudia.myMain - meter_6615594206654146449:repMsg
BruceChen 20:43:46.137 [main] INFO  edu.bjut.boudia.myMain - meter_6615594206654146449:26468000
BruceChen 20:43:46.137 [main] INFO  edu.bjut.boudia.myMain - meter_8743962852421857629:repMsg
BruceChen 20:43:46.137 [main] INFO  edu.bjut.boudia.myMain - meter_8743962852421857629:26505000
BruceChen 20:43:46.137 [main] INFO  edu.bjut.boudia.myMain - meter_1645813619818133061:repMsg
BruceChen 20:43:46.137 [main] INFO  edu.bjut.boudia.myMain - meter_1645813619818133061:29546700
BruceChen 20:43:46.137 [main] INFO  edu.bjut.boudia.myMain - meter_1950680701626905525:repMsg
BruceChen 20:43:46.137 [main] INFO  edu.bjut.boudia.myMain - meter_1950680701626905525:26644200
BruceChen 20:43:46.137 [main] INFO  edu.bjut.boudia.myMain - meter_6753446667524195915:repMsg
BruceChen 20:43:46.137 [main] INFO  edu.bjut.boudia.myMain - meter_6753446667524195915:26973400
BruceChen 20:43:46.137 [main] INFO  edu.bjut.boudia.myMain - meter_8619488870763793325:repMsg
BruceChen 20:43:46.137 [main] INFO  edu.bjut.boudia.myMain - meter_8619488870763793325:25826600
BruceChen 20:43:46.137 [main] INFO  edu.bjut.boudia.myMain - meter_3547251988545416469:repMsg
BruceChen 20:43:46.137 [main] INFO  edu.bjut.boudia.myMain - meter_3547251988545416469:25870100
BruceChen 20:43:46.137 [main] INFO  edu.bjut.boudia.myMain - meter_6937803394753573725:repMsg
BruceChen 20:43:46.137 [main] INFO  edu.bjut.boudia.myMain - meter_6937803394753573725:25798200
BruceChen 20:43:46.137 [main] INFO  edu.bjut.boudia.myMain - meter_647040939620260589:repMsg
BruceChen 20:43:46.137 [main] INFO  edu.bjut.boudia.myMain - meter_647040939620260589:26472200
BruceChen 20:43:46.137 [main] INFO  edu.bjut.boudia.myMain - meter_924467970611007097:repMsg
BruceChen 20:43:46.137 [main] INFO  edu.bjut.boudia.myMain - meter_924467970611007097:26456300
BruceChen 20:43:46.137 [main] INFO  edu.bjut.boudia.myMain - meter_3640408364193547659:repMsg
BruceChen 20:43:46.137 [main] INFO  edu.bjut.boudia.myMain - meter_3640408364193547659:26047200
BruceChen 20:43:46.137 [main] INFO  edu.bjut.boudia.myMain - meter_5708044709151702655:repMsg
BruceChen 20:43:46.137 [main] INFO  edu.bjut.boudia.myMain - meter_5708044709151702655:25878700
BruceChen 20:43:46.137 [main] INFO  edu.bjut.boudia.myMain - meter_15898109950831301:repMsg
BruceChen 20:43:46.137 [main] INFO  edu.bjut.boudia.myMain - meter_15898109950831301:25788700
BruceChen 20:43:46.137 [main] INFO  edu.bjut.boudia.myMain - meter_8530190794071331135:repMsg
BruceChen 20:43:46.137 [main] INFO  edu.bjut.boudia.myMain - meter_8530190794071331135:25737800
BruceChen 20:43:46.137 [main] INFO  edu.bjut.boudia.myMain - meter_7646502680086595947:repMsg
BruceChen 20:43:46.137 [main] INFO  edu.bjut.boudia.myMain - meter_7646502680086595947:25763400
BruceChen 20:43:46.137 [main] INFO  edu.bjut.boudia.myMain - meter_1826710108695080013:repMsg
BruceChen 20:43:46.137 [main] INFO  edu.bjut.boudia.myMain - meter_1826710108695080013:25706200
BruceChen 20:43:46.137 [main] INFO  edu.bjut.boudia.myMain - meter_853542995364293667:repMsg
BruceChen 20:43:46.137 [main] INFO  edu.bjut.boudia.myMain - meter_853542995364293667:25885600
BruceChen 20:43:46.137 [main] INFO  edu.bjut.boudia.myMain - meter_4613127654484060165:repMsg
BruceChen 20:43:46.137 [main] INFO  edu.bjut.boudia.myMain - meter_4613127654484060165:30802400
BruceChen 20:43:46.137 [main] INFO  edu.bjut.boudia.myMain - meter_6627234844164181303:repMsg
BruceChen 20:43:46.137 [main] INFO  edu.bjut.boudia.myMain - meter_6627234844164181303:25619100
BruceChen 20:43:46.137 [main] INFO  edu.bjut.boudia.myMain - meter_4382588739776920737:repMsg
BruceChen 20:43:46.137 [main] INFO  edu.bjut.boudia.myMain - meter_4382588739776920737:25893500
BruceChen 20:43:46.137 [main] INFO  edu.bjut.boudia.myMain - meter_1606299985309296183:repMsg
BruceChen 20:43:46.137 [main] INFO  edu.bjut.boudia.myMain - meter_1606299985309296183:25827200
BruceChen 20:43:46.137 [main] INFO  edu.bjut.boudia.myMain - meter_3784023436295536363:repMsg
BruceChen 20:43:46.137 [main] INFO  edu.bjut.boudia.myMain - meter_3784023436295536363:25912500
BruceChen 20:43:46.137 [main] INFO  edu.bjut.boudia.myMain - meter_6868575208238110929:repMsg
BruceChen 20:43:46.137 [main] INFO  edu.bjut.boudia.myMain - meter_6868575208238110929:25857300
BruceChen 20:43:46.137 [main] INFO  edu.bjut.boudia.myMain - meter_1411878572590111783:repMsg
BruceChen 20:43:46.137 [main] INFO  edu.bjut.boudia.myMain - meter_1411878572590111783:25934900
BruceChen 20:43:46.137 [main] INFO  edu.bjut.boudia.myMain - meter_3835230816176966361:repMsg
BruceChen 20:43:46.137 [main] INFO  edu.bjut.boudia.myMain - meter_3835230816176966361:25844900
BruceChen 20:43:46.137 [main] INFO  edu.bjut.boudia.myMain - meter_8455101913132502907:repMsg
BruceChen 20:43:46.137 [main] INFO  edu.bjut.boudia.myMain - meter_8455101913132502907:25766400
BruceChen 20:43:49.427 [main] INFO  edu.bjut.boudia.myMain - oneTimeMeterRegTime
BruceChen 20:43:50.083 [main] INFO  edu.bjut.boudia.myMain - server:pubkey
BruceChen 20:43:50.083 [main] INFO  edu.bjut.boudia.myMain - server:900
BruceChen 20:43:50.083 [main] INFO  edu.bjut.boudia.myMain - agg:regMsg,regMsg,regMsg,regMsg,regMsg,regMsg,regMsg,regMsg,regMsg,regMsg,regMsg,regMsg,regMsg,regMsg,regMsg,regMsg,regMsg,regMsg,regMsg,regMsg,regMsg,regMsg,regMsg,regMsg,regMsg,regMsg,regMsg,regMsg,regMsg,regMsg,regMsg,regMsg,regMsg,regMsg,regMsg,regMsg,regMsg,regMsg,regMsg,regMsg,regMsg,regMsg,regMsg,regMsg,regMsg,regMsg,regMsg,regMsg,regMsg,regMsg
BruceChen 20:43:50.083 [main] INFO  edu.bjut.boudia.myMain - agg:6458600,6467000,6389100,6440200,6441300,6425700,6463500,6409800,6423400,6441700,6428800,6449100,6469000,6427000,6434200,6432000,6427000,6432100,6442500,6433700,6414900,6428700,6612800,6588800,6543100,6413800,6411100,6399100,6447700,6423500,6778100,6638800,6625400,6611800,6635600,6609500,6615800,6612500,6602900,6631200,6605700,6618000,7320500,6618600,6626700,6595300,6425500,6432200,6453100,6445700
BruceChen 20:43:50.083 [main] INFO  edu.bjut.boudia.myMain - meter_2178006262358151281:regMsg,reg_backagg,reg_cc
BruceChen 20:43:50.083 [main] INFO  edu.bjut.boudia.myMain - meter_2178006262358151281:400,6299200,600
BruceChen 20:43:50.083 [main] INFO  edu.bjut.boudia.myMain - meter_1934913592997505877:regMsg,reg_backagg,reg_cc
BruceChen 20:43:50.083 [main] INFO  edu.bjut.boudia.myMain - meter_1934913592997505877:500,6392900,500
BruceChen 20:43:50.083 [main] INFO  edu.bjut.boudia.myMain - meter_4736224746905594489:regMsg,reg_backagg,reg_cc
BruceChen 20:43:50.083 [main] INFO  edu.bjut.boudia.myMain - meter_4736224746905594489:500,6495600,300
BruceChen 20:43:50.083 [main] INFO  edu.bjut.boudia.myMain - meter_532358897028023485:regMsg,reg_backagg,reg_cc
BruceChen 20:43:50.083 [main] INFO  edu.bjut.boudia.myMain - meter_532358897028023485:500,6442800,400
BruceChen 20:43:50.083 [main] INFO  edu.bjut.boudia.myMain - meter_1686406730156257589:regMsg,reg_backagg,reg_cc
BruceChen 20:43:50.083 [main] INFO  edu.bjut.boudia.myMain - meter_1686406730156257589:500,6428000,400
BruceChen 20:43:50.083 [main] INFO  edu.bjut.boudia.myMain - meter_6480514585312420445:regMsg,reg_backagg,reg_cc
BruceChen 20:43:50.083 [main] INFO  edu.bjut.boudia.myMain - meter_6480514585312420445:600,6452000,200
BruceChen 20:43:50.083 [main] INFO  edu.bjut.boudia.myMain - meter_1788428467031910443:regMsg,reg_backagg,reg_cc
BruceChen 20:43:50.083 [main] INFO  edu.bjut.boudia.myMain - meter_1788428467031910443:2500,6419400,300
BruceChen 20:43:50.083 [main] INFO  edu.bjut.boudia.myMain - meter_3586287377691248053:regMsg,reg_backagg,reg_cc
BruceChen 20:43:50.083 [main] INFO  edu.bjut.boudia.myMain - meter_3586287377691248053:600,6385200,5400
BruceChen 20:43:50.083 [main] INFO  edu.bjut.boudia.myMain - meter_8943716915734762123:regMsg,reg_backagg,reg_cc
BruceChen 20:43:50.083 [main] INFO  edu.bjut.boudia.myMain - meter_8943716915734762123:500,6447300,600
BruceChen 20:43:50.083 [main] INFO  edu.bjut.boudia.myMain - meter_75470478502348827:regMsg,reg_backagg,reg_cc
BruceChen 20:43:50.083 [main] INFO  edu.bjut.boudia.myMain - meter_75470478502348827:500,6385500,300
BruceChen 20:43:50.083 [main] INFO  edu.bjut.boudia.myMain - meter_1083423628716203495:regMsg,reg_backagg,reg_cc
BruceChen 20:43:50.083 [main] INFO  edu.bjut.boudia.myMain - meter_1083423628716203495:500,6392000,200
BruceChen 20:43:50.083 [main] INFO  edu.bjut.boudia.myMain - meter_2785974554471483773:regMsg,reg_backagg,reg_cc
BruceChen 20:43:50.083 [main] INFO  edu.bjut.boudia.myMain - meter_2785974554471483773:500,6360000,200
BruceChen 20:43:50.083 [main] INFO  edu.bjut.boudia.myMain - meter_1056828945607118705:regMsg,reg_backagg,reg_cc
BruceChen 20:43:50.083 [main] INFO  edu.bjut.boudia.myMain - meter_1056828945607118705:400,6432000,200
BruceChen 20:43:50.083 [main] INFO  edu.bjut.boudia.myMain - meter_2788333634788811961:regMsg,reg_backagg,reg_cc
BruceChen 20:43:50.083 [main] INFO  edu.bjut.boudia.myMain - meter_2788333634788811961:400,6383400,400
BruceChen 20:43:50.083 [main] INFO  edu.bjut.boudia.myMain - meter_4984634440756369949:regMsg,reg_backagg,reg_cc
BruceChen 20:43:50.083 [main] INFO  edu.bjut.boudia.myMain - meter_4984634440756369949:500,6429900,400
BruceChen 20:43:50.083 [main] INFO  edu.bjut.boudia.myMain - meter_7224467903600898805:regMsg,reg_backagg,reg_cc
BruceChen 20:43:50.083 [main] INFO  edu.bjut.boudia.myMain - meter_7224467903600898805:400,6240200,300
BruceChen 20:43:50.083 [main] INFO  edu.bjut.boudia.myMain - meter_4671727622009839955:regMsg,reg_backagg,reg_cc
BruceChen 20:43:50.083 [main] INFO  edu.bjut.boudia.myMain - meter_4671727622009839955:400,6389300,300
BruceChen 20:43:50.083 [main] INFO  edu.bjut.boudia.myMain - meter_5005275302073814413:regMsg,reg_backagg,reg_cc
BruceChen 20:43:50.083 [main] INFO  edu.bjut.boudia.myMain - meter_5005275302073814413:500,6358100,200
BruceChen 20:43:50.083 [main] INFO  edu.bjut.boudia.myMain - meter_2011446890256245157:regMsg,reg_backagg,reg_cc
BruceChen 20:43:50.083 [main] INFO  edu.bjut.boudia.myMain - meter_2011446890256245157:500,6417800,400
BruceChen 20:43:50.083 [main] INFO  edu.bjut.boudia.myMain - meter_5367434052692128121:regMsg,reg_backagg,reg_cc
BruceChen 20:43:50.083 [main] INFO  edu.bjut.boudia.myMain - meter_5367434052692128121:500,6394700,300
BruceChen 20:43:50.083 [main] INFO  edu.bjut.boudia.myMain - meter_9125404912258075573:regMsg,reg_backagg,reg_cc
BruceChen 20:43:50.083 [main] INFO  edu.bjut.boudia.myMain - meter_9125404912258075573:500,6501900,400
BruceChen 20:43:50.083 [main] INFO  edu.bjut.boudia.myMain - meter_2637630966516379001:regMsg,reg_backagg,reg_cc
BruceChen 20:43:50.083 [main] INFO  edu.bjut.boudia.myMain - meter_2637630966516379001:500,6448600,400
BruceChen 20:43:50.083 [main] INFO  edu.bjut.boudia.myMain - meter_4978042719602175629:regMsg,reg_backagg,reg_cc
BruceChen 20:43:50.083 [main] INFO  edu.bjut.boudia.myMain - meter_4978042719602175629:600,6497800,400
BruceChen 20:43:50.083 [main] INFO  edu.bjut.boudia.myMain - meter_1632879670846374627:regMsg,reg_backagg,reg_cc
BruceChen 20:43:50.083 [main] INFO  edu.bjut.boudia.myMain - meter_1632879670846374627:600,6421300,400
BruceChen 20:43:50.083 [main] INFO  edu.bjut.boudia.myMain - meter_7254063489016906081:regMsg,reg_backagg,reg_cc
BruceChen 20:43:50.083 [main] INFO  edu.bjut.boudia.myMain - meter_7254063489016906081:600,6377900,200
BruceChen 20:43:50.083 [main] INFO  edu.bjut.boudia.myMain - meter_935401118989776157:regMsg,reg_backagg,reg_cc
BruceChen 20:43:50.083 [main] INFO  edu.bjut.boudia.myMain - meter_935401118989776157:500,6353400,300
BruceChen 20:43:50.083 [main] INFO  edu.bjut.boudia.myMain - meter_6453586354186235995:regMsg,reg_backagg,reg_cc
BruceChen 20:43:50.083 [main] INFO  edu.bjut.boudia.myMain - meter_6453586354186235995:400,6413400,400
BruceChen 20:43:50.083 [main] INFO  edu.bjut.boudia.myMain - meter_3022940990894519437:regMsg,reg_backagg,reg_cc
BruceChen 20:43:50.083 [main] INFO  edu.bjut.boudia.myMain - meter_3022940990894519437:600,6268500,300
BruceChen 20:43:50.083 [main] INFO  edu.bjut.boudia.myMain - meter_1166318069397384435:regMsg,reg_backagg,reg_cc
BruceChen 20:43:50.083 [main] INFO  edu.bjut.boudia.myMain - meter_1166318069397384435:600,6347600,200
BruceChen 20:43:50.083 [main] INFO  edu.bjut.boudia.myMain - meter_255241450083567889:regMsg,reg_backagg,reg_cc
BruceChen 20:43:50.083 [main] INFO  edu.bjut.boudia.myMain - meter_255241450083567889:400,9179900,400
BruceChen 20:43:50.083 [main] INFO  edu.bjut.boudia.myMain - meter_3811262827977163589:regMsg,reg_backagg,reg_cc
BruceChen 20:43:50.083 [main] INFO  edu.bjut.boudia.myMain - meter_3811262827977163589:700,6579000,400
BruceChen 20:43:50.083 [main] INFO  edu.bjut.boudia.myMain - meter_9045552696705707059:regMsg,reg_backagg,reg_cc
BruceChen 20:43:50.083 [main] INFO  edu.bjut.boudia.myMain - meter_9045552696705707059:900,6553100,400
BruceChen 20:43:50.083 [main] INFO  edu.bjut.boudia.myMain - meter_1096277799432064505:regMsg,reg_backagg,reg_cc
BruceChen 20:43:50.083 [main] INFO  edu.bjut.boudia.myMain - meter_1096277799432064505:1000,6596800,400
BruceChen 20:43:50.083 [main] INFO  edu.bjut.boudia.myMain - meter_3832873889805242403:regMsg,reg_backagg,reg_cc
BruceChen 20:43:50.083 [main] INFO  edu.bjut.boudia.myMain - meter_3832873889805242403:800,6653100,500
BruceChen 20:43:50.083 [main] INFO  edu.bjut.boudia.myMain - meter_8042109696315091255:regMsg,reg_backagg,reg_cc
BruceChen 20:43:50.083 [main] INFO  edu.bjut.boudia.myMain - meter_8042109696315091255:800,6574500,400
BruceChen 20:43:50.083 [main] INFO  edu.bjut.boudia.myMain - meter_2290587712795106091:regMsg,reg_backagg,reg_cc
BruceChen 20:43:50.083 [main] INFO  edu.bjut.boudia.myMain - meter_2290587712795106091:700,6632800,300
BruceChen 20:43:50.083 [main] INFO  edu.bjut.boudia.myMain - meter_320368562225438781:regMsg,reg_backagg,reg_cc
BruceChen 20:43:50.083 [main] INFO  edu.bjut.boudia.myMain - meter_320368562225438781:400,6593400,400
BruceChen 20:43:50.083 [main] INFO  edu.bjut.boudia.myMain - meter_6667245144698561463:regMsg,reg_backagg,reg_cc
BruceChen 20:43:50.083 [main] INFO  edu.bjut.boudia.myMain - meter_6667245144698561463:700,6601900,400
BruceChen 20:43:50.083 [main] INFO  edu.bjut.boudia.myMain - meter_6797563809102854587:regMsg,reg_backagg,reg_cc
BruceChen 20:43:50.083 [main] INFO  edu.bjut.boudia.myMain - meter_6797563809102854587:600,6537300,500
BruceChen 20:43:50.083 [main] INFO  edu.bjut.boudia.myMain - meter_965767008790226691:regMsg,reg_backagg,reg_cc
BruceChen 20:43:50.083 [main] INFO  edu.bjut.boudia.myMain - meter_965767008790226691:700,6600600,500
BruceChen 20:43:50.083 [main] INFO  edu.bjut.boudia.myMain - meter_4382372490895770953:regMsg,reg_backagg,reg_cc
BruceChen 20:43:50.083 [main] INFO  edu.bjut.boudia.myMain - meter_4382372490895770953:600,6647900,400
BruceChen 20:43:50.083 [main] INFO  edu.bjut.boudia.myMain - meter_3508820540261537111:regMsg,reg_backagg,reg_cc
BruceChen 20:43:50.083 [main] INFO  edu.bjut.boudia.myMain - meter_3508820540261537111:500,6589900,300
BruceChen 20:43:50.083 [main] INFO  edu.bjut.boudia.myMain - meter_3510708211626449947:regMsg,reg_backagg,reg_cc
BruceChen 20:43:50.083 [main] INFO  edu.bjut.boudia.myMain - meter_3510708211626449947:500,6570800,200
BruceChen 20:43:50.083 [main] INFO  edu.bjut.boudia.myMain - meter_4646829107681144303:regMsg,reg_backagg,reg_cc
BruceChen 20:43:50.083 [main] INFO  edu.bjut.boudia.myMain - meter_4646829107681144303:400,6622400,300
BruceChen 20:43:50.083 [main] INFO  edu.bjut.boudia.myMain - meter_1681477649235939839:regMsg,reg_backagg,reg_cc
BruceChen 20:43:50.083 [main] INFO  edu.bjut.boudia.myMain - meter_1681477649235939839:500,6641600,300
BruceChen 20:43:50.083 [main] INFO  edu.bjut.boudia.myMain - meter_6666197701422820603:regMsg,reg_backagg,reg_cc
BruceChen 20:43:50.083 [main] INFO  edu.bjut.boudia.myMain - meter_6666197701422820603:600,6339200,300
BruceChen 20:43:50.083 [main] INFO  edu.bjut.boudia.myMain - meter_3260825124622577649:regMsg,reg_backagg,reg_cc
BruceChen 20:43:50.083 [main] INFO  edu.bjut.boudia.myMain - meter_3260825124622577649:500,6256200,400
BruceChen 20:43:50.083 [main] INFO  edu.bjut.boudia.myMain - meter_738102942126994019:regMsg,reg_backagg,reg_cc
BruceChen 20:43:50.083 [main] INFO  edu.bjut.boudia.myMain - meter_738102942126994019:400,6376700,300
BruceChen 20:43:50.083 [main] INFO  edu.bjut.boudia.myMain - meter_3597324014375269557:regMsg,reg_backagg,reg_cc
BruceChen 20:43:50.083 [main] INFO  edu.bjut.boudia.myMain - meter_3597324014375269557:400,6456300,300
BruceChen 20:43:50.083 [main] INFO  edu.bjut.boudia.myMain - meter_3327908546889688577:regMsg,reg_backagg,reg_cc
BruceChen 20:43:50.083 [main] INFO  edu.bjut.boudia.myMain - meter_3327908546889688577:500,6400500,400
BruceChen 20:43:50.747 [main] INFO  edu.bjut.boudia.myMain - oneTimeMeterRepTime
BruceChen 20:43:52.445 [main] INFO  edu.bjut.boudia.myMain - server:repMsg
BruceChen 20:43:52.445 [main] INFO  edu.bjut.boudia.myMain - server:30793800
BruceChen 20:43:52.445 [main] INFO  edu.bjut.boudia.myMain - agg:repMsg
BruceChen 20:43:52.445 [main] INFO  edu.bjut.boudia.myMain - agg:343372400
BruceChen 20:43:52.445 [main] INFO  edu.bjut.boudia.myMain - meter_2178006262358151281:repMsg
BruceChen 20:43:52.445 [main] INFO  edu.bjut.boudia.myMain - meter_2178006262358151281:26453600
BruceChen 20:43:52.445 [main] INFO  edu.bjut.boudia.myMain - meter_1934913592997505877:repMsg
BruceChen 20:43:52.445 [main] INFO  edu.bjut.boudia.myMain - meter_1934913592997505877:26549100
BruceChen 20:43:52.445 [main] INFO  edu.bjut.boudia.myMain - meter_4736224746905594489:repMsg
BruceChen 20:43:52.445 [main] INFO  edu.bjut.boudia.myMain - meter_4736224746905594489:26580800
BruceChen 20:43:52.445 [main] INFO  edu.bjut.boudia.myMain - meter_532358897028023485:repMsg
BruceChen 20:43:52.445 [main] INFO  edu.bjut.boudia.myMain - meter_532358897028023485:26527200
BruceChen 20:43:52.445 [main] INFO  edu.bjut.boudia.myMain - meter_1686406730156257589:repMsg
BruceChen 20:43:52.445 [main] INFO  edu.bjut.boudia.myMain - meter_1686406730156257589:26505800
BruceChen 20:43:52.445 [main] INFO  edu.bjut.boudia.myMain - meter_6480514585312420445:repMsg
BruceChen 20:43:52.445 [main] INFO  edu.bjut.boudia.myMain - meter_6480514585312420445:26518500
BruceChen 20:43:52.445 [main] INFO  edu.bjut.boudia.myMain - meter_1788428467031910443:repMsg
BruceChen 20:43:52.445 [main] INFO  edu.bjut.boudia.myMain - meter_1788428467031910443:26629000
BruceChen 20:43:52.445 [main] INFO  edu.bjut.boudia.myMain - meter_3586287377691248053:repMsg
BruceChen 20:43:52.445 [main] INFO  edu.bjut.boudia.myMain - meter_3586287377691248053:26444300
BruceChen 20:43:52.445 [main] INFO  edu.bjut.boudia.myMain - meter_8943716915734762123:repMsg
BruceChen 20:43:52.445 [main] INFO  edu.bjut.boudia.myMain - meter_8943716915734762123:26436900
BruceChen 20:43:52.445 [main] INFO  edu.bjut.boudia.myMain - meter_75470478502348827:repMsg
BruceChen 20:43:52.445 [main] INFO  edu.bjut.boudia.myMain - meter_75470478502348827:26296100
BruceChen 20:43:52.445 [main] INFO  edu.bjut.boudia.myMain - meter_1083423628716203495:repMsg
BruceChen 20:43:52.445 [main] INFO  edu.bjut.boudia.myMain - meter_1083423628716203495:26678500
BruceChen 20:43:52.445 [main] INFO  edu.bjut.boudia.myMain - meter_2785974554471483773:repMsg
BruceChen 20:43:52.445 [main] INFO  edu.bjut.boudia.myMain - meter_2785974554471483773:26112300
BruceChen 20:43:52.445 [main] INFO  edu.bjut.boudia.myMain - meter_1056828945607118705:repMsg
BruceChen 20:43:52.445 [main] INFO  edu.bjut.boudia.myMain - meter_1056828945607118705:26290600
BruceChen 20:43:52.445 [main] INFO  edu.bjut.boudia.myMain - meter_2788333634788811961:repMsg
BruceChen 20:43:52.445 [main] INFO  edu.bjut.boudia.myMain - meter_2788333634788811961:26551700
BruceChen 20:43:52.445 [main] INFO  edu.bjut.boudia.myMain - meter_4984634440756369949:repMsg
BruceChen 20:43:52.445 [main] INFO  edu.bjut.boudia.myMain - meter_4984634440756369949:26517900
BruceChen 20:43:52.445 [main] INFO  edu.bjut.boudia.myMain - meter_7224467903600898805:repMsg
BruceChen 20:43:52.445 [main] INFO  edu.bjut.boudia.myMain - meter_7224467903600898805:26515500
BruceChen 20:43:52.445 [main] INFO  edu.bjut.boudia.myMain - meter_4671727622009839955:repMsg
BruceChen 20:43:52.445 [main] INFO  edu.bjut.boudia.myMain - meter_4671727622009839955:26249400
BruceChen 20:43:52.445 [main] INFO  edu.bjut.boudia.myMain - meter_5005275302073814413:repMsg
BruceChen 20:43:52.445 [main] INFO  edu.bjut.boudia.myMain - meter_5005275302073814413:25728800
BruceChen 20:43:52.445 [main] INFO  edu.bjut.boudia.myMain - meter_2011446890256245157:repMsg
BruceChen 20:43:52.445 [main] INFO  edu.bjut.boudia.myMain - meter_2011446890256245157:29280800
BruceChen 20:43:52.445 [main] INFO  edu.bjut.boudia.myMain - meter_5367434052692128121:repMsg
BruceChen 20:43:52.445 [main] INFO  edu.bjut.boudia.myMain - meter_5367434052692128121:26638600
BruceChen 20:43:52.445 [main] INFO  edu.bjut.boudia.myMain - meter_9125404912258075573:repMsg
BruceChen 20:43:52.445 [main] INFO  edu.bjut.boudia.myMain - meter_9125404912258075573:26433600
BruceChen 20:43:52.445 [main] INFO  edu.bjut.boudia.myMain - meter_2637630966516379001:repMsg
BruceChen 20:43:52.445 [main] INFO  edu.bjut.boudia.myMain - meter_2637630966516379001:25847800
BruceChen 20:43:52.445 [main] INFO  edu.bjut.boudia.myMain - meter_4978042719602175629:repMsg
BruceChen 20:43:52.445 [main] INFO  edu.bjut.boudia.myMain - meter_4978042719602175629:25373800
BruceChen 20:43:52.445 [main] INFO  edu.bjut.boudia.myMain - meter_1632879670846374627:repMsg
BruceChen 20:43:52.445 [main] INFO  edu.bjut.boudia.myMain - meter_1632879670846374627:26542300
BruceChen 20:43:52.445 [main] INFO  edu.bjut.boudia.myMain - meter_7254063489016906081:repMsg
BruceChen 20:43:52.445 [main] INFO  edu.bjut.boudia.myMain - meter_7254063489016906081:25961600
BruceChen 20:43:52.445 [main] INFO  edu.bjut.boudia.myMain - meter_935401118989776157:repMsg
BruceChen 20:43:52.445 [main] INFO  edu.bjut.boudia.myMain - meter_935401118989776157:26182600
BruceChen 20:43:52.445 [main] INFO  edu.bjut.boudia.myMain - meter_6453586354186235995:repMsg
BruceChen 20:43:52.445 [main] INFO  edu.bjut.boudia.myMain - meter_6453586354186235995:26420800
BruceChen 20:43:52.445 [main] INFO  edu.bjut.boudia.myMain - meter_3022940990894519437:repMsg
BruceChen 20:43:52.445 [main] INFO  edu.bjut.boudia.myMain - meter_3022940990894519437:27211800
BruceChen 20:43:52.445 [main] INFO  edu.bjut.boudia.myMain - meter_1166318069397384435:repMsg
BruceChen 20:43:52.445 [main] INFO  edu.bjut.boudia.myMain - meter_1166318069397384435:26385100
BruceChen 20:43:52.445 [main] INFO  edu.bjut.boudia.myMain - meter_255241450083567889:repMsg
BruceChen 20:43:52.445 [main] INFO  edu.bjut.boudia.myMain - meter_255241450083567889:26559200
BruceChen 20:43:52.445 [main] INFO  edu.bjut.boudia.myMain - meter_3811262827977163589:repMsg
BruceChen 20:43:52.445 [main] INFO  edu.bjut.boudia.myMain - meter_3811262827977163589:26486000
BruceChen 20:43:52.445 [main] INFO  edu.bjut.boudia.myMain - meter_9045552696705707059:repMsg
BruceChen 20:43:52.445 [main] INFO  edu.bjut.boudia.myMain - meter_9045552696705707059:26505700
BruceChen 20:43:52.445 [main] INFO  edu.bjut.boudia.myMain - meter_1096277799432064505:repMsg
BruceChen 20:43:52.445 [main] INFO  edu.bjut.boudia.myMain - meter_1096277799432064505:26418000
BruceChen 20:43:52.445 [main] INFO  edu.bjut.boudia.myMain - meter_3832873889805242403:repMsg
BruceChen 20:43:52.445 [main] INFO  edu.bjut.boudia.myMain - meter_3832873889805242403:26398900
BruceChen 20:43:52.445 [main] INFO  edu.bjut.boudia.myMain - meter_8042109696315091255:repMsg
BruceChen 20:43:52.445 [main] INFO  edu.bjut.boudia.myMain - meter_8042109696315091255:26514800
BruceChen 20:43:52.445 [main] INFO  edu.bjut.boudia.myMain - meter_2290587712795106091:repMsg
BruceChen 20:43:52.445 [main] INFO  edu.bjut.boudia.myMain - meter_2290587712795106091:26478900
BruceChen 20:43:52.445 [main] INFO  edu.bjut.boudia.myMain - meter_320368562225438781:repMsg
BruceChen 20:43:52.445 [main] INFO  edu.bjut.boudia.myMain - meter_320368562225438781:26470400
BruceChen 20:43:52.445 [main] INFO  edu.bjut.boudia.myMain - meter_6667245144698561463:repMsg
BruceChen 20:43:52.445 [main] INFO  edu.bjut.boudia.myMain - meter_6667245144698561463:26507800
BruceChen 20:43:52.445 [main] INFO  edu.bjut.boudia.myMain - meter_6797563809102854587:repMsg
BruceChen 20:43:52.445 [main] INFO  edu.bjut.boudia.myMain - meter_6797563809102854587:26612900
BruceChen 20:43:52.445 [main] INFO  edu.bjut.boudia.myMain - meter_965767008790226691:repMsg
BruceChen 20:43:52.445 [main] INFO  edu.bjut.boudia.myMain - meter_965767008790226691:26298000
BruceChen 20:43:52.445 [main] INFO  edu.bjut.boudia.myMain - meter_4382372490895770953:repMsg
BruceChen 20:43:52.445 [main] INFO  edu.bjut.boudia.myMain - meter_4382372490895770953:25693300
BruceChen 20:43:52.445 [main] INFO  edu.bjut.boudia.myMain - meter_3508820540261537111:repMsg
BruceChen 20:43:52.445 [main] INFO  edu.bjut.boudia.myMain - meter_3508820540261537111:25556100
BruceChen 20:43:52.445 [main] INFO  edu.bjut.boudia.myMain - meter_3510708211626449947:repMsg
BruceChen 20:43:52.445 [main] INFO  edu.bjut.boudia.myMain - meter_3510708211626449947:25717800
BruceChen 20:43:52.461 [main] INFO  edu.bjut.boudia.myMain - meter_4646829107681144303:repMsg
BruceChen 20:43:52.461 [main] INFO  edu.bjut.boudia.myMain - meter_4646829107681144303:25878800
BruceChen 20:43:52.461 [main] INFO  edu.bjut.boudia.myMain - meter_1681477649235939839:repMsg
BruceChen 20:43:52.461 [main] INFO  edu.bjut.boudia.myMain - meter_1681477649235939839:25750500
BruceChen 20:43:52.461 [main] INFO  edu.bjut.boudia.myMain - meter_6666197701422820603:repMsg
BruceChen 20:43:52.461 [main] INFO  edu.bjut.boudia.myMain - meter_6666197701422820603:28440000
BruceChen 20:43:52.461 [main] INFO  edu.bjut.boudia.myMain - meter_3260825124622577649:repMsg
BruceChen 20:43:52.461 [main] INFO  edu.bjut.boudia.myMain - meter_3260825124622577649:26553200
BruceChen 20:43:52.461 [main] INFO  edu.bjut.boudia.myMain - meter_738102942126994019:repMsg
BruceChen 20:43:52.461 [main] INFO  edu.bjut.boudia.myMain - meter_738102942126994019:26688800
BruceChen 20:43:52.461 [main] INFO  edu.bjut.boudia.myMain - meter_3597324014375269557:repMsg
BruceChen 20:43:52.461 [main] INFO  edu.bjut.boudia.myMain - meter_3597324014375269557:26121500
BruceChen 20:43:52.461 [main] INFO  edu.bjut.boudia.myMain - meter_3327908546889688577:repMsg
BruceChen 20:43:52.461 [main] INFO  edu.bjut.boudia.myMain - meter_3327908546889688577:26745600
BruceChen 20:43:55.003 [main] INFO  edu.bjut.boudia.myMain - oneTimeMeterRegTime
BruceChen 20:43:55.519 [main] INFO  edu.bjut.boudia.myMain - server:pubkey
BruceChen 20:43:55.519 [main] INFO  edu.bjut.boudia.myMain - server:1200
BruceChen 20:43:55.519 [main] INFO  edu.bjut.boudia.myMain - agg:regMsg,regMsg,regMsg,regMsg,regMsg,regMsg,regMsg,regMsg,regMsg,regMsg,regMsg,regMsg,regMsg,regMsg,regMsg,regMsg,regMsg,regMsg,regMsg,regMsg,regMsg,regMsg,regMsg,regMsg,regMsg,regMsg,regMsg,regMsg,regMsg,regMsg,regMsg,regMsg,regMsg,regMsg,regMsg,regMsg,regMsg,regMsg,regMsg,regMsg
BruceChen 20:43:55.519 [main] INFO  edu.bjut.boudia.myMain - agg:6631900,6646700,6689600,6647700,6615500,6616600,6603200,6638600,6571100,6645900,6620500,6598500,6614900,6607600,6617500,6586100,6619600,6634600,6647900,6597100,6630600,6587600,6631800,6622000,6576500,6610700,6606700,6632400,6600300,6626300,6599600,6606900,6602600,6611300,7138500,6611300,6630200,6622100,6634900,6623800
BruceChen 20:43:55.519 [main] INFO  edu.bjut.boudia.myMain - meter_1134444592700594601:regMsg,reg_backagg,reg_cc
BruceChen 20:43:55.519 [main] INFO  edu.bjut.boudia.myMain - meter_1134444592700594601:500,6666700,700
BruceChen 20:43:55.519 [main] INFO  edu.bjut.boudia.myMain - meter_963674818874253665:regMsg,reg_backagg,reg_cc
BruceChen 20:43:55.519 [main] INFO  edu.bjut.boudia.myMain - meter_963674818874253665:600,6699100,400
BruceChen 20:43:55.519 [main] INFO  edu.bjut.boudia.myMain - meter_8725001140741184435:regMsg,reg_backagg,reg_cc
BruceChen 20:43:55.519 [main] INFO  edu.bjut.boudia.myMain - meter_8725001140741184435:700,6536800,400
BruceChen 20:43:55.519 [main] INFO  edu.bjut.boudia.myMain - meter_6389354693021926619:regMsg,reg_backagg,reg_cc
BruceChen 20:43:55.519 [main] INFO  edu.bjut.boudia.myMain - meter_6389354693021926619:700,6573100,400
BruceChen 20:43:55.519 [main] INFO  edu.bjut.boudia.myMain - meter_2692004450961907157:regMsg,reg_backagg,reg_cc
BruceChen 20:43:55.519 [main] INFO  edu.bjut.boudia.myMain - meter_2692004450961907157:600,6771200,500
BruceChen 20:43:55.519 [main] INFO  edu.bjut.boudia.myMain - meter_349151584619403899:regMsg,reg_backagg,reg_cc
BruceChen 20:43:55.519 [main] INFO  edu.bjut.boudia.myMain - meter_349151584619403899:700,6672800,400
BruceChen 20:43:55.519 [main] INFO  edu.bjut.boudia.myMain - meter_1633966797584187737:regMsg,reg_backagg,reg_cc
BruceChen 20:43:55.519 [main] INFO  edu.bjut.boudia.myMain - meter_1633966797584187737:400,6563100,300
BruceChen 20:43:55.519 [main] INFO  edu.bjut.boudia.myMain - meter_1869963525814174885:regMsg,reg_backagg,reg_cc
BruceChen 20:43:55.519 [main] INFO  edu.bjut.boudia.myMain - meter_1869963525814174885:300,6566000,400
BruceChen 20:43:55.519 [main] INFO  edu.bjut.boudia.myMain - meter_1364854503915325729:regMsg,reg_backagg,reg_cc
BruceChen 20:43:55.519 [main] INFO  edu.bjut.boudia.myMain - meter_1364854503915325729:400,6542200,300
BruceChen 20:43:55.519 [main] INFO  edu.bjut.boudia.myMain - meter_8710538456073451653:regMsg,reg_backagg,reg_cc
BruceChen 20:43:55.519 [main] INFO  edu.bjut.boudia.myMain - meter_8710538456073451653:500,6683200,500
BruceChen 20:43:55.519 [main] INFO  edu.bjut.boudia.myMain - meter_1439054848093073753:regMsg,reg_backagg,reg_cc
BruceChen 20:43:55.519 [main] INFO  edu.bjut.boudia.myMain - meter_1439054848093073753:700,6513000,400
BruceChen 20:43:55.519 [main] INFO  edu.bjut.boudia.myMain - meter_4358560443596360747:regMsg,reg_backagg,reg_cc
BruceChen 20:43:55.519 [main] INFO  edu.bjut.boudia.myMain - meter_4358560443596360747:600,6528300,300
BruceChen 20:43:55.519 [main] INFO  edu.bjut.boudia.myMain - meter_8740868599625850675:regMsg,reg_backagg,reg_cc
BruceChen 20:43:55.519 [main] INFO  edu.bjut.boudia.myMain - meter_8740868599625850675:400,6588200,200
BruceChen 20:43:55.519 [main] INFO  edu.bjut.boudia.myMain - meter_5499458404359916721:regMsg,reg_backagg,reg_cc
BruceChen 20:43:55.519 [main] INFO  edu.bjut.boudia.myMain - meter_5499458404359916721:400,6540600,100
BruceChen 20:43:55.519 [main] INFO  edu.bjut.boudia.myMain - meter_1922868822700056597:regMsg,reg_backagg,reg_cc
BruceChen 20:43:55.519 [main] INFO  edu.bjut.boudia.myMain - meter_1922868822700056597:300,6538000,200
BruceChen 20:43:55.519 [main] INFO  edu.bjut.boudia.myMain - meter_753641090003172779:regMsg,reg_backagg,reg_cc
BruceChen 20:43:55.519 [main] INFO  edu.bjut.boudia.myMain - meter_753641090003172779:300,6593400,200
BruceChen 20:43:55.519 [main] INFO  edu.bjut.boudia.myMain - meter_4709242459859740409:regMsg,reg_backagg,reg_cc
BruceChen 20:43:55.519 [main] INFO  edu.bjut.boudia.myMain - meter_4709242459859740409:200,6511900,400
BruceChen 20:43:55.519 [main] INFO  edu.bjut.boudia.myMain - meter_6703770276306907725:regMsg,reg_backagg,reg_cc
BruceChen 20:43:55.519 [main] INFO  edu.bjut.boudia.myMain - meter_6703770276306907725:300,6811100,300
BruceChen 20:43:55.519 [main] INFO  edu.bjut.boudia.myMain - meter_8538359231482084573:regMsg,reg_backagg,reg_cc
BruceChen 20:43:55.519 [main] INFO  edu.bjut.boudia.myMain - meter_8538359231482084573:500,6537000,200
BruceChen 20:43:55.519 [main] INFO  edu.bjut.boudia.myMain - meter_8915444012720930125:regMsg,reg_backagg,reg_cc
BruceChen 20:43:55.519 [main] INFO  edu.bjut.boudia.myMain - meter_8915444012720930125:300,6593100,100
BruceChen 20:43:55.519 [main] INFO  edu.bjut.boudia.myMain - meter_6399304411908404289:regMsg,reg_backagg,reg_cc
BruceChen 20:43:55.519 [main] INFO  edu.bjut.boudia.myMain - meter_6399304411908404289:300,6492900,300
BruceChen 20:43:55.519 [main] INFO  edu.bjut.boudia.myMain - meter_5723726879657699755:regMsg,reg_backagg,reg_cc
BruceChen 20:43:55.519 [main] INFO  edu.bjut.boudia.myMain - meter_5723726879657699755:200,6623700,200
BruceChen 20:43:55.519 [main] INFO  edu.bjut.boudia.myMain - meter_2253379857602333601:regMsg,reg_backagg,reg_cc
BruceChen 20:43:55.519 [main] INFO  edu.bjut.boudia.myMain - meter_2253379857602333601:200,6522300,300
BruceChen 20:43:55.519 [main] INFO  edu.bjut.boudia.myMain - meter_5588300689599336203:regMsg,reg_backagg,reg_cc
BruceChen 20:43:55.519 [main] INFO  edu.bjut.boudia.myMain - meter_5588300689599336203:200,6565700,200
BruceChen 20:43:55.519 [main] INFO  edu.bjut.boudia.myMain - meter_5944658908965841967:regMsg,reg_backagg,reg_cc
BruceChen 20:43:55.519 [main] INFO  edu.bjut.boudia.myMain - meter_5944658908965841967:300,6552900,300
BruceChen 20:43:55.519 [main] INFO  edu.bjut.boudia.myMain - meter_8829955292716929377:regMsg,reg_backagg,reg_cc
BruceChen 20:43:55.519 [main] INFO  edu.bjut.boudia.myMain - meter_8829955292716929377:300,6629000,100
BruceChen 20:43:55.519 [main] INFO  edu.bjut.boudia.myMain - meter_7871937458879125199:regMsg,reg_backagg,reg_cc
BruceChen 20:43:55.519 [main] INFO  edu.bjut.boudia.myMain - meter_7871937458879125199:300,6659700,300
BruceChen 20:43:55.519 [main] INFO  edu.bjut.boudia.myMain - meter_265873791916777577:regMsg,reg_backagg,reg_cc
BruceChen 20:43:55.519 [main] INFO  edu.bjut.boudia.myMain - meter_265873791916777577:200,6585700,100
BruceChen 20:43:55.519 [main] INFO  edu.bjut.boudia.myMain - meter_1723728469701960161:regMsg,reg_backagg,reg_cc
BruceChen 20:43:55.519 [main] INFO  edu.bjut.boudia.myMain - meter_1723728469701960161:300,6518900,100
BruceChen 20:43:55.519 [main] INFO  edu.bjut.boudia.myMain - meter_7059523261099910245:regMsg,reg_backagg,reg_cc
BruceChen 20:43:55.519 [main] INFO  edu.bjut.boudia.myMain - meter_7059523261099910245:400,6540400,100
BruceChen 20:43:55.519 [main] INFO  edu.bjut.boudia.myMain - meter_5260929787765922269:regMsg,reg_backagg,reg_cc
BruceChen 20:43:55.519 [main] INFO  edu.bjut.boudia.myMain - meter_5260929787765922269:300,6664500,200
BruceChen 20:43:55.519 [main] INFO  edu.bjut.boudia.myMain - meter_3074879942257371123:regMsg,reg_backagg,reg_cc
BruceChen 20:43:55.519 [main] INFO  edu.bjut.boudia.myMain - meter_3074879942257371123:400,6576400,300
BruceChen 20:43:55.519 [main] INFO  edu.bjut.boudia.myMain - meter_3475000862820503067:regMsg,reg_backagg,reg_cc
BruceChen 20:43:55.519 [main] INFO  edu.bjut.boudia.myMain - meter_3475000862820503067:400,6536800,300
BruceChen 20:43:55.519 [main] INFO  edu.bjut.boudia.myMain - meter_6670111922968831903:regMsg,reg_backagg,reg_cc
BruceChen 20:43:55.519 [main] INFO  edu.bjut.boudia.myMain - meter_6670111922968831903:200,6575100,200
BruceChen 20:43:55.519 [main] INFO  edu.bjut.boudia.myMain - meter_2349374002495920083:regMsg,reg_backagg,reg_cc
BruceChen 20:43:55.519 [main] INFO  edu.bjut.boudia.myMain - meter_2349374002495920083:10800,6617800,200
BruceChen 20:43:55.519 [main] INFO  edu.bjut.boudia.myMain - meter_4761188085094913295:regMsg,reg_backagg,reg_cc
BruceChen 20:43:55.519 [main] INFO  edu.bjut.boudia.myMain - meter_4761188085094913295:600,6620300,200
BruceChen 20:43:55.519 [main] INFO  edu.bjut.boudia.myMain - meter_2453593186441440375:regMsg,reg_backagg,reg_cc
BruceChen 20:43:55.519 [main] INFO  edu.bjut.boudia.myMain - meter_2453593186441440375:9200,6641100,2500
BruceChen 20:43:55.519 [main] INFO  edu.bjut.boudia.myMain - meter_5541358112772491417:regMsg,reg_backagg,reg_cc
BruceChen 20:43:55.519 [main] INFO  edu.bjut.boudia.myMain - meter_5541358112772491417:0,6604600,200
BruceChen 20:43:55.519 [main] INFO  edu.bjut.boudia.myMain - meter_1801821666502620401:regMsg,reg_backagg,reg_cc
BruceChen 20:43:55.519 [main] INFO  edu.bjut.boudia.myMain - meter_1801821666502620401:100,6560900,0
BruceChen 20:43:55.519 [main] INFO  edu.bjut.boudia.myMain - meter_83642895180701593:regMsg,reg_backagg,reg_cc
BruceChen 20:43:55.519 [main] INFO  edu.bjut.boudia.myMain - meter_83642895180701593:0,6491400,0
BruceChen 20:43:56.066 [main] INFO  edu.bjut.boudia.myMain - oneTimeMeterRepTime
BruceChen 20:43:57.441 [main] INFO  edu.bjut.boudia.myMain - server:repMsg
BruceChen 20:43:57.441 [main] INFO  edu.bjut.boudia.myMain - server:32797000
BruceChen 20:43:57.441 [main] INFO  edu.bjut.boudia.myMain - agg:repMsg
BruceChen 20:43:57.441 [main] INFO  edu.bjut.boudia.myMain - agg:282893000
BruceChen 20:43:57.441 [main] INFO  edu.bjut.boudia.myMain - meter_1134444592700594601:repMsg
BruceChen 20:43:57.441 [main] INFO  edu.bjut.boudia.myMain - meter_1134444592700594601:26539600
BruceChen 20:43:57.441 [main] INFO  edu.bjut.boudia.myMain - meter_963674818874253665:repMsg
BruceChen 20:43:57.441 [main] INFO  edu.bjut.boudia.myMain - meter_963674818874253665:26082400
BruceChen 20:43:57.441 [main] INFO  edu.bjut.boudia.myMain - meter_8725001140741184435:repMsg
BruceChen 20:43:57.441 [main] INFO  edu.bjut.boudia.myMain - meter_8725001140741184435:25737900
BruceChen 20:43:57.441 [main] INFO  edu.bjut.boudia.myMain - meter_6389354693021926619:repMsg
BruceChen 20:43:57.441 [main] INFO  edu.bjut.boudia.myMain - meter_6389354693021926619:25797200
BruceChen 20:43:57.441 [main] INFO  edu.bjut.boudia.myMain - meter_2692004450961907157:repMsg
BruceChen 20:43:57.441 [main] INFO  edu.bjut.boudia.myMain - meter_2692004450961907157:25710000
BruceChen 20:43:57.441 [main] INFO  edu.bjut.boudia.myMain - meter_349151584619403899:repMsg
BruceChen 20:43:57.441 [main] INFO  edu.bjut.boudia.myMain - meter_349151584619403899:25673600
BruceChen 20:43:57.441 [main] INFO  edu.bjut.boudia.myMain - meter_1633966797584187737:repMsg
BruceChen 20:43:57.441 [main] INFO  edu.bjut.boudia.myMain - meter_1633966797584187737:25736000
BruceChen 20:43:57.441 [main] INFO  edu.bjut.boudia.myMain - meter_1869963525814174885:repMsg
BruceChen 20:43:57.441 [main] INFO  edu.bjut.boudia.myMain - meter_1869963525814174885:25930900
BruceChen 20:43:57.441 [main] INFO  edu.bjut.boudia.myMain - meter_1364854503915325729:repMsg
BruceChen 20:43:57.441 [main] INFO  edu.bjut.boudia.myMain - meter_1364854503915325729:26745500
BruceChen 20:43:57.441 [main] INFO  edu.bjut.boudia.myMain - meter_8710538456073451653:repMsg
BruceChen 20:43:57.441 [main] INFO  edu.bjut.boudia.myMain - meter_8710538456073451653:26446900
BruceChen 20:43:57.441 [main] INFO  edu.bjut.boudia.myMain - meter_1439054848093073753:repMsg
BruceChen 20:43:57.441 [main] INFO  edu.bjut.boudia.myMain - meter_1439054848093073753:26649700
BruceChen 20:43:57.441 [main] INFO  edu.bjut.boudia.myMain - meter_4358560443596360747:repMsg
BruceChen 20:43:57.441 [main] INFO  edu.bjut.boudia.myMain - meter_4358560443596360747:26694300
BruceChen 20:43:57.441 [main] INFO  edu.bjut.boudia.myMain - meter_8740868599625850675:repMsg
BruceChen 20:43:57.441 [main] INFO  edu.bjut.boudia.myMain - meter_8740868599625850675:26772500
BruceChen 20:43:57.441 [main] INFO  edu.bjut.boudia.myMain - meter_5499458404359916721:repMsg
BruceChen 20:43:57.441 [main] INFO  edu.bjut.boudia.myMain - meter_5499458404359916721:26646100
BruceChen 20:43:57.441 [main] INFO  edu.bjut.boudia.myMain - meter_1922868822700056597:repMsg
BruceChen 20:43:57.441 [main] INFO  edu.bjut.boudia.myMain - meter_1922868822700056597:26683300
BruceChen 20:43:57.441 [main] INFO  edu.bjut.boudia.myMain - meter_753641090003172779:repMsg
BruceChen 20:43:57.441 [main] INFO  edu.bjut.boudia.myMain - meter_753641090003172779:26422500
BruceChen 20:43:57.441 [main] INFO  edu.bjut.boudia.myMain - meter_4709242459859740409:repMsg
BruceChen 20:43:57.441 [main] INFO  edu.bjut.boudia.myMain - meter_4709242459859740409:26301400
BruceChen 20:43:57.441 [main] INFO  edu.bjut.boudia.myMain - meter_6703770276306907725:repMsg
BruceChen 20:43:57.441 [main] INFO  edu.bjut.boudia.myMain - meter_6703770276306907725:26369800
BruceChen 20:43:57.441 [main] INFO  edu.bjut.boudia.myMain - meter_8538359231482084573:repMsg
BruceChen 20:43:57.441 [main] INFO  edu.bjut.boudia.myMain - meter_8538359231482084573:26682100
BruceChen 20:43:57.441 [main] INFO  edu.bjut.boudia.myMain - meter_8915444012720930125:repMsg
BruceChen 20:43:57.441 [main] INFO  edu.bjut.boudia.myMain - meter_8915444012720930125:26356600
BruceChen 20:43:57.441 [main] INFO  edu.bjut.boudia.myMain - meter_6399304411908404289:repMsg
BruceChen 20:43:57.441 [main] INFO  edu.bjut.boudia.myMain - meter_6399304411908404289:26528900
BruceChen 20:43:57.441 [main] INFO  edu.bjut.boudia.myMain - meter_5723726879657699755:repMsg
BruceChen 20:43:57.441 [main] INFO  edu.bjut.boudia.myMain - meter_5723726879657699755:26486500
BruceChen 20:43:57.441 [main] INFO  edu.bjut.boudia.myMain - meter_2253379857602333601:repMsg
BruceChen 20:43:57.441 [main] INFO  edu.bjut.boudia.myMain - meter_2253379857602333601:26562600
BruceChen 20:43:57.441 [main] INFO  edu.bjut.boudia.myMain - meter_5588300689599336203:repMsg
BruceChen 20:43:57.441 [main] INFO  edu.bjut.boudia.myMain - meter_5588300689599336203:26687300
BruceChen 20:43:57.441 [main] INFO  edu.bjut.boudia.myMain - meter_5944658908965841967:repMsg
BruceChen 20:43:57.441 [main] INFO  edu.bjut.boudia.myMain - meter_5944658908965841967:26447000
BruceChen 20:43:57.441 [main] INFO  edu.bjut.boudia.myMain - meter_8829955292716929377:repMsg
BruceChen 20:43:57.441 [main] INFO  edu.bjut.boudia.myMain - meter_8829955292716929377:26519900
BruceChen 20:43:57.441 [main] INFO  edu.bjut.boudia.myMain - meter_7871937458879125199:repMsg
BruceChen 20:43:57.441 [main] INFO  edu.bjut.boudia.myMain - meter_7871937458879125199:26188000
BruceChen 20:43:57.441 [main] INFO  edu.bjut.boudia.myMain - meter_265873791916777577:repMsg
BruceChen 20:43:57.441 [main] INFO  edu.bjut.boudia.myMain - meter_265873791916777577:26588300
BruceChen 20:43:57.441 [main] INFO  edu.bjut.boudia.myMain - meter_1723728469701960161:repMsg
BruceChen 20:43:57.441 [main] INFO  edu.bjut.boudia.myMain - meter_1723728469701960161:26611400
BruceChen 20:43:57.441 [main] INFO  edu.bjut.boudia.myMain - meter_7059523261099910245:repMsg
BruceChen 20:43:57.441 [main] INFO  edu.bjut.boudia.myMain - meter_7059523261099910245:26591600
BruceChen 20:43:57.441 [main] INFO  edu.bjut.boudia.myMain - meter_5260929787765922269:repMsg
BruceChen 20:43:57.441 [main] INFO  edu.bjut.boudia.myMain - meter_5260929787765922269:26607400
BruceChen 20:43:57.441 [main] INFO  edu.bjut.boudia.myMain - meter_3074879942257371123:repMsg
BruceChen 20:43:57.441 [main] INFO  edu.bjut.boudia.myMain - meter_3074879942257371123:26414300
BruceChen 20:43:57.441 [main] INFO  edu.bjut.boudia.myMain - meter_3475000862820503067:repMsg
BruceChen 20:43:57.441 [main] INFO  edu.bjut.boudia.myMain - meter_3475000862820503067:26430300
BruceChen 20:43:57.441 [main] INFO  edu.bjut.boudia.myMain - meter_6670111922968831903:repMsg
BruceChen 20:43:57.441 [main] INFO  edu.bjut.boudia.myMain - meter_6670111922968831903:26742500
BruceChen 20:43:57.441 [main] INFO  edu.bjut.boudia.myMain - meter_2349374002495920083:repMsg
BruceChen 20:43:57.441 [main] INFO  edu.bjut.boudia.myMain - meter_2349374002495920083:26423400
BruceChen 20:43:57.441 [main] INFO  edu.bjut.boudia.myMain - meter_4761188085094913295:repMsg
BruceChen 20:43:57.441 [main] INFO  edu.bjut.boudia.myMain - meter_4761188085094913295:26562000
BruceChen 20:43:57.441 [main] INFO  edu.bjut.boudia.myMain - meter_2453593186441440375:repMsg
BruceChen 20:43:57.441 [main] INFO  edu.bjut.boudia.myMain - meter_2453593186441440375:27724200
BruceChen 20:43:57.441 [main] INFO  edu.bjut.boudia.myMain - meter_5541358112772491417:repMsg
BruceChen 20:43:57.441 [main] INFO  edu.bjut.boudia.myMain - meter_5541358112772491417:26644300
BruceChen 20:43:57.441 [main] INFO  edu.bjut.boudia.myMain - meter_1801821666502620401:repMsg
BruceChen 20:43:57.441 [main] INFO  edu.bjut.boudia.myMain - meter_1801821666502620401:26575100
BruceChen 20:43:57.441 [main] INFO  edu.bjut.boudia.myMain - meter_83642895180701593:repMsg
BruceChen 20:43:57.441 [main] INFO  edu.bjut.boudia.myMain - meter_83642895180701593:26495000
BruceChen 20:43:59.230 [main] INFO  edu.bjut.boudia.myMain - oneTimeMeterRegTime
BruceChen 20:43:59.620 [main] INFO  edu.bjut.boudia.myMain - server:pubkey
BruceChen 20:43:59.620 [main] INFO  edu.bjut.boudia.myMain - server:1200
BruceChen 20:43:59.620 [main] INFO  edu.bjut.boudia.myMain - agg:regMsg,regMsg,regMsg,regMsg,regMsg,regMsg,regMsg,regMsg,regMsg,regMsg,regMsg,regMsg,regMsg,regMsg,regMsg,regMsg,regMsg,regMsg,regMsg,regMsg,regMsg,regMsg,regMsg,regMsg,regMsg,regMsg,regMsg,regMsg,regMsg,regMsg
BruceChen 20:43:59.620 [main] INFO  edu.bjut.boudia.myMain - agg:6442900,6452800,6458000,6443500,6428300,6505200,6470900,6427200,6421900,6450600,6442700,6440400,6421500,6444000,6447500,6440800,7635900,6631100,6620300,6637300,6673000,6608500,6636200,6618800,6625400,6635900,6613900,6646000,6624900,6638200
BruceChen 20:43:59.620 [main] INFO  edu.bjut.boudia.myMain - meter_2994978649744628729:regMsg,reg_backagg,reg_cc
BruceChen 20:43:59.620 [main] INFO  edu.bjut.boudia.myMain - meter_2994978649744628729:100,6423100,100
BruceChen 20:43:59.620 [main] INFO  edu.bjut.boudia.myMain - meter_6108496450479764231:regMsg,reg_backagg,reg_cc
BruceChen 20:43:59.620 [main] INFO  edu.bjut.boudia.myMain - meter_6108496450479764231:0,6418000,400
BruceChen 20:43:59.620 [main] INFO  edu.bjut.boudia.myMain - meter_5598581887493866357:regMsg,reg_backagg,reg_cc
BruceChen 20:43:59.620 [main] INFO  edu.bjut.boudia.myMain - meter_5598581887493866357:0,6441200,100
BruceChen 20:43:59.620 [main] INFO  edu.bjut.boudia.myMain - meter_571692015966801691:regMsg,reg_backagg,reg_cc
BruceChen 20:43:59.620 [main] INFO  edu.bjut.boudia.myMain - meter_571692015966801691:0,6472100,100
BruceChen 20:43:59.620 [main] INFO  edu.bjut.boudia.myMain - meter_8508165979321454019:regMsg,reg_backagg,reg_cc
BruceChen 20:43:59.620 [main] INFO  edu.bjut.boudia.myMain - meter_8508165979321454019:100,6438500,0
BruceChen 20:43:59.620 [main] INFO  edu.bjut.boudia.myMain - meter_7679962145835704373:regMsg,reg_backagg,reg_cc
BruceChen 20:43:59.620 [main] INFO  edu.bjut.boudia.myMain - meter_7679962145835704373:100,6436600,0
BruceChen 20:43:59.620 [main] INFO  edu.bjut.boudia.myMain - meter_3074692463643072235:regMsg,reg_backagg,reg_cc
BruceChen 20:43:59.620 [main] INFO  edu.bjut.boudia.myMain - meter_3074692463643072235:100,6385500,0
BruceChen 20:43:59.620 [main] INFO  edu.bjut.boudia.myMain - meter_7603713325122936385:regMsg,reg_backagg,reg_cc
BruceChen 20:43:59.620 [main] INFO  edu.bjut.boudia.myMain - meter_7603713325122936385:100,6423600,100
BruceChen 20:43:59.620 [main] INFO  edu.bjut.boudia.myMain - meter_8911651004735938677:regMsg,reg_backagg,reg_cc
BruceChen 20:43:59.620 [main] INFO  edu.bjut.boudia.myMain - meter_8911651004735938677:100,6456500,100
BruceChen 20:43:59.620 [main] INFO  edu.bjut.boudia.myMain - meter_1221124395304269333:regMsg,reg_backagg,reg_cc
BruceChen 20:43:59.620 [main] INFO  edu.bjut.boudia.myMain - meter_1221124395304269333:100,6402800,0
BruceChen 20:43:59.620 [main] INFO  edu.bjut.boudia.myMain - meter_2092266337731962809:regMsg,reg_backagg,reg_cc
BruceChen 20:43:59.620 [main] INFO  edu.bjut.boudia.myMain - meter_2092266337731962809:100,6392900,0
BruceChen 20:43:59.620 [main] INFO  edu.bjut.boudia.myMain - meter_6263611247002086757:regMsg,reg_backagg,reg_cc
BruceChen 20:43:59.620 [main] INFO  edu.bjut.boudia.myMain - meter_6263611247002086757:100,6353800,100
BruceChen 20:43:59.620 [main] INFO  edu.bjut.boudia.myMain - meter_7788163095444055181:regMsg,reg_backagg,reg_cc
BruceChen 20:43:59.620 [main] INFO  edu.bjut.boudia.myMain - meter_7788163095444055181:100,6433400,100
BruceChen 20:43:59.620 [main] INFO  edu.bjut.boudia.myMain - meter_2158824666784807447:regMsg,reg_backagg,reg_cc
BruceChen 20:43:59.620 [main] INFO  edu.bjut.boudia.myMain - meter_2158824666784807447:100,6458700,100
BruceChen 20:43:59.620 [main] INFO  edu.bjut.boudia.myMain - meter_6908155582773549699:regMsg,reg_backagg,reg_cc
BruceChen 20:43:59.620 [main] INFO  edu.bjut.boudia.myMain - meter_6908155582773549699:300,6374300,0
BruceChen 20:43:59.620 [main] INFO  edu.bjut.boudia.myMain - meter_3456611910673530923:regMsg,reg_backagg,reg_cc
BruceChen 20:43:59.620 [main] INFO  edu.bjut.boudia.myMain - meter_3456611910673530923:0,6402400,100
BruceChen 20:43:59.620 [main] INFO  edu.bjut.boudia.myMain - meter_452859998318146391:regMsg,reg_backagg,reg_cc
BruceChen 20:43:59.620 [main] INFO  edu.bjut.boudia.myMain - meter_452859998318146391:100,6669300,100
BruceChen 20:43:59.620 [main] INFO  edu.bjut.boudia.myMain - meter_2520841295272186025:regMsg,reg_backagg,reg_cc
BruceChen 20:43:59.620 [main] INFO  edu.bjut.boudia.myMain - meter_2520841295272186025:100,6568900,0
BruceChen 20:43:59.620 [main] INFO  edu.bjut.boudia.myMain - meter_8039611632868755069:regMsg,reg_backagg,reg_cc
BruceChen 20:43:59.620 [main] INFO  edu.bjut.boudia.myMain - meter_8039611632868755069:200,6650300,0
BruceChen 20:43:59.620 [main] INFO  edu.bjut.boudia.myMain - meter_4078433332686702553:regMsg,reg_backagg,reg_cc
BruceChen 20:43:59.620 [main] INFO  edu.bjut.boudia.myMain - meter_4078433332686702553:100,6614200,100
BruceChen 20:43:59.620 [main] INFO  edu.bjut.boudia.myMain - meter_7073747636708518457:regMsg,reg_backagg,reg_cc
BruceChen 20:43:59.620 [main] INFO  edu.bjut.boudia.myMain - meter_7073747636708518457:100,6489300,0
BruceChen 20:43:59.620 [main] INFO  edu.bjut.boudia.myMain - meter_2680421870719410881:regMsg,reg_backagg,reg_cc
BruceChen 20:43:59.620 [main] INFO  edu.bjut.boudia.myMain - meter_2680421870719410881:100,6535800,0
BruceChen 20:43:59.620 [main] INFO  edu.bjut.boudia.myMain - meter_4950035522798344573:regMsg,reg_backagg,reg_cc
BruceChen 20:43:59.620 [main] INFO  edu.bjut.boudia.myMain - meter_4950035522798344573:0,6380800,100
BruceChen 20:43:59.620 [main] INFO  edu.bjut.boudia.myMain - meter_3044377990671518795:regMsg,reg_backagg,reg_cc
BruceChen 20:43:59.620 [main] INFO  edu.bjut.boudia.myMain - meter_3044377990671518795:100,6575600,0
BruceChen 20:43:59.620 [main] INFO  edu.bjut.boudia.myMain - meter_3902341034843286801:regMsg,reg_backagg,reg_cc
BruceChen 20:43:59.620 [main] INFO  edu.bjut.boudia.myMain - meter_3902341034843286801:100,6676400,0
BruceChen 20:43:59.620 [main] INFO  edu.bjut.boudia.myMain - meter_282964087410960987:regMsg,reg_backagg,reg_cc
BruceChen 20:43:59.620 [main] INFO  edu.bjut.boudia.myMain - meter_282964087410960987:0,6563800,100
BruceChen 20:43:59.620 [main] INFO  edu.bjut.boudia.myMain - meter_2814289343010089787:regMsg,reg_backagg,reg_cc
BruceChen 20:43:59.620 [main] INFO  edu.bjut.boudia.myMain - meter_2814289343010089787:0,6577600,100
BruceChen 20:43:59.620 [main] INFO  edu.bjut.boudia.myMain - meter_3090380763718237897:regMsg,reg_backagg,reg_cc
BruceChen 20:43:59.620 [main] INFO  edu.bjut.boudia.myMain - meter_3090380763718237897:100,6476800,100
BruceChen 20:43:59.620 [main] INFO  edu.bjut.boudia.myMain - meter_9222654241186358809:regMsg,reg_backagg,reg_cc
BruceChen 20:43:59.620 [main] INFO  edu.bjut.boudia.myMain - meter_9222654241186358809:100,6579400,0
BruceChen 20:43:59.620 [main] INFO  edu.bjut.boudia.myMain - meter_4290535040382922669:regMsg,reg_backagg,reg_cc
BruceChen 20:43:59.620 [main] INFO  edu.bjut.boudia.myMain - meter_4290535040382922669:0,6702500,100
BruceChen 20:44:00.027 [main] INFO  edu.bjut.boudia.myMain - oneTimeMeterRepTime
BruceChen 20:44:01.058 [main] INFO  edu.bjut.boudia.myMain - server:repMsg
BruceChen 20:44:01.058 [main] INFO  edu.bjut.boudia.myMain - server:32847500
BruceChen 20:44:01.058 [main] INFO  edu.bjut.boudia.myMain - agg:repMsg
BruceChen 20:44:01.058 [main] INFO  edu.bjut.boudia.myMain - agg:214066900
BruceChen 20:44:01.058 [main] INFO  edu.bjut.boudia.myMain - meter_2994978649744628729:repMsg
BruceChen 20:44:01.058 [main] INFO  edu.bjut.boudia.myMain - meter_2994978649744628729:26558200
BruceChen 20:44:01.058 [main] INFO  edu.bjut.boudia.myMain - meter_6108496450479764231:repMsg
BruceChen 20:44:01.058 [main] INFO  edu.bjut.boudia.myMain - meter_6108496450479764231:26190400
BruceChen 20:44:01.058 [main] INFO  edu.bjut.boudia.myMain - meter_5598581887493866357:repMsg
BruceChen 20:44:01.058 [main] INFO  edu.bjut.boudia.myMain - meter_5598581887493866357:26752800
BruceChen 20:44:01.058 [main] INFO  edu.bjut.boudia.myMain - meter_571692015966801691:repMsg
BruceChen 20:44:01.058 [main] INFO  edu.bjut.boudia.myMain - meter_571692015966801691:26685000
BruceChen 20:44:01.058 [main] INFO  edu.bjut.boudia.myMain - meter_8508165979321454019:repMsg
BruceChen 20:44:01.058 [main] INFO  edu.bjut.boudia.myMain - meter_8508165979321454019:26402300
BruceChen 20:44:01.058 [main] INFO  edu.bjut.boudia.myMain - meter_7679962145835704373:repMsg
BruceChen 20:44:01.058 [main] INFO  edu.bjut.boudia.myMain - meter_7679962145835704373:27388800
BruceChen 20:44:01.058 [main] INFO  edu.bjut.boudia.myMain - meter_3074692463643072235:repMsg
BruceChen 20:44:01.058 [main] INFO  edu.bjut.boudia.myMain - meter_3074692463643072235:26709600
BruceChen 20:44:01.058 [main] INFO  edu.bjut.boudia.myMain - meter_7603713325122936385:repMsg
BruceChen 20:44:01.058 [main] INFO  edu.bjut.boudia.myMain - meter_7603713325122936385:26462400
BruceChen 20:44:01.058 [main] INFO  edu.bjut.boudia.myMain - meter_8911651004735938677:repMsg
BruceChen 20:44:01.058 [main] INFO  edu.bjut.boudia.myMain - meter_8911651004735938677:26648600
BruceChen 20:44:01.058 [main] INFO  edu.bjut.boudia.myMain - meter_1221124395304269333:repMsg
BruceChen 20:44:01.058 [main] INFO  edu.bjut.boudia.myMain - meter_1221124395304269333:26609500
BruceChen 20:44:01.058 [main] INFO  edu.bjut.boudia.myMain - meter_2092266337731962809:repMsg
BruceChen 20:44:01.058 [main] INFO  edu.bjut.boudia.myMain - meter_2092266337731962809:25955700
BruceChen 20:44:01.058 [main] INFO  edu.bjut.boudia.myMain - meter_6263611247002086757:repMsg
BruceChen 20:44:01.058 [main] INFO  edu.bjut.boudia.myMain - meter_6263611247002086757:25791000
BruceChen 20:44:01.058 [main] INFO  edu.bjut.boudia.myMain - meter_7788163095444055181:repMsg
BruceChen 20:44:01.058 [main] INFO  edu.bjut.boudia.myMain - meter_7788163095444055181:25847100
BruceChen 20:44:01.058 [main] INFO  edu.bjut.boudia.myMain - meter_2158824666784807447:repMsg
BruceChen 20:44:01.058 [main] INFO  edu.bjut.boudia.myMain - meter_2158824666784807447:25594300
BruceChen 20:44:01.058 [main] INFO  edu.bjut.boudia.myMain - meter_6908155582773549699:repMsg
BruceChen 20:44:01.058 [main] INFO  edu.bjut.boudia.myMain - meter_6908155582773549699:25768000
BruceChen 20:44:01.058 [main] INFO  edu.bjut.boudia.myMain - meter_3456611910673530923:repMsg
BruceChen 20:44:01.058 [main] INFO  edu.bjut.boudia.myMain - meter_3456611910673530923:25934400
BruceChen 20:44:01.058 [main] INFO  edu.bjut.boudia.myMain - meter_452859998318146391:repMsg
BruceChen 20:44:01.058 [main] INFO  edu.bjut.boudia.myMain - meter_452859998318146391:25538000
BruceChen 20:44:01.058 [main] INFO  edu.bjut.boudia.myMain - meter_2520841295272186025:repMsg
BruceChen 20:44:01.058 [main] INFO  edu.bjut.boudia.myMain - meter_2520841295272186025:25837200
BruceChen 20:44:01.058 [main] INFO  edu.bjut.boudia.myMain - meter_8039611632868755069:repMsg
BruceChen 20:44:01.058 [main] INFO  edu.bjut.boudia.myMain - meter_8039611632868755069:25776400
BruceChen 20:44:01.058 [main] INFO  edu.bjut.boudia.myMain - meter_4078433332686702553:repMsg
BruceChen 20:44:01.058 [main] INFO  edu.bjut.boudia.myMain - meter_4078433332686702553:25737700
BruceChen 20:44:01.058 [main] INFO  edu.bjut.boudia.myMain - meter_7073747636708518457:repMsg
BruceChen 20:44:01.058 [main] INFO  edu.bjut.boudia.myMain - meter_7073747636708518457:25700200
BruceChen 20:44:01.058 [main] INFO  edu.bjut.boudia.myMain - meter_2680421870719410881:repMsg
BruceChen 20:44:01.058 [main] INFO  edu.bjut.boudia.myMain - meter_2680421870719410881:25580900
BruceChen 20:44:01.058 [main] INFO  edu.bjut.boudia.myMain - meter_4950035522798344573:repMsg
BruceChen 20:44:01.058 [main] INFO  edu.bjut.boudia.myMain - meter_4950035522798344573:25850800
BruceChen 20:44:01.058 [main] INFO  edu.bjut.boudia.myMain - meter_3044377990671518795:repMsg
BruceChen 20:44:01.058 [main] INFO  edu.bjut.boudia.myMain - meter_3044377990671518795:25888300
BruceChen 20:44:01.058 [main] INFO  edu.bjut.boudia.myMain - meter_3902341034843286801:repMsg
BruceChen 20:44:01.058 [main] INFO  edu.bjut.boudia.myMain - meter_3902341034843286801:25716200
BruceChen 20:44:01.058 [main] INFO  edu.bjut.boudia.myMain - meter_282964087410960987:repMsg
BruceChen 20:44:01.058 [main] INFO  edu.bjut.boudia.myMain - meter_282964087410960987:25553800
BruceChen 20:44:01.058 [main] INFO  edu.bjut.boudia.myMain - meter_2814289343010089787:repMsg
BruceChen 20:44:01.058 [main] INFO  edu.bjut.boudia.myMain - meter_2814289343010089787:25842100
BruceChen 20:44:01.058 [main] INFO  edu.bjut.boudia.myMain - meter_3090380763718237897:repMsg
BruceChen 20:44:01.058 [main] INFO  edu.bjut.boudia.myMain - meter_3090380763718237897:26108800
BruceChen 20:44:01.058 [main] INFO  edu.bjut.boudia.myMain - meter_9222654241186358809:repMsg
BruceChen 20:44:01.058 [main] INFO  edu.bjut.boudia.myMain - meter_9222654241186358809:25880400
BruceChen 20:44:01.058 [main] INFO  edu.bjut.boudia.myMain - meter_4290535040382922669:repMsg
BruceChen 20:44:01.058 [main] INFO  edu.bjut.boudia.myMain - meter_4290535040382922669:25967700
BruceChen 20:44:02.214 [main] INFO  edu.bjut.boudia.myMain - oneTimeMeterRegTime
BruceChen 20:44:02.479 [main] INFO  edu.bjut.boudia.myMain - server:pubkey
BruceChen 20:44:02.479 [main] INFO  edu.bjut.boudia.myMain - server:1200
BruceChen 20:44:02.479 [main] INFO  edu.bjut.boudia.myMain - agg:regMsg,regMsg,regMsg,regMsg,regMsg,regMsg,regMsg,regMsg,regMsg,regMsg,regMsg,regMsg,regMsg,regMsg,regMsg,regMsg,regMsg,regMsg,regMsg,regMsg
BruceChen 20:44:02.479 [main] INFO  edu.bjut.boudia.myMain - agg:6581700,6633400,6602300,6448700,6429900,6442000,6444700,6456200,6560800,6406100,6435300,6456100,6447200,6472000,6440800,6449600,6467000,6455700,6440600,6426200
BruceChen 20:44:02.479 [main] INFO  edu.bjut.boudia.myMain - meter_3297190790627295607:regMsg,reg_backagg,reg_cc
BruceChen 20:44:02.479 [main] INFO  edu.bjut.boudia.myMain - meter_3297190790627295607:100,7246000,100
BruceChen 20:44:02.479 [main] INFO  edu.bjut.boudia.myMain - meter_1037521867504558865:regMsg,reg_backagg,reg_cc
BruceChen 20:44:02.479 [main] INFO  edu.bjut.boudia.myMain - meter_1037521867504558865:200,6633400,0
BruceChen 20:44:02.479 [main] INFO  edu.bjut.boudia.myMain - meter_1912092544500370865:regMsg,reg_backagg,reg_cc
BruceChen 20:44:02.479 [main] INFO  edu.bjut.boudia.myMain - meter_1912092544500370865:200,6383100,0
BruceChen 20:44:02.479 [main] INFO  edu.bjut.boudia.myMain - meter_3107752820625978893:regMsg,reg_backagg,reg_cc
BruceChen 20:44:02.479 [main] INFO  edu.bjut.boudia.myMain - meter_3107752820625978893:0,6385200,0
BruceChen 20:44:02.479 [main] INFO  edu.bjut.boudia.myMain - meter_7678634769778706669:regMsg,reg_backagg,reg_cc
BruceChen 20:44:02.479 [main] INFO  edu.bjut.boudia.myMain - meter_7678634769778706669:0,6407900,100
BruceChen 20:44:02.479 [main] INFO  edu.bjut.boudia.myMain - meter_7526081188993837657:regMsg,reg_backagg,reg_cc
BruceChen 20:44:02.479 [main] INFO  edu.bjut.boudia.myMain - meter_7526081188993837657:0,6377600,0
BruceChen 20:44:02.479 [main] INFO  edu.bjut.boudia.myMain - meter_3319545182387761785:regMsg,reg_backagg,reg_cc
BruceChen 20:44:02.479 [main] INFO  edu.bjut.boudia.myMain - meter_3319545182387761785:0,6406200,0
BruceChen 20:44:02.479 [main] INFO  edu.bjut.boudia.myMain - meter_8890664815966082399:regMsg,reg_backagg,reg_cc
BruceChen 20:44:02.479 [main] INFO  edu.bjut.boudia.myMain - meter_8890664815966082399:0,6356600,100
BruceChen 20:44:02.479 [main] INFO  edu.bjut.boudia.myMain - meter_8733976352941710687:regMsg,reg_backagg,reg_cc
BruceChen 20:44:02.479 [main] INFO  edu.bjut.boudia.myMain - meter_8733976352941710687:0,6472400,100
BruceChen 20:44:02.479 [main] INFO  edu.bjut.boudia.myMain - meter_6183436068870031441:regMsg,reg_backagg,reg_cc
BruceChen 20:44:02.479 [main] INFO  edu.bjut.boudia.myMain - meter_6183436068870031441:0,6447300,0
BruceChen 20:44:02.479 [main] INFO  edu.bjut.boudia.myMain - meter_6817735049838133633:regMsg,reg_backagg,reg_cc
BruceChen 20:44:02.479 [main] INFO  edu.bjut.boudia.myMain - meter_6817735049838133633:100,6389600,0
BruceChen 20:44:02.479 [main] INFO  edu.bjut.boudia.myMain - meter_3804420258115042307:regMsg,reg_backagg,reg_cc
BruceChen 20:44:02.479 [main] INFO  edu.bjut.boudia.myMain - meter_3804420258115042307:0,6390700,0
BruceChen 20:44:02.479 [main] INFO  edu.bjut.boudia.myMain - meter_476556109184424419:regMsg,reg_backagg,reg_cc
BruceChen 20:44:02.479 [main] INFO  edu.bjut.boudia.myMain - meter_476556109184424419:0,6394900,0
BruceChen 20:44:02.479 [main] INFO  edu.bjut.boudia.myMain - meter_1434374150429525489:regMsg,reg_backagg,reg_cc
BruceChen 20:44:02.479 [main] INFO  edu.bjut.boudia.myMain - meter_1434374150429525489:100,6379300,100
BruceChen 20:44:02.479 [main] INFO  edu.bjut.boudia.myMain - meter_2375600990686489651:regMsg,reg_backagg,reg_cc
BruceChen 20:44:02.479 [main] INFO  edu.bjut.boudia.myMain - meter_2375600990686489651:0,6495100,0
BruceChen 20:44:02.479 [main] INFO  edu.bjut.boudia.myMain - meter_4443810489493890647:regMsg,reg_backagg,reg_cc
BruceChen 20:44:02.479 [main] INFO  edu.bjut.boudia.myMain - meter_4443810489493890647:0,6418100,0
BruceChen 20:44:02.479 [main] INFO  edu.bjut.boudia.myMain - meter_5948344330516954649:regMsg,reg_backagg,reg_cc
BruceChen 20:44:02.479 [main] INFO  edu.bjut.boudia.myMain - meter_5948344330516954649:0,6427600,0
BruceChen 20:44:02.479 [main] INFO  edu.bjut.boudia.myMain - meter_8391907531451547643:regMsg,reg_backagg,reg_cc
BruceChen 20:44:02.479 [main] INFO  edu.bjut.boudia.myMain - meter_8391907531451547643:0,6506800,100
BruceChen 20:44:02.479 [main] INFO  edu.bjut.boudia.myMain - meter_404913190601768401:regMsg,reg_backagg,reg_cc
BruceChen 20:44:02.479 [main] INFO  edu.bjut.boudia.myMain - meter_404913190601768401:0,6504600,0
BruceChen 20:44:02.479 [main] INFO  edu.bjut.boudia.myMain - meter_2468043099523243689:regMsg,reg_backagg,reg_cc
BruceChen 20:44:02.479 [main] INFO  edu.bjut.boudia.myMain - meter_2468043099523243689:100,6393800,0
BruceChen 20:44:02.745 [main] INFO  edu.bjut.boudia.myMain - oneTimeMeterRepTime
BruceChen 20:44:03.456 [main] INFO  edu.bjut.boudia.myMain - server:repMsg
BruceChen 20:44:03.456 [main] INFO  edu.bjut.boudia.myMain - server:33870900
BruceChen 20:44:03.456 [main] INFO  edu.bjut.boudia.myMain - agg:repMsg
BruceChen 20:44:03.456 [main] INFO  edu.bjut.boudia.myMain - agg:148262900
BruceChen 20:44:03.456 [main] INFO  edu.bjut.boudia.myMain - meter_3297190790627295607:repMsg
BruceChen 20:44:03.456 [main] INFO  edu.bjut.boudia.myMain - meter_3297190790627295607:26206000
BruceChen 20:44:03.456 [main] INFO  edu.bjut.boudia.myMain - meter_1037521867504558865:repMsg
BruceChen 20:44:03.456 [main] INFO  edu.bjut.boudia.myMain - meter_1037521867504558865:25794000
BruceChen 20:44:03.456 [main] INFO  edu.bjut.boudia.myMain - meter_1912092544500370865:repMsg
BruceChen 20:44:03.456 [main] INFO  edu.bjut.boudia.myMain - meter_1912092544500370865:25884600
BruceChen 20:44:03.456 [main] INFO  edu.bjut.boudia.myMain - meter_3107752820625978893:repMsg
BruceChen 20:44:03.456 [main] INFO  edu.bjut.boudia.myMain - meter_3107752820625978893:25831900
BruceChen 20:44:03.456 [main] INFO  edu.bjut.boudia.myMain - meter_7678634769778706669:repMsg
BruceChen 20:44:03.456 [main] INFO  edu.bjut.boudia.myMain - meter_7678634769778706669:26466400
BruceChen 20:44:03.456 [main] INFO  edu.bjut.boudia.myMain - meter_7526081188993837657:repMsg
BruceChen 20:44:03.456 [main] INFO  edu.bjut.boudia.myMain - meter_7526081188993837657:26491700
BruceChen 20:44:03.456 [main] INFO  edu.bjut.boudia.myMain - meter_3319545182387761785:repMsg
BruceChen 20:44:03.456 [main] INFO  edu.bjut.boudia.myMain - meter_3319545182387761785:26670500
BruceChen 20:44:03.456 [main] INFO  edu.bjut.boudia.myMain - meter_8890664815966082399:repMsg
BruceChen 20:44:03.456 [main] INFO  edu.bjut.boudia.myMain - meter_8890664815966082399:27584300
BruceChen 20:44:03.456 [main] INFO  edu.bjut.boudia.myMain - meter_8733976352941710687:repMsg
BruceChen 20:44:03.456 [main] INFO  edu.bjut.boudia.myMain - meter_8733976352941710687:26346700
BruceChen 20:44:03.456 [main] INFO  edu.bjut.boudia.myMain - meter_6183436068870031441:repMsg
BruceChen 20:44:03.456 [main] INFO  edu.bjut.boudia.myMain - meter_6183436068870031441:26457200
BruceChen 20:44:03.456 [main] INFO  edu.bjut.boudia.myMain - meter_6817735049838133633:repMsg
BruceChen 20:44:03.456 [main] INFO  edu.bjut.boudia.myMain - meter_6817735049838133633:26380700
BruceChen 20:44:03.456 [main] INFO  edu.bjut.boudia.myMain - meter_3804420258115042307:repMsg
BruceChen 20:44:03.456 [main] INFO  edu.bjut.boudia.myMain - meter_3804420258115042307:26629600
BruceChen 20:44:03.456 [main] INFO  edu.bjut.boudia.myMain - meter_476556109184424419:repMsg
BruceChen 20:44:03.456 [main] INFO  edu.bjut.boudia.myMain - meter_476556109184424419:26316300
BruceChen 20:44:03.456 [main] INFO  edu.bjut.boudia.myMain - meter_1434374150429525489:repMsg
BruceChen 20:44:03.456 [main] INFO  edu.bjut.boudia.myMain - meter_1434374150429525489:26684900
BruceChen 20:44:03.456 [main] INFO  edu.bjut.boudia.myMain - meter_2375600990686489651:repMsg
BruceChen 20:44:03.456 [main] INFO  edu.bjut.boudia.myMain - meter_2375600990686489651:26633900
BruceChen 20:44:03.456 [main] INFO  edu.bjut.boudia.myMain - meter_4443810489493890647:repMsg
BruceChen 20:44:03.456 [main] INFO  edu.bjut.boudia.myMain - meter_4443810489493890647:26393900
BruceChen 20:44:03.456 [main] INFO  edu.bjut.boudia.myMain - meter_5948344330516954649:repMsg
BruceChen 20:44:03.456 [main] INFO  edu.bjut.boudia.myMain - meter_5948344330516954649:26632300
BruceChen 20:44:03.456 [main] INFO  edu.bjut.boudia.myMain - meter_8391907531451547643:repMsg
BruceChen 20:44:03.456 [main] INFO  edu.bjut.boudia.myMain - meter_8391907531451547643:26229400
BruceChen 20:44:03.456 [main] INFO  edu.bjut.boudia.myMain - meter_404913190601768401:repMsg
BruceChen 20:44:03.456 [main] INFO  edu.bjut.boudia.myMain - meter_404913190601768401:26398500
BruceChen 20:44:03.456 [main] INFO  edu.bjut.boudia.myMain - meter_2468043099523243689:repMsg
BruceChen 20:44:03.456 [main] INFO  edu.bjut.boudia.myMain - meter_2468043099523243689:26517000
